 1 0.426972 0.426972 0
 2 0.403235 0.415104 0.0118687
 3 0.414606 0.414938 0.00685439
 4 0.437752 0.420641 0.00748478
 5 0.443374 0.425188 0.00736782
 6 0.403845 0.421631 0.00698876
 7 0.431888 0.423096 0.00608562
 8 0.425021 0.423337 0.00527579
 9 0.381341 0.418671 0.00658954
 10 0.412238 0.418027 0.00592886
 11 0.421453 0.418339 0.00537189
 12 0.419934 0.418472 0.00490565
 13 0.444376 0.420464 0.00493292
 14 0.437471 0.421679 0.00472579
 15 0.423372 0.421792 0.00440091
 16 0.447232 0.423382 0.00441306
 17 0.41039 0.422618 0.00421521
 18 0.438646 0.423508 0.00407268
 19 0.382557 0.421353 0.00441431
 20 0.441086 0.42234 0.00430244
 21 0.406676 0.421594 0.00415985
 22 0.405733 0.420873 0.00403126
 23 0.449405 0.422113 0.00404683
 24 0.412777 0.421724 0.00389402
 25 0.450467 0.422874 0.00390797
 26 0.402831 0.422103 0.00383297
 27 0.466338 0.423741 0.00403577
 28 0.408622 0.423201 0.00392627
 29 0.424702 0.423253 0.00378882
 30 0.396286 0.422354 0.00376911
 1 0.473372 0.473372 0
 2 0.435042 0.454207 0.019165
 3 0.427636 0.44535 0.0141731
 4 0.410606 0.436664 0.0132622
 5 0.419372 0.433206 0.0108394
 6 0.445727 0.435293 0.00909306
 7 0.416706 0.432637 0.0081308
 8 0.424356 0.431602 0.00711717
 9 0.399683 0.428056 0.00720941
 10 0.459618 0.431212 0.00717928
 11 0.445159 0.43248 0.00661652
 12 0.4211 0.431531 0.00611402
 13 0.434751 0.431779 0.00562953
 14 0.360365 0.426678 0.00729276
 15 0.405816 0.425287 0.00693019
 16 0.381164 0.42253 0.00704479
 17 0.422283 0.422515 0.00661744
 18 0.391087 0.420769 0.0064787
 19 0.423778 0.420927 0.00613028
 20 0.382032 0.418983 0.00613225
 21 0.405809 0.418355 0.00586657
 22 0.409504 0.417953 0.005608
 23 0.450242 0.419357 0.00553948
 24 0.41428 0.419145 0.00530787
 25 0.41351 0.41892 0.00509611
 26 0.436398 0.419592 0.00494212
 27 0.423117 0.419723 0.00475735
 28 0.399954 0.419017 0.00463835
 29 0.411336 0.418752 0.00448338
 30 0.419417 0.418774 0.00433141
