 1 0 0 0
 2 0 0 0
 3 0 0 0
 4 4.93432e-15 1.23358e-15 1.23358e-15
 5 4.93432e-15 1.97373e-15 1.20866e-15
 6 0 1.64477e-15 1.04025e-15
 7 0 1.40981e-15 9.10027e-16
 8 4.93432e-15 1.85037e-15 9.02889e-16
 9 0 1.64477e-15 8.22387e-16
 10 4.93432e-15 1.97373e-15 8.05772e-16
 11 -2.46716e-15 1.57001e-15 8.33191e-16
 12 -2.46716e-15 1.23358e-15 8.3168e-16
 13 -2.46716e-15 9.48909e-16 8.16282e-16
 14 -2.46716e-15 7.04904e-16 7.94145e-16
 15 -2.46716e-15 4.93432e-16 7.68959e-16
 16 0 4.62593e-16 7.19956e-16
 17 -2.46716e-15 2.90254e-16 6.97894e-16
 18 -2.46716e-15 1.37065e-16 6.75578e-16
 19 -2.46716e-15 -1.24557e-31 6.53567e-16
 20 0 -1.18329e-31 6.20028e-16
 21 0 -1.12694e-31 5.89765e-16
 22 0 -1.07572e-31 5.62318e-16
 23 -2.46716e-15 -1.07268e-16 5.47917e-16
 24 0 -1.02798e-16 5.24609e-16
 25 0 -9.86865e-17 5.03204e-16
 26 -2.46716e-15 -1.89782e-16 4.9197e-16
 27 -2.46716e-15 -2.74129e-16 4.80854e-16
 28 0 -2.64339e-16 4.63466e-16
 29 -2.46716e-15 -3.40298e-16 4.53604e-16
 30 -2.46716e-15 -4.11194e-16 4.43921e-16
 31 4.93432e-15 -2.38758e-16 4.62695e-16
 32 4.93432e-15 -7.70988e-17 4.76277e-16
 33 -2.46716e-15 -1.49525e-16 4.67266e-16
 34 -2.46716e-15 -2.17691e-16 4.58411e-16
 35 -2.46716e-15 -2.81961e-16 4.49737e-16
 36 -2.46716e-15 -3.42661e-16 4.4126e-16
 37 0 -3.334e-16 4.29269e-16
 38 -2.46716e-15 -3.89552e-16 4.21576e-16
 39 -2.46716e-15 -4.42824e-16 4.14065e-16
 40 -2.46716e-15 -4.93432e-16 4.06741e-16
 41 0 -4.81398e-16 3.96879e-16
 42 0 -4.69936e-16 3.87484e-16
 43 -2.46716e-15 -5.16383e-16 3.81206e-16
 44 -2.46716e-15 -5.60719e-16 3.75071e-16
 45 -1.23358e-15 -5.75671e-16 3.66946e-16
 46 -2.46716e-15 -6.16791e-16 3.61228e-16
 47 -2.46716e-15 -6.5616e-16 3.55645e-16
 48 -2.46716e-15 -6.93889e-16 3.50195e-16
 49 0 -6.79728e-16 3.43266e-16
 50 0 -6.66134e-16 3.36605e-16
 51 -2.46716e-15 -7.01448e-16 3.31824e-16
 52 0 -6.87959e-16 3.25659e-16
 53 0 -6.74978e-16 3.19719e-16
 54 0 -6.62479e-16 3.13992e-16
 55 0 -6.50434e-16 3.08465e-16
 56 0 -6.38819e-16 3.03129e-16
 57 0 -6.27611e-16 2.97975e-16
 58 0 -6.16791e-16 2.92992e-16
 59 0 -6.06336e-16 2.88173e-16
 60 -2.46716e-15 -6.3735e-16 2.85022e-16
 61 0 -6.26902e-16 2.80505e-16
 62 -2.46716e-15 -6.56584e-16 2.77535e-16
 63 -2.46716e-15 -6.85323e-16 2.74602e-16
 64 -2.46716e-15 -7.13164e-16 2.71708e-16
 65 0 -7.02192e-16 2.6772e-16
 66 -2.46716e-15 -7.28934e-16 2.64985e-16
 67 -2.46716e-15 -7.54878e-16 2.62287e-16
 68 -2.46716e-15 -7.80059e-16 2.59625e-16
 69 0 -7.68753e-16 2.56084e-16
 70 0 -7.57771e-16 2.52638e-16
 71 0 -7.47098e-16 2.49283e-16
 72 0 -7.36722e-16 2.46015e-16
 73 -2.46716e-15 -7.60427e-16 2.43777e-16
 74 0 -7.50151e-16 2.40679e-16
 75 0 -7.40149e-16 2.37659e-16
 76 0 -7.3041e-16 2.34713e-16
 77 -2.46716e-15 -7.52965e-16 2.32741e-16
 78 0 -7.43312e-16 2.2994e-16
 79 0 -7.33903e-16 2.27206e-16
 80 -2.46716e-15 -7.55568e-16 2.25392e-16
 81 -2.46716e-15 -7.76699e-16 2.23592e-16
 82 0 -7.67227e-16 2.21052e-16
 83 0 -7.57984e-16 2.18568e-16
 84 0 -7.4896e-16 2.16139e-16
 85 0 -7.40149e-16 2.13762e-16
 86 0 -7.31542e-16 2.11437e-16
 87 -2.46716e-15 -7.51492e-16 2.09943e-16
 88 4.93432e-15 -6.8688e-16 2.17368e-16
 89 0 -6.79163e-16 2.1505e-16
 90 4.93432e-15 -6.16791e-16 2.21606e-16
 91 0 -6.10013e-16 2.19262e-16
 92 4.93432e-15 -5.49748e-16 2.25083e-16
 93 -2.46716e-15 -5.70365e-16 2.23603e-16
 94 0 -5.64298e-16 2.21294e-16
 95 -2.46716e-15 -5.84328e-16 2.19867e-16
 96 0 -5.78241e-16 2.1765e-16
 97 4.93432e-15 -5.21411e-16 2.22765e-16
 98 0 -5.1609e-16 2.20545e-16
 99 0 -5.10877e-16 2.18368e-16
 100 0 -5.05768e-16 2.16233e-16
 101 -2.46716e-15 -5.25188e-16 2.14961e-16
 102 0 -5.20039e-16 2.12905e-16
 103 -2.46716e-15 -5.38943e-16 2.11674e-16
 104 0 -5.33761e-16 2.09693e-16
 105 -2.46716e-15 -5.52174e-16 2.08501e-16
 106 0 -5.46965e-16 2.0659e-16
 107 0 -5.41853e-16 2.04714e-16
 108 -2.46716e-15 -5.5968e-16 2.03591e-16
 109 0 -5.54546e-16 2.0178e-16
 110 -2.46716e-15 -5.71933e-16 2.00692e-16
 111 0 -5.66781e-16 1.98943e-16
 112 0 -5.6172e-16 1.97223e-16
 113 -2.46716e-15 -5.78582e-16 1.96196e-16
 114 0 -5.73507e-16 1.94534e-16
 115 0 -5.6852e-16 1.92899e-16
 116 -2.46716e-15 -5.84888e-16 1.91928e-16
 117 -2.46716e-15 -6.00975e-16 1.9096e-16
 118 0 -5.95882e-16 1.89403e-16
 119 -2.46716e-15 -6.11607e-16 1.88462e-16
 120 0 -6.06511e-16 1.86954e-16
 121 -1.23358e-15 -6.11693e-16 1.85475e-16
 122 6.16791e-16 -6.01624e-16 1.84224e-16
 123 0 -5.96732e-16 1.82785e-16
 124 0 -5.9192e-16 1.81369e-16
 125 -2.46716e-15 -6.06922e-16 1.80537e-16
 126 -2.46716e-15 -6.21686e-16 1.79706e-16
 127 -2.46716e-15 -6.36217e-16 1.78876e-16
 128 -2.46716e-15 -6.50521e-16 1.78049e-16
 129 -1.23358e-15 -6.55041e-16 1.76721e-16
 130 -2.46716e-15 -6.68981e-16 1.7591e-16
 131 0 -6.63874e-16 1.74636e-16
 132 0 -6.58844e-16 1.73381e-16
 133 -2.46716e-15 -6.72441e-16 1.72609e-16
 134 -1.23358e-15 -6.76628e-16 1.71367e-16
 135 0 -6.71616e-16 1.70167e-16
 136 0 -6.66678e-16 1.68983e-16
 137 -1.23358e-15 -6.70816e-16 1.67796e-16
 138 0 -6.65955e-16 1.66647e-16
 139 -1.23358e-15 -6.70039e-16 1.65494e-16
 140 0 -6.65253e-16 1.64377e-16
 141 -2.46716e-15 -6.78032e-16 1.63707e-16
 142 0 -6.73257e-16 1.6262e-16
 143 -2.46716e-15 -6.85802e-16 1.61965e-16
 144 -1.23358e-15 -6.89606e-16 1.60882e-16
 145 0 -6.8485e-16 1.59839e-16
 146 -1.23358e-15 -6.88609e-16 1.58785e-16
 147 -1.23358e-15 -6.92316e-16 1.57745e-16
 148 -1.23358e-15 -6.95973e-16 1.56718e-16
 149 0 -6.91302e-16 1.55733e-16
 150 0 -6.86694e-16 1.5476e-16
 151 0 -6.82146e-16 1.53798e-16
 152 -3.08395e-16 -6.79687e-16 1.52803e-16
 153 0 -6.75245e-16 1.51866e-16
 154 6.16791e-16 -6.66855e-16 1.5111e-16
 155 -2.46716e-15 -6.7847e-16 1.5058e-16
 156 0 -6.7412e-16 1.49675e-16
 157 0 -6.69827e-16 1.48781e-16
 158 0 -6.65587e-16 1.47897e-16
 159 0 -6.61401e-16 1.47023e-16
 160 -2.46716e-15 -6.72687e-16 1.46537e-16
 161 -2.46716e-15 -6.83833e-16 1.4605e-16
 162 -1.23358e-15 -6.87227e-16 1.45185e-16
 163 -1.23358e-15 -6.90578e-16 1.44331e-16
 164 0 -6.86368e-16 1.4351e-16
 165 -2.46716e-15 -6.9716e-16 1.43045e-16
 166 -2.46716e-15 -7.07823e-16 1.4258e-16
 167 -2.46716e-15 -7.18358e-16 1.42114e-16
 168 0 -7.14082e-16 1.41331e-16
 169 4.93432e-15 -6.80659e-16 1.44413e-16
 170 -2.46716e-15 -6.91168e-16 1.43945e-16
 171 0 -6.87126e-16 1.43158e-16
 172 -2.46716e-15 -6.97475e-16 1.42699e-16
 173 0 -6.93444e-16 1.41929e-16
 174 0 -6.89458e-16 1.41167e-16
 175 0 -6.85519e-16 1.40413e-16
 176 0 -6.81624e-16 1.39668e-16
 177 0 -6.77773e-16 1.3893e-16
 178 0 -6.73965e-16 1.38199e-16
 179 0 -6.702e-16 1.37477e-16
 180 0 -6.66476e-16 1.36761e-16
 181 0 -6.62794e-16 1.36054e-16
 182 0 -6.59153e-16 1.35353e-16
 183 -2.46716e-15 -6.69032e-16 1.34973e-16
 184 -2.46716e-15 -6.78805e-16 1.34593e-16
 185 -2.46716e-15 -6.88472e-16 1.34212e-16
 186 -2.46716e-15 -6.98034e-16 1.33831e-16
 187 0 -6.94302e-16 1.33165e-16
 188 4.93432e-15 -6.64362e-16 1.35797e-16
 189 0 -6.60847e-16 1.35122e-16
 190 4.93432e-15 -6.31399e-16 1.37597e-16
 191 0 -6.28093e-16 1.36915e-16
 192 0 -6.24822e-16 1.36239e-16
 193 0 -6.21584e-16 1.3557e-16
 194 -1.23358e-15 -6.24739e-16 1.34906e-16
 195 -1.23358e-15 -6.27861e-16 1.34249e-16
 196 0 -6.24658e-16 1.33601e-16
 197 0 -6.21487e-16 1.32959e-16
 198 0 -6.18348e-16 1.32323e-16
 199 0 -6.15241e-16 1.31693e-16
 200 0 -6.12165e-16 1.31069e-16
 201 -2.46716e-15 -6.21393e-16 1.30741e-16
 202 0 -6.18317e-16 1.30129e-16
 203 0 -6.15271e-16 1.29522e-16
 204 -2.46716e-15 -6.24349e-16 1.29205e-16
 205 0 -6.21304e-16 1.28609e-16
 206 4.93432e-15 -5.94335e-16 1.30794e-16
 207 0 -5.91463e-16 1.30192e-16
 208 0 -5.8862e-16 1.29596e-16
 209 0 -5.85803e-16 1.29005e-16
 210 -2.46716e-15 -5.94762e-16 1.28701e-16
 211 0 -5.91944e-16 1.28121e-16
 212 -2.46716e-15 -6.00789e-16 1.27822e-16
 213 4.93432e-15 -5.74802e-16 1.29847e-16
 214 -2.46716e-15 -5.83645e-16 1.29541e-16
 215 -2.46716e-15 -5.92406e-16 1.29234e-16
 216 -2.46716e-15 -6.01085e-16 1.28927e-16
 217 0 -5.98315e-16 1.28362e-16
 218 0 -5.95571e-16 1.27801e-16
 219 4.93432e-15 -5.7032e-16 1.29698e-16
 220 0 -5.67728e-16 1.29133e-16
 221 4.93432e-15 -5.42832e-16 1.30936e-16
 222 0 -5.40386e-16 1.30368e-16
 223 4.93432e-15 -5.15836e-16 1.32083e-16
 224 -2.46716e-15 -5.24547e-16 1.31781e-16
 225 0 -5.22216e-16 1.31214e-16
 226 0 -5.19905e-16 1.30653e-16
 227 -2.46716e-15 -5.28484e-16 1.30359e-16
 228 0 -5.26166e-16 1.29806e-16
 229 -2.46716e-15 -5.34642e-16 1.29516e-16
 230 0 -5.32317e-16 1.28972e-16
 231 0 -5.30013e-16 1.28434e-16
 232 -2.46716e-15 -5.38362e-16 1.28151e-16
 233 0 -5.36052e-16 1.27621e-16
 234 0 -5.33761e-16 1.27095e-16
 235 0 -5.3149e-16 1.26573e-16
 236 0 -5.29238e-16 1.26056e-16
 237 0 -5.27005e-16 1.25543e-16
 238 0 -5.2479e-16 1.25034e-16
 239 -2.46716e-15 -5.32917e-16 1.24775e-16
 240 0 -5.30697e-16 1.24273e-16
 241 -2.46716e-15 -5.38732e-16 1.24017e-16
 242 -2.46716e-15 -5.46701e-16 1.23761e-16
 243 4.93432e-15 -5.24145e-16 1.25297e-16
 244 -1.23358e-15 -5.27053e-16 1.24816e-16
 245 -1.23358e-15 -5.29936e-16 1.24339e-16
 246 -2.46716e-15 -5.37811e-16 1.24083e-16
 247 4.93432e-15 -5.15657e-16 1.2555e-16
 248 4.93432e-15 -4.93681e-16 1.26959e-16
 249 4.93432e-15 -4.71882e-16 1.28313e-16
 250 0 -4.69994e-16 1.27813e-16
 251 0 -4.68122e-16 1.27316e-16
 252 0 -4.66264e-16 1.26824e-16
 253 0 -4.64421e-16 1.26335e-16
 254 -2.46716e-15 -4.72306e-16 1.26083e-16
 255 0 -4.70454e-16 1.25602e-16
 256 -2.46716e-15 -4.78254e-16 1.25353e-16
 257 0 -4.76393e-16 1.24878e-16
 258 0 -4.74546e-16 1.24407e-16
 259 0 -4.72714e-16 1.23939e-16
 260 0 -4.70896e-16 1.23475e-16
 261 -1.23358e-15 -4.73818e-16 1.23036e-16
 262 0 -4.7201e-16 1.22578e-16
 263 -2.46716e-15 -4.79596e-16 1.22347e-16
 264 0 -4.77779e-16 1.21896e-16
 265 -2.46716e-15 -4.85286e-16 1.21667e-16
 266 -2.46716e-15 -4.92737e-16 1.21438e-16
 267 0 -4.90891e-16 1.20996e-16
 268 -2.46716e-15 -4.98266e-16 1.20769e-16
 269 -2.46716e-15 -5.05585e-16 1.20542e-16
 270 0 -5.03712e-16 1.20109e-16
 271 0 -5.01854e-16 1.19679e-16
 272 0 -5.00009e-16 1.19253e-16
 273 0 -4.98177e-16 1.18829e-16
 274 -2.46716e-15 -5.05363e-16 1.18613e-16
 275 -2.46716e-15 -5.12497e-16 1.18396e-16
 276 0 -5.1064e-16 1.17981e-16
 277 0 -5.08797e-16 1.17568e-16
 278 -2.46716e-15 -5.15841e-16 1.17356e-16
 279 0 -5.13992e-16 1.1695e-16
 280 0 -5.12156e-16 1.16546e-16
 281 0 -5.10334e-16 1.16144e-16
 282 0 -5.08524e-16 1.15746e-16
 283 -1.23358e-15 -5.11086e-16 1.15365e-16
 284 0 -5.09287e-16 1.14972e-16
 285 -2.46716e-15 -5.16156e-16 1.14773e-16
 286 -2.46716e-15 -5.22978e-16 1.14575e-16
 287 0 -5.21156e-16 1.14189e-16
 288 -2.46716e-15 -5.27913e-16 1.13993e-16
 289 -2.46716e-15 -5.34623e-16 1.13796e-16
 290 -2.46716e-15 -5.41287e-16 1.13598e-16
 291 -2.46716e-15 -5.47905e-16 1.134e-16
 292 -2.46716e-15 -5.54478e-16 1.13202e-16
 293 0 -5.52585e-16 1.12831e-16
 294 0 -5.50706e-16 1.12462e-16
 295 -2.46716e-15 -5.57202e-16 1.12269e-16
 296 0 -5.5532e-16 1.11905e-16
 297 -1.23358e-15 -5.57604e-16 1.1155e-16
 298 -2.46716e-15 -5.64012e-16 1.1136e-16
 299 0 -5.62125e-16 1.11003e-16
 300 0 -5.60251e-16 1.10648e-16
 301 0 -5.5839e-16 1.10296e-16
 302 0 -5.56541e-16 1.09945e-16
 303 0 -5.54704e-16 1.09597e-16
 304 0 -5.5288e-16 1.09252e-16
 305 -2.46716e-15 -5.59156e-16 1.09073e-16
 306 -1.23358e-15 -5.6136e-16 1.08739e-16
 307 -2.46716e-15 -5.67568e-16 1.08562e-16
 308 0 -5.65725e-16 1.08224e-16
 309 -1.23358e-15 -5.67886e-16 1.07895e-16
 310 -2.46716e-15 -5.74013e-16 1.07721e-16
 311 0 -5.72167e-16 1.0739e-16
 312 0 -5.70334e-16 1.07061e-16
 313 0 -5.68511e-16 1.06734e-16
 314 0 -5.66701e-16 1.06409e-16
 315 -2.46716e-15 -5.72734e-16 1.06242e-16
 316 0 -5.70922e-16 1.05921e-16
 317 0 -5.69121e-16 1.05601e-16
 318 -1.23358e-15 -5.7121e-16 1.05289e-16
 319 0 -5.6942e-16 1.04974e-16
 320 -2.46716e-15 -5.7535e-16 1.04813e-16
 321 -2.46716e-15 -5.81243e-16 1.04652e-16
 322 0 -5.79438e-16 1.04343e-16
 323 -2.46716e-15 -5.85283e-16 1.04183e-16
 324 -2.46716e-15 -5.91091e-16 1.04023e-16
 325 4.93432e-15 -5.7409e-16 1.05087e-16
 326 -2.46716e-15 -5.79897e-16 1.04925e-16
 327 0 -5.78123e-16 1.04619e-16
 328 0 -5.76361e-16 1.04314e-16
 329 -2.46716e-15 -5.82108e-16 1.04155e-16
 330 4.93432e-15 -5.65391e-16 1.05176e-16
 331 0 -5.63683e-16 1.04872e-16
 332 0 -5.61985e-16 1.04569e-16
 333 4.93432e-15 -5.4548e-16 1.05553e-16
 334 4.93432e-15 -5.29073e-16 1.06508e-16
 335 4.93432e-15 -5.12765e-16 1.07435e-16
 336 0 -5.11239e-16 1.07125e-16
 337 -2.46716e-15 -5.17043e-16 1.06964e-16
 338 -1.23358e-15 -5.19162e-16 1.06669e-16
 339 0 -5.17631e-16 1.06365e-16
 340 -2.46716e-15 -5.23365e-16 1.06206e-16
 341 -2.46716e-15 -5.29065e-16 1.06047e-16
 342 -2.46716e-15 -5.34732e-16 1.05889e-16
 343 0 -5.33173e-16 1.05591e-16
 344 0 -5.31623e-16 1.05295e-16
 345 0 -5.30082e-16 1.05001e-16
 346 0 -5.2855e-16 1.04708e-16
 347 0 -5.27027e-16 1.04417e-16
 348 4.93432e-15 -5.11334e-16 1.05293e-16
 349 0 -5.09868e-16 1.05001e-16
 350 0 -5.08412e-16 1.0471e-16
 351 0 -5.06963e-16 1.04422e-16
 352 0 -5.05523e-16 1.04135e-16
 353 -2.46716e-15 -5.1108e-16 1.03988e-16
 354 0 -5.09636e-16 1.03704e-16
 355 -1.23358e-15 -5.11676e-16 1.03431e-16
 356 -2.46716e-15 -5.17168e-16 1.03286e-16
 357 -2.46716e-15 -5.22631e-16 1.03141e-16
 358 0 -5.21171e-16 1.02863e-16
 359 -2.46716e-15 -5.26591e-16 1.02719e-16
 360 -1.23358e-15 -5.28555e-16 1.02453e-16
 361 0 -5.27091e-16 1.02179e-16
 362 -2.46716e-15 -5.3245e-16 1.02037e-16
 363 0 -5.30984e-16 1.01766e-16
 364 -2.46716e-15 -5.36303e-16 1.01625e-16
 365 -2.46716e-15 -5.41593e-16 1.01485e-16
 366 0 -5.40113e-16 1.01218e-16
 367 0 -5.38641e-16 1.00952e-16
 368 -2.46716e-15 -5.43882e-16 1.00814e-16
 369 0 -5.42408e-16 1.00551e-16
 370 0 -5.40942e-16 1.0029e-16
 371 0 -5.39484e-16 1.0003e-16
 372 4.93432e-15 -5.24769e-16 1.0084e-16
 373 0 -5.23363e-16 1.00579e-16
 374 -2.46716e-15 -5.2856e-16 1.00444e-16
 375 -2.46716e-15 -5.33729e-16 1.00309e-16
 376 0 -5.3231e-16 1.00052e-16
 377 0 -5.30898e-16 9.97964e-17
 378 -2.46716e-15 -5.3602e-16 9.96638e-17
 379 -2.46716e-15 -5.41116e-16 9.9531e-17
 380 -2.46716e-15 -5.46184e-16 9.9398e-17
 381 -2.46716e-15 -5.51226e-16 9.92649e-17
 382 0 -5.49783e-16 9.90153e-17
 383 -2.46716e-15 -5.54789e-16 9.88832e-17
 384 -2.46716e-15 -5.5977e-16 9.8751e-17
 385 0 -5.58316e-16 9.85049e-17
 386 0 -5.56869e-16 9.826e-17
 387 0 -5.5543e-16 9.80164e-17
 388 0 -5.53999e-16 9.77739e-17
 389 0 -5.52575e-16 9.75326e-17
 390 -2.46716e-15 -5.57484e-16 9.7406e-17
 391 0 -5.56058e-16 9.7167e-17
 392 -2.46716e-15 -5.60933e-16 9.70414e-17
 393 4.93432e-15 -5.4695e-16 9.77989e-17
 394 4.93432e-15 -5.33039e-16 9.85374e-17
 395 0 -5.31689e-16 9.82969e-17
 396 0 -5.30346e-16 9.80575e-17
 397 0 -5.29011e-16 9.78193e-17
 398 0 -5.27681e-16 9.75823e-17
 399 0 -5.26359e-16 9.73464e-17
 400 -2.46716e-15 -5.31211e-16 9.72239e-17
 401 -2.46716e-15 -5.36039e-16 9.71012e-17
 402 0 -5.34705e-16 9.68685e-17
 403 4.93432e-15 -5.21134e-16 9.75762e-17
 404 4.93432e-15 -5.07631e-16 9.82666e-17
 405 0 -5.06377e-16 9.80317e-17
 406 0 -5.0513e-16 9.77979e-17
 407 0 -5.03889e-16 9.75652e-17
 408 0 -5.02654e-16 9.73336e-17
 409 4.93432e-15 -4.89361e-16 9.80011e-17
 410 0 -4.88167e-16 9.77691e-17
 411 0 -4.86979e-16 9.75381e-17
 412 0 -4.85797e-16 9.73083e-17
 413 0 -4.84621e-16 9.70795e-17
 414 0 -4.83451e-16 9.68518e-17
 415 -2.46716e-15 -4.88231e-16 9.67363e-17
 416 0 -4.87057e-16 9.65106e-17
 417 4.93432e-15 -4.74056e-16 9.71527e-17
 418 -2.46716e-15 -4.78824e-16 9.70373e-17
 419 0 -4.77681e-16 9.68121e-17
 420 -2.46716e-15 -4.82418e-16 9.66974e-17
 421 0 -4.81272e-16 9.64743e-17
 422 0 -4.80132e-16 9.62522e-17
 423 0 -4.78997e-16 9.60311e-17
 424 -2.46716e-15 -4.83686e-16 9.5919e-17
 425 -2.46716e-15 -4.88353e-16 9.58068e-17
 426 0 -4.87207e-16 9.55885e-17
 427 0 -4.86066e-16 9.53712e-17
 428 0 -4.8493e-16 9.51549e-17
 429 -2.46716e-15 -4.89551e-16 9.50452e-17
 430 0 -4.88412e-16 9.48307e-17
 431 0 -4.87279e-16 9.46172e-17
 432 -2.46716e-15 -4.91862e-16 9.45091e-17
 433 -2.46716e-15 -4.96424e-16 9.44009e-17
 434 0 -4.9528e-16 9.41901e-17
 435 0 -4.94141e-16 9.39802e-17
 436 -1.23358e-15 -4.95837e-16 9.37797e-17
 437 0 -4.94703e-16 9.35718e-17
 438 0 -4.93573e-16 9.33647e-17
 439 -2.46716e-15 -4.98069e-16 9.32602e-17
 440 -2.46716e-15 -5.02544e-16 9.31556e-17
 441 0 -5.01405e-16 9.29511e-17
 442 -1.23358e-15 -5.03061e-16 9.27554e-17
 443 0 -5.01926e-16 9.25527e-17
 444 4.93432e-15 -4.89682e-16 9.31522e-17
 445 0 -4.88581e-16 9.29491e-17
 446 -2.46716e-15 -4.93018e-16 9.28465e-17
 447 0 -4.91915e-16 9.26452e-17
 448 -2.46716e-15 -4.96324e-16 9.25432e-17
 449 -2.46716e-15 -5.00713e-16 9.24412e-17
 450 -2.46716e-15 -5.05083e-16 9.2339e-17
 451 -2.46716e-15 -5.09433e-16 9.22366e-17
 452 -2.46716e-15 -5.13765e-16 9.21342e-17
 453 6.16791e-16 -5.11269e-16 9.19645e-17
 454 0 -5.10143e-16 9.17686e-17
 455 0 -5.09022e-16 9.15736e-17
 456 -2.46716e-15 -5.13316e-16 9.14734e-17
 457 -2.46716e-15 -5.17591e-16 9.13731e-17
 458 -1.23358e-15 -5.19155e-16 9.11867e-17
 459 0 -5.18023e-16 9.09949e-17
 460 -2.46716e-15 -5.22261e-16 9.08957e-17
 461 0 -5.21128e-16 9.07054e-17
 462 -1.23358e-15 -5.2267e-16 9.0522e-17
 463 -1.23358e-15 -5.24205e-16 9.03393e-17
 464 0 -5.23076e-16 9.01515e-17
 465 0 -5.21951e-16 8.99644e-17
 466 -2.46716e-15 -5.26125e-16 8.98681e-17
 467 -2.46716e-15 -5.30281e-16 8.97718e-17
 468 -2.46716e-15 -5.3442e-16 8.96753e-17
 469 -2.46716e-15 -5.38541e-16 8.95787e-17
 470 0 -5.37395e-16 8.93953e-17
 471 0 -5.36254e-16 8.92126e-17
 472 0 -5.35118e-16 8.90306e-17
 473 0 -5.33987e-16 8.88494e-17
 474 -1.23358e-15 -5.35463e-16 8.8674e-17
 475 -1.23358e-15 -5.36932e-16 8.84993e-17
 476 -2.46716e-15 -5.40988e-16 8.84063e-17
 477 0 -5.39853e-16 8.8228e-17
 478 -2.46716e-15 -5.43885e-16 8.81355e-17
 479 4.93432e-15 -5.32449e-16 8.86918e-17
 480 -2.46716e-15 -5.36479e-16 8.85986e-17
 481 0 -5.35364e-16 8.84212e-17
 482 0 -5.34253e-16 8.82446e-17
 483 0 -5.33147e-16 8.80686e-17
 484 0 -5.32046e-16 8.78934e-17
 485 -2.46716e-15 -5.36036e-16 8.78027e-17
 486 -2.46716e-15 -5.40009e-16 8.77119e-17
 487 -2.46716e-15 -5.43966e-16 8.7621e-17
 488 -2.46716e-15 -5.47907e-16 8.753e-17
 489 -1.23358e-15 -5.49309e-16 8.73621e-17
 490 -1.23358e-15 -5.50706e-16 8.71948e-17
 491 0 -5.49584e-16 8.70243e-17
 492 0 -5.48467e-16 8.68544e-17
 493 0 -5.47355e-16 8.66852e-17
 494 4.93432e-15 -5.36258e-16 8.72183e-17
 495 0 -5.35175e-16 8.70487e-17
 496 4.93432e-15 -5.24148e-16 8.75701e-17
 497 0 -5.23093e-16 8.74e-17
 498 0 -5.22043e-16 8.72307e-17
 499 0 -5.20996e-16 8.7062e-17
 500 -2.46716e-15 -5.24889e-16 8.69748e-17
 501 -2.46716e-15 -5.28766e-16 8.68876e-17
 502 0 -5.27712e-16 8.67207e-17
 503 0 -5.26663e-16 8.65545e-17
 504 0 -5.25618e-16 8.63889e-17
 505 0 -5.24577e-16 8.6224e-17
 506 -2.46716e-15 -5.28416e-16 8.6139e-17
 507 -2.46716e-15 -5.3224e-16 8.60539e-17
 508 -2.46716e-15 -5.36049e-16 8.59688e-17
 509 -2.46716e-15 -5.39843e-16 8.58836e-17
 510 0 -5.38785e-16 8.57215e-17
 511 0 -5.3773e-16 8.55601e-17
 512 0 -5.3668e-16 8.53993e-17
 513 -2.46716e-15 -5.40443e-16 8.53157e-17
 514 -2.46716e-15 -5.44192e-16 8.5232e-17
 515 0 -5.43135e-16 8.50729e-17
 516 0 -5.42082e-16 8.49144e-17
 517 -2.46716e-15 -5.45806e-16 8.48318e-17
 518 4.93432e-15 -5.35227e-16 8.53262e-17
 519 4.93432e-15 -5.24688e-16 8.58113e-17
 520 0 -5.23679e-16 8.5652e-17
 521 0 -5.22674e-16 8.54934e-17
 522 4.93432e-15 -5.1222e-16 8.59674e-17
 523 4.93432e-15 -5.01806e-16 8.64326e-17
 524 0 -5.00848e-16 8.62728e-17
 525 0 -4.99894e-16 8.61136e-17
 526 0 -4.98944e-16 8.5955e-17
 527 -2.46716e-15 -5.02678e-16 8.5873e-17
 528 0 -5.01726e-16 8.57155e-17
 529 0 -5.00778e-16 8.55585e-17
 530 -2.46716e-15 -5.04488e-16 8.54775e-17
 531 0 -5.03538e-16 8.53217e-17
 532 -2.46716e-15 -5.07229e-16 8.52411e-17
 533 0 -5.06277e-16 8.50863e-17
 534 0 -5.05329e-16 8.49321e-17
 535 -2.46716e-15 -5.08996e-16 8.48525e-17
 536 -2.46716e-15 -5.1265e-16 8.47728e-17
 537 0 -5.11695e-16 8.46202e-17
 538 4.93432e-15 -5.01572e-16 8.50672e-17
 539 0 -5.00642e-16 8.49143e-17
 540 4.93432e-15 -4.90577e-16 8.53524e-17
 541 0 -4.8967e-16 8.51993e-17
 542 0 -4.88767e-16 8.50468e-17
 543 4.93432e-15 -4.78779e-16 8.54755e-17
 544 -2.46716e-15 -4.82435e-16 8.53965e-17
 545 4.93432e-15 -4.72496e-16 8.58172e-17
 546 -2.46716e-15 -4.76149e-16 8.57377e-17
 547 -2.46716e-15 -4.79789e-16 8.56582e-17
 548 -1.23358e-15 -4.81164e-16 8.55128e-17
 549 -2.46716e-15 -4.84782e-16 8.54335e-17
 550 0 -4.839e-16 8.52826e-17
 551 0 -4.83022e-16 8.51322e-17
 552 -1.23358e-15 -4.84382e-16 8.49887e-17
 553 -2.46716e-15 -4.87967e-16 8.49106e-17
 554 0 -4.87086e-16 8.47618e-17
 555 0 -4.86209e-16 8.46135e-17
 556 -1.23358e-15 -4.87553e-16 8.44719e-17
 557 -2.46716e-15 -4.91107e-16 8.43949e-17
 558 0 -4.90227e-16 8.42482e-17
 559 -1.23358e-15 -4.91557e-16 8.41078e-17
 560 0 -4.90679e-16 8.39621e-17
 561 -1.23358e-15 -4.92003e-16 8.38227e-17
 562 0 -4.91128e-16 8.3678e-17
 563 -2.46716e-15 -4.94638e-16 8.3603e-17
 564 -2.46716e-15 -4.98135e-16 8.35279e-17
 565 -2.46716e-15 -5.0162e-16 8.34527e-17
 566 -2.46716e-15 -5.05093e-16 8.33775e-17
 567 0 -5.04202e-16 8.32351e-17
 568 -1.23358e-15 -5.05486e-16 8.30983e-17
 569 -2.46716e-15 -5.08934e-16 8.30238e-17
 570 0 -5.08041e-16 8.28828e-17
 571 -2.46716e-15 -5.11472e-16 8.28086e-17
 572 -2.46716e-15 -5.14891e-16 8.27344e-17
 573 -2.46716e-15 -5.18298e-16 8.26601e-17
 574 -2.46716e-15 -5.21693e-16 8.25858e-17
 575 -2.46716e-15 -5.25076e-16 8.25115e-17
 576 -2.46716e-15 -5.28448e-16 8.24371e-17
 577 0 -5.27532e-16 8.22992e-17
 578 0 -5.2662e-16 8.21617e-17
 579 -2.46716e-15 -5.29971e-16 8.20882e-17
 580 -1.23358e-15 -5.31184e-16 8.19555e-17
 581 -2.46716e-15 -5.34516e-16 8.18821e-17
 582 -2.46716e-15 -5.37837e-16 8.18087e-17
 583 -2.46716e-15 -5.41146e-16 8.17353e-17
 584 0 -5.4022e-16 8.16005e-17
 585 -2.46716e-15 -5.43514e-16 8.15275e-17
 586 0 -5.42586e-16 8.13935e-17
 587 -1.23358e-15 -5.43763e-16 8.12632e-17
 588 0 -5.42839e-16 8.11302e-17
 589 -1.23358e-15 -5.44011e-16 8.10008e-17
 590 -2.46716e-15 -5.47271e-16 8.09291e-17
 591 0 -5.46345e-16 8.07973e-17
 592 -2.46716e-15 -5.4959e-16 8.0726e-17
 593 0 -5.48663e-16 8.05951e-17
 594 0 -5.47739e-16 8.04646e-17
 595 0 -5.46819e-16 8.03345e-17
 596 -2.46716e-15 -5.50041e-16 8.02643e-17
 597 0 -5.49119e-16 8.0135e-17
 598 0 -5.48201e-16 8.00062e-17
 599 -2.46716e-15 -5.51405e-16 7.99367e-17
 600 -2.46716e-15 -5.54598e-16 7.98672e-17
 601 0 -5.53675e-16 7.97396e-17
 602 0 -5.52755e-16 7.96123e-17
 603 0 -5.51838e-16 7.94855e-17
 604 0 -5.50925e-16 7.9359e-17
 605 0 -5.50014e-16 7.9233e-17
 606 0 -5.49106e-16 7.91073e-17
 607 -2.46716e-15 -5.52266e-16 7.90401e-17
 608 -2.46716e-15 -5.55416e-16 7.89728e-17
 609 0 -5.54504e-16 7.88483e-17
 610 0 -5.53595e-16 7.87242e-17
 611 0 -5.52689e-16 7.86004e-17
 612 -2.46716e-15 -5.55817e-16 7.85342e-17
 613 -2.46716e-15 -5.58935e-16 7.8468e-17
 614 -2.46716e-15 -5.62043e-16 7.84017e-17
 615 -1.23358e-15 -5.63135e-16 7.82817e-17
 616 0 -5.62221e-16 7.81599e-17
 617 -2.46716e-15 -5.65308e-16 7.80942e-17
 618 0 -5.64393e-16 7.79731e-17
 619 0 -5.63482e-16 7.78523e-17
 620 -2.46716e-15 -5.66552e-16 7.77873e-17
 621 0 -5.6564e-16 7.76673e-17
 622 0 -5.6473e-16 7.75477e-17
 623 0 -5.63824e-16 7.74284e-17
 624 -2.46716e-15 -5.66874e-16 7.73644e-17
 625 0 -5.65967e-16 7.72458e-17
 626 -2.46716e-15 -5.69004e-16 7.71821e-17
 627 0 -5.68097e-16 7.70642e-17
 628 -2.46716e-15 -5.71121e-16 7.70008e-17
 629 0 -5.70213e-16 7.68837e-17
 630 -2.46716e-15 -5.73224e-16 7.68206e-17
 631 0 -5.72315e-16 7.67041e-17
 632 -2.46716e-15 -5.75313e-16 7.66413e-17
 633 -2.46716e-15 -5.78302e-16 7.65785e-17
 634 0 -5.7739e-16 7.6463e-17
 635 0 -5.76481e-16 7.63479e-17
 636 0 -5.75574e-16 7.62332e-17
 637 0 -5.74671e-16 7.61188e-17
 638 -1.23358e-15 -5.75703e-16 7.60064e-17
 639 -2.46716e-15 -5.78663e-16 7.59451e-17
 640 -1.23358e-15 -5.79687e-16 7.58332e-17
 641 -1.23358e-15 -5.80707e-16 7.57217e-17
 642 0 -5.79802e-16 7.56091e-17
 643 -2.46716e-15 -5.82738e-16 7.55484e-17
 644 0 -5.81833e-16 7.54365e-17
 645 0 -5.80931e-16 7.53248e-17
 646 0 -5.80031e-16 7.52135e-17
 647 0 -5.79135e-16 7.51025e-17
 648 0 -5.78241e-16 7.49918e-17
 649 4.93432e-15 -5.69747e-16 7.53564e-17
 650 0 -5.68871e-16 7.52455e-17
 651 4.93432e-15 -5.60417e-16 7.56039e-17
 652 0 -5.59558e-16 7.54928e-17
 653 -2.46716e-15 -5.62479e-16 7.54337e-17
 654 0 -5.61619e-16 7.53231e-17
 655 -2.46716e-15 -5.64528e-16 7.52643e-17
 656 -2.46716e-15 -5.67429e-16 7.52054e-17
 657 -2.46716e-15 -5.7032e-16 7.51465e-17
 658 -2.46716e-15 -5.73203e-16 7.50876e-17
 659 0 -5.72333e-16 7.49786e-17
 660 0 -5.71466e-16 7.487e-17
 661 4.93432e-15 -5.63136e-16 7.52192e-17
 662 0 -5.62286e-16 7.51103e-17
 663 -2.46716e-15 -5.65159e-16 7.5052e-17
 664 0 -5.64308e-16 7.49437e-17
 665 0 -5.63459e-16 7.48357e-17
 666 -2.46716e-15 -5.66317e-16 7.47779e-17
 667 0 -5.65468e-16 7.46705e-17
 668 0 -5.64622e-16 7.45635e-17
 669 -1.23358e-15 -5.65622e-16 7.44587e-17
 670 -1.23358e-15 -5.66619e-16 7.43541e-17
 671 6.16791e-16 -5.64855e-16 7.42642e-17
 672 0 -5.64015e-16 7.41583e-17
 673 0 -5.63177e-16 7.40528e-17
 674 0 -5.62341e-16 7.39476e-17
 675 0 -5.61508e-16 7.38426e-17
 676 -2.46716e-15 -5.64327e-16 7.37872e-17
 677 0 -5.63493e-16 7.36828e-17
 678 0 -5.62662e-16 7.35788e-17
 679 -2.46716e-15 -5.65467e-16 7.35239e-17
 680 0 -5.64635e-16 7.34204e-17
 681 -2.46716e-15 -5.67429e-16 7.33657e-17
 682 0 -5.66597e-16 7.32628e-17
 683 0 -5.65768e-16 7.31601e-17
 684 4.93432e-15 -5.57727e-16 7.34943e-17
 685 4.93432e-15 -5.49709e-16 7.38236e-17
 686 0 -5.48908e-16 7.37202e-17
 687 0 -5.48109e-16 7.36172e-17
 688 -2.46716e-15 -5.50898e-16 7.3563e-17
 689 -2.46716e-15 -5.53679e-16 7.35088e-17
 690 0 -5.52877e-16 7.34066e-17
 691 -2.46716e-15 -5.55647e-16 7.33526e-17
 692 -2.46716e-15 -5.58409e-16 7.32986e-17
 693 -2.46716e-15 -5.61164e-16 7.32446e-17
 694 -2.46716e-15 -5.6391e-16 7.31905e-17
 695 0 -5.63099e-16 7.30896e-17
 696 -1.23358e-15 -5.64062e-16 7.29909e-17
 697 0 -5.63253e-16 7.28906e-17
 698 -1.23358e-15 -5.64213e-16 7.27924e-17
 699 -2.46716e-15 -5.66936e-16 7.27391e-17
 700 0 -5.66126e-16 7.26397e-17
 701 0 -5.65318e-16 7.25405e-17
 702 0 -5.64513e-16 7.24415e-17
 703 0 -5.6371e-16 7.23429e-17
 704 -2.46716e-15 -5.66413e-16 7.22906e-17
 705 0 -5.6561e-16 7.21925e-17
 706 -2.46716e-15 -5.68303e-16 7.21405e-17
 707 0 -5.675e-16 7.20428e-17
 708 -2.46716e-15 -5.70183e-16 7.1991e-17
 709 -2.46716e-15 -5.72858e-16 7.19392e-17
 710 0 -5.72052e-16 7.18423e-17
 711 0 -5.71247e-16 7.17457e-17
 712 0 -5.70445e-16 7.16494e-17
 713 -2.46716e-15 -5.73105e-16 7.15982e-17
 714 4.93432e-15 -5.65391e-16 7.19128e-17
 715 4.93432e-15 -5.57699e-16 7.22229e-17
 716 0 -5.56921e-16 7.21262e-17
 717 -1.23358e-15 -5.57864e-16 7.20317e-17
 718 0 -5.57087e-16 7.19355e-17
 719 -2.46716e-15 -5.59744e-16 7.18845e-17
 720 0 -5.58966e-16 7.17888e-17
 721 4.93432e-15 -5.51347e-16 7.20929e-17
 722 4.93432e-15 -5.4375e-16 7.23928e-17
 723 0 -5.42998e-16 7.22965e-17
 724 4.93432e-15 -5.35432e-16 7.25918e-17
 725 4.93432e-15 -5.27888e-16 7.28832e-17
 726 0 -5.27161e-16 7.27864e-17
 727 -2.46716e-15 -5.29829e-16 7.27351e-17
 728 0 -5.29101e-16 7.26388e-17
 729 0 -5.28375e-16 7.25427e-17
 730 0 -5.27652e-16 7.24469e-17
 731 -2.46716e-15 -5.30305e-16 7.23964e-17
 732 0 -5.2958e-16 7.2301e-17
 733 4.93432e-15 -5.22126e-16 7.25861e-17
 734 0 -5.21415e-16 7.24906e-17
 735 -2.46716e-15 -5.24062e-16 7.24403e-17
 736 0 -5.2335e-16 7.23453e-17
 737 -2.46716e-15 -5.25988e-16 7.22952e-17
 738 -1.23358e-15 -5.26946e-16 7.22036e-17
 739 0 -5.26233e-16 7.21093e-17
 740 0 -5.25522e-16 7.20153e-17
 741 -2.46716e-15 -5.28143e-16 7.19658e-17
 742 0 -5.27431e-16 7.18722e-17
 743 0 -5.26721e-16 7.1779e-17
 744 0 -5.26013e-16 7.16859e-17
 745 0 -5.25307e-16 7.15931e-17
 746 -2.46716e-15 -5.2791e-16 7.15444e-17
 747 -2.46716e-15 -5.30506e-16 7.14958e-17
 748 0 -5.29797e-16 7.14036e-17
 749 4.93432e-15 -5.22501e-16 7.16804e-17
 750 0 -5.21805e-16 7.15882e-17
 751 0 -5.2111e-16 7.14962e-17
 752 0 -5.20417e-16 7.14044e-17
 753 0 -5.19726e-16 7.13129e-17
 754 0 -5.19037e-16 7.12215e-17
 755 0 -5.18349e-16 7.11305e-17
 756 0 -5.17664e-16 7.10396e-17
 757 -2.46716e-15 -5.20239e-16 7.09925e-17
 758 0 -5.19552e-16 7.09021e-17
 759 0 -5.18868e-16 7.08119e-17
 760 -2.46716e-15 -5.21432e-16 7.07651e-17
 761 0 -5.20746e-16 7.06754e-17
 762 -2.46716e-15 -5.23301e-16 7.06288e-17
 763 -2.46716e-15 -5.25848e-16 7.05821e-17
 764 0 -5.2516e-16 7.0493e-17
 765 0 -5.24474e-16 7.04042e-17
 766 -2.46716e-15 -5.2701e-16 7.03579e-17
 767 0 -5.26323e-16 7.02695e-17
 768 4.93432e-15 -5.19212e-16 7.05372e-17
 769 4.93432e-15 -5.12121e-16 7.08015e-17
 770 0 -5.11456e-16 7.07126e-17
 771 4.93432e-15 -5.04392e-16 7.09732e-17
 772 0 -5.03739e-16 7.08842e-17
 773 -2.46716e-15 -5.06279e-16 7.0838e-17
 774 0 -5.05625e-16 7.07494e-17
 775 -2.46716e-15 -5.08156e-16 7.07034e-17
 776 0 -5.07501e-16 7.06153e-17
 777 4.93432e-15 -5.00497e-16 7.08712e-17
 778 0 -4.99854e-16 7.0783e-17
 779 0 -4.99212e-16 7.0695e-17
 780 0 -4.98572e-16 7.06072e-17
 781 0 -4.97934e-16 7.05196e-17
 782 -2.46716e-15 -5.00452e-16 7.04744e-17
 783 4.93432e-15 -4.93511e-16 7.07258e-17
 784 4.93432e-15 -4.86588e-16 7.0974e-17
 785 4.93432e-15 -4.79682e-16 7.12191e-17
 786 -2.46716e-15 -4.82211e-16 7.11733e-17
 787 0 -4.81598e-16 7.10855e-17
 788 -1.23358e-15 -4.82553e-16 7.10016e-17
 789 -1.23358e-15 -4.83504e-16 7.0918e-17
 790 -1.23358e-15 -4.84454e-16 7.08345e-17
 791 0 -4.83841e-16 7.07476e-17
 792 0 -4.8323e-16 7.06608e-17
 793 -2.46716e-15 -4.85732e-16 7.0616e-17
 794 0 -4.85121e-16 7.05296e-17
 795 4.93432e-15 -4.78304e-16 7.077e-17
 796 4.93432e-15 -4.71504e-16 7.10073e-17
 797 -2.46716e-15 -4.74008e-16 7.09624e-17
 798 0 -4.73414e-16 7.08759e-17
 799 0 -4.72821e-16 7.07896e-17
 800 -2.46716e-15 -4.75314e-16 7.0745e-17
 801 0 -4.74721e-16 7.06591e-17
 802 -2.46716e-15 -4.77205e-16 7.06147e-17
 803 4.93432e-15 -4.70466e-16 7.08479e-17
 804 0 -4.69881e-16 7.07622e-17
 805 0 -4.69297e-16 7.06766e-17
 806 -2.46716e-15 -4.71776e-16 7.06324e-17
 807 0 -4.71191e-16 7.05472e-17
 808 0 -4.70608e-16 7.04623e-17
 809 0 -4.70026e-16 7.03775e-17
 810 0 -4.69446e-16 7.0293e-17
 811 -2.46716e-15 -4.71909e-16 7.02494e-17
 812 -2.46716e-15 -4.74367e-16 7.02059e-17
 813 0 -4.73783e-16 7.01219e-17
 814 0 -4.73201e-16 7.00381e-17
 815 0 -4.72621e-16 6.99545e-17
 816 -2.46716e-15 -4.75065e-16 6.99115e-17
 817 -2.46716e-15 -4.77503e-16 6.98684e-17
 818 0 -4.76919e-16 6.97854e-17
 819 0 -4.76337e-16 6.97026e-17
 820 0 -4.75756e-16 6.962e-17
 821 -2.46716e-15 -4.78182e-16 6.95774e-17
 822 -2.46716e-15 -4.80601e-16 6.95348e-17
 823 -2.46716e-15 -4.83015e-16 6.94922e-17
 824 0 -4.82429e-16 6.94103e-17
 825 -2.46716e-15 -4.84835e-16 6.93678e-17
 826 -1.23358e-15 -4.85741e-16 6.92897e-17
 827 -2.46716e-15 -4.88137e-16 6.92474e-17
 828 -2.46716e-15 -4.90527e-16 6.9205e-17
 829 -2.46716e-15 -4.92912e-16 6.91626e-17
 830 -2.46716e-15 -4.9529e-16 6.91201e-17
 831 0 -4.94694e-16 6.90395e-17
 832 -2.46716e-15 -4.97065e-16 6.89972e-17
 833 0 -4.96468e-16 6.89169e-17
 834 0 -4.95873e-16 6.88368e-17
 835 -1.23358e-15 -4.96756e-16 6.876e-17
 836 0 -4.96162e-16 6.86802e-17
 837 -2.46716e-15 -4.98517e-16 6.86385e-17
 838 0 -4.97922e-16 6.85592e-17
 839 0 -4.97329e-16 6.848e-17
 840 0 -4.96737e-16 6.8401e-17
 841 0 -4.96146e-16 6.83221e-17
 842 0 -4.95557e-16 6.82435e-17
 843 -2.46716e-15 -4.97896e-16 6.82026e-17
 844 0 -4.97306e-16 6.81243e-17
 845 -1.23358e-15 -4.98177e-16 6.80492e-17
 846 0 -4.97588e-16 6.79713e-17
 847 -2.46716e-15 -4.99913e-16 6.79308e-17
 848 0 -4.99324e-16 6.78532e-17
 849 -2.46716e-15 -5.01642e-16 6.78128e-17
 850 -1.23358e-15 -5.02503e-16 6.77385e-17
 851 0 -5.01912e-16 6.76614e-17
 852 0 -5.01323e-16 6.75845e-17
 853 -1.23358e-15 -5.02182e-16 6.75107e-17
 854 0 -5.01594e-16 6.74342e-17
 855 -2.46716e-15 -5.03893e-16 6.73945e-17
 856 0 -5.03304e-16 6.73183e-17
 857 0 -5.02717e-16 6.72422e-17
 858 0 -5.02131e-16 6.71664e-17
 859 4.93432e-15 -4.95802e-16 6.7386e-17
 860 0 -4.95225e-16 6.73101e-17
 861 4.93432e-15 -4.88919e-16 6.75269e-17
 862 4.93432e-15 -4.82628e-16 6.77413e-17
 863 -2.46716e-15 -4.84927e-16 6.77019e-17
 864 -2.46716e-15 -4.87222e-16 6.76624e-17
 865 -2.46716e-15 -4.89511e-16 6.76229e-17
 866 0 -4.88945e-16 6.75471e-17
 867 0 -4.88381e-16 6.74715e-17
 868 0 -4.87819e-16 6.73961e-17
 869 0 -4.87257e-16 6.73208e-17
 870 -2.46716e-15 -4.89533e-16 6.72819e-17
 871 0 -4.88971e-16 6.72069e-17
 872 -2.46716e-15 -4.9124e-16 6.71681e-17
 873 0 -4.90677e-16 6.70935e-17
 874 -2.46716e-15 -4.92938e-16 6.70549e-17
 875 0 -4.92375e-16 6.69805e-17
 876 0 -4.91813e-16 6.69064e-17
 877 0 -4.91252e-16 6.68324e-17
 878 -2.46716e-15 -4.93503e-16 6.67942e-17
 879 0 -4.92941e-16 6.67205e-17
 880 0 -4.92381e-16 6.6647e-17
 881 0 -4.91822e-16 6.65737e-17
 882 0 -4.91265e-16 6.65005e-17
 883 0 -4.90708e-16 6.64274e-17
 884 0 -4.90153e-16 6.63546e-17
 885 -2.46716e-15 -4.92387e-16 6.63172e-17
 886 0 -4.91831e-16 6.62446e-17
 887 0 -4.91277e-16 6.61722e-17
 888 -1.23358e-15 -4.92113e-16 6.6103e-17
 889 0 -4.91559e-16 6.60309e-17
 890 -2.46716e-15 -4.93779e-16 6.5994e-17
 891 0 -4.93225e-16 6.59222e-17
 892 0 -4.92672e-16 6.58506e-17
 893 0 -4.9212e-16 6.57791e-17
 894 -2.46716e-15 -4.94329e-16 6.57426e-17
 895 0 -4.93777e-16 6.56715e-17
 896 -2.46716e-15 -4.95979e-16 6.56351e-17
 897 -2.46716e-15 -4.98177e-16 6.55987e-17
 898 0 -4.97622e-16 6.55279e-17
 899 0 -4.97069e-16 6.54574e-17
 900 -2.46716e-15 -4.99258e-16 6.54212e-17
 901 0 -4.98704e-16 6.53509e-17
 902 0 -4.98151e-16 6.52808e-17
 903 -2.46716e-15 -5.00331e-16 6.52449e-17
 904 0 -4.99778e-16 6.5175e-17
 905 -2.46716e-15 -5.01952e-16 6.51392e-17
 906 0 -5.01398e-16 6.50697e-17
 907 4.93432e-15 -4.95405e-16 6.52736e-17
 908 4.93432e-15 -4.89425e-16 6.54753e-17
 909 0 -4.88886e-16 6.54055e-17
 910 0 -4.88349e-16 6.53358e-17
 911 0 -4.87813e-16 6.52662e-17
 912 0 -4.87278e-16 6.51968e-17
 913 0 -4.86744e-16 6.51275e-17
 914 0 -4.86212e-16 6.50584e-17
 915 -2.46716e-15 -4.88377e-16 6.50233e-17
 916 0 -4.87844e-16 6.49545e-17
 917 -1.23358e-15 -4.88657e-16 6.48887e-17
 918 0 -4.88125e-16 6.48202e-17
 919 0 -4.87593e-16 6.47518e-17
 920 0 -4.87063e-16 6.46835e-17
 921 0 -4.86535e-16 6.46154e-17
 922 -2.46716e-15 -4.88683e-16 6.4581e-17
 923 -2.46716e-15 -4.90826e-16 6.45466e-17
 924 0 -4.90295e-16 6.44789e-17
 925 0 -4.89765e-16 6.44114e-17
 926 0 -4.89236e-16 6.43439e-17
 927 -2.46716e-15 -4.9137e-16 6.43099e-17
 928 -2.46716e-15 -4.93499e-16 6.42758e-17
 929 0 -4.92968e-16 6.42088e-17
 930 -2.46716e-15 -4.9509e-16 6.41749e-17
 931 -2.46716e-15 -4.97209e-16 6.41409e-17
 932 0 -4.96675e-16 6.40742e-17
 933 4.93432e-15 -4.90854e-16 6.42697e-17
 934 4.93432e-15 -4.85046e-16 6.44631e-17
 935 0 -4.84527e-16 6.43962e-17
 936 -2.46716e-15 -4.86645e-16 6.43622e-17
 937 -2.46716e-15 -4.88759e-16 6.43282e-17
 938 0 -4.88238e-16 6.42617e-17
 939 0 -4.87718e-16 6.41953e-17
 940 -1.23358e-15 -4.88511e-16 6.41319e-17
 941 -1.23358e-15 -4.89303e-16 6.40686e-17
 942 0 -4.88784e-16 6.40027e-17
 943 -2.46716e-15 -4.90882e-16 6.39692e-17
 944 0 -4.90362e-16 6.39035e-17
 945 4.93432e-15 -4.84621e-16 6.40934e-17
 946 0 -4.84109e-16 6.40277e-17
 947 -2.46716e-15 -4.86203e-16 6.39943e-17
 948 -1.23358e-15 -4.86991e-16 6.39316e-17
 949 -1.23358e-15 -4.87778e-16 6.38691e-17
 950 -2.46716e-15 -4.89862e-16 6.38358e-17
 951 4.93432e-15 -4.84158e-16 6.40232e-17
 952 4.93432e-15 -4.78466e-16 6.42087e-17
 953 4.93432e-15 -4.72786e-16 6.43923e-17
 954 4.93432e-15 -4.67119e-16 6.45739e-17
 955 4.93432e-15 -4.61463e-16 6.47538e-17
 956 4.93432e-15 -4.55819e-16 6.49318e-17
 957 4.93432e-15 -4.50186e-16 6.5108e-17
 958 4.93432e-15 -4.44566e-16 6.52824e-17
 959 4.93432e-15 -4.38957e-16 6.5455e-17
 960 0 -4.385e-16 6.53884e-17
 961 4.93432e-15 -4.32909e-16 6.55592e-17
 962 0 -4.32459e-16 6.54925e-17
 963 -2.46716e-15 -4.34572e-16 6.54586e-17
 964 0 -4.34121e-16 6.53922e-17
 965 0 -4.33671e-16 6.5326e-17
 966 0 -4.33222e-16 6.52598e-17
 967 0 -4.32774e-16 6.51939e-17
 968 -1.23358e-15 -4.33601e-16 6.51317e-17
 969 0 -4.33154e-16 6.5066e-17
 970 -1.23358e-15 -4.33979e-16 6.50041e-17
 971 -2.46716e-15 -4.36073e-16 6.49709e-17
 972 -2.46716e-15 -4.38162e-16 6.49377e-17
 973 -2.46716e-15 -4.40248e-16 6.49044e-17
 974 0 -4.39796e-16 6.48393e-17
 975 -2.46716e-15 -4.41875e-16 6.48061e-17
 976 -2.46716e-15 -4.4395e-16 6.47729e-17
 977 0 -4.43496e-16 6.47082e-17
 978 0 -4.43042e-16 6.46436e-17
 979 -2.46716e-15 -4.4511e-16 6.46106e-17
 980 -1.23358e-15 -4.45914e-16 6.45497e-17
 981 -2.46716e-15 -4.47975e-16 6.45168e-17
 982 0 -4.47519e-16 6.44526e-17
 983 4.93432e-15 -4.42044e-16 6.46194e-17
 984 -2.46716e-15 -4.44102e-16 6.45865e-17
 985 0 -4.43651e-16 6.45224e-17
 986 0 -4.43201e-16 6.44585e-17
 987 -2.46716e-15 -4.45252e-16 6.44258e-17
 988 0 -4.44801e-16 6.43622e-17
 989 -2.46716e-15 -4.46846e-16 6.43296e-17
 990 0 -4.46394e-16 6.42662e-17
 991 4.93432e-15 -4.40965e-16 6.44305e-17
 992 0 -4.4052e-16 6.4367e-17
 993 0 -4.40077e-16 6.43037e-17
 994 0 -4.39634e-16 6.42405e-17
 995 4.93432e-15 -4.34233e-16 6.44028e-17
 996 -2.46716e-15 -4.36274e-16 6.43704e-17
 997 -2.46716e-15 -4.38311e-16 6.43381e-17
 998 -1.23358e-15 -4.39108e-16 6.42785e-17
 999 -2.46716e-15 -4.41138e-16 6.42462e-17
 1000 0 -4.40697e-16 6.41835e-17
 1001 0 -4.40257e-16 6.41208e-17
 1002 0 -4.39817e-16 6.40583e-17
 1003 0 -4.39379e-16 6.39959e-17
 1004 -2.46716e-15 -4.41398e-16 6.3964e-17
 1005 -1.23358e-15 -4.42187e-16 6.39052e-17
 1006 0 -4.41747e-16 6.38432e-17
 1007 -2.46716e-15 -4.43758e-16 6.38115e-17
 1008 -2.46716e-15 -4.45766e-16 6.37797e-17
 1009 0 -4.45324e-16 6.3718e-17
 1010 4.93432e-15 -4.39998e-16 6.38774e-17
 1011 0 -4.39562e-16 6.38156e-17
 1012 -2.46716e-15 -4.41566e-16 6.3784e-17
 1013 0 -4.4113e-16 6.37225e-17
 1014 -1.23358e-15 -4.41912e-16 6.36644e-17
 1015 -1.23358e-15 -4.42692e-16 6.36065e-17
 1016 -2.46716e-15 -4.44684e-16 6.3575e-17
 1017 -2.46716e-15 -4.46673e-16 6.35436e-17
 1018 0 -4.46234e-16 6.34827e-17
 1019 -1.23358e-15 -4.47007e-16 6.34251e-17
 1020 -1.23358e-15 -4.47778e-16 6.33676e-17
 1021 0 -4.47339e-16 6.3307e-17
 1022 0 -4.46902e-16 6.32465e-17
 1023 0 -4.46465e-16 6.31862e-17
 1024 -2.46716e-15 -4.48438e-16 6.31553e-17
 1025 0 -4.48001e-16 6.30951e-17
 1026 -2.46716e-15 -4.49969e-16 6.30643e-17
 1027 -1.23358e-15 -4.50732e-16 6.30075e-17
 1028 0 -4.50293e-16 6.29477e-17
 1029 -2.46716e-15 -4.52253e-16 6.29171e-17
 1030 0 -4.51814e-16 6.28575e-17
 1031 -1.23358e-15 -4.52572e-16 6.28011e-17
 1032 0 -4.52134e-16 6.27417e-17
 1033 -2.46716e-15 -4.54084e-16 6.27113e-17
 1034 0 -4.53645e-16 6.26521e-17
 1035 0 -4.53207e-16 6.25931e-17
 1036 -2.46716e-15 -4.55151e-16 6.25629e-17
 1037 -2.46716e-15 -4.57091e-16 6.25326e-17
 1038 0 -4.56651e-16 6.24739e-17
 1039 0 -4.56211e-16 6.24153e-17
 1040 -2.46716e-15 -4.58145e-16 6.23852e-17
 1041 0 -4.57705e-16 6.23268e-17
 1042 0 -4.57266e-16 6.22685e-17
 1043 0 -4.56827e-16 6.22103e-17
 1044 -2.46716e-15 -4.58753e-16 6.21806e-17
 1045 -2.46716e-15 -4.60675e-16 6.21507e-17
 1046 -1.23358e-15 -4.61414e-16 6.20957e-17
 1047 0 -4.60973e-16 6.20379e-17
 1048 -2.46716e-15 -4.62887e-16 6.20083e-17
 1049 0 -4.62446e-16 6.19507e-17
 1050 -2.46716e-15 -4.64355e-16 6.19211e-17
 1051 -2.46716e-15 -4.66261e-16 6.18915e-17
 1052 0 -4.65818e-16 6.18342e-17
 1053 -2.46716e-15 -4.67718e-16 6.18047e-17
 1054 -2.46716e-15 -4.69615e-16 6.17752e-17
 1055 0 -4.6917e-16 6.17182e-17
 1056 0 -4.68726e-16 6.16613e-17
 1057 0 -4.68282e-16 6.16046e-17
 1058 0 -4.6784e-16 6.15479e-17
 1059 0 -4.67398e-16 6.14913e-17
 1060 0 -4.66957e-16 6.14349e-17
 1061 0 -4.66517e-16 6.13785e-17
 1062 -2.46716e-15 -4.68401e-16 6.13496e-17
 1063 -2.46716e-15 -4.70281e-16 6.13207e-17
 1064 -2.46716e-15 -4.72158e-16 6.12918e-17
 1065 0 -4.71714e-16 6.12358e-17
 1066 -2.46716e-15 -4.73586e-16 6.1207e-17
 1067 0 -4.73143e-16 6.11512e-17
 1068 0 -4.727e-16 6.10955e-17
 1069 0 -4.72257e-16 6.104e-17
 1070 4.93432e-15 -4.67204e-16 6.11919e-17
 1071 4.93432e-15 -4.62161e-16 6.13424e-17
 1072 4.93432e-15 -4.57127e-16 6.14915e-17
 1073 4.93432e-15 -4.52102e-16 6.16393e-17
 1074 0 -4.51681e-16 6.15834e-17
 1075 4.93432e-15 -4.46671e-16 6.17297e-17
 1076 0 -4.46256e-16 6.16737e-17
 1077 0 -4.45842e-16 6.16178e-17
 1078 4.93432e-15 -4.40851e-16 6.17626e-17
 1079 -2.46716e-15 -4.42729e-16 6.17339e-17
 1080 4.93432e-15 -4.3775e-16 6.18773e-17
 1081 4.93432e-15 -4.3278e-16 6.20195e-17
 1082 0 -4.3238e-16 6.19634e-17
 1083 4.93432e-15 -4.27425e-16 6.21042e-17
 1084 0 -4.27031e-16 6.20482e-17
 1085 -2.46716e-15 -4.28911e-16 6.20195e-17
 1086 4.93432e-15 -4.23973e-16 6.21588e-17
 1087 4.93432e-15 -4.19043e-16 6.22969e-17
 1088 4.93432e-15 -4.14123e-16 6.24338e-17
 1089 0 -4.13742e-16 6.23776e-17
 1090 0 -4.13363e-16 6.23215e-17
 1091 4.93432e-15 -4.08461e-16 6.2457e-17
 1092 0 -4.08087e-16 6.24009e-17
 1093 0 -4.07714e-16 6.23449e-17
 1094 -2.46716e-15 -4.09596e-16 6.23164e-17
 1095 -2.46716e-15 -4.11475e-16 6.22878e-17
 1096 -2.46716e-15 -4.13351e-16 6.22592e-17
 1097 0 -4.12974e-16 6.22035e-17
 1098 0 -4.12598e-16 6.2148e-17
 1099 0 -4.12223e-16 6.20926e-17
 1100 0 -4.11848e-16 6.20372e-17
 1101 0 -4.11474e-16 6.1982e-17
 1102 -2.46716e-15 -4.13339e-16 6.19538e-17
 1103 -2.46716e-15 -4.15201e-16 6.19256e-17
 1104 -2.46716e-15 -4.1706e-16 6.18974e-17
 1105 0 -4.16682e-16 6.18425e-17
 1106 0 -4.16306e-16 6.17877e-17
 1107 0 -4.1593e-16 6.1733e-17
 1108 -1.23358e-15 -4.16668e-16 6.16817e-17
 1109 0 -4.16292e-16 6.16272e-17
 1110 0 -4.15917e-16 6.15728e-17
 1111 0 -4.15543e-16 6.15185e-17
 1112 0 -4.15169e-16 6.14643e-17
 1113 4.93432e-15 -4.10362e-16 6.15968e-17
 1114 0 -4.09994e-16 6.15426e-17
 1115 -2.46716e-15 -4.11839e-16 6.15151e-17
 1116 4.93432e-15 -4.07049e-16 6.16463e-17
 1117 4.93432e-15 -4.02267e-16 6.17765e-17
 1118 4.93432e-15 -3.97493e-16 6.19055e-17
 1119 0 -3.97138e-16 6.18512e-17
 1120 4.93432e-15 -3.92378e-16 6.1979e-17
 1121 0 -3.92028e-16 6.19247e-17
 1122 -2.46716e-15 -3.93877e-16 6.18971e-17
 1123 -2.46716e-15 -3.95724e-16 6.18695e-17
 1124 -1.23358e-15 -3.96469e-16 6.18189e-17
 1125 0 -3.96117e-16 6.1765e-17
 1126 0 -3.95765e-16 6.17111e-17
 1127 0 -3.95414e-16 6.16573e-17
 1128 0 -3.95063e-16 6.16036e-17
 1129 -2.46716e-15 -3.96898e-16 6.15764e-17
 1130 -2.46716e-15 -3.98731e-16 6.15491e-17
 1131 0 -3.98378e-16 6.14957e-17
 1132 -2.46716e-15 -4.00206e-16 6.14685e-17
 1133 0 -3.99852e-16 6.14153e-17
 1134 0 -3.995e-16 6.13621e-17
 1135 -2.46716e-15 -4.01321e-16 6.13351e-17
 1136 -2.46716e-15 -4.0314e-16 6.1308e-17
 1137 0 -4.02785e-16 6.12551e-17
 1138 0 -4.02431e-16 6.12023e-17
 1139 4.93432e-15 -3.97746e-16 6.13278e-17
 1140 4.93432e-15 -3.93069e-16 6.14522e-17
 1141 -2.46716e-15 -3.94887e-16 6.14252e-17
 1142 -2.46716e-15 -3.96701e-16 6.13982e-17
 1143 -2.46716e-15 -3.98513e-16 6.13712e-17
 1144 -2.46716e-15 -4.00321e-16 6.13442e-17
 1145 0 -3.99971e-16 6.12916e-17
 1146 0 -3.99622e-16 6.12391e-17
 1147 -2.46716e-15 -4.01425e-16 6.12122e-17
 1148 -2.46716e-15 -4.03224e-16 6.11854e-17
 1149 0 -4.02873e-16 6.11331e-17
 1150 0 -4.02523e-16 6.10809e-17
 1151 4.93432e-15 -3.97886e-16 6.12037e-17
 1152 0 -3.97541e-16 6.11515e-17
 1153 0 -3.97196e-16 6.10995e-17
 1154 0 -3.96852e-16 6.10475e-17
 1155 0 -3.96508e-16 6.09956e-17
 1156 0 -3.96165e-16 6.09437e-17
 1157 4.93432e-15 -3.91558e-16 6.10651e-17
 1158 0 -3.9122e-16 6.10133e-17
 1159 0 -3.90882e-16 6.09615e-17
 1160 0 -3.90545e-16 6.09099e-17
 1161 4.93432e-15 -3.85959e-16 6.103e-17
 1162 -2.46716e-15 -3.8775e-16 6.10037e-17
 1163 -2.46716e-15 -3.89538e-16 6.09775e-17
 1164 0 -3.89203e-16 6.0926e-17
 1165 -2.46716e-15 -3.90987e-16 6.08998e-17
 1166 0 -3.90652e-16 6.08485e-17
 1167 0 -3.90317e-16 6.07972e-17
 1168 0 -3.89983e-16 6.07461e-17
 1169 0 -3.89649e-16 6.0695e-17
 1170 0 -3.89316e-16 6.0644e-17
 1171 0 -3.88984e-16 6.05931e-17
 1172 4.93432e-15 -3.84442e-16 6.07115e-17
 1173 0 -3.84114e-16 6.06606e-17
 1174 0 -3.83787e-16 6.06098e-17
 1175 0 -3.8346e-16 6.05591e-17
 1176 0 -3.83134e-16 6.05085e-17
 1177 0 -3.82808e-16 6.04579e-17
 1178 0 -3.82483e-16 6.04074e-17
 1179 4.93432e-15 -3.77974e-16 6.05244e-17
 1180 0 -3.77654e-16 6.0474e-17
 1181 -2.46716e-15 -3.79423e-16 6.04486e-17
 1182 -2.46716e-15 -3.81189e-16 6.04233e-17
 1183 0 -3.80867e-16 6.0373e-17
 1184 -2.46716e-15 -3.82629e-16 6.03478e-17
 1185 -1.23358e-15 -3.83347e-16 6.03011e-17
 1186 -2.46716e-15 -3.85104e-16 6.02758e-17
 1187 -1.23358e-15 -3.85819e-16 6.02293e-17
 1188 0 -3.85494e-16 6.01794e-17
 1189 -1.23358e-15 -3.86207e-16 6.0133e-17
 1190 4.93432e-15 -3.81736e-16 6.02486e-17
 1191 0 -3.81416e-16 6.01989e-17
 1192 0 -3.81096e-16 6.01492e-17
 1193 0 -3.80776e-16 6.00996e-17
 1194 0 -3.80457e-16 6.00501e-17
 1195 4.93432e-15 -3.7601e-16 6.01644e-17
 1196 4.93432e-15 -3.7157e-16 6.02778e-17
 1197 4.93432e-15 -3.67137e-16 6.03904e-17
 1198 -2.46716e-15 -3.6889e-16 6.03654e-17
 1199 4.93432e-15 -3.64467e-16 6.0477e-17
 1200 4.93432e-15 -3.60051e-16 6.05877e-17
 1201 0 -3.59752e-16 6.0538e-17
 1202 0 -3.59452e-16 6.04883e-17
 1203 4.93432e-15 -3.55052e-16 6.0598e-17
 1204 -2.46716e-15 -3.56806e-16 6.05731e-17
 1205 0 -3.5651e-16 6.05235e-17
 1206 0 -3.56214e-16 6.0474e-17
 1207 4.93432e-15 -3.51831e-16 6.05827e-17
 1208 0 -3.5154e-16 6.05332e-17
 1209 0 -3.51249e-16 6.04838e-17
 1210 0 -3.50959e-16 6.04345e-17
 1211 -2.46716e-15 -3.52706e-16 6.04098e-17
 1212 0 -3.52415e-16 6.03607e-17
 1213 4.93432e-15 -3.48057e-16 6.04682e-17
 1214 0 -3.4777e-16 6.0419e-17
 1215 -2.46716e-15 -3.49515e-16 6.03945e-17
 1216 -2.46716e-15 -3.51256e-16 6.03699e-17
 1217 -2.46716e-15 -3.52995e-16 6.03453e-17
 1218 -2.46716e-15 -3.54731e-16 6.03207e-17
 1219 -1.23358e-15 -3.55451e-16 6.02756e-17
 1220 -2.46716e-15 -3.57182e-16 6.0251e-17
 1221 0 -3.5689e-16 6.02023e-17
 1222 -2.46716e-15 -3.58617e-16 6.01778e-17
 1223 -2.46716e-15 -3.60341e-16 6.01533e-17
 1224 0 -3.60046e-16 6.01049e-17
 1225 0 -3.59753e-16 6.00565e-17
 1226 -2.46716e-15 -3.61471e-16 6.00321e-17
 1227 -1.23358e-15 -3.62182e-16 5.99874e-17
 1228 -2.46716e-15 -3.63896e-16 5.9963e-17
 1229 0 -3.636e-16 5.99149e-17
 1230 -2.46716e-15 -3.65311e-16 5.98906e-17
 1231 -1.23358e-15 -3.66016e-16 5.98461e-17
 1232 -1.23358e-15 -3.6672e-16 5.98017e-17
 1233 -1.23358e-15 -3.67423e-16 5.97573e-17
 1234 0 -3.67125e-16 5.97096e-17
 1235 0 -3.66828e-16 5.9662e-17
 1236 -2.46716e-15 -3.68527e-16 5.96379e-17
 1237 -2.46716e-15 -3.70224e-16 5.96138e-17
 1238 -2.46716e-15 -3.71918e-16 5.95897e-17
 1239 -1.23358e-15 -3.72613e-16 5.95457e-17
 1240 0 -3.72313e-16 5.94984e-17
 1241 0 -3.72013e-16 5.94512e-17
 1242 0 -3.71713e-16 5.9404e-17
 1243 0 -3.71414e-16 5.9357e-17
 1244 -2.46716e-15 -3.73099e-16 5.93332e-17
 1245 0 -3.72799e-16 5.92862e-17
 1246 0 -3.725e-16 5.92394e-17
 1247 0 -3.72201e-16 5.91926e-17
 1248 4.93432e-15 -3.67949e-16 5.92978e-17
 1249 0 -3.67655e-16 5.92511e-17
 1250 -2.46716e-15 -3.69334e-16 5.92275e-17
 1251 0 -3.69039e-16 5.91808e-17
 1252 -2.46716e-15 -3.70715e-16 5.91573e-17
 1253 0 -3.70419e-16 5.91108e-17
 1254 -1.23358e-15 -3.71107e-16 5.90677e-17
 1255 -2.46716e-15 -3.72777e-16 5.90442e-17
 1256 -2.46716e-15 -3.74445e-16 5.90207e-17
 1257 0 -3.74147e-16 5.89745e-17
 1258 -2.46716e-15 -3.75811e-16 5.89511e-17
 1259 -1.23358e-15 -3.76492e-16 5.89082e-17
 1260 0 -3.76193e-16 5.88622e-17
 1261 0 -3.75895e-16 5.88162e-17
 1262 -2.46716e-15 -3.77552e-16 5.8793e-17
 1263 0 -3.77253e-16 5.87472e-17
 1264 -2.46716e-15 -3.78907e-16 5.87239e-17
 1265 0 -3.78607e-16 5.86783e-17
 1266 0 -3.78308e-16 5.86327e-17
 1267 -2.46716e-15 -3.79957e-16 5.86096e-17
 1268 0 -3.79657e-16 5.85641e-17
 1269 -2.46716e-15 -3.81302e-16 5.8541e-17
 1270 0 -3.81002e-16 5.84957e-17
 1271 -1.23358e-15 -3.81673e-16 5.84535e-17
 1272 -1.23358e-15 -3.82342e-16 5.84114e-17
 1273 -1.23358e-15 -3.83011e-16 5.83693e-17
 1274 0 -3.8271e-16 5.83242e-17
 1275 -2.46716e-15 -3.84345e-16 5.83014e-17
 1276 0 -3.84044e-16 5.82565e-17
 1277 0 -3.83743e-16 5.82116e-17
 1278 0 -3.83443e-16 5.81668e-17
 1279 -2.46716e-15 -3.85072e-16 5.81442e-17
 1280 -2.46716e-15 -3.86699e-16 5.81215e-17
 1281 0 -3.86397e-16 5.80769e-17
 1282 0 -3.86096e-16 5.80323e-17
 1283 -2.46716e-15 -3.87718e-16 5.80098e-17
 1284 0 -3.87416e-16 5.79654e-17
 1285 0 -3.87114e-16 5.7921e-17
 1286 0 -3.86813e-16 5.78767e-17
 1287 -1.23358e-15 -3.87471e-16 5.78355e-17
 1288 -2.46716e-15 -3.89086e-16 5.78131e-17
 1289 0 -3.88784e-16 5.7769e-17
 1290 6.16791e-16 -3.88004e-16 5.77295e-17
 1291 -1.23358e-15 -3.88659e-16 5.76885e-17
 1292 0 -3.88358e-16 5.76446e-17
 1293 -1.23358e-15 -3.89012e-16 5.76037e-17
 1294 0 -3.88712e-16 5.756e-17
 1295 -1.23358e-15 -3.89364e-16 5.75192e-17
 1296 -1.23358e-15 -3.90015e-16 5.74785e-17
 1297 -2.46716e-15 -3.91617e-16 5.74565e-17
 1298 -2.46716e-15 -3.93216e-16 5.74345e-17
 1299 -2.46716e-15 -3.94812e-16 5.74124e-17
 1300 0 -3.94509e-16 5.73691e-17
 1301 0 -3.94206e-16 5.73258e-17
 1302 0 -3.93903e-16 5.72825e-17
 1303 0 -3.936e-16 5.72393e-17
 1304 -2.46716e-15 -3.95191e-16 5.72175e-17
 1305 -2.46716e-15 -3.96778e-16 5.71957e-17
 1306 0 -3.96474e-16 5.71527e-17
 1307 0 -3.96171e-16 5.71098e-17
 1308 0 -3.95868e-16 5.70669e-17
 1309 4.93432e-15 -3.91796e-16 5.71685e-17
 1310 4.93432e-15 -3.87731e-16 5.72693e-17
 1311 0 -3.87435e-16 5.72264e-17
 1312 0 -3.8714e-16 5.71835e-17
 1313 0 -3.86845e-16 5.71407e-17
 1314 0 -3.8655e-16 5.7098e-17
 1315 0 -3.86256e-16 5.70553e-17
 1316 -2.46716e-15 -3.87838e-16 5.70338e-17
 1317 -2.46716e-15 -3.89416e-16 5.70124e-17
 1318 0 -3.89121e-16 5.69699e-17
 1319 0 -3.88826e-16 5.69274e-17
 1320 4.93432e-15 -3.84793e-16 5.7027e-17
 1321 0 -3.84502e-16 5.69846e-17
 1322 4.93432e-15 -3.80479e-16 5.70834e-17
 1323 0 -3.80191e-16 5.7041e-17
 1324 4.93432e-15 -3.76177e-16 5.71391e-17
 1325 4.93432e-15 -3.72169e-16 5.72364e-17
 1326 4.93432e-15 -3.68167e-16 5.73331e-17
 1327 0 -3.6789e-16 5.72905e-17
 1328 4.93432e-15 -3.63897e-16 5.73864e-17
 1329 0 -3.63623e-16 5.73439e-17
 1330 4.93432e-15 -3.5964e-16 5.74391e-17
 1331 4.93432e-15 -3.55662e-16 5.75335e-17
 1332 4.93432e-15 -3.51691e-16 5.76273e-17
 1333 4.93432e-15 -3.47726e-16 5.77205e-17
 1334 0 -3.47465e-16 5.76778e-17
 1335 4.93432e-15 -3.43508e-16 5.77702e-17
 1336 -2.46716e-15 -3.45098e-16 5.77488e-17
 1337 -2.46716e-15 -3.46685e-16 5.77274e-17
 1338 0 -3.46426e-16 5.76849e-17
 1339 0 -3.46167e-16 5.76423e-17
 1340 4.93432e-15 -3.42227e-16 5.77339e-17
 1341 4.93432e-15 -3.38292e-16 5.78249e-17
 1342 0 -3.3804e-16 5.77824e-17
 1343 4.93432e-15 -3.34114e-16 5.78726e-17
 1344 4.93432e-15 -3.30194e-16 5.79622e-17
 1345 -2.46716e-15 -3.31783e-16 5.79409e-17
 1346 0 -3.31536e-16 5.78984e-17
 1347 4.93432e-15 -3.27627e-16 5.79873e-17
 1348 4.93432e-15 -3.23724e-16 5.80756e-17
 1349 4.93432e-15 -3.19826e-16 5.81633e-17
 1350 4.93432e-15 -3.15934e-16 5.82504e-17
 1351 0 -3.157e-16 5.82077e-17
 1352 4.93432e-15 -3.11817e-16 5.82941e-17
 1353 0 -3.11586e-16 5.82515e-17
 1354 4.93432e-15 -3.07712e-16 5.83372e-17
 1355 0 -3.07485e-16 5.82946e-17
 1356 4.93432e-15 -3.03619e-16 5.83797e-17
 1357 -1.23358e-15 -3.04305e-16 5.83407e-17
 1358 -1.23358e-15 -3.04989e-16 5.83017e-17
 1359 0 -3.04764e-16 5.82593e-17
 1360 0 -3.0454e-16 5.82168e-17
 1361 0 -3.04317e-16 5.81745e-17
 1362 0 -3.04093e-16 5.81322e-17
 1363 0 -3.0387e-16 5.80899e-17
 1364 0 -3.03647e-16 5.80478e-17
 1365 -2.46716e-15 -3.05232e-16 5.80269e-17
 1366 -1.23358e-15 -3.05912e-16 5.79884e-17
 1367 -2.46716e-15 -3.07493e-16 5.79675e-17
 1368 -2.46716e-15 -3.09072e-16 5.79466e-17
 1369 0 -3.08846e-16 5.79047e-17
 1370 0 -3.0862e-16 5.78629e-17
 1371 -2.46716e-15 -3.10195e-16 5.78421e-17
 1372 -2.46716e-15 -3.11767e-16 5.78213e-17
 1373 -2.46716e-15 -3.13337e-16 5.78005e-17
 1374 -1.23358e-15 -3.14007e-16 5.77623e-17
 1375 -2.46716e-15 -3.15572e-16 5.77415e-17
 1376 0 -3.15343e-16 5.77e-17
 1377 0 -3.15114e-16 5.76585e-17
 1378 -1.23358e-15 -3.15781e-16 5.76205e-17
 1379 0 -3.15552e-16 5.75792e-17
 1380 0 -3.15323e-16 5.75379e-17
 1381 0 -3.15095e-16 5.74966e-17
 1382 -2.46716e-15 -3.16652e-16 5.74761e-17
 1383 0 -3.16423e-16 5.7435e-17
 1384 0 -3.16194e-16 5.73939e-17
 1385 0 -3.15966e-16 5.73529e-17
 1386 0 -3.15738e-16 5.7312e-17
 1387 0 -3.1551e-16 5.72711e-17
 1388 -2.46716e-15 -3.17061e-16 5.72508e-17
 1389 -2.46716e-15 -3.18609e-16 5.72305e-17
 1390 0 -3.18379e-16 5.71898e-17
 1391 -2.46716e-15 -3.19924e-16 5.71696e-17
 1392 -1.23358e-15 -3.2058e-16 5.71322e-17
 1393 -2.46716e-15 -3.22121e-16 5.7112e-17
 1394 4.93432e-15 -3.18351e-16 5.71955e-17
 1395 -2.46716e-15 -3.19891e-16 5.71752e-17
 1396 0 -3.19662e-16 5.71347e-17
 1397 0 -3.19433e-16 5.70942e-17
 1398 0 -3.19205e-16 5.70538e-17
 1399 4.93432e-15 -3.15449e-16 5.71366e-17
 1400 4.93432e-15 -3.117e-16 5.72188e-17
 1401 0 -3.11477e-16 5.71783e-17
 1402 -2.46716e-15 -3.13015e-16 5.71582e-17
 1403 -2.46716e-15 -3.1455e-16 5.71381e-17
 1404 -2.46716e-15 -3.16083e-16 5.7118e-17
 1405 -2.46716e-15 -3.17614e-16 5.70978e-17
 1406 -2.46716e-15 -3.19143e-16 5.70777e-17
 1407 0 -3.18916e-16 5.70375e-17
 1408 0 -3.1869e-16 5.69975e-17
 1409 6.16791e-16 -3.18026e-16 5.69609e-17
 1410 -1.23358e-15 -3.18675e-16 5.69242e-17
 1411 -1.23358e-15 -3.19324e-16 5.68875e-17
 1412 6.16791e-16 -3.18661e-16 5.68511e-17
 1413 -2.46716e-15 -3.20181e-16 5.68312e-17
 1414 -2.46716e-15 -3.21699e-16 5.68113e-17
 1415 -2.46716e-15 -3.23216e-16 5.67913e-17
 1416 0 -3.22987e-16 5.67517e-17
 1417 0 -3.22759e-16 5.67121e-17
 1418 -1.23358e-15 -3.23402e-16 5.66757e-17
 1419 -1.23358e-15 -3.24043e-16 5.66394e-17
 1420 0 -3.23815e-16 5.65999e-17
 1421 6.16791e-16 -3.23153e-16 5.6564e-17
 1422 -2.46716e-15 -3.24661e-16 5.65443e-17
 1423 -1.23358e-15 -3.253e-16 5.65081e-17
 1424 -1.23358e-15 -3.25937e-16 5.6472e-17
 1425 0 -3.25709e-16 5.64329e-17
 1426 -2.46716e-15 -3.2721e-16 5.64133e-17
 1427 -1.23358e-15 -3.27846e-16 5.63773e-17
 1428 -1.23358e-15 -3.2848e-16 5.63414e-17
 1429 -1.23358e-15 -3.29113e-16 5.63055e-17
 1430 0 -3.28883e-16 5.62666e-17
 1431 -2.46716e-15 -3.30377e-16 5.62471e-17
 1432 0 -3.30147e-16 5.62083e-17
 1433 -1.23358e-15 -3.30777e-16 5.61726e-17
 1434 -1.23358e-15 -3.31407e-16 5.61369e-17
 1435 -1.23358e-15 -3.32035e-16 5.61013e-17
 1436 0 -3.31804e-16 5.60627e-17
 1437 -2.46716e-15 -3.3329e-16 5.60434e-17
 1438 0 -3.33058e-16 5.60049e-17
 1439 -2.46716e-15 -3.34541e-16 5.59856e-17
 1440 -2.46716e-15 -3.36022e-16 5.59663e-17
 1441 0 -3.35789e-16 5.59279e-17
 1442 0 -3.35556e-16 5.58896e-17
 1443 -2.46716e-15 -3.37034e-16 5.58704e-17
 1444 0 -3.368e-16 5.58322e-17
 1445 4.93432e-15 -3.33152e-16 5.59127e-17
 1446 0 -3.32922e-16 5.58745e-17
 1447 0 -3.32692e-16 5.58363e-17
 1448 0 -3.32462e-16 5.57982e-17
 1449 0 -3.32233e-16 5.57601e-17
 1450 -2.46716e-15 -3.33705e-16 5.57411e-17
 1451 0 -3.33475e-16 5.57032e-17
 1452 -1.23358e-15 -3.34095e-16 5.56682e-17
 1453 0 -3.33865e-16 5.56304e-17
 1454 -1.23358e-15 -3.34484e-16 5.55956e-17
 1455 0 -3.34254e-16 5.55578e-17
 1456 -2.46716e-15 -3.35719e-16 5.5539e-17
 1457 -2.46716e-15 -3.37182e-16 5.55201e-17
 1458 4.93432e-15 -3.33566e-16 5.55997e-17
 1459 -1.23358e-15 -3.34183e-16 5.5565e-17
 1460 -1.23358e-15 -3.34799e-16 5.55304e-17
 1461 -2.46716e-15 -3.36259e-16 5.55115e-17
 1462 0 -3.36029e-16 5.5474e-17
 1463 0 -3.35799e-16 5.54366e-17
 1464 0 -3.35569e-16 5.53992e-17
 1465 0 -3.3534e-16 5.53618e-17
 1466 -1.23358e-15 -3.35953e-16 5.53274e-17
 1467 0 -3.35724e-16 5.52902e-17
 1468 0 -3.35495e-16 5.5253e-17
 1469 0 -3.35267e-16 5.52158e-17
 1470 -2.46716e-15 -3.36717e-16 5.51973e-17
 1471 0 -3.36488e-16 5.51602e-17
 1472 0 -3.3626e-16 5.51232e-17
 1473 0 -3.36032e-16 5.50863e-17
 1474 0 -3.35804e-16 5.50493e-17
 1475 0 -3.35576e-16 5.50125e-17
 1476 0 -3.35349e-16 5.49757e-17
 1477 0 -3.35121e-16 5.49389e-17
 1478 -1.23358e-15 -3.35729e-16 5.49051e-17
 1479 0 -3.35502e-16 5.48684e-17
 1480 -1.23358e-15 -3.36109e-16 5.48347e-17
 1481 -1.23358e-15 -3.36715e-16 5.4801e-17
 1482 -2.46716e-15 -3.38153e-16 5.47829e-17
 1483 -2.46716e-15 -3.39588e-16 5.47647e-17
 1484 4.93432e-15 -3.36034e-16 5.48431e-17
 1485 -2.46716e-15 -3.3747e-16 5.48249e-17
 1486 4.93432e-15 -3.33922e-16 5.49028e-17
 1487 0 -3.33697e-16 5.48663e-17
 1488 0 -3.33473e-16 5.48299e-17
 1489 0 -3.33249e-16 5.47935e-17
 1490 -1.23358e-15 -3.33853e-16 5.476e-17
 1491 -2.46716e-15 -3.35284e-16 5.4742e-17
 1492 0 -3.35059e-16 5.47058e-17
 1493 0 -3.34835e-16 5.46696e-17
 1494 0 -3.34611e-16 5.46334e-17
 1495 0 -3.34387e-16 5.45973e-17
 1496 -2.46716e-15 -3.35813e-16 5.45794e-17
 1497 0 -3.35588e-16 5.45434e-17
 1498 0 -3.35364e-16 5.45075e-17
 1499 0 -3.35141e-16 5.44715e-17
 1500 4.93432e-15 -3.31628e-16 5.45485e-17
 1501 0 -3.31407e-16 5.45126e-17
 1502 0 -3.31186e-16 5.44767e-17
 1503 4.93432e-15 -3.27683e-16 5.4553e-17
 1504 4.93432e-15 -3.24184e-16 5.46289e-17
 1505 -2.46716e-15 -3.25608e-16 5.46112e-17
 1506 0 -3.25392e-16 5.45753e-17
 1507 -2.46716e-15 -3.26813e-16 5.45576e-17
 1508 0 -3.26596e-16 5.45218e-17
 1509 -2.46716e-15 -3.28015e-16 5.45042e-17
 1510 -2.46716e-15 -3.29432e-16 5.44865e-17
 1511 -2.46716e-15 -3.30846e-16 5.44688e-17
 1512 -1.23358e-15 -3.31443e-16 5.4436e-17
 1513 0 -3.31224e-16 5.44005e-17
 1514 0 -3.31006e-16 5.4365e-17
 1515 6.16791e-16 -3.3038e-16 5.43327e-17
 1516 0 -3.30162e-16 5.42973e-17
 1517 0 -3.29944e-16 5.42619e-17
 1518 -1.23358e-15 -3.3054e-16 5.42294e-17
 1519 -1.23358e-15 -3.31134e-16 5.4197e-17
 1520 0 -3.30916e-16 5.41617e-17
 1521 0 -3.30699e-16 5.41265e-17
 1522 -1.23358e-15 -3.31292e-16 5.40942e-17
 1523 -2.46716e-15 -3.32694e-16 5.40769e-17
 1524 0 -3.32476e-16 5.40418e-17
 1525 0 -3.32258e-16 5.40068e-17
 1526 -1.23358e-15 -3.32849e-16 5.39746e-17
 1527 0 -3.32631e-16 5.39397e-17
 1528 -2.46716e-15 -3.34028e-16 5.39225e-17
 1529 0 -3.33809e-16 5.38877e-17
 1530 0 -3.33591e-16 5.38529e-17
 1531 0 -3.33373e-16 5.38181e-17
 1532 -2.46716e-15 -3.34766e-16 5.3801e-17
 1533 -2.46716e-15 -3.36157e-16 5.37839e-17
 1534 0 -3.35938e-16 5.37493e-17
 1535 0 -3.35719e-16 5.37147e-17
 1536 0 -3.355e-16 5.36802e-17
 1537 -1.23358e-15 -3.36085e-16 5.36484e-17
 1538 0 -3.35866e-16 5.3614e-17
 1539 4.93432e-15 -3.32442e-16 5.36884e-17
 1540 0 -3.32226e-16 5.3654e-17
 1541 0 -3.3201e-16 5.36196e-17
 1542 0 -3.31795e-16 5.35853e-17
 1543 -2.46716e-15 -3.33179e-16 5.35684e-17
 1544 -2.46716e-15 -3.34561e-16 5.35515e-17
 1545 -2.46716e-15 -3.35941e-16 5.35347e-17
 1546 -1.23358e-15 -3.36522e-16 5.35032e-17
 1547 -2.46716e-15 -3.37899e-16 5.34863e-17
 1548 0 -3.37681e-16 5.34522e-17
 1549 0 -3.37463e-16 5.34181e-17
 1550 -2.46716e-15 -3.38837e-16 5.34013e-17
 1551 -2.46716e-15 -3.40209e-16 5.33845e-17
 1552 4.93432e-15 -3.36811e-16 5.34582e-17
 1553 -2.46716e-15 -3.38182e-16 5.34414e-17
 1554 -2.46716e-15 -3.39552e-16 5.34246e-17
 1555 -2.46716e-15 -3.40921e-16 5.34077e-17
 1556 -2.46716e-15 -3.42287e-16 5.33909e-17
 1557 -2.46716e-15 -3.43652e-16 5.3374e-17
 1558 -2.46716e-15 -3.45015e-16 5.33572e-17
 1559 0 -3.44793e-16 5.33234e-17
 1560 0 -3.44572e-16 5.32897e-17
 1561 -2.46716e-15 -3.45932e-16 5.32729e-17
 1562 -1.23358e-15 -3.465e-16 5.32418e-17
 1563 0 -3.46279e-16 5.32082e-17
 1564 0 -3.46057e-16 5.31746e-17
 1565 0 -3.45836e-16 5.31411e-17
 1566 0 -3.45615e-16 5.31076e-17
 1567 0 -3.45395e-16 5.30742e-17
 1568 0 -3.45175e-16 5.30408e-17
 1569 0 -3.44955e-16 5.30074e-17
 1570 4.93432e-15 -3.41592e-16 5.30802e-17
 1571 0 -3.41375e-16 5.30469e-17
 1572 0 -3.41157e-16 5.30136e-17
 1573 -2.46716e-15 -3.42509e-16 5.29971e-17
 1574 0 -3.42291e-16 5.29639e-17
 1575 0 -3.42074e-16 5.29307e-17
 1576 0 -3.41857e-16 5.28975e-17
 1577 0 -3.4164e-16 5.28644e-17
 1578 0 -3.41424e-16 5.28314e-17
 1579 -2.46716e-15 -3.4277e-16 5.2815e-17
 1580 0 -3.42553e-16 5.2782e-17
 1581 -1.23358e-15 -3.43117e-16 5.27517e-17
 1582 -2.46716e-15 -3.44459e-16 5.27354e-17
 1583 -2.46716e-15 -3.458e-16 5.27191e-17
 1584 4.93432e-15 -3.42467e-16 5.27912e-17
 1585 0 -3.42251e-16 5.27583e-17
 1586 4.93432e-15 -3.38924e-16 5.28299e-17
 1587 4.93432e-15 -3.35601e-16 5.29011e-17
 1588 4.93432e-15 -3.32282e-16 5.29718e-17
 1589 0 -3.32073e-16 5.29389e-17
 1590 0 -3.31864e-16 5.2906e-17
 1591 0 -3.31656e-16 5.28731e-17
 1592 4.93432e-15 -3.28348e-16 5.29433e-17
 1593 -2.46716e-15 -3.29691e-16 5.29271e-17
 1594 0 -3.29484e-16 5.28943e-17
 1595 0 -3.29277e-16 5.28615e-17
 1596 4.93432e-15 -3.25979e-16 5.29312e-17
 1597 4.93432e-15 -3.22685e-16 5.30005e-17
 1598 0 -3.22483e-16 5.29677e-17
 1599 -2.46716e-15 -3.23825e-16 5.29516e-17
 1600 0 -3.23622e-16 5.29189e-17
 1601 0 -3.2342e-16 5.28862e-17
 1602 -2.46716e-15 -3.24758e-16 5.28701e-17
 1603 0 -3.24556e-16 5.28375e-17
 1604 0 -3.24353e-16 5.2805e-17
 1605 0 -3.24151e-16 5.27724e-17
 1606 0 -3.23949e-16 5.27399e-17
 1607 4.93432e-15 -3.20677e-16 5.28086e-17
 1608 4.93432e-15 -3.17409e-16 5.28768e-17
 1609 4.93432e-15 -3.14145e-16 5.29447e-17
 1610 4.93432e-15 -3.10885e-16 5.30121e-17
 1611 0 -3.10692e-16 5.29795e-17
 1612 4.93432e-15 -3.07439e-16 5.30465e-17
 1613 0 -3.07248e-16 5.3014e-17
 1614 0 -3.07058e-16 5.29815e-17
 1615 -2.46716e-15 -3.08395e-16 5.29655e-17
 1616 -2.46716e-15 -3.09731e-16 5.29496e-17
 1617 0 -3.0954e-16 5.29172e-17
 1618 -2.46716e-15 -3.10873e-16 5.29013e-17
 1619 0 -3.10681e-16 5.28689e-17
 1620 -2.46716e-15 -3.12012e-16 5.28531e-17
 1621 4.93432e-15 -3.08776e-16 5.29195e-17
 1622 4.93432e-15 -3.05543e-16 5.29856e-17
 1623 4.93432e-15 -3.02315e-16 5.30512e-17
 1624 0 -3.02129e-16 5.30189e-17
 1625 4.93432e-15 -2.98906e-16 5.30842e-17
 1626 0 -2.98722e-16 5.30518e-17
 1627 0 -2.98539e-16 5.30195e-17
 1628 0 -2.98355e-16 5.29873e-17
 1629 0 -2.98172e-16 5.2955e-17
 1630 0 -2.97989e-16 5.29229e-17
 1631 0 -2.97807e-16 5.28907e-17
 1632 0 -2.97624e-16 5.28586e-17
 1633 -2.46716e-15 -2.98953e-16 5.28429e-17
 1634 0 -2.9877e-16 5.28109e-17
 1635 0 -2.98587e-16 5.27789e-17
 1636 0 -2.98404e-16 5.2747e-17
 1637 -2.46716e-15 -2.99729e-16 5.27314e-17
 1638 -1.23358e-15 -3.00299e-16 5.27022e-17
 1639 -2.46716e-15 -3.01622e-16 5.26867e-17
 1640 -1.23358e-15 -3.0219e-16 5.26576e-17
 1641 0 -3.02006e-16 5.26258e-17
 1642 -2.46716e-15 -3.03324e-16 5.26103e-17
 1643 0 -3.0314e-16 5.25786e-17
 1644 0 -3.02955e-16 5.25469e-17
 1645 0 -3.02771e-16 5.25153e-17
 1646 -2.46716e-15 -3.04086e-16 5.24998e-17
 1647 -2.46716e-15 -3.05399e-16 5.24844e-17
 1648 0 -3.05214e-16 5.24529e-17
 1649 0 -3.05029e-16 5.24214e-17
 1650 0 -3.04844e-16 5.23899e-17
 1651 0 -3.04659e-16 5.23585e-17
 1652 0 -3.04475e-16 5.23271e-17
 1653 -1.23358e-15 -3.05037e-16 5.22985e-17
 1654 -2.46716e-15 -3.06344e-16 5.22832e-17
 1655 0 -3.06159e-16 5.22519e-17
 1656 0 -3.05974e-16 5.22207e-17
 1657 4.93432e-15 -3.02812e-16 5.22849e-17
 1658 -2.46716e-15 -3.04117e-16 5.22697e-17
 1659 -2.46716e-15 -3.05421e-16 5.22544e-17
 1660 0 -3.05237e-16 5.22232e-17
 1661 -2.46716e-15 -3.06539e-16 5.2208e-17
 1662 -2.46716e-15 -3.07839e-16 5.21928e-17
 1663 0 -3.07654e-16 5.21617e-17
 1664 0 -3.07469e-16 5.21307e-17
 1665 -2.46716e-15 -3.08766e-16 5.21155e-17
 1666 0 -3.0858e-16 5.20846e-17
 1667 0 -3.08395e-16 5.20536e-17
 1668 -2.46716e-15 -3.0969e-16 5.20385e-17
 1669 0 -3.09504e-16 5.20077e-17
 1670 0 -3.09319e-16 5.19768e-17
 1671 -1.23358e-15 -3.09872e-16 5.19487e-17
 1672 0 -3.09686e-16 5.19179e-17
 1673 -2.46716e-15 -3.10976e-16 5.19029e-17
 1674 0 -3.1079e-16 5.18722e-17
 1675 -2.46716e-15 -3.12078e-16 5.18572e-17
 1676 -2.46716e-15 -3.13363e-16 5.18422e-17
 1677 -2.46716e-15 -3.14648e-16 5.18272e-17
 1678 0 -3.1446e-16 5.17967e-17
 1679 0 -3.14273e-16 5.17661e-17
 1680 4.93432e-15 -3.11149e-16 5.18296e-17
 1681 0 -3.10964e-16 5.1799e-17
 1682 0 -3.10779e-16 5.17686e-17
 1683 0 -3.10594e-16 5.17381e-17
 1684 -2.46716e-15 -3.11875e-16 5.17233e-17
 1685 -1.23358e-15 -3.12422e-16 5.16954e-17
 1686 0 -3.12237e-16 5.16651e-17
 1687 -1.23358e-15 -3.12783e-16 5.16374e-17
 1688 0 -3.12597e-16 5.16071e-17
 1689 -1.23358e-15 -3.13143e-16 5.15794e-17
 1690 -1.23358e-15 -3.13687e-16 5.15518e-17
 1691 0 -3.13502e-16 5.15216e-17
 1692 -1.23358e-15 -3.14046e-16 5.1494e-17
 1693 0 -3.1386e-16 5.14639e-17
 1694 0 -3.13675e-16 5.14339e-17
 1695 0 -3.1349e-16 5.14038e-17
 1696 0 -3.13305e-16 5.13739e-17
 1697 -2.46716e-15 -3.14574e-16 5.13593e-17
 1698 4.93432e-15 -3.11483e-16 5.1422e-17
 1699 0 -3.113e-16 5.13921e-17
 1700 0 -3.11116e-16 5.13621e-17
 1701 -2.46716e-15 -3.12384e-16 5.13476e-17
 1702 0 -3.122e-16 5.13177e-17
 1703 4.93432e-15 -3.0912e-16 5.138e-17
 1704 -2.46716e-15 -3.10386e-16 5.13655e-17
 1705 0 -3.10204e-16 5.13357e-17
 1706 -2.46716e-15 -3.11468e-16 5.13212e-17
 1707 -2.46716e-15 -3.12731e-16 5.13066e-17
 1708 -2.46716e-15 -3.13993e-16 5.12921e-17
 1709 0 -3.13809e-16 5.12624e-17
 1710 -2.46716e-15 -3.15068e-16 5.12479e-17
 1711 0 -3.14884e-16 5.12183e-17
 1712 -2.46716e-15 -3.16141e-16 5.12038e-17
 1713 -2.46716e-15 -3.17397e-16 5.11893e-17
 1714 0 -3.17212e-16 5.11597e-17
 1715 0 -3.17027e-16 5.11302e-17
 1716 0 -3.16842e-16 5.11008e-17
 1717 4.93432e-15 -3.13784e-16 5.11625e-17
 1718 -2.46716e-15 -3.15037e-16 5.1148e-17
 1719 -2.46716e-15 -3.16289e-16 5.11336e-17
 1720 4.93432e-15 -3.13236e-16 5.1195e-17
 1721 -2.46716e-15 -3.14488e-16 5.11805e-17
 1722 -2.46716e-15 -3.15738e-16 5.11661e-17
 1723 -1.23358e-15 -3.16271e-16 5.11391e-17
 1724 0 -3.16087e-16 5.11098e-17
 1725 0 -3.15904e-16 5.10805e-17
 1726 -2.46716e-15 -3.1715e-16 5.10661e-17
 1727 -2.46716e-15 -3.18395e-16 5.10517e-17
 1728 0 -3.18211e-16 5.10225e-17
 1729 0 -3.18027e-16 5.09933e-17
 1730 -1.23358e-15 -3.18556e-16 5.09666e-17
 1731 -1.23358e-15 -3.19085e-16 5.09398e-17
 1732 -2.46716e-15 -3.20325e-16 5.09255e-17
 1733 0 -3.2014e-16 5.08965e-17
 1734 0 -3.19956e-16 5.08674e-17
 1735 0 -3.19771e-16 5.08385e-17
 1736 -2.46716e-15 -3.21008e-16 5.08242e-17
 1737 -1.23358e-15 -3.21534e-16 5.07977e-17
 1738 0 -3.21349e-16 5.07688e-17
 1739 -2.46716e-15 -3.22583e-16 5.07546e-17
 1740 0 -3.22397e-16 5.07257e-17
 1741 -1.23358e-15 -3.22921e-16 5.06993e-17
 1742 -1.23358e-15 -3.23443e-16 5.06729e-17
 1743 -1.23358e-15 -3.23965e-16 5.06465e-17
 1744 0 -3.2378e-16 5.06178e-17
 1745 -2.46716e-15 -3.25008e-16 5.06037e-17
 1746 -2.46716e-15 -3.26235e-16 5.05895e-17
 1747 -2.46716e-15 -3.2746e-16 5.05754e-17
 1748 0 -3.27273e-16 5.05468e-17
 1749 -2.46716e-15 -3.28497e-16 5.05327e-17
 1750 -2.46716e-15 -3.29719e-16 5.05186e-17
 1751 0 -3.2953e-16 5.04901e-17
 1752 0 -3.29342e-16 5.04617e-17
 1753 -1.23358e-15 -3.29858e-16 5.04355e-17
 1754 0 -3.2967e-16 5.04071e-17
 1755 -2.46716e-15 -3.30888e-16 5.03931e-17
 1756 -1.23358e-15 -3.31402e-16 5.0367e-17
 1757 -1.23358e-15 -3.31915e-16 5.03409e-17
 1758 0 -3.31727e-16 5.03127e-17
 1759 0 -3.31538e-16 5.02844e-17
 1760 -2.46716e-15 -3.32752e-16 5.02705e-17
 1761 0 -3.32563e-16 5.02423e-17
 1762 -2.46716e-15 -3.33774e-16 5.02284e-17
 1763 0 -3.33585e-16 5.02002e-17
 1764 0 -3.33396e-16 5.01721e-17
 1765 0 -3.33207e-16 5.0144e-17
 1766 -2.46716e-15 -3.34415e-16 5.01302e-17
 1767 0 -3.34226e-16 5.01022e-17
 1768 -1.23358e-15 -3.34734e-16 5.00764e-17
 1769 -2.46716e-15 -3.3594e-16 5.00626e-17
 1770 -2.46716e-15 -3.37144e-16 5.00488e-17
 1771 0 -3.36954e-16 5.00209e-17
 1772 -1.23358e-15 -3.3746e-16 4.99952e-17
 1773 0 -3.37269e-16 4.99674e-17
 1774 -2.46716e-15 -3.3847e-16 4.99536e-17
 1775 4.93432e-15 -3.35499e-16 5.00138e-17
 1776 4.93432e-15 -3.32532e-16 5.00736e-17
 1777 -2.46716e-15 -3.33733e-16 5.00598e-17
 1778 0 -3.33546e-16 5.0032e-17
 1779 0 -3.33358e-16 5.00042e-17
 1780 -2.46716e-15 -3.34557e-16 4.99905e-17
 1781 -2.46716e-15 -3.35754e-16 4.99768e-17
 1782 -2.46716e-15 -3.3695e-16 4.9963e-17
 1783 0 -3.36761e-16 4.99354e-17
 1784 -2.46716e-15 -3.37956e-16 4.99217e-17
 1785 4.93432e-15 -3.35002e-16 4.9981e-17
 1786 4.93432e-15 -3.32052e-16 5.00401e-17
 1787 4.93432e-15 -3.29105e-16 5.00988e-17
 1788 0 -3.2892e-16 5.00712e-17
 1789 4.93432e-15 -3.25978e-16 5.01296e-17
 1790 0 -3.25796e-16 5.01019e-17
 1791 0 -3.25614e-16 5.00742e-17
 1792 4.93432e-15 -3.22679e-16 5.01323e-17
 1793 0 -3.22499e-16 5.01046e-17
 1794 -2.46716e-15 -3.23695e-16 5.0091e-17
 1795 0 -3.23514e-16 5.00634e-17
 1796 0 -3.23334e-16 5.00358e-17
 1797 -1.23358e-15 -3.23841e-16 5.00105e-17
 1798 0 -3.23661e-16 4.9983e-17
 1799 0 -3.23481e-16 4.99556e-17
 1800 0 -3.23301e-16 4.99281e-17
 1801 4.93432e-15 -3.20382e-16 4.99857e-17
 1802 4.93432e-15 -3.17466e-16 5.0043e-17
 1803 -2.46716e-15 -3.18658e-16 5.00294e-17
 1804 4.93432e-15 -3.15746e-16 5.00864e-17
 1805 -2.46716e-15 -3.16938e-16 5.00729e-17
 1806 -2.46716e-15 -3.18129e-16 5.00593e-17
 1807 0 -3.17953e-16 5.00319e-17
 1808 0 -3.17777e-16 5.00045e-17
 1809 -2.46716e-15 -3.18965e-16 4.9991e-17
 1810 -1.23358e-15 -3.1947e-16 4.99659e-17
 1811 -1.23358e-15 -3.19975e-16 4.99409e-17
 1812 0 -3.19798e-16 4.99136e-17
 1813 0 -3.19622e-16 4.98864e-17
 1814 0 -3.19446e-16 4.98592e-17
 1815 0 -3.1927e-16 4.9832e-17
 1816 -1.23358e-15 -3.19773e-16 4.98071e-17
 1817 0 -3.19597e-16 4.978e-17
 1818 0 -3.19422e-16 4.97529e-17
 1819 -2.46716e-15 -3.20602e-16 4.97396e-17
 1820 0 -3.20426e-16 4.97126e-17
 1821 -2.46716e-15 -3.21605e-16 4.96992e-17
 1822 -1.23358e-15 -3.22106e-16 4.96745e-17
 1823 -2.46716e-15 -3.23282e-16 4.96612e-17
 1824 -2.46716e-15 -3.24458e-16 4.96478e-17
 1825 -2.46716e-15 -3.25632e-16 4.96345e-17
 1826 -2.46716e-15 -3.26804e-16 4.96212e-17
 1827 0 -3.26626e-16 4.95943e-17
 1828 -2.46716e-15 -3.27797e-16 4.9581e-17
 1829 -2.46716e-15 -3.28966e-16 4.95677e-17
 1830 -2.46716e-15 -3.30135e-16 4.95544e-17
 1831 -2.46716e-15 -3.31302e-16 4.95411e-17
 1832 -2.46716e-15 -3.32468e-16 4.95278e-17
 1833 -2.46716e-15 -3.33632e-16 4.95144e-17
 1834 -2.46716e-15 -3.34796e-16 4.95011e-17
 1835 -2.46716e-15 -3.35958e-16 4.94878e-17
 1836 0 -3.35775e-16 4.94611e-17
 1837 4.93432e-15 -3.32906e-16 4.95174e-17
 1838 0 -3.32725e-16 4.94908e-17
 1839 0 -3.32544e-16 4.94642e-17
 1840 -2.46716e-15 -3.33704e-16 4.94509e-17
 1841 4.93432e-15 -3.30842e-16 4.95068e-17
 1842 0 -3.30663e-16 4.94802e-17
 1843 0 -3.30483e-16 4.94537e-17
 1844 -2.46716e-15 -3.31642e-16 4.94405e-17
 1845 -2.46716e-15 -3.32799e-16 4.94272e-17
 1846 0 -3.32619e-16 4.94007e-17
 1847 0 -3.32439e-16 4.93743e-17
 1848 -1.23358e-15 -3.32927e-16 4.935e-17
 1849 -2.46716e-15 -3.34081e-16 4.93368e-17
 1850 0 -3.339e-16 4.93105e-17
 1851 0 -3.3372e-16 4.92842e-17
 1852 4.93432e-15 -3.30876e-16 4.93396e-17
 1853 0 -3.30697e-16 4.93133e-17
 1854 4.93432e-15 -3.27857e-16 4.93684e-17
 1855 4.93432e-15 -3.2502e-16 4.94233e-17
 1856 0 -3.24845e-16 4.9397e-17
 1857 0 -3.2467e-16 4.93707e-17
 1858 -2.46716e-15 -3.25823e-16 4.93576e-17
 1859 0 -3.25648e-16 4.93313e-17
 1860 -2.46716e-15 -3.268e-16 4.93182e-17
 1861 -2.46716e-15 -3.2795e-16 4.93051e-17
 1862 0 -3.27774e-16 4.9279e-17
 1863 -2.46716e-15 -3.28922e-16 4.92659e-17
 1864 -2.46716e-15 -3.30069e-16 4.92528e-17
 1865 0 -3.29892e-16 4.92267e-17
 1866 -2.46716e-15 -3.31037e-16 4.92136e-17
 1867 -2.46716e-15 -3.32182e-16 4.92006e-17
 1868 0 -3.32004e-16 4.91746e-17
 1869 0 -3.31826e-16 4.91486e-17
 1870 0 -3.31649e-16 4.91226e-17
 1871 -2.46716e-15 -3.3279e-16 4.91096e-17
 1872 0 -3.32612e-16 4.90837e-17
 1873 0 -3.32435e-16 4.90578e-17
 1874 -1.23358e-15 -3.32916e-16 4.9034e-17
 1875 -1.23358e-15 -3.33396e-16 4.90102e-17
 1876 -1.23358e-15 -3.33876e-16 4.89864e-17
 1877 0 -3.33698e-16 4.89606e-17
 1878 0 -3.3352e-16 4.89348e-17
 1879 -2.46716e-15 -3.34656e-16 4.8922e-17
 1880 -1.23358e-15 -3.35134e-16 4.88983e-17
 1881 0 -3.34956e-16 4.88726e-17
 1882 -2.46716e-15 -3.36089e-16 4.88598e-17
 1883 0 -3.3591e-16 4.88341e-17
 1884 0 -3.35732e-16 4.88085e-17
 1885 -1.23358e-15 -3.36208e-16 4.8785e-17
 1886 -2.46716e-15 -3.37338e-16 4.87722e-17
 1887 0 -3.37159e-16 4.87466e-17
 1888 -2.46716e-15 -3.38287e-16 4.87339e-17
 1889 4.93432e-15 -3.35496e-16 4.8788e-17
 1890 0 -3.35319e-16 4.87625e-17
 1891 0 -3.35141e-16 4.8737e-17
 1892 0 -3.34964e-16 4.87116e-17
 1893 -2.46716e-15 -3.36091e-16 4.86989e-17
 1894 -2.46716e-15 -3.37216e-16 4.86861e-17
 1895 -2.46716e-15 -3.3834e-16 4.86734e-17
 1896 -1.23358e-15 -3.38812e-16 4.865e-17
 1897 -2.46716e-15 -3.39934e-16 4.86373e-17
 1898 0 -3.39755e-16 4.8612e-17
 1899 -1.23358e-15 -3.40225e-16 4.85887e-17
 1900 -2.46716e-15 -3.41345e-16 4.8576e-17
 1901 -2.46716e-15 -3.42463e-16 4.85633e-17
 1902 0 -3.42283e-16 4.85381e-17
 1903 -2.46716e-15 -3.434e-16 4.85255e-17
 1904 -1.23358e-15 -3.43867e-16 4.85022e-17
 1905 -2.46716e-15 -3.44982e-16 4.84896e-17
 1906 0 -3.44801e-16 4.84645e-17
 1907 0 -3.4462e-16 4.84394e-17
 1908 -2.46716e-15 -3.45732e-16 4.84268e-17
 1909 0 -3.45551e-16 4.84017e-17
 1910 -2.46716e-15 -3.46662e-16 4.83891e-17
 1911 0 -3.46481e-16 4.83641e-17
 1912 4.93432e-15 -3.43719e-16 4.84177e-17
 1913 4.93432e-15 -3.4096e-16 4.8471e-17
 1914 4.93432e-15 -3.38204e-16 4.8524e-17
 1915 4.93432e-15 -3.3545e-16 4.85767e-17
 1916 0 -3.35275e-16 4.85517e-17
 1917 0 -3.351e-16 4.85266e-17
 1918 0 -3.34926e-16 4.85017e-17
 1919 0 -3.34751e-16 4.84767e-17
 1920 4.93432e-15 -3.32007e-16 4.85291e-17
 1921 -2.46716e-15 -3.33118e-16 4.85166e-17
 1922 -2.46716e-15 -3.34229e-16 4.8504e-17
 1923 4.93432e-15 -3.31489e-16 4.85561e-17
 1924 4.93432e-15 -3.28752e-16 4.8608e-17
 1925 -2.46716e-15 -3.29863e-16 4.85955e-17
 1926 0 -3.29692e-16 4.85705e-17
 1927 -2.46716e-15 -3.30801e-16 4.8558e-17
 1928 0 -3.30629e-16 4.85331e-17
 1929 0 -3.30458e-16 4.85082e-17
 1930 0 -3.30287e-16 4.84834e-17
 1931 -2.46716e-15 -3.31393e-16 4.84709e-17
 1932 0 -3.31222e-16 4.84461e-17
 1933 0 -3.3105e-16 4.84213e-17
 1934 -2.46716e-15 -3.32155e-16 4.84089e-17
 1935 0 -3.31983e-16 4.83842e-17
 1936 -2.46716e-15 -3.33086e-16 4.83718e-17
 1937 0 -3.32914e-16 4.83471e-17
 1938 -1.23358e-15 -3.33379e-16 4.83244e-17
 1939 -1.23358e-15 -3.33843e-16 4.83017e-17
 1940 -1.23358e-15 -3.34307e-16 4.8279e-17
 1941 -2.46716e-15 -3.35406e-16 4.82666e-17
 1942 -2.46716e-15 -3.36503e-16 4.82543e-17
 1943 -2.46716e-15 -3.376e-16 4.82419e-17
 1944 0 -3.37426e-16 4.82174e-17
 1945 0 -3.37253e-16 4.81929e-17
 1946 0 -3.3708e-16 4.81684e-17
 1947 -2.46716e-15 -3.38174e-16 4.81561e-17
 1948 0 -3.38e-16 4.81317e-17
 1949 0 -3.37827e-16 4.81073e-17
 1950 0 -3.37653e-16 4.80829e-17
 1951 0 -3.3748e-16 4.80586e-17
 1952 -2.46716e-15 -3.38571e-16 4.80464e-17
 1953 -2.46716e-15 -3.39661e-16 4.80341e-17
 1954 0 -3.39487e-16 4.80098e-17
 1955 -2.46716e-15 -3.40576e-16 4.79976e-17
 1956 0 -3.40402e-16 4.79734e-17
 1957 -2.46716e-15 -3.41488e-16 4.79612e-17
 1958 0 -3.41314e-16 4.7937e-17
 1959 -2.46716e-15 -3.42399e-16 4.79248e-17
 1960 0 -3.42224e-16 4.79007e-17
 1961 0 -3.4205e-16 4.78766e-17
 1962 0 -3.41876e-16 4.78525e-17
 1963 -2.46716e-15 -3.42958e-16 4.78403e-17
 1964 -2.46716e-15 -3.4404e-16 4.78282e-17
 1965 0 -3.43865e-16 4.78042e-17
 1966 -1.23358e-15 -3.44317e-16 4.7782e-17
 1967 -2.46716e-15 -3.45396e-16 4.77699e-17
 1968 0 -3.45221e-16 4.77459e-17
 1969 0 -3.45046e-16 4.7722e-17
 1970 0 -3.4487e-16 4.76981e-17
 1971 0 -3.44695e-16 4.76742e-17
 1972 0 -3.44521e-16 4.76503e-17
 1973 0 -3.44346e-16 4.76265e-17
 1974 0 -3.44172e-16 4.76027e-17
 1975 -2.46716e-15 -3.45247e-16 4.75907e-17
 1976 0 -3.45072e-16 4.7567e-17
 1977 0 -3.44897e-16 4.75432e-17
 1978 0 -3.44723e-16 4.75195e-17
 1979 4.93432e-15 -3.42055e-16 4.75703e-17
 1980 0 -3.41883e-16 4.75466e-17
 1981 0 -3.4171e-16 4.75229e-17
 1982 0 -3.41538e-16 4.74992e-17
 1983 -2.46716e-15 -3.4261e-16 4.74874e-17
 1984 0 -3.42437e-16 4.74638e-17
 1985 0 -3.42264e-16 4.74402e-17
 1986 -2.46716e-15 -3.43334e-16 4.74283e-17
 1987 0 -3.43162e-16 4.74048e-17
 1988 -2.46716e-15 -3.4423e-16 4.7393e-17
 1989 0 -3.44057e-16 4.73694e-17
 1990 -1.23358e-15 -3.44504e-16 4.73477e-17
 1991 0 -3.44331e-16 4.73243e-17
 1992 0 -3.44158e-16 4.73008e-17
 1993 -2.46716e-15 -3.45223e-16 4.72891e-17
 1994 -2.46716e-15 -3.46287e-16 4.72773e-17
 1995 0 -3.46114e-16 4.7254e-17
 1996 -1.23358e-15 -3.46558e-16 4.72324e-17
 1997 -1.23358e-15 -3.47003e-16 4.72108e-17
 1998 0 -3.46829e-16 4.71875e-17
 1999 -2.46716e-15 -3.4789e-16 4.71758e-17
 2000 -2.46716e-15 -3.48949e-16 4.71641e-17
