 1 9.6 9.6 0
 2 13.0667 11.3333 1.73333
 3 11.2667 11.3111 1.00099
 4 15 12.2333 1.16253
 5 17.0667 13.2 1.32111
 6 9.6 12.6 1.23432
 7 21.6 13.8857 1.65569
 8 26.6667 15.4833 2.14671
 9 21.6 16.163 2.01151
 10 26.6667 17.2133 2.08332
 11 15 17.0121 1.89515
 12 13.0667 16.6833 1.76099
 13 13.0667 16.4051 1.64359
 14 9.6 15.919 1.59742
 15 8.06667 15.3956 1.57657
 16 2.4 14.5833 1.68362
 17 3.26667 13.9176 1.71588
 18 1.66667 13.237 1.75509
 19 5.4 12.8246 1.71062
 20 5.4 12.4533 1.66475
 21 4.26667 12.0635 1.63078
 22 3.26667 11.6636 1.60548
 23 0.0666667 11.1594 1.61482
 24 0.266667 10.7056 1.61132
 25 0.0666667 10.28 1.60304
 26 0 9.88462 1.59009
 27 1.06667 9.55802 1.56453
 28 4.26667 9.36905 1.51942
 29 2.4 9.12874 1.48565
 30 6.66667 9.04667 1.43762
 31 17.0667 9.30538 1.41434
 32 17.0667 9.54792 1.39074
 33 5.4 9.42222 1.35378
 34 2.4 9.21569 1.3295
 35 11.2667 9.27429 1.29229
 36 13.0667 9.37963 1.26029
 37 17.0667 9.58739 1.24324
 38 11.2667 9.63158 1.21088
 39 8.06667 9.59145 1.18011
 40 17.0667 9.77833 1.16531
 41 13.0667 9.85854 1.13936
 42 9.6 9.85238 1.11192
 43 6.66667 9.77829 1.08828
 44 3.26667 9.6303 1.07351
 45 9.6 9.62963 1.04938
 46 6.66667 9.56522 1.02833
 47 5.4 9.4766 1.01011
 48 8.06667 9.44722 0.989279
 49 13.0667 9.52109 0.971691
 50 11.2667 9.556 0.952698
 51 1.66667 9.40131 0.946557
 52 2.4 9.26667 0.93789
 53 11.2667 9.3044 0.920798
 54 1.66667 9.16296 0.914588
 55 1.06667 9.01576 0.909793
 56 1.06667 8.87381 0.904605
 57 1.66667 8.74737 0.897544
 58 1.06667 8.61494 0.89182
 59 0.6 8.4791 0.887038
 60 0 8.33778 0.883504
 61 0.0666667 8.20219 0.879416
 62 0.0666667 8.07097 0.87501
 63 0.6 7.95238 0.869137
 64 1.06667 7.84479 0.862188
 65 3.26667 7.77436 0.851737
 66 15 7.88384 0.845848
 67 13.0667 7.96119 0.836711
 68 13.0667 8.03627 0.827727
 69 15 8.1372 0.821863
 70 15 8.23524 0.815948
 71 15 8.33052 0.809997
 72 8.06667 8.32685 0.798676
 73 11.2667 8.36712 0.788689
 74 1.06667 8.26847 0.784188
 75 6.66667 8.24711 0.773956
 76 2.4 8.17018 0.76757
 77 4.26667 8.11948 0.759231
 78 5.4 8.08462 0.750244
 79 21.6 8.2557 0.760188
 80 11.2667 8.29333 0.751568
 81 6.66667 8.27325 0.742503
 82 6.66667 8.25366 0.733654
 83 2.4 8.18313 0.728184
 84 8.06667 8.18175 0.719464
 85 5.4 8.14902 0.711703
 86 3.26667 8.09225 0.705666
 87 1.66667 8.01839 0.701407
 88 0.0666667 7.92803 0.699253
 89 1.66667 7.85768 0.694922
 90 0.6 7.77704 0.691873
 91 0.6 7.69817 0.688758
 92 0.6 7.62101 0.685586
 93 0.266667 7.54194 0.682769
 94 0.266667 7.46454 0.679886
 95 0.6 7.39228 0.676561
 96 2.4 7.34028 0.671493
 97 9.6 7.36357 0.664943
 98 4.26667 7.33197 0.658881
 99 3.26667 7.29091 0.653483
 100 0.266667 7.22067 0.650717
 101 0 7.14917 0.648197
 102 0.6 7.08497 0.645014
 103 0.0666667 7.01683 0.642346
 104 0.266667 6.95192 0.639442
 105 0.266667 6.88825 0.636515
 106 1.66667 6.83899 0.632403
 107 0.266667 6.77757 0.629469
 108 2.4 6.73704 0.624929
 109 3.26667 6.7052 0.619987
 110 2.4 6.66606 0.615571
 111 0.266667 6.60841 0.612718
 112 0 6.5494 0.610083
 113 0.6 6.49676 0.606948
 114 4.26667 6.47719 0.601918
 115 6.66667 6.47884 0.596663
 116 6.66667 6.48046 0.591499
 117 4.26667 6.46154 0.586727
 118 0.266667 6.40904 0.584098
 119 1.06667 6.36415 0.580906
 120 0.0666667 6.31167 0.57843
 121 0 6.2595 0.575997
 122 3.26667 6.23497 0.571782
 123 11.2667 6.27588 0.568588
 124 19.2667 6.38065 0.573632
 125 9.6 6.4064 0.569607
 126 0.0666667 6.35608 0.567304
 127 3.26667 6.33176 0.563345
 128 2.4 6.30104 0.55977
 129 1.06667 6.26047 0.556894
 130 0.6 6.21692 0.554306
 131 0.0666667 6.16997 0.552058
 132 0.6 6.12778 0.549483
 133 5.4 6.12231 0.545363
 134 3.26667 6.101 0.541697
 135 0.6 6.06025 0.539212
 136 0.266667 6.01765 0.536925
 137 0.0666667 5.97421 0.534758
 138 0.0666667 5.9314 0.532592
 139 0.0666667 5.88921 0.530428
 140 0.6 5.85143 0.527979
 141 3.26667 5.8331 0.524541
 142 0.6 5.79624 0.522136
 143 1.06667 5.76317 0.519526
 144 4.26667 5.75278 0.51601
 145 9.6 5.77931 0.513126
 146 6.66667 5.78539 0.509635
 147 6.66667 5.79138 0.506192
 148 4.26667 5.78108 0.502865
 149 0.266667 5.74407 0.500848
 150 3.26667 5.72756 0.497772
 151 8.06667 5.74305 0.494707
 152 0.266667 5.70702 0.492761
 153 0 5.66972 0.490949
 154 1.06667 5.63983 0.488665
 155 0.266667 5.60516 0.486738
 156 0.6 5.57308 0.484671
 157 0.266667 5.53928 0.482759
 158 3.26667 5.52489 0.479909
 159 1.06667 5.49686 0.477705
 160 6.66667 5.50417 0.474766
 161 3.26667 5.49027 0.472013
 162 1.66667 5.46667 0.469684
 163 1.66667 5.44335 0.467375
 164 0.6 5.41382 0.465454
 165 0.266667 5.38263 0.463675
 166 0.266667 5.35181 0.461903
 167 11.2667 5.38723 0.460493
 168 11.2667 5.42222 0.459079
 169 9.6 5.44694 0.457024
 170 8.06667 5.46235 0.454589
 171 19.2667 5.54308 0.459076
 172 11.2667 5.57636 0.457611
 173 6.66667 5.58266 0.455002
 174 1.06667 5.5567 0.453123
 175 1.06667 5.53105 0.451256
 176 0.266667 5.50114 0.449681
 177 1.06667 5.47608 0.447835
 178 5.4 5.47566 0.445312
 179 8.06667 5.49013 0.443053
 180 8.06667 5.50444 0.440818
 181 9.6 5.52707 0.438959
 182 2.4 5.50989 0.436878
 183 0 5.47978 0.435527
 184 0.266667 5.45145 0.434079
 185 0.266667 5.42342 0.432635
 186 1.66667 5.40323 0.430776
 187 1.66667 5.38324 0.428932
 188 0.266667 5.35603 0.427512
 189 0.0666667 5.32804 0.426163
 190 0.0666667 5.30035 0.424818
 191 0.266667 5.274 0.423409
 192 0.0666667 5.24688 0.42207
 193 0.0666667 5.22003 0.420735
 194 0.0666667 5.19347 0.419402
 195 0.266667 5.16821 0.41801
 196 2.4 5.15408 0.416112
 197 2.4 5.1401 0.41423
 198 1.06667 5.11953 0.412646
 199 2.4 5.10586 0.410795
 200 6.66667 5.11367 0.40881
 201 8.06667 5.12836 0.407036
 202 19.2667 5.19835 0.411019
 203 21.6 5.27915 0.416894
 204 11.2667 5.3085 0.415882
 205 13.0667 5.34634 0.415575
 206 19.2667 5.41392 0.419038
 207 8.06667 5.42673 0.417205
 208 2.4 5.41218 0.415449
 209 3.26667 5.40191 0.413584
 210 13.0667 5.43841 0.413225
 211 11.2667 5.46603 0.412189
 212 8.06667 5.4783 0.410423
 213 9.6 5.49765 0.40895
 214 4.26667 5.4919 0.407075
 215 1.66667 5.47411 0.405568
 216 1.66667 5.45648 0.40407
 217 0 5.43134 0.402989
 218 0.6 5.40917 0.401748
 219 2.4 5.39543 0.400145
 220 0.6 5.37364 0.398918
 221 0.0666667 5.34962 0.397835
 222 1.06667 5.33033 0.396508
 223 0 5.30643 0.395449
 224 0.266667 5.28393 0.394322
 225 0.266667 5.26163 0.393199
 226 0.0666667 5.23864 0.392129
 227 0.266667 5.21674 0.391012
 228 0.0666667 5.19415 0.389948
 229 0.0666667 5.17176 0.388886
 230 1.06667 5.15391 0.387603
 231 1.06667 5.13622 0.386327
 232 1.06667 5.11868 0.385058
 233 0.0666667 5.097 0.384014
 234 0.6 5.07778 0.382852
 235 1.06667 5.06071 0.381602
 236 0 5.03927 0.380586
 237 0.266667 5.01913 0.379511
 238 0.0666667 4.99832 0.378486
 239 3.26667 4.99107 0.376968
 240 0.266667 4.97139 0.37591
 241 5.4 4.97317 0.374351
 242 6.66667 4.98017 0.372867
 243 4.26667 4.97723 0.371341
 244 5.4 4.97896 0.36982
 245 8.06667 4.99156 0.368523
 246 2.4 4.98103 0.367173
 247 0.6 4.96329 0.366113
 248 0.0666667 4.94355 0.365168
 249 0.0666667 4.92396 0.364226
 250 1.66667 4.91093 0.363
 251 0.0666667 4.89163 0.362065
 252 0.0666667 4.87249 0.361134
 253 0.266667 4.85428 0.360164
 254 5.4 4.85643 0.35875
 255 5.4 4.85856 0.357346
 256 19.2667 4.91484 0.36037
 257 13.0667 4.94656 0.360363
 258 11.2667 4.97106 0.359799
 259 8.06667 4.98301 0.358606
 260 3.26667 4.97641 0.357285
 261 0.0666667 4.9576 0.356411
 262 1.66667 4.94504 0.35527
 263 0.6 4.92852 0.354302
 264 1.06667 4.91389 0.35326
 265 1.06667 4.89937 0.352224
 266 2.4 4.88997 0.351023
 267 9.6 4.90762 0.35015
 268 9.6 4.92512 0.349281
 269 3.26667 4.91896 0.348034
 270 9.6 4.9363 0.347176
 271 11.2667 4.95966 0.346681
 272 19.2667 5.01225 0.349386
 273 15 5.04884 0.350021
 274 13.0667 5.0781 0.349966
 275 15 5.11418 0.350553
 276 5.4 5.11522 0.349282
 277 2.4 5.10542 0.348157
 278 0.0666667 5.08729 0.347376
 279 2.4 5.07766 0.346262
 280 0.6 5.06167 0.345394
 281 0.0666667 5.04389 0.344621
 282 1.66667 5.03191 0.343606
 283 0.266667 5.01508 0.342803
 284 0.0666667 4.99765 0.342038
 285 1.06667 4.98386 0.341115
 286 0.6 4.96853 0.340265
 287 1.66667 4.95703 0.339273
 288 4.26667 4.95463 0.338101
 289 9.6 4.9707 0.337313
 290 6.66667 4.97655 0.336198
 291 6.66667 4.98236 0.335091
 292 3.26667 4.97648 0.333993
 293 3.26667 4.97065 0.332903
 294 2.4 4.9619 0.331884
 295 1.06667 4.9487 0.33102
 296 0.266667 4.93288 0.330279
 297 0.266667 4.91717 0.32954
 298 0.266667 4.90157 0.328803
 299 2.4 4.8932 0.327808
 300 4.26667 4.89111 0.32672
 301 0.0666667 4.87508 0.326027
 302 0.266667 4.85982 0.325304
 303 0.266667 4.84466 0.324583
 304 0.266667 4.82961 0.323863
 305 0.0666667 4.81399 0.323177
 306 0.0666667 4.79847 0.322493
 307 0.0666667 4.78306 0.32181
 308 1.66667 4.77294 0.320923
 309 1.66667 4.76289 0.320041
 310 2.4 4.75527 0.319098
 311 0.266667 4.74084 0.318397
 312 0.0666667 4.72585 0.317728
 313 0.6 4.71267 0.316986
 314 2.4 4.70531 0.316061
 315 2.4 4.69799 0.315141
 316 0.6 4.68502 0.314409
 317 0.6 4.67213 0.313681
 318 0.266667 4.65828 0.313
 319 0.6 4.64556 0.312276
 320 0.266667 4.63187 0.311599
 321 0.266667 4.61828 0.310925
 322 0.6 4.6058 0.310209
 323 1.66667 4.5967 0.309381
 324 0.266667 4.58333 0.308714
 325 1.06667 4.57251 0.307952
 326 0.0666667 4.55869 0.307317
 327 0.266667 4.54557 0.306657
 328 0.6 4.53354 0.305957
 329 1.06667 4.523 0.305208
 330 0 4.50929 0.30459
 331 0.266667 4.49648 0.303939
 332 0.0666667 4.48313 0.303316
 333 1.66667 4.47467 0.302522
 334 0.266667 4.46208 0.301878
 335 0.6 4.45055 0.301196
 336 2.4 4.44444 0.30036
 337 0.6 4.43304 0.299685
 338 1.06667 4.42308 0.298963
 339 0 4.41003 0.298365
 340 0.6 4.39882 0.297697
 341 1.66667 4.39081 0.296931
 342 3.26667 4.38752 0.29608
 343 5.4 4.39048 0.29523
 344 3.26667 4.38721 0.294389
 345 1.06667 4.37758 0.293692
 346 0.6 4.36667 0.293045
 347 0 4.35408 0.29247
 348 0.6 4.3433 0.291828
 349 0.0666667 4.33104 0.291249
 350 0.266667 4.31943 0.290647
 351 0.6 4.30883 0.290012
 352 3.26667 4.30587 0.289202
 353 0.0666667 4.29386 0.288631
 354 0.0666667 4.28192 0.288062
 355 0.0666667 4.27005 0.287495
 356 0.0666667 4.25824 0.28693
 357 0.0666667 4.2465 0.286365
 358 1.06667 4.23762 0.285703
 359 0.0666667 4.226 0.285142
 360 1.06667 4.21722 0.284485
 361 1.66667 4.21016 0.283783
 362 5.4 4.21344 0.283018
 363 6.66667 4.2202 0.282318
 364 9.6 4.23498 0.281929
 365 13.0667 4.25918 0.282194
 366 13.0667 4.28324 0.282449
 367 4.26667 4.2832 0.281679
 368 9.6 4.29764 0.281284
 369 9.6 4.31201 0.280888
 370 15 4.3409 0.281613
 371 21.6 4.38742 0.28468
 372 19.2667 4.42742 0.286717
 373 1.66667 4.42002 0.286043
 374 0.6 4.4098 0.28546
 375 0 4.39804 0.284941
 376 1.66667 4.39078 0.284275
 377 0.0666667 4.37931 0.283752
 378 0.266667 4.36843 0.283209
 379 0.0666667 4.35708 0.282689
 380 0.0666667 4.34579 0.28217
 381 2.4 4.34068 0.281475
 382 9.6 4.35445 0.281074
 383 11.2667 4.3725 0.28092
 384 9.6 4.38611 0.280518
 385 5.4 4.38874 0.2798
 386 6.66667 4.39465 0.279137
 387 17.0667 4.42739 0.280334
 388 6.66667 4.43316 0.27967
 389 8.06667 4.4425 0.279106
 390 4.26667 4.44205 0.27839
 391 2.4 4.43683 0.277726
 392 3.26667 4.43384 0.277033
 393 2.4 4.42867 0.276376
 394 2.4 4.42352 0.275721
 395 4.26667 4.42312 0.275023
 396 6.66667 4.42879 0.274386
 397 4.26667 4.42838 0.273694
 398 2.4 4.42328 0.273053
 399 0.0666667 4.41236 0.272587
 400 2.4 4.40733 0.271951
 401 0.6 4.39784 0.271438
 402 1.06667 4.38955 0.270889
 403 0.0666667 4.37883 0.270429
 404 0.266667 4.36865 0.26995
 405 1.06667 4.36049 0.269406
 406 0 4.34975 0.268956
 407 0.0666667 4.33923 0.268501
 408 0 4.32859 0.268053
 409 0 4.31801 0.267606
 410 0.0666667 4.30764 0.267154
 411 0 4.29716 0.266709
 412 0.266667 4.28738 0.266241
 413 0.266667 4.27764 0.265774
 414 1.06667 4.26989 0.265245
 415 4.26667 4.26988 0.264605
 416 8.06667 4.27901 0.264126
 417 6.66667 4.28473 0.263554
 418 5.4 4.2874 0.262936
 419 0.266667 4.2778 0.262483
 420 0.0666667 4.26778 0.262049
 421 1.06667 4.26017 0.261537
 422 0.0666667 4.25024 0.261105
 423 0.0666667 4.24035 0.260675
 424 2.4 4.23601 0.260096
 425 2.4 4.23169 0.259519
 426 1.06667 4.22426 0.259016
 427 0 4.21436 0.258598
 428 0.6 4.20592 0.258131
 429 0.0666667 4.19627 0.257709
 430 0.266667 4.18713 0.257272
 431 0.6 4.17881 0.256809
 432 0.6 4.17052 0.256348
 433 0 4.16089 0.255936
 434 0.0666667 4.15146 0.25552
 435 1.66667 4.14575 0.254996
 436 0 4.13624 0.254588
 437 3.26667 4.13425 0.254013
 438 3.26667 4.13227 0.25344
 439 1.66667 4.12665 0.252924
 440 4.26667 4.12697 0.252349
 441 5.4 4.12986 0.251793
 442 3.26667 4.1279 0.25123
 443 1.06667 4.12099 0.250757
 444 2.4 4.11712 0.250222
 445 1.66667 4.11161 0.24972
 446 4.26667 4.11196 0.249159
 447 1.66667 4.10649 0.248662
 448 0.0666667 4.09747 0.24827
 449 0.266667 4.08894 0.247863
 450 6.66667 4.09467 0.247378
 451 11.2667 4.11057 0.247341
 452 8.06667 4.11932 0.246948
 453 0.0666667 4.11038 0.246565
 454 0.0666667 4.10147 0.246182
 455 0.6 4.09377 0.245761
 456 0.0666667 4.08494 0.24538
 457 1.06667 4.07834 0.244932
 458 1.66667 4.07307 0.244453
 459 0.0666667 4.06434 0.244076
 460 0.266667 4.05609 0.243685
 461 0.266667 4.04787 0.243295
 462 1.06667 4.04141 0.242853
 463 1.06667 4.03499 0.242413
 464 0.6 4.02759 0.242003
 465 0.266667 4.0195 0.241618
 466 4.26667 4.02003 0.241099
 467 0.266667 4.01199 0.240717
 468 0.6 4.0047 0.240312
 469 6.66667 4.01038 0.239867
 470 2.4 4.00695 0.23938
 471 11.2667 4.02236 0.239368
 472 4.26667 4.02288 0.238861
 473 1.06667 4.01663 0.238438
 474 1.06667 4.01041 0.238015
 475 8.06667 4.01895 0.237667
 476 13.0667 4.03796 0.237928
 477 19.2667 4.06988 0.239565
 478 17.0667 4.09707 0.240605
 479 32.2667 4.15588 0.247199
 480 13.0667 4.17444 0.247381
 481 5.4 4.17699 0.24688
 482 2.4 4.17331 0.246395
 483 1.66667 4.16812 0.245939
 484 2.4 4.16446 0.245457
 485 5.4 4.16701 0.244964
 486 4.26667 4.16722 0.244459
 487 8.06667 4.17522 0.244088
 488 6.66667 4.18033 0.243641
 489 5.4 4.18282 0.243155
 490 5.4 4.18531 0.242671
 491 3.26667 4.18344 0.242184
 492 9.6 4.19444 0.241941
 493 6.66667 4.19946 0.241502
 494 8.06667 4.20729 0.24114
 495 3.26667 4.20539 0.24066
 496 3.26667 4.20349 0.240182
 497 5.4 4.2059 0.23971
 498 0.0666667 4.19759 0.239372
 499 0.266667 4.18971 0.239022
 500 4.26667 4.18987 0.238544
 501 1.66667 4.18483 0.23812
 502 5.4 4.18725 0.237658
 503 8.06667 4.19496 0.23731
 504 13.0667 4.21257 0.237492
 505 9.6 4.22323 0.237261
 506 5.4 4.22556 0.236803
 507 1.06667 4.21933 0.236418
 508 4.26667 4.21942 0.235952
 509 0.6 4.21231 0.235595
 510 4.26667 4.21242 0.235133
 511 1.66667 4.20744 0.234725
 512 0 4.19922 0.234411
 513 0.6 4.1922 0.234058
 514 0 4.18405 0.233745
 515 1.66667 4.17916 0.233342
 516 3.26667 4.17739 0.232896
 517 13.0667 4.19458 0.23308
 518 4.26667 4.19472 0.23263
 519 5.4 4.19705 0.232193
 520 2.4 4.19359 0.231771
 521 6.66667 4.19834 0.231375
 522 13.0667 4.21533 0.231555
 523 11.2667 4.22881 0.231505
 524 15 4.24936 0.231975
 525 13.0667 4.26616 0.232141
 526 5.4 4.26831 0.23171
 527 4.26667 4.26831 0.23127
 528 9.6 4.27841 0.231052
 529 9.6 4.28847 0.230834
 530 11.2667 4.30164 0.230774
 531 3.26667 4.29969 0.230347
 532 1.06667 4.29361 0.229994
 533 0.0666667 4.28568 0.229699
 534 2.4 4.28215 0.229296
 535 0.6 4.27526 0.22897
 536 2.4 4.27177 0.228569
 537 5.4 4.27387 0.228153
 538 8.06667 4.28092 0.227838
 539 21.6 4.31305 0.229673
 540 19.2667 4.34074 0.230914
 541 21.6 4.37264 0.232684
 542 26.6667 4.41378 0.235869
 543 24.0667 4.44997 0.2382
 544 13.0667 4.46581 0.238289
 545 5.4 4.46752 0.237857
 546 4.26667 4.46716 0.237421
 547 4.26667 4.46679 0.236987
 548 0.6 4.45973 0.23666
 549 6.66667 4.46375 0.236262
 550 1.66667 4.45867 0.235887
 551 5.4 4.46038 0.235465
 552 8.06667 4.46691 0.235129
 553 11.2667 4.4792 0.235025
 554 4.26667 4.47882 0.234601
 555 8.06667 4.48529 0.234267
 556 6.66667 4.48921 0.233878
 557 8.06667 4.49563 0.233546
 558 6.66667 4.49952 0.23316
 559 9.6 4.50865 0.232921
 560 6.66667 4.5125 0.232537
 561 1.06667 4.50636 0.232203
 562 0.266667 4.49881 0.231912
 563 1.06667 4.49272 0.23158
 564 0.266667 4.48522 0.23129
 565 1.06667 4.47917 0.23096
 566 0.266667 4.47173 0.230672
 567 0 4.46384 0.2304
 568 2.4 4.46021 0.230022
 569 0.266667 4.45284 0.229736
 570 0.266667 4.4455 0.22945
 571 0.6 4.43876 0.229147
 572 2.4 4.4352 0.228774
 573 5.4 4.43688 0.22838
 574 1.66667 4.43206 0.228033
 575 2.4 4.42852 0.227664
 576 1.66667 4.42373 0.227319
 577 2.4 4.42022 0.226951
 578 11.2667 4.43206 0.226868
 579 9.6 4.44099 0.226652
 580 8.06667 4.44724 0.226347
 581 17.0667 4.46896 0.226998
 582 21.6 4.4984 0.228512
 583 24.0667 4.53196 0.230575
 584 21.6 4.56119 0.232028
 585 19.2667 4.58632 0.232991
 586 15 4.6041 0.233271
 587 5.4 4.60545 0.232878
 588 3.26667 4.60317 0.232492
 589 6.66667 4.60668 0.232124
 590 11.2667 4.61797 0.232005
 591 6.66667 4.62143 0.231638
 592 0.6 4.61464 0.231346
 593 0.266667 4.60731 0.231072
 594 0.266667 4.6 0.230798
 595 1.06667 4.59406 0.230486
 596 0.266667 4.5868 0.230214
 597 0.6 4.58012 0.229925
 598 0.0666667 4.57258 0.229664
 599 4.26667 4.57206 0.229281
 600 3.26667 4.56989 0.228909
 601 4.26667 4.56938 0.228528
 602 2.4 4.56578 0.228177
 603 3.26667 4.56363 0.227808
 604 4.26667 4.56313 0.227431
 605 0 4.55559 0.22718
 606 0 4.54807 0.22693
 607 3.26667 4.54596 0.226565
 608 2.4 4.54243 0.22622
 609 9.6 4.55074 0.226001
 610 9.6 4.55902 0.225782
 611 8.06667 4.56476 0.225485
 612 5.4 4.56612 0.22512
 613 3.26667 4.564 0.224763
 614 1.66667 4.55928 0.224446
 615 0.0666667 4.55198 0.2242
 616 0 4.54459 0.223958
 617 0.0666667 4.53733 0.223712
 618 1.66667 4.53269 0.223398
 619 3.26667 4.53064 0.223046
 620 6.66667 4.53409 0.222713
 621 5.4 4.53548 0.222358
 622 9.6 4.54362 0.22215
 623 9.6 4.55174 0.221941
 624 2.4 4.54829 0.221612
 625 2.4 4.54485 0.221284
 626 0 4.53759 0.22105
 627 1.66667 4.53301 0.220744
 628 2.4 4.52962 0.220419
 629 1.06667 4.52411 0.220137
 630 0.6 4.51788 0.219875
 631 0.266667 4.51115 0.21963
 632 1.66667 4.50665 0.219328
 633 3.26667 4.50469 0.21899
 634 3.26667 4.50273 0.218653
 635 0.266667 4.49606 0.218411
 636 1.66667 4.49161 0.218112
 637 1.06667 4.48624 0.217836
 638 0.6 4.48015 0.21758
 639 9.6 4.48816 0.217387
 640 3.26667 4.48625 0.217055
 641 0.6 4.48019 0.216801
 642 1.66667 4.4758 0.216507
 643 4.26667 4.47548 0.216171
 644 8.06667 4.48106 0.215907
 645 1.06667 4.47576 0.215637
 646 4.26667 4.47544 0.215303
 647 6.66667 4.47883 0.214997
 648 15 4.49506 0.215278
 649 29.4 4.53344 0.218344
 650 29.4 4.57169 0.221339
 651 26.6667 4.60563 0.22359
 652 24.0667 4.63548 0.225233
 653 24.0667 4.66524 0.226848
 654 11.2667 4.67533 0.226726
 655 13.0667 4.68814 0.226742
 656 19.2667 4.71037 0.227484
 657 13.0667 4.72308 0.227493
 658 11.2667 4.73303 0.227365
 659 8.06667 4.73809 0.227076
 660 6.66667 4.74101 0.226751
 661 4.26667 4.74029 0.226408
 662 3.26667 4.73807 0.226077
 663 13.0667 4.75063 0.226085
 664 13.0667 4.76315 0.226091
 665 17.0667 4.78165 0.226508
 666 6.66667 4.78448 0.226185
 667 1.66667 4.77981 0.225894
 668 0.6 4.77355 0.225643
 669 0.6 4.76731 0.225392
 670 0.266667 4.7606 0.225155
 671 0.0666667 4.7536 0.224928
 672 15 4.76885 0.22511
 673 19.2667 4.79039 0.225805
 674 17.0667 4.80861 0.226205
 675 19.2667 4.83002 0.226883
 676 11.2667 4.83955 0.226747
 677 8.06667 4.84431 0.226462
 678 19.2667 4.86559 0.227126
 679 15 4.88051 0.227282
 680 11.2667 4.8899 0.227141
 681 4.26667 4.88899 0.226809
 682 5.4 4.88974 0.226478
 683 13.0667 4.90171 0.226463
 684 1.66667 4.89698 0.226181
 685 1.06667 4.89139 0.22592
 686 0 4.88426 0.225703
 687 1.66667 4.87957 0.225423
 688 0.0666667 4.87258 0.225203
 689 1.06667 4.86705 0.224944
 690 0.266667 4.86039 0.224717
 691 4.26667 4.85953 0.224393
 692 0.6 4.85337 0.224153
 693 0.6 4.84723 0.223914
 694 0.6 4.84111 0.223674
 695 0.6 4.83501 0.223436
 696 1.66667 4.83046 0.223161
 697 0.266667 4.82391 0.222937
 698 2.4 4.82044 0.222644
 699 11.2667 4.82966 0.222516
 700 9.6 4.83648 0.222303
 701 17.0667 4.85392 0.22267
 702 32.2667 4.89297 0.225756
 703 21.6 4.91674 0.226683
 704 17.0667 4.934 0.227018
 705 11.2667 4.94298 0.226874
 706 9.6 4.94958 0.226648
 707 6.66667 4.952 0.22634
 708 3.26667 4.94962 0.226033
 709 5.4 4.95026 0.225715
 710 1.06667 4.94479 0.225463
 711 1.06667 4.93933 0.225212
 712 0.0666667 4.93249 0.224999
 713 0.0666667 4.92567 0.224787
 714 0 4.91877 0.224578
 715 0 4.91189 0.224369
 716 0.266667 4.9054 0.22415
 717 0.0666667 4.89865 0.223939
 718 0 4.89183 0.223731
 719 5.4 4.89254 0.22342
 720 5.4 4.89324 0.223111
 721 15 4.90726 0.223242
 722 15 4.92124 0.22337
 723 29.4 4.95509 0.225616
 724 32.2667 4.99282 0.22844
 725 26.6667 5.02271 0.230075
 726 15 5.03646 0.230169
 727 9.6 5.04273 0.229938
 728 4.26667 5.04167 0.229624
 729 0.266667 5.03512 0.229403
 730 2.4 5.03151 0.229116
 731 6.66667 5.03374 0.228814
 732 17.0667 5.05018 0.229092
 733 29.4 5.0834 0.231178
 734 9.6 5.08955 0.230945
 735 3.26667 5.08707 0.230644
 736 0.0666667 5.08025 0.230431
 737 0.266667 5.07372 0.230211
 738 0.0666667 5.06694 0.229999
 739 0.266667 5.06044 0.229779
 740 0.0666667 5.05369 0.229568
 741 0.0666667 5.04696 0.229356
 742 1.06667 5.0416 0.22911
 743 0.6 5.03562 0.228879
 744 0.0666667 5.02894 0.228669
 745 0.0666667 5.02228 0.228459
 746 0.0666667 5.01564 0.228249
 747 0.0666667 5.00901 0.22804
 748 1.06667 5.00374 0.227796
 749 1.66667 4.99929 0.227535
 750 0.6 4.99342 0.227307
 751 1.66667 4.98899 0.227048
 752 1.66667 4.98457 0.226788
 753 1.06667 4.97937 0.226547
 754 1.06667 4.97418 0.226306
 755 0.6 4.96839 0.22608
 756 1.66667 4.96402 0.225823
 757 2.4 4.96063 0.22555
 758 4.26667 4.95972 0.225254
 759 0.6 4.95397 0.22503
 760 2.4 4.95061 0.224759
 761 0 4.94411 0.224558
 762 3.26667 4.94191 0.224274
 763 3.26667 4.93971 0.22399
 764 3.26667 4.93752 0.223708
 765 11.2667 4.9458 0.223568
 766 8.06667 4.94987 0.223313
 767 5.4 4.95046 0.223023
 768 9.6 4.95651 0.222815
 769 11.2667 4.96472 0.222676
 770 8.06667 4.96874 0.222423
 771 11.2667 4.97691 0.222284
 772 4.26667 4.97599 0.221998
 773 4.26667 4.97508 0.221713
 774 1.66667 4.9708 0.221467
 775 9.6 4.97677 0.221262
 776 8.06667 4.98076 0.221013
 777 6.66667 4.98293 0.220739
 778 8.06667 4.98689 0.22049
 779 15 4.99974 0.220582
 780 24.0667 5.02419 0.221651
 781 19.2667 5.04242 0.222117
 782 13.0667 5.05269 0.22207
 783 13.0667 5.06292 0.222022
 784 11.2667 5.07083 0.22188
 785 19.2667 5.08892 0.222334
 786 11.2667 5.09678 0.22219
 787 6.66667 5.09877 0.221916
 788 3.26667 5.09645 0.221647
 789 0.0666667 5.09007 0.221457
 790 1.66667 5.08574 0.221219
 791 13.0667 5.09583 0.22117
 792 11.2667 5.10362 0.221028
 793 9.6 5.10929 0.220821
 794 5.4 5.10966 0.220543
 795 17.0667 5.1247 0.220779
 796 19.2667 5.14246 0.221216
 797 13.0667 5.1524 0.221162
 798 6.66667 5.1543 0.220893
 799 6.66667 5.1562 0.220624
 800 3.26667 5.15383 0.220361
 801 9.6 5.15938 0.220155
 802 5.4 5.15968 0.219881
 803 9.6 5.16521 0.219677
 804 3.26667 5.16285 0.219416
 805 0.266667 5.15677 0.219228
 806 1.06667 5.1517 0.219014
 807 2.4 5.14829 0.218769
 808 3.26667 5.14596 0.218511
 809 5.4 5.14627 0.218241
 810 1.66667 5.14198 0.218013
 811 1.06667 5.13695 0.217802
 812 1.06667 5.13194 0.217592
 813 0.6 5.12636 0.217395
 814 0.6 5.1208 0.217199
 815 2.4 5.11746 0.216958
 816 3.26667 5.1152 0.216704
 817 3.26667 5.11293 0.216451
 818 0.266667 5.10701 0.216267
 819 0.6 5.10151 0.216073
 820 4.26667 5.10049 0.215812
 821 5.4 5.10085 0.215549
 822 0.266667 5.09497 0.215367
 823 1.66667 5.09081 0.215145
 824 1.66667 5.08665 0.214924
 825 1.06667 5.08178 0.214719
 826 2.4 5.07853 0.214483
 827 0.266667 5.07271 0.214303
 828 3.26667 5.07053 0.214055
 829 5.4 5.07093 0.213797
 830 8.06667 5.07454 0.21357
 831 2.4 5.07132 0.213337
 832 6.66667 5.07324 0.213089
 833 2.4 5.07003 0.212857
 834 0 5.06395 0.212689
 835 1.66667 5.05988 0.212473
 836 1.06667 5.0551 0.212272
 837 0.6 5.04978 0.212085
 838 0.0666667 5.04383 0.211915
 839 0.0666667 5.0379 0.211746
 840 1.06667 5.03317 0.211546
 841 1.66667 5.02917 0.211333
 842 2.4 5.02605 0.211105
 843 1.06667 5.02135 0.210906
 844 5.4 5.0218 0.210657
 845 5.4 5.02225 0.210408
 846 9.6 5.02766 0.210229
 847 6.66667 5.02959 0.209989
 848 6.66667 5.03153 0.20975
 849 1.66667 5.02756 0.209541
 850 0.266667 5.02196 0.209369
 851 3.26667 5.0199 0.209133
 852 11.2667 5.02723 0.209016
 853 15 5.03892 0.209098
 854 19.2667 5.05558 0.209516
 855 15 5.06721 0.209594
 856 13.0667 5.07656 0.209557
 857 3.26667 5.07445 0.209323
 858 4.26667 5.0735 0.209081
 859 6.66667 5.07536 0.208846
 860 4.26667 5.07442 0.208605
 861 2.4 5.07131 0.208386
 862 3.26667 5.06922 0.208155
 863 1.06667 5.06458 0.207965
 864 0.266667 5.05903 0.207798
 865 0.6 5.05387 0.207622
 866 6.66667 5.05574 0.207391
 867 8.06667 5.05921 0.20718
 868 5.4 5.0596 0.206942
 869 3.26667 5.05754 0.206714
 870 1.06667 5.05295 0.206527
 871 1.66667 5.04906 0.206326
 872 0 5.04327 0.206171
 873 0.266667 5.0378 0.206007
 874 0.0666667 5.03211 0.20585
 875 1.06667 5.02758 0.205665
 876 0.266667 5.02215 0.205502
 877 0.0666667 5.0165 0.205345
 878 0.0666667 5.01086 0.205188
 879 1.66667 5.00705 0.20499
 880 1.66667 5.00326 0.204792
 881 2.4 5.0003 0.204581
 882 5.4 5.00076 0.204349
 883 6.66667 5.00264 0.204127
 884 1.06667 4.99819 0.203944
 885 6.66667 5.00008 0.203722
 886 1.66667 4.99631 0.203527
 887 3.26667 4.99436 0.203307
 888 1.66667 4.99062 0.203112
 889 3.26667 4.98868 0.202893
 890 2.4 4.98577 0.202686
 891 4.26667 4.98496 0.20246
 892 1.66667 4.98124 0.202267
 893 1.06667 4.97686 0.202088
 894 9.6 4.98203 0.201928
 895 5.4 4.9825 0.201703
 896 8.06667 4.98594 0.201507
 897 2.4 4.98305 0.201303
 898 2.4 4.98018 0.201099
 899 0.266667 4.97494 0.200944
 900 0.6 4.97007 0.200779
 901 0.266667 4.96485 0.200624
 902 0.266667 4.95965 0.200469
 903 0.266667 4.95445 0.200314
 904 1.66667 4.95081 0.200126
 905 0.266667 4.94564 0.199971
 906 1.06667 4.94135 0.199796
 907 1.66667 4.93774 0.199609
 908 0.266667 4.9326 0.199455
 909 0.266667 4.92747 0.199302
 910 3.26667 4.92564 0.199091
 911 9.6 4.93077 0.198938
 912 3.26667 4.92895 0.198729
 913 3.26667 4.92713 0.198519
 914 6.66667 4.92903 0.198311
 915 6.66667 4.93093 0.198103
 916 4.26667 4.9302 0.197888
 917 0.0666667 4.9249 0.197743
 918 0.266667 4.91983 0.197593
 919 0.6 4.91513 0.197434
 920 3.26667 4.91333 0.197227
 921 0 4.908 0.197085
 922 4.26667 4.9073 0.196873
 923 2.4 4.90459 0.196678
 924 6.66667 4.90649 0.196474
 925 13.0667 4.91532 0.19646
 926 13.0667 4.92412 0.196445
 927 4.26667 4.92341 0.196234
 928 3.26667 4.92162 0.196031
 929 0.266667 4.91661 0.195884
 930 0.0666667 4.9114 0.195742
 931 1.06667 4.90727 0.195576
 932 0.6 4.90265 0.19542
 933 4.26667 4.90196 0.195212
 934 4.26667 4.90128 0.195004
 935 0.6 4.89668 0.19485
 936 3.26667 4.89494 0.194649
 937 0.266667 4.89 0.194504
 938 5.4 4.89055 0.194297
 939 0.6 4.88598 0.194144
 940 0.0666667 4.88085 0.194005
 941 1.66667 4.87744 0.193829
 942 6.66667 4.87933 0.193633
 943 11.2667 4.88611 0.193546
 944 13.0667 4.89477 0.193535
 945 6.66667 4.89665 0.193339
 946 5.4 4.89718 0.193135
 947 9.6 4.90215 0.192995
 948 4.26667 4.90148 0.192792
 949 4.26667 4.90081 0.19259
 950 0.6 4.89628 0.192441
 951 0.266667 4.89141 0.1923
 952 0.6 4.8869 0.192151
 953 0.6 4.88241 0.192002
 954 5.4 4.88295 0.191801
 955 9.6 4.88789 0.191664
 956 6.66667 4.88975 0.191472
 957 15 4.90031 0.191564
 958 8.06667 4.90362 0.191392
 959 8.06667 4.90692 0.191221
 960 17.0667 4.91958 0.191441
 961 21.6 4.93694 0.192028
 962 24.0667 4.95683 0.192856
 963 11.2667 4.96338 0.192767
 964 8.06667 4.9666 0.192594
 965 9.6 4.9714 0.192454
 966 5.4 4.97184 0.192255
 967 3.26667 4.97008 0.192064
 968 0.6 4.96556 0.191919
 969 1.66667 4.96216 0.191751
 970 3.26667 4.96041 0.191561
 971 0.6 4.95592 0.191417
 972 0.6 4.95144 0.191272
 973 0 4.94635 0.191143
 974 2.4 4.94374 0.190965
 975 1.66667 4.94038 0.190798
 976 0 4.93531 0.19067
 977 0 4.93026 0.190542
 978 0.266667 4.92549 0.190406
 979 1.06667 4.92155 0.190253
 980 0.6 4.91714 0.19011
 981 0.0666667 4.9122 0.18998
 982 1.66667 4.90889 0.189815
 983 5.4 4.90939 0.189623
 984 2.4 4.90684 0.189447
 985 5.4 4.90734 0.189255
 986 4.26667 4.90669 0.189064
 987 9.6 4.91145 0.188933
 988 13.0667 4.9197 0.188922
 989 11.2667 4.92612 0.18884
 990 15 4.9363 0.188923
 991 21.6 4.95311 0.18948
 992 11.2667 4.95948 0.189396
 993 13.0667 4.96764 0.189381
 994 13.0667 4.97579 0.189366
 995 9.6 4.98044 0.189232
 996 4.26667 4.97972 0.189044
 997 5.4 4.98014 0.188854
 998 1.06667 4.97622 0.188706
 999 0.0666667 4.9713 0.188581
 1000 4.26667 4.9706 0.188393
 1001 5.4 4.97103 0.188206
 1002 0.6 4.96667 0.188068
 1003 6.66667 4.96836 0.187888
 1004 5.4 4.96879 0.187702
 1005 1.66667 4.96551 0.187544
 1006 0.6 4.96117 0.187407
 1007 0.6 4.95684 0.187271
 1008 1.66667 4.95357 0.187114
 1009 0.0666667 4.94873 0.186991
 1010 1.66667 4.94548 0.186834
 1011 1.66667 4.94224 0.186677
 1012 0 4.93735 0.186557
 1013 1.66667 4.93412 0.1864
 1014 0.0666667 4.92932 0.186278
 1015 0.266667 4.92473 0.186151
 1016 0.266667 4.92014 0.186025
 1017 0.266667 4.91557 0.185898
 1018 0.0666667 4.91081 0.185776
 1019 1.66667 4.90762 0.185621
 1020 3.26667 4.90601 0.185446
 1021 1.06667 4.90225 0.185303
 1022 13.0667 4.91024 0.185293
 1023 19.2667 4.92428 0.185643
 1024 3.26667 4.92266 0.185469
 1025 1.66667 4.91948 0.185315
 1026 0.0666667 4.91475 0.185195
 1027 1.06667 4.911 0.185053
 1028 1.06667 4.90726 0.18491
 1029 3.26667 4.90567 0.184737
 1030 4.26667 4.90505 0.184559
 1031 1.66667 4.90191 0.184407
 1032 0.0666667 4.89722 0.184287
 1033 0.0666667 4.89255 0.184168
 1034 1.66667 4.88943 0.184017
 1035 0.0666667 4.88477 0.183898
 1036 4.26667 4.88417 0.183721
 1037 5.4 4.88467 0.183544
 1038 24.0667 4.90315 0.184296
 1039 19.2667 4.91697 0.184637
 1040 11.2667 4.92308 0.184561
 1041 5.4 4.92354 0.184384
 1042 9.6 4.92802 0.184261
 1043 6.66667 4.92969 0.184092
 1044 1.66667 4.92656 0.183942
 1045 0.266667 4.92211 0.18382
 1046 3.26667 4.92052 0.183651
 1047 4.26667 4.9199 0.183477
 1048 6.66667 4.92156 0.183309
 1049 8.06667 4.92456 0.183159
 1050 4.26667 4.92394 0.182986
 1051 1.06667 4.92027 0.182848
 1052 3.26667 4.91869 0.182681
 1053 0 4.91402 0.182567
 1054 0.0666667 4.90942 0.182452
 1055 0.266667 4.90502 0.182332
 1056 3.26667 4.90347 0.182166
 1057 1.06667 4.89984 0.18203
 1058 1.06667 4.89622 0.181894
 1059 3.26667 4.89468 0.181728
 1060 3.26667 4.89314 0.181563
 1061 2.4 4.89079 0.181407
 1062 0.0666667 4.88625 0.181293
 1063 0.0666667 4.88172 0.181179
 1064 0.6 4.87769 0.181054
 1065 0.0666667 4.87318 0.18094
 1066 0.266667 4.86886 0.180822
 1067 4.26667 4.86829 0.180653
 1068 0.0666667 4.8638 0.18054
 1069 0.6 4.85981 0.180415
 1070 1.66667 4.85682 0.180271
 1071 0.0666667 4.85235 0.180158
 1072 0.266667 4.84807 0.180041
 1073 0 4.84355 0.17993
 1074 0.266667 4.83929 0.179813
 1075 0.6 4.83535 0.179689
 1076 1.06667 4.83185 0.179556
 1077 2.4 4.82959 0.179403
 1078 4.26667 4.82907 0.179237
 1079 1.66667 4.82614 0.179095
 1080 0.6 4.82222 0.178972
 1081 0.266667 4.81801 0.178856
 1082 0.0666667 4.81362 0.178745
 1083 0.0666667 4.80923 0.178633
 1084 0.266667 4.80504 0.178518
 1085 2.4 4.80283 0.178367
 1086 2.4 4.80061 0.178216
 1087 0.6 4.79675 0.178094
 1088 1.06667 4.79332 0.177963
 1089 0.6 4.78947 0.177842
 1090 1.06667 4.78606 0.177711
 1091 1.66667 4.7832 0.177571
 1092 0.0666667 4.77888 0.177461
 1093 0.6 4.77505 0.17734
 1094 0.266667 4.77093 0.177226
 1095 0.6 4.76712 0.177105
 1096 4.26667 4.76667 0.176944
 1097 0.6 4.76287 0.176823
 1098 0 4.75853 0.176715
 1099 0.266667 4.75444 0.176602
 1100 0.0666667 4.75018 0.176493
 1101 0.6 4.74641 0.176372
 1102 0.266667 4.74235 0.176259
 1103 0.266667 4.73829 0.176146
 1104 0.6 4.73454 0.176026
 1105 0 4.73026 0.175919
 1106 2.4 4.72815 0.175773
 1107 3.26667 4.72683 0.175619
 1108 6.66667 4.72858 0.175469
 1109 3.26667 4.72726 0.175316
 1110 1.06667 4.72396 0.175189
 1111 0.6 4.72025 0.17507
 1112 4.26667 4.71984 0.174913
 1113 8.06667 4.72285 0.174782
 1114 5.4 4.72346 0.174626
 1115 6.66667 4.7252 0.174478
 1116 13.0667 4.73268 0.174482
 1117 8.06667 4.73566 0.174351
 1118 4.26667 4.73524 0.174195
 1119 9.6 4.73959 0.174094
 1120 9.6 4.74393 0.173993
 1121 9.6 4.74826 0.173891
 1122 6.66667 4.74997 0.173745
 1123 8.06667 4.75292 0.173615
 1124 4.26667 4.75249 0.173461
 1125 0 4.74827 0.173358
 1126 0.6 4.74458 0.173243
 1127 0.0666667 4.74043 0.173139
 1128 6.66667 4.74214 0.172994
 1129 8.06667 4.74508 0.172866
 1130 4.26667 4.74466 0.172713
 1131 5.4 4.74524 0.172562
 1132 3.26667 4.74393 0.172414
 1133 3.26667 4.74263 0.172267
 1134 9.6 4.74691 0.172168
 1135 9.6 4.75119 0.17207
 1136 5.4 4.75176 0.171919
 1137 4.26667 4.75133 0.171768
 1138 3.26667 4.75003 0.171622
 1139 3.26667 4.74873 0.171476
 1140 2.4 4.74667 0.171338
 1141 0.6 4.74303 0.171227
 1142 1.06667 4.73981 0.171107
 1143 0.266667 4.7359 0.171002
 1144 0 4.73176 0.170902
 1145 1.06667 4.72856 0.170783
 1146 0.0666667 4.72449 0.170683
 1147 0.0666667 4.72043 0.170582
 1148 0.0666667 4.71638 0.170482
 1149 0.0666667 4.71233 0.170381
 1150 3.26667 4.71107 0.170238
 1151 4.26667 4.71069 0.17009
 1152 0.6 4.70712 0.16998
 1153 0.266667 4.70327 0.169876
 1154 5.4 4.70387 0.16973
 1155 9.6 4.70811 0.169636
 1156 8.06667 4.71101 0.169514
 1157 6.66667 4.71271 0.169376
 1158 0.6 4.70915 0.169267
 1159 0 4.70509 0.169169
 1160 0.266667 4.70126 0.169067
 1161 0.0666667 4.69727 0.168968
 1162 0.6 4.69375 0.16886
 1163 0.0666667 4.68977 0.168761
 1164 1.06667 4.68666 0.168645
 1165 1.06667 4.68355 0.168529
 1166 1.66667 4.68096 0.168404
 1167 1.66667 4.67838 0.168279
 1168 13.0667 4.68556 0.168289
 1169 24.0667 4.70214 0.16896
 1170 17.0667 4.71271 0.169146
 1171 19.2667 4.72514 0.169458
 1172 21.6 4.73953 0.169924
 1173 17.0667 4.75004 0.170104
 1174 11.2667 4.75559 0.17005
 1175 13.0667 4.76267 0.170052
 1176 11.2667 4.7682 0.169998
 1177 8.06667 4.771 0.169876
 1178 11.2667 4.77651 0.169822
 1179 5.4 4.77704 0.169678
 1180 4.26667 4.77661 0.169535
 1181 1.66667 4.77398 0.169412
 1182 4.26667 4.77355 0.169269
 1183 6.66667 4.77515 0.169133
 1184 3.26667 4.77387 0.168995
 1185 0.6 4.77035 0.168889
 1186 0.6 4.76684 0.168784
 1187 0.0666667 4.76288 0.168688
 1188 0.6 4.75937 0.168582
 1189 2.4 4.75739 0.168452
 1190 9.6 4.76146 0.16836
 1191 2.4 4.75947 0.16823
 1192 4.26667 4.75906 0.168089
 1193 3.26667 4.75781 0.167953
 1194 6.66667 4.75941 0.16782
 1195 9.6 4.76346 0.167728
 1196 9.6 4.7675 0.167637
 1197 11.2667 4.77293 0.167585
 1198 8.06667 4.77568 0.167467
 1199 9.6 4.77971 0.167376
 1200 4.26667 4.77928 0.167237
 1201 1.66667 4.77669 0.167118
 1202 1.66667 4.7741 0.166999
 1203 0.0666667 4.77019 0.166906
 1204 0 4.76622 0.166814
 1205 1.06667 4.76315 0.166704
 1206 1.66667 4.76059 0.166585
 1207 1.06667 4.75753 0.166475
 1208 0.266667 4.75381 0.166379
 1209 1.06667 4.75076 0.166269
 1210 0 4.74683 0.166178
 1211 0.6 4.74341 0.166076
 1212 2.4 4.74147 0.16595
 1213 0.0666667 4.73762 0.165858
 1214 0.0666667 4.73377 0.165766
 1215 1.06667 4.73075 0.165657
 1216 3.26667 4.72955 0.165525
 1217 2.4 4.72764 0.1654
 1218 1.06667 4.72463 0.165292
 1219 4.26667 4.72425 0.165157
 1220 17.0667 4.73437 0.165331
 1221 11.2667 4.73972 0.165282
 1222 8.06667 4.74244 0.165169
 1223 2.4 4.74053 0.165045
 1224 5.4 4.74107 0.164911
 1225 8.06667 4.74378 0.164799
 1226 2.4 4.74187 0.164676
 1227 0.0666667 4.73806 0.164585
 1228 4.26667 4.73768 0.164452
 1229 0 4.73382 0.164363
 1230 0.0666667 4.73003 0.164273
 1231 0.266667 4.7264 0.16418
 1232 1.06667 4.72343 0.164073
 1233 1.66667 4.72095 0.163959
 1234 0.266667 4.71734 0.163866
 1235 0.0666667 4.71358 0.163776
 1236 0 4.70976 0.163688
 1237 1.06667 4.70682 0.163582
 1238 0.0666667 4.70307 0.163493
 1239 2.4 4.70121 0.163372
 1240 3.26667 4.70005 0.163244
 1241 3.26667 4.6989 0.163117
 1242 9.6 4.70284 0.163033
 1243 8.06667 4.70555 0.162924
 1244 8.06667 4.70825 0.162816
 1245 3.26667 4.7071 0.162689
 1246 1.06667 4.70417 0.162585
 1247 3.26667 4.70302 0.162458
 1248 2.4 4.70118 0.162339
 1249 2.4 4.69933 0.162219
 1250 3.26667 4.69819 0.162093
 1251 1.66667 4.69576 0.161982
 1252 0 4.69201 0.161896
 1253 0.6 4.68875 0.161799
 1254 1.06667 4.68586 0.161696
 1255 2.4 4.68404 0.161577
 1256 5.4 4.68461 0.16145
 1257 1.66667 4.68221 0.161339
 1258 5.4 4.68278 0.161212
 1259 1.66667 4.68038 0.161102
 1260 0 4.67667 0.161017
 1261 0.0666667 4.67301 0.16093
 1262 0.0666667 4.66936 0.160844
 1263 0.0666667 4.66572 0.160758
 1264 0.0666667 4.66208 0.160672
 1265 0.266667 4.6586 0.160583
 1266 0.266667 4.65513 0.160493
 1267 1.66667 4.65278 0.160384
 1268 1.66667 4.65042 0.160275
 1269 4.26667 4.65012 0.160149
 1270 17.0667 4.6599 0.160321
 1271 4.26667 4.65959 0.160195
 1272 5.4 4.66017 0.16007
 1273 1.06667 4.65734 0.159969
 1274 1.06667 4.65453 0.159868
 1275 5.4 4.65511 0.159744
 1276 15 4.66322 0.159824
 1277 6.66667 4.66479 0.159707
 1278 4.26667 4.66448 0.159582
 1279 0 4.66083 0.159499
 1280 0.0666667 4.65724 0.159415
 1281 0 4.6536 0.159332
 1282 0.0666667 4.65003 0.159248
 1283 1.66667 4.6477 0.159141
 1284 0.266667 4.64429 0.159053
 1285 1.06667 4.6415 0.158954
 1286 1.06667 4.63872 0.158854
 1287 0.6 4.63559 0.158762
 1288 0 4.63199 0.158679
 1289 0 4.62839 0.158597
 1290 3.26667 4.62734 0.158478
 1291 1.66667 4.62505 0.158371
 1292 0.0666667 4.62152 0.158288
 1293 0.266667 4.61815 0.158201
 1294 0.6 4.61504 0.15811
 1295 1.06667 4.6123 0.158011
 1296 5.4 4.61291 0.15789
 1297 0.6 4.60982 0.157799
 1298 1.06667 4.60709 0.157701
 1299 0 4.60354 0.157619
 1300 0.0666667 4.60005 0.157537
 1301 2.4 4.59836 0.157425
 1302 1.06667 4.59565 0.157327
 1303 1.06667 4.59294 0.15723
 1304 0.6 4.58988 0.157139
 1305 0.6 4.58682 0.157048
 1306 0.266667 4.58351 0.156963
 1307 0.0666667 4.58006 0.156881
 1308 0.0666667 4.57661 0.156799
 1309 1.66667 4.57438 0.156695
 1310 3.26667 4.57338 0.156578
 1311 5.4 4.57401 0.15646
 1312 1.66667 4.5718 0.156356
 1313 4.26667 4.57157 0.156237
 1314 6.66667 4.57316 0.156127
 1315 4.26667 4.57293 0.156008
 1316 9.6 4.57675 0.155936
 1317 6.66667 4.57833 0.155826
 1318 5.4 4.57896 0.155709
 1319 1.66667 4.57675 0.155606
 1320 5.4 4.57737 0.15549
 1321 4.26667 4.57714 0.155372
 1322 4.26667 4.5769 0.155255
 1323 3.26667 4.57591 0.155141
 1324 2.4 4.57427 0.155032
 1325 1.66667 4.57208 0.154931
 1326 4.26667 4.57185 0.154814
 1327 6.66667 4.57342 0.154705
 1328 4.26667 4.57319 0.154589
 1329 0.266667 4.56995 0.154506
 1330 1.66667 4.56777 0.154406
 1331 1.66667 4.56559 0.154305
 1332 0.0666667 4.56221 0.154226
 1333 0 4.55879 0.154148
 1334 1.66667 4.55662 0.154048
 1335 0.0666667 4.55326 0.153969
 1336 4.26667 4.55304 0.153854
 1337 0.6 4.55009 0.153767
 1338 0.0666667 4.54674 0.153689
 1339 0.6 4.54379 0.153602
 1340 1.66667 4.54164 0.153503
 1341 4.26667 4.54144 0.153388
 1342 2.4 4.53984 0.153282
 1343 4.26667 4.53964 0.153168
 1344 5.4 4.54028 0.153056
 1345 0 4.5369 0.152979
 1346 0.6 4.53398 0.152893
 1347 1.66667 4.53185 0.152795
 1348 1.06667 4.52928 0.152703
 1349 1.66667 4.52716 0.152604
 1350 1.06667 4.52459 0.152513
 1351 1.06667 4.52203 0.152421
 1352 0.6 4.51913 0.152336
 1353 0.266667 4.51599 0.152256
 1354 0 4.51265 0.15218
 1355 0.0666667 4.50937 0.152103
 1356 0.0666667 4.5061 0.152026
 1357 0.6 4.50322 0.151942
 1358 0.266667 4.5001 0.151862
 1359 1.06667 4.49757 0.151771
 1360 0.266667 4.49446 0.151691
 1361 0.0666667 4.49121 0.151615
 1362 1.66667 4.48913 0.151517
 1363 1.06667 4.48662 0.151427
 1364 1.66667 4.48456 0.15133
 1365 5.4 4.48523 0.151221
 1366 2.4 4.4837 0.151118
 1367 5.4 4.48437 0.151009
 1368 9.6 4.48811 0.150944
 1369 13.0667 4.49438 0.150964
 1370 13.0667 4.50063 0.150984
 1371 6.66667 4.50221 0.150882
 1372 11.2667 4.50714 0.150852
 1373 3.26667 4.50624 0.150745
 1374 1.66667 4.50417 0.15065
 1375 0.0666667 4.50095 0.150575
 1376 0.0666667 4.49772 0.1505
 1377 1.06667 4.49523 0.150411
 1378 0.0666667 4.49202 0.150336
 1379 2.4 4.4905 0.150235
 1380 1.66667 4.48845 0.15014
 1381 3.26667 4.48757 0.150034
 1382 4.26667 4.48741 0.149925
 1383 6.66667 4.48899 0.149825
 1384 6.66667 4.49056 0.149725
 1385 13.0667 4.49675 0.149745
 1386 13.0667 4.50293 0.149764
 1387 13.0667 4.50911 0.149784
 1388 19.2667 4.51974 0.150053
 1389 26.6667 4.53569 0.15079
 1390 24.0667 4.54974 0.151335
 1391 24.0667 4.56377 0.151876
 1392 15 4.57126 0.151952
 1393 17.0667 4.58023 0.152108
 1394 15 4.58771 0.152182
 1395 21.6 4.5999 0.152561
 1396 32.2667 4.61972 0.153735
 1397 17.0667 4.62863 0.153883
 1398 13.0667 4.63467 0.153891
 1399 9.6 4.63822 0.153822
 1400 5.4 4.63876 0.153713
 1401 6.66667 4.64021 0.15361
 1402 1.66667 4.63809 0.153515
 1403 4.26667 4.63782 0.153406
 1404 3.26667 4.63685 0.1533
 1405 1.66667 4.63473 0.153205
 1406 3.26667 4.63376 0.153099
 1407 4.26667 4.6335 0.152991
 1408 2.4 4.63191 0.15289
 1409 0.0666667 4.62867 0.152816
 1410 0.0666667 4.62544 0.152742
 1411 0 4.62216 0.152669
 1412 0.0666667 4.61893 0.152595
 1413 2.4 4.61736 0.152495
 1414 8.06667 4.6198 0.152406
 1415 15 4.62714 0.152475
 1416 11.2667 4.63183 0.15244
 1417 3.26667 4.63086 0.152335
 1418 9.6 4.63437 0.152268
 1419 1.66667 4.63228 0.152175
 1420 1.06667 4.62977 0.152088
 1421 0.6 4.62693 0.152008
 1422 1.66667 4.62485 0.151915
 1423 0.266667 4.62178 0.151839
 1424 1.06667 4.61929 0.151753
 1425 0.266667 4.61623 0.151677
 1426 3.26667 4.61529 0.151574
 1427 4.26667 4.61504 0.151468
 1428 3.26667 4.6141 0.151365
 1429 1.06667 4.61162 0.151279
 1430 5.4 4.61217 0.151174
 1431 5.4 4.61272 0.15107
 1432 0.6 4.60992 0.15099
 1433 0.6 4.60712 0.150911
 1434 0.0666667 4.60395 0.150839
 1435 0.0666667 4.60079 0.150767
 1436 1.06667 4.59833 0.150682
 1437 4.26667 4.5981 0.150577
 1438 4.26667 4.59787 0.150472
 1439 0.6 4.59509 0.150393
 1440 1.66667 4.59306 0.150303
 1441 5.4 4.59362 0.150199
 1442 8.06667 4.59602 0.150115
 1443 8.06667 4.59843 0.15003
 1444 24.0667 4.61191 0.150531
 1445 26.6667 4.62717 0.151199
 1446 13.0667 4.63301 0.151207
 1447 9.6 4.63644 0.151141
 1448 4.26667 4.63619 0.151037
 1449 5.4 4.63671 0.150934
 1450 1.06667 4.63425 0.15085
 1451 0.0666667 4.6311 0.150779
 1452 0.266667 4.6281 0.150705
 1453 2.4 4.62657 0.150609
 1454 5.4 4.6271 0.150506
 1455 6.66667 4.6285 0.150409
 1456 5.4 4.62903 0.150307
 1457 9.6 4.63244 0.150242
 1458 11.2667 4.63699 0.150208
 1459 5.4 4.63751 0.150106
 1460 9.6 4.64091 0.150042
 1461 2.4 4.63938 0.149947
 1462 11.2667 4.64391 0.149913
 1463 6.66667 4.6453 0.149817
 1464 6.66667 4.64668 0.149721
 1465 9.6 4.65006 0.149657
 1466 9.6 4.65343 0.149593
 1467 8.06667 4.65576 0.149509
 1468 8.06667 4.65808 0.149425
 1469 6.66667 4.65945 0.149329
 1470 4.26667 4.65918 0.149228
 1471 2.4 4.65765 0.149135
 1472 15 4.66467 0.149199
 1473 11.2667 4.66916 0.149165
 1474 8.06667 4.67146 0.149081
 1475 5.4 4.67195 0.148981
 1476 0.0666667 4.66883 0.148913
 1477 1.66667 4.6668 0.148826
 1478 1.66667 4.66477 0.148739
 1479 2.4 4.66324 0.148646
 1480 0.6 4.6605 0.148571
 1481 0.266667 4.65753 0.1485
 1482 4.26667 4.65726 0.1484
 1483 0 4.65412 0.148334
 1484 0.266667 4.65117 0.148263
 1485 1.06667 4.64875 0.148183
 1486 0.6 4.64603 0.148108
 1487 0.6 4.64331 0.148033
 1488 5.4 4.64382 0.147935
 1489 3.26667 4.64289 0.147838
 1490 4.26667 4.64264 0.147739
 1491 1.66667 4.64064 0.147654
 1492 0.0666667 4.63758 0.147587
 1493 0.0666667 4.63452 0.147519
 1494 2.4 4.63302 0.147428
 1495 0.266667 4.6301 0.147359
 1496 0 4.62701 0.147293
 1497 0 4.62391 0.147227
 1498 0.0666667 4.62087 0.14716
 1499 2.4 4.61939 0.147069
 1500 5.4 4.61991 0.146972
 1501 6.66667 4.62127 0.14688
 1502 15 4.62818 0.146945
 1503 9.6 4.63149 0.146884
 1504 9.6 4.6348 0.146824
 1505 4.26667 4.63455 0.146726
 1506 2.4 4.63307 0.146636
 1507 5.4 4.63358 0.14654
 1508 1.66667 4.63161 0.146456
 1509 0.6 4.62894 0.146383
 1510 0.6 4.62627 0.146311
 1511 4.26667 4.62603 0.146214
 1512 8.06667 4.62831 0.146135
 1513 9.6 4.63159 0.146075
 1514 11.2667 4.63598 0.146045
 1515 5.4 4.63648 0.145949
 1516 2.4 4.635 0.14586
 1517 3.26667 4.6341 0.145767
 1518 0 4.63105 0.145703
 1519 0.266667 4.62818 0.145635
 1520 1.06667 4.62583 0.145558
 1521 1.06667 4.62349 0.145481
 1522 1.66667 4.62155 0.145399
 1523 3.26667 4.62066 0.145306
 1524 0.266667 4.6178 0.145239
 1525 2.4 4.61635 0.145151
 1526 0.266667 4.6135 0.145083
 1527 4.26667 4.61327 0.144989
 1528 3.26667 4.61239 0.144896
 1529 2.4 4.61094 0.144809
 1530 0.266667 4.6081 0.144742
 1531 8.06667 4.61036 0.144665
 1532 15 4.61715 0.14473
 1533 8.06667 4.6194 0.144653
 1534 5.4 4.6199 0.144559
 1535 2.4 4.61846 0.144472
 1536 1.66667 4.61654 0.144391
 1537 0.0666667 4.61358 0.144327
 1538 0.266667 4.61075 0.144261
 1539 4.26667 4.61053 0.144167
 1540 2.4 4.60909 0.144081
 1541 0.266667 4.60627 0.144015
 1542 1.06667 4.60398 0.14394
 1543 0.0666667 4.60104 0.143877
 1544 0 4.59806 0.143814
 1545 0.6 4.59547 0.143744
 1546 1.06667 4.59319 0.14367
 1547 1.66667 4.59129 0.143589
 1548 1.06667 4.58902 0.143514
 1549 3.26667 4.58816 0.143424
 1550 5.4 4.58869 0.143333
 1551 13.0667 4.59415 0.143345
 1552 21.6 4.60511 0.143671
 1553 9.6 4.60833 0.143614
 1554 5.4 4.60884 0.143523
 1555 11.2667 4.61312 0.143494
 1556 2.4 4.6117 0.143409
 1557 4.26667 4.61148 0.143317
 1558 3.26667 4.61061 0.143228
 1559 2.4 4.60919 0.143143
 1560 4.26667 4.60897 0.143051
 1561 8.06667 4.61119 0.142977
 1562 4.26667 4.61097 0.142885
 1563 1.06667 4.6087 0.142812
 1564 3.26667 4.60784 0.142723
 1565 2.4 4.60643 0.142639
 1566 4.26667 4.60622 0.142548
 1567 0.266667 4.60345 0.142484
 1568 8.06667 4.60565 0.14241
 1569 4.26667 4.60544 0.142319
 1570 6.66667 4.60675 0.142235
 1571 13.0667 4.61214 0.142246
 1572 8.06667 4.61433 0.142172
 1573 15 4.62094 0.142235
 1574 11.2667 4.62516 0.142208
 1575 4.26667 4.62493 0.142118
 1576 0.266667 4.62217 0.142054
 1577 3.26667 4.62131 0.141967
 1578 2.4 4.6199 0.141884
 1579 0.0666667 4.61701 0.141823
 1580 1.66667 4.61515 0.141746
 1581 0.0666667 4.61227 0.141685
 1582 0.0666667 4.6094 0.141625
 1583 1.06667 4.60716 0.141553
 1584 1.66667 4.6053 0.141476
 1585 0.0666667 4.60244 0.141415
 1586 0.0666667 4.59958 0.141355
 1587 0.266667 4.59685 0.141292
 1588 3.26667 4.59601 0.141206
 1589 8.06667 4.5982 0.141134
 1590 8.06667 4.60038 0.141062
 1591 11.2667 4.60457 0.141036
 1592 15 4.6111 0.141098
 1593 9.6 4.61423 0.141044
 1594 5.4 4.61472 0.140957
 1595 13.0667 4.62002 0.140968
 1596 15 4.62652 0.14103
 1597 15 4.63302 0.141091
 1598 13.0667 4.6383 0.141101
 1599 1.06667 4.63606 0.141031
 1600 5.4 4.63654 0.140943
 1601 11.2667 4.64068 0.140916
 1602 19.2667 4.64981 0.141124
 1603 9.6 4.6529 0.14107
 1604 0.0666667 4.65004 0.141011
 1605 2.4 4.64864 0.14093
 1606 15 4.65509 0.140989
 1607 17.0667 4.66281 0.141113
 1608 21.6 4.67334 0.141418
 1609 21.6 4.68386 0.141721
 1610 17.0667 4.69155 0.141842
 1611 9.6 4.6946 0.141786
 1612 8.06667 4.69669 0.141714
 1613 3.26667 4.6958 0.141629
 1614 5.4 4.69624 0.141542
 1615 6.66667 4.69746 0.141459
 1616 5.4 4.6979 0.141372
 1617 8.06667 4.69998 0.1413
 1618 5.4 4.70041 0.141214
 1619 5.4 4.70084 0.141127
 1620 1.66667 4.69897 0.141052
 1621 3.26667 4.69809 0.140968
 1622 4.26667 4.69782 0.140881
 1623 4.26667 4.69756 0.140795
 1624 3.26667 4.69667 0.140711
 1625 3.26667 4.69579 0.140627
 1626 0.266667 4.69307 0.140567
 1627 3.26667 4.69219 0.140483
 1628 1.66667 4.69034 0.140409
 1629 3.26667 4.68946 0.140326
 1630 0.6 4.68695 0.140262
 1631 0.266667 4.68424 0.140202
 1632 1.66667 4.68239 0.140128
 1633 2.4 4.681 0.140049
 1634 0.266667 4.67829 0.13999
 1635 0.266667 4.6756 0.13993
 1636 1.06667 4.67339 0.139862
 1637 5.4 4.67383 0.139777
 1638 0.6 4.67135 0.139714
 1639 0.6 4.66886 0.139651
 1640 1.06667 4.66667 0.139583
 1641 0.0666667 4.66386 0.139526
 1642 2.4 4.66248 0.139448
 1643 0.266667 4.65981 0.139389
 1644 2.4 4.65843 0.139311
 1645 1.66667 4.65662 0.139238
 1646 4.26667 4.65638 0.139153
 1647 0 4.65355 0.139098
 1648 0.266667 4.65089 0.139039
 1649 1.06667 4.64872 0.138971
 1650 0.6 4.64626 0.138909
 1651 0.266667 4.64361 0.13885
 1652 1.06667 4.64144 0.138783
 1653 0.266667 4.6388 0.138724
 1654 0.6 4.63636 0.138662
 1655 0 4.63355 0.138606
 1656 0.266667 4.63092 0.138547
 1657 0.266667 4.62828 0.138489
 1658 0.266667 4.62565 0.13843
 1659 1.66667 4.62387 0.138358
 1660 0.0666667 4.62112 0.138302
 1661 0.6 4.6187 0.13824
 1662 0.266667 4.61609 0.138182
 1663 0.6 4.61367 0.13812
 1664 2.4 4.61234 0.138043
 1665 2.4 4.61101 0.137967
 1666 0.266667 4.6084 0.137908
 1667 0.0666667 4.60568 0.137853
 1668 0 4.60292 0.137798
 1669 0.6 4.60052 0.137736
 1670 0.266667 4.59792 0.137678
 1671 3.26667 4.59713 0.137598
 1672 2.4 4.59581 0.137522
 1673 0.0666667 4.59311 0.137466
 1674 3.26667 4.59231 0.137386
 1675 4.26667 4.59212 0.137304
 1676 13.0667 4.59718 0.137316
 1677 2.4 4.59587 0.13724
 1678 2.4 4.59456 0.137164
 1679 13.0667 4.5996 0.137175
 1680 5.4 4.60008 0.137095
 1681 5.4 4.60056 0.137014
 1682 13.0667 4.60559 0.137025
 1683 17.0667 4.61299 0.137143
 1684 15 4.61916 0.137201
 1685 4.26667 4.61895 0.137119
 1686 0.6 4.61657 0.137059
 1687 0.0666667 4.61387 0.137004
 1688 0.0666667 4.61118 0.136949
 1689 0.6 4.6088 0.136889
 1690 0 4.60607 0.136835
 1691 5.4 4.60654 0.136755
 1692 2.4 4.60524 0.13668
 1693 0.6 4.60287 0.13662
 1694 3.26667 4.60209 0.136542
 1695 1.66667 4.60035 0.136472
 1696 5.4 4.60083 0.136392
 1697 1.66667 4.5991 0.136323
 1698 1.06667 4.59702 0.136258
 1699 1.66667 4.59529 0.136189
 1700 4.26667 4.5951 0.136109
 1701 3.26667 4.59432 0.136031
 1702 1.06667 4.59224 0.135967
 1703 0 4.58955 0.135914
 1704 0.0666667 4.58689 0.13586
 1705 0.6 4.58456 0.135801
 1706 0.266667 4.58202 0.135745
 1707 1.06667 4.57996 0.135681
 1708 2.4 4.57869 0.135607
 1709 2.4 4.57741 0.135534
 1710 0.0666667 4.57478 0.13548
 1711 0.0666667 4.57214 0.135427
 1712 1.06667 4.57009 0.135363
 1713 6.66667 4.57132 0.13529
 1714 4.26667 4.57114 0.135211
 1715 4.26667 4.57096 0.135132
 1716 1.06667 4.56892 0.135069
 1717 2.4 4.56766 0.134996
 1718 3.26667 4.5669 0.134919
 1719 2.4 4.56564 0.134847
 1720 0.0666667 4.56302 0.134794
 1721 1.06667 4.56099 0.134731
 1722 0.266667 4.5585 0.134675
 1723 1.06667 4.55647 0.134613
 1724 0.6 4.55418 0.134554
 1725 5.4 4.55467 0.134477
 1726 1.66667 4.55299 0.134409
 1727 0.266667 4.55051 0.134354
 1728 1.06667 4.5485 0.134292
 1729 2.4 4.54725 0.13422
 1730 4.26667 4.54709 0.134142
 1731 5.4 4.54758 0.134066
 1732 5.4 4.54808 0.133989
 1733 5.4 4.54857 0.133913
 1734 1.66667 4.54691 0.133846
 1735 1.06667 4.5449 0.133784
 1736 0.266667 4.54243 0.133729
 1737 3.26667 4.5417 0.133654
 1738 11.2667 4.54557 0.133633
 1739 3.26667 4.54483 0.133559
 1740 0 4.54222 0.133507
 1741 0.266667 4.53977 0.133453
 1742 0 4.53716 0.133402
 1743 0 4.53456 0.133351
 1744 0.6 4.5323 0.133294
 1745 3.26667 4.53158 0.133219
 1746 4.26667 4.53142 0.133143
 1747 4.26667 4.53127 0.133067
 1748 5.4 4.53177 0.132992
 1749 1.66667 4.53013 0.132926
 1750 6.66667 4.53135 0.132855
 1751 3.26667 4.53063 0.132781
 1752 8.06667 4.53265 0.132721
 1753 2.4 4.53143 0.132651
 1754 0.266667 4.529 0.132597
 1755 0.6 4.52676 0.132541
 1756 2.4 4.52555 0.132471
 1757 1.66667 4.52392 0.132405
 1758 3.26667 4.52321 0.132332
 1759 2.4 4.522 0.132262
 1760 2.4 4.5208 0.132192
 1761 4.26667 4.52065 0.132117
 1762 5.4 4.52115 0.132043
 1763 9.6 4.52403 0.132
 1764 15 4.52997 0.132059
 1765 8.06667 4.53197 0.131999
 1766 9.6 4.53484 0.131955
 1767 2.4 4.53364 0.131886
 1768 6.66667 4.53484 0.131817
 1769 5.4 4.53533 0.131744
 1770 5.4 4.53582 0.13167
 1771 0.6 4.5336 0.131614
 1772 0.6 4.53138 0.131559
 1773 1.66667 4.52976 0.131495
 1774 0.6 4.52755 0.131439
 1775 1.06667 4.5256 0.131379
 1776 0.6 4.52339 0.131324
 1777 0 4.52084 0.131275
 1778 0.6 4.51864 0.13122
 1779 1.06667 4.51669 0.13116
 1780 4.26667 4.51655 0.131086
 1781 1.66667 4.51495 0.131023
 1782 2.4 4.51377 0.130954
 1783 1.66667 4.51217 0.130891
 1784 3.26667 4.51147 0.130819
 1785 4.26667 4.51134 0.130746
 1786 5.4 4.51183 0.130674
 1787 3.26667 4.51114 0.130602
 1788 3.26667 4.51044 0.130531
 1789 4.26667 4.5103 0.130458
 1790 4.26667 4.51017 0.130385
 1791 17.0667 4.51718 0.130501
 1792 11.2667 4.52094 0.130483
 1793 4.26667 4.5208 0.13041
 1794 5.4 4.52129 0.130338
 1795 4.26667 4.52115 0.130266
 1796 1.06667 4.51923 0.130207
 1797 8.06667 4.5212 0.13015
 1798 4.26667 4.52106 0.130077
 1799 0.266667 4.5187 0.130027
 1800 0.6 4.51652 0.129973
 1801 0.6 4.51434 0.129919
 1802 1.66667 4.51276 0.129856
 1803 0.6 4.51059 0.129802
 1804 1.06667 4.50868 0.129744
 1805 0 4.50619 0.129696
 1806 2.4 4.50502 0.12963
 1807 1.06667 4.50312 0.129572
 1808 3.26667 4.50243 0.129502
 1809 0.6 4.50028 0.129448
 1810 2.4 4.49912 0.129382
 1811 1.06667 4.49722 0.129325
 1812 0.266667 4.49489 0.129274
 1813 0.266667 4.49255 0.129224
 1814 0.0666667 4.49011 0.129176
 1815 2.4 4.48896 0.12911
 1816 0 4.48649 0.129062
 1817 0.0666667 4.48406 0.129014
 1818 0.0666667 4.48163 0.128966
 1819 0 4.47916 0.128919
 1820 1.66667 4.47762 0.128857
 1821 0.266667 4.47531 0.128807
 1822 1.06667 4.47344 0.12875
 1823 8.06667 4.47541 0.128694
 1824 5.4 4.47591 0.128625
 1825 8.06667 4.47788 0.128569
 1826 8.06667 4.47985 0.128514
 1827 6.66667 4.48104 0.128449
 1828 5.4 4.48155 0.12838
 1829 4.26667 4.48143 0.12831
 1830 2.4 4.48029 0.128245
 1831 6.66667 4.48149 0.12818
 1832 3.26667 4.48082 0.128112
 1833 2.4 4.47969 0.128047
 1834 3.26667 4.47903 0.127979
 1835 3.26667 4.47837 0.127911
 1836 4.26667 4.47825 0.127841
 1837 4.26667 4.47813 0.127772
 1838 2.4 4.477 0.127707
 1839 2.4 4.47587 0.127643
 1840 6.66667 4.47707 0.127579
 1841 4.26667 4.47695 0.12751
 1842 1.66667 4.47543 0.127449
 1843 0.266667 4.47314 0.127401
 1844 1.06667 4.47129 0.127345
 1845 1.06667 4.46945 0.127289
 1846 0.6 4.46735 0.127238
 1847 0.6 4.46526 0.127186
 1848 0.0666667 4.46288 0.127139
 1849 0.6 4.46079 0.127088
 1850 0.0666667 4.45841 0.127041
 1851 1.06667 4.45658 0.126986
 1852 1.06667 4.45475 0.12693
 1853 1.06667 4.45292 0.126875
 1854 1.06667 4.4511 0.12682
 1855 1.66667 4.4496 0.12676
 1856 1.06667 4.44777 0.126705
 1857 9.6 4.45055 0.126667
 1858 15 4.45623 0.126726
 1859 11.2667 4.45989 0.126711
 1860 15 4.46556 0.12677
 1861 13.0667 4.47018 0.126786
 1862 9.6 4.47293 0.126748
 1863 15 4.47858 0.126806
 1864 19.2667 4.48652 0.126986
 1865 11.2667 4.49015 0.12697
 1866 4.26667 4.49003 0.126902
 1867 3.26667 4.48938 0.126835
 1868 1.66667 4.48787 0.126776
 1869 3.26667 4.48721 0.12671
 1870 3.26667 4.48656 0.126644
 1871 3.26667 4.48591 0.126578
 1872 1.06667 4.48408 0.126524
 1873 8.06667 4.48599 0.126471
 1874 11.2667 4.48961 0.126455
 1875 11.2667 4.49323 0.126439
 1876 9.6 4.49595 0.126401
 1877 8.06667 4.49785 0.126348
 1878 5.4 4.49833 0.126281
 1879 1.06667 4.49651 0.126227
 1880 2.4 4.49539 0.126165
 1881 0.0666667 4.49304 0.12612
 1882 0 4.49065 0.126076
 1883 0.0666667 4.4883 0.126031
 1884 0 4.48592 0.125986
 1885 0.6 4.48385 0.125936
 1886 3.26667 4.48321 0.125871
 1887 3.26667 4.48256 0.125806
 1888 1.06667 4.48076 0.125752
 1889 2.4 4.47965 0.125691
 1890 2.4 4.47855 0.125629
 1891 5.4 4.47904 0.125563
 1892 13.0667 4.48358 0.125579
 1893 8.06667 4.48547 0.125527
 1894 1.66667 4.48398 0.12547
 1895 1.66667 4.4825 0.125412
 1896 3.26667 4.48186 0.125348
 1897 3.26667 4.48122 0.125283
 1898 5.4 4.4817 0.125218
 1899 2.4 4.4806 0.125157
 1900 1.06667 4.47881 0.125104
 1901 1.66667 4.47733 0.125047
 1902 2.4 4.47624 0.124986
 1903 0.266667 4.47402 0.12494
 1904 0.0666667 4.47171 0.124896
 1905 2.4 4.47062 0.124835
 1906 3.26667 4.46999 0.124771
 1907 9.6 4.47268 0.124734
 1908 5.4 4.47317 0.12467
 1909 11.2667 4.47672 0.124655
 1910 11.2667 4.48028 0.124641
 1911 1.66667 4.47881 0.124584
 1912 0.6 4.47678 0.124536
 1913 0 4.47444 0.124493
 1914 0.266667 4.47224 0.124447
 1915 3.26667 4.47161 0.124383
 1916 3.26667 4.47098 0.12432
 1917 1.66667 4.46952 0.124264
 1918 1.06667 4.46774 0.124212
 1919 1.06667 4.46597 0.12416
 1920 9.6 4.46865 0.124124
 1921 4.26667 4.46854 0.124059
 1922 3.26667 4.46792 0.123996
 1923 0.266667 4.46573 0.123951
 1924 0.0666667 4.46344 0.123908
 1925 1.06667 4.46168 0.123856
 1926 0.266667 4.4595 0.123811
 1927 0.266667 4.45733 0.123765
 1928 6.66667 4.45847 0.123707
 1929 17.0667 4.46501 0.123815
 1930 19.2667 4.47268 0.123988
 1931 24.0667 4.48282 0.124339
 1932 11.2667 4.48634 0.124324
 1933 4.26667 4.48622 0.12426
 1934 6.66667 4.48735 0.124201
 1935 5.4 4.48782 0.124137
 1936 1.06667 4.48605 0.124086
 1937 0.266667 4.48388 0.124041
 1938 3.26667 4.48325 0.123978
 1939 3.26667 4.48262 0.123916
 1940 5.4 4.48309 0.123853
 1941 13.0667 4.48752 0.123868
 1942 21.6 4.49633 0.124118
 1943 19.2667 4.50393 0.124286
 1944 3.26667 4.50329 0.124224
 1945 8.06667 4.50512 0.124174
 1946 0.6 4.50312 0.124126
 1947 1.06667 4.50135 0.124075
 1948 0 4.49904 0.124033
 1949 0.266667 4.49687 0.123988
 1950 0 4.49456 0.123946
 1951 1.66667 4.49311 0.123891
 1952 2.4 4.49204 0.123832
 1953 0.266667 4.48988 0.123787
 1954 0.6 4.48789 0.12374
 1955 1.66667 4.48645 0.123685
 1956 3.26667 4.48582 0.123624
 1957 2.4 4.48476 0.123565
 1958 0.266667 4.4826 0.123521
 1959 0 4.48031 0.123479
 1960 0.0666667 4.47806 0.123436
 1961 0.266667 4.47591 0.123392
 1962 1.06667 4.47418 0.123341
 1963 0.266667 4.47203 0.123297
 1964 0.266667 4.46989 0.123253
 1965 0.0666667 4.46765 0.123211
 1966 0.266667 4.46551 0.123166
 1967 3.26667 4.4649 0.123105
 1968 0.6 4.46294 0.123058
 1969 0 4.46067 0.123017
 1970 6.66667 4.46179 0.122959
 1971 6.66667 4.46291 0.122902
 1972 13.0667 4.46728 0.122917
 1973 8.06667 4.4691 0.122868
 1974 15 4.47443 0.122922
 1975 1.66667 4.47301 0.122868
 1976 1.06667 4.47129 0.122818
 1977 0 4.46903 0.122777
 1978 0.0666667 4.4668 0.122735
 1979 0.6 4.46485 0.122688
 1980 0.0666667 4.46263 0.122646
 1981 0.0666667 4.46041 0.122604
 1982 1.66667 4.459 0.122551
 1983 5.4 4.45947 0.12249
 1984 0.6 4.45753 0.122444
 1985 6.66667 4.45864 0.122387
 1986 8.06667 4.46046 0.122339
 1987 2.4 4.45942 0.122282
 1988 0.6 4.45748 0.122235
 1989 1.06667 4.45577 0.122186
 1990 0.0666667 4.45357 0.122144
 1991 0.266667 4.45146 0.122101
 1992 9.6 4.45405 0.122067
 1993 3.26667 4.45345 0.122007
 1994 1.66667 4.45206 0.121954
 1995 0.0666667 4.44986 0.121913
 1996 0.0666667 4.44766 0.121872
 1997 0 4.44543 0.121831
 1998 9.6 4.44801 0.121797
 1999 9.6 4.45059 0.121764
 2000 8.06667 4.4524 0.121716
