 1 -0.76 -0.76 0
 2 -0.76 -0.76 0
 3 -0.92 -0.813333 0.0533333
 4 -0.84 -0.82 0.0382971
 5 -0.84 -0.824 0.0299333
 6 -0.76 -0.813333 0.0266667
 7 -0.76 -0.805714 0.0237905
 8 -0.84 -0.81 0.0210442
 9 -0.76 -0.804444 0.0193729
 10 -0.84 -0.808 0.0176887
 11 -0.68 -0.796364 0.019784
 12 -0.68 -0.786667 0.0204988
 13 -0.68 -0.778462 0.020564
 14 -0.68 -0.771429 0.0202961
 15 -0.68 -0.765333 0.0198534
 16 -0.76 -0.765 0.0185742
 17 -0.68 -0.76 0.0181497
 18 -0.68 -0.755556 0.0176795
 19 -0.68 -0.751579 0.0171894
 20 -0.76 -0.752 0.0163127
 21 -0.76 -0.752381 0.0155212
 22 -0.6 -0.745455 0.0163396
 23 -0.68 -0.742609 0.0158702
 24 -0.76 -0.743333 0.0152119
 25 -0.76 -0.744 0.0146059
 26 -0.68 -0.741538 0.0142472
 27 -0.68 -0.739259 0.0138975
 28 -0.76 -0.74 0.0134125
 29 -0.68 -0.737931 0.013106
 30 -0.68 -0.736 0.012808
 31 -0.84 -0.739355 0.0128342
 32 -0.84 -0.7425 0.0128185
 33 -0.68 -0.740606 0.0125675
 34 -0.68 -0.738824 0.0123219
 35 -0.68 -0.737143 0.0120822
 36 -0.68 -0.735556 0.0118485
 37 -0.76 -0.736216 0.0115428
 38 -0.68 -0.734737 0.0113319
 39 -0.68 -0.733333 0.0111264
 40 -0.68 -0.732 0.0109263
 41 -0.76 -0.732683 0.0106784
 42 -0.76 -0.733333 0.0104413
 43 -0.68 -0.732093 0.0102707
 44 -0.68 -0.730909 0.0101042
 45 -0.52 -0.726222 0.0109327
 46 -0.68 -0.725217 0.0107395
 47 -0.68 -0.724255 0.0105525
 48 -0.68 -0.723333 0.0103714
 49 -0.76 -0.724082 0.010185
 50 -0.76 -0.7248 0.0100051
 51 -0.68 -0.723922 0.00984618
 52 -0.6 -0.721538 0.00994474
 53 -0.6 -0.719245 0.0100212
 54 -0.6 -0.717037 0.0100788
 55 -0.76 -0.717818 0.0099246
 56 -0.76 -0.718571 0.00977483
 57 -0.76 -0.719298 0.00962928
 58 -0.76 -0.72 0.00948779
 59 -0.76 -0.720678 0.0093502
 60 -0.68 -0.72 0.00921801
 61 -0.76 -0.720656 0.00908932
 62 -0.68 -0.72 0.00896553
 63 -0.68 -0.719365 0.00884489
 64 -0.68 -0.71875 0.00872729
 65 -0.76 -0.719385 0.00861538
 66 -0.68 -0.718788 0.00850481
 67 -0.68 -0.718209 0.00839689
 68 -0.68 -0.717647 0.00829154
 69 -0.76 -0.718261 0.00819352
 70 -0.76 -0.718857 0.0080976
 71 -0.76 -0.719437 0.00800374
 72 -0.6 -0.717778 0.00806425
 73 -0.68 -0.71726 0.00796984
 74 -0.44 -0.713514 0.0087086
 75 -0.6 -0.712 0.008724
 76 -0.76 -0.712632 0.00863158
 77 -0.68 -0.712208 0.00852928
 78 -0.6 -0.710769 0.00854123
 79 -0.76 -0.711392 0.00845542
 80 -0.68 -0.711 0.00835827
 81 -0.68 -0.710617 0.00826331
 82 -0.76 -0.71122 0.0081841
 83 -0.76 -0.711807 0.00810623
 84 -0.92 -0.714286 0.00838387
 85 -0.76 -0.714824 0.00830209
 86 -0.76 -0.715349 0.00822178
 87 -0.68 -0.714943 0.00813688
 88 -0.84 -0.716364 0.00816846
 89 -0.76 -0.716854 0.00809102
 90 -0.84 -0.718222 0.00811678
 91 -0.76 -0.718681 0.00804021
 92 -0.84 -0.72 0.00806092
 93 -0.68 -0.71957 0.00798537
 94 -0.76 -0.72 0.00791166
 95 -0.68 -0.719579 0.00783925
 96 -0.76 -0.72 0.00776858
 97 -0.84 -0.721237 0.00778697
 98 -0.76 -0.721633 0.00771725
 99 -0.76 -0.72202 0.00764872
 100 -0.76 -0.7224 0.00758137
 101 -0.68 -0.72198 0.00751766
 102 -0.76 -0.722353 0.00745292
 103 -0.68 -0.721942 0.00739165
 104 -0.6 -0.720769 0.00741354
 105 -0.68 -0.720381 0.00735286
 106 -0.6 -0.719245 0.00737117
 107 -0.76 -0.719626 0.00731189
 108 -0.68 -0.719259 0.00725315
 109 -0.6 -0.718165 0.00726912
 110 -0.68 -0.717818 0.00721108
 111 -0.76 -0.718198 0.00715592
 112 -0.76 -0.718571 0.00710155
 113 -0.68 -0.71823 0.0070467
 114 -0.76 -0.718596 0.00699422
 115 -0.76 -0.718957 0.00694247
 116 -0.68 -0.718621 0.00689055
 117 -0.68 -0.718291 0.00683937
 118 -0.76 -0.718644 0.00679037
 119 -0.68 -0.718319 0.0067409
 120 -0.6 -0.717333 0.00675681
 121 -0.52 -0.715702 0.00689635
 122 -0.36 -0.712787 0.00743509
 123 -0.76 -0.713171 0.00738438
 124 -0.76 -0.713548 0.00733432
 125 -0.68 -0.71328 0.00728035
 126 -0.68 -0.713016 0.00722717
 127 -0.68 -0.712756 0.00717475
 128 -0.68 -0.7125 0.00712307
 129 -0.52 -0.711008 0.00722346
 130 -0.68 -0.710769 0.00717165
 131 -0.6 -0.709924 0.00716675
 132 -0.6 -0.709091 0.00716083
 133 -0.68 -0.708872 0.00711015
 134 -0.52 -0.707463 0.00719628
 135 -0.6 -0.706667 0.00718699
 136 -0.6 -0.705882 0.00717693
 137 -0.52 -0.704526 0.0072524
 138 -0.6 -0.703768 0.00723939
 139 -0.52 -0.702446 0.00730771
 140 -0.6 -0.701714 0.00729213
 141 -0.68 -0.70156 0.00724187
 142 -0.6 -0.700845 0.00722617
 143 -0.68 -0.700699 0.00717694
 144 -0.52 -0.699444 0.00723655
 145 -0.6 -0.698759 0.00721912
 146 -0.52 -0.697534 0.0072733
 147 -0.52 -0.696327 0.00732392
 148 -0.52 -0.695135 0.00737118
 149 -0.6 -0.694497 0.00734933
 150 -0.6 -0.693867 0.0073273
 151 -0.6 -0.693245 0.00730511
 152 -0.28 -0.690526 0.00774945
 153 -0.44 -0.688889 0.00787084
 154 -0.36 -0.686753 0.00810595
 155 -0.68 -0.68671 0.00805361
 156 -0.76 -0.687179 0.00801559
 157 -0.44 -0.685605 0.0081185
 158 -0.44 -0.684051 0.00821535
 159 -0.44 -0.682516 0.00830657
 160 -0.68 -0.6825 0.0082545
 161 -0.68 -0.682484 0.00820309
 162 -0.52 -0.681481 0.00821376
 163 -0.52 -0.680491 0.00822311
 164 -0.6 -0.68 0.00818754
 165 -0.68 -0.68 0.00813776
 166 -0.68 -0.68 0.00808859
 167 -0.68 -0.68 0.00804001
 168 -0.76 -0.680476 0.00800619
 169 -0.84 -0.68142 0.00801445
 170 -0.68 -0.681412 0.00796717
 171 -0.76 -0.681871 0.00793377
 172 -0.68 -0.68186 0.00788751
 173 -0.6 -0.681387 0.00785605
 174 -0.6 -0.68092 0.00782476
 175 -0.76 -0.681371 0.00779303
 176 -0.76 -0.681818 0.0077615
 177 -0.76 -0.68226 0.00773015
 178 -0.76 -0.682697 0.007699
 179 -0.76 -0.683128 0.00766804
 180 -0.76 -0.683556 0.00763727
 181 -0.76 -0.683978 0.00760669
 182 -0.6 -0.683516 0.00757884
 183 -0.68 -0.683497 0.00753734
 184 -0.68 -0.683478 0.00749628
 185 -0.68 -0.683459 0.00745568
 186 -0.68 -0.683441 0.00741551
 187 -0.76 -0.68385 0.0073871
 188 -0.84 -0.684681 0.0073945
 189 -0.76 -0.685079 0.00736606
 190 -0.84 -0.685895 0.00737241
 191 -0.76 -0.686283 0.00734397
 192 -0.6 -0.685833 0.00731943
 193 -0.6 -0.685389 0.00729497
 194 -0.52 -0.684536 0.00730717
 195 -0.52 -0.683692 0.00731841
 196 -0.6 -0.683265 0.00729349
 197 -0.6 -0.682843 0.00726867
 198 -0.76 -0.683232 0.00724236
 199 -0.76 -0.683618 0.00721619
 200 -0.76 -0.684 0.00719017
 201 -0.68 -0.68398 0.00715433
 202 -0.76 -0.684356 0.00712877
 203 -0.76 -0.684729 0.00710334
 204 -0.68 -0.684706 0.00706848
 205 -0.6 -0.684293 0.00704604
 206 -0.84 -0.685049 0.00705237
 207 -0.6 -0.684638 0.00703024
 208 -0.44 -0.683462 0.00709453
 209 -0.6 -0.683062 0.00707178
 210 -0.68 -0.683048 0.00703804
 211 -0.76 -0.683412 0.0070141
 212 -0.68 -0.683396 0.00698095
 213 -0.84 -0.684131 0.00698689
 214 -0.68 -0.684112 0.00695419
 215 -0.68 -0.684093 0.0069218
 216 -0.68 -0.684074 0.0068897
 217 -0.76 -0.684424 0.0068668
 218 -0.76 -0.684771 0.00684401
 219 -0.84 -0.685479 0.00684947
 220 -0.76 -0.685818 0.00682667
 221 -0.84 -0.686516 0.00683143
 222 -0.92 -0.687568 0.00688143
 223 -0.84 -0.688251 0.00688452
 224 -0.68 -0.688214 0.00685382
 225 -0.6 -0.687822 0.00683454
 226 -0.6 -0.687434 0.00681532
 227 -0.68 -0.687401 0.00678531
 228 -0.76 -0.687719 0.00676298
 229 -0.68 -0.687686 0.00673347
 230 -0.76 -0.688 0.0067115
 231 -0.76 -0.688312 0.00668965
 232 -0.68 -0.688276 0.00666085
 233 -0.76 -0.688584 0.00663934
 234 -0.6 -0.688205 0.00662173
 235 -0.6 -0.68783 0.00660417
 236 -0.6 -0.687458 0.00658665
 237 -0.76 -0.687764 0.00656594
 238 -0.6 -0.687395 0.00654868
 239 -0.68 -0.687364 0.0065213
 240 -0.44 -0.686333 0.00657535
 241 -0.68 -0.686307 0.00654806
 242 -0.68 -0.686281 0.006521
 243 -0.84 -0.686914 0.00652485
 244 -0.52 -0.68623 0.00653396
 245 -0.52 -0.685551 0.00654251
 246 -0.68 -0.685528 0.0065159
 247 -0.84 -0.686154 0.00651953
 248 -0.84 -0.686774 0.00652276
 249 -0.84 -0.68739 0.00652559
 250 -0.76 -0.68768 0.00650592
 251 -0.6 -0.687331 0.00648936
 252 -0.6 -0.686984 0.00647284
 253 -0.76 -0.687273 0.00645366
 254 -0.68 -0.687244 0.00642826
 255 -0.76 -0.687529 0.00640936
 256 -0.68 -0.6875 0.00638434
 257 -0.6 -0.68716 0.00636856
 258 -0.76 -0.687442 0.0063501
 259 -0.76 -0.687722 0.00633174
 260 -0.76 -0.688 0.00631346
 261 -0.52 -0.687356 0.00632208
 262 -0.76 -0.687634 0.006304
 263 -0.68 -0.687605 0.00628006
 264 -0.6 -0.687273 0.00626502
 265 -0.68 -0.687245 0.00624139
 266 -0.68 -0.687218 0.00621794
 267 -0.6 -0.686891 0.00620322
 268 -0.68 -0.686866 0.00618008
 269 -0.68 -0.68684 0.00615712
 270 -0.6 -0.686519 0.0061427
 271 -0.6 -0.686199 0.00612831
 272 -0.76 -0.686471 0.00611176
 273 -0.76 -0.68674 0.00609529
 274 -0.68 -0.686715 0.00607305
 275 -0.68 -0.686691 0.00605098
 276 -0.6 -0.686377 0.00603719
 277 -0.6 -0.686065 0.00602343
 278 -0.68 -0.686043 0.00600177
 279 -0.76 -0.686308 0.00598609
 280 -0.6 -0.686 0.00597263
 281 -0.6 -0.685694 0.0059592
 282 -0.6 -0.68539 0.0059458
 283 -0.52 -0.684806 0.00595351
 284 -0.6 -0.684507 0.00594002
 285 -0.68 -0.684491 0.00591916
 286 -0.68 -0.684476 0.00589845
 287 -0.76 -0.684739 0.00588375
 288 -0.68 -0.684722 0.00586331
 289 -0.68 -0.684706 0.00584301
 290 -0.68 -0.68469 0.00582285
 291 -0.68 -0.684674 0.00580282
 292 -0.68 -0.684658 0.00578294
 293 -0.76 -0.684915 0.0057689
 294 -0.6 -0.684626 0.0057565
 295 -0.68 -0.68461 0.00573697
 296 -0.6 -0.684324 0.0057247
 297 -0.52 -0.683771 0.00573215
 298 -0.68 -0.683758 0.0057129
 299 -0.76 -0.684013 0.00569947
 300 -0.76 -0.684267 0.00568608
 301 -0.76 -0.684518 0.00567274
 302 -0.76 -0.684768 0.00565945
 303 -0.6 -0.684488 0.00564767
 304 -0.44 -0.683684 0.00568623
 305 -0.68 -0.683672 0.00566757
 306 -0.52 -0.683137 0.00567428
 307 -0.68 -0.683127 0.00565578
 308 -0.6 -0.682857 0.00564384
 309 -0.52 -0.68233 0.00565018
 310 -0.68 -0.682323 0.00563193
 311 -0.76 -0.682572 0.00561934
 312 -0.76 -0.682821 0.0056068
 313 -0.76 -0.683067 0.0055943
 314 -0.76 -0.683312 0.00558183
 315 -0.68 -0.683302 0.00556409
 316 -0.6 -0.683038 0.00555272
 317 -0.6 -0.682776 0.00554137
 318 -0.52 -0.682264 0.00554758
 319 -0.6 -0.682006 0.00553617
 320 -0.68 -0.682 0.00551885
 321 -0.68 -0.681994 0.00550163
 322 -0.6 -0.681739 0.00549043
 323 -0.68 -0.681734 0.00547341
 324 -0.68 -0.681728 0.00545649
 325 -0.84 -0.682215 0.00546143
 326 -0.68 -0.682209 0.00544465
 327 -0.76 -0.682446 0.00543319
 328 -0.76 -0.682683 0.00542176
 329 -0.68 -0.682675 0.00540526
 330 -0.84 -0.683152 0.0054099
 331 -0.76 -0.683384 0.00539853
 332 -0.76 -0.683614 0.00538719
 333 -0.84 -0.684084 0.00539148
 334 -0.84 -0.684551 0.00539554
 335 -0.84 -0.685015 0.00539939
 336 -0.76 -0.685238 0.00538792
 337 -0.68 -0.685223 0.00537193
 338 -0.52 -0.684734 0.00537827
 339 -0.6 -0.684484 0.00536821
 340 -0.68 -0.684471 0.00535241
 341 -0.68 -0.684457 0.00533671
 342 -0.68 -0.684444 0.0053211
 343 -0.76 -0.684665 0.00531013
 344 -0.6 -0.684419 0.00530039
 345 -0.6 -0.684174 0.00529067
 346 -0.6 -0.683931 0.00528096
 347 -0.76 -0.68415 0.00527028
 348 -0.84 -0.684598 0.00527416
 349 -0.76 -0.684814 0.00526346
 350 -0.76 -0.685029 0.0052528
 351 -0.6 -0.684786 0.00524341
 352 -0.6 -0.684545 0.00523404
 353 -0.68 -0.684533 0.00521921
 354 -0.6 -0.684294 0.00520992
 355 -0.52 -0.683831 0.00521579
 356 -0.68 -0.68382 0.00520113
 357 -0.68 -0.68381 0.00518655
 358 -0.76 -0.684022 0.00517642
 359 -0.68 -0.684011 0.005162
 360 -0.52 -0.683556 0.00516776
 361 -0.6 -0.683324 0.00515862
 362 -0.68 -0.683315 0.00514436
 363 -0.6 -0.683085 0.0051353
 364 -0.68 -0.683077 0.00512118
 365 -0.68 -0.683068 0.00510713
 366 -0.76 -0.683279 0.0050975
 367 -0.6 -0.683052 0.00508865
 368 -0.68 -0.683043 0.00507481
 369 -0.6 -0.682818 0.00506604
 370 -0.44 -0.682162 0.00509477
 371 -0.6 -0.681941 0.00508585
 372 -0.84 -0.682366 0.00508992
 373 -0.76 -0.682574 0.00508052
 374 -0.68 -0.682567 0.00506692
 375 -0.68 -0.68256 0.0050534
 376 -0.6 -0.68234 0.00504472
 377 -0.44 -0.681698 0.00507222
 378 -0.68 -0.681693 0.00505879
 379 -0.68 -0.681689 0.00504542
 380 -0.68 -0.681684 0.00503213
 381 -0.68 -0.68168 0.00501891
 382 -0.6 -0.681466 0.00501032
 383 -0.68 -0.681462 0.00499722
 384 -0.68 -0.681458 0.00498419
 385 -0.76 -0.681662 0.00497541
 386 -0.76 -0.681865 0.00496665
 387 -0.76 -0.682067 0.00495791
 388 -0.76 -0.682268 0.0049492
 389 -0.76 -0.682468 0.0049405
 390 -0.68 -0.682462 0.00492782
 391 -0.76 -0.68266 0.0049192
 392 -0.68 -0.682653 0.00490664
 393 -0.84 -0.683053 0.00491049
 394 -0.84 -0.683452 0.00491418
 395 -0.76 -0.683646 0.00490555
 396 -0.76 -0.683838 0.00489695
 397 -0.76 -0.68403 0.00488836
 398 -0.76 -0.684221 0.0048798
 399 -0.6 -0.68401 0.00487213
 400 -0.68 -0.684 0.00485994
 401 -0.68 -0.68399 0.00484782
 402 -0.6 -0.683781 0.00484026
 403 -0.84 -0.684169 0.00484377
 404 -0.84 -0.684554 0.00484713
 405 -0.6 -0.684346 0.00483966
 406 -0.76 -0.684532 0.00483132
 407 -0.76 -0.684717 0.004823
 408 -0.76 -0.684902 0.0048147
 409 -0.84 -0.685281 0.00481786
 410 -0.76 -0.685463 0.00480955
 411 -0.76 -0.685645 0.00480126
 412 -0.76 -0.685825 0.00479299
 413 -0.6 -0.685617 0.00478588
 414 -0.76 -0.685797 0.00477769
 415 -0.68 -0.685783 0.00476618
 416 -0.76 -0.685962 0.00475806
 417 -0.84 -0.686331 0.00476099
 418 -0.68 -0.686316 0.00474961
 419 -0.6 -0.68611 0.00474273
 420 -0.68 -0.686095 0.00473145
 421 -0.76 -0.686271 0.00472346
 422 -0.76 -0.686445 0.00471549
 423 -0.76 -0.686619 0.00470754
 424 -0.68 -0.686604 0.00469645
 425 -0.68 -0.686588 0.00468542
 426 -0.76 -0.686761 0.00467758
 427 -0.76 -0.686932 0.00466976
 428 -0.76 -0.687103 0.00466197
 429 -0.68 -0.687086 0.00465112
 430 -0.6 -0.686884 0.00464471
 431 -0.6 -0.686682 0.0046383
 432 -0.68 -0.686667 0.00462758
 433 -0.68 -0.686651 0.0046169
 434 -0.44 -0.686083 0.00464118
 435 -0.44 -0.685517 0.00466493
 436 -0.52 -0.685138 0.00466967
 437 -0.6 -0.684943 0.00466304
 438 -0.76 -0.685114 0.00465554
 439 -0.68 -0.685103 0.00464494
 440 -0.68 -0.685091 0.00463438
 441 -0.6 -0.684898 0.00462789
 442 -0.52 -0.684525 0.00463245
 443 -0.6 -0.684334 0.00462592
 444 -0.84 -0.684685 0.00462879
 445 -0.76 -0.684854 0.00462147
 446 -0.68 -0.684843 0.00461111
 447 -0.6 -0.684653 0.0046047
 448 -0.68 -0.684643 0.00459442
 449 -0.68 -0.684633 0.00458419
 450 -0.68 -0.684622 0.004574
 451 -0.68 -0.684612 0.00456386
 452 -0.68 -0.684602 0.00455376
 453 -0.36 -0.683885 0.00459985
 454 -0.44 -0.683348 0.00462104
 455 -0.6 -0.683165 0.00461451
 456 -0.68 -0.683158 0.00460439
 457 -0.68 -0.683151 0.0045943
 458 -0.52 -0.682795 0.00459808
 459 -0.6 -0.682614 0.0045916
 460 -0.68 -0.682609 0.00458161
 461 -0.6 -0.68243 0.00457517
 462 -0.52 -0.682078 0.00457877
 463 -0.52 -0.681728 0.00458227
 464 -0.6 -0.681552 0.00457577
 465 -0.76 -0.68172 0.00456904
 466 -0.68 -0.681717 0.00455922
 467 -0.68 -0.681713 0.00454945
 468 -0.68 -0.681709 0.00453972
 469 -0.68 -0.681706 0.00453003
 470 -0.6 -0.681532 0.00452372
 471 -0.76 -0.681699 0.00451718
 472 -0.76 -0.681864 0.00451065
 473 -0.44 -0.681353 0.00453006
 474 -0.52 -0.681013 0.00453329
 475 -0.52 -0.680674 0.00453642
 476 -0.68 -0.680672 0.00452688
 477 -0.76 -0.680839 0.00452044
 478 -0.68 -0.680837 0.00451097
 479 -0.84 -0.681169 0.00451379
 480 -0.68 -0.681167 0.00450438
 481 -0.6 -0.680998 0.00449817
 482 -0.6 -0.68083 0.00449197
 483 -0.6 -0.680663 0.00448579
 484 -0.6 -0.680496 0.00447961
 485 -0.68 -0.680495 0.00447036
 486 -0.68 -0.680494 0.00446116
 487 -0.68 -0.680493 0.00445199
 488 -0.68 -0.680492 0.00444285
 489 -0.52 -0.680164 0.00444589
 490 -0.52 -0.679837 0.00444883
 491 -0.6 -0.679674 0.00444274
 492 -0.6 -0.679512 0.00443666
 493 -0.6 -0.679351 0.00443058
 494 -0.84 -0.679676 0.00443355
 495 -0.76 -0.679838 0.00442756
 496 -0.84 -0.680161 0.00443041
 497 -0.76 -0.680322 0.0044244
 498 -0.76 -0.680482 0.0044184
 499 -0.76 -0.680641 0.00441242
 500 -0.68 -0.68064 0.00440359
 501 -0.68 -0.680639 0.00439479
 502 -0.76 -0.680797 0.00438887
 503 -0.76 -0.680954 0.00438297
 504 -0.76 -0.681111 0.00437707
 505 -0.76 -0.681267 0.00437119
 506 -0.68 -0.681265 0.00436254
 507 -0.68 -0.681262 0.00435393
 508 -0.68 -0.68126 0.00434535
 509 -0.68 -0.681257 0.00433681
 510 -0.76 -0.681412 0.00433105
 511 -0.76 -0.681566 0.0043253
 512 -0.6 -0.681406 0.00431978
 513 -0.68 -0.681404 0.00431135
 514 -0.68 -0.681401 0.00430296
 515 -0.6 -0.681243 0.0042975
 516 -0.6 -0.681085 0.00429206
 517 -0.68 -0.681083 0.00428375
 518 -0.84 -0.68139 0.00428646
 519 -0.84 -0.681696 0.0042891
 520 -0.76 -0.681846 0.00428349
 521 -0.76 -0.681996 0.00427789
 522 -0.84 -0.682299 0.0042804
 523 -0.84 -0.6826 0.00428284
 524 -0.76 -0.682748 0.00427721
 525 -0.76 -0.682895 0.00427159
 526 -0.6 -0.682738 0.00426637
 527 -0.68 -0.682732 0.00425827
 528 -0.6 -0.682576 0.00425308
 529 -0.6 -0.68242 0.00424791
 530 -0.68 -0.682415 0.00423989
 531 -0.76 -0.682561 0.00423442
 532 -0.68 -0.682556 0.00422645
 533 -0.76 -0.682702 0.00422102
 534 -0.76 -0.682846 0.00421559
 535 -0.68 -0.682841 0.00420771
 536 -0.68 -0.682836 0.00419985
 537 -0.76 -0.68298 0.00419449
 538 -0.84 -0.683271 0.00419684
 539 -0.76 -0.683414 0.00419147
 540 -0.84 -0.683704 0.00419374
 541 -0.92 -0.68414 0.0042087
 542 -0.92 -0.684576 0.00422341
 543 -0.84 -0.684862 0.00422533
 544 -0.68 -0.684853 0.00421756
 545 -0.84 -0.685138 0.00421943
 546 -0.68 -0.685128 0.00421171
 547 -0.68 -0.685119 0.00420401
 548 -0.52 -0.684818 0.00420714
 549 -0.68 -0.684809 0.00419948
 550 -0.6 -0.684655 0.00419467
 551 -0.6 -0.684501 0.00418987
 552 -0.52 -0.684203 0.00419287
 553 -0.68 -0.684195 0.00418529
 554 -0.44 -0.683755 0.00420092
 555 -0.6 -0.683604 0.00419606
 556 -0.52 -0.683309 0.00419883
 557 -0.68 -0.683303 0.00419129
 558 -0.6 -0.683154 0.00418643
 559 -0.52 -0.682862 0.00418911
 560 -0.6 -0.682714 0.00418424
 561 -0.52 -0.682424 0.00418684
 562 -0.6 -0.682278 0.00418195
 563 -0.68 -0.682274 0.00417452
 564 -0.68 -0.68227 0.00416712
 565 -0.68 -0.682265 0.00415974
 566 -0.68 -0.682261 0.00415238
 567 -0.6 -0.682116 0.00414759
 568 -0.52 -0.681831 0.00415011
 569 -0.68 -0.681828 0.00414281
 570 -0.6 -0.681684 0.00413802
 571 -0.68 -0.681681 0.00413077
 572 -0.68 -0.681678 0.00412355
 573 -0.68 -0.681675 0.00411634
 574 -0.68 -0.681672 0.00410917
 575 -0.68 -0.68167 0.00410202
 576 -0.68 -0.681667 0.00409489
 577 -0.76 -0.681802 0.00409004
 578 -0.76 -0.681938 0.0040852
 579 -0.68 -0.681934 0.00407814
 580 -0.52 -0.681655 0.00408066
 581 -0.68 -0.681652 0.00407363
 582 -0.68 -0.681649 0.00406663
 583 -0.68 -0.681647 0.00405965
 584 -0.76 -0.681781 0.00405491
 585 -0.68 -0.681778 0.00404798
 586 -0.6 -0.681638 0.00404347
 587 -0.52 -0.681363 0.00404596
 588 -0.6 -0.681224 0.00404144
 589 -0.52 -0.680951 0.00404385
 590 -0.68 -0.680949 0.00403699
 591 -0.76 -0.681083 0.00403237
 592 -0.68 -0.681081 0.00402555
 593 -0.6 -0.680944 0.00402109
 594 -0.6 -0.680808 0.00401662
 595 -0.6 -0.680672 0.00401217
 596 -0.68 -0.680671 0.00400543
 597 -0.6 -0.680536 0.004001
 598 -0.76 -0.680669 0.00399651
 599 -0.68 -0.680668 0.00398983
 600 -0.68 -0.680667 0.00398318
 601 -0.6 -0.680532 0.00397881
 602 -0.76 -0.680664 0.00397439
 603 -0.6 -0.680531 0.00397004
 604 -0.6 -0.680397 0.00396571
 605 -0.6 -0.680264 0.00396138
 606 -0.6 -0.680132 0.00395705
 607 -0.68 -0.680132 0.00395053
 608 -0.68 -0.680132 0.00394403
 609 -0.76 -0.680263 0.00393973
 610 -0.76 -0.680393 0.00393543
 611 -0.76 -0.680524 0.00393115
 612 -0.68 -0.680523 0.00392472
 613 -0.68 -0.680522 0.00391831
 614 -0.68 -0.680521 0.00391193
 615 -0.52 -0.68026 0.00391427
 616 -0.6 -0.68013 0.00391008
 617 -0.68 -0.68013 0.00390374
 618 -0.6 -0.68 0.00389957
 619 -0.76 -0.680129 0.00389541
 620 -0.68 -0.680129 0.00388913
 621 -0.76 -0.680258 0.00388499
 622 -0.76 -0.680386 0.00388086
 623 -0.76 -0.680514 0.00387673
 624 -0.68 -0.680513 0.00387051
 625 -0.76 -0.68064 0.0038664
 626 -0.68 -0.680639 0.00386022
 627 -0.76 -0.680766 0.00385614
 628 -0.68 -0.680764 0.00384999
 629 -0.76 -0.68089 0.00384593
 630 -0.68 -0.680889 0.00383982
 631 -0.76 -0.681014 0.00383578
 632 -0.68 -0.681013 0.00382971
 633 -0.68 -0.681011 0.00382365
 634 -0.76 -0.681136 0.00381965
 635 -0.6 -0.681008 0.00381577
 636 -0.6 -0.680881 0.0038119
 637 -0.6 -0.680754 0.00380802
 638 -0.52 -0.680502 0.00381039
 639 -0.68 -0.680501 0.00380442
 640 -0.52 -0.68025 0.00380674
 641 -0.52 -0.68 0.00380901
 642 -0.6 -0.679875 0.00380512
 643 -0.68 -0.679876 0.00379919
 644 -0.76 -0.68 0.00379533
 645 -0.6 -0.679876 0.00379147
 646 -0.76 -0.68 0.00378763
 647 -0.6 -0.679876 0.00378379
 648 -0.76 -0.68 0.00377997
 649 -0.84 -0.680247 0.00378218
 650 -0.76 -0.680369 0.00377835
 651 -0.84 -0.680614 0.00378051
 652 -0.6 -0.680491 0.00377673
 653 -0.68 -0.68049 0.00377094
 654 -0.6 -0.680367 0.00376718
 655 -0.68 -0.680366 0.00376142
 656 -0.68 -0.680366 0.00375569
 657 -0.68 -0.680365 0.00374997
 658 -0.68 -0.680365 0.00374426
 659 -0.76 -0.680486 0.00374053
 660 -0.92 -0.680848 0.00375245
 661 -0.84 -0.681089 0.00375449
 662 -0.76 -0.681208 0.00375071
 663 -0.68 -0.681207 0.00374505
 664 -0.76 -0.681325 0.00374129
 665 -0.76 -0.681444 0.00373753
 666 -0.68 -0.681441 0.00373192
 667 -0.44 -0.681079 0.00374386
 668 -0.6 -0.680958 0.00374022
 669 -0.52 -0.680717 0.00374237
 670 -0.52 -0.680478 0.00374447
 671 -0.36 -0.68 0.00376926
 672 -0.6 -0.679881 0.00376553
 673 -0.76 -0.68 0.00376182
 674 -0.6 -0.679881 0.00375811
 675 -0.6 -0.679763 0.0037544
 676 -0.68 -0.679763 0.00374884
 677 -0.6 -0.679645 0.00374516
 678 -0.76 -0.679764 0.00374151
 679 -0.68 -0.679764 0.00373599
 680 -0.76 -0.679882 0.00373236
 681 -0.68 -0.679883 0.00372687
 682 -0.76 -0.68 0.00372326
 683 -0.76 -0.680117 0.00371965
 684 -0.84 -0.680351 0.00372155
 685 -0.84 -0.680584 0.00372342
 686 -0.76 -0.6807 0.00371979
 687 -0.76 -0.680815 0.00371616
 688 -0.68 -0.680814 0.00371076
 689 -0.68 -0.680813 0.00370537
 690 -0.6 -0.680696 0.00370185
 691 -0.68 -0.680695 0.00369649
 692 -0.68 -0.680694 0.00369114
 693 -0.68 -0.680693 0.00368581
 694 -0.68 -0.680692 0.0036805
 695 -0.6 -0.680576 0.00367703
 696 -0.52 -0.680345 0.00367899
 697 -0.6 -0.68023 0.00367551
 698 -0.52 -0.68 0.00367741
 699 -0.68 -0.68 0.00367215
 700 -0.6 -0.679886 0.00366868
 701 -0.76 -0.68 0.00366522
 702 -0.76 -0.680114 0.00366177
 703 -0.76 -0.680228 0.00365833
 704 -0.68 -0.680227 0.00365313
 705 -0.76 -0.68034 0.0036497
 706 -0.68 -0.68034 0.00364452
 707 -0.76 -0.680453 0.00364111
 708 -0.68 -0.680452 0.00363596
 709 -0.68 -0.680451 0.00363083
 710 -0.6 -0.680338 0.00362748
 711 -0.6 -0.680225 0.00362414
 712 -0.6 -0.680112 0.0036208
 713 -0.68 -0.680112 0.00361572
 714 -0.84 -0.680336 0.00361759
 715 -0.84 -0.680559 0.00361942
 716 -0.76 -0.68067 0.00361606
 717 -0.52 -0.680446 0.00361796
 718 -0.6 -0.680334 0.00361466
 719 -0.68 -0.680334 0.00360963
 720 -0.6 -0.680222 0.00360633
 721 -0.84 -0.680444 0.00360814
 722 -0.84 -0.680665 0.00360991
 723 -0.92 -0.680996 0.00362008
 724 -0.84 -0.681215 0.00362174
 725 -0.84 -0.681434 0.00362337
 726 -0.76 -0.681543 0.00361999
 727 -0.68 -0.681541 0.00361501
 728 -0.76 -0.681648 0.00361165
 729 -0.76 -0.681756 0.00360829
 730 -0.76 -0.681863 0.00360494
 731 -0.68 -0.68186 0.00360001
 732 -0.76 -0.681967 0.00359667
 733 -0.84 -0.682183 0.00359822
 734 -0.76 -0.682289 0.00359488
 735 -0.68 -0.682286 0.00358999
 736 -0.76 -0.682391 0.00358666
 737 -0.68 -0.682388 0.00358179
 738 -0.52 -0.682168 0.0035837
 739 -0.6 -0.682057 0.00358057
 740 -0.6 -0.681946 0.00357745
 741 -0.68 -0.681943 0.00357262
 742 -0.76 -0.682049 0.00356935
 743 -0.76 -0.682153 0.00356609
 744 -0.76 -0.682258 0.00356283
 745 -0.6 -0.682148 0.00355976
 746 -0.68 -0.682145 0.00355498
 747 -0.68 -0.682142 0.00355022
 748 -0.6 -0.682032 0.00354717
 749 -0.84 -0.682243 0.00354871
 750 -0.76 -0.682347 0.00354549
 751 -0.76 -0.68245 0.00354227
 752 -0.76 -0.682553 0.00353906
 753 -0.76 -0.682656 0.00353586
 754 -0.6 -0.682546 0.00353286
 755 -0.76 -0.682649 0.00352967
 756 -0.76 -0.682751 0.00352649
 757 -0.68 -0.682748 0.00352183
 758 -0.6 -0.682639 0.00351887
 759 -0.76 -0.68274 0.00351571
 760 -0.68 -0.682737 0.00351108
 761 -0.6 -0.682628 0.00350815
 762 -0.68 -0.682625 0.00350354
 763 -0.68 -0.682621 0.00349895
 764 -0.76 -0.682723 0.00349584
 765 -0.76 -0.682824 0.00349272
 766 -0.68 -0.68282 0.00348816
 767 -0.6 -0.682712 0.00348529
 768 -0.84 -0.682917 0.00348677
 769 -0.84 -0.683121 0.00348821
 770 -0.76 -0.683221 0.00348511
 771 -0.84 -0.683424 0.00348652
 772 -0.76 -0.683523 0.00348342
 773 -0.68 -0.683519 0.00347891
 774 -0.76 -0.683618 0.00347582
 775 -0.68 -0.683613 0.00347133
 776 -0.76 -0.683711 0.00346825
 777 -0.84 -0.683912 0.00346962
 778 -0.76 -0.68401 0.00346654
 779 -0.92 -0.684313 0.00347532
 780 -0.92 -0.684615 0.00348399
 781 -0.76 -0.684712 0.00348086
 782 -0.68 -0.684706 0.00347641
 783 -0.84 -0.684904 0.00347763
 784 -0.84 -0.685102 0.00347882
 785 -0.84 -0.685299 0.00347998
 786 -0.68 -0.685293 0.00347556
 787 -0.6 -0.685184 0.00347283
 788 -0.52 -0.684975 0.00347475
 789 -0.52 -0.684766 0.00347664
 790 -0.52 -0.684557 0.00347849
 791 -0.76 -0.684652 0.0034754
 792 -0.76 -0.684747 0.00347231
 793 -0.68 -0.684741 0.00346794
 794 -0.76 -0.684836 0.00346486
 795 -0.84 -0.685031 0.003466
 796 -0.84 -0.685226 0.00346712
 797 -0.68 -0.68522 0.00346277
 798 -0.76 -0.685313 0.0034597
 799 -0.76 -0.685407 0.00345663
 800 -0.68 -0.6854 0.00345231
 801 -0.76 -0.685493 0.00344926
 802 -0.68 -0.685486 0.00344496
 803 -0.84 -0.685679 0.00344604
 804 -0.76 -0.685771 0.00344299
 805 -0.76 -0.685863 0.00343995
 806 -0.68 -0.685856 0.00343569
 807 -0.6 -0.68575 0.00343308
 808 -0.6 -0.685644 0.00343047
 809 -0.6 -0.685538 0.00342786
 810 -0.6 -0.685432 0.00342525
 811 -0.68 -0.685425 0.00342103
 812 -0.68 -0.685419 0.00341682
 813 -0.76 -0.68551 0.00341385
 814 -0.76 -0.685602 0.00341088
 815 -0.6 -0.685497 0.00340831
 816 -0.68 -0.68549 0.00340414
 817 -0.68 -0.685483 0.00339998
 818 -0.76 -0.685575 0.00339704
 819 -0.76 -0.685665 0.00339411
 820 -0.76 -0.685756 0.00339118
 821 -0.68 -0.685749 0.00338705
 822 -0.68 -0.685742 0.00338294
 823 -0.68 -0.685735 0.00337883
 824 -0.6 -0.685631 0.00337633
 825 -0.68 -0.685624 0.00337224
 826 -0.52 -0.685424 0.00337412
 827 -0.68 -0.685417 0.00337005
 828 -0.68 -0.685411 0.00336598
 829 -0.68 -0.685404 0.00336192
 830 -0.68 -0.685398 0.00335788
 831 -0.6 -0.685295 0.00335541
 832 -0.68 -0.685288 0.00335138
 833 -0.6 -0.685186 0.00334892
 834 -0.6 -0.685084 0.00334646
 835 -0.52 -0.684886 0.00334829
 836 -0.76 -0.684976 0.00334549
 837 -0.68 -0.68497 0.0033415
 838 -0.6 -0.684869 0.00333905
 839 -0.76 -0.684958 0.00333627
 840 -0.76 -0.685048 0.00333349
 841 -0.76 -0.685137 0.00333072
 842 -0.76 -0.685226 0.00332795
 843 -0.68 -0.685219 0.003324
 844 -0.6 -0.685118 0.0033216
 845 -0.52 -0.684923 0.00332341
 846 -0.76 -0.685012 0.00332067
 847 -0.68 -0.685006 0.00331675
 848 -0.6 -0.684906 0.00331435
 849 -0.68 -0.6849 0.00331045
 850 -0.52 -0.684706 0.00331224
 851 -0.44 -0.684418 0.00332082
 852 -0.6 -0.684319 0.0033184
 853 -0.52 -0.684127 0.0033201
 854 -0.76 -0.684215 0.0033174
 855 -0.68 -0.684211 0.00331352
 856 -0.76 -0.684299 0.00331083
 857 -0.76 -0.684387 0.00330815
 858 -0.92 -0.684662 0.00331568
 859 -0.84 -0.684843 0.00331675
 860 -0.76 -0.68493 0.00331404
 861 -0.84 -0.68511 0.00331509
 862 -0.84 -0.68529 0.00331611
 863 -0.68 -0.685284 0.00331227
 864 -0.68 -0.685278 0.00330844
 865 -0.68 -0.685272 0.00330462
 866 -0.76 -0.685358 0.00330193
 867 -0.76 -0.685444 0.00329924
 868 -0.76 -0.68553 0.00329656
 869 -0.76 -0.685616 0.00329388
 870 -0.68 -0.685609 0.0032901
 871 -0.76 -0.685695 0.00328743
 872 -0.68 -0.685688 0.00328366
 873 -0.76 -0.685773 0.003281
 874 -0.68 -0.685767 0.00327725
 875 -0.6 -0.685669 0.00327497
 876 -0.6 -0.685571 0.00327269
 877 -0.6 -0.685473 0.00327042
 878 -0.68 -0.685467 0.00326669
 879 -0.44 -0.685188 0.0032749
 880 -0.6 -0.685091 0.00327261
 881 -0.6 -0.684994 0.00327032
 882 -0.76 -0.685079 0.00326772
 883 -0.76 -0.685164 0.00326512
 884 -0.6 -0.685068 0.00326285
 885 -0.68 -0.685062 0.00325916
 886 -0.6 -0.684966 0.0032569
 887 -0.6 -0.68487 0.00325463
 888 -0.52 -0.684685 0.00325626
 889 -0.6 -0.684589 0.00325399
 890 -0.68 -0.684584 0.00325034
 891 -0.6 -0.684489 0.00324808
 892 -0.44 -0.684215 0.00325599
 893 -0.6 -0.684121 0.00325371
 894 -0.68 -0.684116 0.00325007
 895 -0.6 -0.684022 0.0032478
 896 -0.68 -0.684018 0.00324417
 897 -0.68 -0.684013 0.00324056
 898 -0.6 -0.68392 0.0032383
 899 -0.6 -0.683826 0.00323604
 900 -0.68 -0.683822 0.00323245
 901 -0.6 -0.683729 0.0032302
 902 -0.6 -0.683636 0.00322795
 903 -0.68 -0.683632 0.00322437
 904 -0.76 -0.683717 0.00322191
 905 -0.68 -0.683713 0.00321835
 906 -0.6 -0.68362 0.00321613
 907 -0.84 -0.683793 0.0032172
 908 -0.84 -0.683965 0.00321826
 909 -0.6 -0.683872 0.00321604
 910 -0.6 -0.68378 0.00321383
 911 -0.6 -0.683688 0.00321162
 912 -0.76 -0.683772 0.00320918
 913 -0.76 -0.683855 0.00320675
 914 -0.76 -0.683939 0.00320433
 915 -0.68 -0.683934 0.00320083
 916 -0.76 -0.684017 0.00319841
 917 -0.52 -0.683839 0.00319992
 918 -0.44 -0.683573 0.00320745
 919 -0.6 -0.683482 0.00320525
 920 -0.6 -0.683391 0.00320305
 921 -0.6 -0.683301 0.00320085
 922 -0.68 -0.683297 0.00319738
 923 -0.68 -0.683294 0.00319391
 924 -0.6 -0.683203 0.00319173
 925 -0.6 -0.683114 0.00318955
 926 -0.76 -0.683197 0.00318718
 927 -0.68 -0.683193 0.00318374
 928 -0.68 -0.68319 0.00318031
 929 -0.6 -0.6831 0.00317815
 930 -0.68 -0.683097 0.00317473
 931 -0.68 -0.683093 0.00317132
 932 -0.6 -0.683004 0.00316917
 933 -0.84 -0.683173 0.00317024
 934 -0.84 -0.68334 0.00317129
 935 -0.76 -0.683422 0.00316896
 936 -0.68 -0.683419 0.00316557
 937 -0.68 -0.683415 0.0031622
 938 -0.6 -0.683326 0.00316008
 939 -0.44 -0.683067 0.00316733
 940 -0.52 -0.682894 0.00316871
 941 -0.52 -0.682721 0.00317007
 942 -0.6 -0.682633 0.00316792
 943 -0.68 -0.68263 0.00316456
 944 -0.76 -0.682712 0.00316227
 945 -0.84 -0.682878 0.0031633
 946 -0.6 -0.682791 0.00316117
 947 -0.68 -0.682788 0.00315783
 948 -0.52 -0.682616 0.00315917
 949 -0.52 -0.682445 0.00316049
 950 -0.68 -0.682442 0.00315716
 951 -0.84 -0.682608 0.00315819
 952 -0.84 -0.682773 0.0031592
 953 -0.84 -0.682938 0.00316019
 954 -0.84 -0.683103 0.00316116
 955 -0.84 -0.683267 0.00316212
 956 -0.84 -0.683431 0.00316306
 957 -0.84 -0.683595 0.00316399
 958 -0.84 -0.683758 0.0031649
 959 -0.84 -0.683921 0.00316579
 960 -0.76 -0.684 0.00316349
 961 -0.84 -0.684162 0.00316436
 962 -0.76 -0.684241 0.00316205
 963 -0.68 -0.684237 0.00315877
 964 -0.6 -0.684149 0.0031567
 965 -0.6 -0.684062 0.00315463
 966 -0.6 -0.683975 0.00315257
 967 -0.6 -0.683888 0.0031505
 968 -0.52 -0.683719 0.0031518
 969 -0.6 -0.683633 0.00314973
 970 -0.52 -0.683464 0.003151
 971 -0.68 -0.68346 0.00314775
 972 -0.68 -0.683457 0.00314451
 973 -0.68 -0.683453 0.00314128
 974 -0.6 -0.683368 0.00313923
 975 -0.68 -0.683364 0.00313601
 976 -0.68 -0.683361 0.00313279
 977 -0.76 -0.683439 0.00313057
 978 -0.76 -0.683517 0.00312835
 979 -0.68 -0.683514 0.00312515
 980 -0.52 -0.683347 0.00312641
 981 -0.68 -0.683344 0.00312323
 982 -0.76 -0.683422 0.00312102
 983 -0.84 -0.683581 0.00312191
 984 -0.68 -0.683577 0.00311874
 985 -0.6 -0.683492 0.00311673
 986 -0.76 -0.68357 0.00311453
 987 -0.68 -0.683566 0.00311138
 988 -0.6 -0.683482 0.00310938
 989 -0.68 -0.683478 0.00310623
 990 -0.76 -0.683556 0.00310406
 991 -0.84 -0.683713 0.00310494
 992 -0.76 -0.68379 0.00310276
 993 -0.76 -0.683867 0.00310058
 994 -0.76 -0.683944 0.00309841
 995 -0.84 -0.684101 0.00309926
 996 -0.68 -0.684096 0.00309615
 997 -0.68 -0.684092 0.00309305
 998 -0.52 -0.683928 0.00309432
 999 -0.68 -0.683924 0.00309122
 1000 -0.76 -0.684 0.00308907
 1001 -0.6 -0.683916 0.00308712
 1002 -0.6 -0.683832 0.00308518
 1003 -0.6 -0.683749 0.00308323
 1004 -0.68 -0.683745 0.00308016
 1005 -0.52 -0.683582 0.00308141
 1006 -0.6 -0.683499 0.00307946
 1007 -0.68 -0.683496 0.0030764
 1008 -0.68 -0.683492 0.00307335
 1009 -0.76 -0.683568 0.00307124
 1010 -0.84 -0.683723 0.00307211
 1011 -0.76 -0.683798 0.00306999
 1012 -0.68 -0.683794 0.00306696
 1013 -0.6 -0.683712 0.00306505
 1014 -0.52 -0.68355 0.00306628
 1015 -0.52 -0.683389 0.00306749
 1016 -0.68 -0.683386 0.00306447
 1017 -0.68 -0.683382 0.00306146
 1018 -0.6 -0.683301 0.00305955
 1019 -0.52 -0.68314 0.00306074
 1020 -0.52 -0.68298 0.00306192
 1021 -0.6 -0.682899 0.00306
 1022 -0.6 -0.682818 0.00305808
 1023 -0.6 -0.682737 0.00305616
 1024 -0.68 -0.682734 0.00305317
 1025 -0.6 -0.682654 0.00305126
 1026 -0.68 -0.682651 0.00304829
 1027 -0.52 -0.682493 0.00304943
 1028 -0.6 -0.682412 0.00304752
 1029 -0.68 -0.68241 0.00304456
 1030 -0.6 -0.68233 0.00304265
 1031 -0.52 -0.682173 0.00304378
 1032 -0.6 -0.682093 0.00304187
 1033 -0.68 -0.682091 0.00303892
 1034 -0.44 -0.681857 0.003045
 1035 -0.6 -0.681778 0.00304308
 1036 -0.68 -0.681776 0.00304014
 1037 -0.68 -0.681774 0.00303721
 1038 -0.76 -0.68185 0.00303522
 1039 -0.76 -0.681925 0.00303323
 1040 -0.68 -0.681923 0.00303031
 1041 -0.76 -0.681998 0.00302833
 1042 -0.76 -0.682073 0.00302635
 1043 -0.6 -0.681994 0.00302447
 1044 -0.68 -0.681992 0.00302157
 1045 -0.68 -0.68199 0.00301868
 1046 -0.52 -0.681836 0.00301976
 1047 -0.76 -0.68191 0.0030178
 1048 -0.68 -0.681908 0.00301492
 1049 -0.76 -0.681983 0.00301297
 1050 -0.68 -0.681981 0.0030101
 1051 -0.68 -0.681979 0.00300723
 1052 -0.76 -0.682053 0.00300529
 1053 -0.68 -0.682051 0.00300243
 1054 -0.68 -0.682049 0.00299958
 1055 -0.6 -0.681972 0.00299775
 1056 -0.6 -0.681894 0.00299591
 1057 -0.6 -0.681816 0.00299408
 1058 -0.6 -0.681739 0.00299225
 1059 -0.76 -0.681813 0.00299033
 1060 -0.6 -0.681736 0.00298851
 1061 -0.6 -0.681659 0.00298668
 1062 -0.68 -0.681657 0.00298387
 1063 -0.68 -0.681656 0.00298106
 1064 -0.68 -0.681654 0.00297826
 1065 -0.76 -0.681728 0.00297637
 1066 -0.68 -0.681726 0.00297358
 1067 -0.6 -0.681649 0.00297178
 1068 -0.76 -0.681723 0.0029699
 1069 -0.76 -0.681796 0.00296802
 1070 -0.84 -0.681944 0.00296893
 1071 -0.84 -0.682092 0.00296983
 1072 -0.84 -0.682239 0.00297071
 1073 -0.84 -0.682386 0.00297158
 1074 -0.76 -0.682458 0.00296969
 1075 -0.84 -0.682605 0.00297054
 1076 -0.76 -0.682677 0.00296865
 1077 -0.76 -0.682748 0.00296677
 1078 -0.84 -0.682894 0.0029676
 1079 -0.68 -0.682892 0.00296485
 1080 -0.84 -0.683037 0.00296567
 1081 -0.84 -0.683182 0.00296648
 1082 -0.92 -0.683401 0.00297181
 1083 -0.84 -0.683546 0.00297259
 1084 -0.76 -0.683616 0.00297068
 1085 -0.68 -0.683613 0.00296794
 1086 -0.84 -0.683757 0.0029687
 1087 -0.84 -0.683901 0.00296945
 1088 -0.84 -0.684044 0.00297019
 1089 -0.92 -0.684261 0.00297536
 1090 -0.92 -0.684477 0.00298048
 1091 -0.84 -0.68462 0.00298116
 1092 -0.76 -0.684689 0.00297923
 1093 -0.76 -0.684758 0.0029773
 1094 -0.68 -0.684753 0.00297458
 1095 -0.68 -0.684749 0.00297187
 1096 -0.68 -0.684745 0.00296916
 1097 -0.6 -0.684667 0.00296745
 1098 -0.6 -0.68459 0.00296575
 1099 -0.76 -0.684659 0.00296385
 1100 -0.76 -0.684727 0.00296194
 1101 -0.76 -0.684796 0.00296004
 1102 -0.68 -0.684791 0.00295736
 1103 -0.68 -0.684787 0.00295468
 1104 -0.68 -0.684783 0.002952
 1105 -0.76 -0.684851 0.00295012
 1106 -0.76 -0.684919 0.00294823
 1107 -0.76 -0.684986 0.00294635
 1108 -0.52 -0.684838 0.00294745
 1109 -0.6 -0.684761 0.00294579
 1110 -0.6 -0.684685 0.00294412
 1111 -0.6 -0.684608 0.00294246
 1112 -0.6 -0.684532 0.0029408
 1113 -0.84 -0.684672 0.00294147
 1114 -0.76 -0.68474 0.00293961
 1115 -0.68 -0.684735 0.00293697
 1116 -0.84 -0.684875 0.00293764
 1117 -0.84 -0.685013 0.00293829
 1118 -0.84 -0.685152 0.00293893
 1119 -0.76 -0.685219 0.00293706
 1120 -0.84 -0.685357 0.00293769
 1121 -0.76 -0.685424 0.00293583
 1122 -0.68 -0.685419 0.00293321
 1123 -0.68 -0.685414 0.0029306
 1124 -0.52 -0.685267 0.00293169
 1125 -0.6 -0.685191 0.00293006
 1126 -0.76 -0.685258 0.00292821
 1127 -0.76 -0.685324 0.00292637
 1128 -0.76 -0.68539 0.00292452
 1129 -0.68 -0.685385 0.00292193
 1130 -0.68 -0.685381 0.00291935
 1131 -0.76 -0.685447 0.00291751
 1132 -0.68 -0.685442 0.00291494
 1133 -0.76 -0.685508 0.00291311
 1134 -0.76 -0.685573 0.00291128
 1135 -0.68 -0.685568 0.00290872
 1136 -0.68 -0.685563 0.00290616
 1137 -0.6 -0.685488 0.00290458
 1138 -0.76 -0.685554 0.00290276
 1139 -0.84 -0.685689 0.00290338
 1140 -0.84 -0.685825 0.00290399
 1141 -0.68 -0.685819 0.00290145
 1142 -0.68 -0.685814 0.00289891
 1143 -0.68 -0.685809 0.00289638
 1144 -0.68 -0.685804 0.00289385
 1145 -0.6 -0.685729 0.00289229
 1146 -0.6 -0.685654 0.00289074
 1147 -0.68 -0.68565 0.00288822
 1148 -0.68 -0.685645 0.00288571
 1149 -0.6 -0.68557 0.00288416
 1150 -0.6 -0.685496 0.00288261
 1151 -0.84 -0.68563 0.00288323
 1152 -0.76 -0.685694 0.00288145
 1153 -0.76 -0.685759 0.00287967
 1154 -0.76 -0.685823 0.00287789
 1155 -0.76 -0.685887 0.00287612
 1156 -0.76 -0.685952 0.00287434
 1157 -0.84 -0.686085 0.00287494
 1158 -0.76 -0.686149 0.00287317
 1159 -0.76 -0.686212 0.00287139
 1160 -0.76 -0.686276 0.00286962
 1161 -0.84 -0.686408 0.00287021
 1162 -0.68 -0.686403 0.00286774
 1163 -0.68 -0.686397 0.00286528
 1164 -0.6 -0.686323 0.00286378
 1165 -0.68 -0.686318 0.00286132
 1166 -0.6 -0.686244 0.00285983
 1167 -0.6 -0.68617 0.00285833
 1168 -0.6 -0.686096 0.00285684
 1169 -0.76 -0.686159 0.00285509
 1170 -0.76 -0.686222 0.00285335
 1171 -0.76 -0.686285 0.00285161
 1172 -0.84 -0.686416 0.00285219
 1173 -0.76 -0.686479 0.00285045
 1174 -0.76 -0.686542 0.00284871
 1175 -0.76 -0.686604 0.00284697
 1176 -0.92 -0.686803 0.00285146
 1177 -0.76 -0.686865 0.00284972
 1178 -0.76 -0.686927 0.00284797
 1179 -0.84 -0.687057 0.00284852
 1180 -0.6 -0.686983 0.00284706
 1181 -0.68 -0.686977 0.00284465
 1182 -0.68 -0.686971 0.00284225
 1183 -0.76 -0.687033 0.00284052
 1184 -0.68 -0.687027 0.00283812
 1185 -0.52 -0.686886 0.00283923
 1186 -0.68 -0.68688 0.00283684
 1187 -0.52 -0.68674 0.00283793
 1188 -0.6 -0.686667 0.00283648
 1189 -0.52 -0.686526 0.00283756
 1190 -0.84 -0.686655 0.00283811
 1191 -0.76 -0.686717 0.00283639
 1192 -0.76 -0.686779 0.00283468
 1193 -0.76 -0.68684 0.00283297
 1194 -0.76 -0.686901 0.00283126
 1195 -0.84 -0.687029 0.00283178
 1196 -0.84 -0.687157 0.00283231
 1197 -0.84 -0.687285 0.00283282
 1198 -0.68 -0.687279 0.00283046
 1199 -0.84 -0.687406 0.00283096
 1200 -0.84 -0.687533 0.00283146
 1201 -0.76 -0.687594 0.00282974
 1202 -0.92 -0.687787 0.00283399
 1203 -0.84 -0.687914 0.00283446
 1204 -0.68 -0.687907 0.00283211
 1205 -0.92 -0.6881 0.00283631
 1206 -0.76 -0.688159 0.00283458
 1207 -0.84 -0.688285 0.00283503
 1208 -0.6 -0.688212 0.00283362
 1209 -0.6 -0.688139 0.00283222
 1210 -0.76 -0.688198 0.0028305
 1211 -0.68 -0.688192 0.00282817
 1212 -0.76 -0.688251 0.00282646
 1213 -0.84 -0.688376 0.00282689
 1214 -0.76 -0.688435 0.00282518
 1215 -0.68 -0.688428 0.00282286
 1216 -0.68 -0.688421 0.00282055
 1217 -0.68 -0.688414 0.00281824
 1218 -0.68 -0.688407 0.00281593
 1219 -0.52 -0.688269 0.00281701
 1220 -0.68 -0.688262 0.00281471
 1221 -0.6 -0.68819 0.00281333
 1222 -0.68 -0.688183 0.00281104
 1223 -0.68 -0.688177 0.00280875
 1224 -0.76 -0.688235 0.00280706
 1225 -0.76 -0.688294 0.00280538
 1226 -0.68 -0.688287 0.0028031
 1227 -0.52 -0.68815 0.00280417
 1228 -0.68 -0.688143 0.0028019
 1229 -0.6 -0.688072 0.00280053
 1230 -0.68 -0.688065 0.00279826
 1231 -0.52 -0.687929 0.00279932
 1232 -0.52 -0.687792 0.00280037
 1233 -0.52 -0.687656 0.0028014
 1234 -0.6 -0.687585 0.00280003
 1235 -0.6 -0.687514 0.00279866
 1236 -0.68 -0.687508 0.0027964
 1237 -0.68 -0.687502 0.00279415
 1238 -0.68 -0.687496 0.0027919
 1239 -0.52 -0.687361 0.00279292
 1240 -0.6 -0.68729 0.00279155
 1241 -0.6 -0.68722 0.00279019
 1242 -0.76 -0.687279 0.00278856
 1243 -0.6 -0.687208 0.0027872
 1244 -0.68 -0.687203 0.00278496
 1245 -0.6 -0.687133 0.00278361
 1246 -0.76 -0.687191 0.00278199
 1247 -0.76 -0.687249 0.00278037
 1248 -0.84 -0.687372 0.00278083
 1249 -0.6 -0.687302 0.00277949
 1250 -0.68 -0.687296 0.00277727
 1251 -0.6 -0.687226 0.00277592
 1252 -0.68 -0.68722 0.00277371
 1253 -0.44 -0.687023 0.00277851
 1254 -0.52 -0.68689 0.00277949
 1255 -0.68 -0.686884 0.00277728
 1256 -0.68 -0.686879 0.00277507
 1257 -0.6 -0.68681 0.00277372
 1258 -0.68 -0.686804 0.00277152
 1259 -0.52 -0.686672 0.00277249
 1260 -0.6 -0.686603 0.00277114
 1261 -0.76 -0.686661 0.00276955
 1262 -0.68 -0.686656 0.00276736
 1263 -0.6 -0.686587 0.00276602
 1264 -0.68 -0.686582 0.00276384
 1265 -0.6 -0.686514 0.0027625
 1266 -0.6 -0.686445 0.00276116
 1267 -0.68 -0.68644 0.00275899
 1268 -0.6 -0.686372 0.00275765
 1269 -0.68 -0.686367 0.00275549
 1270 -0.6 -0.686299 0.00275415
 1271 -0.52 -0.686168 0.0027551
 1272 -0.52 -0.686038 0.00275603
 1273 -0.52 -0.685907 0.00275695
 1274 -0.6 -0.68584 0.00275561
 1275 -0.68 -0.685835 0.00275345
 1276 -0.76 -0.685893 0.0027519
 1277 -0.76 -0.685951 0.00275036
 1278 -0.76 -0.686009 0.00274882
 1279 -0.68 -0.686005 0.00274667
 1280 -0.68 -0.686 0.00274453
 1281 -0.76 -0.686058 0.002743
 1282 -0.76 -0.686115 0.00274146
 1283 -0.68 -0.686111 0.00273933
 1284 -0.76 -0.686168 0.0027378
 1285 -0.6 -0.686101 0.00273649
 1286 -0.6 -0.686034 0.00273518
 1287 -0.52 -0.685905 0.0027361
 1288 -0.68 -0.685901 0.00273398
 1289 -0.6 -0.685834 0.00273267
 1290 -0.36 -0.685581 0.00274221
 1291 -0.52 -0.685453 0.00274308
 1292 -0.6 -0.685387 0.00274175
 1293 -0.52 -0.685259 0.00274262
 1294 -0.6 -0.685193 0.00274129
 1295 -0.52 -0.685066 0.00274214
 1296 -0.52 -0.684938 0.00274298
 1297 -0.68 -0.684934 0.00274087
 1298 -0.68 -0.684931 0.00273876
 1299 -0.68 -0.684927 0.00273665
 1300 -0.76 -0.684985 0.00273516
 1301 -0.76 -0.685042 0.00273366
 1302 -0.76 -0.6851 0.00273217
 1303 -0.76 -0.685157 0.00273067
 1304 -0.68 -0.685153 0.00272858
 1305 -0.68 -0.685149 0.00272649
 1306 -0.76 -0.685207 0.00272501
 1307 -0.6 -0.685142 0.0027237
 1308 -0.6 -0.685076 0.0027224
 1309 -0.84 -0.685195 0.00272289
 1310 -0.84 -0.685313 0.00272338
 1311 -0.76 -0.68537 0.00272189
 1312 -0.76 -0.685427 0.00272041
 1313 -0.76 -0.685484 0.00271893
 1314 -0.76 -0.68554 0.00271746
 1315 -0.6 -0.685475 0.00271617
 1316 -0.68 -0.685471 0.00271411
 1317 -0.68 -0.685467 0.00271205
 1318 -0.76 -0.685524 0.00271058
 1319 -0.76 -0.68558 0.00270911
 1320 -0.84 -0.685697 0.00270959
 1321 -0.92 -0.685874 0.00271334
 1322 -0.84 -0.685991 0.00271379
 1323 -0.92 -0.686168 0.0027175
 1324 -0.84 -0.686284 0.00271793
 1325 -0.84 -0.6864 0.00271836
 1326 -0.84 -0.686516 0.00271877
 1327 -0.92 -0.686692 0.00272242
 1328 -0.84 -0.686807 0.00272281
 1329 -0.76 -0.686862 0.00272132
 1330 -0.84 -0.686977 0.00272171
 1331 -0.84 -0.687092 0.00272209
 1332 -0.84 -0.687207 0.00272247
 1333 -0.84 -0.687322 0.00272284
 1334 -0.92 -0.687496 0.00272639
 1335 -0.84 -0.68761 0.00272674
 1336 -0.68 -0.687605 0.0027247
 1337 -0.68 -0.687599 0.00272267
 1338 -0.76 -0.687653 0.00272117
 1339 -0.76 -0.687707 0.00271967
 1340 -0.84 -0.687821 0.00272002
 1341 -0.84 -0.687934 0.00272036
 1342 -0.76 -0.687988 0.00271886
 1343 -0.84 -0.688101 0.00271919
 1344 -0.84 -0.688214 0.00271952
 1345 -0.68 -0.688208 0.0027175
 1346 -0.76 -0.688262 0.00271601
 1347 -0.84 -0.688374 0.00271633
 1348 -0.84 -0.688487 0.00271664
 1349 -0.84 -0.688599 0.00271695
 1350 -0.84 -0.688711 0.00271725
 1351 -0.76 -0.688764 0.00271575
 1352 -0.84 -0.688876 0.00271604
 1353 -0.76 -0.688928 0.00271455
 1354 -0.84 -0.68904 0.00271483
 1355 -0.6 -0.688974 0.00271363
 1356 -0.84 -0.689086 0.00271391
 1357 -0.52 -0.688961 0.00271477
 1358 -0.52 -0.688837 0.00271562
 1359 -0.6 -0.688771 0.00271441
 1360 -0.44 -0.688588 0.00271857
 1361 -0.76 -0.688641 0.00271708
 1362 -0.6 -0.688576 0.00271587
 1363 -0.6 -0.688511 0.00271465
 1364 -0.76 -0.688563 0.00271317
 1365 -0.68 -0.688557 0.00271119
 1366 -0.52 -0.688433 0.00271201
 1367 -0.68 -0.688427 0.00271003
 1368 -0.68 -0.688421 0.00270806
 1369 -0.76 -0.688473 0.00270658
 1370 -0.76 -0.688526 0.00270511
 1371 -0.68 -0.688519 0.00270314
 1372 -0.68 -0.688513 0.00270118
 1373 -0.68 -0.688507 0.00269922
 1374 -0.52 -0.688384 0.00270004
 1375 -0.68 -0.688378 0.00269808
 1376 -0.76 -0.68843 0.00269662
 1377 -0.6 -0.688366 0.00269543
 1378 -0.52 -0.688244 0.00269624
 1379 -0.6 -0.68818 0.00269505
 1380 -0.6 -0.688116 0.00269385
 1381 -0.6 -0.688052 0.00269266
 1382 -0.68 -0.688046 0.00269071
 1383 -0.76 -0.688098 0.00268927
 1384 -0.76 -0.68815 0.00268783
 1385 -0.76 -0.688202 0.00268639
 1386 -0.76 -0.688254 0.00268495
 1387 -0.76 -0.688306 0.00268351
 1388 -0.68 -0.6883 0.00268158
 1389 -0.68 -0.688294 0.00267966
 1390 -0.76 -0.688345 0.00267823
 1391 -0.68 -0.688339 0.00267631
 1392 -0.52 -0.688218 0.00267712
 1393 -0.68 -0.688212 0.0026752
 1394 -0.84 -0.688321 0.0026755
 1395 -0.68 -0.688315 0.00267359
 1396 -0.92 -0.688481 0.00267682
 1397 -0.76 -0.688533 0.00267539
 1398 -0.76 -0.688584 0.00267397
 1399 -0.84 -0.688692 0.00267425
 1400 -0.84 -0.6888 0.00267452
 1401 -0.76 -0.688851 0.00267309
 1402 -0.68 -0.688845 0.00267119
 1403 -0.68 -0.688838 0.0026693
 1404 -0.68 -0.688832 0.0026674
 1405 -0.68 -0.688826 0.00266551
 1406 -0.68 -0.688819 0.00266362
 1407 -0.6 -0.688756 0.00266248
 1408 -0.6 -0.688693 0.00266133
 1409 -0.36 -0.68846 0.00266965
 1410 -0.52 -0.68834 0.00267043
 1411 -0.52 -0.688221 0.00267121
 1412 -0.36 -0.687989 0.00267942
 1413 -0.68 -0.687983 0.00267752
 1414 -0.68 -0.687977 0.00267564
 1415 -0.68 -0.687972 0.00267375
 1416 -0.6 -0.68791 0.00267258
 1417 -0.6 -0.687848 0.00267142
 1418 -0.52 -0.687729 0.00267216
 1419 -0.52 -0.687611 0.00267289
 1420 -0.6 -0.687549 0.00267172
 1421 -0.36 -0.687319 0.00267977
 1422 -0.68 -0.687314 0.00267789
 1423 -0.52 -0.687196 0.00267859
 1424 -0.52 -0.687079 0.00267928
 1425 -0.6 -0.687018 0.0026781
 1426 -0.68 -0.687013 0.00267622
 1427 -0.52 -0.686896 0.00267691
 1428 -0.52 -0.686779 0.00267758
 1429 -0.52 -0.686662 0.00267825
 1430 -0.76 -0.686713 0.00267687
 1431 -0.68 -0.686709 0.002675
 1432 -0.6 -0.686648 0.00267382
 1433 -0.52 -0.686532 0.00267448
 1434 -0.52 -0.686416 0.00267514
 1435 -0.52 -0.6863 0.00267579
 1436 -0.76 -0.686351 0.00267442
 1437 -0.68 -0.686347 0.00267256
 1438 -0.6 -0.686287 0.00267137
 1439 -0.68 -0.686282 0.00266952
 1440 -0.68 -0.686278 0.00266767
 1441 -0.6 -0.686218 0.00266649
 1442 -0.6 -0.686158 0.00266531
 1443 -0.68 -0.686154 0.00266347
 1444 -0.76 -0.686205 0.00266211
 1445 -0.84 -0.686311 0.0026624
 1446 -0.76 -0.686362 0.00266104
 1447 -0.76 -0.686413 0.00265969
 1448 -0.76 -0.686464 0.00265834
 1449 -0.76 -0.686515 0.00265699
 1450 -0.68 -0.68651 0.00265516
 1451 -0.6 -0.686451 0.002654
 1452 -0.52 -0.686336 0.00265465
 1453 -0.6 -0.686277 0.00265349
 1454 -0.52 -0.686162 0.00265412
 1455 -0.76 -0.686213 0.00265279
 1456 -0.68 -0.686209 0.00265097
 1457 -0.68 -0.686205 0.00264915
 1458 -0.84 -0.68631 0.00264943
 1459 -0.52 -0.686196 0.00265007
 1460 -0.52 -0.686082 0.0026507
 1461 -0.68 -0.686078 0.00264889
 1462 -0.76 -0.686129 0.00264756
 1463 -0.6 -0.68607 0.0026464
 1464 -0.6 -0.686011 0.00264525
 1465 -0.76 -0.686061 0.00264392
 1466 -0.52 -0.685948 0.00264455
 1467 -0.6 -0.68589 0.00264339
 1468 -0.76 -0.68594 0.00264207
 1469 -0.76 -0.68599 0.00264075
 1470 -0.68 -0.685986 0.00263896
 1471 -0.6 -0.685928 0.00263781
 1472 -0.6 -0.68587 0.00263667
 1473 -0.76 -0.68592 0.00263536
 1474 -0.76 -0.68597 0.00263405
 1475 -0.6 -0.685912 0.00263291
 1476 -0.6 -0.685854 0.00263177
 1477 -0.6 -0.685796 0.00263063
 1478 -0.52 -0.685683 0.00263124
 1479 -0.6 -0.685625 0.0026301
 1480 -0.52 -0.685514 0.0026307
 1481 -0.52 -0.685402 0.0026313
 1482 -0.68 -0.685398 0.00262952
 1483 -0.68 -0.685394 0.00262775
 1484 -0.84 -0.685499 0.00262805
 1485 -0.68 -0.685495 0.00262628
 1486 -0.84 -0.685599 0.00262657
 1487 -0.76 -0.685649 0.00262528
 1488 -0.76 -0.685699 0.00262399
 1489 -0.76 -0.685749 0.0026227
 1490 -0.52 -0.685638 0.0026233
 1491 -0.68 -0.685634 0.00262155
 1492 -0.76 -0.685684 0.00262026
 1493 -0.76 -0.685733 0.00261898
 1494 -0.76 -0.685783 0.0026177
 1495 -0.76 -0.685833 0.00261642
 1496 -0.68 -0.685829 0.00261467
 1497 -0.76 -0.685878 0.00261339
 1498 -0.76 -0.685928 0.00261212
 1499 -0.76 -0.685977 0.00261084
 1500 -0.84 -0.68608 0.00261112
 1501 -0.76 -0.686129 0.00260984
 1502 -0.76 -0.686178 0.00260857
 1503 -0.84 -0.686281 0.00260884
 1504 -0.84 -0.686383 0.00260911
 1505 -0.68 -0.686379 0.00260738
 1506 -0.6 -0.686321 0.00260628
 1507 -0.68 -0.686317 0.00260455
 1508 -0.6 -0.68626 0.00260345
 1509 -0.68 -0.686256 0.00260173
 1510 -0.68 -0.686252 0.00260001
 1511 -0.68 -0.686248 0.00259829
 1512 -0.52 -0.686138 0.0025989
 1513 -0.44 -0.685975 0.00260227
 1514 -0.44 -0.685812 0.00260562
 1515 -0.36 -0.685597 0.00261277
 1516 -0.6 -0.685541 0.00261165
 1517 -0.6 -0.685485 0.00261054
 1518 -0.52 -0.685375 0.0026111
 1519 -0.52 -0.685267 0.00261165
 1520 -0.6 -0.685211 0.00261053
 1521 -0.6 -0.685155 0.00260942
 1522 -0.52 -0.685046 0.00260996
 1523 -0.68 -0.685043 0.00260825
 1524 -0.44 -0.684882 0.00261149
 1525 -0.6 -0.684826 0.00261037
 1526 -0.52 -0.684718 0.00261089
 1527 -0.6 -0.684663 0.00260977
 1528 -0.68 -0.68466 0.00260807
 1529 -0.6 -0.684604 0.00260695
 1530 -0.6 -0.684549 0.00260583
 1531 -0.6 -0.684494 0.00260471
 1532 -0.68 -0.684491 0.00260301
 1533 -0.68 -0.684488 0.00260132
 1534 -0.76 -0.684537 0.00260009
 1535 -0.76 -0.684586 0.00259886
 1536 -0.76 -0.684635 0.00259763
 1537 -0.52 -0.684528 0.00259815
 1538 -0.76 -0.684577 0.00259692
 1539 -0.84 -0.684678 0.0025972
 1540 -0.76 -0.684727 0.00259597
 1541 -0.76 -0.684776 0.00259475
 1542 -0.6 -0.684721 0.00259364
 1543 -0.68 -0.684718 0.00259197
 1544 -0.68 -0.684715 0.00259029
 1545 -0.68 -0.684712 0.00258861
 1546 -0.52 -0.684605 0.00258913
 1547 -0.68 -0.684602 0.00258746
 1548 -0.6 -0.684548 0.00258636
 1549 -0.76 -0.684597 0.00258515
 1550 -0.68 -0.684594 0.00258349
 1551 -0.68 -0.684591 0.00258182
 1552 -0.84 -0.684691 0.0025821
 1553 -0.68 -0.684688 0.00258044
 1554 -0.68 -0.684685 0.00257878
 1555 -0.68 -0.684682 0.00257712
 1556 -0.68 -0.684679 0.00257547
 1557 -0.68 -0.684676 0.00257381
 1558 -0.68 -0.684673 0.00257216
 1559 -0.76 -0.684721 0.00257097
 1560 -0.76 -0.684769 0.00256977
 1561 -0.68 -0.684766 0.00256813
 1562 -0.52 -0.684661 0.00256865
 1563 -0.44 -0.684504 0.00257177
 1564 -0.44 -0.684348 0.00257488
 1565 -0.6 -0.684294 0.0025738
 1566 -0.6 -0.68424 0.00257272
 1567 -0.6 -0.684186 0.00257163
 1568 -0.6 -0.684133 0.00257056
 1569 -0.6 -0.684079 0.00256948
 1570 -0.84 -0.684178 0.00256976
 1571 -0.76 -0.684227 0.00256858
 1572 -0.76 -0.684275 0.00256739
 1573 -0.68 -0.684272 0.00256576
 1574 -0.6 -0.684219 0.00256469
 1575 -0.6 -0.684165 0.00256362
 1576 -0.6 -0.684112 0.00256255
 1577 -0.6 -0.684058 0.00256148
 1578 -0.76 -0.684106 0.00256031
 1579 -0.68 -0.684104 0.00255869
 1580 -0.6 -0.684051 0.00255762
 1581 -0.52 -0.683947 0.00255811
 1582 -0.68 -0.683944 0.00255649
 1583 -0.68 -0.683942 0.00255488
 1584 -0.84 -0.68404 0.00255516
 1585 -0.76 -0.684088 0.002554
 1586 -0.84 -0.684187 0.00255428
 1587 -0.84 -0.684285 0.00255456
 1588 -0.84 -0.684383 0.00255483
 1589 -0.76 -0.68443 0.00255367
 1590 -0.92 -0.684579 0.00255636
 1591 -0.92 -0.684727 0.00255903
 1592 -0.84 -0.684824 0.00255928
 1593 -0.68 -0.684821 0.00255768
 1594 -0.76 -0.684868 0.00255651
 1595 -0.76 -0.684915 0.00255534
 1596 -0.84 -0.685013 0.00255559
 1597 -0.84 -0.68511 0.00255583
 1598 -0.6 -0.685056 0.00255478
 1599 -0.68 -0.685053 0.00255319
 1600 -0.6 -0.685 0.00255215
 1601 -0.44 -0.684847 0.00255514
 1602 -0.68 -0.684844 0.00255354
 1603 -0.6 -0.684791 0.0025525
 1604 -0.6 -0.684738 0.00255145
 1605 -0.6 -0.684685 0.00255041
 1606 -0.76 -0.684732 0.00254925
 1607 -0.84 -0.684829 0.0025495
 1608 -0.84 -0.684925 0.00254974
 1609 -0.84 -0.685022 0.00254998
 1610 -0.84 -0.685118 0.00255021
 1611 -0.76 -0.685164 0.00254905
 1612 -0.84 -0.685261 0.00254928
 1613 -0.6 -0.685208 0.00254825
 1614 -0.6 -0.685155 0.00254721
 1615 -0.68 -0.685152 0.00254564
 1616 -0.68 -0.685149 0.00254406
 1617 -0.76 -0.685195 0.00254291
 1618 -0.68 -0.685192 0.00254134
 1619 -0.76 -0.685238 0.00254019
 1620 -0.68 -0.685235 0.00253862
 1621 -0.84 -0.68533 0.00253885
 1622 -0.84 -0.685425 0.00253908
 1623 -0.84 -0.685521 0.0025393
 1624 -0.92 -0.685665 0.00254184
 1625 -0.84 -0.68576 0.00254205
 1626 -0.76 -0.685806 0.0025409
 1627 -0.76 -0.685851 0.00253975
 1628 -0.76 -0.685897 0.00253859
 1629 -0.76 -0.685942 0.00253744
 1630 -0.76 -0.685988 0.00253629
 1631 -0.76 -0.686033 0.00253514
 1632 -0.76 -0.686078 0.00253399
 1633 -0.68 -0.686075 0.00253244
 1634 -0.76 -0.68612 0.0025313
 1635 -0.76 -0.686165 0.00253015
 1636 -0.6 -0.686112 0.00252915
 1637 -0.68 -0.686109 0.00252761
 1638 -0.52 -0.686007 0.0025281
 1639 -0.68 -0.686004 0.00252656
 1640 -0.52 -0.685902 0.00252705
 1641 -0.6 -0.68585 0.00252605
 1642 -0.68 -0.685847 0.00252452
 1643 -0.6 -0.685794 0.00252352
 1644 -0.44 -0.685645 0.00252641
 1645 -0.76 -0.68569 0.00252528
 1646 -0.68 -0.685687 0.00252375
 1647 -0.68 -0.685683 0.00252222
 1648 -0.76 -0.685728 0.00252109
 1649 -0.76 -0.685773 0.00251996
 1650 -0.6 -0.685721 0.00251897
 1651 -0.6 -0.685669 0.00251798
 1652 -0.6 -0.685617 0.00251699
 1653 -0.52 -0.685517 0.00251746
 1654 -0.68 -0.685514 0.00251594
 1655 -0.76 -0.685559 0.00251482
 1656 -0.76 -0.685604 0.00251371
 1657 -0.84 -0.685697 0.00251392
 1658 -0.68 -0.685694 0.0025124
 1659 -0.68 -0.68569 0.00251089
 1660 -0.76 -0.685735 0.00250978
 1661 -0.68 -0.685731 0.00250827
 1662 -0.68 -0.685728 0.00250676
 1663 -0.6 -0.685676 0.00250578
 1664 -0.6 -0.685625 0.00250481
 1665 -0.68 -0.685622 0.0025033
 1666 -0.6 -0.68557 0.00250233
 1667 -0.6 -0.685519 0.00250135
 1668 -0.68 -0.685516 0.00249985
 1669 -0.76 -0.68556 0.00249876
 1670 -0.76 -0.685605 0.00249766
 1671 -0.52 -0.685506 0.00249813
 1672 -0.6 -0.685455 0.00249716
 1673 -0.68 -0.685451 0.00249567
 1674 -0.6 -0.6854 0.0024947
 1675 -0.68 -0.685397 0.00249321
 1676 -0.68 -0.685394 0.00249172
 1677 -0.68 -0.685391 0.00249024
 1678 -0.6 -0.68534 0.00248927
 1679 -0.76 -0.685384 0.00248819
 1680 -0.84 -0.685476 0.00248841
 1681 -0.76 -0.685521 0.00248732
 1682 -0.6 -0.68547 0.00248637
 1683 -0.76 -0.685514 0.00248528
 1684 -0.68 -0.685511 0.00248381
 1685 -0.52 -0.685412 0.00248428
 1686 -0.6 -0.685362 0.00248332
 1687 -0.52 -0.685264 0.00248378
 1688 -0.6 -0.685213 0.00248282
 1689 -0.52 -0.685115 0.00248328
 1690 -0.52 -0.685018 0.00248373
 1691 -0.44 -0.684873 0.00248649
 1692 -0.52 -0.684775 0.00248693
 1693 -0.6 -0.684725 0.00248596
 1694 -0.6 -0.684675 0.002485
 1695 -0.76 -0.68472 0.00248393
 1696 -0.76 -0.684764 0.00248286
 1697 -0.68 -0.684761 0.0024814
 1698 -0.84 -0.684853 0.00248162
 1699 -0.76 -0.684897 0.00248056
 1700 -0.76 -0.684941 0.00247949
 1701 -0.68 -0.684938 0.00247803
 1702 -0.76 -0.684982 0.00247697
 1703 -0.84 -0.685073 0.00247719
 1704 -0.68 -0.68507 0.00247574
 1705 -0.6 -0.685021 0.00247479
 1706 -0.68 -0.685018 0.00247334
 1707 -0.68 -0.685015 0.00247189
 1708 -0.68 -0.685012 0.00247044
 1709 -0.76 -0.685056 0.00246939
 1710 -0.68 -0.685053 0.00246794
 1711 -0.76 -0.685096 0.00246689
 1712 -0.68 -0.685093 0.00246545
 1713 -0.68 -0.68509 0.00246401
 1714 -0.6 -0.685041 0.00246308
 1715 -0.6 -0.684991 0.00246214
 1716 -0.76 -0.685035 0.00246109
 1717 -0.84 -0.685125 0.00246131
 1718 -0.68 -0.685122 0.00245988
 1719 -0.68 -0.685119 0.00245845
 1720 -0.84 -0.685209 0.00245867
 1721 -0.68 -0.685206 0.00245724
 1722 -0.68 -0.685203 0.00245582
 1723 -0.52 -0.685107 0.00245627
 1724 -0.6 -0.685058 0.00245534
 1725 -0.76 -0.685101 0.0024543
 1726 -0.68 -0.685098 0.00245288
 1727 -0.68 -0.685096 0.00245146
 1728 -0.6 -0.685046 0.00245053
 1729 -0.6 -0.684997 0.00244961
 1730 -0.52 -0.684902 0.00245005
 1731 -0.52 -0.684806 0.00245049
 1732 -0.68 -0.684804 0.00244907
 1733 -0.6 -0.684755 0.00244815
 1734 -0.6 -0.684706 0.00244722
 1735 -0.6 -0.684657 0.0024463
 1736 -0.68 -0.684654 0.00244489
 1737 -0.52 -0.68456 0.00244532
 1738 -0.6 -0.684511 0.0024444
 1739 -0.68 -0.684508 0.002443
 1740 -0.44 -0.684368 0.00244563
 1741 -0.52 -0.684273 0.00244605
 1742 -0.52 -0.684179 0.00244646
 1743 -0.52 -0.684085 0.00244687
 1744 -0.6 -0.684037 0.00244594
 1745 -0.68 -0.684034 0.00244454
 1746 -0.68 -0.684032 0.00244314
 1747 -0.68 -0.68403 0.00244175
 1748 -0.6 -0.683982 0.00244082
 1749 -0.68 -0.683979 0.00243943
 1750 -0.68 -0.683977 0.00243803
 1751 -0.6 -0.683929 0.00243711
 1752 -0.6 -0.683881 0.00243619
 1753 -0.52 -0.683788 0.0024366
 1754 -0.6 -0.68374 0.00243568
 1755 -0.68 -0.683738 0.00243429
 1756 -0.52 -0.683645 0.00243469
 1757 -0.52 -0.683552 0.00243508
 1758 -0.6 -0.683504 0.00243416
 1759 -0.6 -0.683457 0.00243324
 1760 -0.68 -0.683455 0.00243186
 1761 -0.76 -0.683498 0.00243087
 1762 -0.68 -0.683496 0.00242949
 1763 -0.76 -0.683539 0.0024285
 1764 -0.6 -0.683492 0.00242758
 1765 -0.6 -0.683445 0.00242667
 1766 -0.68 -0.683443 0.00242529
 1767 -0.6 -0.683396 0.00242438
 1768 -0.52 -0.683303 0.00242477
 1769 -0.68 -0.683301 0.0024234
 1770 -0.68 -0.683299 0.00242203
 1771 -0.6 -0.683252 0.00242112
 1772 -0.52 -0.68316 0.00242151
 1773 -0.6 -0.683113 0.00242059
 1774 -0.68 -0.683112 0.00241923
 1775 -0.84 -0.6832 0.00241948
 1776 -0.84 -0.683288 0.00241973
 1777 -0.68 -0.683286 0.00241837
 1778 -0.6 -0.68324 0.00241746
 1779 -0.6 -0.683193 0.00241656
 1780 -0.68 -0.683191 0.0024152
 1781 -0.68 -0.683189 0.00241384
 1782 -0.68 -0.683187 0.00241249
 1783 -0.76 -0.683231 0.00241152
 1784 -0.68 -0.683229 0.00241017
 1785 -0.84 -0.683317 0.00241042
 1786 -0.84 -0.683404 0.00241067
 1787 -0.84 -0.683492 0.00241091
 1788 -0.92 -0.683624 0.00241319
 1789 -0.84 -0.683712 0.00241342
 1790 -0.76 -0.683754 0.00241245
 1791 -0.92 -0.683886 0.00241471
 1792 -0.84 -0.683973 0.00241493
 1793 -0.76 -0.684016 0.00241396
 1794 -0.68 -0.684013 0.00241261
 1795 -0.6 -0.683967 0.00241172
 1796 -0.6 -0.68392 0.00241083
 1797 -0.52 -0.683829 0.00241122
 1798 -0.6 -0.683782 0.00241033
 1799 -0.6 -0.683735 0.00240944
 1800 -0.76 -0.683778 0.00240847
 1801 -0.84 -0.683865 0.00240869
 1802 -0.84 -0.683951 0.00240892
 1803 -0.68 -0.683949 0.00240758
 1804 -0.84 -0.684035 0.0024078
 1805 -0.68 -0.684033 0.00240647
 1806 -0.68 -0.684031 0.00240513
 1807 -0.6 -0.683985 0.00240425
 1808 -0.6 -0.683938 0.00240337
 1809 -0.68 -0.683936 0.00240204
 1810 -0.52 -0.683845 0.00240242
 1811 -0.52 -0.683755 0.0024028
 1812 -0.6 -0.683709 0.00240192
 1813 -0.6 -0.683662 0.00240104
 1814 -0.6 -0.683616 0.00240016
 1815 -0.44 -0.683482 0.00240259
 1816 -0.52 -0.683392 0.00240295
 1817 -0.44 -0.683258 0.00240536
 1818 -0.44 -0.683124 0.00240776
 1819 -0.68 -0.683123 0.00240643
 1820 -0.6 -0.683077 0.00240555
 1821 -0.68 -0.683075 0.00240422
 1822 -0.52 -0.682986 0.00240457
 1823 -0.68 -0.682984 0.00240325
 1824 -0.68 -0.682982 0.00240194
 1825 -0.68 -0.682981 0.00240062
 1826 -0.68 -0.682979 0.0023993
 1827 -0.6 -0.682934 0.00239842
 1828 -0.68 -0.682932 0.00239711
 1829 -0.68 -0.682931 0.0023958
 1830 -0.68 -0.682929 0.00239449
 1831 -0.68 -0.682927 0.00239318
 1832 -0.68 -0.682926 0.00239188
 1833 -0.68 -0.682924 0.00239057
 1834 -0.68 -0.682923 0.00238927
 1835 -0.68 -0.682921 0.00238797
 1836 -0.76 -0.682963 0.00238703
 1837 -0.84 -0.683048 0.00238727
 1838 -0.76 -0.68309 0.00238633
 1839 -0.6 -0.683045 0.00238546
 1840 -0.68 -0.683043 0.00238417
 1841 -0.84 -0.683129 0.0023844
 1842 -0.76 -0.68317 0.00238347
 1843 -0.6 -0.683125 0.0023826
 1844 -0.68 -0.683124 0.00238131
 1845 -0.68 -0.683122 0.00238002
 1846 -0.76 -0.683164 0.00237909
 1847 -0.76 -0.683205 0.00237817
 1848 -0.52 -0.683117 0.00237852
 1849 -0.68 -0.683115 0.00237724
 1850 -0.76 -0.683157 0.00237631
 1851 -0.76 -0.683198 0.00237539
 1852 -0.84 -0.683283 0.00237562
 1853 -0.6 -0.683238 0.00237476
 1854 -0.84 -0.683323 0.00237499
 1855 -0.84 -0.683407 0.00237521
 1856 -0.76 -0.683448 0.00237429
 1857 -0.76 -0.683489 0.00237337
 1858 -0.68 -0.683488 0.00237209
 1859 -0.76 -0.683529 0.00237117
 1860 -0.68 -0.683527 0.0023699
 1861 -0.68 -0.683525 0.00236862
 1862 -0.76 -0.683566 0.00236771
 1863 -0.68 -0.683564 0.00236644
 1864 -0.68 -0.683562 0.00236517
 1865 -0.76 -0.683603 0.00236425
 1866 -0.68 -0.683601 0.00236299
 1867 -0.68 -0.683599 0.00236172
 1868 -0.76 -0.68364 0.00236081
 1869 -0.76 -0.683681 0.0023599
 1870 -0.76 -0.683722 0.00235899
 1871 -0.68 -0.68372 0.00235773
 1872 -0.6 -0.683675 0.0023569
 1873 -0.6 -0.683631 0.00235606
 1874 -0.52 -0.683543 0.00235642
 1875 -0.52 -0.683456 0.00235678
 1876 -0.52 -0.683369 0.00235713
 1877 -0.6 -0.683324 0.0023563
 1878 -0.6 -0.68328 0.00235546
 1879 -0.68 -0.683278 0.00235421
 1880 -0.52 -0.683191 0.00235456
 1881 -0.6 -0.683147 0.00235372
 1882 -0.68 -0.683146 0.00235247
 1883 -0.6 -0.683101 0.00235163
 1884 -0.6 -0.683057 0.0023508
 1885 -0.52 -0.682971 0.00235114
 1886 -0.68 -0.682969 0.0023499
 1887 -0.76 -0.68301 0.00234901
 1888 -0.68 -0.683008 0.00234776
 1889 -0.84 -0.683092 0.00234799
 1890 -0.76 -0.683132 0.0023471
 1891 -0.76 -0.683173 0.00234621
 1892 -0.76 -0.683214 0.00234532
 1893 -0.68 -0.683212 0.00234408
 1894 -0.68 -0.68321 0.00234285
 1895 -0.68 -0.683208 0.00234161
 1896 -0.52 -0.683122 0.00234196
 1897 -0.68 -0.683121 0.00234072
 1898 -0.6 -0.683077 0.0023399
 1899 -0.52 -0.682991 0.00234024
 1900 -0.68 -0.682989 0.00233901
 1901 -0.68 -0.682988 0.00233778
 1902 -0.76 -0.683028 0.0023369
 1903 -0.68 -0.683027 0.00233567
 1904 -0.52 -0.682941 0.00233602
 1905 -0.68 -0.68294 0.00233479
 1906 -0.76 -0.68298 0.00233392
 1907 -0.76 -0.68302 0.00233304
 1908 -0.68 -0.683019 0.00233182
 1909 -0.76 -0.683059 0.00233095
 1910 -0.68 -0.683058 0.00232973
 1911 -0.6 -0.683014 0.00232891
 1912 -0.84 -0.683096 0.00232914
 1913 -0.84 -0.683178 0.00232937
 1914 -0.84 -0.68326 0.00232959
 1915 -0.84 -0.683342 0.00232981
 1916 -0.76 -0.683382 0.00232894
 1917 -0.76 -0.683422 0.00232807
 1918 -0.6 -0.683379 0.00232726
 1919 -0.76 -0.683418 0.00232639
 1920 -0.84 -0.6835 0.00232661
 1921 -0.68 -0.683498 0.0023254
 1922 -0.68 -0.683496 0.00232419
 1923 -0.84 -0.683578 0.0023244
 1924 -0.84 -0.683659 0.00232462
 1925 -0.68 -0.683657 0.00232341
 1926 -0.6 -0.683614 0.00232261
 1927 -0.68 -0.683612 0.00232141
 1928 -0.6 -0.683568 0.00232061
 1929 -0.76 -0.683608 0.00231974
 1930 -0.76 -0.683648 0.00231888
 1931 -0.68 -0.683646 0.00231768
 1932 -0.6 -0.683602 0.00231688
 1933 -0.6 -0.683559 0.00231609
 1934 -0.68 -0.683557 0.00231489
 1935 -0.6 -0.683514 0.0023141
 1936 -0.68 -0.683512 0.0023129
 1937 -0.6 -0.683469 0.00231211
 1938 -0.52 -0.683385 0.00231245
 1939 -0.52 -0.683301 0.0023128
 1940 -0.52 -0.683216 0.00231314
 1941 -0.68 -0.683215 0.00231194
 1942 -0.68 -0.683213 0.00231075
 1943 -0.68 -0.683212 0.00230957
 1944 -0.44 -0.683086 0.00231176
 1945 -0.44 -0.682961 0.00231395
 1946 -0.6 -0.682919 0.00231316
 1947 -0.68 -0.682917 0.00231197
 1948 -0.76 -0.682957 0.00231112
 1949 -0.76 -0.682996 0.00231027
 1950 -0.76 -0.683036 0.00230943
 1951 -0.76 -0.683075 0.00230858
 1952 -0.68 -0.683074 0.0023074
 1953 -0.68 -0.683072 0.00230621
 1954 -0.6 -0.68303 0.00230543
 1955 -0.68 -0.683028 0.00230425
 1956 -0.6 -0.682986 0.00230346
 1957 -0.68 -0.682984 0.00230228
 1958 -0.6 -0.682942 0.0023015
 1959 -0.68 -0.68294 0.00230032
 1960 -0.76 -0.68298 0.00229948
 1961 -0.6 -0.682937 0.0022987
 1962 -0.76 -0.682977 0.00229787
 1963 -0.68 -0.682975 0.00229669
 1964 -0.68 -0.682974 0.00229553
 1965 -0.76 -0.683013 0.00229469
 1966 -0.52 -0.68293 0.00229502
 1967 -0.68 -0.682928 0.00229386
 1968 -0.76 -0.682967 0.00229302
 1969 -0.6 -0.682925 0.00229225
 1970 -0.76 -0.682964 0.00229142
 1971 -0.76 -0.683004 0.00229059
 1972 -0.76 -0.683043 0.00228976
 1973 -0.76 -0.683082 0.00228893
 1974 -0.76 -0.683121 0.0022881
 1975 -0.68 -0.683119 0.00228694
 1976 -0.76 -0.683158 0.00228612
 1977 -0.92 -0.683278 0.0022881
 1978 -0.92 -0.683397 0.00229007
 1979 -0.84 -0.683477 0.00229028
 1980 -0.76 -0.683515 0.00228945
 1981 -0.76 -0.683554 0.00228862
 1982 -0.76 -0.683592 0.00228779
 1983 -0.68 -0.683591 0.00228664
 1984 -0.6 -0.683548 0.00228587
 1985 -0.76 -0.683587 0.00228505
 1986 -0.68 -0.683585 0.0022839
 1987 -0.6 -0.683543 0.00228313
 1988 -0.68 -0.683541 0.00228199
 1989 -0.6 -0.683499 0.00228122
 1990 -0.52 -0.683417 0.00228156
 1991 -0.6 -0.683375 0.0022808
 1992 -0.76 -0.683414 0.00227998
 1993 -0.68 -0.683412 0.00227883
 1994 -0.68 -0.68341 0.00227769
 1995 -0.6 -0.683368 0.00227693
 1996 -0.52 -0.683287 0.00227726
 1997 -0.52 -0.683205 0.00227759
 1998 -0.6 -0.683163 0.00227683
 1999 -0.68 -0.683162 0.00227569
 2000 -0.68 -0.68316 0.00227455
