 1 1.50257 1.50257 0
 2 1.49283 1.4977 0.00486842
 3 1.47514 1.49018 0.00802715
 4 1.49586 1.4916 0.00585123
 5 1.51292 1.49586 0.00622227
 6 1.54391 1.50387 0.00948339
 7 1.4779 1.50016 0.00883206
 8 1.54756 1.50608 0.00967483
 9 1.49778 1.50516 0.00858217
 10 1.52336 1.50698 0.00788889
 11 1.52652 1.50876 0.00735341
 12 1.50741 1.50865 0.00671365
 13 1.52208 1.50968 0.00626155
 14 1.49862 1.50889 0.00585064
 15 1.55105 1.5117 0.0061292
 16 1.47094 1.50915 0.00627386
 17 1.50073 1.50866 0.00591404
 18 1.48033 1.50708 0.00579357
 19 1.52538 1.50805 0.00556412
 20 1.52657 1.50897 0.00535923
 21 1.51864 1.50943 0.00511837
 22 1.53694 1.51068 0.00503778
 23 1.51254 1.51076 0.00481445
 24 1.5294 1.51154 0.00467441
 25 1.46935 1.50985 0.00479058
 26 1.54843 1.51134 0.00483583
 27 1.51695 1.51154 0.00465792
 28 1.50808 1.51142 0.00449019
 29 1.52709 1.51196 0.00436617
 30 1.53855 1.51285 0.00431021
 1 1.52517 1.52517 0
 2 1.53613 1.53065 0.00548
 3 1.48729 1.51619 0.0147963
 4 1.4865 1.50877 0.0128288
 5 1.55531 1.51808 0.0136161
 6 1.48629 1.51278 0.0123157
 7 1.4837 1.50863 0.0112072
 8 1.51376 1.50927 0.00972698
 9 1.49499 1.50768 0.00872378
 10 1.50789 1.5077 0.00780281
 11 1.49283 1.50635 0.00718632
 12 1.47237 1.50352 0.00714529
 13 1.46741 1.50074 0.00713548
 14 1.50391 1.50097 0.00661004
 15 1.48041 1.4996 0.0063043
 16 1.54724 1.50257 0.00660634
 17 1.52449 1.50386 0.00633802
 18 1.50145 1.50373 0.00597705
 19 1.52854 1.50504 0.0058026
 20 1.53709 1.50664 0.00573335
 21 1.51734 1.50715 0.00547727
 22 1.5497 1.50908 0.005569
 23 1.43533 1.50588 0.00621281
 24 1.5237 1.50662 0.0059945
 25 1.53519 1.50776 0.00586218
 26 1.53435 1.50878 0.00572432
 27 1.4508 1.50664 0.005912
 28 1.47484 1.5055 0.00580901
 29 1.54549 1.50688 0.00577229
 30 1.47637 1.50586 0.00566851
