 1 0.030376 0.030376 0
 2 0.023258 0.026817 0.003559
 3 0.033824 0.0291527 0.00311087
 4 0.026066 0.028381 0.00233114
 5 0.032954 0.0292956 0.00202411
 6 0.027756 0.029039 0.00167248
 7 0.028078 0.0289017 0.00142016
 8 0.02739 0.0287127 0.00124432
 9 0.035288 0.0294433 0.00131834
 10 0.024248 0.0289238 0.00128854
 11 0.027276 0.028774 0.00117511
 12 0.023716 0.0283525 0.00115256
 13 0.021908 0.0278568 0.00117038
 14 0.026218 0.0277397 0.00108986
 15 0.029768 0.0278749 0.00102358
 16 0.026336 0.0277788 0.000962289
 17 0.033318 0.0281046 0.000960848
 18 0.02145 0.0277349 0.00097843
 19 0.027236 0.0277086 0.000925875
 20 0.031006 0.0278735 0.000893701
 21 0.034306 0.0281798 0.000903582
 22 0.028302 0.0281854 0.000861549
 23 0.028252 0.0281883 0.000823244
 24 0.028226 0.0281898 0.000788198
 25 0.025086 0.0280657 0.000766139
 26 0.0262 0.0279939 0.000739572
 27 0.029542 0.0280513 0.000713959
 28 0.024674 0.0279306 0.000698482
 29 0.023498 0.0277778 0.000691081
 30 0.038444 0.0281333 0.000756414
 1 0.026766 0.026766 0
 2 0.028918 0.027842 0.001076
 3 0.033928 0.0298707 0.00212165
 4 0.034802 0.0311035 0.0019418
 5 0.029946 0.030872 0.00152182
 6 0.03271 0.0311783 0.00127977
 7 0.031468 0.0312197 0.00108239
 8 0.032736 0.0314092 0.000956348
 9 0.035642 0.0318796 0.000965683
 10 0.033688 0.0320604 0.000882463
 11 0.021538 0.0311038 0.00124587
 12 0.033976 0.0313432 0.00116223
 13 0.03191 0.0313868 0.00106999
 14 0.03603 0.0317184 0.00104466
 15 0.040288 0.0322897 0.00112792
 16 0.033718 0.032379 0.00105884
 17 0.029896 0.0322329 0.00100527
 18 0.035702 0.0324257 0.000967178
 19 0.02781 0.0321827 0.000946563
 20 0.031606 0.0321539 0.000898452
 21 0.011742 0.0311819 0.00129426
 22 0.025596 0.030928 0.00125988
 23 0.031624 0.0309583 0.00120424
 24 0.025478 0.0307299 0.00117536
 25 0.027294 0.0305925 0.00113572
 26 0.029666 0.0305568 0.00109174
 27 0.021062 0.0302052 0.00110783
 28 0.02623 0.0300632 0.00107693
 29 0.031958 0.0301286 0.00104118
 30 0.022792 0.029884 0.00103518
