0 36.6209
1 34.0214
2 31.4952
3 29.1191
4 27.6114
5 26.2075
6 24.9154
7 24.2619
8 23.2976
9 22.4828
10 21.8799
11 21.2688
12 20.8113
13 20.1491
14 19.3621
15 18.5906
16 17.8185
17 16.8515
18 16.4874
19 15.7865
20 15.0936
21 14.7746
22 14.2241
23 14.1596
24 13.6216
25 13.2878
26 12.8038
27 12.4919
28 12.0428
29 11.7329
30 11.414
31 11.1263
32 10.9173
33 10.9886
34 10.9956
35 11.1153
36 10.8057
37 10.6936
38 10.5912
39 10.4141
40 10.4455
41 10.1466
42 9.80445
43 9.5382
44 9.31971
45 8.99393
46 8.89608
47 8.65993
48 8.43617
49 8.54956
50 8.4628
51 8.52773
52 8.47181
53 8.48193
54 8.5125
55 8.39343
56 8.3281
57 8.18631
58 7.95355
59 8.00086
60 7.88083
61 7.91265
62 7.77481
63 7.63273
64 7.6328
65 7.73314
66 7.69756
67 7.51813
68 7.58926
69 7.51441
70 7.48488
71 7.50623
72 7.43786
73 7.61613
74 7.45339
75 7.54738
76 7.42034
77 7.36841
78 7.4644
79 7.5686
80 7.47203
81 7.29596
82 7.4175
83 7.27764
84 7.14046
85 7.22858
86 7.4639
87 7.43224
88 7.51641
89 7.50075
90 7.47792
91 7.36066
92 7.45115
93 7.34743
94 7.50079
95 7.40581
96 7.44275
97 7.29716
98 7.18382
99 7.32982
100 7.38234
101 7.15487
102 7.19047
103 7.4396
104 7.46532
105 7.33541
106 7.35713
107 7.08516
108 7.14766
109 7.10306
110 7.29737
111 7.18611
112 7.21346
113 7.21349
114 7.29439
115 7.3225
116 7.40385
117 7.55449
118 7.3404
119 7.46657
120 7.44735
121 7.21598
122 7.27247
123 7.26967
124 7.28081
125 7.37337
126 7.15462
127 7.29652
128 7.04953
129 7.20131
130 7.12967
131 7.32057
132 7.30323
133 7.21286
134 7.19672
135 7.42503
136 7.24623
137 7.22461
138 7.14312
139 7.27514
140 7.50537
141 7.24471
142 7.3262
143 7.33906
144 7.25868
145 7.24655
146 7.31309
147 7.25159
148 7.37946
149 7.24728
150 7.00167
151 7.29207
152 7.35024
153 7.23069
154 7.32053
155 7.1226
156 7.13326
157 7.40078
158 7.29154
159 7.22542
160 7.08519
161 7.08081
162 7.0824
163 7.2183
164 7.09715
165 7.15483
166 7.34923
167 7.57225
168 7.20589
169 7.14279
170 7.30085
171 7.1394
172 7.21816
173 7.24296
174 7.2163
175 7.13764
176 7.31886
177 7.1205
178 7.22014
179 7.40118
180 7.51313
181 7.63299
182 7.53138
183 7.53918
184 7.56518
185 7.44246
186 7.41063
187 7.22919
188 7.01378
189 7.14901
190 7.30362
191 7.22376
192 7.24058
193 7.25563
194 7.20966
195 7.10043
196 7.17205
197 7.06132
198 7.22122
199 7.31533
200 7.41401
201 7.27153
202 7.27473
203 7.32922
204 7.28407
205 7.38398
206 7.40681
207 7.44846
208 7.41583
209 7.29889
210 7.31654
211 7.16488
212 7.24997
213 7.22749
214 7.23361
215 7.25416
216 7.16067
217 7.36666
218 7.21156
219 7.25204
220 7.33552
221 7.24191
222 7.50146
223 7.53889
224 7.24494
225 7.18966
226 7.25187
227 7.40051
228 7.26854
229 7.14783
230 7.34877
231 7.37977
232 7.29028
233 7.43817
234 7.34331
235 7.27206
236 7.28696
237 7.27236
238 7.26117
239 7.35227
240 7.15612
241 7.31064
242 7.26127
243 7.30528
244 7.10826
245 7.06694
246 7.1397
247 7.16853
248 7.17655
249 7.25997
250 7.30822
251 7.13158
252 7.20816
253 7.10181
254 7.31994
255 7.20964
256 7.26783
257 7.25726
258 7.12551
259 7.17466
260 7.41403
261 7.24391
262 7.02411
263 7.21906
264 7.16681
265 7.10664
266 7.25813
267 7.16886
268 7.23022
269 7.23516
270 7.21249
271 7.31212
272 7.34806
273 7.3331
274 7.30871
275 7.16742
276 7.27224
277 7.19446
278 7.27526
279 7.37244
280 7.39552
281 7.49228
282 7.5697
283 7.30334
284 7.3277
285 7.2974
286 7.25578
287 7.24857
288 7.17211
289 7.25473
290 7.2566
291 7.20507
292 7.25466
293 7.16358
294 7.23113
295 7.03485
296 7.27081
297 7.2414
298 7.14894
299 7.27208
