 1 1 1 0
 2 1 1 0
 3 1 1 0
 4 1 1 0
 5 1 1 0
 6 1 1 0
 7 1 1 0
 8 0.92 0.99 0.01
 9 0.88 0.977778 0.0150718
 10 0.88 0.968 0.0166533
 11 0.88 0.96 0.0170561
 12 0.92 0.956667 0.0159228
 13 0.84 0.947692 0.0171776
 14 0.8 0.937143 0.0190842
 15 0.76 0.925333 0.0213333
 16 0.84 0.92 0.0206559
 17 0.76 0.910588 0.0215651
 18 0.8 0.904444 0.0212397
 19 0.8 0.898947 0.0208292
 20 0.8 0.894 0.0203703
 21 0.96 0.897143 0.0196292
 22 0.88 0.896364 0.0187319
 23 0.76 0.890435 0.0188554
 24 0.76 0.885 0.018853
 25 0.8 0.8816 0.0184
 26 0.8 0.878462 0.0179546
 27 0.76 0.874074 0.0178252
 28 0.72 0.868571 0.0180367
 29 0.8 0.866207 0.0175635
 30 0.72 0.861333 0.017654
 31 0.68 0.855484 0.0180491
 32 0.68 0.85 0.0183162
 33 0.76 0.847273 0.0179608
 34 0.76 0.844706 0.0176126
 35 0.8 0.843429 0.0171496
 36 0.8 0.842222 0.01671
 37 0.8 0.841081 0.0162921
 38 0.76 0.838947 0.0160005
 39 0.68 0.834872 0.0161089
 40 0.68 0.831 0.0161714
 41 0.6 0.825366 0.0167481
 42 0.6 0.82 0.0172028
 43 0.48 0.812093 0.0185659
 44 0.48 0.804545 0.0196466
 45 0.56 0.799111 0.0199591
 46 0.52 0.793043 0.0204417
 47 0.48 0.786383 0.0210818
 48 0.44 0.779167 0.0218632
 49 0.44 0.772245 0.0225033
 50 0.52 0.7672 0.0226185
 51 0.56 0.763137 0.0225397
 52 0.64 0.760769 0.0222285
 53 0.6 0.757736 0.022015
 54 0.56 0.754074 0.0219116
 55 0.56 0.750545 0.0217971
 56 0.48 0.745714 0.0219427
 57 0.48 0.741053 0.0220527
 58 0.52 0.737241 0.0220018
 59 0.52 0.733559 0.0219368
 60 0.48 0.729333 0.0219782
 61 0.44 0.72459 0.0221292
 62 0.4 0.719355 0.0223901
 63 0.44 0.714921 0.0224736
 64 0.44 0.710625 0.0225329
 65 0.44 0.706462 0.0225709
 66 0.4 0.701818 0.0227061
 67 0.4 0.697313 0.0228138
 68 0.4 0.692941 0.0228971
 69 0.4 0.688696 0.0229588
 70 0.48 0.685714 0.022824
 71 0.48 0.682817 0.022686
 72 0.48 0.68 0.0225454
 73 0.36 0.675616 0.0226624
 74 0.32 0.670811 0.0228648
 75 0.32 0.666133 0.0230377
 76 0.4 0.662632 0.0230007
 77 0.4 0.659221 0.0229548
 78 0.36 0.655385 0.022981
 79 0.36 0.651646 0.0229943
 80 0.4 0.6485 0.0229219
 81 0.44 0.645926 0.022783
 82 0.4 0.642927 0.0227025
 83 0.4 0.64 0.0226174
 84 0.44 0.637619 0.022473
 85 0.52 0.636235 0.0222502
 86 0.52 0.634884 0.0220314
 87 0.48 0.633103 0.0218493
 88 0.52 0.631818 0.0216378
 89 0.44 0.629663 0.0215016
 90 0.36 0.626667 0.0214715
 91 0.44 0.624615 0.0213331
 92 0.44 0.622609 0.0211951
 93 0.36 0.619785 0.0211553
 94 0.36 0.617021 0.0211107
 95 0.32 0.613895 0.02112
 96 0.44 0.612083 0.0209772
 97 0.48 0.610722 0.0208044
 98 0.6 0.610612 0.0205913
 99 0.6 0.610505 0.0203825
 100 0.6 0.6104 0.020178
 101 0.68 0.611089 0.0199891
 102 0.76 0.612549 0.0198459
 103 0.72 0.613592 0.0196799
 104 0.8 0.615385 0.019572
 105 0.76 0.616762 0.0194336
 106 0.76 0.618113 0.0192968
 107 0.76 0.619439 0.0191615
 108 0.72 0.62037 0.0190061
 109 0.72 0.621284 0.0188531
 110 0.72 0.622182 0.0187024
 111 0.68 0.622703 0.0185405
 112 0.68 0.623214 0.0183813
 113 0.68 0.623717 0.0182249
 114 0.68 0.624211 0.018071
 115 0.72 0.625043 0.0179326
 116 0.72 0.625862 0.0177961
 117 0.72 0.626667 0.0176617
 118 0.68 0.627119 0.0175172
 119 0.76 0.628235 0.0174053
 120 0.76 0.629333 0.0172945
 121 0.76 0.630413 0.0171849
 122 0.72 0.631148 0.0170593
 123 0.72 0.63187 0.0169355
 124 0.72 0.632581 0.0168134
 125 0.72 0.63328 0.016693
 126 0.72 0.633968 0.0165743
 127 0.68 0.634331 0.0164472
 128 0.64 0.634375 0.0163183
 129 0.56 0.633798 0.0162016
 130 0.44 0.632308 0.0161454
 131 0.48 0.631145 0.0160638
 132 0.48 0.63 0.0159827
 133 0.52 0.629173 0.0158836
 134 0.44 0.627761 0.0158278
 135 0.4 0.626074 0.0158004
 136 0.44 0.624706 0.0157434
 137 0.44 0.623358 0.0156861
 138 0.44 0.622029 0.0156286
 139 0.48 0.621007 0.0155493
 140 0.44 0.619714 0.0154919
 141 0.44 0.61844 0.0154344
 142 0.48 0.617465 0.0153563
 143 0.44 0.616224 0.0152989
 144 0.4 0.614722 0.0152663
 145 0.32 0.61269 0.0152963
 146 0.28 0.610411 0.0153611
 147 0.28 0.608163 0.015421
 148 0.36 0.606486 0.0154079
 149 0.4 0.605101 0.0153668
 150 0.4 0.603733 0.0153251
 151 0.48 0.602914 0.0152453
 152 0.44 0.601842 0.0151826
 153 0.44 0.600784 0.0151201
 154 0.44 0.59974 0.0150578
 155 0.32 0.597935 0.0150688
 156 0.4 0.596667 0.0150256
 157 0.36 0.595159 0.0150055
 158 0.36 0.593671 0.0149843
 159 0.28 0.591698 0.0150199
 160 0.36 0.59025 0.0149958
 161 0.36 0.58882 0.0149708
 162 0.36 0.587407 0.014945
 163 0.56 0.587239 0.014854
 164 0.68 0.587805 0.014774
 165 0.64 0.588121 0.0146876
 166 0.6 0.588193 0.014599
 167 0.72 0.588982 0.0145328
 168 0.76 0.59 0.0144818
 169 0.68 0.590533 0.0144057
 170 0.72 0.591294 0.014341
 171 0.68 0.591813 0.0142663
 172 0.64 0.592093 0.0141859
 173 0.64 0.59237 0.0141064
 174 0.68 0.592874 0.0140341
 175 0.72 0.5936 0.0139726
 176 0.68 0.594091 0.0139016
 177 0.6 0.594124 0.0138229
 178 0.6 0.594157 0.0137451
 179 0.6 0.59419 0.0136681
 180 0.52 0.593778 0.0135982
 181 0.56 0.593591 0.0135241
 182 0.52 0.593187 0.0134557
 183 0.52 0.592787 0.013388
 184 0.52 0.592391 0.0133209
 185 0.52 0.592 0.0132544
 186 0.52 0.591613 0.0131887
 187 0.56 0.591444 0.013119
 188 0.56 0.591277 0.0130502
 189 0.6 0.591323 0.012981
 190 0.6 0.591368 0.0129126
 191 0.44 0.590576 0.0128692
 192 0.56 0.590417 0.012803
 193 0.52 0.590052 0.0127417
 194 0.52 0.589691 0.012681
 195 0.44 0.588923 0.0126392
 196 0.52 0.588571 0.0125794
 197 0.48 0.58802 0.0125275
 198 0.44 0.587273 0.0124865
 199 0.48 0.586734 0.0124353
 200 0.28 0.5852 0.0124676
 201 0.16 0.583085 0.0125845
 202 0.24 0.581386 0.0126367
 203 0.24 0.579704 0.0126863
 204 0.44 0.57902 0.0126425
 205 0.44 0.578341 0.0125989
 206 0.48 0.577864 0.0125467
 207 0.4 0.577005 0.0125155
 208 0.4 0.576154 0.0124842
 209 0.52 0.575885 0.0124272
 210 0.56 0.57581 0.0123682
 211 0.56 0.575735 0.0123096
 212 0.6 0.575849 0.012252
 213 0.68 0.576338 0.0122041
 214 0.68 0.576822 0.0121566
 215 0.72 0.577488 0.0121182
 216 0.8 0.578519 0.0121059
 217 0.8 0.579539 0.0120931
 218 0.88 0.580917 0.0121162
 219 0.88 0.582283 0.0121378
 220 0.88 0.583636 0.0121581
 221 0.88 0.584977 0.012177
 222 0.92 0.586486 0.0122156
 223 0.84 0.587623 0.0122137
 224 0.84 0.58875 0.0122111
 225 0.84 0.589867 0.0122079
 226 0.8 0.590796 0.0121893
 227 0.84 0.591894 0.012185
 228 0.84 0.592982 0.0121802
 229 0.92 0.59441 0.0122107
 230 0.8 0.595304 0.0121903
 231 0.76 0.596017 0.0121583
 232 0.64 0.596207 0.0121073
 233 0.72 0.596738 0.0120669
 234 0.76 0.597436 0.0120355
 235 0.72 0.597957 0.0119955
 236 0.76 0.598644 0.0119643
 237 0.72 0.599156 0.0119247
 238 0.72 0.599664 0.0118853
 239 0.68 0.6 0.0118403
 240 0.76 0.600667 0.0118097
 241 0.76 0.601328 0.0117791
 242 0.8 0.602149 0.011759
 243 0.84 0.603128 0.0117514
 244 0.76 0.60377 0.0117208
 245 0.76 0.604408 0.0116902
 246 0.72 0.604878 0.0116521
 247 0.72 0.605344 0.0116142
 248 0.72 0.605806 0.0115765
 249 0.72 0.606265 0.011539
 250 0.72 0.60672 0.0115018
 251 0.8 0.60749 0.0114817
 252 1 0.609048 0.0115416
 253 1 0.610593 0.0115993
 254 1 0.612126 0.0116548
 255 1 0.613647 0.0117083
 256 1 0.615156 0.0117597
 257 1 0.616654 0.0118092
 258 1 0.61814 0.0118568
 259 1 0.619614 0.0119026
 260 1 0.621077 0.0119466
 261 1 0.622529 0.011989
 262 1 0.623969 0.0120297
 263 0.92 0.625095 0.0120367
 264 0.88 0.626061 0.0120298
 265 0.92 0.62717 0.0120355
 266 1 0.628571 0.0120718
 267 1 0.629963 0.0121067
 268 1 0.631343 0.0121402
 269 1 0.632714 0.0121724
 270 1 0.634074 0.0122033
 271 1 0.635424 0.0122329
 272 1 0.636765 0.0122614
 273 1 0.638095 0.0122886
 274 1 0.639416 0.0123147
 275 1 0.640727 0.0123397
 276 1 0.642029 0.0123637
 277 1 0.643321 0.0123865
 278 1 0.644604 0.0124084
 279 1 0.645878 0.0124293
 280 1 0.647143 0.0124492
 281 0.96 0.648256 0.0124547
 282 0.88 0.649078 0.0124377
 283 0.8 0.649611 0.0124051
 284 0.72 0.649859 0.0123638
 285 0.72 0.650105 0.0123228
 286 0.68 0.65021 0.0122801
 287 0.68 0.650314 0.0122377
 288 0.6 0.650139 0.0121964
 289 0.56 0.649827 0.0121581
 290 0.6 0.649655 0.0121173
 291 0.64 0.649622 0.0120756
 292 0.68 0.649726 0.0120347
 293 0.76 0.650102 0.0119994
 294 0.72 0.65034 0.0119609
 295 0.68 0.650441 0.0119207
 296 0.72 0.650676 0.0118827
 297 0.72 0.650909 0.0118449
 298 0.8 0.651409 0.0118157
 299 0.72 0.651639 0.0117784
 300 0.48 0.651067 0.011753
 301 0.48 0.650498 0.0117276
 302 0.48 0.649934 0.0117024
 303 0.36 0.648977 0.0117029
 304 0.48 0.648421 0.0116775
 305 0.6 0.648262 0.0116403
 306 0.64 0.648235 0.0116022
 307 0.64 0.648208 0.0115644
 308 0.68 0.648312 0.0115272
 309 0.68 0.648414 0.0114903
 310 0.56 0.648129 0.0114567
 311 0.64 0.648103 0.0114199
 312 0.68 0.648205 0.0113837
 313 0.64 0.648179 0.0113473
 314 0.52 0.647771 0.0113184
 315 0.56 0.647492 0.0112859
 316 0.68 0.647595 0.0112506
 317 0.76 0.64795 0.0112207
 318 0.64 0.647925 0.0111853
 319 0.64 0.6479 0.0111503
 320 0.56 0.647625 0.0111187
 321 0.68 0.647726 0.0110845
 322 0.76 0.648075 0.0110555
 323 0.72 0.648297 0.0110235
 324 0.76 0.648642 0.0109948
 325 0.76 0.648985 0.0109663
 326 0.84 0.649571 0.0109483
 327 0.76 0.649908 0.01092
 328 0.8 0.650366 0.0108963
 329 0.8 0.650821 0.0108726
 330 0.72 0.65103 0.0108416
 331 0.8 0.65148 0.0108182
 332 0.88 0.652169 0.0108075
 333 0.92 0.652973 0.010805
 334 0.92 0.653772 0.0108022
 335 0.96 0.654687 0.0108086
 336 0.96 0.655595 0.0108147
 337 0.96 0.656499 0.0108203
 338 1 0.657515 0.010836
 339 1 0.658525 0.0108511
 340 1 0.659529 0.0108657
 341 1 0.660528 0.0108797
 342 1 0.66152 0.0108931
 343 1 0.662507 0.0109061
 344 1 0.663488 0.0109185
 345 1 0.664464 0.0109304
 346 1 0.665434 0.0109418
 347 1 0.666398 0.0109528
 348 0.88 0.667011 0.0109385
 349 0.84 0.667507 0.0109183
 350 0.76 0.667771 0.0108903
 351 0.76 0.668034 0.0108624
 352 0.76 0.668295 0.0108347
 353 0.64 0.668215 0.0108042
 354 0.68 0.668249 0.0107737
 355 0.68 0.668282 0.0107434
 356 0.64 0.668202 0.0107135
 357 0.64 0.668123 0.0106837
 358 0.6 0.667933 0.0106555
 359 0.6 0.667744 0.0106275
 360 0.52 0.667333 0.0106059
 361 0.52 0.666925 0.0105843
 362 0.44 0.666298 0.0105736
 363 0.32 0.665344 0.0105875
 364 0.32 0.664396 0.0106009
 365 0.32 0.663452 0.0106139
 366 0.36 0.662623 0.0106173
 367 0.36 0.661798 0.0106203
 368 0.36 0.660978 0.0106232
 369 0.44 0.660379 0.0106112
 370 0.52 0.66 0.0105893
 371 0.6 0.659838 0.010562
 372 0.48 0.659355 0.0105446
 373 0.4 0.65866 0.0105393
 374 0.48 0.658182 0.0105219
 375 0.48 0.657707 0.0105046
 376 0.44 0.657128 0.0104926
 377 0.4 0.656446 0.0104869
 378 0.4 0.655767 0.0104811
 379 0.4 0.655092 0.0104752
 380 0.44 0.654526 0.0104629
 381 0.44 0.653963 0.0104506
 382 0.52 0.653613 0.0104291
 383 0.56 0.653368 0.0104047
 384 0.52 0.653021 0.0103834
 385 0.44 0.652468 0.0103711
 386 0.48 0.652021 0.0103539
 387 0.44 0.651473 0.0103416
 388 0.4 0.650825 0.0103353
 389 0.44 0.650283 0.0103229
 390 0.32 0.649436 0.0103312
 391 0.28 0.648491 0.0103479
 392 0.2 0.647347 0.0103847
 393 0.24 0.64631 0.01041
 394 0.2 0.645178 0.0104451
 395 0.2 0.644051 0.0104795
 396 0.2 0.642929 0.0105129
 397 0.24 0.641914 0.0105354
 398 0.24 0.640905 0.0105573
 399 0.32 0.6401 0.0105615
 400 0.32 0.6393 0.0105654
 401 0.24 0.638304 0.010586
 402 0.32 0.637512 0.0105892
 403 0.24 0.636526 0.0106089
 404 0.24 0.635545 0.010628
 405 0.2 0.634469 0.0106561
 406 0.2 0.633399 0.0106836
 407 0.24 0.632432 0.0107011
 408 0.2 0.631373 0.0107273
 409 0.08 0.630024 0.0107856
 410 0.12 0.62878 0.0108309
 411 0.12 0.627543 0.0108752
 412 0.12 0.626311 0.0109185
 413 0.2 0.625278 0.0109409
 414 0.12 0.624058 0.0109824
 415 0.08 0.622747 0.0110341
 416 0.08 0.621442 0.0110846
 417 0.12 0.62024 0.0111232
 418 0.12 0.619043 0.0111609
 419 0.12 0.617852 0.0111977
 420 0.08 0.616571 0.0112442
 421 0 0.615107 0.0113126
 422 -0.08 0.61346 0.0114054
 423 -0.12 0.611726 0.0115097
 424 -0.16 0.609906 0.0116259
 425 -0.24 0.607906 0.0117697
 426 -0.28 0.605822 0.0119256
 427 -0.24 0.603841 0.0120614
 428 -0.24 0.601869 0.0121936
 429 -0.12 0.600186 0.012281
 430 -0.12 0.598512 0.0123663
 431 -0.2 0.596659 0.0124759
 432 -0.2 0.594815 0.0125829
 433 -0.24 0.592887 0.012701
 434 -0.28 0.590876 0.0128303
 435 -0.2 0.589057 0.0129292
 436 -0.16 0.587339 0.0130135
 437 -0.08 0.585812 0.0130731
 438 -0.04 0.584384 0.0131213
 439 -0.04 0.582961 0.0131684
 440 0 0.581636 0.0132051
 441 0.04 0.580408 0.0132322
 442 0.16 0.579457 0.0132365
 443 0.08 0.57833 0.0132546
 444 0.08 0.577207 0.0132722
 445 0.16 0.57627 0.0132755
 446 0.16 0.575336 0.0132786
 447 0.08 0.574228 0.0132951
 448 0.16 0.573304 0.0132976
 449 0.2 0.572472 0.0132939
 450 0.32 0.571911 0.0132762
 451 0.24 0.571175 0.0132672
 452 0.24 0.570442 0.0132581
 453 0.28 0.569801 0.0132443
 454 0.4 0.569427 0.0132204
 455 0.36 0.568967 0.0131993
 456 0.36 0.568509 0.0131783
 457 0.32 0.567965 0.0131607
 458 0.36 0.567511 0.0131398
 459 0.32 0.566972 0.0131222
 460 0.44 0.566696 0.0130965
 461 0.52 0.566594 0.0130685
 462 0.48 0.566407 0.0130415
 463 0.4 0.566048 0.0130183
 464 0.36 0.565603 0.0129978
 465 0.36 0.565161 0.0129773
 466 0.28 0.564549 0.0129639
 467 0.32 0.564026 0.0129467
 468 0.36 0.56359 0.0129264
 469 0.32 0.56307 0.0129092
 470 0.28 0.562468 0.0128958
 471 0.28 0.561868 0.0128824
 472 0.32 0.561356 0.0128653
 473 0.32 0.560846 0.0128482
 474 0.36 0.560422 0.012828
 475 0.36 0.56 0.0128079
 476 0.32 0.559496 0.012791
 477 0.28 0.55891 0.0127776
 478 0.32 0.55841 0.0127606
 479 0.32 0.557912 0.0127436
 480 0.28 0.557333 0.0127302
 481 0.24 0.556674 0.0127209
 482 0.2 0.555934 0.012716
 483 0.04 0.554865 0.0127345
 484 0.08 0.553884 0.012746
 485 0.12 0.55299 0.0127511
 486 0.08 0.552016 0.012762
 487 0.12 0.551129 0.0127666
 488 0.08 0.550164 0.012777
 489 0.12 0.549284 0.0127811
 490 0.12 0.548408 0.0127851
 491 0.24 0.54778 0.0127745
 492 0.2 0.547073 0.012768
 493 0.2 0.546369 0.0127616
 494 0.28 0.54583 0.0127471
 495 0.28 0.545293 0.0127327
 496 0.36 0.544919 0.0127124
 497 0.36 0.544547 0.0126923
 498 0.32 0.544096 0.0126748
 499 0.28 0.543567 0.0126605
 500 0.24 0.54296 0.0126497
 501 0.28 0.542435 0.0126353
 502 0.32 0.541992 0.0126179
 503 0.32 0.541551 0.0126005
 504 0.44 0.541349 0.0125771
 505 0.28 0.540832 0.0125628
 506 0.28 0.540316 0.0125486
 507 0.28 0.539803 0.0125343
 508 0.36 0.539449 0.0125146
 509 0.24 0.538861 0.0125039
 510 0.24 0.538275 0.0124931
 511 0.16 0.537534 0.0124906
 512 0.28 0.537031 0.0124763
 513 0.2 0.536374 0.0124693
 514 0.32 0.535953 0.0124521
 515 0.32 0.535534 0.012435
 516 0.28 0.535039 0.0124207
 517 0.16 0.534313 0.0124179
 518 0.16 0.533591 0.0124149
 519 0.16 0.532871 0.0124119
 520 0.16 0.532154 0.0124087
 521 0.2 0.531516 0.0124013
 522 0.08 0.530651 0.0124077
 523 0.04 0.529713 0.0124194
 524 0.12 0.528931 0.0124203
 525 0.08 0.528076 0.0124261
 526 0.12 0.5273 0.0124267
 527 0.12 0.526528 0.0124272
 528 0.12 0.525758 0.0124275
 529 0.04 0.524839 0.0124379
 530 0.08 0.524 0.0124428
 531 0.12 0.523239 0.0124426
 532 0.16 0.522556 0.0124379
 533 0.16 0.521876 0.0124332
 534 0.16 0.521199 0.0124284
 535 0.2 0.520598 0.0124196
 536 0.16 0.519925 0.0124147
 537 0.2 0.51933 0.0124059
 538 0.2 0.518736 0.012397
 539 0.16 0.518071 0.0123919
 540 0.24 0.517556 0.0123796
 541 0.12 0.516821 0.0123785
 542 0.16 0.516162 0.0123732
 543 0.04 0.515285 0.0123815
 544 0.12 0.514559 0.0123801
 545 0.04 0.513688 0.012388
 546 -0.08 0.512601 0.012413
 547 -0.12 0.511444 0.0124441
 548 -0.12 0.510292 0.0124747
 549 -0.12 0.509144 0.0125048
 550 -0.12 0.508 0.0125343
 551 -0.2 0.506715 0.0125774
 552 -0.12 0.50558 0.0126058
 553 -0.12 0.504448 0.0126337
 554 -0.16 0.503249 0.0126678
 555 -0.08 0.502198 0.0126886
 556 -0.04 0.501223 0.0127032
 557 -0.04 0.500251 0.0127175
 558 0 0.499355 0.0127264
 559 0.04 0.498533 0.0127301
 560 0 0.497643 0.0127385
 561 -0.08 0.496613 0.0127574
 562 -0.08 0.495587 0.0127759
 563 -0.04 0.494636 0.0127887
 564 -0.16 0.493475 0.0128186
 565 -0.08 0.49246 0.0128361
 566 -0.16 0.491307 0.0128652
 567 -0.24 0.490018 0.0129071
 568 -0.28 0.488662 0.0129554
 569 -0.28 0.487311 0.013003
 570 -0.24 0.486035 0.0130427
 571 -0.28 0.484694 0.0130888
 572 -0.32 0.483287 0.0131414
 573 -0.32 0.481885 0.0131932
 574 -0.32 0.480488 0.0132441
 575 -0.36 0.479026 0.0133016
 576 -0.44 0.477431 0.013374
 577 -0.48 0.475771 0.0134535
 578 -0.52 0.474048 0.0135402
 579 -0.56 0.472263 0.0136343
 580 -0.68 0.470276 0.013755
 581 -0.6 0.468434 0.0138543
 582 -0.64 0.466529 0.013961
 583 -0.64 0.464631 0.0140657
 584 -0.64 0.46274 0.0141684
 585 -0.64 0.460855 0.0142692
 586 -0.68 0.458908 0.0143773
 587 -0.68 0.456968 0.0144833
 588 -0.64 0.455102 0.0145785
 589 -0.72 0.453107 0.0146899
 590 -0.72 0.451119 0.0147991
 591 -0.72 0.449137 0.0149063
 592 -0.8 0.447027 0.01503
 593 -0.84 0.444857 0.0151608
 594 -0.84 0.442694 0.015289
 595 -0.92 0.440403 0.0154342
 596 -0.92 0.438121 0.0155764
 597 -0.88 0.435913 0.0157063
 598 -0.84 0.433779 0.0158245
 599 -0.8 0.43172 0.0159317
 600 -0.84 0.4296 0.0160458
 601 -0.8 0.427554 0.0161492
 602 -0.8 0.425515 0.0162508
 603 -0.76 0.423549 0.0163425
 604 -0.76 0.421589 0.0164326
 605 -0.76 0.419636 0.0165213
 606 -0.72 0.417756 0.0166009
 607 -0.68 0.415947 0.0166719
 608 -0.76 0.414013 0.0167564
 609 -0.8 0.41202 0.0168473
 610 -0.8 0.410033 0.0169366
 611 -0.76 0.408118 0.0170169
 612 -0.72 0.406275 0.0170888
 613 -0.72 0.404437 0.0171595
 614 -0.72 0.402606 0.0172292
 615 -0.76 0.400715 0.0173047
 616 -0.8 0.398766 0.0173862
 617 -0.72 0.396953 0.0174525
 618 -0.72 0.395146 0.0175177
 619 -0.68 0.393409 0.0175754
 620 -0.72 0.391613 0.0176387
 621 -0.64 0.389952 0.0176884
 622 -0.72 0.388167 0.0177499
 623 -0.72 0.386388 0.0178104
 624 -0.72 0.384615 0.01787
 625 -0.68 0.382912 0.0179226
 626 -0.6 0.381342 0.0179627
 627 -0.6 0.379777 0.0180022
 628 -0.52 0.378344 0.0180305
 629 -0.48 0.376979 0.0180534
 630 -0.44 0.375683 0.0180714
 631 -0.36 0.374517 0.0180803
 632 -0.32 0.373418 0.0180851
 633 -0.32 0.372322 0.0180897
 634 -0.4 0.371104 0.0181022
 635 -0.44 0.369827 0.0181187
 636 -0.52 0.368428 0.0181443
 637 -0.44 0.367159 0.0181602
 638 -0.48 0.365831 0.0181802
 639 -0.52 0.364444 0.0182046
 640 -0.48 0.363125 0.018224
 641 -0.44 0.361872 0.0182386
 642 -0.48 0.360561 0.0182573
 643 -0.48 0.359253 0.0182757
 644 -0.44 0.358012 0.0182895
 645 -0.4 0.356837 0.0182989
 646 -0.4 0.355666 0.0183081
 647 -0.36 0.35456 0.0183132
 648 -0.4 0.353395 0.0183219
 649 -0.4 0.352234 0.0183305
 650 -0.4 0.351077 0.0183388
 651 -0.4 0.349923 0.0183469
 652 -0.4 0.348773 0.0183548
 653 -0.44 0.347565 0.0183665
 654 -0.48 0.3463 0.018382
 655 -0.52 0.344977 0.0184015
 656 -0.44 0.34378 0.0184123
 657 -0.56 0.342405 0.0184357
 658 -0.64 0.340912 0.0184681
 659 -0.68 0.339363 0.018505
 660 -0.6 0.337939 0.0185317
 661 -0.64 0.33646 0.0185627
 662 -0.68 0.334924 0.0185981
 663 -0.72 0.333333 0.0186381
 664 -0.68 0.331807 0.0186724
 665 -0.64 0.330346 0.0187015
 666 -0.6 0.328949 0.0187256
 667 -0.6 0.327556 0.0187493
 668 -0.56 0.326228 0.0187683
 669 -0.6 0.324843 0.0187913
 670 -0.64 0.323403 0.0188184
 671 -0.6 0.322027 0.0188407
 672 -0.6 0.320655 0.0188626
 673 -0.64 0.319227 0.0188886
 674 -0.68 0.317745 0.0189187
 675 -0.68 0.316267 0.0189484
 676 -0.72 0.314734 0.0189823
 677 -0.72 0.313205 0.0190158
 678 -0.72 0.311681 0.0190488
 679 -0.72 0.310162 0.0190813
 680 -0.72 0.308647 0.0191133
 681 -0.6 0.307313 0.0191318
 682 -0.56 0.306041 0.0191461
 683 -0.52 0.304832 0.0191562
 684 -0.52 0.303626 0.0191662
 685 -0.6 0.302307 0.0191836
 686 -0.6 0.300991 0.0192007
 687 -0.64 0.299622 0.0192216
 688 -0.68 0.298198 0.0192464
 689 -0.64 0.296836 0.0192666
 690 -0.68 0.29542 0.0192907
 691 -0.68 0.294009 0.0193144
 692 -0.68 0.292601 0.0193377
 693 -0.64 0.291255 0.0193567
 694 -0.6 0.289971 0.0193714
 695 -0.56 0.288748 0.0193821
 696 -0.6 0.287471 0.0193963
 697 -0.64 0.286141 0.0194141
 698 -0.68 0.284756 0.0194356
 699 -0.68 0.283376 0.0194568
 700 -0.6 0.282114 0.0194699
 701 -0.6 0.280856 0.0194828
 702 -0.68 0.279487 0.0195031
 703 -0.64 0.278179 0.0195193
 704 -0.64 0.276875 0.0195351
 705 -0.72 0.275461 0.0195585
 706 -0.76 0.273994 0.0195858
 707 -0.72 0.272588 0.0196086
 708 -0.8 0.271073 0.0196394
 709 -0.84 0.269506 0.0196742
 710 -0.88 0.267887 0.019713
 711 -0.92 0.266217 0.0197561
 712 -0.92 0.264551 0.0197985
 713 -1 0.262777 0.0198501
 714 -1 0.261008 0.019901
 715 -1 0.259245 0.0199513
 716 -1 0.257486 0.0200009
 717 -1 0.255732 0.0200498
 718 -1 0.253983 0.0200981
 719 -1 0.252239 0.0201458
 720 -1 0.2505 0.0201928
 721 -1 0.248766 0.0202392
 722 -1 0.247036 0.0202851
 723 -1 0.245311 0.0203303
 724 -1 0.243591 0.0203749
 725 -1 0.241876 0.020419
 726 -1 0.240165 0.0204624
 727 -1 0.238459 0.0205054
 728 -1 0.236758 0.0205477
 729 -1 0.235062 0.0205895
 730 -1 0.23337 0.0206308
 731 -1 0.231683 0.0206715
 732 -1 0.23 0.0207117
 733 -1 0.228322 0.0207514
 734 -1 0.226649 0.0207906
 735 -1 0.22498 0.0208292
 736 -1 0.223315 0.0208674
 737 -1 0.221655 0.0209051
 738 -1 0.22 0.0209422
 739 -1 0.218349 0.0209789
 740 -1 0.216703 0.0210152
 741 -1 0.215061 0.0210509
 742 -1 0.213423 0.0210862
 743 -1 0.21179 0.021121
 744 -1 0.210161 0.0211554
 745 -1 0.208537 0.0211894
 746 -1 0.206917 0.0212229
 747 -1 0.205301 0.0212559
 748 -1 0.20369 0.0212886
 749 -1 0.202083 0.0213208
 750 -1 0.20048 0.0213526
 751 -1 0.198881 0.0213839
 752 -1 0.197287 0.0214149
 753 -1 0.195697 0.0214455
 754 -1 0.194111 0.0214757
 755 -1 0.19253 0.0215054
 756 -1 0.190952 0.0215348
 757 -1 0.189379 0.0215638
 758 -1 0.18781 0.0215924
 759 -0.92 0.18635 0.0216133
 760 -0.88 0.184947 0.0216304
 761 -0.88 0.183548 0.0216472
 762 -0.84 0.182205 0.0216605
 763 -0.8 0.180917 0.0216704
 764 -0.84 0.179581 0.0216832
 765 -0.84 0.178248 0.0216958
 766 -0.88 0.176867 0.0217115
 767 -0.92 0.175437 0.0217302
 768 -0.96 0.173958 0.0217522
 769 -0.92 0.172536 0.0217705
 770 -1 0.171013 0.0217954
 771 -1 0.169494 0.0218201
 772 -1 0.167979 0.0218444
 773 -1 0.166468 0.0218684
 774 -1 0.164961 0.021892
 775 -1 0.163458 0.0219154
 776 -1 0.161959 0.0219384
 777 -1 0.160463 0.0219611
 778 -1 0.158972 0.0219835
 779 -1 0.157484 0.0220056
 780 -1 0.156 0.0220275
 781 -1 0.15452 0.022049
 782 -1 0.153043 0.0220702
 783 -1 0.151571 0.0220911
 784 -0.92 0.150204 0.0221052
 785 -0.84 0.148943 0.0221131
 786 -0.8 0.147735 0.0221179
 787 -0.8 0.146531 0.0221226
 788 -0.76 0.145381 0.0221244
 789 -0.8 0.144183 0.0221288
 790 -0.88 0.142886 0.0221388
 791 -0.84 0.141643 0.0221456
 792 -0.8 0.140455 0.0221496
 793 -0.76 0.139319 0.0221508
 794 -0.6 0.138388 0.0221424
 795 -0.52 0.13756 0.0221301
 796 -0.44 0.136834 0.0221142
 797 -0.44 0.13611 0.0220983
 798 -0.48 0.135338 0.022084
 799 -0.44 0.134618 0.0220681
 800 -0.4 0.13395 0.0220507
 801 -0.36 0.133333 0.0220318
 802 -0.36 0.132718 0.0220129
 803 -0.28 0.132204 0.0219914
 804 -0.24 0.131741 0.0219689
 805 -0.2 0.131329 0.0219455
 806 -0.24 0.130868 0.0219231
 807 -0.16 0.130508 0.0218989
 808 -0.2 0.130099 0.0218756
 809 -0.08 0.129839 0.0218501
 810 -0.08 0.12958 0.0218246
 811 -0.12 0.129273 0.0217999
 812 -0.24 0.128818 0.0217778
 813 -0.32 0.128266 0.021758
 814 -0.36 0.127666 0.0217395
 815 -0.24 0.127215 0.0217175
 816 -0.4 0.126569 0.0217005
 817 -0.36 0.125973 0.0216821
 818 -0.36 0.125379 0.0216637
 819 -0.36 0.124786 0.0216454
 820 -0.36 0.124195 0.021627
 821 -0.36 0.123605 0.0216087
 822 -0.36 0.123017 0.0215904
 823 -0.36 0.12243 0.0215722
 824 -0.24 0.12199 0.0215505
 825 -0.28 0.121503 0.0215298
 826 -0.28 0.121017 0.0215092
 827 -0.32 0.120484 0.0214898
 828 -0.28 0.12 0.0214693
 829 -0.32 0.119469 0.02145
 830 -0.4 0.118843 0.0214332
 831 -0.36 0.118267 0.0214152
 832 -0.32 0.11774 0.0213959
 833 -0.28 0.117263 0.0213756
 834 -0.24 0.116835 0.0213542
 835 -0.24 0.116407 0.0213329
 836 -0.2 0.116029 0.0213107
 837 -0.16 0.115699 0.0212878
 838 -0.16 0.11537 0.0212649
 839 -0.16 0.115042 0.0212421
 840 -0.16 0.114714 0.0212193
 841 -0.16 0.114388 0.0211966
 842 -0.2 0.114014 0.0211747
 843 -0.24 0.113594 0.0211537
 844 -0.16 0.11327 0.0211312
 845 -0.16 0.112947 0.0211086
 846 -0.16 0.112624 0.0210861
 847 -0.16 0.112302 0.0210637
 848 -0.08 0.112075 0.02104
 849 -0.04 0.111896 0.021016
 850 0.04 0.111812 0.0209914
 851 0.04 0.111727 0.0209669
 852 0.12 0.111737 0.0209423
 853 0.12 0.111747 0.0209177
 854 0.16 0.111803 0.0208933
 855 0.16 0.11186 0.0208689
 856 0.2 0.111963 0.0208448
 857 0.16 0.112019 0.0208205
 858 0.16 0.112075 0.0207963
 859 0.08 0.112037 0.0207721
 860 0.04 0.111953 0.0207481
 861 0 0.111823 0.0207244
 862 0.04 0.11174 0.0207005
 863 -0.04 0.111564 0.0206773
 864 -0.08 0.111343 0.0206545
 865 -0.12 0.111075 0.0206324
 866 -0.12 0.110808 0.0206103
 867 -0.08 0.110588 0.0205876
 868 -0.04 0.110415 0.0205646
 869 -0.04 0.110242 0.0205417
 870 0 0.110115 0.0205185
 871 0 0.109989 0.0204953
 872 0.08 0.109954 0.0204718
 873 0 0.109828 0.0204487
 874 0 0.109703 0.0204257
 875 0.08 0.109669 0.0204024
 876 0.04 0.109589 0.0203792
 877 0.08 0.109555 0.020356
 878 0 0.109431 0.0203332
 879 0.04 0.109352 0.0203102
 880 0 0.109227 0.0202875
 881 0 0.109103 0.0202648
 882 0.04 0.109025 0.020242
 883 -0.04 0.108856 0.0202197
 884 -0.04 0.108688 0.0201976
 885 0 0.108565 0.0201751
 886 -0.12 0.108307 0.020154
 887 -0.16 0.108005 0.0201335
 888 -0.2 0.107658 0.0201138
 889 -0.2 0.107312 0.0200942
 890 -0.28 0.106876 0.0200763
 891 -0.28 0.106442 0.0200584
 892 -0.32 0.105964 0.0200416
 893 -0.28 0.105532 0.0200238
 894 -0.28 0.105101 0.0200061
 895 -0.28 0.10467 0.0199884
 896 -0.32 0.104196 0.0199717
 897 -0.44 0.10359 0.0199586
 898 -0.44 0.102984 0.0199456
 899 -0.4 0.102425 0.0199312
 900 -0.4 0.101867 0.0199169
 901 -0.44 0.101265 0.0199038
 902 -0.4 0.10071 0.0198895
 903 -0.44 0.100111 0.0198765
 904 -0.44 0.0995133 0.0198635
 905 -0.4 0.0989613 0.0198492
 906 -0.4 0.0984106 0.0198349
 907 -0.44 0.097817 0.019822
 908 -0.44 0.0972247 0.019809
 909 -0.48 0.0965897 0.0197973
 910 -0.56 0.0958681 0.0197887
 911 -0.48 0.095236 0.0197771
 912 -0.44 0.0946491 0.0197641
 913 -0.48 0.0940197 0.0197525
 914 -0.52 0.0933479 0.0197423
 915 -0.76 0.0924153 0.0197428
 916 -0.76 0.0914847 0.0197431
 917 -0.76 0.0905562 0.0197434
 918 -0.84 0.0895425 0.019748
 919 -0.8 0.0885745 0.0197502
 920 -0.8 0.0876087 0.0197523
 921 -0.72 0.0867318 0.0197504
 922 -0.76 0.0858134 0.0197503
 923 -0.72 0.0849404 0.0197482
 924 -0.72 0.0840693 0.019746
 925 -0.76 0.0831568 0.0197458
 926 -0.88 0.0821166 0.0197518
 927 -0.88 0.0810787 0.0197578
 928 -0.96 0.0799569 0.0197684
 929 -1 0.0787944 0.0197813
 930 -1 0.0776344 0.019794
 931 -1 0.0764769 0.0198066
 932 -1 0.0753219 0.019819
 933 -1 0.0741693 0.0198313
 934 -1 0.0730193 0.0198434
 935 -1 0.0718717 0.0198553
 936 -1 0.0707265 0.0198671
 937 -1 0.0695838 0.0198788
 938 -1 0.0684435 0.0198903
 939 -1 0.0673056 0.0199017
 940 -1 0.0661702 0.0199129
 941 -1 0.0650372 0.0199239
 942 -1 0.0639066 0.0199349
 943 -1 0.0627784 0.0199457
 944 -1 0.0616525 0.0199563
 945 -1 0.0605291 0.0199668
 946 -1 0.059408 0.0199772
 947 -1 0.0582893 0.0199874
 948 -1 0.057173 0.0199975
 949 -1 0.056059 0.0200074
 950 -1 0.0549474 0.0200172
 951 -1 0.0538381 0.0200269
 952 -1 0.0527311 0.0200365
 953 -1 0.0516264 0.0200459
 954 -1 0.0505241 0.0200552
 955 -1 0.0494241 0.0200644
 956 -0.88 0.0484519 0.0200669
 957 -0.96 0.0473981 0.0200736
 958 -0.92 0.0463883 0.0200781
 959 -1 0.0452972 0.0200868
 960 -1 0.0442083 0.0200954
 961 -1 0.0431217 0.0201038
 962 -1 0.0420374 0.0201122
 963 -1 0.0409553 0.0201204
 964 -1 0.0398755 0.0201285
 965 -1 0.0387979 0.0201365
 966 -1 0.0377226 0.0201444
 967 -1 0.0366494 0.0201521
 968 -1 0.0355785 0.0201597
 969 -1 0.0345098 0.0201673
 970 -1 0.0334433 0.0201747
 971 -1 0.032379 0.020182
 972 -1 0.0313169 0.0201892
 973 -1 0.0302569 0.0201962
 974 -1 0.0291992 0.0202032
 975 -1 0.0281436 0.02021
 976 -0.96 0.0271311 0.0202147
 977 -1 0.0260798 0.0202213
 978 -1 0.0250307 0.0202279
 979 -1 0.0239837 0.0202343
 980 -1 0.0229388 0.0202406
 981 -1 0.021896 0.0202469
 982 -1 0.0208554 0.020253
 983 -1 0.0198169 0.020259
 984 -1 0.0187805 0.0202649
 985 -1 0.0177462 0.0202708
 986 -1 0.016714 0.0202765
 987 -0.84 0.015846 0.0202745
 988 -0.88 0.0149393 0.0202743
 989 -0.68 0.0142366 0.0202659
 990 -0.64 0.0135758 0.0202562
 991 -0.56 0.012997 0.0202441
 992 -0.68 0.0122984 0.0202357
 993 -0.72 0.0115609 0.0202288
 994 -0.88 0.010664 0.0202283
 995 -0.8 0.00984925 0.0202244
 996 -0.84 0.00899598 0.0202221
 997 -0.76 0.00822467 0.0202165
 998 -0.8 0.00741483 0.0202125
 999 -0.8 0.00660661 0.0202084
 1000 -0.76 0.00584 0.0202027
 1001 -0.72 0.00511489 0.0201956
 1002 -0.76 0.0043513 0.0201898
 1003 -0.72 0.00362911 0.0201826
 1004 -0.72 0.00290837 0.0201754
 1005 -0.72 0.00218905 0.0201681
 1006 -0.76 0.00143141 0.0201623
 1007 -0.8 0.000635551 0.020158
 1008 -0.8 -0.00015873 0.0201536
 1009 -0.72 -0.000872151 0.0201463
 1010 -0.76 -0.00162376 0.0201404
 1011 -0.76 -0.00237389 0.0201344
 1012 -0.76 -0.00312253 0.0201284
 1013 -0.6 -0.00371175 0.0201172
 1014 -0.6 -0.0042998 0.0201059
 1015 -0.52 -0.00480788 0.0200925
 1016 -0.48 -0.00527559 0.0200782
 1017 -0.48 -0.00574238 0.0200639
 1018 -0.48 -0.00620825 0.0200496
 1019 -0.52 -0.00671246 0.0200362
 1020 -0.56 -0.0072549 0.0200239
 1021 -0.44 -0.00767875 0.0200088
 1022 -0.36 -0.00802348 0.0199922
 1023 -0.36 -0.00836755 0.0199756
 1024 -0.36 -0.00871094 0.019959
 1025 -0.2 -0.00889756 0.0199404
 1026 -0.16 -0.00904483 0.0199215
 1027 -0.2 -0.00923077 0.019903
 1028 -0.4 -0.00961089 0.0198873
 1029 -0.4 -0.00999028 0.0198715
 1030 -0.6 -0.0105631 0.0198605
 1031 -0.48 -0.0110184 0.0198465
 1032 -0.44 -0.0114341 0.0198316
 1033 -0.4 -0.0118103 0.0198159
 1034 -0.32 -0.0121083 0.019799
 1035 -0.24 -0.0123285 0.0197811
 1036 -0.28 -0.0125869 0.0197637
 1037 -0.32 -0.0128833 0.0197468
 1038 -0.32 -0.0131792 0.01973
 1039 -0.28 -0.013436 0.0197127
 1040 -0.16 -0.0135769 0.0196942
 1041 -0.08 -0.0136407 0.0196754
 1042 -0.16 -0.0137812 0.019657
 1043 -0.2 -0.0139597 0.019639
 1044 -0.24 -0.0141762 0.0196214
 1045 -0.32 -0.0144689 0.0196047
 1046 -0.28 -0.0147228 0.0195876
 1047 -0.32 -0.0150143 0.0195711
 1048 -0.32 -0.0153053 0.0195546
 1049 -0.32 -0.0155958 0.0195381
 1050 -0.28 -0.0158476 0.0195211
 1051 -0.28 -0.016099 0.0195041
 1052 -0.2 -0.0162738 0.0194864
 1053 -0.24 -0.0164862 0.019469
 1054 -0.28 -0.0167362 0.0194521
 1055 -0.32 -0.0170237 0.0194358
 1056 -0.28 -0.0172727 0.019419
 1057 -0.32 -0.0175591 0.0194027
 1058 -0.32 -0.017845 0.0193865
 1059 -0.28 -0.0180925 0.0193698
 1060 -0.32 -0.0183774 0.0193536
 1061 -0.36 -0.0186993 0.019338
 1062 -0.48 -0.0191337 0.0193247
 1063 -0.44 -0.0195296 0.0193105
 1064 -0.52 -0.02 0.0192981
 1065 -0.48 -0.0204319 0.0192848
 1066 -0.52 -0.0209006 0.0192724
 1067 -0.48 -0.0213308 0.0192592
 1068 -0.52 -0.0217978 0.0192468
 1069 -0.56 -0.0223012 0.0192354
 1070 -0.64 -0.0228785 0.019226
 1071 -0.72 -0.0235294 0.0192191
 1072 -0.76 -0.0242164 0.0192135
 1073 -0.72 -0.0248649 0.0192065
 1074 -0.68 -0.0254749 0.0191983
 1075 -0.68 -0.0260837 0.0191901
 1076 -0.8 -0.026803 0.0191857
 1077 -0.88 -0.0275952 0.0191843
 1078 -0.92 -0.028423 0.0191843
 1079 -0.96 -0.0292864 0.019186
 1080 -1 -0.0301852 0.0191893
 1081 -0.96 -0.0310453 0.0191908
 1082 -0.96 -0.0319039 0.0191923
 1083 -0.92 -0.0327239 0.0191921
 1084 -0.88 -0.0335055 0.0191903
 1085 -0.92 -0.0343226 0.01919
 1086 -1 -0.0352118 0.0191929
 1087 -1 -0.0360994 0.0191958
 1088 -1 -0.0369853 0.0191986
 1089 -1 -0.0378696 0.0192013
 1090 -1 -0.0387523 0.019204
 1091 -1 -0.0396334 0.0192066
 1092 -1 -0.0405128 0.0192092
 1093 -1 -0.0413907 0.0192116
 1094 -1 -0.0422669 0.0192141
 1095 -1 -0.0431416 0.0192164
 1096 -1 -0.0440146 0.0192187
 1097 -1 -0.0448861 0.019221
 1098 -1 -0.0457559 0.0192231
 1099 -1 -0.0466242 0.0192252
 1100 -1 -0.0474909 0.0192273
 1101 -1 -0.048356 0.0192293
 1102 -1 -0.0492196 0.0192312
 1103 -1 -0.0500816 0.0192331
 1104 -1 -0.050942 0.019235
 1105 -0.96 -0.0517647 0.0192351
 1106 -0.92 -0.0525497 0.0192338
 1107 -0.8 -0.0532249 0.0192282
 1108 -0.76 -0.0538628 0.0192215
 1109 -0.76 -0.0544995 0.0192147
 1110 -0.76 -0.0551351 0.0192079
 1111 -0.8 -0.0558056 0.0192023
 1112 -0.76 -0.0564388 0.0191955
 1113 -0.8 -0.0571069 0.0191898
 1114 -0.8 -0.0577738 0.0191842
 1115 -0.76 -0.0584036 0.0191773
 1116 -0.8 -0.0590681 0.0191717
 1117 -0.8 -0.0597314 0.019166
 1118 -0.84 -0.0604293 0.0191615
 1119 -0.84 -0.061126 0.0191571
 1120 -0.76 -0.06175 0.0191501
 1121 -0.76 -0.0623729 0.0191432
 1122 -0.8 -0.0630303 0.0191374
 1123 -0.84 -0.0637222 0.0191329
 1124 -0.84 -0.0644128 0.0191283
 1125 -0.92 -0.0651733 0.0191264
 1126 -0.88 -0.065897 0.0191231
 1127 -0.8 -0.0665484 0.0191173
 1128 -0.76 -0.0671631 0.0191102
 1129 -0.8 -0.0678122 0.0191043
 1130 -0.8 -0.0684602 0.0190984
 1131 -0.8 -0.069107 0.0190924
 1132 -0.84 -0.069788 0.0190877
 1133 -0.8 -0.0704325 0.0190817
 1134 -0.92 -0.0711817 0.0190796
 1135 -0.8 -0.0718238 0.0190736
 1136 -0.88 -0.0725352 0.0190701
 1137 -0.84 -0.0732102 0.0190653
 1138 -0.88 -0.0739192 0.0190617
 1139 -0.84 -0.0745917 0.0190568
 1140 -0.88 -0.0752982 0.0190532
 1141 -0.84 -0.0759684 0.0190483
 1142 -0.8 -0.0766025 0.0190422
 1143 -0.76 -0.0772003 0.0190349
 1144 -0.84 -0.0778671 0.0190299
 1145 -0.8 -0.0784978 0.0190238
 1146 -0.76 -0.0790925 0.0190165
 1147 -0.72 -0.0796513 0.0190081
 1148 -0.68 -0.0801742 0.0189987
 1149 -0.68 -0.0806963 0.0189894
 1150 -0.64 -0.0811826 0.0189791
 1151 -0.72 -0.0817376 0.0189707
 1152 -0.76 -0.0823264 0.0189634
 1153 -0.76 -0.0829141 0.018956
 1154 -0.84 -0.0835702 0.0189509
 1155 -0.96 -0.084329 0.0189497
 1156 -1 -0.0851211 0.0189499
 1157 -1 -0.0859118 0.01895
 1158 -1 -0.0867012 0.0189501
 1159 -1 -0.0874892 0.0189501
 1160 -1 -0.0882759 0.0189501
 1161 -1 -0.0890612 0.0189501
 1162 -0.92 -0.0897762 0.0189472
 1163 -0.88 -0.0904557 0.0189431
 1164 -0.92 -0.0911684 0.0189403
 1165 -0.96 -0.0919142 0.0189387
 1166 -1 -0.092693 0.0189385
 1167 -1 -0.0934704 0.0189382
 1168 -1 -0.0942466 0.0189379
 1169 -1 -0.0950214 0.0189375
 1170 -1 -0.0957949 0.0189371
 1171 -1 -0.096567 0.0189367
 1172 -1 -0.0973379 0.0189362
 1173 -1 -0.0981074 0.0189357
 1174 -1 -0.0988756 0.0189352
 1175 -1 -0.0996426 0.0189346
 1176 -1 -0.100408 0.018934
 1177 -1 -0.101172 0.0189333
 1178 -1 -0.101935 0.0189326
 1179 -1 -0.102697 0.0189319
 1180 -1 -0.103458 0.0189311
 1181 -1 -0.104217 0.0189303
 1182 -1 -0.104975 0.0189295
 1183 -1 -0.105731 0.0189286
 1184 -1 -0.106486 0.0189277
 1185 -1 -0.107241 0.0189267
 1186 -1 -0.107993 0.0189257
 1187 -1 -0.108745 0.0189247
 1188 -1 -0.109495 0.0189236
 1189 -1 -0.110244 0.0189225
 1190 -1 -0.110992 0.0189214
 1191 -0.96 -0.111704 0.018919
 1192 -0.88 -0.112349 0.0189141
 1193 -0.92 -0.113026 0.0189103
 1194 -0.8 -0.113601 0.0189032
 1195 -0.88 -0.114243 0.0188983
 1196 -1 -0.114983 0.018897
 1197 -1 -0.115723 0.0188957
 1198 -1 -0.116461 0.0188943
 1199 -1 -0.117198 0.0188929
 1200 -1 -0.117933 0.0188915
 1201 -1 -0.118668 0.0188901
 1202 -1 -0.119401 0.0188886
 1203 -1 -0.120133 0.0188871
 1204 -1 -0.120864 0.0188855
 1205 -1 -0.121593 0.0188839
 1206 -1 -0.122322 0.0188823
 1207 -1 -0.123049 0.0188807
 1208 -1 -0.123775 0.018879
 1209 -1 -0.1245 0.0188773
 1210 -1 -0.125223 0.0188756
 1211 -1 -0.125945 0.0188738
 1212 -1 -0.126667 0.018872
 1213 -1 -0.127387 0.0188702
 1214 -1 -0.128105 0.0188683
 1215 -1 -0.128823 0.0188664
 1216 -1 -0.129539 0.0188645
 1217 -1 -0.130255 0.0188626
 1218 -1 -0.130969 0.0188606
 1219 -1 -0.131682 0.0188586
 1220 -1 -0.132393 0.0188566
 1221 -1 -0.133104 0.0188545
 1222 -1 -0.133813 0.0188525
 1223 -1 -0.134522 0.0188503
 1224 -1 -0.135229 0.0188482
 1225 -1 -0.135935 0.018846
 1226 -1 -0.136639 0.0188438
 1227 -1 -0.137343 0.0188416
 1228 -1 -0.138046 0.0188394
 1229 -1 -0.138747 0.0188371
 1230 -1 -0.139447 0.0188348
 1231 -1 -0.140146 0.0188325
 1232 -1 -0.140844 0.0188301
 1233 -1 -0.141541 0.0188277
 1234 -1 -0.142237 0.0188253
 1235 -1 -0.142931 0.0188229
 1236 -1 -0.143625 0.0188204
 1237 -1 -0.144317 0.018818
 1238 -1 -0.145008 0.0188155
 1239 -1 -0.145698 0.0188129
 1240 -1 -0.146387 0.0188104
 1241 -1 -0.147075 0.0188078
 1242 -0.96 -0.147729 0.018804
 1243 -0.96 -0.148383 0.0188003
 1244 -1 -0.149068 0.0187976
 1245 -1 -0.149751 0.0187949
 1246 -1 -0.150433 0.0187922
 1247 -1 -0.151115 0.0187895
 1248 -1 -0.151795 0.0187868
 1249 -1 -0.152474 0.018784
 1250 -1 -0.153152 0.0187812
 1251 -1 -0.153829 0.0187784
 1252 -1 -0.154505 0.0187756
 1253 -1 -0.15518 0.0187727
 1254 -1 -0.155853 0.0187698
 1255 -1 -0.156526 0.0187669
 1256 -1 -0.157197 0.018764
 1257 -1 -0.157868 0.018761
 1258 -1 -0.158537 0.0187581
 1259 -1 -0.159206 0.0187551
 1260 -1 -0.159873 0.0187521
 1261 -1 -0.160539 0.018749
 1262 -1 -0.161204 0.018746
 1263 -1 -0.161869 0.0187429
 1264 -1 -0.162532 0.0187398
 1265 -1 -0.163194 0.0187367
 1266 -1 -0.163855 0.0187335
 1267 -1 -0.164515 0.0187304
 1268 -1 -0.165174 0.0187272
 1269 -1 -0.165831 0.018724
 1270 -1 -0.166488 0.0187208
 1271 -1 -0.167144 0.0187175
 1272 -1 -0.167799 0.0187143
 1273 -1 -0.168452 0.018711
 1274 -1 -0.169105 0.0187077
 1275 -1 -0.169757 0.0187044
 1276 -1 -0.170408 0.018701
 1277 -1 -0.171057 0.0186977
 1278 -1 -0.171706 0.0186943
 1279 -1 -0.172353 0.0186909
 1280 -1 -0.173 0.0186875
 1281 -1 -0.173646 0.018684
 1282 -1 -0.17429 0.0186806
 1283 -1 -0.174934 0.0186771
 1284 -1 -0.175576 0.0186736
 1285 -1 -0.176218 0.0186701
 1286 -1 -0.176858 0.0186666
 1287 -1 -0.177498 0.018663
 1288 -1 -0.178137 0.0186594
 1289 -1 -0.178774 0.0186559
 1290 -1 -0.179411 0.0186523
 1291 -1 -0.180046 0.0186486
 1292 -1 -0.180681 0.018645
 1293 -1 -0.181315 0.0186414
 1294 -1 -0.181947 0.0186377
 1295 -1 -0.182579 0.018634
 1296 -1 -0.18321 0.0186303
 1297 -1 -0.18384 0.0186266
 1298 -1 -0.184468 0.0186228
 1299 -1 -0.185096 0.0186191
 1300 -1 -0.185723 0.0186153
 1301 -1 -0.186349 0.0186115
 1302 -1 -0.186974 0.0186077
 1303 -1 -0.187598 0.0186039
 1304 -1 -0.188221 0.0186001
 1305 -1 -0.188843 0.0185962
 1306 -1 -0.189464 0.0185923
 1307 -1 -0.190084 0.0185885
 1308 -1 -0.190703 0.0185846
 1309 -1 -0.191322 0.0185806
 1310 -1 -0.191939 0.0185767
 1311 -1 -0.192555 0.0185728
 1312 -1 -0.193171 0.0185688
 1313 -1 -0.193785 0.0185648
 1314 -1 -0.194399 0.0185608
 1315 -1 -0.195011 0.0185568
 1316 -1 -0.195623 0.0185528
 1317 -1 -0.196234 0.0185488
 1318 -1 -0.196844 0.0185447
 1319 -1 -0.197453 0.0185407
 1320 -1 -0.198061 0.0185366
 1321 -1 -0.198668 0.0185325
 1322 -1 -0.199274 0.0185284
 1323 -1 -0.199879 0.0185243
 1324 -0.92 -0.200423 0.0185183
 1325 -0.92 -0.200966 0.0185123
 1326 -0.92 -0.201508 0.0185062
 1327 -1 -0.20211 0.0185021
 1328 -1 -0.202711 0.0184979
 1329 -1 -0.203311 0.0184937
 1330 -1 -0.20391 0.0184895
 1331 -1 -0.204508 0.0184853
 1332 -1 -0.205105 0.0184811
 1333 -1 -0.205701 0.0184768
 1334 -1 -0.206297 0.0184726
 1335 -1 -0.206891 0.0184683
 1336 -1 -0.207485 0.018464
 1337 -1 -0.208078 0.0184597
 1338 -1 -0.20867 0.0184554
 1339 -1 -0.209261 0.0184511
 1340 -1 -0.209851 0.0184467
 1341 -1 -0.21044 0.0184424
 1342 -1 -0.211028 0.018438
 1343 -1 -0.211616 0.0184337
 1344 -1 -0.212202 0.0184293
 1345 -0.88 -0.212699 0.0184223
 1346 -0.92 -0.213224 0.0184161
 1347 -0.92 -0.213749 0.0184099
 1348 -0.96 -0.214303 0.0184045
 1349 -0.96 -0.214855 0.0183992
 1350 -1 -0.215437 0.0183948
 1351 -1 -0.216018 0.0183903
 1352 -1 -0.216598 0.0183859
 1353 -1 -0.217177 0.0183814
 1354 -1 -0.217755 0.0183769
 1355 -1 -0.218332 0.0183724
 1356 -1 -0.218909 0.0183679
 1357 -1 -0.219484 0.0183634
 1358 -1 -0.220059 0.0183588
 1359 -1 -0.220633 0.0183543
 1360 -1 -0.221206 0.0183498
 1361 -1 -0.221778 0.0183452
 1362 -1 -0.222349 0.0183406
 1363 -1 -0.22292 0.018336
 1364 -1 -0.22349 0.0183315
 1365 -1 -0.224059 0.0183268
 1366 -1 -0.224627 0.0183222
 1367 -1 -0.225194 0.0183176
 1368 -1 -0.22576 0.018313
 1369 -1 -0.226326 0.0183083
 1370 -1 -0.226891 0.0183037
 1371 -1 -0.227454 0.018299
 1372 -1 -0.228017 0.0182943
 1373 -1 -0.22858 0.0182897
 1374 -1 -0.229141 0.018285
 1375 -1 -0.229702 0.0182803
 1376 -0.96 -0.230233 0.0182747
 1377 -1 -0.230792 0.0182699
 1378 -1 -0.23135 0.0182652
 1379 -1 -0.231907 0.0182605
 1380 -1 -0.232464 0.0182557
 1381 -1 -0.23302 0.018251
 1382 -1 -0.233575 0.0182462
 1383 -1 -0.234129 0.0182414
 1384 -1 -0.234682 0.0182366
 1385 -1 -0.235235 0.0182318
 1386 -1 -0.235786 0.018227
 1387 -1 -0.236337 0.0182222
 1388 -1 -0.236888 0.0182174
 1389 -1 -0.237437 0.0182126
 1390 -1 -0.237986 0.0182077
 1391 -1 -0.238533 0.0182029
 1392 -1 -0.23908 0.018198
 1393 -1 -0.239627 0.0181931
 1394 -1 -0.240172 0.0181883
 1395 -1 -0.240717 0.0181834
 1396 -1 -0.241261 0.0181785
 1397 -1 -0.241804 0.0181736
 1398 -1 -0.242346 0.0181687
 1399 -1 -0.242888 0.0181638
 1400 -1 -0.243429 0.0181589
 1401 -1 -0.243969 0.0181539
 1402 -1 -0.244508 0.018149
 1403 -1 -0.245046 0.018144
 1404 -1 -0.245584 0.0181391
 1405 -1 -0.246121 0.0181341
 1406 -1 -0.246657 0.0181291
 1407 -1 -0.247193 0.0181242
 1408 -1 -0.247727 0.0181192
 1409 -1 -0.248261 0.0181142
 1410 -1 -0.248794 0.0181092
 1411 -1 -0.249327 0.0181042
 1412 -0.92 -0.249802 0.0180976
 1413 -0.92 -0.250276 0.018091
 1414 -0.84 -0.250693 0.018083
 1415 -0.88 -0.251138 0.0180757
 1416 -0.92 -0.25161 0.0180691
 1417 -0.92 -0.252082 0.0180625
 1418 -0.92 -0.252553 0.0180559
 1419 -1 -0.25308 0.0180509
 1420 -1 -0.253606 0.0180458
 1421 -1 -0.254131 0.0180407
 1422 -0.92 -0.254599 0.0180341
 1423 -0.96 -0.255095 0.0180283
 1424 -1 -0.255618 0.0180232
 1425 -1 -0.25614 0.0180181
 1426 -1 -0.256662 0.018013
 1427 -1 -0.257183 0.0180079
 1428 -1 -0.257703 0.0180029
 1429 -1 -0.258223 0.0179977
 1430 -1 -0.258741 0.0179926
 1431 -1 -0.259259 0.0179875
 1432 -1 -0.259777 0.0179824
 1433 -1 -0.260293 0.0179773
 1434 -1 -0.260809 0.0179721
 1435 -1 -0.261324 0.017967
 1436 -1 -0.261838 0.0179618
 1437 -1 -0.262352 0.0179567
 1438 -1 -0.262865 0.0179515
 1439 -1 -0.263377 0.0179464
 1440 -1 -0.263889 0.0179412
 1441 -1 -0.2644 0.017936
 1442 -1 -0.26491 0.0179308
 1443 -1 -0.265419 0.0179256
 1444 -1 -0.265928 0.0179204
 1445 -1 -0.266436 0.0179152
 1446 -1 -0.266943 0.01791
 1447 -1 -0.26745 0.0179048
 1448 -1 -0.267956 0.0178996
 1449 -0.96 -0.268433 0.0178936
 1450 -0.96 -0.26891 0.0178876
 1451 -0.96 -0.269387 0.0178816
 1452 -1 -0.26989 0.0178764
 1453 -1 -0.270392 0.0178712
 1454 -1 -0.270894 0.0178659
 1455 -1 -0.271395 0.0178607
 1456 -1 -0.271896 0.0178554
 1457 -1 -0.272395 0.0178501
 1458 -1 -0.272894 0.0178449
 1459 -1 -0.273393 0.0178396
 1460 -1 -0.27389 0.0178343
 1461 -1 -0.274387 0.017829
 1462 -1 -0.274884 0.0178237
 1463 -1 -0.275379 0.0178185
 1464 -1 -0.275874 0.0178132
 1465 -1 -0.276369 0.0178079
 1466 -1 -0.276862 0.0178025
 1467 -1 -0.277355 0.0177972
 1468 -1 -0.277847 0.0177919
 1469 -1 -0.278339 0.0177866
 1470 -1 -0.27883 0.0177813
 1471 -1 -0.27932 0.0177759
 1472 -1 -0.27981 0.0177706
 1473 -1 -0.280299 0.0177653
 1474 -1 -0.280787 0.0177599
 1475 -1 -0.281275 0.0177546
 1476 -1 -0.281762 0.0177492
 1477 -1 -0.282248 0.0177439
 1478 -0.96 -0.282706 0.0177378
 1479 -0.88 -0.28311 0.0177304
 1480 -0.92 -0.283541 0.0177236
 1481 -0.88 -0.283943 0.0177162
 1482 -0.88 -0.284345 0.0177088
 1483 -0.88 -0.284747 0.0177015
 1484 -0.88 -0.285148 0.0176941
 1485 -1 -0.28563 0.0176887
 1486 -1 -0.28611 0.0176833
 1487 -1 -0.28659 0.017678
 1488 -1 -0.28707 0.0176726
 1489 -1 -0.287549 0.0176672
 1490 -1 -0.288027 0.0176618
 1491 -1 -0.288504 0.0176564
 1492 -1 -0.288981 0.017651
 1493 -1 -0.289457 0.0176456
 1494 -1 -0.289933 0.0176402
 1495 -1 -0.290408 0.0176348
 1496 -1 -0.290882 0.0176294
 1497 -1 -0.291356 0.017624
 1498 -1 -0.291829 0.0176186
 1499 -1 -0.292302 0.0176132
 1500 -1 -0.292773 0.0176077
 1501 -1 -0.293245 0.0176023
 1502 -1 -0.293715 0.0175969
 1503 -1 -0.294185 0.0175914
 1504 -1 -0.294654 0.017586
 1505 -1 -0.295123 0.0175806
 1506 -1 -0.295591 0.0175751
 1507 -1 -0.296058 0.0175697
 1508 -1 -0.296525 0.0175642
 1509 -1 -0.296991 0.0175588
 1510 -1 -0.297457 0.0175533
 1511 -1 -0.297922 0.0175478
 1512 -1 -0.298386 0.0175424
 1513 -1 -0.29885 0.0175369
 1514 -1 -0.299313 0.0175314
 1515 -1 -0.299776 0.017526
 1516 -1 -0.300237 0.0175205
 1517 -1 -0.300699 0.017515
 1518 -1 -0.301159 0.0175095
 1519 -1 -0.301619 0.0175041
 1520 -1 -0.302079 0.0174986
 1521 -1 -0.302538 0.0174931
 1522 -1 -0.302996 0.0174876
 1523 -1 -0.303454 0.0174821
 1524 -1 -0.303911 0.0174766
 1525 -1 -0.304367 0.0174711
 1526 -1 -0.304823 0.0174656
 1527 -1 -0.305278 0.0174601
 1528 -1 -0.305733 0.0174546
 1529 -1 -0.306187 0.0174491
 1530 -1 -0.306641 0.0174436
 1531 -1 -0.307093 0.017438
 1532 -1 -0.307546 0.0174325
 1533 -1 -0.307997 0.017427
 1534 -1 -0.308449 0.0174215
 1535 -1 -0.308899 0.017416
 1536 -1 -0.309349 0.0174104
 1537 -1 -0.309798 0.0174049
 1538 -1 -0.310247 0.0173994
 1539 -1 -0.310695 0.0173938
 1540 -1 -0.311143 0.0173883
 1541 -1 -0.31159 0.0173828
 1542 -1 -0.312036 0.0173772
 1543 -1 -0.312482 0.0173717
 1544 -1 -0.312927 0.0173661
 1545 -1 -0.313372 0.0173606
 1546 -1 -0.313816 0.017355
 1547 -1 -0.31426 0.0173495
 1548 -1 -0.314703 0.0173439
 1549 -1 -0.315145 0.0173384
 1550 -1 -0.315587 0.0173328
 1551 -1 -0.316028 0.0173273
 1552 -1 -0.316469 0.0173217
 1553 -1 -0.316909 0.0173161
 1554 -1 -0.317349 0.0173106
 1555 -1 -0.317788 0.017305
 1556 -1 -0.318226 0.0172994
 1557 -1 -0.318664 0.0172939
 1558 -1 -0.319101 0.0172883
 1559 -0.88 -0.319461 0.0172809
 1560 -0.88 -0.319821 0.0172736
 1561 -0.8 -0.320128 0.0172653
 1562 -0.72 -0.320384 0.0172561
 1563 -0.72 -0.32064 0.017247
 1564 -0.68 -0.32087 0.0172375
 1565 -0.68 -0.321099 0.017228
 1566 -0.68 -0.321328 0.0172185
 1567 -0.76 -0.321608 0.0172098
 1568 -0.76 -0.321888 0.0172011
 1569 -0.72 -0.322141 0.017192
 1570 -0.76 -0.32242 0.0171833
 1571 -0.76 -0.322699 0.0171746
 1572 -0.8 -0.323003 0.0171664
 1573 -0.64 -0.323204 0.0171566
 1574 -0.72 -0.323456 0.0171476
 1575 -0.72 -0.323708 0.0171385
 1576 -0.64 -0.323909 0.0171288
 1577 -0.6 -0.324084 0.0171189
 1578 -0.56 -0.324233 0.0171087
 1579 -0.72 -0.324484 0.0170997
 1580 -0.8 -0.324785 0.0170915
 1581 -0.84 -0.325111 0.0170838
 1582 -0.84 -0.325436 0.0170761
 1583 -0.84 -0.325761 0.0170684
 1584 -0.84 -0.326086 0.0170607
 1585 -0.84 -0.32641 0.017053
 1586 -0.88 -0.326759 0.0170458
 1587 -0.92 -0.327133 0.0170392
 1588 -0.88 -0.327481 0.017032
 1589 -0.88 -0.327829 0.0170248
 1590 -0.88 -0.328176 0.0170177
 1591 -1 -0.328598 0.0170122
 1592 -1 -0.32902 0.0170068
 1593 -1 -0.329441 0.0170013
 1594 -1 -0.329862 0.0169958
 1595 -1 -0.330282 0.0169904
 1596 -1 -0.330702 0.0169849
 1597 -1 -0.331121 0.0169794
 1598 -1 -0.331539 0.016974
 1599 -1 -0.331957 0.0169685
 1600 -1 -0.332375 0.016963
 1601 -1 -0.332792 0.0169576
 1602 -0.92 -0.333159 0.0169509
 1603 -0.88 -0.3335 0.0169438
 1604 -0.92 -0.333865 0.0169372
 1605 -0.92 -0.334231 0.0169306
 1606 -0.88 -0.33457 0.0169234
 1607 -0.84 -0.334885 0.0169158
 1608 -0.96 -0.335274 0.0169098
 1609 -0.92 -0.335637 0.0169032
 1610 -0.92 -0.336 0.0168966
 1611 -0.72 -0.336238 0.0168878
 1612 -0.52 -0.336352 0.0168777
 1613 -0.52 -0.336466 0.0168676
 1614 -0.48 -0.336555 0.0168574
 1615 -0.4 -0.336594 0.016847
 1616 -0.56 -0.336733 0.0168371
 1617 -0.52 -0.336846 0.0168271
 1618 -0.48 -0.336934 0.0168169
 1619 -0.52 -0.337048 0.0168069
 1620 -0.52 -0.33716 0.0167969
 1621 -0.48 -0.337249 0.0167868
 1622 -0.52 -0.337361 0.0167768
 1623 -0.56 -0.337498 0.016767
 1624 -0.52 -0.337611 0.016757
 1625 -0.56 -0.337748 0.0167473
 1626 -0.56 -0.337884 0.0167375
 1627 -0.56 -0.338021 0.0167278
 1628 -0.56 -0.338157 0.0167181
 1629 -0.52 -0.338269 0.0167082
 1630 -0.56 -0.338405 0.0166985
 1631 -0.6 -0.338565 0.016689
 1632 -0.56 -0.338701 0.0166794
 1633 -0.56 -0.338836 0.0166697
 1634 -0.52 -0.338947 0.0166598
 1635 -0.52 -0.339058 0.01665
 1636 -0.64 -0.339242 0.0166409
 1637 -0.64 -0.339426 0.0166317
 1638 -0.64 -0.339609 0.0166226
 1639 -0.64 -0.339793 0.0166134
 1640 -0.6 -0.339951 0.0166041
 1641 -0.6 -0.34011 0.0165947
 1642 -0.56 -0.340244 0.0165851
 1643 -0.56 -0.340377 0.0165756
 1644 -0.6 -0.340535 0.0165662
 1645 -0.64 -0.340717 0.0165572
 1646 -0.64 -0.340899 0.0165481
 1647 -0.64 -0.341081 0.016539
 1648 -0.56 -0.341214 0.0165295
 1649 -0.68 -0.341419 0.0165208
 1650 -0.64 -0.3416 0.0165118
 1651 -0.72 -0.341829 0.0165033
 1652 -0.76 -0.342082 0.0164953
 1653 -0.8 -0.342359 0.0164876
 1654 -0.76 -0.342612 0.0164796
 1655 -0.76 -0.342864 0.0164716
 1656 -0.8 -0.34314 0.0164639
 1657 -0.76 -0.343392 0.0164559
 1658 -0.76 -0.343643 0.0164479
 1659 -0.72 -0.34387 0.0164396
 1660 -0.84 -0.344169 0.0164324
 1661 -0.88 -0.344491 0.0164256
 1662 -0.88 -0.344813 0.0164189
 1663 -0.92 -0.345159 0.0164127
 1664 -0.88 -0.345481 0.016406
 1665 -0.8 -0.345754 0.0163984
 1666 -0.84 -0.34605 0.0163912
 1667 -0.68 -0.346251 0.0163826
 1668 -0.72 -0.346475 0.0163743
 1669 -0.76 -0.346723 0.0163664
 1670 -0.72 -0.346946 0.0163581
 1671 -0.76 -0.347193 0.0163502
 1672 -0.84 -0.347488 0.0163431
 1673 -0.76 -0.347735 0.0163352
 1674 -0.76 -0.347981 0.0163273
 1675 -0.84 -0.348275 0.0163201
 1676 -0.84 -0.348568 0.016313
 1677 -1 -0.348956 0.0163079
 1678 -1 -0.349344 0.0163028
 1679 -1 -0.349732 0.0162977
 1680 -1 -0.350119 0.0162926
 1681 -1 -0.350506 0.0162875
 1682 -1 -0.350892 0.0162824
 1683 -1 -0.351277 0.0162773
 1684 -1 -0.351663 0.0162722
 1685 -1 -0.352047 0.0162671
 1686 -1 -0.352432 0.016262
 1687 -1 -0.352816 0.0162569
 1688 -1 -0.353199 0.0162518
 1689 -1 -0.353582 0.0162466
 1690 -1 -0.353964 0.0162415
 1691 -1 -0.354347 0.0162364
 1692 -1 -0.354728 0.0162313
 1693 -1 -0.355109 0.0162262
 1694 -1 -0.35549 0.0162211
 1695 -1 -0.35587 0.016216
 1696 -1 -0.35625 0.0162109
 1697 -1 -0.356629 0.0162057
 1698 -1 -0.357008 0.0162006
 1699 -1 -0.357387 0.0161955
 1700 -1 -0.357765 0.0161904
 1701 -1 -0.358142 0.0161853
 1702 -1 -0.358519 0.0161802
 1703 -1 -0.358896 0.016175
 1704 -1 -0.359272 0.0161699
 1705 -1 -0.359648 0.0161648
 1706 -1 -0.360023 0.0161597
 1707 -1 -0.360398 0.0161546
 1708 -1 -0.360773 0.0161495
 1709 -1 -0.361147 0.0161443
 1710 -1 -0.36152 0.0161392
 1711 -1 -0.361894 0.0161341
 1712 -1 -0.362266 0.016129
 1713 -1 -0.362639 0.0161239
 1714 -1 -0.363011 0.0161187
 1715 -1 -0.363382 0.0161136
 1716 -1 -0.363753 0.0161085
 1717 -1 -0.364123 0.0161034
 1718 -1 -0.364494 0.0160983
 1719 -1 -0.364863 0.0160931
 1720 -1 -0.365233 0.016088
 1721 -1 -0.365601 0.0160829
 1722 -1 -0.36597 0.0160778
 1723 -1 -0.366338 0.0160726
 1724 -1 -0.366705 0.0160675
 1725 -1 -0.367072 0.0160624
 1726 -1 -0.367439 0.0160573
 1727 -1 -0.367805 0.0160522
 1728 -1 -0.368171 0.016047
 1729 -1 -0.368537 0.0160419
 1730 -1 -0.368902 0.0160368
 1731 -1 -0.369266 0.0160317
 1732 -1 -0.36963 0.0160266
 1733 -1 -0.369994 0.0160214
 1734 -1 -0.370358 0.0160163
 1735 -1 -0.37072 0.0160112
 1736 -1 -0.371083 0.0160061
 1737 -1 -0.371445 0.016001
 1738 -1 -0.371807 0.0159958
 1739 -1 -0.372168 0.0159907
 1740 -1 -0.372529 0.0159856
 1741 -1 -0.372889 0.0159805
 1742 -1 -0.373249 0.0159754
 1743 -1 -0.373609 0.0159702
 1744 -1 -0.373968 0.0159651
 1745 -1 -0.374327 0.01596
 1746 -1 -0.374685 0.0159549
 1747 -1 -0.375043 0.0159498
 1748 -1 -0.3754 0.0159446
 1749 -1 -0.375758 0.0159395
 1750 -1 -0.376114 0.0159344
 1751 -1 -0.376471 0.0159293
 1752 -1 -0.376826 0.0159242
 1753 -1 -0.377182 0.0159191
 1754 -1 -0.377537 0.0159139
 1755 -1 -0.377892 0.0159088
 1756 -1 -0.378246 0.0159037
 1757 -0.96 -0.378577 0.0158981
 1758 -1 -0.378931 0.015893
 1759 -1 -0.379284 0.0158879
 1760 -1 -0.379636 0.0158828
 1761 -1 -0.379989 0.0158776
 1762 -1 -0.380341 0.0158725
 1763 -1 -0.380692 0.0158674
 1764 -1 -0.381043 0.0158623
 1765 -1 -0.381394 0.0158572
 1766 -1 -0.381744 0.0158521
 1767 -1 -0.382094 0.015847
 1768 -1 -0.382443 0.0158419
 1769 -1 -0.382793 0.0158368
 1770 -1 -0.383141 0.0158316
 1771 -1 -0.38349 0.0158265
 1772 -1 -0.383837 0.0158214
 1773 -1 -0.384185 0.0158163
 1774 -1 -0.384532 0.0158112
 1775 -1 -0.384879 0.0158061
 1776 -1 -0.385225 0.015801
 1777 -1 -0.385571 0.0157959
 1778 -1 -0.385917 0.0157908
 1779 -1 -0.386262 0.0157857
 1780 -1 -0.386607 0.0157806
 1781 -1 -0.386951 0.0157755
 1782 -1 -0.387295 0.0157704
 1783 -1 -0.387639 0.0157653
 1784 -1 -0.387982 0.0157602
 1785 -1 -0.388325 0.0157551
 1786 -1 -0.388667 0.01575
 1787 -1 -0.38901 0.0157449
 1788 -1 -0.389351 0.0157398
 1789 -1 -0.389693 0.0157347
 1790 -1 -0.390034 0.0157296
 1791 -1 -0.390374 0.0157245
 1792 -1 -0.390714 0.0157194
 1793 -1 -0.391054 0.0157143
 1794 -1 -0.391394 0.0157092
 1795 -1 -0.391733 0.0157041
 1796 -1 -0.392071 0.015699
 1797 -1 -0.39241 0.0156939
 1798 -1 -0.392747 0.0156888
 1799 -0.96 -0.393063 0.0156833
 1800 -1 -0.3934 0.0156782
 1801 -1 -0.393737 0.0156731
 1802 -1 -0.394073 0.015668
 1803 -1 -0.394409 0.0156629
 1804 -1 -0.394745 0.0156578
 1805 -1 -0.39508 0.0156528
 1806 -1 -0.395415 0.0156477
 1807 -1 -0.39575 0.0156426
 1808 -1 -0.396084 0.0156375
 1809 -1 -0.396418 0.0156324
 1810 -1 -0.396751 0.0156273
 1811 -1 -0.397084 0.0156223
 1812 -1 -0.397417 0.0156172
 1813 -1 -0.39775 0.0156121
 1814 -1 -0.398082 0.015607
 1815 -1 -0.398413 0.015602
 1816 -1 -0.398744 0.0155969
 1817 -1 -0.399075 0.0155918
 1818 -1 -0.399406 0.0155867
 1819 -1 -0.399736 0.0155817
 1820 -1 -0.400066 0.0155766
 1821 -1 -0.400395 0.0155715
 1822 -1 -0.400724 0.0155664
 1823 -1 -0.401053 0.0155614
 1824 -1 -0.401382 0.0155563
 1825 -1 -0.40171 0.0155512
 1826 -1 -0.402037 0.0155462
 1827 -1 -0.402365 0.0155411
 1828 -1 -0.402691 0.0155361
 1829 -1 -0.403018 0.015531
 1830 -1 -0.403344 0.0155259
 1831 -1 -0.40367 0.0155209
 1832 -1 -0.403996 0.0155158
 1833 -1 -0.404321 0.0155107
 1834 -1 -0.404646 0.0155057
 1835 -1 -0.40497 0.0155006
 1836 -1 -0.405294 0.0154956
 1837 -1 -0.405618 0.0154905
 1838 -1 -0.405941 0.0154855
 1839 -0.84 -0.406177 0.0154788
 1840 -0.84 -0.406413 0.0154722
 1841 -0.76 -0.406605 0.015465
 1842 -0.76 -0.406797 0.0154578
 1843 -0.72 -0.406967 0.0154504
 1844 -0.76 -0.407158 0.0154432
 1845 -0.76 -0.40735 0.015436
 1846 -0.76 -0.407541 0.0154288
 1847 -0.76 -0.407731 0.0154216
 1848 -0.68 -0.407879 0.015414
 1849 -0.68 -0.408026 0.0154063
 1850 -0.64 -0.408151 0.0153985
 1851 -0.64 -0.408277 0.0153907
 1852 -0.64 -0.408402 0.0153829
 1853 -0.6 -0.408505 0.0153749
 1854 -0.64 -0.40863 0.0153672
 1855 -0.6 -0.408733 0.0153592
 1856 -0.52 -0.408793 0.0153511
 1857 -0.56 -0.408875 0.015343
 1858 -0.56 -0.408956 0.015335
 1859 -0.56 -0.409037 0.0153269
 1860 -0.48 -0.409075 0.0153187
 1861 -0.4 -0.40907 0.0153105
 1862 -0.4 -0.409066 0.0153023
 1863 -0.4 -0.409061 0.0152941
 1864 -0.32 -0.409013 0.0152859
 1865 -0.24 -0.408922 0.015278
 1866 -0.32 -0.408875 0.0152699
 1867 -0.2 -0.408763 0.0152621
 1868 -0.24 -0.408672 0.0152542
 1869 -0.2 -0.408561 0.0152464
 1870 -0.24 -0.408471 0.0152386
 1871 -0.2 -0.408359 0.0152308
 1872 -0.2 -0.408248 0.0152231
 1873 -0.16 -0.408115 0.0152155
 1874 -0.28 -0.408047 0.0152076
 1875 -0.2 -0.407936 0.0151999
 1876 -0.32 -0.407889 0.0151918
 1877 -0.36 -0.407864 0.0151838
 1878 -0.4 -0.407859 0.0151757
 1879 -0.44 -0.407877 0.0151676
 1880 -0.4 -0.407872 0.0151595
 1881 -0.36 -0.407847 0.0151515
 1882 -0.48 -0.407885 0.0151435
 1883 -0.4 -0.407881 0.0151354
 1884 -0.4 -0.407877 0.0151274
 1885 -0.36 -0.407851 0.0151194
 1886 -0.48 -0.40789 0.0151114
 1887 -0.52 -0.407949 0.0151035
 1888 -0.48 -0.407987 0.0150956
 1889 -0.44 -0.408004 0.0150876
 1890 -0.44 -0.408021 0.0150796
 1891 -0.36 -0.407996 0.0150717
 1892 -0.4 -0.407992 0.0150637
 1893 -0.36 -0.407966 0.0150558
 1894 -0.48 -0.408004 0.0150479
 1895 -0.48 -0.408042 0.01504
 1896 -0.48 -0.40808 0.0150321
 1897 -0.52 -0.408139 0.0150243
 1898 -0.52 -0.408198 0.0150165
 1899 -0.52 -0.408257 0.0150087
 1900 -0.4 -0.408253 0.0150008
 1901 -0.4 -0.408248 0.0149929
 1902 -0.4 -0.408244 0.014985
 1903 -0.44 -0.408261 0.0149771
 1904 -0.36 -0.408235 0.0149693
 1905 -0.48 -0.408273 0.0149615
 1906 -0.36 -0.408248 0.0149536
 1907 -0.32 -0.408201 0.0149459
 1908 -0.32 -0.408155 0.0149381
 1909 -0.28 -0.408088 0.0149304
 1910 -0.24 -0.408 0.0149229
 1911 -0.28 -0.407933 0.0149152
 1912 -0.24 -0.407845 0.0149077
 1913 -0.12 -0.407695 0.0149006
 1914 -0.16 -0.407565 0.0148934
 1915 -0.12 -0.407415 0.0148864
 1916 -0.08 -0.407244 0.0148796
 1917 -0.08 -0.407074 0.0148728
 1918 0 -0.406861 0.0148666
 1919 -0.08 -0.406691 0.0148598
 1920 -0.12 -0.406542 0.0148528
 1921 -0.12 -0.406393 0.0148458
 1922 -0.08 -0.406223 0.0148391
 1923 -0.12 -0.406074 0.0148321
 1924 -0.04 -0.405884 0.0148256
 1925 0.04 -0.405652 0.0148197
 1926 0.08 -0.4054 0.0148142
 1927 0.08 -0.405148 0.0148086
 1928 0.04 -0.404917 0.0148027
 1929 0 -0.404707 0.0147965
 1930 0.04 -0.404477 0.0147907
 1931 0.04 -0.404247 0.0147848
 1932 0.08 -0.403996 0.0147793
 1933 0.04 -0.403766 0.0147734
 1934 0 -0.403557 0.0147672
 1935 -0.2 -0.403452 0.01476
 1936 -0.24 -0.403368 0.0147526
 1937 -0.24 -0.403283 0.0147452
 1938 -0.24 -0.403199 0.0147378
 1939 -0.2 -0.403094 0.0147306
 1940 -0.24 -0.40301 0.0147233
 1941 -0.12 -0.402865 0.0147164
 1942 -0.08 -0.402698 0.0147098
 1943 0 -0.402491 0.0147036
 1944 -0.08 -0.402325 0.014697
 1945 0 -0.402118 0.0146909
 1946 0.08 -0.401871 0.0146855
 1947 0.2 -0.401561 0.0146812
 1948 0.2 -0.401253 0.0146769
 1949 0.24 -0.400924 0.014673
 1950 0.32 -0.400554 0.0146702
 1951 0.36 -0.400164 0.0146678
 1952 0.36 -0.399775 0.0146655
 1953 0.36 -0.399386 0.0146631
 1954 0.2 -0.399079 0.0146588
 1955 0.28 -0.398731 0.0146555
 1956 0.24 -0.398405 0.0146516
 1957 0.24 -0.398079 0.0146477
 1958 0.28 -0.397732 0.0146444
 1959 0.32 -0.397366 0.0146415
 1960 0.36 -0.39698 0.0146391
 1961 0.36 -0.396594 0.0146367
 1962 0.44 -0.396167 0.0146355
 1963 0.4 -0.395762 0.0146336
 1964 0.4 -0.395356 0.0146318
 1965 0.44 -0.394931 0.0146305
 1966 0.4 -0.394527 0.0146287
 1967 0.4 -0.394123 0.0146268
 1968 0.32 -0.39376 0.0146239
 1969 0.28 -0.393418 0.0146204
 1970 0.24 -0.393096 0.0146166
 1971 0.28 -0.392755 0.0146131
 1972 0.2 -0.392454 0.0146088
 1973 0.2 -0.392154 0.0146045
 1974 0.28 -0.391814 0.0146011
 1975 0.28 -0.391473 0.0145976
 1976 0.44 -0.391053 0.0145963
 1977 0.48 -0.390612 0.0145956
 1978 0.52 -0.390152 0.0145955
 1979 0.52 -0.389692 0.0145953
 1980 0.48 -0.389253 0.0145946
 1981 0.4 -0.388854 0.0145926
 1982 0.36 -0.388476 0.0145902
 1983 0.36 -0.388099 0.0145877
 1984 0.28 -0.387762 0.0145842
 1985 0.28 -0.387426 0.0145808
 1986 0.2 -0.38713 0.0145764
 1987 0.2 -0.386834 0.0145721
 1988 0.2 -0.386539 0.0145677
 1989 0.12 -0.386285 0.0145626
 1990 0.2 -0.38599 0.0145583
 1991 0.12 -0.385736 0.0145532
 1992 0.08 -0.385502 0.0145478
 1993 0.04 -0.385289 0.014542
 1994 0.08 -0.385055 0.0145366
 1995 0.08 -0.384822 0.0145312
 1996 0.12 -0.384569 0.0145261
 1997 0.04 -0.384357 0.0145204
 1998 0.04 -0.384144 0.0145147
 1999 0 -0.383952 0.0145087
 2000 0 -0.38376 0.0145027
