 1 83.3333 83.3333 0
 2 83.3333 83.3333 0
 3 83.3333 83.3333 0
 4 83.3333 83.3333 0
 5 83.3333 83.3333 4.76837e-07
 6 83.3333 83.3333 nan
 7 83.3333 83.3333 nan
 8 83.3333 83.3333 nan
 9 83.3333 83.3333 nan
 10 83.3333 83.3333 nan
 11 83.3333 83.3333 nan
 12 83.3333 83.3333 0
 13 83.3333 83.3333 0
 14 83.3333 83.3333 0
 15 83.3333 83.3333 4.41465e-07
 16 83.3333 83.3333 4.26496e-07
 17 83.3333 83.3333 4.12953e-07
 18 83.3333 83.3333 5.66567e-07
 19 83.3333 83.3333 5.50604e-07
 20 83.3333 83.3333 4.89225e-07
 21 83.3333 83.3333 4.76837e-07
 22 83.3333 83.3333 5.0976e-07
 23 83.3333 83.3333 4.9804e-07
 24 83.3333 83.3333 4.44653e-07
 25 83.3333 83.3333 4.35291e-07
 26 83.3333 83.3333 3.30362e-07
 27 83.3333 83.3333 2.64502e-07
 28 83.3333 83.3333 nan
 29 83.3333 83.3333 nan
 30 83.3333 83.3333 nan
 31 83.3333 83.3333 nan
 32 83.3333 83.3333 nan
 33 83.3333 83.3333 nan
 34 83.3333 83.3333 nan
 35 83.3333 83.3333 nan
 36 83.3333 83.3333 nan
 37 83.3333 83.3333 nan
 38 83.3333 83.3333 nan
 39 76.8 83.1658 0.167521
 40 64.5333 82.7 0.4936
 41 58.8 82.1171 0.756016
 42 76.8 81.9905 0.748578
 43 64.5333 81.5845 0.836137
 44 76.8 81.4758 0.824118
 45 83.3333 81.517 0.806653
 46 83.3333 81.5565 0.78991
 47 83.3333 81.5943 0.773845
 48 83.3333 81.6306 0.758417
 49 83.3333 81.6653 0.743591
 50 83.3333 81.6987 0.72933
 51 83.3333 81.7307 0.715605
 52 83.3333 81.7615 0.702385
 53 83.3333 81.7912 0.689643
 54 83.3333 81.8198 0.677353
 55 83.3333 81.8473 0.665493
 56 83.3333 81.8738 0.65404
 57 83.3333 81.8994 0.642973
 58 83.3333 81.9241 0.632274
 59 83.3333 81.948 0.621924
 60 83.3333 81.9711 0.611906
 61 83.3333 81.9934 0.602205
 62 83.3333 82.0151 0.592807
 63 83.3333 82.036 0.583697
 64 83.3333 82.0562 0.574861
 65 83.3333 82.0759 0.566289
 66 83.3333 82.0949 0.557968
 67 83.3333 82.1134 0.549888
 68 83.3333 82.1314 0.542038
 69 83.3333 82.1488 0.534409
 70 83.3333 82.1657 0.526991
 71 83.3333 82.1822 0.519776
 72 83.3333 82.1981 0.512755
 73 83.3333 82.2137 0.505921
 74 83.3333 82.2288 0.499267
 75 83.3333 82.2436 0.492785
 76 83.3333 82.2579 0.486469
 77 83.3333 82.2719 0.480313
 78 83.3333 82.2855 0.47431
 79 83.3333 82.2987 0.468456
 80 83.3333 82.3117 0.462744
 81 83.3333 82.3243 0.457169
 82 83.3333 82.3366 0.451727
 83 83.3333 82.3486 0.446413
 84 83.3333 82.3603 0.441222
 85 83.3333 82.3718 0.436151
 86 83.3333 82.3829 0.431195
 87 83.3333 82.3939 0.426349
 88 83.3333 82.4045 0.421612
 89 83.3333 82.415 0.416978
 90 83.3333 82.4252 0.412446
 91 83.3333 82.4352 0.40801
 92 83.3333 82.4449 0.403669
 93 83.3333 82.4545 0.399419
 94 83.3333 82.4638 0.395258
 95 83.3333 82.473 0.391182
 96 83.3333 82.4819 0.387189
 97 83.3333 82.4907 0.383278
 98 83.3333 82.4993 0.379444
 99 83.3333 82.5077 0.375686
 100 83.3333 82.516 0.372002
 101 83.3333 82.5241 0.368389
 102 83.3333 82.532 0.364846
 103 83.3333 82.5398 0.36137
 104 83.3333 82.5474 0.35796
 105 83.3333 82.5549 0.354613
 106 83.3333 82.5623 0.351329
 107 83.3333 82.5695 0.348104
 108 83.3333 82.5765 0.344939
 109 83.3333 82.5835 0.34183
 110 83.3333 82.5903 0.338777
 111 83.3333 82.597 0.335777
 112 83.3333 82.6036 0.332831
 113 83.3333 82.61 0.329936
 114 83.3333 82.6164 0.32709
 115 83.3333 82.6226 0.324293
 116 83.3333 82.6287 0.321544
 117 83.3333 82.6348 0.318841
 118 83.3333 82.6407 0.316182
 119 83.3333 82.6465 0.313568
 120 83.3333 82.6522 0.310997
 121 83.3333 82.6579 0.308467
 122 83.3333 82.6634 0.305979
 123 83.3333 82.6688 0.30353
 124 83.3333 82.6742 0.30112
 125 83.3333 82.6795 0.298747
 126 83.3333 82.6847 0.296412
 127 83.3333 82.6898 0.294113
 128 83.3333 82.6948 0.29185
 129 83.3333 82.6997 0.289621
 130 83.3333 82.7046 0.287426
 131 83.3333 82.7094 0.285264
 132 83.3333 82.7141 0.283134
 133 83.3333 82.7188 0.281036
 134 83.3333 82.7234 0.278968
 135 83.3333 82.7279 0.276931
 136 83.3333 82.7324 0.274923
 137 83.3333 82.7367 0.272944
 138 83.3333 82.7411 0.270994
 139 83.3333 82.7453 0.269071
 140 83.3333 82.7495 0.267175
 141 83.3333 82.7537 0.265305
 142 83.3333 82.7577 0.263462
 143 83.3333 82.7618 0.261644
 144 83.3333 82.7657 0.259851
 145 83.3333 82.7697 0.258083
 146 83.3333 82.7735 0.256338
 147 83.3333 82.7773 0.254617
 148 83.3333 82.7811 0.252918
 149 83.3333 82.7848 0.251242
 150 83.3333 82.7884 0.249589
 151 83.3333 82.7921 0.247957
 152 83.3333 82.7956 0.246346
 153 83.3333 82.7991 0.244755
 154 83.3333 82.8026 0.243186
 155 83.3333 82.806 0.241636
 156 83.3333 82.8094 0.240106
 157 83.3333 82.8127 0.238595
 158 83.3333 82.816 0.237103
 159 83.3333 82.8193 0.235629
 160 83.3333 82.8225 0.234174
 161 83.3333 82.8257 0.232737
 162 83.3333 82.8288 0.231317
 163 76.8 82.7918 0.23285
 164 64.5333 82.6805 0.256812
 165 58.8 82.5358 0.293428
 166 64.5333 82.4273 0.311165
 167 48.1333 82.222 0.37126
 168 43.2 81.9897 0.436055
 169 34.1333 81.7065 0.517766
 170 30 81.4024 0.597861
 171 26.1333 81.0791 0.676552
 172 19.2 80.7194 0.762777
 173 26.1333 80.4039 0.821377
 174 22.5333 80.0713 0.881771
 175 22.5333 79.7425 0.936342
 176 26.1333 79.4379 0.979568
 177 34.1333 79.1819 1.00709
 178 30 78.9056 1.03883
 179 26.1333 78.6108 1.07426
 180 43.2 78.4141 1.08624
 181 34.1333 78.1694 1.10758
 182 43.2 77.9773 1.11811
 183 48.1333 77.8142 1.12387
 184 48.1333 77.6529 1.12933
 185 48.1333 77.4933 1.13449
 186 48.1333 77.3355 1.13936
 187 34.1333 77.1045 1.15656
 188 38.5333 76.8993 1.16854
 189 38.5333 76.6963 1.17993
 190 43.2 76.52 1.18687
 191 43.2 76.3455 1.19346
 192 38.5333 76.1486 1.20345
 193 34.1333 75.9309 1.21683
 194 38.5333 75.7381 1.2258
 195 38.5333 75.5474 1.23433
 196 38.5333 75.3585 1.24245
 197 43.2 75.1953 1.24686
 198 48.1333 75.0586 1.24805
 199 48.1333 74.9233 1.24912
 200 58.8 74.8427 1.24547
 201 53.3333 74.7357 1.24387
 202 53.3333 74.6297 1.24222
 203 58.8 74.5517 1.23854
 204 64.5333 74.5026 1.23344
 205 64.5333 74.454 1.22837
 206 58.8 74.378 1.22475
 207 64.5333 74.3304 1.21975
 208 64.5333 74.2833 1.21478
 209 58.8 74.2093 1.21122
 210 48.1333 74.0851 1.21182
 211 48.1333 73.9621 1.21232
 212 43.2 73.817 1.21528
 213 43.2 73.6732 1.21807
 214 48.1333 73.5539 1.21823
 215 38.5333 73.391 1.22344
 216 34.1333 73.2093 1.23125
 217 30 73.0101 1.24163
 218 26.1333 72.7951 1.25449
 219 19.2 72.5504 1.2725
 220 26.1333 72.3394 1.28416
 221 16.1333 72.0851 1.30339
 222 16.1333 71.833 1.32175
 223 22.5333 71.612 1.33426
 224 22.5333 71.3929 1.34624
 225 26.1333 71.1917 1.35525
 226 26.1333 70.9923 1.36389
 227 19.2 70.7642 1.3769
 228 13.3333 70.5123 1.3938
 229 10.8 70.2515 1.41199
 230 16.1333 70.0162 1.42539
 231 19.2 69.7962 1.43615
 232 30 69.6247 1.4402
 233 30 69.4546 1.44406
 234 26.1333 69.2695 1.44974
 235 26.1333 69.086 1.45518
 236 26.1333 68.904 1.46039
 237 30 68.7398 1.46345
 238 30 68.577 1.46635
 239 30 68.4156 1.4691
 240 34.1333 68.2728 1.46992
 241 38.5333 68.1494 1.469
 242 43.2 68.0463 1.46654
 243 34.1333 67.9067 1.46715
 244 43.2 67.8055 1.46463
 245 38.5333 67.686 1.46352
 246 38.5333 67.5675 1.46237
 247 38.5333 67.4499 1.46118
 248 34.1333 67.3156 1.46146
 249 38.5333 67.2 1.46016
 250 34.1333 67.0677 1.46031
 251 30 66.9201 1.46196
 252 19.2 66.7307 1.46841
 253 26.1333 66.5702 1.47137
 254 22.5333 66.3969 1.47578
 255 22.5333 66.2248 1.48001
 256 13.3333 66.0182 1.48863
 257 8.53333 65.7946 1.4996
 258 4.8 65.5581 1.51237
 259 2.13333 65.3133 1.52629
 260 2.13333 65.0703 1.53971
 261 8.53333 64.8536 1.54902
 262 4.8 64.6244 1.56002
 263 3.33333 64.3914 1.57146
 264 2.13333 64.1556 1.58316
 265 2.13333 63.9215 1.59444
 266 0.533333 63.6832 1.60621
 267 1.2 63.4492 1.61721
 268 3.33333 63.2249 1.6267
 269 2.13333 62.9978 1.63648
 270 4.8 62.7822 1.64459
 271 6.53333 62.5747 1.65161
 272 6.53333 62.3686 1.65837
 273 3.33333 62.1524 1.66638
 274 3.33333 61.9377 1.6741
 275 3.33333 61.7246 1.68156
 276 6.53333 61.5246 1.68735
 277 6.53333 61.3261 1.69293
 278 10.8 61.1444 1.69659
 279 10.8 60.9639 1.7001
 280 13.3333 60.7938 1.70254
 281 10.8 60.6159 1.70577
 282 13.3333 60.4482 1.70796
 283 19.2 60.3025 1.70815
 284 22.5333 60.1695 1.70731
 285 22.5333 60.0374 1.70643
 286 48.1333 59.9958 1.70096
 287 43.2 59.9373 1.69603
 288 38.5333 59.863 1.69177
 289 43.2 59.8053 1.68689
 290 38.5333 59.732 1.68266
 291 43.2 59.6751 1.67783
 292 30 59.5735 1.67516
 293 30 59.4726 1.67248
 294 30 59.3723 1.66979
 295 26.1333 59.2597 1.66793
 296 30 59.1608 1.66523
 297 30 59.0626 1.66251
 298 30 58.9651 1.65979
 299 38.5333 58.8968 1.65564
 300 34.1333 58.8142 1.65218
 301 43.2 58.7623 1.6475
 302 43.2 58.7108 1.64284
 303 53.3333 58.6931 1.6375
 304 34.1333 58.6123 1.63411
 305 26.1333 58.5058 1.63222
 306 26.1333 58.4 1.63031
 307 26.1333 58.2949 1.62839
 308 19.2 58.168 1.62805
 309 19.2 58.0419 1.62766
 310 30 57.9514 1.62492
 311 19.2 57.8268 1.62448
 312 19.2 57.703 1.62399
 313 22.5333 57.5906 1.62269
 314 30 57.5028 1.61989
 315 30 57.4154 1.6171
 316 22.5333 57.3051 1.61575
 317 19.2 57.1849 1.61513
 318 19.2 57.0654 1.61446
 319 19.2 56.9467 1.61377
 320 19.2 56.8288 1.61304
 321 10.8 56.6854 1.61438
 322 8.53333 56.5358 1.61629
 323 8.53333 56.3872 1.61812
 324 13.3333 56.2543 1.61858
 325 13.3333 56.1223 1.61899
 326 19.2 56.009 1.61799
 327 16.1333 55.8871 1.61763
 328 13.3333 55.7573 1.6179
 329 13.3333 55.6284 1.61812
 330 10.8 55.4925 1.61892
 331 6.53333 55.3446 1.62079
 332 2.13333 55.1843 1.62383
 333 1.2 55.0222 1.62704
 334 4.8 54.8719 1.62912
 335 3.33333 54.718 1.63152
 336 3.33333 54.5651 1.63383
 337 3.33333 54.4131 1.63605
 338 1.2 54.2556 1.63878
 339 0.133333 54.096 1.64172
 340 0.533333 53.9384 1.64445
 341 0.533333 53.7818 1.64708
 342 0 53.6246 1.64977
 343 2.13333 53.4744 1.65179
 344 2.13333 53.3252 1.65373
 345 3.33333 53.1803 1.65528
 346 3.33333 53.0362 1.65677
 347 3.33333 52.893 1.65819
 348 8.53333 52.7655 1.65832
 349 10.8 52.6453 1.65793
 350 16.1333 52.541 1.65647
 351 19.2 52.446 1.65448
 352 13.3333 52.3348 1.65351
 353 10.8 52.2172 1.65301
 354 8.53333 52.0938 1.65294
 355 8.53333 51.9711 1.65284
 356 10.8 51.8554 1.65225
 357 13.3333 51.7475 1.65114
 358 16.1333 51.648 1.64953
 359 16.1333 51.5491 1.6479
 360 13.3333 51.443 1.64674
 361 13.3333 51.3374 1.64556
 362 16.1333 51.2401 1.64389
 363 16.1333 51.1434 1.6422
 364 16.1333 51.0473 1.64051
 365 16.1333 50.9516 1.6388
 366 19.2 50.8648 1.63662
 367 19.2 50.7786 1.63443
 368 26.1333 50.7116 1.63136
 369 26.1333 50.645 1.62829
 370 19.2 50.56 1.62611
 371 16.1333 50.4672 1.62437
 372 19.2 50.3832 1.62218
 373 30 50.3285 1.61875
 374 22.5333 50.2542 1.61612
 375 22.5333 50.1803 1.6135
 376 22.5333 50.1067 1.61088
 377 22.5333 50.0336 1.60827
 378 19.2 49.952 1.60608
 379 16.1333 49.8628 1.60432
 380 16.1333 49.774 1.60255
 381 13.3333 49.6784 1.6012
 382 10.8 49.5766 1.60024
 383 13.3333 49.482 1.59886
 384 13.3333 49.3878 1.59747
 385 19.2 49.3094 1.59524
 386 16.1333 49.2235 1.59343
 387 10.8 49.1242 1.5924
 388 13.3333 49.032 1.59097
 389 10.8 48.9337 1.58991
 390 19.2 48.8574 1.58766
 391 22.5333 48.7901 1.58503
 392 22.5333 48.7231 1.5824
 393 19.2 48.648 1.58015
 394 22.5333 48.5817 1.57753
 395 22.5333 48.5158 1.57491
 396 30 48.469 1.57163
 397 34.1333 48.4329 1.56808
 398 26.1333 48.3769 1.56514
 399 19.2 48.3038 1.56292
 400 16.1333 48.2233 1.56108
 401 19.2 48.151 1.55886
 402 19.2 48.0789 1.55665
 403 26.1333 48.0245 1.55374
 404 38.5333 48.001 1.55006
 405 43.2 47.9891 1.54628
 406 34.1333 47.955 1.54284
 407 30 47.9109 1.53968
 408 34.1333 47.8771 1.53627
 409 38.5333 47.8543 1.53268
 410 53.3333 47.8676 1.529
 411 58.8 47.8942 1.5255
 412 64.5333 47.9346 1.52233
 413 58.8 47.9609 1.51887
 414 64.5333 48.001 1.51572
 415 64.5333 48.0408 1.51259
 416 64.5333 48.0804 1.50947
 417 53.3333 48.093 1.5059
 418 53.3333 48.1056 1.50235
 419 53.3333 48.1181 1.49881
 420 53.3333 48.1305 1.49529
 421 70.5333 48.1837 1.49268
 422 83.3333 48.267 1.49147
 423 83.3333 48.3499 1.49024
 424 83.3333 48.4324 1.48901
 425 83.3333 48.5145 1.48777
 426 83.3333 48.5962 1.48652
 427 83.3333 48.6776 1.48527
 428 83.3333 48.7586 1.48401
 429 83.3333 48.8392 1.48273
 430 83.3333 48.9194 1.48146
 431 83.3333 48.9992 1.48017
 432 83.3333 49.0787 1.47888
 433 83.3333 49.1578 1.47758
 434 83.3333 49.2366 1.47627
 435 83.3333 49.3149 1.47496
 436 83.3333 49.393 1.47364
 437 83.3333 49.4706 1.47231
 438 83.3333 49.5479 1.47098
 439 83.3333 49.6249 1.46964
 440 83.3333 49.7015 1.4683
 441 83.3333 49.7778 1.46695
 442 83.3333 49.8537 1.46559
 443 83.3333 49.9293 1.46423
 444 83.3333 50.0045 1.46287
 445 83.3333 50.0794 1.46149
 446 83.3333 50.154 1.46012
 447 83.3333 50.2282 1.45874
 448 83.3333 50.3021 1.45735
 449 76.8 50.3611 1.4553
 450 70.5333 50.4059 1.45276
 451 76.8 50.4644 1.45071
 452 64.5333 50.4956 1.44783
 453 58.8 50.5139 1.44475
 454 43.2 50.4978 1.44165
 455 53.3333 50.504 1.4385
 456 48.1333 50.4988 1.43535
 457 38.5333 50.4726 1.43244
 458 38.5333 50.4466 1.42955
 459 34.1333 50.411 1.42687
 460 22.5333 50.3504 1.42506
 461 22.5333 50.2901 1.42324
 462 26.1333 50.2378 1.42112
 463 26.1333 50.1857 1.419
 464 38.5333 50.1606 1.41616
 465 26.1333 50.109 1.41406
 466 30 50.0658 1.41168
 467 34.1333 50.0317 1.40907
 468 30 49.9889 1.40671
 469 38.5333 49.9645 1.40392
 470 43.2 49.9501 1.401
 471 43.2 49.9357 1.3981
 472 43.2 49.9215 1.3952
 473 34.1333 49.8881 1.39265
 474 30 49.8461 1.39034
 475 30 49.8044 1.38804
 476 30 49.7627 1.38575
 477 30 49.7213 1.38346
 478 48.1333 49.718 1.38057
 479 48.1333 49.7147 1.37768
 480 53.3333 49.7222 1.37483
 481 53.3333 49.7297 1.37199
 482 48.1333 49.7264 1.36915
 483 48.1333 49.7231 1.36631
 484 38.5333 49.7 1.36368
 485 38.5333 49.677 1.36106
 486 38.5333 49.654 1.35845
 487 30 49.6137 1.35626
 488 26.1333 49.5656 1.35433
 489 22.5333 49.5103 1.35269
 490 22.5333 49.4552 1.35105
 491 13.3333 49.3817 1.3503
 492 10.8 49.3033 1.34983
 493 10.8 49.2252 1.34936
 494 6.53333 49.1387 1.34939
 495 8.53333 49.0567 1.34916
 496 4.8 48.9675 1.34939
 497 4.8 48.8786 1.3496
 498 6.53333 48.7936 1.34957
 499 8.53333 48.7129 1.34928
 500 10.8 48.6371 1.34871
 501 10.8 48.5615 1.34813
 502 8.53333 48.4818 1.3478
 503 10.8 48.4069 1.34721
 504 4.8 48.3204 1.34731
 505 13.3333 48.2511 1.34642
 506 19.2 48.1937 1.34499
 507 26.1333 48.1502 1.34304
 508 26.1333 48.1068 1.34109
 509 38.5333 48.088 1.33858
 510 38.5333 48.0693 1.33609
 511 34.1333 48.042 1.33375
 512 34.1333 48.0148 1.33142
 513 38.5333 47.9964 1.32895
 514 19.2 47.9403 1.32755
 515 6.53333 47.8599 1.3274
 516 8.53333 47.7837 1.32702
 517 10.8 47.7122 1.32638
 518 19.2 47.6571 1.32496
 519 19.2 47.6023 1.32354
 520 19.2 47.5477 1.32212
 521 22.5333 47.4997 1.32045
 522 34.1333 47.4741 1.31817
 523 30 47.4407 1.31607
 524 34.1333 47.4153 1.3138
 525 43.2 47.4072 1.31132
 526 43.2 47.3992 1.30885
 527 48.1333 47.4006 1.30637
 528 48.1333 47.402 1.30389
 529 48.1333 47.4034 1.30143
 530 38.5333 47.3867 1.29908
 531 38.5333 47.37 1.29673
 532 38.5333 47.3534 1.2944
 533 34.1333 47.3286 1.29221
 534 34.1333 47.3039 1.29002
 535 26.1333 47.2643 1.28822
 536 34.1333 47.2398 1.28604
 537 34.1333 47.2154 1.28388
 538 34.1333 47.1911 1.28172
 539 34.1333 47.1669 1.27957
 540 30 47.1351 1.27759
 541 38.5333 47.1192 1.27533
 542 30 47.0876 1.27337
 543 43.2 47.0804 1.27104
 544 30 47.049 1.26909
 545 43.2 47.042 1.26678
 546 48.1333 47.044 1.26446
 547 48.1333 47.0459 1.26215
 548 43.2 47.0389 1.25986
 549 34.1333 47.0154 1.25778
 550 43.2 47.0085 1.25551
 551 58.8 47.0299 1.25341
 552 53.3333 47.0413 1.25119
 553 48.1333 47.0433 1.24893
 554 64.5333 47.0748 1.24707
 555 43.2 47.0679 1.24484
 556 38.5333 47.0525 1.2427
 557 34.1333 47.0293 1.24068
 558 34.1333 47.0062 1.23867
 559 34.1333 46.9832 1.23667
 560 38.5333 46.9681 1.23455
 561 53.3333 46.9794 1.2324
 562 58.8 47.0005 1.23039
 563 43.2 46.9937 1.22822
 564 64.5333 47.0248 1.22643
 565 43.2 47.0181 1.22428
 566 43.2 47.0113 1.22213
 567 58.8 47.0321 1.22015
 568 58.8 47.0528 1.21818
 569 58.8 47.0735 1.21621
 570 58.8 47.094 1.21425
 571 64.5333 47.1246 1.2125
 572 70.5333 47.1655 1.21107
 573 76.8 47.2172 1.21007
 574 83.3333 47.2801 1.20959
 575 83.3333 47.3428 1.20911
 576 83.3333 47.4053 1.20863
 577 83.3333 47.4676 1.20814
 578 83.3333 47.5296 1.20764
 579 83.3333 47.5915 1.20714
 580 83.3333 47.6531 1.20663
 581 83.3333 47.7145 1.20612
 582 83.3333 47.7757 1.2056
 583 83.3333 47.8367 1.20507
 584 83.3333 47.8975 1.20454
 585 83.3333 47.9581 1.204
 586 83.3333 48.0184 1.20346
 587 83.3333 48.0786 1.20292
 588 83.3333 48.1385 1.20236
 589 83.3333 48.1983 1.20181
 590 83.3333 48.2579 1.20125
 591 83.3333 48.3172 1.20068
 592 83.3333 48.3764 1.20011
 593 83.3333 48.4353 1.19953
 594 83.3333 48.4941 1.19895
 595 83.3333 48.5526 1.19837
 596 83.3333 48.611 1.19778
 597 83.3333 48.6691 1.19718
 598 83.3333 48.7271 1.19658
 599 83.3333 48.7849 1.19598
 600 83.3333 48.8424 1.19537
 601 83.3333 48.8998 1.19476
 602 83.3333 48.957 1.19415
 603 83.3333 49.014 1.19353
 604 76.8 49.06 1.19244
 605 83.3333 49.1167 1.19181
 606 83.3333 49.1732 1.19118
 607 76.8 49.2187 1.19009
 608 83.3333 49.2748 1.18945
 609 83.3333 49.3307 1.18881
 610 83.3333 49.3864 1.18817
 611 83.3333 49.442 1.18753
 612 83.3333 49.4974 1.18688
 613 83.3333 49.5526 1.18622
 614 83.3333 49.6076 1.18557
 615 83.3333 49.6624 1.18491
 616 83.3333 49.7171 1.18425
 617 83.3333 49.7716 1.18358
 618 83.3333 49.8259 1.18291
 619 83.3333 49.88 1.18224
 620 83.3333 49.934 1.18156
 621 83.3333 49.9878 1.18088
 622 83.3333 50.0414 1.1802
 623 83.3333 50.0948 1.17952
 624 83.3333 50.1481 1.17883
 625 83.3333 50.2012 1.17814
 626 83.3333 50.2541 1.17744
 627 83.3333 50.3069 1.17675
 628 76.8 50.349 1.17563
 629 70.5333 50.3811 1.1742
 630 58.8 50.3945 1.17241
 631 53.3333 50.3992 1.17056
 632 58.8 50.4124 1.16878
 633 70.5333 50.4442 1.16737
 634 83.3333 50.4961 1.16668
 635 83.3333 50.5478 1.16599
 636 83.3333 50.5994 1.16529
 637 83.3333 50.6508 1.16459
 638 83.3333 50.702 1.1639
 639 83.3333 50.7531 1.16319
 640 70.5333 50.784 1.16179
 641 76.8 50.8245 1.16068
 642 83.3333 50.8752 1.15998
 643 83.3333 50.9257 1.15927
 644 76.8 50.9658 1.15817
 645 76.8 51.0059 1.15707
 646 70.5333 51.0361 1.15567
 647 76.8 51.0759 1.15457
 648 83.3333 51.1257 1.15386
 649 83.3333 51.1753 1.15315
 650 83.3333 51.2248 1.15243
 651 83.3333 51.2741 1.15172
 652 83.3333 51.3233 1.151
 653 83.3333 51.3723 1.15028
 654 83.3333 51.4212 1.14956
 655 83.3333 51.4699 1.14884
 656 83.3333 51.5185 1.14812
 657 83.3333 51.5669 1.14739
 658 83.3333 51.6152 1.14666
 659 83.3333 51.6633 1.14593
 660 83.3333 51.7113 1.1452
 661 83.3333 51.7592 1.14446
 662 83.3333 51.8068 1.14373
 663 83.3333 51.8544 1.14299
 664 83.3333 51.9018 1.14225
 665 83.3333 51.9491 1.14151
 666 76.8 51.9864 1.14041
 667 83.3333 52.0334 1.13967
 668 83.3333 52.0802 1.13892
 669 83.3333 52.127 1.13818
 670 83.3333 52.1735 1.13743
 671 83.3333 52.22 1.13669
 672 83.3333 52.2663 1.13594
 673 83.3333 52.3124 1.13519
 674 83.3333 52.3585 1.13444
 675 83.3333 52.4043 1.13368
 676 83.3333 52.4501 1.13293
 677 83.3333 52.4957 1.13217
 678 83.3333 52.5412 1.13142
 679 83.3333 52.5865 1.13066
 680 83.3333 52.6318 1.1299
 681 83.3333 52.6768 1.12914
 682 83.3333 52.7218 1.12838
 683 83.3333 52.7666 1.12762
 684 83.3333 52.8113 1.12685
 685 83.3333 52.8559 1.12609
 686 83.3333 52.9003 1.12532
 687 83.3333 52.9446 1.12456
 688 83.3333 52.9888 1.12379
 689 83.3333 53.0328 1.12302
 690 83.3333 53.0767 1.12225
 691 83.3333 53.1205 1.12148
 692 83.3333 53.1642 1.12071
 693 83.3333 53.2077 1.11994
 694 83.3333 53.2511 1.11917
 695 83.3333 53.2944 1.11839
 696 83.3333 53.3375 1.11762
 697 83.3333 53.3806 1.11684
 698 83.3333 53.4235 1.11607
 699 83.3333 53.4663 1.11529
 700 83.3333 53.509 1.11451
 701 83.3333 53.5515 1.11374
 702 83.3333 53.5939 1.11296
 703 83.3333 53.6362 1.11218
 704 83.3333 53.6784 1.1114
 705 83.3333 53.7205 1.11062
 706 83.3333 53.7624 1.10984
 707 83.3333 53.8042 1.10905
 708 83.3333 53.846 1.10827
 709 83.3333 53.8875 1.10749
 710 83.3333 53.929 1.1067
 711 83.3333 53.9704 1.10592
 712 83.3333 54.0116 1.10514
 713 83.3333 54.0527 1.10435
 714 83.3333 54.0937 1.10357
 715 83.3333 54.1346 1.10278
 716 83.3333 54.1754 1.10199
 717 83.3333 54.2161 1.10121
 718 83.3333 54.2566 1.10042
 719 83.3333 54.2971 1.09963
 720 83.3333 54.3374 1.09884
 721 83.3333 54.3776 1.09805
 722 83.3333 54.4177 1.09727
 723 83.3333 54.4577 1.09648
 724 83.3333 54.4976 1.09569
 725 83.3333 54.5374 1.0949
 726 83.3333 54.577 1.09411
 727 83.3333 54.6166 1.09332
 728 83.3333 54.656 1.09253
 729 83.3333 54.6954 1.09174
 730 83.3333 54.7346 1.09095
 731 83.3333 54.7737 1.09015
 732 83.3333 54.8128 1.08936
 733 83.3333 54.8517 1.08857
 734 83.3333 54.8905 1.08778
 735 83.3333 54.9292 1.08699
 736 83.3333 54.9678 1.0862
 737 83.3333 55.0062 1.0854
 738 83.3333 55.0446 1.08461
 739 83.3333 55.0829 1.08382
 740 83.3333 55.1211 1.08303
 741 83.3333 55.1592 1.08223
 742 83.3333 55.1971 1.08144
 743 83.3333 55.235 1.08065
 744 83.3333 55.2728 1.07985
 745 83.3333 55.3104 1.07906
 746 83.3333 55.348 1.07827
 747 83.3333 55.3855 1.07748
 748 83.3333 55.4228 1.07668
 749 83.3333 55.4601 1.07589
 750 83.3333 55.4972 1.0751
 751 83.3333 55.5343 1.0743
 752 83.3333 55.5713 1.07351
 753 83.3333 55.6081 1.07272
 754 83.3333 55.6449 1.07193
 755 83.3333 55.6816 1.07113
 756 83.3333 55.7182 1.07034
 757 83.3333 55.7546 1.06955
 758 83.3333 55.791 1.06876
 759 70.5333 55.8105 1.06752
 760 70.5333 55.8298 1.06629
 761 64.5333 55.8413 1.06495
 762 58.8 55.8451 1.06356
 763 53.3333 55.8419 1.06217
 764 58.8 55.8457 1.06079
 765 58.8 55.8496 1.05941
 766 64.5333 55.8609 1.05808
 767 70.5333 55.8801 1.05688
 768 76.8 55.9073 1.05585
 769 70.5333 55.9263 1.05465
 770 83.3333 55.9619 1.05388
 771 83.3333 55.9974 1.05311
 772 83.3333 56.0328 1.05234
 773 83.3333 56.0681 1.05157
 774 83.3333 56.1034 1.0508
 775 83.3333 56.1385 1.05003
 776 83.3333 56.1735 1.04927
 777 83.3333 56.2085 1.0485
 778 83.3333 56.2434 1.04773
 779 83.3333 56.2781 1.04696
 780 83.3333 56.3128 1.04619
 781 83.3333 56.3474 1.04543
 782 83.3333 56.3819 1.04466
 783 83.3333 56.4163 1.04389
 784 70.5333 56.4344 1.04271
 785 58.8 56.4374 1.04139
 786 53.3333 56.4334 1.04007
 787 64.5333 56.4437 1.0388
 788 58.8 56.4467 1.03748
 789 53.3333 56.4428 1.03618
 790 64.5333 56.453 1.03491
 791 58.8 56.456 1.03361
 792 53.3333 56.452 1.03231
 793 48.1333 56.4415 1.03106
 794 30 56.4082 1.0303
 795 22.5333 56.3656 1.02989
 796 16.1333 56.3151 1.02983
 797 16.1333 56.2647 1.02977
 798 19.2 56.2182 1.02953
 799 16.1333 56.168 1.02946
 800 13.3333 56.1145 1.02957
 801 13.3333 56.0611 1.02967
 802 16.1333 56.0113 1.02959
 803 13.3333 55.9582 1.02968
 804 16.1333 55.9086 1.02959
 805 16.1333 55.8592 1.0295
 806 10.8 55.8033 1.02974
 807 6.53333 55.7423 1.03027
 808 6.53333 55.6814 1.0308
 809 6.53333 55.6206 1.03131
 810 8.53333 55.5625 1.03168
 811 6.53333 55.502 1.03218
 812 16.1333 55.4535 1.03204
 813 16.1333 55.4052 1.03191
 814 13.3333 55.3535 1.03193
 815 4.8 55.2915 1.03253
 816 13.3333 55.24 1.03255
 817 10.8 55.1856 1.03272
 818 10.8 55.1314 1.03288
 819 10.8 55.0772 1.03304
 820 10.8 55.0233 1.03319
 821 10.8 54.9694 1.03333
 822 10.8 54.9157 1.03347
 823 10.8 54.862 1.03361
 824 4.8 54.8013 1.03414
 825 6.53333 54.7428 1.03454
 826 6.53333 54.6844 1.03493
 827 8.53333 54.6286 1.03519
 828 6.53333 54.5705 1.03557
 829 8.53333 54.515 1.03581
 830 13.3333 54.4654 1.03575
 831 10.8 54.4128 1.03583
 832 8.53333 54.3577 1.03606
 833 6.53333 54.3003 1.0364
 834 4.8 54.2409 1.03686
 835 4.8 54.1817 1.03731
 836 3.33333 54.1209 1.03785
 837 2.13333 54.0588 1.03847
 838 2.13333 53.9968 1.03908
 839 2.13333 53.935 1.03968
 840 2.13333 53.8733 1.04027
 841 2.13333 53.8118 1.04085
 842 3.33333 53.7519 1.04134
 843 4.8 53.6938 1.04173
 844 2.13333 53.6327 1.04228
 845 2.13333 53.5718 1.04283
 846 3.33333 53.5124 1.04329
 847 2.13333 53.4517 1.04382
 848 0.533333 53.3893 1.04445
 849 0.133333 53.3266 1.04511
 850 0.133333 53.264 1.04575
 851 0.133333 53.2016 1.04639
 852 1.2 53.1405 1.04694
 853 1.2 53.0796 1.04748
 854 2.13333 53.02 1.04795
 855 2.13333 52.9605 1.04842
 856 3.33333 52.9025 1.0488
 857 2.13333 52.8433 1.04924
 858 2.13333 52.7841 1.04969
 859 0.533333 52.7233 1.05023
 860 0.133333 52.6622 1.05079
 861 0 52.601 1.05135
 862 0.133333 52.5401 1.05189
 863 0.133333 52.4794 1.05242
 864 0.533333 52.4193 1.05292
 865 1.2 52.3601 1.05337
 866 1.2 52.301 1.05381
 867 0.533333 52.2413 1.05428
 868 0.133333 52.1813 1.05478
 869 0.133333 52.1214 1.05527
 870 0 52.0615 1.05575
 871 0 52.0017 1.05623
 872 0.533333 51.9427 1.05667
 873 0 51.8832 1.05714
 874 0 51.8238 1.05759
 875 0.533333 51.7652 1.05801
 876 0.133333 51.7062 1.05844
 877 0.533333 51.6479 1.05884
 878 0 51.5891 1.05927
 879 0.133333 51.5305 1.05968
 880 0 51.472 1.0601
 881 0 51.4135 1.0605
 882 0.133333 51.3554 1.06089
 883 0.133333 51.2974 1.06128
 884 0.133333 51.2395 1.06166
 885 0 51.1816 1.06204
 886 1.2 51.1252 1.06234
 887 2.13333 51.07 1.06257
 888 3.33333 51.0162 1.06274
 889 4.8 50.9642 1.06281
 890 6.53333 50.9143 1.06279
 891 6.53333 50.8645 1.06277
 892 8.53333 50.817 1.06263
 893 6.53333 50.7675 1.0626
 894 6.53333 50.718 1.06256
 895 6.53333 50.6686 1.06252
 896 8.53333 50.6216 1.06238
 897 16.1333 50.5831 1.06189
 898 22.5333 50.5519 1.06117
 899 26.1333 50.5247 1.06033
 900 26.1333 50.4976 1.0595
 901 22.5333 50.4666 1.05878
 902 22.5333 50.4356 1.05806
 903 30 50.413 1.05713
 904 22.5333 50.3822 1.05641
 905 19.2 50.3477 1.0558
 906 16.1333 50.3099 1.05531
 907 16.1333 50.2723 1.05482
 908 19.2 50.238 1.05422
 909 19.2 50.2039 1.05361
 910 26.1333 50.1774 1.05278
 911 19.2 50.1434 1.05218
 912 19.2 50.1095 1.05157
 913 19.2 50.0756 1.05096
 914 22.5333 50.0455 1.05024
 915 48.1333 50.0434 1.0491
 916 48.1333 50.0413 1.04795
 917 48.1333 50.0393 1.04681
 918 58.8 50.0488 1.04571
 919 53.3333 50.0524 1.04458
 920 53.3333 50.0559 1.04345
 921 43.2 50.0485 1.04235
 922 48.1333 50.0464 1.04122
 923 43.2 50.039 1.04011
 924 43.2 50.0316 1.03901
 925 48.1333 50.0295 1.03789
 926 64.5333 50.0452 1.03689
 927 64.5333 50.0608 1.03589
 928 76.8 50.0897 1.03517
 929 83.3333 50.1254 1.03468
 930 83.3333 50.1611 1.03418
 931 83.3333 50.1968 1.03368
 932 83.3333 50.2323 1.03319
 933 83.3333 50.2678 1.03269
 934 83.3333 50.3032 1.03219
 935 83.3333 50.3385 1.03169
 936 83.3333 50.3738 1.03119
 937 83.3333 50.409 1.03069
 938 83.3333 50.4441 1.03019
 939 83.3333 50.4791 1.02968
 940 83.3333 50.514 1.02918
 941 83.3333 50.5489 1.02868
 942 83.3333 50.5837 1.02818
 943 83.3333 50.6185 1.02767
 944 83.3333 50.6531 1.02717
 945 83.3333 50.6877 1.02666
 946 83.3333 50.7222 1.02616
 947 83.3333 50.7566 1.02565
 948 83.3333 50.791 1.02514
 949 83.3333 50.8253 1.02464
 950 83.3333 50.8595 1.02413
 951 83.3333 50.8937 1.02362
 952 83.3333 50.9277 1.02311
 953 83.3333 50.9617 1.02261
 954 83.3333 50.9957 1.0221
 955 83.3333 51.0295 1.02159
 956 64.5333 51.0437 1.02062
 957 76.8 51.0706 1.0199
 958 70.5333 51.0909 1.01904
 959 83.3333 51.1245 1.01853
 960 83.3333 51.1581 1.01803
 961 83.3333 51.1915 1.01752
 962 83.3333 51.2249 1.01701
 963 83.3333 51.2583 1.0165
 964 83.3333 51.2916 1.01599
 965 83.3333 51.3248 1.01548
 966 83.3333 51.3579 1.01497
 967 83.3333 51.391 1.01445
 968 83.3333 51.424 1.01394
 969 83.3333 51.4569 1.01343
 970 83.3333 51.4898 1.01292
 971 83.3333 51.5226 1.01241
 972 83.3333 51.5553 1.01189
 973 83.3333 51.5879 1.01138
 974 83.3333 51.6205 1.01087
 975 83.3333 51.6531 1.01035
 976 76.8 51.6788 1.00965
 977 83.3333 51.7112 1.00913
 978 83.3333 51.7436 1.00862
 979 83.3333 51.7758 1.00811
 980 83.3333 51.808 1.00759
 981 83.3333 51.8402 1.00708
 982 83.3333 51.8722 1.00656
 983 83.3333 51.9042 1.00605
 984 83.3333 51.9362 1.00553
 985 83.3333 51.9681 1.00501
 986 83.3333 51.9999 1.0045
 987 58.8 52.0068 1.0035
 988 64.5333 52.0194 1.00257
 989 38.5333 52.0058 1.00165
 990 34.1333 51.9877 1.0008
 991 26.1333 51.9617 1.00013
 992 38.5333 51.9481 0.99921
 993 43.2 51.9393 0.998242
 994 64.5333 51.952 0.997318
 995 53.3333 51.9534 0.996316
 996 58.8 51.9602 0.995339
 997 48.1333 51.9564 0.994348
 998 53.3333 51.9578 0.993352
 999 53.3333 51.9592 0.992358
 1000 48.1333 51.9553 0.991372
 1001 43.2 51.9466 0.99042
 1002 48.1333 51.9428 0.989439
 1003 43.2 51.9341 0.98849
 1004 43.2 51.9254 0.987543
 1005 43.2 51.9167 0.986598
 1006 48.1333 51.9129 0.985624
 1007 53.3333 51.9143 0.984646
 1008 53.3333 51.9157 0.98367
 1009 43.2 51.9071 0.982732
 1010 48.1333 51.9034 0.981766
 1011 48.1333 51.8996 0.980802
 1012 48.1333 51.8959 0.979839
 1013 30 51.8743 0.97911
 1014 30 51.8527 0.978382
 1015 22.5333 51.8238 0.977844
 1016 19.2 51.7917 0.977409
 1017 19.2 51.7597 0.976973
 1018 19.2 51.7277 0.976537
 1019 22.5333 51.6991 0.975998
 1020 26.1333 51.674 0.975363
 1021 16.1333 51.6392 0.975029
 1022 10.8 51.5992 0.974894
 1023 10.8 51.5593 0.974757
 1024 10.8 51.5195 0.974617
 1025 3.33333 51.4725 0.9748
 1026 2.13333 51.4244 0.975036
 1027 3.33333 51.3776 0.975211
 1028 13.3333 51.3406 0.974965
 1029 13.3333 51.3037 0.974717
 1030 30 51.283 0.97399
 1031 19.2 51.2519 0.973542
 1032 16.1333 51.2178 0.973193
 1033 13.3333 51.1812 0.972942
 1034 8.53333 51.1399 0.972876
 1035 4.8 51.0951 0.972966
 1036 8.53333 51.0541 0.972894
 1037 8.53333 51.0131 0.97282
 1038 8.53333 50.9721 0.972744
 1039 6.53333 50.9294 0.972748
 1040 2.13333 50.8824 0.972944
 1041 0.533333 50.8341 0.973211
 1042 2.13333 50.7873 0.9734
 1043 3.33333 50.7418 0.97353
 1044 4.8 50.6978 0.973592
 1045 8.53333 50.6575 0.973496
 1046 6.53333 50.6153 0.973479
 1047 8.53333 50.5751 0.973379
 1048 8.53333 50.535 0.973277
 1049 8.53333 50.4949 0.973173
 1050 6.53333 50.4531 0.973147
 1051 6.53333 50.4113 0.973118
 1052 3.33333 50.3665 0.973222
 1053 4.8 50.3233 0.97326
 1054 6.53333 50.2817 0.973223
 1055 8.53333 50.2421 0.973105
 1056 6.53333 50.2008 0.973064
 1057 8.53333 50.1613 0.972942
 1058 8.53333 50.122 0.972818
 1059 6.53333 50.0808 0.97277
 1060 8.53333 50.0416 0.972642
 1061 10.8 50.0046 0.972428
 1062 19.2 49.9756 0.971945
 1063 16.1333 49.9438 0.971552
 1064 22.5333 49.918 0.97098
 1065 19.2 49.8892 0.970497
 1066 26.1333 49.8669 0.969842
 1067 19.2 49.8382 0.969359
 1068 22.5333 49.8126 0.968788
 1069 26.1333 49.7905 0.968135
 1070 34.1333 49.7758 0.967341
 1071 48.1333 49.7743 0.966438
 1072 53.3333 49.7776 0.965542
 1073 53.3333 49.7809 0.964647
 1074 48.1333 49.7794 0.96375
 1075 38.5333 49.7689 0.96291
 1076 53.3333 49.7722 0.96202
 1077 64.5333 49.7859 0.961224
 1078 70.5333 49.8052 0.960525
 1079 76.8 49.8302 0.959961
 1080 83.3333 49.8612 0.959573
 1081 76.8 49.8862 0.959009
 1082 76.8 49.911 0.958445
 1083 70.5333 49.9301 0.957749
 1084 64.5333 49.9435 0.95696
 1085 70.5333 49.9625 0.956265
 1086 83.3333 49.9932 0.955879
 1087 83.3333 50.0239 0.955491
 1088 83.3333 50.0545 0.955103
 1089 83.3333 50.0851 0.954715
 1090 83.3333 50.1156 0.954326
 1091 83.3333 50.146 0.953937
 1092 83.3333 50.1764 0.953548
 1093 83.3333 50.2068 0.953158
 1094 83.3333 50.2371 0.952767
 1095 83.3333 50.2673 0.952377
 1096 83.3333 50.2974 0.951986
 1097 83.3333 50.3276 0.951594
 1098 83.3333 50.3576 0.951202
 1099 83.3333 50.3876 0.95081
 1100 83.3333 50.4176 0.950417
 1101 83.3333 50.4475 0.950024
 1102 83.3333 50.4773 0.94963
 1103 83.3333 50.5071 0.949236
 1104 83.3333 50.5368 0.948842
 1105 83.3333 50.5665 0.948448
 1106 83.3333 50.5961 0.948053
 1107 83.3333 50.6257 0.947658
 1108 83.3333 50.6552 0.947262
 1109 83.3333 50.6847 0.946866
 1110 83.3333 50.7141 0.94647
 1111 83.3333 50.7435 0.946073
 1112 83.3333 50.7728 0.945676
 1113 83.3333 50.802 0.945279
 1114 83.3333 50.8312 0.944881
 1115 83.3333 50.8604 0.944484
 1116 83.3333 50.8895 0.944085
 1117 83.3333 50.9185 0.943687
 1118 83.3333 50.9475 0.943288
 1119 76.8 50.9706 0.942728
 1120 64.5333 50.9827 0.941964
 1121 48.1333 50.9802 0.941126
 1122 53.3333 50.9823 0.94029
 1123 58.8 50.9893 0.939478
 1124 58.8 50.9962 0.938667
 1125 70.5333 51.0136 0.937993
 1126 64.5333 51.0256 0.937237
 1127 53.3333 51.0276 0.936407
 1128 48.1333 51.0251 0.93558
 1129 53.3333 51.0271 0.934753
 1130 53.3333 51.0291 0.933928
 1131 53.3333 51.0312 0.933104
 1132 58.8 51.038 0.932305
 1133 53.3333 51.0401 0.931484
 1134 70.5333 51.0573 0.93082
 1135 58.8 51.0641 0.930025
 1136 70.5333 51.0812 0.929364
 1137 70.5333 51.0983 0.928704
 1138 70.5333 51.1154 0.928045
 1139 58.8 51.1222 0.927254
 1140 64.5333 51.1339 0.926515
 1141 58.8 51.1406 0.925727
 1142 53.3333 51.1426 0.924918
 1143 53.3333 51.1445 0.92411
 1144 58.8 51.1512 0.923327
 1145 53.3333 51.1531 0.922522
 1146 48.1333 51.1504 0.92172
 1147 43.2 51.1435 0.920942
 1148 38.5333 51.1325 0.920205
 1149 38.5333 51.1216 0.919469
 1150 34.1333 51.1068 0.918788
 1151 43.2 51.0999 0.918015
 1152 48.1333 51.0973 0.917222
 1153 48.1333 51.0948 0.91643
 1154 58.8 51.1014 0.915659
 1155 76.8 51.1237 0.915137
 1156 83.3333 51.1516 0.914769
 1157 83.3333 51.1794 0.914401
 1158 83.3333 51.2071 0.914033
 1159 83.3333 51.2349 0.913665
 1160 83.3333 51.2625 0.913296
 1161 83.3333 51.2902 0.912927
 1162 70.5333 51.3067 0.912292
 1163 64.5333 51.3181 0.911578
 1164 70.5333 51.3346 0.910944
 1165 76.8 51.3565 0.910424
 1166 83.3333 51.3839 0.910056
 1167 83.3333 51.4113 0.909688
 1168 83.3333 51.4386 0.90932
 1169 83.3333 51.4659 0.908951
 1170 83.3333 51.4931 0.908582
 1171 83.3333 51.5203 0.908213
 1172 83.3333 51.5474 0.907844
 1173 83.3333 51.5745 0.907474
 1174 83.3333 51.6016 0.907104
 1175 83.3333 51.6286 0.906734
 1176 83.3333 51.6556 0.906364
 1177 83.3333 51.6825 0.905993
 1178 83.3333 51.7093 0.905623
 1179 83.3333 51.7362 0.905252
 1180 83.3333 51.7629 0.90488
 1181 83.3333 51.7897 0.904509
 1182 83.3333 51.8164 0.904137
 1183 83.3333 51.843 0.903766
 1184 83.3333 51.8696 0.903394
 1185 83.3333 51.8961 0.903021
 1186 83.3333 51.9227 0.902649
 1187 83.3333 51.9491 0.902276
 1188 83.3333 51.9755 0.901903
 1189 83.3333 52.0019 0.90153
 1190 83.3333 52.0282 0.901157
 1191 76.8 52.049 0.90064
 1192 64.5333 52.0595 0.899945
 1193 70.5333 52.075 0.899324
 1194 53.3333 52.076 0.898571
 1195 64.5333 52.0865 0.897879
 1196 83.3333 52.1126 0.897509
 1197 83.3333 52.1387 0.897138
 1198 83.3333 52.1647 0.896767
 1199 83.3333 52.1907 0.896396
 1200 83.3333 52.2167 0.896024
 1201 83.3333 52.2426 0.895653
 1202 83.3333 52.2684 0.895281
 1203 83.3333 52.2943 0.894909
 1204 83.3333 52.32 0.894537
 1205 83.3333 52.3458 0.894165
 1206 83.3333 52.3715 0.893792
 1207 83.3333 52.3971 0.89342
 1208 83.3333 52.4227 0.893047
 1209 83.3333 52.4483 0.892675
 1210 83.3333 52.4738 0.892302
 1211 83.3333 52.4993 0.891929
 1212 83.3333 52.5248 0.891556
 1213 83.3333 52.5502 0.891182
 1214 83.3333 52.5755 0.890809
 1215 83.3333 52.6008 0.890435
 1216 83.3333 52.6261 0.890062
 1217 83.3333 52.6513 0.889688
 1218 83.3333 52.6765 0.889314
 1219 83.3333 52.7017 0.88894
 1220 83.3333 52.7268 0.888566
 1221 83.3333 52.7518 0.888191
 1222 83.3333 52.7769 0.887817
 1223 83.3333 52.8019 0.887443
 1224 83.3333 52.8268 0.887068
 1225 83.3333 52.8517 0.886693
 1226 83.3333 52.8766 0.886319
 1227 83.3333 52.9014 0.885944
 1228 83.3333 52.9262 0.885569
 1229 83.3333 52.9509 0.885194
 1230 83.3333 52.9756 0.884819
 1231 83.3333 53.0003 0.884444
 1232 83.3333 53.0249 0.884068
 1233 83.3333 53.0495 0.883693
 1234 83.3333 53.074 0.883318
 1235 83.3333 53.0985 0.882942
 1236 83.3333 53.123 0.882566
 1237 83.3333 53.1474 0.882191
 1238 83.3333 53.1718 0.881815
 1239 83.3333 53.1961 0.881439
 1240 83.3333 53.2204 0.881063
 1241 83.3333 53.2447 0.880688
 1242 76.8 53.2637 0.880183
 1243 76.8 53.2826 0.879678
 1244 83.3333 53.3068 0.879302
 1245 83.3333 53.3309 0.878927
 1246 83.3333 53.3549 0.878551
 1247 83.3333 53.379 0.878175
 1248 83.3333 53.403 0.8778
 1249 83.3333 53.427 0.877424
 1250 83.3333 53.4509 0.877048
 1251 83.3333 53.4748 0.876672
 1252 83.3333 53.4986 0.876296
 1253 83.3333 53.5224 0.87592
 1254 83.3333 53.5462 0.875544
 1255 83.3333 53.5699 0.875168
 1256 83.3333 53.5936 0.874792
 1257 83.3333 53.6173 0.874416
 1258 83.3333 53.6409 0.87404
 1259 83.3333 53.6645 0.873664
 1260 83.3333 53.688 0.873288
 1261 83.3333 53.7116 0.872912
 1262 83.3333 53.735 0.872536
 1263 83.3333 53.7585 0.872159
 1264 83.3333 53.7819 0.871783
 1265 83.3333 53.8052 0.871407
 1266 83.3333 53.8285 0.871031
 1267 83.3333 53.8518 0.870654
 1268 83.3333 53.8751 0.870278
 1269 83.3333 53.8983 0.869902
 1270 83.3333 53.9215 0.869525
 1271 83.3333 53.9446 0.869149
 1272 83.3333 53.9677 0.868773
 1273 83.3333 53.9908 0.868397
 1274 83.3333 54.0138 0.86802
 1275 83.3333 54.0368 0.867644
 1276 83.3333 54.0598 0.867268
 1277 83.3333 54.0827 0.866892
 1278 83.3333 54.1056 0.866515
 1279 83.3333 54.1284 0.866139
 1280 83.3333 54.1513 0.865763
 1281 83.3333 54.174 0.865387
 1282 83.3333 54.1968 0.86501
 1283 83.3333 54.2195 0.864634
 1284 83.3333 54.2422 0.864258
 1285 83.3333 54.2648 0.863882
 1286 83.3333 54.2874 0.863506
 1287 83.3333 54.31 0.86313
 1288 83.3333 54.3325 0.862754
 1289 83.3333 54.355 0.862378
 1290 83.3333 54.3775 0.862002
 1291 83.3333 54.3999 0.861626
 1292 83.3333 54.4223 0.86125
 1293 83.3333 54.4447 0.860874
 1294 83.3333 54.467 0.860498
 1295 83.3333 54.4893 0.860122
 1296 83.3333 54.5115 0.859746
 1297 83.3333 54.5337 0.85937
 1298 83.3333 54.5559 0.858995
 1299 83.3333 54.5781 0.858619
 1300 83.3333 54.6002 0.858243
 1301 83.3333 54.6223 0.857868
 1302 83.3333 54.6443 0.857492
 1303 83.3333 54.6664 0.857117
 1304 83.3333 54.6883 0.856741
 1305 83.3333 54.7103 0.856366
 1306 83.3333 54.7322 0.85599
 1307 83.3333 54.7541 0.855615
 1308 83.3333 54.7759 0.85524
 1309 83.3333 54.7978 0.854865
 1310 83.3333 54.8195 0.85449
 1311 83.3333 54.8413 0.854115
 1312 83.3333 54.863 0.85374
 1313 83.3333 54.8847 0.853365
 1314 83.3333 54.9063 0.85299
 1315 83.3333 54.928 0.852615
 1316 83.3333 54.9495 0.85224
 1317 83.3333 54.9711 0.851865
 1318 83.3333 54.9926 0.851491
 1319 83.3333 55.0141 0.851116
 1320 83.3333 55.0356 0.850742
 1321 83.3333 55.057 0.850367
 1322 83.3333 55.0784 0.849993
 1323 83.3333 55.0997 0.849619
 1324 70.5333 55.1114 0.849057
 1325 70.5333 55.123 0.848496
 1326 70.5333 55.1346 0.847935
 1327 83.3333 55.1559 0.847562
 1328 83.3333 55.1771 0.84719
 1329 83.3333 55.1983 0.846817
 1330 83.3333 55.2194 0.846444
 1331 83.3333 55.2406 0.846072
 1332 83.3333 55.2617 0.8457
 1333 83.3333 55.2827 0.845327
 1334 83.3333 55.3037 0.844955
 1335 83.3333 55.3247 0.844583
 1336 83.3333 55.3457 0.844211
 1337 83.3333 55.3666 0.843839
 1338 83.3333 55.3875 0.843467
 1339 83.3333 55.4084 0.843095
 1340 83.3333 55.4293 0.842724
 1341 83.3333 55.4501 0.842352
 1342 83.3333 55.4708 0.84198
 1343 83.3333 55.4916 0.841609
 1344 83.3333 55.5123 0.841238
 1345 64.5333 55.519 0.840639
 1346 70.5333 55.5302 0.840088
 1347 70.5333 55.5413 0.839538
 1348 76.8 55.5571 0.839063
 1349 76.8 55.5728 0.838589
 1350 83.3333 55.5934 0.83822
 1351 83.3333 55.6139 0.837851
 1352 83.3333 55.6344 0.837482
 1353 83.3333 55.6549 0.837113
 1354 83.3333 55.6753 0.836744
 1355 83.3333 55.6957 0.836375
 1356 83.3333 55.7161 0.836007
 1357 83.3333 55.7365 0.835638
 1358 83.3333 55.7568 0.83527
 1359 83.3333 55.7771 0.834902
 1360 83.3333 55.7974 0.834534
 1361 83.3333 55.8176 0.834166
 1362 83.3333 55.8378 0.833798
 1363 83.3333 55.858 0.83343
 1364 83.3333 55.8781 0.833062
 1365 83.3333 55.8982 0.832695
 1366 83.3333 55.9183 0.832327
 1367 83.3333 55.9384 0.83196
 1368 83.3333 55.9584 0.831593
 1369 83.3333 55.9784 0.831226
 1370 83.3333 55.9983 0.830859
 1371 83.3333 56.0183 0.830492
 1372 83.3333 56.0382 0.830125
 1373 83.3333 56.0581 0.829758
 1374 83.3333 56.0779 0.829392
 1375 83.3333 56.0977 0.829026
 1376 76.8 56.1128 0.828559
 1377 83.3333 56.1326 0.828193
 1378 83.3333 56.1523 0.827828
 1379 83.3333 56.172 0.827462
 1380 83.3333 56.1917 0.827096
 1381 83.3333 56.2113 0.826731
 1382 83.3333 56.231 0.826365
 1383 83.3333 56.2506 0.826
 1384 83.3333 56.2701 0.825635
 1385 83.3333 56.2897 0.82527
 1386 83.3333 56.3092 0.824905
 1387 83.3333 56.3287 0.824541
 1388 83.3333 56.3481 0.824176
 1389 83.3333 56.3676 0.823811
 1390 83.3333 56.387 0.823447
 1391 83.3333 56.4063 0.823083
 1392 83.3333 56.4257 0.822719
 1393 83.3333 56.445 0.822355
 1394 83.3333 56.4643 0.821991
 1395 83.3333 56.4835 0.821627
 1396 83.3333 56.5028 0.821264
 1397 83.3333 56.522 0.820901
 1398 83.3333 56.5412 0.820537
 1399 83.3333 56.5603 0.820174
 1400 83.3333 56.5794 0.819811
 1401 83.3333 56.5985 0.819448
 1402 83.3333 56.6176 0.819086
 1403 83.3333 56.6366 0.818723
 1404 83.3333 56.6557 0.818361
 1405 83.3333 56.6746 0.817998
 1406 83.3333 56.6936 0.817636
 1407 83.3333 56.7125 0.817274
 1408 83.3333 56.7314 0.816913
 1409 83.3333 56.7503 0.816551
 1410 83.3333 56.7692 0.816189
 1411 83.3333 56.788 0.815828
 1412 70.5333 56.7977 0.815308
 1413 70.5333 56.8075 0.814789
 1414 58.8 56.8089 0.814214
 1415 64.5333 56.8143 0.813656
 1416 70.5333 56.824 0.813139
 1417 70.5333 56.8337 0.812623
 1418 70.5333 56.8433 0.812107
 1419 83.3333 56.862 0.811749
 1420 83.3333 56.8807 0.811391
 1421 83.3333 56.8993 0.811034
 1422 70.5333 56.9089 0.81052
 1423 76.8 56.9228 0.810071
 1424 83.3333 56.9414 0.809714
 1425 83.3333 56.9599 0.809358
 1426 83.3333 56.9784 0.809001
 1427 83.3333 56.9969 0.808645
 1428 83.3333 57.0153 0.808289
 1429 83.3333 57.0337 0.807933
 1430 83.3333 57.0521 0.807578
 1431 83.3333 57.0705 0.807222
 1432 83.3333 57.0888 0.806867
 1433 83.3333 57.1071 0.806511
 1434 83.3333 57.1254 0.806156
 1435 83.3333 57.1437 0.805801
 1436 83.3333 57.1619 0.805446
 1437 83.3333 57.1801 0.805092
 1438 83.3333 57.1983 0.804737
 1439 83.3333 57.2165 0.804383
 1440 83.3333 57.2346 0.804029
 1441 83.3333 57.2527 0.803674
 1442 83.3333 57.2708 0.803321
 1443 83.3333 57.2889 0.802967
 1444 83.3333 57.3069 0.802613
 1445 83.3333 57.3249 0.80226
 1446 83.3333 57.3429 0.801907
 1447 83.3333 57.3609 0.801553
 1448 83.3333 57.3788 0.801201
 1449 76.8 57.3922 0.80076
 1450 76.8 57.4056 0.800319
 1451 76.8 57.419 0.799879
 1452 83.3333 57.4368 0.799527
 1453 83.3333 57.4546 0.799175
 1454 83.3333 57.4724 0.798824
 1455 83.3333 57.4902 0.798473
 1456 83.3333 57.508 0.798121
 1457 83.3333 57.5257 0.79777
 1458 83.3333 57.5434 0.797419
 1459 83.3333 57.5611 0.797069
 1460 83.3333 57.5787 0.796718
 1461 83.3333 57.5963 0.796368
 1462 83.3333 57.614 0.796018
 1463 83.3333 57.6315 0.795668
 1464 83.3333 57.6491 0.795318
 1465 83.3333 57.6666 0.794968
 1466 83.3333 57.6841 0.794618
 1467 83.3333 57.7016 0.794269
 1468 83.3333 57.7191 0.79392
 1469 83.3333 57.7365 0.793571
 1470 83.3333 57.7539 0.793222
 1471 83.3333 57.7713 0.792873
 1472 83.3333 57.7887 0.792525
 1473 83.3333 57.806 0.792176
 1474 83.3333 57.8233 0.791828
 1475 83.3333 57.8406 0.79148
 1476 83.3333 57.8579 0.791132
 1477 83.3333 57.8752 0.790784
 1478 76.8 57.888 0.790353
 1479 64.5333 57.8924 0.789831
 1480 70.5333 57.901 0.789344
 1481 64.5333 57.9055 0.788823
 1482 64.5333 57.9099 0.788303
 1483 64.5333 57.9144 0.787784
 1484 70.5333 57.9229 0.787299
 1485 83.3333 57.94 0.786955
 1486 83.3333 57.9571 0.786611
 1487 83.3333 57.9742 0.786267
 1488 83.3333 57.9912 0.785923
 1489 83.3333 58.0082 0.785579
 1490 83.3333 58.0252 0.785236
 1491 83.3333 58.0422 0.784893
 1492 83.3333 58.0592 0.78455
 1493 83.3333 58.0761 0.784207
 1494 83.3333 58.093 0.783864
 1495 83.3333 58.1099 0.783521
 1496 83.3333 58.1267 0.783179
 1497 83.3333 58.1436 0.782837
 1498 83.3333 58.1604 0.782495
 1499 83.3333 58.1772 0.782153
 1500 83.3333 58.194 0.781811
 1501 83.3333 58.2107 0.781469
 1502 83.3333 58.2274 0.781128
 1503 83.3333 58.2441 0.780787
 1504 83.3333 58.2608 0.780446
 1505 83.3333 58.2775 0.780105
 1506 83.3333 58.2941 0.779764
 1507 83.3333 58.3107 0.779424
 1508 83.3333 58.3273 0.779084
 1509 83.3333 58.3439 0.778743
 1510 83.3333 58.3604 0.778404
 1511 83.3333 58.377 0.778064
 1512 83.3333 58.3935 0.777724
 1513 83.3333 58.41 0.777385
 1514 83.3333 58.4264 0.777046
 1515 83.3333 58.4429 0.776706
 1516 83.3333 58.4593 0.776368
 1517 83.3333 58.4757 0.776029
 1518 83.3333 58.4921 0.77569
 1519 83.3333 58.5084 0.775352
 1520 83.3333 58.5247 0.775014
 1521 83.3333 58.541 0.774676
 1522 83.3333 58.5573 0.774338
 1523 83.3333 58.5736 0.774
 1524 83.3333 58.5899 0.773663
 1525 83.3333 58.6061 0.773326
 1526 83.3333 58.6223 0.772989
 1527 83.3333 58.6385 0.772652
 1528 83.3333 58.6546 0.772315
 1529 83.3333 58.6708 0.771979
 1530 83.3333 58.6869 0.771642
 1531 83.3333 58.703 0.771306
 1532 83.3333 58.7191 0.77097
 1533 83.3333 58.7351 0.770634
 1534 83.3333 58.7512 0.770299
 1535 83.3333 58.7672 0.769963
 1536 83.3333 58.7832 0.769628
 1537 83.3333 58.7991 0.769293
 1538 83.3333 58.8151 0.768958
 1539 83.3333 58.831 0.768623
 1540 83.3333 58.8469 0.768289
 1541 83.3333 58.8628 0.767955
 1542 83.3333 58.8787 0.76762
 1543 83.3333 58.8945 0.767286
 1544 83.3333 58.9104 0.766953
 1545 83.3333 58.9262 0.766619
 1546 83.3333 58.942 0.766286
 1547 83.3333 58.9577 0.765953
 1548 83.3333 58.9735 0.76562
 1549 83.3333 58.9892 0.765287
 1550 83.3333 59.0049 0.764954
 1551 83.3333 59.0206 0.764622
 1552 83.3333 59.0363 0.764289
 1553 83.3333 59.0519 0.763957
 1554 83.3333 59.0675 0.763625
 1555 83.3333 59.0831 0.763294
 1556 83.3333 59.0987 0.762962
 1557 83.3333 59.1143 0.762631
 1558 83.3333 59.1298 0.7623
 1559 64.5333 59.1333 0.761818
 1560 64.5333 59.1368 0.761338
 1561 53.3333 59.133 0.760859
 1562 48.1333 59.126 0.760404
 1563 48.1333 59.119 0.75995
 1564 48.1333 59.1119 0.759497
 1565 48.1333 59.1049 0.759044
 1566 48.1333 59.0979 0.758591
 1567 48.1333 59.0909 0.758139
 1568 48.1333 59.0839 0.757688
 1569 48.1333 59.0769 0.757237
 1570 48.1333 59.07 0.756786
 1571 48.1333 59.063 0.756337
 1572 53.3333 59.0594 0.755864
 1573 34.1333 59.0435 0.75555
 1574 43.2 59.0335 0.755137
 1575 43.2 59.0234 0.754724
 1576 34.1333 59.0076 0.75441
 1577 30 58.9892 0.754156
 1578 26.1333 58.9684 0.753966
 1579 48.1333 58.9615 0.753519
 1580 64.5333 58.9651 0.75305
 1581 64.5333 58.9686 0.752582
 1582 58.8 58.9685 0.752106
 1583 58.8 58.9684 0.751631
 1584 58.8 58.9683 0.751156
 1585 58.8 58.9682 0.750682
 1586 64.5333 58.9717 0.750217
 1587 70.5333 58.979 0.74978
 1588 64.5333 58.9825 0.749315
 1589 64.5333 58.9859 0.748852
 1590 64.5333 58.9894 0.748389
 1591 83.3333 59.0047 0.748075
 1592 83.3333 59.02 0.747761
 1593 83.3333 59.0353 0.747447
 1594 83.3333 59.0505 0.747134
 1595 83.3333 59.0657 0.74682
 1596 83.3333 59.081 0.746507
 1597 83.3333 59.0961 0.746194
 1598 83.3333 59.1113 0.745881
 1599 83.3333 59.1265 0.745568
 1600 83.3333 59.1416 0.745256
 1601 83.3333 59.1567 0.744944
 1602 70.5333 59.1638 0.744512
 1603 64.5333 59.1671 0.744055
 1604 70.5333 59.1742 0.743625
 1605 70.5333 59.1813 0.743195
 1606 64.5333 59.1846 0.74274
 1607 58.8 59.1844 0.742277
 1608 76.8 59.1954 0.741897
 1609 70.5333 59.2024 0.741469
 1610 70.5333 59.2094 0.741042
 1611 43.2 59.1995 0.740648
 1612 22.5333 59.1768 0.740538
 1613 22.5333 59.154 0.740427
 1614 19.2 59.1293 0.740382
 1615 19.2 59.1046 0.740337
 1616 26.1333 59.0842 0.74016
 1617 22.5333 59.0616 0.740047
 1618 19.2 59.0369 0.74
 1619 22.5333 59.0144 0.739886
 1620 22.5333 58.9919 0.739772
 1621 19.2 58.9673 0.739723
 1622 22.5333 58.9448 0.739608
 1623 26.1333 58.9246 0.739429
 1624 22.5333 58.9022 0.739313
 1625 26.1333 58.8821 0.739133
 1626 26.1333 58.8619 0.738953
 1627 26.1333 58.8418 0.738772
 1628 26.1333 58.8217 0.738592
 1629 22.5333 58.7994 0.738474
 1630 26.1333 58.7794 0.738293
 1631 30 58.7617 0.738051
 1632 26.1333 58.7417 0.73787
 1633 26.1333 58.7218 0.737688
 1634 22.5333 58.6996 0.737569
 1635 22.5333 58.6775 0.73745
 1636 34.1333 58.6625 0.737151
 1637 34.1333 58.6475 0.736853
 1638 34.1333 58.6326 0.736555
 1639 34.1333 58.6176 0.736258
 1640 30 58.6002 0.736015
 1641 30 58.5827 0.735773
 1642 26.1333 58.563 0.73559
 1643 30 58.5456 0.735348
 1644 30 58.5282 0.735106
 1645 34.1333 58.5134 0.734808
 1646 34.1333 58.4986 0.734511
 1647 34.1333 58.4838 0.734214
 1648 26.1333 58.4642 0.734031
 1649 38.5333 58.4521 0.733685
 1650 34.1333 58.4373 0.733389
 1651 43.2 58.4281 0.733002
 1652 48.1333 58.4219 0.732585
 1653 53.3333 58.4188 0.732148
 1654 53.3333 58.4157 0.731712
 1655 58.8 58.416 0.73127
 1656 53.3333 58.4129 0.730834
 1657 48.1333 58.4067 0.73042
 1658 48.1333 58.4005 0.730005
 1659 43.2 58.3913 0.729623
 1660 58.8 58.3916 0.729183
 1661 64.5333 58.3953 0.728753
 1662 70.5333 58.4026 0.728351
 1663 76.8 58.4136 0.727997
 1664 76.8 58.4247 0.727643
 1665 76.8 58.4357 0.72729
 1666 83.3333 58.4507 0.727007
 1667 83.3333 58.4656 0.726724
 1668 83.3333 58.4805 0.726441
 1669 83.3333 58.4954 0.726159
 1670 83.3333 58.5103 0.725876
 1671 76.8 58.5212 0.725524
 1672 70.5333 58.5284 0.725126
 1673 64.5333 58.532 0.724701
 1674 70.5333 58.5391 0.724303
 1675 76.8 58.55 0.723953
 1676 76.8 58.5609 0.723603
 1677 83.3333 58.5757 0.723322
 1678 83.3333 58.5905 0.723041
 1679 83.3333 58.6052 0.722761
 1680 83.3333 58.6199 0.72248
 1681 83.3333 58.6346 0.7222
 1682 83.3333 58.6493 0.72192
 1683 83.3333 58.664 0.72164
 1684 83.3333 58.6786 0.72136
 1685 83.3333 58.6933 0.72108
 1686 83.3333 58.7079 0.720801
 1687 83.3333 58.7225 0.720521
 1688 83.3333 58.737 0.720242
 1689 83.3333 58.7516 0.719963
 1690 83.3333 58.7662 0.719683
 1691 83.3333 58.7807 0.719404
 1692 83.3333 58.7952 0.719126
 1693 83.3333 58.8097 0.718847
 1694 83.3333 58.8242 0.718568
 1695 83.3333 58.8386 0.71829
 1696 83.3333 58.8531 0.718011
 1697 83.3333 58.8675 0.717733
 1698 83.3333 58.8819 0.717455
 1699 83.3333 58.8963 0.717177
 1700 83.3333 58.9107 0.716899
 1701 83.3333 58.925 0.716621
 1702 83.3333 58.9394 0.716344
 1703 83.3333 58.9537 0.716066
 1704 83.3333 58.968 0.715789
 1705 83.3333 58.9823 0.715512
 1706 83.3333 58.9966 0.715235
 1707 83.3333 59.0108 0.714958
 1708 83.3333 59.0251 0.714681
 1709 83.3333 59.0393 0.714404
 1710 83.3333 59.0535 0.714127
 1711 83.3333 59.0677 0.713851
 1712 83.3333 59.0819 0.713575
 1713 83.3333 59.096 0.713299
 1714 83.3333 59.1102 0.713023
 1715 83.3333 59.1243 0.712747
 1716 83.3333 59.1384 0.712471
 1717 83.3333 59.1525 0.712195
 1718 83.3333 59.1666 0.71192
 1719 83.3333 59.1806 0.711644
 1720 83.3333 59.1947 0.711369
 1721 83.3333 59.2087 0.711094
 1722 83.3333 59.2227 0.710819
 1723 83.3333 59.2367 0.710544
 1724 83.3333 59.2507 0.710269
 1725 83.3333 59.2646 0.709995
 1726 83.3333 59.2786 0.70972
 1727 83.3333 59.2925 0.709446
 1728 83.3333 59.3064 0.709172
 1729 83.3333 59.3203 0.708898
 1730 83.3333 59.3342 0.708624
 1731 83.3333 59.348 0.70835
 1732 83.3333 59.3619 0.708076
 1733 83.3333 59.3757 0.707803
 1734 83.3333 59.3895 0.707529
 1735 83.3333 59.4033 0.707256
 1736 83.3333 59.4171 0.706983
 1737 83.3333 59.4309 0.70671
 1738 83.3333 59.4446 0.706437
 1739 83.3333 59.4584 0.706164
 1740 83.3333 59.4721 0.705892
 1741 83.3333 59.4858 0.705619
 1742 83.3333 59.4995 0.705347
 1743 83.3333 59.5132 0.705075
 1744 83.3333 59.5268 0.704803
 1745 83.3333 59.5405 0.704531
 1746 83.3333 59.5541 0.704259
 1747 83.3333 59.5677 0.703987
 1748 83.3333 59.5813 0.703716
 1749 83.3333 59.5949 0.703445
 1750 83.3333 59.6085 0.703173
 1751 83.3333 59.622 0.702902
 1752 83.3333 59.6355 0.702631
 1753 83.3333 59.6491 0.70236
 1754 83.3333 59.6626 0.70209
 1755 83.3333 59.676 0.701819
 1756 83.3333 59.6895 0.701549
 1757 76.8 59.6993 0.701217
 1758 83.3333 59.7127 0.700947
 1759 83.3333 59.7261 0.700677
 1760 83.3333 59.7395 0.700407
 1761 83.3333 59.7529 0.700138
 1762 83.3333 59.7663 0.699868
 1763 83.3333 59.7797 0.699599
 1764 83.3333 59.793 0.69933
 1765 83.3333 59.8064 0.69906
 1766 83.3333 59.8197 0.698792
 1767 83.3333 59.833 0.698523
 1768 83.3333 59.8463 0.698254
 1769 83.3333 59.8596 0.697985
 1770 83.3333 59.8728 0.697717
 1771 83.3333 59.8861 0.697449
 1772 83.3333 59.8993 0.697181
 1773 83.3333 59.9125 0.696913
 1774 83.3333 59.9257 0.696645
 1775 83.3333 59.9389 0.696377
 1776 83.3333 59.9521 0.69611
 1777 83.3333 59.9653 0.695842
 1778 83.3333 59.9784 0.695575
 1779 83.3333 59.9915 0.695308
 1780 83.3333 60.0046 0.695041
 1781 83.3333 60.0177 0.694774
 1782 83.3333 60.0308 0.694507
 1783 83.3333 60.0439 0.69424
 1784 83.3333 60.057 0.693974
 1785 83.3333 60.07 0.693708
 1786 83.3333 60.083 0.693442
 1787 83.3333 60.096 0.693175
 1788 83.3333 60.109 0.69291
 1789 83.3333 60.122 0.692644
 1790 83.3333 60.135 0.692378
 1791 83.3333 60.1479 0.692113
 1792 83.3333 60.1609 0.691847
 1793 83.3333 60.1738 0.691582
 1794 83.3333 60.1867 0.691317
 1795 83.3333 60.1996 0.691052
 1796 83.3333 60.2125 0.690787
 1797 83.3333 60.2253 0.690523
 1798 83.3333 60.2382 0.690258
 1799 76.8 60.2474 0.689936
 1800 83.3333 60.2602 0.689672
 1801 83.3333 60.273 0.689408
 1802 83.3333 60.2858 0.689144
 1803 83.3333 60.2986 0.68888
 1804 83.3333 60.3114 0.688617
 1805 83.3333 60.3241 0.688353
 1806 83.3333 60.3369 0.68809
 1807 83.3333 60.3496 0.687827
 1808 83.3333 60.3623 0.687564
 1809 83.3333 60.375 0.687301
 1810 83.3333 60.3877 0.687038
 1811 83.3333 60.4004 0.686776
 1812 83.3333 60.413 0.686513
 1813 83.3333 60.4257 0.686251
 1814 83.3333 60.4383 0.685989
 1815 83.3333 60.4509 0.685727
 1816 83.3333 60.4635 0.685465
 1817 83.3333 60.4761 0.685203
 1818 83.3333 60.4887 0.684941
 1819 83.3333 60.5012 0.68468
 1820 83.3333 60.5138 0.684419
 1821 83.3333 60.5263 0.684157
 1822 83.3333 60.5388 0.683896
 1823 83.3333 60.5513 0.683635
 1824 83.3333 60.5638 0.683375
 1825 83.3333 60.5763 0.683114
 1826 83.3333 60.5888 0.682854
 1827 83.3333 60.6012 0.682593
 1828 83.3333 60.6136 0.682333
 1829 83.3333 60.6261 0.682073
 1830 83.3333 60.6385 0.681813
 1831 83.3333 60.6509 0.681553
 1832 83.3333 60.6632 0.681294
 1833 83.3333 60.6756 0.681034
 1834 83.3333 60.688 0.680775
 1835 83.3333 60.7003 0.680516
 1836 83.3333 60.7126 0.680257
 1837 83.3333 60.725 0.679998
 1838 83.3333 60.7373 0.679739
 1839 58.8 60.7362 0.67937
 1840 58.8 60.7351 0.679002
 1841 48.1333 60.7283 0.678667
 1842 48.1333 60.7215 0.678333
 1843 43.2 60.712 0.678032
 1844 48.1333 60.7051 0.677698
 1845 48.1333 60.6983 0.677365
 1846 48.1333 60.6915 0.677032
 1847 48.1333 60.6847 0.6767
 1848 38.5333 60.6727 0.67644
 1849 38.5333 60.6608 0.67618
 1850 34.1333 60.6464 0.675966
 1851 34.1333 60.6321 0.675753
 1852 34.1333 60.6178 0.675539
 1853 30 60.6013 0.675377
 1854 34.1333 60.587 0.675163
 1855 30 60.5705 0.675001
 1856 34.1333 60.5562 0.674787
 1857 30 60.5398 0.674625
 1858 30 60.5234 0.674462
 1859 34.1333 60.5092 0.674248
 1860 26.1333 60.4907 0.674139
 1861 22.5333 60.4703 0.674085
 1862 26.1333 60.4518 0.673976
 1863 30 60.4355 0.673812
 1864 19.2 60.4134 0.673814
 1865 22.5333 60.3931 0.673758
 1866 26.1333 60.3747 0.673648
 1867 26.1333 60.3564 0.673536
 1868 26.1333 60.338 0.673425
 1869 22.5333 60.3178 0.673368
 1870 30 60.3016 0.673204
 1871 26.1333 60.2833 0.673091
 1872 34.1333 60.2694 0.672877
 1873 34.1333 60.2554 0.672662
 1874 43.2 60.2463 0.672365
 1875 43.2 60.2372 0.672068
 1876 70.5333 60.2427 0.671732
 1877 70.5333 60.2482 0.671396
 1878 64.5333 60.2505 0.671042
 1879 53.3333 60.2468 0.670695
 1880 58.8 60.246 0.670339
 1881 53.3333 60.2424 0.669992
 1882 58.8 60.2416 0.669637
 1883 58.8 60.2408 0.669281
 1884 53.3333 60.2372 0.668936
 1885 48.1333 60.2307 0.668612
 1886 48.1333 60.2243 0.668288
 1887 48.1333 60.2179 0.667965
 1888 38.5333 60.2064 0.66771
 1889 30 60.1904 0.667548
 1890 30 60.1745 0.667385
 1891 34.1333 60.1607 0.667175
 1892 34.1333 60.1469 0.666964
 1893 26.1333 60.129 0.666853
 1894 22.5333 60.1091 0.666797
 1895 22.5333 60.0893 0.66674
 1896 19.2 60.0677 0.666737
 1897 22.5333 60.0479 0.666679
 1898 22.5333 60.0282 0.666621
 1899 22.5333 60.0084 0.666562
 1900 13.3333 59.9839 0.666664
 1901 13.3333 59.9593 0.666765
 1902 13.3333 59.9348 0.666865
 1903 16.1333 59.9118 0.666912
 1904 10.8 59.886 0.66706
 1905 19.2 59.8646 0.667052
 1906 10.8 59.8389 0.667199
 1907 8.53333 59.812 0.667391
 1908 8.53333 59.7851 0.667583
 1909 8.53333 59.7583 0.667773
 1910 6.53333 59.7304 0.668005
 1911 8.53333 59.7036 0.668192
 1912 10.8 59.678 0.668332
 1913 4.8 59.6493 0.668598
 1914 8.53333 59.6226 0.668782
 1915 6.53333 59.5949 0.669008
 1916 6.53333 59.5672 0.669232
 1917 6.53333 59.5396 0.669454
 1918 4.8 59.511 0.669714
 1919 8.53333 59.4845 0.669892
 1920 6.53333 59.4569 0.67011
 1921 1.2 59.4265 0.670448
 1922 0.533333 59.3959 0.670799
 1923 1.2 59.3656 0.671133
 1924 0.133333 59.3349 0.67149
 1925 0.133333 59.3041 0.671845
 1926 0.533333 59.2736 0.672189
 1927 0.533333 59.2431 0.672532
 1928 0.133333 59.2124 0.672881
 1929 0 59.1818 0.673233
 1930 0.133333 59.1512 0.673579
 1931 0.133333 59.1206 0.673923
 1932 0.533333 59.0903 0.674257
 1933 0.133333 59.0598 0.674598
 1934 0 59.0292 0.67494
 1935 3.33333 59.0004 0.675205
 1936 4.8 58.9725 0.675436
 1937 4.8 58.9445 0.675667
 1938 4.8 58.9165 0.675896
 1939 3.33333 58.8879 0.676155
 1940 6.53333 58.8609 0.676345
 1941 4.8 58.833 0.67657
 1942 3.33333 58.8045 0.676825
 1943 2.13333 58.7753 0.677105
 1944 4.8 58.7475 0.677326
 1945 2.13333 58.7184 0.677603
 1946 0.533333 58.6885 0.677915
 1947 0.533333 58.6587 0.678224
 1948 0.533333 58.6288 0.678533
 1949 0.533333 58.599 0.678839
 1950 0 58.569 0.679156
 1951 0.133333 58.539 0.679468
 1952 0 58.509 0.679782
 1953 0 58.4791 0.680094
 1954 0 58.4491 0.680404
 1955 0.133333 58.4193 0.68071
 1956 0.533333 58.3897 0.681005
 1957 1.2 58.3605 0.681284
 1958 1.2 58.3313 0.681562
 1959 2.13333 58.3026 0.681817
 1960 6.53333 58.2762 0.681981
 1961 8.53333 58.2508 0.682105
 1962 8.53333 58.2255 0.682228
 1963 10.8 58.2013 0.682308
 1964 10.8 58.1772 0.682388
 1965 4.8 58.15 0.682581
 1966 6.53333 58.1238 0.682739
 1967 6.53333 58.0975 0.682896
 1968 10.8 58.0735 0.682971
 1969 13.3333 58.0508 0.683003
 1970 16.1333 58.0295 0.682987
 1971 16.1333 58.0083 0.682972
 1972 22.5333 57.9903 0.682862
 1973 22.5333 57.9723 0.682753
 1974 13.3333 57.9497 0.682781
 1975 13.3333 57.9271 0.682809
 1976 10.8 57.9032 0.68288
 1977 10.8 57.8794 0.68295
 1978 10.8 57.8556 0.68302
 1979 10.8 57.8318 0.683089
 1980 16.1333 57.8108 0.683068
 1981 19.2 57.7913 0.683001
 1982 19.2 57.7718 0.682934
 1983 19.2 57.7524 0.682867
 1984 19.2 57.7329 0.682799
 1985 10.8 57.7093 0.682865
 1986 16.1333 57.6884 0.682842
 1987 19.2 57.669 0.682773
 1988 19.2 57.6496 0.682704
 1989 22.5333 57.632 0.682589
 1990 16.1333 57.6111 0.682564
 1991 22.5333 57.5935 0.682449
 1992 26.1333 57.5777 0.682289
 1993 30 57.5639 0.682087
 1994 19.2 57.5446 0.682016
 1995 19.2 57.5254 0.681945
 1996 13.3333 57.5033 0.681963
 1997 19.2 57.4841 0.681891
 1998 19.2 57.4649 0.681819
 1999 22.5333 57.4475 0.681702
 2000 30 57.4337 0.681499
