 1 -1 -1 0
 2 -1 -1 0
 3 -1 -1 0
 4 -1 -1 0
 5 -1 -1 0
 6 -1 -1 0
 7 -1 -1 0
 8 -1 -1 0
 9 -1 -1 0
 10 -1 -1 0
 11 -1 -1 0
 12 -1 -1 0
 13 -1 -1 0
 14 -1 -1 0
 15 -1 -1 0
 16 -1 -1 0
 17 -1 -1 0
 18 -1 -1 0
 19 -1 -1 0
 20 -1 -1 0
 21 -1 -1 0
 22 -1 -1 0
 23 -1 -1 0
 24 -1 -1 0
 25 -1 -1 0
 26 -1 -1 0
 27 -1 -1 0
 28 -1 -1 0
 29 -1 -1 0
 30 -1 -1 0
 31 -1 -1 0
 32 -1 -1 0
 33 -1 -1 0
 34 -1 -1 0
 35 -1 -1 0
 36 -1 -1 0
 37 -1 -1 0
 38 -1 -1 0
 39 -0.92 -0.997949 0.00205128
 40 -0.92 -0.996 0.00279193
 41 -0.92 -0.994146 0.00329404
 42 -0.92 -0.992381 0.0036675
 43 -0.84 -0.988837 0.00503816
 44 -0.92 -0.987273 0.00516497
 45 -1 -0.987556 0.0050568
 46 -1 -0.987826 0.00495305
 47 -1 -0.988085 0.00485343
 48 -1 -0.988333 0.00475772
 49 -1 -0.988571 0.00466569
 50 -1 -0.9888 0.00457714
 51 -1 -0.98902 0.00449187
 52 -1 -0.989231 0.0044097
 53 -1 -0.989434 0.00433046
 54 -1 -0.98963 0.00425401
 55 -1 -0.989818 0.00418021
 56 -1 -0.99 0.00410891
 57 -1 -0.990175 0.00403999
 58 -1 -0.990345 0.00397333
 59 -1 -0.990508 0.00390884
 60 -1 -0.990667 0.00384639
 61 -1 -0.99082 0.0037859
 62 -1 -0.990968 0.00372728
 63 -1 -0.991111 0.00367044
 64 -1 -0.99125 0.00361531
 65 -1 -0.991385 0.0035618
 66 -1 -0.991515 0.00350984
 67 -1 -0.991642 0.00345938
 68 -1 -0.991765 0.00341034
 69 -1 -0.991884 0.00336267
 70 -1 -0.992 0.00331631
 71 -1 -0.992113 0.00327121
 72 -1 -0.992222 0.00322732
 73 -1 -0.992329 0.00318458
 74 -1 -0.992432 0.00314296
 75 -1 -0.992533 0.00310242
 76 -1 -0.992632 0.0030629
 77 -1 -0.992727 0.00302437
 78 -1 -0.992821 0.0029868
 79 -1 -0.992911 0.00295015
 80 -1 -0.993 0.00291439
 81 -1 -0.993086 0.00287948
 82 -1 -0.993171 0.0028454
 83 -1 -0.993253 0.00281211
 84 -1 -0.993333 0.00277959
 85 -1 -0.993412 0.00274782
 86 -1 -0.993488 0.00271676
 87 -1 -0.993563 0.00268639
 88 -1 -0.993636 0.0026567
 89 -1 -0.993708 0.00262765
 90 -1 -0.993778 0.00259923
 91 -1 -0.993846 0.00257142
 92 -1 -0.993913 0.00254419
 93 -1 -0.993978 0.00251754
 94 -1 -0.994043 0.00249144
 95 -1 -0.994105 0.00246587
 96 -1 -0.994167 0.00244082
 97 -1 -0.994227 0.00241627
 98 -1 -0.994286 0.00239222
 99 -1 -0.994343 0.00236863
 100 -1 -0.9944 0.00234551
 101 -1 -0.994455 0.00232283
 102 -1 -0.99451 0.00230059
 103 -1 -0.994563 0.00227877
 104 -1 -0.994615 0.00225735
 105 -1 -0.994667 0.00223634
 106 -1 -0.994717 0.00221571
 107 -1 -0.994766 0.00219546
 108 -1 -0.994815 0.00217558
 109 -1 -0.994862 0.00215605
 110 -1 -0.994909 0.00213687
 111 -1 -0.994955 0.00211803
 112 -1 -0.995 0.00209952
 113 -1 -0.995044 0.00208133
 114 -1 -0.995088 0.00206345
 115 -1 -0.99513 0.00204587
 116 -1 -0.995172 0.00202859
 117 -1 -0.995214 0.0020116
 118 -1 -0.995254 0.00199489
 119 -1 -0.995294 0.00197846
 120 -1 -0.995333 0.0019623
 121 -1 -0.995372 0.00194639
 122 -1 -0.99541 0.00193075
 123 -1 -0.995447 0.00191535
 124 -1 -0.995484 0.00190019
 125 -1 -0.99552 0.00188528
 126 -1 -0.995556 0.00187059
 127 -1 -0.995591 0.00185614
 128 -1 -0.995625 0.0018419
 129 -1 -0.995659 0.00182788
 130 -1 -0.995692 0.00181407
 131 -1 -0.995725 0.00180047
 132 -1 -0.995758 0.00178707
 133 -1 -0.995789 0.00177387
 134 -1 -0.995821 0.00176086
 135 -1 -0.995852 0.00174805
 136 -1 -0.995882 0.00173541
 137 -1 -0.995912 0.00172296
 138 -1 -0.995942 0.00171069
 139 -1 -0.995971 0.00169859
 140 -1 -0.996 0.00168666
 141 -1 -0.996028 0.00167489
 142 -1 -0.996056 0.00166329
 143 -1 -0.996084 0.00165185
 144 -1 -0.996111 0.00164056
 145 -1 -0.996138 0.00162943
 146 -1 -0.996164 0.00161845
 147 -1 -0.99619 0.00160761
 148 -1 -0.996216 0.00159692
 149 -1 -0.996242 0.00158637
 150 -1 -0.996267 0.00157596
 151 -1 -0.996291 0.00156568
 152 -1 -0.996316 0.00155554
 153 -1 -0.99634 0.00154552
 154 -1 -0.996364 0.00153564
 155 -1 -0.996387 0.00152588
 156 -1 -0.99641 0.00151624
 157 -1 -0.996433 0.00150673
 158 -1 -0.996456 0.00149733
 159 -1 -0.996478 0.00148805
 160 -1 -0.9965 0.00147889
 161 -1 -0.996522 0.00146983
 162 -1 -0.996543 0.00146089
 163 -0.92 -0.996074 0.00152595
 164 -0.84 -0.995122 0.00179048
 165 -0.92 -0.994667 0.00183691
 166 -0.92 -0.994217 0.0018804
 167 -0.92 -0.993772 0.00192121
 168 -0.92 -0.993333 0.00195958
 169 -0.92 -0.992899 0.00199569
 170 -0.84 -0.992 0.00217827
 171 -0.84 -0.991111 0.00234083
 172 -0.84 -0.990233 0.0024875
 173 -0.84 -0.989364 0.00262111
 174 -0.84 -0.988506 0.00274374
 175 -0.84 -0.987657 0.00285696
 176 -0.84 -0.986818 0.00296198
 177 -0.84 -0.985989 0.00305978
 178 -0.84 -0.985169 0.00315114
 179 -0.84 -0.984358 0.00323674
 180 -0.92 -0.984 0.0032385
 181 -0.92 -0.983646 0.00323991
 182 -0.92 -0.983297 0.00324098
 183 -0.92 -0.982951 0.00324173
 184 -0.92 -0.982609 0.00324217
 185 -0.92 -0.98227 0.0032423
 186 -0.92 -0.981935 0.00324216
 187 -0.92 -0.981604 0.00324174
 188 -0.92 -0.981277 0.00324105
 189 -0.92 -0.980952 0.00324012
 190 -0.92 -0.980632 0.00323895
 191 -0.92 -0.980314 0.00323755
 192 -0.84 -0.979583 0.00330251
 193 -0.92 -0.979275 0.00329983
 194 -0.92 -0.978969 0.00329697
 195 -0.92 -0.978667 0.00329393
 196 -0.92 -0.978367 0.00329072
 197 -0.92 -0.978071 0.00328735
 198 -0.92 -0.977778 0.00328383
 199 -0.92 -0.977487 0.00328016
 200 -0.92 -0.9772 0.00327635
 201 -0.92 -0.976915 0.00327241
 202 -0.92 -0.976634 0.00326833
 203 -0.92 -0.976355 0.00326414
 204 -0.92 -0.976078 0.00325982
 205 -0.92 -0.975805 0.0032554
 206 -0.92 -0.975534 0.00325086
 207 -0.92 -0.975266 0.00324622
 208 -0.92 -0.975 0.00324149
 209 -0.92 -0.974737 0.00323666
 210 -0.92 -0.974476 0.00323174
 211 -0.92 -0.974218 0.00322673
 212 -0.92 -0.973962 0.00322164
 213 -0.92 -0.973709 0.00321647
 214 -0.92 -0.973458 0.00321123
 215 -0.92 -0.973209 0.00320591
 216 -0.92 -0.972963 0.00320053
 217 -0.92 -0.972719 0.00319508
 218 -0.92 -0.972477 0.00318958
 219 -0.84 -0.971872 0.00323209
 220 -0.92 -0.971636 0.00322599
 221 -0.92 -0.971403 0.00321985
 222 -0.92 -0.971171 0.00321367
 223 -0.92 -0.970942 0.00320744
 224 -0.92 -0.970714 0.00320118
 225 -0.92 -0.970489 0.00319488
 226 -0.92 -0.970265 0.00318855
 227 -0.92 -0.970044 0.00318219
 228 -0.92 -0.969825 0.00317579
 229 -0.92 -0.969607 0.00316937
 230 -0.92 -0.969391 0.00316292
 231 -0.92 -0.969177 0.00315645
 232 -0.92 -0.968966 0.00314996
 233 -0.92 -0.968755 0.00314344
 234 -0.92 -0.968547 0.00313691
 235 -0.92 -0.96834 0.00313035
 236 -0.92 -0.968136 0.00312378
 237 -0.92 -0.967932 0.0031172
 238 -0.92 -0.967731 0.0031106
 239 -0.92 -0.967531 0.00310399
 240 -0.92 -0.967333 0.00309737
 241 -0.92 -0.967137 0.00309073
 242 -0.92 -0.966942 0.00308409
 243 -0.92 -0.966749 0.00307744
 244 -0.92 -0.966557 0.00307079
 245 -0.92 -0.966367 0.00306413
 246 -0.92 -0.966179 0.00305746
 247 -0.92 -0.965992 0.00305079
 248 -0.92 -0.965806 0.00304412
 249 -0.92 -0.965622 0.00303745
 250 -0.92 -0.96544 0.00303077
 251 -0.92 -0.965259 0.00302409
 252 -0.92 -0.965079 0.00301742
 253 -0.92 -0.964901 0.00301075
 254 -0.92 -0.964724 0.00300408
 255 -0.92 -0.964549 0.00299741
 256 -0.92 -0.964375 0.00299074
 257 -0.92 -0.964202 0.00298408
 258 -0.92 -0.964031 0.00297743
 259 -0.84 -0.963552 0.00300432
 260 -0.84 -0.963077 0.00303024
 261 -0.92 -0.962912 0.00302311
 262 -0.92 -0.962748 0.003016
 263 -0.92 -0.962586 0.00300891
 264 -0.92 -0.962424 0.00300182
 265 -0.92 -0.962264 0.00299476
 266 -0.92 -0.962105 0.00298771
 267 -0.92 -0.961948 0.00298067
 268 -0.92 -0.961791 0.00297365
 269 -0.92 -0.961636 0.00296664
 270 -0.92 -0.961481 0.00295966
 271 -0.92 -0.961328 0.00295269
 272 -0.92 -0.961176 0.00294573
 273 -0.92 -0.961026 0.00293879
 274 -0.92 -0.960876 0.00293187
 275 -0.92 -0.960727 0.00292497
 276 -0.92 -0.96058 0.00291809
 277 -0.92 -0.960433 0.00291122
 278 -0.92 -0.960288 0.00290438
 279 -0.92 -0.960143 0.00289755
 280 -0.92 -0.96 0.00289074
 281 -0.92 -0.959858 0.00288395
 282 -0.92 -0.959716 0.00287718
 283 -0.92 -0.959576 0.00287043
 284 -0.92 -0.959437 0.00286369
 285 -0.84 -0.959018 0.00288424
 286 -0.92 -0.958881 0.00287737
 287 -0.92 -0.958746 0.00287052
 288 -0.92 -0.958611 0.0028637
 289 -0.92 -0.958478 0.0028569
 290 -0.92 -0.958345 0.00285012
 291 -0.92 -0.958213 0.00284337
 292 -0.92 -0.958082 0.00283663
 293 -0.92 -0.957952 0.00282992
 294 -0.92 -0.957823 0.00282323
 295 -0.92 -0.957695 0.00281657
 296 -0.92 -0.957568 0.00280992
 297 -0.92 -0.957441 0.0028033
 298 -0.92 -0.957315 0.0027967
 299 -0.92 -0.957191 0.00279012
 300 -0.92 -0.957067 0.00278357
 301 -0.84 -0.956678 0.00280143
 302 -0.84 -0.956291 0.00281875
 303 -0.84 -0.955908 0.00283552
 304 -0.92 -0.955789 0.00282865
 305 -0.92 -0.955672 0.0028218
 306 -0.92 -0.955556 0.00281498
 307 -0.92 -0.95544 0.00280818
 308 -0.92 -0.955325 0.00280141
 309 -0.92 -0.95521 0.00279467
 310 -0.92 -0.955097 0.00278796
 311 -0.84 -0.954727 0.00280351
 312 -0.84 -0.954359 0.0028186
 313 -0.84 -0.953994 0.00283324
 314 -0.92 -0.953885 0.00282627
 315 -0.92 -0.953778 0.00281934
 316 -0.92 -0.953671 0.00281244
 317 -0.92 -0.953565 0.00280556
 318 -0.92 -0.953459 0.00279872
 319 -0.92 -0.953354 0.0027919
 320 -0.92 -0.95325 0.00278511
 321 -0.92 -0.953146 0.00277836
 322 -0.92 -0.953043 0.00277163
 323 -0.92 -0.952941 0.00276492
 324 -0.92 -0.95284 0.00275825
 325 -0.92 -0.952738 0.00275161
 326 -0.92 -0.952638 0.00274499
 327 -0.92 -0.952538 0.0027384
 328 -0.84 -0.952195 0.00275152
 329 -0.84 -0.951854 0.00276426
 330 -0.84 -0.951515 0.00277664
 331 -0.84 -0.951178 0.00278866
 332 -0.84 -0.950843 0.00280034
 333 -0.84 -0.950511 0.00281169
 334 -0.84 -0.95018 0.00282272
 335 -0.84 -0.949851 0.00283344
 336 -0.84 -0.949524 0.00284384
 337 -0.84 -0.949199 0.00285396
 338 -0.84 -0.948876 0.00286378
 339 -0.84 -0.948555 0.00287333
 340 -0.92 -0.948471 0.0028661
 341 -0.92 -0.948387 0.0028589
 342 -0.92 -0.948304 0.00285174
 343 -0.92 -0.948222 0.00284461
 344 -0.92 -0.94814 0.00283751
 345 -0.92 -0.948058 0.00283045
 346 -0.92 -0.947977 0.00282342
 347 -0.92 -0.947896 0.00281643
 348 -0.84 -0.947586 0.00282539
 349 -0.84 -0.947278 0.0028341
 350 -0.84 -0.946971 0.00284256
 351 -0.84 -0.946667 0.00285079
 352 -0.92 -0.946591 0.00284369
 353 -0.92 -0.946516 0.00283662
 354 -0.92 -0.946441 0.00282959
 355 -0.92 -0.946366 0.00282259
 356 -0.92 -0.946292 0.00281562
 357 -0.92 -0.946218 0.00280869
 358 -0.92 -0.946145 0.00280179
 359 -0.92 -0.946072 0.00279492
 360 -0.92 -0.946 0.00278809
 361 -0.92 -0.945928 0.00278129
 362 -0.92 -0.945856 0.00277452
 363 -0.92 -0.945785 0.00276778
 364 -0.92 -0.945714 0.00276108
 365 -0.92 -0.945644 0.0027544
 366 -0.92 -0.945574 0.00274776
 367 -0.92 -0.945504 0.00274115
 368 -0.92 -0.945435 0.00273457
 369 -0.92 -0.945366 0.00272802
 370 -0.92 -0.945297 0.0027215
 371 -0.92 -0.945229 0.00271501
 372 -0.92 -0.945161 0.00270855
 373 -0.92 -0.945094 0.00270212
 374 -0.92 -0.945027 0.00269572
 375 -0.92 -0.94496 0.00268935
 376 -0.92 -0.944894 0.00268301
 377 -0.92 -0.944828 0.0026767
 378 -0.92 -0.944762 0.00267042
 379 -0.92 -0.944697 0.00266416
 380 -0.92 -0.944632 0.00265794
 381 -0.92 -0.944567 0.00265174
 382 -0.92 -0.944503 0.00264557
 383 -0.92 -0.944439 0.00263943
 384 -0.92 -0.944375 0.00263332
 385 -0.92 -0.944312 0.00262723
 386 -0.92 -0.944249 0.00262117
 387 -0.92 -0.944186 0.00261514
 388 -0.92 -0.944124 0.00260914
 389 -0.92 -0.944062 0.00260316
 390 -0.92 -0.944 0.00259721
 391 -0.92 -0.943939 0.00259129
 392 -0.92 -0.943878 0.00258539
 393 -0.92 -0.943817 0.00257952
 394 -0.92 -0.943756 0.00257367
 395 -0.92 -0.943696 0.00256785
 396 -0.92 -0.943636 0.00256206
 397 -0.92 -0.943577 0.00255629
 398 -0.84 -0.943317 0.00256311
 399 -0.92 -0.943258 0.00255734
 400 -0.92 -0.9432 0.0025516
 401 -0.92 -0.943142 0.00254589
 402 -0.92 -0.943085 0.0025402
 403 -0.92 -0.943027 0.00253454
 404 -0.92 -0.94297 0.0025289
 405 -0.92 -0.942914 0.00252328
 406 -0.92 -0.942857 0.00251769
 407 -0.92 -0.942801 0.00251213
 408 -0.92 -0.942745 0.00250659
 409 -0.92 -0.942689 0.00250107
 410 -0.92 -0.942634 0.00249557
 411 -0.92 -0.942579 0.0024901
 412 -0.92 -0.942524 0.00248466
 413 -0.92 -0.94247 0.00247923
 414 -0.92 -0.942415 0.00247383
 415 -0.92 -0.942361 0.00246846
 416 -0.92 -0.942308 0.0024631
 417 -0.92 -0.942254 0.00245777
 418 -0.92 -0.942201 0.00245246
 419 -0.92 -0.942148 0.00244717
 420 -0.92 -0.942095 0.00244191
 421 -0.92 -0.942043 0.00243667
 422 -1 -0.94218 0.00243476
 423 -1 -0.942317 0.00243284
 424 -1 -0.942453 0.00243091
 425 -1 -0.942588 0.00242896
 426 -1 -0.942723 0.002427
 427 -1 -0.942857 0.00242502
 428 -1 -0.942991 0.00242303
 429 -1 -0.943124 0.00242102
 430 -1 -0.943256 0.002419
 431 -1 -0.943387 0.00241697
 432 -1 -0.943519 0.00241493
 433 -1 -0.943649 0.00241288
 434 -1 -0.943779 0.00241081
 435 -1 -0.943908 0.00240873
 436 -1 -0.944037 0.00240664
 437 -1 -0.944165 0.00240454
 438 -1 -0.944292 0.00240243
 439 -1 -0.944419 0.00240031
 440 -1 -0.944545 0.00239817
 441 -1 -0.944671 0.00239603
 442 -1 -0.944796 0.00239388
 443 -1 -0.944921 0.00239172
 444 -1 -0.945045 0.00238955
 445 -1 -0.945169 0.00238737
 446 -1 -0.945291 0.00238518
 447 -1 -0.945414 0.00238298
 448 -1 -0.945536 0.00238078
 449 -0.92 -0.945479 0.00237615
 450 -0.92 -0.945422 0.00237154
 451 -0.92 -0.945366 0.00236695
 452 -0.92 -0.94531 0.00236237
 453 -0.92 -0.945254 0.00235781
 454 -0.84 -0.945022 0.00236401
 455 -0.92 -0.944967 0.00235945
 456 -0.92 -0.944912 0.00235491
 457 -0.92 -0.944858 0.00235038
 458 -0.92 -0.944803 0.00234587
 459 -0.92 -0.944749 0.00234138
 460 -0.92 -0.944696 0.0023369
 461 -0.92 -0.944642 0.00233244
 462 -0.92 -0.944589 0.002328
 463 -0.92 -0.944536 0.00232357
 464 -0.92 -0.944483 0.00231916
 465 -0.92 -0.94443 0.00231477
 466 -0.92 -0.944378 0.00231039
 467 -0.92 -0.944325 0.00230603
 468 -0.92 -0.944274 0.00230168
 469 -0.92 -0.944222 0.00229735
 470 -0.92 -0.94417 0.00229304
 471 -0.92 -0.944119 0.00228874
 472 -0.92 -0.944068 0.00228446
 473 -0.92 -0.944017 0.00228019
 474 -0.92 -0.943966 0.00227594
 475 -0.92 -0.943916 0.0022717
 476 -0.92 -0.943866 0.00226748
 477 -0.84 -0.943648 0.00227318
 478 -0.92 -0.943598 0.00226896
 479 -0.92 -0.943549 0.00226475
 480 -0.92 -0.9435 0.00226056
 481 -0.92 -0.943451 0.00225638
 482 -0.92 -0.943402 0.00225222
 483 -0.92 -0.943354 0.00224808
 484 -0.92 -0.943306 0.00224395
 485 -0.92 -0.943258 0.00223983
 486 -0.92 -0.94321 0.00223573
 487 -0.92 -0.943162 0.00223164
 488 -0.92 -0.943115 0.00222757
 489 -0.92 -0.943067 0.00222351
 490 -0.92 -0.94302 0.00221947
 491 -0.92 -0.942974 0.00221544
 492 -0.92 -0.942927 0.00221143
 493 -0.92 -0.94288 0.00220743
 494 -0.92 -0.942834 0.00220344
 495 -0.92 -0.942788 0.00219947
 496 -0.92 -0.942742 0.00219551
 497 -0.92 -0.942696 0.00219157
 498 -0.92 -0.942651 0.00218764
 499 -0.92 -0.942605 0.00218372
 500 -0.92 -0.94256 0.00217982
 501 -0.92 -0.942515 0.00217593
 502 -0.92 -0.94247 0.00217205
 503 -0.92 -0.942425 0.00216819
 504 -0.92 -0.942381 0.00216434
 505 -0.92 -0.942337 0.0021605
 506 -0.92 -0.942292 0.00215668
 507 -0.92 -0.942249 0.00215287
 508 -0.92 -0.942205 0.00214908
 509 -0.92 -0.942161 0.00214529
 510 -0.92 -0.942118 0.00214152
 511 -0.92 -0.942074 0.00213777
 512 -0.92 -0.942031 0.00213402
 513 -0.92 -0.941988 0.00213029
 514 -0.92 -0.941946 0.00212657
 515 -0.92 -0.941903 0.00212287
 516 -0.92 -0.94186 0.00211918
 517 -0.92 -0.941818 0.0021155
 518 -0.92 -0.941776 0.00211183
 519 -0.92 -0.941734 0.00210817
 520 -0.92 -0.941692 0.00210453
 521 -0.84 -0.941497 0.00210954
 522 -0.84 -0.941303 0.00211445
 523 -0.84 -0.941109 0.00211927
 524 -0.84 -0.940916 0.00212401
 525 -0.84 -0.940724 0.00212865
 526 -0.84 -0.940532 0.00213322
 527 -0.84 -0.940342 0.00213769
 528 -0.92 -0.940303 0.00213399
 529 -0.92 -0.940265 0.0021303
 530 -0.92 -0.940226 0.00212662
 531 -0.92 -0.940188 0.00212295
 532 -0.92 -0.94015 0.0021193
 533 -0.92 -0.940113 0.00211565
 534 -0.92 -0.940075 0.00211202
 535 -0.92 -0.940037 0.00210841
 536 -0.92 -0.94 0.0021048
 537 -0.92 -0.939963 0.00210121
 538 -0.92 -0.939926 0.00209763
 539 -0.92 -0.939889 0.00209406
 540 -0.92 -0.939852 0.0020905
 541 -0.92 -0.939815 0.00208696
 542 -0.92 -0.939779 0.00208342
 543 -0.92 -0.939742 0.0020799
 544 -0.92 -0.939706 0.00207639
 545 -0.92 -0.93967 0.00207289
 546 -0.92 -0.939634 0.00206941
 547 -0.92 -0.939598 0.00206593
 548 -0.92 -0.939562 0.00206247
 549 -0.84 -0.939381 0.00206668
 550 -0.84 -0.9392 0.00207082
 551 -0.84 -0.93902 0.00207488
 552 -0.84 -0.938841 0.00207887
 553 -0.84 -0.938662 0.00208279
 554 -0.84 -0.938484 0.00208664
 555 -0.84 -0.938306 0.00209043
 556 -0.84 -0.938129 0.00209414
 557 -0.84 -0.937953 0.00209779
 558 -0.84 -0.937778 0.00210137
 559 -0.84 -0.937603 0.00210489
 560 -0.84 -0.937429 0.00210834
 561 -0.84 -0.937255 0.00211173
 562 -0.84 -0.937082 0.00211507
 563 -0.84 -0.936909 0.00211834
 564 -0.92 -0.936879 0.00211479
 565 -0.92 -0.93685 0.00211125
 566 -0.92 -0.93682 0.00210773
 567 -0.92 -0.93679 0.00210422
 568 -0.92 -0.936761 0.00210072
 569 -0.92 -0.936731 0.00209723
 570 -0.92 -0.936702 0.00209375
 571 -0.92 -0.936673 0.00209029
 572 -0.92 -0.936643 0.00208683
 573 -0.92 -0.936614 0.00208339
 574 -1 -0.936725 0.00208269
 575 -1 -0.936835 0.00208197
 576 -1 -0.936944 0.00208125
 577 -1 -0.937054 0.00208051
 578 -1 -0.937163 0.00207976
 579 -1 -0.937271 0.002079
 580 -1 -0.937379 0.00207823
 581 -1 -0.937487 0.00207745
 582 -1 -0.937595 0.00207665
 583 -1 -0.937702 0.00207585
 584 -1 -0.937808 0.00207504
 585 -1 -0.937915 0.00207421
 586 -1 -0.93802 0.00207338
 587 -1 -0.938126 0.00207253
 588 -1 -0.938231 0.00207168
 589 -1 -0.938336 0.00207082
 590 -1 -0.938441 0.00206994
 591 -1 -0.938545 0.00206906
 592 -1 -0.938649 0.00206817
 593 -1 -0.938752 0.00206727
 594 -1 -0.938855 0.00206636
 595 -1 -0.938958 0.00206544
 596 -1 -0.93906 0.00206452
 597 -1 -0.939162 0.00206358
 598 -1 -0.939264 0.00206264
 599 -1 -0.939366 0.00206169
 600 -1 -0.939467 0.00206073
 601 -1 -0.939567 0.00205976
 602 -1 -0.939668 0.00205879
 603 -1 -0.939768 0.0020578
 604 -0.92 -0.939735 0.00205465
 605 -1 -0.939835 0.00205367
 606 -1 -0.939934 0.00205268
 607 -0.92 -0.939901 0.00204956
 608 -1 -0.94 0.00204857
 609 -1 -0.940099 0.00204758
 610 -1 -0.940197 0.00204658
 611 -1 -0.940295 0.00204557
 612 -1 -0.940392 0.00204455
 613 -1 -0.940489 0.00204353
 614 -1 -0.940586 0.0020425
 615 -1 -0.940683 0.00204146
 616 -1 -0.940779 0.00204042
 617 -1 -0.940875 0.00203937
 618 -1 -0.940971 0.00203831
 619 -1 -0.941066 0.00203725
 620 -1 -0.941161 0.00203618
 621 -1 -0.941256 0.00203511
 622 -1 -0.94135 0.00203403
 623 -1 -0.941445 0.00203294
 624 -1 -0.941538 0.00203185
 625 -1 -0.941632 0.00203075
 626 -1 -0.941725 0.00202964
 627 -1 -0.941818 0.00202853
 628 -0.92 -0.941783 0.0020256
 629 -0.92 -0.941749 0.00202267
 630 -0.92 -0.941714 0.00201976
 631 -0.92 -0.94168 0.00201685
 632 -0.92 -0.941646 0.00201394
 633 -0.92 -0.941611 0.00201105
 634 -1 -0.941703 0.00200999
 635 -1 -0.941795 0.00200892
 636 -1 -0.941887 0.00200784
 637 -1 -0.941978 0.00200676
 638 -1 -0.942069 0.00200568
 639 -1 -0.94216 0.00200459
 640 -0.92 -0.942125 0.00200175
 641 -0.92 -0.94209 0.00199893
 642 -1 -0.942181 0.00199785
 643 -1 -0.942271 0.00199676
 644 -0.92 -0.942236 0.00199396
 645 -0.92 -0.942202 0.00199117
 646 -0.92 -0.942167 0.00198838
 647 -0.92 -0.942133 0.0019856
 648 -1 -0.942222 0.00198454
 649 -1 -0.942311 0.00198348
 650 -1 -0.9424 0.00198241
 651 -1 -0.942488 0.00198134
 652 -1 -0.942577 0.00198027
 653 -1 -0.942665 0.00197919
 654 -1 -0.942752 0.0019781
 655 -1 -0.94284 0.00197701
 656 -1 -0.942927 0.00197592
 657 -1 -0.943014 0.00197482
 658 -1 -0.9431 0.00197372
 659 -1 -0.943187 0.00197261
 660 -1 -0.943273 0.0019715
 661 -1 -0.943359 0.00197039
 662 -1 -0.943444 0.00196927
 663 -1 -0.943529 0.00196814
 664 -1 -0.943614 0.00196702
 665 -1 -0.943699 0.00196589
 666 -0.92 -0.943664 0.00196325
 667 -1 -0.943748 0.00196213
 668 -1 -0.943832 0.001961
 669 -1 -0.943916 0.00195986
 670 -1 -0.944 0.00195872
 671 -1 -0.944083 0.00195758
 672 -1 -0.944167 0.00195644
 673 -1 -0.94425 0.00195529
 674 -1 -0.944332 0.00195414
 675 -1 -0.944415 0.00195298
 676 -1 -0.944497 0.00195182
 677 -1 -0.944579 0.00195066
 678 -1 -0.944661 0.0019495
 679 -1 -0.944742 0.00194833
 680 -1 -0.944824 0.00194716
 681 -1 -0.944905 0.00194599
 682 -1 -0.944985 0.00194481
 683 -1 -0.945066 0.00194363
 684 -1 -0.945146 0.00194245
 685 -1 -0.945226 0.00194126
 686 -1 -0.945306 0.00194007
 687 -1 -0.945386 0.00193888
 688 -1 -0.945465 0.00193769
 689 -1 -0.945544 0.00193649
 690 -1 -0.945623 0.00193529
 691 -1 -0.945702 0.00193409
 692 -1 -0.94578 0.00193289
 693 -1 -0.945859 0.00193168
 694 -1 -0.945937 0.00193047
 695 -1 -0.946014 0.00192926
 696 -1 -0.946092 0.00192805
 697 -1 -0.946169 0.00192684
 698 -1 -0.946246 0.00192562
 699 -1 -0.946323 0.0019244
 700 -1 -0.9464 0.00192318
 701 -1 -0.946476 0.00192195
 702 -1 -0.946553 0.00192073
 703 -1 -0.946629 0.0019195
 704 -1 -0.946705 0.00191827
 705 -1 -0.94678 0.00191704
 706 -1 -0.946856 0.0019158
 707 -1 -0.946931 0.00191457
 708 -1 -0.947006 0.00191333
 709 -1 -0.94708 0.00191209
 710 -1 -0.947155 0.00191085
 711 -1 -0.947229 0.00190961
 712 -1 -0.947303 0.00190836
 713 -1 -0.947377 0.00190712
 714 -1 -0.947451 0.00190587
 715 -1 -0.947524 0.00190462
 716 -1 -0.947598 0.00190337
 717 -1 -0.947671 0.00190212
 718 -1 -0.947744 0.00190087
 719 -1 -0.947816 0.00189961
 720 -1 -0.947889 0.00189836
 721 -1 -0.947961 0.0018971
 722 -1 -0.948033 0.00189584
 723 -1 -0.948105 0.00189458
 724 -1 -0.948177 0.00189332
 725 -1 -0.948248 0.00189206
 726 -1 -0.94832 0.00189079
 727 -1 -0.948391 0.00188953
 728 -1 -0.948462 0.00188826
 729 -1 -0.948532 0.00188699
 730 -1 -0.948603 0.00188573
 731 -1 -0.948673 0.00188446
 732 -1 -0.948743 0.00188319
 733 -1 -0.948813 0.00188191
 734 -1 -0.948883 0.00188064
 735 -1 -0.948952 0.00187937
 736 -1 -0.949022 0.00187809
 737 -1 -0.949091 0.00187682
 738 -1 -0.94916 0.00187554
 739 -1 -0.949229 0.00187427
 740 -1 -0.949297 0.00187299
 741 -1 -0.949366 0.00187171
 742 -1 -0.949434 0.00187043
 743 -1 -0.949502 0.00186915
 744 -1 -0.94957 0.00186787
 745 -1 -0.949638 0.00186659
 746 -1 -0.949705 0.00186531
 747 -1 -0.949772 0.00186403
 748 -1 -0.94984 0.00186274
 749 -1 -0.949907 0.00186146
 750 -1 -0.949973 0.00186018
 751 -1 -0.95004 0.00185889
 752 -1 -0.950106 0.00185761
 753 -1 -0.950173 0.00185632
 754 -1 -0.950239 0.00185504
 755 -1 -0.950305 0.00185375
 756 -1 -0.95037 0.00185246
 757 -1 -0.950436 0.00185117
 758 -1 -0.950501 0.00184989
 759 -0.92 -0.950461 0.00184788
 760 -0.92 -0.950421 0.00184589
 761 -0.92 -0.950381 0.00184389
 762 -0.92 -0.950341 0.0018419
 763 -0.92 -0.950301 0.00183992
 764 -0.92 -0.950262 0.00183794
 765 -0.92 -0.950222 0.00183596
 766 -0.92 -0.950183 0.00183398
 767 -0.92 -0.950143 0.00183201
 768 -0.92 -0.950104 0.00183005
 769 -0.92 -0.950065 0.00182809
 770 -1 -0.95013 0.00182686
 771 -1 -0.950195 0.00182564
 772 -1 -0.950259 0.00182441
 773 -1 -0.950323 0.00182319
 774 -1 -0.950388 0.00182196
 775 -1 -0.950452 0.00182073
 776 -1 -0.950515 0.0018195
 777 -1 -0.950579 0.00181828
 778 -1 -0.950643 0.00181705
 779 -1 -0.950706 0.00181582
 780 -1 -0.950769 0.00181459
 781 -1 -0.950832 0.00181336
 782 -1 -0.950895 0.00181213
 783 -1 -0.950958 0.0018109
 784 -0.92 -0.950918 0.00180902
 785 -0.92 -0.950879 0.00180715
 786 -0.92 -0.95084 0.00180527
 787 -0.92 -0.950801 0.00180341
 788 -0.92 -0.950761 0.00180154
 789 -0.92 -0.950722 0.00179968
 790 -0.92 -0.950684 0.00179782
 791 -0.92 -0.950645 0.00179596
 792 -0.84 -0.950505 0.00179913
 793 -0.84 -0.950366 0.00180225
 794 -0.92 -0.950327 0.00180039
 795 -0.92 -0.950289 0.00179852
 796 -0.92 -0.950251 0.00179667
 797 -0.92 -0.950213 0.00179481
 798 -0.92 -0.950175 0.00179296
 799 -0.92 -0.950138 0.00179111
 800 -0.92 -0.9501 0.00178927
 801 -0.92 -0.950062 0.00178743
 802 -0.92 -0.950025 0.00178559
 803 -0.92 -0.949988 0.00178376
 804 -0.92 -0.94995 0.00178193
 805 -0.92 -0.949913 0.00178011
 806 -0.92 -0.949876 0.00177828
 807 -0.92 -0.949839 0.00177646
 808 -0.92 -0.949802 0.00177465
 809 -0.92 -0.949765 0.00177284
 810 -0.92 -0.949728 0.00177103
 811 -0.92 -0.949692 0.00176922
 812 -0.92 -0.949655 0.00176742
 813 -0.92 -0.949619 0.00176562
 814 -0.92 -0.949582 0.00176383
 815 -0.92 -0.949546 0.00176203
 816 -0.92 -0.94951 0.00176025
 817 -0.92 -0.949474 0.00175846
 818 -0.92 -0.949438 0.00175668
 819 -0.92 -0.949402 0.0017549
 820 -0.92 -0.949366 0.00175313
 821 -0.92 -0.94933 0.00175136
 822 -0.92 -0.949294 0.00174959
 823 -0.92 -0.949259 0.00174782
 824 -0.92 -0.949223 0.00174606
 825 -0.92 -0.949188 0.0017443
 826 -0.92 -0.949153 0.00174255
 827 -0.92 -0.949117 0.0017408
 828 -0.92 -0.949082 0.00173905
 829 -0.92 -0.949047 0.0017373
 830 -0.92 -0.949012 0.00173556
 831 -0.92 -0.948977 0.00173382
 832 -0.92 -0.948942 0.00173209
 833 -0.92 -0.948908 0.00173036
 834 -0.92 -0.948873 0.00172863
 835 -0.92 -0.948838 0.0017269
 836 -0.92 -0.948804 0.00172518
 837 -0.92 -0.948769 0.00172346
 838 -0.92 -0.948735 0.00172175
 839 -0.92 -0.948701 0.00172004
 840 -0.92 -0.948667 0.00171833
 841 -0.92 -0.948633 0.00171662
 842 -0.92 -0.948599 0.00171492
 843 -0.92 -0.948565 0.00171322
 844 -0.92 -0.948531 0.00171152
 845 -0.92 -0.948497 0.00170983
 846 -0.92 -0.948463 0.00170814
 847 -0.92 -0.94843 0.00170645
 848 -0.92 -0.948396 0.00170477
 849 -0.84 -0.948269 0.00170754
 850 -0.92 -0.948235 0.00170585
 851 -0.92 -0.948202 0.00170417
 852 -0.92 -0.948169 0.00170249
 853 -0.92 -0.948136 0.00170081
 854 -0.92 -0.948103 0.00169914
 855 -0.92 -0.94807 0.00169747
 856 -0.92 -0.948037 0.0016958
 857 -0.92 -0.948005 0.00169414
 858 -0.92 -0.947972 0.00169248
 859 -0.92 -0.947939 0.00169082
 860 -0.92 -0.947907 0.00168917
 861 -0.92 -0.947875 0.00168751
 862 -0.92 -0.947842 0.00168587
 863 -0.92 -0.94781 0.00168422
 864 -0.92 -0.947778 0.00168258
 865 -0.92 -0.947746 0.00168094
 866 -0.92 -0.947714 0.0016793
 867 -0.92 -0.947682 0.00167767
 868 -0.92 -0.94765 0.00167604
 869 -0.92 -0.947618 0.00167441
 870 -0.92 -0.947586 0.00167279
 871 -0.92 -0.947555 0.00167116
 872 -0.84 -0.947431 0.0016738
 873 -0.92 -0.9474 0.00167217
 874 -0.92 -0.947368 0.00167055
 875 -0.84 -0.947246 0.00167315
 876 -0.84 -0.947123 0.00167572
 877 -0.84 -0.947001 0.00167826
 878 -0.84 -0.946879 0.00168077
 879 -0.84 -0.946758 0.00168325
 880 -0.92 -0.946727 0.00168161
 881 -0.92 -0.946697 0.00167998
 882 -0.92 -0.946667 0.00167834
 883 -0.84 -0.946546 0.00168079
 884 -0.92 -0.946516 0.00167915
 885 -0.92 -0.946486 0.00167752
 886 -0.92 -0.946456 0.0016759
 887 -0.92 -0.946426 0.00167427
 888 -0.92 -0.946396 0.00167265
 889 -0.92 -0.946367 0.00167103
 890 -0.92 -0.946337 0.00166941
 891 -0.92 -0.946308 0.0016678
 892 -0.92 -0.946278 0.00166619
 893 -0.92 -0.946249 0.00166459
 894 -0.92 -0.946219 0.00166298
 895 -0.92 -0.94619 0.00166138
 896 -0.92 -0.946161 0.00165978
 897 -0.92 -0.946132 0.00165819
 898 -0.92 -0.946102 0.0016566
 899 -0.92 -0.946073 0.00165501
 900 -0.92 -0.946044 0.00165342
 901 -0.92 -0.946016 0.00165184
 902 -0.92 -0.945987 0.00165026
 903 -0.92 -0.945958 0.00164868
 904 -0.92 -0.945929 0.00164711
 905 -0.92 -0.945901 0.00164553
 906 -0.92 -0.945872 0.00164397
 907 -0.92 -0.945843 0.0016424
 908 -0.92 -0.945815 0.00164084
 909 -0.92 -0.945787 0.00163928
 910 -0.92 -0.945758 0.00163772
 911 -0.92 -0.94573 0.00163617
 912 -0.92 -0.945702 0.00163461
 913 -0.92 -0.945674 0.00163306
 914 -0.92 -0.945646 0.00163152
 915 -0.92 -0.945617 0.00162998
 916 -0.92 -0.94559 0.00162844
 917 -0.92 -0.945562 0.0016269
 918 -0.92 -0.945534 0.00162536
 919 -0.92 -0.945506 0.00162383
 920 -0.92 -0.945478 0.0016223
 921 -0.92 -0.945451 0.00162078
 922 -0.92 -0.945423 0.00161925
 923 -0.92 -0.945395 0.00161773
 924 -0.92 -0.945368 0.00161621
 925 -0.92 -0.945341 0.0016147
 926 -0.84 -0.945227 0.00161696
 927 -0.84 -0.945113 0.0016192
 928 -0.92 -0.945086 0.00161768
 929 -1 -0.945145 0.00161702
 930 -1 -0.945204 0.00161636
 931 -1 -0.945263 0.00161569
 932 -1 -0.945322 0.00161502
 933 -1 -0.94538 0.00161436
 934 -1 -0.945439 0.00161369
 935 -1 -0.945497 0.00161302
 936 -1 -0.945556 0.00161234
 937 -1 -0.945614 0.00161167
 938 -1 -0.945672 0.00161099
 939 -1 -0.945729 0.00161032
 940 -1 -0.945787 0.00160964
 941 -1 -0.945845 0.00160896
 942 -1 -0.945902 0.00160828
 943 -1 -0.94596 0.0016076
 944 -1 -0.946017 0.00160691
 945 -1 -0.946074 0.00160623
 946 -1 -0.946131 0.00160554
 947 -1 -0.946188 0.00160485
 948 -1 -0.946245 0.00160416
 949 -1 -0.946301 0.00160347
 950 -1 -0.946358 0.00160278
 951 -1 -0.946414 0.00160209
 952 -1 -0.946471 0.00160139
 953 -1 -0.946527 0.0016007
 954 -1 -0.946583 0.0016
 955 -1 -0.946639 0.0015993
 956 -0.92 -0.946611 0.00159787
 957 -0.92 -0.946583 0.00159644
 958 -0.92 -0.946555 0.00159502
 959 -1 -0.946611 0.00159433
 960 -1 -0.946667 0.00159364
 961 -1 -0.946722 0.00159295
 962 -1 -0.946778 0.00159225
 963 -1 -0.946833 0.00159156
 964 -1 -0.946888 0.00159086
 965 -1 -0.946943 0.00159017
 966 -1 -0.946998 0.00158947
 967 -1 -0.947053 0.00158877
 968 -1 -0.947107 0.00158807
 969 -1 -0.947162 0.00158737
 970 -1 -0.947216 0.00158667
 971 -1 -0.947271 0.00158596
 972 -1 -0.947325 0.00158526
 973 -1 -0.947379 0.00158455
 974 -1 -0.947433 0.00158385
 975 -1 -0.947487 0.00158314
 976 -0.92 -0.947459 0.00158177
 977 -1 -0.947513 0.00158106
 978 -1 -0.947566 0.00158036
 979 -1 -0.94762 0.00157965
 980 -1 -0.947673 0.00157894
 981 -1 -0.947727 0.00157824
 982 -1 -0.94778 0.00157753
 983 -1 -0.947833 0.00157682
 984 -1 -0.947886 0.0015761
 985 -1 -0.947939 0.00157539
 986 -1 -0.947992 0.00157468
 987 -0.92 -0.947964 0.00157334
 988 -0.92 -0.947935 0.001572
 989 -0.84 -0.947826 0.0015742
 990 -0.84 -0.947717 0.00157637
 991 -0.84 -0.947608 0.00157853
 992 -0.84 -0.9475 0.00158066
 993 -0.84 -0.947392 0.00158278
 994 -0.92 -0.947364 0.00158142
 995 -0.92 -0.947337 0.00158007
 996 -0.92 -0.947309 0.00157872
 997 -0.92 -0.947282 0.00157738
 998 -0.92 -0.947255 0.00157603
 999 -0.92 -0.947227 0.00157469
 1000 -0.92 -0.9472 0.00157335
 1001 -0.92 -0.947173 0.00157201
 1002 -0.92 -0.947146 0.00157068
 1003 -0.92 -0.947119 0.00156935
 1004 -0.92 -0.947092 0.00156801
 1005 -0.92 -0.947065 0.00156668
 1006 -0.92 -0.947038 0.00156536
 1007 -0.84 -0.946931 0.00156741
 1008 -0.84 -0.946825 0.00156944
 1009 -0.84 -0.94672 0.00157146
 1010 -0.84 -0.946614 0.00157345
 1011 -0.84 -0.946508 0.00157543
 1012 -0.84 -0.946403 0.00157739
 1013 -0.92 -0.946377 0.00157605
 1014 -0.92 -0.946351 0.00157471
 1015 -0.92 -0.946325 0.00157337
 1016 -0.92 -0.946299 0.00157203
 1017 -0.92 -0.946273 0.0015707
 1018 -0.92 -0.946248 0.00156937
 1019 -0.92 -0.946222 0.00156804
 1020 -0.92 -0.946196 0.00156671
 1021 -0.92 -0.94617 0.00156538
 1022 -0.84 -0.946067 0.0015673
 1023 -0.84 -0.945963 0.0015692
 1024 -0.76 -0.945781 0.00157815
 1025 -0.84 -0.945678 0.00157998
 1026 -0.84 -0.945575 0.0015818
 1027 -0.84 -0.945472 0.0015836
 1028 -0.84 -0.94537 0.00158538
 1029 -0.84 -0.945267 0.00158714
 1030 -0.92 -0.945243 0.00158579
 1031 -0.92 -0.945218 0.00158444
 1032 -0.92 -0.945194 0.00158309
 1033 -0.92 -0.945169 0.00158175
 1034 -0.84 -0.945068 0.00158349
 1035 -0.84 -0.944966 0.00158521
 1036 -0.84 -0.944865 0.00158692
 1037 -0.84 -0.944764 0.00158861
 1038 -0.84 -0.944663 0.00159028
 1039 -0.84 -0.944562 0.00159194
 1040 -0.84 -0.944462 0.00159359
 1041 -0.92 -0.944438 0.00159223
 1042 -0.92 -0.944415 0.00159087
 1043 -0.92 -0.944391 0.00158952
 1044 -0.92 -0.944368 0.00158817
 1045 -0.92 -0.944344 0.00158682
 1046 -0.92 -0.944321 0.00158547
 1047 -0.92 -0.944298 0.00158413
 1048 -0.92 -0.944275 0.00158278
 1049 -0.92 -0.944252 0.00158144
 1050 -0.92 -0.944229 0.0015801
 1051 -0.92 -0.944206 0.00157877
 1052 -0.84 -0.944106 0.00158038
 1053 -0.92 -0.944084 0.00157904
 1054 -0.92 -0.944061 0.00157771
 1055 -0.92 -0.944038 0.00157637
 1056 -0.92 -0.944015 0.00157505
 1057 -0.92 -0.943992 0.00157372
 1058 -0.92 -0.94397 0.00157239
 1059 -0.92 -0.943947 0.00157107
 1060 -0.92 -0.943925 0.00156975
 1061 -0.92 -0.943902 0.00156843
 1062 -0.92 -0.943879 0.00156712
 1063 -0.92 -0.943857 0.0015658
 1064 -0.92 -0.943835 0.00156449
 1065 -0.92 -0.943812 0.00156318
 1066 -0.92 -0.94379 0.00156188
 1067 -0.84 -0.943693 0.00156344
 1068 -0.92 -0.94367 0.00156213
 1069 -0.92 -0.943648 0.00156083
 1070 -0.92 -0.943626 0.00155953
 1071 -0.92 -0.943604 0.00155822
 1072 -0.92 -0.943582 0.00155693
 1073 -0.92 -0.94356 0.00155563
 1074 -0.92 -0.943538 0.00155434
 1075 -0.92 -0.943516 0.00155304
 1076 -0.92 -0.943494 0.00155175
 1077 -0.92 -0.943473 0.00155046
 1078 -0.84 -0.943377 0.001552
 1079 -0.92 -0.943355 0.00155071
 1080 -1 -0.943407 0.00155016
 1081 -0.92 -0.943386 0.00154888
 1082 -0.92 -0.943364 0.0015476
 1083 -0.92 -0.943343 0.00154632
 1084 -0.92 -0.943321 0.00154504
 1085 -0.92 -0.9433 0.00154376
 1086 -1 -0.943352 0.00154323
 1087 -1 -0.943404 0.00154269
 1088 -1 -0.943456 0.00154215
 1089 -1 -0.943508 0.0015416
 1090 -1 -0.94356 0.00154106
 1091 -1 -0.943611 0.00154052
 1092 -1 -0.943663 0.00153997
 1093 -1 -0.943715 0.00153942
 1094 -1 -0.943766 0.00153888
 1095 -1 -0.943817 0.00153833
 1096 -1 -0.943869 0.00153778
 1097 -1 -0.94392 0.00153723
 1098 -1 -0.943971 0.00153668
 1099 -1 -0.944022 0.00153612
 1100 -1 -0.944073 0.00153557
 1101 -1 -0.944124 0.00153501
 1102 -1 -0.944174 0.00153446
 1103 -1 -0.944225 0.0015339
 1104 -1 -0.944275 0.00153335
 1105 -1 -0.944326 0.00153279
 1106 -1 -0.944376 0.00153223
 1107 -1 -0.944426 0.00153167
 1108 -1 -0.944477 0.00153111
 1109 -1 -0.944527 0.00153054
 1110 -1 -0.944577 0.00152998
 1111 -1 -0.944626 0.00152942
 1112 -1 -0.944676 0.00152885
 1113 -1 -0.944726 0.00152829
 1114 -1 -0.944776 0.00152772
 1115 -1 -0.944825 0.00152715
 1116 -1 -0.944875 0.00152658
 1117 -1 -0.944924 0.00152601
 1118 -1 -0.944973 0.00152544
 1119 -0.92 -0.944951 0.00152424
 1120 -0.92 -0.944929 0.00152305
 1121 -0.92 -0.944906 0.00152185
 1122 -0.92 -0.944884 0.00152065
 1123 -0.92 -0.944862 0.00151946
 1124 -0.92 -0.94484 0.00151827
 1125 -0.92 -0.944818 0.00151708
 1126 -0.92 -0.944796 0.00151589
 1127 -0.92 -0.944774 0.00151471
 1128 -0.92 -0.944752 0.00151352
 1129 -0.92 -0.94473 0.00151234
 1130 -0.92 -0.944708 0.00151116
 1131 -0.92 -0.944686 0.00150998
 1132 -0.92 -0.944664 0.0015088
 1133 -0.92 -0.944643 0.00150763
 1134 -0.92 -0.944621 0.00150646
 1135 -0.92 -0.944599 0.00150528
 1136 -0.92 -0.944577 0.00150411
 1137 -0.92 -0.944556 0.00150295
 1138 -0.92 -0.944534 0.00150178
 1139 -0.92 -0.944513 0.00150062
 1140 -0.92 -0.944491 0.00149945
 1141 -0.92 -0.94447 0.00149829
 1142 -0.92 -0.944448 0.00149713
 1143 -0.92 -0.944427 0.00149598
 1144 -0.92 -0.944406 0.00149482
 1145 -0.92 -0.944384 0.00149367
 1146 -0.92 -0.944363 0.00149251
 1147 -0.92 -0.944342 0.00149136
 1148 -0.92 -0.944321 0.00149021
 1149 -0.92 -0.944299 0.00148907
 1150 -0.92 -0.944278 0.00148792
 1151 -0.92 -0.944257 0.00148678
 1152 -0.92 -0.944236 0.00148564
 1153 -0.92 -0.944215 0.0014845
 1154 -0.92 -0.944194 0.00148336
 1155 -0.92 -0.944173 0.00148222
 1156 -1 -0.944221 0.00148172
 1157 -1 -0.94427 0.00148123
 1158 -1 -0.944318 0.00148073
 1159 -1 -0.944366 0.00148023
 1160 -1 -0.944414 0.00147973
 1161 -1 -0.944462 0.00147923
 1162 -0.92 -0.944441 0.00147811
 1163 -0.92 -0.94442 0.00147699
 1164 -0.92 -0.944399 0.00147587
 1165 -0.92 -0.944378 0.00147475
 1166 -1 -0.944425 0.00147426
 1167 -1 -0.944473 0.00147376
 1168 -1 -0.944521 0.00147327
 1169 -1 -0.944568 0.00147277
 1170 -1 -0.944615 0.00147227
 1171 -1 -0.944663 0.00147178
 1172 -1 -0.94471 0.00147128
 1173 -1 -0.944757 0.00147078
 1174 -1 -0.944804 0.00147028
 1175 -1 -0.944851 0.00146978
 1176 -1 -0.944898 0.00146928
 1177 -1 -0.944945 0.00146877
 1178 -1 -0.944992 0.00146827
 1179 -1 -0.945038 0.00146777
 1180 -1 -0.945085 0.00146726
 1181 -1 -0.945131 0.00146675
 1182 -1 -0.945178 0.00146625
 1183 -1 -0.945224 0.00146574
 1184 -1 -0.94527 0.00146523
 1185 -1 -0.945316 0.00146472
 1186 -1 -0.945363 0.00146421
 1187 -1 -0.945409 0.0014637
 1188 -1 -0.945455 0.00146319
 1189 -1 -0.9455 0.00146268
 1190 -1 -0.945546 0.00146217
 1191 -0.92 -0.945525 0.0014611
 1192 -0.92 -0.945503 0.00146003
 1193 -0.92 -0.945482 0.00145896
 1194 -0.84 -0.945394 0.00146041
 1195 -0.84 -0.945305 0.00146185
 1196 -1 -0.945351 0.00146135
 1197 -1 -0.945397 0.00146084
 1198 -1 -0.945442 0.00146033
 1199 -1 -0.945488 0.00145982
 1200 -1 -0.945533 0.00145931
 1201 -1 -0.945579 0.0014588
 1202 -1 -0.945624 0.00145829
 1203 -1 -0.945669 0.00145778
 1204 -1 -0.945714 0.00145727
 1205 -1 -0.945759 0.00145675
 1206 -1 -0.945804 0.00145624
 1207 -1 -0.945849 0.00145573
 1208 -1 -0.945894 0.00145521
 1209 -1 -0.945939 0.00145469
 1210 -1 -0.945983 0.00145418
 1211 -1 -0.946028 0.00145366
 1212 -1 -0.946073 0.00145314
 1213 -1 -0.946117 0.00145263
 1214 -1 -0.946161 0.00145211
 1215 -1 -0.946206 0.00145159
 1216 -1 -0.94625 0.00145107
 1217 -1 -0.946294 0.00145055
 1218 -1 -0.946338 0.00145003
 1219 -1 -0.946382 0.00144951
 1220 -1 -0.946426 0.00144898
 1221 -1 -0.94647 0.00144846
 1222 -1 -0.946514 0.00144794
 1223 -1 -0.946558 0.00144742
 1224 -1 -0.946601 0.00144689
 1225 -1 -0.946645 0.00144637
 1226 -1 -0.946688 0.00144584
 1227 -1 -0.946732 0.00144532
 1228 -1 -0.946775 0.00144479
 1229 -1 -0.946819 0.00144426
 1230 -1 -0.946862 0.00144374
 1231 -1 -0.946905 0.00144321
 1232 -1 -0.946948 0.00144268
 1233 -1 -0.946991 0.00144215
 1234 -1 -0.947034 0.00144162
 1235 -1 -0.947077 0.00144109
 1236 -1 -0.94712 0.00144056
 1237 -1 -0.947162 0.00144003
 1238 -1 -0.947205 0.0014395
 1239 -1 -0.947248 0.00143897
 1240 -1 -0.94729 0.00143844
 1241 -1 -0.947333 0.00143791
 1242 -0.92 -0.947311 0.00143692
 1243 -0.92 -0.947289 0.00143593
 1244 -1 -0.947331 0.0014354
 1245 -1 -0.947373 0.00143487
 1246 -1 -0.947416 0.00143434
 1247 -1 -0.947458 0.00143381
 1248 -1 -0.9475 0.00143328
 1249 -1 -0.947542 0.00143275
 1250 -1 -0.947584 0.00143222
 1251 -1 -0.947626 0.00143168
 1252 -1 -0.947668 0.00143115
 1253 -1 -0.947709 0.00143062
 1254 -1 -0.947751 0.00143009
 1255 -1 -0.947793 0.00142955
 1256 -1 -0.947834 0.00142902
 1257 -1 -0.947876 0.00142848
 1258 -1 -0.947917 0.00142795
 1259 -1 -0.947959 0.00142741
 1260 -1 -0.948 0.00142688
 1261 -1 -0.948041 0.00142634
 1262 -1 -0.948082 0.00142581
 1263 -1 -0.948124 0.00142527
 1264 -1 -0.948165 0.00142473
 1265 -1 -0.948206 0.0014242
 1266 -1 -0.948246 0.00142366
 1267 -1 -0.948287 0.00142312
 1268 -1 -0.948328 0.00142258
 1269 -1 -0.948369 0.00142204
 1270 -1 -0.948409 0.00142151
 1271 -1 -0.94845 0.00142097
 1272 -1 -0.948491 0.00142043
 1273 -1 -0.948531 0.00141989
 1274 -1 -0.948571 0.00141935
 1275 -1 -0.948612 0.00141881
 1276 -1 -0.948652 0.00141827
 1277 -1 -0.948692 0.00141773
 1278 -1 -0.948732 0.00141719
 1279 -1 -0.948772 0.00141664
 1280 -1 -0.948812 0.0014161
 1281 -1 -0.948852 0.00141556
 1282 -1 -0.948892 0.00141502
 1283 -1 -0.948932 0.00141448
 1284 -1 -0.948972 0.00141393
 1285 -1 -0.949012 0.00141339
 1286 -1 -0.949051 0.00141285
 1287 -1 -0.949091 0.00141231
 1288 -1 -0.94913 0.00141176
 1289 -1 -0.94917 0.00141122
 1290 -1 -0.949209 0.00141067
 1291 -1 -0.949249 0.00141013
 1292 -1 -0.949288 0.00140959
 1293 -1 -0.949327 0.00140904
 1294 -1 -0.949366 0.0014085
 1295 -1 -0.949405 0.00140795
 1296 -1 -0.949444 0.00140741
 1297 -1 -0.949483 0.00140686
 1298 -1 -0.949522 0.00140631
 1299 -1 -0.949561 0.00140577
 1300 -1 -0.9496 0.00140522
 1301 -1 -0.949639 0.00140468
 1302 -1 -0.949677 0.00140413
 1303 -1 -0.949716 0.00140358
 1304 -1 -0.949755 0.00140304
 1305 -1 -0.949793 0.00140249
 1306 -1 -0.949832 0.00140194
 1307 -1 -0.94987 0.0014014
 1308 -1 -0.949908 0.00140085
 1309 -1 -0.949947 0.0014003
 1310 -1 -0.949985 0.00139975
 1311 -1 -0.950023 0.0013992
 1312 -1 -0.950061 0.00139866
 1313 -1 -0.950099 0.00139811
 1314 -1 -0.950137 0.00139756
 1315 -1 -0.950175 0.00139701
 1316 -1 -0.950213 0.00139646
 1317 -1 -0.950251 0.00139591
 1318 -1 -0.950288 0.00139537
 1319 -1 -0.950326 0.00139482
 1320 -1 -0.950364 0.00139427
 1321 -1 -0.950401 0.00139372
 1322 -1 -0.950439 0.00139317
 1323 -1 -0.950476 0.00139262
 1324 -0.92 -0.950453 0.00139176
 1325 -0.92 -0.95043 0.0013909
 1326 -0.92 -0.950407 0.00139004
 1327 -1 -0.950445 0.00138949
 1328 -1 -0.950482 0.00138895
 1329 -1 -0.950519 0.0013884
 1330 -1 -0.950556 0.00138785
 1331 -1 -0.950594 0.00138731
 1332 -1 -0.950631 0.00138676
 1333 -1 -0.950668 0.00138622
 1334 -1 -0.950705 0.00138567
 1335 -1 -0.950742 0.00138513
 1336 -1 -0.950778 0.00138458
 1337 -1 -0.950815 0.00138403
 1338 -1 -0.950852 0.00138349
 1339 -1 -0.950889 0.00138294
 1340 -1 -0.950925 0.00138239
 1341 -1 -0.950962 0.00138185
 1342 -1 -0.950999 0.0013813
 1343 -1 -0.951035 0.00138075
 1344 -1 -0.951071 0.00138021
 1345 -0.92 -0.951048 0.00137937
 1346 -0.92 -0.951025 0.00137854
 1347 -0.92 -0.951002 0.00137771
 1348 -0.92 -0.950979 0.00137688
 1349 -0.92 -0.950956 0.00137605
 1350 -1 -0.950993 0.00137551
 1351 -1 -0.951029 0.00137497
 1352 -1 -0.951065 0.00137443
 1353 -1 -0.951101 0.00137389
 1354 -1 -0.951137 0.00137335
 1355 -1 -0.951173 0.00137281
 1356 -1 -0.951209 0.00137227
 1357 -1 -0.951245 0.00137173
 1358 -1 -0.951281 0.00137119
 1359 -1 -0.951317 0.00137065
 1360 -1 -0.951353 0.00137011
 1361 -1 -0.951389 0.00136957
 1362 -1 -0.951424 0.00136903
 1363 -1 -0.95146 0.00136849
 1364 -1 -0.951496 0.00136795
 1365 -1 -0.951531 0.00136741
 1366 -1 -0.951567 0.00136686
 1367 -1 -0.951602 0.00136632
 1368 -1 -0.951637 0.00136578
 1369 -1 -0.951673 0.00136524
 1370 -1 -0.951708 0.0013647
 1371 -1 -0.951743 0.00136416
 1372 -1 -0.951778 0.00136362
 1373 -1 -0.951814 0.00136308
 1374 -1 -0.951849 0.00136254
 1375 -1 -0.951884 0.001362
 1376 -0.92 -0.95186 0.0013612
 1377 -1 -0.951895 0.00136066
 1378 -1 -0.95193 0.00136012
 1379 -1 -0.951965 0.00135958
 1380 -1 -0.952 0.00135904
 1381 -1 -0.952035 0.0013585
 1382 -1 -0.952069 0.00135796
 1383 -1 -0.952104 0.00135742
 1384 -1 -0.952139 0.00135689
 1385 -1 -0.952173 0.00135635
 1386 -1 -0.952208 0.00135581
 1387 -1 -0.952242 0.00135527
 1388 -1 -0.952277 0.00135473
 1389 -1 -0.952311 0.00135419
 1390 -1 -0.952345 0.00135365
 1391 -1 -0.95238 0.00135311
 1392 -1 -0.952414 0.00135257
 1393 -1 -0.952448 0.00135203
 1394 -1 -0.952482 0.00135149
 1395 -1 -0.952516 0.00135095
 1396 -1 -0.95255 0.00135041
 1397 -1 -0.952584 0.00134987
 1398 -1 -0.952618 0.00134933
 1399 -1 -0.952652 0.00134879
 1400 -1 -0.952686 0.00134825
 1401 -1 -0.952719 0.00134771
 1402 -1 -0.952753 0.00134717
 1403 -1 -0.952787 0.00134663
 1404 -1 -0.952821 0.00134609
 1405 -1 -0.952854 0.00134555
 1406 -1 -0.952888 0.00134501
 1407 -1 -0.952921 0.00134447
 1408 -1 -0.952955 0.00134394
 1409 -1 -0.952988 0.0013434
 1410 -1 -0.953021 0.00134286
 1411 -1 -0.953055 0.00134232
 1412 -0.84 -0.952975 0.00134375
 1413 -0.92 -0.952951 0.00134301
 1414 -0.92 -0.952928 0.00134226
 1415 -0.92 -0.952905 0.00134151
 1416 -0.92 -0.952881 0.00134076
 1417 -0.92 -0.952858 0.00134002
 1418 -0.92 -0.952835 0.00133927
 1419 -1 -0.952868 0.00133874
 1420 -1 -0.952901 0.00133821
 1421 -1 -0.952935 0.00133768
 1422 -0.92 -0.952911 0.00133694
 1423 -0.92 -0.952888 0.0013362
 1424 -1 -0.952921 0.00133567
 1425 -1 -0.952954 0.00133514
 1426 -1 -0.952987 0.00133461
 1427 -1 -0.95302 0.00133408
 1428 -1 -0.953053 0.00133356
 1429 -1 -0.953086 0.00133303
 1430 -1 -0.953119 0.0013325
 1431 -1 -0.953152 0.00133197
 1432 -1 -0.953184 0.00133144
 1433 -1 -0.953217 0.00133091
 1434 -1 -0.95325 0.00133039
 1435 -1 -0.953282 0.00132986
 1436 -1 -0.953315 0.00132933
 1437 -1 -0.953347 0.0013288
 1438 -1 -0.95338 0.00132827
 1439 -1 -0.953412 0.00132774
 1440 -1 -0.953444 0.00132722
 1441 -1 -0.953477 0.00132669
 1442 -1 -0.953509 0.00132616
 1443 -1 -0.953541 0.00132563
 1444 -1 -0.953573 0.0013251
 1445 -1 -0.953606 0.00132458
 1446 -1 -0.953638 0.00132405
 1447 -1 -0.95367 0.00132352
 1448 -1 -0.953702 0.00132299
 1449 -0.92 -0.953678 0.00132229
 1450 -0.92 -0.953655 0.00132158
 1451 -0.92 -0.953632 0.00132087
 1452 -1 -0.953664 0.00132035
 1453 -1 -0.953696 0.00131982
 1454 -1 -0.953728 0.0013193
 1455 -1 -0.953759 0.00131878
 1456 -1 -0.953791 0.00131825
 1457 -1 -0.953823 0.00131773
 1458 -1 -0.953855 0.00131721
 1459 -1 -0.953886 0.00131668
 1460 -1 -0.953918 0.00131616
 1461 -1 -0.953949 0.00131564
 1462 -1 -0.953981 0.00131511
 1463 -1 -0.954012 0.00131459
 1464 -1 -0.954044 0.00131407
 1465 -1 -0.954075 0.00131355
 1466 -1 -0.954106 0.00131302
 1467 -1 -0.954138 0.0013125
 1468 -1 -0.954169 0.00131198
 1469 -1 -0.9542 0.00131146
 1470 -1 -0.954231 0.00131093
 1471 -1 -0.954262 0.00131041
 1472 -1 -0.954293 0.00130989
 1473 -1 -0.954325 0.00130937
 1474 -1 -0.954355 0.00130885
 1475 -1 -0.954386 0.00130832
 1476 -1 -0.954417 0.0013078
 1477 -1 -0.954448 0.00130728
 1478 -0.92 -0.954425 0.0013066
 1479 -0.92 -0.954402 0.00130593
 1480 -0.92 -0.954378 0.00130525
 1481 -0.84 -0.954301 0.00130666
 1482 -0.92 -0.954278 0.00130598
 1483 -0.92 -0.954255 0.0013053
 1484 -0.92 -0.954232 0.00130463
 1485 -1 -0.954263 0.00130411
 1486 -1 -0.954293 0.0013036
 1487 -1 -0.954324 0.00130308
 1488 -1 -0.954355 0.00130257
 1489 -1 -0.954385 0.00130205
 1490 -1 -0.954416 0.00130154
 1491 -1 -0.954447 0.00130103
 1492 -1 -0.954477 0.00130051
 1493 -1 -0.954508 0.0013
 1494 -1 -0.954538 0.00129949
 1495 -1 -0.954569 0.00129897
 1496 -1 -0.954599 0.00129846
 1497 -1 -0.954629 0.00129795
 1498 -1 -0.95466 0.00129743
 1499 -1 -0.95469 0.00129692
 1500 -1 -0.95472 0.00129641
 1501 -1 -0.95475 0.00129589
 1502 -1 -0.95478 0.00129538
 1503 -1 -0.95481 0.00129487
 1504 -1 -0.95484 0.00129436
 1505 -1 -0.95487 0.00129384
 1506 -1 -0.9549 0.00129333
 1507 -1 -0.95493 0.00129282
 1508 -1 -0.95496 0.00129231
 1509 -1 -0.95499 0.00129179
 1510 -1 -0.95502 0.00129128
 1511 -1 -0.95505 0.00129077
 1512 -1 -0.955079 0.00129026
 1513 -1 -0.955109 0.00128975
 1514 -1 -0.955139 0.00128924
 1515 -1 -0.955168 0.00128873
 1516 -1 -0.955198 0.00128822
 1517 -1 -0.955227 0.00128771
 1518 -1 -0.955257 0.00128719
 1519 -1 -0.955286 0.00128668
 1520 -1 -0.955316 0.00128617
 1521 -1 -0.955345 0.00128566
 1522 -1 -0.955375 0.00128515
 1523 -1 -0.955404 0.00128464
 1524 -1 -0.955433 0.00128413
 1525 -1 -0.955462 0.00128362
 1526 -1 -0.955491 0.00128311
 1527 -1 -0.955521 0.00128261
 1528 -1 -0.95555 0.0012821
 1529 -1 -0.955579 0.00128159
 1530 -1 -0.955608 0.00128108
 1531 -1 -0.955637 0.00128057
 1532 -1 -0.955666 0.00128006
 1533 -1 -0.955695 0.00127955
 1534 -1 -0.955724 0.00127904
 1535 -1 -0.955752 0.00127854
 1536 -1 -0.955781 0.00127803
 1537 -1 -0.95581 0.00127752
 1538 -1 -0.955839 0.00127701
 1539 -1 -0.955867 0.00127651
 1540 -1 -0.955896 0.001276
 1541 -1 -0.955925 0.00127549
 1542 -1 -0.955953 0.00127498
 1543 -1 -0.955982 0.00127448
 1544 -1 -0.95601 0.00127397
 1545 -1 -0.956039 0.00127346
 1546 -1 -0.956067 0.00127296
 1547 -1 -0.956096 0.00127245
 1548 -1 -0.956124 0.00127195
 1549 -1 -0.956152 0.00127144
 1550 -1 -0.956181 0.00127093
 1551 -1 -0.956209 0.00127043
 1552 -1 -0.956237 0.00126992
 1553 -1 -0.956265 0.00126942
 1554 -1 -0.956293 0.00126891
 1555 -1 -0.956322 0.00126841
 1556 -1 -0.95635 0.0012679
 1557 -1 -0.956378 0.0012674
 1558 -1 -0.956406 0.00126689
 1559 -0.84 -0.956331 0.00126828
 1560 -0.92 -0.956308 0.00126768
 1561 -0.92 -0.956284 0.00126708
 1562 -0.92 -0.956261 0.00126648
 1563 -0.92 -0.956238 0.00126589
 1564 -0.92 -0.956215 0.00126529
 1565 -0.92 -0.956192 0.00126469
 1566 -0.92 -0.956169 0.0012641
 1567 -0.92 -0.956146 0.0012635
 1568 -0.92 -0.956122 0.0012629
 1569 -0.92 -0.956099 0.00126231
 1570 -0.92 -0.956076 0.00126171
 1571 -0.92 -0.956053 0.00126112
 1572 -0.92 -0.956031 0.00126053
 1573 -0.84 -0.955957 0.00126188
 1574 -0.84 -0.955883 0.00126323
 1575 -0.84 -0.95581 0.00126457
 1576 -0.84 -0.955736 0.0012659
 1577 -0.84 -0.955663 0.00126723
 1578 -0.84 -0.955589 0.00126854
 1579 -0.92 -0.955567 0.00126794
 1580 -0.92 -0.955544 0.00126734
 1581 -0.92 -0.955522 0.00126673
 1582 -0.92 -0.955499 0.00126613
 1583 -0.92 -0.955477 0.00126553
 1584 -0.92 -0.955455 0.00126493
 1585 -0.92 -0.955432 0.00126433
 1586 -0.92 -0.95541 0.00126373
 1587 -0.92 -0.955388 0.00126313
 1588 -0.92 -0.955365 0.00126253
 1589 -0.92 -0.955343 0.00126193
 1590 -0.92 -0.955321 0.00126133
 1591 -1 -0.955349 0.00126085
 1592 -1 -0.955377 0.00126037
 1593 -1 -0.955405 0.00125989
 1594 -1 -0.955433 0.00125941
 1595 -1 -0.955461 0.00125893
 1596 -1 -0.955489 0.00125845
 1597 -1 -0.955517 0.00125798
 1598 -1 -0.955544 0.0012575
 1599 -1 -0.955572 0.00125702
 1600 -1 -0.9556 0.00125654
 1601 -1 -0.955628 0.00125606
 1602 -0.92 -0.955605 0.00125547
 1603 -0.92 -0.955583 0.00125488
 1604 -0.92 -0.955561 0.0012543
 1605 -0.92 -0.955539 0.00125371
 1606 -0.92 -0.955517 0.00125313
 1607 -0.92 -0.955495 0.00125254
 1608 -0.92 -0.955473 0.00125196
 1609 -0.92 -0.955451 0.00125137
 1610 -0.92 -0.955429 0.00125079
 1611 -0.84 -0.955357 0.00125206
 1612 -0.76 -0.955236 0.00125714
 1613 -0.84 -0.955164 0.00125839
 1614 -0.92 -0.955143 0.0012578
 1615 -0.92 -0.955121 0.00125721
 1616 -0.92 -0.955099 0.00125662
 1617 -0.92 -0.955077 0.00125603
 1618 -0.92 -0.955056 0.00125544
 1619 -0.92 -0.955034 0.00125485
 1620 -0.92 -0.955012 0.00125426
 1621 -0.92 -0.954991 0.00125368
 1622 -0.92 -0.954969 0.00125309
 1623 -0.92 -0.954948 0.0012525
 1624 -0.92 -0.954926 0.00125192
 1625 -0.92 -0.954905 0.00125133
 1626 -0.92 -0.954883 0.00125074
 1627 -0.84 -0.954813 0.00125197
 1628 -0.84 -0.954742 0.00125318
 1629 -0.84 -0.954672 0.00125439
 1630 -0.92 -0.95465 0.0012538
 1631 -0.92 -0.954629 0.00125322
 1632 -0.92 -0.954608 0.00125263
 1633 -0.84 -0.954538 0.00125383
 1634 -0.84 -0.954468 0.00125502
 1635 -0.84 -0.954398 0.0012562
 1636 -0.84 -0.954328 0.00125738
 1637 -0.84 -0.954258 0.00125855
 1638 -0.84 -0.954188 0.00125971
 1639 -0.92 -0.954167 0.00125912
 1640 -0.92 -0.954146 0.00125852
 1641 -0.92 -0.954126 0.00125793
 1642 -0.92 -0.954105 0.00125733
 1643 -0.92 -0.954084 0.00125674
 1644 -0.92 -0.954063 0.00125615
 1645 -0.92 -0.954043 0.00125555
 1646 -0.92 -0.954022 0.00125496
 1647 -0.92 -0.954001 0.00125437
 1648 -0.92 -0.953981 0.00125378
 1649 -0.92 -0.95396 0.00125319
 1650 -0.92 -0.953939 0.00125259
 1651 -0.92 -0.953919 0.001252
 1652 -0.92 -0.953898 0.00125141
 1653 -0.92 -0.953878 0.00125083
 1654 -0.84 -0.953809 0.00125196
 1655 -0.84 -0.95374 0.0012531
 1656 -0.84 -0.953671 0.00125422
 1657 -0.84 -0.953603 0.00125534
 1658 -0.84 -0.953534 0.00125645
 1659 -0.84 -0.953466 0.00125756
 1660 -0.92 -0.953446 0.00125696
 1661 -0.92 -0.953426 0.00125637
 1662 -0.92 -0.953406 0.00125577
 1663 -0.92 -0.953385 0.00125518
 1664 -0.92 -0.953365 0.00125458
 1665 -0.92 -0.953345 0.00125399
 1666 -1 -0.953373 0.00125355
 1667 -1 -0.953401 0.00125311
 1668 -1 -0.953429 0.00125267
 1669 -1 -0.953457 0.00125223
 1670 -1 -0.953485 0.00125179
 1671 -0.92 -0.953465 0.0012512
 1672 -0.92 -0.953445 0.00125061
 1673 -0.92 -0.953425 0.00125002
 1674 -0.92 -0.953405 0.00124944
 1675 -0.92 -0.953385 0.00124885
 1676 -0.92 -0.953365 0.00124826
 1677 -1 -0.953393 0.00124783
 1678 -1 -0.953421 0.00124739
 1679 -1 -0.953448 0.00124696
 1680 -1 -0.953476 0.00124652
 1681 -1 -0.953504 0.00124609
 1682 -1 -0.953532 0.00124566
 1683 -1 -0.953559 0.00124522
 1684 -1 -0.953587 0.00124479
 1685 -1 -0.953614 0.00124435
 1686 -1 -0.953642 0.00124392
 1687 -1 -0.953669 0.00124349
 1688 -1 -0.953697 0.00124305
 1689 -1 -0.953724 0.00124262
 1690 -1 -0.953751 0.00124218
 1691 -1 -0.953779 0.00124175
 1692 -1 -0.953806 0.00124132
 1693 -1 -0.953833 0.00124088
 1694 -1 -0.953861 0.00124045
 1695 -1 -0.953888 0.00124002
 1696 -1 -0.953915 0.00123958
 1697 -1 -0.953942 0.00123915
 1698 -1 -0.953969 0.00123872
 1699 -1 -0.953996 0.00123829
 1700 -1 -0.954024 0.00123785
 1701 -1 -0.954051 0.00123742
 1702 -1 -0.954078 0.00123699
 1703 -1 -0.954105 0.00123655
 1704 -1 -0.954131 0.00123612
 1705 -1 -0.954158 0.00123569
 1706 -1 -0.954185 0.00123526
 1707 -1 -0.954212 0.00123483
 1708 -1 -0.954239 0.00123439
 1709 -1 -0.954266 0.00123396
 1710 -1 -0.954292 0.00123353
 1711 -1 -0.954319 0.0012331
 1712 -1 -0.954346 0.00123267
 1713 -1 -0.954372 0.00123223
 1714 -1 -0.954399 0.0012318
 1715 -1 -0.954426 0.00123137
 1716 -1 -0.954452 0.00123094
 1717 -1 -0.954479 0.00123051
 1718 -1 -0.954505 0.00123008
 1719 -1 -0.954532 0.00122965
 1720 -1 -0.954558 0.00122922
 1721 -1 -0.954585 0.00122879
 1722 -1 -0.954611 0.00122836
 1723 -1 -0.954637 0.00122792
 1724 -1 -0.954664 0.00122749
 1725 -1 -0.95469 0.00122706
 1726 -1 -0.954716 0.00122663
 1727 -1 -0.954742 0.0012262
 1728 -1 -0.954769 0.00122577
 1729 -1 -0.954795 0.00122534
 1730 -1 -0.954821 0.00122491
 1731 -1 -0.954847 0.00122448
 1732 -1 -0.954873 0.00122405
 1733 -1 -0.954899 0.00122363
 1734 -1 -0.954925 0.0012232
 1735 -1 -0.954951 0.00122277
 1736 -1 -0.954977 0.00122234
 1737 -1 -0.955003 0.00122191
 1738 -1 -0.955029 0.00122148
 1739 -1 -0.955055 0.00122105
 1740 -1 -0.95508 0.00122062
 1741 -1 -0.955106 0.00122019
 1742 -1 -0.955132 0.00121977
 1743 -1 -0.955158 0.00121934
 1744 -1 -0.955183 0.00121891
 1745 -1 -0.955209 0.00121848
 1746 -1 -0.955235 0.00121805
 1747 -1 -0.95526 0.00121763
 1748 -1 -0.955286 0.0012172
 1749 -1 -0.955312 0.00121677
 1750 -1 -0.955337 0.00121634
 1751 -1 -0.955363 0.00121592
 1752 -1 -0.955388 0.00121549
 1753 -1 -0.955414 0.00121506
 1754 -1 -0.955439 0.00121463
 1755 -1 -0.955464 0.00121421
 1756 -1 -0.95549 0.00121378
 1757 -0.92 -0.95547 0.00121326
 1758 -1 -0.955495 0.00121283
 1759 -1 -0.95552 0.00121241
 1760 -1 -0.955545 0.00121198
 1761 -1 -0.955571 0.00121156
 1762 -1 -0.955596 0.00121113
 1763 -1 -0.955621 0.00121071
 1764 -1 -0.955646 0.00121028
 1765 -1 -0.955671 0.00120986
 1766 -1 -0.955696 0.00120943
 1767 -1 -0.955722 0.00120901
 1768 -1 -0.955747 0.00120858
 1769 -1 -0.955772 0.00120816
 1770 -1 -0.955797 0.00120773
 1771 -1 -0.955822 0.00120731
 1772 -1 -0.955847 0.00120689
 1773 -1 -0.955871 0.00120646
 1774 -1 -0.955896 0.00120604
 1775 -1 -0.955921 0.00120561
 1776 -1 -0.955946 0.00120519
 1777 -1 -0.955971 0.00120477
 1778 -1 -0.955996 0.00120434
 1779 -1 -0.95602 0.00120392
 1780 -1 -0.956045 0.0012035
 1781 -1 -0.95607 0.00120308
 1782 -1 -0.956094 0.00120265
 1783 -1 -0.956119 0.00120223
 1784 -1 -0.956143 0.00120181
 1785 -1 -0.956168 0.00120139
 1786 -1 -0.956193 0.00120096
 1787 -1 -0.956217 0.00120054
 1788 -1 -0.956242 0.00120012
 1789 -1 -0.956266 0.0011997
 1790 -1 -0.956291 0.00119928
 1791 -1 -0.956315 0.00119886
 1792 -1 -0.956339 0.00119843
 1793 -1 -0.956364 0.00119801
 1794 -1 -0.956388 0.00119759
 1795 -1 -0.956412 0.00119717
 1796 -1 -0.956437 0.00119675
 1797 -1 -0.956461 0.00119633
 1798 -1 -0.956485 0.00119591
 1799 -0.92 -0.956465 0.00119542
 1800 -1 -0.956489 0.001195
 1801 -1 -0.956513 0.00119458
 1802 -1 -0.956537 0.00119416
 1803 -1 -0.956561 0.00119374
 1804 -1 -0.956585 0.00119332
 1805 -1 -0.956609 0.0011929
 1806 -1 -0.956633 0.00119248
 1807 -1 -0.956657 0.00119206
 1808 -1 -0.956681 0.00119165
 1809 -1 -0.956705 0.00119123
 1810 -1 -0.956729 0.00119081
 1811 -1 -0.956753 0.00119039
 1812 -1 -0.956777 0.00118997
 1813 -1 -0.956801 0.00118956
 1814 -1 -0.956825 0.00118914
 1815 -1 -0.956848 0.00118872
 1816 -1 -0.956872 0.0011883
 1817 -1 -0.956896 0.00118789
 1818 -1 -0.95692 0.00118747
 1819 -1 -0.956943 0.00118705
 1820 -1 -0.956967 0.00118664
 1821 -1 -0.956991 0.00118622
 1822 -1 -0.957014 0.00118581
 1823 -1 -0.957038 0.00118539
 1824 -1 -0.957061 0.00118497
 1825 -1 -0.957085 0.00118456
 1826 -1 -0.957108 0.00118414
 1827 -1 -0.957132 0.00118373
 1828 -1 -0.957155 0.00118331
 1829 -1 -0.957179 0.0011829
 1830 -1 -0.957202 0.00118248
 1831 -1 -0.957226 0.00118207
 1832 -1 -0.957249 0.00118165
 1833 -1 -0.957272 0.00118124
 1834 -1 -0.957296 0.00118082
 1835 -1 -0.957319 0.00118041
 1836 -1 -0.957342 0.00117999
 1837 -1 -0.957365 0.00117958
 1838 -1 -0.957388 0.00117917
 1839 -0.92 -0.957368 0.0011787
 1840 -0.92 -0.957348 0.00117823
 1841 -0.92 -0.957328 0.00117777
 1842 -0.92 -0.957307 0.0011773
 1843 -0.92 -0.957287 0.00117684
 1844 -0.92 -0.957267 0.00117637
 1845 -0.92 -0.957247 0.00117591
 1846 -0.92 -0.957226 0.00117545
 1847 -0.92 -0.957206 0.00117498
 1848 -0.92 -0.957186 0.00117452
 1849 -0.92 -0.957166 0.00117406
 1850 -0.92 -0.957146 0.00117359
 1851 -0.92 -0.957126 0.00117313
 1852 -0.92 -0.957106 0.00117267
 1853 -0.92 -0.957086 0.00117221
 1854 -0.92 -0.957066 0.00117174
 1855 -0.92 -0.957046 0.00117128
 1856 -0.92 -0.957026 0.00117082
 1857 -0.92 -0.957006 0.00117036
 1858 -0.92 -0.956986 0.0011699
 1859 -0.92 -0.956966 0.00116944
 1860 -0.92 -0.956946 0.00116898
 1861 -0.92 -0.956926 0.00116852
 1862 -0.92 -0.956907 0.00116806
 1863 -0.92 -0.956887 0.0011676
 1864 -0.92 -0.956867 0.00116714
 1865 -0.92 -0.956847 0.00116669
 1866 -0.92 -0.956827 0.00116623
 1867 -0.92 -0.956808 0.00116577
 1868 -0.92 -0.956788 0.00116531
 1869 -0.92 -0.956768 0.00116485
 1870 -0.92 -0.956749 0.0011644
 1871 -0.84 -0.956686 0.00116545
 1872 -0.92 -0.956667 0.00116499
 1873 -0.92 -0.956647 0.00116453
 1874 -0.92 -0.956628 0.00116407
 1875 -0.92 -0.956608 0.00116362
 1876 -0.92 -0.956588 0.00116316
 1877 -0.92 -0.956569 0.0011627
 1878 -0.92 -0.95655 0.00116225
 1879 -0.92 -0.95653 0.00116179
 1880 -0.92 -0.956511 0.00116134
 1881 -0.92 -0.956491 0.00116088
 1882 -0.92 -0.956472 0.00116043
 1883 -0.92 -0.956452 0.00115997
 1884 -0.92 -0.956433 0.00115952
 1885 -0.92 -0.956414 0.00115906
 1886 -0.92 -0.956394 0.00115861
 1887 -0.92 -0.956375 0.00115815
 1888 -0.92 -0.956356 0.0011577
 1889 -0.92 -0.956337 0.00115725
 1890 -0.92 -0.956317 0.0011568
 1891 -0.92 -0.956298 0.00115634
 1892 -0.92 -0.956279 0.00115589
 1893 -0.92 -0.95626 0.00115544
 1894 -0.92 -0.956241 0.00115499
 1895 -0.92 -0.956222 0.00115454
 1896 -0.92 -0.956203 0.00115409
 1897 -0.92 -0.956183 0.00115363
 1898 -0.92 -0.956164 0.00115318
 1899 -0.92 -0.956145 0.00115273
 1900 -0.92 -0.956126 0.00115228
 1901 -0.92 -0.956107 0.00115184
 1902 -0.92 -0.956088 0.00115139
 1903 -0.92 -0.956069 0.00115094
 1904 -0.92 -0.95605 0.00115049
 1905 -0.84 -0.95599 0.0011515
 1906 -0.92 -0.955971 0.00115105
 1907 -0.92 -0.955952 0.0011506
 1908 -0.92 -0.955933 0.00115015
 1909 -0.92 -0.955914 0.0011497
 1910 -0.92 -0.955895 0.00114925
 1911 -0.92 -0.955877 0.0011488
 1912 -0.92 -0.955858 0.00114836
 1913 -0.92 -0.955839 0.00114791
 1914 -0.92 -0.95582 0.00114746
 1915 -0.92 -0.955802 0.00114702
 1916 -0.92 -0.955783 0.00114657
 1917 -0.92 -0.955764 0.00114612
 1918 -0.92 -0.955746 0.00114568
 1919 -0.92 -0.955727 0.00114523
 1920 -0.92 -0.955708 0.00114479
 1921 -0.92 -0.95569 0.00114434
 1922 -0.92 -0.955671 0.0011439
 1923 -0.92 -0.955653 0.00114345
 1924 -0.92 -0.955634 0.00114301
 1925 -0.92 -0.955616 0.00114256
 1926 -0.92 -0.955597 0.00114212
 1927 -0.92 -0.955579 0.00114168
 1928 -0.92 -0.95556 0.00114123
 1929 -0.92 -0.955542 0.00114079
 1930 -0.92 -0.955523 0.00114035
 1931 -0.92 -0.955505 0.00113991
 1932 -0.92 -0.955487 0.00113946
 1933 -0.92 -0.955468 0.00113902
 1934 -0.92 -0.95545 0.00113858
 1935 -0.92 -0.955432 0.00113814
 1936 -0.92 -0.955413 0.0011377
 1937 -0.92 -0.955395 0.00113726
 1938 -0.92 -0.955377 0.00113682
 1939 -0.92 -0.955358 0.00113638
 1940 -0.92 -0.95534 0.00113594
 1941 -0.92 -0.955322 0.0011355
 1942 -0.92 -0.955304 0.00113506
 1943 -0.92 -0.955286 0.00113462
 1944 -0.92 -0.955267 0.00113418
 1945 -0.92 -0.955249 0.00113374
 1946 -0.92 -0.955231 0.00113331
 1947 -0.92 -0.955213 0.00113287
 1948 -0.92 -0.955195 0.00113243
 1949 -0.92 -0.955177 0.00113199
 1950 -0.92 -0.955159 0.00113156
 1951 -0.92 -0.955141 0.00113112
 1952 -0.92 -0.955123 0.00113068
 1953 -0.92 -0.955105 0.00113025
 1954 -0.92 -0.955087 0.00112981
 1955 -0.92 -0.955069 0.00112938
 1956 -0.92 -0.955051 0.00112894
 1957 -0.92 -0.955033 0.00112851
 1958 -0.92 -0.955015 0.00112807
 1959 -0.92 -0.954997 0.00112764
 1960 -0.92 -0.95498 0.0011272
 1961 -0.92 -0.954962 0.00112677
 1962 -0.92 -0.954944 0.00112634
 1963 -0.92 -0.954926 0.0011259
 1964 -0.92 -0.954908 0.00112547
 1965 -0.92 -0.954891 0.00112504
 1966 -0.92 -0.954873 0.00112461
 1967 -0.92 -0.954855 0.00112417
 1968 -0.92 -0.954837 0.00112374
 1969 -0.92 -0.95482 0.00112331
 1970 -0.92 -0.954802 0.00112288
 1971 -0.92 -0.954784 0.00112245
 1972 -0.92 -0.954767 0.00112202
 1973 -0.92 -0.954749 0.00112159
 1974 -0.92 -0.954732 0.00112116
 1975 -0.92 -0.954714 0.00112073
 1976 -0.92 -0.954696 0.0011203
 1977 -0.92 -0.954679 0.00111987
 1978 -0.92 -0.954661 0.00111944
 1979 -0.92 -0.954644 0.00111901
 1980 -0.84 -0.954586 0.00111994
 1981 -0.84 -0.954528 0.00112087
 1982 -0.84 -0.95447 0.00112179
 1983 -0.84 -0.954413 0.00112271
 1984 -0.84 -0.954355 0.00112363
 1985 -0.92 -0.954338 0.0011232
 1986 -0.92 -0.95432 0.00112276
 1987 -0.92 -0.954303 0.00112233
 1988 -0.92 -0.954286 0.0011219
 1989 -0.92 -0.954268 0.00112147
 1990 -0.84 -0.954211 0.00112237
 1991 -0.92 -0.954194 0.00112194
 1992 -0.92 -0.954177 0.00112151
 1993 -0.92 -0.95416 0.00112108
 1994 -0.92 -0.954142 0.00112065
 1995 -0.92 -0.954125 0.00112021
 1996 -0.92 -0.954108 0.00111978
 1997 -0.92 -0.954091 0.00111935
 1998 -0.92 -0.954074 0.00111892
 1999 -0.92 -0.954057 0.00111849
 2000 -0.92 -0.95404 0.00111806
