 1 0 0 0
 2 0 0 0
 3 0 0 0
 4 0 0 0
 5 0 0 0
 6 0 0 0
 7 0 0 0
 8 0 0 0
 9 0 0 0
 10 0 0 0
 11 0 0 0
 12 0 0 0
 13 0 0 0
 14 0 0 0
 15 0 0 0
 16 0 0 0
 17 0 0 0
 18 0 0 0
 19 0 0 0
 20 0 0 0
 21 0 0 0
 22 0 0 0
 23 0 0 0
 24 0 0 0
 25 0 0 0
 26 0 0 0
 27 0 0 0
 28 0 0 0
 29 0 0 0
 30 0 0 0
 31 0 0 0
 32 0 0 0
 33 0 0 0
 34 0 0 0
 35 0 0 0
 36 0 0 0
 37 0 0 0
 38 0 0 0
 39 0 0 0
 40 0 0 0
 41 0 0 0
 42 0 0 0
 43 1.97373e-14 4.59007e-16 4.59007e-16
 44 0 4.48575e-16 4.48575e-16
 45 0 4.38607e-16 4.38607e-16
 46 0 4.29072e-16 4.29072e-16
 47 0 4.19943e-16 4.19943e-16
 48 0 4.11194e-16 4.11194e-16
 49 0 4.02802e-16 4.02802e-16
 50 0 3.94746e-16 3.94746e-16
 51 0 3.87006e-16 3.87006e-16
 52 0 3.79563e-16 3.79563e-16
 53 0 3.72402e-16 3.72402e-16
 54 0 3.65506e-16 3.65506e-16
 55 0 3.5886e-16 3.5886e-16
 56 0 3.52452e-16 3.52452e-16
 57 0 3.46268e-16 3.46268e-16
 58 0 3.40298e-16 3.40298e-16
 59 0 3.3453e-16 3.3453e-16
 60 0 3.28955e-16 3.28955e-16
 61 0 3.23562e-16 3.23562e-16
 62 0 3.18344e-16 3.18344e-16
 63 0 3.1329e-16 3.1329e-16
 64 0 3.08395e-16 3.08395e-16
 65 0 3.03651e-16 3.03651e-16
 66 0 2.9905e-16 2.9905e-16
 67 0 2.94587e-16 2.94587e-16
 68 0 2.90254e-16 2.90254e-16
 69 0 2.86048e-16 2.86048e-16
 70 0 2.81961e-16 2.81961e-16
 71 0 2.7799e-16 2.7799e-16
 72 0 2.74129e-16 2.74129e-16
 73 0 2.70374e-16 2.70374e-16
 74 0 2.6672e-16 2.6672e-16
 75 0 2.63164e-16 2.63164e-16
 76 0 2.59701e-16 2.59701e-16
 77 0 2.56329e-16 2.56329e-16
 78 0 2.53042e-16 2.53042e-16
 79 0 2.49839e-16 2.49839e-16
 80 0 2.46716e-16 2.46716e-16
 81 0 2.4367e-16 2.4367e-16
 82 0 2.40699e-16 2.40699e-16
 83 0 2.37799e-16 2.37799e-16
 84 0 2.34968e-16 2.34968e-16
 85 0 2.32204e-16 2.32204e-16
 86 0 2.29503e-16 2.29503e-16
 87 0 2.26865e-16 2.26865e-16
 88 0 2.24287e-16 2.24287e-16
 89 0 2.21767e-16 2.21767e-16
 90 0 2.19303e-16 2.19303e-16
 91 0 2.16893e-16 2.16893e-16
 92 0 2.14536e-16 2.14536e-16
 93 0 2.12229e-16 2.12229e-16
 94 0 2.09971e-16 2.09971e-16
 95 0 2.07761e-16 2.07761e-16
 96 0 2.05597e-16 2.05597e-16
 97 0 2.03477e-16 2.03477e-16
 98 0 2.01401e-16 2.01401e-16
 99 0 1.99367e-16 1.99367e-16
 100 0 1.97373e-16 1.97373e-16
 101 0 1.95419e-16 1.95419e-16
 102 0 1.93503e-16 1.93503e-16
 103 0 1.91624e-16 1.91624e-16
 104 0 1.89782e-16 1.89782e-16
 105 0 1.87974e-16 1.87974e-16
 106 0 1.86201e-16 1.86201e-16
 107 0 1.84461e-16 1.84461e-16
 108 0 1.82753e-16 1.82753e-16
 109 0 1.81076e-16 1.81076e-16
 110 0 1.7943e-16 1.7943e-16
 111 0 1.77813e-16 1.77813e-16
 112 0 1.76226e-16 1.76226e-16
 113 0 1.74666e-16 1.74666e-16
 114 0 1.73134e-16 1.73134e-16
 115 0 1.71629e-16 1.71629e-16
 116 0 1.70149e-16 1.70149e-16
 117 0 1.68695e-16 1.68695e-16
 118 0 1.67265e-16 1.67265e-16
 119 0 1.6586e-16 1.6586e-16
 120 0 1.64477e-16 1.64477e-16
 121 0 1.63118e-16 1.63118e-16
 122 0 1.61781e-16 1.61781e-16
 123 0 1.60466e-16 1.60466e-16
 124 0 1.59172e-16 1.59172e-16
 125 0 1.57898e-16 1.57898e-16
 126 0 1.56645e-16 1.56645e-16
 127 0 1.55412e-16 1.55412e-16
 128 0 1.54198e-16 1.54198e-16
 129 0 1.53002e-16 1.53002e-16
 130 0 1.51825e-16 1.51825e-16
 131 0 1.50666e-16 1.50666e-16
 132 0 1.49525e-16 1.49525e-16
 133 0 1.48401e-16 1.48401e-16
 134 0 1.47293e-16 1.47293e-16
 135 0 1.46202e-16 1.46202e-16
 136 0 1.45127e-16 1.45127e-16
 137 0 1.44068e-16 1.44068e-16
 138 0 1.43024e-16 1.43024e-16
 139 0 1.41995e-16 1.41995e-16
 140 0 1.40981e-16 1.40981e-16
 141 0 1.39981e-16 1.39981e-16
 142 0 1.38995e-16 1.38995e-16
 143 0 1.38023e-16 1.38023e-16
 144 0 1.37065e-16 1.37065e-16
 145 0 1.36119e-16 1.36119e-16
 146 0 1.35187e-16 1.35187e-16
 147 0 1.34267e-16 1.34267e-16
 148 0 1.3336e-16 1.3336e-16
 149 0 1.32465e-16 1.32465e-16
 150 0 1.31582e-16 1.31582e-16
 151 0 1.30711e-16 1.30711e-16
 152 0 1.29851e-16 1.29851e-16
 153 0 1.29002e-16 1.29002e-16
 154 0 1.28164e-16 1.28164e-16
 155 0 1.27337e-16 1.27337e-16
 156 0 1.26521e-16 1.26521e-16
 157 0 1.25715e-16 1.25715e-16
 158 0 1.2492e-16 1.2492e-16
 159 0 1.24134e-16 1.24134e-16
 160 0 1.23358e-16 1.23358e-16
 161 0 1.22592e-16 1.22592e-16
 162 0 1.21835e-16 1.21835e-16
 163 0 1.21088e-16 1.21088e-16
 164 1.97373e-14 2.40699e-16 1.69677e-16
 165 0 2.3924e-16 1.68652e-16
 166 0 2.37799e-16 1.67639e-16
 167 0 2.36375e-16 1.66638e-16
 168 0 2.34968e-16 1.65649e-16
 169 0 2.33577e-16 1.64672e-16
 170 1.97373e-14 3.48305e-16 1.99901e-16
 171 1.97373e-14 4.61691e-16 2.288e-16
 172 1.97373e-14 5.73759e-16 2.53574e-16
 173 1.97373e-14 6.84531e-16 2.75367e-16
 174 1.97373e-14 7.94029e-16 2.94865e-16
 175 1.97373e-14 9.02276e-16 3.1252e-16
 176 1.97373e-14 1.00929e-15 3.28651e-16
 177 1.97373e-14 1.1151e-15 3.43492e-16
 178 1.97373e-14 1.21972e-15 3.5722e-16
 179 1.97373e-14 1.32317e-15 3.69976e-16
 180 0 1.31582e-15 3.67988e-16
 181 0 1.30855e-15 3.66022e-16
 182 0 1.30136e-15 3.64076e-16
 183 0 1.29425e-15 3.62151e-16
 184 0 1.28722e-15 3.60246e-16
 185 0 1.28026e-15 3.58361e-16
 186 0 1.27337e-15 3.56496e-16
 187 0 1.26656e-15 3.54649e-16
 188 0 1.25983e-15 3.52822e-16
 189 0 1.25316e-15 3.51014e-16
 190 0 1.24657e-15 3.49224e-16
 191 0 1.24004e-15 3.47452e-16
 192 1.97373e-14 1.33638e-15 3.58813e-16
 193 0 1.32946e-15 3.57016e-16
 194 0 1.3226e-15 3.55237e-16
 195 0 1.31582e-15 3.53476e-16
 196 0 1.30911e-15 3.51732e-16
 197 0 1.30246e-15 3.50005e-16
 198 0 1.29588e-15 3.48295e-16
 199 0 1.28937e-15 3.46601e-16
 200 0 1.28292e-15 3.44924e-16
 201 0 1.27654e-15 3.43263e-16
 202 0 1.27022e-15 3.41618e-16
 203 0 1.26396e-15 3.39989e-16
 204 0 1.25777e-15 3.38375e-16
 205 0 1.25163e-15 3.36776e-16
 206 0 1.24556e-15 3.35192e-16
 207 0 1.23954e-15 3.33623e-16
 208 0 1.23358e-15 3.32069e-16
 209 0 1.22768e-15 3.30529e-16
 210 0 1.22183e-15 3.29003e-16
 211 0 1.21604e-15 3.27491e-16
 212 0 1.21031e-15 3.25993e-16
 213 0 1.20462e-15 3.24509e-16
 214 0 1.19899e-15 3.23038e-16
 215 0 1.19342e-15 3.21581e-16
 216 0 1.18789e-15 3.20136e-16
 217 0 1.18242e-15 3.18704e-16
 218 0 1.17699e-15 3.17285e-16
 219 1.97373e-14 1.26175e-15 3.27006e-16
 220 0 1.25601e-15 3.25567e-16
 221 0 1.25033e-15 3.2414e-16
 222 0 1.24469e-15 3.22726e-16
 223 0 1.23911e-15 3.21324e-16
 224 0 1.23358e-15 3.19934e-16
 225 0 1.2281e-15 3.18556e-16
 226 0 1.22266e-15 3.1719e-16
 227 0 1.21728e-15 3.15836e-16
 228 0 1.21194e-15 3.14493e-16
 229 0 1.20665e-15 3.13161e-16
 230 0 1.2014e-15 3.11841e-16
 231 0 1.1962e-15 3.10532e-16
 232 0 1.19104e-15 3.09233e-16
 233 0 1.18593e-15 3.07946e-16
 234 0 1.18086e-15 3.06669e-16
 235 0 1.17584e-15 3.05402e-16
 236 0 1.17086e-15 3.04146e-16
 237 0 1.16592e-15 3.029e-16
 238 0 1.16102e-15 3.01665e-16
 239 0 1.15616e-15 3.00439e-16
 240 0 1.15134e-15 2.99224e-16
 241 0 1.14657e-15 2.98018e-16
 242 0 1.14183e-15 2.96821e-16
 243 0 1.13713e-15 2.95635e-16
 244 0 1.13247e-15 2.94458e-16
 245 0 1.12785e-15 2.9329e-16
 246 0 1.12326e-15 2.92131e-16
 247 0 1.11871e-15 2.90981e-16
 248 0 1.1142e-15 2.89841e-16
 249 0 1.10973e-15 2.88709e-16
 250 0 1.10529e-15 2.87586e-16
 251 0 1.10089e-15 2.86472e-16
 252 0 1.09652e-15 2.85366e-16
 253 0 1.09218e-15 2.84269e-16
 254 0 1.08788e-15 2.83181e-16
 255 0 1.08362e-15 2.821e-16
 256 0 1.07938e-15 2.81028e-16
 257 0 1.07518e-15 2.79964e-16
 258 0 1.07102e-15 2.78908e-16
 259 1.97373e-14 1.14309e-15 2.87024e-16
 260 1.97373e-14 1.2146e-15 2.94727e-16
 261 0 1.20995e-15 2.93632e-16
 262 0 1.20533e-15 2.92546e-16
 263 0 1.20075e-15 2.91467e-16
 264 0 1.1962e-15 2.90397e-16
 265 0 1.19169e-15 2.89334e-16
 266 0 1.18721e-15 2.88279e-16
 267 0 1.18276e-15 2.87232e-16
 268 0 1.17835e-15 2.86192e-16
 269 0 1.17397e-15 2.8516e-16
 270 0 1.16962e-15 2.84135e-16
 271 0 1.1653e-15 2.83117e-16
 272 0 1.16102e-15 2.82107e-16
 273 0 1.15676e-15 2.81104e-16
 274 0 1.15254e-15 2.80108e-16
 275 0 1.14835e-15 2.79119e-16
 276 0 1.14419e-15 2.78137e-16
 277 0 1.14006e-15 2.77162e-16
 278 0 1.13596e-15 2.76194e-16
 279 0 1.13189e-15 2.75232e-16
 280 0 1.12785e-15 2.74277e-16
 281 0 1.12383e-15 2.73329e-16
 282 0 1.11985e-15 2.72387e-16
 283 0 1.11589e-15 2.71452e-16
 284 0 1.11196e-15 2.70523e-16
 285 1.97373e-14 1.17731e-15 2.7738e-16
 286 0 1.1732e-15 2.76439e-16
 287 0 1.16911e-15 2.75505e-16
 288 0 1.16505e-15 2.74577e-16
 289 0 1.16102e-15 2.73654e-16
 290 0 1.15701e-15 2.72739e-16
 291 0 1.15304e-15 2.71829e-16
 292 0 1.14909e-15 2.70925e-16
 293 0 1.14517e-15 2.70027e-16
 294 0 1.14127e-15 2.69135e-16
 295 0 1.1374e-15 2.68249e-16
 296 0 1.13356e-15 2.67369e-16
 297 0 1.12974e-15 2.66495e-16
 298 0 1.12595e-15 2.65626e-16
 299 0 1.12219e-15 2.64763e-16
 300 0 1.11845e-15 2.63906e-16
 301 1.97373e-14 1.1803e-15 2.70203e-16
 302 1.97373e-14 1.24175e-15 2.76228e-16
 303 1.97373e-14 1.30279e-15 2.82e-16
 304 0 1.29851e-15 2.81104e-16
 305 0 1.29425e-15 2.80213e-16
 306 0 1.29002e-15 2.79328e-16
 307 0 1.28582e-15 2.78448e-16
 308 0 1.28164e-15 2.77574e-16
 309 0 1.2775e-15 2.76705e-16
 310 0 1.27337e-15 2.75842e-16
 311 1.97373e-14 1.33274e-15 2.81291e-16
 312 1.97373e-14 1.39173e-15 2.86525e-16
 313 1.97373e-14 1.45034e-15 2.91561e-16
 314 0 1.44573e-15 2.90667e-16
 315 0 1.44114e-15 2.8978e-16
 316 0 1.43658e-15 2.88897e-16
 317 0 1.43204e-15 2.8802e-16
 318 0 1.42754e-15 2.87148e-16
 319 0 1.42307e-15 2.86281e-16
 320 0 1.41862e-15 2.8542e-16
 321 0 1.4142e-15 2.84564e-16
 322 0 1.40981e-15 2.83713e-16
 323 0 1.40544e-15 2.82867e-16
 324 0 1.4011e-15 2.82026e-16
 325 0 1.39679e-15 2.8119e-16
 326 0 1.39251e-15 2.80358e-16
 327 0 1.38825e-15 2.79532e-16
 328 1.97373e-14 1.44419e-15 2.84238e-16
 329 1.97373e-14 1.49979e-15 2.88776e-16
 330 1.97373e-14 1.55506e-15 2.93156e-16
 331 1.97373e-14 1.60999e-15 2.97387e-16
 332 1.97373e-14 1.66459e-15 3.01475e-16
 333 1.97373e-14 1.71886e-15 3.05429e-16
 334 1.97373e-14 1.77281e-15 3.09255e-16
 335 1.97373e-14 1.82644e-15 3.12959e-16
 336 1.97373e-14 1.87974e-15 3.16547e-16
 337 1.97373e-14 1.93273e-15 3.20024e-16
 338 1.97373e-14 1.98541e-15 3.23394e-16
 339 1.97373e-14 2.03777e-15 3.26663e-16
 340 0 2.03178e-15 3.25756e-16
 341 0 2.02582e-15 3.24854e-16
 342 0 2.0199e-15 3.23957e-16
 343 0 2.01401e-15 3.23065e-16
 344 0 2.00816e-15 3.22178e-16
 345 0 2.00233e-15 3.21295e-16
 346 0 1.99655e-15 3.20418e-16
 347 0 1.99079e-15 3.19545e-16
 348 1.97373e-14 2.04179e-15 3.2268e-16
 349 1.97373e-14 2.09249e-15 3.25725e-16
 350 1.97373e-14 2.14291e-15 3.28682e-16
 351 1.97373e-14 2.19303e-15 3.31555e-16
 352 0 2.1868e-15 3.30671e-16
 353 0 2.18061e-15 3.29791e-16
 354 0 2.17445e-15 3.28916e-16
 355 0 2.16832e-15 3.28045e-16
 356 0 2.16223e-15 3.27179e-16
 357 0 2.15618e-15 3.26317e-16
 358 0 2.15015e-15 3.2546e-16
 359 0 2.14416e-15 3.24608e-16
 360 0 2.13821e-15 3.2376e-16
 361 0 2.13228e-15 3.22916e-16
 362 0 2.12639e-15 3.22077e-16
 363 0 2.12054e-15 3.21241e-16
 364 0 2.11471e-15 3.20411e-16
 365 0 2.10892e-15 3.19584e-16
 366 0 2.10315e-15 3.18762e-16
 367 0 2.09742e-15 3.17944e-16
 368 0 2.09172e-15 3.1713e-16
 369 0 2.08606e-15 3.1632e-16
 370 0 2.08042e-15 3.15514e-16
 371 0 2.07481e-15 3.14713e-16
 372 0 2.06923e-15 3.13915e-16
 373 0 2.06369e-15 3.13122e-16
 374 0 2.05817e-15 3.12332e-16
 375 0 2.05268e-15 3.11546e-16
 376 0 2.04722e-15 3.10765e-16
 377 0 2.04179e-15 3.09987e-16
 378 0 2.03639e-15 3.09213e-16
 379 0 2.03101e-15 3.08443e-16
 380 0 2.02567e-15 3.07676e-16
 381 0 2.02035e-15 3.06914e-16
 382 0 2.01506e-15 3.06155e-16
 383 0 2.0098e-15 3.054e-16
 384 0 2.00457e-15 3.04648e-16
 385 0 1.99936e-15 3.03901e-16
 386 0 1.99418e-15 3.03157e-16
 387 0 1.98903e-15 3.02416e-16
 388 0 1.9839e-15 3.01679e-16
 389 0 1.9788e-15 3.00946e-16
 390 0 1.97373e-15 3.00216e-16
 391 0 1.96868e-15 2.9949e-16
 392 0 1.96366e-15 2.98767e-16
 393 0 1.95866e-15 2.98048e-16
 394 0 1.95369e-15 2.97332e-16
 395 0 1.94875e-15 2.9662e-16
 396 0 1.94382e-15 2.95911e-16
 397 0 1.93893e-15 2.95205e-16
 398 1.97373e-14 1.98365e-15 2.97839e-16
 399 0 1.97868e-15 2.97133e-16
 400 0 1.97373e-15 2.9643e-16
 401 0 1.96881e-15 2.95731e-16
 402 0 1.96391e-15 2.95035e-16
 403 0 1.95904e-15 2.94342e-16
 404 0 1.95419e-15 2.93653e-16
 405 0 1.94936e-15 2.92967e-16
 406 0 1.94456e-15 2.92284e-16
 407 0 1.93978e-15 2.91604e-16
 408 0 1.93503e-15 2.90927e-16
 409 0 1.9303e-15 2.90254e-16
 410 0 1.92559e-15 2.89583e-16
 411 0 1.9209e-15 2.88916e-16
 412 0 1.91624e-15 2.88251e-16
 413 0 1.9116e-15 2.8759e-16
 414 0 1.90699e-15 2.86931e-16
 415 0 1.90239e-15 2.86276e-16
 416 0 1.89782e-15 2.85624e-16
 417 0 1.89327e-15 2.84974e-16
 418 0 1.88874e-15 2.84328e-16
 419 0 1.88423e-15 2.83684e-16
 420 0 1.87974e-15 2.83044e-16
 421 0 1.87528e-15 2.82406e-16
 422 0 1.87083e-15 2.81771e-16
 423 0 1.86641e-15 2.81139e-16
 424 0 1.86201e-15 2.80509e-16
 425 0 1.85763e-15 2.79883e-16
 426 0 1.85327e-15 2.79259e-16
 427 0 1.84893e-15 2.78638e-16
 428 0 1.84461e-15 2.7802e-16
 429 0 1.84031e-15 2.77404e-16
 430 0 1.83603e-15 2.76792e-16
 431 0 1.83177e-15 2.76181e-16
 432 0 1.82753e-15 2.75574e-16
 433 0 1.82331e-15 2.74969e-16
 434 0 1.81911e-15 2.74367e-16
 435 0 1.81492e-15 2.73768e-16
 436 0 1.81076e-15 2.73171e-16
 437 0 1.80662e-15 2.72576e-16
 438 0 1.80249e-15 2.71985e-16
 439 0 1.79839e-15 2.71395e-16
 440 0 1.7943e-15 2.70809e-16
 441 0 1.79023e-15 2.70225e-16
 442 0 1.78618e-15 2.69643e-16
 443 0 1.78215e-15 2.69064e-16
 444 0 1.77813e-15 2.68487e-16
 445 0 1.77414e-15 2.67913e-16
 446 0 1.77016e-15 2.67341e-16
 447 0 1.7662e-15 2.66772e-16
 448 0 1.76226e-15 2.66205e-16
 449 0 1.75833e-15 2.6564e-16
 450 0 1.75443e-15 2.65078e-16
 451 0 1.75054e-15 2.64518e-16
 452 0 1.74666e-15 2.63961e-16
 453 0 1.74281e-15 2.63406e-16
 454 1.97373e-14 1.78244e-15 2.65797e-16
 455 0 1.77853e-15 2.65241e-16
 456 0 1.77463e-15 2.64687e-16
 457 0 1.77074e-15 2.64136e-16
 458 0 1.76688e-15 2.63587e-16
 459 0 1.76303e-15 2.6304e-16
 460 0 1.75919e-15 2.62496e-16
 461 0 1.75538e-15 2.61954e-16
 462 0 1.75158e-15 2.61414e-16
 463 0 1.7478e-15 2.60876e-16
 464 0 1.74403e-15 2.6034e-16
 465 0 1.74028e-15 2.59807e-16
 466 0 1.73654e-15 2.59276e-16
 467 0 1.73282e-15 2.58747e-16
 468 0 1.72912e-15 2.5822e-16
 469 0 1.72544e-15 2.57695e-16
 470 0 1.72176e-15 2.57172e-16
 471 0 1.71811e-15 2.56652e-16
 472 0 1.71447e-15 2.56133e-16
 473 0 1.71084e-15 2.55617e-16
 474 0 1.70723e-15 2.55102e-16
 475 0 1.70364e-15 2.5459e-16
 476 0 1.70006e-15 2.5408e-16
 477 1.97373e-14 1.73788e-15 2.56351e-16
 478 0 1.73424e-15 2.5584e-16
 479 0 1.73062e-15 2.55331e-16
 480 0 1.72701e-15 2.54824e-16
 481 0 1.72342e-15 2.54319e-16
 482 0 1.71985e-15 2.53816e-16
 483 0 1.71629e-15 2.53315e-16
 484 0 1.71274e-15 2.52816e-16
 485 0 1.70921e-15 2.52319e-16
 486 0 1.70569e-15 2.51824e-16
 487 0 1.70219e-15 2.51331e-16
 488 0 1.6987e-15 2.50839e-16
 489 0 1.69523e-15 2.5035e-16
 490 0 1.69177e-15 2.49862e-16
 491 0 1.68832e-15 2.49377e-16
 492 0 1.68489e-15 2.48893e-16
 493 0 1.68147e-15 2.48411e-16
 494 0 1.67807e-15 2.47931e-16
 495 0 1.67468e-15 2.47453e-16
 496 0 1.6713e-15 2.46977e-16
 497 0 1.66794e-15 2.46502e-16
 498 0 1.66459e-15 2.4603e-16
 499 0 1.66126e-15 2.45559e-16
 500 0 1.65793e-15 2.4509e-16
 501 0 1.65462e-15 2.44622e-16
 502 0 1.65133e-15 2.44157e-16
 503 0 1.64804e-15 2.43693e-16
 504 0 1.64477e-15 2.43231e-16
 505 0 1.64152e-15 2.42771e-16
 506 0 1.63827e-15 2.42312e-16
 507 0 1.63504e-15 2.41855e-16
 508 0 1.63182e-15 2.414e-16
 509 0 1.62862e-15 2.40947e-16
 510 0 1.62542e-15 2.40495e-16
 511 0 1.62224e-15 2.40045e-16
 512 0 1.61908e-15 2.39597e-16
 513 0 1.61592e-15 2.3915e-16
 514 0 1.61278e-15 2.38705e-16
 515 0 1.60964e-15 2.38262e-16
 516 0 1.60652e-15 2.3782e-16
 517 0 1.60342e-15 2.3738e-16
 518 0 1.60032e-15 2.36941e-16
 519 0 1.59724e-15 2.36504e-16
 520 0 1.59417e-15 2.36069e-16
 521 1.97373e-14 1.62899e-15 2.38175e-16
 522 1.97373e-14 1.66368e-15 2.40236e-16
 523 1.97373e-14 1.69824e-15 2.42254e-16
 524 1.97373e-14 1.73266e-15 2.4423e-16
 525 1.97373e-14 1.76696e-15 2.46165e-16
 526 1.97373e-14 1.80112e-15 2.4806e-16
 527 1.97373e-14 1.83516e-15 2.49917e-16
 528 0 1.83168e-15 2.49468e-16
 529 0 1.82822e-15 2.4902e-16
 530 0 1.82477e-15 2.48573e-16
 531 0 1.82133e-15 2.48129e-16
 532 0 1.81791e-15 2.47685e-16
 533 0 1.8145e-15 2.47244e-16
 534 0 1.8111e-15 2.46804e-16
 535 0 1.80772e-15 2.46365e-16
 536 0 1.80434e-15 2.45928e-16
 537 0 1.80098e-15 2.45493e-16
 538 0 1.79763e-15 2.45059e-16
 539 0 1.7943e-15 2.44627e-16
 540 0 1.79098e-15 2.44196e-16
 541 0 1.78767e-15 2.43767e-16
 542 0 1.78437e-15 2.43339e-16
 543 0 1.78108e-15 2.42912e-16
 544 0 1.77781e-15 2.42488e-16
 545 0 1.77455e-15 2.42064e-16
 546 0 1.7713e-15 2.41642e-16
 547 0 1.76806e-15 2.41222e-16
 548 0 1.76483e-15 2.40803e-16
 549 1.97373e-14 1.79757e-15 2.42583e-16
 550 1.97373e-14 1.83019e-15 2.44329e-16
 551 1.97373e-14 1.86269e-15 2.46041e-16
 552 1.97373e-14 1.89507e-15 2.4772e-16
 553 1.97373e-14 1.92733e-15 2.49368e-16
 554 1.97373e-14 1.95948e-15 2.50985e-16
 555 1.97373e-14 1.99151e-15 2.52571e-16
 556 1.97373e-14 2.02343e-15 2.54129e-16
 557 1.97373e-14 2.05523e-15 2.55658e-16
 558 1.97373e-14 2.08692e-15 2.57159e-16
 559 1.97373e-14 2.11849e-15 2.58633e-16
 560 1.97373e-14 2.14996e-15 2.60081e-16
 561 1.97373e-14 2.18131e-15 2.61503e-16
 562 1.97373e-14 2.21254e-15 2.629e-16
 563 1.97373e-14 2.24367e-15 2.64272e-16
 564 0 2.23969e-15 2.63833e-16
 565 0 2.23573e-15 2.63396e-16
 566 0 2.23178e-15 2.6296e-16
 567 0 2.22784e-15 2.62525e-16
 568 0 2.22392e-15 2.62092e-16
 569 0 2.22001e-15 2.6166e-16
 570 0 2.21612e-15 2.61229e-16
 571 0 2.21224e-15 2.608e-16
 572 0 2.20837e-15 2.60373e-16
 573 0 2.20451e-15 2.59946e-16
 574 0 2.20067e-15 2.59522e-16
 575 0 2.19685e-15 2.59098e-16
 576 0 2.19303e-15 2.58676e-16
 577 0 2.18923e-15 2.58255e-16
 578 0 2.18544e-15 2.57836e-16
 579 0 2.18167e-15 2.57418e-16
 580 0 2.17791e-15 2.57001e-16
 581 0 2.17416e-15 2.56586e-16
 582 0 2.17042e-15 2.56172e-16
 583 0 2.1667e-15 2.55759e-16
 584 0 2.16299e-15 2.55348e-16
 585 0 2.15929e-15 2.54938e-16
 586 0 2.15561e-15 2.54529e-16
 587 0 2.15194e-15 2.54122e-16
 588 0 2.14828e-15 2.53715e-16
 589 0 2.14463e-15 2.53311e-16
 590 0 2.141e-15 2.52907e-16
 591 0 2.13737e-15 2.52505e-16
 592 0 2.13376e-15 2.52104e-16
 593 0 2.13016e-15 2.51704e-16
 594 0 2.12658e-15 2.51305e-16
 595 0 2.123e-15 2.50908e-16
 596 0 2.11944e-15 2.50512e-16
 597 0 2.11589e-15 2.50117e-16
 598 0 2.11235e-15 2.49724e-16
 599 0 2.10883e-15 2.49332e-16
 600 0 2.10531e-15 2.4894e-16
 601 0 2.10181e-15 2.48551e-16
 602 0 2.09832e-15 2.48162e-16
 603 0 2.09484e-15 2.47774e-16
 604 0 2.09137e-15 2.47388e-16
 605 0 2.08791e-15 2.47003e-16
 606 0 2.08447e-15 2.46619e-16
 607 0 2.08103e-15 2.46237e-16
 608 0 2.07761e-15 2.45855e-16
 609 0 2.0742e-15 2.45475e-16
 610 0 2.0708e-15 2.45096e-16
 611 0 2.06741e-15 2.44718e-16
 612 0 2.06403e-15 2.44341e-16
 613 0 2.06066e-15 2.43965e-16
 614 0 2.05731e-15 2.43591e-16
 615 0 2.05396e-15 2.43217e-16
 616 0 2.05063e-15 2.42845e-16
 617 0 2.0473e-15 2.42474e-16
 618 0 2.04399e-15 2.42104e-16
 619 0 2.04069e-15 2.41735e-16
 620 0 2.0374e-15 2.41367e-16
 621 0 2.03412e-15 2.41e-16
 622 0 2.03085e-15 2.40635e-16
 623 0 2.02759e-15 2.4027e-16
 624 0 2.02434e-15 2.39907e-16
 625 0 2.0211e-15 2.39545e-16
 626 0 2.01787e-15 2.39184e-16
 627 0 2.01465e-15 2.38824e-16
 628 0 2.01144e-15 2.38465e-16
 629 0 2.00825e-15 2.38107e-16
 630 0 2.00506e-15 2.3775e-16
 631 0 2.00188e-15 2.37394e-16
 632 0 1.99871e-15 2.37039e-16
 633 0 1.99556e-15 2.36685e-16
 634 0 1.99241e-15 2.36333e-16
 635 0 1.98927e-15 2.35981e-16
 636 0 1.98614e-15 2.35631e-16
 637 0 1.98303e-15 2.35281e-16
 638 0 1.97992e-15 2.34933e-16
 639 0 1.97682e-15 2.34585e-16
 640 0 1.97373e-15 2.34239e-16
 641 0 1.97065e-15 2.33893e-16
 642 0 1.96758e-15 2.33549e-16
 643 0 1.96452e-15 2.33205e-16
 644 0 1.96147e-15 2.32863e-16
 645 0 1.95843e-15 2.32521e-16
 646 0 1.9554e-15 2.32181e-16
 647 0 1.95238e-15 2.31842e-16
 648 0 1.94936e-15 2.31503e-16
 649 0 1.94636e-15 2.31166e-16
 650 0 1.94336e-15 2.30829e-16
 651 0 1.94038e-15 2.30494e-16
 652 0 1.9374e-15 2.30159e-16
 653 0 1.93444e-15 2.29826e-16
 654 0 1.93148e-15 2.29493e-16
 655 0 1.92853e-15 2.29161e-16
 656 0 1.92559e-15 2.28831e-16
 657 0 1.92266e-15 2.28501e-16
 658 0 1.91974e-15 2.28172e-16
 659 0 1.91682e-15 2.27844e-16
 660 0 1.91392e-15 2.27517e-16
 661 0 1.91102e-15 2.27191e-16
 662 0 1.90814e-15 2.26866e-16
 663 0 1.90526e-15 2.26542e-16
 664 0 1.90239e-15 2.26219e-16
 665 0 1.89953e-15 2.25896e-16
 666 0 1.89668e-15 2.25575e-16
 667 0 1.89383e-15 2.25254e-16
 668 0 1.891e-15 2.24935e-16
 669 0 1.88817e-15 2.24616e-16
 670 0 1.88535e-15 2.24298e-16
 671 0 1.88254e-15 2.23981e-16
 672 0 1.87974e-15 2.23665e-16
 673 0 1.87695e-15 2.2335e-16
 674 0 1.87416e-15 2.23036e-16
 675 0 1.87139e-15 2.22723e-16
 676 0 1.86862e-15 2.2241e-16
 677 0 1.86586e-15 2.22099e-16
 678 0 1.86311e-15 2.21788e-16
 679 0 1.86036e-15 2.21478e-16
 680 0 1.85763e-15 2.21169e-16
 681 0 1.8549e-15 2.20861e-16
 682 0 1.85218e-15 2.20554e-16
 683 0 1.84947e-15 2.20247e-16
 684 0 1.84676e-15 2.19941e-16
 685 0 1.84407e-15 2.19637e-16
 686 0 1.84138e-15 2.19333e-16
 687 0 1.8387e-15 2.1903e-16
 688 0 1.83603e-15 2.18727e-16
 689 0 1.83336e-15 2.18426e-16
 690 0 1.83071e-15 2.18125e-16
 691 0 1.82806e-15 2.17826e-16
 692 0 1.82541e-15 2.17527e-16
 693 0 1.82278e-15 2.17228e-16
 694 0 1.82015e-15 2.16931e-16
 695 0 1.81754e-15 2.16635e-16
 696 0 1.81492e-15 2.16339e-16
 697 0 1.81232e-15 2.16044e-16
 698 0 1.80972e-15 2.1575e-16
 699 0 1.80713e-15 2.15457e-16
 700 0 1.80455e-15 2.15164e-16
 701 0 1.80198e-15 2.14872e-16
 702 0 1.79941e-15 2.14581e-16
 703 0 1.79685e-15 2.14291e-16
 704 0 1.7943e-15 2.14002e-16
 705 0 1.79175e-15 2.13713e-16
 706 0 1.78922e-15 2.13425e-16
 707 0 1.78669e-15 2.13138e-16
 708 0 1.78416e-15 2.12852e-16
 709 0 1.78165e-15 2.12566e-16
 710 0 1.77914e-15 2.12282e-16
 711 0 1.77663e-15 2.11998e-16
 712 0 1.77414e-15 2.11714e-16
 713 0 1.77165e-15 2.11432e-16
 714 0 1.76917e-15 2.1115e-16
 715 0 1.7667e-15 2.10869e-16
 716 0 1.76423e-15 2.10589e-16
 717 0 1.76177e-15 2.10309e-16
 718 0 1.75931e-15 2.10031e-16
 719 0 1.75687e-15 2.09753e-16
 720 0 1.75443e-15 2.09475e-16
 721 0 1.75199e-15 2.09199e-16
 722 0 1.74957e-15 2.08923e-16
 723 0 1.74715e-15 2.08648e-16
 724 0 1.74473e-15 2.08373e-16
 725 0 1.74233e-15 2.081e-16
 726 0 1.73993e-15 2.07827e-16
 727 0 1.73753e-15 2.07554e-16
 728 0 1.73515e-15 2.07283e-16
 729 0 1.73277e-15 2.07012e-16
 730 0 1.73039e-15 2.06742e-16
 731 0 1.72803e-15 2.06472e-16
 732 0 1.72567e-15 2.06204e-16
 733 0 1.72331e-15 2.05936e-16
 734 0 1.72096e-15 2.05668e-16
 735 0 1.71862e-15 2.05401e-16
 736 0 1.71629e-15 2.05136e-16
 737 0 1.71396e-15 2.0487e-16
 738 0 1.71164e-15 2.04606e-16
 739 0 1.70932e-15 2.04342e-16
 740 0 1.70701e-15 2.04078e-16
 741 0 1.70471e-15 2.03816e-16
 742 0 1.70241e-15 2.03554e-16
 743 0 1.70012e-15 2.03293e-16
 744 0 1.69783e-15 2.03032e-16
 745 0 1.69555e-15 2.02772e-16
 746 0 1.69328e-15 2.02513e-16
 747 0 1.69101e-15 2.02254e-16
 748 0 1.68875e-15 2.01996e-16
 749 0 1.6865e-15 2.01739e-16
 750 0 1.68425e-15 2.01483e-16
 751 0 1.68201e-15 2.01227e-16
 752 0 1.67977e-15 2.00971e-16
 753 0 1.67754e-15 2.00717e-16
 754 0 1.67531e-15 2.00463e-16
 755 0 1.6731e-15 2.00209e-16
 756 0 1.67088e-15 1.99956e-16
 757 0 1.66868e-15 1.99704e-16
 758 0 1.66647e-15 1.99453e-16
 759 0 1.66428e-15 1.99202e-16
 760 0 1.66209e-15 1.98952e-16
 761 0 1.6599e-15 1.98702e-16
 762 0 1.65773e-15 1.98453e-16
 763 0 1.65555e-15 1.98205e-16
 764 0 1.65339e-15 1.97957e-16
 765 0 1.65122e-15 1.9771e-16
 766 0 1.64907e-15 1.97463e-16
 767 0 1.64692e-15 1.97218e-16
 768 0 1.64477e-15 1.96972e-16
 769 0 1.64264e-15 1.96728e-16
 770 0 1.6405e-15 1.96484e-16
 771 0 1.63837e-15 1.9624e-16
 772 0 1.63625e-15 1.95997e-16
 773 0 1.63414e-15 1.95755e-16
 774 0 1.63202e-15 1.95513e-16
 775 0 1.62992e-15 1.95272e-16
 776 0 1.62782e-15 1.95032e-16
 777 0 1.62572e-15 1.94792e-16
 778 0 1.62363e-15 1.94552e-16
 779 0 1.62155e-15 1.94314e-16
 780 0 1.61947e-15 1.94076e-16
 781 0 1.6174e-15 1.93838e-16
 782 0 1.61533e-15 1.93601e-16
 783 0 1.61327e-15 1.93365e-16
 784 0 1.61121e-15 1.93129e-16
 785 0 1.60916e-15 1.92894e-16
 786 0 1.60711e-15 1.92659e-16
 787 0 1.60507e-15 1.92425e-16
 788 0 1.60303e-15 1.92191e-16
 789 0 1.601e-15 1.91958e-16
 790 0 1.59897e-15 1.91726e-16
 791 0 1.59695e-15 1.91494e-16
 792 1.97373e-14 1.61985e-15 1.92619e-16
 793 1.97373e-14 1.6427e-15 1.93727e-16
 794 0 1.64063e-15 1.93494e-16
 795 0 1.63857e-15 1.93262e-16
 796 0 1.63651e-15 1.9303e-16
 797 0 1.63446e-15 1.92798e-16
 798 0 1.63241e-15 1.92568e-16
 799 0 1.63037e-15 1.92337e-16
 800 0 1.62833e-15 1.92108e-16
 801 0 1.62629e-15 1.91878e-16
 802 0 1.62427e-15 1.9165e-16
 803 0 1.62224e-15 1.91421e-16
 804 0 1.62023e-15 1.91194e-16
 805 0 1.61821e-15 1.90967e-16
 806 0 1.61621e-15 1.9074e-16
 807 0 1.6142e-15 1.90514e-16
 808 0 1.61221e-15 1.90289e-16
 809 0 1.61021e-15 1.90064e-16
 810 0 1.60822e-15 1.8984e-16
 811 0 1.60624e-15 1.89616e-16
 812 0 1.60426e-15 1.89392e-16
 813 0 1.60229e-15 1.8917e-16
 814 0 1.60032e-15 1.88947e-16
 815 0 1.59836e-15 1.88726e-16
 816 0 1.5964e-15 1.88504e-16
 817 0 1.59445e-15 1.88284e-16
 818 0 1.5925e-15 1.88063e-16
 819 0 1.59055e-15 1.87844e-16
 820 0 1.58861e-15 1.87624e-16
 821 0 1.58668e-15 1.87406e-16
 822 0 1.58475e-15 1.87188e-16
 823 0 1.58282e-15 1.8697e-16
 824 0 1.5809e-15 1.86753e-16
 825 0 1.57898e-15 1.86536e-16
 826 0 1.57707e-15 1.8632e-16
 827 0 1.57517e-15 1.86104e-16
 828 0 1.57326e-15 1.85889e-16
 829 0 1.57137e-15 1.85674e-16
 830 0 1.56947e-15 1.8546e-16
 831 0 1.56758e-15 1.85247e-16
 832 0 1.5657e-15 1.85033e-16
 833 0 1.56382e-15 1.84821e-16
 834 0 1.56194e-15 1.84609e-16
 835 0 1.56007e-15 1.84397e-16
 836 0 1.55821e-15 1.84186e-16
 837 0 1.55635e-15 1.83975e-16
 838 0 1.55449e-15 1.83764e-16
 839 0 1.55264e-15 1.83555e-16
 840 0 1.55079e-15 1.83345e-16
 841 0 1.54894e-15 1.83136e-16
 842 0 1.5471e-15 1.82928e-16
 843 0 1.54527e-15 1.8272e-16
 844 0 1.54344e-15 1.82513e-16
 845 0 1.54161e-15 1.82306e-16
 846 0 1.53979e-15 1.82099e-16
 847 0 1.53797e-15 1.81893e-16
 848 0 1.53616e-15 1.81688e-16
 849 1.97373e-14 1.5576e-15 1.82735e-16
 850 0 1.55576e-15 1.8253e-16
 851 0 1.55394e-15 1.82324e-16
 852 0 1.55211e-15 1.82119e-16
 853 0 1.55029e-15 1.81915e-16
 854 0 1.54848e-15 1.81711e-16
 855 0 1.54667e-15 1.81507e-16
 856 0 1.54486e-15 1.81304e-16
 857 0 1.54306e-15 1.81101e-16
 858 0 1.54126e-15 1.80899e-16
 859 0 1.53946e-15 1.80697e-16
 860 0 1.53767e-15 1.80496e-16
 861 0 1.53589e-15 1.80295e-16
 862 0 1.53411e-15 1.80094e-16
 863 0 1.53233e-15 1.79894e-16
 864 0 1.53055e-15 1.79695e-16
 865 0 1.52878e-15 1.79496e-16
 866 0 1.52702e-15 1.79297e-16
 867 0 1.52526e-15 1.79099e-16
 868 0 1.5235e-15 1.78901e-16
 869 0 1.52175e-15 1.78703e-16
 870 0 1.52e-15 1.78506e-16
 871 0 1.51825e-15 1.7831e-16
 872 1.97373e-14 1.53915e-15 1.79327e-16
 873 0 1.53738e-15 1.7913e-16
 874 0 1.53563e-15 1.78933e-16
 875 1.97373e-14 1.55643e-15 1.79935e-16
 876 1.97373e-14 1.57718e-15 1.80924e-16
 877 1.97373e-14 1.59789e-15 1.819e-16
 878 1.97373e-14 1.61855e-15 1.82864e-16
 879 1.97373e-14 1.63916e-15 1.83815e-16
 880 0 1.6373e-15 1.83615e-16
 881 0 1.63544e-15 1.83416e-16
 882 0 1.63359e-15 1.83217e-16
 883 1.97373e-14 1.65409e-15 1.84155e-16
 884 0 1.65222e-15 1.83956e-16
 885 0 1.65035e-15 1.83757e-16
 886 0 1.64849e-15 1.83559e-16
 887 0 1.64663e-15 1.83362e-16
 888 0 1.64477e-15 1.83164e-16
 889 0 1.64292e-15 1.82968e-16
 890 0 1.64108e-15 1.82771e-16
 891 0 1.63924e-15 1.82575e-16
 892 0 1.6374e-15 1.8238e-16
 893 0 1.63557e-15 1.82185e-16
 894 0 1.63374e-15 1.8199e-16
 895 0 1.63191e-15 1.81796e-16
 896 0 1.63009e-15 1.81602e-16
 897 0 1.62827e-15 1.81408e-16
 898 0 1.62646e-15 1.81215e-16
 899 0 1.62465e-15 1.81023e-16
 900 0 1.62284e-15 1.8083e-16
 901 0 1.62104e-15 1.80638e-16
 902 0 1.61925e-15 1.80447e-16
 903 0 1.61745e-15 1.80256e-16
 904 0 1.61566e-15 1.80065e-16
 905 0 1.61388e-15 1.79875e-16
 906 0 1.6121e-15 1.79685e-16
 907 0 1.61032e-15 1.79496e-16
 908 0 1.60855e-15 1.79307e-16
 909 0 1.60678e-15 1.79118e-16
 910 0 1.60501e-15 1.7893e-16
 911 0 1.60325e-15 1.78742e-16
 912 0 1.60149e-15 1.78555e-16
 913 0 1.59974e-15 1.78368e-16
 914 0 1.59799e-15 1.78181e-16
 915 0 1.59624e-15 1.77995e-16
 916 0 1.5945e-15 1.77809e-16
 917 0 1.59276e-15 1.77623e-16
 918 0 1.59102e-15 1.77438e-16
 919 0 1.58929e-15 1.77254e-16
 920 0 1.58757e-15 1.77069e-16
 921 0 1.58584e-15 1.76885e-16
 922 0 1.58412e-15 1.76702e-16
 923 0 1.58241e-15 1.76519e-16
 924 0 1.58069e-15 1.76336e-16
 925 0 1.57898e-15 1.76153e-16
 926 1.97373e-14 1.59859e-15 1.77052e-16
 927 1.97373e-14 1.61816e-15 1.7794e-16
 928 0 1.61642e-15 1.77757e-16
 929 0 1.61468e-15 1.77574e-16
 930 0 1.61294e-15 1.77391e-16
 931 0 1.61121e-15 1.77209e-16
 932 0 1.60948e-15 1.77027e-16
 933 0 1.60775e-15 1.76846e-16
 934 0 1.60603e-15 1.76665e-16
 935 0 1.60432e-15 1.76484e-16
 936 0 1.6026e-15 1.76304e-16
 937 0 1.60089e-15 1.76124e-16
 938 0 1.59918e-15 1.75944e-16
 939 0 1.59748e-15 1.75765e-16
 940 0 1.59578e-15 1.75586e-16
 941 0 1.59409e-15 1.75408e-16
 942 0 1.59239e-15 1.7523e-16
 943 0 1.5907e-15 1.75052e-16
 944 0 1.58902e-15 1.74875e-16
 945 0 1.58734e-15 1.74697e-16
 946 0 1.58566e-15 1.74521e-16
 947 0 1.58399e-15 1.74344e-16
 948 0 1.58232e-15 1.74168e-16
 949 0 1.58065e-15 1.73993e-16
 950 0 1.57898e-15 1.73818e-16
 951 0 1.57732e-15 1.73643e-16
 952 0 1.57567e-15 1.73468e-16
 953 0 1.57401e-15 1.73294e-16
 954 0 1.57236e-15 1.7312e-16
 955 0 1.57072e-15 1.72946e-16
 956 0 1.56907e-15 1.72773e-16
 957 0 1.56743e-15 1.726e-16
 958 0 1.5658e-15 1.72428e-16
 959 0 1.56417e-15 1.72256e-16
 960 0 1.56254e-15 1.72084e-16
 961 0 1.56091e-15 1.71912e-16
 962 0 1.55929e-15 1.71741e-16
 963 0 1.55767e-15 1.7157e-16
 964 0 1.55605e-15 1.714e-16
 965 0 1.55444e-15 1.7123e-16
 966 0 1.55283e-15 1.7106e-16
 967 0 1.55123e-15 1.70891e-16
 968 0 1.54962e-15 1.70722e-16
 969 0 1.54802e-15 1.70553e-16
 970 0 1.54643e-15 1.70384e-16
 971 0 1.54483e-15 1.70216e-16
 972 0 1.54325e-15 1.70048e-16
 973 0 1.54166e-15 1.69881e-16
 974 0 1.54008e-15 1.69714e-16
 975 0 1.5385e-15 1.69547e-16
 976 0 1.53692e-15 1.69381e-16
 977 0 1.53535e-15 1.69214e-16
 978 0 1.53378e-15 1.69049e-16
 979 0 1.53221e-15 1.68883e-16
 980 0 1.53065e-15 1.68718e-16
 981 0 1.52909e-15 1.68553e-16
 982 0 1.52753e-15 1.68389e-16
 983 0 1.52598e-15 1.68224e-16
 984 0 1.52443e-15 1.6806e-16
 985 0 1.52288e-15 1.67897e-16
 986 0 1.52133e-15 1.67734e-16
 987 0 1.51979e-15 1.67571e-16
 988 0 1.51825e-15 1.67408e-16
 989 1.97373e-14 1.53668e-15 1.6825e-16
 990 1.97373e-14 1.55506e-15 1.69083e-16
 991 1.97373e-14 1.57341e-15 1.69905e-16
 992 1.97373e-14 1.59172e-15 1.70719e-16
 993 1.97373e-14 1.60999e-15 1.71523e-16
 994 0 1.60837e-15 1.71358e-16
 995 0 1.60675e-15 1.71193e-16
 996 0 1.60514e-15 1.71029e-16
 997 0 1.60353e-15 1.70865e-16
 998 0 1.60193e-15 1.70701e-16
 999 0 1.60032e-15 1.70538e-16
 1000 0 1.59872e-15 1.70375e-16
 1001 0 1.59712e-15 1.70212e-16
 1002 0 1.59553e-15 1.70049e-16
 1003 0 1.59394e-15 1.69887e-16
 1004 0 1.59235e-15 1.69725e-16
 1005 0 1.59077e-15 1.69564e-16
 1006 0 1.58919e-15 1.69403e-16
 1007 1.97373e-14 1.60721e-15 1.70191e-16
 1008 1.97373e-14 1.62519e-15 1.70971e-16
 1009 1.97373e-14 1.64314e-15 1.71742e-16
 1010 1.97373e-14 1.66106e-15 1.72505e-16
 1011 1.97373e-14 1.67894e-15 1.73259e-16
 1012 1.97373e-14 1.69678e-15 1.74005e-16
 1013 0 1.69511e-15 1.73841e-16
 1014 0 1.69344e-15 1.73678e-16
 1015 0 1.69177e-15 1.73515e-16
 1016 0 1.6901e-15 1.73352e-16
 1017 0 1.68844e-15 1.73189e-16
 1018 0 1.68678e-15 1.73027e-16
 1019 0 1.68513e-15 1.72865e-16
 1020 0 1.68348e-15 1.72703e-16
 1021 0 1.68183e-15 1.72542e-16
 1022 1.97373e-14 1.69949e-15 1.73276e-16
 1023 1.97373e-14 1.71713e-15 1.74002e-16
 1024 0 1.71545e-15 1.7384e-16
 1025 1.97373e-14 1.73303e-15 1.74558e-16
 1026 1.97373e-14 1.75058e-15 1.75269e-16
 1027 1.97373e-14 1.76809e-15 1.75972e-16
 1028 1.97373e-14 1.78557e-15 1.76667e-16
 1029 1.97373e-14 1.80302e-15 1.77356e-16
 1030 0 1.80127e-15 1.77192e-16
 1031 0 1.79952e-15 1.77029e-16
 1032 0 1.79778e-15 1.76866e-16
 1033 0 1.79604e-15 1.76703e-16
 1034 1.97373e-14 1.81339e-15 1.77383e-16
 1035 1.97373e-14 1.83071e-15 1.78056e-16
 1036 1.97373e-14 1.84799e-15 1.78721e-16
 1037 1.97373e-14 1.86524e-15 1.7938e-16
 1038 1.97373e-14 1.88246e-15 1.80033e-16
 1039 1.97373e-14 1.89964e-15 1.80678e-16
 1040 1.97373e-14 1.9168e-15 1.81318e-16
 1041 0 1.91495e-15 1.81153e-16
 1042 0 1.91312e-15 1.80988e-16
 1043 0 1.91128e-15 1.80824e-16
 1044 0 1.90945e-15 1.8066e-16
 1045 0 1.90762e-15 1.80496e-16
 1046 0 1.9058e-15 1.80333e-16
 1047 0 1.90398e-15 1.8017e-16
 1048 0 1.90216e-15 1.80007e-16
 1049 0 1.90035e-15 1.79844e-16
 1050 0 1.89854e-15 1.79682e-16
 1051 0 1.89673e-15 1.7952e-16
 1052 1.97373e-14 1.91369e-15 1.80149e-16
 1053 0 1.91188e-15 1.79987e-16
 1054 0 1.91006e-15 1.79826e-16
 1055 0 1.90825e-15 1.79664e-16
 1056 0 1.90644e-15 1.79503e-16
 1057 0 1.90464e-15 1.79342e-16
 1058 0 1.90284e-15 1.79182e-16
 1059 0 1.90104e-15 1.79021e-16
 1060 0 1.89925e-15 1.78861e-16
 1061 0 1.89746e-15 1.78702e-16
 1062 0 1.89567e-15 1.78542e-16
 1063 0 1.89389e-15 1.78383e-16
 1064 0 1.89211e-15 1.78224e-16
 1065 0 1.89033e-15 1.78066e-16
 1066 0 1.88856e-15 1.77908e-16
 1067 1.97373e-14 1.90529e-15 1.78526e-16
 1068 0 1.9035e-15 1.78368e-16
 1069 0 1.90172e-15 1.7821e-16
 1070 0 1.89995e-15 1.78052e-16
 1071 0 1.89817e-15 1.77895e-16
 1072 0 1.8964e-15 1.77737e-16
 1073 0 1.89463e-15 1.7758e-16
 1074 0 1.89287e-15 1.77424e-16
 1075 0 1.89111e-15 1.77267e-16
 1076 0 1.88935e-15 1.77111e-16
 1077 0 1.8876e-15 1.76955e-16
 1078 1.97373e-14 1.90415e-15 1.77565e-16
 1079 0 1.90239e-15 1.77409e-16
 1080 0 1.90063e-15 1.77253e-16
 1081 0 1.89887e-15 1.77098e-16
 1082 0 1.89712e-15 1.76943e-16
 1083 0 1.89536e-15 1.76788e-16
 1084 0 1.89362e-15 1.76634e-16
 1085 0 1.89187e-15 1.7648e-16
 1086 0 1.89013e-15 1.76326e-16
 1087 0 1.88839e-15 1.76172e-16
 1088 0 1.88665e-15 1.76018e-16
 1089 0 1.88492e-15 1.75865e-16
 1090 0 1.88319e-15 1.75712e-16
 1091 0 1.88147e-15 1.7556e-16
 1092 0 1.87974e-15 1.75407e-16
 1093 0 1.87802e-15 1.75255e-16
 1094 0 1.87631e-15 1.75103e-16
 1095 0 1.87459e-15 1.74952e-16
 1096 0 1.87288e-15 1.748e-16
 1097 0 1.87118e-15 1.74649e-16
 1098 0 1.86947e-15 1.74499e-16
 1099 0 1.86777e-15 1.74348e-16
 1100 0 1.86607e-15 1.74198e-16
 1101 0 1.86438e-15 1.74048e-16
 1102 0 1.86269e-15 1.73898e-16
 1103 0 1.861e-15 1.73748e-16
 1104 0 1.85931e-15 1.73599e-16
 1105 0 1.85763e-15 1.7345e-16
 1106 0 1.85595e-15 1.73301e-16
 1107 0 1.85427e-15 1.73153e-16
 1108 0 1.8526e-15 1.73005e-16
 1109 0 1.85093e-15 1.72857e-16
 1110 0 1.84926e-15 1.72709e-16
 1111 0 1.8476e-15 1.72561e-16
 1112 0 1.84593e-15 1.72414e-16
 1113 0 1.84428e-15 1.72267e-16
 1114 0 1.84262e-15 1.7212e-16
 1115 0 1.84097e-15 1.71974e-16
 1116 0 1.83932e-15 1.71828e-16
 1117 0 1.83767e-15 1.71682e-16
 1118 0 1.83603e-15 1.71536e-16
 1119 0 1.83439e-15 1.7139e-16
 1120 0 1.83275e-15 1.71245e-16
 1121 0 1.83111e-15 1.711e-16
 1122 0 1.82948e-15 1.70955e-16
 1123 0 1.82785e-15 1.70811e-16
 1124 0 1.82623e-15 1.70666e-16
 1125 0 1.8246e-15 1.70522e-16
 1126 0 1.82298e-15 1.70379e-16
 1127 0 1.82137e-15 1.70235e-16
 1128 0 1.81975e-15 1.70092e-16
 1129 0 1.81814e-15 1.69949e-16
 1130 0 1.81653e-15 1.69806e-16
 1131 0 1.81492e-15 1.69663e-16
 1132 0 1.81332e-15 1.69521e-16
 1133 0 1.81172e-15 1.69379e-16
 1134 0 1.81012e-15 1.69237e-16
 1135 0 1.80853e-15 1.69095e-16
 1136 0 1.80694e-15 1.68954e-16
 1137 0 1.80535e-15 1.68813e-16
 1138 0 1.80376e-15 1.68672e-16
 1139 0 1.80218e-15 1.68531e-16
 1140 0 1.8006e-15 1.6839e-16
 1141 0 1.79902e-15 1.6825e-16
 1142 0 1.79744e-15 1.6811e-16
 1143 0 1.79587e-15 1.6797e-16
 1144 0 1.7943e-15 1.67831e-16
 1145 0 1.79273e-15 1.67692e-16
 1146 0 1.79117e-15 1.67552e-16
 1147 0 1.78961e-15 1.67414e-16
 1148 0 1.78805e-15 1.67275e-16
 1149 0 1.78649e-15 1.67137e-16
 1150 0 1.78494e-15 1.66998e-16
 1151 0 1.78339e-15 1.6686e-16
 1152 0 1.78184e-15 1.66723e-16
 1153 0 1.78029e-15 1.66585e-16
 1154 0 1.77875e-15 1.66448e-16
 1155 0 1.77721e-15 1.66311e-16
 1156 0 1.77567e-15 1.66174e-16
 1157 0 1.77414e-15 1.66038e-16
 1158 0 1.77261e-15 1.65901e-16
 1159 0 1.77108e-15 1.65765e-16
 1160 0 1.76955e-15 1.65629e-16
 1161 0 1.76803e-15 1.65493e-16
 1162 0 1.76651e-15 1.65358e-16
 1163 0 1.76499e-15 1.65223e-16
 1164 0 1.76347e-15 1.65088e-16
 1165 0 1.76196e-15 1.64953e-16
 1166 0 1.76045e-15 1.64818e-16
 1167 0 1.75894e-15 1.64684e-16
 1168 0 1.75743e-15 1.6455e-16
 1169 0 1.75593e-15 1.64416e-16
 1170 0 1.75443e-15 1.64282e-16
 1171 0 1.75293e-15 1.64148e-16
 1172 0 1.75143e-15 1.64015e-16
 1173 0 1.74994e-15 1.63882e-16
 1174 0 1.74845e-15 1.63749e-16
 1175 0 1.74696e-15 1.63617e-16
 1176 0 1.74548e-15 1.63484e-16
 1177 0 1.74399e-15 1.63352e-16
 1178 0 1.74251e-15 1.6322e-16
 1179 0 1.74103e-15 1.63088e-16
 1180 0 1.73956e-15 1.62956e-16
 1181 0 1.73809e-15 1.62825e-16
 1182 0 1.73662e-15 1.62694e-16
 1183 0 1.73515e-15 1.62563e-16
 1184 0 1.73368e-15 1.62432e-16
 1185 0 1.73222e-15 1.62302e-16
 1186 0 1.73076e-15 1.62171e-16
 1187 0 1.7293e-15 1.62041e-16
 1188 0 1.72784e-15 1.61911e-16
 1189 0 1.72639e-15 1.61782e-16
 1190 0 1.72494e-15 1.61652e-16
 1191 0 1.72349e-15 1.61523e-16
 1192 0 1.72205e-15 1.61394e-16
 1193 0 1.7206e-15 1.61265e-16
 1194 1.97373e-14 1.73569e-15 1.61835e-16
 1195 1.97373e-14 1.75076e-15 1.62399e-16
 1196 0 1.74929e-15 1.6227e-16
 1197 0 1.74783e-15 1.62141e-16
 1198 0 1.74637e-15 1.62012e-16
 1199 0 1.74492e-15 1.61884e-16
 1200 0 1.74346e-15 1.61755e-16
 1201 0 1.74201e-15 1.61627e-16
 1202 0 1.74056e-15 1.61499e-16
 1203 0 1.73911e-15 1.61371e-16
 1204 0 1.73767e-15 1.61244e-16
 1205 0 1.73623e-15 1.61116e-16
 1206 0 1.73479e-15 1.60989e-16
 1207 0 1.73335e-15 1.60862e-16
 1208 0 1.73192e-15 1.60735e-16
 1209 0 1.73048e-15 1.60609e-16
 1210 0 1.72905e-15 1.60482e-16
 1211 0 1.72762e-15 1.60356e-16
 1212 0 1.7262e-15 1.6023e-16
 1213 0 1.72478e-15 1.60104e-16
 1214 0 1.72336e-15 1.59978e-16
 1215 0 1.72194e-15 1.59853e-16
 1216 0 1.72052e-15 1.59728e-16
 1217 0 1.71911e-15 1.59603e-16
 1218 0 1.7177e-15 1.59478e-16
 1219 0 1.71629e-15 1.59353e-16
 1220 0 1.71488e-15 1.59229e-16
 1221 0 1.71348e-15 1.59105e-16
 1222 0 1.71207e-15 1.5898e-16
 1223 0 1.71067e-15 1.58857e-16
 1224 0 1.70928e-15 1.58733e-16
 1225 0 1.70788e-15 1.58609e-16
 1226 0 1.70649e-15 1.58486e-16
 1227 0 1.7051e-15 1.58363e-16
 1228 0 1.70371e-15 1.5824e-16
 1229 0 1.70232e-15 1.58117e-16
 1230 0 1.70094e-15 1.57995e-16
 1231 0 1.69956e-15 1.57872e-16
 1232 0 1.69818e-15 1.5775e-16
 1233 0 1.6968e-15 1.57628e-16
 1234 0 1.69542e-15 1.57507e-16
 1235 0 1.69405e-15 1.57385e-16
 1236 0 1.69268e-15 1.57263e-16
 1237 0 1.69131e-15 1.57142e-16
 1238 0 1.68995e-15 1.57021e-16
 1239 0 1.68858e-15 1.569e-16
 1240 0 1.68722e-15 1.5678e-16
 1241 0 1.68586e-15 1.56659e-16
 1242 0 1.6845e-15 1.56539e-16
 1243 0 1.68315e-15 1.56419e-16
 1244 0 1.6818e-15 1.56299e-16
 1245 0 1.68044e-15 1.56179e-16
 1246 0 1.6791e-15 1.5606e-16
 1247 0 1.67775e-15 1.5594e-16
 1248 0 1.67641e-15 1.55821e-16
 1249 0 1.67506e-15 1.55702e-16
 1250 0 1.67372e-15 1.55583e-16
 1251 0 1.67238e-15 1.55464e-16
 1252 0 1.67105e-15 1.55346e-16
 1253 0 1.66972e-15 1.55228e-16
 1254 0 1.66838e-15 1.5511e-16
 1255 0 1.66705e-15 1.54992e-16
 1256 0 1.66573e-15 1.54874e-16
 1257 0 1.6644e-15 1.54756e-16
 1258 0 1.66308e-15 1.54639e-16
 1259 0 1.66176e-15 1.54522e-16
 1260 0 1.66044e-15 1.54405e-16
 1261 0 1.65912e-15 1.54288e-16
 1262 0 1.65781e-15 1.54171e-16
 1263 0 1.6565e-15 1.54054e-16
 1264 0 1.65518e-15 1.53938e-16
 1265 0 1.65388e-15 1.53822e-16
 1266 0 1.65257e-15 1.53706e-16
 1267 0 1.65127e-15 1.5359e-16
 1268 0 1.64996e-15 1.53474e-16
 1269 0 1.64866e-15 1.53359e-16
 1270 0 1.64737e-15 1.53244e-16
 1271 0 1.64607e-15 1.53129e-16
 1272 0 1.64477e-15 1.53014e-16
 1273 0 1.64348e-15 1.52899e-16
 1274 0 1.64219e-15 1.52784e-16
 1275 0 1.6409e-15 1.5267e-16
 1276 0 1.63962e-15 1.52555e-16
 1277 0 1.63833e-15 1.52441e-16
 1278 0 1.63705e-15 1.52327e-16
 1279 0 1.63577e-15 1.52214e-16
 1280 0 1.6345e-15 1.521e-16
 1281 0 1.63322e-15 1.51987e-16
 1282 0 1.63195e-15 1.51873e-16
 1283 0 1.63067e-15 1.5176e-16
 1284 0 1.6294e-15 1.51647e-16
 1285 0 1.62814e-15 1.51535e-16
 1286 0 1.62687e-15 1.51422e-16
 1287 0 1.6256e-15 1.5131e-16
 1288 0 1.62434e-15 1.51197e-16
 1289 0 1.62308e-15 1.51085e-16
 1290 0 1.62182e-15 1.50973e-16
 1291 0 1.62057e-15 1.50862e-16
 1292 0 1.61931e-15 1.5075e-16
 1293 0 1.61806e-15 1.50639e-16
 1294 0 1.61681e-15 1.50527e-16
 1295 0 1.61556e-15 1.50416e-16
 1296 0 1.61432e-15 1.50305e-16
 1297 0 1.61307e-15 1.50195e-16
 1298 0 1.61183e-15 1.50084e-16
 1299 0 1.61059e-15 1.49973e-16
 1300 0 1.60935e-15 1.49863e-16
 1301 0 1.60811e-15 1.49753e-16
 1302 0 1.60688e-15 1.49643e-16
 1303 0 1.60564e-15 1.49533e-16
 1304 0 1.60441e-15 1.49424e-16
 1305 0 1.60318e-15 1.49314e-16
 1306 0 1.60196e-15 1.49205e-16
 1307 0 1.60073e-15 1.49096e-16
 1308 0 1.59951e-15 1.48987e-16
 1309 0 1.59828e-15 1.48878e-16
 1310 0 1.59706e-15 1.48769e-16
 1311 0 1.59585e-15 1.48661e-16
 1312 0 1.59463e-15 1.48552e-16
 1313 0 1.59341e-15 1.48444e-16
 1314 0 1.5922e-15 1.48336e-16
 1315 0 1.59099e-15 1.48228e-16
 1316 0 1.58978e-15 1.4812e-16
 1317 0 1.58858e-15 1.48013e-16
 1318 0 1.58737e-15 1.47905e-16
 1319 0 1.58617e-15 1.47798e-16
 1320 0 1.58496e-15 1.47691e-16
 1321 0 1.58377e-15 1.47584e-16
 1322 0 1.58257e-15 1.47477e-16
 1323 0 1.58137e-15 1.4737e-16
 1324 0 1.58018e-15 1.47264e-16
 1325 0 1.57898e-15 1.47158e-16
 1326 0 1.57779e-15 1.47051e-16
 1327 0 1.5766e-15 1.46945e-16
 1328 0 1.57542e-15 1.46839e-16
 1329 0 1.57423e-15 1.46734e-16
 1330 0 1.57305e-15 1.46628e-16
 1331 0 1.57187e-15 1.46523e-16
 1332 0 1.57069e-15 1.46417e-16
 1333 0 1.56951e-15 1.46312e-16
 1334 0 1.56833e-15 1.46207e-16
 1335 0 1.56716e-15 1.46102e-16
 1336 0 1.56598e-15 1.45998e-16
 1337 0 1.56481e-15 1.45893e-16
 1338 0 1.56364e-15 1.45789e-16
 1339 0 1.56247e-15 1.45685e-16
 1340 0 1.56131e-15 1.4558e-16
 1341 0 1.56014e-15 1.45477e-16
 1342 0 1.55898e-15 1.45373e-16
 1343 0 1.55782e-15 1.45269e-16
 1344 0 1.55666e-15 1.45166e-16
 1345 0 1.5555e-15 1.45062e-16
 1346 0 1.55435e-15 1.44959e-16
 1347 0 1.55319e-15 1.44856e-16
 1348 0 1.55204e-15 1.44753e-16
 1349 0 1.55089e-15 1.4465e-16
 1350 0 1.54974e-15 1.44548e-16
 1351 0 1.5486e-15 1.44445e-16
 1352 0 1.54745e-15 1.44343e-16
 1353 0 1.54631e-15 1.44241e-16
 1354 0 1.54517e-15 1.44139e-16
 1355 0 1.54402e-15 1.44037e-16
 1356 0 1.54289e-15 1.43935e-16
 1357 0 1.54175e-15 1.43833e-16
 1358 0 1.54061e-15 1.43732e-16
 1359 0 1.53948e-15 1.43631e-16
 1360 0 1.53835e-15 1.43529e-16
 1361 0 1.53722e-15 1.43428e-16
 1362 0 1.53609e-15 1.43327e-16
 1363 0 1.53496e-15 1.43227e-16
 1364 0 1.53384e-15 1.43126e-16
 1365 0 1.53271e-15 1.43026e-16
 1366 0 1.53159e-15 1.42925e-16
 1367 0 1.53047e-15 1.42825e-16
 1368 0 1.52935e-15 1.42725e-16
 1369 0 1.52823e-15 1.42625e-16
 1370 0 1.52712e-15 1.42525e-16
 1371 0 1.52601e-15 1.42426e-16
 1372 0 1.52489e-15 1.42326e-16
 1373 0 1.52378e-15 1.42227e-16
 1374 0 1.52267e-15 1.42128e-16
 1375 0 1.52157e-15 1.42028e-16
 1376 0 1.52046e-15 1.4193e-16
 1377 0 1.51936e-15 1.41831e-16
 1378 0 1.51825e-15 1.41732e-16
 1379 0 1.51715e-15 1.41633e-16
 1380 0 1.51605e-15 1.41535e-16
 1381 0 1.51496e-15 1.41437e-16
 1382 0 1.51386e-15 1.41339e-16
 1383 0 1.51276e-15 1.41241e-16
 1384 0 1.51167e-15 1.41143e-16
 1385 0 1.51058e-15 1.41045e-16
 1386 0 1.50949e-15 1.40948e-16
 1387 0 1.5084e-15 1.4085e-16
 1388 0 1.50732e-15 1.40753e-16
 1389 0 1.50623e-15 1.40656e-16
 1390 0 1.50515e-15 1.40559e-16
 1391 0 1.50406e-15 1.40462e-16
 1392 0 1.50298e-15 1.40365e-16
 1393 0 1.5019e-15 1.40268e-16
 1394 0 1.50083e-15 1.40172e-16
 1395 0 1.49975e-15 1.40075e-16
 1396 0 1.49868e-15 1.39979e-16
 1397 0 1.4976e-15 1.39883e-16
 1398 0 1.49653e-15 1.39787e-16
 1399 0 1.49546e-15 1.39691e-16
 1400 0 1.4944e-15 1.39595e-16
 1401 0 1.49333e-15 1.395e-16
 1402 0 1.49226e-15 1.39404e-16
 1403 0 1.4912e-15 1.39309e-16
 1404 0 1.49014e-15 1.39214e-16
 1405 0 1.48908e-15 1.39119e-16
 1406 0 1.48802e-15 1.39024e-16
 1407 0 1.48696e-15 1.38929e-16
 1408 0 1.4859e-15 1.38834e-16
 1409 0 1.48485e-15 1.3874e-16
 1410 0 1.4838e-15 1.38645e-16
 1411 0 1.48275e-15 1.38551e-16
 1412 1.97373e-14 1.49567e-15 1.39055e-16
 1413 0 1.49461e-15 1.38961e-16
 1414 0 1.49356e-15 1.38866e-16
 1415 0 1.4925e-15 1.38772e-16
 1416 0 1.49145e-15 1.38678e-16
 1417 0 1.4904e-15 1.38584e-16
 1418 0 1.48934e-15 1.3849e-16
 1419 0 1.4883e-15 1.38397e-16
 1420 0 1.48725e-15 1.38303e-16
 1421 0 1.4862e-15 1.3821e-16
 1422 0 1.48516e-15 1.38117e-16
 1423 0 1.48411e-15 1.38023e-16
 1424 0 1.48307e-15 1.3793e-16
 1425 0 1.48203e-15 1.37838e-16
 1426 0 1.48099e-15 1.37745e-16
 1427 0 1.47995e-15 1.37652e-16
 1428 0 1.47892e-15 1.3756e-16
 1429 0 1.47788e-15 1.37467e-16
 1430 0 1.47685e-15 1.37375e-16
 1431 0 1.47581e-15 1.37283e-16
 1432 0 1.47478e-15 1.37191e-16
 1433 0 1.47375e-15 1.37099e-16
 1434 0 1.47273e-15 1.37007e-16
 1435 0 1.4717e-15 1.36915e-16
 1436 0 1.47068e-15 1.36824e-16
 1437 0 1.46965e-15 1.36732e-16
 1438 0 1.46863e-15 1.36641e-16
 1439 0 1.46761e-15 1.3655e-16
 1440 0 1.46659e-15 1.36459e-16
 1441 0 1.46557e-15 1.36368e-16
 1442 0 1.46456e-15 1.36277e-16
 1443 0 1.46354e-15 1.36186e-16
 1444 0 1.46253e-15 1.36096e-16
 1445 0 1.46152e-15 1.36005e-16
 1446 0 1.46051e-15 1.35915e-16
 1447 0 1.4595e-15 1.35825e-16
 1448 0 1.45849e-15 1.35735e-16
 1449 0 1.45748e-15 1.35645e-16
 1450 0 1.45648e-15 1.35555e-16
 1451 0 1.45547e-15 1.35465e-16
 1452 0 1.45447e-15 1.35376e-16
 1453 0 1.45347e-15 1.35286e-16
 1454 0 1.45247e-15 1.35197e-16
 1455 0 1.45147e-15 1.35107e-16
 1456 0 1.45047e-15 1.35018e-16
 1457 0 1.44948e-15 1.34929e-16
 1458 0 1.44848e-15 1.3484e-16
 1459 0 1.44749e-15 1.34752e-16
 1460 0 1.4465e-15 1.34663e-16
 1461 0 1.44551e-15 1.34574e-16
 1462 0 1.44452e-15 1.34486e-16
 1463 0 1.44353e-15 1.34398e-16
 1464 0 1.44255e-15 1.34309e-16
 1465 0 1.44156e-15 1.34221e-16
 1466 0 1.44058e-15 1.34133e-16
 1467 0 1.4396e-15 1.34045e-16
 1468 0 1.43862e-15 1.33958e-16
 1469 0 1.43764e-15 1.3387e-16
 1470 0 1.43666e-15 1.33782e-16
 1471 0 1.43568e-15 1.33695e-16
 1472 0 1.43471e-15 1.33608e-16
 1473 0 1.43373e-15 1.33521e-16
 1474 0 1.43276e-15 1.33434e-16
 1475 0 1.43179e-15 1.33347e-16
 1476 0 1.43082e-15 1.3326e-16
 1477 0 1.42985e-15 1.33173e-16
 1478 0 1.42888e-15 1.33086e-16
 1479 0 1.42792e-15 1.33e-16
 1480 0 1.42695e-15 1.32913e-16
 1481 1.97373e-14 1.43932e-15 1.33398e-16
 1482 0 1.43835e-15 1.33311e-16
 1483 0 1.43738e-15 1.33225e-16
 1484 0 1.43641e-15 1.33139e-16
 1485 0 1.43544e-15 1.33053e-16
 1486 0 1.43447e-15 1.32966e-16
 1487 0 1.43351e-15 1.32881e-16
 1488 0 1.43255e-15 1.32795e-16
 1489 0 1.43158e-15 1.32709e-16
 1490 0 1.43062e-15 1.32623e-16
 1491 0 1.42966e-15 1.32538e-16
 1492 0 1.42871e-15 1.32452e-16
 1493 0 1.42775e-15 1.32367e-16
 1494 0 1.42679e-15 1.32282e-16
 1495 0 1.42584e-15 1.32197e-16
 1496 0 1.42489e-15 1.32112e-16
 1497 0 1.42393e-15 1.32027e-16
 1498 0 1.42298e-15 1.31942e-16
 1499 0 1.42203e-15 1.31858e-16
 1500 0 1.42109e-15 1.31773e-16
 1501 0 1.42014e-15 1.31689e-16
 1502 0 1.41919e-15 1.31604e-16
 1503 0 1.41825e-15 1.3152e-16
 1504 0 1.41731e-15 1.31436e-16
 1505 0 1.41636e-15 1.31352e-16
 1506 0 1.41542e-15 1.31268e-16
 1507 0 1.41448e-15 1.31185e-16
 1508 0 1.41355e-15 1.31101e-16
 1509 0 1.41261e-15 1.31017e-16
 1510 0 1.41167e-15 1.30934e-16
 1511 0 1.41074e-15 1.30851e-16
 1512 0 1.40981e-15 1.30767e-16
 1513 0 1.40888e-15 1.30684e-16
 1514 0 1.40794e-15 1.30601e-16
 1515 0 1.40702e-15 1.30518e-16
 1516 0 1.40609e-15 1.30435e-16
 1517 0 1.40516e-15 1.30353e-16
 1518 0 1.40423e-15 1.3027e-16
 1519 0 1.40331e-15 1.30188e-16
 1520 0 1.40239e-15 1.30105e-16
 1521 0 1.40146e-15 1.30023e-16
 1522 0 1.40054e-15 1.29941e-16
 1523 0 1.39962e-15 1.29859e-16
 1524 0 1.39871e-15 1.29777e-16
 1525 0 1.39779e-15 1.29695e-16
 1526 0 1.39687e-15 1.29613e-16
 1527 0 1.39596e-15 1.29531e-16
 1528 0 1.39504e-15 1.2945e-16
 1529 0 1.39413e-15 1.29368e-16
 1530 0 1.39322e-15 1.29287e-16
 1531 0 1.39231e-15 1.29206e-16
 1532 0 1.3914e-15 1.29124e-16
 1533 0 1.39049e-15 1.29043e-16
 1534 0 1.38959e-15 1.28962e-16
 1535 0 1.38868e-15 1.28881e-16
 1536 0 1.38778e-15 1.28801e-16
 1537 0 1.38688e-15 1.2872e-16
 1538 0 1.38597e-15 1.28639e-16
 1539 0 1.38507e-15 1.28559e-16
 1540 0 1.38417e-15 1.28479e-16
 1541 0 1.38328e-15 1.28398e-16
 1542 0 1.38238e-15 1.28318e-16
 1543 0 1.38148e-15 1.28238e-16
 1544 0 1.38059e-15 1.28158e-16
 1545 0 1.37969e-15 1.28078e-16
 1546 0 1.3788e-15 1.27999e-16
 1547 0 1.37791e-15 1.27919e-16
 1548 0 1.37702e-15 1.27839e-16
 1549 0 1.37613e-15 1.2776e-16
 1550 0 1.37524e-15 1.27681e-16
 1551 0 1.37436e-15 1.27601e-16
 1552 0 1.37347e-15 1.27522e-16
 1553 0 1.37259e-15 1.27443e-16
 1554 0 1.3717e-15 1.27364e-16
 1555 0 1.37082e-15 1.27285e-16
 1556 0 1.36994e-15 1.27206e-16
 1557 0 1.36906e-15 1.27128e-16
 1558 0 1.36818e-15 1.27049e-16
 1559 1.97373e-14 1.37997e-15 1.27513e-16
 1560 0 1.37908e-15 1.27434e-16
 1561 0 1.3782e-15 1.27356e-16
 1562 0 1.37731e-15 1.27277e-16
 1563 0 1.37643e-15 1.27199e-16
 1564 0 1.37555e-15 1.27121e-16
 1565 0 1.37467e-15 1.27042e-16
 1566 0 1.3738e-15 1.26964e-16
 1567 0 1.37292e-15 1.26886e-16
 1568 0 1.37204e-15 1.26808e-16
 1569 0 1.37117e-15 1.26731e-16
 1570 0 1.3703e-15 1.26653e-16
 1571 0 1.36942e-15 1.26575e-16
 1572 0 1.36855e-15 1.26498e-16
 1573 1.97373e-14 1.38023e-15 1.26955e-16
 1574 1.97373e-14 1.39189e-15 1.2741e-16
 1575 1.97373e-14 1.40354e-15 1.2786e-16
 1576 1.97373e-14 1.41517e-15 1.28308e-16
 1577 1.97373e-14 1.42679e-15 1.28752e-16
 1578 1.97373e-14 1.4384e-15 1.29192e-16
 1579 0 1.43749e-15 1.29113e-16
 1580 0 1.43658e-15 1.29035e-16
 1581 0 1.43567e-15 1.28956e-16
 1582 0 1.43476e-15 1.28878e-16
 1583 0 1.43385e-15 1.288e-16
 1584 0 1.43295e-15 1.28722e-16
 1585 0 1.43204e-15 1.28644e-16
 1586 0 1.43114e-15 1.28566e-16
 1587 0 1.43024e-15 1.28488e-16
 1588 0 1.42934e-15 1.2841e-16
 1589 0 1.42844e-15 1.28332e-16
 1590 0 1.42754e-15 1.28255e-16
 1591 0 1.42664e-15 1.28177e-16
 1592 0 1.42575e-15 1.281e-16
 1593 0 1.42485e-15 1.28023e-16
 1594 0 1.42396e-15 1.27945e-16
 1595 0 1.42307e-15 1.27868e-16
 1596 0 1.42217e-15 1.27791e-16
 1597 0 1.42128e-15 1.27714e-16
 1598 0 1.42039e-15 1.27637e-16
 1599 0 1.41951e-15 1.27561e-16
 1600 0 1.41862e-15 1.27484e-16
 1601 0 1.41773e-15 1.27407e-16
 1602 0 1.41685e-15 1.27331e-16
 1603 0 1.41596e-15 1.27255e-16
 1604 0 1.41508e-15 1.27178e-16
 1605 0 1.4142e-15 1.27102e-16
 1606 0 1.41332e-15 1.27026e-16
 1607 0 1.41244e-15 1.2695e-16
 1608 0 1.41156e-15 1.26874e-16
 1609 0 1.41068e-15 1.26798e-16
 1610 0 1.40981e-15 1.26722e-16
 1611 1.97373e-14 1.42118e-15 1.27154e-16
 1612 0 1.4203e-15 1.27078e-16
 1613 1.97373e-14 1.43166e-15 1.27506e-16
 1614 0 1.43077e-15 1.2743e-16
 1615 0 1.42988e-15 1.27354e-16
 1616 0 1.429e-15 1.27278e-16
 1617 0 1.42812e-15 1.27202e-16
 1618 0 1.42723e-15 1.27127e-16
 1619 0 1.42635e-15 1.27051e-16
 1620 0 1.42547e-15 1.26976e-16
 1621 0 1.42459e-15 1.26901e-16
 1622 0 1.42371e-15 1.26825e-16
 1623 0 1.42284e-15 1.2675e-16
 1624 0 1.42196e-15 1.26675e-16
 1625 0 1.42109e-15 1.266e-16
 1626 0 1.42021e-15 1.26525e-16
 1627 1.97373e-14 1.43147e-15 1.26948e-16
 1628 1.97373e-14 1.44271e-15 1.27367e-16
 1629 1.97373e-14 1.45394e-15 1.27783e-16
 1630 0 1.45305e-15 1.27708e-16
 1631 0 1.45216e-15 1.27633e-16
 1632 0 1.45127e-15 1.27558e-16
 1633 1.97373e-14 1.46247e-15 1.27971e-16
 1634 1.97373e-14 1.47365e-15 1.2838e-16
 1635 1.97373e-14 1.48482e-15 1.28787e-16
 1636 1.97373e-14 1.49598e-15 1.29191e-16
 1637 1.97373e-14 1.50712e-15 1.29592e-16
 1638 1.97373e-14 1.51825e-15 1.2999e-16
 1639 0 1.51733e-15 1.29914e-16
 1640 0 1.5164e-15 1.29838e-16
 1641 0 1.51548e-15 1.29762e-16
 1642 0 1.51456e-15 1.29687e-16
 1643 0 1.51363e-15 1.29611e-16
 1644 0 1.51271e-15 1.29535e-16
 1645 0 1.51179e-15 1.2946e-16
 1646 0 1.51087e-15 1.29384e-16
 1647 0 1.50996e-15 1.29309e-16
 1648 0 1.50904e-15 1.29234e-16
 1649 0 1.50813e-15 1.29159e-16
 1650 0 1.50721e-15 1.29084e-16
 1651 0 1.5063e-15 1.29009e-16
 1652 0 1.50539e-15 1.28934e-16
 1653 0 1.50448e-15 1.28859e-16
 1654 1.97373e-14 1.5155e-15 1.29252e-16
 1655 1.97373e-14 1.52651e-15 1.29642e-16
 1656 1.97373e-14 1.53751e-15 1.3003e-16
 1657 1.97373e-14 1.54849e-15 1.30415e-16
 1658 1.97373e-14 1.55946e-15 1.30797e-16
 1659 1.97373e-14 1.57042e-15 1.31176e-16
 1660 0 1.56947e-15 1.31101e-16
 1661 0 1.56853e-15 1.31025e-16
 1662 0 1.56758e-15 1.3095e-16
 1663 0 1.56664e-15 1.30874e-16
 1664 0 1.5657e-15 1.30799e-16
 1665 0 1.56476e-15 1.30724e-16
 1666 0 1.56382e-15 1.30649e-16
 1667 0 1.56288e-15 1.30574e-16
 1668 0 1.56194e-15 1.30499e-16
 1669 0 1.56101e-15 1.30424e-16
 1670 0 1.56007e-15 1.30349e-16
 1671 0 1.55914e-15 1.30274e-16
 1672 0 1.55821e-15 1.302e-16
 1673 0 1.55728e-15 1.30125e-16
 1674 0 1.55635e-15 1.30051e-16
 1675 0 1.55542e-15 1.29977e-16
 1676 0 1.55449e-15 1.29902e-16
 1677 0 1.55356e-15 1.29828e-16
 1678 0 1.55264e-15 1.29754e-16
 1679 0 1.55171e-15 1.2968e-16
 1680 0 1.55079e-15 1.29606e-16
 1681 0 1.54987e-15 1.29532e-16
 1682 0 1.54894e-15 1.29459e-16
 1683 0 1.54802e-15 1.29385e-16
 1684 0 1.5471e-15 1.29311e-16
 1685 0 1.54619e-15 1.29238e-16
 1686 0 1.54527e-15 1.29164e-16
 1687 0 1.54435e-15 1.29091e-16
 1688 0 1.54344e-15 1.29018e-16
 1689 0 1.54252e-15 1.28945e-16
 1690 0 1.54161e-15 1.28871e-16
 1691 0 1.5407e-15 1.28798e-16
 1692 0 1.53979e-15 1.28726e-16
 1693 0 1.53888e-15 1.28653e-16
 1694 0 1.53797e-15 1.2858e-16
 1695 0 1.53706e-15 1.28507e-16
 1696 0 1.53616e-15 1.28435e-16
 1697 0 1.53525e-15 1.28362e-16
 1698 0 1.53435e-15 1.2829e-16
 1699 0 1.53345e-15 1.28217e-16
 1700 0 1.53254e-15 1.28145e-16
 1701 0 1.53164e-15 1.28073e-16
 1702 0 1.53074e-15 1.28001e-16
 1703 0 1.52984e-15 1.27929e-16
 1704 0 1.52895e-15 1.27857e-16
 1705 0 1.52805e-15 1.27785e-16
 1706 0 1.52715e-15 1.27713e-16
 1707 0 1.52626e-15 1.27642e-16
 1708 0 1.52536e-15 1.2757e-16
 1709 0 1.52447e-15 1.27498e-16
 1710 0 1.52358e-15 1.27427e-16
 1711 0 1.52269e-15 1.27355e-16
 1712 0 1.5218e-15 1.27284e-16
 1713 0 1.52091e-15 1.27213e-16
 1714 0 1.52003e-15 1.27142e-16
 1715 0 1.51914e-15 1.27071e-16
 1716 0 1.51825e-15 1.27e-16
 1717 0 1.51737e-15 1.26929e-16
 1718 0 1.51649e-15 1.26858e-16
 1719 0 1.5156e-15 1.26787e-16
 1720 0 1.51472e-15 1.26717e-16
 1721 0 1.51384e-15 1.26646e-16
 1722 0 1.51296e-15 1.26575e-16
 1723 0 1.51209e-15 1.26505e-16
 1724 0 1.51121e-15 1.26435e-16
 1725 0 1.51033e-15 1.26364e-16
 1726 0 1.50946e-15 1.26294e-16
 1727 0 1.50858e-15 1.26224e-16
 1728 0 1.50771e-15 1.26154e-16
 1729 0 1.50684e-15 1.26084e-16
 1730 0 1.50597e-15 1.26014e-16
 1731 0 1.5051e-15 1.25944e-16
 1732 0 1.50423e-15 1.25875e-16
 1733 0 1.50336e-15 1.25805e-16
 1734 0 1.50249e-15 1.25735e-16
 1735 0 1.50163e-15 1.25666e-16
 1736 0 1.50076e-15 1.25596e-16
 1737 0 1.4999e-15 1.25527e-16
 1738 0 1.49904e-15 1.25458e-16
 1739 0 1.49817e-15 1.25389e-16
 1740 0 1.49731e-15 1.25319e-16
 1741 0 1.49645e-15 1.2525e-16
 1742 0 1.49559e-15 1.25181e-16
 1743 0 1.49474e-15 1.25113e-16
 1744 0 1.49388e-15 1.25044e-16
 1745 0 1.49302e-15 1.24975e-16
 1746 0 1.49217e-15 1.24906e-16
 1747 0 1.49131e-15 1.24838e-16
 1748 0 1.49046e-15 1.24769e-16
 1749 0 1.48961e-15 1.24701e-16
 1750 0 1.48876e-15 1.24632e-16
 1751 0 1.48791e-15 1.24564e-16
 1752 0 1.48706e-15 1.24496e-16
 1753 0 1.48621e-15 1.24428e-16
 1754 0 1.48536e-15 1.2436e-16
 1755 0 1.48451e-15 1.24292e-16
 1756 0 1.48367e-15 1.24224e-16
 1757 0 1.48282e-15 1.24156e-16
 1758 0 1.48198e-15 1.24088e-16
 1759 0 1.48114e-15 1.2402e-16
 1760 0 1.4803e-15 1.23953e-16
 1761 0 1.47946e-15 1.23885e-16
 1762 0 1.47862e-15 1.23818e-16
 1763 0 1.47778e-15 1.2375e-16
 1764 0 1.47694e-15 1.23683e-16
 1765 0 1.4761e-15 1.23616e-16
 1766 0 1.47527e-15 1.23549e-16
 1767 0 1.47443e-15 1.23481e-16
 1768 0 1.4736e-15 1.23414e-16
 1769 0 1.47277e-15 1.23347e-16
 1770 0 1.47193e-15 1.23281e-16
 1771 0 1.4711e-15 1.23214e-16
 1772 0 1.47027e-15 1.23147e-16
 1773 0 1.46944e-15 1.2308e-16
 1774 0 1.46862e-15 1.23014e-16
 1775 0 1.46779e-15 1.22947e-16
 1776 0 1.46696e-15 1.22881e-16
 1777 0 1.46614e-15 1.22814e-16
 1778 0 1.46531e-15 1.22748e-16
 1779 0 1.46449e-15 1.22682e-16
 1780 0 1.46366e-15 1.22615e-16
 1781 0 1.46284e-15 1.22549e-16
 1782 0 1.46202e-15 1.22483e-16
 1783 0 1.4612e-15 1.22417e-16
 1784 0 1.46038e-15 1.22351e-16
 1785 0 1.45956e-15 1.22286e-16
 1786 0 1.45875e-15 1.2222e-16
 1787 0 1.45793e-15 1.22154e-16
 1788 0 1.45712e-15 1.22089e-16
 1789 0 1.4563e-15 1.22023e-16
 1790 0 1.45549e-15 1.21958e-16
 1791 0 1.45468e-15 1.21892e-16
 1792 0 1.45386e-15 1.21827e-16
 1793 0 1.45305e-15 1.21762e-16
 1794 0 1.45224e-15 1.21696e-16
 1795 0 1.45143e-15 1.21631e-16
 1796 0 1.45063e-15 1.21566e-16
 1797 0 1.44982e-15 1.21501e-16
 1798 0 1.44901e-15 1.21436e-16
 1799 0 1.44821e-15 1.21371e-16
 1800 0 1.4474e-15 1.21307e-16
 1801 0 1.4466e-15 1.21242e-16
 1802 0 1.4458e-15 1.21177e-16
 1803 0 1.44499e-15 1.21113e-16
 1804 0 1.44419e-15 1.21048e-16
 1805 0 1.44339e-15 1.20984e-16
 1806 0 1.44259e-15 1.20919e-16
 1807 0 1.44179e-15 1.20855e-16
 1808 0 1.441e-15 1.20791e-16
 1809 0 1.4402e-15 1.20727e-16
 1810 0 1.43941e-15 1.20663e-16
 1811 0 1.43861e-15 1.20599e-16
 1812 0 1.43782e-15 1.20535e-16
 1813 0 1.43702e-15 1.20471e-16
 1814 0 1.43623e-15 1.20407e-16
 1815 0 1.43544e-15 1.20343e-16
 1816 0 1.43465e-15 1.20279e-16
 1817 0 1.43386e-15 1.20216e-16
 1818 0 1.43307e-15 1.20152e-16
 1819 0 1.43228e-15 1.20089e-16
 1820 0 1.4315e-15 1.20025e-16
 1821 0 1.43071e-15 1.19962e-16
 1822 0 1.42993e-15 1.19899e-16
 1823 0 1.42914e-15 1.19836e-16
 1824 0 1.42836e-15 1.19772e-16
 1825 0 1.42757e-15 1.19709e-16
 1826 0 1.42679e-15 1.19646e-16
 1827 0 1.42601e-15 1.19583e-16
 1828 0 1.42523e-15 1.1952e-16
 1829 0 1.42445e-15 1.19458e-16
 1830 0 1.42367e-15 1.19395e-16
 1831 0 1.4229e-15 1.19332e-16
 1832 0 1.42212e-15 1.1927e-16
 1833 0 1.42134e-15 1.19207e-16
 1834 0 1.42057e-15 1.19144e-16
 1835 0 1.41979e-15 1.19082e-16
 1836 0 1.41902e-15 1.1902e-16
 1837 0 1.41825e-15 1.18957e-16
 1838 0 1.41748e-15 1.18895e-16
 1839 0 1.41671e-15 1.18833e-16
 1840 0 1.41594e-15 1.18771e-16
 1841 0 1.41517e-15 1.18709e-16
 1842 0 1.4144e-15 1.18647e-16
 1843 0 1.41363e-15 1.18585e-16
 1844 0 1.41287e-15 1.18523e-16
 1845 0 1.4121e-15 1.18461e-16
 1846 0 1.41133e-15 1.184e-16
 1847 0 1.41057e-15 1.18338e-16
 1848 0 1.40981e-15 1.18276e-16
 1849 0 1.40904e-15 1.18215e-16
 1850 0 1.40828e-15 1.18153e-16
 1851 0 1.40752e-15 1.18092e-16
 1852 0 1.40676e-15 1.18031e-16
 1853 0 1.406e-15 1.17969e-16
 1854 0 1.40524e-15 1.17908e-16
 1855 0 1.40449e-15 1.17847e-16
 1856 0 1.40373e-15 1.17786e-16
 1857 0 1.40297e-15 1.17725e-16
 1858 0 1.40222e-15 1.17664e-16
 1859 0 1.40146e-15 1.17603e-16
 1860 0 1.40071e-15 1.17542e-16
 1861 0 1.39996e-15 1.17481e-16
 1862 0 1.39921e-15 1.17421e-16
 1863 0 1.39846e-15 1.1736e-16
 1864 0 1.39771e-15 1.173e-16
 1865 0 1.39696e-15 1.17239e-16
 1866 0 1.39621e-15 1.17179e-16
 1867 0 1.39546e-15 1.17118e-16
 1868 0 1.39471e-15 1.17058e-16
 1869 0 1.39397e-15 1.16998e-16
 1870 0 1.39322e-15 1.16937e-16
 1871 1.97373e-14 1.40303e-15 1.17285e-16
 1872 0 1.40228e-15 1.17225e-16
 1873 0 1.40153e-15 1.17165e-16
 1874 0 1.40078e-15 1.17105e-16
 1875 0 1.40003e-15 1.17045e-16
 1876 0 1.39929e-15 1.16985e-16
 1877 0 1.39854e-15 1.16925e-16
 1878 0 1.3978e-15 1.16865e-16
 1879 0 1.39705e-15 1.16805e-16
 1880 0 1.39631e-15 1.16745e-16
 1881 0 1.39557e-15 1.16685e-16
 1882 0 1.39483e-15 1.16626e-16
 1883 0 1.39408e-15 1.16566e-16
 1884 0 1.39334e-15 1.16507e-16
 1885 0 1.39261e-15 1.16447e-16
 1886 0 1.39187e-15 1.16388e-16
 1887 0 1.39113e-15 1.16328e-16
 1888 0 1.39039e-15 1.16269e-16
 1889 0 1.38966e-15 1.1621e-16
 1890 0 1.38892e-15 1.16151e-16
 1891 0 1.38819e-15 1.16092e-16
 1892 0 1.38745e-15 1.16032e-16
 1893 0 1.38672e-15 1.15973e-16
 1894 0 1.38599e-15 1.15915e-16
 1895 0 1.38526e-15 1.15856e-16
 1896 0 1.38453e-15 1.15797e-16
 1897 0 1.3838e-15 1.15738e-16
 1898 0 1.38307e-15 1.15679e-16
 1899 0 1.38234e-15 1.15621e-16
 1900 0 1.38161e-15 1.15562e-16
 1901 0 1.38088e-15 1.15504e-16
 1902 0 1.38016e-15 1.15445e-16
 1903 0 1.37943e-15 1.15387e-16
 1904 0 1.37871e-15 1.15328e-16
 1905 1.97373e-14 1.38835e-15 1.1567e-16
 1906 0 1.38762e-15 1.15612e-16
 1907 0 1.38689e-15 1.15553e-16
 1908 0 1.38616e-15 1.15495e-16
 1909 0 1.38544e-15 1.15437e-16
 1910 0 1.38471e-15 1.15379e-16
 1911 0 1.38399e-15 1.1532e-16
 1912 0 1.38326e-15 1.15262e-16
 1913 0 1.38254e-15 1.15204e-16
 1914 0 1.38182e-15 1.15146e-16
 1915 0 1.3811e-15 1.15089e-16
 1916 0 1.38037e-15 1.15031e-16
 1917 0 1.37965e-15 1.14973e-16
 1918 0 1.37894e-15 1.14915e-16
 1919 0 1.37822e-15 1.14858e-16
 1920 0 1.3775e-15 1.148e-16
 1921 0 1.37678e-15 1.14743e-16
 1922 0 1.37607e-15 1.14685e-16
 1923 0 1.37535e-15 1.14628e-16
 1924 0 1.37464e-15 1.1457e-16
 1925 0 1.37392e-15 1.14513e-16
 1926 0 1.37321e-15 1.14456e-16
 1927 0 1.3725e-15 1.14399e-16
 1928 0 1.37178e-15 1.14341e-16
 1929 0 1.37107e-15 1.14284e-16
 1930 0 1.37036e-15 1.14227e-16
 1931 0 1.36965e-15 1.1417e-16
 1932 0 1.36894e-15 1.14113e-16
 1933 0 1.36823e-15 1.14057e-16
 1934 0 1.36753e-15 1.14e-16
 1935 0 1.36682e-15 1.13943e-16
 1936 0 1.36611e-15 1.13886e-16
 1937 0 1.36541e-15 1.1383e-16
 1938 0 1.3647e-15 1.13773e-16
 1939 0 1.364e-15 1.13717e-16
 1940 0 1.3633e-15 1.1366e-16
 1941 0 1.3626e-15 1.13604e-16
 1942 0 1.36189e-15 1.13547e-16
 1943 0 1.36119e-15 1.13491e-16
 1944 0 1.36049e-15 1.13435e-16
 1945 0 1.35979e-15 1.13379e-16
 1946 0 1.35909e-15 1.13323e-16
 1947 0 1.3584e-15 1.13267e-16
 1948 0 1.3577e-15 1.13211e-16
 1949 0 1.357e-15 1.13155e-16
 1950 0 1.35631e-15 1.13099e-16
 1951 0 1.35561e-15 1.13043e-16
 1952 0 1.35492e-15 1.12987e-16
 1953 0 1.35422e-15 1.12931e-16
 1954 0 1.35353e-15 1.12876e-16
 1955 0 1.35284e-15 1.1282e-16
 1956 0 1.35215e-15 1.12764e-16
 1957 0 1.35146e-15 1.12709e-16
 1958 0 1.35077e-15 1.12653e-16
 1959 0 1.35008e-15 1.12598e-16
 1960 0 1.34939e-15 1.12543e-16
 1961 0 1.3487e-15 1.12487e-16
 1962 0 1.34801e-15 1.12432e-16
 1963 0 1.34732e-15 1.12377e-16
 1964 0 1.34664e-15 1.12322e-16
 1965 0 1.34595e-15 1.12267e-16
 1966 0 1.34527e-15 1.12212e-16
 1967 0 1.34458e-15 1.12157e-16
 1968 0 1.3439e-15 1.12102e-16
 1969 0 1.34322e-15 1.12047e-16
 1970 0 1.34254e-15 1.11992e-16
 1971 0 1.34186e-15 1.11937e-16
 1972 0 1.34118e-15 1.11883e-16
 1973 0 1.3405e-15 1.11828e-16
 1974 0 1.33982e-15 1.11773e-16
 1975 0 1.33914e-15 1.11719e-16
 1976 0 1.33846e-15 1.11664e-16
 1977 0 1.33778e-15 1.1161e-16
 1978 0 1.33711e-15 1.11555e-16
 1979 0 1.33643e-15 1.11501e-16
 1980 1.97373e-14 1.34572e-15 1.11832e-16
 1981 1.97373e-14 1.35501e-15 1.1216e-16
 1982 1.97373e-14 1.36428e-15 1.12486e-16
 1983 1.97373e-14 1.37355e-15 1.12811e-16
 1984 1.97373e-14 1.3828e-15 1.13133e-16
 1985 0 1.38211e-15 1.13078e-16
 1986 0 1.38141e-15 1.13024e-16
 1987 0 1.38072e-15 1.12969e-16
 1988 0 1.38002e-15 1.12914e-16
 1989 0 1.37933e-15 1.12859e-16
 1990 1.97373e-14 1.38855e-15 1.13179e-16
 1991 0 1.38786e-15 1.13125e-16
 1992 0 1.38716e-15 1.1307e-16
 1993 0 1.38646e-15 1.13015e-16
 1994 0 1.38577e-15 1.12961e-16
 1995 0 1.38507e-15 1.12906e-16
 1996 0 1.38438e-15 1.12852e-16
 1997 0 1.38369e-15 1.12797e-16
 1998 0 1.38299e-15 1.12743e-16
 1999 0 1.3823e-15 1.12689e-16
 2000 0 1.38161e-15 1.12635e-16
