4.64898 0
5.14707 0.498096
5.33756 0.344943
5.48381 0.2844
5.47219 0.220602
5.57932 0.209568
5.50923 0.190479
5.47351 0.168783
5.45799 0.14966
5.44741 0.134277
5.4482 0.121461
5.46494 0.112136
5.43309 0.107955
5.40772 0.103117
5.43134 0.0988587
5.43456 0.0925299
5.45105 0.0884665
5.44503 0.083624
5.42875 0.0807583
5.41479 0.0778757
5.4188 0.0741834
5.40986 0.0712937
5.39033 0.0708675
5.40853 0.0702472
5.3882 0.0703781
5.3918 0.0677129
5.41222 0.0682813
5.41475 0.0658459
5.41558 0.0635403
5.41592 0.0613867
5.42005 0.059517
5.42507 0.0578448
5.42739 0.0561126
5.42137 0.0547691
5.42365 0.0532302
5.41708 0.052147
5.41379 0.0508242
5.42173 0.050102
5.41939 0.0488569
5.42614 0.0480964
5.43464 0.0476729
5.43922 0.0467483
5.43679 0.0457125
5.44715 0.0458457
5.45008 0.0449111
5.45561 0.0442713
5.45028 0.0436463
5.44298 0.0433461
5.44309 0.0424524
5.44506 0.0416414
5.44205 0.0409275
5.44608 0.040334
5.45644 0.0408998
5.4599 0.040284
5.46471 0.0398367
5.45701 0.0398701
5.45172 0.03952
5.45818 0.0393661
5.45621 0.0387434
5.44868 0.0388283
5.45324 0.0384576
5.44569 0.038579
5.45091 0.03832
5.45183 0.0377276
5.45517 0.0372924
5.46091 0.037169
5.46206 0.0366281
5.46205 0.0360854
5.46702 0.0359039
5.46213 0.0357233
5.4591 0.0353466
5.46353 0.035132
5.4638 0.0346485
5.46782 0.0344121
5.46494 0.0340716
5.47049 0.0340757
5.46906 0.0336609
5.46983 0.0332355
5.47305 0.0329694
5.46888 0.0328202
5.4686 0.0324137
5.46748 0.0320354
5.46571 0.0316966
5.46675 0.0313344
5.464 0.0310856
5.4599 0.0309941
5.45763 0.0307197
5.4615 0.0306137
5.45869 0.0303981
5.45631 0.0301526
5.45592 0.0298219
5.45643 0.0295005
5.45813 0.0292309
5.46052 0.0290168
5.46287 0.0288059
5.46461 0.0285572
5.46139 0.0284439
5.46215 0.0281625
5.45849 0.028116
5.45748 0.0278519
