14.8212 0
15.0464 0.225211
15.2503 0.241771
15.0055 0.29855
15.0508 0.235641
15.226 0.260267
15.2737 0.225063
15.2828 0.195124
15.3269 0.177656
15.1936 0.207444
15.1276 0.198905
15.085 0.186511
15.0298 0.180226
15.0062 0.168513
15.0044 0.156887
15.0813 0.165661
15.2018 0.196792
15.2332 0.188179
15.1688 0.189295
15.1371 0.182347
15.1309 0.173559
15.154 0.167093
15.1696 0.160418
15.1515 0.15465
15.1461 0.148432
15.1004 0.14975
15.0839 0.145038
15.1077 0.141769
15.142 0.141036
15.1174 0.138471
15.1228 0.13404
15.144 0.131495
15.135 0.127761
15.1386 0.123999
15.1328 0.120548
15.1147 0.118537
15.1128 0.115304
15.0953 0.113586
15.0773 0.112084
15.0703 0.109473
15.0634 0.106992
15.052 0.105036
15.0302 0.104841
15.0193 0.103011
15.0155 0.100769
15.0194 0.0986314
15.0182 0.0965175
15.0179 0.0944857
15.034 0.0939278
15.0362 0.0920555
15.0483 0.0910441
15.0467 0.0892906
15.0156 0.0929327
15.0219 0.0914116
15.0155 0.0899621
15.0349 0.0904491
15.0178 0.090483
15.0293 0.0896532
15.0105 0.0901123
15.0006 0.0891494
14.9843 0.0891806
14.9882 0.087818
14.996 0.0867618
14.9936 0.0854293
14.995 0.0841167
14.9991 0.0829369
14.9786 0.0842225
14.9894 0.0836758
14.991 0.0824696
14.9866 0.0814062
14.9816 0.0804074
14.9964 0.0806603
14.9968 0.0795486
14.9895 0.0788067
14.9883 0.0777582
15.0074 0.0790859
15.012 0.0781848
15.0133 0.0771865
14.9948 0.0784075
14.9951 0.0774216
14.9957 0.0764626
14.9841 0.0764104
14.9871 0.0755434
14.9871 0.0746387
14.982 0.0739344
14.9836 0.0730872
14.9854 0.0722648
14.9905 0.0716206
14.9918 0.0708247
14.9853 0.0703378
14.966 0.0722037
14.9751 0.0719957
14.976 0.0712227
14.987 0.0713286
14.9869 0.070574
14.9755 0.0707542
14.977 0.0700362
14.9657 0.0702204
14.9726 0.0698478
14.9595 0.0703775
