 1 1.11111 1.11111 0
 2 0.177778 0.644444 0.466667
 3 0.0444444 0.444444 0.335548
 4 0.4 0.433333 0.237528
 5 0.4 0.426667 0.184109
 6 4.44444 1.0963 0.686295
 7 0.0444444 0.946032 0.599174
 8 0.177778 0.85 0.527711
 9 0.177778 0.775309 0.471353
 10 0.0444444 0.702222 0.427879
 11 1.6 0.783838 0.395543
 12 2.84444 0.955556 0.399832
 13 2.17778 1.04957 0.379618
 14 1.6 1.08889 0.35365
 15 0.4 1.04296 0.332418
 16 1.11111 1.04722 0.310978
 17 0.0444444 0.988235 0.298009
 18 0.177778 0.94321 0.284551
 19 0.177778 0.902924 0.272156
 20 0.711111 0.893333 0.258368
 21 1.6 0.926984 0.24805
 22 2.84444 1.01414 0.252055
 23 0.4 0.98744 0.242323
 24 0.0444444 0.948148 0.23531
 25 0.711111 0.938667 0.2259
 26 0.177778 0.909402 0.219002
 27 0.711111 0.902058 0.210863
 28 0.0444444 0.871429 0.205488
 29 0.711111 0.8659 0.198353
 30 0 0.837037 0.193788
 31 0.177778 0.815771 0.188636
 32 0.177778 0.795833 0.183731
 33 0.711111 0.793266 0.178094
 34 0.4 0.781699 0.173164
 35 0.4 0.770794 0.168497
 36 1.11111 0.780247 0.164022
 37 0.4 0.76997 0.159858
 38 0.4 0.760234 0.155899
 39 1.11111 0.769231 0.152115
 40 2.84444 0.821111 0.157078
 41 3.6 0.888889 0.167523
 42 8.71111 1.07513 0.247819
 43 5.37778 1.17519 0.261859
 44 2.17778 1.19798 0.256851
 45 2.17778 1.21975 0.25202
 46 0.0444444 1.1942 0.247802
 47 0.4 1.1773 0.24306
 48 2.17778 1.19815 0.238853
 49 0.0444444 1.1746 0.23511
 50 0.0444444 1.152 0.231466
 51 0 1.12941 0.228004
 52 0.711111 1.12137 0.223721
 53 3.6 1.16813 0.224387
 54 2.17778 1.18683 0.220985
 55 0.711111 1.17818 0.217102
 56 0.177778 1.16032 0.213937
 57 4.44444 1.21793 0.217905
 58 0.4 1.20383 0.214579
 59 0 1.18343 0.211896
 60 0.0444444 1.16444 0.209197
 61 2.84444 1.19199 0.207574
 62 0.711111 1.18423 0.204346
 63 4.44444 1.23598 0.207629
 64 6.4 1.31667 0.219711
 65 5.37778 1.37915 0.225147
 66 3.6 1.41279 0.224249
 67 1.6 1.41559 0.220894
 68 0.4 1.40065 0.218133
 69 0.177778 1.38293 0.215678
 70 2.17778 1.39429 0.212878
 71 1.6 1.39718 0.209878
 72 0.4 1.38333 0.207405
 73 1.11111 1.3796 0.204579
 74 0.4 1.36637 0.202229
 75 0.711111 1.35763 0.199705
 76 2.84444 1.37719 0.198029
 77 2.84444 1.39625 0.196367
 78 2.84444 1.41481 0.19472
 79 1.11111 1.41097 0.192278
 80 0.177778 1.39556 0.190484
 81 0.711111 1.38711 0.188307
 82 0 1.37019 0.186764
 83 0.177778 1.35582 0.185059
 84 0.0444444 1.34021 0.183508
 85 0.177778 1.32654 0.181851
 86 1.11111 1.32403 0.179742
 87 0.4 1.31341 0.177981
 88 0.711111 1.30657 0.17608
 89 1.11111 1.30437 0.174104
 90 5.37778 1.34963 0.178009
 91 4.44444 1.38364 0.179296
 92 3.6 1.40773 0.178966
 93 2.84444 1.42318 0.177704
 94 0.711111 1.4156 0.175966
 95 0.4 1.40491 0.174432
 96 0.711111 1.39769 0.172757
 97 0.177778 1.38511 0.171428
 98 0 1.37098 0.170258
 99 2.84444 1.38586 0.169185
 100 0.177778 1.37378 0.16792
 101 0.4 1.36414 0.166528
 102 1.6 1.36645 0.164904
 103 2.17778 1.37433 0.163485
 104 2.17778 1.38205 0.162089
 105 1.11111 1.37947 0.160559
 106 4.44444 1.40839 0.161644
 107 0.4 1.39896 0.160404
 108 2.17778 1.40617 0.159075
 109 3.6 1.4263 0.158889
 110 2.17778 1.43313 0.157586
 111 2.84444 1.44585 0.156676
 112 5.37778 1.48095 0.15919
 113 2.17778 1.48712 0.157896
 114 2.84444 1.49903 0.156957
 115 3.6 1.51729 0.156655
 116 7.51111 1.56897 0.163669
 117 5.37778 1.60152 0.165497
 118 3.6 1.61846 0.164961
 119 1.6 1.6183 0.163569
 120 1.6 1.61815 0.1622
 121 0.4 1.60808 0.161169
 122 1.6 1.60801 0.159842
 123 0 1.59494 0.159075
 124 1.11111 1.59104 0.157835
 125 0.4 1.58151 0.156857
 126 3.6 1.59753 0.15643
 127 2.84444 1.60735 0.155504
 128 1.11111 1.60347 0.154333
 129 3.6 1.61895 0.153912
 130 1.6 1.6188 0.152723
 131 1.11111 1.61493 0.151602
 132 2.17778 1.61919 0.15051
 133 5.37778 1.64745 0.152024
 134 2.84444 1.65638 0.151149
 135 6.4 1.69152 0.154085
 136 3.6 1.70556 0.153591
 137 0.711111 1.6983 0.152638
 138 0.0444444 1.68631 0.152001
 139 0.711111 1.6793 0.151067
 140 2.17778 1.68286 0.150026
 141 0 1.67092 0.149436
 142 0.177778 1.66041 0.148752
 143 0.177778 1.65004 0.148071
 144 0 1.63858 0.147485
 145 1.11111 1.63494 0.14651
 146 2.17778 1.63866 0.14555
 147 2.17778 1.64233 0.144603
 148 2.84444 1.65045 0.143852
 149 0.177778 1.64057 0.143225
 150 0.711111 1.63437 0.142402
 151 0.0444444 1.62384 0.141847
 152 0.0444444 1.61345 0.141293
 153 1.11111 1.61017 0.140405
 154 0.0444444 1.6 0.13986
 155 1.11111 1.59685 0.138991
 156 0.711111 1.59117 0.138214
 157 0.177778 1.58217 0.137625
 158 0 1.57215 0.137118
 159 1.11111 1.56925 0.136283
 160 1.11111 1.56639 0.135459
 161 2.17778 1.57019 0.134669
 162 0.711111 1.56488 0.13394
 163 2.17778 1.56864 0.133169
 164 2.84444 1.57642 0.132583
 165 3.6 1.58869 0.132346
 166 8.71111 1.63159 0.138367
 167 4.44444 1.64844 0.138564
 168 5.37778 1.67063 0.139514
 169 2.17778 1.67364 0.138718
 170 1.11111 1.67033 0.137939
 171 0.4 1.6629 0.137331
 172 0.4 1.65556 0.136728
 173 2.17778 1.65857 0.135969
 174 1.6 1.65824 0.135186
 175 1.6 1.6579 0.134411
 176 5.37778 1.67904 0.135306
 177 2.84444 1.68562 0.134701
 178 1.11111 1.6824 0.133981
 179 0.4 1.67523 0.133423
 180 0.0444444 1.66617 0.132988
 181 1.11111 1.66311 0.132287
 182 1.6 1.66276 0.131559
 183 1.11111 1.65974 0.130872
 184 0.0444444 1.65097 0.130455
 185 0.0444444 1.64228 0.130038
 186 1.11111 1.63943 0.129369
 187 3.6 1.64991 0.129101
 188 4.44444 1.66478 0.12927
 189 4.44444 1.67948 0.129423
 190 2.17778 1.68211 0.128767
 191 2.84444 1.68819 0.128235
 192 0.4 1.68148 0.127742
 193 0 1.67277 0.127377
 194 0.177778 1.66506 0.126952
 195 0.711111 1.66017 0.126394
 196 0.711111 1.65533 0.125841
 197 0 1.64693 0.125482
 198 0 1.63861 0.125124
 199 0.4 1.63238 0.124649
 200 0.0444444 1.62444 0.124278
 201 0 1.61636 0.123922
 202 0.0444444 1.60858 0.123552
 203 0.0444444 1.60088 0.123183
 204 0.177778 1.5939 0.122776
 205 3.6 1.60369 0.122567
 206 8.71111 1.63819 0.126757
 207 1.11111 1.63564 0.126169
 208 2.84444 1.64145 0.125695
 209 2.17778 1.64402 0.125118
 210 4.44444 1.65735 0.125233
 211 5.37778 1.67499 0.125879
 212 6.4 1.69727 0.127251
 213 2.84444 1.70266 0.126767
 214 0.711111 1.69803 0.126258
 215 0.4 1.69199 0.125814
 216 1.11111 1.6893 0.125259
 217 0 1.68152 0.124924
 218 0 1.6738 0.124588
 219 0.4 1.66799 0.124154
 220 0.4 1.66222 0.123723
 221 7.51111 1.68869 0.125973
 222 6.4 1.70991 0.127188
 223 6.4 1.73094 0.128351
 224 4.44444 1.74306 0.12835
 225 6.4 1.76375 0.129443
 226 6.4 1.78427 0.130492
 227 1.6 1.78346 0.129918
 228 1.6 1.78265 0.12935
 229 6.4 1.80281 0.130353
 230 2.17778 1.80444 0.129795
 231 0 1.79663 0.129468
 232 0.0444444 1.78908 0.129129
 233 0.4 1.78312 0.128712
 234 0.0444444 1.77569 0.128376
 235 0.4 1.76983 0.127963
 236 0 1.76234 0.12764
 237 0.0444444 1.75509 0.127307
 238 0 1.74771 0.126985
 239 1.11111 1.74505 0.12648
 240 1.11111 1.74241 0.12598
 241 1.6 1.74182 0.125458
 242 0.0444444 1.7348 0.125135
 243 0.4 1.72931 0.12474
 244 1.11111 1.72678 0.124253
 245 0 1.71973 0.123946
 246 0.0444444 1.71292 0.123629
 247 0.4 1.7076 0.123242
 248 1.11111 1.7052 0.122767
 249 2.84444 1.70977 0.122359
 250 2.84444 1.71431 0.121953
 251 2.84444 1.71881 0.121549
 252 2.84444 1.72328 0.121149
 253 1.6 1.72279 0.12067
 254 1.6 1.72231 0.120195
 255 1.11111 1.71991 0.119746
 256 0.0444444 1.71337 0.119457
 257 2.84444 1.71777 0.119073
 258 0.177778 1.7118 0.11876
 259 0.0444444 1.70536 0.118476
 260 1.11111 1.70308 0.118042
 261 0.177778 1.69723 0.117734
 262 0 1.69075 0.117462
 263 1.11111 1.68855 0.117035
 264 0.4 1.68367 0.116693
 265 0.4 1.67883 0.116353
 266 0.4 1.67402 0.116015
 267 0 1.66775 0.115749
 268 0.711111 1.66418 0.115372
 269 0.0444444 1.65816 0.1151
 270 0.177778 1.65267 0.114803
 271 1.6 1.65248 0.114379
 272 2.17778 1.65441 0.113974
 273 0 1.64835 0.113718
 274 0.177778 1.64298 0.113429
 275 0.0444444 1.63717 0.113165
 276 0.4 1.63269 0.112843
 277 0.177778 1.62744 0.112558
 278 0 1.62158 0.112305
 279 1.11111 1.61975 0.111917
 280 0.0444444 1.61413 0.111658
 281 2.84444 1.61851 0.111346
 282 2.17778 1.62049 0.110968
 283 0.4 1.61618 0.11066
 284 0.0444444 1.61064 0.110408
 285 0 1.60499 0.110165
 286 0.0444444 1.59953 0.109915
 287 0.177778 1.59458 0.109643
 288 0.711111 1.59151 0.109305
 289 0.0444444 1.58616 0.109057
 290 1.11111 1.58452 0.108693
 291 2.84444 1.58885 0.108405
 292 1.11111 1.58721 0.108046
 293 0 1.5818 0.107812
 294 0 1.57642 0.10758
 295 0.4 1.57243 0.107289
 296 0.4 1.56847 0.106999
 297 0.177778 1.56379 0.106741
 298 0.711111 1.56092 0.10642
 299 5.37778 1.57369 0.106829
 300 0.0444444 1.56859 0.106595
 301 0.177778 1.56397 0.10634
 302 1.11111 1.56247 0.105998
 303 0.177778 1.5579 0.105747
 304 0.4 1.55409 0.105467
 305 0.0444444 1.54914 0.105237
 306 0.0444444 1.54423 0.105008
 307 1.11111 1.54282 0.104675
 308 1.6 1.543 0.104334
 309 3.6 1.54966 0.104209
 310 2.17778 1.55168 0.103892
 311 0.177778 1.54727 0.103652
 312 0.177778 1.54288 0.103412
 313 0.711111 1.54022 0.103116
 314 1.11111 1.53885 0.102796
 315 0.4 1.53524 0.102533
 316 1.11111 1.5339 0.102216
 317 1.6 1.5341 0.101894
 318 4.44444 1.54326 0.101984
 319 3.6 1.5497 0.101868
 320 1.6 1.54986 0.10155
 321 1.6 1.55002 0.101233
 322 2.84444 1.55404 0.100998
 323 0.711111 1.55143 0.100719
 324 0.177778 1.54719 0.100497
 325 0.177778 1.54297 0.100276
 326 0.711111 1.54042 0.1
 327 1.11111 1.53911 0.0997025
 328 4.44444 1.54797 0.0997919
 329 0.711111 1.54542 0.0995207
 330 0.0444444 1.54088 0.0993228
 331 0.0444444 1.53635 0.0991255
 332 0.4 1.53293 0.0988857
 333 0.711111 1.53046 0.0986192
 334 0.4 1.52708 0.0983817
 335 1.11111 1.52584 0.0980955
 336 2.84444 1.52976 0.0978818
 337 2.84444 1.53366 0.0976688
 338 2.17778 1.53557 0.0973981
 339 1.6 1.53576 0.0971105
 340 2.84444 1.53961 0.096901
 341 6.4 1.55386 0.0976621
 342 8.71111 1.57479 0.0995996
 343 4.44444 1.58316 0.0996605
 344 4.44444 1.59147 0.0997179
 345 3.6 1.59729 0.0995988
 346 3.6 1.60308 0.099479
 347 2.84444 1.60666 0.0992564
 348 4.44444 1.61481 0.0993062
 349 3.6 1.6205 0.0991844
 350 0 1.61587 0.099009
 351 0.177778 1.61178 0.0988115
 352 6.4 1.62538 0.0994649
 353 0.711111 1.62279 0.0992166
 354 0.0444444 1.61833 0.0990363
 355 0.4 1.6149 0.0988165
 356 0.177778 1.61086 0.0986212
 357 1.6 1.61083 0.0983446
 358 2.17778 1.61241 0.0980823
 359 3.6 1.61795 0.0979653
 360 0.711111 1.61543 0.0977252
 361 0.177778 1.61145 0.0975355
 362 0 1.607 0.0973675
 363 0.0444444 1.60269 0.0971943
 364 0.711111 1.60024 0.0969578
 365 0.177778 1.59635 0.0967703
 366 0 1.59199 0.0966041
 367 0 1.58765 0.0964381
 368 0.177778 1.58382 0.096252
 369 2.84444 1.58723 0.0960515
 370 0.4 1.58402 0.0958453
 371 0.4 1.58083 0.0956399
 372 1.11111 1.57957 0.0953908
 373 0 1.57534 0.0952289
 374 1.11111 1.57409 0.0949821
 375 0.0444444 1.57001 0.0948162
 376 0.177778 1.56631 0.0946362
 377 0.177778 1.56263 0.0944567
 378 1.11111 1.56143 0.094214
 379 0.177778 1.55778 0.094036
 380 1.6 1.55789 0.0937883
 381 5.37778 1.56792 0.0940775
 382 4.44444 1.57545 0.0941326
 383 6.4 1.58805 0.0947278
 384 5.37778 1.59792 0.0949948
 385 5.37778 1.60773 0.0952551
 386 0.711111 1.60541 0.0950364
 387 2.84444 1.60861 0.0948445
 388 0.0444444 1.60458 0.0946856
 389 1.11111 1.60331 0.0944504
 390 1.11111 1.60205 0.0942164
 391 0.177778 1.59841 0.0940457
 392 0.0444444 1.59444 0.0938892
 393 0.177778 1.59084 0.0937193
 394 0 1.5868 0.0935683
 395 0.711111 1.58459 0.0933575
 396 1.11111 1.58339 0.0931291
 397 0.0444444 1.57951 0.0929751
 398 0.0444444 1.57566 0.0928213
 399 0 1.57171 0.0926726
 400 0.177778 1.56822 0.0925063
 401 0.4 1.56531 0.0923213
 402 0.0444444 1.56153 0.092169
 403 1.11111 1.56041 0.0919468
 404 1.11111 1.5593 0.0917257
 405 2.17778 1.56082 0.0915117
 406 5.37778 1.57022 0.0917688
 407 5.37778 1.57958 0.0920199
 408 2.17778 1.58105 0.0918057
 409 2.17778 1.5825 0.0915926
 410 1.11111 1.58136 0.0913762
 411 0.711111 1.57924 0.0911782
 412 1.6 1.57929 0.0909566
 413 0.711111 1.57719 0.0907605
 414 0.0444444 1.57348 0.0906166
 415 0 1.56969 0.0904775
 416 0 1.56592 0.0903386
 417 0.4 1.56312 0.090165
 418 0.177778 1.55981 0.0900101
 419 0.177778 1.55651 0.0898556
 420 0.0444444 1.55291 0.0897137
 421 0.711111 1.55091 0.0895226
 422 0.0444444 1.54734 0.0893816
 423 0.4 1.54463 0.0892113
 424 1.11111 1.54361 0.0890065
 425 0.0444444 1.54008 0.0888668
 426 1.11111 1.53907 0.0886637
 427 0 1.53547 0.0885292
 428 1.11111 1.53448 0.0883277
 429 1.11111 1.53349 0.0881271
 430 1.11111 1.53251 0.0879274
 431 1.11111 1.53153 0.0877286
 432 1.11111 1.53056 0.0875307
 433 0.4 1.52794 0.0873673
 434 0 1.52442 0.0872369
 435 0.711111 1.52255 0.0870562
 436 0.0444444 1.51916 0.0869224
 437 0.4 1.5166 0.0867611
 438 1.11111 1.51568 0.0865677
 439 2.84444 1.5187 0.0864233
 440 2.84444 1.52172 0.0862793
 441 3.6 1.52643 0.0862123
 442 1.11111 1.52549 0.0860222
 443 2.17778 1.52696 0.0858404
 444 0.4 1.52442 0.0856845
 445 0.711111 1.5226 0.0855113
 446 3.6 1.52725 0.0854464
 447 0.177778 1.52424 0.0853084
 448 0.4 1.52173 0.0851548
 449 4.44444 1.52824 0.0852139
 450 2.17778 1.52968 0.0850366
 451 7.51111 1.54294 0.0858781
 452 6.4 1.55369 0.086359
 453 10 1.57233 0.0881624
 454 2.17778 1.57367 0.0879781
 455 1.6 1.57372 0.0877845
 456 0.711111 1.57183 0.0876122
 457 0.177778 1.56878 0.0874735
 458 0.711111 1.56691 0.0873024
 459 0.4 1.56437 0.0871491
 460 0 1.56097 0.0870259
 461 0.177778 1.55797 0.0868887
 462 1.11111 1.557 0.0867058
 463 0.711111 1.55517 0.0865377
 464 1.11111 1.55421 0.0863563
 465 1.11111 1.55326 0.0861756
 466 3.6 1.55765 0.0861026
 467 2.17778 1.55898 0.0859283
 468 1.6 1.55907 0.0857445
 469 0.177778 1.55612 0.0856122
 470 0.0444444 1.55291 0.0854904
 471 2.17778 1.55423 0.085319
 472 0.177778 1.55132 0.0851879
 473 1.6 1.55142 0.0850077
 474 2.17778 1.55274 0.0848385
 475 0.0444444 1.54957 0.0847192
 476 0.711111 1.54781 0.0845594
 477 0.711111 1.54605 0.0844002
 478 0.4 1.54365 0.0842575
 479 0.0444444 1.54052 0.0841397
 480 3.6 1.54481 0.0840737
 481 1.6 1.54493 0.0838989
 482 0.177778 1.54209 0.0837726
 483 0.177778 1.53927 0.0836467
 484 0 1.53609 0.0835343
 485 0.0444444 1.53301 0.0834186
 486 0.4 1.53068 0.0832794
 487 0.177778 1.5279 0.0831546
 488 0 1.52477 0.0830431
 489 0.0444444 1.52175 0.0829284
 490 0 1.51864 0.0828172
 491 0.177778 1.51591 0.0826935
 492 0.4 1.51364 0.0825564
 493 0.0444444 1.51066 0.0824427
 494 0.177778 1.50796 0.0823198
 495 2.17778 1.50932 0.0821645
 496 2.17778 1.51066 0.0820097
 497 1.6 1.51084 0.0818448
 498 4.44444 1.51673 0.0818924
 499 4.44444 1.5226 0.0819385
 500 4.44444 1.52844 0.0819829
 501 0.177778 1.52575 0.0818635
 502 0.0444444 1.5228 0.0817536
 503 0.711111 1.52118 0.0816068
 504 1.6 1.52134 0.0814449
 505 0.711111 1.51974 0.0812993
 506 0.4 1.51752 0.0811686
 507 0.711111 1.51593 0.081024
 508 0.0444444 1.51304 0.0809162
 509 0.711111 1.51146 0.0807725
 510 1.11111 1.51068 0.0806177
 511 0.4 1.5085 0.0804892
 512 0.4 1.50634 0.080361
 513 0.0444444 1.50349 0.0802548
 514 0 1.50056 0.0801519
 515 0.4 1.49843 0.0800247
 516 1.6 1.49862 0.0798697
 517 0.177778 1.49607 0.079756
 518 0.0444444 1.49326 0.0796511
 519 0.0444444 1.49047 0.0795465
 520 0.177778 1.48795 0.0794335
 521 0.4 1.48586 0.0793084
 522 3.6 1.48991 0.0792599
 523 2.17778 1.49123 0.0791191
 524 3.6 1.49525 0.0790705
 525 1.6 1.49545 0.07892
 526 0.0444444 1.49269 0.0788181
 527 0.177778 1.4902 0.0787079
 528 0.711111 1.48872 0.0785726
 529 0.177778 1.48624 0.078463
 530 0.711111 1.48478 0.0783285
 531 0.0444444 1.48207 0.0782279
 532 0.0444444 1.47937 0.0781275
 533 2.84444 1.48193 0.0780228
 534 0.711111 1.48048 0.0778899
 535 0 1.47772 0.0777934
 536 0.0444444 1.47504 0.0776942
 537 0.711111 1.47362 0.0775624
 538 0.177778 1.47121 0.0774556
 539 0.4 1.46922 0.0773373
 540 0.0444444 1.46658 0.077239
 541 1.11111 1.46593 0.0770989
 542 0.711111 1.46453 0.0769691
 543 0.0444444 1.46192 0.0768718
 544 0.177778 1.45956 0.0767666
 545 0 1.45688 0.0766724
 546 1.6 1.45714 0.0765323
 547 2.17778 1.45846 0.0764036
 548 0.4 1.45653 0.0762885
 549 0.4 1.4546 0.0761738
 550 0.0444444 1.45204 0.0760784
 551 0.0444444 1.44949 0.0759831
 552 0 1.44686 0.0758908
 553 0.4 1.44497 0.0757771
 554 0.4 1.44308 0.0756637
 555 0.177778 1.4408 0.0755616
 556 0.177778 1.43853 0.0754598
 557 0.711111 1.43722 0.0753355
 558 3.6 1.4411 0.0753002
 559 8.71111 1.4541 0.0762822
 560 4.44444 1.45944 0.0763329
 561 4.44444 1.46477 0.0763822
 562 12.8444 1.48501 0.0788891
 563 2.84444 1.48743 0.0787858
 564 1.11111 1.48676 0.0786489
 565 0.711111 1.48539 0.0785215
 566 0 1.48276 0.0784266
 567 0 1.48015 0.0783318
 568 0.0444444 1.47762 0.0782346
 569 0.177778 1.47534 0.0781304
 570 0 1.47275 0.0780362
 571 0.4 1.47087 0.077922
 572 0.0444444 1.46838 0.0778257
 573 0.0444444 1.46589 0.0777295
 574 1.6 1.46612 0.0775943
 575 2.17778 1.46736 0.0774691
 576 1.6 1.46759 0.0773348
 577 1.6 1.46782 0.077201
 578 0.0444444 1.46536 0.0771067
 579 0.0444444 1.46291 0.0770125
 580 0.177778 1.46069 0.0769115
 581 0 1.45818 0.0768202
 582 0.4 1.45636 0.0767096
 583 0.177778 1.45416 0.0766093
 584 0.177778 1.45198 0.0765093
 585 0.4 1.45018 0.0763995
 586 0.177778 1.44801 0.0762999
 587 2.17778 1.44925 0.07618
 588 1.11111 1.44868 0.0760525
 589 0.0444444 1.44629 0.0759607
 590 0.177778 1.44414 0.0758623
 591 0.177778 1.442 0.0757641
 592 0.711111 1.44077 0.0756461
 593 0 1.43834 0.0755575
 594 0.4 1.43659 0.0754505
 595 0.4 1.43485 0.0753437
 596 0 1.43244 0.0752557
 597 0.4 1.43071 0.0751494
 598 0.0444444 1.42839 0.0750595
 599 0.177778 1.4263 0.0749631
 600 0.0444444 1.424 0.0748735
 601 2.17778 1.42525 0.0747594
 602 0.711111 1.42407 0.0746445
 603 2.84444 1.42642 0.0745578
 604 5.37778 1.43297 0.0747212
 605 2.17778 1.4342 0.0746078
 606 3.6 1.43777 0.0745703
 607 0.177778 1.43569 0.0744762
 608 0.0444444 1.43341 0.0743888
 609 0.4 1.43171 0.074286
 610 0.711111 1.43053 0.0741735
 611 2.17778 1.43175 0.0740621
 612 1.6 1.43203 0.0739415
 613 6.4 1.44013 0.0742643
 614 2.84444 1.44242 0.0741785
 615 2.84444 1.4447 0.0740929
 616 1.11111 1.44416 0.0739745
 617 3.6 1.44765 0.0739371
 618 0.0444444 1.44538 0.0738523
 619 0 1.44304 0.0737698
 620 0.0444444 1.44079 0.0736853
 621 0.4 1.43911 0.0735856
 622 0.177778 1.43708 0.0734952
 623 1.11111 1.43656 0.073379
 624 1.6 1.43682 0.0732618
 625 0.177778 1.43481 0.0731722
 626 0.4 1.43316 0.0730739
 627 1.11111 1.43264 0.0729591
 628 1.6 1.43291 0.0728433
 629 0.0444444 1.4307 0.0727609
 630 1.6 1.43097 0.0726458
 631 2.17778 1.43215 0.0725403
 632 6.4 1.44001 0.0728507
 633 2.17778 1.44118 0.0727449
 634 0.711111 1.44003 0.0726392
 635 0.0444444 1.43783 0.072558
 636 0 1.43557 0.0724791
 637 0.711111 1.43443 0.0723741
 638 0 1.43218 0.0722956
 639 2.84444 1.43439 0.0722162
 640 0.4 1.43278 0.0721214
 641 0.0444444 1.43061 0.0720413
 642 3.6 1.43399 0.0720084
 643 7.51111 1.44344 0.0725148
 644 4.44444 1.4481 0.0725519
 645 2.17778 1.44923 0.0724482
 646 3.6 1.45256 0.0724125
 647 2.17778 1.45368 0.0723092
 648 2.84444 1.45583 0.0722294
 649 3.6 1.45913 0.0721937
 650 2.84444 1.46126 0.0721141
 651 1.6 1.46148 0.0720035
 652 1.11111 1.46094 0.071895
 653 0.177778 1.45898 0.0718117
 654 0.177778 1.45702 0.0717286
 655 0.4 1.4554 0.0716372
 656 1.11111 1.45488 0.0715298
 657 0.0444444 1.45273 0.0714531
 658 0.0444444 1.45059 0.0713765
 659 0.0444444 1.44846 0.0713001
 660 0.0444444 1.44633 0.0712237
 661 0.0444444 1.44421 0.0711475
 662 0.711111 1.4431 0.0710486
 663 4.44444 1.44763 0.0710856
 664 2.17778 1.44873 0.070987
 665 0.4 1.44715 0.0708977
 666 2.17778 1.44825 0.0707997
 667 2.17778 1.44934 0.0707019
 668 0.0444444 1.44724 0.0706273
 669 0.4 1.44567 0.070539
 670 0.177778 1.44378 0.0704591
 671 0.711111 1.44269 0.0703625
 672 0.4 1.44114 0.0702748
 673 0.0444444 1.43906 0.070201
 674 0.0444444 1.43699 0.0701273
 675 2.84444 1.43908 0.0700544
 676 1.6 1.43932 0.0699511
 677 2.84444 1.44139 0.0698785
 678 0.0444444 1.43933 0.0698058
 679 0.177778 1.43747 0.0697277
 680 1.11111 1.43699 0.0696267
 681 1.6 1.43723 0.0695248
 682 0.0444444 1.43519 0.0694528
 683 0.177778 1.43335 0.0693755
 684 0.177778 1.43151 0.0692983
 685 0.4 1.43001 0.0692134
 686 0.0444444 1.42799 0.069142
 687 0.0444444 1.42597 0.0690706
 688 0.177778 1.42416 0.068994
 689 0.4 1.42267 0.0689098
 690 0.4 1.42119 0.0688259
 691 0.177778 1.41939 0.0687497
 692 0.4 1.41792 0.0686661
 693 1.6 1.41818 0.0685675
 694 2.84444 1.42024 0.0684994
 695 0.711111 1.41922 0.0684084
 696 1.6 1.41948 0.0683105
 697 1.6 1.41974 0.068213
 698 1.6 1.41999 0.0681157
 699 0.711111 1.41898 0.0680257
 700 2.84444 1.42102 0.067959
 701 2.84444 1.42305 0.0678923
 702 0.0444444 1.42108 0.067824
 703 0.4 1.41963 0.067743
 704 0 1.41761 0.0676768
 705 0 1.4156 0.0676106
 706 0.4 1.41416 0.0675301
 707 0.4 1.41273 0.0674498
 708 0.0444444 1.4108 0.0673822
 709 0.177778 1.40906 0.0673095
 710 0.4 1.40764 0.0672297
 711 1.6 1.40791 0.0671356
 712 0.4 1.40649 0.0670562
 713 0.4 1.40508 0.0669769
 714 3.6 1.40815 0.0669537
 715 1.6 1.40842 0.0668605
 716 2.84444 1.41043 0.0667972
 717 0.0444444 1.40852 0.0667312
 718 0.4 1.40712 0.066653
 719 1.6 1.40739 0.0665607
 720 1.6 1.40765 0.0664688
 721 2.84444 1.40965 0.0664064
 722 1.11111 1.40923 0.0663157
 723 1.11111 1.40882 0.0662252
 724 0.177778 1.40712 0.0661555
 725 0.0444444 1.40524 0.0660909
 726 0.4 1.40386 0.0660143
 727 1.11111 1.40345 0.0659247
 728 0 1.40153 0.0658623
 729 1.6 1.4018 0.0657724
 730 1.6 1.40207 0.0656828
 731 0.4 1.4007 0.0656073
 732 0.0444444 1.39885 0.0655438
 733 1.11111 1.39845 0.0654555
 734 1.6 1.39873 0.0653668
 735 2.84444 1.4007 0.0653074
 736 4.44444 1.40483 0.0653496
 737 3.6 1.40781 0.0653288
 738 2.17778 1.40885 0.0652486
 739 0.711111 1.40791 0.0651671
 740 0.0444444 1.40607 0.065105
 741 0.177778 1.40441 0.0650382
 742 0.711111 1.40347 0.0649572
 743 0.0444444 1.40164 0.0648955
 744 1.11111 1.40125 0.0648094
 745 4.44444 1.40534 0.0648512
 746 3.6 1.40828 0.0648309
 747 1.11111 1.40788 0.0647453
 748 1.6 1.40814 0.0646592
 749 0.711111 1.40721 0.0645795
 750 0.0444444 1.40539 0.064519
 751 0.177778 1.40376 0.0644537
 752 0 1.40189 0.064395
 753 1.6 1.40215 0.06431
 754 3.6 1.40507 0.0642908
 755 2.17778 1.40609 0.0642137
 756 1.6 1.40635 0.0641292
 757 0.177778 1.40473 0.064065
 758 0 1.40287 0.0640073
 759 0.0444444 1.40108 0.0639479
 760 0 1.39924 0.0638903
 761 4.44444 1.40324 0.0639317
 762 2.17778 1.40426 0.0638558
 763 0.0444444 1.40248 0.063797
 764 0 1.40064 0.0637398
 765 0.177778 1.39904 0.0636765
 766 0.4 1.39774 0.0636067
 767 1.11111 1.39736 0.0635248
 768 0.0444444 1.3956 0.0634665
 769 0 1.39379 0.0634099
 770 0.711111 1.3929 0.0633337
 771 1.11111 1.39253 0.0632526
 772 2.84444 1.39442 0.0631986
 773 0 1.39261 0.0631425
 774 0 1.39081 0.0630866
 775 0.4 1.38953 0.0630181
 776 0.711111 1.38866 0.0629429
 777 1.11111 1.3883 0.0628629
 778 0.4 1.38703 0.0627949
 779 1.11111 1.38668 0.0627152
 780 0.711111 1.38581 0.0626407
 781 0.711111 1.38495 0.0625664
 782 4.44444 1.38886 0.0626087
 783 4.44444 1.39276 0.0626504
 784 11.3778 1.4055 0.0638534
 785 4.44444 1.40937 0.0638894
 786 7.51111 1.41713 0.0642786
 787 6.4 1.42346 0.0645084
 788 2.84444 1.42527 0.0644517
 789 0.4 1.42397 0.064383
 790 0.4 1.42267 0.0643146
 791 1.11111 1.42228 0.0642344
 792 0.711111 1.42138 0.0641595
 793 0.711111 1.42048 0.0640848
 794 0.4 1.4192 0.064017
 795 0.177778 1.41764 0.0639555
 796 0.711111 1.41675 0.0638812
 797 1.11111 1.41637 0.0638022
 798 1.11111 1.41598 0.0637233
 799 0.4 1.41471 0.0636562
 800 2.17778 1.41567 0.0635838
 801 1.11111 1.41529 0.0635055
 802 0 1.41352 0.0634508
 803 0.0444444 1.41182 0.0633946
 804 0.0444444 1.41012 0.0633386
 805 0.4 1.40886 0.0632723
 806 2.17778 1.40982 0.0632009
 807 2.84444 1.41159 0.0631476
 808 7.51111 1.41914 0.0635196
 809 3.6 1.42184 0.0634983
 810 2.17778 1.42277 0.0634267
 811 0.711111 1.42189 0.0633545
 812 1.11111 1.42151 0.0632776
 813 1.6 1.42173 0.0632001
 814 0.4 1.42048 0.0631349
 815 0 1.41873 0.0630815
 816 0.711111 1.41786 0.0630101
 817 0.0444444 1.41618 0.0629553
 818 0.177778 1.41467 0.0628966
 819 0 1.41294 0.0628435
 820 1.11111 1.41257 0.0627679
 821 0.0444444 1.41091 0.0627135
 822 0 1.40919 0.0626607
 823 0.711111 1.40834 0.0625902
 824 0.4 1.40712 0.0625262
 825 0.0444444 1.40547 0.0624722
 826 1.6 1.4057 0.062397
 827 3.6 1.40836 0.0623779
 828 0.711111 1.40751 0.0623082
 829 1.6 1.40775 0.0622335
 830 2.84444 1.40948 0.0621825
 831 0.177778 1.408 0.0621254
 832 1.6 1.40823 0.0620511
 833 3.6 1.41086 0.0620324
 834 1.6 1.41108 0.0619584
 835 1.6 1.41131 0.0618845
 836 4.44444 1.41494 0.0619168
 837 1.6 1.41516 0.0618432
 838 1.6 1.41538 0.0617698
 839 0.711111 1.41454 0.0617018
 840 0.0444444 1.41291 0.0616499
 841 2.84444 1.41461 0.0616001
 842 3.6 1.41721 0.0615816
 843 0.4 1.416 0.0615203
 844 0.711111 1.41517 0.0614531
 845 0 1.41349 0.0614031
 846 1.6 1.41371 0.0613309
 847 1.11111 1.41335 0.0612595
 848 1.11111 1.413 0.0611883
 849 1.11111 1.41264 0.0611172
 850 2.17778 1.41354 0.0610519
 851 1.6 1.41376 0.0609805
 852 1.11111 1.41341 0.0609099
 853 2.17778 1.4143 0.0608451
 854 1.11111 1.41395 0.0607748
 855 3.6 1.4165 0.0607575
 856 8.71111 1.42503 0.0612819
 857 0.711111 1.42419 0.061216
 858 0 1.42253 0.0611671
 859 1.6 1.42274 0.0610962
 860 0.177778 1.42129 0.0610423
 861 1.11111 1.42093 0.0609724
 862 0.711111 1.42011 0.0609072
 863 0.177778 1.41867 0.0608536
 864 0.4 1.41749 0.0607946
 865 0.0444444 1.4159 0.060745
 866 0.4 1.41473 0.0606862
 867 0.711111 1.41392 0.0606216
 868 1.6 1.41413 0.0605521
 869 3.6 1.41665 0.0605346
 870 6.4 1.42238 0.0607357
 871 2.84444 1.42401 0.0606879
 872 0.4 1.42283 0.0606297
 873 0.0444444 1.42125 0.0605808
 874 1.6 1.42146 0.0605117
 875 0.4 1.42029 0.0604538
 876 1.11111 1.41994 0.0603858
 877 3.6 1.42242 0.0603681
 878 0.0444444 1.42086 0.0603197
 879 0.0444444 1.41929 0.0602714
 880 1.6 1.41949 0.0602032
 881 0.4 1.41834 0.060146
 882 1.6 1.41854 0.0600781
 883 1.6 1.41875 0.0600104
 884 0.0444444 1.41719 0.0599626
 885 0.0444444 1.41564 0.0599149
 886 0 1.41405 0.0598686
 887 0.177778 1.41265 0.0598173
 888 1.11111 1.41231 0.0597508
 889 3.6 1.41477 0.0597343
 890 4.44444 1.41818 0.0597642
 891 1.6 1.41838 0.0596974
 892 2.17778 1.41923 0.0596365
 893 1.11111 1.41889 0.0595707
 894 0.177778 1.4175 0.0595202
 895 0.4 1.41636 0.0594646
 896 0.0444444 1.41483 0.0594179
 897 0 1.41325 0.0593726
 898 0 1.41168 0.0593273
 899 0 1.41011 0.0592821
 900 0.711111 1.40933 0.0592212
 901 2.17778 1.41019 0.0591616
 902 3.6 1.41261 0.0591459
 903 0.711111 1.41184 0.0590854
 904 2.84444 1.41342 0.0590413
 905 2.17778 1.41427 0.0589821
 906 0.711111 1.41349 0.058922
 907 0.4 1.41237 0.0588677
 908 0.0444444 1.41087 0.0588221
 909 0.711111 1.4101 0.0587624
 910 2.17778 1.41094 0.0587038
 911 3.6 1.41334 0.0586886
 912 0.711111 1.41257 0.0586292
 913 2.84444 1.41414 0.058586
 914 2.17778 1.41498 0.0585278
 915 2.17778 1.41581 0.0584698
 916 2.17778 1.41664 0.0584118
 917 0.711111 1.41587 0.0583531
 918 0.4 1.41477 0.0583001
 919 0.0444444 1.41328 0.0582557
 920 0.711111 1.41251 0.0581973
 921 0.4 1.41141 0.0581445
 922 0.4 1.41032 0.0580917
 923 1.11111 1.40999 0.0580297
 924 1.6 1.4102 0.0579672
 925 0.0444444 1.40872 0.0579233
 926 0.711111 1.40797 0.0578656
 927 0.4 1.40688 0.0578134
 928 0.4 1.4058 0.0577613
 929 0.4 1.40471 0.0577092
 930 0.177778 1.40339 0.0576622
 931 0.177778 1.40208 0.0576153
 932 2.17778 1.40291 0.0575595
 933 4.44444 1.40617 0.0575901
 934 4.44444 1.40942 0.0576203
 935 1.6 1.40963 0.057559
 936 1.11111 1.40931 0.0574983
 937 0.4 1.40823 0.057447
 938 0.4 1.40715 0.0573958
 939 0 1.40566 0.0573543
 940 0 1.40416 0.0573127
 941 0.4 1.40309 0.0572617
 942 0.4 1.40203 0.0572108
 943 0.4 1.40097 0.05716
 944 0.711111 1.40024 0.0571041
 945 1.11111 1.39993 0.0570445
 946 0.711111 1.3992 0.0569888
 947 0.4 1.39815 0.0569383
 948 0.0444444 1.39672 0.0568962
 949 0.0444444 1.39529 0.056854
 950 0 1.39382 0.0568132
 951 0.4 1.39278 0.056763
 952 0.4 1.39174 0.0567129
 953 1.11111 1.39144 0.0566542
 954 1.6 1.39166 0.0565952
 955 1.11111 1.39137 0.0565366
 956 0 1.38991 0.0564962
 957 0.0444444 1.38851 0.0564547
 958 2.17778 1.38933 0.0564017
 959 2.84444 1.39085 0.0563633
 960 0.4 1.38981 0.056314
 961 0.177778 1.38855 0.0562695
 962 0.4 1.38753 0.0562204
 963 0 1.38609 0.0561805
 964 0.177778 1.38483 0.0561361
 965 1.6 1.38505 0.0560784
 966 0.177778 1.3838 0.0560342
 967 0.0444444 1.38242 0.0559934
 968 0.0444444 1.38104 0.0559526
 969 0.0444444 1.37966 0.0559118
 970 0.4 1.37865 0.0558633
 971 1.6 1.37888 0.0558062
 972 0.177778 1.37764 0.0557625
 973 2.17778 1.37846 0.0557112
 974 0.711111 1.37778 0.0556582
 975 1.11111 1.3775 0.0556017
 976 0.177778 1.37628 0.0555583
 977 0 1.37487 0.0555193
 978 0.0444444 1.37351 0.0554792
 979 1.11111 1.37324 0.0554231
 980 0 1.37184 0.0553843
 981 0.177778 1.37062 0.0553412
 982 0.711111 1.36995 0.0552889
 983 0.0444444 1.3686 0.0552491
 984 0.711111 1.36793 0.0551969
 985 0.177778 1.36672 0.0551541
 986 1.11111 1.36646 0.0550988
 987 0.177778 1.36526 0.0550561
 988 1.6 1.3655 0.0550008
 989 0.0444444 1.36416 0.0549614
 990 0 1.36278 0.0549232
 991 0.711111 1.36213 0.0548717
 992 0.4 1.36116 0.0548249
 993 0.4 1.36019 0.0547782
 994 1.6 1.36043 0.0547236
 995 3.6 1.36268 0.0547149
 996 4.44444 1.36577 0.0547474
 997 3.6 1.36802 0.0547384
 998 3.6 1.37025 0.0547292
 999 2.84444 1.37173 0.0546943
 1000 6.4 1.37676 0.0548705
 1001 5.37778 1.38075 0.0549612
 1002 4.44444 1.38381 0.0549914
 1003 2.17778 1.3846 0.0549422
 1004 3.6 1.38681 0.0549318
 1005 5.37778 1.39078 0.0550206
 1006 8.71111 1.39806 0.0554455
 1007 1.11111 1.39777 0.0553911
 1008 0.0444444 1.39643 0.0553524
 1009 0 1.39504 0.0553148
 1010 0.4 1.39406 0.0552688
 1011 0 1.39268 0.0552314
 1012 0.177778 1.39148 0.0551898
 1013 0 1.39011 0.0551524
 1014 0.177778 1.38891 0.055111
 1015 0 1.38754 0.0550736
 1016 2.17778 1.38832 0.0550249
 1017 0.4 1.38735 0.0549794
 1018 3.6 1.38952 0.0549683
 1019 4.44444 1.39252 0.0549961
 1020 1.11111 1.39224 0.0549429
 1021 0.177778 1.39105 0.0549019
 1022 6.4 1.39596 0.0550667
 1023 2.84444 1.39737 0.0550311
 1024 0.177778 1.39618 0.0549902
 1025 0.177778 1.39499 0.0549494
 1026 2.84444 1.3964 0.054914
 1027 0.711111 1.39574 0.0548645
 1028 0.0444444 1.39442 0.0548269
 1029 0.0444444 1.39311 0.0547893
 1030 0.711111 1.39245 0.0547401
 1031 0.177778 1.39127 0.0546997
 1032 0.4 1.39031 0.0546551
 1033 0.177778 1.38914 0.0546148
 1034 0.4 1.38818 0.0545703
 1035 2.84444 1.38959 0.0545357
 1036 2.17778 1.39035 0.0544883
 1037 2.84444 1.39175 0.0544538
 1038 1.6 1.39195 0.0544017
 1039 0.4 1.391 0.0543577
 1040 0.177778 1.38983 0.054318
 1041 0.177778 1.38866 0.0542782
 1042 0.0444444 1.38737 0.0542415
 1043 2.17778 1.38813 0.0541947
 1044 1.6 1.38834 0.0541432
 1045 4.44444 1.39126 0.0541703
 1046 3.6 1.39337 0.0541597
 1047 4.44444 1.39629 0.0541864
 1048 5.37778 1.40008 0.0542678
 1049 0.0444444 1.39879 0.0542314
 1050 0 1.39746 0.0541961
 1051 0.177778 1.3963 0.054157
 1052 1.6 1.39649 0.0541058
 1053 2.17778 1.39724 0.0540595
 1054 1.6 1.39743 0.0540085
 1055 0.177778 1.39627 0.0539697
 1056 0.0444444 1.39499 0.0539338
 1057 1.6 1.39519 0.0538831
 1058 2.17778 1.39593 0.0538372
 1059 0.711111 1.39528 0.0537902
 1060 0.4 1.39434 0.0537476
 1061 0.0444444 1.39307 0.053712
 1062 0.177778 1.39192 0.0536736
 1063 0.4 1.39099 0.0536312
 1064 1.6 1.39119 0.0535812
 1065 2.84444 1.39255 0.0535482
 1066 1.6 1.39275 0.0534983
 1067 0.177778 1.39161 0.0534603
 1068 0.711111 1.39097 0.053414
 1069 0.711111 1.39033 0.0533678
 1070 2.17778 1.39107 0.053323
 1071 5.37778 1.39479 0.0534031
 1072 2.84444 1.39614 0.0533704
 1073 1.11111 1.39588 0.0533213
 1074 1.11111 1.39561 0.0532723
 1075 1.6 1.3958 0.053223
 1076 5.37778 1.3995 0.0533022
 1077 0.711111 1.39887 0.0532565
 1078 1.6 1.39905 0.0532074
 1079 2.17778 1.39977 0.0531629
 1080 0.711111 1.39914 0.0531175
 1081 0.0444444 1.39788 0.0530832
 1082 0.177778 1.39675 0.0530461
 1083 0.4 1.39583 0.053005
 1084 5.37778 1.39951 0.0530834
 1085 8.71111 1.40625 0.0534608
 1086 4.44444 1.40904 0.0534848
 1087 10 1.41695 0.0540169
 1088 8.71111 1.42365 0.0543821
 1089 2.17778 1.42434 0.0543365
 1090 4.44444 1.42712 0.0543573
 1091 0.711111 1.42646 0.0543114
 1092 0 1.42515 0.0542774
 1093 0.4 1.42421 0.0542358
 1094 0.0444444 1.42295 0.0542009
 1095 0.0444444 1.42169 0.054166
 1096 0.177778 1.42056 0.0541284
 1097 1.6 1.42072 0.0540793
 1098 1.11111 1.42044 0.0540308
 1099 2.84444 1.42174 0.0539972
 1100 4.44444 1.42448 0.054018
 1101 7.51111 1.43001 0.0542513
 1102 3.6 1.43198 0.0542378
 1103 1.6 1.43213 0.0541888
 1104 0.177778 1.431 0.0541516
 1105 0 1.4297 0.0541181
 1106 1.11111 1.42942 0.0540699
 1107 1.11111 1.42913 0.0540218
 1108 0 1.42784 0.0539885
 1109 0.0444444 1.42659 0.0539542
 1110 1.6 1.42675 0.0539058
 1111 4.44444 1.42946 0.0539257
 1112 1.6 1.42962 0.0538774
 1113 0.4 1.42869 0.0538369
 1114 0.0444444 1.42745 0.0538029
 1115 0.177778 1.42633 0.0537663
 1116 0.711111 1.42569 0.0537219
 1117 0.4 1.42477 0.0536817
 1118 0.177778 1.42365 0.0536452
 1119 0.4 1.42274 0.0536051
 1120 0 1.42147 0.0535723
 1121 2.17778 1.42214 0.0535287
 1122 0.711111 1.42151 0.0534847
 1123 0.0444444 1.42028 0.0534511
 1124 0.0444444 1.41906 0.0534176
 1125 0.4 1.41815 0.0533778
 1126 0.0444444 1.41693 0.0533443
 1127 0.4 1.41603 0.0533046
 1128 0.4 1.41513 0.0532649
 1129 1.11111 1.41486 0.0532184
 1130 2.17778 1.41554 0.0531756
 1131 3.6 1.41747 0.0531636
 1132 2.17778 1.41814 0.0531209
 1133 5.37778 1.42163 0.0531889
 1134 2.84444 1.42289 0.0531568
 1135 1.6 1.42304 0.0531102
 1136 2.17778 1.42371 0.0530676
 1137 1.11111 1.42343 0.0530216
 1138 0.4 1.42253 0.0529826
 1139 0.177778 1.42144 0.0529474
 1140 1.6 1.4216 0.0529011
 1141 0.711111 1.42098 0.0528584
 1142 0.0444444 1.41977 0.0528259
 1143 0.4 1.41888 0.0527872
 1144 0.0444444 1.41768 0.0527547
 1145 0.177778 1.41659 0.0527197
 1146 2.17778 1.41726 0.0526779
 1147 0.0444444 1.41606 0.0526455
 1148 1.11111 1.4158 0.0526003
 1149 0.0444444 1.4146 0.0525681
 1150 0.711111 1.41399 0.0525259
 1151 0.4 1.41311 0.0524876
 1152 1.11111 1.41285 0.0524427
 1153 0.177778 1.41178 0.0524082
 1154 2.84444 1.41302 0.0523774
 1155 0.4 1.41214 0.0523394
 1156 0.711111 1.41153 0.0522976
 1157 0.0444444 1.41035 0.0522658
 1158 1.6 1.41052 0.0522209
 1159 0.0444444 1.40934 0.0521891
 1160 0 1.40812 0.0521583
 1161 0.177778 1.40706 0.0521241
 1162 0.0444444 1.40589 0.0520924
 1163 0 1.40468 0.0520616
 1164 2.17778 1.40535 0.0520211
 1165 0.0444444 1.40418 0.0519896
 1166 0.177778 1.40313 0.0519556
 1167 1.11111 1.40288 0.0519117
 1168 2.84444 1.40411 0.0518819
 1169 6.4 1.40838 0.0520134
 1170 1.11111 1.40813 0.0519695
 1171 0.0444444 1.40696 0.0519382
 1172 0.4 1.40611 0.051901
 1173 1.6 1.40627 0.051857
 1174 3.6 1.40814 0.0518464
 1175 3.6 1.41 0.0518359
 1176 6.4 1.41425 0.0519653
 1177 6.4 1.41848 0.0520937
 1178 3.6 1.42034 0.0520823
 1179 5.37778 1.42369 0.0521463
 1180 4.44444 1.42625 0.0521649
 1181 2.84444 1.42745 0.0521346
 1182 0.4 1.42658 0.0520977
 1183 0.177778 1.42553 0.0520643
 1184 0.4 1.42466 0.0520276
 1185 1.11111 1.4244 0.0519843
 1186 0.0444444 1.42323 0.0519535
 1187 0 1.42204 0.0519236
 1188 0.0444444 1.42088 0.0518928
 1189 1.6 1.42103 0.0518493
 1190 1.11111 1.42077 0.0518064
 1191 0.0444444 1.41961 0.0517758
 1192 0.0444444 1.41846 0.0517452
 1193 0.711111 1.41786 0.0517052
 1194 1.6 1.41802 0.0516621
 1195 2.84444 1.41921 0.0516327
 1196 0.4 1.41836 0.0515965
 1197 0.177778 1.41732 0.0515638
 1198 1.6 1.41747 0.051521
 1199 0.177778 1.41644 0.0514884
 1200 1.11111 1.41619 0.0514461
 1201 0.711111 1.4156 0.0514066
 1202 6.4 1.41974 0.0515309
 1203 17.7778 1.43334 0.0532533
 1204 14.4 1.44411 0.054288
 1205 8.71111 1.45014 0.0545772
 1206 4.44444 1.45263 0.0545884
 1207 1.6 1.45275 0.0545433
 1208 0.711111 1.45213 0.0545016
 1209 0.0444444 1.45097 0.0544689
 1210 0.177778 1.44992 0.0544341
 1211 1.6 1.45004 0.0543892
 1212 0 1.44884 0.0543575
 1213 0.0444444 1.44769 0.054325
 1214 0.711111 1.44708 0.0542836
 1215 0.0444444 1.44593 0.0542512
 1216 0.4 1.44507 0.0542134
 1217 0.4 1.44421 0.0541757
 1218 0.711111 1.44361 0.0541345
 1219 0.0444444 1.44246 0.0541023
 1220 0 1.44128 0.0540708
 1221 0.4 1.44042 0.0540333
 1222 0.0444444 1.43928 0.0540011
 1223 1.11111 1.43901 0.0539576
 1224 0.711111 1.43842 0.0539168
 1225 0 1.43724 0.0538855
 1226 0.4 1.4364 0.0538482
 1227 1.11111 1.43613 0.053805
 1228 0.177778 1.43511 0.0537709
 1229 0.4 1.43426 0.0537337
 1230 0.4 1.43342 0.0536966
 1231 0 1.43226 0.0536656
 1232 0.711111 1.43167 0.0536252
 1233 0.0444444 1.43055 0.0535935
 1234 3.6 1.43231 0.0535789
 1235 0.711111 1.43172 0.0535387
 1236 0 1.43056 0.0535079
 1237 0.4 1.42973 0.0534711
 1238 0.0444444 1.42861 0.0534396
 1239 1.6 1.42875 0.0533967
 1240 3.6 1.4305 0.0533823
 1241 5.37778 1.43368 0.053434
 1242 5.37778 1.43686 0.0534854
 1243 4.44444 1.43928 0.0534971
 1244 6.4 1.44327 0.0536026
 1245 7.51111 1.44814 0.0537808
 1246 2.84444 1.44926 0.0537493
 1247 1.6 1.44938 0.0537063
 1248 0.0444444 1.44825 0.0536751
 1249 2.84444 1.44937 0.0536437
 1250 5.37778 1.45252 0.0536928
 1251 3.6 1.45423 0.0536774
 1252 0.0444444 1.45311 0.0536463
 1253 0.0444444 1.45198 0.0536152
 1254 2.17778 1.45256 0.0535756
 1255 1.6 1.45268 0.053533
 1256 2.17778 1.45326 0.0534935
 1257 6.4 1.45719 0.0535956
 1258 4.44444 1.45957 0.0536056
 1259 2.17778 1.46014 0.053566
 1260 1.6 1.46025 0.0535236
 1261 0.0444444 1.45912 0.0534929
 1262 0.177778 1.45811 0.0534602
 1263 2.84444 1.45921 0.0534291
 1264 0.177778 1.45819 0.0533965
 1265 1.11111 1.45792 0.0533549
 1266 0.177778 1.45691 0.0533224
 1267 4.44444 1.45927 0.0533324
 1268 2.84444 1.46036 0.0533015
 1269 0.4 1.45952 0.0532661
 1270 0 1.45837 0.0532365
 1271 0.177778 1.45737 0.0532042
 1272 0 1.45622 0.0531747
 1273 0.711111 1.45563 0.0531361
 1274 0.711111 1.45505 0.0530976
 1275 0.177778 1.45405 0.0530654
 1276 0.0444444 1.45294 0.0530353
 1277 0.177778 1.45194 0.0530031
 1278 0.711111 1.45136 0.0529648
 1279 2.84444 1.45245 0.0529346
 1280 2.84444 1.45354 0.0529044
 1281 0.0444444 1.45244 0.0528745
 1282 0.0444444 1.45134 0.0528447
 1283 1.11111 1.45108 0.0528042
 1284 0.177778 1.45009 0.0527723
 1285 0.177778 1.4491 0.0527405
 1286 0.0444444 1.448 0.0527108
 1287 0.0444444 1.44691 0.0526811
 1288 1.6 1.44703 0.0526404
 1289 0.711111 1.44646 0.0526026
 1290 0.177778 1.44548 0.052571
 1291 0.177778 1.4445 0.0525395
 1292 0.4 1.44369 0.052505
 1293 0.177778 1.44271 0.0524735
 1294 0.0444444 1.44163 0.0524441
 1295 0.4 1.44082 0.0524097
 1296 0.0444444 1.43975 0.0523804
 1297 0.711111 1.43918 0.052343
 1298 0 1.43808 0.0523144
 1299 0.177778 1.43711 0.0522831
 1300 0.0444444 1.43603 0.0522539
 1301 0.177778 1.43507 0.0522226
 1302 2.84444 1.43615 0.0521937
 1303 2.84444 1.43723 0.0521649
 1304 4.44444 1.43954 0.0521758
 1305 3.6 1.44119 0.0521621
 1306 5.37778 1.44421 0.0522092
 1307 6.4 1.448 0.0523069
 1308 7.51111 1.45263 0.052472
 1309 6.4 1.45641 0.052568
 1310 6.4 1.46019 0.0526632
 1311 2.17778 1.46073 0.0526259
 1312 0.0444444 1.45965 0.0525968
 1313 0.177778 1.45868 0.0525658
 1314 2.17778 1.45923 0.0525287
 1315 2.84444 1.46028 0.0524993
 1316 0.711111 1.45971 0.0524624
 1317 1.11111 1.45944 0.0524233
 1318 2.17778 1.45999 0.0523863
 1319 4.44444 1.46225 0.0523954
 1320 1.6 1.46236 0.0523558
 1321 0 1.46125 0.0523279
 1322 1.6 1.46135 0.0522884
 1323 0.177778 1.46038 0.0522579
 1324 0.711111 1.45982 0.0522215
 1325 0.711111 1.45925 0.0521851
 1326 1.6 1.45936 0.0521458
 1327 4.44444 1.46161 0.0521551
 1328 1.11111 1.46135 0.0521164
 1329 1.6 1.46145 0.0520773
 1330 2.17778 1.46199 0.0520409
 1331 2.84444 1.46303 0.0520122
 1332 1.6 1.46313 0.0519732
 1333 0.0444444 1.46207 0.0519451
 1334 0.4 1.46127 0.0519123
 1335 5.37778 1.4642 0.0519563
 1336 5.37778 1.46713 0.0519999
 1337 3.6 1.46873 0.0519855
 1338 0.177778 1.46776 0.0519556
 1339 0 1.46667 0.0519284
 1340 0 1.46557 0.0519011
 1341 0.177778 1.46461 0.0518713
 1342 0.177778 1.46365 0.0518415
 1343 0.0444444 1.4626 0.0518137
 1344 0.177778 1.46164 0.0517839
 1345 0.711111 1.46108 0.0517484
 1346 2.84444 1.46211 0.0517202
 1347 4.44444 1.46432 0.0517292
 1348 5.37778 1.46723 0.0517722
 1349 6.4 1.47088 0.0518629
 1350 2.84444 1.4719 0.0518345
 1351 0.4 1.47111 0.0518022
 1352 0.0444444 1.47005 0.0517746
 1353 0.177778 1.4691 0.0517451
 1354 0.0444444 1.46805 0.0517176
 1355 0.0444444 1.46699 0.0516901
 1356 0.0444444 1.46595 0.0516626
 1357 0.177778 1.465 0.0516333
 1358 0.0444444 1.46395 0.0516058
 1359 0.711111 1.4634 0.0515708
 1360 2.84444 1.46441 0.0515429
 1361 0.177778 1.46347 0.0515137
 1362 1.6 1.46357 0.0514759
 1363 2.84444 1.46458 0.0514481
 1364 0.711111 1.46403 0.0514134
 1365 1.11111 1.46377 0.0513763
 1366 2.84444 1.46478 0.0513487
 1367 4.44444 1.46696 0.0513574
 1368 4.44444 1.46914 0.0513659
 1369 2.17778 1.46965 0.051331
 1370 0.4 1.46887 0.0512995
 1371 0.711111 1.46832 0.051265
 1372 0.0444444 1.46728 0.0512382
 1373 0.711111 1.46673 0.0512038
 1374 0.4 1.46596 0.0511724
 1375 2.84444 1.46696 0.051145
 1376 1.6 1.46705 0.0511079
 1377 1.11111 1.4668 0.0510714
 1378 1.11111 1.46654 0.051035
 1379 1.6 1.46663 0.0509981
 1380 3.6 1.46818 0.0509845
 1381 1.6 1.46828 0.0509477
 1382 0.0444444 1.46725 0.0509213
 1383 0.0444444 1.46622 0.0508948
 1384 0.4 1.46545 0.0508639
 1385 1.6 1.46554 0.0508272
 1386 0 1.46449 0.0508015
 1387 1.11111 1.46423 0.0507655
 1388 0.0444444 1.46321 0.0507393
 1389 0.177778 1.46228 0.0507112
 1390 0.177778 1.46136 0.0506831
 1391 0.177778 1.46044 0.0506551
 1392 1.11111 1.46019 0.0506193
 1393 2.17778 1.4607 0.0505855
 1394 0.4 1.45994 0.050555
 1395 1.6 1.46004 0.0505188
 1396 1.11111 1.45979 0.0504832
 1397 0.4 1.45903 0.0504528
 1398 1.6 1.45913 0.0504168
 1399 7.51111 1.46346 0.0505661
 1400 5.37778 1.46625 0.0506073
 1401 3.6 1.46778 0.0505941
 1402 7.51111 1.47209 0.0507414
 1403 0.0444444 1.47107 0.0507154
 1404 0.711111 1.47053 0.0506822
 1405 0.177778 1.46961 0.0506545
 1406 0.711111 1.46907 0.0506213
 1407 1.11111 1.46881 0.0505859
 1408 1.6 1.46891 0.0505501
 1409 0.177778 1.46799 0.0505225
 1410 0.177778 1.46708 0.0504949
 1411 0.0444444 1.46607 0.0504692
 1412 0.177778 1.46516 0.0504417
 1413 1.11111 1.46491 0.0504066
 1414 0.711111 1.46437 0.0503738
 1415 0.177778 1.46346 0.0503464
 1416 0.177778 1.46255 0.050319
 1417 0.0444444 1.46155 0.0502934
 1418 0.0444444 1.46055 0.0502679
 1419 0.0444444 1.45956 0.0502424
 1420 0.4 1.45881 0.0502125
 1421 0.4 1.45807 0.0501827
 1422 0.4 1.45732 0.0501529
 1423 2.17778 1.45783 0.0501202
 1424 4.44444 1.45993 0.0501289
 1425 3.6 1.46143 0.0501162
 1426 2.84444 1.4624 0.0500905
 1427 0.0444444 1.4614 0.0500652
 1428 0 1.46038 0.0500406
 1429 6.4 1.46384 0.0501249
 1430 0.4 1.46309 0.0500954
 1431 2.17778 1.46359 0.0500628
 1432 4.44444 1.46567 0.0500712
 1433 5.37778 1.4684 0.0501106
 1434 2.84444 1.46936 0.0500849
 1435 0.711111 1.46883 0.0500527
 1436 0.4 1.46809 0.0500234
 1437 0.711111 1.46756 0.0499914
 1438 0.177778 1.46667 0.0499646
 1439 0.711111 1.46614 0.0499327
 1440 0.4 1.4654 0.0499035
 1441 1.11111 1.46516 0.0498694
 1442 0.0444444 1.46417 0.0498446
 1443 0.711111 1.46365 0.0498127
 1444 0 1.46263 0.0497886
 1445 1.11111 1.46239 0.0497547
 1446 2.17778 1.46289 0.0497227
 1447 2.84444 1.46384 0.0496975
 1448 3.6 1.46532 0.0496851
 1449 4.44444 1.46737 0.0496933
 1450 4.44444 1.46943 0.0497015
 1451 1.11111 1.46918 0.0496678
 1452 1.11111 1.46893 0.0496342
 1453 0 1.46792 0.0496104
 1454 0.711111 1.4674 0.049579
 1455 0.711111 1.46688 0.0495476
 1456 1.11111 1.46664 0.0495142
 1457 1.6 1.46673 0.0494802
 1458 0.0444444 1.46575 0.0494559
 1459 0.0444444 1.46478 0.0494316
 1460 0 1.46377 0.0494079
 1461 3.6 1.46524 0.0493957
 1462 5.37778 1.46791 0.0494344
 1463 7.51111 1.47204 0.049573
 1464 6.4 1.47541 0.0496534
 1465 2.84444 1.47634 0.0496283
 1466 0.177778 1.47546 0.0496023
 1467 0.4 1.47473 0.0495739
 1468 0.0444444 1.47375 0.0495497
 1469 0.0444444 1.47278 0.0495255
 1470 0 1.47178 0.049502
 1471 0.4 1.47105 0.0494737
 1472 1.6 1.47114 0.0494401
 1473 2.17778 1.47161 0.0494089
 1474 0.0444444 1.47065 0.0493849
 1475 1.11111 1.4704 0.049352
 1476 0.711111 1.46989 0.0493212
 1477 1.6 1.46998 0.0492879
 1478 0.4 1.46925 0.0492598
 1479 0.0444444 1.46829 0.0492359
 1480 0.711111 1.46778 0.0492053
 1481 1.11111 1.46754 0.0491727
 1482 2.17778 1.46802 0.0491418
 1483 0.4 1.4673 0.049114
 1484 1.6 1.46739 0.0490809
 1485 2.84444 1.46831 0.0490566
 1486 1.11111 1.46807 0.0490242
 1487 0.177778 1.4672 0.0489989
 1488 0.177778 1.46634 0.0489736
 1489 0.177778 1.46547 0.0489484
 1490 0.0444444 1.46452 0.0489248
 1491 1.11111 1.46428 0.0488926
 1492 3.6 1.46571 0.0488807
 1493 1.6 1.4658 0.0488481
 1494 4.44444 1.4678 0.0488561
 1495 3.6 1.46922 0.0488442
 1496 2.84444 1.47014 0.0488202
 1497 1.6 1.47023 0.0487877
 1498 0.0444444 1.46928 0.0487644
 1499 0.711111 1.46877 0.0487344
 1500 0.177778 1.46791 0.0487095
 1501 0.177778 1.46705 0.0486847
 1502 0.711111 1.46655 0.0486549
 1503 6.4 1.46983 0.0487331
 1504 1.6 1.46992 0.0487008
 1505 0.0444444 1.46897 0.0486776
 1506 2.17778 1.46944 0.0486476
 1507 0.177778 1.46858 0.0486229
 1508 1.6 1.46867 0.0485907
 1509 1.11111 1.46843 0.048559
 1510 1.6 1.46852 0.048527
 1511 4.44444 1.47049 0.0485348
 1512 6.4 1.47375 0.0486121
 1513 1.6 1.47383 0.0485801
 1514 1.6 1.47392 0.0485481
 1515 3.6 1.47532 0.0485363
 1516 2.84444 1.47622 0.0485127
 1517 1.11111 1.47598 0.0484813
 1518 1.11111 1.47574 0.0484499
 1519 2.17778 1.47621 0.0484202
 1520 2.17778 1.47667 0.0483906
 1521 0 1.4757 0.0483685
 1522 0.711111 1.47519 0.0483393
 1523 1.6 1.47528 0.0483076
 1524 3.6 1.47667 0.048296
 1525 3.6 1.47806 0.0482844
 1526 0.711111 1.47756 0.0482554
 1527 1.11111 1.47732 0.0482244
 1528 1.6 1.4774 0.0481929
 1529 0.711111 1.4769 0.048164
 1530 0.4 1.47619 0.0481376
 1531 0.177778 1.47535 0.0481136
 1532 0.4 1.47464 0.0480873
 1533 0.177778 1.4738 0.0480634
 1534 0.4 1.4731 0.0480372
 1535 0.4 1.4724 0.048011
 1536 2.17778 1.47286 0.0479819
 1537 2.17778 1.47332 0.0479529
 1538 2.84444 1.47421 0.04793
 1539 0.177778 1.47337 0.0479062
 1540 0.0444444 1.47244 0.0478841
 1541 0.711111 1.47194 0.0478555
 1542 0.177778 1.47111 0.0478319
 1543 0 1.47015 0.0478104
 1544 0 1.4692 0.0477889
 1545 0 1.46825 0.0477674
 1546 0 1.4673 0.0477459
 1547 0.177778 1.46647 0.0477223
 1548 0.177778 1.46563 0.0476988
 1549 0.4 1.46495 0.0476729
 1550 1.6 1.46503 0.0476422
 1551 0.711111 1.46455 0.047614
 1552 5.37778 1.46707 0.0476501
 1553 8.71111 1.47173 0.0478473
 1554 4.44444 1.47365 0.0478547
 1555 7.51111 1.47753 0.0479813
 1556 8.71111 1.48218 0.0481753
 1557 2.84444 1.48305 0.0481523
 1558 2.17778 1.4835 0.0481234
 1559 2.17778 1.48394 0.0480946
 1560 0.4 1.48325 0.0480688
 1561 0.0444444 1.48233 0.0480468
 1562 0.177778 1.48149 0.0480233
 1563 4.44444 1.48339 0.04803
 1564 4.44444 1.48528 0.0480366
 1565 3.6 1.48663 0.0480249
 1566 4.44444 1.48852 0.0480314
 1567 2.84444 1.48939 0.0480085
 1568 3.6 1.49073 0.0479968
 1569 7.51111 1.49457 0.0481194
 1570 7.51111 1.4984 0.0482412
 1571 4.44444 1.50028 0.048247
 1572 2.17778 1.50071 0.0482182
 1573 3.6 1.50204 0.048206
 1574 1.6 1.5021 0.0481754
 1575 0.0444444 1.50118 0.0481537
 1576 0 1.50023 0.0481326
 1577 0.4 1.49953 0.0481071
 1578 0.177778 1.49869 0.0480839
 1579 0.0444444 1.49777 0.0480623
 1580 0 1.49682 0.0480412
 1581 0 1.49587 0.0480201
 1582 0.4 1.49518 0.0479947
 1583 1.6 1.49525 0.0479645
 1584 0.0444444 1.49433 0.0479429
 1585 0.0444444 1.49342 0.0479214
 1586 0.711111 1.49292 0.0478937
 1587 0.4 1.49224 0.0478685
 1588 0.711111 1.49174 0.0478409
 1589 0.0444444 1.49083 0.0478194
 1590 1.6 1.4909 0.0477894
 1591 2.17778 1.49133 0.0477613
 1592 0.711111 1.49084 0.0477338
 1593 1.6 1.49091 0.0477039
 1594 0.711111 1.49042 0.0476764
 1595 1.6 1.49049 0.0476466
 1596 0 1.48956 0.0476259
 1597 0 1.48862 0.0476052
 1598 0.4 1.48794 0.0475803
 1599 0.0444444 1.48704 0.0475591
 1600 0.4 1.48636 0.0475342
 1601 2.17778 1.48679 0.0475065
 1602 1.11111 1.48656 0.0474774
 1603 1.11111 1.48632 0.0474483
 1604 1.11111 1.48609 0.0474193
 1605 1.6 1.48616 0.0473898
 1606 0.177778 1.48535 0.0473673
 1607 0.177778 1.48453 0.0473448
 1608 1.6 1.4846 0.0473154
 1609 2.17778 1.48504 0.047288
 1610 0.177778 1.48422 0.0472655
 1611 0.711111 1.48374 0.0472386
 1612 0.711111 1.48326 0.0472118
 1613 0.4 1.48259 0.0471873
 1614 0.4 1.48192 0.0471628
 1615 0.711111 1.48144 0.047136
 1616 0.0444444 1.48056 0.0471152
 1617 0 1.47964 0.047095
 1618 1.11111 1.47941 0.0470664
 1619 2.84444 1.48026 0.0470449
 1620 2.17778 1.48069 0.0470178
 1621 0.711111 1.48021 0.0469912
 1622 2.84444 1.48105 0.0469697
 1623 11.3778 1.48715 0.0473352
 1624 5.37778 1.48955 0.0473666
 1625 4.44444 1.49136 0.0473724
 1626 3.6 1.49266 0.047361
 1627 0.0444444 1.49177 0.0473403
 1628 0.4 1.4911 0.0473159
 1629 0.0444444 1.49021 0.0472952
 1630 0.711111 1.48973 0.0472686
 1631 2.17778 1.49016 0.0472415
 1632 0.4 1.48949 0.0472173
 1633 1.11111 1.48926 0.0471889
 1634 1.11111 1.48902 0.0471606
 1635 0.0444444 1.48814 0.04714
 1636 0.0444444 1.48726 0.0471195
 1637 0.4 1.48659 0.0470954
 1638 0.711111 1.48612 0.047069
 1639 3.6 1.48741 0.0470579
 1640 0.4 1.48675 0.0470339
 1641 0.4 1.48609 0.0470099
 1642 0.177778 1.48529 0.046988
 1643 0.0444444 1.48441 0.0469676
 1644 0.711111 1.48394 0.0469414
 1645 0.177778 1.48315 0.0469195
 1646 0.4 1.48249 0.0468956
 1647 2.17778 1.48291 0.0468691
 1648 1.6 1.48298 0.0468407
 1649 0.177778 1.48219 0.0468189
 1650 0.4 1.48154 0.0467952
 1651 5.37778 1.4839 0.0468263
 1652 2.84444 1.48472 0.0468052
 1653 3.6 1.486 0.0467944
 1654 3.6 1.48728 0.0467835
 1655 1.6 1.48734 0.0467553
 1656 0.711111 1.48688 0.0467294
 1657 0.0444444 1.48601 0.0467093
 1658 0 1.48511 0.0466898
 1659 0 1.48421 0.0466702
 1660 0.0444444 1.48335 0.0466501
 1661 0.177778 1.48256 0.0466287
 1662 0.4 1.48191 0.0466051
 1663 0.4 1.48126 0.0465817
 1664 0.4 1.48061 0.0465582
 1665 0.4 1.47996 0.0465347
 1666 1.6 1.48003 0.0465069
 1667 1.6 1.4801 0.046479
 1668 2.17778 1.48052 0.046453
 1669 4.44444 1.4823 0.0464591
 1670 0.177778 1.48152 0.0464379
 1671 1.11111 1.4813 0.0464106
 1672 1.6 1.48137 0.0463829
 1673 0.0444444 1.48051 0.0463631
 1674 0.177778 1.47973 0.0463419
 1675 1.11111 1.47951 0.0463148
 1676 1.6 1.47958 0.0462872
 1677 5.37778 1.48191 0.046318
 1678 4.44444 1.48367 0.046324
 1679 3.6 1.48493 0.0463136
 1680 3.6 1.48619 0.0463031
 1681 5.37778 1.48851 0.0463334
 1682 4.44444 1.49026 0.0463392
 1683 2.84444 1.49107 0.0463187
 1684 0.0444444 1.49021 0.0462991
 1685 0.0444444 1.48935 0.0462796
 1686 0.177778 1.48857 0.0462587
 1687 1.11111 1.48835 0.0462318
 1688 2.17778 1.48876 0.0462062
 1689 3.6 1.49001 0.0461957
 1690 0.0444444 1.48915 0.0461763
 1691 1.6 1.48922 0.046149
 1692 2.17778 1.48962 0.0461236
 1693 1.6 1.48969 0.0460964
 1694 0.4 1.48905 0.0460736
 1695 2.17778 1.48945 0.0460482
 1696 1.6 1.48952 0.0460211
 1697 0 1.48864 0.0460024
 1698 0.177778 1.48787 0.0459817
 1699 0.177778 1.4871 0.0459611
 1700 0 1.48622 0.0459424
 1701 0.177778 1.48545 0.0459219
 1702 0.177778 1.48468 0.0459013
 1703 0.0444444 1.48384 0.0458821
 1704 0.177778 1.48307 0.0458616
 1705 0 1.4822 0.0458429
 1706 0.0444444 1.48136 0.0458238
 1707 1.11111 1.48114 0.0457975
 1708 0.4 1.48051 0.045775
 1709 0.711111 1.48006 0.0457505
 1710 0.177778 1.4793 0.04573
 1711 0.0444444 1.47846 0.045711
 1712 0.0444444 1.47762 0.045692
 1713 0.4 1.47699 0.0456696
 1714 0.4 1.47636 0.0456473
 1715 0.177778 1.47561 0.0456269
 1716 0.0444444 1.47477 0.045608
 1717 0.177778 1.47402 0.0455877
 1718 0 1.47316 0.0455692
 1719 0.0444444 1.47233 0.0455503
 1720 0.711111 1.47189 0.0455259
 1721 1.6 1.47196 0.0454995
 1722 2.17778 1.47237 0.0454749
 1723 2.84444 1.47317 0.0454555
 1724 6.4 1.47602 0.0455189
 1725 4.44444 1.47775 0.0455251
 1726 5.37778 1.48001 0.0455548
 1727 1.11111 1.47979 0.0455289
 1728 1.11111 1.47958 0.045503
 1729 2.17778 1.47998 0.0454785
 1730 2.17778 1.48039 0.045454
 1731 0 1.47953 0.0454358
 1732 0 1.47868 0.0454176
 1733 0.711111 1.47823 0.0453935
 1734 0.4 1.47761 0.0453716
 1735 0.4 1.47699 0.0453497
 1736 0.4 1.47637 0.0453278
 1737 0 1.47552 0.0453097
 1738 3.6 1.47674 0.0453001
 1739 4.44444 1.47845 0.0453062
 1740 2.84444 1.47923 0.0452869
 1741 1.6 1.4793 0.045261
 1742 0.177778 1.47856 0.0452412
 1743 0.711111 1.47812 0.0452173
 1744 0 1.47727 0.0451993
 1745 0 1.47642 0.0451814
 1746 0 1.47558 0.0451634
 1747 0.177778 1.47483 0.0451437
 1748 2.17778 1.47524 0.0451196
 1749 2.17778 1.47564 0.0450956
 1750 6.4 1.47845 0.0451576
 1751 1.11111 1.47824 0.0451323
 1752 1.11111 1.47803 0.045107
 1753 0.4 1.47742 0.0450854
 1754 0.711111 1.47698 0.0450619
 1755 0.4 1.47637 0.0450403
 1756 2.17778 1.47677 0.0450165
 1757 1.6 1.47684 0.0449909
 1758 0.0444444 1.47602 0.0449727
 1759 0.4 1.47541 0.0449513
 1760 1.11111 1.4752 0.0449262
 1761 0.177778 1.47447 0.0449067
 1762 0 1.47363 0.044889
 1763 0.177778 1.47289 0.0448696
 1764 2.84444 1.47367 0.0448509
 1765 3.6 1.47488 0.0448416
 1766 3.6 1.47608 0.0448324
 1767 0.177778 1.47534 0.044813
 1768 1.11111 1.47514 0.0447882
 1769 0 1.4743 0.0447706
 1770 0 1.47347 0.044753
 1771 0.0444444 1.47266 0.044735
 1772 0.4 1.47206 0.0447139
 1773 0.0444444 1.47125 0.0446959
 1774 0.177778 1.47052 0.0446767
 1775 2.84444 1.4713 0.0446582
 1776 2.17778 1.4717 0.0446348
 1777 0.4 1.47109 0.0446138
 1778 0 1.47027 0.0445963
 1779 2.17778 1.47066 0.044573
 1780 1.6 1.47074 0.0445481
 1781 1.6 1.47081 0.0445231
 1782 0.711111 1.47038 0.0445001
 1783 1.11111 1.47018 0.0444756
 1784 0.4 1.46958 0.0444548
 1785 1.11111 1.46938 0.0444303
 1786 1.11111 1.46918 0.0444059
 1787 1.11111 1.46898 0.0443815
 1788 0 1.46816 0.0443642
 1789 0.0444444 1.46736 0.0443466
 1790 0.711111 1.46694 0.0443238
 1791 0.0444444 1.46615 0.0443062
 1792 0 1.46533 0.044289
 1793 0.0444444 1.46453 0.0442714
 1794 0.4 1.46394 0.0442507
 1795 0.0444444 1.46315 0.0442331
 1796 0.4 1.46256 0.0442124
 1797 1.11111 1.46236 0.0441882
 1798 0.177778 1.46165 0.0441694
 1799 1.6 1.46173 0.0441449
 1800 1.11111 1.46153 0.0441208
 1801 2.17778 1.46193 0.0440981
 1802 1.6 1.46201 0.0440737
 1803 0.4 1.46142 0.0440532
 1804 0.177778 1.4607 0.0440345
 1805 0.711111 1.46029 0.0440121
 1806 0.177778 1.45958 0.0439934
 1807 0.4 1.45899 0.043973
 1808 2.17778 1.45939 0.0439505
 1809 0.711111 1.45898 0.0439281
 1810 0.177778 1.45827 0.0439095
 1811 1.6 1.45835 0.0438854
 1812 0.0444444 1.45757 0.0438681
 1813 0 1.45676 0.0438512
 1814 0 1.45596 0.0438344
 1815 0.4 1.45538 0.0438141
 1816 0.177778 1.45467 0.0437956
 1817 0.177778 1.45397 0.0437772
 1818 2.84444 1.45474 0.0437598
 1819 1.6 1.45482 0.0437358
 1820 0.4 1.45424 0.0437156
 1821 0.177778 1.45354 0.0436972
 1822 0.0444444 1.45276 0.04368
 1823 2.17778 1.45316 0.0436579
 1824 3.6 1.45434 0.0436498
 1825 8.71111 1.45831 0.0438067
 1826 4.44444 1.45995 0.0438133
 1827 6.4 1.46265 0.0438727
 1828 3.6 1.46382 0.0438643
 1829 2.84444 1.46458 0.0438468
 1830 0.0444444 1.4638 0.0438297
 1831 0.711111 1.46339 0.0438077
 1832 0.0444444 1.46262 0.0437906
 1833 1.6 1.46269 0.0437668
 1834 0.0444444 1.46192 0.0437497
 1835 0.711111 1.46151 0.0437278
 1836 0.4 1.46093 0.0437078
 1837 0.711111 1.46052 0.0436859
 1838 1.6 1.4606 0.0436622
 1839 0.711111 1.46019 0.0436403
 1840 3.6 1.46135 0.0436321
 1841 0.711111 1.46095 0.0436103
 1842 1.6 1.46102 0.0435867
 1843 0.711111 1.46061 0.0435649
 1844 1.11111 1.46042 0.0435417
 1845 0.177778 1.45973 0.0435237
 1846 2.17778 1.46012 0.0435018
 1847 2.84444 1.46087 0.0434847
 1848 1.11111 1.46068 0.0434616
 1849 3.6 1.46184 0.0434535
 1850 2.17778 1.46222 0.0434317
 1851 0.711111 1.46182 0.0434101
 1852 2.84444 1.46256 0.0433931
 1853 0 1.46177 0.0433769
 1854 0.0444444 1.46101 0.0433602
 1855 0 1.46022 0.043344
 1856 0.177778 1.45953 0.0433261
 1857 0 1.45874 0.0433099
 1858 0.0444444 1.45798 0.0432933
 1859 0.0444444 1.45722 0.0432767
 1860 0 1.45644 0.0432605
 1861 2.17778 1.45683 0.043239
 1862 1.6 1.4569 0.0432158
 1863 4.44444 1.45851 0.0432224
 1864 0.4 1.45794 0.0432029
 1865 0.711111 1.45754 0.0431816
 1866 0.4 1.45697 0.0431622
 1867 2.17778 1.45736 0.0431408
 1868 1.11111 1.45717 0.0431181
 1869 2.17778 1.45756 0.0430968
 1870 4.44444 1.45916 0.0431033
 1871 3.6 1.4603 0.0430955
 1872 1.6 1.46038 0.0430725
 1873 0.4 1.45981 0.0430532
 1874 1.6 1.45988 0.0430303
 1875 2.17778 1.46027 0.043009
 1876 0 1.45949 0.0429932
 1877 0.177778 1.45881 0.0429757
 1878 0 1.45803 0.0429598
 1879 0.177778 1.45735 0.0429423
 1880 1.11111 1.45716 0.0429199
 1881 6.4 1.45979 0.0429775
 1882 10 1.46433 0.0431937
 1883 16.0444 1.47207 0.0438596
 1884 16.0444 1.47981 0.0445135
 1885 10 1.48433 0.0447189
 1886 7.51111 1.48752 0.0448093
 1887 6.4 1.49013 0.0448611
 1888 2.17778 1.49049 0.0448388
 1889 1.11111 1.49029 0.0448155
 1890 0.4 1.48971 0.0447955
 1891 4.44444 1.49127 0.0447991
 1892 1.6 1.49133 0.0447754
 1893 1.6 1.49139 0.0447518
 1894 0.177778 1.4907 0.0447336
 1895 2.17778 1.49106 0.0447114
 1896 0 1.49027 0.0446947
 1897 0.177778 1.48958 0.0446765
 1898 0.4 1.48901 0.0446567
 1899 0.4 1.48843 0.0446368
 1900 1.11111 1.48823 0.0446138
 1901 1.11111 1.48804 0.0445907
 1902 3.6 1.48915 0.0445811
 1903 6.4 1.49173 0.0446324
 1904 7.51111 1.49489 0.0447208
 1905 7.51111 1.49805 0.0448087
 1906 2.84444 1.49875 0.0447908
 1907 10 1.50321 0.0449887
 1908 5.37778 1.50524 0.045011
 1909 2.17778 1.50559 0.0449888
 1910 1.11111 1.50539 0.0449657
 1911 1.6 1.50544 0.0449422
 1912 0.711111 1.50502 0.0449206
 1913 0.711111 1.50461 0.044899
 1914 1.11111 1.5044 0.044876
 1915 0.711111 1.50399 0.0448545
 1916 0.4 1.50341 0.0448348
 1917 0.0444444 1.50265 0.0448178
 1918 0.0444444 1.50189 0.0448009
 1919 0.177778 1.5012 0.0447829
 1920 2.17778 1.50155 0.0447609
 1921 2.17778 1.5019 0.044739
 1922 4.44444 1.50343 0.0447419
 1923 0.177778 1.50274 0.044724
 1924 0 1.50196 0.0447075
 1925 0.711111 1.50155 0.0446862
 1926 0.177778 1.50087 0.0446683
 1927 0 1.50009 0.0446519
 1928 1.6 1.50014 0.0446288
 1929 0.711111 1.49973 0.0446075
 1930 2.84444 1.50043 0.0445898
 1931 2.17778 1.50078 0.0445681
 1932 2.17778 1.50113 0.0445464
 1933 2.17778 1.50148 0.0445247
 1934 1.11111 1.50128 0.0445022
 1935 0.0444444 1.50052 0.0444855
 1936 3.6 1.50161 0.0444758
 1937 2.84444 1.5023 0.0444582
 1938 1.11111 1.5021 0.0444357
 1939 3.6 1.50318 0.044426
 1940 5.37778 1.50518 0.044448
 1941 1.6 1.50523 0.0444251
 1942 1.6 1.50528 0.0444022
 1943 1.6 1.50532 0.0443794
 1944 2.17778 1.50567 0.0443579
 1945 0.4 1.5051 0.0443387
 1946 0.177778 1.50442 0.0443212
 1947 1.6 1.50447 0.0442985
 1948 1.11111 1.50427 0.0442762
 1949 0.4 1.5037 0.0442571
 1950 2.17778 1.50405 0.0442357
 1951 1.6 1.50409 0.0442131
 1952 0.177778 1.50342 0.0441956
 1953 0.177778 1.50274 0.0441782
 1954 1.6 1.50279 0.0441556
 1955 1.11111 1.50259 0.0441335
 1956 0 1.50182 0.0441176
 1957 0.0444444 1.50107 0.0441013
 1958 0.0444444 1.50033 0.0440851
 1959 0.0444444 1.49959 0.0440689
 1960 0.711111 1.49918 0.0440482
 1961 0.0444444 1.49844 0.044032
 1962 0 1.49768 0.0440162
 1963 0.177778 1.49701 0.0439989
 1964 0.177778 1.49633 0.0439816
 1965 0 1.49557 0.0439658
 1966 1.11111 1.49538 0.0439439
 1967 1.6 1.49543 0.0439216
 1968 0.4 1.49487 0.0439028
 1969 0.0444444 1.49414 0.0438866
 1970 0.177778 1.49347 0.0438694
 1971 1.6 1.49352 0.0438472
 1972 0 1.49277 0.0438315
 1973 1.11111 1.49257 0.0438097
 1974 0.0444444 1.49184 0.0437937
 1975 0.0444444 1.49111 0.0437776
 1976 0 1.49035 0.043762
 1977 0.0444444 1.48962 0.0437459
 1978 0.4 1.48907 0.0437273
 1979 0.711111 1.48868 0.043707
 1980 0.4 1.48813 0.0436883
 1981 1.11111 1.48794 0.0436667
 1982 2.17778 1.48828 0.043646
 1983 0.711111 1.48789 0.0436258
 1984 0.4 1.48734 0.0436072
 1985 1.6 1.4874 0.0435853
 1986 2.84444 1.48808 0.0435687
 1987 0.711111 1.48769 0.0435485
 1988 0.4 1.48715 0.0435301
 1989 0.0444444 1.48642 0.0435142
 1990 1.6 1.48648 0.0434924
 1991 0.711111 1.48609 0.0434723
 1992 0 1.48534 0.0434569
 1993 0.177778 1.48469 0.04344
 1994 1.11111 1.4845 0.0434186
 1995 2.84444 1.48518 0.0434022
 1996 2.17778 1.48553 0.0433818
 1997 0.177778 1.48487 0.043365
 1998 0.0444444 1.48415 0.0433493
 1999 0.177778 1.4835 0.0433326
 2000 2.17778 1.48384 0.0433123
