 1 -0.2 -0.2 0
 2 -0.04 -0.12 0.08
 3 -0.04 -0.0933333 0.0533333
 4 0.12 -0.04 0.0653197
 5 0.12 -0.008 0.0598665
 6 0.4 0.06 0.0837456
 7 0.04 0.0571429 0.0708356
 8 0.08 0.06 0.061412
 9 -0.08 0.0444444 0.0563499
 10 0.04 0.044 0.0504028
 11 -0.24 0.0181818 0.0523939
 12 -0.32 -0.01 0.0555141
 13 -0.28 -0.0307692 0.0551276
 14 -0.24 -0.0457143 0.0531814
 15 -0.12 -0.0506667 0.0497562
 16 -0.2 -0.06 0.0474693
 17 -0.04 -0.0588235 0.0446051
 18 -0.08 -0.06 0.0420706
 19 -0.08 -0.0610526 0.0398087
 20 0.16 -0.05 0.03935
 21 0.24 -0.0361905 0.0398956
 22 0.32 -0.02 0.0413412
 23 0.12 -0.013913 0.0399691
 24 0.04 -0.0116667 0.0383333
 25 -0.16 -0.0176 0.0372437
 26 -0.04 -0.0184615 0.035793
 27 -0.16 -0.0237037 0.0348384
 28 -0.04 -0.0242857 0.0335762
 29 -0.16 -0.0289655 0.032734
 30 0 -0.028 0.0316388
 31 0.08 -0.0245161 0.0307988
 32 -0.08 -0.02625 0.0298712
 33 -0.16 -0.030303 0.0292342
 34 -0.12 -0.0329412 0.0284838
 35 -0.12 -0.0354286 0.0277696
 36 -0.2 -0.04 0.0273716
 37 -0.12 -0.0421622 0.0267092
 38 -0.12 -0.0442105 0.0260774
 39 -0.08 -0.0451282 0.0254166
 40 -0.2 -0.049 0.0250737
 41 -0.24 -0.0536585 0.0248943
 42 -0.36 -0.0609524 0.0253656
 43 -0.28 -0.0660465 0.0252871
 44 -0.2 -0.0690909 0.0248926
 45 -0.28 -0.0737778 0.0247804
 46 -0.04 -0.0730435 0.0242469
 47 0.12 -0.0689362 0.0240783
 48 0.32 -0.0608333 0.0249251
 49 0 -0.0595918 0.0244427
 50 0 -0.0584 0.0239785
 51 0.16 -0.0541176 0.0238906
 52 -0.04 -0.0538462 0.0234282
 53 -0.12 -0.0550943 0.0230158
 54 -0.04 -0.0548148 0.0225873
 55 -0.04 -0.0545455 0.0221744
 56 0.04 -0.0528571 0.0218402
 57 -0.36 -0.0582456 0.02212
 58 0.04 -0.0565517 0.0218012
 59 0.08 -0.0542373 0.0215531
 60 0.12 -0.0513333 0.0213889
 61 -0.2 -0.0537705 0.021176
 62 -0.04 -0.0535484 0.0208329
 63 -0.2 -0.055873 0.0206309
 64 -0.32 -0.06 0.0207211
 65 -0.36 -0.0646154 0.0209154
 66 -0.2 -0.0666667 0.020698
 67 -0.04 -0.0662687 0.0203906
 68 -0.08 -0.0664706 0.0200895
 69 -0.04 -0.066087 0.0198
 70 -0.2 -0.068 0.0196086
 71 -0.2 -0.0698592 0.0194196
 72 -0.12 -0.0705556 0.0191607
 73 -0.2 -0.0723288 0.0189794
 74 -0.12 -0.072973 0.0187322
 75 -0.16 -0.0741333 0.0185172
 76 -0.32 -0.0773684 0.0185561
 77 -0.32 -0.0805195 0.0185826
 78 -0.32 -0.0835897 0.018598
 79 -0.2 -0.0850633 0.0184201
 80 -0.08 -0.085 0.0181885
 81 0.16 -0.0819753 0.0182155
 82 0 -0.0809756 0.0180197
 83 -0.08 -0.0809639 0.0178013
 84 -0.04 -0.0804762 0.0175948
 85 -0.08 -0.0804706 0.0173866
 86 0.2 -0.0772093 0.01749
 87 0.12 -0.0749425 0.0174358
 88 0.16 -0.0722727 0.017442
 89 0.2 -0.0692135 0.0175142
 90 0.44 -0.0635556 0.0182193
 91 0.4 -0.0584615 0.0187242
 92 0.36 -0.053913 0.01907
 93 0.32 -0.0498925 0.0192875
 94 0.16 -0.0476596 0.0192114
 95 0.12 -0.0458947 0.0190899
 96 0.16 -0.04375 0.0190113
 97 0.08 -0.0424742 0.0188575
 98 0 -0.0420408 0.0186691
 99 0.32 -0.0383838 0.018838
 100 0.08 -0.0372 0.0186862
 101 0.12 -0.0356436 0.0185656
 102 0.24 -0.0329412 0.0185803
 103 0.28 -0.0299029 0.0186482
 104 0.28 -0.0269231 0.0187068
 105 0.2 -0.0247619 0.0186534
 106 0.4 -0.0207547 0.0189062
 107 0.16 -0.0190654 0.0188047
 108 0.32 -0.0159259 0.0188924
 109 0.4 -0.0121101 0.0191033
 110 0.28 -0.00945455 0.0191142
 111 0.36 -0.00612613 0.0192314
 112 0.44 -0.00214286 0.0194707
 113 0.28 0.000353982 0.0194585
 114 0.32 0.00315789 0.0194898
 115 0.36 0.00626087 0.0195672
 116 0.52 0.0106897 0.0198969
 117 0.44 0.014359 0.0200645
 118 0.36 0.0172881 0.0201082
 119 0.24 0.0191597 0.0200262
 120 0.28 0.0213333 0.0199772
 121 -0.08 0.0204959 0.0198291
 122 -0.2 0.0186885 0.0197488
 123 0.12 0.0195122 0.0196049
 124 0.36 0.0222581 0.019639
 125 0.28 0.02432 0.0195901
 126 0.36 0.0269841 0.0196158
 127 0.32 0.0292913 0.019597
 128 0.2 0.030625 0.019489
 129 0.36 0.0331783 0.0195051
 130 0.24 0.0347692 0.0194198
 131 0.2 0.0360305 0.0193122
 132 0.28 0.0378788 0.0192543
 133 0.44 0.0409023 0.0193467
 134 0.32 0.0429851 0.0193144
 135 0.48 0.0462222 0.0194422
 136 0.36 0.0485294 0.0194361
 137 0.2 0.049635 0.0193254
 138 0 0.0492754 0.0191882
 139 -0.12 0.0480576 0.0190885
 140 -0.24 0.046 0.019063
 141 0 0.0456738 0.0189302
 142 0.08 0.0459155 0.0187979
 143 0.08 0.0461538 0.0186676
 144 0 0.0458333 0.0185402
 145 -0.2 0.0441379 0.0184898
 146 -0.28 0.0419178 0.0184965
 147 -0.28 0.0397279 0.0185003
 148 -0.32 0.0372973 0.0185349
 149 -0.08 0.0365101 0.0184269
 150 0.16 0.0373333 0.0183222
 151 0.04 0.037351 0.0182004
 152 0.04 0.0373684 0.0180803
 153 0.2 0.0384314 0.0179932
 154 0.04 0.0384416 0.0178759
 155 0.2 0.0394839 0.0177908
 156 0.16 0.0402564 0.0176933
 157 -0.08 0.0394904 0.0175969
 158 0 0.0392405 0.0174869
 159 -0.2 0.0377358 0.0174416
 160 -0.2 0.03625 0.0173959
 161 -0.28 0.0342857 0.0173987
 162 -0.12 0.0333333 0.0173172
 163 -0.28 0.031411 0.0173176
 164 -0.32 0.0292683 0.0173446
 165 -0.36 0.0269091 0.0173998
 166 -0.56 0.0233735 0.0176524
 167 -0.4 0.0208383 0.0177286
 168 -0.44 0.0180952 0.0178349
 169 -0.28 0.0163314 0.0178166
 170 -0.2 0.0150588 0.0177572
 171 -0.12 0.014269 0.0176707
 172 0.12 0.0148837 0.0175784
 173 0.28 0.0164162 0.0175435
 174 0.24 0.0177011 0.0174897
 175 0.24 0.0189714 0.0174358
 176 0.44 0.0213636 0.0175007
 177 0.32 0.0230508 0.0174832
 178 0.2 0.0240449 0.0174131
 179 0.12 0.024581 0.0173238
 180 0.04 0.0246667 0.0172275
 181 -0.2 0.0234254 0.017177
 182 -0.2 0.0221978 0.0171264
 183 -0.2 0.0209836 0.0170758
 184 -0.04 0.0206522 0.0169859
 185 -0.04 0.0203243 0.0168971
 186 -0.2 0.0191398 0.0168477
 187 -0.36 0.0171123 0.0168795
 188 -0.32 0.0153191 0.016885
 189 -0.36 0.0133333 0.0169124
 190 -0.2 0.0122105 0.0168606
 191 -0.24 0.0108901 0.016824
 192 0 0.0108333 0.0167362
 193 0.04 0.0109845 0.01665
 194 0 0.0109278 0.016564
 195 0 0.0108718 0.0164789
 196 0.04 0.0110204 0.0163953
 197 0.16 0.0117766 0.0163294
 198 0.16 0.0125253 0.016264
 199 0.2 0.0134673 0.0162094
 200 0.08 0.0138 0.0161316
 201 0.04 0.0139303 0.0160517
 202 0.08 0.0142574 0.0159754
 203 0.16 0.0149754 0.0159127
 204 0.24 0.0160784 0.0158729
 205 0.4 0.0179512 0.0159059
 206 0.68 0.021165 0.0161515
 207 0.32 0.0226087 0.0161379
 208 0.32 0.0240385 0.0161237
 209 0.28 0.0252632 0.016093
 210 0.4 0.0270476 0.0161153
 211 0.44 0.0290047 0.0161577
 212 0.48 0.0311321 0.0162214
 213 0.32 0.0324883 0.0162019
 214 0.16 0.0330841 0.0161371
 215 0.12 0.0334884 0.0160669
 216 0.2 0.0342593 0.0160109
 217 0 0.0341014 0.0159378
 218 0.04 0.0341284 0.0158645
 219 0.24 0.0350685 0.0158198
 220 0.2 0.0358182 0.0157656
 221 0.6 0.038371 0.0159004
 222 0.48 0.0403604 0.0159531
 223 0.48 0.0423318 0.0160033
 224 0.4 0.0439286 0.0160115
 225 0.48 0.0458667 0.0160576
 226 0.48 0.0477876 0.0161014
 227 0.28 0.0488106 0.0160629
 228 0.36 0.0501754 0.0160504
 229 0.6 0.0525764 0.0161596
 230 0.44 0.0542609 0.0161771
 231 0.16 0.0547186 0.0161134
 232 0.08 0.0548276 0.0160442
 233 0.2 0.0554506 0.0159873
 234 0.16 0.0558974 0.0159251
 235 -0.04 0.0554894 0.0158624
 236 0.12 0.0557627 0.0157974
 237 0.08 0.055865 0.015731
 238 0 0.0556303 0.0156665
 239 0.2 0.0562343 0.0156125
 240 0.2 0.0568333 0.0155589
 241 0.24 0.0575934 0.0155128
 242 0.04 0.0575207 0.0154487
 243 0.12 0.0577778 0.0153872
 244 0.2 0.0583607 0.0153351
 245 0 0.0581224 0.0152742
 246 0 0.0578862 0.0152138
 247 -0.04 0.0574899 0.0151573
 248 0.24 0.0582258 0.015114
 249 0.36 0.0594378 0.0151018
 250 0.32 0.06048 0.0150774
 251 0.32 0.0615139 0.0150527
 252 0.32 0.0625397 0.0150279
 253 0.24 0.0632411 0.0149849
 254 0.24 0.063937 0.014942
 255 0.2 0.0644706 0.0148928
 256 -0.04 0.0640625 0.0148401
 257 0.32 0.0650584 0.0148158
 258 0.08 0.0651163 0.0147584
 259 0.04 0.0650193 0.0147016
 260 0.2 0.0655385 0.0146541
 261 0.08 0.0655939 0.014598
 262 0 0.0653435 0.0145443
 263 -0.2 0.0643346 0.014524
 264 0.12 0.0645455 0.0144704
 265 0.12 0.0647547 0.0144172
 266 -0.12 0.0640602 0.0143797
 267 0.04 0.06397 0.014326
 268 -0.08 0.0634328 0.0142826
 269 0.04 0.0633457 0.0142296
 270 0.08 0.0634074 0.014177
 271 0.24 0.064059 0.0141396
 272 0.36 0.0651471 0.0141295
 273 0 0.0649084 0.0140796
 274 -0.08 0.0643796 0.0140381
 275 0.04 0.0642909 0.0139873
 276 0.12 0.0644928 0.013938
 277 0 0.0642599 0.0138895
 278 0.04 0.0641727 0.0138397
 279 0.2 0.0646595 0.0137986
 280 0 0.0644286 0.0137512
 281 -0.2 0.0634875 0.0137344
 282 -0.12 0.0628369 0.0137011
 283 0 0.0626148 0.0136544
 284 0.04 0.0625352 0.0136065
 285 0.12 0.0627368 0.0135602
 286 0.04 0.0626573 0.0135129
 287 0.12 0.0628571 0.0134672
 288 -0.08 0.0623611 0.0134295
 289 0.04 0.0622837 0.0133832
 290 0.28 0.0630345 0.0133581
 291 0.4 0.0641924 0.0133624
 292 0.32 0.0650685 0.0133453
 293 0.12 0.065256 0.013301
 294 0.24 0.0658503 0.013269
 295 0.08 0.0658983 0.013224
 296 0.08 0.0659459 0.0131794
 297 0.04 0.0658586 0.0131352
 298 0.04 0.0657718 0.0130914
 299 -0.24 0.0647492 0.0130875
 300 0.12 0.0649333 0.0130451
 301 0.2 0.0653821 0.0130094
 302 0.24 0.0659603 0.0129792
 303 0.12 0.0661386 0.0129375
 304 0.12 0.0663158 0.0128961
 305 0.04 0.0662295 0.012854
 306 -0.04 0.0658824 0.0128167
 307 -0.2 0.0650163 0.0128042
 308 -0.2 0.0641558 0.0127915
 309 -0.28 0.0630421 0.0127986
 310 -0.2 0.0621935 0.0127854
 311 0 0.0619936 0.0127458
 312 0.16 0.0623077 0.0127088
 313 0.2 0.0627476 0.0126757
 314 0.2 0.0631847 0.0126429
 315 0.12 0.0633651 0.012604
 316 0.2 0.0637975 0.0125715
 317 0.24 0.0643533 0.0125441
 318 0.4 0.0654088 0.012549
 319 0.36 0.0663323 0.0125437
 320 0.24 0.066875 0.0125162
 321 0.24 0.0674143 0.0124888
 322 0.32 0.0681988 0.0124746
 323 0.16 0.068483 0.0124392
 324 -0.08 0.0680247 0.0124092
 325 0.08 0.0680615 0.012371
 326 0.16 0.0683436 0.0123362
 327 0.24 0.0688685 0.0123096
 328 0.44 0.07 0.0123241
 329 0.16 0.0702736 0.0122896
 330 0.04 0.0701818 0.0122527
 331 -0.04 0.0698489 0.0122201
 332 0.24 0.0703614 0.012194
 333 0 0.0701502 0.0121592
 334 0 0.0699401 0.0121246
 335 -0.12 0.0693731 0.0121016
 336 -0.24 0.0684524 0.0121006
 337 -0.28 0.0674184 0.0121089
 338 -0.24 0.0665089 0.0121072
 339 -0.12 0.0659587 0.012084
 340 -0.28 0.0649412 0.0120913
 341 -0.4 0.0635777 0.0121326
 342 -0.4 0.0622222 0.0121728
 343 -0.24 0.0613411 0.0121692
 344 -0.24 0.0604651 0.0121654
 345 -0.28 0.0594783 0.0121701
 346 -0.32 0.0583815 0.0121844
 347 -0.32 0.0572911 0.012198
 348 -0.36 0.056092 0.0122219
 349 -0.32 0.0550143 0.0122344
 350 0.12 0.0552 0.0122008
 351 0.08 0.0552707 0.0121662
 352 -0.36 0.0540909 0.0121888
 353 -0.08 0.053711 0.0121601
 354 0 0.0535593 0.0121267
 355 -0.08 0.0531831 0.0120983
 356 0 0.0530337 0.0120652
 357 -0.12 0.052549 0.0120412
 358 -0.08 0.0521788 0.0120132
 359 -0.16 0.0515877 0.0119942
 360 -0.12 0.0511111 0.0119704
 361 0.08 0.0511911 0.0119374
 362 0.08 0.0512707 0.0119047
 363 0.04 0.0512397 0.0118719
 364 -0.08 0.0508791 0.0118447
 365 0 0.0507397 0.011813
 366 0 0.0506011 0.0117815
 367 0 0.0504632 0.0117502
 368 0.08 0.0505435 0.0117185
 369 0.36 0.0513821 0.0117167
 370 0.12 0.0515676 0.0116865
 371 0.12 0.051752 0.0116564
 372 0.2 0.0521505 0.0116319
 373 0 0.0520107 0.0116015
 374 -0.2 0.0513369 0.01159
 375 0 0.0512 0.0115599
 376 -0.08 0.0508511 0.0115344
 377 -0.08 0.050504 0.011509
 378 -0.2 0.0498413 0.0114976
 379 -0.08 0.0494987 0.0114724
 380 -0.24 0.0487368 0.0114675
 381 -0.44 0.0474541 0.011509
 382 -0.4 0.0462827 0.0115385
 383 -0.48 0.0449086 0.01159
 384 -0.44 0.0436458 0.0116286
 385 -0.44 0.0423896 0.0116662
 386 -0.16 0.0418653 0.0116477
 387 -0.28 0.0410336 0.0116473
 388 -0.04 0.0408247 0.0116191
 389 -0.2 0.0402057 0.0116058
 390 -0.2 0.0395897 0.0115923
 391 -0.04 0.0393862 0.0115644
 392 0.04 0.0393878 0.0115349
 393 -0.08 0.039084 0.0115095
 394 0 0.0389848 0.0114807
 395 -0.16 0.038481 0.0114627
 396 -0.16 0.0379798 0.0114447
 397 0 0.0378841 0.0114162
 398 0.04 0.0378894 0.0113875
 399 0.04 0.0378947 0.0113589
 400 0.16 0.0382 0.0113346
 401 0.2 0.0386035 0.0113135
 402 0.08 0.0387065 0.0112858
 403 -0.08 0.0384119 0.0112616
 404 -0.08 0.0381188 0.0112375
 405 -0.16 0.0376296 0.0112204
 406 -0.24 0.0369458 0.0112136
 407 -0.24 0.0362654 0.0112067
 408 -0.2 0.0356863 0.0111942
 409 -0.24 0.0350122 0.0111871
 410 -0.12 0.0346341 0.0111662
 411 -0.12 0.0342579 0.0111453
 412 -0.2 0.0336893 0.0111328
 413 -0.16 0.0332203 0.0111157
 414 -0.04 0.0330435 0.0110902
 415 0 0.0329639 0.0110637
 416 0 0.0328846 0.0110374
 417 0.12 0.0330935 0.0110129
 418 0.08 0.0332057 0.0109871
 419 -0.08 0.0329356 0.0109642
 420 -0.04 0.0327619 0.0109394
 421 -0.16 0.032304 0.010923
 422 -0.04 0.0321327 0.0108984
 423 0.12 0.0323404 0.0108746
 424 0.2 0.0327358 0.0108561
 425 -0.04 0.0325647 0.0108319
 426 -0.2 0.0320188 0.0108202
 427 0 0.0319438 0.0107951
 428 -0.2 0.0314019 0.0107835
 429 -0.2 0.0308625 0.0107718
 430 -0.2 0.0303256 0.0107602
 431 -0.2 0.0297912 0.0107485
 432 -0.2 0.0292593 0.0107367
 433 -0.12 0.0289145 0.0107175
 434 0 0.0288479 0.0106929
 435 -0.16 0.0284138 0.0106772
 436 0.04 0.0284404 0.0106527
 437 -0.12 0.0281007 0.0106337
 438 -0.2 0.0275799 0.0106222
 439 -0.32 0.0267882 0.0106275
 440 -0.32 0.026 0.0106326
 441 -0.36 0.0251247 0.0106445
 442 -0.16 0.0247059 0.0106286
 443 -0.28 0.0240181 0.0106269
 444 -0.12 0.0236937 0.0106079
 445 -0.16 0.0232809 0.0105921
 446 -0.36 0.0224215 0.0106032
 447 -0.08 0.0221924 0.0105819
 448 0.12 0.0224107 0.0105605
 449 0.4 0.0232517 0.0105705
 450 0.28 0.0238222 0.0105624
 451 0.52 0.0249224 0.0105962
 452 0.48 0.0259292 0.0106206
 453 0.6 0.0271965 0.0106726
 454 0.28 0.0277533 0.0106636
 455 0.24 0.0282198 0.0106504
 456 0.16 0.0285088 0.0106309
 457 -0.08 0.0282713 0.0106103
 458 -0.16 0.0278603 0.0105951
 459 0.12 0.028061 0.0105739
 460 0.04 0.028087 0.0105509
 461 0.2 0.0284599 0.0105346
 462 0.36 0.0291775 0.0105362
 463 0.36 0.029892 0.0105377
 464 -0.04 0.0297414 0.010516
 465 0.04 0.0297634 0.0104934
 466 -0.12 0.0294421 0.0104758
 467 -0.04 0.0292934 0.0104544
 468 0 0.0292308 0.0104322
 469 0.2 0.0295949 0.0104163
 470 0.24 0.0300426 0.0104038
 471 0.44 0.030913 0.0104181
 472 0.28 0.0314407 0.0104094
 473 0.4 0.0322199 0.0104165
 474 0.44 0.0330802 0.0104301
 475 0.12 0.0332632 0.0104097
 476 -0.08 0.0330252 0.0103905
 477 -0.12 0.0327044 0.0103737
 478 -0.12 0.0323849 0.0103569
 479 0.08 0.0324843 0.0103357
 480 0.48 0.0334167 0.0103562
 481 0.4 0.0341788 0.0103627
 482 0.2 0.0345228 0.0103469
 483 0 0.0344513 0.0103257
 484 0.16 0.0347107 0.0103076
 485 0.12 0.0348866 0.0102879
 486 0 0.0348148 0.0102669
 487 0.16 0.0350719 0.010249
 488 0.04 0.035082 0.010228
 489 -0.04 0.0349284 0.0102082
 490 0 0.0348571 0.0101876
 491 0.08 0.0349491 0.0101673
 492 -0.12 0.0346341 0.0101515
 493 -0.04 0.0344828 0.010132
 494 0.08 0.0345749 0.0101119
 495 0.28 0.0350707 0.0101036
 496 0.28 0.0355645 0.0100953
 497 0.24 0.0359759 0.0100834
 498 0.4 0.0367068 0.0100896
 499 0.4 0.0374349 0.0100957
 500 0.4 0.03816 0.0101015
 501 0.08 0.0382435 0.0100817
 502 0.04 0.038247 0.0100616
 503 -0.16 0.0378529 0.0100493
 504 -0.24 0.0373016 0.0100445
 505 -0.16 0.0369109 0.0100322
 506 -0.12 0.0366008 0.0100171
 507 -0.16 0.036213 0.0100049
 508 0.04 0.0362205 0.00998515
 509 -0.16 0.035835 0.00997296
 510 -0.2 0.0353725 0.00996413
 511 -0.12 0.0350685 0.00994925
 512 0.12 0.0352344 0.00993119
 513 -0.04 0.0350877 0.0099129
 514 0.04 0.0350973 0.0098936
 515 0.16 0.0353398 0.00987734
 516 0.32 0.0358915 0.00987361
 517 0.2 0.0362089 0.0098596
 518 0.08 0.0362934 0.00984091
 519 0 0.0362235 0.00982218
 520 0.08 0.0363077 0.00980364
 521 -0.12 0.0360077 0.0097894
 522 -0.36 0.035249 0.00980004
 523 -0.28 0.0346463 0.00979983
 524 -0.36 0.0338931 0.00981007
 525 -0.12 0.0336 0.00979575
 526 0.04 0.0336122 0.00977712
 527 0.16 0.033852 0.00976149
 528 0.16 0.0340909 0.00974592
 529 0.08 0.0341777 0.00972786
 530 0.16 0.0344151 0.00971239
 531 0.04 0.0344256 0.00969409
 532 0.04 0.0344361 0.00967586
 533 0.32 0.0349719 0.00967254
 534 0.16 0.035206 0.00965725
 535 0 0.0351402 0.0096394
 536 -0.04 0.035 0.00962242
 537 -0.16 0.0346369 0.00961135
 538 0.08 0.0347212 0.00959384
 539 -0.12 0.0344341 0.00958032
 540 0.04 0.0344444 0.00956257
 541 0.2 0.0347505 0.00954978
 542 0.16 0.0349815 0.00953495
 543 0 0.0349171 0.00951759
 544 0.16 0.0351471 0.00950286
 545 0 0.0350826 0.00948563
 546 0.24 0.0354579 0.00947567
 547 0.32 0.0359781 0.00947263
 548 0.12 0.0361314 0.00945657
 549 0.12 0.0362842 0.00944057
 550 -0.04 0.0361455 0.00942441
 551 0.16 0.0363702 0.00940997
 552 0.12 0.0365217 0.00939413
 553 -0.12 0.0362387 0.0093814
 554 -0.12 0.0359567 0.0093687
 555 0.08 0.036036 0.00935214
 556 -0.08 0.0358273 0.00933763
 557 0.16 0.0360503 0.00932352
 558 0.36 0.0366308 0.00932489
 559 0.64 0.0377102 0.00937056
 560 0.44 0.0384286 0.00938136
 561 0.44 0.0391444 0.00939194
 562 0.72 0.0403559 0.00945316
 563 0.4 0.0409947 0.00945796
 564 0.36 0.0415603 0.0094581
 565 0.24 0.0419115 0.00944787
 566 0 0.0418375 0.00943146
 567 0 0.0417637 0.0094151
 568 -0.04 0.0416197 0.00939961
 569 0.08 0.0416872 0.00938332
 570 0 0.041614 0.00936713
 571 0.12 0.0417513 0.00935172
 572 0.04 0.0417483 0.00933535
 573 -0.04 0.0416056 0.00932014
 574 -0.24 0.041115 0.00931681
 575 -0.28 0.0405565 0.00931735
 576 -0.24 0.0400694 0.0093139
 577 -0.24 0.0395841 0.00931041
 578 -0.04 0.0394464 0.00929531
 579 -0.04 0.0393092 0.00928025
 580 -0.08 0.0391034 0.00926652
 581 0 0.0390361 0.0092508
 582 0.24 0.0393814 0.00924135
 583 0.08 0.0394511 0.00922575
 584 -0.08 0.0392466 0.00921221
 585 0.12 0.0393846 0.00919748
 586 0.08 0.0394539 0.00918203
 587 0.28 0.0398637 0.00917553
 588 0.2 0.0401361 0.00916396
 589 0.04 0.0401358 0.00914839
 590 -0.08 0.0399322 0.00913514
 591 -0.08 0.0397293 0.00912193
 592 0.16 0.0399324 0.00910877
 593 0.08 0.04 0.00909365
 594 0.2 0.0402694 0.00908232
 595 -0.08 0.0400672 0.0090693
 596 0.12 0.0402013 0.00905506
 597 0.16 0.040402 0.00904211
 598 0.08 0.0404682 0.00902722
 599 -0.04 0.0403339 0.00901314
 600 0.04 0.0403333 0.0089981
 601 0.36 0.0408652 0.00899885
 602 -0.08 0.0406645 0.00898613
 603 -0.24 0.040199 0.00898329
 604 -0.44 0.039404 0.00900357
 605 -0.28 0.038876 0.00900417
 606 -0.36 0.0382178 0.00901336
 607 -0.08 0.0380231 0.00900061
 608 -0.04 0.0378947 0.00898671
 609 -0.12 0.0376355 0.00897569
 610 -0.16 0.0373115 0.00896681
 611 -0.2 0.0369231 0.00896055
 612 -0.12 0.0366667 0.00894957
 613 -0.32 0.0360848 0.00895388
 614 -0.16 0.0357655 0.00894499
 615 -0.16 0.0354472 0.0089361
 616 -0.08 0.0352597 0.00892355
 617 -0.24 0.0348136 0.00892024
 618 0 0.0347573 0.00890597
 619 0.04 0.0347658 0.00889158
 620 0.04 0.0347742 0.00887723
 621 0.2 0.0350403 0.00886692
 622 0.2 0.0353055 0.00885662
 623 -0.04 0.0351846 0.00884322
 624 -0.16 0.0348718 0.00883458
 625 0.16 0.035072 0.0088227
 626 -0.04 0.0349521 0.00880941
 627 -0.12 0.0347049 0.00879882
 628 -0.12 0.0344586 0.00878825
 629 -0.04 0.0343402 0.00877507
 630 0.24 0.0346667 0.00876721
 631 0.28 0.0350555 0.00876193
 632 0.48 0.0357595 0.00877634
 633 0.28 0.0361453 0.00877096
 634 0.16 0.0363407 0.00875929
 635 -0.04 0.0362205 0.00874631
 636 0 0.0361635 0.00873274
 637 -0.16 0.0358556 0.00872445
 638 0 0.0357994 0.00871095
 639 0.32 0.0362441 0.00870867
 640 0.12 0.036375 0.00869604
 641 0.04 0.0363807 0.00868246
 642 0.4 0.036947 0.00868741
 643 0.52 0.0376983 0.00870636
 644 0.44 0.038323 0.00871525
 645 0.28 0.0386977 0.00870979
 646 0.36 0.039195 0.00871051
 647 0.28 0.0395672 0.00870499
 648 0.32 0.04 0.00870232
 649 0.36 0.0404931 0.00870288
 650 0.32 0.0409231 0.00870011
 651 0.24 0.0412289 0.00869212
 652 0.2 0.0414724 0.00868219
 653 0.08 0.0415314 0.00866909
 654 0.12 0.0416514 0.00865665
 655 -0.04 0.0415267 0.00864433
 656 0.28 0.0418902 0.00863879
 657 0.16 0.04207 0.0086275
 658 0.08 0.0421277 0.00861458
 659 0.2 0.0423672 0.00860483
 660 0.24 0.0426667 0.008597
 661 0.2 0.0429047 0.00858728
 662 0.12 0.0430211 0.00857509
 663 0 0.0429563 0.00856239
 664 0.04 0.0429518 0.00854949
 665 0.2 0.043188 0.00853989
 666 0.04 0.0431832 0.00852706
 667 0.12 0.0432984 0.00851504
 668 0.24 0.0435928 0.00850738
 669 0.24 0.0438864 0.00849973
 670 0.16 0.0440597 0.0084888
 671 0.16 0.0442325 0.0084779
 672 0.2 0.0444643 0.00846845
 673 -0.04 0.0443388 0.00845679
 674 -0.04 0.0442136 0.00844516
 675 0.32 0.0446222 0.00844253
 676 0.24 0.0449112 0.00843499
 677 0.32 0.0453176 0.00843231
 678 0.04 0.0453097 0.00841987
 679 -0.08 0.0451252 0.00840949
 680 0.2 0.0453529 0.0084002
 681 0.24 0.0456388 0.00839272
 682 0.04 0.0456305 0.00838041
 683 -0.08 0.0454466 0.00837016
 684 -0.08 0.0452632 0.00835992
 685 0.12 0.0453723 0.00834842
 686 0.04 0.0453644 0.00833625
 687 -0.04 0.0452402 0.00832503
 688 -0.08 0.0450581 0.00831491
 689 0.12 0.0451669 0.00830355
 690 -0.12 0.0449275 0.00829496
 691 -0.08 0.0447467 0.00828492
 692 -0.12 0.0445087 0.00827637
 693 -0.24 0.0440981 0.0082746
 694 -0.32 0.0435735 0.00827931
 695 -0.16 0.0432806 0.00827258
 696 -0.24 0.0428736 0.0082707
 697 -0.24 0.0424677 0.0082688
 698 -0.24 0.042063 0.00826685
 699 -0.16 0.041774 0.00826008
 700 -0.32 0.0412571 0.00826444
 701 -0.32 0.0407418 0.00826872
 702 0.04 0.0407407 0.00825693
 703 -0.12 0.0405121 0.00824835
 704 0 0.0404545 0.00823683
 705 0 0.0403972 0.00822533
 706 -0.12 0.04017 0.00821682
 707 -0.12 0.0399434 0.00820831
 708 -0.04 0.0398305 0.00819749
 709 -0.08 0.0396615 0.00818766
 710 0.12 0.0397746 0.00817691
 711 0.24 0.0400563 0.00817025
 712 0.12 0.0401685 0.00815954
 713 0.12 0.0402805 0.00814886
 714 0.36 0.0407283 0.00814975
 715 0.24 0.041007 0.00814311
 716 0.32 0.0413966 0.00814106
 717 0.08 0.0414505 0.00812988
 718 0.2 0.0416713 0.00812155
 719 0.24 0.0419471 0.00811494
 720 0.24 0.0422222 0.00810833
 721 0.32 0.0426075 0.00810623
 722 0.24 0.0428809 0.00809961
 723 0.2 0.0430982 0.00809132
 724 -0.08 0.0429282 0.00808193
 725 0 0.042869 0.00807099
 726 0.12 0.0429752 0.00806056
 727 0.2 0.0431912 0.00805237
 728 0 0.0431319 0.00804152
 729 -0.24 0.0427435 0.00803986
 730 -0.24 0.0423562 0.00803818
 731 -0.12 0.0421341 0.00803025
 732 -0.04 0.0420219 0.00802006
 733 -0.16 0.0417462 0.00801385
 734 -0.12 0.0415259 0.00800596
 735 -0.2 0.0411973 0.00800181
 736 -0.32 0.0407065 0.00800598
 737 -0.2 0.0403799 0.00800178
 738 -0.12 0.0401626 0.00799388
 739 -0.04 0.0400541 0.0079838
 740 0.12 0.0401622 0.00797373
 741 0.16 0.0403239 0.00796461
 742 0.16 0.0404852 0.0079555
 743 0.04 0.0404845 0.00794479
 744 0.2 0.0406989 0.007937
 745 0.4 0.0411812 0.00794099
 746 0.4 0.0416622 0.00794492
 747 0.2 0.0418742 0.0079371
 748 0.24 0.042139 0.00793091
 749 0.16 0.0422964 0.00792188
 750 -0.04 0.0421867 0.00791207
 751 -0.08 0.042024 0.0079032
 752 0 0.0419681 0.00789288
 753 -0.24 0.0415936 0.00789128
 754 -0.36 0.041061 0.00789879
 755 -0.28 0.0406358 0.00789977
 756 -0.24 0.0402646 0.00789804
 757 -0.08 0.0401057 0.0078892
 758 0 0.0400528 0.00787897
 759 -0.04 0.0399473 0.00786929
 760 0 0.0398947 0.0078591
 761 0.4 0.0403679 0.00786302
 762 0.28 0.0406824 0.00785899
 763 -0.04 0.0405767 0.00784939
 764 0 0.0405236 0.00783929
 765 -0.08 0.040366 0.00783062
 766 -0.12 0.0401567 0.00782319
 767 0.2 0.0403651 0.00781577
 768 0.04 0.0403646 0.00780558
 769 0.04 0.0403641 0.00779543
 770 -0.16 0.0401039 0.00778964
 771 -0.2 0.0397925 0.00778576
 772 -0.32 0.0393264 0.00778963
 773 0 0.0392755 0.00777971
 774 0 0.0392248 0.00776982
 775 0.12 0.039329 0.00776049
 776 0.16 0.0394845 0.00775204
 777 0.2 0.0396911 0.00774481
 778 0.2 0.0398972 0.00773759
 779 0.32 0.0402567 0.00773602
 780 0.4 0.0407179 0.00773984
 781 0.28 0.0410243 0.007736
 782 0.4 0.0414834 0.00773972
 783 0.4 0.0419413 0.00774338
 784 0.64 0.0427041 0.00777103
 785 0.4 0.0431592 0.00777446
 786 0.52 0.0437659 0.00778823
 787 0.48 0.0443202 0.00779805
 788 0.32 0.0446701 0.007796
 789 0.12 0.0447655 0.0077867
 790 -0.12 0.044557 0.00777963
 791 -0.2 0.0442478 0.00777594
 792 -0.16 0.0439899 0.0077704
 793 -0.16 0.0437327 0.00776485
 794 -0.12 0.0435264 0.00775781
 795 -0.08 0.0433711 0.0077496
 796 0.16 0.0435176 0.00774125
 797 0.2 0.0437139 0.00773402
 798 0.2 0.0439098 0.00772681
 799 0.12 0.044005 0.00771772
 800 0.28 0.0443 0.00771371
 801 0.2 0.0444944 0.00770652
 802 0 0.0444389 0.00769711
 803 0.04 0.0444334 0.00768752
 804 -0.04 0.0443284 0.00767867
 805 -0.12 0.0441242 0.00767184
 806 -0.28 0.0437221 0.00767286
 807 -0.32 0.0432714 0.00767659
 808 -0.52 0.0425743 0.00769871
 809 -0.36 0.0420766 0.00770527
 810 -0.28 0.041679 0.00770602
 811 0.16 0.0418249 0.00769789
 812 0.2 0.0420197 0.00769088
 813 0.24 0.0422632 0.00768527
 814 0.2 0.042457 0.00767827
 815 0.12 0.0425521 0.00766943
 816 -0.04 0.042451 0.00766069
 817 0.16 0.0425949 0.00765266
 818 0 0.0425428 0.00764348
 819 0 0.0424908 0.00763432
 820 0.24 0.0427317 0.00762881
 821 0.04 0.0427284 0.00761951
 822 0 0.0426764 0.00761041
 823 -0.16 0.0424301 0.00760515
 824 -0.12 0.042233 0.00759847
 825 0.04 0.0422303 0.00758925
 826 0.24 0.0424697 0.00758384
 827 0.36 0.0428537 0.00758439
 828 0.16 0.0429952 0.00757655
 829 0.24 0.0432328 0.00757113
 830 0.32 0.0435663 0.00756935
 831 -0.08 0.0434176 0.0075617
 832 -0.24 0.0430769 0.00756029
 833 -0.36 0.042593 0.00756669
 834 -0.24 0.0422542 0.00756521
 835 -0.24 0.0419162 0.0075637
 836 -0.4 0.0413876 0.00757312
 837 -0.24 0.0410514 0.00757153
 838 -0.24 0.040716 0.00756992
 839 -0.16 0.0404768 0.00756468
 840 0 0.0404286 0.00755582
 841 -0.32 0.04 0.00755899
 842 -0.36 0.0395249 0.00756494
 843 -0.12 0.0393357 0.00755833
 844 -0.16 0.0390995 0.00755306
 845 0.04 0.0391006 0.00754412
 846 -0.2 0.038818 0.00754049
 847 -0.16 0.0385832 0.00753524
 848 -0.16 0.0383491 0.00752999
 849 -0.2 0.0380683 0.00752636
 850 -0.28 0.0376941 0.0075268
 851 -0.24 0.0373678 0.00752503
 852 -0.2 0.0370892 0.00752136
 853 -0.28 0.0367175 0.00752173
 854 -0.12 0.036534 0.00751515
 855 -0.28 0.0361637 0.00751548
 856 -0.24 0.0358411 0.00751363
 857 0.2 0.0360327 0.0075073
 858 0.48 0.0365501 0.00751638
 859 0.2 0.0367404 0.00751003
 860 0.24 0.0369767 0.00750502
 861 0.12 0.0370732 0.00749692
 862 0.04 0.0370766 0.00748821
 863 0.24 0.0373117 0.00748323
 864 0.28 0.0375926 0.00747984
 865 0.32 0.0379191 0.00747832
 866 0.32 0.0382448 0.00747677
 867 0.24 0.0384775 0.00747177
 868 0.08 0.0385253 0.00746331
 869 -0.28 0.0381588 0.00746372
 870 -0.4 0.0376552 0.00747213
 871 -0.16 0.0374282 0.007467
 872 0 0.0373853 0.00745855
 873 0.12 0.03748 0.0074506
 874 -0.12 0.0372998 0.00744425
 875 -0.08 0.0371657 0.00743695
 876 -0.2 0.036895 0.00743339
 877 -0.36 0.0364424 0.00743869
 878 -0.04 0.0363554 0.00743072
 879 0.04 0.0363595 0.00742226
 880 0.28 0.0366364 0.00741899
 881 0.12 0.036731 0.00741117
 882 0.24 0.0369615 0.00740635
 883 0.24 0.0371914 0.00740153
 884 -0.04 0.0371041 0.00739367
 885 -0.04 0.0370169 0.00738582
 886 0 0.0369752 0.0073776
 887 0.08 0.0370237 0.00736944
 888 0.2 0.0372072 0.00736342
 889 0.4 0.0376153 0.00736645
 890 0.4 0.0380225 0.00736942
 891 0.24 0.0382492 0.00736463
 892 0.28 0.0385202 0.00736136
 893 0.2 0.038701 0.00735534
 894 0.08 0.0387472 0.00734725
 895 0.12 0.038838 0.0073396
 896 0.04 0.0388393 0.0073314
 897 0 0.038796 0.00732335
 898 0.08 0.0388419 0.00731534
 899 0.04 0.0388432 0.0073072
 900 0.16 0.0389778 0.00730031
 901 0.28 0.0392453 0.00729711
 902 0.36 0.0396009 0.00729769
 903 0.16 0.0397342 0.00729082
 904 0.32 0.0400442 0.00728935
 905 0.28 0.0403094 0.00728611
 906 0.16 0.0404415 0.00727927
 907 0.12 0.0405292 0.00727177
 908 0.08 0.0405727 0.00726388
 909 -0.16 0.040352 0.00725924
 910 -0.24 0.040044 0.0072578
 911 -0.36 0.0396048 0.00726312
 912 -0.16 0.039386 0.00725845
 913 -0.32 0.0389923 0.00726117
 914 -0.28 0.0386433 0.00726162
 915 -0.28 0.0382951 0.00726203
 916 -0.28 0.0379476 0.00726241
 917 -0.16 0.0377317 0.0072577
 918 -0.12 0.0375599 0.00725183
 919 -0.04 0.0374755 0.00724442
 920 0.16 0.0376087 0.00723777
 921 0.12 0.0376982 0.00723046
 922 0.12 0.0377874 0.00722317
 923 -0.2 0.0375298 0.00721993
 924 -0.24 0.0372294 0.00721837
 925 -0.04 0.0371459 0.00721104
 926 -0.16 0.036933 0.0072064
 927 -0.12 0.0367638 0.00720061
 928 -0.12 0.0365948 0.00719483
 929 -0.12 0.0364263 0.00718906
 930 -0.04 0.0363441 0.00718179
 931 0.04 0.036348 0.00717408
 932 0.32 0.0366524 0.00717283
 933 0.4 0.0370418 0.00717572
 934 0.48 0.0375161 0.0071837
 935 0.36 0.037861 0.0071843
 936 0.24 0.0380769 0.00717987
 937 0.12 0.0381644 0.00717273
 938 0.12 0.0382516 0.00716561
 939 0 0.0382109 0.0071581
 940 0 0.0381702 0.00715059
 941 0.12 0.0382572 0.00714352
 942 0.12 0.0383439 0.00713646
 943 0.12 0.0384305 0.00712941
 944 0.16 0.0385593 0.00712302
 945 0.2 0.0387302 0.00711753
 946 0.16 0.0388584 0.00711116
 947 -0.12 0.0386906 0.00710562
 948 0.04 0.038692 0.00709812
 949 0.04 0.0386934 0.00709064
 950 0 0.0386526 0.00708329
 951 -0.08 0.0385279 0.00707694
 952 0.16 0.0386555 0.00707065
 953 0.24 0.0388667 0.00706639
 954 0.28 0.0391195 0.0070635
 955 0.24 0.0393298 0.00705924
 956 0.04 0.0393305 0.00705185
 957 0.16 0.0394566 0.0070456
 958 0.36 0.0397912 0.00704619
 959 0.32 0.0400834 0.0070449
 960 0.12 0.0401667 0.00703805
 961 -0.08 0.0400416 0.00703184
 962 -0.12 0.0398753 0.00702649
 963 0 0.0398339 0.00701932
 964 -0.08 0.0397095 0.00701313
 965 -0.24 0.0394197 0.00701186
 966 -0.08 0.0392961 0.00700568
 967 0.04 0.0392968 0.00699844
 968 0.04 0.0392975 0.0069912
 969 -0.04 0.0392157 0.00698446
 970 0.12 0.039299 0.00697776
 971 0.24 0.0395057 0.00697363
 972 0.08 0.0395473 0.00696658
 973 0.32 0.0398356 0.00696538
 974 0.24 0.0400411 0.00696126
 975 0.32 0.0403282 0.00696004
 976 0.28 0.0405738 0.00695724
 977 0.2 0.0407369 0.00695203
 978 0.28 0.0409816 0.00694923
 979 0.4 0.0413483 0.0069518
 980 0.2 0.0415102 0.00694659
 981 0.04 0.0415087 0.00693951
 982 0 0.0414664 0.00693257
 983 0.08 0.0415056 0.00692562
 984 0.2 0.0416667 0.00692046
 985 -0.04 0.0415838 0.00691392
 986 -0.08 0.0414604 0.00690801
 987 0.2 0.0416211 0.00690287
 988 0.36 0.0419433 0.00690341
 989 0.04 0.0419414 0.00689643
 990 0.08 0.0419798 0.00688956
 991 -0.16 0.041776 0.00688563
 992 -0.12 0.0416129 0.00688061
 993 -0.12 0.0414502 0.00687561
 994 -0.24 0.041167 0.00687452
 995 -0.36 0.0407638 0.00687943
 996 -0.4 0.0403213 0.00688676
 997 -0.32 0.0399599 0.00688933
 998 -0.28 0.0396393 0.00688989
 999 -0.2 0.0393994 0.00688717
 1000 -0.48 0.03888 0.00689985
 1001 -0.32 0.0385215 0.00690227
 1002 -0.24 0.0382435 0.00690098
 1003 -0.08 0.0381256 0.00689511
 1004 -0.2 0.0378884 0.00689232
 1005 -0.32 0.0375323 0.00689466
 1006 -0.48 0.0370179 0.00690699
 1007 -0.2 0.0367825 0.00690414
 1008 -0.04 0.0367063 0.0068977
 1009 0 0.03667 0.00689096
 1010 -0.12 0.0365149 0.00688588
 1011 0 0.0364787 0.00687916
 1012 0.08 0.0365217 0.0068725
 1013 0 0.0364857 0.0068658
 1014 0.08 0.0365286 0.00685916
 1015 0 0.0364926 0.0068525
 1016 0.28 0.0367323 0.00684994
 1017 0.12 0.0368142 0.00684369
 1018 0.36 0.0371316 0.00684433
 1019 0.4 0.0374877 0.00684688
 1020 0.2 0.0376471 0.00684202
 1021 0.16 0.0377669 0.00683637
 1022 0.6 0.038317 0.00685179
 1023 0.4 0.0386706 0.00685422
 1024 0.12 0.03875 0.00684798
 1025 -0.04 0.0386732 0.00684173
 1026 -0.24 0.0384016 0.00684045
 1027 -0.08 0.0382863 0.00683476
 1028 -0.04 0.0382101 0.00682853
 1029 -0.04 0.0381341 0.00682232
 1030 -0.16 0.0379417 0.0068184
 1031 0.08 0.0379825 0.00681191
 1032 0.12 0.038062 0.00680577
 1033 0.08 0.0381026 0.0067993
 1034 0.12 0.0381818 0.00679318
 1035 0.32 0.0384541 0.00679208
 1036 0.28 0.0386873 0.00678952
 1037 0.32 0.0389585 0.00678839
 1038 0.24 0.0391522 0.00678462
 1039 0.12 0.03923 0.00677853
 1040 0.08 0.0392692 0.00677212
 1041 0.08 0.0393084 0.00676573
 1042 -0.04 0.0392322 0.00675966
 1043 -0.2 0.0390029 0.00675707
 1044 -0.24 0.0387356 0.00675588
 1045 -0.4 0.0383158 0.00676246
 1046 -0.36 0.037935 0.00676671
 1047 -0.4 0.0375167 0.00677318
 1048 -0.36 0.0371374 0.00677733
 1049 0.04 0.0371401 0.00677087
 1050 0.08 0.037181 0.00676454
 1051 0.08 0.0372217 0.00675822
 1052 0.36 0.0375285 0.00675876
 1053 0.48 0.0379487 0.0067654
 1054 0.4 0.0382922 0.00676771
 1055 0.32 0.0385592 0.00676656
 1056 0.28 0.0387879 0.00676401
 1057 0.44 0.0391675 0.00676826
 1058 0.36 0.0394707 0.00676866
 1059 0.28 0.0396978 0.00676608
 1060 0.36 0.04 0.00676644
 1061 0.12 0.0400754 0.00676048
 1062 -0.08 0.0399623 0.00675506
 1063 -0.08 0.0398495 0.00674965
 1064 -0.24 0.0395865 0.00674843
 1065 -0.32 0.0392488 0.00675054
 1066 -0.24 0.0389869 0.00674929
 1067 -0.08 0.0388754 0.00674388
 1068 -0.16 0.0386891 0.00674013
 1069 -0.12 0.0385407 0.00673546
 1070 -0.28 0.038243 0.00673575
 1071 -0.44 0.0377965 0.00674425
 1072 -0.32 0.0374627 0.00674622
 1073 -0.2 0.0372414 0.00674356
 1074 -0.2 0.0370205 0.0067409
 1075 -0.24 0.0367628 0.00673956
 1076 -0.4 0.0363569 0.00674551
 1077 -0.12 0.0362117 0.00674081
 1078 -0.16 0.0360297 0.00673701
 1079 -0.16 0.035848 0.00673322
 1080 -0.08 0.0357407 0.00672784
 1081 0.04 0.0357447 0.00672161
 1082 -0.04 0.0356747 0.00671576
 1083 0.24 0.0358633 0.00671221
 1084 0.64 0.0364207 0.00672913
 1085 0.68 0.0370138 0.00674905
 1086 0.56 0.0374954 0.00676
 1087 0.76 0.0381601 0.00678641
 1088 0.72 0.0387868 0.00680907
 1089 0.36 0.0390817 0.00680921
 1090 0.48 0.0394862 0.00681497
 1091 0.28 0.0397067 0.00681229
 1092 0.12 0.0397802 0.00680645
 1093 -0.08 0.0396706 0.0068011
 1094 0.04 0.0396709 0.00679488
 1095 0.04 0.0396712 0.00678867
 1096 0.08 0.039708 0.00678257
 1097 0.28 0.0399271 0.00677993
 1098 0.28 0.0401457 0.00677728
 1099 0.48 0.040546 0.00678293
 1100 0.6 0.0410545 0.00679582
 1101 0.68 0.0416349 0.0068144
 1102 0.48 0.0420327 0.00681982
 1103 0.28 0.0422484 0.00681705
 1104 0.08 0.0422826 0.00681096
 1105 0 0.0422443 0.0068049
 1106 0.2 0.042387 0.00680024
 1107 0.2 0.0425294 0.00679559
 1108 0 0.042491 0.00678956
 1109 -0.04 0.0424166 0.00678384
 1110 0.24 0.0425946 0.00678007
 1111 0.4 0.0429163 0.00678159
 1112 0.24 0.0430935 0.00677781
 1113 0.12 0.0431626 0.00677207
 1114 0.12 0.0432316 0.00676634
 1115 0.16 0.0433363 0.00676108
 1116 0.2 0.0434767 0.00675648
 1117 0.12 0.0435452 0.00675077
 1118 -0.08 0.0434347 0.00674564
 1119 -0.12 0.0432887 0.00674119
 1120 0 0.04325 0.00673528
 1121 0.28 0.0434612 0.00673258
 1122 0.16 0.0435651 0.00672738
 1123 -0.04 0.0434907 0.0067218
 1124 -0.04 0.0434164 0.00671623
 1125 -0.12 0.0432711 0.00671183
 1126 -0.04 0.0431972 0.00670627
 1127 -0.12 0.0430524 0.00670188
 1128 -0.12 0.0429078 0.0066975
 1129 -0.2 0.0426926 0.00669502
 1130 -0.2 0.0424779 0.00669254
 1131 -0.2 0.0422635 0.00669006
 1132 -0.12 0.0421201 0.00668568
 1133 -0.32 0.0418005 0.00668742
 1134 -0.12 0.0416578 0.00668304
 1135 -0.08 0.0415507 0.00667801
 1136 -0.12 0.0414085 0.00667365
 1137 0 0.041372 0.00666787
 1138 0.04 0.0413708 0.00666201
 1139 0.2 0.0415101 0.00665762
 1140 0.44 0.0418596 0.00666095
 1141 0.44 0.0422086 0.00666425
 1142 0.36 0.0424869 0.00666423
 1143 0.28 0.0426947 0.00666164
 1144 0.24 0.0428671 0.00665805
 1145 0.4 0.043179 0.00665954
 1146 0 0.0431414 0.00665383
 1147 0.12 0.0432084 0.00664836
 1148 0.08 0.0432404 0.00664265
 1149 0.16 0.043342 0.00663764
 1150 0.36 0.0436174 0.00663758
 1151 0.2 0.0437533 0.0066332
 1152 0.28 0.0439583 0.00663061
 1153 0.16 0.044059 0.00662563
 1154 0.32 0.0442981 0.0066242
 1155 0.12 0.0443636 0.00661879
 1156 0.16 0.0444637 0.00661381
 1157 0.04 0.0444598 0.0066081
 1158 -0.24 0.0442142 0.00660696
 1159 0.04 0.0442105 0.00660125
 1160 0 0.0441724 0.00659567
 1161 -0.08 0.0440655 0.00659086
 1162 0.04 0.044062 0.00658518
 1163 0.04 0.0440585 0.00657952
 1164 0.28 0.0442612 0.00657699
 1165 0.04 0.0442575 0.00657134
 1166 -0.08 0.0441509 0.00656657
 1167 -0.2 0.0439417 0.00656427
 1168 -0.32 0.0436301 0.00656605
 1169 -0.44 0.0432164 0.00657346
 1170 -0.16 0.0430427 0.00657014
 1171 0 0.043006 0.00656463
 1172 -0.04 0.0429352 0.0065594
 1173 -0.16 0.0427621 0.00655609
 1174 -0.32 0.0424532 0.00655779
 1175 -0.28 0.0421787 0.00655795
 1176 -0.36 0.0418367 0.00656129
 1177 -0.4 0.0414613 0.00656645
 1178 -0.28 0.0411885 0.00656655
 1179 -0.36 0.0408482 0.0065698
 1180 -0.4 0.0404746 0.00657485
 1181 -0.32 0.0401693 0.00657637
 1182 -0.12 0.0400338 0.0065722
 1183 0.08 0.0400676 0.00656673
 1184 0.12 0.0401351 0.00656152
 1185 0.2 0.04027 0.00655737
 1186 -0.04 0.0402024 0.00655219
 1187 0 0.0401685 0.00654676
 1188 -0.04 0.040101 0.00654159
 1189 -0.24 0.0398654 0.00654033
 1190 -0.2 0.0396639 0.00653794
 1191 -0.04 0.039597 0.00653279
 1192 -0.04 0.0395302 0.00652765
 1193 -0.16 0.039363 0.00652432
 1194 -0.24 0.039129 0.00652305
 1195 -0.32 0.0388285 0.00652452
 1196 -0.12 0.0386957 0.00652041
 1197 -0.08 0.0385965 0.00651572
 1198 -0.24 0.0383639 0.00651443
 1199 0.08 0.0383987 0.00650908
 1200 0.2 0.0385333 0.00650505
 1201 0.16 0.0386345 0.00650042
 1202 0.48 0.0390017 0.00650538
 1203 0.8 0.0396342 0.00653068
 1204 0.72 0.0401993 0.00654968
 1205 0.6 0.0406639 0.00656071
 1206 0.52 0.0410614 0.0065673
 1207 0.4 0.0413587 0.0065686
 1208 0 0.0413245 0.00656324
 1209 0.16 0.0414227 0.00655855
 1210 0.08 0.0414545 0.0065532
 1211 -0.24 0.0412221 0.00655191
 1212 0 0.0411881 0.00654659
 1213 0.04 0.0411871 0.00654119
 1214 0.16 0.041285 0.00653654
 1215 0.04 0.041284 0.00653115
 1216 0.12 0.0413487 0.0065261
 1217 0.12 0.0414133 0.00652106
 1218 -0.16 0.0412479 0.0065178
 1219 -0.04 0.0411813 0.00651279
 1220 0 0.0411475 0.00650754
 1221 0.12 0.0412121 0.00650253
 1222 -0.04 0.0411457 0.00649754
 1223 -0.16 0.0409812 0.00649431
 1224 -0.12 0.0408497 0.00649034
 1225 0 0.0408163 0.00648512
 1226 -0.12 0.0406852 0.00648116
 1227 -0.2 0.040489 0.00647884
 1228 -0.08 0.0403909 0.00647431
 1229 -0.08 0.0402929 0.00646978
 1230 0 0.0402602 0.0064646
 1231 0.16 0.0403574 0.00646008
 1232 0.2 0.040487 0.00645614
 1233 0.16 0.0405839 0.00645163
 1234 0.44 0.0409076 0.00645452
 1235 0.2 0.0410364 0.00645057
 1236 0 0.0410032 0.00644544
 1237 0.12 0.0410671 0.00644054
 1238 0.04 0.0410662 0.00643534
 1239 0.24 0.0412268 0.00643215
 1240 0.36 0.0414839 0.0064321
 1241 0.44 0.041805 0.00643493
 1242 0.44 0.0421256 0.00643773
 1243 0.4 0.0424135 0.00643899
 1244 0.48 0.0427653 0.00644342
 1245 0.56 0.0431807 0.00645164
 1246 0.32 0.0434029 0.00645028
 1247 0.24 0.0435605 0.00644704
 1248 0.16 0.0436538 0.00644254
 1249 0.4 0.0439392 0.0064437
 1250 0.48 0.044288 0.00644799
 1251 0.52 0.0446683 0.00645405
 1252 0.16 0.0447604 0.00644955
 1253 0.16 0.0448524 0.00644505
 1254 0.36 0.0451037 0.00644481
 1255 0.36 0.0453546 0.00644456
 1256 0.28 0.0455414 0.00644214
 1257 0.48 0.045887 0.00644628
 1258 0.4 0.0461685 0.00644731
 1259 0.28 0.0463542 0.00644486
 1260 0.24 0.0465079 0.00644158
 1261 0.04 0.0465028 0.00643647
 1262 0.08 0.0465293 0.00643142
 1263 0.32 0.0467458 0.00642997
 1264 0.08 0.0467722 0.00642494
 1265 -0.12 0.0466403 0.00642121
 1266 0.12 0.0466983 0.0064164
 1267 0.44 0.0470087 0.00641884
 1268 0.4 0.0472871 0.00641982
 1269 0.2 0.0474074 0.00641588
 1270 0.04 0.0474016 0.00641083
 1271 0.12 0.0474587 0.00640604
 1272 0 0.0474214 0.00640111
 1273 -0.16 0.0472584 0.00639816
 1274 -0.16 0.0470958 0.0063952
 1275 -0.08 0.0469961 0.00639096
 1276 0.04 0.0469906 0.00638595
 1277 0.08 0.0470164 0.006381
 1278 0.16 0.0471049 0.00637662
 1279 0.32 0.0473182 0.00637521
 1280 0.32 0.0475312 0.00637378
 1281 0.04 0.0475254 0.00636881
 1282 -0.04 0.0474571 0.00636421
 1283 0.2 0.047576 0.00636035
 1284 0.08 0.0476012 0.00635545
 1285 -0.08 0.0475019 0.00635128
 1286 -0.04 0.0474339 0.0063467
 1287 0.04 0.0474281 0.00634177
 1288 -0.2 0.047236 0.00633976
 1289 -0.16 0.0470753 0.00633688
 1290 0.08 0.0471008 0.00633201
 1291 0.08 0.0471263 0.00632716
 1292 -0.12 0.0469969 0.00632358
 1293 0.08 0.0470224 0.00631874
 1294 0.04 0.047017 0.00631386
 1295 0.12 0.0470734 0.00630923
 1296 0.04 0.0470679 0.00630436
 1297 0.16 0.047155 0.0063001
 1298 0 0.0471186 0.00629535
 1299 0.08 0.047144 0.00629056
 1300 0.04 0.0471385 0.00628572
 1301 0.12 0.0471945 0.00628113
 1302 0.32 0.047404 0.0062798
 1303 0.32 0.0476132 0.00627847
 1304 0.4 0.0478834 0.00627947
 1305 0.36 0.0481226 0.00627921
 1306 0.44 0.0484227 0.00628157
 1307 0.48 0.0487529 0.00628545
 1308 0.52 0.0491131 0.00629096
 1309 0.48 0.0494423 0.00629477
 1310 0.48 0.049771 0.00629854
 1311 0.28 0.0499466 0.00629619
 1312 -0.04 0.049878 0.00629176
 1313 0.08 0.049901 0.00628701
 1314 0.28 0.0500761 0.00628466
 1315 0.32 0.0502814 0.00628323
 1316 0.16 0.0503647 0.00627901
 1317 0.2 0.0504784 0.00627527
 1318 0.28 0.0506525 0.00627292
 1319 0.4 0.0509174 0.00627376
 1320 0.24 0.0510606 0.00627064
 1321 0.04 0.0510522 0.0062659
 1322 0.24 0.0511952 0.00626279
 1323 -0.08 0.051096 0.00625884
 1324 0.16 0.0511782 0.00625465
 1325 0.16 0.0512604 0.00625047
 1326 0.24 0.0514027 0.00624737
 1327 0.4 0.0516654 0.00624819
 1328 0.24 0.0518072 0.00624509
 1329 0.28 0.0519789 0.00624275
 1330 0.28 0.0521504 0.00624041
 1331 0.32 0.0523516 0.00623897
 1332 0.24 0.0524925 0.00623588
 1333 -0.04 0.0524231 0.00623158
 1334 0.12 0.0524738 0.00622711
 1335 0.44 0.052764 0.00622922
 1336 0.44 0.0530539 0.0062313
 1337 0.36 0.0532835 0.00623086
 1338 0.08 0.0533034 0.00622624
 1339 0 0.0532636 0.00622171
 1340 0 0.0532239 0.0062172
 1341 0.12 0.0532737 0.00621276
 1342 0.12 0.0533234 0.00620833
 1343 0.08 0.0533433 0.00620373
 1344 0.08 0.0533631 0.00619915
 1345 -0.16 0.0532045 0.00619657
 1346 -0.32 0.0529272 0.00619817
 1347 -0.4 0.0525909 0.00620268
 1348 -0.44 0.0522255 0.00620884
 1349 -0.48 0.051831 0.00621677
 1350 -0.32 0.0515556 0.00621827
 1351 -0.12 0.0514286 0.00621496
 1352 0.04 0.0514201 0.00621037
 1353 0.08 0.0514412 0.00620581
 1354 0.04 0.0514328 0.00620123
 1355 -0.04 0.0513653 0.00619702
 1356 0.04 0.0513569 0.00619246
 1357 -0.08 0.0512601 0.00618865
 1358 0.04 0.0512518 0.00618409
 1359 0.16 0.0513319 0.00618006
 1360 0.32 0.0515294 0.00617867
 1361 0.12 0.0515797 0.00617434
 1362 0.24 0.0517181 0.00617135
 1363 0.32 0.0519149 0.00616996
 1364 0.16 0.0519941 0.00616595
 1365 -0.2 0.0518095 0.00616419
 1366 -0.2 0.0516252 0.00616244
 1367 -0.36 0.0513241 0.00616529
 1368 -0.4 0.0509942 0.0061696
 1369 -0.28 0.0507524 0.00616984
 1370 -0.12 0.0506277 0.00616659
 1371 -0.16 0.0504741 0.00616401
 1372 0.08 0.0504956 0.00615955
 1373 -0.12 0.0503714 0.00615631
 1374 0.04 0.0503639 0.00615184
 1375 -0.16 0.0502109 0.00614926
 1376 -0.08 0.0501163 0.00614552
 1377 -0.08 0.0500218 0.00614178
 1378 0 0.0499855 0.00613743
 1379 -0.12 0.0498622 0.00613422
 1380 -0.12 0.0497391 0.00613101
 1381 0.04 0.0497321 0.00612657
 1382 0.28 0.0498987 0.0061244
 1383 0.16 0.0499783 0.00612049
 1384 0.32 0.0501734 0.00611918
 1385 0.4 0.050426 0.00611997
 1386 0.12 0.0504762 0.00611576
 1387 0.28 0.0506417 0.00611359
 1388 0.16 0.0507205 0.00610969
 1389 0.12 0.0507703 0.0061055
 1390 0.08 0.0507914 0.00610114
 1391 0.08 0.0508124 0.00609679
 1392 0.2 0.0509195 0.00609335
 1393 0.28 0.051084 0.00609119
 1394 0.12 0.0511334 0.00608702
 1395 0.24 0.0512688 0.00608416
 1396 0.2 0.0513754 0.00608074
 1397 0.16 0.0514531 0.00607688
 1398 0.24 0.051588 0.00607403
 1399 0.52 0.0519228 0.00607891
 1400 0.44 0.0522 0.00608089
 1401 0.36 0.0524197 0.00608052
 1402 0.52 0.0527532 0.00608533
 1403 0.04 0.0527441 0.006081
 1404 0.16 0.0528205 0.00607714
 1405 0.08 0.0528399 0.00607285
 1406 0.2 0.0529445 0.00606943
 1407 0.2 0.053049 0.00606601
 1408 0.24 0.0531818 0.00606316
 1409 0.08 0.0532009 0.00605888
 1410 0.08 0.0532199 0.00605461
 1411 0.04 0.0532105 0.00605033
 1412 0.08 0.0532295 0.00604607
 1413 0.2 0.0533333 0.00604268
 1414 0.16 0.0534088 0.00603888
 1415 0.08 0.0534276 0.00603464
 1416 0.08 0.0534463 0.00603041
 1417 0.04 0.0534368 0.00602616
 1418 0.04 0.0534274 0.00602191
 1419 0.04 0.0534179 0.00601768
 1420 0.24 0.0535493 0.00601487
 1421 0.24 0.0536805 0.00601207
 1422 0.12 0.0537271 0.00600802
 1423 0.28 0.0538862 0.0060059
 1424 0.4 0.0541292 0.0060066
 1425 0.36 0.0543439 0.00600622
 1426 0.32 0.0545302 0.0060049
 1427 -0.04 0.0544639 0.00600106
 1428 0 0.0544258 0.00599697
 1429 -0.48 0.0540518 0.00600443
 1430 -0.12 0.0539301 0.00600147
 1431 -0.28 0.0536967 0.00600181
 1432 -0.4 0.0533799 0.00600598
 1433 -0.4 0.0530635 0.00601012
 1434 -0.28 0.0528312 0.00601042
 1435 -0.12 0.0527108 0.00600744
 1436 -0.08 0.0526184 0.00600396
 1437 -0.04 0.0525539 0.00600013
 1438 -0.08 0.0524618 0.00599666
 1439 -0.16 0.0523141 0.00599431
 1440 -0.08 0.0522222 0.00599085
 1441 -0.12 0.0521027 0.00598789
 1442 -0.04 0.0520388 0.00598407
 1443 -0.16 0.0518919 0.00598173
 1444 0 0.051856 0.00597769
 1445 0.2 0.0519585 0.00597444
 1446 0.36 0.0521715 0.0059741
 1447 0.4 0.0524119 0.00597481
 1448 0.36 0.0526243 0.00597446
 1449 0.4 0.052864 0.00597515
 1450 0.4 0.0531034 0.00597582
 1451 0.2 0.0532047 0.00597256
 1452 0.2 0.0533058 0.0059693
 1453 0 0.0532691 0.0059653
 1454 0.16 0.0533425 0.00596165
 1455 -0.16 0.0531959 0.00595936
 1456 -0.12 0.0530769 0.00595645
 1457 -0.16 0.0529307 0.00595416
 1458 0.04 0.0529218 0.00595008
 1459 0.16 0.0529952 0.00594645
 1460 0.16 0.0530685 0.00594283
 1461 -0.32 0.0528131 0.00594425
 1462 -0.44 0.0524761 0.00594974
 1463 -0.52 0.0520848 0.00595853
 1464 -0.48 0.0517213 0.00596554
 1465 -0.32 0.0514676 0.00596687
 1466 -0.08 0.0513779 0.00596347
 1467 -0.12 0.0512611 0.00596055
 1468 0.04 0.0512534 0.00595649
 1469 -0.04 0.0511913 0.00595276
 1470 0 0.0511565 0.00594881
 1471 0.12 0.0512033 0.00594495
 1472 0.28 0.0513587 0.00594294
 1473 0.28 0.0515139 0.00594093
 1474 -0.04 0.0514518 0.00593723
 1475 -0.2 0.0512814 0.00593565
 1476 -0.16 0.0511382 0.00593335
 1477 -0.24 0.0509411 0.00593261
 1478 -0.12 0.0508254 0.00592972
 1479 0.04 0.0508181 0.00592572
 1480 0.16 0.0508919 0.00592217
 1481 0.2 0.0509926 0.00591903
 1482 0.28 0.0511471 0.00591705
 1483 0.12 0.0511935 0.00591324
 1484 0.24 0.0513208 0.00591062
 1485 0.36 0.0515286 0.0059103
 1486 0.2 0.0516285 0.00590716
 1487 0.08 0.0516476 0.00590322
 1488 0.08 0.0516667 0.00589928
 1489 -0.08 0.0515782 0.00589598
 1490 0.04 0.0515705 0.00589203
 1491 -0.2 0.0514017 0.00589049
 1492 -0.36 0.051126 0.005893
 1493 -0.24 0.050931 0.00589228
 1494 -0.4 0.0506292 0.00589606
 1495 -0.36 0.0503545 0.00589852
 1496 -0.32 0.050107 0.00589977
 1497 -0.24 0.0499132 0.00589901
 1498 -0.04 0.0498531 0.00589538
 1499 0.16 0.0499266 0.0058919
 1500 -0.08 0.04984 0.00588861
 1501 0.08 0.0498601 0.00588472
 1502 0.16 0.0499334 0.00588126
 1503 0.48 0.0502196 0.0058843
 1504 0.24 0.0503457 0.00588174
 1505 -0.04 0.0502857 0.00587814
 1506 -0.16 0.0501461 0.0058759
 1507 0 0.0501128 0.00587209
 1508 -0.2 0.0499469 0.00587054
 1509 -0.04 0.0498873 0.00586695
 1510 -0.08 0.0498013 0.00586369
 1511 -0.2 0.049636 0.00586214
 1512 -0.32 0.0493915 0.00586336
 1513 -0.08 0.049306 0.00586011
 1514 -0.08 0.0492206 0.00585686
 1515 -0.12 0.0491089 0.00585406
 1516 -0.16 0.048971 0.00585182
 1517 -0.16 0.0488332 0.00584959
 1518 -0.16 0.0486957 0.00584735
 1519 -0.2 0.0485319 0.00584579
 1520 -0.16 0.0483947 0.00584356
 1521 0.04 0.0483892 0.00583972
 1522 -0.04 0.0483311 0.00583617
 1523 -0.08 0.0482469 0.00583294
 1524 -0.2 0.048084 0.00583139
 1525 -0.16 0.0479475 0.00582916
 1526 0.12 0.0479948 0.00582553
 1527 -0.04 0.0479371 0.005822
 1528 -0.08 0.0478534 0.00581879
 1529 -0.12 0.0477436 0.00581602
 1530 -0.08 0.0476601 0.00581282
 1531 0 0.047629 0.0058091
 1532 0.16 0.0477023 0.00580577
 1533 -0.04 0.0476451 0.00580227
 1534 -0.08 0.0475619 0.00579908
 1535 -0.12 0.0474528 0.00579633
 1536 -0.28 0.0472396 0.00579648
 1537 -0.24 0.0470527 0.00579572
 1538 -0.24 0.0468661 0.00579495
 1539 0 0.0468356 0.00579127
 1540 0.04 0.0468312 0.00578751
 1541 -0.08 0.0467489 0.00578434
 1542 0.04 0.0467445 0.00578059
 1543 0.08 0.046766 0.00577688
 1544 0.12 0.0468135 0.00577333
 1545 0.08 0.046835 0.00576963
 1546 0.08 0.0468564 0.00576594
 1547 -0.04 0.0468003 0.00576248
 1548 0.04 0.0467959 0.00575876
 1549 0.04 0.0467915 0.00575504
 1550 -0.04 0.0467355 0.0057516
 1551 0.04 0.0467311 0.0057479
 1552 -0.28 0.0465206 0.00574805
 1553 -0.36 0.0462589 0.00575031
 1554 -0.2 0.0461004 0.00574879
 1555 -0.2 0.0459421 0.00574727
 1556 -0.2 0.0457841 0.00574575
 1557 0 0.0457547 0.00574213
 1558 0 0.0457253 0.00573852
 1559 -0.04 0.0456703 0.0057351
 1560 0.08 0.0456923 0.00573147
 1561 0.2 0.0457912 0.00572865
 1562 0.24 0.0459155 0.00572633
 1563 -0.24 0.0457326 0.00572559
 1564 -0.24 0.0455499 0.00572484
 1565 -0.12 0.0454441 0.00572216
 1566 -0.24 0.0452618 0.00572141
 1567 -0.2 0.0451053 0.0057199
 1568 -0.32 0.0448724 0.00572099
 1569 -0.48 0.0445379 0.00572712
 1570 -0.44 0.0442293 0.00573179
 1571 -0.32 0.0439975 0.00573283
 1572 -0.24 0.0438168 0.00573203
 1573 -0.2 0.0436618 0.00573048
 1574 -0.2 0.043507 0.00572893
 1575 0.04 0.0435048 0.00572529
 1576 0 0.0434772 0.00572172
 1577 0.12 0.0435257 0.0057183
 1578 -0.08 0.0434474 0.00571521
 1579 -0.04 0.0433946 0.00571183
 1580 0 0.0433671 0.00570828
 1581 0 0.0433397 0.00570474
 1582 0.12 0.0433881 0.00570134
 1583 -0.24 0.0432091 0.00570055
 1584 -0.04 0.0431566 0.00569719
 1585 -0.04 0.0431041 0.00569383
 1586 -0.16 0.042976 0.00569168
 1587 -0.12 0.0428733 0.00568902
 1588 -0.12 0.0427708 0.00568637
 1589 -0.04 0.0427187 0.00568302
 1590 0.24 0.0428428 0.0056808
 1591 0.28 0.0429918 0.00567919
 1592 0.28 0.0431407 0.00567757
 1593 0.36 0.0433396 0.00567749
 1594 0.36 0.0435383 0.00567741
 1595 0.36 0.0437367 0.00567731
 1596 0.16 0.0438095 0.00567422
 1597 0.04 0.0438071 0.00567067
 1598 0.24 0.0439299 0.00566845
 1599 0.12 0.0439775 0.0056651
 1600 0.04 0.043975 0.00566156
 1601 -0.08 0.0438976 0.00565855
 1602 -0.08 0.0438202 0.00565555
 1603 -0.08 0.043743 0.00565255
 1604 -0.08 0.0436658 0.00564955
 1605 -0.04 0.0436137 0.00564627
 1606 0.04 0.0436115 0.00564275
 1607 0.08 0.0436341 0.00563929
 1608 -0.12 0.0435323 0.0056367
 1609 -0.2 0.043381 0.00563523
 1610 -0.04 0.0433292 0.00563196
 1611 -0.16 0.043203 0.00562988
 1612 -0.16 0.0430769 0.0056278
 1613 -0.12 0.0429758 0.00562522
 1614 -0.12 0.0428748 0.00562264
 1615 -0.16 0.0427492 0.00562056
 1616 0.04 0.0427475 0.00561708
 1617 0 0.0427211 0.00561367
 1618 0.2 0.0428183 0.00561104
 1619 0.32 0.0429895 0.00561019
 1620 0.28 0.0431358 0.00560863
 1621 0.16 0.0432079 0.00560563
 1622 0.32 0.0433785 0.00560477
 1623 0.64 0.0437461 0.00561337
 1624 0.44 0.0439901 0.00561521
 1625 0.4 0.0442092 0.00561603
 1626 0.44 0.0444526 0.00561785
 1627 0.04 0.0444499 0.0056144
 1628 0.12 0.0444963 0.00561114
 1629 0.04 0.0444936 0.0056077
 1630 0.16 0.0445644 0.0056047
 1631 0.28 0.0447088 0.00560313
 1632 0.12 0.0447549 0.00559988
 1633 -0.2 0.044605 0.00559846
 1634 -0.2 0.0444553 0.00559703
 1635 -0.04 0.0444037 0.00559385
 1636 0.04 0.044401 0.00559043
 1637 0.12 0.0444472 0.0055872
 1638 0.2 0.0445421 0.0055846
 1639 0.36 0.0447346 0.00558451
 1640 0.16 0.0448049 0.00558154
 1641 0.12 0.0448507 0.00557833
 1642 -0.08 0.0447747 0.00557545
 1643 -0.04 0.0447231 0.0055723
 1644 -0.16 0.0445985 0.0055703
 1645 -0.08 0.0445228 0.00556742
 1646 -0.12 0.0444228 0.00556494
 1647 -0.28 0.0442259 0.00556505
 1648 -0.24 0.0440534 0.00556434
 1649 0.08 0.0440752 0.00556101
 1650 -0.12 0.0439758 0.00555853
 1651 -0.44 0.0436826 0.00556289
 1652 -0.28 0.0434867 0.00556297
 1653 -0.36 0.0432426 0.00556496
 1654 -0.36 0.0429988 0.00556694
 1655 -0.2 0.042852 0.00556551
 1656 -0.12 0.0427536 0.00556302
 1657 0.04 0.042752 0.00555966
 1658 0.08 0.0427744 0.00555635
 1659 0.12 0.042821 0.00555319
 1660 0.12 0.0428675 0.00555004
 1661 -0.04 0.0428176 0.00554692
 1662 -0.12 0.0427196 0.00554445
 1663 0.12 0.0427661 0.00554131
 1664 0.12 0.0428125 0.00553818
 1665 0.12 0.0428589 0.00553504
 1666 0.24 0.0429772 0.00553298
 1667 0.24 0.0430954 0.00553093
 1668 0.28 0.0432374 0.00552943
 1669 0.4 0.0434512 0.00553025
 1670 0.08 0.0434731 0.00552698
 1671 0.2 0.0435667 0.00552447
 1672 0.24 0.0436842 0.00552241
 1673 0.04 0.043682 0.00551911
 1674 -0.08 0.0436081 0.00551631
 1675 -0.2 0.0434627 0.00551493
 1676 -0.2 0.0433174 0.00551356
 1677 -0.28 0.0431246 0.00551364
 1678 -0.28 0.0429321 0.00551372
 1679 -0.24 0.0427635 0.00551301
 1680 -0.16 0.0426429 0.00551105
 1681 -0.12 0.0425461 0.00550862
 1682 -0.16 0.0424257 0.00550666
 1683 -0.04 0.0423767 0.0055036
 1684 0.48 0.0426366 0.00550647
 1685 0.48 0.0428961 0.00550932
 1686 0.36 0.0430842 0.00550926
 1687 0.44 0.0433195 0.00551102
 1688 0.32 0.0434834 0.00551019
 1689 0.08 0.043505 0.00550697
 1690 0.4 0.043716 0.00550775
 1691 0.36 0.043903 0.00550767
 1692 0.28 0.0440426 0.00550618
 1693 0.24 0.0441583 0.00550415
 1694 0.12 0.0442031 0.00550108
 1695 0.28 0.0443422 0.00549959
 1696 0.24 0.0444575 0.00549756
 1697 0 0.0444313 0.00549438
 1698 -0.08 0.0443581 0.00549163
 1699 -0.08 0.0442849 0.00548889
 1700 0 0.0442588 0.00548572
 1701 -0.08 0.0441858 0.00548298
 1702 0 0.0441598 0.00547982
 1703 0.12 0.0442043 0.00547678
 1704 0.12 0.0442488 0.00547375
 1705 0 0.0442229 0.0054706
 1706 0.04 0.0442204 0.00546739
 1707 -0.2 0.0440773 0.00546606
 1708 -0.12 0.0439813 0.0054637
 1709 -0.16 0.0438619 0.00546181
 1710 0.08 0.043883 0.00545866
 1711 0.04 0.0438808 0.00545546
 1712 -0.04 0.0438318 0.0054525
 1713 -0.12 0.0437361 0.00545015
 1714 -0.12 0.0436406 0.00544781
 1715 -0.08 0.0435685 0.00544511
 1716 0.04 0.0435664 0.00544194
 1717 -0.08 0.0434945 0.00543924
 1718 0 0.0434692 0.00543613
 1719 0.04 0.0434671 0.00543297
 1720 0.2 0.0435581 0.00543057
 1721 0.24 0.0436723 0.00542862
 1722 0.28 0.0438095 0.0054272
 1723 0.32 0.0439698 0.00542642
 1724 0.48 0.0442227 0.00542916
 1725 0.4 0.044429 0.00542993
 1726 0.44 0.0446582 0.00543162
 1727 0.2 0.0447481 0.00542922
 1728 0.2 0.044838 0.00542682
 1729 0.28 0.044974 0.00542539
 1730 0.28 0.0451098 0.00542395
 1731 0 0.0450838 0.00542088
 1732 0 0.0450577 0.00541781
 1733 -0.16 0.0449394 0.00541598
 1734 0.12 0.0449827 0.00541303
 1735 -0.12 0.0448876 0.00541074
 1736 -0.12 0.0447926 0.00540846
 1737 0 0.0447668 0.00540541
 1738 0.36 0.0449482 0.00540534
 1739 0.4 0.0451524 0.00540609
 1740 0.32 0.0453103 0.00540529
 1741 0.24 0.0454222 0.00540334
 1742 0.08 0.045442 0.00540027
 1743 -0.16 0.0453242 0.00539846
 1744 0 0.0452982 0.00539543
 1745 0 0.0452722 0.0053924
 1746 0 0.0452463 0.00538937
 1747 -0.08 0.0451746 0.00538676
 1748 -0.28 0.0449886 0.00538689
 1749 -0.24 0.0448256 0.00538628
 1750 -0.36 0.0445943 0.00538816
 1751 -0.16 0.0444774 0.00538635
 1752 -0.16 0.0443607 0.00538454
 1753 -0.12 0.044267 0.00538229
 1754 -0.16 0.0441505 0.00538048
 1755 -0.04 0.0441026 0.00537763
 1756 -0.24 0.0439408 0.005377
 1757 -0.12 0.0438475 0.00537475
 1758 0.04 0.0438453 0.00537169
 1759 -0.12 0.0437521 0.00536944
 1760 -0.16 0.0436364 0.00536764
 1761 0.08 0.043657 0.00536463
 1762 0 0.0436322 0.00536164
 1763 0.08 0.0436529 0.00535864
 1764 0.32 0.0438095 0.00535789
 1765 0.36 0.0439887 0.00535785
 1766 0.36 0.0441676 0.0053578
 1767 -0.08 0.0440973 0.00535523
 1768 -0.2 0.0439593 0.00535398
 1769 0.04 0.043957 0.00535096
 1770 0 0.0439322 0.00534799
 1771 0.04 0.04393 0.00534497
 1772 0.12 0.0439729 0.00534212
 1773 0 0.0439481 0.00533917
 1774 -0.08 0.0438782 0.00533662
 1775 -0.24 0.0437183 0.00533601
 1776 -0.24 0.0435586 0.00533539
 1777 -0.08 0.043489 0.00533284
 1778 0 0.0434646 0.0053299
 1779 -0.28 0.0432827 0.00533
 1780 0.32 0.0434382 0.00532928
 1781 0.24 0.0435486 0.00532743
 1782 0.16 0.0436139 0.00532484
 1783 0.2 0.0437016 0.00532257
 1784 0.12 0.0437444 0.00531976
 1785 0.2 0.0438319 0.0053175
 1786 -0.2 0.0436954 0.00531627
 1787 -0.2 0.043559 0.00531505
 1788 0 0.0435347 0.00531213
 1789 0.04 0.0435327 0.00530916
 1790 -0.16 0.043419 0.00530741
 1791 0.04 0.0434171 0.00530445
 1792 0 0.0433929 0.00530154
 1793 0.04 0.043391 0.00529859
 1794 -0.12 0.0432999 0.00529641
 1795 -0.04 0.0432535 0.00529367
 1796 -0.12 0.0431626 0.0052915
 1797 -0.2 0.0430273 0.00529028
 1798 -0.08 0.0429588 0.00528778
 1799 -0.2 0.0428238 0.00528657
 1800 0.24 0.0429333 0.00528477
 1801 0.32 0.0430872 0.00528407
 1802 0.32 0.0432408 0.00528337
 1803 0.12 0.0432834 0.00528061
 1804 0.08 0.0433038 0.00527773
 1805 0.16 0.0433684 0.0052752
 1806 0.16 0.043433 0.00527267
 1807 0.24 0.0435418 0.00527087
 1808 0.36 0.0437168 0.00527087
 1809 0.2 0.0438032 0.00526866
 1810 0.12 0.0438453 0.00526592
 1811 -0.16 0.0437327 0.00526421
 1812 0.12 0.0437748 0.00526147
 1813 0.12 0.0438169 0.00525874
 1814 0.04 0.0438148 0.00525584
 1815 0.12 0.0438567 0.00525311
 1816 0.08 0.0438767 0.00525025
 1817 -0.08 0.0438085 0.00524781
 1818 -0.32 0.0436084 0.00524874
 1819 -0.24 0.0434524 0.00524817
 1820 -0.08 0.0433846 0.00524572
 1821 0.12 0.0434267 0.00524301
 1822 -0.04 0.0433809 0.00524033
 1823 0.28 0.0435107 0.00523906
 1824 0.36 0.0436842 0.00523906
 1825 0.56 0.0439671 0.00524383
 1826 0.4 0.0441621 0.00524458
 1827 0.48 0.0444007 0.00524714
 1828 0.36 0.0445733 0.00524711
 1829 0.32 0.0447239 0.0052464
 1830 0 0.0446995 0.00524359
 1831 0.16 0.0447624 0.0052411
 1832 0.12 0.0448035 0.0052384
 1833 0.24 0.04491 0.00523662
 1834 0.04 0.0449073 0.00523377
 1835 0.16 0.04497 0.00523129
 1836 0.12 0.0450109 0.0052286
 1837 -0.16 0.0448993 0.00522695
 1838 -0.24 0.0447443 0.0052264
 1839 -0.16 0.044633 0.00522474
 1840 -0.28 0.0444565 0.00522488
 1841 -0.12 0.0443672 0.00522281
 1842 -0.24 0.0442128 0.00522226
 1843 -0.16 0.044102 0.0052206
 1844 -0.2 0.0439696 0.00521944
 1845 -0.08 0.0439024 0.00521705
 1846 -0.28 0.043727 0.00521717
 1847 -0.32 0.04353 0.00521806
 1848 -0.16 0.0434199 0.0052164
 1849 -0.24 0.0432666 0.00521583
 1850 -0.16 0.0431568 0.00521417
 1851 -0.12 0.0430686 0.0052121
 1852 -0.32 0.0428726 0.00521297
 1853 0 0.0428494 0.00521021
 1854 -0.04 0.0428047 0.00520759
 1855 0 0.0427817 0.00520483
 1856 0.08 0.0428017 0.00520207
 1857 0 0.0427787 0.00519931
 1858 0.04 0.0427772 0.00519652
 1859 0.04 0.0427757 0.00519372
 1860 0 0.0427527 0.00519098
 1861 0.28 0.0428802 0.00518975
 1862 0.24 0.042986 0.00518805
 1863 0.4 0.0431777 0.0051888
 1864 0.12 0.0432189 0.00518618
 1865 0.16 0.0432815 0.00518378
 1866 0.12 0.0433226 0.00518116
 1867 0.28 0.0434494 0.00517994
 1868 0.2 0.0435332 0.00517784
 1869 0.28 0.0436597 0.00517662
 1870 0.4 0.0438503 0.00517735
 1871 0.36 0.0440192 0.00517734
 1872 0.28 0.0441453 0.00517611
 1873 0.12 0.0441858 0.00517351
 1874 0.24 0.0442903 0.0051718
 1875 0.28 0.044416 0.00517057
 1876 0 0.0443923 0.00516787
 1877 -0.08 0.0443261 0.00516554
 1878 0 0.0443024 0.00516284
 1879 0.08 0.0443214 0.00516013
 1880 0.2 0.0444043 0.00515805
 1881 0.48 0.0446358 0.0051605
 1882 0.6 0.0449309 0.0051662
 1883 0.76 0.0453107 0.0051774
 1884 0.76 0.04569 0.00518853
 1885 0.6 0.0459841 0.00519411
 1886 0.52 0.0462354 0.00519744
 1887 0.52 0.0464865 0.00520075
 1888 0.32 0.0466314 0.00520001
 1889 0.2 0.0467125 0.00519789
 1890 0.12 0.0467513 0.00519528
 1891 0.4 0.0469381 0.0051959
 1892 0.24 0.0470402 0.00519415
 1893 0.24 0.0471421 0.00519241
 1894 -0.08 0.047075 0.0051901
 1895 -0.28 0.0469024 0.00519023
 1896 0 0.0468776 0.00518755
 1897 0.08 0.0468951 0.00518484
 1898 0.12 0.0469336 0.00518226
 1899 0.12 0.0469721 0.00517967
 1900 0.2 0.0470526 0.00517757
 1901 0.2 0.0471331 0.00517547
 1902 0.36 0.0472976 0.00517536
 1903 0.48 0.047525 0.00517764
 1904 0.52 0.0477731 0.00518086
 1905 0.52 0.048021 0.00518407
 1906 0.32 0.0481637 0.00518332
 1907 0.6 0.0484531 0.00518867
 1908 0.44 0.0486583 0.00519001
 1909 0.28 0.0487795 0.00518871
 1910 0.2 0.0488586 0.0051866
 1911 0.24 0.0489587 0.00518485
 1912 0.16 0.0490167 0.00518246
 1913 0.16 0.0490748 0.00518007
 1914 0.2 0.0491536 0.00517797
 1915 0.16 0.0492115 0.00517559
 1916 0.12 0.0492484 0.00517302
 1917 -0.04 0.0492019 0.00517053
 1918 -0.04 0.0491554 0.00516804
 1919 0.08 0.0491714 0.00516537
 1920 0.28 0.0492917 0.00516408
 1921 0.28 0.0494118 0.00516279
 1922 0.4 0.0495942 0.00516332
 1923 0.08 0.04961 0.00516066
 1924 0 0.0495842 0.00515804
 1925 0.16 0.0496416 0.00515568
 1926 -0.08 0.0495742 0.00515344
 1927 0.08 0.04959 0.00515079
 1928 0.36 0.049751 0.00515064
 1929 0.2 0.0498289 0.00514856
 1930 0.32 0.0499689 0.00514779
 1931 0.28 0.050088 0.0051465
 1932 0.28 0.050207 0.00514522
 1933 0.28 0.0503259 0.00514393
 1934 0.2 0.0504033 0.00514185
 1935 0 0.0503773 0.00513926
 1936 -0.32 0.050186 0.00514016
 1937 -0.32 0.0499948 0.00514106
 1938 -0.2 0.0498658 0.00514003
 1939 -0.36 0.0496545 0.00514172
 1940 -0.44 0.0494021 0.00514527
 1941 -0.24 0.049253 0.00514478
 1942 -0.24 0.049104 0.00514428
 1943 -0.24 0.0489552 0.00514379
 1944 -0.28 0.048786 0.00514392
 1945 -0.12 0.0486992 0.00514201
 1946 0.12 0.0487359 0.0051395
 1947 0.32 0.0488752 0.00513875
 1948 0.32 0.0490144 0.00513799
 1949 0.12 0.0490508 0.00513549
 1950 0.28 0.0491692 0.00513422
 1951 0.24 0.049267 0.00513252
 1952 0.12 0.0493033 0.00513002
 1953 0.12 0.0493395 0.00512752
 1954 0.28 0.0494575 0.00512625
 1955 0.2 0.0495345 0.00512421
 1956 0 0.0495092 0.00512165
 1957 0.04 0.0495043 0.00511903
 1958 0.04 0.0494995 0.00511642
 1959 0.04 0.0494946 0.00511381
 1960 -0.16 0.0493878 0.00511232
 1961 -0.04 0.0493422 0.00510991
 1962 0 0.049317 0.00510737
 1963 0.08 0.0493327 0.00510479
 1964 -0.08 0.0492668 0.00510262
 1965 0 0.0492417 0.00510008
 1966 -0.2 0.049115 0.00509906
 1967 -0.24 0.048968 0.00509859
 1968 -0.12 0.0488821 0.00509672
 1969 0.04 0.0488776 0.00509413
 1970 0 0.0488528 0.00509161
 1971 -0.12 0.0487671 0.00508974
 1972 0.12 0.0488032 0.00508729
 1973 -0.08 0.048738 0.00508513
 1974 0.04 0.0487335 0.00508256
 1975 0.04 0.0487291 0.00507998
 1976 0 0.0487045 0.00507747
 1977 0.04 0.0487001 0.00507491
 1978 -0.12 0.0486148 0.00507306
 1979 -0.16 0.0485093 0.00507159
 1980 -0.12 0.0484242 0.00506974
 1981 -0.2 0.0482988 0.00506873
 1982 -0.28 0.0481332 0.00506888
 1983 -0.16 0.0480282 0.00506741
 1984 -0.12 0.0479435 0.00506556
 1985 -0.24 0.0477985 0.00506509
 1986 -0.32 0.0476133 0.00506593
 1987 -0.16 0.0475088 0.00506445
 1988 0.12 0.0475453 0.00506204
 1989 -0.04 0.0475013 0.00505968
 1990 -0.24 0.0473568 0.0050592
 1991 -0.16 0.0472526 0.00505773
 1992 0 0.0472289 0.00505525
 1993 0.08 0.0472454 0.00505274
 1994 0.2 0.047322 0.00505078
 1995 0.36 0.0474787 0.00505068
 1996 0.36 0.0476353 0.00505058
 1997 0.16 0.0476915 0.00504836
 1998 0.12 0.0477277 0.00504597
 1999 -0.08 0.0476638 0.00504385
 2000 -0.28 0.0475 0.00504399
