 1 0.427039 0.427039 0
 2 0.439424 0.433231 0.00619253
 3 0.414485 0.426982 0.00719934
 4 0.42236 0.425827 0.00522018
 5 0.440547 0.428771 0.00500178
 6 0.434321 0.429696 0.00418738
 7 0.433377 0.430222 0.00357784
 8 0.43897 0.431315 0.00328582
 9 0.452626 0.433683 0.00374218
 10 0.441287 0.434444 0.00343239
 11 0.439343 0.434889 0.00313649
 12 0.447156 0.435911 0.00304024
 13 0.43316 0.435699 0.00280461
 14 0.446748 0.436489 0.00271385
 15 0.442312 0.436877 0.00255611
 16 0.428611 0.43636 0.00244621
 17 0.423925 0.435629 0.00241143
 18 0.426291 0.43511 0.00233195
 19 0.434609 0.435084 0.00220596
 20 0.443263 0.435493 0.00213235
 21 0.433937 0.435419 0.00202962
 22 0.433892 0.435349 0.00193641
 23 0.44323 0.435692 0.00188176
 24 0.428753 0.435403 0.0018247
 25 0.435412 0.435403 0.00175019
 26 0.431262 0.435244 0.00168906
 27 0.448952 0.435752 0.00170275
 28 0.412674 0.434927 0.00183618
 29 0.440822 0.435131 0.00178335
 30 0.443084 0.435396 0.00174316
 1 0.437277 0.437277 0
 2 0.435234 0.436255 0.00102162
 3 0.431754 0.434755 0.00161222
 4 0.439505 0.435943 0.0016462
 5 0.436972 0.436148 0.00129165
 6 0.442481 0.437204 0.00149201
 7 0.441968 0.437884 0.00143293
 8 0.437187 0.437797 0.00124401
 9 0.415894 0.435363 0.00266958
 10 0.444087 0.436236 0.0025421
 11 0.434887 0.436113 0.00230268
 12 0.425682 0.435244 0.00227469
 13 0.433756 0.435129 0.00209554
 14 0.448013 0.43605 0.00214728
 15 0.442836 0.436502 0.00204956
 16 0.427228 0.435923 0.00200289
 17 0.431628 0.43567 0.00189828
 18 0.444206 0.436144 0.00185148
 19 0.440812 0.43639 0.00176847
 20 0.442212 0.436681 0.00170279
 21 0.416434 0.435717 0.00188492
 22 0.420167 0.43501 0.0019312
 23 0.423564 0.434512 0.00191124
 24 0.424122 0.434079 0.00188039
 25 0.42494 0.433714 0.00184028
 26 0.425801 0.43341 0.00179408
 27 0.435368 0.433482 0.00172788
 28 0.430635 0.43338 0.00166813
 29 0.437261 0.433514 0.00161514
 30 0.437305 0.433641 0.00156548
