 1 0.872722 0.872722 0
 2 0.890454 0.881588 0.008866
 3 0.859562 0.874246 0.00895025
 4 0.844632 0.866842 0.00973988
 5 0.903456 0.874165 0.0105139
 6 0.819172 0.865 0.0125579
 7 0.890906 0.868701 0.0112401
 8 0.901038 0.872743 0.0105401
 9 0.918742 0.877854 0.010608
 10 0.93045 0.883113 0.0108484
 11 0.81707 0.877109 0.0115038
 12 0.87131 0.876626 0.0105126
 13 0.758446 0.867535 0.0132723
 14 0.890498 0.869176 0.0123968
 15 0.866376 0.868989 0.0115423
 16 0.903886 0.87117 0.0110149
 17 0.603448 0.855422 0.0188432
 18 0.903504 0.858093 0.0179652
 19 0.931922 0.861979 0.017432
 20 0.8768 0.86272 0.016554
 21 0.951724 0.866958 0.0163065
 22 0.812788 0.864496 0.0157414
 23 0.908086 0.866391 0.0151603
 24 0.93524 0.86926 0.0147957
 25 0.894406 0.870266 0.0142271
 26 0.9474 0.873232 0.0139872
 27 0.856874 0.872626 0.0134728
 28 0.926962 0.874567 0.013127
 29 0.900406 0.875458 0.0126975
 30 0.915686 0.876799 0.0123401
 1 0.966476 0.966476 0
 2 0.95512 0.960798 0.005678
 3 0.928874 0.950157 0.0111348
 4 0.965614 0.954021 0.00877071
 5 0.93453 0.950123 0.0078327
 6 0.902794 0.942235 0.010155
 7 0.900626 0.936291 0.0104399
 8 0.931246 0.93566 0.0090632
 9 0.87419 0.92883 0.0105136
 10 0.92683 0.92863 0.00940582
 11 0.932264 0.92896 0.00851429
 12 0.906364 0.927077 0.0079973
 13 0.956524 0.929342 0.00769728
 14 0.926554 0.929143 0.00712908
 15 0.92333 0.928756 0.00664812
 16 0.83634 0.92298 0.00848733
 17 0.927878 0.923268 0.00797766
 18 0.96039 0.92533 0.00779903
 19 0.857594 0.921765 0.00819341
 20 0.867072 0.91903 0.00823997
 21 0.934588 0.919771 0.00787271
 22 0.870394 0.917527 0.0078347
 23 0.91763 0.917531 0.00748631
 24 0.930782 0.918083 0.00718883
 25 0.954634 0.919546 0.00704858
 26 0.929308 0.919921 0.00678246
 27 0.931774 0.92036 0.00654117
 28 0.950944 0.921452 0.00639717
 29 0.783032 0.916679 0.00780282
 30 0.89993 0.916121 0.00755889
