0.310339   1.0993   1.12461
0.991487   -1.1108   0.00105795
0.225599   -0.58151   -0.868753
1.47662   0.425826   1.30318
0.638379   0.250429   -0.976956
1.62082   0.566558   1.51742
0.201957   -0.0620332   0.0224757
-0.00762439   0.806514   -0.793937
-0.910863   1.28577   1.24897
-0.67919   0.632083   1.00368
-1.16016   0.800602   0.603756
-1.77975   -0.0164003   -1.64313
-0.75949   -1.03851   0.279957
0.458776   -1.71138   -1.17091
-0.881829   1.26654   -1.44061
0.128418   0.171696   0.524463
2.66649   -0.293192   0.66397
-1.04546   0.0296154   0.633289
0.676928   -1.05413   -0.078189
-1.24804   -0.238261   0.369051
-0.280546   -1.07173   0.733373
1.04443   -0.288764   -2.85594
-0.427447   -1.66293   0.777587
2.40989   -0.496259   1.62136
0.100448   -0.505005   0.801738
0.229782   0.233366   0.389975
-0.991227   -1.03848   -1.3524
-1.48833   -1.52869   0.577756
-0.41195   -0.780774   0.128268
2.47308   2.60472   -0.0856437
-1.86701   -0.114723   0.358737
0.377037   0.656928   0.811227
-0.452963   0.195653   0.884709
0.0241838   1.36944   -1.05159
-1.35513   0.145575   -0.755008
0.650929   -1.37451   -1.03018
0.887012   1.41118   0.969048
2.36121   0.299786   -1.0412
3.9654   -0.885396   1.02404
-0.384836   -1.49511   -0.434216
-1.40372   1.25698   0.787536
0.710697   0.565867   -0.535934
0.000969194   0.728976   -1.38124
1.06688   0.818746   0.821574
2.51684   -0.975   -0.673131
1.3434   -0.263649   -0.389998
2.66412   2.02436   -0.107896
0.511021   -1.28771   -0.65181
-0.841653   0.123913   -0.972494
1.53256   -0.0253287   0.801075
1.2767   1.18158   2.37207
0.775018   -0.155512   -0.0680921
1.91371   -0.822823   2.77608
0.989675   1.01708   -0.989451
-0.787041   -0.10736   -1.30267
1.20772   -0.833648   -0.721408
0.285802   0.357728   -0.0438342
-1.57077   -0.9396   -1.47019
-0.220653   1.35227   0.418529
-1.13534   0.446134   0.400192
-0.782164   -1.36113   -0.576954
1.4127   0.745521   0.434744
0.836959   1.28957   0.167223
1.48329   1.17084   1.2052
-1.39522   -0.460822   -0.26674
-0.154431   0.928389   1.30135
1.43075   0.257488   0.494093
0.325238   1.71514   0.0610089
-0.688268   0.0247644   -1.82336
-0.405587   -0.511762   -0.235821
1.57645   -0.958841   0.417076
0.22988   -0.448769   -0.0279931
-1.64022   0.230801   -1.39998
-0.647916   1.52506   -0.614807
-1.39755   -0.331487   0.309682
-0.484082   -0.156925   1.243
-1.10357   -1.70328   -1.14836
0.305173   -1.01238   1.87991
-0.69356   -0.493191   0.535396
-0.743498   -1.93064   0.559382
-0.186885   0.251905   0.310933
-0.591809   0.157301   1.87503
0.97508   -0.923731   -1.00797
-1.68386   1.11888   -0.702558
1.0268   -0.771324   -0.00430777
-1.66666   0.844676   -2.32273
-1.47929   2.21373   0.048033
1.97376   -1.99829   -1.28636
-1.35211   -1.25508   1.41872
-0.258472   -0.105736   -0.141194
-0.845084   0.513332   1.64517
0.38812   1.18278   0.777892
-1.11797   0.47229   -0.917631
-0.654158   1.60968   0.780059
-0.917468   1.29769   -2.59276
-1.77555   -1.72659   1.86388
-1.61273   -2.2662   1.55051
-1.08511   0.877941   -1.26225
-0.190034   1.63299   0.391887
0.780091   -0.144258   0.199414
-1.72008   -0.149205   -0.439973
-0.166127   -1.41206   -2.78011
-0.68974   -0.180853   -1.25408
-1.08854   -1.51783   -0.00867164
-1.41552   1.0452   0.377478
0.30569   -0.0736515   0.725324
-0.535737   0.155971   0.264116
-0.504285   -0.73386   -1.88585
