 1 6.98606 6.98606 0
 2 7.13444 7.06025 0.07419
 3 7.32597 7.14882 0.0983874
 4 7.33922 7.19642 0.0842964
 5 7.18145 7.19343 0.0653643
 6 7.41533 7.23041 0.0649316
 7 7.17348 7.22228 0.0554766
 8 7.52408 7.26 0.0610852
 9 7.15812 7.24868 0.0550486
 10 7.33932 7.25775 0.0500642
 11 7.18476 7.25111 0.0457683
 12 7.25041 7.25105 0.0417806
 13 7.47466 7.26825 0.042106
 14 7.69618 7.29882 0.0495372
 15 7.5664 7.31666 0.0494466
 16 7.25389 7.31273 0.0464192
 17 7.15344 7.30336 0.0445986
 18 7.1771 7.29635 0.0426291
 19 7.27158 7.29505 0.0403441
 20 7.47626 7.30411 0.0393317
 21 7.54694 7.31567 0.0391582
 22 6.89146 7.29639 0.0420211
 23 7.38817 7.30038 0.0403504
 24 7.38516 7.30391 0.0387937
 25 7.25714 7.30204 0.0372566
 26 7.61288 7.314 0.0377387
 27 7.70485 7.32847 0.0390931
 28 7.25203 7.32574 0.0377699
 29 7.63067 7.33626 0.0379307
 30 7.39967 7.33837 0.0367055
 1 7.1378 7.1378 0
 2 7.02007 7.07893 0.058866
 3 7.4331 7.19699 0.122851
 4 7.75302 7.336 0.163918
 5 7.2458 7.31796 0.128245
 6 7.01397 7.26729 0.116325
 7 7.36898 7.28182 0.0993799
 8 7.49996 7.30909 0.090282
 9 7.11081 7.28706 0.082613
 10 7.51605 7.30996 0.0773582
 11 7.81804 7.35614 0.0838434
 12 7.74868 7.38886 0.0832353
 13 7.68824 7.41189 0.0799538
 14 7.48068 7.4168 0.0741858
 15 7.67972 7.43433 0.0712528
 16 7.11485 7.41436 0.0695776
 17 7.24183 7.40421 0.06614
 18 6.56217 7.35743 0.0779539
 19 7.05177 7.34134 0.0754715
 20 7.41479 7.34502 0.0716927
 21 7.16954 7.33666 0.0687034
 22 6.71365 7.30834 0.0713652
 23 8.03237 7.33982 0.0751071
 24 7.53914 7.34813 0.0723876
 25 7.07132 7.33705 0.0703091
 26 7.57152 7.34607 0.06815
 27 7.85887 7.36506 0.0682723
 28 7.14326 7.35714 0.0662641
 29 7.17568 7.35089 0.0642437
 30 7.59989 7.35919 0.0626179
