 1 0 0 0
 2 0 0 0
 3 -1.11022e-16 -3.70074e-17 3.70074e-17
 4 0 -2.77556e-17 2.77556e-17
 5 0 -2.22045e-17 2.22045e-17
 6 -4.44089e-16 -9.25186e-17 7.26138e-17
 7 0 -7.93016e-17 6.2777e-17
 8 0 -6.93889e-17 5.52628e-17
 9 2.22045e-16 -3.70074e-17 5.85139e-17
 10 2.22045e-16 -1.11022e-17 5.83967e-17
 11 -4.44089e-16 -5.04647e-17 6.58753e-17
 12 0 -4.62593e-17 6.02825e-17
 13 -4.44089e-16 -7.68616e-17 6.33356e-17
 14 0 -7.13715e-17 5.88939e-17
 15 0 -6.66134e-17 5.50333e-17
 16 -4.44089e-16 -9.02056e-17 5.66275e-17
 17 0 -8.48994e-17 5.34563e-17
 18 0 -8.01828e-17 5.06193e-17
 19 0 -7.59626e-17 4.80667e-17
 20 -8.88178e-16 -1.16573e-16 6.10623e-17
 21 0 -1.11022e-16 5.83465e-17
 22 0 -1.05976e-16 5.58596e-17
 23 -4.44089e-16 -1.20676e-16 5.53631e-17
 24 -4.44089e-16 -1.34152e-16 5.46922e-17
 25 0 -1.28786e-16 5.27327e-17
 26 -4.44089e-16 -1.40913e-16 5.20951e-17
 27 0 -1.35694e-16 5.03995e-17
 28 2.22045e-16 -1.22918e-16 5.02186e-17
 29 2.22045e-16 -1.11022e-16 4.98947e-17
 30 0 -1.07322e-16 4.83447e-17
 31 -4.44089e-16 -1.18185e-16 4.80045e-17
 32 -4.44089e-16 -1.2837e-16 4.75829e-17
 33 0 -1.2448e-16 4.62822e-17
 34 0 -1.20818e-16 4.50494e-17
 35 -8.88178e-16 -1.42743e-16 4.89302e-17
 36 0 -1.38778e-16 4.77166e-17
 37 2.22045e-16 -1.29026e-16 4.74226e-17
 38 2.22045e-16 -1.19787e-16 4.70733e-17
 39 2.22045e-16 -1.11022e-16 4.66806e-17
 40 0 -1.08247e-16 4.55832e-17
 41 0 -1.05607e-16 4.45359e-17
 42 -4.44089e-16 -1.13666e-16 4.42034e-17
 43 -8.88178e-16 -1.31678e-16 4.67706e-17
 44 -4.44089e-16 -1.38778e-16 4.62436e-17
 45 0 -1.35694e-16 4.53094e-17
 46 0 -1.32744e-16 4.44115e-17
 47 -1.11022e-16 -1.32282e-16 4.34588e-17
 48 -4.44089e-16 -1.38778e-16 4.30369e-17
 49 0 -1.35946e-16 4.22444e-17
 50 -4.44089e-16 -1.42109e-16 4.18472e-17
 51 -8.88178e-16 -1.56737e-16 4.3549e-17
 52 2.22045e-16 -1.49453e-16 4.33202e-17
 53 -1.11022e-16 -1.48728e-16 4.25011e-17
 54 0 -1.45974e-16 4.17975e-17
 55 -4.44089e-16 -1.51394e-16 4.1387e-17
 56 0 -1.48691e-16 4.0731e-17
 57 0 -1.46082e-16 4.0095e-17
 58 -8.88178e-16 -1.58877e-16 4.14232e-17
 59 -8.88178e-16 -1.71238e-16 4.25501e-17
 60 -4.44089e-16 -1.75785e-16 4.20813e-17
 61 -4.44089e-16 -1.80184e-16 4.16188e-17
 62 2.22045e-16 -1.73696e-16 4.14529e-17
 63 -4.44089e-16 -1.77988e-16 4.10147e-17
 64 0 -1.75207e-16 4.04645e-17
 65 -8.88178e-16 -1.86176e-16 4.13196e-17
 66 0 -1.83355e-16 4.07864e-17
 67 -8.88178e-16 -1.93875e-16 4.15275e-17
 68 -4.44089e-16 -1.97554e-16 4.10774e-17
 69 -4.44089e-16 -2.01127e-16 4.06351e-17
 70 0 -1.98254e-16 4.01533e-17
 71 0 -1.95462e-16 3.96821e-17
 72 2.22045e-16 -1.89663e-16 3.95544e-17
 73 0 -1.87065e-16 3.90953e-17
 74 0 -1.84537e-16 3.86461e-17
 75 -1.11022e-16 -1.83557e-16 3.81399e-17
 76 0 -1.81142e-16 3.77122e-17
 77 0 -1.78789e-16 3.72935e-17
 78 -1.11022e-16 -1.7792e-16 3.68225e-17
 79 0 -1.75668e-16 3.64231e-17
 80 2.22045e-16 -1.70697e-16 3.63069e-17
 81 0 -1.68589e-16 3.59177e-17
 82 2.22045e-16 -1.63826e-16 3.57954e-17
 83 0 -1.61852e-16 3.54166e-17
 84 -1.11022e-16 -1.61247e-16 3.49976e-17
 85 -8.88178e-16 -1.69799e-16 3.56252e-17
 86 2.22045e-16 -1.65242e-16 3.55021e-17
 87 0 -1.63343e-16 3.5143e-17
 88 -4.44089e-16 -1.66533e-16 3.48875e-17
 89 -4.44089e-16 -1.69652e-16 3.4634e-17
 90 2.22045e-16 -1.653e-16 3.45224e-17
 91 0 -1.63483e-16 3.41893e-17
 92 0 -1.61706e-16 3.38623e-17
 93 -4.44089e-16 -1.64743e-16 3.36335e-17
 94 2.22045e-16 -1.60628e-16 3.35272e-17
 95 -1.11022e-16 -1.60106e-16 3.31765e-17
 96 2.22045e-16 -1.56125e-16 3.30696e-17
 97 2.22045e-16 -1.52226e-16 3.29583e-17
 98 0 -1.50673e-16 3.26572e-17
 99 0 -1.49151e-16 3.23615e-17
 100 0 -1.4766e-16 3.20709e-17
 101 -1.11022e-16 -1.47297e-16 3.17539e-17
 102 -4.44089e-16 -1.50207e-16 3.15754e-17
 103 -4.44089e-16 -1.5306e-16 3.13972e-17
 104 0 -1.51588e-16 3.11287e-17
 105 0 -1.50144e-16 3.08646e-17
 106 2.22045e-16 -1.46633e-16 3.0773e-17
 107 -4.44089e-16 -1.49413e-16 3.06105e-17
 108 -4.44089e-16 -1.52142e-16 3.04483e-17
 109 -4.44089e-16 -1.5482e-16 3.02863e-17
 110 0 -1.53413e-16 3.00427e-17
 111 0 -1.52031e-16 2.98029e-17
 112 -1.11022e-16 -1.51664e-16 2.95378e-17
 113 2.22045e-16 -1.48357e-16 2.94615e-17
 114 0 -1.47056e-16 2.92309e-17
 115 -4.44089e-16 -1.49639e-16 2.90905e-17
 116 -4.44089e-16 -1.52177e-16 2.89501e-17
 117 2.22045e-16 -1.48979e-16 2.88793e-17
 118 0 -1.47716e-16 2.86613e-17
 119 -4.44089e-16 -1.50207e-16 2.85284e-17
 120 -4.44089e-16 -1.52656e-16 2.83954e-17
 121 -4.44089e-16 -1.55064e-16 2.82626e-17
 122 -4.44089e-16 -1.57433e-16 2.81299e-17
 123 2.22045e-16 -1.54348e-16 2.80703e-17
 124 -4.44089e-16 -1.56685e-16 2.79409e-17
 125 0 -1.55431e-16 2.77448e-17
 126 -4.44089e-16 -1.57722e-16 2.76189e-17
 127 0 -1.5648e-16 2.74287e-17
 128 2.22045e-16 -1.53523e-16 2.73738e-17
 129 0 -1.52333e-16 2.71868e-17
 130 -4.44089e-16 -1.54577e-16 2.70701e-17
 131 -4.44089e-16 -1.56787e-16 2.69534e-17
 132 -1.11022e-16 -1.56441e-16 2.67507e-17
 133 -4.44089e-16 -1.58603e-16 2.66367e-17
 134 0 -1.5742e-16 2.64637e-17
 135 -4.44089e-16 -1.59543e-16 2.63526e-17
 136 2.22045e-16 -1.56737e-16 2.63082e-17
 137 -1.11022e-16 -1.56404e-16 2.61176e-17
 138 2.22045e-16 -1.53661e-16 2.60723e-17
 139 0 -1.52556e-16 2.59076e-17
 140 2.22045e-16 -1.4988e-16 2.58607e-17
 141 -1.11022e-16 -1.49605e-16 2.56781e-17
 142 -4.44089e-16 -1.51678e-16 2.55808e-17
 143 0 -1.50618e-16 2.54234e-17
 144 -4.44089e-16 -1.52656e-16 2.53284e-17
 145 0 -1.51603e-16 2.51751e-17
 146 0 -1.50564e-16 2.50237e-17
 147 0 -1.4954e-16 2.48739e-17
 148 0 -1.4853e-16 2.4726e-17
 149 2.22045e-16 -1.46043e-16 2.46851e-17
 150 0 -1.45069e-16 2.45393e-17
 151 -1.11022e-16 -1.44844e-16 2.43773e-17
 152 -4.44089e-16 -1.46812e-16 2.42962e-17
 153 -1.11022e-16 -1.46578e-16 2.41381e-17
 154 -1.11022e-16 -1.46348e-16 2.39819e-17
 155 2.22045e-16 -1.43971e-16 2.39449e-17
 156 -4.44089e-16 -1.45895e-16 2.38686e-17
 157 0 -1.44965e-16 2.37343e-17
 158 -1.11022e-16 -1.44751e-16 2.35846e-17
 159 -1.11022e-16 -1.44538e-16 2.34367e-17
 160 0 -1.43635e-16 2.33073e-17
 161 -1.11022e-16 -1.43433e-16 2.3163e-17
 162 -1.11022e-16 -1.43232e-16 2.30204e-17
 163 0 -1.42354e-16 2.28956e-17
 164 -4.44089e-16 -1.44194e-16 2.28298e-17
 165 -1.11022e-16 -1.43993e-16 2.26919e-17
 166 2.22045e-16 -1.41788e-16 2.26624e-17
 167 2.22045e-16 -1.39609e-16 2.26314e-17
 168 0 -1.38778e-16 2.25116e-17
 169 0 -1.37957e-16 2.2393e-17
 170 2.22045e-16 -1.35839e-16 2.23614e-17
 171 -8.88178e-16 -1.40239e-16 2.26615e-17
 172 0 -1.39423e-16 2.25441e-17
 173 0 -1.38617e-16 2.24279e-17
 174 2.22045e-16 -1.36545e-16 2.23947e-17
 175 2.22045e-16 -1.34496e-16 2.23605e-17
 176 -1.11022e-16 -1.34362e-16 2.22335e-17
 177 2.22045e-16 -1.32349e-16 2.2199e-17
 178 0 -1.31605e-16 2.20865e-17
 179 0 -1.3087e-16 2.1975e-17
 180 2.22045e-16 -1.28909e-16 2.19404e-17
 181 -4.44089e-16 -1.30651e-16 2.18882e-17
 182 2.22045e-16 -1.28713e-16 2.18537e-17
 183 -4.44089e-16 -1.30436e-16 2.18022e-17
 184 0 -1.29727e-16 2.16949e-17
 185 0 -1.29026e-16 2.15888e-17
 186 -4.44089e-16 -1.3072e-16 2.15391e-17
 187 0 -1.30021e-16 2.1435e-17
 188 0 -1.29329e-16 2.13319e-17
 189 -4.44089e-16 -1.30995e-16 2.1284e-17
 190 2.22045e-16 -1.29136e-16 2.1253e-17
 191 -4.44089e-16 -1.30785e-16 2.12057e-17
 192 2.22045e-16 -1.28948e-16 2.11748e-17
 193 -4.44089e-16 -1.30581e-16 2.1128e-17
 194 -4.44089e-16 -1.32197e-16 2.10809e-17
 195 0 -1.31519e-16 2.09834e-17
 196 -8.88178e-16 -1.35379e-16 2.12301e-17
 197 -4.44089e-16 -1.36946e-16 2.11801e-17
 198 -1.11022e-16 -1.36815e-16 2.10732e-17
 199 2.22045e-16 -1.35012e-16 2.10445e-17
 200 -4.44089e-16 -1.36557e-16 2.09959e-17
 201 0 -1.35878e-16 2.09023e-17
 202 -4.44089e-16 -1.37404e-16 2.08544e-17
 203 0 -1.36727e-16 2.07625e-17
 204 0 -1.36057e-16 2.06713e-17
 205 0 -1.35393e-16 2.05809e-17
 206 -4.44089e-16 -1.36892e-16 2.05355e-17
 207 0 -1.3623e-16 2.04468e-17
 208 0 -1.35575e-16 2.03588e-17
 209 2.22045e-16 -1.33864e-16 2.03333e-17
 210 0 -1.33227e-16 2.02462e-17
 211 -4.44089e-16 -1.347e-16 2.02038e-17
 212 0 -1.34065e-16 2.01184e-17
 213 0 -1.33435e-16 2.00336e-17
 214 -4.44089e-16 -1.34887e-16 1.99925e-17
 215 0 -1.3426e-16 1.99092e-17
 216 0 -1.33638e-16 1.98265e-17
 217 -4.44089e-16 -1.35069e-16 1.97868e-17
 218 -4.44089e-16 -1.36486e-16 1.97467e-17
 219 2.22045e-16 -1.34849e-16 1.97244e-17
 220 0 -1.34236e-16 1.96441e-17
 221 -4.44089e-16 -1.35638e-16 1.96052e-17
 222 -4.44089e-16 -1.37028e-16 1.95661e-17
 223 -4.44089e-16 -1.38404e-16 1.95268e-17
 224 -4.44089e-16 -1.39769e-16 1.94873e-17
 225 -4.44089e-16 -1.41122e-16 1.94475e-17
 226 0 -1.40497e-16 1.93714e-17
 227 2.22045e-16 -1.389e-16 1.93519e-17
 228 0 -1.38291e-16 1.92764e-17
 229 0 -1.37687e-16 1.92016e-17
 230 -4.44089e-16 -1.39019e-16 1.91642e-17
 231 -8.88178e-16 -1.42262e-16 1.93548e-17
 232 -4.44089e-16 -1.43563e-16 1.9315e-17
 233 -4.44089e-16 -1.44853e-16 1.92751e-17
 234 -1.11022e-16 -1.44709e-16 1.91931e-17
 235 0 -1.44093e-16 1.91212e-17
 236 2.22045e-16 -1.42541e-16 1.91031e-17
 237 -4.44089e-16 -1.43814e-16 1.90648e-17
 238 -1.11022e-16 -1.43676e-16 1.89851e-17
 239 0 -1.43075e-16 1.8915e-17
 240 -4.44089e-16 -1.44329e-16 1.88778e-17
 241 0 -1.4373e-16 1.88088e-17
 242 0 -1.43136e-16 1.87403e-17
 243 0 -1.42547e-16 1.86723e-17
 244 0 -1.41963e-16 1.86048e-17
 245 2.22045e-16 -1.40477e-16 1.85882e-17
 246 -4.44089e-16 -1.41711e-16 1.85536e-17
 247 0 -1.41138e-16 1.84872e-17
 248 0 -1.40569e-16 1.84213e-17
 249 0 -1.40004e-16 1.83559e-17
 250 2.22045e-16 -1.38556e-16 1.83396e-17
 251 0 -1.38004e-16 1.82747e-17
 252 -4.44089e-16 -1.39218e-16 1.82425e-17
 253 -1.11022e-16 -1.39107e-16 1.81706e-17
 254 2.22045e-16 -1.37685e-16 1.81547e-17
 255 -4.44089e-16 -1.38887e-16 1.81232e-17
 256 0 -1.38344e-16 1.80605e-17
 257 0 -1.37806e-16 1.79981e-17
 258 -4.44089e-16 -1.38993e-16 1.79675e-17
 259 0 -1.38456e-16 1.7906e-17
 260 0 -1.37924e-16 1.78449e-17
 261 0 -1.37395e-16 1.77843e-17
 262 0 -1.36871e-16 1.7724e-17
 263 -4.44089e-16 -1.38039e-16 1.76951e-17
 264 0 -1.37516e-16 1.76357e-17
 265 0 -1.36997e-16 1.75767e-17
 266 2.22045e-16 -1.35648e-16 1.75625e-17
 267 -1.11022e-16 -1.35555e-16 1.74968e-17
 268 0 -1.3505e-16 1.74387e-17
 269 0 -1.34547e-16 1.7381e-17
 270 -4.44089e-16 -1.35694e-16 1.73544e-17
 271 0 -1.35193e-16 1.72975e-17
 272 0 -1.34696e-16 1.7241e-17
 273 0 -1.34203e-16 1.71848e-17
 274 0 -1.33713e-16 1.7129e-17
 275 0 -1.33227e-16 1.70735e-17
 276 2.22045e-16 -1.3194e-16 1.70602e-17
 277 0 -1.31463e-16 1.70051e-17
 278 0 -1.3099e-16 1.69504e-17
 279 2.22045e-16 -1.29725e-16 1.69369e-17
 280 0 -1.29262e-16 1.68827e-17
 281 2.22045e-16 -1.28011e-16 1.68689e-17
 282 2.22045e-16 -1.2677e-16 1.68547e-17
 283 0 -1.26322e-16 1.6801e-17
 284 0 -1.25877e-16 1.67477e-17
 285 -8.88178e-16 -1.28552e-16 1.69018e-17
 286 0 -1.28103e-16 1.68486e-17
 287 0 -1.27656e-16 1.67957e-17
 288 0 -1.27213e-16 1.67432e-17
 289 -1.11022e-16 -1.27157e-16 1.66852e-17
 290 -8.88178e-16 -1.29781e-16 1.68334e-17
 291 -4.44089e-16 -1.30861e-16 1.68102e-17
 292 2.22045e-16 -1.29653e-16 1.67961e-17
 293 -1.11022e-16 -1.29589e-16 1.67388e-17
 294 2.22045e-16 -1.28393e-16 1.67245e-17
 295 -1.11022e-16 -1.28334e-16 1.66679e-17
 296 -1.11022e-16 -1.28276e-16 1.66116e-17
 297 2.22045e-16 -1.27096e-16 1.65975e-17
 298 -1.11022e-16 -1.27042e-16 1.65418e-17
 299 2.22045e-16 -1.25875e-16 1.65277e-17
 300 -4.44089e-16 -1.26935e-16 1.65066e-17
 301 -8.88178e-16 -1.29465e-16 1.66449e-17
 302 0 -1.29036e-16 1.65952e-17
 303 -1.11022e-16 -1.28976e-16 1.65405e-17
 304 2.22045e-16 -1.27822e-16 1.65264e-17
 305 -4.44089e-16 -1.28859e-16 1.65047e-17
 306 0 -1.28438e-16 1.64561e-17
 307 -4.44089e-16 -1.29466e-16 1.64346e-17
 308 0 -1.29045e-16 1.63865e-17
 309 0 -1.28628e-16 1.63388e-17
 310 -1.11022e-16 -1.28571e-16 1.62861e-17
 311 0 -1.28158e-16 1.62389e-17
 312 0 -1.27747e-16 1.6192e-17
 313 -4.44089e-16 -1.28757e-16 1.61717e-17
 314 0 -1.28347e-16 1.61254e-17
 315 0 -1.2794e-16 1.60793e-17
 316 0 -1.27535e-16 1.60334e-17
 317 0 -1.27133e-16 1.59878e-17
 318 -4.44089e-16 -1.2813e-16 1.59686e-17
 319 0 -1.27728e-16 1.59235e-17
 320 0 -1.27329e-16 1.58787e-17
 321 -1.11022e-16 -1.27278e-16 1.58292e-17
 322 -4.44089e-16 -1.28262e-16 1.58107e-17
 323 2.22045e-16 -1.27177e-16 1.57989e-17
 324 0 -1.26785e-16 1.5755e-17
 325 -8.88178e-16 -1.29127e-16 1.58802e-17
 326 2.22045e-16 -1.2805e-16 1.5868e-17
 327 0 -1.27659e-16 1.58242e-17
 328 -4.44089e-16 -1.28623e-16 1.58054e-17
 329 0 -1.28232e-16 1.57621e-17
 330 0 -1.27844e-16 1.57191e-17
 331 -4.44089e-16 -1.28799e-16 1.57006e-17
 332 0 -1.28411e-16 1.56581e-17
 333 -8.88178e-16 -1.30693e-16 1.57768e-17
 334 0 -1.30302e-16 1.57344e-17
 335 -4.44089e-16 -1.31238e-16 1.57153e-17
 336 -1.11022e-16 -1.31178e-16 1.56685e-17
 337 0 -1.30789e-16 1.56268e-17
 338 2.22045e-16 -1.29745e-16 1.56155e-17
 339 0 -1.29362e-16 1.5574e-17
 340 0 -1.28982e-16 1.55328e-17
 341 -8.88178e-16 -1.31208e-16 1.56464e-17
 342 0 -1.30825e-16 1.56053e-17
 343 -1.11022e-16 -1.30767e-16 1.55599e-17
 344 -1.11022e-16 -1.30709e-16 1.55147e-17
 345 -4.44089e-16 -1.31618e-16 1.54963e-17
 346 0 -1.31237e-16 1.54561e-17
 347 -4.44089e-16 -1.32139e-16 1.54378e-17
 348 0 -1.31759e-16 1.53981e-17
 349 -4.44089e-16 -1.32654e-16 1.538e-17
 350 2.22045e-16 -1.31641e-16 1.53694e-17
 351 2.22045e-16 -1.30633e-16 1.53587e-17
 352 0 -1.30262e-16 1.53195e-17
 353 -1.11022e-16 -1.30207e-16 1.52761e-17
 354 0 -1.2984e-16 1.52373e-17
 355 -4.44089e-16 -1.30725e-16 1.52201e-17
 356 2.22045e-16 -1.29734e-16 1.52096e-17
 357 -4.44089e-16 -1.30614e-16 1.51925e-17
 358 0 -1.3025e-16 1.51544e-17
 359 -1.11022e-16 -1.30196e-16 1.51122e-17
 360 -1.11022e-16 -1.30143e-16 1.50703e-17
 361 2.22045e-16 -1.29167e-16 1.50601e-17
 362 0 -1.2881e-16 1.50227e-17
 363 0 -1.28456e-16 1.49854e-17
 364 -1.11022e-16 -1.28408e-16 1.49443e-17
 365 2.22045e-16 -1.27448e-16 1.49342e-17
 366 0 -1.27099e-16 1.48974e-17
 367 2.22045e-16 -1.26148e-16 1.48872e-17
 368 -4.44089e-16 -1.27012e-16 1.48718e-17
 369 -4.44089e-16 -1.27871e-16 1.48563e-17
 370 0 -1.27526e-16 1.48201e-17
 371 -1.11022e-16 -1.27481e-16 1.47802e-17
 372 -1.11022e-16 -1.27437e-16 1.47405e-17
 373 2.22045e-16 -1.265e-16 1.47307e-17
 374 -4.44089e-16 -1.27349e-16 1.47158e-17
 375 0 -1.2701e-16 1.46804e-17
 376 -1.11022e-16 -1.26967e-16 1.46414e-17
 377 -4.44089e-16 -1.27808e-16 1.46267e-17
 378 0 -1.2747e-16 1.45919e-17
 379 2.22045e-16 -1.26548e-16 1.45825e-17
 380 2.22045e-16 -1.25631e-16 1.4573e-17
 381 0 -1.25301e-16 1.45384e-17
 382 -1.11022e-16 -1.25263e-16 1.45004e-17
 383 -4.44089e-16 -1.26096e-16 1.44864e-17
 384 -8.88178e-16 -1.2808e-16 1.45843e-17
 385 0 -1.27748e-16 1.45502e-17
 386 0 -1.27417e-16 1.45162e-17
 387 -8.88178e-16 -1.29383e-16 1.46115e-17
 388 0 -1.29049e-16 1.45776e-17
 389 -1.11022e-16 -1.29003e-16 1.45401e-17
 390 2.22045e-16 -1.28103e-16 1.45307e-17
 391 -4.44089e-16 -1.28911e-16 1.4516e-17
 392 0 -1.28582e-16 1.44827e-17
 393 0 -1.28255e-16 1.44495e-17
 394 -4.44089e-16 -1.29056e-16 1.4435e-17
 395 -8.88178e-16 -1.30978e-16 1.45261e-17
 396 0 -1.30647e-16 1.44932e-17
 397 0 -1.30318e-16 1.44604e-17
 398 0 -1.29991e-16 1.44277e-17
 399 -8.88178e-16 -1.31891e-16 1.45164e-17
 400 0 -1.31561e-16 1.44838e-17
 401 0 -1.31233e-16 1.44514e-17
 402 0 -1.30907e-16 1.44191e-17
 403 -1.11022e-16 -1.30858e-16 1.43834e-17
 404 0 -1.30534e-16 1.43514e-17
 405 0 -1.30211e-16 1.43195e-17
 406 -4.44089e-16 -1.30984e-16 1.43051e-17
 407 -4.44089e-16 -1.31754e-16 1.42906e-17
 408 0 -1.31431e-16 1.42592e-17
 409 0 -1.31109e-16 1.42279e-17
 410 -4.44089e-16 -1.31873e-16 1.42137e-17
 411 -4.44089e-16 -1.32632e-16 1.41994e-17
 412 -1.11022e-16 -1.3258e-16 1.4165e-17
 413 -1.11022e-16 -1.32528e-16 1.41308e-17
 414 0 -1.32208e-16 1.41002e-17
 415 2.22045e-16 -1.31354e-16 1.40921e-17
 416 0 -1.31038e-16 1.40617e-17
 417 -8.88178e-16 -1.32854e-16 1.4145e-17
 418 -8.88178e-16 -1.34661e-16 1.42263e-17
 419 -8.88178e-16 -1.36459e-16 1.43058e-17
 420 -8.88178e-16 -1.38249e-16 1.43835e-17
 421 -1.11022e-16 -1.38185e-16 1.43494e-17
 422 0 -1.37857e-16 1.43191e-17
 423 0 -1.37531e-16 1.4289e-17
 424 -8.88178e-16 -1.39302e-16 1.43647e-17
 425 0 -1.38974e-16 1.43347e-17
 426 2.22045e-16 -1.38126e-16 1.43261e-17
 427 2.22045e-16 -1.37283e-16 1.43173e-17
 428 -4.44089e-16 -1.38e-16 1.43018e-17
 429 0 -1.37678e-16 1.42721e-17
 430 -4.44089e-16 -1.38391e-16 1.42567e-17
 431 -4.44089e-16 -1.391e-16 1.42412e-17
 432 2.22045e-16 -1.38264e-16 1.42328e-17
 433 2.22045e-16 -1.37432e-16 1.42242e-17
 434 -4.44089e-16 -1.38138e-16 1.4209e-17
 435 0 -1.37821e-16 1.41799e-17
 436 -1.11022e-16 -1.37759e-16 1.41474e-17
 437 -1.11022e-16 -1.37698e-16 1.41151e-17
 438 2.22045e-16 -1.36877e-16 1.41068e-17
 439 0 -1.36565e-16 1.40781e-17
 440 2.22045e-16 -1.3575e-16 1.40697e-17
 441 -4.44089e-16 -1.36449e-16 1.40552e-17
 442 -1.11022e-16 -1.36392e-16 1.40234e-17
 443 0 -1.36084e-16 1.39951e-17
 444 0 -1.35777e-16 1.39669e-17
 445 0 -1.35472e-16 1.39389e-17
 446 0 -1.35168e-16 1.39109e-17
 447 2.22045e-16 -1.34369e-16 1.39027e-17
 448 0 -1.34069e-16 1.38749e-17
 449 0 -1.33771e-16 1.38472e-17
 450 0 -1.33473e-16 1.38196e-17
 451 0 -1.33178e-16 1.37921e-17
 452 -4.44089e-16 -1.33865e-16 1.37787e-17
 453 0 -1.3357e-16 1.37514e-17
 454 -4.44089e-16 -1.34254e-16 1.37381e-17
 455 0 -1.33959e-16 1.37111e-17
 456 -1.11022e-16 -1.33908e-16 1.36811e-17
 457 2.22045e-16 -1.3313e-16 1.36733e-17
 458 0 -1.32839e-16 1.36465e-17
 459 -1.11022e-16 -1.32791e-16 1.36168e-17
 460 2.22045e-16 -1.3202e-16 1.36091e-17
 461 0 -1.31734e-16 1.35826e-17
 462 -8.88178e-16 -1.33371e-16 1.36517e-17
 463 -4.44089e-16 -1.34042e-16 1.36387e-17
 464 0 -1.33753e-16 1.36123e-17
 465 2.22045e-16 -1.32988e-16 1.36045e-17
 466 2.22045e-16 -1.32226e-16 1.35967e-17
 467 0 -1.31943e-16 1.35705e-17
 468 -4.44089e-16 -1.3261e-16 1.35579e-17
 469 0 -1.32327e-16 1.35319e-17
 470 0 -1.32046e-16 1.3506e-17
 471 -4.44089e-16 -1.32708e-16 1.34936e-17
 472 -1.11022e-16 -1.32662e-16 1.3465e-17
 473 2.22045e-16 -1.31912e-16 1.34574e-17
 474 0 -1.31634e-16 1.34319e-17
 475 0 -1.31357e-16 1.34065e-17
 476 2.22045e-16 -1.30614e-16 1.33988e-17
 477 2.22045e-16 -1.29875e-16 1.33912e-17
 478 0 -1.29603e-16 1.33659e-17
 479 0 -1.29333e-16 1.33407e-17
 480 0 -1.29063e-16 1.33156e-17
 481 0 -1.28795e-16 1.32906e-17
 482 2.22045e-16 -1.28067e-16 1.32829e-17
 483 -4.44089e-16 -1.28722e-16 1.32715e-17
 484 -4.44089e-16 -1.29373e-16 1.32601e-17
 485 0 -1.29106e-16 1.32354e-17
 486 0 -1.28841e-16 1.32108e-17
 487 2.22045e-16 -1.2812e-16 1.32034e-17
 488 2.22045e-16 -1.27403e-16 1.31958e-17
 489 0 -1.27142e-16 1.31714e-17
 490 2.22045e-16 -1.26429e-16 1.31638e-17
 491 -4.44089e-16 -1.27076e-16 1.31528e-17
 492 -1.11022e-16 -1.27044e-16 1.31261e-17
 493 0 -1.26786e-16 1.3102e-17
 494 0 -1.26529e-16 1.3078e-17
 495 0 -1.26274e-16 1.3054e-17
 496 0 -1.26019e-16 1.30302e-17
 497 -4.44089e-16 -1.26659e-16 1.30197e-17
 498 -4.44089e-16 -1.27297e-16 1.30091e-17
 499 -4.44089e-16 -1.27932e-16 1.29985e-17
 500 -4.44089e-16 -1.28564e-16 1.29879e-17
 501 -4.44089e-16 -1.29194e-16 1.29773e-17
 502 0 -1.28936e-16 1.29539e-17
 503 0 -1.2868e-16 1.29307e-17
 504 -4.44089e-16 -1.29306e-16 1.29202e-17
 505 2.22045e-16 -1.2861e-16 1.29133e-17
 506 2.22045e-16 -1.27917e-16 1.29064e-17
 507 0 -1.27665e-16 1.28834e-17
 508 2.22045e-16 -1.26976e-16 1.28764e-17
 509 -8.88178e-16 -1.28472e-16 1.29378e-17
 510 -4.44089e-16 -1.29091e-16 1.29273e-17
 511 -1.11022e-16 -1.29055e-16 1.2902e-17
 512 -1.11022e-16 -1.2902e-16 1.28768e-17
 513 -1.11022e-16 -1.28985e-16 1.28517e-17
 514 -1.11022e-16 -1.2895e-16 1.28267e-17
 515 2.22045e-16 -1.28268e-16 1.28199e-17
 516 2.22045e-16 -1.2759e-16 1.28131e-17
 517 0 -1.27343e-16 1.27906e-17
 518 -8.88178e-16 -1.28812e-16 1.28501e-17
 519 0 -1.28563e-16 1.28278e-17
 520 0 -1.28316e-16 1.28055e-17
 521 -4.44089e-16 -1.28922e-16 1.27952e-17
 522 2.22045e-16 -1.2825e-16 1.27884e-17
 523 0 -1.28005e-16 1.27663e-17
 524 -8.88178e-16 -1.29455e-16 1.28242e-17
 525 -8.88178e-16 -1.30901e-16 1.28811e-17
 526 0 -1.30652e-16 1.2859e-17
 527 -4.44089e-16 -1.31246e-16 1.28483e-17
 528 -1.11022e-16 -1.31208e-16 1.2824e-17
 529 0 -1.3096e-16 1.28021e-17
 530 0 -1.30713e-16 1.27804e-17
 531 0 -1.30467e-16 1.27586e-17
 532 2.22045e-16 -1.29804e-16 1.27519e-17
 533 2.22045e-16 -1.29144e-16 1.2745e-17
 534 0 -1.28902e-16 1.27234e-17
 535 0 -1.28661e-16 1.27019e-17
 536 2.22045e-16 -1.28007e-16 1.26951e-17
 537 0 -1.27769e-16 1.26736e-17
 538 0 -1.27531e-16 1.26523e-17
 539 2.22045e-16 -1.26883e-16 1.26454e-17
 540 -1.11022e-16 -1.26853e-16 1.2622e-17
 541 0 -1.26619e-16 1.26009e-17
 542 -8.88178e-16 -1.28024e-16 1.26558e-17
 543 0 -1.27788e-16 1.26347e-17
 544 0 -1.27553e-16 1.26137e-17
 545 -1.11022e-16 -1.27523e-16 1.25905e-17
 546 0 -1.27289e-16 1.25696e-17
 547 0 -1.27057e-16 1.25488e-17
 548 2.22045e-16 -1.2642e-16 1.2542e-17
 549 -1.11022e-16 -1.26392e-16 1.25192e-17
 550 2.22045e-16 -1.25758e-16 1.25125e-17
 551 0 -1.2553e-16 1.24918e-17
 552 2.22045e-16 -1.249e-16 1.24851e-17
 553 -1.11022e-16 -1.24875e-16 1.24625e-17
 554 0 -1.2465e-16 1.2442e-17
 555 -8.88178e-16 -1.26025e-16 1.24955e-17
 556 0 -1.25799e-16 1.24751e-17
 557 -4.44089e-16 -1.2637e-16 1.24658e-17
 558 -1.11022e-16 -1.26343e-16 1.24435e-17
 559 0 -1.26117e-16 1.24232e-17
 560 0 -1.25891e-16 1.24031e-17
 561 0 -1.25667e-16 1.2383e-17
 562 -8.88178e-16 -1.27024e-16 1.24352e-17
 563 2.22045e-16 -1.26404e-16 1.24285e-17
 564 0 -1.2618e-16 1.24085e-17
 565 0 -1.25956e-16 1.23885e-17
 566 0 -1.25734e-16 1.23686e-17
 567 0 -1.25512e-16 1.23488e-17
 568 0 -1.25291e-16 1.2329e-17
 569 0 -1.25071e-16 1.23093e-17
 570 -8.88178e-16 -1.2641e-16 1.23604e-17
 571 -4.44089e-16 -1.26966e-16 1.23513e-17
 572 0 -1.26744e-16 1.23317e-17
 573 0 -1.26523e-16 1.23121e-17
 574 2.22045e-16 -1.25916e-16 1.23056e-17
 575 -4.44089e-16 -1.26469e-16 1.22967e-17
 576 0 -1.26249e-16 1.22773e-17
 577 -4.44089e-16 -1.268e-16 1.22683e-17
 578 2.22045e-16 -1.26197e-16 1.2262e-17
 579 0 -1.25979e-16 1.22427e-17
 580 0 -1.25761e-16 1.22235e-17
 581 -1.11022e-16 -1.25736e-16 1.22025e-17
 582 0 -1.2552e-16 1.21834e-17
 583 0 -1.25305e-16 1.21644e-17
 584 -8.88178e-16 -1.26611e-16 1.22136e-17
 585 -8.88178e-16 -1.27913e-16 1.2262e-17
 586 0 -1.27695e-16 1.2243e-17
 587 -1.11022e-16 -1.27666e-16 1.22222e-17
 588 0 -1.27449e-16 1.22033e-17
 589 -1.11022e-16 -1.27421e-16 1.21826e-17
 590 2.22045e-16 -1.26829e-16 1.21763e-17
 591 -8.88178e-16 -1.28117e-16 1.22238e-17
 592 2.22045e-16 -1.27526e-16 1.22175e-17
 593 -1.11022e-16 -1.27498e-16 1.21969e-17
 594 0 -1.27283e-16 1.21782e-17
 595 2.22045e-16 -1.26696e-16 1.21719e-17
 596 0 -1.26483e-16 1.21533e-17
 597 0 -1.26272e-16 1.21348e-17
 598 2.22045e-16 -1.25689e-16 1.21285e-17
 599 0 -1.25479e-16 1.211e-17
 600 -1.11022e-16 -1.25455e-16 1.20898e-17
 601 -1.11022e-16 -1.25431e-16 1.20697e-17
 602 0 -1.25223e-16 1.20515e-17
 603 2.22045e-16 -1.24647e-16 1.20452e-17
 604 -1.11022e-16 -1.24624e-16 1.20253e-17
 605 0 -1.24418e-16 1.20072e-17
 606 -8.88178e-16 -1.25679e-16 1.20534e-17
 607 -4.44089e-16 -1.26203e-16 1.2045e-17
 608 -4.44089e-16 -1.26726e-16 1.20365e-17
 609 -8.88178e-16 -1.27976e-16 1.20816e-17
 610 -4.44089e-16 -1.28495e-16 1.20729e-17
 611 -4.44089e-16 -1.29011e-16 1.20642e-17
 612 2.22045e-16 -1.28438e-16 1.20581e-17
 613 -1.11022e-16 -1.28409e-16 1.20385e-17
 614 -1.11022e-16 -1.28381e-16 1.20189e-17
 615 -1.11022e-16 -1.28353e-16 1.19994e-17
 616 -1.11022e-16 -1.28324e-16 1.19799e-17
 617 0 -1.28116e-16 1.19623e-17
 618 -1.11022e-16 -1.28089e-16 1.19429e-17
 619 -8.88178e-16 -1.29317e-16 1.19867e-17
 620 -8.88178e-16 -1.30541e-16 1.20298e-17
 621 0 -1.30331e-16 1.20122e-17
 622 0 -1.30121e-16 1.19947e-17
 623 2.22045e-16 -1.29556e-16 1.19888e-17
 624 -4.44089e-16 -1.3006e-16 1.19802e-17
 625 -4.44089e-16 -1.30562e-16 1.19715e-17
 626 0 -1.30354e-16 1.19542e-17
 627 -8.88178e-16 -1.31562e-16 1.19962e-17
 628 0 -1.31353e-16 1.19789e-17
 629 2.22045e-16 -1.30791e-16 1.1973e-17
 630 0 -1.30583e-16 1.19558e-17
 631 2.22045e-16 -1.30025e-16 1.19499e-17
 632 0 -1.29819e-16 1.19328e-17
 633 -1.11022e-16 -1.29789e-16 1.19139e-17
 634 2.22045e-16 -1.29234e-16 1.19081e-17
 635 2.22045e-16 -1.28681e-16 1.19022e-17
 636 0 -1.28479e-16 1.18851e-17
 637 2.22045e-16 -1.27928e-16 1.18792e-17
 638 0 -1.27728e-16 1.18623e-17
 639 -4.44089e-16 -1.28223e-16 1.1854e-17
 640 0 -1.28023e-16 1.18372e-17
 641 -4.44089e-16 -1.28516e-16 1.1829e-17
 642 -4.44089e-16 -1.29007e-16 1.18208e-17
 643 0 -1.28807e-16 1.18041e-17
 644 2.22045e-16 -1.28262e-16 1.17983e-17
 645 0 -1.28063e-16 1.17817e-17
 646 -8.88178e-16 -1.2924e-16 1.18222e-17
 647 -4.44089e-16 -1.29726e-16 1.18139e-17
 648 0 -1.29526e-16 1.17974e-17
 649 -1.11022e-16 -1.29498e-16 1.17792e-17
 650 0 -1.29298e-16 1.17628e-17
 651 2.22045e-16 -1.28759e-16 1.17571e-17
 652 0 -1.28561e-16 1.17407e-17
 653 -4.44089e-16 -1.29044e-16 1.17326e-17
 654 0 -1.28847e-16 1.17163e-17
 655 0 -1.2865e-16 1.17001e-17
 656 -1.11022e-16 -1.28623e-16 1.16823e-17
 657 0 -1.28428e-16 1.16661e-17
 658 0 -1.28232e-16 1.165e-17
 659 -4.44089e-16 -1.28712e-16 1.16422e-17
 660 -4.44089e-16 -1.2919e-16 1.16344e-17
 661 -4.44089e-16 -1.29666e-16 1.16265e-17
 662 -1.11022e-16 -1.29638e-16 1.1609e-17
 663 0 -1.29442e-16 1.15931e-17
 664 -4.44089e-16 -1.29916e-16 1.15853e-17
 665 0 -1.29721e-16 1.15695e-17
 666 -4.44089e-16 -1.30193e-16 1.15618e-17
 667 -4.44089e-16 -1.30663e-16 1.1554e-17
 668 0 -1.30468e-16 1.15384e-17
 669 0 -1.30273e-16 1.15228e-17
 670 -4.44089e-16 -1.30741e-16 1.15151e-17
 671 0 -1.30546e-16 1.14996e-17
 672 -1.11022e-16 -1.30517e-16 1.14825e-17
 673 2.22045e-16 -1.29993e-16 1.14774e-17
 674 0 -1.29801e-16 1.14619e-17
 675 -4.44089e-16 -1.30266e-16 1.14544e-17
 676 0 -1.30073e-16 1.14391e-17
 677 0 -1.29881e-16 1.14238e-17
 678 0 -1.2969e-16 1.14085e-17
 679 0 -1.29499e-16 1.13933e-17
 680 -4.44089e-16 -1.29961e-16 1.1386e-17
 681 -1.11022e-16 -1.29934e-16 1.13693e-17
 682 -4.44089e-16 -1.30394e-16 1.13619e-17
 683 0 -1.30203e-16 1.13469e-17
 684 -8.88178e-16 -1.31311e-16 1.13843e-17
 685 0 -1.3112e-16 1.13693e-17
 686 -8.88178e-16 -1.32223e-16 1.14063e-17
 687 0 -1.32031e-16 1.13913e-17
 688 2.22045e-16 -1.31516e-16 1.13863e-17
 689 -4.44089e-16 -1.3197e-16 1.13788e-17
 690 2.22045e-16 -1.31457e-16 1.13739e-17
 691 0 -1.31267e-16 1.1359e-17
 692 0 -1.31077e-16 1.13442e-17
 693 -4.44089e-16 -1.31529e-16 1.13368e-17
 694 0 -1.31339e-16 1.13221e-17
 695 0 -1.3115e-16 1.13073e-17
 696 2.22045e-16 -1.30643e-16 1.13025e-17
 697 2.22045e-16 -1.30137e-16 1.12976e-17
 698 0 -1.2995e-16 1.12829e-17
 699 2.22045e-16 -1.29447e-16 1.1278e-17
 700 -4.44089e-16 -1.29896e-16 1.12709e-17
 701 0 -1.29711e-16 1.12563e-17
 702 0 -1.29526e-16 1.12418e-17
 703 0 -1.29342e-16 1.12273e-17
 704 -4.44089e-16 -1.29789e-16 1.12202e-17
 705 2.22045e-16 -1.2929e-16 1.12154e-17
 706 2.22045e-16 -1.28792e-16 1.12106e-17
 707 -4.44089e-16 -1.29238e-16 1.12036e-17
 708 -4.44089e-16 -1.29683e-16 1.11966e-17
 709 0 -1.295e-16 1.11823e-17
 710 -4.44089e-16 -1.29943e-16 1.11753e-17
 711 -1.11022e-16 -1.29916e-16 1.11596e-17
 712 2.22045e-16 -1.29422e-16 1.11549e-17
 713 0 -1.29241e-16 1.11407e-17
 714 -4.44089e-16 -1.29682e-16 1.11338e-17
 715 -8.88178e-16 -1.30742e-16 1.11687e-17
 716 2.22045e-16 -1.3025e-16 1.1164e-17
 717 0 -1.30068e-16 1.11499e-17
 718 0 -1.29887e-16 1.11358e-17
 719 -4.44089e-16 -1.30324e-16 1.11289e-17
 720 0 -1.30143e-16 1.11149e-17
 721 -4.44089e-16 -1.30578e-16 1.1108e-17
 722 0 -1.30397e-16 1.10941e-17
 723 2.22045e-16 -1.2991e-16 1.10895e-17
 724 -1.11022e-16 -1.29884e-16 1.10742e-17
 725 0 -1.29705e-16 1.10603e-17
 726 2.22045e-16 -1.2922e-16 1.10557e-17
 727 -1.11022e-16 -1.29195e-16 1.10405e-17
 728 0 -1.29018e-16 1.10268e-17
 729 0 -1.28841e-16 1.10131e-17
 730 -1.11022e-16 -1.28816e-16 1.0998e-17
 731 0 -1.2864e-16 1.09844e-17
 732 0 -1.28464e-16 1.09708e-17
 733 -4.44089e-16 -1.28895e-16 1.09642e-17
 734 -4.44089e-16 -1.29324e-16 1.09577e-17
 735 0 -1.29148e-16 1.09442e-17
 736 0 -1.28973e-16 1.09307e-17
 737 0 -1.28798e-16 1.09173e-17
 738 2.22045e-16 -1.28323e-16 1.09128e-17
 739 2.22045e-16 -1.27848e-16 1.09084e-17
 740 2.22045e-16 -1.27376e-16 1.09039e-17
 741 -1.11022e-16 -1.27354e-16 1.08892e-17
 742 -4.44089e-16 -1.2778e-16 1.08829e-17
 743 -8.88178e-16 -1.28804e-16 1.09163e-17
 744 0 -1.28631e-16 1.0903e-17
 745 -4.44089e-16 -1.29054e-16 1.08966e-17
 746 0 -1.28881e-16 1.08833e-17
 747 -4.44089e-16 -1.29303e-16 1.08769e-17
 748 -4.44089e-16 -1.29724e-16 1.08705e-17
 749 0 -1.29551e-16 1.08574e-17
 750 -1.11022e-16 -1.29526e-16 1.08429e-17
 751 2.22045e-16 -1.29058e-16 1.08386e-17
 752 0 -1.28886e-16 1.08255e-17
 753 0 -1.28715e-16 1.08125e-17
 754 -4.44089e-16 -1.29133e-16 1.08063e-17
 755 -4.44089e-16 -1.29551e-16 1.08e-17
 756 0 -1.29379e-16 1.07871e-17
 757 -1.11022e-16 -1.29355e-16 1.07728e-17
 758 2.22045e-16 -1.28891e-16 1.07686e-17
 759 -4.44089e-16 -1.29307e-16 1.07624e-17
 760 -1.11022e-16 -1.29283e-16 1.07483e-17
 761 2.22045e-16 -1.28821e-16 1.07441e-17
 762 2.22045e-16 -1.2836e-16 1.07398e-17
 763 0 -1.28192e-16 1.07271e-17
 764 -1.11022e-16 -1.2817e-16 1.0713e-17
 765 0 -1.28002e-16 1.07003e-17
 766 0 -1.27835e-16 1.06877e-17
 767 -1.11022e-16 -1.27813e-16 1.06737e-17
 768 -1.11022e-16 -1.27791e-16 1.06598e-17
 769 -1.11022e-16 -1.27769e-16 1.0646e-17
 770 2.22045e-16 -1.27315e-16 1.06419e-17
 771 -1.11022e-16 -1.27294e-16 1.06281e-17
 772 0 -1.27129e-16 1.06156e-17
 773 -4.44089e-16 -1.27539e-16 1.06098e-17
 774 0 -1.27374e-16 1.05973e-17
 775 0 -1.2721e-16 1.05849e-17
 776 0 -1.27046e-16 1.05725e-17
 777 2.22045e-16 -1.26597e-16 1.05685e-17
 778 -4.44089e-16 -1.27005e-16 1.05628e-17
 779 0 -1.26842e-16 1.05505e-17
 780 2.22045e-16 -1.26395e-16 1.05464e-17
 781 0 -1.26233e-16 1.05342e-17
 782 2.22045e-16 -1.25787e-16 1.05301e-17
 783 -1.11022e-16 -1.25769e-16 1.05167e-17
 784 0 -1.25608e-16 1.05045e-17
 785 0 -1.25448e-16 1.04923e-17
 786 -4.44089e-16 -1.25854e-16 1.04868e-17
 787 0 -1.25694e-16 1.04747e-17
 788 -4.44089e-16 -1.26098e-16 1.04692e-17
 789 -4.44089e-16 -1.26501e-16 1.04636e-17
 790 -4.44089e-16 -1.26903e-16 1.04581e-17
 791 0 -1.26742e-16 1.04461e-17
 792 2.22045e-16 -1.26302e-16 1.04422e-17
 793 -1.11022e-16 -1.26283e-16 1.04291e-17
 794 -1.11022e-16 -1.26263e-16 1.04159e-17
 795 0 -1.26105e-16 1.0404e-17
 796 -8.88178e-16 -1.27062e-16 1.0435e-17
 797 -8.88178e-16 -1.28017e-16 1.04655e-17
 798 0 -1.27857e-16 1.04536e-17
 799 0 -1.27696e-16 1.04418e-17
 800 2.22045e-16 -1.27259e-16 1.04379e-17
 801 0 -1.271e-16 1.0426e-17
 802 0 -1.26942e-16 1.04142e-17
 803 0 -1.26784e-16 1.04025e-17
 804 -1.11022e-16 -1.26764e-16 1.03895e-17
 805 -1.11022e-16 -1.26745e-16 1.03766e-17
 806 0 -1.26587e-16 1.03649e-17
 807 -4.44089e-16 -1.26981e-16 1.03596e-17
 808 2.22045e-16 -1.26549e-16 1.03558e-17
 809 0 -1.26393e-16 1.03441e-17
 810 0 -1.26236e-16 1.03325e-17
 811 -8.88178e-16 -1.27176e-16 1.03625e-17
 812 0 -1.27019e-16 1.03509e-17
 813 0 -1.26863e-16 1.03393e-17
 814 -8.88178e-16 -1.27798e-16 1.03689e-17
 815 -4.44089e-16 -1.28186e-16 1.03634e-17
 816 -4.44089e-16 -1.28574e-16 1.03579e-17
 817 -8.88178e-16 -1.29503e-16 1.03869e-17
 818 -8.88178e-16 -1.30431e-16 1.04156e-17
 819 -8.88178e-16 -1.31356e-16 1.0444e-17
 820 0 -1.31196e-16 1.04324e-17
 821 2.22045e-16 -1.30766e-16 1.04286e-17
 822 0 -1.30607e-16 1.04171e-17
 823 0 -1.30448e-16 1.04057e-17
 824 2.22045e-16 -1.3002e-16 1.04018e-17
 825 2.22045e-16 -1.29593e-16 1.0398e-17
 826 -1.11022e-16 -1.29571e-16 1.03854e-17
 827 -1.11022e-16 -1.29548e-16 1.03729e-17
 828 2.22045e-16 -1.29124e-16 1.0369e-17
 829 -1.11022e-16 -1.29102e-16 1.03565e-17
 830 0 -1.28946e-16 1.03452e-17
 831 -4.44089e-16 -1.29326e-16 1.03397e-17
 832 0 -1.2917e-16 1.03285e-17
 833 0 -1.29015e-16 1.03172e-17
 834 -4.44089e-16 -1.29393e-16 1.03118e-17
 835 -4.44089e-16 -1.2977e-16 1.03063e-17
 836 0 -1.29615e-16 1.02951e-17
 837 -1.11022e-16 -1.29592e-16 1.02828e-17
 838 0 -1.29438e-16 1.02717e-17
 839 -4.44089e-16 -1.29813e-16 1.02663e-17
 840 0 -1.29658e-16 1.02553e-17
 841 0 -1.29504e-16 1.02442e-17
 842 0 -1.2935e-16 1.02332e-17
 843 -4.44089e-16 -1.29724e-16 1.02279e-17
 844 2.22045e-16 -1.29307e-16 1.02243e-17
 845 0 -1.29154e-16 1.02133e-17
 846 0 -1.29001e-16 1.02024e-17
 847 0 -1.28849e-16 1.01914e-17
 848 2.22045e-16 -1.28435e-16 1.01878e-17
 849 2.22045e-16 -1.28022e-16 1.01842e-17
 850 2.22045e-16 -1.2761e-16 1.01805e-17
 851 -4.44089e-16 -1.27982e-16 1.01754e-17
 852 -1.11022e-16 -1.27962e-16 1.01634e-17
 853 0 -1.27812e-16 1.01526e-17
 854 2.22045e-16 -1.27403e-16 1.0149e-17
 855 2.22045e-16 -1.26994e-16 1.01454e-17
 856 -4.44089e-16 -1.27364e-16 1.01403e-17
 857 0 -1.27216e-16 1.01295e-17
 858 -8.88178e-16 -1.28103e-16 1.01565e-17
 859 -8.88178e-16 -1.28987e-16 1.01832e-17
 860 0 -1.28838e-16 1.01724e-17
 861 0 -1.28688e-16 1.01617e-17
 862 0 -1.28539e-16 1.0151e-17
 863 -1.11022e-16 -1.28518e-16 1.01393e-17
 864 0 -1.2837e-16 1.01286e-17
 865 -4.44089e-16 -1.28735e-16 1.01235e-17
 866 0 -1.28586e-16 1.01129e-17
 867 0 -1.28438e-16 1.01023e-17
 868 -4.44089e-16 -1.28801e-16 1.00972e-17
 869 0 -1.28653e-16 1.00867e-17
 870 0 -1.28505e-16 1.00762e-17
 871 2.22045e-16 -1.28103e-16 1.00726e-17
 872 0 -1.27956e-16 1.00621e-17
 873 -8.88178e-16 -1.28827e-16 1.00883e-17
 874 0 -1.28679e-16 1.00778e-17
 875 0 -1.28532e-16 1.00673e-17
 876 0 -1.28385e-16 1.00569e-17
 877 -8.88178e-16 -1.29252e-16 1.00827e-17
 878 0 -1.29105e-16 1.00723e-17
 879 -1.11022e-16 -1.29084e-16 1.00609e-17
 880 2.22045e-16 -1.28685e-16 1.00574e-17
 881 -1.11022e-16 -1.28665e-16 1.00459e-17
 882 0 -1.28519e-16 1.00356e-17
 883 0 -1.28373e-16 1.00253e-17
 884 2.22045e-16 -1.27977e-16 1.00218e-17
 885 -4.44089e-16 -1.28334e-16 1.00168e-17
 886 -1.11022e-16 -1.28315e-16 1.00055e-17
 887 0 -1.2817e-16 9.9953e-18
 888 0 -1.28026e-16 9.98508e-18
 889 -1.11022e-16 -1.28007e-16 9.97386e-18
 890 2.22045e-16 -1.27613e-16 9.97041e-18
 891 -4.44089e-16 -1.27968e-16 9.96554e-18
 892 -8.88178e-16 -1.28821e-16 9.99078e-18
 893 -4.44089e-16 -1.29174e-16 9.98583e-18
 894 0 -1.29029e-16 9.9757e-18
 895 -4.44089e-16 -1.29381e-16 9.97077e-18
 896 -4.44089e-16 -1.29733e-16 9.96582e-18
 897 0 -1.29588e-16 9.95576e-18
 898 -8.88178e-16 -1.30433e-16 9.98048e-18
 899 0 -1.30288e-16 9.97043e-18
 900 -1.11022e-16 -1.30266e-16 9.95936e-18
 901 0 -1.30122e-16 9.94936e-18
 902 2.22045e-16 -1.29731e-16 9.94599e-18
 903 0 -1.29587e-16 9.936e-18
 904 -4.44089e-16 -1.29935e-16 9.9311e-18
 905 -4.44089e-16 -1.30283e-16 9.92619e-18
 906 -4.44089e-16 -1.30629e-16 9.92128e-18
 907 0 -1.30485e-16 9.91138e-18
 908 0 -1.30341e-16 9.9015e-18
 909 0 -1.30198e-16 9.89164e-18
 910 0 -1.30055e-16 9.8818e-18
 911 -4.44089e-16 -1.30399e-16 9.87697e-18
 912 0 -1.30256e-16 9.86717e-18
 913 0 -1.30114e-16 9.85739e-18
 914 0 -1.29971e-16 9.84762e-18
 915 0 -1.29829e-16 9.83788e-18
 916 -1.11022e-16 -1.29809e-16 9.82716e-18
 917 0 -1.29667e-16 9.81746e-18
 918 0 -1.29526e-16 9.80777e-18
 919 0 -1.29385e-16 9.79811e-18
 920 0 -1.29244e-16 9.78846e-18
 921 -4.44089e-16 -1.29586e-16 9.7838e-18
 922 0 -1.29446e-16 9.7742e-18
 923 2.22045e-16 -1.29065e-16 9.77102e-18
 924 0 -1.28925e-16 9.76144e-18
 925 -4.44089e-16 -1.29266e-16 9.75684e-18
 926 -1.11022e-16 -1.29246e-16 9.74631e-18
 927 0 -1.29107e-16 9.73679e-18
 928 0 -1.28968e-16 9.72729e-18
 929 2.22045e-16 -1.2859e-16 9.72416e-18
 930 -1.11022e-16 -1.28571e-16 9.71371e-18
 931 2.22045e-16 -1.28194e-16 9.71058e-18
 932 -1.11022e-16 -1.28176e-16 9.70017e-18
 933 -4.44089e-16 -1.28515e-16 9.69568e-18
 934 -4.44089e-16 -1.28852e-16 9.69119e-18
 935 0 -1.28715e-16 9.6818e-18
 936 -1.11022e-16 -1.28696e-16 9.67147e-18
 937 2.22045e-16 -1.28321e-16 9.66839e-18
 938 -4.44089e-16 -1.28658e-16 9.66394e-18
 939 -4.44089e-16 -1.28994e-16 9.65949e-18
 940 -1.11022e-16 -1.28975e-16 9.64923e-18
 941 -8.88178e-16 -1.29782e-16 9.67267e-18
 942 0 -1.29644e-16 9.66338e-18
 943 -4.44089e-16 -1.29977e-16 9.65889e-18
 944 -4.44089e-16 -1.3031e-16 9.65438e-18
 945 0 -1.30172e-16 9.64515e-18
 946 0 -1.30035e-16 9.63593e-18
 947 2.22045e-16 -1.29663e-16 9.63293e-18
 948 2.22045e-16 -1.29292e-16 9.62991e-18
 949 -1.11022e-16 -1.29273e-16 9.61978e-18
 950 0 -1.29136e-16 9.61061e-18
 951 -4.44089e-16 -1.29468e-16 9.60621e-18
 952 0 -1.29332e-16 9.59707e-18
 953 0 -1.29196e-16 9.58796e-18
 954 -1.11022e-16 -1.29177e-16 9.57792e-18
 955 0 -1.29042e-16 9.56884e-18
 956 0 -1.28907e-16 9.55978e-18
 957 2.22045e-16 -1.2854e-16 9.55683e-18
 958 -4.44089e-16 -1.28869e-16 9.55253e-18
 959 0 -1.28735e-16 9.54351e-18
 960 0 -1.28601e-16 9.5345e-18
 961 -4.44089e-16 -1.28929e-16 9.53023e-18
 962 2.22045e-16 -1.28564e-16 9.52731e-18
 963 2.22045e-16 -1.282e-16 9.52437e-18
 964 -4.44089e-16 -1.28528e-16 9.52013e-18
 965 -1.11022e-16 -1.2851e-16 9.51027e-18
 966 0 -1.28377e-16 9.50136e-18
 967 -4.44089e-16 -1.28703e-16 9.49714e-18
 968 -4.44089e-16 -1.29029e-16 9.49292e-18
 969 0 -1.28896e-16 9.48405e-18
 970 0 -1.28763e-16 9.4752e-18
 971 -1.11022e-16 -1.28745e-16 9.46545e-18
 972 0 -1.28612e-16 9.45664e-18
 973 2.22045e-16 -1.28252e-16 9.45378e-18
 974 -8.88178e-16 -1.29032e-16 9.47625e-18
 975 -4.44089e-16 -1.29355e-16 9.47204e-18
 976 2.22045e-16 -1.28995e-16 9.46917e-18
 977 -1.11022e-16 -1.28977e-16 9.45949e-18
 978 2.22045e-16 -1.28618e-16 9.45663e-18
 979 -8.88178e-16 -1.29394e-16 9.47877e-18
 980 2.22045e-16 -1.29035e-16 9.47588e-18
 981 0 -1.28904e-16 9.46713e-18
 982 0 -1.28772e-16 9.4584e-18
 983 -4.44089e-16 -1.29093e-16 9.45421e-18
 984 2.22045e-16 -1.28736e-16 9.45134e-18
 985 0 -1.28606e-16 9.44264e-18
 986 0 -1.28475e-16 9.43396e-18
 987 0 -1.28345e-16 9.4253e-18
 988 -1.11022e-16 -1.28327e-16 9.41577e-18
 989 -4.44089e-16 -1.28647e-16 9.41166e-18
 990 -4.44089e-16 -1.28965e-16 9.40755e-18
 991 -4.44089e-16 -1.29283e-16 9.40343e-18
 992 -1.11022e-16 -1.29265e-16 9.39396e-18
 993 0 -1.29135e-16 9.3854e-18
 994 0 -1.29005e-16 9.37685e-18
 995 -8.88178e-16 -1.29768e-16 9.39845e-18
 996 2.22045e-16 -1.29415e-16 9.39565e-18
 997 -8.88178e-16 -1.30176e-16 9.41702e-18
 998 0 -1.30045e-16 9.40849e-18
 999 0 -1.29915e-16 9.39997e-18
 1000 0 -1.29785e-16 9.39146e-18
 1001 -8.88178e-16 -1.30543e-16 9.41261e-18
 1002 -1.11022e-16 -1.30523e-16 9.40324e-18
 1003 0 -1.30393e-16 9.39476e-18
 1004 -1.11022e-16 -1.30374e-16 9.38542e-18
 1005 -4.44089e-16 -1.30686e-16 9.38127e-18
 1006 -4.44089e-16 -1.30997e-16 9.37711e-18
 1007 -8.88178e-16 -1.31749e-16 9.39792e-18
 1008 -4.44089e-16 -1.32059e-16 9.39371e-18
 1009 0 -1.31928e-16 9.38531e-18
 1010 -8.88178e-16 -1.32677e-16 9.40586e-18
 1011 0 -1.32546e-16 9.39747e-18
 1012 0 -1.32415e-16 9.38909e-18
 1013 0 -1.32284e-16 9.38073e-18
 1014 -4.44089e-16 -1.32592e-16 9.37652e-18
 1015 -4.44089e-16 -1.32899e-16 9.3723e-18
 1016 2.22045e-16 -1.32549e-16 9.36959e-18
 1017 0 -1.32419e-16 9.36128e-18
 1018 -4.44089e-16 -1.32725e-16 9.35709e-18
 1019 2.22045e-16 -1.32377e-16 9.35438e-18
 1020 -4.44089e-16 -1.32683e-16 9.3502e-18
 1021 -4.44089e-16 -1.32988e-16 9.34602e-18
 1022 0 -1.32857e-16 9.33777e-18
 1023 2.22045e-16 -1.3251e-16 9.33509e-18
 1024 2.22045e-16 -1.32164e-16 9.33239e-18
 1025 -8.88178e-16 -1.32902e-16 9.35241e-18
 1026 -4.44089e-16 -1.33205e-16 9.34822e-18
 1027 -1.11022e-16 -1.33184e-16 9.33913e-18
 1028 -4.44089e-16 -1.33486e-16 9.33495e-18
 1029 0 -1.33356e-16 9.32677e-18
 1030 0 -1.33227e-16 9.31861e-18
 1031 0 -1.33098e-16 9.31047e-18
 1032 0 -1.32969e-16 9.30233e-18
 1033 0 -1.3284e-16 9.29421e-18
 1034 0 -1.32711e-16 9.28611e-18
 1035 -1.11022e-16 -1.3269e-16 9.27716e-18
 1036 2.22045e-16 -1.32348e-16 9.27452e-18
 1037 -1.11022e-16 -1.32327e-16 9.2656e-18
 1038 0 -1.322e-16 9.25754e-18
 1039 -4.44089e-16 -1.325e-16 9.2535e-18
 1040 -4.44089e-16 -1.328e-16 9.24945e-18
 1041 -8.88178e-16 -1.33525e-16 9.26901e-18
 1042 0 -1.33397e-16 9.261e-18
 1043 0 -1.33269e-16 9.253e-18
 1044 0 -1.33142e-16 9.24501e-18
 1045 0 -1.33014e-16 9.23704e-18
 1046 0 -1.32887e-16 9.22908e-18
 1047 2.22045e-16 -1.32548e-16 9.22649e-18
 1048 2.22045e-16 -1.3221e-16 9.22389e-18
 1049 0 -1.32084e-16 9.21595e-18
 1050 0 -1.31958e-16 9.20803e-18
 1051 -4.44089e-16 -1.32255e-16 9.20406e-18
 1052 2.22045e-16 -1.31918e-16 9.20147e-18
 1053 -4.44089e-16 -1.32215e-16 9.19751e-18
 1054 0 -1.32089e-16 9.18963e-18
 1055 -4.44089e-16 -1.32385e-16 9.18568e-18
 1056 -4.44089e-16 -1.3268e-16 9.18172e-18
 1057 -4.44089e-16 -1.32975e-16 9.17776e-18
 1058 0 -1.32849e-16 9.16995e-18
 1059 0 -1.32724e-16 9.16214e-18
 1060 -4.44089e-16 -1.33017e-16 9.15821e-18
 1061 2.22045e-16 -1.32683e-16 9.15569e-18
 1062 2.22045e-16 -1.32349e-16 9.15316e-18
 1063 2.22045e-16 -1.32015e-16 9.15062e-18
 1064 -1.11022e-16 -1.31996e-16 9.14204e-18
 1065 -4.44089e-16 -1.32289e-16 9.13815e-18
 1066 -4.44089e-16 -1.32581e-16 9.13426e-18
 1067 0 -1.32457e-16 9.12654e-18
 1068 2.22045e-16 -1.32125e-16 9.12403e-18
 1069 0 -1.32001e-16 9.11633e-18
 1070 2.22045e-16 -1.3167e-16 9.11381e-18
 1071 1.77636e-15 -1.29889e-16 9.27795e-18
 1072 0 -1.29768e-16 9.27008e-18
 1073 0 -1.29647e-16 9.26223e-18
 1074 -8.88178e-16 -1.30353e-16 9.28051e-18
 1075 0 -1.30232e-16 9.27267e-18
 1076 0 -1.30111e-16 9.26484e-18
 1077 0 -1.2999e-16 9.25702e-18
 1078 -4.44089e-16 -1.30281e-16 9.25302e-18
 1079 0 -1.30161e-16 9.24523e-18
 1080 0 -1.3004e-16 9.23745e-18
 1081 -4.44089e-16 -1.30331e-16 9.23347e-18
 1082 0 -1.3021e-16 9.22572e-18
 1083 0 -1.3009e-16 9.21798e-18
 1084 0 -1.2997e-16 9.21025e-18
 1085 0 -1.2985e-16 9.20254e-18
 1086 0 -1.2973e-16 9.19484e-18
 1087 -4.44089e-16 -1.3002e-16 9.19093e-18
 1088 -8.88178e-16 -1.30717e-16 9.20888e-18
 1089 -8.88178e-16 -1.31412e-16 9.22668e-18
 1090 -4.44089e-16 -1.31699e-16 9.22267e-18
 1091 0 -1.31578e-16 9.215e-18
 1092 2.22045e-16 -1.31254e-16 9.21225e-18
 1093 0 -1.31134e-16 9.2046e-18
 1094 0 -1.31014e-16 9.19697e-18
 1095 -1.11022e-16 -1.30996e-16 9.18858e-18
 1096 0 -1.30877e-16 9.18097e-18
 1097 -4.44089e-16 -1.31162e-16 9.17704e-18
 1098 0 -1.31043e-16 9.16946e-18
 1099 0 -1.30923e-16 9.16189e-18
 1100 2.22045e-16 -1.30603e-16 9.15918e-18
 1101 0 -1.30484e-16 9.15162e-18
 1102 0 -1.30366e-16 9.14408e-18
 1103 0 -1.30247e-16 9.13655e-18
 1104 -4.44089e-16 -1.30532e-16 9.1327e-18
 1105 -4.44089e-16 -1.30815e-16 9.12884e-18
 1106 0 -1.30697e-16 9.12135e-18
 1107 -4.44089e-16 -1.3098e-16 9.1175e-18
 1108 0 -1.30862e-16 9.11004e-18
 1109 0 -1.30744e-16 9.10258e-18
 1110 -8.88178e-16 -1.31426e-16 9.11994e-18
 1111 0 -1.31308e-16 9.1125e-18
 1112 -8.88178e-16 -1.31989e-16 9.12971e-18
 1113 -4.44089e-16 -1.32269e-16 9.12581e-18
 1114 -1.11022e-16 -1.3225e-16 9.11764e-18
 1115 -1.11022e-16 -1.32231e-16 9.10947e-18
 1116 0 -1.32113e-16 9.10208e-18
 1117 -4.44089e-16 -1.32392e-16 9.09822e-18
 1118 2.22045e-16 -1.32075e-16 9.0956e-18
 1119 0 -1.31957e-16 9.08824e-18
 1120 -4.44089e-16 -1.32235e-16 9.08439e-18
 1121 -1.11022e-16 -1.32217e-16 9.07631e-18
 1122 -4.44089e-16 -1.32495e-16 9.07247e-18
 1123 2.22045e-16 -1.32179e-16 9.06988e-18
 1124 0 -1.32061e-16 9.06258e-18
 1125 -4.44089e-16 -1.32339e-16 9.05876e-18
 1126 0 -1.32221e-16 9.05148e-18
 1127 0 -1.32104e-16 9.0442e-18
 1128 -8.88178e-16 -1.32774e-16 9.06101e-18
 1129 0 -1.32656e-16 9.05374e-18
 1130 0 -1.32539e-16 9.04649e-18
 1131 2.22045e-16 -1.32226e-16 9.04392e-18
 1132 0 -1.32109e-16 9.03668e-18
 1133 0 -1.31992e-16 9.02946e-18
 1134 2.22045e-16 -1.3168e-16 9.02689e-18
 1135 0 -1.31564e-16 9.01968e-18
 1136 0 -1.31448e-16 9.01248e-18
 1137 2.22045e-16 -1.31137e-16 9.00992e-18
 1138 0 -1.31022e-16 9.00273e-18
 1139 0 -1.30907e-16 8.99556e-18
 1140 0 -1.30792e-16 8.9884e-18
 1141 0 -1.30677e-16 8.98125e-18
 1142 -4.44089e-16 -1.30952e-16 8.97758e-18
 1143 -4.44089e-16 -1.31226e-16 8.9739e-18
 1144 -1.11022e-16 -1.31208e-16 8.96607e-18
 1145 -1.11022e-16 -1.31191e-16 8.95826e-18
 1146 2.22045e-16 -1.30882e-16 8.95574e-18
 1147 2.22045e-16 -1.30575e-16 8.95322e-18
 1148 -4.44089e-16 -1.30848e-16 8.94959e-18
 1149 -8.88178e-16 -1.31507e-16 8.96605e-18
 1150 2.22045e-16 -1.31199e-16 8.96353e-18
 1151 0 -1.31085e-16 8.95646e-18
 1152 2.22045e-16 -1.30779e-16 8.95393e-18
 1153 0 -1.30665e-16 8.94688e-18
 1154 -4.44089e-16 -1.30937e-16 8.94325e-18
 1155 -4.44089e-16 -1.31208e-16 8.93962e-18
 1156 -1.11022e-16 -1.31191e-16 8.9319e-18
 1157 -4.44089e-16 -1.31461e-16 8.92827e-18
 1158 -4.44089e-16 -1.31731e-16 8.92464e-18
 1159 0 -1.31617e-16 8.91766e-18
 1160 -8.88178e-16 -1.3227e-16 8.93381e-18
 1161 0 -1.32156e-16 8.92684e-18
 1162 2.22045e-16 -1.31851e-16 8.92436e-18
 1163 0 -1.31738e-16 8.9174e-18
 1164 2.22045e-16 -1.31434e-16 8.91492e-18
 1165 -1.11022e-16 -1.31416e-16 8.90728e-18
 1166 -1.11022e-16 -1.31399e-16 8.89966e-18
 1167 -1.11022e-16 -1.31381e-16 8.89205e-18
 1168 -1.11022e-16 -1.31364e-16 8.88445e-18
 1169 2.22045e-16 -1.31061e-16 8.88199e-18
 1170 0 -1.30949e-16 8.8751e-18
 1171 0 -1.30838e-16 8.86823e-18
 1172 0 -1.30726e-16 8.86136e-18
 1173 2.22045e-16 -1.30425e-16 8.85891e-18
 1174 2.22045e-16 -1.30125e-16 8.85645e-18
 1175 -4.44089e-16 -1.30392e-16 8.85294e-18
 1176 0 -1.30281e-16 8.84611e-18
 1177 2.22045e-16 -1.29982e-16 8.84365e-18
 1178 2.22045e-16 -1.29683e-16 8.8412e-18
 1179 -4.44089e-16 -1.2995e-16 8.83772e-18
 1180 -1.11022e-16 -1.29934e-16 8.83024e-18
 1181 0 -1.29824e-16 8.82344e-18
 1182 -4.44089e-16 -1.3009e-16 8.81999e-18
 1183 2.22045e-16 -1.29792e-16 8.81755e-18
 1184 0 -1.29682e-16 8.81078e-18
 1185 -4.44089e-16 -1.29948e-16 8.80734e-18
 1186 -1.11022e-16 -1.29932e-16 8.79993e-18
 1187 2.22045e-16 -1.29635e-16 8.79751e-18
 1188 -4.44089e-16 -1.299e-16 8.79409e-18
 1189 -4.44089e-16 -1.30164e-16 8.79066e-18
 1190 0 -1.30055e-16 8.78395e-18
 1191 -4.44089e-16 -1.30318e-16 8.78053e-18
 1192 0 -1.30209e-16 8.77384e-18
 1193 0 -1.301e-16 8.76717e-18
 1194 2.22045e-16 -1.29805e-16 8.76478e-18
 1195 0 -1.29696e-16 8.75812e-18
 1196 -1.11022e-16 -1.29681e-16 8.75081e-18
 1197 0 -1.29572e-16 8.74416e-18
 1198 2.22045e-16 -1.29279e-16 8.74179e-18
 1199 2.22045e-16 -1.28986e-16 8.73941e-18
 1200 -4.44089e-16 -1.29248e-16 8.73607e-18
 1201 -8.88178e-16 -1.2988e-16 8.75164e-18
 1202 -4.44089e-16 -1.30142e-16 8.74826e-18
 1203 -4.44089e-16 -1.30403e-16 8.74488e-18
 1204 -4.44089e-16 -1.30663e-16 8.7415e-18
 1205 0 -1.30555e-16 8.73491e-18
 1206 0 -1.30447e-16 8.72834e-18
 1207 2.22045e-16 -1.30155e-16 8.72599e-18
 1208 0 -1.30047e-16 8.71943e-18
 1209 2.22045e-16 -1.29756e-16 8.71708e-18
 1210 2.22045e-16 -1.29465e-16 8.71473e-18
 1211 -1.11022e-16 -1.2945e-16 8.70754e-18
 1212 -4.44089e-16 -1.29709e-16 8.70423e-18
 1213 2.22045e-16 -1.29419e-16 8.70188e-18
 1214 2.22045e-16 -1.2913e-16 8.69953e-18
 1215 0 -1.29023e-16 8.69301e-18
 1216 0 -1.28917e-16 8.68651e-18
 1217 0 -1.28811e-16 8.68002e-18
 1218 0 -1.28706e-16 8.67353e-18
 1219 -4.44089e-16 -1.28964e-16 8.67028e-18
 1220 -4.44089e-16 -1.29223e-16 8.66702e-18
 1221 0 -1.29117e-16 8.66056e-18
 1222 -4.44089e-16 -1.29375e-16 8.65731e-18
 1223 -8.88178e-16 -1.29995e-16 8.67245e-18
 1224 0 -1.29889e-16 8.66601e-18
 1225 0 -1.29783e-16 8.65958e-18
 1226 2.22045e-16 -1.29496e-16 8.65728e-18
 1227 0 -1.2939e-16 8.65086e-18
 1228 2.22045e-16 -1.29104e-16 8.64855e-18
 1229 0 -1.28999e-16 8.64215e-18
 1230 0 -1.28894e-16 8.63576e-18
 1231 -4.44089e-16 -1.2915e-16 8.63254e-18
 1232 0 -1.29045e-16 8.62616e-18
 1233 0 -1.28941e-16 8.6198e-18
 1234 0 -1.28836e-16 8.61345e-18
 1235 0 -1.28732e-16 8.6071e-18
 1236 0 -1.28628e-16 8.60076e-18
 1237 -4.44089e-16 -1.28883e-16 8.59759e-18
 1238 0 -1.28779e-16 8.59127e-18
 1239 2.22045e-16 -1.28496e-16 8.58901e-18
 1240 0 -1.28392e-16 8.5827e-18
 1241 -4.44089e-16 -1.28646e-16 8.57956e-18
 1242 2.22045e-16 -1.28364e-16 8.57729e-18
 1243 0 -1.28261e-16 8.57101e-18
 1244 0 -1.28158e-16 8.56474e-18
 1245 -4.44089e-16 -1.28411e-16 8.56162e-18
 1246 -4.44089e-16 -1.28665e-16 8.5585e-18
 1247 -4.44089e-16 -1.28918e-16 8.55537e-18
 1248 0 -1.28814e-16 8.54914e-18
 1249 -4.44089e-16 -1.29067e-16 8.54602e-18
 1250 0 -1.28964e-16 8.5398e-18
 1251 0 -1.2886e-16 8.5336e-18
 1252 0 -1.28757e-16 8.5274e-18
 1253 2.22045e-16 -1.28478e-16 8.52519e-18
 1254 0 -1.28375e-16 8.519e-18
 1255 -4.44089e-16 -1.28627e-16 8.51593e-18
 1256 0 -1.28524e-16 8.50976e-18
 1257 -4.44089e-16 -1.28775e-16 8.5067e-18
 1258 -4.44089e-16 -1.29026e-16 8.50363e-18
 1259 0 -1.28923e-16 8.49749e-18
 1260 2.22045e-16 -1.28645e-16 8.49531e-18
 1261 0 -1.28543e-16 8.48918e-18
 1262 2.22045e-16 -1.28265e-16 8.487e-18
 1263 -4.44089e-16 -1.28515e-16 8.48396e-18
 1264 -4.44089e-16 -1.28765e-16 8.48092e-18
 1265 0 -1.28663e-16 8.47483e-18
 1266 -4.44089e-16 -1.28912e-16 8.4718e-18
 1267 -1.11022e-16 -1.28898e-16 8.46512e-18
 1268 2.22045e-16 -1.28621e-16 8.46297e-18
 1269 -1.11022e-16 -1.28607e-16 8.45631e-18
 1270 0 -1.28506e-16 8.45025e-18
 1271 2.22045e-16 -1.2823e-16 8.44811e-18
 1272 -1.11022e-16 -1.28217e-16 8.44147e-18
 1273 -4.44089e-16 -1.28465e-16 8.43849e-18
 1274 0 -1.28364e-16 8.43246e-18
 1275 2.22045e-16 -1.28089e-16 8.43033e-18
 1276 2.22045e-16 -1.27815e-16 8.42819e-18
 1277 -1.11022e-16 -1.27802e-16 8.42159e-18
 1278 0 -1.27702e-16 8.4156e-18
 1279 0 -1.27602e-16 8.40961e-18
 1280 -4.44089e-16 -1.27849e-16 8.40667e-18
 1281 0 -1.27749e-16 8.4007e-18
 1282 0 -1.2765e-16 8.39473e-18
 1283 -1.11022e-16 -1.27637e-16 8.3882e-18
 1284 0 -1.27537e-16 8.38225e-18
 1285 2.22045e-16 -1.27265e-16 8.38014e-18
 1286 2.22045e-16 -1.26994e-16 8.37803e-18
 1287 -1.11022e-16 -1.26981e-16 8.37153e-18
 1288 0 -1.26883e-16 8.36561e-18
 1289 0 -1.26784e-16 8.35969e-18
 1290 -1.11022e-16 -1.26772e-16 8.35322e-18
 1291 -4.44089e-16 -1.27018e-16 8.35036e-18
 1292 0 -1.26919e-16 8.34448e-18
 1293 -4.44089e-16 -1.27165e-16 8.34163e-18
 1294 -4.44089e-16 -1.2741e-16 8.33878e-18
 1295 0 -1.27311e-16 8.33292e-18
 1296 0 -1.27213e-16 8.32706e-18
 1297 0 -1.27115e-16 8.32122e-18
 1298 0 -1.27017e-16 8.31538e-18
 1299 -4.44089e-16 -1.27261e-16 8.31256e-18
 1300 -4.44089e-16 -1.27505e-16 8.30974e-18
 1301 1.77636e-15 -1.26041e-16 8.43132e-18
 1302 0 -1.25945e-16 8.4254e-18
 1303 0 -1.25848e-16 8.41948e-18
 1304 0 -1.25751e-16 8.41358e-18
 1305 0 -1.25655e-16 8.40768e-18
 1306 0 -1.25559e-16 8.40179e-18
 1307 2.22045e-16 -1.25293e-16 8.39957e-18
 1308 0 -1.25197e-16 8.39369e-18
 1309 -4.44089e-16 -1.25441e-16 8.39082e-18
 1310 -1.11022e-16 -1.2543e-16 8.38442e-18
 1311 0 -1.25334e-16 8.37856e-18
 1312 0 -1.25239e-16 8.37272e-18
 1313 -1.11022e-16 -1.25228e-16 8.36635e-18
 1314 -1.11022e-16 -1.25217e-16 8.35999e-18
 1315 0 -1.25122e-16 8.35417e-18
 1316 0 -1.25027e-16 8.34836e-18
 1317 0 -1.24932e-16 8.34256e-18
 1318 2.22045e-16 -1.24668e-16 8.34038e-18
 1319 0 -1.24574e-16 8.33459e-18
 1320 0 -1.2448e-16 8.32881e-18
 1321 0 -1.24385e-16 8.32304e-18
 1322 -1.11022e-16 -1.24375e-16 8.31675e-18
 1323 -1.11022e-16 -1.24365e-16 8.31046e-18
 1324 0 -1.24271e-16 8.30471e-18
 1325 0 -1.24177e-16 8.29897e-18
 1326 0 -1.24084e-16 8.29324e-18
 1327 2.22045e-16 -1.23823e-16 8.29109e-18
 1328 -4.44089e-16 -1.24064e-16 8.28836e-18
 1329 -1.11022e-16 -1.24054e-16 8.28212e-18
 1330 2.22045e-16 -1.23794e-16 8.27999e-18
 1331 2.22045e-16 -1.23534e-16 8.27784e-18
 1332 0 -1.23441e-16 8.27214e-18
 1333 0 -1.23349e-16 8.26646e-18
 1334 0 -1.23256e-16 8.26077e-18
 1335 -4.44089e-16 -1.23497e-16 8.25808e-18
 1336 2.22045e-16 -1.23238e-16 8.25595e-18
 1337 0 -1.23146e-16 8.25029e-18
 1338 0 -1.23054e-16 8.24463e-18
 1339 -4.44089e-16 -1.23294e-16 8.24196e-18
 1340 -8.88178e-16 -1.23864e-16 8.25557e-18
 1341 0 -1.23772e-16 8.24992e-18
 1342 0 -1.2368e-16 8.24429e-18
 1343 -8.88178e-16 -1.24249e-16 8.25779e-18
 1344 -4.44089e-16 -1.24487e-16 8.25508e-18
 1345 0 -1.24395e-16 8.24946e-18
 1346 0 -1.24302e-16 8.24384e-18
 1347 0 -1.2421e-16 8.23824e-18
 1348 0 -1.24118e-16 8.23264e-18
 1349 0 -1.24026e-16 8.22705e-18
 1350 1.77636e-15 -1.22618e-16 8.3406e-18
 1351 -4.44089e-16 -1.22856e-16 8.33782e-18
 1352 0 -1.22765e-16 8.33215e-18
 1353 -4.44089e-16 -1.23003e-16 8.32938e-18
 1354 -4.44089e-16 -1.2324e-16 8.3266e-18
 1355 0 -1.23149e-16 8.32095e-18
 1356 -1.11022e-16 -1.2314e-16 8.31481e-18
 1357 2.22045e-16 -1.22885e-16 8.31258e-18
 1358 2.22045e-16 -1.22631e-16 8.31034e-18
 1359 2.22045e-16 -1.22378e-16 8.30809e-18
 1360 2.22045e-16 -1.22125e-16 8.30584e-18
 1361 0 -1.22035e-16 8.30022e-18
 1362 0 -1.21945e-16 8.29461e-18
 1363 2.22045e-16 -1.21693e-16 8.29236e-18
 1364 0 -1.21604e-16 8.28676e-18
 1365 -4.44089e-16 -1.2184e-16 8.28406e-18
 1366 2.22045e-16 -1.21588e-16 8.28182e-18
 1367 0 -1.21499e-16 8.27624e-18
 1368 2.22045e-16 -1.21248e-16 8.274e-18
 1369 0 -1.21159e-16 8.26842e-18
 1370 -4.44089e-16 -1.21395e-16 8.26575e-18
 1371 0 -1.21307e-16 8.26019e-18
 1372 0 -1.21218e-16 8.25464e-18
 1373 -4.44089e-16 -1.21453e-16 8.25198e-18
 1374 0 -1.21365e-16 8.24645e-18
 1375 0 -1.21277e-16 8.24092e-18
 1376 -4.44089e-16 -1.21511e-16 8.23827e-18
 1377 -4.44089e-16 -1.21746e-16 8.23562e-18
 1378 2.22045e-16 -1.21496e-16 8.23342e-18
 1379 0 -1.21408e-16 8.22792e-18
 1380 0 -1.2132e-16 8.22242e-18
 1381 0 -1.21232e-16 8.21694e-18
 1382 -1.11022e-16 -1.21225e-16 8.21099e-18
 1383 2.22045e-16 -1.20977e-16 8.20881e-18
 1384 -8.88178e-16 -1.21531e-16 8.22158e-18
 1385 0 -1.21443e-16 8.21611e-18
 1386 -4.44089e-16 -1.21676e-16 8.21348e-18
 1387 2.22045e-16 -1.21428e-16 8.2113e-18
 1388 -1.11022e-16 -1.21421e-16 8.20538e-18
 1389 -1.11022e-16 -1.21413e-16 8.19948e-18
 1390 0 -1.21326e-16 8.19404e-18
 1391 -8.88178e-16 -1.21877e-16 8.20669e-18
 1392 0 -1.2179e-16 8.20126e-18
 1393 0 -1.21702e-16 8.19583e-18
 1394 2.22045e-16 -1.21456e-16 8.19366e-18
 1395 0 -1.21368e-16 8.18825e-18
 1396 0 -1.21282e-16 8.18285e-18
 1397 0 -1.21195e-16 8.17745e-18
 1398 0 -1.21108e-16 8.17206e-18
 1399 0 -1.21021e-16 8.16667e-18
 1400 -4.44089e-16 -1.21252e-16 8.1641e-18
 1401 -4.44089e-16 -1.21483e-16 8.16152e-18
 1402 -4.44089e-16 -1.21713e-16 8.15894e-18
 1403 -4.44089e-16 -1.21943e-16 8.15636e-18
 1404 0 -1.21856e-16 8.15101e-18
 1405 -4.44089e-16 -1.22085e-16 8.14844e-18
 1406 2.22045e-16 -1.2184e-16 8.14632e-18
 1407 0 -1.21754e-16 8.14099e-18
 1408 0 -1.21667e-16 8.13566e-18
 1409 -8.88178e-16 -1.22211e-16 8.14807e-18
 1410 0 -1.22125e-16 8.14275e-18
 1411 2.22045e-16 -1.21881e-16 8.14063e-18
 1412 0 -1.21794e-16 8.13532e-18
 1413 0 -1.21708e-16 8.13002e-18
 1414 0 -1.21622e-16 8.12472e-18
 1415 0 -1.21536e-16 8.11943e-18
 1416 2.22045e-16 -1.21293e-16 8.11733e-18
 1417 -8.88178e-16 -1.21835e-16 8.12963e-18
 1418 0 -1.21749e-16 8.12435e-18
 1419 0 -1.21663e-16 8.11907e-18
 1420 -1.11022e-16 -1.21655e-16 8.11336e-18
 1421 -1.11022e-16 -1.21648e-16 8.10765e-18
 1422 -1.11022e-16 -1.2164e-16 8.10195e-18
 1423 -1.11022e-16 -1.21633e-16 8.09626e-18
 1424 0 -1.21548e-16 8.09102e-18
 1425 0 -1.21462e-16 8.08579e-18
 1426 2.22045e-16 -1.21221e-16 8.08371e-18
 1427 0 -1.21136e-16 8.07849e-18
 1428 -8.88178e-16 -1.21674e-16 8.09068e-18
 1429 -8.88178e-16 -1.2221e-16 8.10279e-18
 1430 -1.11022e-16 -1.22202e-16 8.09713e-18
 1431 2.22045e-16 -1.21962e-16 8.09504e-18
 1432 -1.11022e-16 -1.21954e-16 8.08939e-18
 1433 -1.11022e-16 -1.21946e-16 8.08375e-18
 1434 0 -1.21861e-16 8.07855e-18
 1435 0 -1.21776e-16 8.07337e-18
 1436 -4.44089e-16 -1.22001e-16 8.07087e-18
 1437 2.22045e-16 -1.21761e-16 8.0688e-18
 1438 -4.44089e-16 -1.21986e-16 8.0663e-18
 1439 -8.88178e-16 -1.22518e-16 8.07826e-18
 1440 -1.11022e-16 -1.2251e-16 8.07265e-18
 1441 2.22045e-16 -1.22271e-16 8.07059e-18
 1442 0 -1.22186e-16 8.06544e-18
 1443 -4.44089e-16 -1.22409e-16 8.06293e-18
 1444 0 -1.22324e-16 8.0578e-18
 1445 -4.44089e-16 -1.22547e-16 8.0553e-18
 1446 -4.44089e-16 -1.22769e-16 8.05279e-18
 1447 0 -1.22685e-16 8.04767e-18
 1448 2.22045e-16 -1.22447e-16 8.04564e-18
 1449 -4.44089e-16 -1.22669e-16 8.04315e-18
 1450 0 -1.22584e-16 8.03804e-18
 1451 0 -1.22499e-16 8.03294e-18
 1452 -1.11022e-16 -1.22492e-16 8.02741e-18
 1453 -4.44089e-16 -1.22713e-16 8.02494e-18
 1454 0 -1.22628e-16 8.01986e-18
 1455 -8.88178e-16 -1.23155e-16 8.0316e-18
 1456 -4.44089e-16 -1.23375e-16 8.02911e-18
 1457 -4.44089e-16 -1.23595e-16 8.02662e-18
 1458 0 -1.2351e-16 8.02156e-18
 1459 0 -1.23426e-16 8.0165e-18
 1460 2.22045e-16 -1.23189e-16 8.01451e-18
 1461 0 -1.23105e-16 8.00946e-18
 1462 0 -1.23021e-16 8.00442e-18
 1463 0 -1.22937e-16 7.99939e-18
 1464 2.22045e-16 -1.22701e-16 7.9974e-18
 1465 -1.11022e-16 -1.22693e-16 7.99194e-18
 1466 -4.44089e-16 -1.22912e-16 7.9895e-18
 1467 -1.11022e-16 -1.22904e-16 7.98405e-18
 1468 -8.88178e-16 -1.23425e-16 7.99563e-18
 1469 0 -1.23341e-16 7.99062e-18
 1470 -4.44089e-16 -1.2356e-16 7.98817e-18
 1471 0 -1.23476e-16 7.98318e-18
 1472 2.22045e-16 -1.23241e-16 7.9812e-18
 1473 2.22045e-16 -1.23006e-16 7.97923e-18
 1474 2.22045e-16 -1.22772e-16 7.97725e-18
 1475 2.22045e-16 -1.22539e-16 7.97526e-18
 1476 -4.44089e-16 -1.22756e-16 7.97284e-18
 1477 0 -1.22673e-16 7.96787e-18
 1478 2.22045e-16 -1.2244e-16 7.96589e-18
 1479 -1.11022e-16 -1.22432e-16 7.96051e-18
 1480 0 -1.2235e-16 7.95556e-18
 1481 2.22045e-16 -1.22117e-16 7.95358e-18
 1482 -4.44089e-16 -1.22334e-16 7.95118e-18
 1483 2.22045e-16 -1.22102e-16 7.94921e-18
 1484 2.22045e-16 -1.2187e-16 7.94724e-18
 1485 0 -1.21788e-16 7.94231e-18
 1486 0 -1.21706e-16 7.93739e-18
 1487 -4.44089e-16 -1.21923e-16 7.93501e-18
 1488 -4.44089e-16 -1.22139e-16 7.93263e-18
 1489 -8.88178e-16 -1.22654e-16 7.94398e-18
 1490 0 -1.22572e-16 7.93907e-18
 1491 2.22045e-16 -1.2234e-16 7.93711e-18
 1492 2.22045e-16 -1.2211e-16 7.93515e-18
 1493 0 -1.22028e-16 7.93025e-18
 1494 -1.11022e-16 -1.2202e-16 7.92494e-18
 1495 0 -1.21939e-16 7.92006e-18
 1496 -4.44089e-16 -1.22154e-16 7.9177e-18
 1497 0 -1.22073e-16 7.91283e-18
 1498 0 -1.21991e-16 7.90796e-18
 1499 -1.11022e-16 -1.21984e-16 7.90269e-18
 1500 0 -1.21902e-16 7.89784e-18
 1501 0 -1.21821e-16 7.89299e-18
 1502 2.22045e-16 -1.21592e-16 7.89105e-18
 1503 0 -1.21511e-16 7.88622e-18
 1504 -1.11022e-16 -1.21504e-16 7.88098e-18
 1505 2.22045e-16 -1.21276e-16 7.87904e-18
 1506 -1.11022e-16 -1.21269e-16 7.87381e-18
 1507 2.22045e-16 -1.21042e-16 7.87188e-18
 1508 0 -1.20961e-16 7.86707e-18
 1509 0 -1.20881e-16 7.86227e-18
 1510 -8.88178e-16 -1.21389e-16 7.87347e-18
 1511 -4.44089e-16 -1.21603e-16 7.87116e-18
 1512 0 -1.21522e-16 7.86636e-18
 1513 -8.88178e-16 -1.22029e-16 7.87747e-18
 1514 -4.44089e-16 -1.22242e-16 7.87514e-18
 1515 0 -1.22161e-16 7.87036e-18
 1516 -4.44089e-16 -1.22374e-16 7.86803e-18
 1517 -4.44089e-16 -1.22586e-16 7.8657e-18
 1518 0 -1.22505e-16 7.86093e-18
 1519 0 -1.22424e-16 7.85617e-18
 1520 0 -1.22344e-16 7.85141e-18
 1521 -4.44089e-16 -1.22555e-16 7.8491e-18
 1522 -4.44089e-16 -1.22766e-16 7.84679e-18
 1523 0 -1.22686e-16 7.84205e-18
 1524 2.22045e-16 -1.2246e-16 7.84016e-18
 1525 2.22045e-16 -1.22234e-16 7.83828e-18
 1526 -1.11022e-16 -1.22226e-16 7.83314e-18
 1527 -4.44089e-16 -1.22437e-16 7.83085e-18
 1528 0 -1.22357e-16 7.82613e-18
 1529 -8.88178e-16 -1.22858e-16 7.83703e-18
 1530 -4.44089e-16 -1.23068e-16 7.83472e-18
 1531 2.22045e-16 -1.22842e-16 7.83285e-18
 1532 -8.88178e-16 -1.23342e-16 7.84366e-18
 1533 0 -1.23262e-16 7.83895e-18
 1534 0 -1.23181e-16 7.83425e-18
 1535 0 -1.23101e-16 7.82956e-18
 1536 0 -1.23021e-16 7.82487e-18
 1537 0 -1.22941e-16 7.82019e-18
 1538 -1.11022e-16 -1.22933e-16 7.8151e-18
 1539 -4.44089e-16 -1.23142e-16 7.81281e-18
 1540 -4.44089e-16 -1.2335e-16 7.81052e-18
 1541 -4.44089e-16 -1.23558e-16 7.80822e-18
 1542 2.22045e-16 -1.23334e-16 7.80637e-18
 1543 -4.44089e-16 -1.23542e-16 7.80408e-18
 1544 -4.44089e-16 -1.2375e-16 7.80179e-18
 1545 -4.44089e-16 -1.23957e-16 7.79949e-18
 1546 2.22045e-16 -1.23733e-16 7.79766e-18
 1547 0 -1.23653e-16 7.79303e-18
 1548 0 -1.23573e-16 7.7884e-18
 1549 0 -1.23493e-16 7.78378e-18
 1550 -4.44089e-16 -1.237e-16 7.78151e-18
 1551 -4.44089e-16 -1.23907e-16 7.77923e-18
 1552 -4.44089e-16 -1.24113e-16 7.77695e-18
 1553 0 -1.24033e-16 7.77236e-18
 1554 -4.44089e-16 -1.24239e-16 7.77008e-18
 1555 0 -1.24159e-16 7.7655e-18
 1556 0 -1.2408e-16 7.76091e-18
 1557 0 -1.24e-16 7.75634e-18
 1558 0 -1.2392e-16 7.75177e-18
 1559 -4.44089e-16 -1.24126e-16 7.74951e-18
 1560 0 -1.24046e-16 7.74495e-18
 1561 0 -1.23967e-16 7.7404e-18
 1562 -1.11022e-16 -1.23958e-16 7.73545e-18
 1563 2.22045e-16 -1.23737e-16 7.73366e-18
 1564 -4.44089e-16 -1.23942e-16 7.73143e-18
 1565 -4.44089e-16 -1.24146e-16 7.7292e-18
 1566 -1.11022e-16 -1.24138e-16 7.72426e-18
 1567 -1.11022e-16 -1.2413e-16 7.71934e-18
 1568 -1.11022e-16 -1.24121e-16 7.71442e-18
 1569 -4.44089e-16 -1.24325e-16 7.7122e-18
 1570 2.22045e-16 -1.24105e-16 7.71044e-18
 1571 0 -1.24026e-16 7.70593e-18
 1572 0 -1.23947e-16 7.70143e-18
 1573 -4.44089e-16 -1.2415e-16 7.69923e-18
 1574 -4.44089e-16 -1.24353e-16 7.69702e-18
 1575 0 -1.24274e-16 7.69254e-18
 1576 -8.88178e-16 -1.24759e-16 7.70292e-18
 1577 -4.44089e-16 -1.24962e-16 7.7007e-18
 1578 0 -1.24883e-16 7.69622e-18
 1579 -4.44089e-16 -1.25085e-16 7.694e-18
 1580 0 -1.25005e-16 7.68954e-18
 1581 0 -1.24926e-16 7.68508e-18
 1582 -4.44089e-16 -1.25128e-16 7.68287e-18
 1583 0 -1.25049e-16 7.67842e-18
 1584 0 -1.2497e-16 7.67398e-18
 1585 0 -1.24891e-16 7.66954e-18
 1586 -4.44089e-16 -1.25093e-16 7.66735e-18
 1587 0 -1.25014e-16 7.66292e-18
 1588 0 -1.24935e-16 7.6585e-18
 1589 0 -1.24856e-16 7.65408e-18
 1590 -4.44089e-16 -1.25057e-16 7.6519e-18
 1591 0 -1.24979e-16 7.64749e-18
 1592 0 -1.249e-16 7.64309e-18
 1593 -1.11022e-16 -1.24891e-16 7.63829e-18
 1594 2.22045e-16 -1.24674e-16 7.6366e-18
 1595 -4.44089e-16 -1.24874e-16 7.63444e-18
 1596 -4.44089e-16 -1.25074e-16 7.63228e-18
 1597 0 -1.24996e-16 7.6279e-18
 1598 0 -1.24917e-16 7.62352e-18
 1599 0 -1.24839e-16 7.61916e-18
 1600 -1.11022e-16 -1.24831e-16 7.6144e-18
 1601 0 -1.24753e-16 7.61004e-18
 1602 2.22045e-16 -1.24536e-16 7.60837e-18
 1603 -4.44089e-16 -1.24736e-16 7.60623e-18
 1604 2.22045e-16 -1.24519e-16 7.60456e-18
 1605 0 -1.24442e-16 7.60022e-18
 1606 -4.44089e-16 -1.24641e-16 7.59809e-18
 1607 0 -1.24563e-16 7.59376e-18
 1608 0 -1.24486e-16 7.58943e-18
 1609 -4.44089e-16 -1.24684e-16 7.58731e-18
 1610 -4.44089e-16 -1.24883e-16 7.58519e-18
 1611 -1.11022e-16 -1.24874e-16 7.58049e-18
 1612 -4.44089e-16 -1.25072e-16 7.57837e-18
 1613 2.22045e-16 -1.24857e-16 7.57673e-18
 1614 0 -1.2478e-16 7.57243e-18
 1615 -1.11022e-16 -1.24771e-16 7.56774e-18
 1616 -4.44089e-16 -1.24969e-16 7.56564e-18
 1617 0 -1.24892e-16 7.56135e-18
 1618 -1.11022e-16 -1.24883e-16 7.55668e-18
 1619 -1.11022e-16 -1.24874e-16 7.55202e-18
 1620 -4.44089e-16 -1.25071e-16 7.54993e-18
 1621 -4.44089e-16 -1.25268e-16 7.54784e-18
 1622 0 -1.25191e-16 7.54358e-18
 1623 0 -1.25114e-16 7.53932e-18
 1624 -1.11022e-16 -1.25105e-16 7.53468e-18
 1625 -4.44089e-16 -1.25301e-16 7.5326e-18
 1626 2.22045e-16 -1.25088e-16 7.531e-18
 1627 2.22045e-16 -1.24875e-16 7.52939e-18
 1628 -4.44089e-16 -1.25071e-16 7.52732e-18
 1629 0 -1.24994e-16 7.52309e-18
 1630 -1.11022e-16 -1.24985e-16 7.51848e-18
 1631 0 -1.24909e-16 7.51426e-18
 1632 0 -1.24832e-16 7.51004e-18
 1633 -1.11022e-16 -1.24824e-16 7.50545e-18
 1634 0 -1.24747e-16 7.50124e-18
 1635 0 -1.24671e-16 7.49704e-18
 1636 -8.88178e-16 -1.25138e-16 7.50698e-18
 1637 -8.88178e-16 -1.25604e-16 7.51685e-18
 1638 0 -1.25527e-16 7.51266e-18
 1639 2.22045e-16 -1.25315e-16 7.51106e-18
 1640 -1.11022e-16 -1.25306e-16 7.50649e-18
 1641 2.22045e-16 -1.25095e-16 7.5049e-18
 1642 -1.11022e-16 -1.25086e-16 7.50033e-18
 1643 0 -1.2501e-16 7.49615e-18
 1644 -4.44089e-16 -1.25204e-16 7.4941e-18
 1645 0 -1.25128e-16 7.48993e-18
 1646 2.22045e-16 -1.24917e-16 7.48835e-18
 1647 2.22045e-16 -1.24706e-16 7.48677e-18
 1648 2.22045e-16 -1.24496e-16 7.48518e-18
 1649 -4.44089e-16 -1.2469e-16 7.48315e-18
 1650 -1.11022e-16 -1.24681e-16 7.47862e-18
 1651 -1.11022e-16 -1.24673e-16 7.47409e-18
 1652 0 -1.24598e-16 7.46995e-18
 1653 0 -1.24522e-16 7.46581e-18
 1654 -1.11022e-16 -1.24514e-16 7.4613e-18
 1655 0 -1.24439e-16 7.45717e-18
 1656 0 -1.24364e-16 7.45304e-18
 1657 0 -1.24289e-16 7.44892e-18
 1658 0 -1.24214e-16 7.44481e-18
 1659 -4.44089e-16 -1.24407e-16 7.44281e-18
 1660 -4.44089e-16 -1.24599e-16 7.44082e-18
 1661 -4.44089e-16 -1.24791e-16 7.43883e-18
 1662 0 -1.24716e-16 7.43473e-18
 1663 -4.44089e-16 -1.24908e-16 7.43274e-18
 1664 2.22045e-16 -1.247e-16 7.4312e-18
 1665 2.22045e-16 -1.24492e-16 7.42965e-18
 1666 2.22045e-16 -1.24284e-16 7.4281e-18
 1667 2.22045e-16 -1.24076e-16 7.42655e-18
 1668 -4.44089e-16 -1.24268e-16 7.42458e-18
 1669 -1.11022e-16 -1.2426e-16 7.42013e-18
 1670 2.22045e-16 -1.24052e-16 7.41859e-18
 1671 0 -1.23978e-16 7.41452e-18
 1672 0 -1.23904e-16 7.41045e-18
 1673 -4.44089e-16 -1.24095e-16 7.40849e-18
 1674 2.22045e-16 -1.23889e-16 7.40695e-18
 1675 -4.44089e-16 -1.2408e-16 7.405e-18
 1676 0 -1.24006e-16 7.40095e-18
 1677 0 -1.23932e-16 7.39691e-18
 1678 -4.44089e-16 -1.24123e-16 7.39496e-18
 1679 0 -1.24049e-16 7.39092e-18
 1680 2.22045e-16 -1.23843e-16 7.38939e-18
 1681 -4.44089e-16 -1.24033e-16 7.38745e-18
 1682 -4.44089e-16 -1.24224e-16 7.38551e-18
 1683 -4.44089e-16 -1.24414e-16 7.38357e-18
 1684 -1.11022e-16 -1.24406e-16 7.37919e-18
 1685 -4.44089e-16 -1.24595e-16 7.37725e-18
 1686 -4.44089e-16 -1.24785e-16 7.3753e-18
 1687 -4.44089e-16 -1.24974e-16 7.37336e-18
 1688 0 -1.249e-16 7.36936e-18
 1689 0 -1.24826e-16 7.36537e-18
 1690 0 -1.24752e-16 7.36138e-18
 1691 2.22045e-16 -1.24547e-16 7.35988e-18
 1692 -4.44089e-16 -1.24736e-16 7.35796e-18
 1693 0 -1.24662e-16 7.35398e-18
 1694 0 -1.24589e-16 7.35e-18
 1695 2.22045e-16 -1.24384e-16 7.34851e-18
 1696 -4.44089e-16 -1.24573e-16 7.3466e-18
 1697 -4.44089e-16 -1.24761e-16 7.34468e-18
 1698 -4.44089e-16 -1.24949e-16 7.34276e-18
 1699 2.22045e-16 -1.24745e-16 7.34128e-18
 1700 -1.11022e-16 -1.24737e-16 7.33697e-18
 1701 2.22045e-16 -1.24533e-16 7.33548e-18
 1702 2.22045e-16 -1.24329e-16 7.334e-18
 1703 0 -1.24256e-16 7.33006e-18
 1704 -1.11022e-16 -1.24249e-16 7.32576e-18
 1705 2.22045e-16 -1.24045e-16 7.32428e-18
 1706 2.22045e-16 -1.23843e-16 7.32279e-18
 1707 -4.44089e-16 -1.2403e-16 7.32091e-18
 1708 0 -1.23958e-16 7.31698e-18
 1709 -4.44089e-16 -1.24145e-16 7.3151e-18
 1710 -4.44089e-16 -1.24332e-16 7.31321e-18
 1711 2.22045e-16 -1.2413e-16 7.31174e-18
 1712 2.22045e-16 -1.23927e-16 7.31026e-18
 1713 0 -1.23855e-16 7.30635e-18
 1714 0 -1.23783e-16 7.30245e-18
 1715 2.22045e-16 -1.23581e-16 7.30097e-18
 1716 -1.11022e-16 -1.23574e-16 7.29672e-18
 1717 2.22045e-16 -1.23372e-16 7.29525e-18
 1718 2.22045e-16 -1.23171e-16 7.29377e-18
 1719 -4.44089e-16 -1.23358e-16 7.29192e-18
 1720 0 -1.23286e-16 7.28803e-18
 1721 0 -1.23215e-16 7.28414e-18
 1722 0 -1.23143e-16 7.28026e-18
 1723 2.22045e-16 -1.22943e-16 7.2788e-18
 1724 2.22045e-16 -1.22743e-16 7.27732e-18
 1725 2.22045e-16 -1.22543e-16 7.27585e-18
 1726 -4.44089e-16 -1.22729e-16 7.27402e-18
 1727 0 -1.22658e-16 7.27015e-18
 1728 -4.44089e-16 -1.22844e-16 7.26833e-18
 1729 -1.11022e-16 -1.22837e-16 7.26412e-18
 1730 2.22045e-16 -1.22638e-16 7.26266e-18
 1731 2.22045e-16 -1.22439e-16 7.26119e-18
 1732 -1.11022e-16 -1.22432e-16 7.257e-18
 1733 2.22045e-16 -1.22233e-16 7.25554e-18
 1734 -1.11022e-16 -1.22227e-16 7.25136e-18
 1735 -1.11022e-16 -1.22221e-16 7.24718e-18
 1736 2.22045e-16 -1.22022e-16 7.24572e-18
 1737 0 -1.21952e-16 7.24188e-18
 1738 2.22045e-16 -1.21754e-16 7.24042e-18
 1739 0 -1.21684e-16 7.2366e-18
 1740 -4.44089e-16 -1.21869e-16 7.23481e-18
 1741 -1.11022e-16 -1.21863e-16 7.23066e-18
 1742 0 -1.21793e-16 7.22684e-18
 1743 2.22045e-16 -1.21596e-16 7.22539e-18
 1744 2.22045e-16 -1.21399e-16 7.22393e-18
 1745 0 -1.21329e-16 7.22013e-18
 1746 -4.44089e-16 -1.21514e-16 7.21836e-18
 1747 -8.88178e-16 -1.21953e-16 7.22756e-18
 1748 0 -1.21883e-16 7.22376e-18
 1749 2.22045e-16 -1.21687e-16 7.22231e-18
 1750 0 -1.21617e-16 7.21851e-18
 1751 -4.44089e-16 -1.21801e-16 7.21674e-18
 1752 0 -1.21732e-16 7.21295e-18
 1753 -4.44089e-16 -1.21916e-16 7.21118e-18
 1754 0 -1.21846e-16 7.20741e-18
 1755 0 -1.21777e-16 7.20363e-18
 1756 0 -1.21707e-16 7.19986e-18
 1757 0 -1.21638e-16 7.1961e-18
 1758 -4.44089e-16 -1.21821e-16 7.19434e-18
 1759 0 -1.21752e-16 7.19058e-18
 1760 -4.44089e-16 -1.21935e-16 7.18883e-18
 1761 -4.44089e-16 -1.22118e-16 7.18708e-18
 1762 0 -1.22049e-16 7.18333e-18
 1763 0 -1.2198e-16 7.17959e-18
 1764 0 -1.21911e-16 7.17585e-18
 1765 2.22045e-16 -1.21716e-16 7.17443e-18
 1766 0 -1.21647e-16 7.1707e-18
 1767 2.22045e-16 -1.21452e-16 7.16928e-18
 1768 2.22045e-16 -1.21258e-16 7.16785e-18
 1769 -1.11022e-16 -1.21252e-16 7.1638e-18
 1770 2.22045e-16 -1.21058e-16 7.16238e-18
 1771 0 -1.2099e-16 7.15866e-18
 1772 0 -1.20922e-16 7.15495e-18
 1773 2.22045e-16 -1.20728e-16 7.15353e-18
 1774 -4.44089e-16 -1.2091e-16 7.15182e-18
 1775 -1.11022e-16 -1.20905e-16 7.14779e-18
 1776 -4.44089e-16 -1.21087e-16 7.14608e-18
 1777 -1.11022e-16 -1.21081e-16 7.14206e-18
 1778 0 -1.21013e-16 7.13837e-18
 1779 -8.88178e-16 -1.21444e-16 7.14737e-18
 1780 0 -1.21376e-16 7.14368e-18
 1781 0 -1.21308e-16 7.14e-18
 1782 0 -1.2124e-16 7.13631e-18
 1783 0 -1.21172e-16 7.13263e-18
 1784 0 -1.21104e-16 7.12896e-18
 1785 0 -1.21036e-16 7.12529e-18
 1786 0 -1.20968e-16 7.12162e-18
 1787 2.22045e-16 -1.20776e-16 7.12022e-18
 1788 0 -1.20709e-16 7.11656e-18
 1789 -1.11022e-16 -1.20703e-16 7.11258e-18
 1790 0 -1.20636e-16 7.10892e-18
 1791 0 -1.20569e-16 7.10527e-18
 1792 0 -1.20501e-16 7.10163e-18
 1793 -4.44089e-16 -1.20682e-16 7.09996e-18
 1794 0 -1.20615e-16 7.09632e-18
 1795 -4.44089e-16 -1.20795e-16 7.09465e-18
 1796 0 -1.20727e-16 7.09102e-18
 1797 -1.11022e-16 -1.20722e-16 7.08708e-18
 1798 0 -1.20655e-16 7.08345e-18
 1799 2.22045e-16 -1.20464e-16 7.08208e-18
 1800 -1.11022e-16 -1.20459e-16 7.07814e-18
 1801 2.22045e-16 -1.20269e-16 7.07677e-18
 1802 -1.11022e-16 -1.20264e-16 7.07284e-18
 1803 0 -1.20197e-16 7.06923e-18
 1804 2.22045e-16 -1.20007e-16 7.06786e-18
 1805 0 -1.19941e-16 7.06425e-18
 1806 0 -1.19875e-16 7.06065e-18
 1807 0 -1.19808e-16 7.05706e-18
 1808 -4.44089e-16 -1.19988e-16 7.05543e-18
 1809 -4.44089e-16 -1.20167e-16 7.05381e-18
 1810 0 -1.201e-16 7.05022e-18
 1811 -4.44089e-16 -1.20279e-16 7.0486e-18
 1812 -4.44089e-16 -1.20458e-16 7.04697e-18
 1813 0 -1.20392e-16 7.0434e-18
 1814 0 -1.20325e-16 7.03983e-18
 1815 2.22045e-16 -1.20137e-16 7.03848e-18
 1816 2.22045e-16 -1.19948e-16 7.03712e-18
 1817 0 -1.19882e-16 7.03356e-18
 1818 2.22045e-16 -1.19694e-16 7.0322e-18
 1819 0 -1.19628e-16 7.02864e-18
 1820 -1.11022e-16 -1.19623e-16 7.02478e-18
 1821 -1.11022e-16 -1.19619e-16 7.02093e-18
 1822 -4.44089e-16 -1.19797e-16 7.01933e-18
 1823 0 -1.19731e-16 7.01579e-18
 1824 0 -1.19665e-16 7.01225e-18
 1825 2.22045e-16 -1.19478e-16 7.0109e-18
 1826 -1.11022e-16 -1.19474e-16 7.00707e-18
 1827 -1.11022e-16 -1.19469e-16 7.00323e-18
 1828 -4.44089e-16 -1.19647e-16 7.00165e-18
 1829 0 -1.19581e-16 6.99813e-18
 1830 0 -1.19516e-16 6.99461e-18
 1831 0 -1.19451e-16 6.99109e-18
 1832 0 -1.19385e-16 6.98758e-18
 1833 -8.88178e-16 -1.19805e-16 6.99635e-18
 1834 -8.88178e-16 -1.20224e-16 7.00507e-18
 1835 0 -1.20158e-16 7.00156e-18
 1836 0 -1.20093e-16 6.99805e-18
 1837 -4.44089e-16 -1.20269e-16 6.99646e-18
 1838 -1.11022e-16 -1.20264e-16 6.99266e-18
 1839 0 -1.20199e-16 6.98916e-18
 1840 -4.44089e-16 -1.20375e-16 6.98758e-18
 1841 0 -1.20309e-16 6.98409e-18
 1842 0 -1.20244e-16 6.9806e-18
 1843 2.22045e-16 -1.20058e-16 6.97928e-18
 1844 2.22045e-16 -1.19873e-16 6.97797e-18
 1845 2.22045e-16 -1.19687e-16 6.97664e-18
 1846 0 -1.19623e-16 6.97317e-18
 1847 2.22045e-16 -1.19438e-16 6.97184e-18
 1848 2.22045e-16 -1.19253e-16 6.97052e-18
 1849 2.22045e-16 -1.19068e-16 6.96919e-18
 1850 -1.11022e-16 -1.19064e-16 6.96543e-18
 1851 -4.44089e-16 -1.1924e-16 6.96388e-18
 1852 0 -1.19175e-16 6.96041e-18
 1853 -8.88178e-16 -1.1959e-16 6.96902e-18
 1854 0 -1.19526e-16 6.96556e-18
 1855 0 -1.19461e-16 6.9621e-18
 1856 -4.44089e-16 -1.19636e-16 6.96055e-18
 1857 -4.44089e-16 -1.19811e-16 6.95899e-18
 1858 0 -1.19746e-16 6.95555e-18
 1859 0 -1.19682e-16 6.9521e-18
 1860 0 -1.19618e-16 6.94866e-18
 1861 2.22045e-16 -1.19434e-16 6.94735e-18
 1862 0 -1.1937e-16 6.94392e-18
 1863 -4.44089e-16 -1.19544e-16 6.94238e-18
 1864 2.22045e-16 -1.19361e-16 6.94107e-18
 1865 -1.11022e-16 -1.19356e-16 6.93735e-18
 1866 0 -1.19292e-16 6.93393e-18
 1867 -8.88178e-16 -1.19704e-16 6.94244e-18
 1868 -1.11022e-16 -1.197e-16 6.93872e-18
 1869 2.22045e-16 -1.19517e-16 6.93742e-18
 1870 0 -1.19453e-16 6.934e-18
 1871 -8.88178e-16 -1.19864e-16 6.94246e-18
 1872 2.22045e-16 -1.19681e-16 6.94116e-18
 1873 0 -1.19617e-16 6.93774e-18
 1874 -8.88178e-16 -1.20027e-16 6.94616e-18
 1875 0 -1.19963e-16 6.94275e-18
 1876 0 -1.19899e-16 6.93934e-18
 1877 -4.44089e-16 -1.20072e-16 6.93779e-18
 1878 2.22045e-16 -1.1989e-16 6.93649e-18
 1879 0 -1.19826e-16 6.93309e-18
 1880 0 -1.19762e-16 6.9297e-18
 1881 0 -1.19699e-16 6.9263e-18
 1882 0 -1.19635e-16 6.92291e-18
 1883 0 -1.19572e-16 6.91953e-18
 1884 0 -1.19508e-16 6.91615e-18
 1885 -4.44089e-16 -1.1968e-16 6.91462e-18
 1886 0 -1.19617e-16 6.91124e-18
 1887 0 -1.19553e-16 6.90787e-18
 1888 -1.11022e-16 -1.19549e-16 6.90421e-18
 1889 0 -1.19486e-16 6.90085e-18
 1890 2.22045e-16 -1.19305e-16 6.89956e-18
 1891 -1.11022e-16 -1.19301e-16 6.89591e-18
 1892 0 -1.19237e-16 6.89256e-18
 1893 -4.44089e-16 -1.19409e-16 6.89105e-18
 1894 0 -1.19346e-16 6.8877e-18
 1895 2.22045e-16 -1.19166e-16 6.88642e-18
 1896 0 -1.19103e-16 6.88308e-18
 1897 -4.44089e-16 -1.19274e-16 6.88158e-18
 1898 -4.44089e-16 -1.19445e-16 6.88008e-18
 1899 0 -1.19383e-16 6.87675e-18
 1900 -4.44089e-16 -1.19553e-16 6.87525e-18
 1901 -4.44089e-16 -1.19724e-16 6.87375e-18
 1902 -1.11022e-16 -1.1972e-16 6.87014e-18
 1903 2.22045e-16 -1.1954e-16 6.86888e-18
 1904 0 -1.19477e-16 6.86555e-18
 1905 -4.44089e-16 -1.19648e-16 6.86407e-18
 1906 0 -1.19585e-16 6.86075e-18
 1907 -1.11022e-16 -1.1958e-16 6.85715e-18
 1908 -4.44089e-16 -1.1975e-16 6.85567e-18
 1909 -8.88178e-16 -1.20153e-16 6.86389e-18
 1910 0 -1.2009e-16 6.86058e-18
 1911 2.22045e-16 -1.19911e-16 6.85933e-18
 1912 0 -1.19848e-16 6.85603e-18
 1913 2.22045e-16 -1.1967e-16 6.85477e-18
 1914 0 -1.19607e-16 6.85148e-18
 1915 0 -1.19545e-16 6.84818e-18
 1916 -1.11022e-16 -1.1954e-16 6.84461e-18
 1917 -4.44089e-16 -1.19709e-16 6.84313e-18
 1918 -4.44089e-16 -1.19879e-16 6.84165e-18
 1919 -4.44089e-16 -1.20048e-16 6.84017e-18
 1920 -8.88178e-16 -1.20448e-16 6.84831e-18
 1921 2.22045e-16 -1.20269e-16 6.84706e-18
 1922 0 -1.20207e-16 6.84378e-18
 1923 -8.88178e-16 -1.20606e-16 6.85187e-18
 1924 0 -1.20543e-16 6.8486e-18
 1925 0 -1.20481e-16 6.84533e-18
 1926 0 -1.20418e-16 6.84206e-18
 1927 -4.44089e-16 -1.20586e-16 6.84057e-18
 1928 -4.44089e-16 -1.20754e-16 6.83908e-18
 1929 -4.44089e-16 -1.20922e-16 6.83759e-18
 1930 -1.11022e-16 -1.20917e-16 6.83404e-18
 1931 2.22045e-16 -1.20739e-16 6.83281e-18
 1932 0 -1.20676e-16 6.82956e-18
 1933 0 -1.20614e-16 6.82631e-18
 1934 0 -1.20552e-16 6.82307e-18
 1935 0 -1.20489e-16 6.81982e-18
 1936 0 -1.20427e-16 6.81658e-18
 1937 -1.11022e-16 -1.20422e-16 6.81307e-18
 1938 2.22045e-16 -1.20246e-16 6.81184e-18
 1939 -4.44089e-16 -1.20413e-16 6.81038e-18
 1940 0 -1.2035e-16 6.80715e-18
 1941 -4.44089e-16 -1.20517e-16 6.80568e-18
 1942 0 -1.20455e-16 6.80246e-18
 1943 2.22045e-16 -1.20279e-16 6.80124e-18
 1944 0 -1.20217e-16 6.79803e-18
 1945 0 -1.20155e-16 6.79481e-18
 1946 0 -1.20093e-16 6.7916e-18
 1947 -4.44089e-16 -1.2026e-16 6.79015e-18
 1948 -8.88178e-16 -1.20654e-16 6.7981e-18
 1949 -4.44089e-16 -1.2082e-16 6.79664e-18
 1950 -8.88178e-16 -1.21214e-16 6.80454e-18
 1951 0 -1.21151e-16 6.80134e-18
 1952 0 -1.21089e-16 6.79814e-18
 1953 -4.44089e-16 -1.21255e-16 6.79667e-18
 1954 -4.44089e-16 -1.2142e-16 6.7952e-18
 1955 -4.44089e-16 -1.21585e-16 6.79372e-18
 1956 2.22045e-16 -1.21409e-16 6.79252e-18
 1957 -4.44089e-16 -1.21574e-16 6.79105e-18
 1958 0 -1.21512e-16 6.78787e-18
 1959 0 -1.2145e-16 6.78469e-18
 1960 0 -1.21388e-16 6.78151e-18
 1961 0 -1.21326e-16 6.77833e-18
 1962 -4.44089e-16 -1.21491e-16 6.77687e-18
 1963 2.22045e-16 -1.21316e-16 6.77568e-18
 1964 -4.44089e-16 -1.2148e-16 6.77422e-18
 1965 0 -1.21418e-16 6.77105e-18
 1966 2.22045e-16 -1.21244e-16 6.76986e-18
 1967 -4.44089e-16 -1.21408e-16 6.76841e-18
 1968 0 -1.21346e-16 6.76525e-18
 1969 -4.44089e-16 -1.2151e-16 6.7638e-18
 1970 -4.44089e-16 -1.21674e-16 6.76235e-18
 1971 0 -1.21612e-16 6.7592e-18
 1972 0 -1.2155e-16 6.75605e-18
 1973 -8.88178e-16 -1.21939e-16 6.7638e-18
 1974 -4.44089e-16 -1.22102e-16 6.76234e-18
 1975 0 -1.2204e-16 6.7592e-18
 1976 -1.11022e-16 -1.22035e-16 6.75578e-18
 1977 0 -1.21973e-16 6.75264e-18
 1978 0 -1.21911e-16 6.74951e-18
 1979 2.22045e-16 -1.21737e-16 6.74834e-18
 1980 -1.11022e-16 -1.21732e-16 6.74493e-18
 1981 -4.44089e-16 -1.21895e-16 6.74349e-18
 1982 0 -1.21833e-16 6.74037e-18
 1983 2.22045e-16 -1.2166e-16 6.7392e-18
 1984 2.22045e-16 -1.21487e-16 6.73803e-18
 1985 -1.11022e-16 -1.21481e-16 6.73464e-18
 1986 2.22045e-16 -1.21308e-16 6.73347e-18
 1987 0 -1.21247e-16 6.73035e-18
 1988 -4.44089e-16 -1.2141e-16 6.72893e-18
 1989 -1.11022e-16 -1.21404e-16 6.72554e-18
 1990 -4.44089e-16 -1.21567e-16 6.72412e-18
 1991 0 -1.21506e-16 6.72102e-18
 1992 0 -1.21445e-16 6.71792e-18
 1993 -4.44089e-16 -1.21606e-16 6.7165e-18
 1994 2.22045e-16 -1.21434e-16 6.71534e-18
 1995 2.22045e-16 -1.21262e-16 6.71418e-18
 1996 0 -1.21201e-16 6.71109e-18
 1997 0 -1.21141e-16 6.70801e-18
 1998 2.22045e-16 -1.20969e-16 6.70685e-18
 1999 -1.11022e-16 -1.20964e-16 6.70349e-18
 2000 2.22045e-16 -1.20792e-16 6.70234e-18
