 1 0.12 0.12 0
 2 0.44 0.28 0.16
 3 0.24 0.266667 0.0933333
 4 -0.04 0.19 0.10116
 5 0.2 0.192 0.0783837
 6 0.24 0.2 0.0644981
 7 0.16 0.194286 0.0548095
 8 0.24 0.2 0.0478091
 9 0.2 0.2 0.0421637
 10 0.36 0.216 0.0409661
 11 0.12 0.207273 0.0380691
 12 0.2 0.206667 0.0347575
 13 0.04 0.193846 0.0344469
 14 -0.2 0.165714 0.0425262
 15 -0.24 0.138667 0.0479471
 16 -0.24 0.115 0.0507116
 17 -0.28 0.0917647 0.053
 18 -0.32 0.0688889 0.0549562
 19 -0.28 0.0505263 0.0551313
 20 -0.12 0.042 0.0529926
 21 -0.24 0.0285714 0.0521641
 22 -0.24 0.0163636 0.0512128
 23 -0.12 0.0104348 0.0492933
 24 -0.04 0.00833333 0.0472415
 25 -0.08 0.0048 0.04545
 26 -0.08 0.00153846 0.0437886
 27 -0.04 -7.70988e-19 0.0421637
 28 0 -7.43453e-19 0.04063
 29 0.08 0.00275862 0.0393008
 30 -0.08 -4.62593e-19 0.0380683
 31 -0.16 -0.00516129 0.0371798
 32 -0.36 -0.01625 0.0376683
 33 -0.24 -0.0230303 0.0371333
 34 -0.2 -0.0282353 0.0363986
 35 -0.2 -0.0331429 0.0356825
 36 -0.16 -0.0366667 0.0348557
 37 -0.2 -0.0410811 0.0341868
 38 -0.28 -0.0473684 0.0338638
 39 -0.12 -0.0492308 0.0330366
 40 -0.6 -0.063 0.0350205
 41 -0.28 -0.0682927 0.0345633
 42 -0.08 -0.0685714 0.0337315
 43 0.08 -0.0651163 0.0331184
 44 0.08 -0.0618182 0.0325246
 45 0.36 -0.0524444 0.0331467
 46 0.48 -0.0408696 0.0344225
 47 0.28 -0.0340426 0.0343671
 48 0.04 -0.0325 0.0336788
 49 0.28 -0.0261224 0.0335953
 50 0.32 -0.0192 0.0336365
 51 0.36 -0.0117647 0.0337984
 52 0.16 -0.00846154 0.0333062
 53 -0.24 -0.0128302 0.0329625
 54 -0.08 -0.0140741 0.0323703
 55 0 -0.0138182 0.0317773
 56 0.08 -0.0121429 0.0312496
 57 0.12 -0.00982456 0.0307839
 58 -0.12 -0.0117241 0.0303081
 59 0.08 -0.0101695 0.0298305
 60 0.4 -0.00333333 0.0301153
 61 0.24 0.000655738 0.0298849
 62 0.04 0.00129032 0.0294058
 63 -0.04 0.000634921 0.0289427
 64 0.12 0.0025 0.0285479
 65 0.12 0.00430769 0.0281633
 66 0.04 0.00484848 0.0277386
 67 -0.2 0.00179104 0.027492
 68 -0.2 -0.00117647 0.0272467
 69 -0.2 -0.00405797 0.0270031
 70 0 -0.004 0.0266146
 71 -0.04 -0.00450704 0.026242
 72 0.04 -0.00388889 0.0258824
 73 -0.08 -0.00493151 0.0255466
 74 0.24 -0.00162162 0.0254155
 75 0.16 0.000533333 0.0251668
 76 0.32 0.00473684 0.0251867
 77 0.24 0.00779221 0.0250445
 78 0.2 0.0102564 0.0248438
 79 0.28 0.0136709 0.0247638
 80 0.28 0.017 0.0246779
 81 0.12 0.0182716 0.0244045
 82 0.04 0.0185366 0.0241065
 83 0 0.0183133 0.0238153
 84 0.16 0.02 0.0235905
 85 0.16 0.0216471 0.0233694
 86 0.04 0.0218605 0.0230971
 87 -0.24 0.0188506 0.0230276
 88 -0.16 0.0168182 0.022855
 89 0.32 0.0202247 0.022852
 90 0.04 0.0204444 0.0225978
 91 -0.12 0.0189011 0.0224013
 92 0 0.0186957 0.0221574
 93 -0.16 0.0167742 0.0220019
 94 -0.4 0.0123404 0.0222136
 95 0.16 0.0138947 0.0220334
 96 0.32 0.0170833 0.0220346
 97 0.36 0.0206186 0.022091
 98 0.24 0.0228571 0.0219787
 99 0.6 0.0286869 0.0225231
 100 0.24 0.0308 0.0223966
 101 0 0.030495 0.0221759
 102 0.12 0.0313725 0.0219749
 103 0.28 0.0337864 0.021894
 104 0.32 0.0365385 0.0218564
 105 0.32 0.0392381 0.0218149
 106 0.08 0.0396226 0.0216116
 107 -0.16 0.037757 0.0214898
 108 -0.2 0.0355556 0.0214034
 109 -0.16 0.0337615 0.0212819
 110 -0.12 0.0323636 0.0211338
 111 0.24 0.0342342 0.0210259
 112 0.36 0.0371429 0.0210394
 113 0.4 0.040354 0.0210981
 114 0.32 0.042807 0.0210556
 115 0.44 0.0462609 0.0211556
 116 0.16 0.0472414 0.0209953
 117 0.2 0.048547 0.020856
 118 0.2 0.0498305 0.0207183
 119 0.04 0.0497479 0.0205436
 120 -0.2 0.0476667 0.0204777
 121 -0.16 0.0459504 0.0203802
 122 -0.04 0.0452459 0.0202247
 123 -0.2 0.043252 0.0201585
 124 0 0.0429032 0.0199983
 125 0.16 0.04384 0.0198598
 126 0.16 0.0447619 0.0197231
 127 0.32 0.0469291 0.0196868
 128 0.2 0.048125 0.019569
 129 0.16 0.0489922 0.019436
 130 0.16 0.0498462 0.0193048
 131 0.04 0.049771 0.0191571
 132 -0.08 0.0487879 0.0190368
 133 0 0.0484211 0.0188967
 134 -0.04 0.0477612 0.0187667
 135 -0.08 0.0468148 0.0186512
 136 -0.28 0.0444118 0.0186689
 137 0.12 0.0449635 0.0185403
 138 -0.04 0.0443478 0.0184158
 139 0.2 0.0454676 0.0183171
 140 0.36 0.0477143 0.018324
 141 0.04 0.0476596 0.0181937
 142 0.36 0.0498592 0.0181985
 143 -0.04 0.0492308 0.0180817
 144 0.04 0.0491667 0.0179558
 145 0.08 0.0493793 0.0178328
 146 0.28 0.0509589 0.0177806
 147 0.36 0.0530612 0.0177839
 148 0.36 0.0551351 0.0177847
 149 0.08 0.055302 0.0176657
 150 0.12 0.0557333 0.0175528
 151 -0.04 0.0550993 0.0174477
 152 -0.12 0.0539474 0.0173708
 153 -0.2 0.0522876 0.0173365
 154 -0.2 0.0506494 0.0173013
 155 -0.2 0.0490323 0.0172652
 156 -0.16 0.0476923 0.0172064
 157 -0.32 0.0453503 0.0172562
 158 -0.64 0.0410127 0.0176867
 159 -0.56 0.0372327 0.017977
 160 -0.44 0.03425 0.0181116
 161 -0.16 0.0330435 0.0180392
 162 -0.32 0.0308642 0.0180594
 163 -0.2 0.0294479 0.0180041
 164 0 0.0292683 0.0178949
 165 0 0.0290909 0.017787
 166 -0.16 0.0279518 0.0177162
 167 -0.08 0.0273054 0.0176216
 168 -0.4 0.0247619 0.0177001
 169 -0.4 0.0222485 0.0177737
 170 -0.04 0.0218824 0.0176726
 171 0 0.0217544 0.0175694
 172 -0.16 0.0206977 0.0174989
 173 -0.04 0.0203468 0.017401
 174 -0.08 0.0197701 0.0173103
 175 -0.12 0.0189714 0.0172297
 176 -0.2 0.0177273 0.0171766
 177 -0.32 0.0158192 0.0171855
 178 -0.24 0.014382 0.017149
 179 -0.36 0.0122905 0.0171807
 180 -0.28 0.0106667 0.017162
 181 -0.16 0.00972376 0.017093
 182 -0.04 0.00945055 0.017001
 183 -0.08 0.00896175 0.0169149
 184 -0.12 0.00826087 0.0168373
 185 0 0.00821622 0.0167461
 186 -0.08 0.00774194 0.0166626
 187 -0.04 0.00748663 0.0165752
 188 0.2 0.00851064 0.0165186
 189 0.36 0.0103704 0.0165359
 190 0.52 0.0130526 0.0166659
 191 0.36 0.0148691 0.0166776
 192 0.2 0.0158333 0.0166185
 193 0.04 0.0159585 0.0165326
 194 -0.04 0.0156701 0.0164497
 195 -0.24 0.014359 0.0164176
 196 -0.12 0.0136735 0.016348
 197 0.12 0.0142132 0.0162737
 198 0.12 0.0147475 0.0162002
 199 0.16 0.0154774 0.0161351
 200 0.2 0.0164 0.0160807
 201 0.04 0.0165174 0.0160009
 202 -0.24 0.0152475 0.0159721
 203 -0.08 0.0147783 0.0159001
 204 -0.08 0.0143137 0.0158288
 205 -0.08 0.0138537 0.0157581
 206 -0.2 0.0128155 0.0157157
 207 0.04 0.0129469 0.0156402
 208 -0.16 0.0121154 0.015587
 209 -0.04 0.011866 0.0155143
 210 -0.16 0.0110476 0.0154619
 211 0.12 0.011564 0.0153971
 212 0.04 0.0116981 0.0153249
 213 0.16 0.0123944 0.0152686
 214 0.04 0.0125234 0.0151977
 215 -0.12 0.011907 0.0151394
 216 -0.16 0.0111111 0.0150901
 217 0 0.0110599 0.0150205
 218 0.04 0.0111927 0.014952
 219 0.24 0.0122374 0.0149202
 220 0.44 0.0141818 0.014979
 221 0.48 0.0162896 0.0150593
 222 0.4 0.018018 0.0150906
 223 0.32 0.0193722 0.0150837
 224 0.28 0.0205357 0.0150612
 225 0.32 0.0218667 0.0150531
 226 0.16 0.0224779 0.0149988
 227 -0.12 0.0218502 0.0149458
 228 -0.16 0.0210526 0.0149014
 229 0.24 0.0220087 0.014867
 230 0.24 0.0229565 0.0148325
 231 0.12 0.0233766 0.0147741
 232 0.4 0.025 0.0147996
 233 0.32 0.0262661 0.0147903
 234 -0.08 0.025812 0.0147339
 235 -0.12 0.0251915 0.0146842
 236 -0.2 0.0242373 0.014653
 237 -0.04 0.0239662 0.0145935
 238 0.16 0.0245378 0.0145433
 239 0.16 0.0251046 0.0144934
 240 0.32 0.0263333 0.0144851
 241 0.08 0.026556 0.0144266
 242 0.12 0.0269421 0.014372
 243 0.08 0.0271605 0.0143144
 244 -0.04 0.0268852 0.0142583
 245 -0.08 0.026449 0.0142067
 246 0.24 0.0273171 0.0141754
 247 0.24 0.0281781 0.0141442
 248 0.4 0.0296774 0.0141666
 249 0.32 0.0308434 0.0141577
 250 0.24 0.03168 0.0141257
 251 0.24 0.03251 0.0140938
 252 0.12 0.0328571 0.014042
 253 0.24 0.0336759 0.0140104
 254 0.32 0.0348031 0.0140005
 255 0.2 0.035451 0.0139606
 256 0.28 0.0364063 0.0139387
 257 0.68 0.0389105 0.0141084
 258 0.52 0.0407752 0.0141768
 259 0.28 0.0416988 0.0141521
 260 0.24 0.0424615 0.0141182
 261 0.44 0.0439847 0.0141462
 262 0.16 0.0444275 0.0140991
 263 -0.08 0.0439544 0.0140533
 264 -0.28 0.0427273 0.0140537
 265 -0.16 0.0419623 0.0140214
 266 0.04 0.0419549 0.0139686
 267 0.12 0.0422472 0.0139193
 268 0 0.0420896 0.0138681
 269 0 0.0419331 0.0138174
 270 -0.16 0.0411852 0.0137864
 271 -0.12 0.0405904 0.0137483
 272 0.12 0.0408824 0.0137008
 273 0.08 0.0410256 0.0136513
 274 0.24 0.0417518 0.0136207
 275 0.4 0.0430545 0.0136335
 276 0.08 0.0431884 0.0135847
 277 -0.08 0.0427437 0.0135428
 278 0.08 0.0428777 0.0134947
 279 -0.16 0.0421505 0.0134659
 280 -0.36 0.0407143 0.0134944
 281 -0.2 0.0398577 0.0134735
 282 -0.2 0.0390071 0.0134526
 283 -0.12 0.0384452 0.0134167
 284 0.16 0.0388732 0.0133762
 285 0.12 0.0391579 0.0133323
 286 -0.16 0.0384615 0.0133038
 287 -0.2 0.0376307 0.0132834
 288 -0.28 0.0365278 0.013283
 289 -0.04 0.036263 0.0132396
 290 0.08 0.0364138 0.0131948
 291 0.24 0.0371134 0.0131679
 292 0.12 0.0373973 0.0131258
 293 0.2 0.0379522 0.0130927
 294 0.28 0.0387755 0.0130741
 295 0.16 0.0391864 0.0130362
 296 0.28 0.04 0.0130175
 297 0.16 0.040404 0.0129799
 298 -0.04 0.0401342 0.0129391
 299 0.24 0.0408027 0.012913
 300 0.36 0.0418667 0.0129138
 301 0 0.0417276 0.0128716
 302 0.08 0.0418543 0.0128295
 303 -0.04 0.0415842 0.01279
 304 -0.16 0.0409211 0.0127651
 305 0.08 0.0410492 0.0127238
 306 0.12 0.0413072 0.0126848
 307 -0.12 0.0407818 0.0126543
 308 0.08 0.0409091 0.0126138
 309 -0.12 0.0403883 0.0125837
 310 -0.16 0.0397419 0.0125597
 311 -0.32 0.0385852 0.0125725
 312 -0.4 0.0371795 0.0126108
 313 -0.32 0.0360383 0.0126221
 314 -0.48 0.0343949 0.0126887
 315 -0.56 0.0325079 0.0127883
 316 -0.44 0.0310127 0.0128352
 317 -0.24 0.0301577 0.0128232
 318 -0.16 0.0295597 0.0127968
 319 -0.52 0.027837 0.0128724
 320 -0.64 0.02575 0.0130007
 321 -0.36 0.0245483 0.0130157
 322 -0.08 0.0242236 0.0129793
 323 0.28 0.0250155 0.0129633
 324 0.44 0.0262963 0.0129865
 325 0.48 0.0276923 0.0130216
 326 0.28 0.0284663 0.0130046
 327 0.36 0.0294801 0.0130044
 328 0.48 0.0308537 0.0130372
 329 0.6 0.0325836 0.0131121
 330 0.64 0.0344242 0.0132013
 331 0.64 0.0362538 0.0132879
 332 0.36 0.0372289 0.0132837
 333 0.44 0.0384384 0.0132988
 334 0.48 0.0397605 0.0133247
 335 0.04 0.0397612 0.0132849
 336 -0.04 0.0395238 0.0132474
 337 0 0.0394065 0.0132085
 338 0.28 0.0401183 0.0131886
 339 0.12 0.040354 0.0131518
 340 0.04 0.0403529 0.013113
 341 -0.24 0.0395308 0.0131003
 342 -0.36 0.0383626 0.0131141
 343 -0.08 0.0380175 0.0130804
 344 0.16 0.0383721 0.0130471
 345 0.16 0.0387246 0.013014
 346 0.2 0.0391908 0.0129847
 347 0.28 0.0398847 0.0129658
 348 -0.12 0.0394253 0.0129367
 349 -0.04 0.0391977 0.0129016
 350 0.12 0.0394286 0.0128667
 351 0.12 0.0396581 0.0128321
 352 0.2 0.0401136 0.0128037
 353 0.44 0.0412465 0.0128175
 354 0.2 0.0416949 0.0127891
 355 0.08 0.0418028 0.0127535
 356 0.12 0.0420225 0.0127195
 357 0.32 0.0428011 0.0127077
 358 0.2 0.0432402 0.0126798
 359 0.04 0.0432312 0.0126444
 360 0.24 0.0437778 0.0126211
 361 0.08 0.0438781 0.0125865
 362 -0.28 0.0429834 0.0125835
 363 -0.28 0.0420937 0.0125803
 364 -0.48 0.0406593 0.0126274
 365 -0.4 0.0394521 0.0126505
 366 -0.12 0.0390164 0.0126234
 367 -0.2 0.0383651 0.0126058
 368 -0.08 0.0380435 0.0125756
 369 0.04 0.0380488 0.0125415
 370 -0.04 0.0378378 0.0125093
 371 -0.04 0.037628 0.0124773
 372 -0.04 0.0374194 0.0124455
 373 0.24 0.0379625 0.012424
 374 0.24 0.0385027 0.0124025
 375 0.28 0.0391467 0.0123861
 376 0.16 0.0394681 0.0123573
 377 0.2 0.0398939 0.0123318
 378 0 0.0397884 0.0122996
 379 -0.16 0.0392612 0.0122784
 380 0.04 0.0392632 0.0122461
 381 0.12 0.0394751 0.0122157
 382 0.04 0.0394764 0.0121837
 383 -0.08 0.0391645 0.0121559
 384 -0.04 0.0389583 0.0121259
 385 0.04 0.038961 0.0120944
 386 0.12 0.039171 0.0120648
 387 0.2 0.0395866 0.0120408
 388 0.12 0.0397938 0.0120115
 389 0.04 0.0397943 0.0119806
 390 0.2 0.0402051 0.0119569
 391 0.04 0.0402046 0.0119263
 392 -0.04 0.04 0.0118976
 393 -0.12 0.0395929 0.0118742
 394 -0.32 0.0386802 0.0118792
 395 -0.16 0.0381772 0.0118597
 396 0.04 0.0381818 0.0118298
 397 0 0.0380856 0.0118003
 398 0.08 0.038191 0.0117711
 399 -0.16 0.0376942 0.0117521
 400 -0.24 0.037 0.0117432
 401 -0.28 0.0362095 0.0117405
 402 -0.08 0.0359204 0.0117148
 403 -0.12 0.0355335 0.0116921
 404 -0.16 0.0350495 0.0116732
 405 -0.4 0.0339753 0.0116938
 406 -0.36 0.0330049 0.0117052
 407 -0.16 0.0325307 0.0116861
 408 -0.2 0.0319608 0.0116713
 409 0.08 0.0320782 0.0116433
 410 0 0.032 0.0116152
 411 0.04 0.0320195 0.0115869
 412 0 0.0319417 0.011559
 413 -0.12 0.0315738 0.0115368
 414 -0.2 0.0310145 0.0115225
 415 0 0.0309398 0.011495
 416 0 0.0308654 0.0114675
 417 0.04 0.0308873 0.01144
 418 0.04 0.0309091 0.0114126
 419 -0.12 0.0305489 0.0113911
 420 -0.32 0.0297143 0.0113945
 421 -0.44 0.0285986 0.011422
 422 -0.4 0.0275829 0.0114401
 423 -0.44 0.0264775 0.0114664
 424 -0.2 0.0259434 0.0114518
 425 -0.04 0.0257882 0.0114259
 426 0 0.0257277 0.0113992
 427 0.08 0.0258548 0.0113732
 428 0.16 0.0261682 0.0113509
 429 0.2 0.0265734 0.0113317
 430 0.2 0.0269767 0.0113125
 431 0 0.0269142 0.0112864
 432 -0.08 0.0266667 0.0112629
 433 -0.16 0.0262356 0.0112452
 434 -0.2 0.0257143 0.0112313
 435 -0.52 0.0244598 0.0112755
 436 0 0.0244037 0.0112497
 437 0.2 0.0248055 0.0112312
 438 0.28 0.0253881 0.0112206
 439 -0.04 0.0252392 0.011196
 440 0.2 0.0256364 0.0111776
 441 0.16 0.025941 0.0111564
 442 0.12 0.0261538 0.0111332
 443 -0.28 0.0254628 0.0111295
 444 0.04 0.0254955 0.0111044
 445 0.08 0.025618 0.0110801
 446 -0.28 0.0249327 0.0110765
 447 -0.2 0.0244295 0.0110631
 448 -0.32 0.0236607 0.0110651
 449 -0.44 0.0226281 0.0110887
 450 -0.16 0.0222222 0.0110714
 451 0.08 0.0223503 0.0110476
 452 0.36 0.0230973 0.0110484
 453 0.08 0.023223 0.0110247
 454 0.2 0.0236123 0.0110073
 455 0.16 0.0239121 0.0109872
 456 0.28 0.0244737 0.0109774
 457 -0.12 0.0241575 0.0109579
 458 0.12 0.0243668 0.010936
 459 0.2 0.0247495 0.0109188
 460 0.12 0.0249565 0.010897
 461 0.16 0.0252495 0.0108773
 462 0.12 0.0254545 0.0108557
 463 -0.24 0.0248812 0.0108474
 464 -0.24 0.0243103 0.010839
 465 0.08 0.0244301 0.0108163
 466 0.24 0.0248927 0.010803
 467 0.04 0.0249251 0.0107799
 468 0.04 0.0249573 0.0107569
 469 0.2 0.0253305 0.0107404
 470 -0.04 0.0251915 0.0107184
 471 -0.08 0.0249682 0.010698
 472 0.04 0.025 0.0106754
 473 0.24 0.0254545 0.0106625
 474 0.52 0.0264979 0.010691
 475 0.16 0.0267789 0.0106721
 476 -0.12 0.0264706 0.0106542
 477 -0.32 0.0257442 0.0106566
 478 -0.04 0.0256067 0.0106352
 479 0.16 0.0258873 0.0106166
 480 0.24 0.0263333 0.0106039
 481 0.28 0.0268607 0.0105949
 482 0.32 0.0274689 0.0105904
 483 0.28 0.0279917 0.0105814
 484 0.24 0.0284298 0.0105686
 485 0.36 0.0291134 0.0105689
 486 0.36 0.0297942 0.0105691
 487 0.4 0.0305544 0.0105747
 488 0.16 0.0308197 0.0105564
 489 0.04 0.0308384 0.0105348
 490 -0.32 0.0301224 0.0105376
 491 -0.36 0.0293279 0.0105461
 492 -0.08 0.0291057 0.010527
 493 0.04 0.0291278 0.0105056
 494 -0.08 0.0289069 0.0104867
 495 -0.16 0.0285253 0.0104724
 496 -0.44 0.0275806 0.0104939
 497 -0.32 0.0268813 0.0104961
 498 -0.56 0.0257028 0.0105411
 499 -0.44 0.0247695 0.0105612
 500 -0.36 0.024 0.0105681
 501 -0.28 0.0233932 0.0105645
 502 -0.36 0.0226295 0.010571
 503 -0.16 0.0222664 0.0105562
 504 0.12 0.0224603 0.0105371
 505 0.32 0.0230495 0.0105327
 506 0.28 0.0235573 0.0105241
 507 0.32 0.024142 0.0105196
 508 0.28 0.0246457 0.0105109
 509 0.08 0.0247544 0.0104908
 510 -0.16 0.0243922 0.0104765
 511 0.16 0.0246575 0.0104593
 512 0.24 0.0250781 0.0104474
 513 0 0.0250292 0.0104271
 514 -0.04 0.0249027 0.0104075
 515 -0.12 0.0246214 0.0103911
 516 -0.32 0.0239535 0.0103925
 517 -0.12 0.023675 0.0103761
 518 -0.08 0.0234749 0.010358
 519 -0.16 0.0231214 0.010344
 520 -0.32 0.0224615 0.0103452
 521 -0.24 0.0219578 0.0103376
 522 0.08 0.022069 0.0103184
 523 0 0.0220268 0.0102987
 524 -0.12 0.0217557 0.0102826
 525 0.4 0.0224762 0.0102882
 526 0.44 0.02327 0.0102993
 527 0.2 0.0236053 0.0102852
 528 0.24 0.0240152 0.0102739
 529 0.12 0.0241966 0.0102561
 530 0.52 0.0251321 0.0102793
 531 0.52 0.026064 0.0103022
 532 0.4 0.0267669 0.0103068
 533 0.28 0.027242 0.0102984
 534 0.28 0.0277154 0.01029
 535 0.32 0.0282617 0.0102853
 536 0 0.028209 0.0102662
 537 -0.12 0.027933 0.0102508
 538 0.2 0.0282528 0.0102367
 539 0.08 0.0283488 0.0102182
 540 -0.28 0.0277778 0.0102152
 541 -0.2 0.0273567 0.010205
 542 0.12 0.0275277 0.0101876
 543 0.12 0.027698 0.0101702
 544 0.12 0.0278676 0.0101529
 545 -0.16 0.0275229 0.0101401
 546 0.04 0.0275458 0.0101216
 547 -0.08 0.0273492 0.010105
 548 0 0.0272993 0.0100866
 549 0.08 0.0273953 0.0100687
 550 -0.12 0.0271273 0.0100539
 551 0.08 0.0272232 0.0100361
 552 0.04 0.0272464 0.010018
 553 -0.04 0.0271248 0.0100006
 554 0.24 0.027509 0.0099899
 555 0.28 0.027964 0.00998226
 556 0.48 0.028777 0.0099974
 557 0.68 0.0299461 0.0100477
 558 0.52 0.0308244 0.010068
 559 0.44 0.0315564 0.0100766
 560 0.32 0.0320714 0.0100718
 561 0.28 0.0325134 0.0100635
 562 0.28 0.0329537 0.0100553
 563 0.16 0.0331794 0.0100399
 564 0.28 0.033617 0.0100317
 565 0.08 0.0336991 0.0100142
 566 -0.16 0.0333569 0.0100024
 567 0.12 0.0335097 0.00998589
 568 0.08 0.0335915 0.00996863
 569 -0.04 0.0334622 0.00995194
 570 -0.36 0.0327719 0.00995842
 571 -0.08 0.0325744 0.00994292
 572 -0.08 0.0323776 0.00992747
 573 0.2 0.0326702 0.00991445
 574 0.2 0.0329617 0.00990146
 575 0.44 0.0336696 0.00990954
 576 0.12 0.0338194 0.00989345
 577 0.24 0.0341768 0.00988275
 578 -0.12 0.03391 0.00986925
 579 -0.12 0.0336442 0.00985577
 580 0 0.0335862 0.00983894
 581 0.16 0.0338038 0.0098244
 582 0.24 0.0341581 0.0098139
 583 0.44 0.0348542 0.00982175
 584 0.4 0.0354795 0.00982483
 585 0.4 0.0361026 0.0098278
 586 0.48 0.0368601 0.00984021
 587 0.36 0.0374106 0.00983885
 588 0.12 0.037551 0.00982311
 589 -0.04 0.0374194 0.0098073
 590 0.2 0.0376949 0.00979454
 591 0.36 0.0382403 0.00979315
 592 0.52 0.0390541 0.0098104
 593 0.32 0.0395278 0.0098053
 594 0.2 0.039798 0.0097925
 595 -0.08 0.0395966 0.0097781
 596 -0.2 0.0391946 0.00976996
 597 0.04 0.039196 0.00975358
 598 0.04 0.0391973 0.00973725
 599 0.12 0.0393322 0.00972192
 600 0 0.0392667 0.00970593
 601 -0.08 0.0390682 0.00969179
 602 -0.08 0.0388704 0.0096777
 603 0.2 0.0391376 0.00966534
 604 0.28 0.0395364 0.00965756
 605 0.04 0.0395372 0.00964158
 606 0.12 0.03967 0.00962657
 607 -0.16 0.039341 0.00961633
 608 -0.28 0.0388158 0.00961486
 609 -0.24 0.038358 0.00960997
 610 0.2 0.038623 0.00959786
 611 -0.08 0.0384288 0.0095841
 612 0.04 0.0384314 0.00956843
 613 -0.24 0.0379772 0.0095636
 614 -0.12 0.0377199 0.00955148
 615 -0.12 0.0374634 0.00953938
 616 0.16 0.0376623 0.00952596
 617 0.12 0.0377958 0.00951145
 618 0.16 0.0379935 0.0094981
 619 -0.2 0.037609 0.00949054
 620 0.04 0.0376129 0.00947522
 621 0.08 0.0376812 0.00946019
 622 -0.08 0.037492 0.00944687
 623 0.36 0.0380096 0.00944589
 624 0.04 0.0380128 0.00943074
 625 -0.08 0.037824 0.00941753
 626 0.56 0.0386581 0.0094394
 627 0.2 0.0389155 0.00942785
 628 0.04 0.0389172 0.00941282
 629 0.36 0.0394277 0.0094117
 630 0.04 0.0394286 0.00939675
 631 0.08 0.0394929 0.00938206
 632 0.16 0.0396835 0.00936915
 633 -0.04 0.0395577 0.00935518
 634 -0.04 0.0394322 0.00934126
 635 -0.28 0.0389291 0.00934009
 636 -0.28 0.0384277 0.00933887
 637 -0.28 0.0379278 0.00933759
 638 -0.2 0.0375549 0.00933039
 639 0.2 0.0378091 0.00931925
 640 0.12 0.0379375 0.00930556
 641 -0.12 0.0376911 0.0092943
 642 0.16 0.0378816 0.00928177
 643 0.24 0.038196 0.00927265
 644 0.08 0.0382609 0.00925847
 645 0.2 0.0385116 0.0092475
 646 0.28 0.0388854 0.00924074
 647 0.04 0.0388872 0.00922645
 648 0.2 0.0391358 0.00921555
 649 0.24 0.0394453 0.00920655
 650 0.16 0.0396308 0.00919424
 651 0.28 0.04 0.00918753
 652 0.44 0.0406135 0.00919392
 653 0.2 0.0408576 0.00918307
 654 0.08 0.0409174 0.00916922
 655 -0.08 0.0407328 0.00915707
 656 0.04 0.0407317 0.0091431
 657 -0.08 0.0405479 0.00913102
 658 -0.16 0.0402432 0.00912223
 659 -0.2 0.0398786 0.00911567
 660 -0.16 0.0395758 0.00910688
 661 -0.08 0.0393949 0.00909489
 662 -0.24 0.0389728 0.00909095
 663 -0.24 0.038552 0.00908697
 664 -0.28 0.0380723 0.00908595
 665 -0.24 0.0376541 0.00908191
 666 -0.16 0.0373574 0.00907312
 667 -0.08 0.0371814 0.00906121
 668 -0.16 0.0368862 0.00905245
 669 0 0.0368311 0.00903908
 670 0.08 0.0368955 0.00902581
 671 -0.08 0.0367213 0.00901403
 672 0.24 0.0370238 0.00900569
 673 -0.24 0.0366122 0.00900171
 674 0.04 0.0366172 0.00898835
 675 0.08 0.0366815 0.00897525
 676 0.12 0.0368047 0.00896281
 677 0.56 0.0375775 0.00898287
 678 0.32 0.0379941 0.00897928
 679 0.64 0.0388807 0.00900977
 680 0.4 0.0394118 0.00901217
 681 0.12 0.0395301 0.00899971
 682 0.36 0.04 0.00899878
 683 0.24 0.0402928 0.00899036
 684 0.36 0.0407602 0.00898937
 685 -0.04 0.0406423 0.00897701
 686 -0.12 0.0404082 0.00896698
 687 -0.04 0.0402911 0.00895468
 688 -0.24 0.0398837 0.00895093
 689 0.04 0.0398839 0.00893793
 690 0.2 0.0401159 0.00892798
 691 0.2 0.0403473 0.00891805
 692 0.2 0.040578 0.00890815
 693 0.4 0.0410967 0.00891039
 694 0.28 0.0414409 0.0089042
 695 -0.04 0.0413237 0.00889215
 696 0.04 0.0413218 0.00887936
 697 0.2 0.0415495 0.00886954
 698 0.32 0.0419484 0.0088658
 699 -0.16 0.0416595 0.00885782
 700 0.04 0.0416571 0.00884516
 701 0.16 0.041826 0.00883414
 702 0.28 0.0421652 0.00882807
 703 0.2 0.0423898 0.00881837
 704 0.08 0.0424432 0.00880599
 705 0.32 0.0428369 0.0088023
 706 0.36 0.0432861 0.0088013
 707 0.08 0.043338 0.00878899
 708 0.12 0.0434463 0.00877724
 709 0.32 0.0438364 0.00877353
 710 -0.24 0.0434366 0.00877028
 711 -0.48 0.0427004 0.00878882
 712 -0.44 0.0420225 0.00880261
 713 -0.28 0.0415708 0.00880185
 714 -0.28 0.0411204 0.00880105
 715 -0.08 0.040951 0.00879036
 716 -0.08 0.0407821 0.0087797
 717 0.08 0.0408368 0.00876762
 718 0.08 0.0408914 0.00875557
 719 0.4 0.0413908 0.00875764
 720 0.32 0.0417778 0.00875402
 721 0.08 0.0418308 0.00874203
 722 -0.12 0.0416066 0.00873279
 723 -0.24 0.0412172 0.0087294
 724 0.12 0.041326 0.00871801
 725 -0.04 0.0412138 0.0087067
 726 -0.08 0.0410468 0.00869631
 727 -0.16 0.0407703 0.00868874
 728 0 0.0407143 0.00867697
 729 0.08 0.0407682 0.00866523
 730 0 0.0407123 0.00865353
 731 0.4 0.0412038 0.00865565
 732 0.36 0.0416393 0.00865479
 733 0.16 0.0418008 0.00864448
 734 0.32 0.0421798 0.00864101
 735 0.16 0.0423401 0.00863073
 736 0.16 0.0425 0.00862048
 737 0.28 0.0428223 0.00861481
 738 0.12 0.0429268 0.00860376
 739 0.24 0.0431935 0.00859625
 740 -0.08 0.043027 0.00858624
 741 0.16 0.0431849 0.0085761
 742 0.24 0.0434501 0.00856864
 743 0.12 0.0435532 0.00855772
 744 0.08 0.0436022 0.00854635
 745 0.12 0.0437047 0.00853548
 746 0.16 0.0438606 0.00852546
 747 0.2 0.0440696 0.0085166
 748 0.08 0.0441176 0.00850535
 749 -0.04 0.0440053 0.00849473
 750 0 0.0439467 0.00848359
 751 0.28 0.044261 0.00847812
 752 0.2 0.0444681 0.00846937
 753 0.2 0.0446746 0.00846064
 754 0.04 0.0446684 0.00844941
 755 0.32 0.0450331 0.00844609
 756 0.4 0.0455026 0.00844797
 757 0.44 0.0460238 0.00845288
 758 0.44 0.0465435 0.00845771
 759 0.32 0.0469038 0.00845424
 760 0.48 0.0474737 0.00846231
 761 0.28 0.0477792 0.00845671
 762 -0.04 0.047664 0.00844639
 763 0.12 0.0477588 0.00843584
 764 0.12 0.0478534 0.00842533
 765 -0.04 0.0477386 0.00841509
 766 0.56 0.0484073 0.00843066
 767 0.84 0.0494394 0.00848268
 768 0.76 0.0503646 0.008522
 769 0.88 0.0514434 0.00857902
 770 0.44 0.0519481 0.00858272
 771 0.44 0.0524514 0.00858634
 772 0.36 0.0528497 0.00858446
 773 0.52 0.0534541 0.00859462
 774 0.52 0.0540568 0.00860465
 775 0.4 0.0545032 0.00860512
 776 0.24 0.0547423 0.00859735
 777 0.4 0.0551866 0.00859777
 778 0.52 0.0557841 0.00860747
 779 0.36 0.0561746 0.00860528
 780 0.36 0.0565641 0.00860306
 781 0.08 0.0565941 0.00859209
 782 0.24 0.0568286 0.0085843
 783 0.16 0.0569604 0.00857435
 784 0 0.0568878 0.00856371
 785 -0.36 0.0563567 0.00856927
 786 -0.32 0.0558779 0.00857174
 787 -0.16 0.0556036 0.00856524
 788 -0.16 0.0553299 0.00855873
 789 0.04 0.0553105 0.0085479
 790 0.32 0.0556456 0.00854365
 791 0.04 0.0556258 0.00853286
 792 0.08 0.0556566 0.00852214
 793 0.16 0.0557881 0.0085124
 794 0.08 0.0558186 0.00850173
 795 -0.08 0.0556478 0.00849274
 796 -0.08 0.0554774 0.00848378
 797 -0.16 0.055207 0.00847744
 798 0.08 0.0552381 0.00846687
 799 -0.08 0.0550688 0.00845796
 800 -0.32 0.0546 0.00846038
 801 -0.32 0.0541323 0.00846274
 802 -0.16 0.0538653 0.0084564
 803 0.08 0.0538979 0.00844593
 804 0.04 0.0538806 0.00843543
 805 0.12 0.0539627 0.00842535
 806 0.12 0.0540447 0.00841529
 807 0.12 0.0541264 0.00840525
 808 0.16 0.0542574 0.00839586
 809 0.16 0.0543881 0.0083865
 810 0.12 0.0544691 0.00837653
 811 -0.04 0.0543527 0.008367
 812 0.36 0.0547291 0.00836517
 813 0.4 0.0551538 0.00836566
 814 0.32 0.0554791 0.00836171
 815 0.16 0.0556074 0.00835243
 816 -0.16 0.0553431 0.00834637
 817 -0.32 0.0548837 0.00834879
 818 -0.16 0.054621 0.00834272
 819 -0.08 0.0544567 0.00833415
 820 -0.12 0.0542439 0.0083267
 821 -0.2 0.0539342 0.00832231
 822 -0.2 0.0536253 0.00831792
 823 0.2 0.0538032 0.00830971
 824 0.28 0.0540777 0.00830416
 825 0.04 0.0540606 0.0082941
 826 0.4 0.0544794 0.00829464
 827 0.24 0.0547037 0.00828764
 828 0.2 0.0548792 0.00827948
 829 0.04 0.0548613 0.00826951
 830 0.08 0.0548916 0.00825959
 831 -0.12 0.0546811 0.00825233
 832 0.28 0.0549519 0.00824686
 833 0.28 0.0552221 0.00824138
 834 0 0.0551559 0.00823176
 835 0.16 0.0552814 0.00822285
 836 0.44 0.0557416 0.00822589
 837 0.36 0.0561051 0.0082241
 838 0 0.0560382 0.00821455
 839 -0.04 0.0559237 0.00820555
 840 -0.28 0.0555238 0.00820553
 841 -0.16 0.0552675 0.00819977
 842 -0.4 0.0547268 0.00820785
 843 -0.24 0.0543772 0.00820556
 844 -0.24 0.0540284 0.00820325
 845 -0.08 0.0538698 0.00819508
 846 0 0.0538061 0.00818563
 847 -0.08 0.0536482 0.00817749
 848 0.08 0.0536792 0.0081679
 849 0.04 0.0536631 0.00815829
 850 0 0.0536 0.00814893
 851 0 0.053537 0.00813959
 852 0 0.0534742 0.00813027
 853 0.04 0.0534584 0.00812075
 854 -0.12 0.0532553 0.00811378
 855 -0.32 0.0528187 0.00811603
 856 -0.16 0.0525701 0.00811036
 857 -0.28 0.052182 0.00811018
 858 -0.24 0.0518415 0.00810788
 859 0 0.0517811 0.00809866
 860 0.16 0.051907 0.00809021
 861 0.28 0.0521719 0.00808515
 862 0.24 0.0523898 0.00807871
 863 0.08 0.0524218 0.0080694
 864 0.32 0.0527315 0.00806601
 865 0.48 0.0532254 0.0080718
 866 0.36 0.0535797 0.00807026
 867 0.2 0.0537486 0.00806271
 868 -0.2 0.0534562 0.00805872
 869 0 0.0533947 0.00804968
 870 0.12 0.0534713 0.00804078
 871 -0.16 0.0532262 0.00803529
 872 -0.28 0.052844 0.00803516
 873 0.12 0.052921 0.00802632
 874 0.04 0.0529062 0.00801714
 875 0.08 0.0529371 0.00800803
 876 0 0.0528767 0.00799912
 877 0.04 0.052862 0.00799
 878 0.08 0.0528929 0.00798096
 879 0.16 0.0530148 0.0079728
 880 0.2 0.0531818 0.00796549
 881 0.24 0.0533939 0.00795927
 882 0.12 0.0534694 0.0079506
 883 0.28 0.0537259 0.00794573
 884 0.32 0.0540271 0.00794245
 885 0.44 0.0544633 0.00794545
 886 0.4 0.0548533 0.00794605
 887 0.4 0.0552424 0.00794662
 888 0.16 0.0553604 0.00793855
 889 0.16 0.0554781 0.00793048
 890 0.16 0.0555955 0.00792244
 891 0.28 0.0558474 0.00791755
 892 0.36 0.0561883 0.00791602
 893 0.32 0.0564838 0.00791266
 894 0.28 0.0567338 0.00790776
 895 0.04 0.0567151 0.00789894
 896 0.04 0.0566964 0.00789014
 897 -0.12 0.0564994 0.0078838
 898 0.04 0.0564811 0.00787504
 899 0.32 0.0567742 0.00787174
 900 -0.16 0.0565333 0.00786667
 901 0.24 0.056737 0.00786057
 902 0.12 0.0568071 0.00785217
 903 0 0.0567442 0.00784372
 904 -0.16 0.0565044 0.00783871
 905 0.36 0.0568398 0.00783722
 906 0.16 0.0569536 0.00782939
 907 0.12 0.0570232 0.00782106
 908 0.08 0.0570485 0.00781249
 909 -0.16 0.0568097 0.00780754
 910 0.16 0.0569231 0.00779978
 911 0.16 0.0570362 0.00779203
 912 0.08 0.0570614 0.00778353
 913 0.04 0.0570427 0.00777502
 914 0 0.0569803 0.00776676
 915 -0.48 0.0563934 0.00778043
 916 -0.12 0.0562009 0.00777432
 917 -0.32 0.0557906 0.00777666
 918 -0.16 0.0555556 0.00777174
 919 -0.28 0.0551904 0.00777186
 920 -0.36 0.0547391 0.00777652
 921 -0.08 0.0545928 0.00776945
 922 -0.16 0.0543601 0.0077645
 923 0.12 0.0544312 0.00775641
 924 -0.04 0.054329 0.00774869
 925 -0.12 0.0541405 0.0077426
 926 -0.04 0.0540389 0.0077349
 927 0 0.0539806 0.00772677
 928 -0.4 0.0534914 0.00773393
 929 -0.28 0.0531324 0.00773394
 930 -0.48 0.0525591 0.00774686
 931 -0.44 0.0520301 0.0077566
 932 -0.48 0.0514592 0.00776927
 933 0 0.0514041 0.00776113
 934 -0.08 0.0512634 0.00775409
 935 -0.04 0.0511658 0.00774641
 936 -0.12 0.0509829 0.00774029
 937 -0.2 0.050715 0.00773667
 938 0.04 0.0507036 0.00772842
 939 0.04 0.0506922 0.0077202
 940 0.2 0.0508511 0.00771361
 941 0.32 0.0511371 0.00771072
 942 0.28 0.05138 0.00770636
 943 0.68 0.0520467 0.00772699
 944 0.64 0.0526695 0.00774389
 945 0.64 0.053291 0.00776062
 946 0.76 0.0540381 0.00778832
 947 0.84 0.054868 0.00782423
 948 0.76 0.0556118 0.00785129
 949 0.56 0.0561433 0.007861
 950 0.4 0.0565053 0.00786106
 951 0.2 0.0566562 0.00785424
 952 0.36 0.0569748 0.00785245
 953 0.24 0.0571668 0.00784656
 954 0.16 0.0572746 0.00783907
 955 0.2 0.0574241 0.00783228
 956 0.24 0.0576151 0.00782642
 957 0.24 0.0578056 0.00782056
 958 0.08 0.0578288 0.00781242
 959 0.04 0.0578102 0.00780429
 960 0 0.05775 0.00779639
 961 0.2 0.057898 0.00778968
 962 0 0.0578378 0.00778181
 963 -0.28 0.057487 0.00778164
 964 -0.2 0.0572199 0.00777815
 965 -0.2 0.0569534 0.00777466
 966 0.2 0.0571014 0.00776802
 967 0.32 0.0573733 0.00776474
 968 0.4 0.0577273 0.00776479
 969 0.28 0.0579567 0.00776016
 970 0.48 0.0583918 0.00776436
 971 0.56 0.0589083 0.00777354
 972 0.56 0.0594239 0.00778263
 973 0.24 0.0596095 0.00777684
 974 0.12 0.0596715 0.0077691
 975 0 0.0596103 0.00776137
 976 0 0.0595492 0.00775366
 977 -0.16 0.0593245 0.00774897
 978 0.12 0.0593865 0.0077413
 979 0.08 0.0594076 0.00773341
 980 -0.08 0.0592653 0.00772683
 981 -0.48 0.0587156 0.0077385
 982 -0.44 0.0582077 0.00774727
 983 -0.08 0.0580671 0.00774067
 984 -0.28 0.0577236 0.00774042
 985 0.16 0.0578274 0.00773326
 986 0.12 0.0578905 0.00772567
 987 -0.12 0.0577102 0.00771994
 988 0.08 0.0577328 0.00771216
 989 0.2 0.0578766 0.0077057
 990 0.12 0.0579394 0.00769817
 991 0.12 0.058002 0.00769065
 992 0 0.0579435 0.00768312
 993 0.36 0.0582477 0.0076814
 994 0.16 0.0583501 0.00767435
 995 0.28 0.0585729 0.00766987
 996 0.08 0.0585944 0.0076622
 997 0.2 0.0587362 0.00765582
 998 0.24 0.0589178 0.0076503
 999 0.2 0.0590591 0.00764394
 1000 0.2 0.0592 0.0076376
 1001 -0.16 0.058981 0.00763311
 1002 0.16 0.0590818 0.00762615
 1003 0.12 0.0591426 0.00761879
 1004 -0.36 0.0587251 0.00762263
 1005 -0.28 0.0583881 0.0076225
 1006 -0.12 0.0582107 0.00761698
 1007 -0.2 0.0579543 0.00761373
 1008 -0.2 0.0576984 0.00761048
 1009 0.04 0.0576809 0.00760296
 1010 -0.16 0.0574653 0.00759848
 1011 -0.36 0.0570524 0.00760218
 1012 -0.16 0.0568379 0.0075977
 1013 -0.4 0.056387 0.00760358
 1014 0.12 0.0564497 0.00759633
 1015 0.24 0.0566305 0.007591
 1016 0.44 0.0570079 0.00759291
 1017 0.28 0.0572271 0.00758861
 1018 0.04 0.0572102 0.00758117
 1019 -0.24 0.0569185 0.00757934
 1020 -0.4 0.0564706 0.00758514
 1021 0.08 0.0564936 0.00757774
 1022 0.2 0.0566341 0.00757163
 1023 0.24 0.0568133 0.00756635
 1024 -0.08 0.0566797 0.00756014
 1025 0.2 0.0568195 0.00755405
 1026 0.24 0.0569981 0.0075488
 1027 -0.08 0.0568647 0.00754262
 1028 -0.16 0.0566537 0.00753823
 1029 -0.2 0.0564043 0.00753503
 1030 0.16 0.0565049 0.00752839
 1031 0.4 0.056838 0.00752846
 1032 -0.04 0.0567442 0.00752174
 1033 0.04 0.056728 0.00751447
 1034 0.16 0.0568279 0.00750787
 1035 0.28 0.0570435 0.00750371
 1036 0 0.0569884 0.00749667
 1037 0.16 0.0570878 0.00749009
 1038 0.48 0.0574952 0.00749396
 1039 0.56 0.0579788 0.00750235
 1040 0.32 0.0582308 0.00749936
 1041 0.28 0.0584438 0.00749518
 1042 0.08 0.0584645 0.00748801
 1043 0.12 0.0585235 0.00748106
 1044 0.08 0.0585441 0.00747392
 1045 0.04 0.0585263 0.00746679
 1046 0.24 0.0586998 0.00746166
 1047 0.04 0.0586819 0.00745456
 1048 -0.2 0.0584351 0.00745153
 1049 -0.2 0.0581888 0.0074485
 1050 -0.2 0.0579429 0.00744546
 1051 -0.32 0.0575833 0.00744706
 1052 -0.12 0.0574144 0.00744189
 1053 -0.2 0.05717 0.00743884
 1054 -0.12 0.0570019 0.00743368
 1055 -0.08 0.056872 0.00742777
 1056 -0.08 0.0567424 0.00742186
 1057 -0.16 0.0565374 0.00741767
 1058 -0.16 0.0563327 0.00741348
 1059 -0.32 0.0559773 0.007415
 1060 -0.24 0.0556981 0.00741326
 1061 -0.32 0.055344 0.00741473
 1062 -0.4 0.0549153 0.00742014
 1063 -0.12 0.0547507 0.00741498
 1064 0.24 0.0549248 0.00741006
 1065 0.12 0.0549859 0.00740335
 1066 -0.04 0.0548968 0.00739694
 1067 0.08 0.0549203 0.00739004
 1068 0.2 0.0550562 0.00738437
 1069 0.16 0.0551543 0.00737811
 1070 0.2 0.0552897 0.00737245
 1071 0.08 0.0553128 0.0073656
 1072 -0.04 0.0552239 0.00735926
 1073 0.04 0.0552097 0.00735242
 1074 -0.2 0.0549721 0.00734941
 1075 -0.08 0.0548465 0.00734364
 1076 -0.32 0.0544981 0.00734508
 1077 0.2 0.0546332 0.0073395
 1078 0.08 0.0546568 0.00733273
 1079 -0.08 0.054532 0.00732699
 1080 0.08 0.0545556 0.00732024
 1081 0.12 0.0546161 0.00731372
 1082 0 0.0545656 0.00730713
 1083 -0.04 0.0544783 0.0073009
 1084 -0.36 0.0540959 0.00730418
 1085 -0.48 0.0536037 0.00731403
 1086 -0.36 0.0532228 0.00731721
 1087 -0.32 0.0528795 0.00731853
 1088 -0.28 0.0525735 0.0073182
 1089 0 0.0525253 0.00731164
 1090 0.28 0.0527339 0.00730791
 1091 0.2 0.0528689 0.00730245
 1092 0.08 0.0528938 0.0072958
 1093 0 0.0528454 0.00728929
 1094 0 0.0527971 0.00728278
 1095 -0.12 0.0526393 0.00727784
 1096 -0.12 0.0524818 0.0072729
 1097 0.24 0.0526527 0.00726828
 1098 0.08 0.0526776 0.0072617
 1099 0.36 0.0529572 0.00726047
 1100 0.04 0.0529455 0.00725388
 1101 0.04 0.0529337 0.0072473
 1102 0.28 0.0531397 0.00724365
 1103 0.44 0.0534905 0.00724557
 1104 0.12 0.0535507 0.00723926
 1105 0.32 0.0537919 0.00723672
 1106 0.2 0.0539241 0.00723139
 1107 0.36 0.0542005 0.00723014
 1108 0.36 0.0544765 0.00722888
 1109 0.24 0.0546438 0.0072243
 1110 -0.24 0.0543784 0.00722267
 1111 -0.16 0.0541854 0.00721874
 1112 -0.08 0.0540647 0.00721326
 1113 0.16 0.0541599 0.0072074
 1114 0.16 0.0542549 0.00720155
 1115 0.16 0.0543498 0.00719572
 1116 -0.24 0.054086 0.0071941
 1117 -0.24 0.0538227 0.00719248
 1118 -0.32 0.0534884 0.00719382
 1119 -0.24 0.0532261 0.00719217
 1120 0.04 0.0532143 0.00718576
 1121 0.12 0.0532739 0.00717959
 1122 -0.12 0.0531194 0.00717485
 1123 -0.36 0.0527516 0.00717789
 1124 -0.04 0.052669 0.00717198
 1125 -0.2 0.0524444 0.00716912
 1126 -0.16 0.0522558 0.00716523
 1127 -0.16 0.0520674 0.00716135
 1128 0.32 0.052305 0.00715894
 1129 0.36 0.0525775 0.00715779
 1130 0.48 0.0529558 0.00716145
 1131 0.56 0.0534041 0.00716914
 1132 0.44 0.0537456 0.00717094
 1133 0.16 0.0538394 0.00716522
 1134 -0.04 0.0537566 0.00715938
 1135 0.16 0.0538502 0.00715368
 1136 0.04 0.053838 0.00714739
 1137 0.32 0.0540721 0.00714494
 1138 0.32 0.0543058 0.00714248
 1139 0.04 0.0542932 0.00713622
 1140 -0.24 0.0540351 0.00713463
 1141 -0.24 0.0537774 0.00713303
 1142 -0.48 0.05331 0.00714209
 1143 -0.24 0.0530534 0.00714045
 1144 -0.24 0.0527972 0.00713881
 1145 -0.24 0.0525415 0.00713715
 1146 -0.4 0.0521466 0.00714185
 1147 -0.24 0.0518919 0.00714016
 1148 -0.04 0.0518118 0.00713439
 1149 0.32 0.0520453 0.007132
 1150 0.12 0.0521043 0.00712604
 1151 0.12 0.0521633 0.00712009
 1152 0.24 0.0523264 0.00711577
 1153 0.16 0.0524198 0.00711021
 1154 0.32 0.0526516 0.00710783
 1155 0.24 0.0528139 0.00710353
 1156 -0.08 0.052699 0.00709831
 1157 0.12 0.0527571 0.00709241
 1158 0.08 0.0527807 0.00708632
 1159 0.24 0.0529422 0.00708205
 1160 0 0.0528966 0.00707609
 1161 -0.2 0.0526787 0.00707334
 1162 0.2 0.0528055 0.00706839
 1163 0.4 0.053104 0.00706862
 1164 0.04 0.0530928 0.00706255
 1165 -0.16 0.0529099 0.00705886
 1166 0.08 0.0529331 0.00705284
 1167 0.16 0.0530249 0.00704739
 1168 0.16 0.0531164 0.00704195
 1169 0.08 0.0531394 0.00703596
 1170 0.12 0.0531966 0.00703018
 1171 -0.04 0.053117 0.00702462
 1172 0.16 0.0532082 0.00701922
 1173 0.16 0.0532992 0.00701382
 1174 0.32 0.0535264 0.00701153
 1175 0.24 0.0536851 0.00700735
 1176 0.08 0.0537075 0.00700143
 1177 -0.04 0.0536279 0.00699593
 1178 0 0.0535823 0.00699014
 1179 0.24 0.0537405 0.006986
 1180 0.12 0.0537966 0.0069803
 1181 0 0.0537511 0.00697453
 1182 0 0.0537056 0.00696878
 1183 0.16 0.0537954 0.00696347
 1184 0.12 0.0538514 0.00695781
 1185 0 0.0538059 0.00695208
 1186 0.04 0.0537943 0.00694623
 1187 0.12 0.05385 0.0069406
 1188 0.32 0.0540741 0.00693837
 1189 0.12 0.0541295 0.00693275
 1190 0.04 0.0541176 0.00692694
 1191 0 0.0540722 0.00692127
 1192 -0.16 0.0538926 0.00691779
 1193 0.04 0.053881 0.006912
 1194 0.08 0.0539028 0.00690624
 1195 -0.08 0.0537908 0.00690137
 1196 -0.08 0.0536789 0.0068965
 1197 -0.2 0.053467 0.006894
 1198 -0.24 0.053222 0.00689259
 1199 -0.12 0.0530776 0.00688836
 1200 -0.12 0.0529333 0.00688413
 1201 -0.24 0.0526894 0.00688272
 1202 -0.4 0.0523128 0.00688729
 1203 -0.12 0.0521696 0.00688306
 1204 0 0.0521262 0.00687747
 1205 0.28 0.0523154 0.00687436
 1206 -0.24 0.052073 0.00687294
 1207 0.24 0.0522287 0.00686901
 1208 0.44 0.0525497 0.00687082
 1209 0.44 0.0528701 0.00687261
 1210 0.08 0.0528926 0.00686696
 1211 0.12 0.052948 0.00686152
 1212 -0.28 0.0526733 0.00686135
 1213 -0.04 0.0525969 0.00685612
 1214 -0.12 0.0524547 0.00685195
 1215 0.4 0.0527407 0.00685228
 1216 0.4 0.0530263 0.00685259
 1217 0.24 0.05318 0.00684868
 1218 0.16 0.0532677 0.00684362
 1219 0.12 0.0533224 0.00683822
 1220 -0.04 0.0532459 0.00683304
 1221 -0.04 0.0531695 0.00682787
 1222 0 0.053126 0.00682242
 1223 0.08 0.053148 0.00681688
 1224 0 0.0531046 0.00681144
 1225 0.16 0.0531918 0.00680644
 1226 0.08 0.0532137 0.00680092
 1227 0.08 0.0532355 0.00679541
 1228 0.2 0.053355 0.00679093
 1229 0.28 0.0535395 0.0067879
 1230 0.24 0.0536911 0.00678408
 1231 0.12 0.0537449 0.00677878
 1232 0.12 0.0537987 0.00677349
 1233 0.36 0.054047 0.00677255
 1234 0.28 0.0542301 0.00676953
 1235 0.32 0.0544453 0.00676747
 1236 0.08 0.054466 0.00676202
 1237 0.04 0.0544543 0.00675657
 1238 -0.2 0.0542488 0.00675423
 1239 -0.24 0.0540113 0.00675296
 1240 0.2 0.054129 0.00674854
 1241 0.2 0.0542466 0.00674412
 1242 0.28 0.0544283 0.00674114
 1243 0.12 0.0544811 0.00673592
 1244 0.16 0.0545659 0.00673104
 1245 0.36 0.0548112 0.0067301
 1246 0.52 0.0551846 0.00673506
 1247 0.04 0.0551724 0.00672966
 1248 0.32 0.0553846 0.00672762
 1249 0.2 0.0555004 0.00672322
 1250 0.52 0.055872 0.00672811
 1251 0.48 0.056211 0.00673128
 1252 0.56 0.0566134 0.00673792
 1253 0.4 0.0568875 0.00673812
 1254 0.32 0.0570973 0.00673601
 1255 0.28 0.0572749 0.00673299
 1256 0 0.0572293 0.00672778
 1257 -0.12 0.0570883 0.0067239
 1258 0.04 0.0570747 0.00671857
 1259 0.08 0.0570929 0.00671325
 1260 -0.28 0.0568254 0.00671326
 1261 -0.28 0.0565583 0.00671325
 1262 -0.24 0.0563233 0.00671204
 1263 -0.28 0.056057 0.00671201
 1264 -0.16 0.0558861 0.00670887
 1265 -0.04 0.0558103 0.006704
 1266 0 0.0557662 0.00669885
 1267 -0.12 0.0556275 0.00669499
 1268 0.28 0.0558044 0.00669205
 1269 0.2 0.055918 0.00668774
 1270 -0.08 0.055811 0.00668333
 1271 0.16 0.055893 0.00667857
 1272 0.12 0.0559434 0.00667351
 1273 0.08 0.0559623 0.00666829
 1274 0 0.0559184 0.0066632
 1275 0.12 0.0559686 0.00665816
 1276 0.12 0.0560188 0.00665313
 1277 0.16 0.0561002 0.00664842
 1278 0.16 0.0561815 0.00664371
 1279 0.28 0.0563565 0.00664082
 1280 -0.28 0.0560937 0.00664083
 1281 -0.08 0.0559875 0.0066365
 1282 0 0.0559438 0.00663146
 1283 -0.08 0.0558379 0.00662714
 1284 0.12 0.0558879 0.00662216
 1285 0.08 0.0559066 0.00661703
 1286 -0.04 0.055832 0.00661231
 1287 0.12 0.0558819 0.00660736
 1288 0.12 0.0559317 0.00660241
 1289 0.08 0.0559503 0.00659731
 1290 0.08 0.055969 0.00659222
 1291 0.32 0.0561735 0.00659029
 1292 0.32 0.0563777 0.00658835
 1293 0.12 0.0564269 0.00658344
 1294 -0.32 0.056136 0.00658478
 1295 -0.16 0.0559691 0.00658181
 1296 0 0.0559259 0.00657687
 1297 0.16 0.0560062 0.00657229
 1298 0 0.055963 0.00656736
 1299 -0.04 0.0558891 0.00656272
 1300 -0.08 0.0557846 0.0065585
 1301 0.16 0.0558647 0.00655395
 1302 -0.12 0.0557296 0.00655031
 1303 0.16 0.0558097 0.00654577
 1304 0 0.0557669 0.00654089
 1305 0.04 0.0557548 0.00653588
 1306 0 0.0557121 0.00653102
 1307 0 0.0556695 0.00652616
 1308 0 0.0556269 0.0065213
 1309 0.2 0.0557372 0.00651725
 1310 0.12 0.0557863 0.00651246
 1311 -0.24 0.0555606 0.0065114
 1312 -0.44 0.0551829 0.00651739
 1313 -0.28 0.0549276 0.00651743
 1314 -0.2 0.0547336 0.00651535
 1315 -0.12 0.0546008 0.00651175
 1316 -0.4 0.0542553 0.00651597
 1317 -0.32 0.0539711 0.00651722
 1318 -0.2 0.0537785 0.00651512
 1319 -0.32 0.0534951 0.00651634
 1320 -0.2 0.053303 0.00651424
 1321 -0.08 0.0532021 0.00651008
 1322 0.04 0.0531921 0.00650517
 1323 0.2 0.0533031 0.00650119
 1324 0.12 0.0533535 0.00649648
 1325 0.28 0.0535245 0.00649383
 1326 0.04 0.0535143 0.00648893
 1327 -0.12 0.0533836 0.00648536
 1328 -0.32 0.0531024 0.00648657
 1329 0.12 0.0531527 0.00648189
 1330 0.16 0.0532331 0.00647751
 1331 0.04 0.0532231 0.00647265
 1332 -0.08 0.0531231 0.00646856
 1333 0.04 0.0531133 0.00646371
 1334 -0.04 0.0530435 0.00645924
 1335 0.16 0.0531236 0.0064549
 1336 0.24 0.0532635 0.00645158
 1337 0.4 0.0535228 0.00645197
 1338 0.36 0.0537519 0.00645121
 1339 0.4 0.0540105 0.00645158
 1340 0.36 0.0542388 0.0064508
 1341 0.36 0.0544668 0.00645002
 1342 0.4 0.0547243 0.00645036
 1343 0.44 0.0550112 0.00645193
 1344 0.24 0.0551488 0.0064486
 1345 0.24 0.0552862 0.00644527
 1346 -0.12 0.055156 0.00644179
 1347 0.2 0.0552635 0.00643791
 1348 0.52 0.0556083 0.00644236
 1349 0.36 0.055834 0.00644154
 1350 0.16 0.0559111 0.00643723
 1351 0.36 0.0561362 0.0064364
 1352 0.32 0.0563314 0.0064346
 1353 0.24 0.0564671 0.00643127
 1354 0.28 0.0566322 0.00642864
 1355 0.36 0.0568561 0.00642779
 1356 0.12 0.0569027 0.00642322
 1357 0.2 0.0570081 0.00641935
 1358 -0.28 0.0567599 0.00641942
 1359 -0.08 0.0566593 0.00641549
 1360 0.08 0.0566765 0.00641079
 1361 0.36 0.0568993 0.00640995
 1362 0.24 0.0570338 0.00640666
 1363 0.08 0.0570506 0.00640198
 1364 -0.2 0.0568622 0.00640006
 1365 0.32 0.0570549 0.00639827
 1366 0.24 0.0571889 0.00639499
 1367 0 0.057147 0.00639044
 1368 0.2 0.0572515 0.00638662
 1369 0.16 0.0573265 0.0063824
 1370 0.36 0.0575474 0.00638156
 1371 0.56 0.0579139 0.00638743
 1372 0.4 0.0581633 0.00638764
 1373 0.48 0.0584705 0.00639038
 1374 0.2 0.0585735 0.00638656
 1375 0.36 0.0587927 0.00638567
 1376 0.44 0.0590698 0.00638704
 1377 0.52 0.0594045 0.00639117
 1378 0.04 0.0593904 0.00638655
 1379 0.28 0.0595504 0.00638392
 1380 0.24 0.0596812 0.00638063
 1381 0.24 0.0598117 0.00637735
 1382 0.4 0.0600579 0.00637748
 1383 0.24 0.060188 0.0063742
 1384 0.16 0.0602601 0.00637
 1385 0.12 0.0603032 0.00636555
 1386 0 0.0602597 0.0063611
 1387 0.16 0.0603317 0.00635692
 1388 0.32 0.0605187 0.00635509
 1389 0.32 0.0607055 0.00635326
 1390 0.6 0.0610935 0.00636053
 1391 0.56 0.0614522 0.00636607
 1392 0.24 0.0615805 0.00636279
 1393 0.32 0.061766 0.00636092
 1394 0.12 0.0618077 0.0063565
 1395 -0.04 0.0617348 0.00635236
 1396 0.04 0.0617192 0.00634783
 1397 -0.04 0.0616464 0.0063437
 1398 -0.2 0.0614592 0.00634192
 1399 -0.56 0.061015 0.00635294
 1400 -0.44 0.0606571 0.00635847
 1401 -0.52 0.0602427 0.00636744
 1402 -0.48 0.0598573 0.00637455
 1403 -0.24 0.0596436 0.00637359
 1404 -0.2 0.0594587 0.00637173
 1405 -0.24 0.0592456 0.00637076
 1406 -0.2 0.0590612 0.0063689
 1407 0 0.0590192 0.00636451
 1408 -0.24 0.0588068 0.00636353
 1409 -0.24 0.0585947 0.00636255
 1410 -0.2 0.0584113 0.00636068
 1411 -0.08 0.0583133 0.00635693
 1412 0.28 0.0584703 0.00635437
 1413 0.44 0.0587403 0.0063556
 1414 0.36 0.0589533 0.00635468
 1415 0.36 0.0591661 0.00635375
 1416 0.08 0.0591808 0.00634928
 1417 -0.04 0.0591108 0.00634518
 1418 0.28 0.0592666 0.00634262
 1419 0.36 0.0594785 0.00634169
 1420 0.52 0.0598028 0.00634552
 1421 0.48 0.0600985 0.00634794
 1422 0.4 0.0603376 0.00634798
 1423 0.6 0.0607168 0.00635484
 1424 0.36 0.060927 0.00635385
 1425 0.28 0.0610807 0.00635125
 1426 0.32 0.0612623 0.0063494
 1427 0.32 0.0614436 0.00634753
 1428 0.44 0.0617087 0.00634862
 1429 0.16 0.0617775 0.00634455
 1430 -0.04 0.0617063 0.00634051
 1431 -0.24 0.0614955 0.00633959
 1432 0.04 0.0614804 0.00633518
 1433 -0.04 0.0614096 0.00633115
 1434 0 0.0613668 0.00632688
 1435 0.36 0.0615749 0.00632589
 1436 0.4 0.0618106 0.00632588
 1437 0.12 0.0618511 0.0063216
 1438 -0.12 0.0617246 0.00631847
 1439 -0.44 0.061376 0.0063237
 1440 -0.48 0.061 0.00633048
 1441 -0.6 0.0605413 0.00634269
 1442 -0.04 0.0604716 0.00633868
 1443 -0.28 0.0602356 0.00633868
 1444 -0.28 0.06 0.00633867
 1445 -0.2 0.0598201 0.00633683
 1446 0.16 0.0598893 0.00633283
 1447 0 0.059848 0.00632859
 1448 0.08 0.0598619 0.00632423
 1449 -0.2 0.0596825 0.00632241
 1450 -0.12 0.0595586 0.00631926
 1451 0.04 0.0595451 0.00631492
 1452 0.04 0.0595317 0.00631058
 1453 0.04 0.0595182 0.00630625
 1454 0.24 0.0596424 0.00630313
 1455 0.16 0.0597113 0.00629918
 1456 0.2 0.0598077 0.00629559
 1457 -0.04 0.0597392 0.00629164
 1458 -0.28 0.0595062 0.00629164
 1459 -0.2 0.0593283 0.00628984
 1460 -0.04 0.0592603 0.0062859
 1461 0.12 0.0593018 0.00628173
 1462 0 0.0592613 0.00627757
 1463 0.12 0.0593028 0.00627341
 1464 -0.12 0.0591803 0.00627032
 1465 -0.24 0.0589761 0.00626937
 1466 -0.44 0.0586357 0.00627433
 1467 -0.4 0.0583231 0.00627784
 1468 -0.48 0.0579564 0.00628427
 1469 -0.48 0.0575902 0.00629066
 1470 -0.48 0.0572245 0.006297
 1471 -0.64 0.0567505 0.00631055
 1472 -0.4 0.0564402 0.00631389
 1473 -0.12 0.0563204 0.00631074
 1474 -0.48 0.0559566 0.00631694
 1475 -0.52 0.0555661 0.00632472
 1476 -0.52 0.0551762 0.00633245
 1477 -0.36 0.0548951 0.00633441
 1478 -0.08 0.0548038 0.00633078
 1479 0.04 0.0547938 0.0063265
 1480 0 0.0547568 0.00632233
 1481 -0.16 0.0546117 0.00631973
 1482 0.04 0.0546019 0.00631547
 1483 -0.12 0.0544842 0.00631231
 1484 -0.2 0.0543127 0.00631038
 1485 -0.04 0.0542492 0.00630645
 1486 -0.04 0.0541857 0.00630253
 1487 0.16 0.0542569 0.00629869
 1488 0.32 0.0544355 0.00629699
 1489 0.4 0.0546676 0.00629703
 1490 0.32 0.0548456 0.00629533
 1491 0.2 0.054943 0.00629186
 1492 -0.24 0.0547453 0.00629074
 1493 -0.48 0.0543871 0.00629672
 1494 -0.04 0.054324 0.00629282
 1495 -0.04 0.0542609 0.00628893
 1496 0.08 0.0542781 0.00628475
 1497 0.08 0.0542953 0.00628057
 1498 0.04 0.0542857 0.00627639
 1499 0.16 0.0543562 0.00627259
 1500 -0.16 0.0542133 0.00627004
 1501 0.16 0.0542838 0.00626626
 1502 0.08 0.0543009 0.00626211
 1503 0.08 0.054318 0.00625796
 1504 0.24 0.0544415 0.00625502
 1505 -0.12 0.0543256 0.00625194
 1506 -0.08 0.0542364 0.00624842
 1507 0.04 0.0542269 0.00624428
 1508 -0.04 0.0541645 0.00624045
 1509 0 0.0541286 0.00623642
 1510 -0.12 0.0540132 0.00623335
 1511 -0.04 0.053951 0.00622954
 1512 -0.12 0.053836 0.00622648
 1513 -0.04 0.053774 0.00622267
 1514 0 0.0537384 0.00621866
 1515 -0.04 0.0536766 0.00621486
 1516 0.2 0.0537731 0.00621151
 1517 0.36 0.053975 0.0062107
 1518 0.04 0.0539657 0.00620661
 1519 0.24 0.0540882 0.00620373
 1520 0 0.0540526 0.00619975
 1521 -0.16 0.0539119 0.00619727
 1522 -0.4 0.0536137 0.00620038
 1523 -0.04 0.0535522 0.00619661
 1524 -0.04 0.0534908 0.00619284
 1525 -0.4 0.0531934 0.00619592
 1526 -0.32 0.0529489 0.00619669
 1527 -0.24 0.052757 0.0061956
 1528 -0.08 0.0526702 0.00619215
 1529 0.16 0.0527404 0.0061885
 1530 0.16 0.0528105 0.00618485
 1531 0 0.052776 0.00618091
 1532 0.12 0.0528198 0.00617703
 1533 -0.2 0.0526549 0.0061752
 1534 -0.52 0.0522816 0.00618245
 1535 -0.16 0.0521433 0.00617997
 1536 0 0.0521094 0.00617604
 1537 0.08 0.0521275 0.00617205
 1538 0.08 0.0521456 0.00616806
 1539 0.24 0.0522677 0.00616526
 1540 0.36 0.0524675 0.00616449
 1541 0.04 0.0524594 0.0061605
 1542 -0.04 0.0523995 0.00615679
 1543 0 0.0523655 0.0061529
 1544 -0.08 0.0522798 0.00614951
 1545 0 0.052246 0.00614562
 1546 -0.08 0.0521604 0.00614224
 1547 0.16 0.0522301 0.00613866
 1548 0.16 0.0522997 0.00613509
 1549 -0.08 0.0522143 0.00613172
 1550 0 0.0521806 0.00612786
 1551 0.28 0.0523275 0.00612567
 1552 0.56 0.0526546 0.00613045
 1553 0.8 0.0531359 0.00614537
 1554 0.72 0.053565 0.00615639
 1555 0.48 0.0538392 0.00615854
 1556 0.24 0.0539589 0.00615574
 1557 0.16 0.054027 0.00615217
 1558 0.24 0.0541463 0.00614938
 1559 0.52 0.0544452 0.00615269
 1560 0.56 0.0547692 0.00615728
 1561 0.16 0.0548366 0.0061537
 1562 0.2 0.0549296 0.00615046
 1563 0.16 0.0549968 0.0061469
 1564 0.28 0.0551407 0.00614465
 1565 0.28 0.0552843 0.0061424
 1566 0.08 0.0553001 0.0061385
 1567 0 0.0552648 0.00613468
 1568 0.16 0.0553316 0.00613113
 1569 0.08 0.0553474 0.00612724
 1570 0.36 0.0555414 0.00612641
 1571 0.28 0.0556843 0.00612418
 1572 0.08 0.0556997 0.0061203
 1573 -0.24 0.0555118 0.0061193
 1574 -0.08 0.0554257 0.00611601
 1575 -0.24 0.0552381 0.00611501
 1576 -0.28 0.0550254 0.00611483
 1577 -0.24 0.0548383 0.00611381
 1578 -0.16 0.0547022 0.00611145
 1579 -0.28 0.0544902 0.00611126
 1580 0.04 0.054481 0.0061074
 1581 0.12 0.0545225 0.00610367
 1582 0.04 0.0545133 0.00609982
 1583 0.12 0.0545546 0.0060961
 1584 0.28 0.054697 0.00609392
 1585 0.4 0.0549148 0.00609397
 1586 0.2 0.0550063 0.00609081
 1587 0.48 0.0552741 0.00609286
 1588 0.4 0.0554912 0.00609289
 1589 0.08 0.0555066 0.00608907
 1590 -0.16 0.0553711 0.00608675
 1591 0 0.0553363 0.00608302
 1592 0 0.0553015 0.0060793
 1593 -0.04 0.0552417 0.00607578
 1594 0.16 0.0553074 0.00607232
 1595 0.08 0.0553229 0.00606853
 1596 -0.2 0.0551629 0.00606684
 1597 0 0.0551284 0.00606314
 1598 0 0.0550939 0.00605944
 1599 0.12 0.0551345 0.00605579
 1600 0.16 0.0552 0.00605235
 1601 0.2 0.0552904 0.00604925
 1602 0.04 0.0552809 0.00604548
 1603 -0.04 0.0552215 0.006042
 1604 0.04 0.055212 0.00603824
 1605 0.16 0.0552773 0.00603483
 1606 0.16 0.0553425 0.00603142
 1607 0.36 0.055532 0.00603065
 1608 0.32 0.0556965 0.00602914
 1609 0.16 0.0557613 0.00602574
 1610 0.28 0.0559006 0.00602361
 1611 0.44 0.056139 0.00602459
 1612 0.2 0.0562283 0.00602151
 1613 0.32 0.0563918 0.00602
 1614 0.36 0.0565799 0.00601921
 1615 0.32 0.056743 0.00601769
 1616 0.04 0.0567327 0.00601397
 1617 -0.08 0.0566481 0.00601085
 1618 -0.24 0.0564648 0.00600993
 1619 0.04 0.0564546 0.00600622
 1620 -0.28 0.0562469 0.00600611
 1621 0.16 0.0563109 0.00600274
 1622 0.36 0.0564982 0.00600196
 1623 0 0.0564633 0.00599836
 1624 -0.24 0.0562808 0.00599745
 1625 0.08 0.0562954 0.00599377
 1626 -0.12 0.056187 0.00599107
 1627 -0.16 0.0560541 0.00598886
 1628 0.12 0.0560934 0.00598531
 1629 -0.04 0.0560344 0.00598192
 1630 0.04 0.0560245 0.00597826
 1631 0.28 0.0561619 0.00597617
 1632 0 0.0561275 0.00597261
 1633 0 0.0560931 0.00596905
 1634 0.04 0.0560832 0.0059654
 1635 0.32 0.0562446 0.00596394
 1636 0.6 0.056577 0.00596955
 1637 0.36 0.0567624 0.00596878
 1638 0.4 0.0569719 0.00596881
 1639 0.24 0.0570836 0.00596622
 1640 0.28 0.0572195 0.00596413
 1641 0.52 0.0575015 0.00596716
 1642 0.32 0.0576614 0.00596567
 1643 0.08 0.057675 0.00596205
 1644 0.08 0.0576886 0.00595844
 1645 0.12 0.0577264 0.00595493
 1646 -0.32 0.057497 0.00595574
 1647 -0.4 0.0572192 0.0059586
 1648 -0.16 0.0570874 0.00595644
 1649 -0.04 0.0570285 0.00595312
 1650 0 0.0569939 0.00594961
 1651 0 0.0569594 0.00594611
 1652 0.04 0.0569492 0.00594251
 1653 0.12 0.0569873 0.00593904
 1654 0.2 0.0570738 0.00593608
 1655 0.16 0.057136 0.00593282
 1656 0.44 0.0573671 0.00593374
 1657 0.04 0.0573567 0.00593017
 1658 0.16 0.0574186 0.00592691
 1659 0.12 0.0574563 0.00592346
 1660 0.2 0.0575422 0.00592051
 1661 0.04 0.0575316 0.00591696
 1662 -0.16 0.0574007 0.00591484
 1663 -0.48 0.0570776 0.00592011
 1664 0 0.0570433 0.00591665
 1665 0.12 0.0570811 0.00591322
 1666 -0.04 0.0570228 0.00590996
 1667 -0.32 0.0567966 0.00591074
 1668 0.04 0.0567866 0.0059072
 1669 0 0.0567525 0.00590376
 1670 -0.04 0.0566946 0.00590051
 1671 -0.16 0.0565649 0.0058984
 1672 0.12 0.0566029 0.00589499
 1673 -0.08 0.0565212 0.00589204
 1674 0 0.0564875 0.00588861
 1675 0.12 0.0565254 0.00588522
 1676 0.08 0.0565394 0.00588172
 1677 0.16 0.0566011 0.00587854
 1678 0.16 0.0566627 0.00587535
 1679 0.24 0.0567719 0.00587287
 1680 0.08 0.0567857 0.00586939
 1681 -0.2 0.056633 0.00586789
 1682 -0.44 0.0563377 0.00587182
 1683 -0.4 0.0560665 0.00587459
 1684 -0.52 0.0557245 0.00588106
 1685 -0.44 0.0554303 0.00588493
 1686 -0.36 0.0551839 0.0058866
 1687 -0.56 0.0548192 0.0058944
 1688 -0.4 0.0545498 0.00589706
 1689 -0.16 0.0544227 0.00589494
 1690 -0.32 0.0542012 0.00589562
 1691 -0.16 0.0540745 0.00589349
 1692 -0.12 0.0539716 0.0058909
 1693 0 0.0539398 0.00588751
 1694 0.16 0.0540024 0.00588437
 1695 0.28 0.0541357 0.0058824
 1696 0.32 0.0542925 0.00588102
 1697 0.32 0.054449 0.00587964
 1698 0.52 0.0547232 0.00588257
 1699 0.44 0.05495 0.00588348
 1700 0.48 0.0552 0.00588533
 1701 0.28 0.0553322 0.00588336
 1702 0.52 0.0556052 0.00588623
 1703 0.16 0.0556665 0.00588309
 1704 -0.12 0.0555634 0.00588054
 1705 -0.24 0.05539 0.00587965
 1706 -0.12 0.0552872 0.0058771
 1707 0.04 0.0552783 0.00587367
 1708 -0.2 0.0551288 0.00587213
 1709 -0.24 0.0549561 0.00587123
 1710 0.04 0.0549474 0.0058678
 1711 -0.12 0.0548451 0.00586526
 1712 -0.16 0.0547196 0.00586318
 1713 -0.32 0.0545009 0.00586384
 1714 -0.12 0.0543991 0.0058613
 1715 -0.08 0.0543207 0.00585841
 1716 -0.08 0.0542424 0.00585551
 1717 -0.04 0.0541875 0.00585236
 1718 -0.24 0.0540163 0.00585146
 1719 -0.36 0.0537755 0.00585301
 1720 -0.44 0.0534884 0.00585665
 1721 -0.44 0.0532016 0.00586026
 1722 -0.2 0.0530546 0.0058587
 1723 -0.32 0.0528381 0.0058593
 1724 -0.2 0.0526914 0.00585774
 1725 -0.32 0.0524754 0.00585833
 1726 -0.16 0.0523523 0.00585623
 1727 0.04 0.0523451 0.00585284
 1728 -0.28 0.0521528 0.00585261
 1729 -0.16 0.0520301 0.00585051
 1730 0 0.052 0.00584721
 1731 0.24 0.0521086 0.00584484
 1732 -0.28 0.0519169 0.00584461
 1733 -0.24 0.0517484 0.00584367
 1734 -0.32 0.051534 0.00584423
 1735 0 0.0515043 0.00584093
 1736 -0.12 0.0514055 0.0058384
 1737 -0.16 0.0512838 0.00583631
 1738 0.04 0.0512773 0.00583296
 1739 0.08 0.0512938 0.00582962
 1740 -0.16 0.0511724 0.00582754
 1741 -0.48 0.0508673 0.00583218
 1742 -0.28 0.0506774 0.00583192
 1743 -0.32 0.0504647 0.00583245
 1744 -0.4 0.0502064 0.00583483
 1745 -0.16 0.050086 0.00583273
 1746 -0.24 0.0499198 0.00583175
 1747 0.08 0.049937 0.00582844
 1748 0.32 0.0500915 0.00582715
 1749 0.28 0.050223 0.0058253
 1750 0.36 0.0504 0.00582466
 1751 0.4 0.0505997 0.00582476
 1752 0.36 0.0507763 0.00582411
 1753 0.16 0.0508386 0.00582112
 1754 0.12 0.050878 0.00581793
 1755 0.12 0.0509174 0.00581475
 1756 -0.08 0.0508428 0.00581192
 1757 -0.36 0.050609 0.00581331
 1758 -0.04 0.0505575 0.00581023
 1759 -0.24 0.0503923 0.00580928
 1760 -0.16 0.0502727 0.00580721
 1761 -0.12 0.050176 0.00580471
 1762 -0.12 0.0500795 0.00580222
 1763 0.2 0.0501645 0.00579955
 1764 0 0.0501361 0.00579634
 1765 -0.12 0.0500397 0.00579385
 1766 -0.24 0.0498754 0.0057929
 1767 0.08 0.0498925 0.00578965
 1768 0.2 0.0499774 0.00578699
 1769 0.12 0.050017 0.00578386
 1770 -0.04 0.0499661 0.00578081
 1771 -0.08 0.0498927 0.00577801
 1772 0 0.0498646 0.00577482
 1773 0.16 0.0499267 0.0057719
 1774 -0.16 0.0498083 0.00576985
 1775 0.04 0.0498028 0.00576661
 1776 0.08 0.0498198 0.00576338
 1777 -0.16 0.0497017 0.00576135
 1778 -0.32 0.0494938 0.00576186
 1779 -0.4 0.0492411 0.00576416
 1780 -0.2 0.0491011 0.00576262
 1781 0.12 0.0491409 0.00575952
 1782 0.36 0.0493154 0.00575893
 1783 0.16 0.0493775 0.00575604
 1784 -0.2 0.0492377 0.00575451
 1785 0 0.0492101 0.00575135
 1786 0 0.0491825 0.00574819
 1787 -0.16 0.0490655 0.00574617
 1788 0 0.049038 0.00574302
 1789 -0.24 0.0488765 0.00574208
 1790 -0.2 0.0487374 0.00574056
 1791 -0.12 0.0486432 0.00573813
 1792 0.2 0.0487277 0.00573554
 1793 0.2 0.048812 0.00573297
 1794 0.08 0.0488294 0.0057298
 1795 0 0.0488022 0.00572667
 1796 0.28 0.048931 0.00572493
 1797 0.28 0.0490595 0.00572318
 1798 0.28 0.049188 0.00572144
 1799 0.28 0.0493163 0.0057197
 1800 0.04 0.0493111 0.00571652
 1801 -0.04 0.0492615 0.00571356
 1802 0.08 0.0492786 0.00571042
 1803 -0.08 0.0492069 0.0057077
 1804 -0.2 0.0490687 0.00570621
 1805 0.08 0.0490859 0.00570307
 1806 -0.04 0.0490365 0.00570013
 1807 0 0.0490094 0.00569703
 1808 0.08 0.0490265 0.00569391
 1809 -0.08 0.0489552 0.00569121
 1810 -0.28 0.0487735 0.00569096
 1811 -0.2 0.0486361 0.00568948
 1812 -0.2 0.0484989 0.00568799
 1813 -0.2 0.0483618 0.00568651
 1814 -0.28 0.0481808 0.00568625
 1815 0.08 0.0481983 0.00568315
 1816 0.16 0.0482599 0.00568035
 1817 0.04 0.0482554 0.00567723
 1818 0 0.0482288 0.00567416
 1819 -0.08 0.0481583 0.00567148
 1820 -0.28 0.047978 0.00567123
 1821 0 0.0479517 0.00566818
 1822 0 0.0479254 0.00566513
 1823 -0.04 0.0478771 0.00566222
 1824 -0.08 0.047807 0.00565955
 1825 -0.04 0.0477589 0.00565666
 1826 0.24 0.0478642 0.00565454
 1827 0.48 0.0481007 0.00565639
 1828 0.16 0.0481619 0.00565363
 1829 0 0.0481356 0.00565059
 1830 -0.16 0.0480219 0.00564865
 1831 -0.2 0.0478864 0.00564719
 1832 0 0.0478603 0.00564417
 1833 0.12 0.0478996 0.00564122
 1834 0.12 0.0479389 0.00563829
 1835 0.08 0.0479564 0.00563524
 1836 -0.24 0.0477996 0.00563435
 1837 -0.44 0.047534 0.00563754
 1838 -0.08 0.0474646 0.0056349
 1839 -0.04 0.0474171 0.00563204
 1840 0.12 0.0474565 0.00562911
 1841 0.28 0.0475828 0.00562747
 1842 0.08 0.0476004 0.00562444
 1843 0.16 0.0476614 0.00562172
 1844 -0.24 0.0475054 0.00562084
 1845 -0.2 0.0473713 0.00561939
 1846 0.04 0.0473673 0.00561635
 1847 -0.04 0.04732 0.00561351
 1848 0.04 0.047316 0.00561047
 1849 0.12 0.0473553 0.00560757
 1850 0.08 0.047373 0.00560457
 1851 0.12 0.0474122 0.00560168
 1852 0.08 0.0474298 0.00559868
 1853 0.04 0.0474258 0.00559566
 1854 -0.08 0.0473571 0.00559306
 1855 0.04 0.0473531 0.00559005
 1856 0.08 0.0473707 0.00558706
 1857 0.08 0.0473883 0.00558408
 1858 -0.04 0.0473412 0.00558127
 1859 -0.36 0.0471221 0.00558257
 1860 -0.32 0.0469247 0.00558306
 1861 -0.04 0.046878 0.00558025
 1862 0.32 0.0470247 0.00557918
 1863 0.2 0.0471068 0.00557679
 1864 0.36 0.0472747 0.00557633
 1865 0.44 0.0474853 0.00557731
 1866 0.64 0.0478028 0.00558336
 1867 0.36 0.04797 0.00558287
 1868 0.6 0.0482655 0.0055877
 1869 0.08 0.0482825 0.00558474
 1870 -0.2 0.0481497 0.00558333
 1871 -0.32 0.047953 0.00558381
 1872 -0.4 0.0477137 0.00558596
 1873 -0.08 0.0476455 0.00558339
 1874 -0.36 0.047428 0.00558465
 1875 -0.08 0.04736 0.00558208
 1876 0.04 0.0473561 0.00557911
 1877 -0.08 0.0472882 0.00557655
 1878 -0.12 0.0471991 0.00557429
 1879 0.12 0.0472379 0.00557146
 1880 -0.08 0.0471702 0.0055689
 1881 -0.24 0.0470175 0.00556804
 1882 -0.08 0.0469501 0.00556549
 1883 -0.32 0.0467552 0.00556594
 1884 -0.24 0.046603 0.00556507
 1885 -0.08 0.0465358 0.00556252
 1886 -0.12 0.0464475 0.00556027
 1887 -0.16 0.0463381 0.0055584
 1888 -0.16 0.0462288 0.00555653
 1889 -0.04 0.0461832 0.00555378
 1890 0.04 0.0461799 0.00555084
 1891 0.16 0.0462401 0.00554823
 1892 -0.04 0.0461945 0.00554548
 1893 0.12 0.0462335 0.00554269
 1894 -0.04 0.046188 0.00553995
 1895 0.2 0.0462691 0.00553762
 1896 -0.08 0.0462025 0.0055351
 1897 -0.08 0.046136 0.00553258
 1898 -0.04 0.0460906 0.00552985
 1899 0 0.0460664 0.00552699
 1900 -0.16 0.0459579 0.00552515
 1901 -0.04 0.0459127 0.00552242
 1902 0.12 0.0459516 0.00551966
 1903 -0.04 0.0459065 0.00551694
 1904 -0.16 0.0457983 0.0055151
 1905 -0.12 0.0457113 0.00551289
 1906 0.28 0.0458342 0.00551137
 1907 0 0.0458102 0.00550853
 1908 -0.08 0.0457442 0.00550604
 1909 0 0.0457203 0.00550321
 1910 -0.12 0.0456335 0.00550101
 1911 -0.08 0.0455678 0.00549852
 1912 -0.16 0.0454603 0.0054967
 1913 -0.44 0.0452065 0.00549968
 1914 -0.04 0.045162 0.00549699
 1915 -0.08 0.0450966 0.00549451
 1916 0 0.0450731 0.00549169
 1917 0 0.0450496 0.00548887
 1918 0.12 0.0450886 0.00548615
 1919 0 0.0450651 0.00548334
 1920 0.12 0.0451042 0.00548062
 1921 0.04 0.0451015 0.00547777
 1922 0.2 0.0451821 0.00547551
 1923 0 0.0451586 0.00547271
 1924 0.04 0.0451559 0.00546987
 1925 0.12 0.0451948 0.00546717
 1926 -0.08 0.0451298 0.00546471
 1927 -0.12 0.0450441 0.00546255
 1928 0.04 0.0450415 0.00545972
 1929 0.2 0.0451218 0.00545748
 1930 0.12 0.0451606 0.00545479
 1931 -0.04 0.0451165 0.00545214
 1932 0.08 0.0451346 0.00544935
 1933 -0.08 0.0450698 0.00544691
 1934 -0.08 0.0450052 0.00544448
 1935 0.04 0.0450026 0.00544166
 1936 0 0.0449793 0.0054389
 1937 -0.08 0.0449148 0.00543648
 1938 -0.08 0.0448504 0.00543405
 1939 -0.4 0.0446209 0.00543609
 1940 -0.44 0.0443711 0.00543903
 1941 0 0.0443483 0.00543627
 1942 -0.28 0.0441813 0.00543604
 1943 -0.44 0.0439321 0.00543895
 1944 -0.4 0.0437037 0.00544095
 1945 -0.2 0.0435784 0.00543959
 1946 -0.36 0.043371 0.00544075
 1947 -0.32 0.0431844 0.00544116
 1948 0.28 0.043306 0.00543972
 1949 -0.08 0.0432427 0.0054373
 1950 0.08 0.0432615 0.00543454
 1951 0.16 0.0433214 0.00543209
 1952 0 0.0432992 0.00542935
 1953 0.12 0.0433385 0.00542671
 1954 0.2 0.0434186 0.00542452
 1955 0.08 0.0434373 0.00542178
 1956 0.4 0.0436196 0.00542207
 1957 0.12 0.0436587 0.00541944
 1958 0.08 0.0436772 0.00541671
 1959 0 0.0436549 0.00541399
 1960 0.08 0.0436735 0.00541126
 1961 0.04 0.0436716 0.0054085
 1962 0.36 0.0438328 0.00540814
 1963 0.28 0.0439531 0.00540673
 1964 0.48 0.0441752 0.00540853
 1965 0.52 0.0444173 0.0054112
 1966 0.4 0.0445982 0.00541147
 1967 0.36 0.0447585 0.00541109
 1968 0 0.0447358 0.00540839
 1969 0 0.0447131 0.00540569
 1970 -0.32 0.0445279 0.00540612
 1971 -0.36 0.0443227 0.00540727
 1972 -0.32 0.0441379 0.00540768
 1973 0.08 0.0441561 0.00540497
 1974 0.52 0.0443972 0.00540761
 1975 0.72 0.0447392 0.00541569
 1976 0.56 0.045 0.00541922
 1977 0.16 0.0450582 0.00541679
 1978 0.08 0.0450758 0.00541408
 1979 0.08 0.0450935 0.00541137
 1980 0 0.0450707 0.00540869
 1981 0.04 0.0450681 0.00540596
 1982 0.24 0.0451665 0.00540412
 1983 0.12 0.0452042 0.00540153
 1984 0.24 0.0453024 0.0053997
 1985 0.2 0.0453804 0.00539754
 1986 0.28 0.0454985 0.00539612
 1987 0 0.0454756 0.00539345
 1988 0.16 0.0455332 0.00539104
 1989 0.04 0.0455304 0.00538833
 1990 0 0.0455075 0.00538567
 1991 -0.08 0.0454445 0.00538334
 1992 0.04 0.0454418 0.00538063
 1993 0.08 0.0454591 0.00537796
 1994 -0.24 0.0453159 0.00537717
 1995 -0.04 0.0452732 0.00537464
 1996 -0.2 0.0451503 0.00537336
 1997 0.04 0.0451477 0.00537066
 1998 -0.32 0.044965 0.00537109
 1999 -0.4 0.0447424 0.00537301
 2000 -0.2 0.04462 0.00537172
