0 807.332
1 757.621
2 702.521
3 686.968
4 640.533
5 611.638
6 584.078
7 579.969
8 555.862
9 551.019
10 524
11 521.148
12 519.36
13 499.935
14 458.941
15 442.663
16 441.71
17 444.646
18 438.922
19 408.837
20 407.321
21 403.259
22 395.283
23 389.252
24 382.221
25 376.069
26 366.687
27 369.886
28 374.483
29 354.588
30 345.47
31 339.432
32 336.402
33 337.873
34 328.644
35 333.531
36 322.839
37 321.181
38 307.563
39 307.563
40 305.712
41 303.677
42 303.677
43 303.502
44 301.391
45 300.888
46 300.802
47 298.141
48 297.924
49 297.167
50 296.343
51 295.397
52 294.756
53 292.463
54 294.372
55 289.935
56 290.018
57 291.256
58 291.077
59 288.6
60 287.662
61 287.465
62 287.465
63 284.846
64 284.904
65 285.309
66 284.613
67 284.707
68 283.218
69 283.91
70 284.807
71 284.945
72 280.549
73 281.293
74 282.068
75 282.068
76 283.405
77 283.211
78 282.624
79 282.104
80 276.415
81 277.679
82 277.279
83 279.808
84 280.149
85 278.969
86 278.969
87 278.258
88 277.881
89 277.279
90 277.279
91 277.279
92 277.679
93 278.512
94 278.512
95 277.279
96 277.679
97 277.279
98 277.279
99 277.679
100 277.028
101 277.679
102 277.279
103 276.415
104 277.948
105 274.517
106 277.548
107 277.999
108 277.999
109 277.948
110 278.559
111 277.948
112 278.171
113 277.272
114 277.279
115 277.279
116 277.35
117 277.35
118 277.548
119 276.46
120 276.415
121 277.58
122 276.86
123 276.415
124 276.46
125 276.173
126 275.921
127 275.921
128 276.415
129 276.209
130 272.628
131 272.628
132 276.815
133 275.809
134 275.809
135 275.809
136 275.809
137 275.809
138 275.764
139 276.46
140 275.809
141 272.355
142 275.764
143 276.209
144 276.46
145 275.764
146 276.209
147 276.209
148 276.209
149 275.809
150 275.764
151 275.809
152 275.764
153 275.809
154 275.809
155 275.809
156 276.209
157 273.46
158 273.46
159 275.764
160 275.764
161 275.764
162 275.764
163 275.764
164 275.764
165 275.764
166 275.764
167 275.764
168 275.809
169 275.764
170 275.809
171 275.764
172 276.164
173 276.164
174 275.764
175 276.209
176 275.764
177 275.764
178 275.764
179 275.764
180 275.764
181 275.809
182 275.743
183 270.953
184 275.149
185 275.764
186 275.809
187 275.764
188 275.764
189 271.951
190 276.164
191 275.764
192 275.764
193 275.168
194 275.764
195 275.764
196 274.929
197 275.764
198 275.764
199 275.764
200 275.764
201 275.764
202 273.082
203 275.764
204 274.233
205 275.764
206 272.817
207 272.817
208 275.764
209 275.764
210 273.999
211 275.764
212 275.764
213 275.764
214 275.764
215 275.764
216 275.764
217 275.764
218 275.688
219 275.764
220 275.688
221 275.764
222 275.764
223 275.764
224 276.164
225 276.164
226 272.721
227 274.768
228 276.164
229 276.164
230 276.164
231 276.164
232 275.764
233 275.135
234 276.164
235 275.764
236 274.366
237 274.366
238 275.764
239 275.764
240 275.764
241 275.764
242 275.764
243 275.764
244 275.764
245 275.764
246 275.764
247 275.764
248 275.764
249 275.698
250 275.764
251 275.764
252 275.764
253 275.764
254 275.764
255 275.764
256 275.764
257 275.764
258 275.764
259 275.729
260 275.729
261 275.764
262 275.764
263 275.764
264 275.809
265 275.809
266 275.764
267 275.511
268 275.511
269 275.511
270 275.511
271 275.764
272 275.809
273 273.923
274 273.923
275 275.809
276 276.46
277 275.764
278 276.815
279 275.764
280 275.809
281 275.809
282 275.809
283 274.634
284 274.41
285 275.764
286 274.032
287 275.764
288 275.764
289 275.764
290 275.764
291 273.007
292 273.007
293 274.24
294 275.764
295 276.164
296 275.764
297 275.764
298 275.764
299 275.764
