0 803.506
1 744.357
2 727.249
3 677.222
4 657.762
5 653.469
6 634.267
7 598.5
8 573.539
9 555.124
10 515.65
11 504.655
12 496.159
13 471.699
14 470.826
15 457.712
16 441.816
17 424.956
18 425.924
19 419.349
20 411.496
21 406.75
22 403.492
23 379.257
24 379.754
25 376.532
26 373.698
27 365.828
28 365.092
29 358.166
30 351.681
31 350.084
32 337.613
33 331.606
34 337.788
35 334.511
36 331.024
37 330.324
38 328.651
39 318.221
40 320.838
41 320.838
42 320.703
43 316.364
44 316.364
45 314.922
46 311.167
47 314.061
48 309.224
49 309.64
50 305.128
51 307.075
52 306.99
53 300.776
54 303.745
55 302.747
56 297.197
57 297.461
58 296.678
59 297.461
60 295.423
61 295.731
62 296.04
63 295.771
64 294.184
65 292.455
66 290.867
67 290.049
68 290.912
69 290.049
70 290.284
71 291.051
72 289.589
73 289.589
74 290.098
75 288.493
76 288.493
77 288.912
78 289.277
79 286.951
80 288.485
81 288.639
82 287.496
83 287.616
84 288.38
85 287.195
86 287.549
87 286.782
88 286.782
89 286.392
90 286.208
91 286.392
92 284.419
93 286.208
94 285.732
95 286.208
96 286.208
97 285.812
98 285.577
99 284.817
100 277.679
101 277.679
102 279.264
103 283.278
104 285.931
105 284.92
106 285.782
107 284.923
108 284.923
109 285.274
110 285.433
111 284.92
112 284.92
113 284.92
114 285.274
115 285.577
116 284.614
117 284.614
118 284.614
119 284.614
120 284.875
121 284.614
122 284.614
123 284.126
124 284.92
125 284.92
126 284.92
127 285.384
128 285.697
129 285.205
130 284.851
131 281.758
132 281.758
133 285.401
134 285.577
135 284.875
136 285.846
137 285.606
138 285.214
139 285.54
140 284.92
141 284.92
142 284.92
143 284.92
144 284.92
145 284.92
146 284.92
147 284.92
148 284.875
149 284.875
150 284.92
151 284.739
152 284.48
153 284.447
154 284.447
155 284.447
156 284.447
157 284.875
158 284.875
159 284.851
160 284.875
161 284.875
162 284.875
163 284.875
164 284.447
165 284.92
166 284.875
167 284.447
168 284.447
169 284.447
170 284.447
171 284.447
172 284.447
173 284.447
174 284.447
175 284.447
176 284.624
177 284.624
178 284.447
179 284.691
180 284.691
181 283.36
182 283.36
183 284.691
184 284.691
185 284.646
186 284.896
187 285.262
188 284.896
189 284.945
190 284.614
191 284.945
192 285.323
193 285.214
194 284.945
195 284.69
196 284.126
197 284.851
198 284.851
199 284.851
200 284.851
201 285.51
202 284.655
203 279.816
204 284.814
205 285.51
206 285.51
207 285.51
208 285.51
209 285.51
210 285.51
211 284.851
212 284.851
213 284.851
214 284.851
215 284.851
216 284.851
217 284.851
218 284.851
219 284.851
220 284.691
221 284.851
222 284.851
223 284.646
224 284.646
225 284.646
226 284.658
227 284.691
228 284.851
229 284.851
230 284.691
231 284.691
232 284.691
233 284.691
234 284.86
235 285.716
236 285.611
237 285.484
238 284.851
239 284.646
240 285.274
241 284.646
242 284.851
243 284.646
244 285.291
245 285.291
246 285.012
247 285.012
248 285.291
249 284.92
250 283.871
251 285.484
252 285.484
253 284.92
254 285.484
255 282.616
256 285.484
257 284.691
258 284.691
259 285.484
260 285.484
261 285.484
262 285.484
263 285.461
264 285.461
265 285.461
266 285.241
267 284.69
268 285.241
269 284.69
270 284.69
271 285.461
272 284.69
273 284.69
274 284.69
275 284.69
276 284.69
277 284.69
278 284.69
279 284.69
280 284.735
281 284.69
282 284.69
283 284.69
284 284.69
285 285.301
286 284.569
287 284.569
288 284.691
289 284.69
290 284.69
291 285.301
292 285.301
293 284.735
294 285.301
295 285.301
296 284.081
297 284.569
298 285.256
299 285.256
