0 731.807
1 730.489
2 705.484
3 661.89
4 592.732
5 592.376
6 532.309
7 532.309
8 514.969
9 489.052
10 481.324
11 468.429
12 456.489
13 444.466
14 435.215
15 420.247
16 402.009
17 397.787
18 397.318
19 387.685
20 389.506
21 379.501
22 372.682
23 368.214
24 363.487
25 357.399
26 346.584
27 345.711
28 344.195
29 337.44
30 339.982
31 339.809
32 327.071
33 330.514
34 333.563
35 324.116
36 323.705
37 321.49
38 319.478
39 313.846
40 314.126
41 314.126
42 311.081
43 306.395
44 309.348
45 305.778
46 310.193
47 307.062
48 310.414
49 306.873
50 302.763
51 302.617
52 302.14
53 301.813
54 298.609
55 299.456
56 296.9
57 297.553
58 296.376
59 295.454
60 294.562
61 291.609
62 295.131
63 291.897
64 293.915
65 291.808
66 291.808
67 287.112
68 286.632
69 286.632
70 287.616
71 284.86
72 282.459
73 287.094
74 286.462
75 286.462
76 283.604
77 284.699
78 285.197
79 284.687
80 283.604
81 283.039
82 283.039
83 283.039
84 283.039
85 282.805
86 283.039
87 283.555
88 283.555
89 283.555
90 283.555
91 284.134
92 283.039
93 283.039
94 283.039
95 283.039
96 283.039
97 283.263
98 284.516
99 283.224
100 282.407
101 282.407
102 282.407
103 283.524
104 283.524
105 284.192
106 283.457
107 283.457
108 282.362
109 282.362
110 282.362
111 282.362
112 283.263
113 283.254
114 285.165
115 284.07
116 284.07
117 282.876
118 283.28
119 283.28
120 282.876
121 283.28
122 283.28
123 283.28
124 282.387
125 284.854
126 281.985
127 282.407
128 283.224
129 283.224
130 283.224
131 283.224
132 283.54
133 283.54
134 284.009
135 283.21
136 284.02
137 282.658
138 282.407
139 282.407
140 282.407
141 282.407
142 282.407
143 282.93
144 281.842
145 283.747
146 281.842
147 281.842
148 281.842
149 282.327
150 282.661
151 282.661
152 281.842
153 282.93
154 281.842
155 282.613
156 283.541
157 281.842
158 281.842
159 281.842
160 281.842
161 282.327
162 282.93
163 282.93
164 281.842
165 281.842
166 282.658
167 283.439
168 283.439
169 284.736
170 283.919
171 283.24
172 284.001
173 284.878
174 284.033
175 283.395
176 283.176
177 285.12
178 283.176
179 282.658
180 284.107
181 284.694
182 282.661
183 282.77
184 282.805
185 282.327
186 281.797
187 282.805
188 282.805
189 282.362
190 282.012
191 282.012
192 282.012
193 282.805
194 283.176
195 283.515
196 282.848
197 282.362
198 283.391
199 282.362
200 282.362
201 282.012
202 281.842
203 282.012
204 282.012
205 282.012
206 282.012
207 281.797
208 281.797
209 281.797
210 282.658
211 281.797
212 281.797
213 282.929
214 283.176
215 281.797
216 281.797
217 281.797
218 281.797
219 282.845
220 281.797
221 282.805
222 281.797
223 281.797
224 282.805
225 281.797
226 282.805
227 282.929
228 281.797
229 282.929
230 281.797
231 281.797
232 281.797
233 281.797
234 281.797
235 282.805
236 282.661
237 281.797
238 281.797
239 281.797
240 281.797
241 281.797
242 282.012
243 281.797
244 281.797
245 281.797
246 281.797
247 281.797
248 281.797
249 281.797
250 281.797
251 281.797
252 281.797
253 281.797
254 281.797
255 281.797
256 281.797
257 281.797
258 281.797
259 281.797
260 281.797
261 281.797
262 281.797
263 281.797
264 281.797
265 281.797
266 281.797
267 281.797
268 282.057
269 282.591
270 283.35
271 281.797
272 281.797
273 281.797
274 281.797
275 281.797
276 281.842
277 281.842
278 281.797
279 281.842
280 283.211
281 281.842
282 282.591
283 281.797
284 281.842
285 281.842
286 283.21
287 281.842
288 281.842
289 281.842
290 281.842
291 281.797
292 281.797
293 281.842
294 281.842
295 283.439
296 281.842
297 281.842
298 281.842
299 281.491
