0 962.676
1 896.787
2 845.285
3 803.91
4 765.778
5 734.235
6 701.921
7 674.453
8 647.883
9 625.482
10 607.023
11 588.513
12 570.563
13 554.393
14 540.061
15 527.581
16 517.234
17 506.079
18 496.179
19 485.145
20 472.19
21 458.288
22 445.964
23 438.941
24 432.149
25 425.201
26 419.746
27 415.594
28 410.758
29 406.944
30 403.16
31 399.486
32 394.492
33 390.01
34 384.197
35 380.601
36 376.782
37 373.578
38 370.285
39 366.533
40 363.489
41 359.928
42 358.712
43 353.926
44 349.931
45 347.644
46 345.111
47 342.957
48 341.503
49 339.492
50 338.295
51 337.535
52 337.081
53 335.002
54 332.937
55 330.904
56 330.335
57 327.754
58 327.873
59 326.241
60 324.706
61 324.079
62 323.181
63 320.604
64 318.122
65 318.161
66 317.84
67 317.859
68 315.584
69 314.916
70 314.657
71 313.781
72 312.554
73 311.324
74 310.994
75 311.297
76 311.265
77 310.148
78 309.385
79 308.597
80 308.217
81 308.068
82 307.577
83 307.21
84 305.875
85 305.939
86 305.547
87 305.473
88 305.791
89 305.519
90 305.822
91 306.307
92 307.246
93 307.397
94 307.556
95 307.355
96 306.034
97 306.041
98 306.16
99 305.545
100 305.76
101 305.401
102 305.434
103 304.781
104 305.104
105 305.085
106 305.233
107 305.036
108 304.51
109 304.37
110 303.724
111 304.641
112 305.059
113 304.202
114 303.46
115 304.263
116 303.814
117 305.663
118 305.344
119 304.919
120 304.65
121 303.925
122 303.786
123 304.645
124 303.668
125 303.516
126 303.396
127 303.522
128 304.431
129 303.236
130 303.648
131 303.028
132 303.078
133 303.909
134 302.458
135 302.846
136 303.247
137 303.883
138 303.824
139 302.88
140 304.521
141 303.578
142 302.885
143 303.812
144 302.903
145 303.208
146 303.618
147 303.067
148 302.157
149 301.894
150 302.779
151 303.436
152 302.407
153 302.138
154 301.82
155 302.729
156 303.134
157 302.805
158 302.468
159 302.998
160 304.026
161 304.405
162 302.863
163 304.154
164 303.364
165 303.165
166 303.2
167 302.171
168 303.774
169 303.549
170 303.225
171 302.882
172 302.555
173 302.977
174 301.953
175 301.505
176 300.585
177 299.62
178 300.388
179 300.718
180 301.312
181 299.339
182 299.064
183 299.562
184 299.518
185 300.35
186 300.504
187 300.367
188 301.11
189 300.845
190 300.694
191 300.305
192 299.549
193 298.747
194 299.594
195 300.087
196 299.375
197 299.956
198 299.309
199 299.692
200 301.293
201 301.837
202 299.984
203 300.668
204 300.182
205 299.298
206 300.071
207 300.107
208 300.173
209 300.361
210 300.347
211 298.938
212 298.383
213 298.281
214 299.179
215 298.252
216 298.369
217 299.065
218 298.577
219 300.208
220 300.369
221 301.055
222 300.318
223 300.312
224 300.497
225 301.294
226 301.619
227 301.388
228 301.722
229 301.828
230 301.501
231 300.856
232 302.759
233 301.28
234 301.463
235 300.997
236 301.112
237 300.934
238 301.437
239 300.682
240 301.1
241 301.61
242 300.748
243 300.931
244 300.57
245 300.514
246 301.452
247 300.746
248 300.559
249 301.137
250 302.212
251 301.339
252 301.012
253 301.677
254 301.169
255 300.559
256 300.613
257 301.694
258 303.12
259 302.496
260 302.925
261 301.927
262 301.003
263 301.268
264 300.624
265 300.364
266 299.987
267 300.399
268 300.627
269 299.691
270 298.673
271 297.775
272 297.439
273 299.085
274 299.64
275 299.84
276 298.581
277 300.035
278 300.018
279 299.612
280 298.481
281 297.978
282 298.946
283 297.703
284 297.47
285 297.329
286 297.412
287 297.78
288 295.444
289 296.544
290 296.992
291 295.612
292 295.289
293 295.525
294 295.968
295 296.327
296 295.403
297 295.343
298 294.662
299 295.649
