0 792.775
1 769.688
2 719.824
3 660.016
4 646.456
5 569.993
6 553.693
7 544.768
8 516.688
9 514.91
10 502.832
11 489.69
12 465.901
13 465.744
14 448.223
15 438.388
16 413.91
17 421.382
18 400.027
19 400.92
20 400.304
21 397.142
22 394.137
23 390
24 379.441
25 373.668
26 372.65
27 363.014
28 363.587
29 360.056
30 354.926
31 346.606
32 346.282
33 345.909
34 339.949
35 331.769
36 317.983
37 316.471
38 315.514
39 312.968
40 315.188
41 310.439
42 310.439
43 309.887
44 309.184
45 307.961
46 306.567
47 305.277
48 301.681
49 301.681
50 301.681
51 302.854
52 301.327
53 297.913
54 299.458
55 298.079
56 298.031
57 297.913
58 295.544
59 295.544
60 296.288
61 294.052
62 297.482
63 292.11
64 292.11
65 294.06
66 294.715
67 293.319
68 291.592
69 294.022
70 292.84
71 292.538
72 291.744
73 289.5
74 291.599
75 292.657
76 290.326
77 289.263
78 291.508
79 291.045
80 289.927
81 289.53
82 289.509
83 285.693
84 285.693
85 287.341
86 285.319
87 284.13
88 284.13
89 284.103
90 284.103
91 282.59
92 285.663
93 283.964
94 285.292
95 284.13
96 283.964
97 283.073
98 284.651
99 285.039
100 284.267
101 284.679
102 283.073
103 283.073
104 283.557
105 283.557
106 283.122
107 282.686
108 282.686
109 282.486
110 282.293
111 282.293
112 281.572
113 281.572
114 281.406
115 281.406
116 279.187
117 279.187
118 279.187
119 279.187
120 280.91
121 280.91
122 280.91
123 280.758
124 280.463
125 280.463
126 280.924
127 280.212
128 280.924
129 280.677
130 282.036
131 282.322
132 282.323
133 282.323
134 280.412
135 279.694
136 279.507
137 279.507
138 279.829
139 280.045
140 280.683
141 281.119
142 280.944
143 280.427
144 281.109
145 281.766
146 281.001
147 280.909
148 279.479
149 279.194
150 279.194
151 279.194
152 277.924
153 276.384
154 277.924
155 279.647
156 281.773
157 278.1
158 278.492
159 278.492
160 278.739
161 278.739
162 278.739
163 278.739
164 280.238
165 280.724
166 280.286
167 278.725
168 279.589
169 279.589
170 278.304
171 278.02
172 276.97
173 279.26
174 278.127
175 278.127
176 278.127
177 279.259
178 278.789
179 281.042
180 278.447
181 276.97
182 278.282
183 280.278
184 278.694
185 279.296
186 280.205
187 278.282
188 278.166
189 278.282
190 278.327
191 278.282
192 278.282
193 278.282
194 278.282
195 278.327
196 278.203
197 278.232
198 278.282
199 278.282
200 278.282
201 277.22
202 276.356
203 278.282
204 278.282
205 278.282
206 278.282
207 278.282
208 278.282
209 277.949
210 277.703
211 278.492
212 278.327
213 278.327
214 277.16
215 278.327
216 278.847
217 278.847
218 278.847
219 279.013
220 278.282
221 278.847
222 278.847
223 278.847
224 278.892
225 278.847
226 278.847
227 278.892
228 279.013
229 279.013
230 279.013
231 279.919
232 278.847
233 279.094
234 279.013
235 278.847
236 278.847
237 279.094
238 279.926
239 279.094
240 279.094
241 280.454
242 280.454
243 280.454
244 279.995
245 279.995
246 280.975
247 279.995
248 279.679
249 279.679
250 280.078
251 279.524
252 279.524
253 279.524
254 279.679
255 279.524
256 279.524
257 279.524
258 280.186
259 279.524
260 279.524
261 280.235
262 280.26
263 279.524
264 280.604
265 279.679
266 279.748
267 279.748
268 279.748
269 280.24
270 279.748
271 280.24
272 279.748
273 279.748
274 278.327
275 277.995
276 277.719
277 278.307
278 280.718
279 280.762
280 278.273
281 279.971
282 279.679
283 280.762
284 280.485
285 278.963
286 278.963
287 279.995
288 279.32
289 280.762
290 280.762
291 280.01
292 280.01
293 280.882
294 279.785
295 280.118
296 280.588
297 280.674
298 280.118
299 280.118
