0 955.505
1 885.838
2 836.69
3 794.991
4 757.322
5 725.707
6 699.486
7 673.41
8 650.203
9 627.505
10 605.781
11 586.831
12 571.578
13 557.445
14 547.478
15 536.109
16 525.829
17 513.491
18 499.928
19 490.414
20 483.514
21 473.312
22 466.731
23 460.247
24 452.281
25 445.752
26 439.141
27 433.474
28 431.326
29 426.258
30 423.342
31 419.85
32 416.426
33 410.844
34 407.263
35 405.253
36 401.468
37 397.552
38 394.611
39 390.276
40 387.776
41 384.955
42 381.334
43 376.448
44 372.327
45 367.662
46 362.406
47 358.673
48 353.992
49 350.401
50 344.879
51 342.692
52 340.698
53 338.623
54 336.386
55 333.631
56 332.375
57 330.492
58 329.449
59 328.044
60 327.201
61 326.815
62 325.998
63 324.946
64 323.215
65 321.931
66 320.652
67 321.856
68 322.344
69 322.857
70 321.725
71 320.915
72 320.495
73 318.567
74 317.245
75 318.373
76 316.392
77 314.608
78 314.64
79 313.997
80 314.741
81 314.394
82 312.944
83 313.649
84 313.821
85 313.457
86 313.51
87 312.987
88 312.297
89 311.529
90 311.188
91 312.145
92 311.994
93 312.782
94 310.599
95 308.983
96 308.802
97 309.051
98 308.842
99 308.025
100 307.526
101 305.855
102 305.73
103 306.457
104 305.898
105 306.549
106 304.409
107 304.231
108 303.802
109 304.608
110 304.62
111 304.566
112 304.605
113 304.385
114 303.78
115 304.715
116 304.756
117 303.732
118 303.512
119 304.373
120 304.949
121 303.949
122 303.693
123 304.078
124 304.026
125 303.676
126 303.741
127 302.484
128 303.977
129 303.943
130 302.368
131 302.515
132 301.446
133 302.192
134 301.084
135 301.556
136 302.611
137 302.104
138 301.369
139 300.888
140 301.11
141 301.55
142 301.877
143 302.233
144 302.581
145 302.22
146 302.761
147 303.301
148 304.577
149 303.55
150 303.542
151 302.293
152 301.881
153 301.519
154 301.15
155 301.834
156 302.067
157 302.273
158 302.858
159 301.912
160 301.439
161 301.078
162 300.71
163 300.603
164 300.837
165 301.723
166 300.98
167 300.507
168 299.223
169 300.935
170 300.261
171 300.204
172 300.997
173 301.171
174 302.133
175 302.176
176 302.483
177 301.752
178 303.067
179 301.656
180 300.641
181 299.918
182 300.592
183 301.523
184 300.857
185 300.917
186 301.021
187 301.836
188 301.564
189 299.132
190 298.813
191 298.258
192 298.419
193 298.075
194 298.403
195 298.78
196 297.942
197 296.845
198 297.334
199 298.495
200 298.508
201 298.205
202 297.978
203 297.781
204 297.487
205 298.594
206 300.123
207 298.144
208 299.337
209 299.805
210 299.584
211 298.652
212 299.631
213 299.466
214 299.861
215 300.611
216 300.021
217 300.77
218 300.134
219 301.904
220 301.622
221 300.61
222 299.165
223 298.494
224 299.213
225 300.048
226 300.18
227 299.575
228 298.74
229 298.983
230 300.348
231 299.106
232 299.481
233 299.843
234 299.879
235 298.458
236 298.876
237 297.944
238 297.224
239 298.217
240 298.241
241 299.101
242 298.569
243 298.072
244 296.456
245 297.179
246 297.751
247 298.404
248 298.363
249 298.378
250 297.263
251 296.885
252 296.529
253 296.835
254 297.281
255 295.891
256 295.957
257 296.388
258 296.636
259 295.933
260 296.375
261 295.923
262 296.803
263 297.483
264 296.353
265 297.294
266 297.065
267 297.91
268 298.31
269 297.863
270 297.473
271 297.863
272 298.642
273 298.559
274 298.553
275 298.685
276 298.816
277 297.638
278 297.188
279 297.017
280 297.613
281 297.664
282 298.027
283 298.568
284 297.461
285 298.514
286 298.728
287 300.015
288 299.781
289 300.77
290 302.222
291 302.681
292 301.339
293 302.406
294 301.623
295 300.99
296 299.866
297 300.463
298 299.111
299 299.094
