0 960.917
1 896.065
2 843.245
3 793.239
4 750.908
5 716.85
6 685.023
7 656.54
8 631.423
9 606.891
10 581.35
11 563.826
12 549.119
13 535.595
14 523.1
15 510.709
16 497.813
17 487.941
18 474.838
19 464.072
20 455.025
21 448.539
22 440.353
23 435.559
24 431.318
25 427.524
26 421.595
27 417.132
28 411.669
29 406.865
30 401.753
31 397.498
32 392.287
33 387.643
34 384.555
35 378.748
36 373.935
37 369.522
38 365.942
39 362.345
40 358.628
41 355.601
42 352.165
43 349.733
44 348.249
45 346.74
46 346.557
47 342.074
48 339.128
49 338.252
50 337.346
51 336.42
52 335.026
53 333.314
54 331.014
55 328.279
56 325.968
57 323.045
58 320.544
59 318.756
60 317.32
61 315.694
62 313.334
63 311.849
64 311.052
65 310.17
66 309.259
67 307.743
68 306.963
69 306.863
70 306.609
71 306.603
72 305.402
73 305.569
74 304.417
75 303.145
76 303.17
77 301.749
78 300.855
79 301.031
80 300.086
81 299.32
82 299.335
83 298.834
84 299.101
85 298.401
86 297.407
87 297.234
88 297.402
89 296.708
90 295.791
91 295.876
92 296.194
93 296.722
94 296.636
95 296.284
96 295.895
97 296.221
98 295.232
99 294.313
100 294.148
101 295.036
102 293.809
103 294.018
104 294.09
105 293.733
106 293.635
107 294.565
108 293.94
109 294.189
110 293.776
111 294.372
112 294.261
113 293.439
114 293.735
115 293.648
116 294.09
117 293.315
118 293.535
119 293.569
120 293.118
121 293.136
122 292.713
123 292.023
124 291.998
125 292.272
126 291.923
127 292.257
128 292.79
129 292.996
130 292.288
131 293.33
132 293.078
133 293.351
134 292.722
135 293.802
136 292.565
137 293.642
138 293.916
139 294.569
140 293.61
141 292.913
142 292.91
143 293.208
144 292.741
145 293.33
146 294.955
147 293.707
148 294.037
149 294.549
150 293.303
151 294.166
152 294.12
153 293.936
154 294.442
155 294.146
156 293.842
157 293.387
158 293.336
159 293.194
160 292.627
161 292.029
162 292.03
163 293.025
164 292.745
165 293.027
166 293.399
167 292.99
168 293.692
169 292.481
170 292.606
171 292.652
172 293.091
173 292.291
174 292.132
175 291.899
176 292.119
177 292.744
178 291.983
179 291.936
180 292.272
181 292.499
182 292.601
183 292.732
184 293.049
185 291.426
186 292.088
187 290.972
188 290.627
189 291.34
190 291.674
191 292.259
192 292.186
193 292.025
194 292.439
195 291.677
196 290.363
197 290.855
198 291.288
199 291.738
200 291.197
201 291.245
202 291.402
203 291.502
204 292.681
205 292.515
206 292.916
207 293.137
208 292.787
209 292.3
210 290.932
211 291.442
212 290.956
213 290.604
214 290.585
215 290.712
216 291.288
217 291.196
218 291.725
219 291.31
220 290.871
221 290.746
222 290.619
223 290.284
224 289.738
225 290.214
226 291.444
227 292.386
228 292.336
229 292.014
230 291.585
231 290.307
232 290.472
233 290.95
234 291.267
235 291.421
236 291.583
237 291.59
238 290.475
239 290.605
240 290.608
241 290.279
242 290.343
243 290.458
244 290.197
245 290.992
246 291.819
247 290.476
248 292.25
249 292.342
250 291.603
251 290.93
252 292.189
253 292.703
254 292.219
255 292.335
256 294.172
257 292.778
258 292.187
259 292.775
260 291.328
261 290.755
262 290.723
263 290.399
264 290.554
265 289.869
266 290.791
267 290.118
268 289.654
269 290.083
270 288.995
271 290.006
272 290.185
273 289.447
274 289.963
275 289.831
276 290.375
277 290.637
278 290.635
279 290.346
280 291.783
281 292.396
282 291.859
283 291.059
284 290.799
285 291.041
286 291.808
287 292.295
288 290.582
289 289.518
290 290.675
291 292.134
292 291.111
293 290.946
294 290.816
295 290.787
296 290.466
297 289.769
298 289.134
299 289.103
