0 956.531
1 887.72
2 836.564
3 788.223
4 749.183
5 719.04
6 693.913
7 668.608
8 648.028
9 626.359
10 607.249
11 592.088
12 576.227
13 559.706
14 544.974
15 535.429
16 524.81
17 516.772
18 507.311
19 499.728
20 489.453
21 479.757
22 470.337
23 462.021
24 453.553
25 446.267
26 438
27 430.446
28 423.344
29 416.309
30 410.599
31 406.116
32 401.602
33 398.074
34 392.829
35 387.599
36 383.486
37 380.122
38 376.812
39 372.636
40 367.782
41 364.407
42 361.407
43 358.792
44 356.578
45 355.436
46 352.76
47 351.721
48 349.803
49 350.546
50 349.137
51 347.454
52 347.403
53 346.056
54 345.087
55 344.228
56 343.452
57 343.843
58 343.546
59 340.837
60 338.641
61 337.684
62 337.441
63 335.961
64 336.085
65 334.739
66 334.644
67 333.026
68 333.364
69 333.832
70 332.959
71 333.724
72 333.083
73 332.101
74 329.504
75 327.287
76 327.19
77 325.431
78 323.932
79 324.661
80 324.259
81 324.654
82 323.262
83 322.608
84 322.784
85 322.057
86 321.083
87 320.552
88 319.745
89 319.519
90 319.321
91 317.956
92 317.337
93 318.737
94 318.025
95 317.092
96 316.692
97 317.143
98 315.1
99 314.872
100 313.868
101 314.135
102 313.365
103 313.976
104 313.702
105 314.736
106 315.49
107 315.052
108 316.626
109 316.511
110 317.464
111 318.484
112 317.11
113 317.157
114 316.789
115 316.833
116 316.729
117 316.696
118 316.993
119 316.738
120 317.73
121 317.875
122 315.844
123 317.216
124 317.694
125 317.849
126 317.513
127 318.195
128 319.269
129 319.941
130 319.691
131 319.111
132 318.482
133 319.219
134 317.541
135 319.38
136 317.967
137 317.22
138 318.013
139 316.787
140 316.587
141 315.639
142 314.894
143 315.354
144 315.86
145 315.481
146 314.022
147 315.506
148 315.573
149 316.751
150 317.38
151 316.629
152 317.089
153 316.995
154 316.359
155 316.912
156 317.271
157 317.136
158 316.398
159 318.076
160 317.634
161 317.483
162 317.478
163 318.141
164 317.457
165 316.638
166 316.308
167 316.543
168 315.677
169 314.397
170 315.862
171 315.776
172 315.704
173 315.735
174 313.591
175 313.96
176 314.101
177 315.231
178 314.381
179 313.44
180 313.885
181 312.771
182 314.888
183 314.414
184 315.199
185 315.466
186 315.508
187 314.947
188 315.021
189 315.556
190 315.457
191 315.844
192 316.964
193 317.623
194 316.774
195 317.534
196 317.061
197 317.265
198 317.694
199 319.522
200 320.912
201 321.474
202 321.991
203 320.957
204 320.105
205 320.837
206 320.113
207 320.655
208 319.335
209 317.601
210 316.222
211 316.092
212 313.667
213 311.566
214 309.915
215 307.718
216 306.67
217 306.509
218 305.462
219 303.675
220 303.399
221 304.771
222 303.362
223 302.678
224 302.942
225 302.049
226 302.147
227 301.642
228 301.847
229 300.512
230 300.185
231 299.334
232 300.154
233 299.11
234 299.726
235 300.855
236 300.218
237 300.908
238 300.464
239 299.594
240 299.616
241 299.519
242 299.722
243 298.554
244 298.187
245 298.188
246 298.073
247 299.281
248 298.669
249 298.688
250 299.342
251 299.409
252 300.012
253 300.878
254 300.793
255 300.157
256 300.036
257 299.892
258 299.492
259 300.281
260 299.694
261 301.376
262 301.705
263 301.728
264 302.035
265 302.568
266 304.061
267 304.164
268 303.897
269 301.23
270 302.565
271 303.315
272 303.276
273 304.322
274 303.659
275 303.818
276 304.771
277 304.812
278 304.227
279 302.795
280 303.614
281 302.831
282 303.595
283 303.222
284 302.951
285 303.8
286 303.386
287 303.124
288 302.58
289 302.908
290 302.163
291 304.663
292 303.837
293 303.649
294 304.3
295 303.485
296 302.136
297 302.627
298 301.979
299 300.803
