 1 0.478344 0.478344 0
 2 0.44627 0.462307 0.016037
 3 0.48496 0.469858 0.0119476
 4 0.492316 0.475473 0.0101437
 5 0.44075 0.468528 0.0104863
 6 0.452186 0.465804 0.00898484
 7 0.485082 0.468558 0.00807754
 8 0.478432 0.469793 0.0071034
 9 0.469846 0.469798 0.00626461
 10 0.4562 0.468439 0.00576589
 11 0.453762 0.467104 0.0053834
 12 0.431704 0.464154 0.0057318
 13 0.441434 0.462407 0.00555461
 14 0.487836 0.464223 0.00545392
 15 0.479656 0.465252 0.00518052
 16 0.40513 0.461494 0.00613211
 17 0.429714 0.459625 0.00605588
 18 0.435274 0.458272 0.00586762
 19 0.457664 0.45824 0.0055503
 20 0.454506 0.458053 0.00526879
 21 0.44637 0.457497 0.0050424
 22 0.411522 0.455407 0.00524228
 23 0.46213 0.455699 0.0050177
 24 0.426502 0.454483 0.00495572
 25 0.352752 0.450414 0.00625725
 26 0.51107 0.452747 0.00644856
 27 0.433876 0.452048 0.00624437
 28 0.483076 0.453156 0.00611841
 29 0.4002 0.45133 0.00617963
 30 0.355802 0.448146 0.0067662
 1 0.356788 0.356788 0
 2 0.467244 0.412016 0.055228
 3 0.457214 0.427082 0.0352661
 4 0.428494 0.427435 0.0249394
 5 0.53659 0.449266 0.0291509
 6 0.487684 0.455669 0.0246478
 7 0.44703 0.454435 0.0208677
 8 0.428164 0.451151 0.0183679
 9 0.445708 0.450546 0.0162103
 10 0.514674 0.456959 0.0158538
 11 0.401226 0.451892 0.015209
 12 0.422368 0.449432 0.0141002
 13 0.440486 0.448744 0.0129885
 14 0.440462 0.448152 0.0120396
 15 0.589686 0.457588 0.0146511
 16 0.350096 0.45087 0.015263
 17 0.491296 0.453248 0.0145329
 18 0.417518 0.451263 0.0138448
 19 0.400792 0.448606 0.0133626
 20 0.491356 0.450744 0.0128558
 21 0.557738 0.455839 0.0132473
 22 0.388442 0.452775 0.012997
 23 0.489856 0.454387 0.0125232
 24 0.437884 0.4537 0.0120098
 25 0.352848 0.449666 0.0122053
 26 0.516768 0.452247 0.0120072
 27 0.375354 0.449399 0.0118997
 28 0.489458 0.450829 0.0115557
 29 0.414528 0.449578 0.0112202
 30 0.400376 0.447938 0.0109631
