 1 0.087118 0.087118 0
 2 0.087354 0.087236 0.000118
 3 0.08379 0.0860873 0.00115069
 4 0.099822 0.089521 0.00352875
 5 0.08783 0.0891828 0.0027542
 6 0.080798 0.0877853 0.00264764
 7 0.084586 0.0873283 0.00228387
 8 0.091492 0.0878488 0.00204522
 9 0.097878 0.0889631 0.00212018
 10 0.089332 0.089 0.00189671
 11 0.088204 0.0889276 0.00171716
 12 0.086858 0.0887552 0.00157701
 13 0.098158 0.0894785 0.00162096
 14 0.083154 0.0890267 0.00156723
 15 0.104638 0.0900675 0.00179217
 16 0.081234 0.0895154 0.001765
 17 0.07993 0.0889515 0.00175118
 18 0.083638 0.0886563 0.00167721
 19 0.099848 0.0892454 0.0016923
 20 0.071514 0.0883588 0.00183399
 21 0.084606 0.0881801 0.0017536
 22 0.084318 0.0880045 0.00168118
 23 0.085576 0.087899 0.00160989
 24 0.077458 0.0874639 0.00160157
 25 0.099858 0.0879597 0.00161419
 26 0.092824 0.0881468 0.00156211
 27 0.100926 0.0886201 0.00157589
 28 0.091008 0.0887054 0.00152096
 29 0.07932 0.0883817 0.00150284
 30 0.100376 0.0887815 0.00150592
 1 0.07814 0.07814 0
 2 0.102002 0.090071 0.011931
 3 0.081546 0.0872293 0.00745149
 4 0.09924 0.090232 0.00606451
 5 0.093414 0.0908684 0.00474046
 6 0.09642 0.0917937 0.00397963
 7 0.085348 0.0908729 0.00348717
 8 0.072922 0.088629 0.00376233
 9 0.10601 0.0905602 0.00383917
 10 0.074546 0.0889588 0.00378892
 11 0.077834 0.0879475 0.00357331
 12 0.071612 0.0865862 0.00353462
 13 0.097052 0.0873912 0.00334957
 14 0.064436 0.0857516 0.00350789
 15 0.08719 0.0858475 0.00326708
 16 0.086474 0.0858866 0.00305632
 17 0.08563 0.0858715 0.00287095
 18 0.094902 0.0863732 0.00275286
 19 0.095018 0.0868282 0.0026434
 20 0.091216 0.0870476 0.00251733
 21 0.085106 0.0869551 0.00239624
 22 0.092278 0.0871971 0.0022975
 23 0.09555 0.0875603 0.00222517
 24 0.085016 0.0874542 0.00213308
 25 0.075946 0.0869939 0.00209712
 26 0.092518 0.0872064 0.00202602
 27 0.082648 0.0870376 0.00195684
 28 0.084386 0.0869429 0.00188803
 29 0.105364 0.0875781 0.00192933
 30 0.075422 0.0871729 0.00190745
