 1 0.08 0.08 0
 2 0.28 0.18 0.1
 3 0.28 0.213333 0.0666667
 4 0.24 0.22 0.0476095
 5 0.24 0.224 0.0370945
 6 0.04 0.193333 0.0431019
 7 0.04 0.171429 0.0425065
 8 0.24 0.18 0.0377964
 9 0.24 0.186667 0.0339935
 10 0.04 0.172 0.0337573
 11 0.12 0.167273 0.0308984
 12 0.24 0.173333 0.02885
 13 0.4 0.190769 0.0317535
 14 0.52 0.214286 0.0376466
 15 0.32 0.221333 0.0357487
 16 0.44 0.235 0.0361248
 17 0.48 0.249412 0.0368669
 18 0.36 0.255556 0.0352973
 19 0.32 0.258947 0.0335597
 20 0.24 0.258 0.0318516
 21 -0.04 0.24381 0.0334556
 22 -0.04 0.230909 0.0344085
 23 -0.12 0.215652 0.0362459
 24 0.08 0.21 0.0351601
 25 0.28 0.2128 0.0338404
 26 -0.24 0.195385 0.0368833
 27 -0.2 0.180741 0.0383934
 28 -0.12 0.17 0.0385244
 29 0 0.164138 0.0376316
 30 -0.12 0.154667 0.037569
 31 -0.12 0.145806 0.0374016
 32 -0.04 0.14 0.0366764
 33 -0.08 0.133333 0.0361674
 34 -0.16 0.124706 0.0361326
 35 -0.12 0.117714 0.0357749
 36 -0.2 0.108889 0.0358696
 37 -0.44 0.0940541 0.0379098
 38 -0.6 0.0757895 0.0411717
 39 -0.36 0.0646154 0.0416298
 40 -0.28 0.056 0.0414803
 41 -0.2 0.0497561 0.0409349
 42 -0.36 0.04 0.0411225
 43 0 0.0390698 0.0401655
 44 -0.24 0.0327273 0.0397513
 45 -0.48 0.0213333 0.0404939
 46 -0.44 0.0113043 0.0408539
 47 -0.64 -0.00255319 0.042309
 48 -0.56 -0.0141667 0.0430156
 49 -0.36 -0.0212245 0.0427157
 50 -0.36 -0.028 0.0423975
 51 -0.2 -0.0313725 0.0416945
 52 -0.36 -0.0376923 0.0413704
 53 -0.4 -0.0445283 0.041154
 54 -0.36 -0.0503704 0.0408051
 55 0.04 -0.0487273 0.04009
 56 -0.04 -0.0485714 0.0393679
 57 -0.04 -0.0484211 0.0386714
 58 0.24 -0.0434483 0.0383228
 59 -0.08 -0.0440678 0.0376727
 60 -0.08 -0.0446667 0.0370444
 61 0.12 -0.0419672 0.0365319
 62 -0.04 -0.0419355 0.0359379
 63 0.04 -0.0406349 0.0353867
 64 -0.12 -0.041875 0.0348515
 65 -0.04 -0.0418462 0.0343111
 66 0.12 -0.0393939 0.0338761
 67 0.16 -0.0364179 0.0334992
 68 0.16 -0.0335294 0.033129
 69 -0.04 -0.0336232 0.0326455
 70 -0.2 -0.036 0.0322634
 71 0.16 -0.0332394 0.0319253
 72 -0.04 -0.0333333 0.0314789
 73 0.08 -0.0317808 0.0310835
 74 -0.12 -0.032973 0.0306838
 75 -0.32 -0.0368 0.0305128
 76 -0.04 -0.0368421 0.0301087
 77 -0.12 -0.0379221 0.0297347
 78 0.24 -0.034359 0.0295665
 79 0 -0.0339241 0.0291931
 80 -0.28 -0.037 0.0289895
 81 -0.04 -0.037037 0.0286294
 82 0.16 -0.0346341 0.02838
 83 0.2 -0.0318072 0.0281782
 84 0.28 -0.0280952 0.0280871
 85 0.2 -0.0254118 0.0278841
 86 -0.28 -0.0283721 0.0277165
 87 0.04 -0.0275862 0.0274073
 88 -0.32 -0.0309091 0.0272971
 89 -0.16 -0.0323596 0.0270276
 90 -0.12 -0.0333333 0.0267433
 91 -0.08 -0.0338462 0.0264528
 92 -0.28 -0.0365217 0.0263001
 93 -0.48 -0.0412903 0.0264492
 94 -0.56 -0.0468085 0.0267419
 95 -0.4 -0.0505263 0.0267188
 96 -0.36 -0.05375 0.0266348
 97 -0.28 -0.0560825 0.0264618
 98 -0.04 -0.0559184 0.0261909
 99 0 -0.0553535 0.0259311
 100 -0.04 -0.0552 0.025671
 101 -0.12 -0.0558416 0.0254236
 102 -0.04 -0.0556863 0.0251736
 103 -0.08 -0.0559223 0.0249292
 104 0 -0.0553846 0.0246941
 105 0.16 -0.0533333 0.0245437
 106 0.08 -0.0520755 0.0243436
 107 0.24 -0.0493458 0.024269
 108 -0.12 -0.05 0.0240521
 109 -0.2 -0.0513761 0.0238701
 110 -0.08 -0.0516364 0.0236536
 111 -0.04 -0.0515315 0.0234397
 112 0.08 -0.0503571 0.0232592
 113 0.16 -0.0484956 0.0231275
 114 -0.16 -0.0494737 0.0229446
 115 -0.08 -0.0497391 0.0227457
 116 -0.6 -0.0544828 0.0230423
 117 -0.36 -0.057094 0.0229933
 118 -0.28 -0.0589831 0.0228757
 119 0 -0.0584874 0.0226881
 120 0.12 -0.057 0.0225474
 121 0.08 -0.0558678 0.0223889
 122 0.16 -0.0540984 0.022275
 123 0.44 -0.0500813 0.0224554
 124 0.28 -0.0474194 0.0224321
 125 0.4 -0.04384 0.0225379
 126 0.32 -0.0409524 0.022544
 127 0.44 -0.0371654 0.0226842
 128 0.64 -0.031875 0.0231197
 129 0.36 -0.0288372 0.02314
 130 0.04 -0.0283077 0.0229674
 131 0.12 -0.0271756 0.0228195
 132 -0.2 -0.0284848 0.0226838
 133 0.08 -0.0276692 0.0225274
 134 0.4 -0.0244776 0.0225853
 135 0.28 -0.0222222 0.0225305
 136 0.4 -0.0191176 0.0225787
 137 0.08 -0.0183942 0.022425
 138 -0.04 -0.0185507 0.0222624
 139 -0.08 -0.0189928 0.0221061
 140 -0.12 -0.0197143 0.0219595
 141 -0.16 -0.0207092 0.0218259
 142 -0.08 -0.0211268 0.0216757
 143 -0.12 -0.0218182 0.0215346
 144 -0.16 -0.0227778 0.0214061
 145 -0.2 -0.024 0.0212931
 146 -0.36 -0.0263014 0.0212716
 147 -0.4 -0.0288435 0.0212788
 148 -0.04 -0.0289189 0.0211346
 149 -0.12 -0.0295302 0.0210012
 150 0.16 -0.0282667 0.020899
 151 0.12 -0.0272848 0.0207833
 152 0.2 -0.0257895 0.0207002
 153 0.08 -0.025098 0.0205761
 154 0.12 -0.0241558 0.0204637
 155 0.2 -0.0227097 0.0203827
 156 -0.48 -0.025641 0.0204626
 157 -0.32 -0.0275159 0.0204181
 158 -0.24 -0.0288608 0.020333
 159 -0.36 -0.0309434 0.0203118
 160 -0.16 -0.03175 0.0202006
 161 -0.2 -0.032795 0.0201019
 162 -0.12 -0.0333333 0.0199847
 163 0.08 -0.032638 0.0198738
 164 0.12 -0.0317073 0.0197742
 165 0 -0.0315152 0.0196549
 166 -0.04 -0.0315663 0.0195362
 167 -0.28 -0.0330539 0.0194758
 168 -0.28 -0.0345238 0.0194152
 169 -0.32 -0.036213 0.0193738
 170 -0.24 -0.0374118 0.0192968
 171 -0.16 -0.0381287 0.019197
 172 0.16 -0.0369767 0.0191198
 173 0.16 -0.0358382 0.019043
 174 0 -0.0356322 0.0189344
 175 0.12 -0.0347429 0.0188469
 176 -0.2 -0.0356818 0.018763
 177 -0.08 -0.0359322 0.0186584
 178 -0.04 -0.0359551 0.0185532
 179 -0.36 -0.0377654 0.0185379
 180 -0.16 -0.0384444 0.0184471
 181 -0.52 -0.041105 0.0185369
 182 -0.12 -0.0415385 0.0184398
 183 -0.08 -0.0417486 0.01834
 184 -0.36 -0.0434783 0.0183219
 185 -0.2 -0.0443243 0.0182422
 186 0 -0.044086 0.0181454
 187 -0.12 -0.044492 0.0180527
 188 -0.12 -0.0448936 0.0179609
 189 0 -0.0446561 0.0178672
 190 0.12 -0.0437895 0.017794
 191 -0.08 -0.0439791 0.0177016
 192 -0.12 -0.044375 0.0176136
 193 -0.12 -0.0447668 0.0175265
 194 -0.04 -0.0447423 0.017436
 195 -0.24 -0.0457436 0.0173752
 196 -0.36 -0.0473469 0.0173605
 197 -0.12 -0.0477157 0.0172761
 198 0.04 -0.0472727 0.0171943
 199 -0.04 -0.0472362 0.0171077
 200 -0.2 -0.048 0.0170391
 201 0 -0.0477612 0.0169558
 202 0.28 -0.0461386 0.0169495
 203 0.24 -0.0447291 0.0169246
 204 0.24 -0.0433333 0.0168992
 205 0.12 -0.0425366 0.0168354
 206 0.16 -0.0415534 0.0167823
 207 -0.04 -0.0415459 0.016701
 208 -0.04 -0.0415385 0.0166206
 209 0.16 -0.0405742 0.0165689
 210 0.2 -0.0394286 0.0165296
 211 0.44 -0.0371564 0.0166072
 212 0.6 -0.0341509 0.0167997
 213 0.28 -0.0326761 0.0167856
 214 0.16 -0.0317757 0.0167312
 215 -0.04 -0.031814 0.0166533
 216 -0.04 -0.0318519 0.016576
 217 -0.08 -0.0320737 0.0165009
 218 -0.12 -0.0324771 0.01643
 219 -0.08 -0.0326941 0.0163563
 220 0 -0.0325455 0.0162824
 221 0.28 -0.0311312 0.0162702
 222 0.2 -0.0300901 0.0162301
 223 0.48 -0.0278027 0.0163183
 224 0.12 -0.0271429 0.0162587
 225 0.32 -0.0256 0.0162596
 226 0.24 -0.0244248 0.0162301
 227 0.48 -0.0222026 0.0163106
 228 0.2 -0.0212281 0.0162681
 229 0.08 -0.020786 0.0162029
 230 -0.2 -0.0215652 0.0161511
 231 -0.28 -0.022684 0.0161199
 232 -0.2 -0.0234483 0.0160685
 233 -0.28 -0.0245494 0.0160372
 234 -0.44 -0.0263248 0.0160669
 235 -0.36 -0.0277447 0.0160613
 236 -0.24 -0.0286441 0.0160184
 237 -0.16 -0.0291983 0.0159603
 238 -0.44 -0.0309244 0.0159865
 239 -0.36 -0.0323013 0.0159789
 240 -0.12 -0.0326667 0.0159164
 241 0.04 -0.0323651 0.0158531
 242 0.08 -0.0319008 0.0157943
 243 0.04 -0.0316049 0.0157319
 244 0.08 -0.0311475 0.015674
 245 0.08 -0.0306939 0.0156165
 246 0.04 -0.0304065 0.0155555
 247 -0.04 -0.0304453 0.0154924
 248 -0.24 -0.0312903 0.015453
 249 -0.12 -0.0316466 0.0153949
 250 0.04 -0.03136 0.0153359
 251 0 -0.0312351 0.0152752
 252 0 -0.0311111 0.0152149
 253 -0.08 -0.0313043 0.0151559
 254 -0.16 -0.031811 0.0151046
 255 -0.28 -0.0327843 0.0150767
 256 -0.24 -0.0335937 0.0150395
 257 -0.16 -0.0340856 0.014989
 258 0.24 -0.0330233 0.0149685
 259 0 -0.0328958 0.0149111
 260 -0.04 -0.0329231 0.0148537
 261 0.28 -0.0317241 0.0148452
 262 0.12 -0.031145 0.0147997
 263 0.04 -0.0308745 0.0147458
 264 0.24 -0.0298485 0.0147257
 265 0.32 -0.0285283 0.0147293
 266 0.4 -0.0269173 0.014762
 267 0.36 -0.0254682 0.0147778
 268 0.32 -0.0241791 0.0147789
 269 0.48 -0.0223048 0.0148426
 270 0.08 -0.0219259 0.0147924
 271 -0.04 -0.0219926 0.0147379
 272 -0.16 -0.0225 0.0146924
 273 0.04 -0.0222711 0.0146402
 274 0 -0.0221898 0.0145869
 275 0.04 -0.0219636 0.0145356
 276 0.04 -0.0217391 0.0144845
 277 -0.12 -0.0220939 0.0144365
 278 -0.12 -0.022446 0.0143888
 279 0.24 -0.0215054 0.014368
 280 0.4 -0.02 0.0143955
 281 0.28 -0.0189324 0.0143838
 282 0.24 -0.0180142 0.0143621
 283 0.24 -0.0171025 0.0143403
 284 0.4 -0.0156338 0.014365
 285 0.48 -0.0138947 0.0144197
 286 0 -0.0138462 0.0143693
 287 0.12 -0.0133798 0.0143268
 288 0.28 -0.0123611 0.0143132
 289 0.08 -0.0120415 0.0142672
 290 0.32 -0.0108966 0.0142639
 291 0.32 -0.00975945 0.0142602
 292 0.32 -0.00863014 0.0142561
 293 0.24 -0.00778157 0.0142327
 294 0.32 -0.00666667 0.014228
 295 0.2 -0.0059661 0.0141969
 296 0.04 -0.00581081 0.0141497
 297 -0.16 -0.00632997 0.0141116
 298 0 -0.00630872 0.0140642
 299 -0.12 -0.00668896 0.0140222
 300 -0.2 -0.00733333 0.0139902
 301 -0.24 -0.00810631 0.0139651
 302 -0.2 -0.00874172 0.0139333
 303 -0.44 -0.010165 0.0139599
 304 -0.56 -0.0119737 0.014031
 305 -0.32 -0.0129836 0.0140213
 306 -0.32 -0.0139869 0.0140114
 307 -0.24 -0.0147231 0.0139851
 308 -0.32 -0.0157143 0.0139748
 309 -0.24 -0.0164401 0.0139484
 310 -0.44 -0.0178065 0.0139703
 311 -0.12 -0.018135 0.0139292
 312 -0.08 -0.0183333 0.0138859
 313 -0.12 -0.0186581 0.0138453
 314 -0.16 -0.0191083 0.0138084
 315 -0.08 -0.0193016 0.0137659
 316 0.32 -0.0182278 0.0137642
 317 0.28 -0.0172871 0.0137529
 318 0.08 -0.0169811 0.013713
 319 0.04 -0.0168025 0.0136711
 320 0.16 -0.01625 0.0136396
 321 0.08 -0.0159502 0.0136003
 322 0.16 -0.0154037 0.013569
 323 0.24 -0.014613 0.01355
 324 0.4 -0.0133333 0.0135686
 325 0.28 -0.0124308 0.0135569
 326 0.08 -0.0121472 0.0135182
 327 -0.04 -0.0122324 0.0134771
 328 0.04 -0.0120732 0.0134369
 329 0.28 -0.0111854 0.0134253
 330 0.08 -0.0109091 0.0133874
 331 -0.04 -0.010997 0.0133472
 332 0 -0.0109639 0.013307
 333 0.24 -0.0102102 0.0132884
 334 0.28 -0.00934132 0.013277
 335 0.28 -0.00847761 0.0132654
 336 0.24 -0.0077381 0.0132466
 337 -0.16 -0.00818991 0.0132149
 338 0 -0.00816568 0.0131758
 339 -0.08 -0.00837758 0.0131386
 340 -0.24 -0.00905882 0.0131176
 341 -0.04 -0.00914956 0.0130794
 342 0.04 -0.00900585 0.0130419
 343 -0.12 -0.00932945 0.0130078
 344 -0.2 -0.00988372 0.0129818
 345 -0.28 -0.0106667 0.0129678
 346 -0.12 -0.0109827 0.0129341
 347 -0.32 -0.0118732 0.0129275
 348 -0.08 -0.012069 0.0128917
 349 0.08 -0.0118052 0.0128575
 350 0.32 -0.0108571 0.0128557
 351 0.12 -0.0104843 0.0128244
 352 0.24 -0.00977273 0.0128077
 353 0.2 -0.00917847 0.0127852
 354 -0.04 -0.00926554 0.0127493
 355 -0.04 -0.00935211 0.0127137
 356 0.12 -0.00898876 0.0126831
 357 0.24 -0.00829132 0.0126667
 358 0.2 -0.0077095 0.0126447
 359 0.08 -0.00746518 0.0126118
 360 -0.2 -0.008 0.0125881
 361 -0.12 -0.00831025 0.012557
 362 -0.12 -0.00861878 0.0125261
 363 -0.24 -0.0092562 0.0125078
 364 -0.12 -0.00956044 0.0124771
 365 0.12 -0.00920548 0.0124479
 366 0.2 -0.00863388 0.012427
 367 0.4 -0.00752044 0.012443
 368 0.36 -0.00652174 0.0124493
 369 0.24 -0.00585366 0.0124334
 370 0 -0.00583784 0.0123998
 371 -0.16 -0.00625337 0.0123733
 372 -0.16 -0.00666667 0.0123469
 373 -0.2 -0.00718499 0.0123247
 374 -0.16 -0.00759358 0.0122985
 375 -0.08 -0.00778667 0.0122672
 376 -0.4 -0.00882979 0.0122789
 377 -0.04 -0.00891247 0.0122465
 378 0 -0.00888889 0.0122141
 379 0 -0.00886544 0.0121819
 380 0.2 -0.00831579 0.0121622
 381 0.16 -0.00787402 0.0121383
 382 0.24 -0.00722513 0.0121238
 383 0.12 -0.00689295 0.0120967
 384 0.2 -0.00635417 0.0120772
 385 0.16 -0.00592208 0.0120535
 386 0.44 -0.00476684 0.0120776
 387 0.76 -0.0027907 0.0122074
 388 0.52 -0.0014433 0.0122502
 389 0.48 -0.000205656 0.0122812
 390 0.32 0.000615385 0.0122772
 391 0.24 0.00122762 0.012261
 392 0.12 0.00153061 0.0122335
 393 -0.12 0.00122137 0.0122062
 394 -0.28 0.000507614 0.0121961
 395 -0.4 -0.000506329 0.0122074
 396 -0.36 -0.00141414 0.0122103
 397 0.12 -0.00110831 0.0121833
 398 -0.04 -0.00120603 0.0121531
 399 -0.04 -0.00130326 0.012123
 400 0.2 -0.0008 0.0121031
 401 -0.04 -0.000897756 0.0120733
 402 0.12 -0.000597015 0.0120469
 403 0.24 5.78528e-18 0.0120318
 404 0.16 0.00039604 0.0120085
 405 0.48 0.00158025 0.0120373
 406 0.2 0.00206897 0.0120175
 407 0.04 0.00216216 0.0119883
 408 -0.28 0.00147059 0.0119789
 409 -0.48 0.000293399 0.0120074
 410 -0.4 -0.000682927 0.0120178
 411 -0.28 -0.00136253 0.0120078
 412 -0.2 -0.00184466 0.0119883
 413 -0.12 -0.00213075 0.0119626
 414 -0.08 -0.00231884 0.0119352
 415 0 -0.00231325 0.0119064
 416 -0.12 -0.00259615 0.0118811
 417 -0.2 -0.00306954 0.011862
 418 0.04 -0.00296651 0.0118341
 419 0 -0.00295943 0.0118058
 420 0.16 -0.00257143 0.011784
 421 0.32 -0.00180523 0.011781
 422 0.16 -0.0014218 0.0117593
 423 0.32 -0.000661939 0.011756
 424 0.48 0.000471698 0.0117829
 425 0.4 0.00141176 0.0117927
 426 0.4 0.00234742 0.0118021
 427 0.24 0.00290398 0.0117876
 428 0.48 0.00401869 0.0118127
 429 0.08 0.0041958 0.0117865
 430 -0.04 0.00409302 0.0117595
 431 0.12 0.00436195 0.0117353
 432 -0.12 0.00407407 0.0117116
 433 -0.04 0.00397229 0.011685
 434 -0.04 0.00387097 0.0116585
 435 0.16 0.00422989 0.0116372
 436 -0.08 0.0040367 0.011612
 437 0.08 0.00421053 0.0115868
 438 0.2 0.00465753 0.0115689
 439 0.08 0.00482916 0.0115438
 440 -0.08 0.00463636 0.0115191
 441 0 0.00462585 0.011493
 442 -0.16 0.00425339 0.011473
 443 -0.08 0.00406321 0.0114487
 444 -0.2 0.0036036 0.0114321
 445 -0.2 0.00314607 0.0114156
 446 0.04 0.0032287 0.0113902
 447 0.2 0.0036689 0.0113732
 448 0 0.00366071 0.0113478
 449 0.04 0.00374165 0.0113228
 450 -0.12 0.00346667 0.011301
 451 -0.04 0.00337029 0.0112763
 452 -0.08 0.00318584 0.0112528
 453 0.36 0.00397351 0.0112556
 454 0.24 0.00449339 0.0112428
 455 0.36 0.00527473 0.0112452
 456 0.16 0.00561404 0.0112256
 457 0 0.00560175 0.0112011
 458 -0.24 0.0050655 0.0111894
 459 -0.08 0.00488017 0.0111666
 460 0.12 0.00513043 0.0111451
 461 0.36 0.00590022 0.0111475
 462 0.28 0.00649351 0.0111391
 463 0.24 0.00699784 0.0111265
 464 0.16 0.00732759 0.0111074
 465 0 0.00731183 0.0110835
 466 -0.12 0.00703863 0.011063
 467 -0.08 0.00685225 0.0110409
 468 -0.2 0.00641026 0.0110262
 469 -0.2 0.00597015 0.0110114
 470 -0.28 0.0053617 0.0110048
 471 0 0.00535032 0.0109814
 472 -0.16 0.005 0.0109637
 473 -0.2 0.0045666 0.0109491
 474 -0.16 0.00421941 0.0109315
 475 -0.08 0.00404211 0.0109099
 476 0.12 0.00428571 0.0108897
 477 0.12 0.0045283 0.0108695
 478 0.32 0.00518828 0.0108668
 479 0.12 0.00542797 0.0108468
 480 0.24 0.00591667 0.0108352
 481 0.12 0.00615385 0.0108152
 482 0.24 0.006639 0.0108037
 483 0.08 0.00679089 0.0107823
 484 -0.08 0.00661157 0.0107615
 485 0.04 0.00668041 0.0107395
 486 -0.16 0.00633745 0.0107229
 487 -0.04 0.0062423 0.0107013
 488 -0.2 0.00581967 0.0106877
 489 -0.2 0.00539877 0.0106741
 490 -0.04 0.00530612 0.0106527
 491 0 0.00529532 0.010631
 492 0.04 0.00536585 0.0106096
 493 0 0.00535497 0.0105881
 494 -0.04 0.00526316 0.010567
 495 -0.04 0.00517172 0.010546
 496 0.04 0.00524194 0.010525
 497 0.08 0.00539235 0.0105049
 498 -0.24 0.0048996 0.0104953
 499 -0.08 0.00472946 0.0104757
 500 -0.16 0.0044 0.0104599
 501 -0.16 0.00407186 0.0104441
 502 -0.4 0.00326693 0.0104543
 503 -0.36 0.00254473 0.0104585
 504 -0.24 0.00206349 0.0104488
 505 -0.24 0.00158416 0.0104391
 506 -0.2 0.00118577 0.0104261
 507 -0.12 0.000946746 0.0104082
 508 0.08 0.00110236 0.0103889
 509 0.04 0.00117878 0.0103687
 510 0.12 0.00141176 0.010351
 511 0.04 0.00148728 0.010331
 512 -0.04 0.00140625 0.0103111
 513 -0.08 0.00124756 0.0102922
 514 0.08 0.00140078 0.0102733
 515 -0.16 0.00108738 0.0102582
 516 -0.24 0.000620155 0.0102489
 517 -0.04 0.000541586 0.0102294
 518 -0.24 7.72201e-05 0.0102202
 519 -0.16 -0.000231214 0.0102051
 520 -0.4 -0.001 0.0102144
 521 -0.4 -0.00176583 0.0102235
 522 -0.28 -0.00229885 0.0102178
 523 -0.32 -0.00290631 0.0102164
 524 -0.44 -0.00374046 0.0102309
 525 -0.2 -0.00411429 0.0102182
 526 -0.28 -0.00463878 0.0102123
 527 -0.2 -0.00500949 0.0101996
 528 -0.12 -0.00522727 0.0101826
 529 0.12 -0.00499055 0.0101661
 530 0.44 -0.00415094 0.0101816
 531 0.4 -0.00338983 0.0101909
 532 0.4 -0.00263158 0.0101999
 533 0.4 -0.00187617 0.0102087
 534 0.32 -0.00127341 0.0102074
 535 0.36 -0.000598131 0.0102107
 536 0.32 1.03566e-19 0.0102091
 537 0.16 0.000297952 0.0101945
 538 -0.08 0.000148699 0.0101766
 539 0.08 0.000296846 0.0101588
 540 0.28 0.000814815 0.0101532
 541 0.24 0.00125693 0.010144
 542 0.48 0.00214022 0.0101637
 543 0.24 0.00257827 0.0101545
 544 0.28 0.00308824 0.0101486
 545 0.2 0.00344954 0.0101364
 546 -0.12 0.00322344 0.0101203
 547 0.12 0.00343693 0.0101041
 548 0.36 0.00408759 0.0101066
 549 0.04 0.00415301 0.0100884
 550 0.04 0.00421818 0.0100702
 551 -0.04 0.00413793 0.0100523
 552 -0.12 0.00391304 0.0100366
 553 0 0.00390597 0.0100184
 554 0 0.00389892 0.0100003
 555 0.24 0.00432432 0.00999132
 556 0.24 0.0047482 0.00998233
 557 0.28 0.00524237 0.00997664
 558 0 0.00523297 0.00995875
 559 -0.12 0.00500894 0.00994344
 560 0 0.005 0.00992568
 561 0.04 0.00506239 0.00990816
 562 0.4 0.00576512 0.00991545
 563 0.32 0.00632327 0.00991355
 564 0.08 0.0064539 0.00989682
 565 -0.28 0.0059469 0.00989229
 566 -0.2 0.00558304 0.0098815
 567 -0.24 0.00514991 0.00987356
 568 -0.12 0.00492958 0.00985862
 569 -0.08 0.00478032 0.00984241
 570 -0.04 0.00470175 0.00982544
 571 0.32 0.00525394 0.00982375
 572 0.04 0.00531469 0.00980675
 573 0.4 0.00600349 0.00981382
 574 0.24 0.00641115 0.00980519
 575 0.16 0.00667826 0.00979177
 576 0.48 0.0075 0.00980923
 577 0.32 0.00804159 0.00980718
 578 0 0.00802768 0.00979021
 579 -0.08 0.00787565 0.00977447
 580 0 0.00786207 0.00975761
 581 -0.12 0.007642 0.00974329
 582 0.24 0.00804124 0.00973472
 583 0.16 0.00830189 0.00972151
 584 0.2 0.00863014 0.00971039
 585 0.28 0.00909402 0.00970487
 586 0.28 0.00955631 0.00969932
 587 0.16 0.00981261 0.00968618
 588 0.32 0.0103401 0.00968407
 589 -0.04 0.0102547 0.00966799
 590 -0.16 0.0099661 0.0096559
 591 -0.04 0.00988156 0.00963992
 592 -0.32 0.00932432 0.00963974
 593 -0.2 0.00897133 0.00962994
 594 -0.28 0.00848485 0.00962602
 595 -0.16 0.00820168 0.009614
 596 0.12 0.00838926 0.00959969
 597 0 0.00837521 0.0095836
 598 -0.2 0.00802676 0.00957391
 599 -0.04 0.00794658 0.00955825
 600 -0.2 0.0076 0.0095486
 601 -0.04 0.0075208 0.00953302
 602 0.28 0.00797342 0.00952793
 603 0 0.0079602 0.00951213
 604 0.04 0.00801325 0.00949651
 605 0.16 0.00826446 0.00948413
 606 0.16 0.00851485 0.00947178
 607 -0.2 0.00817133 0.0094624
 608 -0.04 0.00809211 0.00944716
 609 -0.2 0.00775041 0.00943782
 610 -0.36 0.00714754 0.0094416
 611 -0.32 0.00661211 0.00944133
 612 -0.24 0.00620915 0.0094345
 613 0.2 0.00652529 0.0094244
 614 0.2 0.00684039 0.00941431
 615 0 0.00682927 0.009399
 616 -0.04 0.00675325 0.00938404
 617 0.48 0.00752026 0.00940016
 618 0.52 0.00834951 0.0094215
 619 0.36 0.00891761 0.00942341
 620 0.2 0.00922581 0.00941324
 621 -0.04 0.00914654 0.00939841
 622 -0.28 0.00868167 0.00939479
 623 -0.32 0.00815409 0.00939453
 624 -0.04 0.00807692 0.00937978
 625 0.12 0.008256 0.00936647
 626 -0.08 0.00811502 0.00935256
 627 -0.2 0.00778309 0.00934353
 628 -0.24 0.00738854 0.00933698
 629 -0.24 0.00699523 0.00933042
 630 0 0.00698413 0.0093156
 631 0.32 0.00748019 0.00931404
 632 0.56 0.00835443 0.0093403
 633 0.28 0.00878357 0.0093354
 634 0.12 0.00895899 0.00932232
 635 -0.08 0.0088189 0.00930868
 636 0 0.00880503 0.00929404
 637 0.28 0.00923077 0.0092892
 638 0.44 0.00990596 0.00929917
 639 0.24 0.010266 0.00929159
 640 0.28 0.0106875 0.00928663
 641 0.16 0.0109204 0.00927505
 642 0.08 0.011028 0.00926122
 643 0.08 0.0111353 0.00924743
 644 0.08 0.0112422 0.00923368
 645 0.12 0.0114109 0.00922089
 646 0.16 0.0116409 0.00920948
 647 0.28 0.0120556 0.00920458
 648 0 0.012037 0.00919039
 649 0.12 0.0122034 0.00917772
 650 0.04 0.0122462 0.00916369
 651 0.56 0.0130876 0.00918821
 652 0.24 0.0134356 0.00918071
 653 0.04 0.0134763 0.00916673
 654 0.28 0.0138838 0.00916177
 655 0.32 0.0143511 0.0091597
 656 0.04 0.0143902 0.00914581
 657 -0.24 0.014003 0.00914009
 658 -0.24 0.013617 0.00913434
 659 -0.28 0.0131715 0.00913135
 660 -0.36 0.0126061 0.00913502
 661 -0.04 0.0125265 0.00912154
 662 0 0.0125076 0.00910777
 663 0.2 0.0127903 0.00909841
 664 0.28 0.0131928 0.00909361
 665 -0.08 0.0130526 0.00908101
 666 -0.16 0.0127928 0.00907108
 667 -0.28 0.0123538 0.0090681
 668 -0.2 0.0120359 0.0090601
 669 0.04 0.0120777 0.00904664
 670 0.04 0.0121194 0.00903323
 671 -0.12 0.0119225 0.0090219
 672 0 0.0119048 0.00900848
 673 -0.32 0.0114116 0.0090086
 674 -0.28 0.0109792 0.00900561
 675 -0.32 0.0104889 0.00900561
 676 -0.24 0.0101183 0.00899991
 677 -0.16 0.00986706 0.00899012
 678 -0.36 0.00932153 0.00899341
 679 0.2 0.00960236 0.00898455
 680 -0.08 0.00947059 0.00897229
 681 0.04 0.00951542 0.00895922
 682 -0.08 0.00938416 0.00894704
 683 -0.12 0.00919473 0.00893594
 684 -0.08 0.00906433 0.00892382
 685 -0.16 0.00881752 0.0089142
 686 0.08 0.00892128 0.0089018
 687 -0.12 0.00873362 0.00889081
 688 0 0.00872093 0.00887789
 689 0.16 0.00894049 0.00886771
 690 0.12 0.00910145 0.00885631
 691 0.04 0.00914616 0.0088436
 692 0.16 0.00936416 0.0088335
 693 0.28 0.00975469 0.00882939
 694 0.12 0.00991354 0.00881809
 695 0.16 0.0101295 0.00880804
 696 0.28 0.0105172 0.00880391
 697 0.24 0.0108465 0.00879744
 698 0.16 0.0110602 0.00878742
 699 0.4 0.0116166 0.00879247
 700 0.08 0.0117143 0.00878044
 701 0 0.0116976 0.00876792
 702 -0.04 0.0116239 0.00875573
 703 0.04 0.0116643 0.00874336
 704 0 0.0116477 0.00873095
 705 0.28 0.0120284 0.00872686
 706 0.24 0.0123513 0.00872047
 707 0.32 0.0127864 0.00871899
 708 0.48 0.0134463 0.00873164
 709 0.4 0.0139915 0.00873635
 710 0.16 0.0141972 0.00872646
 711 0.52 0.0149086 0.00874317
 712 0.48 0.0155618 0.00875528
 713 0.4 0.016101 0.0087596
 714 0.24 0.0164146 0.00875294
 715 -0.12 0.0162238 0.00874278
 716 0.08 0.0163128 0.00873101
 717 0.04 0.0163459 0.00871889
 718 -0.04 0.0162674 0.00870709
 719 -0.08 0.0161335 0.008696
 720 -0.2 0.0158333 0.0086891
 721 -0.16 0.0155895 0.00868047
 722 -0.08 0.0154571 0.00866945
 723 0.04 0.015491 0.00865752
 724 0.08 0.0155801 0.00864601
 725 -0.16 0.0153379 0.00863747
 726 0.28 0.0157025 0.00863327
 727 0.08 0.0157909 0.00862184
 728 -0.04 0.0157143 0.00861033
 729 0.04 0.0157476 0.00859857
 730 -0.04 0.0156712 0.00858712
 731 -0.12 0.0154856 0.00857738
 732 -0.16 0.0152459 0.00856901
 733 -0.08 0.015116 0.00855829
 734 0.04 0.0151499 0.00854669
 735 0.16 0.0153469 0.00853733
 736 0.12 0.0154891 0.00852691
 737 0 0.0154681 0.00851536
 738 -0.04 0.015393 0.00850414
 739 0.24 0.0156969 0.00849807
 740 0.28 0.0160541 0.00849409
 741 0.32 0.0164642 0.00849253
 742 0.48 0.0170889 0.00850405
 743 0.36 0.0175505 0.00850513
 744 0.4 0.0180645 0.00850923
 745 0.16 0.018255 0.00849994
 746 0.16 0.018445 0.00849066
 747 0.12 0.018581 0.00848038
 748 0.2 0.0188235 0.0084725
 749 0.04 0.0188518 0.00846123
 750 -0.2 0.01856 0.00845498
 751 0 0.0185353 0.00844375
 752 -0.04 0.0184574 0.00843287
 753 -0.2 0.0181673 0.00842666
 754 0 0.0181432 0.00841551
 755 0.04 0.0181722 0.00840441
 756 -0.04 0.0180952 0.00839364
 757 -0.08 0.0179657 0.00838354
 758 0.08 0.0180475 0.00837288
 759 0.24 0.0183399 0.00836695
 760 0.16 0.0185263 0.00835801
 761 0.16 0.0187122 0.00834909
 762 0.2 0.0189501 0.00834152
 763 0.12 0.0190826 0.00833163
 764 0.08 0.0191623 0.0083211
 765 -0.08 0.0190327 0.00831123
 766 0.12 0.0191645 0.00830142
 767 -0.04 0.0190874 0.00829095
 768 -0.12 0.0189063 0.00828213
 769 0.2 0.0191417 0.0082747
 770 0.28 0.0194805 0.00827089
 771 0.2 0.0197147 0.00826347
 772 -0.08 0.0195855 0.00825377
 773 -0.2 0.0193014 0.00824798
 774 0 0.0192765 0.00823736
 775 -0.08 0.0191484 0.00822772
 776 -0.32 0.0187113 0.00822872
 777 -0.12 0.0185328 0.00822006
 778 0.04 0.0185604 0.00820954
 779 0.08 0.0186393 0.00819937
 780 0 0.0186154 0.00818889
 781 0.12 0.0187452 0.00817943
 782 0.2 0.018977 0.00817225
 783 0.08 0.0190549 0.00816218
 784 -0.04 0.0189796 0.00815211
 785 0.12 0.0191083 0.00814273
 786 -0.48 0.0184733 0.00815712
 787 -0.48 0.0178399 0.00817133
 788 -0.32 0.0174112 0.00817221
 789 0 0.0173891 0.00816187
 790 0 0.0173671 0.00815157
 791 -0.04 0.0172946 0.00814158
 792 0.16 0.0174747 0.00813329
 793 0 0.0174527 0.00812305
 794 0.04 0.0174811 0.00811287
 795 0.36 0.0179119 0.0081141
 796 0.44 0.0184422 0.00812123
 797 0.12 0.0185696 0.00811204
 798 -0.2 0.0182957 0.00810649
 799 0.16 0.0184731 0.00809828
 800 0.2 0.0187 0.00809134
 801 0.08 0.0187765 0.00808159
 802 0.16 0.0189526 0.00807343
 803 -0.08 0.0188294 0.00806431
 804 -0.12 0.0186567 0.00805612
 805 -0.16 0.0184348 0.00804917
 806 -0.48 0.0178164 0.00806293
 807 -0.48 0.0171995 0.00807652
 808 -0.4 0.0166832 0.00808303
 809 -0.44 0.0161187 0.00809274
 810 -0.24 0.0158025 0.00808893
 811 -0.08 0.0156843 0.00807981
 812 -0.04 0.0156158 0.00807015
 813 -0.04 0.0155474 0.0080605
 814 -0.2 0.0152826 0.00805495
 815 -0.44 0.0147239 0.00806443
 816 -0.36 0.0142647 0.00806762
 817 -0.4 0.0137576 0.00807368
 818 -0.28 0.0133985 0.0080718
 819 -0.44 0.0128449 0.00808092
 820 -0.64 0.0120488 0.00811023
 821 -0.28 0.0116931 0.00810815
 822 -0.16 0.0114842 0.00810098
 823 -0.12 0.0113244 0.00809271
 824 -0.16 0.0111165 0.00808555
 825 -0.28 0.0107636 0.00808345
 826 -0.48 0.0101695 0.00809549
 827 -0.32 0.00977025 0.00809555
 828 -0.2 0.00951691 0.00808973
 829 -0.16 0.00931242 0.00808255
 830 0.12 0.00944578 0.00807391
 831 -0.12 0.00929001 0.00806569
 832 0.36 0.00971154 0.00806701
 833 0.12 0.00984394 0.00805841
 834 -0.24 0.00954436 0.00805432
 835 -0.16 0.00934132 0.00804723
 836 -0.08 0.00923445 0.00803831
 837 0.08 0.009319 0.00802914
 838 0.08 0.00940334 0.00802
 839 0.28 0.00972586 0.00801692
 840 0.12 0.00985714 0.00800845
 841 0.2 0.0100832 0.00800212
 842 0 0.0100713 0.00799262
 843 0.12 0.0102017 0.0079842
 844 -0.08 0.0100948 0.00797545
 845 -0.12 0.00994083 0.00796749
 846 -0.08 0.00983452 0.00795878
 847 -0.12 0.00968123 0.00795085
 848 -0.24 0.00938679 0.00794693
 849 -0.12 0.00923439 0.00793902
 850 -0.12 0.00908235 0.00793114
 851 -0.28 0.00874266 0.00792909
 852 -0.08 0.0086385 0.00792046
 853 0.08 0.00872216 0.00791161
 854 0.08 0.00880562 0.00790279
 855 0.04 0.00884211 0.00789362
 856 -0.36 0.00841121 0.00789616
 857 -0.4 0.00793466 0.00790133
 858 -0.16 0.00773893 0.00789454
 859 -0.04 0.00768335 0.00788554
 860 0.04 0.00772093 0.00787645
 861 -0.24 0.00743322 0.00787256
 862 -0.16 0.00723898 0.00786582
 863 -0.32 0.00685979 0.00786584
 864 -0.32 0.00648148 0.00786584
 865 -0.12 0.00633526 0.0078581
 866 0.16 0.0065127 0.00785103
 867 0.24 0.00678201 0.00784659
 868 0.32 0.00714286 0.00784585
 869 0.48 0.007687 0.00785568
 870 0.44 0.00818391 0.00786236
 871 0.24 0.00845006 0.00785784
 872 0.12 0.00857798 0.00784987
 873 0.24 0.00884307 0.00784535
 874 0.2 0.00906178 0.00783942
 875 0.04 0.00909714 0.00783053
 876 -0.2 0.00885845 0.00782523
 877 -0.12 0.00871152 0.00781769
 878 -0.2 0.0084738 0.00781239
 879 -0.24 0.00819113 0.00780862
 880 -0.24 0.00790909 0.00780484
 881 0.12 0.00803632 0.00779701
 882 -0.2 0.00780045 0.00779174
 883 -0.36 0.00738392 0.00779405
 884 -0.4 0.00692308 0.00779885
 885 -0.24 0.00664407 0.00779503
 886 -0.28 0.00632054 0.00779295
 887 -0.08 0.00622322 0.00778476
 888 0.12 0.00635135 0.00777705
 889 0 0.00634421 0.0077683
 890 -0.04 0.00629213 0.00775974
 891 0.04 0.00632997 0.00775112
 892 0.04 0.00636771 0.00774252
 893 -0.04 0.00631579 0.00773401
 894 0.16 0.0064877 0.00772727
 895 0.24 0.0067486 0.00772304
 896 -0.16 0.0065625 0.00771666
 897 -0.04 0.00651059 0.00770823
 898 -0.04 0.0064588 0.00769981
 899 -0.04 0.00640712 0.00769142
 900 -0.08 0.00631111 0.00768347
 901 -0.08 0.00621532 0.00767553
 902 -0.04 0.00616408 0.00766719
 903 -0.08 0.00606866 0.00765929
 904 0.04 0.00610619 0.0076509
 905 -0.08 0.00601105 0.00764304
 906 0.2 0.00622517 0.0076376
 907 0.36 0.00661521 0.00763914
 908 0.16 0.00678414 0.00763259
 909 0.48 0.00730473 0.00764194
 910 0.6 0.00795604 0.00766127
 911 0.4 0.00838639 0.00766495
 912 0.44 0.00885965 0.00767115
 913 0.56 0.00946331 0.00768649
 914 0.44 0.00993435 0.00769251
 915 0.12 0.0100546 0.00768504
 916 -0.24 0.00978166 0.00768149
 917 -0.2 0.00955289 0.00767652
 918 -0.48 0.00901961 0.00768668
 919 -0.36 0.00861806 0.0076888
 920 -0.24 0.00834783 0.00768519
 921 -0.36 0.00794788 0.00768725
 922 -0.6 0.0072885 0.00770717
 923 -0.4 0.00684724 0.00771145
 924 -0.36 0.00645022 0.00771333
 925 -0.08 0.00635676 0.00770555
 926 0.08 0.00643629 0.00769763
 927 0.28 0.00673139 0.00769499
 928 0.4 0.00715517 0.00769836
 929 0.44 0.0076211 0.00770417
 930 0.4 0.00804301 0.00770744
 931 0.52 0.00859291 0.00771877
 932 0.24 0.0088412 0.00771448
 933 0.16 0.00900322 0.00770791
 934 0.2 0.00920771 0.00770237
 935 0.64 0.00988235 0.00772365
 936 0.28 0.0101709 0.00772079
 937 -0.08 0.0100747 0.00771314
 938 0 0.010064 0.00770492
 939 -0.12 0.00992545 0.00769796
 940 -0.04 0.00987234 0.00768995
 941 0.2 0.0100744 0.00768443
 942 0.24 0.0103185 0.00768015
 943 0.36 0.0106893 0.00768096
 944 0.24 0.0109322 0.00767666
 945 0.12 0.0110476 0.0076694
 946 0 0.0110359 0.0076613
 947 -0.24 0.0107709 0.00765779
 948 -0.36 0.0103797 0.0076597
 949 -0.12 0.0102424 0.00765286
 950 0.08 0.0103158 0.00764515
 951 -0.12 0.0101788 0.00763834
 952 -0.08 0.010084 0.0076309
 953 -0.28 0.00977964 0.00762896
 954 -0.08 0.00968553 0.00762154
 955 0.04 0.00971728 0.00761362
 956 0.16 0.00987448 0.00760728
 957 0.2 0.0100731 0.00760192
 958 0.12 0.0101879 0.00759485
 959 0.36 0.0105527 0.00759569
 960 -0.16 0.010375 0.00758985
 961 0.16 0.0105307 0.00758355
 962 0.28 0.0108108 0.00758084
 963 0.12 0.0109242 0.00757381
 964 -0.04 0.0108714 0.00756614
 965 -0.16 0.0106943 0.00756036
 966 0.16 0.0108489 0.00755412
 967 0.04 0.010879 0.00754636
 968 0.2 0.0110744 0.00754109
 969 0.24 0.0113106 0.00753701
 970 0.2 0.0115052 0.00753175
 971 0.08 0.0115757 0.00752432
 972 0.04 0.0116049 0.00751663
 973 0.08 0.0116752 0.00750923
 974 0 0.0116632 0.00750152
 975 -0.08 0.0115692 0.00749442
 976 0.04 0.0115984 0.00748679
 977 -0.24 0.0113408 0.00748356
 978 -0.24 0.0110838 0.00748032
 979 0.04 0.0111134 0.00747273
 980 0 0.011102 0.00746511
 981 0.28 0.0113761 0.00746253
 982 0.64 0.0120163 0.00748236
 983 0.64 0.0126551 0.007502
 984 0.6 0.013252 0.0075181
 985 0.56 0.0138071 0.00753095
 986 0.48 0.0142799 0.00753815
 987 0.12 0.014387 0.00753127
 988 0.04 0.014413 0.00752369
 989 -0.24 0.0141557 0.00752048
 990 -0.16 0.0139798 0.00751494
 991 -0.32 0.0136428 0.00751491
 992 -0.2 0.0134274 0.00751042
 993 -0.08 0.0133333 0.00750344
 994 0.2 0.0135211 0.00749824
 995 0.32 0.0138291 0.00749703
 996 0.2 0.0140161 0.00749183
 997 0.16 0.0141625 0.00748575
 998 0 0.0141483 0.00747826
 999 -0.12 0.014014 0.00747197
 1000 0.12 0.01412 0.00746525
 1001 0.24 0.0143457 0.0074612
 1002 0.12 0.0144511 0.0074545
 1003 0.28 0.0147159 0.00745177
 1004 0.32 0.0150199 0.00745055
 1005 0.52 0.0155224 0.00746007
 1006 0.56 0.0160636 0.00747228
 1007 0.52 0.0165641 0.00748161
 1008 -0.04 0.0165079 0.0074744
 1009 -0.28 0.0162141 0.00747276
 1010 -0.48 0.0157228 0.00748151
 1011 -0.16 0.015549 0.00747613
 1012 0.16 0.0156917 0.0074701
 1013 0.12 0.0157947 0.00746343
 1014 0.36 0.0161341 0.00746379
 1015 0.16 0.0162759 0.00745778
 1016 -0.2 0.016063 0.00745348
 1017 -0.04 0.0160079 0.00744635
 1018 0.2 0.0161886 0.00744123
 1019 0.12 0.0162905 0.00743462
 1020 -0.24 0.0160392 0.00743158
 1021 -0.28 0.0157493 0.00742995
 1022 -0.24 0.015499 0.0074269
 1023 -0.16 0.0153275 0.00742162
 1024 -0.24 0.0150781 0.00741856
 1025 -0.32 0.0147512 0.00741852
 1026 0.08 0.0148148 0.00741156
 1027 0.24 0.0150341 0.00740759
 1028 0 0.0150195 0.00740039
 1029 0.12 0.0151215 0.0073939
 1030 0.12 0.0152233 0.00738742
 1031 0.2 0.0154025 0.00738243
 1032 0.16 0.0155426 0.0073766
 1033 0.12 0.0156438 0.00737015
 1034 0.08 0.015706 0.00736328
 1035 0.2 0.0158841 0.00735832
 1036 0.12 0.0159846 0.0073519
 1037 0 0.0159691 0.00734482
 1038 -0.12 0.0158382 0.00733891
 1039 -0.2 0.0156304 0.00733479
 1040 0 0.0156154 0.00732775
 1041 0.2 0.0157925 0.00732285
 1042 0.36 0.0161228 0.00732327
 1043 0.4 0.0164909 0.0073255
 1044 0.24 0.016705 0.00732161
 1045 0.16 0.0168421 0.00731588
 1046 0.48 0.0172849 0.00732229
 1047 0.32 0.017574 0.007321
 1048 0.4 0.0179389 0.00732311
 1049 0.04 0.01796 0.00731615
 1050 0.12 0.0180571 0.00730983
 1051 0.12 0.0181541 0.00730351
 1052 0.04 0.0181749 0.0072966
 1053 -0.08 0.0180817 0.00729026
 1054 0.2 0.0182543 0.00728539
 1055 0.36 0.0185782 0.00728568
 1056 0.52 0.019053 0.00729425
 1057 0.36 0.0193756 0.00729448
 1058 0.48 0.019811 0.00730058
 1059 0.32 0.0200944 0.00729919
 1060 0.44 0.0204906 0.00730305
 1061 0.24 0.0206975 0.0072991
 1062 0.4 0.0210546 0.00730096
 1063 0.16 0.0211853 0.00729526
 1064 -0.2 0.0209774 0.00729136
 1065 -0.24 0.0207324 0.00728864
 1066 0.04 0.0207505 0.00728182
 1067 -0.16 0.0205811 0.00727696
 1068 -0.4 0.0201873 0.0072808
 1069 -0.08 0.0200935 0.00727459
 1070 -0.04 0.0200374 0.00726801
 1071 0.12 0.0201307 0.00726182
 1072 0.04 0.0201493 0.00725506
 1073 0.12 0.0202423 0.0072489
 1074 -0.08 0.020149 0.00724275
 1075 -0.08 0.0200558 0.00723661
 1076 -0.04 0.02 0.00723009
 1077 -0.16 0.0198329 0.00722531
 1078 -0.36 0.0194805 0.0072272
 1079 -0.32 0.0191659 0.00722735
 1080 -0.68 0.0185185 0.00724962
 1081 -0.48 0.0180574 0.00725757
 1082 -0.48 0.017597 0.00726546
 1083 -0.6 0.0170268 0.00728111
 1084 -0.44 0.0166052 0.0072866
 1085 -0.2 0.0164055 0.00728262
 1086 -0.2 0.0162063 0.00727864
 1087 -0.08 0.0161178 0.00727248
 1088 0.16 0.01625 0.00726699
 1089 0.16 0.016382 0.00726152
 1090 0.32 0.0166606 0.0072602
 1091 0.2 0.0168286 0.00725549
 1092 0.4 0.0171795 0.00725733
 1093 0.04 0.0172004 0.00725071
 1094 -0.08 0.0171115 0.00724463
 1095 0 0.0170959 0.00723803
 1096 -0.08 0.0170073 0.00723196
 1097 -0.24 0.016773 0.00722916
 1098 -0.08 0.0166849 0.00722311
 1099 -0.12 0.0165605 0.00721761
 1100 0.04 0.0165818 0.00721108
 1101 0.12 0.0166757 0.00720514
 1102 0.04 0.0166969 0.00719863
 1103 0.12 0.0167906 0.00719271
 1104 -0.12 0.0166667 0.00718726
 1105 -0.32 0.016362 0.00718721
 1106 -0.48 0.0159132 0.00719472
 1107 -0.6 0.0153568 0.00720972
 1108 -0.48 0.0149097 0.00721707
 1109 -0.48 0.0144635 0.00722435
 1110 -0.6 0.0139099 0.00723904
 1111 -0.56 0.0133933 0.00725095
 1112 -0.8 0.0126619 0.00728126
 1113 -0.64 0.0120755 0.00729831
 1114 -0.44 0.0116697 0.00730304
 1115 -0.32 0.0113722 0.00730254
 1116 0.08 0.0114337 0.00729626
 1117 0.16 0.0115667 0.00729094
 1118 0 0.0115564 0.00728442
 1119 0.04 0.0115818 0.00727795
 1120 0.36 0.0118929 0.0072781
 1121 0.08 0.0119536 0.00727186
 1122 -0.04 0.0119073 0.00726552
 1123 -0.12 0.0117898 0.00726
 1124 -0.24 0.0115658 0.007257
 1125 -0.32 0.0112711 0.00725653
 1126 0 0.0112611 0.00725009
 1127 -0.12 0.0111446 0.00724459
 1128 0.08 0.0112057 0.00723842
 1129 0.04 0.0112312 0.00723205
 1130 0.2 0.0113982 0.00722758
 1131 0.24 0.0116004 0.00722402
 1132 0.2 0.0117668 0.00721955
 1133 0.2 0.0119329 0.00721509
 1134 -0.12 0.0118166 0.00720966
 1135 -0.12 0.0117004 0.00720424
 1136 -0.08 0.0116197 0.00719835
 1137 0.16 0.0117502 0.0071932
 1138 0.56 0.012232 0.00720301
 1139 0.32 0.0125022 0.00720175
 1140 0.12 0.0125965 0.00719605
 1141 0.12 0.0126906 0.00719036
 1142 0.12 0.0127846 0.00718467
 1143 -0.04 0.0127384 0.00717853
 1144 0.2 0.0129021 0.00717412
 1145 0.24 0.0131004 0.0071706
 1146 0 0.013089 0.00716435
 1147 -0.08 0.0130078 0.00715856
 1148 -0.08 0.0129268 0.00715278
 1149 0.08 0.0129852 0.00714679
 1150 0 0.0129739 0.00714058
 1151 -0.04 0.0129279 0.00713452
 1152 -0.24 0.0127083 0.00713171
 1153 0.2 0.0128708 0.00712737
 1154 0.12 0.0129636 0.0071218
 1155 -0.12 0.0128485 0.00711656
 1156 -0.44 0.0124567 0.00712118
 1157 -0.4 0.0121003 0.00712395
 1158 -0.36 0.0117789 0.00712504
 1159 -0.6 0.0112511 0.00713844
 1160 -0.36 0.010931 0.00713946
 1161 -0.28 0.0106804 0.00713771
 1162 -0.12 0.010568 0.00713245
 1163 -0.28 0.0103181 0.00713069
 1164 -0.04 0.0102749 0.00712469
 1165 0.32 0.0105408 0.00712354
 1166 0.12 0.0106346 0.00711804
 1167 0.04 0.0106598 0.00711199
 1168 0.08 0.0107192 0.00710614
 1169 0.2 0.0108811 0.00710191
 1170 0.2 0.0110427 0.00709768
 1171 0.08 0.0111016 0.00709186
 1172 0.04 0.0111263 0.00708585
 1173 0.24 0.0113214 0.00708249
 1174 0.32 0.0115843 0.00708134
 1175 0.36 0.0118809 0.00708152
 1176 0.4 0.0122109 0.00708319
 1177 0.52 0.0126423 0.00709031
 1178 0.32 0.0129032 0.00708909
 1179 0.4 0.0132316 0.00709068
 1180 0.28 0.0134576 0.00708827
 1181 0.24 0.0136494 0.00708486
 1182 0.16 0.0137733 0.00707995
 1183 0.2 0.0139307 0.00707571
 1184 0.28 0.0141554 0.00707331
 1185 0.2 0.0143122 0.00706908
 1186 0.4 0.0146374 0.00707059
 1187 -0.04 0.0145914 0.00706479
 1188 -0.08 0.0145118 0.00705929
 1189 0.08 0.0145669 0.00705356
 1190 -0.08 0.0144874 0.00704808
 1191 0.08 0.0145424 0.00704237
 1192 -0.04 0.0144966 0.00703661
 1193 -0.24 0.0142833 0.00703395
 1194 -0.2 0.0141039 0.00703034
 1195 -0.36 0.0137908 0.00703143
 1196 -0.32 0.0135117 0.00703109
 1197 -0.36 0.0131997 0.00703214
 1198 -0.28 0.0129549 0.00703053
 1199 -0.24 0.012744 0.00702783
 1200 0 0.0127333 0.00702198
 1201 0.32 0.0129892 0.00702079
 1202 0.12 0.0130782 0.00701552
 1203 -0.12 0.0129676 0.00701055
 1204 0 0.0129568 0.00700474
 1205 0.12 0.0130456 0.00699949
 1206 -0.12 0.0129353 0.00699455
 1207 0 0.0129246 0.00698876
 1208 0.04 0.012947 0.00698301
 1209 0.04 0.0129694 0.00697727
 1210 0.12 0.0130579 0.00697206
 1211 0.28 0.0132783 0.00696978
 1212 0.12 0.0133663 0.00696459
 1213 0.4 0.0136851 0.00696614
 1214 0.12 0.0137727 0.00696095
 1215 0.04 0.0137942 0.00695525
 1216 0.52 0.0142105 0.00696199
 1217 0.36 0.0144947 0.00696207
 1218 0.4 0.0148112 0.00696354
 1219 0.4 0.0151272 0.006965
 1220 0.36 0.0154098 0.00696503
 1221 0.36 0.0156921 0.00696504
 1222 0.68 0.0162357 0.00698054
 1223 0.64 0.0167457 0.00699345
 1224 0.36 0.0170261 0.00699336
 1225 0.08 0.0170776 0.00698784
 1226 -0.2 0.0169005 0.00698438
 1227 -0.04 0.0168541 0.00697884
 1228 -0.24 0.016645 0.00697629
 1229 0 0.0166314 0.00697063
 1230 -0.04 0.0165854 0.00696511
 1231 0.12 0.0166694 0.00695996
 1232 -0.08 0.0165909 0.00695475
 1233 -0.08 0.0165126 0.00694955
 1234 0.08 0.016564 0.0069441
 1235 0.32 0.0168097 0.00694283
 1236 0.12 0.0168932 0.00693771
 1237 0.24 0.0170736 0.00693444
 1238 0.04 0.0170921 0.00692887
 1239 -0.44 0.0167232 0.00693309
 1240 -0.4 0.0163871 0.00693565
 1241 -0.4 0.0160516 0.00693817
 1242 -0.32 0.015781 0.00693786
 1243 -0.56 0.0153178 0.00694774
 1244 -0.36 0.0150161 0.0069487
 1245 -0.2 0.0148434 0.00694527
 1246 -0.28 0.0146067 0.00694372
 1247 -0.28 0.0143705 0.00694217
 1248 0.16 0.0144872 0.00693759
 1249 -0.08 0.0144115 0.00693245
 1250 -0.12 0.014304 0.00692773
 1251 -0.28 0.0140687 0.00692619
 1252 -0.08 0.0139936 0.00692106
 1253 -0.16 0.0138547 0.00691693
 1254 -0.08 0.0137799 0.00691182
 1255 -0.48 0.0133865 0.00691751
 1256 -0.48 0.0129936 0.00692315
 1257 -0.4 0.0126651 0.00692544
 1258 -0.28 0.0124324 0.00692384
 1259 -0.04 0.0123908 0.00691847
 1260 -0.04 0.0123492 0.0069131
 1261 -0.28 0.0121174 0.0069115
 1262 -0.04 0.0120761 0.00690615
 1263 0.04 0.0120982 0.00690071
 1264 -0.04 0.012057 0.00689537
 1265 -0.12 0.0119526 0.00689071
 1266 -0.24 0.0117536 0.00688814
 1267 0.12 0.011839 0.00688323
 1268 -0.08 0.0117666 0.00687818
 1269 -0.08 0.0116942 0.00687314
 1270 0.08 0.011748 0.00686794
 1271 0.4 0.0120535 0.00686933
 1272 0.24 0.0122327 0.00686627
 1273 -0.08 0.0121603 0.00686125
 1274 -0.04 0.0121193 0.00685599
 1275 -0.2 0.0119529 0.00685263
 1276 -0.08 0.0118809 0.00684763
 1277 -0.2 0.011715 0.00684428
 1278 -0.04 0.0116745 0.00683904
 1279 0 0.0116654 0.0068337
 1280 -0.12 0.0115625 0.00682913
 1281 -0.04 0.0115222 0.00682392
 1282 -0.16 0.0113885 0.00681991
 1283 -0.08 0.0113172 0.00681496
 1284 -0.2 0.0111526 0.00681164
 1285 0.12 0.0112374 0.00680686
 1286 0 0.0112286 0.00680157
 1287 -0.08 0.0111577 0.00679666
 1288 0.16 0.0112733 0.00679236
 1289 0.28 0.0114818 0.00679029
 1290 -0.16 0.0113488 0.00678633
 1291 0.24 0.0115259 0.00678338
 1292 0.16 0.0116409 0.0067791
 1293 0.4 0.0119412 0.00678051
 1294 0.24 0.0121175 0.00677756
 1295 0.2 0.0122625 0.00677388
 1296 0.32 0.0125 0.00677282
 1297 0.2 0.0126446 0.00676914
 1298 0.16 0.0127581 0.00676487
 1299 -0.16 0.0126251 0.00676097
 1300 -0.28 0.0124 0.00675952
 1301 -0.2 0.0122367 0.00675629
 1302 -0.16 0.0121045 0.0067524
 1303 0 0.0120952 0.00674722
 1304 -0.16 0.0119632 0.00674333
 1305 0 0.011954 0.00673817
 1306 0.08 0.0120061 0.00673321
 1307 -0.2 0.0118439 0.00673001
 1308 0 0.0118349 0.00672487
 1309 0.12 0.0119175 0.00672024
 1310 0.52 0.0123053 0.0067263
 1311 0.16 0.012418 0.00672211
 1312 -0.12 0.0123171 0.00671774
 1313 -0.12 0.0122163 0.00671338
 1314 -0.16 0.0120852 0.00670955
 1315 -0.08 0.0120152 0.00670481
 1316 -0.2 0.0118541 0.00670165
 1317 -0.4 0.0115414 0.00670386
 1318 -0.44 0.0111988 0.00670753
 1319 -0.04 0.01116 0.00670255
 1320 -0.04 0.0111212 0.00669758
 1321 0.2 0.0112642 0.00669404
 1322 0.16 0.0113767 0.00668992
 1323 -0.04 0.0113379 0.00668497
 1324 -0.04 0.0112991 0.00668004
 1325 -0.04 0.0112604 0.00667511
 1326 0 0.0112519 0.00667007
 1327 -0.2 0.0110927 0.00666695
 1328 0.04 0.0111145 0.00666196
 1329 -0.04 0.011076 0.00665706
 1330 -0.16 0.0109474 0.00665329
 1331 -0.24 0.0107588 0.00665097
 1332 -0.2 0.0106006 0.00664785
 1333 -0.36 0.0103226 0.00664868
 1334 -0.44 0.00998501 0.00665227
 1335 -0.24 0.00979775 0.00664992
 1336 -0.24 0.00961078 0.00664757
 1337 -0.12 0.00951384 0.0066433
 1338 0.08 0.00956652 0.00663854
 1339 -0.04 0.0095295 0.00663369
 1340 0.08 0.00958209 0.00662894
 1341 0.12 0.00966443 0.00662451
 1342 0.08 0.00971684 0.00661978
 1343 0.16 0.00982874 0.00661579
 1344 -0.08 0.0097619 0.00661121
 1345 0.08 0.00981413 0.0066065
 1346 0 0.00980684 0.00660159
 1347 0.24 0.00997773 0.0065989
 1348 0.28 0.010178 0.00659705
 1349 0.12 0.0102595 0.00659266
 1350 -0.16 0.0101333 0.00658898
 1351 -0.2 0.00997779 0.00658594
 1352 -0.24 0.0097929 0.00658366
 1353 -0.12 0.00969697 0.00657949
 1354 -0.04 0.00966027 0.00657473
 1355 -0.16 0.00953506 0.00657107
 1356 -0.16 0.00941003 0.00656742
 1357 -0.2 0.00925571 0.00656439
 1358 0.04 0.00927835 0.00655959
 1359 0.08 0.00933039 0.00655497
 1360 0.24 0.0095 0.00655234
 1361 0.12 0.00958119 0.00654803
 1362 0.08 0.00963289 0.00654343
 1363 -0.08 0.00956713 0.00653895
 1364 -0.04 0.00953079 0.00653426
 1365 0.12 0.00961172 0.00652997
 1366 0.44 0.00992679 0.00653279
 1367 0.16 0.0100366 0.00652893
 1368 -0.08 0.00997076 0.00652449
 1369 0 0.00996348 0.00651973
 1370 0.2 0.0101022 0.00651644
 1371 0.32 0.0103282 0.00651561
 1372 0.28 0.0105248 0.00651383
 1373 0.48 0.0108667 0.00651806
 1374 0.4 0.0111499 0.00651946
 1375 0.4 0.0114327 0.00652086
 1376 0.44 0.0117442 0.00652356
 1377 0.32 0.011968 0.00652266
 1378 0.32 0.0121916 0.00652176
 1379 0.44 0.0125018 0.0065244
 1380 0.44 0.0128116 0.00652703
 1381 0.36 0.013063 0.00652715
 1382 0.28 0.0132562 0.00652528
 1383 0.36 0.0135069 0.00652538
 1384 0.28 0.0136994 0.0065235
 1385 0.36 0.0139495 0.00652359
 1386 0.36 0.0141991 0.00652366
 1387 0.32 0.0144196 0.00652268
 1388 0.28 0.014611 0.00652079
 1389 0.2 0.0147444 0.00651746
 1390 0 0.0147338 0.00651277
 1391 -0.08 0.0146657 0.00650845
 1392 0 0.0146552 0.00650378
 1393 0.12 0.0147308 0.00649955
 1394 0 0.0147202 0.00649489
 1395 -0.32 0.0144803 0.00649467
 1396 -0.24 0.014298 0.00649257
 1397 -0.44 0.0139728 0.00649607
 1398 -0.56 0.0135622 0.00650439
 1399 -0.56 0.0131523 0.00651266
 1400 -0.4 0.0128571 0.00651469
 1401 -0.28 0.0126481 0.0065134
 1402 -0.16 0.012525 0.00650991
 1403 -0.04 0.0124875 0.00650538
 1404 -0.04 0.0124501 0.00650085
 1405 -0.2 0.0122989 0.00649798
 1406 -0.2 0.0121479 0.00649511
 1407 -0.04 0.0121109 0.0064906
 1408 -0.12 0.012017 0.00648667
 1409 -0.12 0.0119233 0.00648274
 1410 -0.24 0.0117447 0.00648061
 1411 -0.08 0.0116797 0.00647634
 1412 -0.16 0.0115581 0.00647289
 1413 -0.12 0.011465 0.00646898
 1414 0.04 0.0114851 0.00646443
 1415 -0.16 0.011364 0.006461
 1416 -0.28 0.0111582 0.00645971
 1417 -0.2 0.0110092 0.00645687
 1418 0.04 0.0110296 0.00645235
 1419 0 0.0110218 0.00644781
 1420 0 0.0110141 0.00644327
 1421 0 0.0110063 0.00643874
 1422 -0.04 0.0109705 0.00643431
 1423 -0.08 0.0109065 0.0064301
 1424 -0.36 0.0106461 0.00643086
 1425 -0.2 0.0104982 0.00642805
 1426 -0.04 0.0104628 0.00642364
 1427 0.16 0.0105676 0.00641999
 1428 0.24 0.0107283 0.0064175
 1429 0.24 0.0108887 0.00641502
 1430 0.32 0.0111049 0.00641417
 1431 0.2 0.0112369 0.00641105
 1432 0.36 0.0114804 0.0064112
 1433 0.24 0.0116399 0.00640871
 1434 0.2 0.0117713 0.00640558
 1435 0.16 0.0118746 0.00640195
 1436 -0.32 0.0116435 0.00640166
 1437 -0.28 0.0114405 0.00640043
 1438 -0.24 0.0112656 0.00639836
 1439 -0.36 0.0110076 0.00639912
 1440 -0.36 0.01075 0.00639986
 1441 -0.08 0.010687 0.00639573
 1442 0.08 0.0107351 0.00639147
 1443 -0.28 0.0105336 0.00639022
 1444 -0.6 0.0101108 0.00639977
 1445 -0.68 0.00963322 0.00641315
 1446 -0.52 0.00926694 0.00641917
 1447 -0.6 0.00884589 0.00642854
 1448 -0.44 0.00853591 0.00643157
 1449 -0.12 0.0084472 0.00642774
 1450 -0.24 0.00827586 0.00642559
 1451 -0.16 0.00815989 0.00642221
 1452 0 0.00815427 0.00641779
 1453 0.04 0.00817619 0.00641341
 1454 -0.24 0.0080055 0.00641127
 1455 0.04 0.00802749 0.0064069
 1456 0.04 0.00804945 0.00640253
 1457 -0.04 0.00801647 0.00639822
 1458 -0.24 0.00784636 0.0063961
 1459 -0.04 0.00781357 0.00639179
 1460 0.04 0.00783562 0.00638745
 1461 -0.04 0.00780287 0.00638316
 1462 -0.28 0.00760602 0.00638183
 1463 -0.12 0.0075188 0.00637807
 1464 -0.08 0.00745902 0.00637399
 1465 -0.04 0.00742662 0.00636972
 1466 -0.32 0.00720327 0.00636929
 1467 -0.24 0.00703476 0.00636718
 1468 -0.28 0.00683924 0.00636584
 1469 0 0.00683458 0.00636151
 1470 0 0.00682993 0.00635718
 1471 0 0.00682529 0.00635286
 1472 0.08 0.006875 0.00634874
 1473 0.12 0.0069518 0.00634489
 1474 0.32 0.00716418 0.00634414
 1475 0 0.00715932 0.00633984
 1476 0.12 0.00723577 0.006336
 1477 0.08 0.00728504 0.0063319
 1478 -0.04 0.00725304 0.0063277
 1479 0.08 0.00730223 0.00632361
 1480 0 0.0072973 0.00631934
 1481 0.16 0.00740041 0.00631591
 1482 0.12 0.00747638 0.0063121
 1483 0.2 0.0076062 0.00630918
 1484 0.04 0.00762803 0.00630497
 1485 0.2 0.00775758 0.00630205
 1486 0.16 0.00786003 0.00629864
 1487 0.08 0.00790854 0.00629459
 1488 0.08 0.00795699 0.00629055
 1489 -0.2 0.00781733 0.00628787
 1490 -0.16 0.0077047 0.00628466
 1491 -0.28 0.00751174 0.00628341
 1492 -0.2 0.00737265 0.00628074
 1493 0.04 0.00739451 0.00627656
 1494 -0.04 0.00736278 0.00627244
 1495 -0.2 0.00722408 0.00626978
 1496 0 0.00721925 0.00626559
 1497 -0.12 0.00713427 0.00626198
 1498 -0.04 0.0071028 0.00625788
 1499 0.12 0.00717812 0.00625415
 1500 0.08 0.00722667 0.00625017
 1501 0.24 0.00738175 0.00624793
 1502 0 0.00737683 0.00624377
 1503 0.36 0.00761144 0.00624403
 1504 0.48 0.00792553 0.00624777
 1505 0.16 0.00802658 0.00624444
 1506 0.2 0.00815405 0.00624159
 1507 0.16 0.00825481 0.00623826
 1508 0.08 0.00830239 0.00623431
 1509 0.32 0.00850895 0.0062336
 1510 0.36 0.00874172 0.00623381
 1511 0.28 0.00892124 0.00623227
 1512 0.36 0.00915344 0.00623248
 1513 0.2 0.00927958 0.00622963
 1514 0.04 0.00929987 0.00622555
 1515 0 0.00929373 0.00622144
 1516 -0.2 0.00915567 0.00621887
 1517 0.16 0.00925511 0.00621556
 1518 0.16 0.00935441 0.00621226
 1519 -0.04 0.00932192 0.00620826
 1520 0.08 0.00936842 0.00620435
 1521 0.08 0.00941486 0.00620044
 1522 0.32 0.00961892 0.00619972
 1523 0.08 0.00966513 0.00619582
 1524 -0.2 0.00952756 0.00619328
 1525 -0.16 0.00941639 0.00619022
 1526 0 0.00941022 0.00618617
 1527 0 0.00940406 0.00618212
 1528 -0.04 0.00937173 0.00617815
 1529 -0.12 0.00928712 0.00617469
 1530 -0.08 0.00922876 0.00617093
 1531 -0.12 0.00914435 0.00616748
 1532 0.12 0.00921671 0.00616387
 1533 0.28 0.00939335 0.00616238
 1534 0.48 0.00970013 0.006166
 1535 0.56 0.0100586 0.0061724
 1536 0.24 0.0102083 0.0061702
 1537 0.2 0.0103318 0.00616742
 1538 0.04 0.0103511 0.00616344
 1539 -0.04 0.0103184 0.00615952
 1540 -0.16 0.0102078 0.00615651
 1541 -0.44 0.00991564 0.00615945
 1542 0 0.00990921 0.00615546
 1543 -0.16 0.00979909 0.00615245
 1544 -0.32 0.00958549 0.00615217
 1545 -0.16 0.00947573 0.00614917
 1546 0.28 0.00965071 0.00614768
 1547 0.2 0.00977376 0.00614494
 1548 0.12 0.00984496 0.00614138
 1549 -0.04 0.00981278 0.0061375
 1550 0.44 0.0100903 0.00613981
 1551 0.32 0.0102901 0.00613911
 1552 0 0.0102835 0.00613515
 1553 0.28 0.0104572 0.00613366
 1554 0.12 0.0105277 0.00613012
 1555 -0.08 0.0104695 0.00612645
 1556 -0.08 0.0104113 0.00612279
 1557 -0.08 0.0103532 0.00611913
 1558 0.04 0.0103723 0.00611523
 1559 0.12 0.0104426 0.00611171
 1560 0.44 0.0107179 0.006114
 1561 0.2 0.0108392 0.00611128
 1562 0.16 0.0109347 0.00610812
 1563 -0.16 0.0108253 0.00610519
 1564 0.12 0.0108951 0.00610168
 1565 0 0.0108882 0.00609778
 1566 -0.08 0.0108301 0.00609417
 1567 0.08 0.0108743 0.00609043
 1568 0.2 0.0109949 0.00608774
 1569 -0.08 0.0109369 0.00608414
 1570 0.2 0.0110573 0.00608146
 1571 0.28 0.0112285 0.00607999
 1572 0.24 0.011374 0.00607787
 1573 0.12 0.0114431 0.00607439
 1574 -0.04 0.0114104 0.00607062
 1575 -0.12 0.011327 0.00606734
 1576 0.04 0.0113452 0.00606352
 1577 0.2 0.0114648 0.00606085
 1578 0.36 0.0116857 0.00606103
 1579 0.68 0.0121089 0.00607196
 1580 0.64 0.0125063 0.00608112
 1581 0.64 0.0129032 0.00609022
 1582 0.4 0.0131479 0.00609128
 1583 0.12 0.0132154 0.00608781
 1584 0 0.0132071 0.00608397
 1585 0.12 0.0132744 0.0060805
 1586 0.24 0.0134174 0.00607835
 1587 0 0.0134089 0.00607452
 1588 -0.08 0.0133501 0.00607098
 1589 0 0.0133417 0.00606717
 1590 0.12 0.0134088 0.00606372
 1591 0.08 0.0134507 0.00606005
 1592 0.16 0.0135427 0.00605695
 1593 -0.08 0.013484 0.00605343
 1594 0.08 0.0135257 0.00604977
 1595 0.08 0.0135674 0.00604612
 1596 -0.16 0.0134586 0.00604331
 1597 0.2 0.0135755 0.00604065
 1598 0.28 0.0137422 0.00603917
 1599 0.2 0.0138587 0.00603652
 1600 0.32 0.01405 0.00603578
 1601 -0.2 0.0139163 0.00603349
 1602 -0.2 0.0137828 0.0060312
 1603 -0.24 0.0136245 0.00602952
 1604 -0.36 0.0133915 0.00603026
 1605 -0.16 0.0132835 0.00602747
 1606 -0.08 0.0132254 0.00602399
 1607 0.12 0.0132918 0.00602061
 1608 0.04 0.0133085 0.00601689
 1609 0.2 0.0134245 0.00601427
 1610 0.24 0.0135652 0.00601218
 1611 0.16 0.0136561 0.00600913
 1612 0.12 0.0137221 0.00600576
 1613 -0.08 0.013664 0.00600232
 1614 0.08 0.0137051 0.00599874
 1615 0.08 0.0137461 0.00599517
 1616 0.12 0.0138119 0.00599182
 1617 0.16 0.0139023 0.00598879
 1618 -0.2 0.0137701 0.00598655
 1619 -0.16 0.0136628 0.00598381
 1620 -0.24 0.0135062 0.00598217
 1621 0.16 0.0135965 0.00597916
 1622 -0.04 0.0135635 0.00597556
 1623 -0.24 0.0134073 0.00597392
 1624 -0.16 0.0133005 0.0059712
 1625 -0.4 0.0130462 0.00597294
 1626 -0.2 0.0129151 0.0059707
 1627 -0.24 0.0127597 0.00596906
 1628 0 0.0127518 0.0059654
 1629 0.2 0.0128668 0.00596284
 1630 0.16 0.0129571 0.00595986
 1631 -0.16 0.012851 0.00595715
 1632 -0.08 0.0127941 0.00595377
 1633 -0.28 0.0126148 0.00595283
 1634 -0.16 0.0125092 0.00595012
 1635 0.12 0.0125749 0.00594684
 1636 0.04 0.0125917 0.00594323
 1637 -0.08 0.0125351 0.00593987
 1638 0.08 0.0125763 0.00593638
 1639 -0.08 0.0125198 0.00593303
 1640 0.12 0.0125854 0.00592977
 1641 0.28 0.0127483 0.0059284
 1642 0.28 0.0129111 0.00592702
 1643 0.16 0.0130006 0.00592409
 1644 -0.04 0.0129684 0.00592057
 1645 0.12 0.0130334 0.00591733
 1646 0.12 0.0130984 0.00591409
 1647 -0.16 0.0129933 0.00591144
 1648 0.12 0.0130583 0.0059082
 1649 0.12 0.0131231 0.00590498
 1650 0.04 0.0131394 0.00590142
 1651 -0.2 0.0130103 0.00589926
 1652 -0.08 0.012954 0.00589595
 1653 -0.2 0.0128252 0.00589379
 1654 -0.04 0.0127932 0.00589031
 1655 0 0.0127855 0.00588676
 1656 0.2 0.0128986 0.00588429
 1657 -0.04 0.0128666 0.00588082
 1658 -0.12 0.0127865 0.00587782
 1659 -0.04 0.0127547 0.00587436
 1660 0.04 0.0127711 0.00587085
 1661 0 0.0127634 0.00586732
 1662 -0.16 0.0126594 0.00586471
 1663 -0.16 0.0125556 0.0058621
 1664 -0.16 0.0124519 0.00585949
 1665 -0.28 0.0122763 0.00585861
 1666 -0.24 0.0121248 0.00585705
 1667 -0.28 0.0119496 0.00585615
 1668 0.24 0.0120863 0.00585424
 1669 -0.16 0.0119832 0.00585164
 1670 -0.08 0.0119281 0.00584839
 1671 -0.04 0.0118971 0.00584497
 1672 0 0.01189 0.00584148
 1673 -0.16 0.0117872 0.00583889
 1674 -0.12 0.0117085 0.00583594
 1675 -0.04 0.0116776 0.00583253
 1676 0.28 0.0118377 0.00583125
 1677 0.08 0.0118784 0.00582791
 1678 0 0.0118713 0.00582444
 1679 -0.12 0.0117927 0.0058215
 1680 0.08 0.0118333 0.00581818
 1681 0.08 0.0118739 0.00581486
 1682 -0.16 0.0117717 0.0058123
 1683 -0.08 0.0117172 0.0058091
 1684 -0.36 0.0114964 0.00580984
 1685 -0.56 0.0111573 0.00581629
 1686 -0.6 0.0107948 0.00582413
 1687 -0.52 0.0104801 0.00582918
 1688 -0.24 0.0103318 0.00582761
 1689 -0.12 0.0102546 0.00582467
 1690 -0.2 0.0101302 0.00582255
 1691 -0.48 0.00984033 0.00582632
 1692 -0.6 0.00947991 0.00583402
 1693 -0.52 0.00916716 0.00583896
 1694 -0.36 0.00894923 0.00583958
 1695 0 0.00894395 0.00583613
 1696 0.4 0.00917453 0.00583725
 1697 0.36 0.00938126 0.00583747
 1698 0.12 0.00944641 0.00583439
 1699 0.32 0.00962919 0.00583382
 1700 0.2 0.00974118 0.00583147
 1701 0.32 0.00992357 0.00583089
 1702 0.36 0.0101293 0.00583109
 1703 0.2 0.0102408 0.00582873
 1704 0.36 0.010446 0.00582893
 1705 0.32 0.0106276 0.00582833
 1706 0.32 0.0108089 0.00582774
 1707 0.52 0.0111072 0.00583196
 1708 0.32 0.0112881 0.00583135
 1709 0.64 0.0116559 0.00583953
 1710 0.8 0.012117 0.0058543
 1711 0.72 0.0125307 0.00586549
 1712 0.48 0.0128037 0.00586841
 1713 0.44 0.0130531 0.00587029
 1714 0.12 0.0131155 0.00586719
 1715 0.16 0.0132012 0.0058644
 1716 0.12 0.0132634 0.00586131
 1717 0.12 0.0133256 0.00585822
 1718 -0.12 0.013248 0.00585533
 1719 0.04 0.0132635 0.00585194
 1720 0.16 0.0133488 0.00584916
 1721 -0.2 0.0132249 0.00584707
 1722 -0.48 0.0129384 0.00585069
 1723 -0.36 0.012722 0.0058513
 1724 -0.28 0.0125522 0.00585037
 1725 -0.28 0.0123826 0.00584944
 1726 -0.32 0.01219 0.00584922
 1727 -0.4 0.0119514 0.0058507
 1728 -0.48 0.0116667 0.00585424
 1729 -0.48 0.0113823 0.00585776
 1730 -0.24 0.011237 0.00585618
 1731 -0.28 0.0110687 0.00585521
 1732 0.04 0.0110855 0.00585185
 1733 0 0.0110791 0.00584848
 1734 -0.16 0.0109804 0.00584594
 1735 -0.16 0.0108818 0.0058434
 1736 -0.16 0.0107834 0.00584086
 1737 0 0.0107772 0.0058375
 1738 0 0.010771 0.00583414
 1739 -0.28 0.0106038 0.00583318
 1740 -0.4 0.0103678 0.0058346
 1741 -0.16 0.01027 0.00583207
 1742 0.08 0.01031 0.00582886
 1743 0.04 0.010327 0.00582554
 1744 0.24 0.0104587 0.00582369
 1745 0.32 0.0106361 0.00582305
 1746 0.2 0.0107446 0.00582073
 1747 0.36 0.0109445 0.00582083
 1748 0.2 0.0110526 0.0058185
 1749 0.24 0.0111835 0.00581665
 1750 0.56 0.0114971 0.00582178
 1751 0.56 0.0118104 0.00582688
 1752 0.64 0.0121689 0.00583458
 1753 0.08 0.0122076 0.00583138
 1754 -0.08 0.0121551 0.00582829
 1755 -0.04 0.0121254 0.00582504
 1756 -0.2 0.0120046 0.00582298
 1757 0.04 0.0120205 0.00581968
 1758 -0.12 0.0119454 0.00581686
 1759 -0.28 0.0117794 0.00581592
 1760 -0.36 0.0115682 0.00581645
 1761 -0.56 0.0112436 0.0058222
 1762 -0.24 0.011101 0.00582064
 1763 -0.2 0.0109813 0.00581857
 1764 -0.04 0.0109524 0.00581534
 1765 0.04 0.0109688 0.00581207
 1766 0.12 0.0110306 0.00580911
 1767 -0.12 0.0109564 0.00580629
 1768 -0.12 0.0108824 0.00580348
 1769 -0.24 0.0107405 0.00580193
 1770 -0.12 0.0106667 0.00579912
 1771 0.28 0.0108187 0.00579784
 1772 0.12 0.0108804 0.0057949
 1773 0.04 0.0108968 0.00579165
 1774 0.08 0.0109357 0.00578852
 1775 -0.04 0.010907 0.00578533
 1776 -0.24 0.0107658 0.00578379
 1777 -0.04 0.0107372 0.00578061
 1778 0.24 0.0108661 0.0057788
 1779 0.04 0.0108825 0.00577557
 1780 -0.16 0.0107865 0.00577312
 1781 -0.44 0.0105334 0.00577543
 1782 -0.24 0.0103928 0.0057739
 1783 -0.24 0.0102524 0.00577237
 1784 -0.04 0.0102242 0.0057692
 1785 0 0.0102185 0.00576597
 1786 0 0.0102128 0.00576274
 1787 0.16 0.0102966 0.00576013
 1788 0.2 0.0104027 0.00575788
 1789 0.08 0.0104416 0.0057548
 1790 0.12 0.0105028 0.00575191
 1791 0.2 0.0106086 0.00574967
 1792 0.16 0.010692 0.00574706
 1793 0.24 0.0108199 0.00574528
 1794 0.08 0.0108584 0.00574221
 1795 0.2 0.0109638 0.00573997
 1796 0.08 0.0110022 0.0057369
 1797 0.08 0.0110406 0.00573384
 1798 0.2 0.0111457 0.00573161
 1799 -0.04 0.0111173 0.0057285
 1800 -0.24 0.0109778 0.00572701
 1801 -0.28 0.0108162 0.00572611
 1802 -0.36 0.0106104 0.00572663
 1803 -0.32 0.0104271 0.00572639
 1804 -0.2 0.0103104 0.0057244
 1805 0.2 0.0104155 0.0057222
 1806 0.12 0.0104762 0.00571935
 1807 0.28 0.0106253 0.00571813
 1808 0.12 0.0106858 0.00571529
 1809 0 0.0106799 0.00571213
 1810 0.16 0.0107624 0.00570957
 1811 0.36 0.0109553 0.00570967
 1812 0.32 0.0111258 0.00570907
 1813 0.12 0.0111859 0.00570623
 1814 0.12 0.0112459 0.0057034
 1815 0 0.0112397 0.00570026
 1816 0 0.0112335 0.00569713
 1817 0.12 0.0112933 0.00569431
 1818 -0.16 0.0111991 0.00569195
 1819 0 0.011193 0.00568883
 1820 0.12 0.0112527 0.00568601
 1821 0.36 0.0114443 0.00568612
 1822 0.32 0.0116136 0.00568552
 1823 -0.04 0.0115853 0.00568247
 1824 -0.08 0.0115351 0.00567957
 1825 -0.12 0.011463 0.00567692
 1826 0.08 0.0115005 0.00567393
 1827 0.24 0.0116256 0.00567221
 1828 0.32 0.0117943 0.00567161
 1829 0.28 0.011941 0.00567041
 1830 0.44 0.0121749 0.00567213
 1831 0.28 0.0123211 0.00567092
 1832 0.28 0.0124672 0.00566971
 1833 0.12 0.0125259 0.00566692
 1834 0.04 0.0125409 0.00566385
 1835 0.2 0.0126431 0.00566168
 1836 0.36 0.0128322 0.00566176
 1837 0.48 0.0130866 0.00566439
 1838 0.16 0.0131665 0.00566187
 1839 0.4 0.0133768 0.0056627
 1840 0.12 0.0134348 0.00565991
 1841 -0.08 0.013384 0.00565707
 1842 -0.32 0.013203 0.00565689
 1843 -0.2 0.0130874 0.005655
 1844 -0.12 0.0130152 0.0056524
 1845 -0.04 0.0129864 0.00564941
 1846 0.24 0.0131094 0.00564768
 1847 -0.12 0.0130374 0.00564509
 1848 -0.08 0.012987 0.00564225
 1849 0 0.01298 0.00563921
 1850 0.08 0.0130162 0.00563627
 1851 -0.16 0.0129227 0.005634
 1852 -0.28 0.0127646 0.00563318
 1853 -0.24 0.0126282 0.00563179
 1854 -0.36 0.0124272 0.00563234
 1855 -0.08 0.0123774 0.00562952
 1856 -0.28 0.0122198 0.0056287
 1857 -0.52 0.0119332 0.00563296
 1858 -0.4 0.0117115 0.00563429
 1859 -0.36 0.0115116 0.00563481
 1860 -0.32 0.0113333 0.0056346
 1861 0 0.0113272 0.00563157
 1862 0.04 0.0113426 0.00562857
 1863 0.16 0.0114224 0.00562611
 1864 0.24 0.0115451 0.00562443
 1865 0.16 0.0116247 0.00562198
 1866 0 0.0116184 0.00561897
 1867 -0.24 0.0114837 0.00561757
 1868 0.24 0.011606 0.0056159
 1869 0.08 0.0116426 0.00561301
 1870 0.12 0.0117005 0.00561031
 1871 -0.2 0.0115874 0.00560845
 1872 -0.36 0.0113889 0.00560897
 1873 -0.36 0.0111906 0.00560948
 1874 -0.16 0.0110993 0.00560723
 1875 0.04 0.0111147 0.00560426
 1876 0 0.0111087 0.00560127
 1877 -0.2 0.0109963 0.00559942
 1878 -0.04 0.0109691 0.0055965
 1879 -0.12 0.0108994 0.00559395
 1880 -0.24 0.010766 0.00559257
 1881 0.04 0.0107815 0.00558962
 1882 -0.2 0.0106695 0.00558777
 1883 -0.32 0.0104939 0.00558756
 1884 -0.04 0.0104671 0.00558466
 1885 -0.08 0.0104191 0.0055819
 1886 0.08 0.010456 0.00557906
 1887 0.28 0.0105988 0.00557794
 1888 0.12 0.0106568 0.00557528
 1889 -0.04 0.01063 0.00557239
 1890 0 0.0106243 0.00556945
 1891 0.48 0.0108726 0.00557203
 1892 0.16 0.0109514 0.00556965
 1893 0.16 0.0110301 0.00556726
 1894 0.24 0.011151 0.00556563
 1895 -0.04 0.011124 0.00556276
 1896 0 0.0111181 0.00555983
 1897 -0.12 0.011049 0.00555733
 1898 0.04 0.0110643 0.00555442
 1899 -0.08 0.0110163 0.0055517
 1900 -0.08 0.0109684 0.00554898
 1901 -0.32 0.0107943 0.0055488
 1902 -0.36 0.0105994 0.0055493
 1903 -0.36 0.0104046 0.0055498
 1904 -0.04 0.0103782 0.00554695
 1905 0.36 0.0105617 0.00554708
 1906 0.28 0.010703 0.00554597
 1907 0.16 0.0107813 0.00554361
 1908 0.24 0.0109015 0.00554201
 1909 0.04 0.0109167 0.00553912
 1910 0.2 0.0110157 0.00553711
 1911 -0.2 0.0109053 0.00553531
 1912 -0.2 0.010795 0.00553352
 1913 -0.16 0.0107057 0.00553134
 1914 -0.36 0.010512 0.00553184
 1915 -0.48 0.0102559 0.00553488
 1916 -0.4 0.0100418 0.00553614
 1917 -0.24 0.00991132 0.00553479
 1918 0.2 0.0100104 0.00553279
 1919 0.2 0.0101094 0.00553079
 1920 0.16 0.0101875 0.00552846
 1921 0.24 0.0103071 0.00552688
 1922 0.12 0.0103642 0.00552429
 1923 0.08 0.0104004 0.00552154
 1924 0.2 0.010499 0.00551955
 1925 0.08 0.0105351 0.0055168
 1926 0 0.0105296 0.00551394
 1927 -0.2 0.0104203 0.00551216
 1928 -0.04 0.0103942 0.00550936
 1929 -0.04 0.0103681 0.00550656
 1930 0 0.0103627 0.00550371
 1931 0.16 0.0104402 0.00550141
 1932 0.04 0.0104555 0.00549858
 1933 0.04 0.0104708 0.00549576
 1934 0.04 0.010486 0.00549294
 1935 0.16 0.0105633 0.00549064
 1936 -0.12 0.0104959 0.00548822
 1937 -0.04 0.0104698 0.00548545
 1938 0.04 0.010485 0.00548264
 1939 0.12 0.0105415 0.0054801
 1940 0.24 0.0106598 0.00547855
 1941 0.16 0.0107367 0.00547627
 1942 0.16 0.0108136 0.00547399
 1943 0.08 0.0108492 0.00547128
 1944 0.12 0.0109053 0.00546876
 1945 -0.08 0.0108586 0.00546614
 1946 0.2 0.0109558 0.0054642
 1947 -0.08 0.0109091 0.00546159
 1948 0.04 0.010924 0.00545881
 1949 0.28 0.0110621 0.00545775
 1950 0.2 0.011159 0.00545581
 1951 0.44 0.0113788 0.00545744
 1952 0.24 0.0114959 0.00545591
 1953 0.28 0.0116334 0.00545484
 1954 -0.08 0.0115865 0.00545225
 1955 -0.16 0.0114987 0.00545017
 1956 0.12 0.0115542 0.00544767
 1957 0.32 0.0117118 0.00544716
 1958 -0.16 0.0116241 0.00544509
 1959 0.08 0.011659 0.00544242
 1960 -0.12 0.0115918 0.00544005
 1961 0.04 0.0116063 0.0054373
 1962 0.12 0.0116616 0.00543481
 1963 0.36 0.011839 0.00543494
 1964 0.08 0.0118737 0.00543228
 1965 0.2 0.0119695 0.00543036
 1966 0.04 0.0119837 0.00542761
 1967 0 0.0119776 0.00542486
 1968 -0.08 0.0119309 0.0054223
 1969 0.04 0.0119451 0.00541957
 1970 0 0.0119391 0.00541682
 1971 -0.16 0.0118519 0.00541477
 1972 0.12 0.0119067 0.0054123
 1973 0.24 0.0120223 0.00541079
 1974 0.04 0.0120365 0.00540807
 1975 -0.16 0.0119494 0.00540603
 1976 -0.28 0.0118016 0.00540532
 1977 -0.04 0.0117754 0.00540264
 1978 0.28 0.011911 0.00540162
 1979 0.2 0.0120061 0.00539972
 1980 0.16 0.0120808 0.00539751
 1981 0.2 0.0121757 0.00539562
 1982 0.08 0.0122099 0.00539301
 1983 -0.2 0.0121029 0.00539135
 1984 0.08 0.0121371 0.00538874
 1985 0.24 0.0122519 0.00538725
 1986 0.4 0.0124471 0.00538807
 1987 0.56 0.0127227 0.0053924
 1988 0.28 0.0128571 0.00539137
 1989 0.04 0.0128708 0.00538867
 1990 -0.16 0.0127839 0.00538667
 1991 -0.12 0.0127172 0.00538437
 1992 -0.08 0.0126707 0.00538187
 1993 -0.24 0.0125439 0.00538066
 1994 -0.08 0.0124975 0.00537816
 1995 -0.16 0.012411 0.00537616
 1996 -0.08 0.0123647 0.00537367
 1997 0 0.0123585 0.00537098
 1998 0.08 0.0123924 0.0053684
 1999 -0.04 0.0123662 0.00536578
 2000 0.16 0.01244 0.0053636
