 1 0 0 0
 2 2.74129e-16 1.37065e-16 1.37065e-16
 3 2.74129e-16 1.82753e-16 9.13764e-17
 4 -5.48258e-16 0 1.93839e-16
 5 2.74129e-16 5.48258e-17 1.59843e-16
 6 0 4.56882e-17 1.30831e-16
 7 0 3.91613e-17 1.10765e-16
 8 -5.48258e-16 -3.42661e-17 1.20802e-16
 9 -5.48258e-16 -9.13764e-17 1.2088e-16
 10 0 -8.22387e-17 1.08503e-16
 11 0 -7.47625e-17 9.84294e-17
 12 -1.09652e-15 -1.59909e-16 1.23788e-16
 13 0 -1.47608e-16 1.14531e-16
 14 -5.48258e-16 -1.76226e-16 1.09829e-16
 15 -1.09652e-15 -2.37579e-16 1.1924e-16
 16 -5.48258e-16 -2.56996e-16 1.13217e-16
 17 2.74129e-16 -2.25753e-16 1.10843e-16
 18 -1.09652e-15 -2.74129e-16 1.15157e-16
 19 -5.48258e-16 -2.88557e-16 1.09879e-16
 20 0 -2.74129e-16 1.05234e-16
 21 -1.09652e-15 -3.1329e-16 1.07486e-16
 22 -5.48258e-16 -3.23971e-16 1.03039e-16
 23 0 -3.09885e-16 9.94593e-17
 24 -1.09652e-15 -3.42661e-16 1.00708e-16
 25 0 -3.28955e-16 9.75633e-17
 26 -5.48258e-16 -3.3739e-16 9.41145e-17
 27 -5.48258e-16 -3.452e-16 9.08979e-17
 28 2.74129e-16 -3.23081e-16 9.0341e-17
 29 -5.48258e-16 -3.30846e-16 8.75153e-17
 30 0 -3.19817e-16 8.5264e-17
 31 0 -3.09501e-16 8.31105e-17
 32 -5.48258e-16 -3.16962e-16 8.08165e-17
 33 2.74129e-16 -2.9905e-16 8.03512e-17
 34 0 -2.90254e-16 7.84467e-17
 35 -1.09652e-15 -3.1329e-16 7.95795e-17
 36 0 -3.04588e-16 7.78255e-17
 37 0 -2.96356e-16 7.61392e-17
 38 0 -2.88557e-16 7.45177e-17
 39 2.74129e-16 -2.74129e-16 7.40019e-17
 40 -5.48258e-16 -2.80982e-16 7.2453e-17
 41 -1.09652e-15 -3.00873e-16 7.341e-17
 42 0 -2.9371e-16 7.19981e-17
 43 0 -2.86879e-16 7.06348e-17
 44 -5.48258e-16 -2.9282e-16 6.9266e-17
 45 -5.48258e-16 -2.98496e-16 6.79468e-17
 46 -5.48258e-16 -3.03926e-16 6.66747e-17
 47 -1.09652e-15 -3.20789e-16 6.73849e-17
 48 0 -3.14106e-16 6.63038e-17
 49 -1.09652e-15 -3.30074e-16 6.68709e-17
 50 0 -3.23472e-16 6.58516e-17
 51 0 -3.1713e-16 6.48583e-17
 52 2.74129e-16 -3.05759e-16 6.46072e-17
 53 -1.09652e-15 -3.20679e-16 6.5109e-17
 54 -5.48258e-16 -3.24894e-16 6.40308e-17
 55 -1.37065e-16 -3.21479e-16 6.29485e-17
 56 2.74129e-16 -3.10843e-16 6.27225e-17
 57 2.74129e-16 -3.0058e-16 6.24612e-17
 58 0 -2.95398e-16 6.15932e-17
 59 -1.09652e-15 -3.08976e-16 6.20443e-17
 60 -5.48258e-16 -3.12964e-16 6.11317e-17
 61 -5.48258e-16 -3.16821e-16 6.02448e-17
 62 -5.48258e-16 -3.20554e-16 5.93826e-17
 63 -5.48258e-16 -3.24169e-16 5.85441e-17
 64 0 -3.19103e-16 5.78443e-17
 65 -5.48258e-16 -3.22629e-16 5.70564e-17
 66 -1.09652e-15 -3.34354e-16 5.73958e-17
 67 -5.48258e-16 -3.37547e-16 5.66227e-17
 68 2.74129e-16 -3.28552e-16 5.65044e-17
 69 2.74129e-16 -3.19817e-16 5.63604e-17
 70 0 -3.15249e-16 5.5737e-17
 71 0 -3.10808e-16 5.51255e-17
 72 -5.48258e-16 -3.14106e-16 5.44544e-17
 73 -5.48258e-16 -3.17314e-16 5.3799e-17
 74 0 -3.13026e-16 5.32399e-17
 75 -5.48258e-16 -3.16162e-16 5.26188e-17
 76 0 -3.12002e-16 5.20883e-17
 77 0 -3.0795e-16 5.15668e-17
 78 -5.48258e-16 -3.11031e-16 5.09945e-17
 79 -1.37065e-16 -3.08829e-16 5.0393e-17
 80 2.74129e-16 -3.01542e-16 5.02899e-17
 81 0 -2.97819e-16 4.98044e-17
 82 0 -2.94187e-16 4.93272e-17
 83 -5.48258e-16 -2.97248e-16 4.88253e-17
 84 2.74129e-16 -2.90446e-16 4.87178e-17
 85 0 -2.87029e-16 4.82623e-17
 86 -5.48258e-16 -2.90067e-16 4.77945e-17
 87 -1.09652e-15 -2.99336e-16 4.81427e-17
 88 0 -2.95935e-16 4.77139e-17
 89 -5.48258e-16 -2.9877e-16 4.72599e-17
 90 0 -2.9545e-16 4.68496e-17
 91 -5.48258e-16 -2.98228e-16 4.64151e-17
 92 -5.48258e-16 -3.00946e-16 4.59882e-17
 93 0 -2.9771e-16 4.5606e-17
 94 0 -2.94543e-16 4.52292e-17
 95 -1.09652e-15 -3.02985e-16 4.55398e-17
 96 0 -2.99829e-16 4.51734e-17
 97 2.74129e-16 -2.93912e-16 4.50951e-17
 98 -5.48258e-16 -2.96507e-16 4.4708e-17
 99 -5.48258e-16 -2.9905e-16 4.43271e-17
 100 0 -2.96059e-16 4.39834e-17
 101 2.74129e-16 -2.90414e-16 4.39101e-17
 102 -5.48258e-16 -2.92942e-16 4.35509e-17
 103 -5.48258e-16 -2.95421e-16 4.31972e-17
 104 -1.37065e-16 -2.93898e-16 4.28069e-17
 105 -1.37065e-16 -2.92404e-16 4.24236e-17
 106 0 -2.89646e-16 4.21119e-17
 107 -5.48258e-16 -2.92063e-16 4.17864e-17
 108 -1.09652e-15 -2.99511e-16 4.20625e-17
 109 0 -2.96764e-16 4.17653e-17
 110 2.74129e-16 -2.91574e-16 4.1708e-17
 111 -5.48258e-16 -2.93886e-16 4.13952e-17
 112 2.19303e-15 -2.71682e-16 4.66477e-17
 113 -1.09652e-15 -2.78981e-16 4.68058e-17
 114 -5.48258e-16 -2.81343e-16 4.64535e-17
 115 -5.48258e-16 -2.83664e-16 4.61062e-17
 116 0 -2.81219e-16 4.57724e-17
 117 -5.48258e-16 -2.83501e-16 4.54368e-17
 118 2.74129e-16 -2.78775e-16 4.52973e-17
 119 -5.48258e-16 -2.8104e-16 4.49721e-17
 120 0 -2.78698e-16 4.46572e-17
 121 -1.09652e-15 -2.85457e-16 4.47994e-17
 122 0 -2.83117e-16 4.44922e-17
 123 -1.09652e-15 -2.8973e-16 4.46218e-17
 124 0 -2.87393e-16 4.43221e-17
 125 0 -2.85094e-16 4.40262e-17
 126 0 -2.82832e-16 4.37339e-17
 127 0 -2.80605e-16 4.34453e-17
 128 0 -2.78412e-16 4.31603e-17
 129 -5.48258e-16 -2.80504e-16 4.28754e-17
 130 -1.09652e-15 -2.86781e-16 4.30049e-17
 131 -1.09652e-15 -2.92962e-16 4.31207e-17
 132 0 -2.90743e-16 4.28503e-17
 133 -5.48258e-16 -2.92679e-16 4.25709e-17
 134 -1.09652e-15 -2.98678e-16 4.26758e-17
 135 -1.09652e-15 -3.04588e-16 4.27688e-17
 136 0 -3.02348e-16 4.25122e-17
 137 0 -3.00141e-16 4.22584e-17
 138 0 -2.97966e-16 4.20074e-17
 139 0 -2.95823e-16 4.17591e-17
 140 0 -2.9371e-16 4.15136e-17
 141 0 -2.91627e-16 4.12707e-17
 142 -5.48258e-16 -2.93434e-16 4.10189e-17
 143 0 -2.91382e-16 4.07827e-17
 144 -5.48258e-16 -2.93166e-16 4.05377e-17
 145 -5.48258e-16 -2.94925e-16 4.02956e-17
 146 -5.48258e-16 -2.9666e-16 4.00563e-17
 147 2.74129e-16 -2.92777e-16 3.99719e-17
 148 2.74129e-16 -2.88947e-16 3.98853e-17
 149 -1.37065e-16 -2.87928e-16 3.96298e-17
 150 2.74129e-16 -2.84181e-16 3.95426e-17
 151 0 -2.82299e-16 3.93249e-17
 152 -5.48258e-16 -2.84048e-16 3.91045e-17
 153 0 -2.82192e-16 3.88924e-17
 154 0 -2.80359e-16 3.86825e-17
 155 2.74129e-16 -2.76782e-16 3.85983e-17
 156 -1.37065e-16 -2.75886e-16 3.83605e-17
 157 0 -2.74129e-16 3.81559e-17
 158 -1.09652e-15 -2.79334e-16 3.82692e-17
 159 0 -2.77577e-16 3.80683e-17
 160 -1.09652e-15 -2.82696e-16 3.81743e-17
 161 -1.09652e-15 -2.8775e-16 3.82718e-17
 162 0 -2.85974e-16 3.80762e-17
 163 0 -2.8422e-16 3.78826e-17
 164 -5.48258e-16 -2.8583e-16 3.76853e-17
 165 0 -2.84097e-16 3.74962e-17
 166 -1.37065e-16 -2.83212e-16 3.72802e-17
 167 0 -2.81516e-16 3.70951e-17
 168 -5.48258e-16 -2.83104e-16 3.69078e-17
 169 0 -2.81428e-16 3.67269e-17
 170 -5.48258e-16 -2.82998e-16 3.6544e-17
 171 2.74129e-16 -2.7974e-16 3.64754e-17
 172 -1.37065e-16 -2.7891e-16 3.62722e-17
 173 0 -2.77298e-16 3.6098e-17
 174 2.74129e-16 -2.74129e-16 3.60296e-17
 175 -5.48258e-16 -2.75696e-16 3.58573e-17
 176 0 -2.74129e-16 3.56874e-17
 177 -1.09652e-15 -2.78775e-16 3.57881e-17
 178 -5.48258e-16 -2.80289e-16 3.56187e-17
 179 0 -2.78723e-16 3.54537e-17
 180 0 -2.77175e-16 3.52902e-17
 181 -1.09652e-15 -2.81702e-16 3.53854e-17
 182 -1.09652e-15 -2.86179e-16 3.54741e-17
 183 0 -2.84615e-16 3.53144e-17
 184 0 -2.83068e-16 3.5156e-17
 185 0 -2.81538e-16 3.49989e-17
 186 2.19303e-15 -2.68234e-16 3.72659e-17
 187 -1.09652e-15 -2.72663e-16 3.73298e-17
 188 0 -2.71213e-16 3.7159e-17
 189 -1.09652e-15 -2.7558e-16 3.7219e-17
 190 0 -2.74129e-16 3.7051e-17
 191 0 -2.72694e-16 3.68844e-17
 192 -5.48258e-16 -2.74129e-16 3.67198e-17
 193 0 -2.72709e-16 3.65567e-17
 194 0 -2.71303e-16 3.63949e-17
 195 0 -2.69912e-16 3.62345e-17
 196 -5.48258e-16 -2.71332e-16 3.60771e-17
 197 0 -2.69955e-16 3.592e-17
 198 2.74129e-16 -2.67207e-16 3.58436e-17
 199 0 -2.65864e-16 3.56883e-17
 200 -1.37065e-16 -2.6522e-16 3.55152e-17
 201 -5.48258e-16 -2.66628e-16 3.53661e-17
 202 0 -2.65308e-16 3.52154e-17
 203 2.74129e-16 -2.62651e-16 3.51421e-17
 204 -1.09652e-15 -2.66738e-16 3.52075e-17
 205 0 -2.65437e-16 3.50595e-17
 206 0 -2.64149e-16 3.49126e-17
 207 0 -2.62873e-16 3.4767e-17
 208 -5.48258e-16 -2.64245e-16 3.46266e-17
 209 0 -2.6298e-16 3.44837e-17
 210 0 -2.61728e-16 3.4342e-17
 211 -5.48258e-16 -2.63086e-16 3.42058e-17
 212 0 -2.61845e-16 3.40667e-17
 213 0 -2.60616e-16 3.39286e-17
 214 0 -2.59398e-16 3.37917e-17
 215 0 -2.58191e-16 3.36558e-17
 216 -5.48258e-16 -2.59534e-16 3.35265e-17
 217 -5.48258e-16 -2.60865e-16 3.33982e-17
 218 0 -2.59668e-16 3.32661e-17
 219 2.74129e-16 -2.57231e-16 3.32035e-17
 220 2.74129e-16 -2.54815e-16 3.31403e-17
 221 -1.09652e-15 -2.58624e-16 3.32092e-17
 222 -1.09652e-15 -2.62398e-16 3.3274e-17
 223 -5.48258e-16 -2.6368e-16 3.31492e-17
 224 0 -2.62503e-16 3.30219e-17
 225 0 -2.61336e-16 3.28955e-17
 226 -1.37065e-16 -2.60787e-16 3.27542e-17
 227 0 -2.59638e-16 3.26299e-17
 228 -1.09652e-15 -2.63308e-16 3.26931e-17
 229 -1.09652e-15 -2.66947e-16 3.27528e-17
 230 -5.48258e-16 -2.6817e-16 3.2633e-17
 231 2.74129e-16 -2.65822e-16 3.25761e-17
 232 0 -2.64676e-16 3.24556e-17
 233 2.74129e-16 -2.62364e-16 3.23987e-17
 234 0 -2.61243e-16 3.22794e-17
 235 -5.48258e-16 -2.62464e-16 3.21649e-17
 236 0 -2.61352e-16 3.20477e-17
 237 -1.37065e-16 -2.60828e-16 3.19165e-17
 238 -1.37065e-16 -2.60308e-16 3.17863e-17
 239 0 -2.59218e-16 3.16718e-17
 240 0 -2.58138e-16 3.1558e-17
 241 -5.48258e-16 -2.59342e-16 3.14499e-17
 242 -5.48258e-16 -2.60536e-16 3.13424e-17
 243 0 -2.59464e-16 3.12315e-17
 244 -5.48258e-16 -2.60647e-16 3.11258e-17
 245 2.74129e-16 -2.58465e-16 3.10752e-17
 246 -1.09652e-15 -2.61871e-16 3.11356e-17
 247 -5.48258e-16 -2.63031e-16 3.10309e-17
 248 2.74129e-16 -2.60865e-16 3.09814e-17
 249 0 -2.59817e-16 3.08745e-17
 250 -5.48258e-16 -2.60971e-16 3.07724e-17
 251 -1.09652e-15 -2.643e-16 3.08298e-17
 252 0 -2.63251e-16 3.07251e-17
 253 0 -2.6221e-16 3.06211e-17
 254 0 -2.61178e-16 3.05178e-17
 255 -5.48258e-16 -2.62304e-16 3.04187e-17
 256 2.74129e-16 -2.60209e-16 3.0372e-17
 257 0 -2.59196e-16 3.02705e-17
 258 -1.37065e-16 -2.58723e-16 3.01567e-17
 259 0 -2.57724e-16 3.00566e-17
 260 0 -2.56732e-16 2.99572e-17
 261 -5.48258e-16 -2.57849e-16 2.98631e-17
 262 0 -2.56865e-16 2.97652e-17
 263 0 -2.55889e-16 2.96679e-17
 264 0 -2.54919e-16 2.95712e-17
 265 0 -2.53957e-16 2.94751e-17
 266 -5.48258e-16 -2.55064e-16 2.93849e-17
 267 0 -2.54108e-16 2.92902e-17
 268 -5.48258e-16 -2.55206e-16 2.92014e-17
 269 0 -2.54257e-16 2.91081e-17
 270 -5.48258e-16 -2.55346e-16 2.90205e-17
 271 0 -2.54404e-16 2.89286e-17
 272 0 -2.53469e-16 2.88372e-17
 273 -1.09652e-15 -2.56557e-16 2.88968e-17
 274 0 -2.5562e-16 2.88064e-17
 275 0 -2.54691e-16 2.87165e-17
 276 -5.48258e-16 -2.55755e-16 2.8632e-17
 277 -5.48258e-16 -2.56811e-16 2.8548e-17
 278 0 -2.55887e-16 2.84601e-17
 279 2.74129e-16 -2.53987e-16 2.84215e-17
 280 0 -2.5308e-16 2.83343e-17
 281 -5.48258e-16 -2.5413e-16 2.82529e-17
 282 0 -2.53229e-16 2.81669e-17
 283 -5.48258e-16 -2.54272e-16 2.80866e-17
 284 2.74129e-16 -2.52411e-16 2.80493e-17
 285 -1.37065e-16 -2.52006e-16 2.79536e-17
 286 0 -2.51125e-16 2.78696e-17
 287 0 -2.5025e-16 2.77861e-17
 288 -5.48258e-16 -2.51285e-16 2.77088e-17
 289 0 -2.50416e-16 2.76264e-17
 290 0 -2.49552e-16 2.75446e-17
 291 -5.48258e-16 -2.50579e-16 2.74689e-17
 292 0 -2.4972e-16 2.73881e-17
 293 0 -2.48868e-16 2.73078e-17
 294 -5.48258e-16 -2.49886e-16 2.72338e-17
 295 0 -2.49039e-16 2.71546e-17
 296 2.74129e-16 -2.47272e-16 2.71203e-17
 297 -5.48258e-16 -2.48285e-16 2.70478e-17
 298 -5.48258e-16 -2.49292e-16 2.69757e-17
 299 2.74129e-16 -2.47541e-16 2.69423e-17
 300 -5.48258e-16 -2.48544e-16 2.6871e-17
 301 0 -2.47718e-16 2.67943e-17
 302 0 -2.46898e-16 2.6718e-17
 303 -1.09652e-15 -2.49702e-16 2.67769e-17
 304 -5.48258e-16 -2.50684e-16 2.67068e-17
 305 0 -2.49862e-16 2.66318e-17
 306 0 -2.49045e-16 2.65571e-17
 307 0 -2.48234e-16 2.64829e-17
 308 2.74129e-16 -2.46538e-16 2.64512e-17
 309 2.74129e-16 -2.44853e-16 2.64193e-17
 310 2.74129e-16 -2.43179e-16 2.63871e-17
 311 -5.48258e-16 -2.4416e-16 2.63204e-17
 312 0 -2.43377e-16 2.62475e-17
 313 0 -2.426e-16 2.61751e-17
 314 0 -2.41827e-16 2.6103e-17
 315 0 -2.4106e-16 2.60314e-17
 316 0 -2.40297e-16 2.59601e-17
 317 0 -2.39539e-16 2.58892e-17
 318 0 -2.38785e-16 2.58186e-17
 319 0 -2.38037e-16 2.57484e-17
 320 -1.37065e-16 -2.37721e-16 2.56698e-17
 321 -5.48258e-16 -2.38689e-16 2.5608e-17
 322 -5.48258e-16 -2.3965e-16 2.55464e-17
 323 2.74129e-16 -2.3806e-16 2.55168e-17
 324 2.74129e-16 -2.36479e-16 2.5487e-17
 325 0 -2.35751e-16 2.54189e-17
 326 -5.48258e-16 -2.3671e-16 2.53589e-17
 327 -5.48258e-16 -2.37662e-16 2.52992e-17
 328 0 -2.36938e-16 2.52323e-17
 329 0 -2.36218e-16 2.51658e-17
 330 -5.48258e-16 -2.37163e-16 2.51073e-17
 331 0 -2.36447e-16 2.50416e-17
 332 0 -2.35735e-16 2.49762e-17
 333 -1.09652e-15 -2.38319e-16 2.50349e-17
 334 0 -2.37606e-16 2.497e-17
 335 -5.48258e-16 -2.38533e-16 2.49126e-17
 336 0 -2.37823e-16 2.48485e-17
 337 -1.09652e-15 -2.40371e-16 2.49054e-17
 338 -1.09652e-15 -2.42904e-16 2.49604e-17
 339 -5.48258e-16 -2.43805e-16 2.4903e-17
 340 0 -2.43088e-16 2.484e-17
 341 0 -2.42375e-16 2.47773e-17
 342 2.74129e-16 -2.40865e-16 2.47508e-17
 343 -5.48258e-16 -2.41761e-16 2.46948e-17
 344 -5.48258e-16 -2.42652e-16 2.46391e-17
 345 0 -2.41949e-16 2.45776e-17
 346 0 -2.41249e-16 2.45164e-17
 347 0 -2.40554e-16 2.44556e-17
 348 0 -2.39863e-16 2.4395e-17
 349 0 -2.39176e-16 2.43347e-17
 350 0 -2.38492e-16 2.42747e-17
 351 -5.48258e-16 -2.39375e-16 2.42215e-17
 352 0 -2.38695e-16 2.41622e-17
 353 0 -2.38019e-16 2.41031e-17
 354 -5.48258e-16 -2.38895e-16 2.40509e-17
 355 -5.48258e-16 -2.39766e-16 2.39989e-17
 356 -5.48258e-16 -2.40633e-16 2.39471e-17
 357 -5.48258e-16 -2.41495e-16 2.38954e-17
 358 0 -2.4082e-16 2.38381e-17
 359 -5.48258e-16 -2.41677e-16 2.37871e-17
 360 0 -2.41005e-16 2.37304e-17
 361 2.74129e-16 -2.39578e-16 2.37076e-17
 362 0 -2.38916e-16 2.36512e-17
 363 0 -2.38258e-16 2.35952e-17
 364 -1.09652e-15 -2.40616e-16 2.36481e-17
 365 2.74129e-16 -2.39206e-16 2.36254e-17
 366 -5.48258e-16 -2.4005e-16 2.35758e-17
 367 0 -2.39396e-16 2.35206e-17
 368 2.74129e-16 -2.38001e-16 2.34981e-17
 369 0 -2.37356e-16 2.34432e-17
 370 -1.37065e-16 -2.37085e-16 2.33813e-17
 371 0 -2.36446e-16 2.3327e-17
 372 2.74129e-16 -2.35073e-16 2.33046e-17
 373 -5.48258e-16 -2.35913e-16 2.32572e-17
 374 0 -2.35282e-16 2.32035e-17
 375 0 -2.34655e-16 2.31501e-17
 376 0 -2.3403e-16 2.30969e-17
 377 -5.48258e-16 -2.34864e-16 2.30506e-17
 378 -5.48258e-16 -2.35693e-16 2.30045e-17
 379 0 -2.35071e-16 2.29521e-17
 380 0 -2.34453e-16 2.29e-17
 381 0 -2.33837e-16 2.28481e-17
 382 0 -2.33225e-16 2.27964e-17
 383 0 -2.32616e-16 2.2745e-17
 384 0 -2.3201e-16 2.26938e-17
 385 0 -2.31408e-16 2.26428e-17
 386 0 -2.30808e-16 2.2592e-17
 387 -5.48258e-16 -2.31628e-16 2.25485e-17
 388 0 -2.31032e-16 2.24982e-17
 389 0 -2.30438e-16 2.24481e-17
 390 -1.09652e-15 -2.32658e-16 2.25004e-17
 391 -1.09652e-15 -2.34868e-16 2.25512e-17
 392 -5.48258e-16 -2.35667e-16 2.25078e-17
 393 0 -2.35067e-16 2.24585e-17
 394 2.74129e-16 -2.33775e-16 2.24387e-17
 395 2.74129e-16 -2.32489e-16 2.24187e-17
 396 -5.48258e-16 -2.33287e-16 2.23762e-17
 397 -5.48258e-16 -2.3408e-16 2.23339e-17
 398 -1.09652e-15 -2.36247e-16 2.23828e-17
 399 0 -2.35655e-16 2.23345e-17
 400 2.74129e-16 -2.3438e-16 2.2315e-17
 401 -5.48258e-16 -2.35163e-16 2.22731e-17
 402 -5.48258e-16 -2.35942e-16 2.22312e-17
 403 -5.48258e-16 -2.36717e-16 2.21895e-17
 404 0 -2.36131e-16 2.21423e-17
 405 0 -2.35548e-16 2.20953e-17
 406 0 -2.34968e-16 2.20484e-17
 407 0 -2.34391e-16 2.20017e-17
 408 0 -2.33816e-16 2.19553e-17
 409 0 -2.33244e-16 2.1909e-17
 410 0 -2.32675e-16 2.18629e-17
 411 -1.37065e-16 -2.32443e-16 2.18109e-17
 412 0 -2.31879e-16 2.17652e-17
 413 -5.48258e-16 -2.32645e-16 2.17259e-17
 414 0 -2.32083e-16 2.16807e-17
 415 2.74129e-16 -2.30863e-16 2.16627e-17
 416 2.74129e-16 -2.29649e-16 2.16447e-17
 417 0 -2.29098e-16 2.15997e-17
 418 -1.09652e-15 -2.31173e-16 2.16477e-17
 419 -5.48258e-16 -2.3193e-16 2.16092e-17
 420 0 -2.31378e-16 2.15648e-17
 421 -5.48258e-16 -2.32131e-16 2.15266e-17
 422 0 -2.31581e-16 2.14826e-17
 423 0 -2.31033e-16 2.14387e-17
 424 -5.48258e-16 -2.31781e-16 2.14012e-17
 425 -5.48258e-16 -2.32526e-16 2.13638e-17
 426 -5.48258e-16 -2.33267e-16 2.13264e-17
 427 -5.48258e-16 -2.34005e-16 2.12892e-17
 428 -1.09652e-15 -2.3602e-16 2.13348e-17
 429 -5.48258e-16 -2.36748e-16 2.12975e-17
 430 -1.37065e-16 -2.36516e-16 2.12491e-17
 431 -1.37065e-16 -2.36285e-16 2.1201e-17
 432 0 -2.35738e-16 2.1159e-17
 433 0 -2.35194e-16 2.11171e-17
 434 0 -2.34652e-16 2.10753e-17
 435 -5.48258e-16 -2.35373e-16 2.10392e-17
 436 0 -2.34833e-16 2.09978e-17
 437 0 -2.34296e-16 2.09566e-17
 438 0 -2.33761e-16 2.09155e-17
 439 0 -2.33228e-16 2.08746e-17
 440 0 -2.32698e-16 2.08339e-17
 441 0 -2.32171e-16 2.07933e-17
 442 -5.48258e-16 -2.32886e-16 2.07585e-17
 443 0 -2.3236e-16 2.07183e-17
 444 -1.09652e-15 -2.34306e-16 2.0763e-17
 445 -5.48258e-16 -2.35012e-16 2.07283e-17
 446 -1.09652e-15 -2.36943e-16 2.07718e-17
 447 -1.09652e-15 -2.38866e-16 2.08143e-17
 448 0 -2.38333e-16 2.07746e-17
 449 0 -2.37802e-16 2.07351e-17
 450 0 -2.37274e-16 2.06957e-17
 451 0 -2.36748e-16 2.06564e-17
 452 -5.48258e-16 -2.37437e-16 2.06222e-17
 453 -5.48258e-16 -2.38123e-16 2.05881e-17
 454 0 -2.37599e-16 2.05494e-17
 455 -1.37065e-16 -2.37378e-16 2.05053e-17
 456 -5.48258e-16 -2.3806e-16 2.04717e-17
 457 0 -2.37539e-16 2.04335e-17
 458 0 -2.3702e-16 2.03954e-17
 459 0 -2.36504e-16 2.03575e-17
 460 -5.48258e-16 -2.37181e-16 2.03245e-17
 461 0 -2.36667e-16 2.02869e-17
 462 0 -2.36155e-16 2.02494e-17
 463 -5.48258e-16 -2.36829e-16 2.02168e-17
 464 0 -2.36318e-16 2.01797e-17
 465 0 -2.3581e-16 2.01427e-17
 466 0 -2.35304e-16 2.01058e-17
 467 -1.37065e-16 -2.35094e-16 2.00638e-17
 468 0 -2.34591e-16 2.00271e-17
 469 -5.48258e-16 -2.3526e-16 1.99956e-17
 470 -5.48258e-16 -2.35926e-16 1.99641e-17
 471 -5.48258e-16 -2.36589e-16 1.99327e-17
 472 0 -2.36088e-16 1.98967e-17
 473 0 -2.35589e-16 1.98609e-17
 474 0 -2.35092e-16 1.98252e-17
 475 0 -2.34597e-16 1.97896e-17
 476 -5.48258e-16 -2.35256e-16 1.9759e-17
 477 2.74129e-16 -2.34188e-16 1.97464e-17
 478 0 -2.33698e-16 1.97111e-17
 479 -5.48258e-16 -2.34355e-16 1.96809e-17
 480 0 -2.33866e-16 1.96459e-17
 481 2.74129e-16 -2.3281e-16 1.96335e-17
 482 0 -2.32327e-16 1.95986e-17
 483 0 -2.31846e-16 1.95639e-17
 484 -1.09652e-15 -2.33633e-16 1.9605e-17
 485 -1.09652e-15 -2.35412e-16 1.96453e-17
 486 -1.09652e-15 -2.37184e-16 1.96847e-17
 487 2.74129e-16 -2.36134e-16 1.96723e-17
 488 0 -2.3565e-16 1.96379e-17
 489 0 -2.35168e-16 1.96037e-17
 490 0 -2.34688e-16 1.95695e-17
 491 0 -2.3421e-16 1.95354e-17
 492 0 -2.33734e-16 1.95015e-17
 493 0 -2.3326e-16 1.94677e-17
 494 0 -2.32788e-16 1.9434e-17
 495 -1.09652e-15 -2.34533e-16 1.9473e-17
 496 -5.48258e-16 -2.35165e-16 1.9444e-17
 497 2.74129e-16 -2.3414e-16 1.94319e-17
 498 -1.37065e-16 -2.33946e-16 1.93938e-17
 499 0 -2.33477e-16 1.93606e-17
 500 2.74129e-16 -2.32462e-16 1.93485e-17
 501 -5.48258e-16 -2.33092e-16 1.93201e-17
 502 -1.37065e-16 -2.32901e-16 1.92825e-17
 503 -1.37065e-16 -2.3271e-16 1.92451e-17
 504 0 -2.32248e-16 1.92124e-17
 505 0 -2.31788e-16 1.91798e-17
 506 0 -2.3133e-16 1.91474e-17
 507 0 -2.30874e-16 1.9115e-17
 508 -5.48258e-16 -2.31499e-16 1.90876e-17
 509 -1.09652e-15 -2.33198e-16 1.91257e-17
 510 -5.48258e-16 -2.33816e-16 1.90982e-17
 511 -1.09652e-15 -2.35504e-16 1.91354e-17
 512 -5.48258e-16 -2.36115e-16 1.91077e-17
 513 -1.09652e-15 -2.37792e-16 1.9144e-17
 514 0 -2.3733e-16 1.91124e-17
 515 0 -2.36869e-16 1.90808e-17
 516 2.74129e-16 -2.35879e-16 1.90695e-17
 517 -5.48258e-16 -2.36483e-16 1.90422e-17
 518 2.74129e-16 -2.35497e-16 1.90309e-17
 519 -1.37065e-16 -2.35307e-16 1.89952e-17
 520 2.74129e-16 -2.34328e-16 1.89839e-17
 521 -1.37065e-16 -2.34141e-16 1.89483e-17
 522 0 -2.33692e-16 1.89173e-17
 523 0 -2.33246e-16 1.88864e-17
 524 -5.48258e-16 -2.33847e-16 1.88599e-17
 525 -5.48258e-16 -2.34446e-16 1.88335e-17
 526 0 -2.34e-16 1.88029e-17
 527 -1.37065e-16 -2.33816e-16 1.87681e-17
 528 0 -2.33373e-16 1.87378e-17
 529 -5.48258e-16 -2.33968e-16 1.87118e-17
 530 0 -2.33527e-16 1.86817e-17
 531 0 -2.33087e-16 1.86516e-17
 532 -1.09652e-15 -2.3471e-16 1.86871e-17
 533 -1.09652e-15 -2.36327e-16 1.8722e-17
 534 -1.09652e-15 -2.37938e-16 1.87562e-17
 535 -5.48258e-16 -2.38518e-16 1.87301e-17
 536 0 -2.38073e-16 1.87004e-17
 537 -1.09652e-15 -2.39672e-16 1.87339e-17
 538 -1.09652e-15 -2.41264e-16 1.87667e-17
 539 -1.09652e-15 -2.42851e-16 1.8799e-17
 540 -5.48258e-16 -2.43417e-16 1.87727e-17
 541 2.74129e-16 -2.4246e-16 1.87623e-17
 542 -5.48258e-16 -2.43024e-16 1.87362e-17
 543 -1.37065e-16 -2.42829e-16 1.87027e-17
 544 -1.09652e-15 -2.44398e-16 1.87341e-17
 545 0 -2.4395e-16 1.87051e-17
 546 0 -2.43503e-16 1.86761e-17
 547 0 -2.43058e-16 1.86473e-17
 548 -1.09652e-15 -2.44615e-16 1.86782e-17
 549 -1.09652e-15 -2.46167e-16 1.87086e-17
 550 -1.09652e-15 -2.47713e-16 1.87385e-17
 551 2.19303e-15 -2.43283e-16 1.92218e-17
 552 0 -2.42843e-16 1.9192e-17
 553 0 -2.42404e-16 1.91623e-17
 554 -1.09652e-15 -2.43945e-16 1.91897e-17
 555 -1.09652e-15 -2.45481e-16 1.92166e-17
 556 0 -2.4504e-16 1.91871e-17
 557 -5.48258e-16 -2.45584e-16 1.91604e-17
 558 0 -2.45144e-16 1.91311e-17
 559 0 -2.44706e-16 1.91019e-17
 560 0 -2.44269e-16 1.90727e-17
 561 0 -2.43833e-16 1.90437e-17
 562 0 -2.43399e-16 1.90147e-17
 563 -5.48258e-16 -2.43941e-16 1.89886e-17
 564 -1.09652e-15 -2.45453e-16 1.90151e-17
 565 -5.48258e-16 -2.45988e-16 1.8989e-17
 566 -5.48258e-16 -2.46522e-16 1.89629e-17
 567 0 -2.46088e-16 1.89344e-17
 568 0 -2.45654e-16 1.8906e-17
 569 -5.48258e-16 -2.46186e-16 1.88803e-17
 570 2.74129e-16 -2.45273e-16 1.88692e-17
 571 -5.48258e-16 -2.45804e-16 1.88436e-17
 572 0 -2.45374e-16 1.88156e-17
 573 0 -2.44946e-16 1.87876e-17
 574 0 -2.44519e-16 1.87597e-17
 575 -5.48258e-16 -2.45048e-16 1.87345e-17
 576 0 -2.44622e-16 1.87067e-17
 577 0 -2.44198e-16 1.86791e-17
 578 0 -2.43776e-16 1.86515e-17
 579 -1.09652e-15 -2.45249e-16 1.86775e-17
 580 0 -2.44826e-16 1.865e-17
 581 0 -2.44404e-16 1.86227e-17
 582 2.74129e-16 -2.43513e-16 1.8612e-17
 583 2.74129e-16 -2.42625e-16 1.86012e-17
 584 2.74129e-16 -2.41741e-16 1.85904e-17
 585 0 -2.41327e-16 1.85632e-17
 586 0 -2.40916e-16 1.85361e-17
 587 0 -2.40505e-16 1.8509e-17
 588 0 -2.40096e-16 1.84821e-17
 589 0 -2.39688e-16 1.84552e-17
 590 2.74129e-16 -2.38818e-16 1.84444e-17
 591 0 -2.38414e-16 1.84176e-17
 592 2.74129e-16 -2.37548e-16 1.84069e-17
 593 -5.48258e-16 -2.38072e-16 1.83833e-17
 594 0 -2.37671e-16 1.83567e-17
 595 0 -2.37271e-16 1.83301e-17
 596 0 -2.36873e-16 1.83037e-17
 597 0 -2.36477e-16 1.82773e-17
 598 0 -2.36081e-16 1.8251e-17
 599 -5.48258e-16 -2.36602e-16 1.8228e-17
 600 0 -2.36208e-16 1.82018e-17
 601 2.74129e-16 -2.35359e-16 1.81913e-17
 602 2.74129e-16 -2.34512e-16 1.81808e-17
 603 0 -2.34124e-16 1.81548e-17
 604 -5.48258e-16 -2.34644e-16 1.81322e-17
 605 -5.48258e-16 -2.35162e-16 1.81096e-17
 606 0 -2.34774e-16 1.80839e-17
 607 -5.48258e-16 -2.3529e-16 1.80614e-17
 608 0 -2.34903e-16 1.80358e-17
 609 0 -2.34518e-16 1.80103e-17
 610 0 -2.34133e-16 1.79849e-17
 611 -5.48258e-16 -2.34647e-16 1.79628e-17
 612 -5.48258e-16 -2.3516e-16 1.79407e-17
 613 -5.48258e-16 -2.35671e-16 1.79187e-17
 614 -5.48258e-16 -2.3618e-16 1.78968e-17
 615 2.74129e-16 -2.3535e-16 1.78869e-17
 616 0 -2.34968e-16 1.78619e-17
 617 0 -2.34587e-16 1.7837e-17
 618 -5.48258e-16 -2.35095e-16 1.78154e-17
 619 0 -2.34715e-16 1.77906e-17
 620 2.74129e-16 -2.33894e-16 1.77808e-17
 621 0 -2.33517e-16 1.77562e-17
 622 -5.48258e-16 -2.34023e-16 1.77348e-17
 623 0 -2.33648e-16 1.77103e-17
 624 0 -2.33273e-16 1.76859e-17
 625 0 -2.329e-16 1.76615e-17
 626 0 -2.32528e-16 1.76372e-17
 627 2.74129e-16 -2.3172e-16 1.76276e-17
 628 -5.48258e-16 -2.32224e-16 1.76067e-17
 629 2.74129e-16 -2.31419e-16 1.75971e-17
 630 -5.48258e-16 -2.31922e-16 1.75764e-17
 631 -1.09652e-15 -2.33292e-16 1.76019e-17
 632 0 -2.32923e-16 1.75779e-17
 633 -1.37065e-16 -2.32772e-16 1.75508e-17
 634 0 -2.32404e-16 1.75269e-17
 635 0 -2.32038e-16 1.75031e-17
 636 0 -2.31674e-16 1.74794e-17
 637 -5.48258e-16 -2.32171e-16 1.7459e-17
 638 -5.48258e-16 -2.32666e-16 1.74386e-17
 639 -5.48258e-16 -2.3316e-16 1.74183e-17
 640 -1.09652e-15 -2.34509e-16 1.74433e-17
 641 -5.48258e-16 -2.34998e-16 1.7423e-17
 642 -5.48258e-16 -2.35486e-16 1.74027e-17
 643 0 -2.3512e-16 1.73794e-17
 644 -5.48258e-16 -2.35606e-16 1.73592e-17
 645 0 -2.35241e-16 1.73361e-17
 646 -5.48258e-16 -2.35726e-16 1.73161e-17
 647 -5.48258e-16 -2.36209e-16 1.7296e-17
 648 0 -2.35844e-16 1.72732e-17
 649 -5.48258e-16 -2.36326e-16 1.72532e-17
 650 0 -2.35962e-16 1.72305e-17
 651 -1.37065e-16 -2.3581e-16 1.72047e-17
 652 -1.37065e-16 -2.35659e-16 1.7179e-17
 653 -5.48258e-16 -2.36137e-16 1.71593e-17
 654 2.74129e-16 -2.35357e-16 1.71508e-17
 655 -1.37065e-16 -2.35207e-16 1.71253e-17
 656 -5.48258e-16 -2.35684e-16 1.71058e-17
 657 -1.37065e-16 -2.35534e-16 1.70804e-17
 658 -5.48258e-16 -2.36009e-16 1.7061e-17
 659 -1.09652e-15 -2.37315e-16 1.70851e-17
 660 0 -2.36956e-16 1.7063e-17
 661 2.74129e-16 -2.36182e-16 1.70547e-17
 662 -5.48258e-16 -2.36654e-16 1.70354e-17
 663 0 -2.36297e-16 1.70135e-17
 664 -5.48258e-16 -2.36767e-16 1.69943e-17
 665 -5.48258e-16 -2.37235e-16 1.69752e-17
 666 0 -2.36879e-16 1.69534e-17
 667 2.74129e-16 -2.36113e-16 1.69453e-17
 668 0 -2.35759e-16 1.69236e-17
 669 -5.48258e-16 -2.36226e-16 1.69048e-17
 670 -1.09652e-15 -2.3751e-16 1.69283e-17
 671 -5.48258e-16 -2.37974e-16 1.69094e-17
 672 -5.48258e-16 -2.38435e-16 1.68905e-17
 673 2.74129e-16 -2.37674e-16 1.68826e-17
 674 -5.48258e-16 -2.38134e-16 1.68638e-17
 675 -1.09652e-15 -2.39406e-16 1.68868e-17
 676 -5.48258e-16 -2.39863e-16 1.6868e-17
 677 -5.48258e-16 -2.40319e-16 1.68492e-17
 678 0 -2.39964e-16 1.6828e-17
 679 -5.48258e-16 -2.40418e-16 1.68094e-17
 680 -1.37065e-16 -2.40266e-16 1.67853e-17
 681 0 -2.39913e-16 1.67644e-17
 682 -1.09652e-15 -2.41169e-16 1.67868e-17
 683 0 -2.40816e-16 1.6766e-17
 684 2.74129e-16 -2.40063e-16 1.67583e-17
 685 0 -2.39713e-16 1.67375e-17
 686 -5.48258e-16 -2.40163e-16 1.67192e-17
 687 0 -2.39813e-16 1.66985e-17
 688 0 -2.39465e-16 1.66778e-17
 689 -1.09652e-15 -2.40708e-16 1.67e-17
 690 2.74129e-16 -2.39962e-16 1.66925e-17
 691 2.74129e-16 -2.39218e-16 1.66849e-17
 692 -5.48258e-16 -2.39665e-16 1.66667e-17
 693 -5.48258e-16 -2.4011e-16 1.66486e-17
 694 0 -2.39764e-16 1.66282e-17
 695 0 -2.39419e-16 1.66079e-17
 696 0 -2.39075e-16 1.65875e-17
 697 -5.48258e-16 -2.39519e-16 1.65697e-17
 698 -1.37065e-16 -2.39372e-16 1.65466e-17
 699 -5.48258e-16 -2.39814e-16 1.65288e-17
 700 -5.48258e-16 -2.40255e-16 1.6511e-17
 701 -5.48258e-16 -2.40694e-16 1.64933e-17
 702 2.74129e-16 -2.39961e-16 1.64861e-17
 703 -5.48258e-16 -2.40399e-16 1.64685e-17
 704 -5.48258e-16 -2.40836e-16 1.64509e-17
 705 -5.48258e-16 -2.41273e-16 1.64333e-17
 706 -5.48258e-16 -2.41707e-16 1.64158e-17
 707 0 -2.41365e-16 1.63961e-17
 708 0 -2.41025e-16 1.63765e-17
 709 -1.37065e-16 -2.40878e-16 1.6354e-17
 710 0 -2.40539e-16 1.63345e-17
 711 -5.48258e-16 -2.40971e-16 1.63173e-17
 712 0 -2.40633e-16 1.62979e-17
 713 2.74129e-16 -2.39911e-16 1.6291e-17
 714 -5.48258e-16 -2.40343e-16 1.62739e-17
 715 0 -2.40007e-16 1.62546e-17
 716 2.74129e-16 -2.39289e-16 1.62477e-17
 717 -1.37065e-16 -2.39146e-16 1.62257e-17
 718 0 -2.38813e-16 1.62065e-17
 719 -5.48258e-16 -2.39243e-16 1.61897e-17
 720 0 -2.38911e-16 1.61706e-17
 721 0 -2.3858e-16 1.61515e-17
 722 0 -2.38249e-16 1.61325e-17
 723 -5.48258e-16 -2.38678e-16 1.61159e-17
 724 -5.48258e-16 -2.39106e-16 1.60993e-17
 725 -1.37065e-16 -2.38965e-16 1.60777e-17
 726 0 -2.38636e-16 1.60589e-17
 727 0 -2.38308e-16 1.60402e-17
 728 0 -2.3798e-16 1.60215e-17
 729 0 -2.37654e-16 1.60028e-17
 730 -5.48258e-16 -2.38079e-16 1.59865e-17
 731 0 -2.37754e-16 1.5968e-17
 732 0 -2.37429e-16 1.59495e-17
 733 -5.48258e-16 -2.37853e-16 1.59333e-17
 734 0 -2.37529e-16 1.59149e-17
 735 -5.48258e-16 -2.37952e-16 1.58989e-17
 736 0 -2.37628e-16 1.58805e-17
 737 0 -2.37306e-16 1.58622e-17
 738 0 -2.36984e-16 1.5844e-17
 739 0 -2.36664e-16 1.58258e-17
 740 -1.37065e-16 -2.36529e-16 1.5805e-17
 741 -5.48258e-16 -2.3695e-16 1.57892e-17
 742 0 -2.3663e-16 1.57712e-17
 743 0 -2.36312e-16 1.57531e-17
 744 -1.09652e-15 -2.37468e-16 1.57744e-17
 745 -1.09652e-15 -2.38621e-16 1.57953e-17
 746 0 -2.38301e-16 1.57774e-17
 747 -5.48258e-16 -2.38716e-16 1.57617e-17
 748 2.74129e-16 -2.38031e-16 1.57556e-17
 749 -1.37065e-16 -2.37896e-16 1.57351e-17
 750 2.74129e-16 -2.37213e-16 1.57289e-17
 751 0 -2.36897e-16 1.57111e-17
 752 2.74129e-16 -2.36218e-16 1.57049e-17
 753 -5.48258e-16 -2.36632e-16 1.56895e-17
 754 0 -2.36318e-16 1.56719e-17
 755 -5.48258e-16 -2.36731e-16 1.56565e-17
 756 -5.48258e-16 -2.37143e-16 1.56413e-17
 757 0 -2.3683e-16 1.56237e-17
 758 0 -2.36518e-16 1.56062e-17
 759 -5.48258e-16 -2.36928e-16 1.55911e-17
 760 2.74129e-16 -2.36256e-16 1.5585e-17
 761 -5.48258e-16 -2.36666e-16 1.55699e-17
 762 -1.37065e-16 -2.36535e-16 1.555e-17
 763 0 -2.36225e-16 1.55328e-17
 764 0 -2.35916e-16 1.55155e-17
 765 2.74129e-16 -2.35249e-16 1.55095e-17
 766 0 -2.34942e-16 1.54923e-17
 767 0 -2.34636e-16 1.54751e-17
 768 0 -2.3433e-16 1.5458e-17
 769 2.74129e-16 -2.33669e-16 1.5452e-17
 770 0 -2.33366e-16 1.54349e-17
 771 0 -2.33063e-16 1.54179e-17
 772 0 -2.32761e-16 1.54008e-17
 773 -1.37065e-16 -2.32637e-16 1.53814e-17
 774 0 -2.32337e-16 1.53645e-17
 775 2.74129e-16 -2.31683e-16 1.53585e-17
 776 0 -2.31385e-16 1.53416e-17
 777 2.74129e-16 -2.30734e-16 1.53357e-17
 778 -5.48258e-16 -2.31142e-16 1.53214e-17
 779 -5.48258e-16 -2.31549e-16 1.53071e-17
 780 0 -2.31253e-16 1.52904e-17
 781 -1.09652e-15 -2.3236e-16 1.53109e-17
 782 0 -2.32063e-16 1.52942e-17
 783 0 -2.31767e-16 1.52775e-17
 784 2.74129e-16 -2.31122e-16 1.52717e-17
 785 0 -2.30827e-16 1.52551e-17
 786 0 -2.30534e-16 1.52385e-17
 787 0 -2.30241e-16 1.52219e-17
 788 0 -2.29948e-16 1.52054e-17
 789 -1.09652e-15 -2.31047e-16 1.52258e-17
 790 -1.09652e-15 -2.32142e-16 1.52459e-17
 791 -5.48258e-16 -2.32542e-16 1.52319e-17
 792 0 -2.32248e-16 1.52154e-17
 793 0 -2.31955e-16 1.51991e-17
 794 -1.37065e-16 -2.31836e-16 1.51804e-17
 795 0 -2.31544e-16 1.51641e-17
 796 0 -2.31253e-16 1.51478e-17
 797 2.74129e-16 -2.30619e-16 1.51421e-17
 798 0 -2.3033e-16 1.51258e-17
 799 -5.48258e-16 -2.30728e-16 1.51121e-17
 800 0 -2.3044e-16 1.5096e-17
 801 0 -2.30152e-16 1.50799e-17
 802 -5.48258e-16 -2.30549e-16 1.50663e-17
 803 -5.48258e-16 -2.30944e-16 1.50527e-17
 804 -5.48258e-16 -2.31339e-16 1.50392e-17
 805 -5.48258e-16 -2.31733e-16 1.50256e-17
 806 -5.48258e-16 -2.32125e-16 1.50121e-17
 807 2.74129e-16 -2.31498e-16 1.50066e-17
 808 0 -2.31212e-16 1.49908e-17
 809 -5.48258e-16 -2.31604e-16 1.49774e-17
 810 2.74129e-16 -2.30979e-16 1.49719e-17
 811 0 -2.30694e-16 1.49561e-17
 812 0 -2.3041e-16 1.49404e-17
 813 2.74129e-16 -2.2979e-16 1.49349e-17
 814 0 -2.29507e-16 1.49192e-17
 815 0 -2.29226e-16 1.49036e-17
 816 0 -2.28945e-16 1.48879e-17
 817 -1.09652e-15 -2.30007e-16 1.49076e-17
 818 -1.09652e-15 -2.31066e-16 1.4927e-17
 819 0 -2.30784e-16 1.49114e-17
 820 -5.48258e-16 -2.31171e-16 1.48982e-17
 821 2.74129e-16 -2.30556e-16 1.48928e-17
 822 -1.37065e-16 -2.30442e-16 1.48751e-17
 823 0 -2.30162e-16 1.48597e-17
 824 0 -2.29883e-16 1.48442e-17
 825 0 -2.29604e-16 1.48289e-17
 826 -1.09652e-15 -2.30653e-16 1.4848e-17
 827 0 -2.30375e-16 1.48327e-17
 828 2.74129e-16 -2.29765e-16 1.48273e-17
 829 -5.48258e-16 -2.30149e-16 1.48144e-17
 830 -5.48258e-16 -2.30533e-16 1.48015e-17
 831 -1.09652e-15 -2.31575e-16 1.48203e-17
 832 2.74129e-16 -2.30967e-16 1.4815e-17
 833 0 -2.3069e-16 1.47998e-17
 834 2.74129e-16 -2.30084e-16 1.47944e-17
 835 0 -2.29809e-16 1.47793e-17
 836 -5.48258e-16 -2.3019e-16 1.47665e-17
 837 0 -2.29915e-16 1.47514e-17
 838 -1.09652e-15 -2.30949e-16 1.477e-17
 839 0 -2.30674e-16 1.4755e-17
 840 -1.09652e-15 -2.31704e-16 1.47734e-17
 841 -1.09652e-15 -2.32733e-16 1.47916e-17
 842 0 -2.32456e-16 1.47766e-17
 843 0 -2.32181e-16 1.47617e-17
 844 -5.48258e-16 -2.32555e-16 1.47489e-17
 845 2.74129e-16 -2.31955e-16 1.47437e-17
 846 -1.37065e-16 -2.31843e-16 1.47266e-17
 847 2.74129e-16 -2.31246e-16 1.47214e-17
 848 0 -2.30973e-16 1.47065e-17
 849 -5.48258e-16 -2.31347e-16 1.4694e-17
 850 0 -2.31075e-16 1.46792e-17
 851 -5.48258e-16 -2.31447e-16 1.46667e-17
 852 0 -2.31176e-16 1.4652e-17
 853 0 -2.30905e-16 1.46373e-17
 854 -5.48258e-16 -2.31276e-16 1.46248e-17
 855 0 -2.31006e-16 1.46102e-17
 856 -1.37065e-16 -2.30896e-16 1.45936e-17
 857 0 -2.30627e-16 1.4579e-17
 858 -1.37065e-16 -2.30518e-16 1.45624e-17
 859 2.74129e-16 -2.2993e-16 1.45573e-17
 860 -1.09652e-15 -2.30938e-16 1.45753e-17
 861 -1.09652e-15 -2.31943e-16 1.4593e-17
 862 0 -2.31674e-16 1.45785e-17
 863 -1.09652e-15 -2.32676e-16 1.45961e-17
 864 0 -2.32407e-16 1.45817e-17
 865 -5.48258e-16 -2.32772e-16 1.45694e-17
 866 0 -2.32503e-16 1.4555e-17
 867 -5.48258e-16 -2.32867e-16 1.45428e-17
 868 -5.48258e-16 -2.33231e-16 1.45306e-17
 869 0 -2.32962e-16 1.45163e-17
 870 -5.48258e-16 -2.33325e-16 1.45041e-17
 871 -1.09652e-15 -2.34316e-16 1.45213e-17
 872 0 -2.34047e-16 1.45072e-17
 873 2.74129e-16 -2.33465e-16 1.45022e-17
 874 2.74129e-16 -2.32884e-16 1.44973e-17
 875 -1.37065e-16 -2.32775e-16 1.44811e-17
 876 2.74129e-16 -2.32196e-16 1.44761e-17
 877 -1.09652e-15 -2.33182e-16 1.44932e-17
 878 -1.09652e-15 -2.34165e-16 1.451e-17
 879 0 -2.33899e-16 1.44959e-17
 880 -5.48258e-16 -2.34256e-16 1.44839e-17
 881 0 -2.3399e-16 1.44698e-17
 882 -5.48258e-16 -2.34346e-16 1.44578e-17
 883 0 -2.34081e-16 1.44439e-17
 884 -1.37065e-16 -2.33971e-16 1.44279e-17
 885 0 -2.33707e-16 1.44141e-17
 886 2.74129e-16 -2.33134e-16 1.44092e-17
 887 -1.37065e-16 -2.33025e-16 1.43933e-17
 888 2.74129e-16 -2.32454e-16 1.43885e-17
 889 0 -2.32193e-16 1.43746e-17
 890 0 -2.31932e-16 1.43609e-17
 891 0 -2.31671e-16 1.43471e-17
 892 0 -2.31412e-16 1.43334e-17
 893 0 -2.31153e-16 1.43196e-17
 894 -1.09652e-15 -2.32121e-16 1.43363e-17
 895 0 -2.31861e-16 1.43226e-17
 896 0 -2.31602e-16 1.4309e-17
 897 0 -2.31344e-16 1.42954e-17
 898 -5.48258e-16 -2.31697e-16 1.42838e-17
 899 0 -2.31439e-16 1.42702e-17
 900 0 -2.31182e-16 1.42567e-17
 901 -1.09652e-15 -2.32143e-16 1.42732e-17
 902 -5.48258e-16 -2.32493e-16 1.42617e-17
 903 -1.37065e-16 -2.32387e-16 1.42463e-17
 904 0 -2.3213e-16 1.42328e-17
 905 0 -2.31874e-16 1.42194e-17
 906 -5.48258e-16 -2.32223e-16 1.4208e-17
 907 -5.48258e-16 -2.32572e-16 1.41966e-17
 908 -1.37065e-16 -2.32466e-16 1.41813e-17
 909 0 -2.32211e-16 1.4168e-17
 910 -5.48258e-16 -2.32558e-16 1.41567e-17
 911 0 -2.32303e-16 1.41435e-17
 912 -1.09652e-15 -2.3325e-16 1.41597e-17
 913 -1.09652e-15 -2.34196e-16 1.41757e-17
 914 2.74129e-16 -2.3364e-16 1.41711e-17
 915 -5.48258e-16 -2.33983e-16 1.41598e-17
 916 -5.48258e-16 -2.34327e-16 1.41485e-17
 917 0 -2.34071e-16 1.41354e-17
 918 -5.48258e-16 -2.34413e-16 1.41241e-17
 919 -1.37065e-16 -2.34307e-16 1.41092e-17
 920 -1.37065e-16 -2.34202e-16 1.40942e-17
 921 0 -2.33947e-16 1.40812e-17
 922 0 -2.33694e-16 1.40682e-17
 923 0 -2.3344e-16 1.40552e-17
 924 -5.48258e-16 -2.33781e-16 1.40441e-17
 925 -5.48258e-16 -2.34121e-16 1.40331e-17
 926 0 -2.33868e-16 1.40202e-17
 927 -1.09652e-15 -2.34799e-16 1.40359e-17
 928 -1.09652e-15 -2.35727e-16 1.40515e-17
 929 0 -2.35474e-16 1.40387e-17
 930 0 -2.3522e-16 1.40259e-17
 931 0 -2.34968e-16 1.40131e-17
 932 -1.37065e-16 -2.34863e-16 1.39984e-17
 933 0 -2.34611e-16 1.39857e-17
 934 -5.48258e-16 -2.34947e-16 1.39747e-17
 935 -1.37065e-16 -2.34842e-16 1.39602e-17
 936 0 -2.34591e-16 1.39475e-17
 937 -1.37065e-16 -2.34487e-16 1.3933e-17
 938 0 -2.34237e-16 1.39204e-17
 939 -5.48258e-16 -2.34572e-16 1.39096e-17
 940 0 -2.34322e-16 1.3897e-17
 941 0 -2.34073e-16 1.38845e-17
 942 0 -2.33825e-16 1.38719e-17
 943 -1.37065e-16 -2.33722e-16 1.38576e-17
 944 2.74129e-16 -2.33184e-16 1.38534e-17
 945 -1.37065e-16 -2.33082e-16 1.38391e-17
 946 0 -2.32836e-16 1.38266e-17
 947 0 -2.3259e-16 1.38142e-17
 948 -1.09652e-15 -2.33501e-16 1.38297e-17
 949 0 -2.33255e-16 1.38173e-17
 950 -5.48258e-16 -2.33587e-16 1.38067e-17
 951 2.74129e-16 -2.33053e-16 1.38025e-17
 952 -1.37065e-16 -2.32952e-16 1.37884e-17
 953 0 -2.32708e-16 1.37761e-17
 954 -5.48258e-16 -2.33039e-16 1.37656e-17
 955 2.74129e-16 -2.32507e-16 1.37614e-17
 956 -5.48258e-16 -2.32838e-16 1.3751e-17
 957 0 -2.32594e-16 1.37388e-17
 958 -5.48258e-16 -2.32924e-16 1.37284e-17
 959 2.74129e-16 -2.32395e-16 1.37243e-17
 960 0 -2.32153e-16 1.37121e-17
 961 2.74129e-16 -2.31626e-16 1.37079e-17
 962 0 -2.31386e-16 1.36958e-17
 963 -5.48258e-16 -2.31715e-16 1.36855e-17
 964 -5.48258e-16 -2.32043e-16 1.36753e-17
 965 0 -2.31802e-16 1.36632e-17
 966 0 -2.31563e-16 1.36512e-17
 967 0 -2.31323e-16 1.36391e-17
 968 -1.09652e-15 -2.32217e-16 1.36543e-17
 969 -1.09652e-15 -2.33109e-16 1.36694e-17
 970 -5.48258e-16 -2.33434e-16 1.36591e-17
 971 -5.48258e-16 -2.33758e-16 1.36489e-17
 972 -1.09652e-15 -2.34646e-16 1.36637e-17
 973 -5.48258e-16 -2.34968e-16 1.36535e-17
 974 2.74129e-16 -2.34445e-16 1.36495e-17
 975 -1.09652e-15 -2.35329e-16 1.36641e-17
 976 -1.09652e-15 -2.36212e-16 1.36786e-17
 977 0 -2.3597e-16 1.36667e-17
 978 -5.48258e-16 -2.36289e-16 1.36564e-17
 979 -1.37065e-16 -2.36188e-16 1.36429e-17
 980 -5.48258e-16 -2.36506e-16 1.36327e-17
 981 0 -2.36265e-16 1.36209e-17
 982 2.74129e-16 -2.35745e-16 1.36169e-17
 983 -1.09652e-15 -2.36621e-16 1.36312e-17
 984 -1.09652e-15 -2.37495e-16 1.36454e-17
 985 0 -2.37254e-16 1.36337e-17
 986 0 -2.37013e-16 1.36219e-17
 987 -1.09652e-15 -2.37884e-16 1.3636e-17
 988 -5.48258e-16 -2.38198e-16 1.36258e-17
 989 0 -2.37957e-16 1.36141e-17
 990 -5.48258e-16 -2.38271e-16 1.3604e-17
 991 2.74129e-16 -2.37754e-16 1.36001e-17
 992 0 -2.37514e-16 1.35885e-17
 993 0 -2.37275e-16 1.35769e-17
 994 -5.48258e-16 -2.37588e-16 1.35668e-17
 995 -1.37065e-16 -2.37487e-16 1.35536e-17
 996 -5.48258e-16 -2.37799e-16 1.35435e-17
 997 0 -2.3756e-16 1.35321e-17
 998 -5.48258e-16 -2.37872e-16 1.35221e-17
 999 -5.48258e-16 -2.38182e-16 1.35121e-17
 1000 2.74129e-16 -2.3767e-16 1.35083e-17
 1001 2.74129e-16 -2.37159e-16 1.35045e-17
 1002 -5.48258e-16 -2.37469e-16 1.34946e-17
 1003 -5.48258e-16 -2.37779e-16 1.34847e-17
 1004 -5.48258e-16 -2.38088e-16 1.34748e-17
 1005 -5.48258e-16 -2.38397e-16 1.34649e-17
 1006 -5.48258e-16 -2.38705e-16 1.3455e-17
 1007 0 -2.38468e-16 1.34438e-17
 1008 -5.48258e-16 -2.38775e-16 1.34339e-17
 1009 0 -2.38539e-16 1.34227e-17
 1010 2.74129e-16 -2.38031e-16 1.3419e-17
 1011 0 -2.37796e-16 1.34078e-17
 1012 0 -2.37561e-16 1.33966e-17
 1013 -5.48258e-16 -2.37867e-16 1.33869e-17
 1014 -5.48258e-16 -2.38173e-16 1.33772e-17
 1015 2.74129e-16 -2.37669e-16 1.33735e-17
 1016 -5.48258e-16 -2.37974e-16 1.33639e-17
 1017 -5.48258e-16 -2.38279e-16 1.33542e-17
 1018 -1.37065e-16 -2.3818e-16 1.33414e-17
 1019 -5.48258e-16 -2.38484e-16 1.33318e-17
 1020 -5.48258e-16 -2.38788e-16 1.33222e-17
 1021 -5.48258e-16 -2.39091e-16 1.33126e-17
 1022 -5.48258e-16 -2.39394e-16 1.3303e-17
 1023 0 -2.3916e-16 1.3292e-17
 1024 -5.48258e-16 -2.39461e-16 1.32825e-17
 1025 0 -2.39228e-16 1.32716e-17
 1026 0 -2.38995e-16 1.32607e-17
 1027 0 -2.38762e-16 1.32498e-17
 1028 -5.48258e-16 -2.39063e-16 1.32403e-17
 1029 -1.09652e-15 -2.39896e-16 1.32537e-17
 1030 -1.09652e-15 -2.40728e-16 1.32669e-17
 1031 -5.48258e-16 -2.41026e-16 1.32574e-17
 1032 0 -2.40793e-16 1.32466e-17
 1033 -1.09652e-15 -2.41621e-16 1.32597e-17
 1034 -5.48258e-16 -2.41918e-16 1.32502e-17
 1035 -5.48258e-16 -2.42214e-16 1.32407e-17
 1036 -5.48258e-16 -2.42509e-16 1.32312e-17
 1037 -5.48258e-16 -2.42804e-16 1.32217e-17
 1038 0 -2.4257e-16 1.3211e-17
 1039 -5.48258e-16 -2.42864e-16 1.32016e-17
 1040 0 -2.42631e-16 1.31909e-17
 1041 2.74129e-16 -2.42134e-16 1.31876e-17
 1042 -5.48258e-16 -2.42428e-16 1.31782e-17
 1043 -5.48258e-16 -2.42721e-16 1.31689e-17
 1044 -5.48258e-16 -2.43014e-16 1.31595e-17
 1045 -5.48258e-16 -2.43306e-16 1.31501e-17
 1046 0 -2.43073e-16 1.31396e-17
 1047 2.74129e-16 -2.42579e-16 1.31364e-17
 1048 -1.37065e-16 -2.42479e-16 1.31242e-17
 1049 -5.48258e-16 -2.4277e-16 1.31149e-17
 1050 0 -2.42539e-16 1.31045e-17
 1051 2.74129e-16 -2.42047e-16 1.31012e-17
 1052 0 -2.41817e-16 1.30908e-17
 1053 0 -2.41588e-16 1.30804e-17
 1054 0 -2.41358e-16 1.307e-17
 1055 -5.48258e-16 -2.41649e-16 1.30608e-17
 1056 0 -2.41421e-16 1.30504e-17
 1057 0 -2.41192e-16 1.30401e-17
 1058 0 -2.40964e-16 1.30297e-17
 1059 0 -2.40737e-16 1.30194e-17
 1060 -5.48258e-16 -2.41027e-16 1.30104e-17
 1061 -5.48258e-16 -2.41316e-16 1.30013e-17
 1062 0 -2.41089e-16 1.29911e-17
 1063 -1.37065e-16 -2.40991e-16 1.29792e-17
 1064 -5.48258e-16 -2.4128e-16 1.29702e-17
 1065 -5.48258e-16 -2.41568e-16 1.29612e-17
 1066 0 -2.41342e-16 1.29511e-17
 1067 2.74129e-16 -2.40859e-16 1.29479e-17
 1068 -5.48258e-16 -2.41146e-16 1.2939e-17
 1069 -5.48258e-16 -2.41434e-16 1.29301e-17
 1070 0 -2.41208e-16 1.292e-17
 1071 0 -2.40983e-16 1.29099e-17
 1072 0 -2.40758e-16 1.28998e-17
 1073 -5.48258e-16 -2.41045e-16 1.28909e-17
 1074 -5.48258e-16 -2.41331e-16 1.28821e-17
 1075 0 -2.41106e-16 1.28721e-17
 1076 0 -2.40882e-16 1.2862e-17
 1077 0 -2.40658e-16 1.2852e-17
 1078 -5.48258e-16 -2.40944e-16 1.28433e-17
 1079 -5.48258e-16 -2.41229e-16 1.28345e-17
 1080 0 -2.41005e-16 1.28246e-17
 1081 -5.48258e-16 -2.41289e-16 1.28159e-17
 1082 2.74129e-16 -2.40813e-16 1.28129e-17
 1083 -5.48258e-16 -2.41097e-16 1.28042e-17
 1084 0 -2.40875e-16 1.27943e-17
 1085 0 -2.40653e-16 1.27844e-17
 1086 -1.37065e-16 -2.40557e-16 1.2773e-17
 1087 2.74129e-16 -2.40084e-16 1.277e-17
 1088 0 -2.39863e-16 1.27602e-17
 1089 0 -2.39643e-16 1.27504e-17
 1090 0 -2.39423e-16 1.27406e-17
 1091 2.74129e-16 -2.38952e-16 1.27376e-17
 1092 2.74129e-16 -2.38482e-16 1.27346e-17
 1093 -5.48258e-16 -2.38766e-16 1.27261e-17
 1094 0 -2.38547e-16 1.27163e-17
 1095 -5.48258e-16 -2.3883e-16 1.27079e-17
 1096 0 -2.38612e-16 1.26981e-17
 1097 0 -2.38395e-16 1.26884e-17
 1098 -5.48258e-16 -2.38677e-16 1.268e-17
 1099 -5.48258e-16 -2.38959e-16 1.26716e-17
 1100 0 -2.38742e-16 1.26619e-17
 1101 2.74129e-16 -2.38276e-16 1.2659e-17
 1102 -5.48258e-16 -2.38557e-16 1.26506e-17
 1103 2.74129e-16 -2.38092e-16 1.26477e-17
 1104 -5.48258e-16 -2.38373e-16 1.26394e-17
 1105 0 -2.38157e-16 1.26298e-17
 1106 2.74129e-16 -2.37694e-16 1.26268e-17
 1107 -1.37065e-16 -2.37603e-16 1.26158e-17
 1108 -1.37065e-16 -2.37513e-16 1.26047e-17
 1109 0 -2.37298e-16 1.25951e-17
 1110 0 -2.37085e-16 1.25856e-17
 1111 0 -2.36871e-16 1.25761e-17
 1112 -5.48258e-16 -2.37151e-16 1.25679e-17
 1113 0 -2.36938e-16 1.25584e-17
 1114 -5.48258e-16 -2.37218e-16 1.25502e-17
 1115 -5.48258e-16 -2.37497e-16 1.25421e-17
 1116 0 -2.37284e-16 1.25326e-17
 1117 -5.48258e-16 -2.37562e-16 1.25245e-17
 1118 0 -2.3735e-16 1.25151e-17
 1119 0 -2.37138e-16 1.25057e-17
 1120 0 -2.36926e-16 1.24963e-17
 1121 0 -2.36715e-16 1.2487e-17
 1122 -1.09652e-15 -2.37481e-16 1.24993e-17
 1123 -1.09652e-15 -2.38246e-16 1.25116e-17
 1124 -1.09652e-15 -2.39009e-16 1.25238e-17
 1125 0 -2.38797e-16 1.25144e-17
 1126 0 -2.38585e-16 1.25051e-17
 1127 -1.09652e-15 -2.39346e-16 1.25172e-17
 1128 0 -2.39134e-16 1.25079e-17
 1129 -5.48258e-16 -2.39408e-16 1.24998e-17
 1130 -5.48258e-16 -2.39681e-16 1.24917e-17
 1131 -5.48258e-16 -2.39954e-16 1.24837e-17
 1132 -5.48258e-16 -2.40226e-16 1.24756e-17
 1133 -1.09652e-15 -2.40982e-16 1.24875e-17
 1134 -1.09652e-15 -2.41736e-16 1.24993e-17
 1135 -5.48258e-16 -2.42007e-16 1.24912e-17
 1136 2.74129e-16 -2.41552e-16 1.24884e-17
 1137 0 -2.4134e-16 1.24792e-17
 1138 2.74129e-16 -2.40887e-16 1.24765e-17
 1139 0 -2.40675e-16 1.24673e-17
 1140 0 -2.40464e-16 1.24582e-17
 1141 0 -2.40253e-16 1.2449e-17
 1142 0 -2.40043e-16 1.24399e-17
 1143 2.74129e-16 -2.39593e-16 1.24372e-17
 1144 -1.09652e-15 -2.40342e-16 1.24488e-17
 1145 -5.48258e-16 -2.40611e-16 1.24409e-17
 1146 -5.48258e-16 -2.4088e-16 1.24329e-17
 1147 -5.48258e-16 -2.41148e-16 1.2425e-17
 1148 -5.48258e-16 -2.41415e-16 1.2417e-17
 1149 0 -2.41205e-16 1.2408e-17
 1150 0 -2.40995e-16 1.2399e-17
 1151 0 -2.40786e-16 1.239e-17
 1152 -5.48258e-16 -2.41053e-16 1.23821e-17
 1153 0 -2.40844e-16 1.23731e-17
 1154 -5.48258e-16 -2.4111e-16 1.23652e-17
 1155 0 -2.40901e-16 1.23563e-17
 1156 0 -2.40693e-16 1.23474e-17
 1157 0 -2.40485e-16 1.23384e-17
 1158 0 -2.40277e-16 1.23295e-17
 1159 2.74129e-16 -2.39833e-16 1.23269e-17
 1160 -1.37065e-16 -2.39745e-16 1.23166e-17
 1161 -5.48258e-16 -2.40011e-16 1.23088e-17
 1162 -5.48258e-16 -2.40276e-16 1.23011e-17
 1163 0 -2.40069e-16 1.22922e-17
 1164 -5.48258e-16 -2.40334e-16 1.22845e-17
 1165 2.74129e-16 -2.39892e-16 1.22819e-17
 1166 0 -2.39687e-16 1.22731e-17
 1167 -1.09652e-15 -2.40421e-16 1.22845e-17
 1168 0 -2.40215e-16 1.22757e-17
 1169 -5.48258e-16 -2.40479e-16 1.22681e-17
 1170 0 -2.40273e-16 1.22593e-17
 1171 0 -2.40068e-16 1.22505e-17
 1172 0 -2.39863e-16 1.22418e-17
 1173 0 -2.39659e-16 1.22331e-17
 1174 -5.48258e-16 -2.39921e-16 1.22255e-17
 1175 -1.37065e-16 -2.39834e-16 1.22154e-17
 1176 2.74129e-16 -2.39397e-16 1.22128e-17
 1177 0 -2.39193e-16 1.22041e-17
 1178 -5.48258e-16 -2.39456e-16 1.21966e-17
 1179 0 -2.39253e-16 1.21879e-17
 1180 0 -2.3905e-16 1.21793e-17
 1181 -1.09652e-15 -2.39776e-16 1.21906e-17
 1182 0 -2.39573e-16 1.2182e-17
 1183 -1.37065e-16 -2.39486e-16 1.2172e-17
 1184 -1.37065e-16 -2.394e-16 1.2162e-17
 1185 -5.48258e-16 -2.39661e-16 1.21545e-17
 1186 0 -2.39459e-16 1.2146e-17
 1187 0 -2.39257e-16 1.21374e-17
 1188 -1.37065e-16 -2.39171e-16 1.21275e-17
 1189 0 -2.3897e-16 1.21189e-17
 1190 -5.48258e-16 -2.3923e-16 1.21115e-17
 1191 0 -2.39029e-16 1.2103e-17
 1192 0 -2.38828e-16 1.20945e-17
 1193 -1.09652e-15 -2.39547e-16 1.21058e-17
 1194 0 -2.39346e-16 1.20973e-17
 1195 0 -2.39146e-16 1.20888e-17
 1196 0 -2.38946e-16 1.20804e-17
 1197 0 -2.38747e-16 1.20719e-17
 1198 0 -2.38547e-16 1.20635e-17
 1199 -5.48258e-16 -2.38806e-16 1.20562e-17
 1200 -5.48258e-16 -2.39063e-16 1.20489e-17
 1201 0 -2.38864e-16 1.20405e-17
 1202 -1.09652e-15 -2.39578e-16 1.20516e-17
 1203 0 -2.39379e-16 1.20433e-17
 1204 0 -2.3918e-16 1.20349e-17
 1205 -5.48258e-16 -2.39436e-16 1.20276e-17
 1206 2.74129e-16 -2.39011e-16 1.20252e-17
 1207 0 -2.38813e-16 1.20169e-17
 1208 0 -2.38615e-16 1.20085e-17
 1209 -1.09652e-15 -2.39324e-16 1.20196e-17
 1210 0 -2.39127e-16 1.20113e-17
 1211 -5.48258e-16 -2.39382e-16 1.2004e-17
 1212 2.74129e-16 -2.38958e-16 1.20016e-17
 1213 0 -2.38761e-16 1.19933e-17
 1214 0 -2.38565e-16 1.19851e-17
 1215 0 -2.38368e-16 1.19768e-17
 1216 0 -2.38172e-16 1.19686e-17
 1217 0 -2.37977e-16 1.19603e-17
 1218 0 -2.37781e-16 1.19521e-17
 1219 -5.48258e-16 -2.38036e-16 1.1945e-17
 1220 2.74129e-16 -2.37616e-16 1.19426e-17
 1221 2.74129e-16 -2.37197e-16 1.19402e-17
 1222 0 -2.37003e-16 1.1932e-17
 1223 -5.48258e-16 -2.37257e-16 1.19249e-17
 1224 0 -2.37063e-16 1.19168e-17
 1225 2.74129e-16 -2.36646e-16 1.19143e-17
 1226 0 -2.36453e-16 1.19062e-17
 1227 -5.48258e-16 -2.36707e-16 1.18992e-17
 1228 2.74129e-16 -2.36291e-16 1.18968e-17
 1229 -1.09652e-15 -2.36991e-16 1.19077e-17
 1230 -5.48258e-16 -2.37244e-16 1.19007e-17
 1231 0 -2.37052e-16 1.18926e-17
 1232 2.74129e-16 -2.36637e-16 1.18901e-17
 1233 0 -2.36445e-16 1.18821e-17
 1234 -5.48258e-16 -2.36697e-16 1.18751e-17
 1235 -1.09652e-15 -2.37394e-16 1.18859e-17
 1236 -5.48258e-16 -2.37645e-16 1.18789e-17
 1237 0 -2.37453e-16 1.18709e-17
 1238 0 -2.37261e-16 1.18628e-17
 1239 -5.48258e-16 -2.37512e-16 1.18559e-17
 1240 2.74129e-16 -2.371e-16 1.18535e-17
 1241 0 -2.36909e-16 1.18455e-17
 1242 0 -2.36718e-16 1.18375e-17
 1243 -5.48258e-16 -2.36968e-16 1.18306e-17
 1244 0 -2.36778e-16 1.18227e-17
 1245 0 -2.36588e-16 1.18147e-17
 1246 0 -2.36398e-16 1.18067e-17
 1247 0 -2.36208e-16 1.17988e-17
 1248 0 -2.36019e-16 1.17909e-17
 1249 0 -2.3583e-16 1.17829e-17
 1250 0 -2.35641e-16 1.1775e-17
 1251 -5.48258e-16 -2.35891e-16 1.17682e-17
 1252 -1.09652e-15 -2.36579e-16 1.17789e-17
 1253 -5.48258e-16 -2.36827e-16 1.17721e-17
 1254 0 -2.36639e-16 1.17643e-17
 1255 0 -2.3645e-16 1.17564e-17
 1256 0 -2.36262e-16 1.17485e-17
 1257 -5.48258e-16 -2.3651e-16 1.17418e-17
 1258 0 -2.36322e-16 1.1734e-17
 1259 0 -2.36134e-16 1.17262e-17
 1260 0 -2.35947e-16 1.17184e-17
 1261 0 -2.3576e-16 1.17106e-17
 1262 0 -2.35573e-16 1.17028e-17
 1263 0 -2.35386e-16 1.1695e-17
 1264 0 -2.352e-16 1.16872e-17
 1265 2.74129e-16 -2.34798e-16 1.16849e-17
 1266 0 -2.34612e-16 1.16771e-17
 1267 -1.09652e-15 -2.35292e-16 1.16877e-17
 1268 -1.09652e-15 -2.35972e-16 1.16982e-17
 1269 0 -2.35786e-16 1.16905e-17
 1270 -1.37065e-16 -2.35708e-16 1.16816e-17
 1271 0 -2.35522e-16 1.16738e-17
 1272 -5.48258e-16 -2.35768e-16 1.16672e-17
 1273 0 -2.35583e-16 1.16595e-17
 1274 -5.48258e-16 -2.35829e-16 1.1653e-17
 1275 -5.48258e-16 -2.36074e-16 1.16464e-17
 1276 -5.48258e-16 -2.36318e-16 1.16399e-17
 1277 0 -2.36133e-16 1.16322e-17
 1278 -5.48258e-16 -2.36377e-16 1.16257e-17
 1279 2.74129e-16 -2.35978e-16 1.16234e-17
 1280 0 -2.35794e-16 1.16158e-17
 1281 0 -2.3561e-16 1.16082e-17
 1282 0 -2.35426e-16 1.16006e-17
 1283 0 -2.35243e-16 1.1593e-17
 1284 -5.48258e-16 -2.35486e-16 1.15865e-17
 1285 -5.48258e-16 -2.3573e-16 1.15801e-17
 1286 -5.48258e-16 -2.35973e-16 1.15736e-17
 1287 2.74129e-16 -2.35576e-16 1.15714e-17
 1288 0 -2.35394e-16 1.15639e-17
 1289 -5.48258e-16 -2.35636e-16 1.15574e-17
 1290 0 -2.35454e-16 1.15499e-17
 1291 -5.48258e-16 -2.35696e-16 1.15435e-17
 1292 0 -2.35513e-16 1.1536e-17
 1293 0 -2.35331e-16 1.15285e-17
 1294 -1.09652e-15 -2.35997e-16 1.15388e-17
 1295 0 -2.35815e-16 1.15314e-17
 1296 -1.09652e-15 -2.36479e-16 1.15416e-17
 1297 0 -2.36296e-16 1.15341e-17
 1298 0 -2.36114e-16 1.15267e-17
 1299 0 -2.35933e-16 1.15192e-17
 1300 -5.48258e-16 -2.36173e-16 1.15129e-17
 1301 -5.48258e-16 -2.36413e-16 1.15065e-17
 1302 2.74129e-16 -2.36021e-16 1.15044e-17
 1303 0 -2.35839e-16 1.14969e-17
 1304 -5.48258e-16 -2.36079e-16 1.14906e-17
 1305 2.74129e-16 -2.35688e-16 1.14885e-17
 1306 -5.48258e-16 -2.35927e-16 1.14822e-17
 1307 2.74129e-16 -2.35537e-16 1.148e-17
 1308 0 -2.35357e-16 1.14726e-17
 1309 0 -2.35177e-16 1.14653e-17
 1310 0 -2.34998e-16 1.14579e-17
 1311 -5.48258e-16 -2.35237e-16 1.14517e-17
 1312 -5.48258e-16 -2.35475e-16 1.14454e-17
 1313 0 -2.35296e-16 1.14381e-17
 1314 -5.48258e-16 -2.35534e-16 1.14319e-17
 1315 0 -2.35355e-16 1.14246e-17
 1316 0 -2.35176e-16 1.14173e-17
 1317 2.74129e-16 -2.34789e-16 1.14152e-17
 1318 0 -2.34611e-16 1.14079e-17
 1319 0 -2.34433e-16 1.14007e-17
 1320 -5.48258e-16 -2.34671e-16 1.13945e-17
 1321 0 -2.34494e-16 1.13873e-17
 1322 0 -2.34316e-16 1.138e-17
 1323 0 -2.34139e-16 1.13728e-17
 1324 -5.48258e-16 -2.34376e-16 1.13667e-17
 1325 -5.48258e-16 -2.34613e-16 1.13606e-17
 1326 0 -2.34436e-16 1.13534e-17
 1327 -1.09652e-15 -2.35086e-16 1.13634e-17
 1328 0 -2.34909e-16 1.13562e-17
 1329 -5.48258e-16 -2.35145e-16 1.13501e-17
 1330 -1.09652e-15 -2.35792e-16 1.13601e-17
 1331 -5.48258e-16 -2.36027e-16 1.1354e-17
 1332 -1.09652e-15 -2.36673e-16 1.13638e-17
 1333 0 -2.36496e-16 1.13567e-17
 1334 -1.37065e-16 -2.36421e-16 1.13484e-17
 1335 -5.48258e-16 -2.36655e-16 1.13423e-17
 1336 -1.37065e-16 -2.3658e-16 1.13341e-17
 1337 2.74129e-16 -2.36198e-16 1.1332e-17
 1338 2.74129e-16 -2.35817e-16 1.133e-17
 1339 0 -2.35641e-16 1.13229e-17
 1340 -5.48258e-16 -2.35874e-16 1.13168e-17
 1341 2.74129e-16 -2.35493e-16 1.13148e-17
 1342 -5.48258e-16 -2.35727e-16 1.13087e-17
 1343 -5.48258e-16 -2.35959e-16 1.13027e-17
 1344 -5.48258e-16 -2.36192e-16 1.12967e-17
 1345 2.74129e-16 -2.35812e-16 1.12947e-17
 1346 0 -2.35637e-16 1.12876e-17
 1347 -5.48258e-16 -2.35869e-16 1.12816e-17
 1348 0 -2.35694e-16 1.12746e-17
 1349 2.74129e-16 -2.35316e-16 1.12726e-17
 1350 0 -2.35142e-16 1.12656e-17
 1351 0 -2.34968e-16 1.12586e-17
 1352 0 -2.34794e-16 1.12516e-17
 1353 0 -2.34621e-16 1.12446e-17
 1354 -5.48258e-16 -2.34852e-16 1.12387e-17
 1355 -5.48258e-16 -2.35083e-16 1.12328e-17
 1356 0 -2.3491e-16 1.12258e-17
 1357 0 -2.34737e-16 1.12189e-17
 1358 2.74129e-16 -2.34362e-16 1.12169e-17
 1359 0 -2.3419e-16 1.121e-17
 1360 2.74129e-16 -2.33816e-16 1.1208e-17
 1361 -5.48258e-16 -2.34047e-16 1.12021e-17
 1362 0 -2.33875e-16 1.11952e-17
 1363 -1.09652e-15 -2.34508e-16 1.12049e-17
 1364 0 -2.34336e-16 1.1198e-17
 1365 2.74129e-16 -2.33964e-16 1.1196e-17
 1366 -5.48258e-16 -2.34194e-16 1.11901e-17
 1367 0 -2.34022e-16 1.11832e-17
 1368 -1.09652e-15 -2.34653e-16 1.11928e-17
 1369 -1.09652e-15 -2.35282e-16 1.12024e-17
 1370 -5.48258e-16 -2.35511e-16 1.11965e-17
 1371 0 -2.35339e-16 1.11897e-17
 1372 2.74129e-16 -2.34968e-16 1.11877e-17
 1373 -5.48258e-16 -2.35196e-16 1.11818e-17
 1374 0 -2.35025e-16 1.1175e-17
 1375 0 -2.34854e-16 1.11682e-17
 1376 0 -2.34683e-16 1.11614e-17
 1377 2.74129e-16 -2.34314e-16 1.11594e-17
 1378 -5.48258e-16 -2.34542e-16 1.11536e-17
 1379 0 -2.34371e-16 1.11468e-17
 1380 -5.48258e-16 -2.34599e-16 1.11411e-17
 1381 -5.48258e-16 -2.34826e-16 1.11353e-17
 1382 -1.37065e-16 -2.34755e-16 1.11275e-17
 1383 0 -2.34586e-16 1.11207e-17
 1384 -1.09652e-15 -2.35208e-16 1.11301e-17
 1385 -1.09652e-15 -2.3583e-16 1.11395e-17
 1386 2.74129e-16 -2.35462e-16 1.11375e-17
 1387 -5.48258e-16 -2.35688e-16 1.11317e-17
 1388 2.74129e-16 -2.35321e-16 1.11298e-17
 1389 0 -2.35151e-16 1.11231e-17
 1390 -5.48258e-16 -2.35376e-16 1.11173e-17
 1391 -5.48258e-16 -2.35601e-16 1.11116e-17
 1392 -5.48258e-16 -2.35826e-16 1.11059e-17
 1393 2.74129e-16 -2.3546e-16 1.1104e-17
 1394 0 -2.35291e-16 1.10973e-17
 1395 0 -2.35122e-16 1.10906e-17
 1396 -5.48258e-16 -2.35347e-16 1.10849e-17
 1397 0 -2.35178e-16 1.10783e-17
 1398 2.74129e-16 -2.34814e-16 1.10763e-17
 1399 0 -2.34646e-16 1.10697e-17
 1400 0 -2.34478e-16 1.10631e-17
 1401 0 -2.34311e-16 1.10564e-17
 1402 -1.37065e-16 -2.34242e-16 1.10487e-17
 1403 -5.48258e-16 -2.34465e-16 1.10431e-17
 1404 0 -2.34298e-16 1.10365e-17
 1405 2.74129e-16 -2.33937e-16 1.10346e-17
 1406 2.74129e-16 -2.33575e-16 1.10327e-17
 1407 2.74129e-16 -2.33214e-16 1.10307e-17
 1408 -5.48258e-16 -2.33438e-16 1.10252e-17
 1409 0 -2.33272e-16 1.10186e-17
 1410 0 -2.33107e-16 1.1012e-17
 1411 -1.37065e-16 -2.33039e-16 1.10044e-17
 1412 0 -2.32874e-16 1.09979e-17
 1413 -5.48258e-16 -2.33097e-16 1.09923e-17
 1414 0 -2.32932e-16 1.09858e-17
 1415 -5.48258e-16 -2.33155e-16 1.09803e-17
 1416 0 -2.3299e-16 1.09738e-17
 1417 0 -2.32826e-16 1.09673e-17
 1418 0 -2.32662e-16 1.09608e-17
 1419 2.74129e-16 -2.32305e-16 1.09588e-17
 1420 2.74129e-16 -2.31948e-16 1.09569e-17
 1421 0 -2.31785e-16 1.09504e-17
 1422 0 -2.31622e-16 1.09439e-17
 1423 2.74129e-16 -2.31266e-16 1.0942e-17
 1424 2.74129e-16 -2.30911e-16 1.09401e-17
 1425 -1.37065e-16 -2.30846e-16 1.09326e-17
 1426 2.74129e-16 -2.30491e-16 1.09307e-17
 1427 -5.48258e-16 -2.30714e-16 1.09253e-17
 1428 -5.48258e-16 -2.30937e-16 1.09199e-17
 1429 -5.48258e-16 -2.31159e-16 1.09145e-17
 1430 -5.48258e-16 -2.3138e-16 1.09091e-17
 1431 -5.48258e-16 -2.31602e-16 1.09038e-17
 1432 -5.48258e-16 -2.31823e-16 1.08984e-17
 1433 -5.48258e-16 -2.32044e-16 1.0893e-17
 1434 0 -2.31882e-16 1.08866e-17
 1435 0 -2.3172e-16 1.08802e-17
 1436 -5.48258e-16 -2.31941e-16 1.08749e-17
 1437 -5.48258e-16 -2.32161e-16 1.08695e-17
 1438 -1.09652e-15 -2.32762e-16 1.08786e-17
 1439 -5.48258e-16 -2.32981e-16 1.08733e-17
 1440 0 -2.32819e-16 1.08669e-17
 1441 -5.48258e-16 -2.33038e-16 1.08616e-17
 1442 0 -2.32877e-16 1.08552e-17
 1443 -5.48258e-16 -2.33095e-16 1.08499e-17
 1444 0 -2.32934e-16 1.08436e-17
 1445 -5.48258e-16 -2.33152e-16 1.08383e-17
 1446 0 -2.32991e-16 1.0832e-17
 1447 -5.48258e-16 -2.33209e-16 1.08267e-17
 1448 -5.48258e-16 -2.33426e-16 1.08214e-17
 1449 0 -2.33265e-16 1.08151e-17
 1450 0 -2.33104e-16 1.08089e-17
 1451 0 -2.32944e-16 1.08026e-17
 1452 -5.48258e-16 -2.33161e-16 1.07973e-17
 1453 0 -2.33e-16 1.07911e-17
 1454 2.74129e-16 -2.32652e-16 1.07893e-17
 1455 0 -2.32492e-16 1.07831e-17
 1456 -1.09652e-15 -2.33085e-16 1.0792e-17
 1457 0 -2.32925e-16 1.07858e-17
 1458 -5.48258e-16 -2.33141e-16 1.07806e-17
 1459 -5.48258e-16 -2.33357e-16 1.07753e-17
 1460 2.74129e-16 -2.3301e-16 1.07736e-17
 1461 -1.37065e-16 -2.32944e-16 1.07664e-17
 1462 -5.48258e-16 -2.3316e-16 1.07612e-17
 1463 -5.48258e-16 -2.33375e-16 1.0756e-17
 1464 -5.48258e-16 -2.3359e-16 1.07508e-17
 1465 0 -2.33431e-16 1.07446e-17
 1466 0 -2.33272e-16 1.07385e-17
 1467 2.74129e-16 -2.32926e-16 1.07367e-17
 1468 -1.09652e-15 -2.33514e-16 1.07455e-17
 1469 0 -2.33355e-16 1.07394e-17
 1470 -5.48258e-16 -2.33569e-16 1.07342e-17
 1471 2.74129e-16 -2.33224e-16 1.07325e-17
 1472 0 -2.33066e-16 1.07263e-17
 1473 0 -2.32907e-16 1.07202e-17
 1474 0 -2.32749e-16 1.07141e-17
 1475 -1.09652e-15 -2.33335e-16 1.07228e-17
 1476 0 -2.33177e-16 1.07167e-17
 1477 2.74129e-16 -2.32833e-16 1.0715e-17
 1478 0 -2.32676e-16 1.07089e-17
 1479 0 -2.32519e-16 1.07028e-17
 1480 2.74129e-16 -2.32176e-16 1.0701e-17
 1481 0 -2.32019e-16 1.0695e-17
 1482 -5.48258e-16 -2.32233e-16 1.06899e-17
 1483 -5.48258e-16 -2.32446e-16 1.06848e-17
 1484 -5.48258e-16 -2.32659e-16 1.06797e-17
 1485 0 -2.32502e-16 1.06737e-17
 1486 -1.09652e-15 -2.33084e-16 1.06823e-17
 1487 -5.48258e-16 -2.33296e-16 1.06772e-17
 1488 0 -2.33139e-16 1.06712e-17
 1489 -5.48258e-16 -2.3335e-16 1.06661e-17
 1490 2.74129e-16 -2.3301e-16 1.06644e-17
 1491 0 -2.32853e-16 1.06584e-17
 1492 -1.37065e-16 -2.32789e-16 1.06515e-17
 1493 2.74129e-16 -2.3245e-16 1.06497e-17
 1494 -5.48258e-16 -2.32661e-16 1.06447e-17
 1495 0 -2.32506e-16 1.06387e-17
 1496 -5.48258e-16 -2.32717e-16 1.06337e-17
 1497 2.74129e-16 -2.32378e-16 1.0632e-17
 1498 -1.37065e-16 -2.32314e-16 1.06251e-17
 1499 2.74129e-16 -2.31977e-16 1.06234e-17
 1500 -1.37065e-16 -2.31913e-16 1.06165e-17
 1501 -5.48258e-16 -2.32124e-16 1.06115e-17
 1502 0 -2.31969e-16 1.06055e-17
 1503 -5.48258e-16 -2.3218e-16 1.06006e-17
 1504 0 -2.32026e-16 1.05946e-17
 1505 0 -2.31871e-16 1.05887e-17
 1506 -1.09652e-15 -2.32445e-16 1.05973e-17
 1507 -5.48258e-16 -2.32655e-16 1.05923e-17
 1508 -5.48258e-16 -2.32864e-16 1.05873e-17
 1509 0 -2.3271e-16 1.05814e-17
 1510 -1.09652e-15 -2.33282e-16 1.05899e-17
 1511 -1.09652e-15 -2.33853e-16 1.05983e-17
 1512 0 -2.33699e-16 1.05924e-17
 1513 2.74129e-16 -2.33363e-16 1.05907e-17
 1514 -5.48258e-16 -2.33571e-16 1.05858e-17
 1515 -1.09652e-15 -2.34141e-16 1.05941e-17
 1516 0 -2.33986e-16 1.05882e-17
 1517 0 -2.33832e-16 1.05824e-17
 1518 0 -2.33678e-16 1.05765e-17
 1519 0 -2.33524e-16 1.05707e-17
 1520 0 -2.3337e-16 1.05649e-17
 1521 -1.09652e-15 -2.33938e-16 1.05731e-17
 1522 0 -2.33784e-16 1.05673e-17
 1523 0 -2.33631e-16 1.05615e-17
 1524 0 -2.33477e-16 1.05557e-17
 1525 -5.48258e-16 -2.33684e-16 1.05508e-17
 1526 0 -2.33531e-16 1.0545e-17
 1527 -1.09652e-15 -2.34096e-16 1.05532e-17
 1528 -1.09652e-15 -2.3466e-16 1.05614e-17
 1529 0 -2.34507e-16 1.05556e-17
 1530 0 -2.34354e-16 1.05498e-17
 1531 0 -2.342e-16 1.0544e-17
 1532 -5.48258e-16 -2.34405e-16 1.05391e-17
 1533 -5.48258e-16 -2.3461e-16 1.05342e-17
 1534 0 -2.34457e-16 1.05285e-17
 1535 0 -2.34305e-16 1.05227e-17
 1536 0 -2.34152e-16 1.0517e-17
 1537 0 -2.34e-16 1.05112e-17
 1538 -5.48258e-16 -2.34204e-16 1.05064e-17
 1539 0 -2.34052e-16 1.05007e-17
 1540 0 -2.339e-16 1.04949e-17
 1541 0 -2.33748e-16 1.04892e-17
 1542 -5.48258e-16 -2.33952e-16 1.04844e-17
 1543 2.74129e-16 -2.33623e-16 1.04828e-17
 1544 2.74129e-16 -2.33294e-16 1.04812e-17
 1545 0 -2.33143e-16 1.04755e-17
 1546 0 -2.32992e-16 1.04698e-17
 1547 -1.09652e-15 -2.3355e-16 1.04779e-17
 1548 -1.09652e-15 -2.34108e-16 1.04859e-17
 1549 -5.48258e-16 -2.34311e-16 1.04811e-17
 1550 2.74129e-16 -2.33982e-16 1.04795e-17
 1551 -5.48258e-16 -2.34185e-16 1.04747e-17
 1552 0 -2.34034e-16 1.0469e-17
 1553 0 -2.33884e-16 1.04634e-17
 1554 -5.48258e-16 -2.34086e-16 1.04586e-17
 1555 2.74129e-16 -2.33759e-16 1.0457e-17
 1556 0 -2.33609e-16 1.04513e-17
 1557 -5.48258e-16 -2.33811e-16 1.04466e-17
 1558 2.74129e-16 -2.33485e-16 1.0445e-17
 1559 -1.37065e-16 -2.33423e-16 1.04384e-17
 1560 0 -2.33273e-16 1.04328e-17
 1561 -5.48258e-16 -2.33475e-16 1.04281e-17
 1562 0 -2.33326e-16 1.04225e-17
 1563 0 -2.33176e-16 1.04169e-17
 1564 2.74129e-16 -2.32852e-16 1.04153e-17
 1565 -1.37065e-16 -2.32791e-16 1.04088e-17
 1566 0 -2.32642e-16 1.04032e-17
 1567 0 -2.32494e-16 1.03976e-17
 1568 -1.09652e-15 -2.33045e-16 1.04056e-17
 1569 -5.48258e-16 -2.33246e-16 1.04009e-17
 1570 2.74129e-16 -2.32922e-16 1.03993e-17
 1571 2.74129e-16 -2.326e-16 1.03977e-17
 1572 -5.48258e-16 -2.32801e-16 1.0393e-17
 1573 -1.09652e-15 -2.3335e-16 1.04009e-17
 1574 0 -2.33201e-16 1.03953e-17
 1575 -5.48258e-16 -2.33401e-16 1.03907e-17
 1576 0 -2.33253e-16 1.03851e-17
 1577 0 -2.33105e-16 1.03796e-17
 1578 -5.48258e-16 -2.33305e-16 1.03749e-17
 1579 0 -2.33157e-16 1.03694e-17
 1580 -5.48258e-16 -2.33357e-16 1.03648e-17
 1581 0 -2.33209e-16 1.03593e-17
 1582 -5.48258e-16 -2.33408e-16 1.03546e-17
 1583 -5.48258e-16 -2.33607e-16 1.035e-17
 1584 0 -2.3346e-16 1.03445e-17
 1585 0 -2.33312e-16 1.0339e-17
 1586 2.74129e-16 -2.32992e-16 1.03375e-17
 1587 -5.48258e-16 -2.33191e-16 1.03329e-17
 1588 -1.37065e-16 -2.33131e-16 1.03265e-17
 1589 -5.48258e-16 -2.33329e-16 1.03219e-17
 1590 -5.48258e-16 -2.33527e-16 1.03173e-17
 1591 2.74129e-16 -2.33208e-16 1.03158e-17
 1592 0 -2.33061e-16 1.03103e-17
 1593 -1.37065e-16 -2.33001e-16 1.0304e-17
 1594 0 -2.32855e-16 1.02986e-17
 1595 -1.37065e-16 -2.32795e-16 1.02923e-17
 1596 -1.37065e-16 -2.32735e-16 1.02861e-17
 1597 0 -2.32589e-16 1.02806e-17
 1598 0 -2.32444e-16 1.02752e-17
 1599 -1.37065e-16 -2.32384e-16 1.0269e-17
 1600 0 -2.32239e-16 1.02636e-17
 1601 -5.48258e-16 -2.32436e-16 1.02591e-17
 1602 0 -2.32291e-16 1.02537e-17
 1603 0 -2.32146e-16 1.02483e-17
 1604 -5.48258e-16 -2.32343e-16 1.02438e-17
 1605 0 -2.32198e-16 1.02385e-17
 1606 0 -2.32054e-16 1.02331e-17
 1607 0 -2.3191e-16 1.02278e-17
 1608 -5.48258e-16 -2.32106e-16 1.02233e-17
 1609 0 -2.31962e-16 1.0218e-17
 1610 0 -2.31818e-16 1.02126e-17
 1611 0 -2.31674e-16 1.02073e-17
 1612 -5.48258e-16 -2.3187e-16 1.02029e-17
 1613 0 -2.31727e-16 1.01975e-17
 1614 0 -2.31583e-16 1.01922e-17
 1615 -5.48258e-16 -2.31779e-16 1.01878e-17
 1616 -1.09652e-15 -2.32314e-16 1.01956e-17
 1617 0 -2.32171e-16 1.01903e-17
 1618 2.74129e-16 -2.31858e-16 1.01888e-17
 1619 0 -2.31714e-16 1.01835e-17
 1620 2.74129e-16 -2.31402e-16 1.0182e-17
 1621 -1.37065e-16 -2.31344e-16 1.01759e-17
 1622 2.74129e-16 -2.31032e-16 1.01744e-17
 1623 2.74129e-16 -2.30721e-16 1.01729e-17
 1624 2.74129e-16 -2.3041e-16 1.01713e-17
 1625 -5.48258e-16 -2.30606e-16 1.0167e-17
 1626 0 -2.30464e-16 1.01617e-17
 1627 0 -2.30322e-16 1.01564e-17
 1628 0 -2.30181e-16 1.01512e-17
 1629 -5.48258e-16 -2.30376e-16 1.01468e-17
 1630 -5.48258e-16 -2.30571e-16 1.01425e-17
 1631 0 -2.3043e-16 1.01372e-17
 1632 0 -2.30289e-16 1.0132e-17
 1633 -1.09652e-15 -2.30819e-16 1.01397e-17
 1634 -1.09652e-15 -2.31349e-16 1.01473e-17
 1635 -1.09652e-15 -2.31878e-16 1.01549e-17
 1636 -1.09652e-15 -2.32407e-16 1.01625e-17
 1637 -1.09652e-15 -2.32934e-16 1.01699e-17
 1638 0 -2.32792e-16 1.01647e-17
 1639 -5.48258e-16 -2.32985e-16 1.01604e-17
 1640 -5.48258e-16 -2.33177e-16 1.0156e-17
 1641 -5.48258e-16 -2.33369e-16 1.01516e-17
 1642 2.74129e-16 -2.3306e-16 1.01501e-17
 1643 0 -2.32918e-16 1.01449e-17
 1644 -1.09652e-15 -2.33443e-16 1.01524e-17
 1645 2.74129e-16 -2.33135e-16 1.01509e-17
 1646 0 -2.32993e-16 1.01457e-17
 1647 0 -2.32852e-16 1.01405e-17
 1648 -5.48258e-16 -2.33043e-16 1.01362e-17
 1649 -1.09652e-15 -2.33567e-16 1.01436e-17
 1650 -5.48258e-16 -2.33757e-16 1.01392e-17
 1651 0 -2.33616e-16 1.0134e-17
 1652 0 -2.33474e-16 1.01289e-17
 1653 -1.37065e-16 -2.33416e-16 1.01229e-17
 1654 0 -2.33275e-16 1.01178e-17
 1655 0 -2.33134e-16 1.01127e-17
 1656 0 -2.32993e-16 1.01075e-17
 1657 -1.37065e-16 -2.32935e-16 1.01016e-17
 1658 2.74129e-16 -2.32629e-16 1.01001e-17
 1659 -1.37065e-16 -2.32572e-16 1.00942e-17
 1660 0 -2.32432e-16 1.00891e-17
 1661 -5.48258e-16 -2.32622e-16 1.00848e-17
 1662 0 -2.32482e-16 1.00797e-17
 1663 0 -2.32342e-16 1.00746e-17
 1664 -5.48258e-16 -2.32532e-16 1.00704e-17
 1665 2.74129e-16 -2.32228e-16 1.00689e-17
 1666 0 -2.32088e-16 1.00638e-17
 1667 0 -2.31949e-16 1.00588e-17
 1668 0 -2.3181e-16 1.00537e-17
 1669 0 -2.31671e-16 1.00486e-17
 1670 0 -2.31532e-16 1.00436e-17
 1671 0 -2.31394e-16 1.00385e-17
 1672 0 -2.31255e-16 1.00334e-17
 1673 2.74129e-16 -2.30953e-16 1.0032e-17
 1674 0 -2.30815e-16 1.0027e-17
 1675 2.74129e-16 -2.30514e-16 1.00255e-17
 1676 0 -2.30376e-16 1.00205e-17
 1677 0 -2.30239e-16 1.00154e-17
 1678 0 -2.30102e-16 1.00104e-17
 1679 2.74129e-16 -2.29802e-16 1.00089e-17
 1680 0 -2.29665e-16 1.00039e-17
 1681 0 -2.29528e-16 9.99889e-18
 1682 0 -2.29392e-16 9.99388e-18
 1683 -5.48258e-16 -2.29581e-16 9.98973e-18
 1684 -5.48258e-16 -2.2977e-16 9.98559e-18
 1685 -5.48258e-16 -2.29959e-16 9.98145e-18
 1686 0 -2.29823e-16 9.97646e-18
 1687 -5.48258e-16 -2.30012e-16 9.97234e-18
 1688 2.74129e-16 -2.29713e-16 9.9709e-18
 1689 0 -2.29577e-16 9.96592e-18
 1690 0 -2.29441e-16 9.96095e-18
 1691 2.74129e-16 -2.29143e-16 9.95951e-18
 1692 0 -2.29008e-16 9.95454e-18
 1693 -5.48258e-16 -2.29197e-16 9.95045e-18
 1694 0 -2.29061e-16 9.9455e-18
 1695 -5.48258e-16 -2.2925e-16 9.94141e-18
 1696 0 -2.29114e-16 9.93647e-18
 1697 -5.48258e-16 -2.29302e-16 9.93239e-18
 1698 0 -2.29167e-16 9.92746e-18
 1699 0 -2.29033e-16 9.92253e-18
 1700 2.74129e-16 -2.28737e-16 9.92111e-18
 1701 -5.48258e-16 -2.28924e-16 9.91705e-18
 1702 0 -2.2879e-16 9.91214e-18
 1703 0 -2.28656e-16 9.90722e-18
 1704 -1.37065e-16 -2.28602e-16 9.90155e-18
 1705 0 -2.28468e-16 9.89665e-18
 1706 -5.48258e-16 -2.28655e-16 9.89263e-18
 1707 2.74129e-16 -2.28361e-16 9.89122e-18
 1708 0 -2.28227e-16 9.88633e-18
 1709 -1.09652e-15 -2.28735e-16 9.89359e-18
 1710 -1.09652e-15 -2.29242e-16 9.90082e-18
 1711 0 -2.29109e-16 9.89594e-18
 1712 -1.09652e-15 -2.29615e-16 9.90313e-18
 1713 0 -2.29481e-16 9.89825e-18
 1714 0 -2.29347e-16 9.89338e-18
 1715 2.74129e-16 -2.29054e-16 9.89197e-18
 1716 -5.48258e-16 -2.2924e-16 9.88795e-18
 1717 0 -2.29106e-16 9.88309e-18
 1718 -5.48258e-16 -2.29292e-16 9.87909e-18
 1719 -5.48258e-16 -2.29478e-16 9.87508e-18
 1720 -5.48258e-16 -2.29663e-16 9.87108e-18
 1721 2.19303e-15 -2.28255e-16 9.96527e-18
 1722 -1.09652e-15 -2.28759e-16 9.97224e-18
 1723 -1.09652e-15 -2.29263e-16 9.97917e-18
 1724 -5.48258e-16 -2.29448e-16 9.97509e-18
 1725 0 -2.29315e-16 9.97019e-18
 1726 0 -2.29182e-16 9.9653e-18
 1727 0 -2.29049e-16 9.96041e-18
 1728 0 -2.28917e-16 9.95553e-18
 1729 -1.09652e-15 -2.29419e-16 9.96242e-18
 1730 0 -2.29286e-16 9.95754e-18
 1731 0 -2.29154e-16 9.95267e-18
 1732 0 -2.29021e-16 9.9478e-18
 1733 -1.09652e-15 -2.29522e-16 9.95465e-18
 1734 0 -2.29389e-16 9.94979e-18
 1735 0 -2.29257e-16 9.94493e-18
 1736 0 -2.29125e-16 9.94008e-18
 1737 -5.48258e-16 -2.29309e-16 9.93605e-18
 1738 0 -2.29177e-16 9.93121e-18
 1739 0 -2.29045e-16 9.92637e-18
 1740 -1.37065e-16 -2.28992e-16 9.92081e-18
 1741 0 -2.28861e-16 9.91598e-18
 1742 0 -2.28729e-16 9.91116e-18
 1743 0 -2.28598e-16 9.90634e-18
 1744 0 -2.28467e-16 9.90152e-18
 1745 0 -2.28336e-16 9.89671e-18
 1746 -1.37065e-16 -2.28284e-16 9.89118e-18
 1747 2.74129e-16 -2.27996e-16 9.8897e-18
 1748 -5.48258e-16 -2.2818e-16 9.88574e-18
 1749 0 -2.28049e-16 9.88095e-18
 1750 -1.37065e-16 -2.27997e-16 9.87544e-18
 1751 0 -2.27867e-16 9.87065e-18
 1752 -5.48258e-16 -2.2805e-16 9.86671e-18
 1753 2.74129e-16 -2.27763e-16 9.86524e-18
 1754 2.74129e-16 -2.27477e-16 9.86377e-18
 1755 2.74129e-16 -2.27191e-16 9.86229e-18
 1756 0 -2.27062e-16 9.85752e-18
 1757 -1.37065e-16 -2.27011e-16 9.85204e-18
 1758 2.74129e-16 -2.26726e-16 9.85056e-18
 1759 0 -2.26597e-16 9.8458e-18
 1760 0 -2.26468e-16 9.84105e-18
 1761 -5.48258e-16 -2.26651e-16 9.83716e-18
 1762 -1.37065e-16 -2.266e-16 9.8317e-18
 1763 2.74129e-16 -2.26316e-16 9.83023e-18
 1764 -5.48258e-16 -2.26498e-16 9.82635e-18
 1765 0 -2.2637e-16 9.82162e-18
 1766 -1.09652e-15 -2.26863e-16 9.82841e-18
 1767 0 -2.26734e-16 9.82369e-18
 1768 2.74129e-16 -2.26451e-16 9.82222e-18
 1769 0 -2.26323e-16 9.8175e-18
 1770 -1.09652e-15 -2.26815e-16 9.82426e-18
 1771 -5.48258e-16 -2.26996e-16 9.82039e-18
 1772 0 -2.26868e-16 9.81568e-18
 1773 -1.37065e-16 -2.26818e-16 9.81027e-18
 1774 -5.48258e-16 -2.26999e-16 9.80642e-18
 1775 -5.48258e-16 -2.2718e-16 9.80256e-18
 1776 -5.48258e-16 -2.2736e-16 9.79871e-18
 1777 -5.48258e-16 -2.27541e-16 9.79486e-18
 1778 -5.48258e-16 -2.27721e-16 9.79101e-18
 1779 0 -2.27593e-16 9.78634e-18
 1780 2.74129e-16 -2.27312e-16 9.7849e-18
 1781 0 -2.27184e-16 9.78024e-18
 1782 -1.09652e-15 -2.27672e-16 9.78691e-18
 1783 -5.48258e-16 -2.27852e-16 9.78308e-18
 1784 0 -2.27724e-16 9.77843e-18
 1785 -5.48258e-16 -2.27903e-16 9.7746e-18
 1786 -1.09652e-15 -2.2839e-16 9.78122e-18
 1787 0 -2.28262e-16 9.77658e-18
 1788 0 -2.28134e-16 9.77194e-18
 1789 0 -2.28007e-16 9.76731e-18
 1790 -1.37065e-16 -2.27956e-16 9.76199e-18
 1791 2.74129e-16 -2.27676e-16 9.76056e-18
 1792 0 -2.27549e-16 9.75594e-18
 1793 0 -2.27422e-16 9.75132e-18
 1794 -5.48258e-16 -2.27601e-16 9.74753e-18
 1795 -5.48258e-16 -2.27779e-16 9.74373e-18
 1796 -5.48258e-16 -2.27958e-16 9.73994e-18
 1797 2.74129e-16 -2.27678e-16 9.73853e-18
 1798 2.74129e-16 -2.27399e-16 9.73711e-18
 1799 -5.48258e-16 -2.27577e-16 9.73333e-18
 1800 0 -2.27451e-16 9.72874e-18
 1801 -5.48258e-16 -2.27629e-16 9.72497e-18
 1802 0 -2.27503e-16 9.7204e-18
 1803 2.74129e-16 -2.27225e-16 9.71899e-18
 1804 0 -2.27099e-16 9.71441e-18
 1805 0 -2.26973e-16 9.70984e-18
 1806 -5.48258e-16 -2.27151e-16 9.7061e-18
 1807 -5.48258e-16 -2.27328e-16 9.70235e-18
 1808 2.74129e-16 -2.27051e-16 9.70095e-18
 1809 0 -2.26926e-16 9.6964e-18
 1810 -1.09652e-15 -2.27406e-16 9.70294e-18
 1811 0 -2.2728e-16 9.69839e-18
 1812 -1.09652e-15 -2.2776e-16 9.7049e-18
 1813 0 -2.27635e-16 9.70036e-18
 1814 -5.48258e-16 -2.27811e-16 9.69663e-18
 1815 -1.09652e-15 -2.2829e-16 9.70309e-18
 1816 -1.09652e-15 -2.28768e-16 9.70953e-18
 1817 2.74129e-16 -2.28491e-16 9.70813e-18
 1818 0 -2.28366e-16 9.7036e-18
 1819 0 -2.2824e-16 9.69908e-18
 1820 -5.48258e-16 -2.28416e-16 9.69534e-18
 1821 0 -2.2829e-16 9.69083e-18
 1822 0 -2.28165e-16 9.68632e-18
 1823 -5.48258e-16 -2.28341e-16 9.68259e-18
 1824 -1.09652e-15 -2.28817e-16 9.68898e-18
 1825 0 -2.28691e-16 9.68448e-18
 1826 2.74129e-16 -2.28416e-16 9.68309e-18
 1827 2.74129e-16 -2.28141e-16 9.6817e-18
 1828 -5.48258e-16 -2.28316e-16 9.67799e-18
 1829 0 -2.28191e-16 9.6735e-18
 1830 -1.09652e-15 -2.28666e-16 9.67985e-18
 1831 2.74129e-16 -2.28391e-16 9.67846e-18
 1832 -5.48258e-16 -2.28566e-16 9.67475e-18
 1833 0 -2.28441e-16 9.67027e-18
 1834 -1.37065e-16 -2.28391e-16 9.66513e-18
 1835 0 -2.28267e-16 9.66066e-18
 1836 -5.48258e-16 -2.28441e-16 9.65697e-18
 1837 -5.48258e-16 -2.28615e-16 9.65328e-18
 1838 0 -2.28491e-16 9.64883e-18
 1839 -5.48258e-16 -2.28665e-16 9.64515e-18
 1840 0 -2.2854e-16 9.64071e-18
 1841 0 -2.28416e-16 9.63627e-18
 1842 -5.48258e-16 -2.2859e-16 9.6326e-18
 1843 0 -2.28466e-16 9.62817e-18
 1844 -5.48258e-16 -2.28639e-16 9.62451e-18
 1845 -5.48258e-16 -2.28812e-16 9.62085e-18
 1846 2.74129e-16 -2.2854e-16 9.6195e-18
 1847 -5.48258e-16 -2.28713e-16 9.61585e-18
 1848 -1.37065e-16 -2.28663e-16 9.61077e-18
 1849 2.74129e-16 -2.28392e-16 9.60942e-18
 1850 2.74129e-16 -2.2812e-16 9.60807e-18
 1851 0 -2.27997e-16 9.60366e-18
 1852 0 -2.27874e-16 9.59927e-18
 1853 0 -2.27751e-16 9.59487e-18
 1854 0 -2.27628e-16 9.59048e-18
 1855 0 -2.27505e-16 9.5861e-18
 1856 0 -2.27382e-16 9.58171e-18
 1857 -5.48258e-16 -2.27555e-16 9.57811e-18
 1858 0 -2.27433e-16 9.57374e-18
 1859 0 -2.2731e-16 9.56937e-18
 1860 0 -2.27188e-16 9.565e-18
 1861 0 -2.27066e-16 9.56064e-18
 1862 0 -2.26944e-16 9.55629e-18
 1863 -1.09652e-15 -2.27411e-16 9.56255e-18
 1864 0 -2.27289e-16 9.5582e-18
 1865 0 -2.27167e-16 9.55385e-18
 1866 0 -2.27045e-16 9.54951e-18
 1867 -5.48258e-16 -2.27217e-16 9.54594e-18
 1868 2.74129e-16 -2.26949e-16 9.5446e-18
 1869 -5.48258e-16 -2.27121e-16 9.54104e-18
 1870 2.74129e-16 -2.26853e-16 9.53971e-18
 1871 0 -2.26732e-16 9.53538e-18
 1872 2.74129e-16 -2.26464e-16 9.53404e-18
 1873 -1.37065e-16 -2.26416e-16 9.52906e-18
 1874 0 -2.26296e-16 9.52474e-18
 1875 0 -2.26175e-16 9.52043e-18
 1876 0 -2.26054e-16 9.51612e-18
 1877 -5.48258e-16 -2.26226e-16 9.51259e-18
 1878 0 -2.26105e-16 9.50829e-18
 1879 0 -2.25985e-16 9.50399e-18
 1880 0 -2.25865e-16 9.49969e-18
 1881 -1.09652e-15 -2.26328e-16 9.50592e-18
 1882 0 -2.26208e-16 9.50163e-18
 1883 -1.09652e-15 -2.2667e-16 9.50782e-18
 1884 0 -2.26549e-16 9.50353e-18
 1885 -1.09652e-15 -2.27011e-16 9.5097e-18
 1886 0 -2.26891e-16 9.50542e-18
 1887 2.74129e-16 -2.26625e-16 9.50409e-18
 1888 2.74129e-16 -2.2636e-16 9.50275e-18
 1889 -1.37065e-16 -2.26313e-16 9.49784e-18
 1890 0 -2.26193e-16 9.49357e-18
 1891 0 -2.26073e-16 9.4893e-18
 1892 0 -2.25954e-16 9.48504e-18
 1893 -5.48258e-16 -2.26124e-16 9.48155e-18
 1894 -1.09652e-15 -2.26584e-16 9.48768e-18
 1895 0 -2.26464e-16 9.48343e-18
 1896 0 -2.26344e-16 9.47918e-18
 1897 2.74129e-16 -2.26081e-16 9.47785e-18
 1898 -1.09652e-15 -2.26539e-16 9.48395e-18
 1899 0 -2.2642e-16 9.47971e-18
 1900 0 -2.26301e-16 9.47546e-18
 1901 -5.48258e-16 -2.2647e-16 9.47199e-18
 1902 0 -2.26351e-16 9.46776e-18
 1903 -5.48258e-16 -2.2652e-16 9.4643e-18
 1904 -5.48258e-16 -2.26689e-16 9.46083e-18
 1905 0 -2.2657e-16 9.45661e-18
 1906 0 -2.26451e-16 9.4524e-18
 1907 0 -2.26333e-16 9.44819e-18
 1908 0 -2.26214e-16 9.44398e-18
 1909 -5.48258e-16 -2.26383e-16 9.44054e-18
 1910 0 -2.26264e-16 9.43634e-18
 1911 0 -2.26146e-16 9.43214e-18
 1912 0 -2.26028e-16 9.42795e-18
 1913 -5.48258e-16 -2.26196e-16 9.42453e-18
 1914 2.74129e-16 -2.25935e-16 9.42323e-18
 1915 0 -2.25817e-16 9.41904e-18
 1916 -5.48258e-16 -2.25985e-16 9.41563e-18
 1917 0 -2.25867e-16 9.41146e-18
 1918 0 -2.25749e-16 9.40728e-18
 1919 0 -2.25632e-16 9.40312e-18
 1920 -5.48258e-16 -2.258e-16 9.39972e-18
 1921 0 -2.25682e-16 9.39556e-18
 1922 0 -2.25565e-16 9.39141e-18
 1923 -5.48258e-16 -2.25732e-16 9.38802e-18
 1924 0 -2.25615e-16 9.38387e-18
 1925 0 -2.25498e-16 9.37973e-18
 1926 -5.48258e-16 -2.25666e-16 9.37636e-18
 1927 0 -2.25548e-16 9.37222e-18
 1928 2.74129e-16 -2.25289e-16 9.37094e-18
 1929 0 -2.25172e-16 9.36681e-18
 1930 -5.48258e-16 -2.2534e-16 9.36345e-18
 1931 -1.09652e-15 -2.25791e-16 9.36947e-18
 1932 -1.09652e-15 -2.26242e-16 9.37546e-18
 1933 -5.48258e-16 -2.26408e-16 9.37209e-18
 1934 -1.09652e-15 -2.26858e-16 9.37804e-18
 1935 -1.09652e-15 -2.27308e-16 9.38396e-18
 1936 0 -2.2719e-16 9.37985e-18
 1937 2.74129e-16 -2.26931e-16 9.37857e-18
 1938 0 -2.26814e-16 9.37447e-18
 1939 0 -2.26697e-16 9.37036e-18
 1940 0 -2.2658e-16 9.36626e-18
 1941 -5.48258e-16 -2.26746e-16 9.3629e-18
 1942 -5.48258e-16 -2.26912e-16 9.35954e-18
 1943 0 -2.26795e-16 9.35545e-18
 1944 -5.48258e-16 -2.2696e-16 9.3521e-18
 1945 0 -2.26844e-16 9.34802e-18
 1946 -1.37065e-16 -2.26797e-16 9.34333e-18
 1947 0 -2.26681e-16 9.33925e-18
 1948 0 -2.26565e-16 9.33518e-18
 1949 -5.48258e-16 -2.2673e-16 9.33185e-18
 1950 0 -2.26613e-16 9.32779e-18
 1951 0 -2.26497e-16 9.32373e-18
 1952 0 -2.26381e-16 9.31967e-18
 1953 -5.48258e-16 -2.26546e-16 9.31636e-18
 1954 0 -2.2643e-16 9.31231e-18
 1955 -5.48258e-16 -2.26595e-16 9.309e-18
 1956 0 -2.26479e-16 9.30496e-18
 1957 2.74129e-16 -2.26223e-16 9.30373e-18
 1958 2.74129e-16 -2.25968e-16 9.30248e-18
 1959 -5.48258e-16 -2.26132e-16 9.29919e-18
 1960 0 -2.26017e-16 9.29516e-18
 1961 0 -2.25901e-16 9.29113e-18
 1962 -5.48258e-16 -2.26066e-16 9.28785e-18
 1963 0 -2.25951e-16 9.28383e-18
 1964 -1.37065e-16 -2.25905e-16 9.27921e-18
 1965 -5.48258e-16 -2.26069e-16 9.27594e-18
 1966 0 -2.25954e-16 9.27193e-18
 1967 -1.09652e-15 -2.26397e-16 9.27778e-18
 1968 0 -2.26282e-16 9.27378e-18
 1969 -5.48258e-16 -2.26445e-16 9.27051e-18
 1970 0 -2.2633e-16 9.26652e-18
 1971 0 -2.26216e-16 9.26253e-18
 1972 -5.48258e-16 -2.26379e-16 9.25927e-18
 1973 -5.48258e-16 -2.26542e-16 9.25601e-18
 1974 2.74129e-16 -2.26288e-16 9.2548e-18
 1975 -5.48258e-16 -2.26451e-16 9.25155e-18
 1976 0 -2.26337e-16 9.24757e-18
 1977 -5.48258e-16 -2.265e-16 9.24433e-18
 1978 0 -2.26385e-16 9.24036e-18
 1979 2.74129e-16 -2.26132e-16 9.23916e-18
 1980 0 -2.26018e-16 9.2352e-18
 1981 0 -2.25904e-16 9.23124e-18
 1982 -5.48258e-16 -2.26067e-16 9.22801e-18
 1983 -1.09652e-15 -2.26506e-16 9.2338e-18
 1984 0 -2.26391e-16 9.22985e-18
 1985 0 -2.26277e-16 9.2259e-18
 1986 -1.37065e-16 -2.26232e-16 9.22136e-18
 1987 -5.48258e-16 -2.26395e-16 9.21815e-18
 1988 -1.37065e-16 -2.2635e-16 9.21362e-18
 1989 0 -2.26236e-16 9.20969e-18
 1990 2.74129e-16 -2.25984e-16 9.20849e-18
 1991 2.74129e-16 -2.25733e-16 9.20729e-18
 1992 -1.37065e-16 -2.25689e-16 9.20278e-18
 1993 0 -2.25575e-16 9.19886e-18
 1994 2.74129e-16 -2.25325e-16 9.19766e-18
 1995 0 -2.25212e-16 9.19374e-18
 1996 -1.37065e-16 -2.25168e-16 9.18924e-18
 1997 0 -2.25055e-16 9.18533e-18
 1998 -5.48258e-16 -2.25217e-16 9.18215e-18
 1999 -1.37065e-16 -2.25173e-16 9.17766e-18
 2000 -5.48258e-16 -2.25334e-16 9.1745e-18
