 1 -0.92 -0.92 0
 2 -0.92 -0.92 0
 3 -0.92 -0.92 0
 4 -0.92 -0.92 0
 5 -0.92 -0.92 nan
 6 -0.92 -0.92 0
 7 -0.92 -0.92 0
 8 -0.92 -0.92 0
 9 -0.92 -0.92 nan
 10 -0.92 -0.92 nan
 11 -0.92 -0.92 3.332e-09
 12 -0.92 -0.92 0
 13 -0.92 -0.92 nan
 14 -0.92 -0.92 nan
 15 -0.92 -0.92 nan
 16 -0.84 -0.915 0.005
 17 -0.92 -0.915294 0.00470588
 18 -0.92 -0.915556 0.00444444
 19 -0.92 -0.915789 0.00421053
 20 -0.92 -0.916 0.004
 21 -0.92 -0.91619 0.00380952
 22 -0.92 -0.916364 0.00363636
 23 -0.92 -0.916522 0.00347826
 24 -0.92 -0.916667 0.00333333
 25 -0.84 -0.9136 0.0044302
 26 -0.92 -0.913846 0.00426351
 27 -0.84 -0.911111 0.00493067
 28 -0.84 -0.908571 0.00538748
 29 -0.84 -0.906207 0.00571089
 30 -0.84 -0.904 0.00594225
 31 -0.84 -0.901935 0.00610692
 32 -0.84 -0.9 0.00622171
 33 -0.84 -0.898182 0.00629837
 34 -0.84 -0.896471 0.00634541
 35 -0.84 -0.894857 0.00636919
 36 -0.84 -0.893333 0.00637455
 37 -0.84 -0.891892 0.00636523
 38 -0.84 -0.890526 0.00634418
 39 -0.92 -0.891282 0.0062254
 40 -0.92 -0.892 0.0061101
 41 -0.84 -0.890732 0.00609268
 42 -0.92 -0.891429 0.00598655
 43 -0.84 -0.890233 0.00596676
 44 -0.76 -0.887273 0.00653793
 45 -0.84 -0.886222 0.00647676
 46 -0.84 -0.885217 0.0064136
 47 -0.84 -0.884255 0.00634897
 48 -0.84 -0.883333 0.0062833
 49 -0.84 -0.882449 0.00621696
 50 -0.84 -0.8816 0.00615023
 51 -0.92 -0.882353 0.00607527
 52 -0.92 -0.883077 0.00600112
 53 -0.92 -0.883774 0.00592788
 54 -0.92 -0.884444 0.00585563
 55 -0.84 -0.883636 0.0058047
 56 -0.76 -0.881429 0.00611273
 57 -0.76 -0.879298 0.00637124
 58 -0.92 -0.88 0.00629964
 59 -0.92 -0.880678 0.00622895
 60 -0.92 -0.881333 0.00615922
 61 -0.92 -0.881967 0.00609048
 62 -0.92 -0.882581 0.00602276
 63 -0.92 -0.883175 0.00595608
 64 -0.92 -0.88375 0.00589045
 65 -0.92 -0.884308 0.00582588
 66 -0.92 -0.884848 0.00576236
 67 -0.92 -0.885373 0.0056999
 68 -0.92 -0.885882 0.00563849
 69 -0.84 -0.885217 0.00559582
 70 -0.84 -0.884571 0.005553
 71 -0.84 -0.883944 0.00551011
 72 -0.92 -0.884444 0.00545607
 73 -0.92 -0.884932 0.00540281
 74 -0.92 -0.885405 0.00535033
 75 -0.84 -0.8848 0.00531311
 76 -0.84 -0.884211 0.00527577
 77 -0.84 -0.883636 0.00523837
 78 -0.92 -0.884103 0.00519175
 79 -0.84 -0.883544 0.00515592
 80 -0.84 -0.883 0.00512008
 81 -0.84 -0.882469 0.00508426
 82 -0.84 -0.881951 0.00504851
 83 -0.84 -0.881446 0.00501286
 84 -0.84 -0.880952 0.00497734
 85 -0.84 -0.880471 0.00494198
 86 -0.84 -0.88 0.00490679
 87 -0.76 -0.878621 0.00504238
 88 -0.84 -0.878182 0.00500404
 89 -0.84 -0.877753 0.00496606
 90 -0.84 -0.877333 0.00492845
 91 -0.84 -0.876923 0.00489123
 92 -0.84 -0.876522 0.00485439
 93 -0.84 -0.876129 0.00481794
 94 -0.84 -0.875745 0.00478188
 95 -0.84 -0.875368 0.00474621
 96 -0.92 -0.875833 0.00471947
 97 -0.92 -0.876289 0.0046927
 98 -0.92 -0.876735 0.00466594
 99 -0.84 -0.876364 0.00463345
 100 -0.92 -0.8768 0.00460759
 101 -0.92 -0.877228 0.00458175
 102 -0.92 -0.877647 0.00455595
 103 -0.92 -0.878058 0.0045302
 104 -0.92 -0.878462 0.00450452
 105 -0.92 -0.878857 0.00447892
 106 -0.92 -0.879245 0.00445341
 107 -0.92 -0.879626 0.004428
 108 -0.92 -0.88 0.00440271
 109 -0.92 -0.880367 0.00437754
 110 -0.92 -0.880727 0.0043525
 111 -0.92 -0.881081 0.0043276
 112 -0.92 -0.881429 0.00430284
 113 -0.92 -0.88177 0.00427823
 114 -0.92 -0.882105 0.00425378
 115 -0.92 -0.882435 0.00422948
 116 -0.92 -0.882759 0.00420535
 117 -0.92 -0.883077 0.00418138
 118 -0.92 -0.88339 0.00415759
 119 -0.92 -0.883697 0.00413397
 120 -0.92 -0.884 0.00411052
 121 -0.92 -0.884298 0.00408725
 122 -0.92 -0.88459 0.00406416
 123 -0.92 -0.884878 0.00404125
 124 -0.92 -0.885161 0.00401852
 125 -0.92 -0.88544 0.00399597
 126 -0.92 -0.885714 0.00397361
 127 -0.92 -0.885984 0.00395143
 128 -0.92 -0.88625 0.00392943
 129 -0.84 -0.885891 0.0039153
 130 -0.84 -0.885538 0.00390107
 131 -0.84 -0.885191 0.00388676
 132 -0.76 -0.884242 0.00397209
 133 -0.68 -0.882707 0.00423066
 134 -0.84 -0.882388 0.00421105
 135 -0.76 -0.881481 0.00427692
 136 -0.76 -0.880588 0.00433831
 137 -0.76 -0.879708 0.00439556
 138 -0.76 -0.878841 0.00444898
 139 -0.76 -0.877986 0.00449884
 140 -0.84 -0.877714 0.00447483
 141 -0.92 -0.878014 0.00445309
 142 -0.92 -0.87831 0.00443149
 143 -0.92 -0.878601 0.00441004
 144 -0.92 -0.878889 0.00438873
 145 -0.92 -0.879172 0.00436757
 146 -0.92 -0.879452 0.00434656
 147 -0.92 -0.879728 0.00432569
 148 -0.92 -0.88 0.00430498
 149 -0.92 -0.880268 0.0042844
 150 -0.92 -0.880533 0.00426398
 151 -0.92 -0.880795 0.00424371
 152 -0.92 -0.881053 0.00422358
 153 -0.92 -0.881307 0.0042036
 154 -0.92 -0.881558 0.00418376
 155 -0.92 -0.881806 0.00416407
 156 -0.92 -0.882051 0.00414453
 157 -0.92 -0.882293 0.00412514
 158 -0.92 -0.882532 0.00410589
 159 -0.92 -0.882767 0.00408678
 160 -0.92 -0.883 0.00406782
 161 -0.92 -0.88323 0.004049
 162 -0.92 -0.883457 0.00403033
 163 -0.92 -0.883681 0.0040118
 164 -0.92 -0.883902 0.0039934
 165 -0.92 -0.884121 0.00397515
 166 -0.92 -0.884337 0.00395704
 167 -0.92 -0.884551 0.00393907
 168 -0.92 -0.884762 0.00392123
 169 -0.92 -0.88497 0.00390353
 170 -0.92 -0.885176 0.00388597
 171 -0.92 -0.88538 0.00386854
 172 -0.92 -0.885581 0.00385125
 173 -0.92 -0.88578 0.00383409
 174 -0.92 -0.885977 0.00381706
 175 -0.92 -0.886171 0.00380016
 176 -0.92 -0.886364 0.00378339
 177 -0.92 -0.886554 0.00376675
 178 -0.84 -0.886292 0.00375465
 179 -0.84 -0.886034 0.00374256
 180 -0.92 -0.886222 0.00372649
 181 -0.92 -0.886409 0.00371054
 182 -0.92 -0.886593 0.00369471
 183 -0.84 -0.886339 0.00368328
 184 -0.92 -0.886522 0.00366777
 185 -0.92 -0.886703 0.00365238
 186 -0.92 -0.886882 0.0036371
 187 -0.92 -0.887059 0.00362193
 188 -0.92 -0.887234 0.00360687
 189 -0.84 -0.886984 0.00359643
 190 -0.84 -0.886737 0.00358598
 191 -0.84 -0.886492 0.00357554
 192 -0.84 -0.88625 0.0035651
 193 -0.84 -0.88601 0.00355467
 194 -0.84 -0.885773 0.00354424
 195 -0.84 -0.885538 0.00353383
 196 -0.84 -0.885306 0.00352342
 197 -0.84 -0.885076 0.00351302
 198 -0.84 -0.884848 0.00350264
 199 -0.84 -0.884623 0.00349228
 200 -0.84 -0.8844 0.00348193
 201 -0.84 -0.884179 0.0034716
 202 -0.84 -0.88396 0.00346128
 203 -0.84 -0.883744 0.00345099
 204 -0.84 -0.883529 0.00344072
 205 -0.84 -0.883317 0.00343047
 206 -0.84 -0.883107 0.00342025
 207 -0.84 -0.882899 0.00341005
 208 -0.84 -0.882692 0.00339988
 209 -0.84 -0.882488 0.00338973
 210 -0.84 -0.882286 0.00337962
 211 -0.84 -0.882085 0.00336953
 212 -0.76 -0.881509 0.00340268
 213 -0.84 -0.881315 0.00339227
 214 -0.84 -0.881121 0.00338189
 215 -0.84 -0.88093 0.00337156
 216 -0.84 -0.880741 0.00336126
 217 -0.84 -0.880553 0.003351
 218 -0.84 -0.880367 0.00334077
 219 -0.84 -0.880183 0.00333059
 220 -0.84 -0.88 0.00332044
 221 -0.76 -0.879457 0.00334968
 222 -0.68 -0.878559 0.00345348
 223 -0.68 -0.877668 0.00355139
 224 -0.68 -0.876786 0.00364396
 225 -0.68 -0.875911 0.00373167
 226 -0.84 -0.875752 0.00371852
 227 -0.84 -0.875595 0.00370545
 228 -0.84 -0.875439 0.00369246
 229 -0.84 -0.875284 0.00367956
 230 -0.84 -0.87513 0.00366674
 231 -0.84 -0.874978 0.003654
 232 -0.84 -0.874828 0.00364133
 233 -0.84 -0.874678 0.00362875
 234 -0.84 -0.87453 0.00361625
 235 -0.84 -0.874383 0.00360382
 236 -0.92 -0.874576 0.00359372
 237 -0.92 -0.874768 0.00358366
 238 -0.92 -0.874958 0.00357363
 239 -0.92 -0.875146 0.00356363
 240 -0.92 -0.875333 0.00355367
 241 -0.92 -0.875519 0.00354374
 242 -0.92 -0.875702 0.00353385
 243 -0.92 -0.875885 0.003524
 244 -0.92 -0.876066 0.00351418
 245 -0.92 -0.876245 0.0035044
 246 -0.92 -0.876423 0.00349465
 247 -0.92 -0.876599 0.00348494
 248 -0.92 -0.876774 0.00347527
 249 -0.92 -0.876948 0.00346564
 250 -0.92 -0.87712 0.00345604
 251 -0.92 -0.877291 0.00344648
 252 -0.92 -0.87746 0.00343696
 253 -0.92 -0.877628 0.00342747
 254 -0.92 -0.877795 0.00341802
 255 -0.84 -0.877647 0.00340782
 256 -0.84 -0.8775 0.00339766
 257 -0.76 -0.877043 0.00341516
 258 -0.76 -0.876589 0.00343201
 259 -0.84 -0.876448 0.00342165
 260 -0.84 -0.876308 0.00341135
 261 -0.84 -0.876169 0.0034011
 262 -0.92 -0.876336 0.00339222
 263 -0.92 -0.876502 0.00338337
 264 -0.92 -0.876667 0.00337456
 265 -0.92 -0.87683 0.00336577
 266 -0.92 -0.876992 0.00335702
 267 -0.92 -0.877154 0.0033483
 268 -0.92 -0.877313 0.00333961
 269 -0.92 -0.877472 0.00333096
 270 -0.92 -0.87763 0.00332233
 271 -0.84 -0.877491 0.00331296
 272 -0.84 -0.877353 0.00330364
 273 -0.84 -0.877216 0.00329436
 274 -0.84 -0.87708 0.00328512
 275 -0.84 -0.876945 0.00327593
 276 -0.84 -0.876812 0.00326678
 277 -0.84 -0.876679 0.00325768
 278 -0.84 -0.876547 0.00324862
 279 -0.84 -0.876416 0.0032396
 280 -0.84 -0.876286 0.00323063
 281 -0.84 -0.876157 0.0032217
 282 -0.84 -0.876028 0.00321282
 283 -0.84 -0.875901 0.00320398
 284 -0.84 -0.875775 0.00319518
 285 -0.84 -0.875649 0.00318642
 286 -0.84 -0.875524 0.0031777
 287 -0.84 -0.875401 0.00316903
 288 -0.84 -0.875278 0.0031604
 289 -0.84 -0.875156 0.00315181
 290 -0.76 -0.874759 0.00316592
 291 -0.84 -0.874639 0.00315728
 292 -0.84 -0.874521 0.00314869
 293 -0.92 -0.874676 0.00314176
 294 -0.92 -0.87483 0.00313485
 295 -0.92 -0.874983 0.00312795
 296 -0.92 -0.875135 0.00312108
 297 -0.92 -0.875286 0.00311422
 298 -0.92 -0.875436 0.00310737
 299 -0.92 -0.875585 0.00310055
 300 -0.92 -0.875733 0.00309374
 301 -0.92 -0.87588 0.00308695
 302 -0.84 -0.875762 0.003079
 303 -0.84 -0.875644 0.00307109
 304 -0.84 -0.875526 0.00306322
 305 -0.92 -0.875672 0.00305664
 306 -0.92 -0.875817 0.00305008
 307 -0.92 -0.875961 0.00304353
 308 -0.92 -0.876104 0.003037
 309 -0.92 -0.876246 0.00303049
 310 -0.92 -0.876387 0.00302399
 311 -0.92 -0.876527 0.00301751
 312 -0.92 -0.876667 0.00301105
 313 -0.92 -0.876805 0.00300461
 314 -0.92 -0.876943 0.00299818
 315 -0.92 -0.877079 0.00299177
 316 -0.92 -0.877215 0.00298538
 317 -0.92 -0.87735 0.00297901
 318 -0.92 -0.877484 0.00297265
 319 -0.92 -0.877618 0.00296631
 320 -0.92 -0.87775 0.00295999
 321 -0.92 -0.877882 0.00295369
 322 -0.92 -0.878012 0.00294741
 323 -0.92 -0.878142 0.00294114
 324 -0.92 -0.878272 0.0029349
 325 -0.92 -0.8784 0.00292867
 326 -0.92 -0.878528 0.00292246
 327 -0.92 -0.878654 0.00291627
 328 -0.92 -0.87878 0.00291009
 329 -0.92 -0.878906 0.00290394
 330 -0.92 -0.87903 0.0028978
 331 -0.92 -0.879154 0.00289168
 332 -0.92 -0.879277 0.00288558
 333 -0.92 -0.879399 0.0028795
 334 -0.84 -0.879281 0.00287329
 335 -0.84 -0.879164 0.0028671
 336 -0.84 -0.879048 0.00286093
 337 -0.76 -0.878694 0.00287422
 338 -0.92 -0.878817 0.00286831
 339 -0.84 -0.878702 0.00286213
 340 -0.84 -0.878588 0.00285597
 341 -0.92 -0.87871 0.00285017
 342 -0.84 -0.878596 0.00284407
 343 -0.84 -0.878484 0.002838
 344 -0.84 -0.878372 0.00283195
 345 -0.84 -0.878261 0.00282592
 346 -0.84 -0.87815 0.00281991
 347 -0.92 -0.878271 0.00281436
 348 -0.92 -0.878391 0.00280882
 349 -0.92 -0.87851 0.00280329
 350 -0.92 -0.878629 0.00279779
 351 -0.92 -0.878746 0.00279229
 352 -0.92 -0.878864 0.00278681
 353 -0.84 -0.878754 0.00278109
 354 -0.84 -0.878644 0.00277538
 355 -0.76 -0.87831 0.00278766
 356 -0.84 -0.878202 0.0027819
 357 -0.92 -0.878319 0.00277656
 358 -0.92 -0.878436 0.00277124
 359 -0.92 -0.878552 0.00276594
 360 -0.92 -0.878667 0.00276065
 361 -0.92 -0.878781 0.00275537
 362 -0.84 -0.878674 0.00274983
 363 -0.84 -0.878567 0.00274432
 364 -0.92 -0.878681 0.00273913
 365 -0.84 -0.878575 0.00273367
 366 -0.92 -0.878689 0.00272854
 367 -0.92 -0.878801 0.00272343
 368 -0.92 -0.878913 0.00271832
 369 -0.92 -0.879024 0.00271323
 370 -0.92 -0.879135 0.00270815
 371 -0.92 -0.879245 0.00270309
 372 -0.92 -0.879355 0.00269804
 373 -0.92 -0.879464 0.002693
 374 -0.92 -0.879572 0.00268798
 375 -0.92 -0.87968 0.00268296
 376 -0.92 -0.879787 0.00267797
 377 -0.92 -0.879894 0.00267298
 378 -0.92 -0.88 0.00266801
 379 -0.92 -0.880106 0.00266306
 380 -0.92 -0.880211 0.00265811
 381 -0.92 -0.880315 0.00265318
 382 -0.92 -0.880419 0.00264827
 383 -0.92 -0.880522 0.00264337
 384 -0.92 -0.880625 0.00263848
 385 -0.92 -0.880727 0.0026336
 386 -0.92 -0.880829 0.00262874
 387 -0.92 -0.88093 0.00262389
 388 -0.92 -0.881031 0.00261906
 389 -0.92 -0.881131 0.00261423
 390 -0.92 -0.881231 0.00260943
 391 -0.92 -0.88133 0.00260463
 392 -0.92 -0.881429 0.00259985
 393 -0.92 -0.881527 0.00259508
 394 -0.92 -0.881624 0.00259033
 395 -0.92 -0.881722 0.00258559
 396 -0.92 -0.881818 0.00258086
 397 -0.92 -0.881914 0.00257615
 398 -0.92 -0.88201 0.00257145
 399 -0.92 -0.882105 0.00256676
 400 -0.84 -0.882 0.0025625
 401 -0.84 -0.881895 0.00255825
 402 -0.84 -0.881791 0.002554
 403 -0.84 -0.881687 0.00254977
 404 -0.84 -0.881584 0.00254554
 405 -0.84 -0.881481 0.00254132
 406 -0.84 -0.881379 0.00253711
 407 -0.92 -0.881474 0.00253265
 408 -0.92 -0.881569 0.0025282
 409 -0.76 -0.881271 0.00253947
 410 -0.84 -0.881171 0.00253526
 411 -0.92 -0.881265 0.00253085
 412 -0.92 -0.881359 0.00252645
 413 -0.92 -0.881453 0.00252206
 414 -0.92 -0.881546 0.00251769
 415 -0.92 -0.881639 0.00251332
 416 -0.92 -0.881731 0.00250897
 417 -0.92 -0.881823 0.00250462
 418 -0.92 -0.881914 0.00250029
 419 -0.92 -0.882005 0.00249598
 420 -0.92 -0.882095 0.00249167
 421 -0.92 -0.882185 0.00248737
 422 -0.92 -0.882275 0.00248309
 423 -0.92 -0.882364 0.00247882
 424 -0.92 -0.882453 0.00247456
 425 -0.92 -0.882541 0.00247031
 426 -0.92 -0.882629 0.00246607
 427 -0.92 -0.882717 0.00246184
 428 -0.84 -0.882617 0.00245811
 429 -0.84 -0.882517 0.00245439
 430 -0.92 -0.882605 0.00245022
 431 -0.92 -0.882691 0.00244607
 432 -0.92 -0.882778 0.00244193
 433 -0.92 -0.882864 0.0024378
 434 -0.92 -0.882949 0.00243368
 435 -0.92 -0.883034 0.00242957
 436 -0.92 -0.883119 0.00242548
 437 -0.92 -0.883204 0.00242139
 438 -0.92 -0.883288 0.00241732
 439 -0.92 -0.883371 0.00241325
 440 -0.92 -0.883455 0.0024092
 441 -0.92 -0.883537 0.00240516
 442 -0.92 -0.88362 0.00240113
 443 -0.92 -0.883702 0.00239711
 444 -0.92 -0.883784 0.0023931
 445 -0.92 -0.883865 0.00238911
 446 -0.84 -0.883767 0.00238577
 447 -0.92 -0.883848 0.00238181
 448 -0.92 -0.883929 0.00237785
 449 -0.92 -0.884009 0.00237391
 450 -0.92 -0.884089 0.00236998
 451 -0.92 -0.884169 0.00236606
 452 -0.92 -0.884248 0.00236215
 453 -0.92 -0.884327 0.00235825
 454 -0.92 -0.884405 0.00235436
 455 -0.92 -0.884484 0.00235048
 456 -0.92 -0.884561 0.00234662
 457 -0.92 -0.884639 0.00234276
 458 -0.92 -0.884716 0.00233891
 459 -0.92 -0.884793 0.00233508
 460 -0.92 -0.88487 0.00233125
 461 -0.92 -0.884946 0.00232744
 462 -0.92 -0.885022 0.00232364
 463 -0.92 -0.885097 0.00231984
 464 -0.84 -0.885 0.00231688
 465 -0.92 -0.885075 0.00231311
 466 -0.92 -0.88515 0.00230936
 467 -0.92 -0.885225 0.00230562
 468 -0.92 -0.885299 0.00230189
 469 -0.92 -0.885373 0.00229816
 470 -0.92 -0.885447 0.00229445
 471 -0.92 -0.88552 0.00229075
 472 -0.92 -0.885593 0.00228706
 473 -0.92 -0.885666 0.00228338
 474 -0.92 -0.885738 0.00227971
 475 -0.92 -0.885811 0.00227605
 476 -0.92 -0.885882 0.00227239
 477 -0.92 -0.885954 0.00226875
 478 -0.84 -0.885858 0.00226604
 479 -0.76 -0.885595 0.00227652
 480 -0.76 -0.885333 0.00228679
 481 -0.76 -0.885073 0.00229686
 482 -0.76 -0.884813 0.00230673
 483 -0.76 -0.884555 0.00231641
 484 -0.84 -0.884463 0.00231345
 485 -0.84 -0.884371 0.0023105
 486 -0.84 -0.88428 0.00230754
 487 -0.84 -0.884189 0.00230459
 488 -0.92 -0.884262 0.00230104
 489 -0.92 -0.884335 0.00229749
 490 -0.92 -0.884408 0.00229395
 491 -0.92 -0.884481 0.00229042
 492 -0.92 -0.884553 0.0022869
 493 -0.92 -0.884625 0.00228339
 494 -0.92 -0.884696 0.00227989
 495 -0.92 -0.884768 0.0022764
 496 -0.92 -0.884839 0.00227291
 497 -0.92 -0.884909 0.00226944
 498 -0.92 -0.88498 0.00226597
 499 -0.92 -0.88505 0.00226251
 500 -0.92 -0.88512 0.00225907
 501 -0.92 -0.88519 0.00225563
 502 -0.92 -0.885259 0.0022522
 503 -0.92 -0.885328 0.00224878
 504 -0.92 -0.885397 0.00224536
 505 -0.92 -0.885465 0.00224196
 506 -0.92 -0.885534 0.00223857
 507 -0.92 -0.885602 0.00223518
 508 -0.92 -0.885669 0.0022318
 509 -0.92 -0.885737 0.00222844
 510 -0.92 -0.885804 0.00222508
 511 -0.92 -0.885871 0.00222173
 512 -0.92 -0.885938 0.00221838
 513 -0.92 -0.886004 0.00221505
 514 -0.92 -0.88607 0.00221173
 515 -0.84 -0.885981 0.00220924
 516 -0.92 -0.886047 0.00220594
 517 -0.92 -0.886112 0.00220265
 518 -0.92 -0.886178 0.00219936
 519 -0.92 -0.886243 0.00219609
 520 -0.92 -0.886308 0.00219282
 521 -0.92 -0.886372 0.00218957
 522 -0.92 -0.886437 0.00218632
 523 -0.92 -0.886501 0.00218308
 524 -0.92 -0.886565 0.00217984
 525 -0.92 -0.886629 0.00217662
 526 -0.92 -0.886692 0.0021734
 527 -0.84 -0.886603 0.00217108
 528 -0.92 -0.886667 0.00216789
 529 -0.92 -0.88673 0.00216471
 530 -0.92 -0.886792 0.00216153
 531 -0.92 -0.886855 0.00215836
 532 -0.92 -0.886917 0.0021552
 533 -0.92 -0.886979 0.00215205
 534 -0.84 -0.886891 0.00214982
 535 -0.92 -0.886953 0.00214669
 536 -0.92 -0.887015 0.00214356
 537 -0.92 -0.887076 0.00214045
 538 -0.92 -0.887138 0.00213734
 539 -0.92 -0.887199 0.00213425
 540 -0.92 -0.887259 0.00213116
 541 -0.92 -0.88732 0.00212807
 542 -0.92 -0.88738 0.002125
 543 -0.92 -0.88744 0.00212193
 544 -0.92 -0.8875 0.00211887
 545 -0.92 -0.88756 0.00211582
 546 -0.92 -0.887619 0.00211278
 547 -0.92 -0.887678 0.00210974
 548 -0.92 -0.887737 0.00210672
 549 -0.92 -0.887796 0.0021037
 550 -1 -0.888 0.00210976
 551 -1 -0.888203 0.00211571
 552 -1 -0.888406 0.00212156
 553 -1 -0.888608 0.00212732
 554 -1 -0.888809 0.00213297
 555 -1 -0.889009 0.00213853
 556 -1 -0.889209 0.00214399
 557 -1 -0.889408 0.00214936
 558 -1 -0.889606 0.00215464
 559 -1 -0.889803 0.00215983
 560 -1 -0.89 0.00216493
 561 -1 -0.890196 0.00216995
 562 -1 -0.890391 0.00217488
 563 -1 -0.890586 0.00217972
 564 -1 -0.89078 0.00218449
 565 -1 -0.890973 0.00218917
 566 -1 -0.891166 0.00219377
 567 -1 -0.891358 0.00219829
 568 -1 -0.891549 0.00220274
 569 -1 -0.89174 0.00220711
 570 -1 -0.89193 0.00221141
 571 -1 -0.892119 0.00221563
 572 -1 -0.892308 0.00221978
 573 -1 -0.892496 0.00222386
 574 -1 -0.892683 0.00222787
 575 -1 -0.89287 0.00223181
 576 -1 -0.893056 0.00223568
 577 -1 -0.893241 0.00223948
 578 -1 -0.893426 0.00224322
 579 -1 -0.89361 0.0022469
 580 -1 -0.893793 0.00225051
 581 -1 -0.893976 0.00225405
 582 -1 -0.894158 0.00225754
 583 -1 -0.89434 0.00226097
 584 -1 -0.894521 0.00226433
 585 -1 -0.894701 0.00226764
 586 -1 -0.894881 0.00227088
 587 -1 -0.89506 0.00227407
 588 -0.92 -0.895102 0.0022706
 589 -0.92 -0.895144 0.00226714
 590 -0.92 -0.895186 0.00226368
 591 -1 -0.895364 0.0022668
 592 -1 -0.895541 0.00226986
 593 -1 -0.895717 0.00227286
 594 -1 -0.895892 0.00227581
 595 -1 -0.896067 0.00227871
 596 -1 -0.896242 0.00228156
 597 -1 -0.896415 0.00228436
 598 -1 -0.896589 0.0022871
 599 -1 -0.896761 0.0022898
 600 -1 -0.896933 0.00229245
 601 -1 -0.897105 0.00229504
 602 -1 -0.897276 0.0022976
 603 -1 -0.897446 0.0023001
 604 -1 -0.897616 0.00230256
 605 -1 -0.897785 0.00230497
 606 -0.92 -0.897822 0.00230145
 607 -0.92 -0.897858 0.00229795
 608 -0.84 -0.897763 0.00229614
 609 -0.84 -0.897668 0.00229433
 610 -0.92 -0.897705 0.00229086
 611 -0.92 -0.897741 0.00228739
 612 -0.92 -0.897778 0.00228394
 613 -0.92 -0.897814 0.0022805
 614 -0.92 -0.89785 0.00227707
 615 -1 -0.898016 0.00227943
 616 -1 -0.898182 0.00228174
 617 -1 -0.898347 0.00228401
 618 -1 -0.898511 0.00228623
 619 -1 -0.898675 0.00228842
 620 -1 -0.898839 0.00229056
 621 -0.92 -0.898873 0.00228712
 622 -0.92 -0.898907 0.00228369
 623 -0.92 -0.898941 0.00228028
 624 -1 -0.899103 0.00228237
 625 -1 -0.899264 0.00228443
 626 -1 -0.899425 0.00228645
 627 -1 -0.899585 0.00228843
 628 -1 -0.899745 0.00229037
 629 -1 -0.899905 0.00229227
 630 -1 -0.900063 0.00229414
 631 -1 -0.900222 0.00229597
 632 -0.92 -0.900253 0.00229255
 633 -0.92 -0.900284 0.00228913
 634 -0.92 -0.900315 0.00228573
 635 -0.92 -0.900346 0.00228234
 636 -0.92 -0.900377 0.00227896
 637 -0.92 -0.900408 0.00227559
 638 -0.92 -0.900439 0.00227223
 639 -0.92 -0.900469 0.00226887
 640 -0.92 -0.9005 0.00226553
 641 -0.92 -0.90053 0.0022622
 642 -0.92 -0.900561 0.00225888
 643 -0.92 -0.900591 0.00225556
 644 -0.92 -0.900621 0.00225226
 645 -0.84 -0.900527 0.00225073
 646 -0.84 -0.900433 0.00224919
 647 -0.84 -0.90034 0.00224766
 648 -0.84 -0.900247 0.00224612
 649 -0.84 -0.900154 0.00224457
 650 -0.84 -0.900062 0.00224303
 651 -0.76 -0.899846 0.00224989
 652 -0.84 -0.899755 0.00224831
 653 -0.84 -0.899663 0.00224673
 654 -0.84 -0.899572 0.00224514
 655 -0.84 -0.899481 0.00224356
 656 -0.84 -0.89939 0.00224197
 657 -0.84 -0.8993 0.00224038
 658 -0.84 -0.89921 0.00223879
 659 -0.84 -0.89912 0.00223719
 660 -0.84 -0.89903 0.00223559
 661 -0.84 -0.898941 0.002234
 662 -0.84 -0.898852 0.00223239
 663 -0.84 -0.898763 0.00223079
 664 -0.76 -0.898554 0.00223721
 665 -0.76 -0.898346 0.00224354
 666 -0.84 -0.898258 0.00224188
 667 -0.84 -0.898171 0.00224022
 668 -0.84 -0.898084 0.00223856
 669 -0.84 -0.897997 0.0022369
 670 -0.84 -0.89791 0.00223523
 671 -0.84 -0.897824 0.00223357
 672 -0.84 -0.897738 0.0022319
 673 -0.84 -0.897652 0.00223023
 674 -0.84 -0.897567 0.00222856
 675 -0.84 -0.897481 0.00222689
 676 -0.84 -0.897396 0.00222522
 677 -0.92 -0.89743 0.00222218
 678 -0.92 -0.897463 0.00221915
 679 -0.92 -0.897496 0.00221613
 680 -0.92 -0.897529 0.00221312
 681 -0.92 -0.897562 0.00221011
 682 -0.92 -0.897595 0.00220711
 683 -0.84 -0.897511 0.00220549
 684 -0.84 -0.897427 0.00220387
 685 -0.84 -0.897343 0.00220225
 686 -0.84 -0.897259 0.00220062
 687 -0.84 -0.897176 0.002199
 688 -0.84 -0.897093 0.00219737
 689 -0.84 -0.89701 0.00219574
 690 -0.84 -0.896928 0.00219411
 691 -0.84 -0.896845 0.00219248
 692 -0.84 -0.896763 0.00219085
 693 -0.84 -0.896681 0.00218922
 694 -0.84 -0.896599 0.00218759
 695 -0.84 -0.896518 0.00218596
 696 -0.84 -0.896437 0.00218433
 697 -0.84 -0.896356 0.00218269
 698 -0.84 -0.896275 0.00218106
 699 -0.84 -0.896195 0.00217942
 700 -0.84 -0.896114 0.00217779
 701 -0.76 -0.89592 0.00218333
 702 -0.76 -0.895726 0.0021888
 703 -0.68 -0.89542 0.00220712
 704 -0.76 -0.895227 0.00221236
 705 -0.76 -0.895035 0.00221753
 706 -0.68 -0.894731 0.00223524
 707 -0.76 -0.89454 0.00224019
 708 -0.76 -0.89435 0.00224508
 709 -0.76 -0.894161 0.00224991
 710 -0.76 -0.893972 0.00225467
 711 -0.76 -0.893783 0.00225937
 712 -0.76 -0.893596 0.002264
 713 -0.84 -0.89352 0.00226207
 714 -0.84 -0.893445 0.00226015
 715 -0.84 -0.893371 0.00225822
 716 -0.84 -0.893296 0.0022563
 717 -0.92 -0.893333 0.00225345
 718 -0.92 -0.89337 0.00225062
 719 -0.92 -0.893408 0.00224779
 720 -0.92 -0.893444 0.00224497
 721 -0.92 -0.893481 0.00224216
 722 -0.92 -0.893518 0.00223935
 723 -0.92 -0.893555 0.00223655
 724 -0.92 -0.893591 0.00223376
 725 -0.92 -0.893628 0.00223098
 726 -0.92 -0.893664 0.0022282
 727 -0.92 -0.8937 0.00222542
 728 -0.92 -0.893736 0.00222266
 729 -0.92 -0.893772 0.0022199
 730 -0.92 -0.893808 0.00221715
 731 -0.92 -0.893844 0.0022144
 732 -0.92 -0.89388 0.00221166
 733 -0.92 -0.893915 0.00220893
 734 -0.92 -0.893951 0.00220621
 735 -0.84 -0.893878 0.00220443
 736 -0.84 -0.893804 0.00220265
 737 -0.84 -0.893731 0.00220087
 738 -0.84 -0.893659 0.00219909
 739 -0.84 -0.893586 0.00219731
 740 -0.84 -0.893514 0.00219553
 741 -0.76 -0.893333 0.00219996
 742 -0.76 -0.893154 0.00220433
 743 -0.76 -0.892974 0.00220864
 744 -0.84 -0.892903 0.00220682
 745 -0.84 -0.892832 0.002205
 746 -0.84 -0.892761 0.00220318
 747 -0.84 -0.892691 0.00220136
 748 -0.84 -0.89262 0.00219955
 749 -0.84 -0.89255 0.00219773
 750 -0.84 -0.89248 0.00219592
 751 -0.84 -0.89241 0.0021941
 752 -0.84 -0.89234 0.00219229
 753 -0.84 -0.892271 0.00219048
 754 -0.84 -0.892202 0.00218867
 755 -0.84 -0.892132 0.00218687
 756 -0.84 -0.892063 0.00218506
 757 -0.84 -0.891995 0.00218325
 758 -0.84 -0.891926 0.00218145
 759 -0.84 -0.891858 0.00217965
 760 -0.84 -0.891789 0.00217785
 761 -0.84 -0.891721 0.00217605
 762 -0.84 -0.891654 0.00217425
 763 -0.84 -0.891586 0.00217246
 764 -0.84 -0.891518 0.00217066
 765 -0.84 -0.891451 0.00216887
 766 -0.84 -0.891384 0.00216707
 767 -0.84 -0.891317 0.00216528
 768 -0.84 -0.89125 0.00216349
 769 -0.84 -0.891183 0.00216171
 770 -0.84 -0.891117 0.00215992
 771 -0.84 -0.891051 0.00215814
 772 -0.76 -0.890881 0.00216201
 773 -0.76 -0.890712 0.00216584
 774 -0.76 -0.890543 0.00216963
 775 -0.76 -0.890374 0.00217336
 776 -0.76 -0.890206 0.00217705
 777 -0.76 -0.890039 0.0021807
 778 -0.76 -0.889871 0.0021843
 779 -0.76 -0.889705 0.00218785
 780 -0.76 -0.889538 0.00219136
 781 -0.76 -0.889373 0.00219483
 782 -0.84 -0.889309 0.00219293
 783 -0.84 -0.889246 0.00219103
 784 -0.84 -0.889184 0.00218914
 785 -0.84 -0.889121 0.00218725
 786 -0.76 -0.888957 0.00219063
 787 -0.84 -0.888895 0.00218873
 788 -0.84 -0.888832 0.00218683
 789 -0.84 -0.888771 0.00218493
 790 -0.76 -0.888608 0.00218825
 791 -0.76 -0.888445 0.00219152
 792 -0.76 -0.888283 0.00219475
 793 -0.76 -0.888121 0.00219794
 794 -0.84 -0.88806 0.00219601
 795 -0.92 -0.888101 0.00219361
 796 -0.92 -0.888141 0.00219122
 797 -0.92 -0.888181 0.00218883
 798 -0.92 -0.888221 0.00218645
 799 -0.92 -0.88826 0.00218408
 800 -0.92 -0.8883 0.00218171
 801 -0.92 -0.88834 0.00217934
 802 -0.92 -0.888379 0.00217698
 803 -0.84 -0.888319 0.0021751
 804 -0.76 -0.888159 0.00217825
 805 -0.76 -0.888 0.00218136
 806 -0.76 -0.887841 0.00218443
 807 -0.68 -0.887584 0.00219687
 808 -0.76 -0.887426 0.00219982
 809 -0.76 -0.887268 0.00220274
 810 -0.76 -0.887111 0.00220562
 811 -0.76 -0.886954 0.00220847
 812 -0.84 -0.886897 0.00220651
 813 -0.84 -0.886839 0.00220455
 814 -0.84 -0.886781 0.00220259
 815 -0.84 -0.886724 0.00220063
 816 -0.84 -0.886667 0.00219868
 817 -0.84 -0.88661 0.00219673
 818 -0.76 -0.886455 0.0021995
 819 -0.84 -0.886398 0.00219754
 820 -0.84 -0.886341 0.00219559
 821 -0.84 -0.886285 0.00219364
 822 -0.84 -0.886229 0.00219169
 823 -0.76 -0.886075 0.00219439
 824 -0.76 -0.885922 0.00219706
 825 -0.84 -0.885867 0.0021951
 826 -0.68 -0.885617 0.00220657
 827 -0.76 -0.885466 0.00220912
 828 -0.76 -0.885314 0.00221165
 829 -0.76 -0.885163 0.00221415
 830 -0.84 -0.885108 0.00221215
 831 -0.92 -0.88515 0.00220988
 832 -0.92 -0.885192 0.00220762
 833 -0.92 -0.885234 0.00220537
 834 -0.92 -0.885276 0.00220312
 835 -0.92 -0.885317 0.00220087
 836 -0.92 -0.885359 0.00219863
 837 -0.92 -0.8854 0.00219639
 838 -0.92 -0.885442 0.00219415
 839 -0.92 -0.885483 0.00219192
 840 -0.84 -0.885429 0.00218998
 841 -0.84 -0.885375 0.00218804
 842 -0.84 -0.885321 0.00218611
 843 -0.84 -0.885267 0.00218417
 844 -0.92 -0.885308 0.00218197
 845 -0.92 -0.885349 0.00217978
 846 -0.92 -0.88539 0.00217758
 847 -0.92 -0.885431 0.0021754
 848 -0.92 -0.885472 0.00217321
 849 -0.92 -0.885512 0.00217103
 850 -0.92 -0.885553 0.00216885
 851 -0.92 -0.885593 0.00216668
 852 -0.92 -0.885634 0.00216451
 853 -0.92 -0.885674 0.00216235
 854 -0.92 -0.885714 0.00216019
 855 -0.92 -0.885754 0.00215804
 856 -0.92 -0.885794 0.00215588
 857 -0.92 -0.885834 0.00215374
 858 -0.92 -0.885874 0.00215159
 859 -0.92 -0.885914 0.00214946
 860 -0.92 -0.885953 0.00214732
 861 -0.92 -0.885993 0.00214519
 862 -0.92 -0.886032 0.00214306
 863 -0.92 -0.886072 0.00214094
 864 -0.92 -0.886111 0.00213882
 865 -0.92 -0.88615 0.00213671
 866 -0.92 -0.886189 0.00213459
 867 -0.92 -0.886228 0.00213249
 868 -0.92 -0.886267 0.00213039
 869 -0.92 -0.886306 0.00212829
 870 -0.84 -0.886253 0.0021265
 871 -0.84 -0.8862 0.00212473
 872 -0.84 -0.886147 0.00212295
 873 -0.84 -0.886094 0.00212117
 874 -0.84 -0.886041 0.0021194
 875 -0.84 -0.885989 0.00211763
 876 -0.84 -0.885936 0.00211587
 877 -0.76 -0.885792 0.00211832
 878 -0.76 -0.885649 0.00212075
 879 -0.84 -0.885597 0.00211898
 880 -0.84 -0.885545 0.0021172
 881 -0.76 -0.885403 0.00211959
 882 -0.76 -0.885261 0.00212196
 883 -0.84 -0.88521 0.00212017
 884 -0.84 -0.885158 0.00211839
 885 -0.84 -0.885107 0.00211661
 886 -0.84 -0.885056 0.00211483
 887 -0.84 -0.885006 0.00211306
 888 -0.84 -0.884955 0.00211129
 889 -0.84 -0.884904 0.00210952
 890 -0.84 -0.884854 0.00210775
 891 -0.84 -0.884804 0.00210598
 892 -0.84 -0.884753 0.00210422
 893 -0.84 -0.884703 0.00210246
 894 -0.84 -0.884653 0.0021007
 895 -0.84 -0.884603 0.00209895
 896 -0.84 -0.884554 0.00209719
 897 -0.84 -0.884504 0.00209544
 898 -0.84 -0.884454 0.00209369
 899 -0.84 -0.884405 0.00209195
 900 -0.92 -0.884444 0.00209
 901 -0.92 -0.884484 0.00208805
 902 -0.92 -0.884523 0.00208611
 903 -0.92 -0.884563 0.00208416
 904 -0.92 -0.884602 0.00208223
 905 -0.92 -0.884641 0.00208029
 906 -0.92 -0.88468 0.00207836
 907 -0.92 -0.884719 0.00207643
 908 -0.92 -0.884758 0.00207451
 909 -0.92 -0.884796 0.00207259
 910 -0.92 -0.884835 0.00207067
 911 -0.92 -0.884874 0.00206876
 912 -0.92 -0.884912 0.00206685
 913 -0.92 -0.884951 0.00206494
 914 -0.92 -0.884989 0.00206303
 915 -0.92 -0.885027 0.00206113
 916 -0.92 -0.885066 0.00205924
 917 -0.92 -0.885104 0.00205734
 918 -0.92 -0.885142 0.00205545
 919 -0.92 -0.88518 0.00205356
 920 -0.92 -0.885217 0.00205168
 921 -0.92 -0.885255 0.0020498
 922 -0.92 -0.885293 0.00204792
 923 -0.92 -0.88533 0.00204605
 924 -0.92 -0.885368 0.00204418
 925 -0.92 -0.885405 0.00204231
 926 -0.92 -0.885443 0.00204044
 927 -0.92 -0.88548 0.00203858
 928 -0.84 -0.885431 0.00203697
 929 -0.84 -0.885382 0.00203537
 930 -0.84 -0.885333 0.00203376
 931 -0.84 -0.885285 0.00203216
 932 -0.84 -0.885236 0.00203056
 933 -0.84 -0.885188 0.00202896
 934 -0.92 -0.885225 0.00202713
 935 -0.84 -0.885176 0.00202554
 936 -0.92 -0.885214 0.00202372
 937 -0.92 -0.885251 0.0020219
 938 -0.92 -0.885288 0.00202008
 939 -0.84 -0.88524 0.0020185
 940 -0.92 -0.885277 0.00201669
 941 -0.92 -0.885313 0.00201489
 942 -0.92 -0.88535 0.00201308
 943 -0.92 -0.885387 0.00201128
 944 -0.92 -0.885424 0.00200949
 945 -0.92 -0.88546 0.00200769
 946 -0.92 -0.885497 0.0020059
 947 -0.92 -0.885533 0.00200411
 948 -0.92 -0.88557 0.00200233
 949 -0.92 -0.885606 0.00200055
 950 -0.92 -0.885642 0.00199877
 951 -0.92 -0.885678 0.00199699
 952 -0.92 -0.885714 0.00199522
 953 -0.92 -0.88575 0.00199345
 954 -0.92 -0.885786 0.00199168
 955 -0.92 -0.885822 0.00198992
 956 -0.92 -0.885858 0.00198816
 957 -0.92 -0.885893 0.0019864
 958 -0.92 -0.885929 0.00198464
 959 -0.92 -0.885965 0.00198289
 960 -0.92 -0.886 0.00198114
 961 -0.92 -0.886035 0.0019794
 962 -0.84 -0.885988 0.00197792
 963 -0.84 -0.88594 0.00197644
 964 -0.84 -0.885892 0.00197496
 965 -0.84 -0.885845 0.00197349
 966 -0.84 -0.885797 0.00197201
 967 -0.76 -0.885667 0.00197426
 968 -0.84 -0.88562 0.00197279
 969 -0.76 -0.88549 0.00197501
 970 -0.76 -0.885361 0.00197721
 971 -0.76 -0.885232 0.00197939
 972 -0.76 -0.885103 0.00198154
 973 -0.68 -0.884892 0.0019907
 974 -0.76 -0.884764 0.00199278
 975 -0.84 -0.884718 0.00199127
 976 -0.84 -0.884672 0.00198975
 977 -0.76 -0.884545 0.00199181
 978 -0.76 -0.884417 0.00199384
 979 -0.76 -0.88429 0.00199585
 980 -0.76 -0.884163 0.00199784
 981 -0.76 -0.884037 0.00199982
 982 -0.68 -0.883829 0.00200855
 983 -0.68 -0.883622 0.0020172
 984 -0.6 -0.883333 0.00203565
 985 -0.68 -0.883127 0.00204404
 986 -0.68 -0.882921 0.00205233
 987 -0.68 -0.882715 0.00206053
 988 -0.68 -0.88251 0.00206864
 989 -0.68 -0.882305 0.00207667
 990 -0.76 -0.882182 0.00207825
 991 -0.84 -0.882139 0.00207659
 992 -0.92 -0.882177 0.00207484
 993 -0.92 -0.882216 0.0020731
 994 -0.92 -0.882254 0.00207136
 995 -0.92 -0.882291 0.00206963
 996 -0.92 -0.882329 0.0020679
 997 -0.92 -0.882367 0.00206617
 998 -0.92 -0.882405 0.00206444
 999 -0.92 -0.882442 0.00206272
 1000 -0.84 -0.8824 0.00206109
 1001 -0.84 -0.882358 0.00205946
 1002 -0.92 -0.882395 0.00205775
 1003 -0.92 -0.882433 0.00205604
 1004 -0.92 -0.88247 0.00205433
 1005 -0.92 -0.882507 0.00205263
 1006 -0.92 -0.882545 0.00205092
 1007 -0.92 -0.882582 0.00204922
 1008 -0.92 -0.882619 0.00204753
 1009 -0.92 -0.882656 0.00204583
 1010 -0.92 -0.882693 0.00204414
 1011 -0.92 -0.88273 0.00204245
 1012 -0.92 -0.882767 0.00204076
 1013 -0.92 -0.882804 0.00203908
 1014 -0.92 -0.88284 0.0020374
 1015 -0.92 -0.882877 0.00203572
 1016 -0.92 -0.882913 0.00203404
 1017 -0.92 -0.88295 0.00203237
 1018 -0.92 -0.882986 0.0020307
 1019 -0.92 -0.883023 0.00202903
 1020 -0.92 -0.883059 0.00202736
 1021 -0.92 -0.883095 0.0020257
 1022 -0.92 -0.883131 0.00202404
 1023 -0.92 -0.883167 0.00202238
 1024 -0.92 -0.883203 0.00202072
 1025 -0.92 -0.883239 0.00201907
 1026 -0.92 -0.883275 0.00201742
 1027 -0.92 -0.883311 0.00201577
 1028 -0.92 -0.883346 0.00201413
 1029 -0.92 -0.883382 0.00201248
 1030 -0.92 -0.883417 0.00201084
 1031 -0.92 -0.883453 0.0020092
 1032 -0.92 -0.883488 0.00200757
 1033 -0.92 -0.883524 0.00200594
 1034 -0.92 -0.883559 0.00200431
 1035 -0.92 -0.883594 0.00200268
 1036 -0.92 -0.883629 0.00200105
 1037 -0.92 -0.883664 0.00199943
 1038 -0.92 -0.883699 0.00199781
 1039 -0.92 -0.883734 0.00199619
 1040 -0.92 -0.883769 0.00199458
 1041 -0.92 -0.883804 0.00199296
 1042 -0.92 -0.883839 0.00199135
 1043 -0.92 -0.883873 0.00198974
 1044 -0.92 -0.883908 0.00198814
 1045 -0.92 -0.883943 0.00198653
 1046 -0.92 -0.883977 0.00198493
 1047 -0.92 -0.884011 0.00198334
 1048 -0.92 -0.884046 0.00198174
 1049 -0.92 -0.88408 0.00198015
 1050 -0.84 -0.884038 0.00197871
 1051 -0.84 -0.883996 0.00197727
 1052 -0.84 -0.883954 0.00197583
 1053 -0.92 -0.883989 0.00197425
 1054 -0.84 -0.883947 0.00197281
 1055 -0.92 -0.883981 0.00197124
 1056 -0.92 -0.884015 0.00196967
 1057 -0.92 -0.884049 0.0019681
 1058 -0.92 -0.884083 0.00196653
 1059 -0.92 -0.884117 0.00196497
 1060 -0.92 -0.884151 0.0019634
 1061 -0.92 -0.884185 0.00196184
 1062 -0.92 -0.884218 0.00196028
 1063 -0.92 -0.884252 0.00195873
 1064 -0.92 -0.884286 0.00195718
 1065 -0.84 -0.884244 0.00195578
 1066 -0.92 -0.884278 0.00195423
 1067 -0.92 -0.884311 0.00195269
 1068 -0.92 -0.884345 0.00195114
 1069 -0.84 -0.884303 0.00194976
 1070 -0.76 -0.884187 0.0019514
 1071 -0.84 -0.884146 0.00195001
 1072 -0.84 -0.884104 0.00194862
 1073 -0.92 -0.884138 0.0019471
 1074 -0.92 -0.884171 0.00194557
 1075 -0.92 -0.884205 0.00194404
 1076 -0.92 -0.884238 0.00194252
 1077 -0.92 -0.884271 0.001941
 1078 -0.92 -0.884304 0.00193948
 1079 -0.92 -0.884337 0.00193797
 1080 -0.92 -0.88437 0.00193645
 1081 -0.92 -0.884403 0.00193494
 1082 -0.92 -0.884436 0.00193343
 1083 -0.92 -0.884469 0.00193192
 1084 -0.92 -0.884502 0.00193042
 1085 -0.92 -0.884535 0.00192892
 1086 -0.84 -0.884494 0.00192758
 1087 -0.84 -0.884453 0.00192624
 1088 -0.92 -0.884485 0.00192474
 1089 -0.92 -0.884518 0.00192325
 1090 -1 -0.884624 0.00192441
 1091 -1 -0.88473 0.00192555
 1092 -1 -0.884835 0.00192668
 1093 -1 -0.884941 0.00192779
 1094 -0.92 -0.884973 0.0019263
 1095 -0.92 -0.885005 0.0019248
 1096 -1 -0.885109 0.00192591
 1097 -1 -0.885214 0.001927
 1098 -1 -0.885319 0.00192808
 1099 -1 -0.885423 0.00192915
 1100 -1 -0.885527 0.00193021
 1101 -1 -0.885631 0.00193125
 1102 -1 -0.885735 0.00193229
 1103 -1 -0.885839 0.00193331
 1104 -0.92 -0.88587 0.00193181
 1105 -0.92 -0.8859 0.00193031
 1106 -0.92 -0.885931 0.00192881
 1107 -0.92 -0.885962 0.00192731
 1108 -0.92 -0.885993 0.00192582
 1109 -0.92 -0.886023 0.00192432
 1110 -0.92 -0.886054 0.00192283
 1111 -0.92 -0.886085 0.00192134
 1112 -0.92 -0.886115 0.00191986
 1113 -0.92 -0.886146 0.00191837
 1114 -0.92 -0.886176 0.00191689
 1115 -0.92 -0.886206 0.00191541
 1116 -0.92 -0.886237 0.00191393
 1117 -0.92 -0.886267 0.00191246
 1118 -0.92 -0.886297 0.00191099
 1119 -0.92 -0.886327 0.00190951
 1120 -0.92 -0.886357 0.00190805
 1121 -0.92 -0.886387 0.00190658
 1122 -0.92 -0.886417 0.00190511
 1123 -0.92 -0.886447 0.00190365
 1124 -0.92 -0.886477 0.00190219
 1125 -0.92 -0.886507 0.00190073
 1126 -0.92 -0.886536 0.00189928
 1127 -0.92 -0.886566 0.00189782
 1128 -0.92 -0.886596 0.00189637
 1129 -0.92 -0.886625 0.00189492
 1130 -0.92 -0.886655 0.00189348
 1131 -0.92 -0.886684 0.00189203
 1132 -0.84 -0.886643 0.00189081
 1133 -0.92 -0.886673 0.00188937
 1134 -0.92 -0.886702 0.00188793
 1135 -0.92 -0.886731 0.00188649
 1136 -0.92 -0.886761 0.00188506
 1137 -0.92 -0.88679 0.00188363
 1138 -0.92 -0.886819 0.0018822
 1139 -0.84 -0.886778 0.00188099
 1140 -0.92 -0.886807 0.00187957
 1141 -0.92 -0.886836 0.00187815
 1142 -0.92 -0.886865 0.00187673
 1143 -0.84 -0.886824 0.00187553
 1144 -0.84 -0.886783 0.00187434
 1145 -0.84 -0.886742 0.00187315
 1146 -0.84 -0.886702 0.00187196
 1147 -0.84 -0.886661 0.00187077
 1148 -0.76 -0.886551 0.00187239
 1149 -0.76 -0.88644 0.001874
 1150 -0.76 -0.88633 0.00187559
 1151 -0.84 -0.88629 0.0018744
 1152 -0.84 -0.88625 0.0018732
 1153 -0.84 -0.88621 0.001872
 1154 -0.84 -0.88617 0.00187081
 1155 -0.84 -0.88613 0.00186962
 1156 -0.84 -0.88609 0.00186842
 1157 -0.76 -0.885981 0.00186999
 1158 -0.76 -0.885872 0.00187154
 1159 -0.84 -0.885833 0.00187034
 1160 -0.84 -0.885793 0.00186914
 1161 -0.84 -0.885754 0.00186795
 1162 -0.84 -0.885714 0.00186676
 1163 -0.84 -0.885675 0.00186557
 1164 -0.84 -0.885636 0.00186438
 1165 -0.84 -0.885597 0.00186319
 1166 -0.84 -0.885557 0.001862
 1167 -0.84 -0.885518 0.00186081
 1168 -0.84 -0.885479 0.00185963
 1169 -0.84 -0.885441 0.00185844
 1170 -0.84 -0.885402 0.00185726
 1171 -0.84 -0.885363 0.00185608
 1172 -0.84 -0.885324 0.0018549
 1173 -0.84 -0.885286 0.00185372
 1174 -0.84 -0.885247 0.00185254
 1175 -0.84 -0.885209 0.00185136
 1176 -0.84 -0.88517 0.00185019
 1177 -0.84 -0.885132 0.00184901
 1178 -0.84 -0.885093 0.00184784
 1179 -0.84 -0.885055 0.00184667
 1180 -0.84 -0.885017 0.0018455
 1181 -0.84 -0.884979 0.00184433
 1182 -0.92 -0.885008 0.001843
 1183 -0.92 -0.885038 0.00184168
 1184 -0.92 -0.885068 0.00184036
 1185 -0.92 -0.885097 0.00183905
 1186 -0.92 -0.885126 0.00183773
 1187 -0.92 -0.885156 0.00183642
 1188 -0.92 -0.885185 0.00183511
 1189 -0.92 -0.885214 0.0018338
 1190 -0.92 -0.885244 0.00183249
 1191 -0.92 -0.885273 0.00183118
 1192 -0.92 -0.885302 0.00182988
 1193 -0.92 -0.885331 0.00182857
 1194 -0.92 -0.88536 0.00182727
 1195 -0.92 -0.885389 0.00182597
 1196 -0.92 -0.885418 0.00182467
 1197 -0.92 -0.885447 0.00182338
 1198 -0.92 -0.885476 0.00182208
 1199 -0.92 -0.885505 0.00182079
 1200 -0.92 -0.885533 0.0018195
 1201 -0.92 -0.885562 0.00181821
 1202 -0.92 -0.885591 0.00181692
 1203 -0.84 -0.885553 0.00181581
 1204 -0.84 -0.885515 0.00181469
 1205 -0.84 -0.885477 0.00181358
 1206 -0.76 -0.885373 0.00181506
 1207 -0.84 -0.885336 0.00181394
 1208 -0.76 -0.885232 0.00181541
 1209 -0.84 -0.885194 0.00181429
 1210 -0.76 -0.885091 0.00181574
 1211 -0.84 -0.885054 0.00181463
 1212 -0.84 -0.885017 0.00181351
 1213 -0.84 -0.884979 0.00181239
 1214 -0.84 -0.884942 0.00181128
 1215 -0.84 -0.884905 0.00181017
 1216 -0.84 -0.884868 0.00180905
 1217 -0.84 -0.884832 0.00180794
 1218 -0.84 -0.884795 0.00180683
 1219 -0.84 -0.884758 0.00180572
 1220 -0.84 -0.884721 0.00180462
 1221 -0.84 -0.884685 0.00180351
 1222 -0.76 -0.884583 0.00180492
 1223 -0.84 -0.884546 0.00180381
 1224 -0.84 -0.88451 0.0018027
 1225 -0.84 -0.884473 0.0018016
 1226 -0.84 -0.884437 0.00180049
 1227 -0.84 -0.884401 0.00179939
 1228 -0.84 -0.884365 0.00179829
 1229 -0.84 -0.884329 0.00179719
 1230 -0.84 -0.884293 0.00179609
 1231 -0.84 -0.884257 0.00179499
 1232 -0.84 -0.884221 0.00179389
 1233 -0.84 -0.884185 0.00179279
 1234 -0.84 -0.884149 0.0017917
 1235 -0.84 -0.884113 0.0017906
 1236 -0.84 -0.884078 0.00178951
 1237 -0.84 -0.884042 0.00178842
 1238 -0.76 -0.883942 0.00178978
 1239 -0.76 -0.883842 0.00179113
 1240 -0.76 -0.883742 0.00179247
 1241 -0.76 -0.883642 0.0017938
 1242 -0.84 -0.883607 0.0017927
 1243 -0.84 -0.883572 0.0017916
 1244 -0.84 -0.883537 0.0017905
 1245 -0.76 -0.883438 0.00179181
 1246 -0.84 -0.883403 0.00179071
 1247 -0.84 -0.883368 0.00178961
 1248 -0.84 -0.883333 0.00178852
 1249 -0.84 -0.883299 0.00178742
 1250 -0.84 -0.883264 0.00178633
 1251 -0.84 -0.883229 0.00178523
 1252 -0.84 -0.883195 0.00178414
 1253 -0.84 -0.88316 0.00178305
 1254 -0.84 -0.883126 0.00178196
 1255 -0.84 -0.883092 0.00178087
 1256 -0.84 -0.883057 0.00177978
 1257 -0.84 -0.883023 0.00177869
 1258 -0.84 -0.882989 0.00177761
 1259 -0.84 -0.882955 0.00177653
 1260 -0.84 -0.882921 0.00177544
 1261 -0.84 -0.882887 0.00177436
 1262 -0.84 -0.882853 0.00177328
 1263 -0.84 -0.882819 0.0017722
 1264 -0.84 -0.882785 0.00177112
 1265 -0.84 -0.882751 0.00177004
 1266 -0.84 -0.882717 0.00176897
 1267 -0.84 -0.882684 0.00176789
 1268 -0.84 -0.88265 0.00176682
 1269 -0.84 -0.882616 0.00176574
 1270 -0.84 -0.882583 0.00176467
 1271 -0.84 -0.882549 0.0017636
 1272 -0.76 -0.882453 0.00176485
 1273 -0.76 -0.882357 0.00176608
 1274 -0.84 -0.882323 0.00176501
 1275 -0.84 -0.88229 0.00176394
 1276 -0.84 -0.882257 0.00176286
 1277 -0.84 -0.882224 0.00176179
 1278 -0.92 -0.882254 0.00176066
 1279 -0.92 -0.882283 0.00175953
 1280 -0.92 -0.882312 0.0017584
 1281 -0.92 -0.882342 0.00175728
 1282 -0.84 -0.882309 0.00175622
 1283 -0.76 -0.882214 0.00175744
 1284 -0.68 -0.882056 0.00176311
 1285 -0.76 -0.881961 0.0017643
 1286 -0.84 -0.881928 0.00176323
 1287 -0.84 -0.881896 0.00176216
 1288 -0.84 -0.881863 0.00176109
 1289 -0.84 -0.881831 0.00176002
 1290 -0.84 -0.881798 0.00175896
 1291 -0.84 -0.881766 0.00175789
 1292 -0.84 -0.881734 0.00175683
 1293 -0.84 -0.881701 0.00175577
 1294 -0.84 -0.881669 0.00175471
 1295 -0.76 -0.881575 0.00175587
 1296 -0.76 -0.881481 0.00175702
 1297 -0.84 -0.881449 0.00175595
 1298 -0.84 -0.881418 0.00175489
 1299 -0.84 -0.881386 0.00175383
 1300 -0.84 -0.881354 0.00175277
 1301 -0.84 -0.881322 0.00175171
 1302 -0.84 -0.88129 0.00175065
 1303 -0.84 -0.881259 0.00174959
 1304 -0.84 -0.881227 0.00174854
 1305 -0.84 -0.881195 0.00174748
 1306 -0.84 -0.881164 0.00174643
 1307 -0.84 -0.881132 0.00174538
 1308 -0.84 -0.881101 0.00174433
 1309 -0.84 -0.88107 0.00174327
 1310 -0.84 -0.881038 0.00174223
 1311 -0.76 -0.880946 0.00174334
 1312 -0.76 -0.880854 0.00174445
 1313 -0.76 -0.880762 0.00174555
 1314 -0.76 -0.88067 0.00174664
 1315 -0.76 -0.880578 0.00174772
 1316 -0.76 -0.880486 0.0017488
 1317 -0.84 -0.880456 0.00174774
 1318 -0.84 -0.880425 0.00174668
 1319 -0.84 -0.880394 0.00174563
 1320 -0.84 -0.880364 0.00174457
 1321 -0.84 -0.880333 0.00174352
 1322 -0.92 -0.880363 0.00174246
 1323 -0.92 -0.880393 0.0017414
 1324 -0.92 -0.880423 0.00174034
 1325 -0.92 -0.880453 0.00173928
 1326 -0.92 -0.880483 0.00173822
 1327 -0.92 -0.880512 0.00173717
 1328 -0.92 -0.880542 0.00173612
 1329 -0.92 -0.880572 0.00173506
 1330 -0.92 -0.880602 0.00173401
 1331 -0.92 -0.880631 0.00173296
 1332 -0.92 -0.880661 0.00173191
 1333 -0.92 -0.88069 0.00173086
 1334 -0.92 -0.88072 0.00172982
 1335 -0.92 -0.880749 0.00172877
 1336 -0.92 -0.880778 0.00172773
 1337 -0.92 -0.880808 0.00172668
 1338 -0.92 -0.880837 0.00172564
 1339 -0.92 -0.880866 0.0017246
 1340 -0.92 -0.880896 0.00172356
 1341 -0.92 -0.880925 0.00172252
 1342 -0.92 -0.880954 0.00172148
 1343 -0.92 -0.880983 0.00172045
 1344 -0.92 -0.881012 0.00171941
 1345 -0.92 -0.881041 0.00171838
 1346 -0.92 -0.88107 0.00171734
 1347 -0.84 -0.881039 0.00171634
 1348 -0.84 -0.881009 0.00171533
 1349 -0.84 -0.880979 0.00171433
 1350 -0.92 -0.881007 0.00171331
 1351 -0.92 -0.881036 0.00171228
 1352 -0.92 -0.881065 0.00171126
 1353 -0.92 -0.881094 0.00171023
 1354 -0.84 -0.881064 0.00170924
 1355 -0.84 -0.881033 0.00170825
 1356 -0.76 -0.880944 0.00170932
 1357 -0.84 -0.880914 0.00170832
 1358 -0.84 -0.880884 0.00170733
 1359 -0.84 -0.880854 0.00170634
 1360 -0.76 -0.880765 0.0017074
 1361 -0.84 -0.880735 0.00170641
 1362 -0.92 -0.880764 0.0017054
 1363 -0.84 -0.880734 0.00170441
 1364 -0.84 -0.880704 0.00170342
 1365 -0.84 -0.880674 0.00170243
 1366 -0.84 -0.880644 0.00170145
 1367 -0.84 -0.880614 0.00170046
 1368 -0.84 -0.880585 0.00169948
 1369 -0.84 -0.880555 0.00169849
 1370 -0.92 -0.880584 0.0016975
 1371 -0.92 -0.880613 0.0016965
 1372 -0.92 -0.880641 0.00169551
 1373 -0.92 -0.88067 0.00169452
 1374 -0.92 -0.880699 0.00169352
 1375 -0.92 -0.880727 0.00169253
 1376 -0.92 -0.880756 0.00169154
 1377 -0.92 -0.880784 0.00169055
 1378 -0.92 -0.880813 0.00168957
 1379 -0.76 -0.880725 0.00169061
 1380 -0.76 -0.880638 0.00169165
 1381 -0.76 -0.88055 0.00169268
 1382 -0.6 -0.880347 0.00170359
 1383 -0.76 -0.88026 0.00170458
 1384 -0.76 -0.880173 0.00170557
 1385 -0.84 -0.880144 0.00170458
 1386 -0.84 -0.880115 0.0017036
 1387 -0.84 -0.880087 0.00170262
 1388 -0.92 -0.880115 0.00170163
 1389 -0.92 -0.880144 0.00170065
 1390 -0.92 -0.880173 0.00169967
 1391 -0.92 -0.880201 0.00169868
 1392 -0.92 -0.88023 0.0016977
 1393 -0.92 -0.880258 0.00169673
 1394 -0.92 -0.880287 0.00169575
 1395 -0.92 -0.880315 0.00169477
 1396 -0.92 -0.880344 0.0016938
 1397 -0.92 -0.880372 0.00169282
 1398 -0.92 -0.880401 0.00169185
 1399 -0.92 -0.880429 0.00169087
 1400 -0.92 -0.880457 0.0016899
 1401 -0.92 -0.880485 0.00168893
 1402 -0.92 -0.880514 0.00168796
 1403 -0.92 -0.880542 0.00168699
 1404 -0.92 -0.88057 0.00168602
 1405 -0.92 -0.880598 0.00168506
 1406 -0.92 -0.880626 0.00168409
 1407 -0.92 -0.880654 0.00168313
 1408 -0.92 -0.880682 0.00168216
 1409 -0.92 -0.88071 0.0016812
 1410 -0.92 -0.880738 0.00168024
 1411 -0.84 -0.880709 0.0016793
 1412 -0.84 -0.88068 0.00167835
 1413 -0.92 -0.880708 0.0016774
 1414 -0.92 -0.880736 0.00167644
 1415 -0.92 -0.880763 0.00167549
 1416 -0.92 -0.880791 0.00167453
 1417 -0.92 -0.880819 0.00167358
 1418 -0.84 -0.88079 0.00167264
 1419 -0.84 -0.880761 0.00167171
 1420 -0.92 -0.880789 0.00167076
 1421 -0.92 -0.880816 0.00166982
 1422 -0.92 -0.880844 0.00166887
 1423 -0.92 -0.880871 0.00166792
 1424 -0.92 -0.880899 0.00166698
 1425 -0.92 -0.880926 0.00166603
 1426 -0.92 -0.880954 0.00166509
 1427 -0.92 -0.880981 0.00166415
 1428 -0.92 -0.881008 0.00166321
 1429 -0.92 -0.881036 0.00166227
 1430 -0.92 -0.881063 0.00166133
 1431 -0.92 -0.88109 0.00166039
 1432 -0.92 -0.881117 0.00165945
 1433 -0.92 -0.881144 0.00165851
 1434 -0.84 -0.881116 0.0016576
 1435 -0.92 -0.881143 0.00165667
 1436 -0.92 -0.88117 0.00165574
 1437 -0.92 -0.881197 0.00165481
 1438 -0.84 -0.881168 0.0016539
 1439 -0.92 -0.881195 0.00165297
 1440 -0.92 -0.881222 0.00165205
 1441 -0.92 -0.881249 0.00165112
 1442 -0.92 -0.881276 0.00165019
 1443 -0.92 -0.881303 0.00164927
 1444 -0.92 -0.88133 0.00164834
 1445 -0.92 -0.881356 0.00164742
 1446 -0.92 -0.881383 0.00164649
 1447 -0.92 -0.88141 0.00164557
 1448 -0.92 -0.881436 0.00164465
 1449 -0.92 -0.881463 0.00164373
 1450 -0.92 -0.88149 0.00164281
 1451 -0.92 -0.881516 0.00164189
 1452 -0.92 -0.881543 0.00164098
 1453 -0.92 -0.881569 0.00164006
 1454 -0.92 -0.881596 0.00163915
 1455 -0.92 -0.881622 0.00163823
 1456 -0.92 -0.881648 0.00163732
 1457 -0.84 -0.88162 0.00163644
 1458 -0.84 -0.881591 0.00163557
 1459 -0.84 -0.881563 0.0016347
 1460 -0.92 -0.881589 0.00163379
 1461 -0.92 -0.881615 0.00163288
 1462 -0.84 -0.881587 0.00163201
 1463 -0.84 -0.881558 0.00163115
 1464 -0.92 -0.881585 0.00163024
 1465 -0.92 -0.881611 0.00162934
 1466 -0.92 -0.881637 0.00162844
 1467 -0.92 -0.881663 0.00162754
 1468 -0.92 -0.881689 0.00162664
 1469 -0.92 -0.881715 0.00162574
 1470 -0.92 -0.881741 0.00162484
 1471 -0.92 -0.881768 0.00162395
 1472 -0.92 -0.881793 0.00162305
 1473 -0.92 -0.881819 0.00162216
 1474 -0.92 -0.881845 0.00162126
 1475 -0.92 -0.881871 0.00162037
 1476 -0.92 -0.881897 0.00161948
 1477 -0.92 -0.881923 0.00161859
 1478 -0.92 -0.881949 0.00161769
 1479 -0.92 -0.881974 0.00161681
 1480 -0.92 -0.882 0.00161592
 1481 -0.84 -0.881972 0.00161507
 1482 -0.84 -0.881943 0.00161423
 1483 -0.84 -0.881915 0.00161339
 1484 -0.84 -0.881887 0.00161255
 1485 -0.84 -0.881859 0.00161171
 1486 -0.84 -0.88183 0.00161087
 1487 -0.84 -0.881802 0.00161004
 1488 -0.76 -0.88172 0.00161103
 1489 -0.84 -0.881692 0.0016102
 1490 -0.68 -0.881557 0.0016148
 1491 -0.84 -0.881529 0.00161396
 1492 -0.84 -0.881501 0.00161311
 1493 -0.84 -0.881474 0.00161227
 1494 -0.84 -0.881446 0.00161143
 1495 -0.84 -0.881418 0.00161059
 1496 -0.84 -0.88139 0.00160975
 1497 -0.84 -0.881363 0.00160892
 1498 -0.84 -0.881335 0.00160808
 1499 -0.84 -0.881308 0.00160724
 1500 -0.84 -0.88128 0.00160641
 1501 -0.84 -0.881252 0.00160557
 1502 -0.76 -0.881172 0.00160653
 1503 -0.76 -0.881091 0.00160748
 1504 -0.76 -0.881011 0.00160843
 1505 -0.76 -0.88093 0.00160937
 1506 -0.76 -0.88085 0.00161031
 1507 -0.76 -0.88077 0.00161123
 1508 -0.84 -0.880743 0.00161039
 1509 -0.84 -0.880716 0.00160955
 1510 -0.84 -0.880689 0.00160871
 1511 -0.84 -0.880662 0.00160787
 1512 -0.84 -0.880635 0.00160703
 1513 -0.84 -0.880608 0.0016062
 1514 -0.84 -0.880581 0.00160536
 1515 -0.84 -0.880554 0.00160452
 1516 -0.84 -0.880528 0.00160369
 1517 -0.84 -0.880501 0.00160285
 1518 -0.84 -0.880474 0.00160202
 1519 -0.84 -0.880448 0.00160118
 1520 -0.84 -0.880421 0.00160035
 1521 -0.84 -0.880394 0.00159952
 1522 -0.84 -0.880368 0.00159869
 1523 -0.84 -0.880341 0.00159786
 1524 -0.84 -0.880315 0.00159703
 1525 -0.92 -0.880341 0.00159619
 1526 -0.92 -0.880367 0.00159536
 1527 -0.92 -0.880393 0.00159453
 1528 -0.92 -0.880419 0.00159369
 1529 -0.92 -0.880445 0.00159286
 1530 -0.92 -0.880471 0.00159203
 1531 -0.92 -0.880496 0.0015912
 1532 -0.92 -0.880522 0.00159037
 1533 -0.92 -0.880548 0.00158954
 1534 -0.92 -0.880574 0.00158871
 1535 -0.92 -0.880599 0.00158788
 1536 -0.92 -0.880625 0.00158706
 1537 -0.84 -0.880599 0.00158624
 1538 -0.84 -0.880572 0.00158543
 1539 -0.76 -0.880494 0.00158634
 1540 -0.84 -0.880468 0.00158552
 1541 -0.84 -0.880441 0.00158471
 1542 -0.84 -0.880415 0.0015839
 1543 -0.84 -0.880389 0.00158309
 1544 -0.84 -0.880363 0.00158228
 1545 -0.84 -0.880337 0.00158147
 1546 -0.84 -0.88031 0.00158067
 1547 -0.92 -0.880336 0.00157985
 1548 -0.92 -0.880362 0.00157904
 1549 -0.92 -0.880387 0.00157823
 1550 -0.92 -0.880413 0.00157742
 1551 -0.92 -0.880438 0.0015766
 1552 -0.92 -0.880464 0.00157579
 1553 -0.92 -0.880489 0.00157499
 1554 -0.92 -0.880515 0.00157418
 1555 -0.92 -0.88054 0.00157337
 1556 -0.92 -0.880566 0.00157256
 1557 -0.92 -0.880591 0.00157176
 1558 -0.92 -0.880616 0.00157095
 1559 -0.92 -0.880641 0.00157015
 1560 -0.92 -0.880667 0.00156934
 1561 -0.92 -0.880692 0.00156854
 1562 -0.92 -0.880717 0.00156774
 1563 -0.92 -0.880742 0.00156693
 1564 -0.92 -0.880767 0.00156613
 1565 -0.92 -0.880792 0.00156533
 1566 -0.92 -0.880817 0.00156453
 1567 -0.92 -0.880842 0.00156373
 1568 -0.92 -0.880867 0.00156294
 1569 -0.92 -0.880892 0.00156214
 1570 -0.92 -0.880917 0.00156134
 1571 -0.92 -0.880942 0.00156055
 1572 -0.92 -0.880967 0.00155975
 1573 -0.92 -0.880992 0.00155896
 1574 -0.92 -0.881017 0.00155816
 1575 -0.92 -0.881041 0.00155737
 1576 -0.92 -0.881066 0.00155658
 1577 -0.92 -0.881091 0.00155579
 1578 -0.92 -0.881115 0.001555
 1579 -0.92 -0.88114 0.00155421
 1580 -0.92 -0.881165 0.00155342
 1581 -0.92 -0.881189 0.00155263
 1582 -0.92 -0.881214 0.00155184
 1583 -0.92 -0.881238 0.00155105
 1584 -0.92 -0.881263 0.00155027
 1585 -1 -0.881338 0.0015511
 1586 -1 -0.881412 0.00155192
 1587 -1 -0.881487 0.00155275
 1588 -1 -0.881562 0.00155356
 1589 -0.92 -0.881586 0.00155277
 1590 -0.92 -0.88161 0.00155198
 1591 -0.76 -0.881534 0.00155289
 1592 -0.76 -0.881457 0.00155379
 1593 -0.84 -0.881431 0.00155303
 1594 -0.84 -0.881405 0.00155228
 1595 -0.84 -0.881379 0.00155152
 1596 -0.92 -0.881404 0.00155074
 1597 -0.92 -0.881428 0.00154995
 1598 -0.92 -0.881452 0.00154917
 1599 -0.92 -0.881476 0.00154839
 1600 -0.92 -0.8815 0.00154761
 1601 -0.92 -0.881524 0.00154683
 1602 -0.92 -0.881548 0.00154605
 1603 -0.92 -0.881572 0.00154527
 1604 -0.92 -0.881596 0.00154449
 1605 -0.92 -0.88162 0.00154372
 1606 -0.92 -0.881644 0.00154294
 1607 -0.92 -0.881668 0.00154216
 1608 -1 -0.881741 0.00154296
 1609 -1 -0.881815 0.00154375
 1610 -1 -0.881888 0.00154454
 1611 -1 -0.881962 0.00154532
 1612 -1 -0.882035 0.00154609
 1613 -1 -0.882108 0.00154687
 1614 -1 -0.882181 0.00154763
 1615 -1 -0.882254 0.00154839
 1616 -1 -0.882327 0.00154915
 1617 -1 -0.8824 0.0015499
 1618 -1 -0.882472 0.00155065
 1619 -1 -0.882545 0.00155139
 1620 -1 -0.882617 0.00155212
 1621 -0.92 -0.88264 0.00155134
 1622 -1 -0.882713 0.00155207
 1623 -1 -0.882785 0.00155279
 1624 -0.92 -0.882808 0.00155201
 1625 -1 -0.88288 0.00155273
 1626 -1 -0.882952 0.00155344
 1627 -1 -0.883024 0.00155415
 1628 -1 -0.883096 0.00155486
 1629 -1 -0.883168 0.00155556
 1630 -1 -0.883239 0.00155626
 1631 -1 -0.883311 0.00155695
 1632 -0.92 -0.883333 0.00155616
 1633 -0.92 -0.883356 0.00155537
 1634 -0.84 -0.883329 0.00155464
 1635 -0.84 -0.883303 0.00155392
 1636 -0.84 -0.883276 0.00155319
 1637 -0.84 -0.88325 0.00155247
 1638 -0.84 -0.883223 0.00155174
 1639 -0.92 -0.883246 0.00155096
 1640 -0.92 -0.883268 0.00155017
 1641 -0.92 -0.883291 0.00154939
 1642 -0.92 -0.883313 0.00154861
 1643 -0.92 -0.883335 0.00154783
 1644 -0.92 -0.883358 0.00154705
 1645 -0.92 -0.88338 0.00154627
 1646 -0.92 -0.883402 0.00154549
 1647 -0.92 -0.883424 0.00154471
 1648 -0.92 -0.883447 0.00154393
 1649 -0.92 -0.883469 0.00154315
 1650 -0.92 -0.883491 0.00154238
 1651 -0.92 -0.883513 0.0015416
 1652 -1 -0.883584 0.00154228
 1653 -1 -0.883654 0.00154295
 1654 -1 -0.883724 0.00154362
 1655 -1 -0.883795 0.00154429
 1656 -1 -0.883865 0.00154495
 1657 -1 -0.883935 0.00154561
 1658 -1 -0.884005 0.00154626
 1659 -1 -0.884075 0.00154691
 1660 -1 -0.884145 0.00154756
 1661 -1 -0.884214 0.0015482
 1662 -1 -0.884284 0.00154883
 1663 -0.92 -0.884305 0.00154805
 1664 -0.92 -0.884327 0.00154727
 1665 -0.92 -0.884348 0.00154649
 1666 -1 -0.884418 0.00154711
 1667 -1 -0.884487 0.00154774
 1668 -1 -0.884556 0.00154836
 1669 -1 -0.884626 0.00154898
 1670 -1 -0.884695 0.00154959
 1671 -1 -0.884764 0.0015502
 1672 -0.92 -0.884785 0.00154942
 1673 -0.92 -0.884806 0.00154863
 1674 -0.92 -0.884827 0.00154785
 1675 -0.84 -0.8848 0.00154716
 1676 -0.84 -0.884773 0.00154647
 1677 -0.84 -0.884747 0.00154577
 1678 -0.84 -0.88472 0.00154508
 1679 -0.76 -0.884646 0.00154595
 1680 -0.76 -0.884571 0.00154681
 1681 -0.92 -0.884593 0.00154603
 1682 -0.92 -0.884614 0.00154525
 1683 -0.92 -0.884635 0.00154448
 1684 -0.92 -0.884656 0.0015437
 1685 -0.92 -0.884677 0.00154293
 1686 -0.92 -0.884698 0.00154216
 1687 -0.84 -0.884671 0.00154147
 1688 -0.92 -0.884692 0.0015407
 1689 -0.92 -0.884713 0.00153993
 1690 -0.92 -0.884734 0.00153916
 1691 -0.92 -0.884755 0.00153839
 1692 -0.92 -0.884775 0.00153762
 1693 -0.84 -0.884749 0.00153694
 1694 -0.92 -0.88477 0.00153617
 1695 -0.92 -0.884791 0.00153541
 1696 -0.92 -0.884811 0.00153464
 1697 -0.84 -0.884785 0.00153397
 1698 -0.84 -0.884759 0.00153329
 1699 -0.92 -0.884779 0.00153253
 1700 -0.92 -0.8848 0.00153177
 1701 -0.92 -0.884821 0.001531
 1702 -0.92 -0.884841 0.00153024
 1703 -0.92 -0.884862 0.00152948
 1704 -0.92 -0.884883 0.00152873
 1705 -0.84 -0.884856 0.00152806
 1706 -0.84 -0.88483 0.00152739
 1707 -0.92 -0.884851 0.00152663
 1708 -0.84 -0.884824 0.00152596
 1709 -0.84 -0.884798 0.00152529
 1710 -0.84 -0.884772 0.00152463
 1711 -0.84 -0.884746 0.00152396
 1712 -0.92 -0.884766 0.00152321
 1713 -0.92 -0.884787 0.00152246
 1714 -0.84 -0.884761 0.00152179
 1715 -0.84 -0.884735 0.00152113
 1716 -0.84 -0.884709 0.00152047
 1717 -0.84 -0.884683 0.00151981
 1718 -0.84 -0.884657 0.00151914
 1719 -0.84 -0.884631 0.00151848
 1720 -0.92 -0.884651 0.00151774
 1721 -0.84 -0.884625 0.00151708
 1722 -0.92 -0.884646 0.00151633
 1723 -0.92 -0.884666 0.00151559
 1724 -0.92 -0.884687 0.00151485
 1725 -0.92 -0.884707 0.00151411
 1726 -0.92 -0.884728 0.00151337
 1727 -0.92 -0.884748 0.00151263
 1728 -0.92 -0.884769 0.0015119
 1729 -0.92 -0.884789 0.00151116
 1730 -0.92 -0.884809 0.00151042
 1731 -0.84 -0.884783 0.00150977
 1732 -0.92 -0.884804 0.00150904
 1733 -0.92 -0.884824 0.0015083
 1734 -0.92 -0.884844 0.00150757
 1735 -0.92 -0.884865 0.00150684
 1736 -0.92 -0.884885 0.0015061
 1737 -0.92 -0.884905 0.00150537
 1738 -0.92 -0.884925 0.00150464
 1739 -0.76 -0.884853 0.00150549
 1740 -0.92 -0.884874 0.00150476
 1741 -0.92 -0.884894 0.00150403
 1742 -0.92 -0.884914 0.0015033
 1743 -1 -0.88498 0.00150389
 1744 -1 -0.885046 0.00150447
 1745 -1 -0.885112 0.00150505
 1746 -1 -0.885178 0.00150563
 1747 -1 -0.885243 0.0015062
 1748 -1 -0.885309 0.00150677
 1749 -1 -0.885374 0.00150734
 1750 -1 -0.88544 0.0015079
 1751 -1 -0.885505 0.00150846
 1752 -1 -0.885571 0.00150901
 1753 -1 -0.885636 0.00150956
 1754 -1 -0.885701 0.00151011
 1755 -1 -0.885766 0.00151065
 1756 -1 -0.885831 0.00151119
 1757 -1 -0.885896 0.00151173
 1758 -1 -0.885961 0.00151226
 1759 -1 -0.886026 0.00151279
 1760 -1 -0.886091 0.00151332
 1761 -1 -0.886156 0.00151384
 1762 -0.92 -0.886175 0.00151311
 1763 -1 -0.886239 0.00151363
 1764 -0.84 -0.886213 0.00151299
 1765 -0.92 -0.886232 0.00151226
 1766 -0.92 -0.886251 0.00151152
 1767 -0.92 -0.886271 0.00151079
 1768 -0.92 -0.88629 0.00151005
 1769 -0.92 -0.886309 0.00150932
 1770 -0.92 -0.886328 0.00150859
 1771 -0.92 -0.886347 0.00150785
 1772 -0.92 -0.886366 0.00150712
 1773 -0.92 -0.886385 0.00150639
 1774 -0.92 -0.886404 0.00150566
 1775 -0.92 -0.886423 0.00150493
 1776 -0.84 -0.886396 0.00150431
 1777 -0.84 -0.88637 0.00150369
 1778 -0.84 -0.886344 0.00150307
 1779 -0.84 -0.886318 0.00150245
 1780 -0.84 -0.886292 0.00150183
 1781 -0.84 -0.886266 0.00150122
 1782 -0.84 -0.88624 0.0015006
 1783 -0.84 -0.886214 0.00149998
 1784 -0.84 -0.886188 0.00149936
 1785 -0.84 -0.886162 0.00149875
 1786 -0.84 -0.886137 0.00149813
 1787 -0.84 -0.886111 0.00149751
 1788 -0.84 -0.886085 0.0014969
 1789 -0.76 -0.886015 0.00149772
 1790 -0.76 -0.885944 0.00149854
 1791 -0.84 -0.885918 0.00149792
 1792 -0.84 -0.885893 0.0014973
 1793 -0.84 -0.885867 0.00149669
 1794 -0.84 -0.885842 0.00149607
 1795 -0.84 -0.885816 0.00149546
 1796 -0.84 -0.885791 0.00149484
 1797 -0.92 -0.88581 0.00149413
 1798 -0.84 -0.885784 0.00149352
 1799 -0.92 -0.885803 0.00149281
 1800 -0.92 -0.885822 0.0014921
 1801 -0.92 -0.885841 0.00149139
 1802 -0.84 -0.885816 0.00149078
 1803 -0.84 -0.88579 0.00149017
 1804 -0.92 -0.885809 0.00148946
 1805 -0.92 -0.885828 0.00148876
 1806 -0.84 -0.885803 0.00148815
 1807 -0.92 -0.885822 0.00148745
 1808 -0.84 -0.885796 0.00148684
 1809 -0.84 -0.885771 0.00148623
 1810 -0.92 -0.88579 0.00148553
 1811 -0.92 -0.885809 0.00148483
 1812 -0.92 -0.885828 0.00148413
 1813 -0.92 -0.885847 0.00148343
 1814 -0.92 -0.885865 0.00148273
 1815 -0.92 -0.885884 0.00148204
 1816 -0.92 -0.885903 0.00148134
 1817 -0.84 -0.885878 0.00148074
 1818 -0.92 -0.885897 0.00148004
 1819 -0.92 -0.885915 0.00147935
 1820 -0.92 -0.885934 0.00147865
 1821 -0.92 -0.885953 0.00147796
 1822 -0.92 -0.885971 0.00147727
 1823 -0.92 -0.88599 0.00147657
 1824 -1 -0.886053 0.00147709
 1825 -1 -0.886115 0.0014776
 1826 -1 -0.886177 0.00147811
 1827 -1 -0.88624 0.00147861
 1828 -1 -0.886302 0.00147911
 1829 -1 -0.886364 0.00147961
 1830 -1 -0.886426 0.0014801
 1831 -1 -0.886488 0.00148059
 1832 -1 -0.88655 0.00148108
 1833 -0.92 -0.886568 0.00148039
 1834 -0.76 -0.886499 0.00148119
 1835 -0.84 -0.886474 0.0014806
 1836 -0.84 -0.886449 0.00148001
 1837 -0.84 -0.886424 0.00147942
 1838 -0.76 -0.886355 0.00148021
 1839 -0.84 -0.88633 0.00147962
 1840 -0.76 -0.886261 0.00148041
 1841 -0.76 -0.886192 0.00148119
 1842 -0.68 -0.88608 0.00148461
 1843 -0.68 -0.885969 0.00148802
 1844 -0.76 -0.8859 0.00148878
 1845 -0.84 -0.885875 0.00148818
 1846 -0.84 -0.88585 0.00148758
 1847 -0.84 -0.885826 0.00148698
 1848 -0.84 -0.885801 0.00148638
 1849 -0.84 -0.885776 0.00148578
 1850 -0.84 -0.885751 0.00148519
 1851 -0.84 -0.885727 0.00148459
 1852 -0.84 -0.885702 0.00148399
 1853 -0.84 -0.885677 0.0014834
 1854 -0.84 -0.885653 0.0014828
 1855 -0.84 -0.885628 0.00148221
 1856 -0.76 -0.88556 0.00148295
 1857 -0.76 -0.885493 0.0014837
 1858 -0.76 -0.885425 0.00148444
 1859 -0.76 -0.885358 0.00148517
 1860 -0.76 -0.88529 0.0014859
 1861 -0.76 -0.885223 0.00148663
 1862 -0.76 -0.885156 0.00148735
 1863 -0.84 -0.885132 0.00148675
 1864 -0.84 -0.885107 0.00148615
 1865 -0.84 -0.885083 0.00148555
 1866 -0.84 -0.885059 0.00148495
 1867 -0.76 -0.884992 0.00148566
 1868 -0.84 -0.884968 0.00148506
 1869 -0.84 -0.884944 0.00148446
 1870 -0.84 -0.88492 0.00148386
 1871 -0.84 -0.884896 0.00148326
 1872 -0.84 -0.884872 0.00148267
 1873 -0.84 -0.884848 0.00148207
 1874 -0.84 -0.884824 0.00148147
 1875 -0.92 -0.884843 0.0014808
 1876 -0.92 -0.884861 0.00148013
 1877 -0.92 -0.88488 0.00147946
 1878 -0.92 -0.884899 0.00147879
 1879 -0.92 -0.884918 0.00147812
 1880 -0.92 -0.884936 0.00147745
 1881 -0.92 -0.884955 0.00147678
 1882 -0.92 -0.884973 0.00147611
 1883 -0.92 -0.884992 0.00147545
 1884 -0.92 -0.885011 0.00147478
 1885 -0.92 -0.885029 0.00147412
 1886 -0.92 -0.885048 0.00147345
 1887 -0.92 -0.885066 0.00147279
 1888 -0.92 -0.885085 0.00147212
 1889 -0.92 -0.885103 0.00147146
 1890 -0.92 -0.885122 0.0014708
 1891 -0.92 -0.88514 0.00147013
 1892 -0.92 -0.885159 0.00146947
 1893 -0.92 -0.885177 0.00146881
 1894 -0.84 -0.885153 0.00146823
 1895 -0.92 -0.885172 0.00146757
 1896 -0.92 -0.88519 0.00146691
 1897 -0.92 -0.885208 0.00146625
 1898 -0.92 -0.885227 0.00146559
 1899 -0.92 -0.885245 0.00146494
 1900 -0.92 -0.885263 0.00146428
 1901 -0.92 -0.885281 0.00146362
 1902 -0.84 -0.885258 0.00146305
 1903 -0.92 -0.885276 0.00146239
 1904 -0.92 -0.885294 0.00146174
 1905 -0.92 -0.885312 0.00146108
 1906 -0.92 -0.885331 0.00146043
 1907 -0.84 -0.885307 0.00145986
 1908 -0.84 -0.885283 0.00145928
 1909 -0.92 -0.885301 0.00145863
 1910 -0.92 -0.885319 0.00145798
 1911 -0.92 -0.885338 0.00145733
 1912 -0.92 -0.885356 0.00145668
 1913 -0.92 -0.885374 0.00145603
 1914 -0.92 -0.885392 0.00145539
 1915 -0.92 -0.88541 0.00145474
 1916 -0.84 -0.885386 0.00145417
 1917 -0.92 -0.885404 0.00145352
 1918 -0.92 -0.885422 0.00145288
 1919 -0.92 -0.88544 0.00145223
 1920 -0.92 -0.885458 0.00145159
 1921 -0.92 -0.885476 0.00145094
 1922 -0.92 -0.885494 0.0014503
 1923 -0.92 -0.885512 0.00144966
 1924 -0.92 -0.88553 0.00144901
 1925 -0.92 -0.885548 0.00144837
 1926 -0.92 -0.885566 0.00144773
 1927 -0.92 -0.885584 0.00144709
 1928 -0.92 -0.885602 0.00144645
 1929 -0.92 -0.885619 0.00144581
 1930 -0.92 -0.885637 0.00144517
 1931 -0.84 -0.885614 0.00144461
 1932 -0.84 -0.88559 0.00144406
 1933 -0.84 -0.885566 0.0014435
 1934 -0.84 -0.885543 0.00144295
 1935 -0.84 -0.885519 0.0014424
 1936 -0.76 -0.885455 0.00144311
 1937 -0.84 -0.885431 0.00144255
 1938 -0.84 -0.885408 0.001442
 1939 -0.92 -0.885425 0.00144137
 1940 -0.92 -0.885443 0.00144073
 1941 -0.92 -0.885461 0.0014401
 1942 -0.92 -0.885479 0.00143947
 1943 -0.92 -0.885497 0.00143884
 1944 -0.92 -0.885514 0.00143821
 1945 -0.84 -0.885491 0.00143766
 1946 -0.92 -0.885509 0.00143703
 1947 -0.92 -0.885526 0.0014364
 1948 -0.92 -0.885544 0.00143577
 1949 -0.92 -0.885562 0.00143514
 1950 -0.84 -0.885538 0.0014346
 1951 -0.76 -0.885474 0.0014353
 1952 -0.92 -0.885492 0.00143468
 1953 -0.92 -0.885509 0.00143405
 1954 -0.92 -0.885527 0.00143343
 1955 -0.92 -0.885545 0.0014328
 1956 -0.92 -0.885562 0.00143218
 1957 -0.92 -0.88558 0.00143155
 1958 -0.92 -0.885598 0.00143093
 1959 -0.92 -0.885615 0.00143031
 1960 -0.92 -0.885633 0.00142968
 1961 -0.92 -0.88565 0.00142906
 1962 -0.92 -0.885668 0.00142844
 1963 -0.92 -0.885685 0.00142782
 1964 -0.92 -0.885703 0.0014272
 1965 -0.92 -0.88572 0.00142658
 1966 -0.84 -0.885697 0.00142604
 1967 -0.92 -0.885714 0.00142543
 1968 -0.92 -0.885732 0.00142481
 1969 -0.92 -0.885749 0.00142419
 1970 -0.92 -0.885766 0.00142357
 1971 -0.92 -0.885784 0.00142296
 1972 -0.84 -0.885761 0.00142242
 1973 -0.84 -0.885737 0.00142189
 1974 -0.92 -0.885755 0.00142128
 1975 -0.92 -0.885772 0.00142066
 1976 -0.92 -0.885789 0.00142005
 1977 -0.92 -0.885807 0.00141944
 1978 -0.92 -0.885824 0.00141883
 1979 -0.84 -0.885801 0.0014183
 1980 -0.92 -0.885818 0.00141769
 1981 -0.92 -0.885835 0.00141708
 1982 -0.92 -0.885853 0.00141647
 1983 -0.92 -0.88587 0.00141586
 1984 -0.92 -0.885887 0.00141525
 1985 -0.92 -0.885904 0.00141464
 1986 -0.92 -0.885921 0.00141403
 1987 -0.92 -0.885939 0.00141342
 1988 -0.84 -0.885915 0.0014129
 1989 -0.84 -0.885892 0.00141238
 1990 -0.92 -0.88591 0.00141177
 1991 -0.92 -0.885927 0.00141117
 1992 -0.92 -0.885944 0.00141056
 1993 -0.92 -0.885961 0.00140996
 1994 -0.92 -0.885978 0.00140935
 1995 -0.92 -0.885995 0.00140875
 1996 -0.92 -0.886012 0.00140815
 1997 -0.92 -0.886029 0.00140754
 1998 -1 -0.886086 0.001408
 1999 -1 -0.886143 0.00140844
 2000 -1 -0.8862 0.00140889
