 1 0.196894 0.196894 0
 2 0.196026 0.19646 0.000433897
 3 0.194959 0.195959 0.000559548
 4 0.201648 0.197382 0.00147615
 5 0.20146 0.198197 0.00140458
 6 0.195923 0.197818 0.00120786
 7 0.198878 0.19797 0.00103199
 8 0.195904 0.197712 0.00093028
 9 0.19557 0.197474 0.000854238
 10 0.193438 0.19707 0.000864064
 11 0.198061 0.19716 0.00078675
 12 0.198856 0.197301 0.000731968
 13 0.195278 0.197146 0.000691076
 14 0.195928 0.197059 0.000645696
 15 0.197996 0.197121 0.000604351
 16 0.193057 0.196867 0.00061977
 17 0.196315 0.196835 0.000583079
 18 0.194845 0.196724 0.000560738
 19 0.195781 0.196675 0.000532724
 20 0.197326 0.196707 0.000506435
 21 0.195069 0.196629 0.000487993
 22 0.197325 0.196661 0.000466357
 23 0.195456 0.196608 0.000448686
 24 0.193755 0.19649 0.000445735
 25 0.19505 0.196432 0.000431395
 26 0.196479 0.196434 0.000414475
 27 0.194286 0.196354 0.000406686
 28 0.196441 0.196357 0.000391905
 29 0.194737 0.196301 0.000382255
 30 0.19629 0.196301 0.000369294
 1 0.193628 0.193628 0
 2 0.201153 0.197391 0.00376267
 3 0.197071 0.197284 0.00217499
 4 0.196038 0.196973 0.00156917
 5 0.190435 0.195665 0.00178528
 6 0.19378 0.195351 0.00149115
 7 0.198542 0.195807 0.00134018
 8 0.194996 0.195705 0.00116505
 9 0.20079 0.19627 0.00117258
 10 0.197756 0.196419 0.00105926
 11 0.195853 0.196367 0.000959513
 12 0.196833 0.196406 0.000876769
 13 0.196366 0.196403 0.000806516
 14 0.197933 0.196512 0.000754647
 15 0.195635 0.196454 0.000704967
 16 0.200954 0.196735 0.000716901
 17 0.195948 0.196689 0.000675001
 18 0.193384 0.196505 0.00066235
 19 0.194898 0.196421 0.000632208
 20 0.197577 0.196479 0.000602547
 21 0.197085 0.196507 0.000573865
 22 0.196368 0.196501 0.000547195
 23 0.196083 0.196483 0.000523179
 24 0.198832 0.196581 0.000510375
 25 0.198728 0.196667 0.000497013
 26 0.19421 0.196572 0.000486773
 27 0.197053 0.19659 0.000468736
 28 0.199292 0.196686 0.000461877
 29 0.195065 0.196631 0.000449159
 30 0.20157 0.196795 0.000464113
