 1 -1 -1 0
 2 -1 -1 0
 3 -1 -1 0
 4 -1 -1 0
 5 -0.92 -0.984 0.016
 6 -1 -0.986667 0.0133333
 7 -1 -0.988571 0.0114286
 8 -1 -0.99 0.01
 9 -1 -0.991111 0.00888889
 10 -1 -0.992 0.008
 11 -0.92 -0.985455 0.00975739
 12 -0.84 -0.973333 0.015042
 13 -0.92 -0.969231 0.014432
 14 -1 -0.971429 0.013541
 15 -1 -0.973333 0.0127491
 16 -0.92 -0.97 0.0123828
 17 -0.92 -0.967059 0.0119977
 18 -0.92 -0.964444 0.0116097
 19 -0.92 -0.962105 0.0112281
 20 -0.92 -0.96 0.0108579
 21 -0.92 -0.958095 0.0105021
 22 -0.92 -0.956364 0.010162
 23 -0.92 -0.954783 0.00983801
 24 -0.92 -0.953333 0.00953002
 25 -1 -0.9552 0.00932952
 26 -0.92 -0.953846 0.00906518
 27 -1 -0.955556 0.00888889
 28 -1 -0.957143 0.00871138
 29 -1 -0.958621 0.00853454
 30 -1 -0.96 0.00835973
 31 -1 -0.96129 0.00818787
 32 -1 -0.9625 0.00801963
 33 -1 -0.963636 0.00785544
 34 -1 -0.964706 0.00769558
 35 -1 -0.965714 0.00754021
 36 -1 -0.966667 0.0073894
 37 -1 -0.967568 0.00724315
 38 -1 -0.968421 0.00710144
 39 -1 -0.969231 0.00696419
 40 -0.92 -0.968 0.00689853
 41 -0.92 -0.966829 0.00682927
 42 -0.92 -0.965714 0.00675731
 43 -0.92 -0.964651 0.00668339
 44 -1 -0.965455 0.00657896
 45 -1 -0.966222 0.00647676
 46 -1 -0.966957 0.00637681
 47 -1 -0.96766 0.00627914
 48 -0.92 -0.966667 0.00622661
 49 -1 -0.967347 0.00613604
 50 -1 -0.968 0.00604743
 51 -1 -0.968627 0.00596078
 52 -1 -0.969231 0.00587608
 53 -0.92 -0.968302 0.00583851
 54 -0.92 -0.967407 0.00579878
 55 -0.92 -0.966545 0.00575726
 56 -1 -0.967143 0.00568499
 57 -1 -0.967719 0.00561404
 58 -1 -0.968276 0.0055444
 59 -1 -0.968814 0.00547608
 60 -1 -0.969333 0.00540907
 61 -1 -0.969836 0.00534336
 62 -0.92 -0.969032 0.00531757
 63 -0.92 -0.968254 0.00529005
 64 -0.92 -0.9675 0.00526104
 65 -1 -0.968 0.00520355
 66 -1 -0.968485 0.00514699
 67 -1 -0.968955 0.00509136
 68 -1 -0.969412 0.00503666
 69 -1 -0.969855 0.00498289
 70 -1 -0.970286 0.00493003
 71 -1 -0.970704 0.00487809
 72 -1 -0.971111 0.00482704
 73 -1 -0.971507 0.00477688
 74 -1 -0.971892 0.00472759
 75 -0.92 -0.9712 0.00471517
 76 -0.92 -0.970526 0.00470123
 77 -0.92 -0.96987 0.00468595
 78 -0.92 -0.969231 0.00466946
 79 -0.92 -0.968608 0.0046519
 80 -0.92 -0.968 0.0046334
 81 -0.92 -0.967407 0.00461405
 82 -0.92 -0.966829 0.00459396
 83 -0.92 -0.966265 0.00457321
 84 -0.92 -0.965714 0.00455188
 85 -0.92 -0.965176 0.00453005
 86 -0.92 -0.964651 0.00450778
 87 -0.92 -0.964138 0.00448512
 88 -0.92 -0.963636 0.00446214
 89 -0.92 -0.963146 0.00443888
 90 -0.92 -0.962667 0.00441539
 91 -0.84 -0.961319 0.00456993
 92 -0.92 -0.96087 0.00454224
 93 -0.92 -0.96043 0.00451457
 94 -0.92 -0.96 0.00448695
 95 -0.92 -0.959579 0.00445939
 96 -0.92 -0.959167 0.00443191
 97 -0.92 -0.958763 0.00440453
 98 -0.92 -0.958367 0.00437726
 99 -0.92 -0.95798 0.00435012
 100 -0.92 -0.9576 0.00432311
 101 -0.84 -0.956436 0.00443564
 102 -0.84 -0.955294 0.00453787
 103 -0.76 -0.953398 0.00487724
 104 -0.76 -0.951538 0.00517572
 105 -0.84 -0.950476 0.0052351
 106 -0.84 -0.949434 0.00528918
 107 -0.92 -0.949159 0.00524673
 108 -0.92 -0.948889 0.00520493
 109 -0.92 -0.948624 0.00516376
 110 -0.84 -0.947636 0.00521102
 111 -0.84 -0.946667 0.00525412
 112 -0.84 -0.945714 0.00529338
 113 -0.76 -0.944071 0.00549773
 114 -0.84 -0.943158 0.00552523
 115 -0.84 -0.942261 0.00554994
 116 -0.84 -0.941379 0.00557207
 117 -0.92 -0.941197 0.00552726
 118 -0.92 -0.941017 0.00548316
 119 -0.92 -0.94084 0.00543976
 120 -0.92 -0.940667 0.00539703
 121 -0.84 -0.939835 0.00541651
 122 -0.92 -0.939672 0.00537439
 123 -0.92 -0.939512 0.00533292
 124 -0.92 -0.939355 0.00529207
 125 -0.92 -0.9392 0.00525185
 126 -0.92 -0.939048 0.00521223
 127 -0.76 -0.937638 0.00535977
 128 -0.76 -0.93625 0.00549584
 129 -0.76 -0.934884 0.00562163
 130 -0.76 -0.933538 0.00573814
 131 -0.68 -0.931603 0.00601409
 132 -0.68 -0.929697 0.00626534
 133 -0.68 -0.92782 0.0064953
 134 -0.76 -0.926567 0.00656716
 135 -0.76 -0.925333 0.00663408
 136 -0.76 -0.924118 0.0066964
 137 -0.76 -0.92292 0.00675442
 138 -0.76 -0.921739 0.00680843
 139 -0.76 -0.920576 0.0068587
 140 -0.76 -0.919429 0.00690545
 141 -0.76 -0.918298 0.00694891
 142 -0.76 -0.917183 0.00698927
 143 -0.76 -0.916084 0.00702673
 144 -0.76 -0.915 0.00706145
 145 -0.76 -0.913931 0.00709358
 146 -0.84 -0.913425 0.00706301
 147 -0.84 -0.912925 0.00703255
 148 -0.84 -0.912432 0.00700223
 149 -0.84 -0.911946 0.00697205
 150 -0.84 -0.911467 0.006942
 151 -0.84 -0.910993 0.0069121
 152 -0.84 -0.910526 0.00688234
 153 -0.76 -0.909542 0.00690763
 154 -0.84 -0.909091 0.00687747
 155 -0.84 -0.908645 0.00684748
 156 -0.84 -0.908205 0.00681766
 157 -0.84 -0.907771 0.00678801
 158 -0.84 -0.907342 0.00675854
 159 -0.84 -0.906918 0.00672924
 160 -0.76 -0.906 0.0067498
 161 -0.76 -0.905093 0.00676876
 162 -0.76 -0.904198 0.00678621
 163 -0.76 -0.903313 0.00680222
 164 -0.84 -0.902927 0.00677163
 165 -0.84 -0.902545 0.00674126
 166 -0.84 -0.902169 0.00671111
 167 -0.76 -0.901317 0.00672491
 168 -0.76 -0.900476 0.00673747
 169 -0.84 -0.900118 0.00670704
 170 -0.84 -0.899765 0.00667684
 171 -0.76 -0.898947 0.00668782
 172 -0.68 -0.897674 0.00676958
 173 -0.68 -0.896416 0.00684694
 174 -0.84 -0.896092 0.00681519
 175 -0.84 -0.895771 0.00678371
 176 -0.84 -0.895455 0.0067525
 177 -0.76 -0.894689 0.00675771
 178 -0.76 -0.893933 0.00676211
 179 -0.84 -0.893631 0.00673097
 180 -0.84 -0.893333 0.0067001
 181 -0.92 -0.893481 0.00666461
 182 -0.92 -0.893626 0.00662949
 183 -0.84 -0.893333 0.00659968
 184 -0.76 -0.892609 0.00660359
 185 -0.76 -0.891892 0.0066068
 186 -0.76 -0.891183 0.00660933
 187 -0.76 -0.890481 0.00661121
 188 -0.76 -0.889787 0.00661248
 189 -0.84 -0.889524 0.00658267
 190 -0.84 -0.889263 0.00655312
 191 -0.76 -0.888586 0.00655376
 192 -0.92 -0.88875 0.00652159
 193 -0.92 -0.888912 0.00648973
 194 -0.92 -0.889072 0.00645818
 195 -0.92 -0.889231 0.00642693
 196 -0.92 -0.889388 0.00639598
 197 -0.92 -0.889543 0.00636533
 198 -0.92 -0.889697 0.00633497
 199 -0.92 -0.889849 0.00630489
 200 -0.92 -0.89 0.0062751
 201 -0.92 -0.890149 0.00624559
 202 -0.92 -0.890297 0.00621635
 203 -0.92 -0.890443 0.00618738
 204 -0.92 -0.890588 0.00615868
 205 -0.84 -0.890341 0.00613353
 206 -0.84 -0.890097 0.00610857
 207 -0.84 -0.889855 0.00608381
 208 -0.84 -0.889615 0.00605923
 209 -0.84 -0.889378 0.00603484
 210 -0.84 -0.889143 0.00601063
 211 -0.76 -0.888531 0.00601331
 212 -0.76 -0.887925 0.00601551
 213 -0.76 -0.887324 0.00601725
 214 -0.84 -0.887103 0.00599314
 215 -0.76 -0.886512 0.00599443
 216 -0.84 -0.886296 0.00597049
 217 -0.84 -0.886083 0.00594674
 218 -0.76 -0.885505 0.00594759
 219 -0.84 -0.885297 0.00592402
 220 -0.84 -0.885091 0.00590062
 221 -0.84 -0.884887 0.0058774
 222 -0.84 -0.884685 0.00585436
 223 -0.84 -0.884484 0.00583149
 224 -0.84 -0.884286 0.0058088
 225 -0.84 -0.884089 0.00578627
 226 -0.84 -0.883894 0.00576391
 227 -0.84 -0.8837 0.00574172
 228 -0.76 -0.883158 0.00574217
 229 -0.84 -0.882969 0.00572015
 230 -0.76 -0.882435 0.00572026
 231 -0.84 -0.882251 0.00569841
 232 -0.84 -0.882069 0.00567671
 233 -0.84 -0.881888 0.00565518
 234 -0.84 -0.881709 0.00563381
 235 -0.84 -0.881532 0.00561259
 236 -0.84 -0.881356 0.00559153
 237 -0.84 -0.881181 0.00557062
 238 -0.84 -0.881008 0.00554986
 239 -0.84 -0.880837 0.00552925
 240 -0.84 -0.880667 0.00550879
 241 -0.84 -0.880498 0.00548848
 242 -0.84 -0.880331 0.00546832
 243 -0.84 -0.880165 0.0054483
 244 -0.84 -0.88 0.00542842
 245 -0.84 -0.879837 0.00540868
 246 -0.84 -0.879675 0.00538908
 247 -0.84 -0.879514 0.00536962
 248 -0.68 -0.87871 0.0054081
 249 -0.76 -0.878233 0.00540739
 250 -0.84 -0.87808 0.00538789
 251 -0.84 -0.877928 0.00536853
 252 -0.76 -0.87746 0.00536762
 253 -0.68 -0.87668 0.00540303
 254 -0.68 -0.875906 0.00543714
 255 -0.76 -0.875451 0.00543481
 256 -0.84 -0.875313 0.00541531
 257 -0.84 -0.875175 0.00539595
 258 -0.84 -0.875039 0.00537672
 259 -0.84 -0.874903 0.00535763
 260 -0.84 -0.874769 0.00533867
 261 -0.84 -0.874636 0.00531985
 262 -0.84 -0.874504 0.00530115
 263 -0.84 -0.874373 0.00528259
 264 -0.84 -0.874242 0.00526415
 265 -0.84 -0.874113 0.00524584
 266 -0.84 -0.873985 0.00522765
 267 -0.76 -0.873558 0.00522551
 268 -0.84 -0.873433 0.00520748
 269 -0.84 -0.873309 0.00518957
 270 -0.84 -0.873185 0.00517178
 271 -0.84 -0.873063 0.00515412
 272 -0.76 -0.872647 0.00515193
 273 -0.76 -0.872234 0.00514958
 274 -0.76 -0.871825 0.00514708
 275 -0.76 -0.871418 0.00514443
 276 -0.68 -0.870725 0.00517246
 277 -0.68 -0.870036 0.00519954
 278 -0.68 -0.869353 0.00522571
 279 -0.68 -0.868674 0.00525099
 280 -0.76 -0.868286 0.00524658
 281 -0.84 -0.868185 0.00522884
 282 -0.84 -0.868085 0.00521123
 283 -0.76 -0.867703 0.00520681
 284 -0.84 -0.867606 0.00518936
 285 -0.84 -0.867509 0.00517202
 286 -0.84 -0.867413 0.00515481
 287 -0.84 -0.867317 0.0051377
 288 -0.84 -0.867222 0.00512071
 289 -0.84 -0.867128 0.00510383
 290 -0.84 -0.867034 0.00508706
 291 -0.84 -0.866942 0.0050704
 292 -0.84 -0.866849 0.00505385
 293 -0.92 -0.867031 0.00503983
 294 -0.92 -0.867211 0.00502589
 295 -0.84 -0.867119 0.00500968
 296 -0.84 -0.867027 0.00499356
 297 -0.84 -0.866936 0.00497755
 298 -0.76 -0.866577 0.00497378
 299 -0.84 -0.866488 0.00495792
 300 -0.84 -0.8664 0.00494215
 301 -0.84 -0.866312 0.00492649
 302 -0.84 -0.866225 0.00491092
 303 -0.76 -0.865875 0.00490723
 304 -0.68 -0.865263 0.00492913
 305 -0.68 -0.864656 0.00495035
 306 -0.76 -0.864314 0.00494598
 307 -0.76 -0.863974 0.00494154
 308 -0.76 -0.863636 0.00493702
 309 -0.84 -0.86356 0.00492161
 310 -0.84 -0.863484 0.0049063
 311 -0.76 -0.863151 0.00490181
 312 -0.76 -0.862821 0.00489724
 313 -0.76 -0.862492 0.00489261
 314 -0.76 -0.862166 0.00488792
 315 -0.76 -0.861841 0.00488316
 316 -0.76 -0.861519 0.00487834
 317 -0.76 -0.861199 0.00487346
 318 -0.76 -0.860881 0.00486852
 319 -0.76 -0.860564 0.00486353
 320 -0.76 -0.86025 0.00485848
 321 -0.84 -0.860187 0.00484373
 322 -0.84 -0.860124 0.00482907
 323 -0.84 -0.860062 0.0048145
 324 -0.84 -0.86 0.00480002
 325 -0.84 -0.859938 0.00478562
 326 -0.84 -0.859877 0.00477131
 327 -0.84 -0.859817 0.00475709
 328 -0.84 -0.859756 0.00474295
 329 -0.84 -0.859696 0.00472889
 330 -0.76 -0.859394 0.00472421
 331 -0.68 -0.858852 0.00474099
 332 -0.84 -0.858795 0.00472703
 333 -0.84 -0.858739 0.00471315
 334 -0.84 -0.858683 0.00469936
 335 -0.84 -0.858627 0.00468564
 336 -0.84 -0.858571 0.004672
 337 -0.84 -0.858516 0.00465844
 338 -0.84 -0.858462 0.00464496
 339 -0.84 -0.858407 0.00463156
 340 -0.84 -0.858353 0.00461824
 341 -0.84 -0.858299 0.00460499
 342 -0.84 -0.858246 0.00459181
 343 -0.84 -0.858192 0.00457872
 344 -0.76 -0.857907 0.0045743
 345 -0.92 -0.858087 0.00456457
 346 -0.84 -0.858035 0.00455166
 347 -0.92 -0.858213 0.00454204
 348 -0.84 -0.858161 0.00452927
 349 -0.84 -0.858109 0.00451657
 350 -0.92 -0.858286 0.00450712
 351 -0.92 -0.858462 0.0044977
 352 -0.92 -0.858636 0.00448831
 353 -0.92 -0.85881 0.00447895
 354 -0.92 -0.858983 0.00446962
 355 -0.92 -0.859155 0.00446033
 356 -0.92 -0.859326 0.00445107
 357 -0.84 -0.859272 0.00443891
 358 -0.84 -0.859218 0.00442682
 359 -0.76 -0.858942 0.00442312
 360 -0.76 -0.858667 0.00441937
 361 -0.84 -0.858615 0.00440741
 362 -0.84 -0.858564 0.00439552
 363 -0.76 -0.858292 0.0043918
 364 -0.84 -0.858242 0.00438
 365 -0.76 -0.857973 0.00437627
 366 -0.76 -0.857705 0.0043725
 367 -0.68 -0.857221 0.00438737
 368 -0.76 -0.856957 0.0043834
 369 -0.68 -0.856477 0.00439773
 370 -0.76 -0.856216 0.00439357
 371 -0.84 -0.856173 0.00438193
 372 -0.84 -0.856129 0.00437035
 373 -0.84 -0.856086 0.00435883
 374 -0.92 -0.856257 0.00435052
 375 -0.92 -0.856427 0.00434223
 376 -0.92 -0.856596 0.00433397
 377 -0.92 -0.856764 0.00432573
 378 -0.84 -0.85672 0.0043145
 379 -0.84 -0.856675 0.00430332
 380 -0.92 -0.856842 0.00429522
 381 -0.92 -0.857008 0.00428714
 382 -0.92 -0.857173 0.00427908
 383 -0.84 -0.857128 0.00426813
 384 -0.84 -0.857083 0.00425723
 385 -0.84 -0.857039 0.00424639
 386 -0.84 -0.856995 0.0042356
 387 -0.92 -0.857158 0.00422778
 388 -0.92 -0.85732 0.00421998
 389 -0.92 -0.857481 0.0042122
 390 -0.92 -0.857641 0.00420444
 391 -0.92 -0.857801 0.00419671
 392 -0.92 -0.857959 0.00418899
 393 -0.92 -0.858117 0.0041813
 394 -0.84 -0.858071 0.00417093
 395 -0.84 -0.858025 0.00416061
 396 -0.76 -0.857778 0.00415747
 397 -0.76 -0.857531 0.00415429
 398 -0.84 -0.857487 0.00414407
 399 -0.84 -0.857444 0.0041339
 400 -0.84 -0.8574 0.00412379
 401 -0.84 -0.857357 0.00411372
 402 -0.84 -0.857313 0.0041037
 403 -0.84 -0.85727 0.00409373
 404 -0.84 -0.857228 0.00408381
 405 -0.84 -0.857185 0.00407393
 406 -0.84 -0.857143 0.00406411
 407 -0.76 -0.856904 0.00406113
 408 -0.84 -0.856863 0.00405138
 409 -0.92 -0.857017 0.00404441
 410 -0.92 -0.857171 0.00403745
 411 -0.84 -0.857129 0.00402783
 412 -0.92 -0.857282 0.00402094
 413 -0.92 -0.857433 0.00401407
 414 -0.92 -0.857585 0.00400721
 415 -0.92 -0.857735 0.00400037
 416 -0.92 -0.857885 0.00399355
 417 -0.92 -0.858034 0.00398675
 418 -0.92 -0.858182 0.00397996
 419 -0.92 -0.858329 0.00397319
 420 -0.92 -0.858476 0.00396644
 421 -0.92 -0.858622 0.0039597
 422 -0.84 -0.858578 0.00395055
 423 -0.84 -0.858534 0.00394145
 424 -0.84 -0.858491 0.00393238
 425 -0.76 -0.858259 0.00392996
 426 -0.76 -0.858028 0.0039275
 427 -0.76 -0.857799 0.00392501
 428 -0.76 -0.85757 0.00392249
 429 -0.84 -0.857529 0.00391355
 430 -0.84 -0.857488 0.00390465
 431 -0.84 -0.857448 0.00389579
 432 -0.84 -0.857407 0.00388698
 433 -0.92 -0.857552 0.00388068
 434 -0.92 -0.857696 0.0038744
 435 -0.92 -0.857839 0.00386814
 436 -0.92 -0.857982 0.00386189
 437 -0.92 -0.858124 0.00385565
 438 -0.92 -0.858265 0.00384943
 439 -0.84 -0.858223 0.00384088
 440 -0.84 -0.858182 0.00383237
 441 -0.68 -0.857778 0.00384495
 442 -0.68 -0.857376 0.00385727
 443 -0.68 -0.856975 0.00386933
 444 -0.68 -0.856577 0.00388112
 445 -0.76 -0.85636 0.00387847
 446 -0.76 -0.856143 0.00387579
 447 -0.68 -0.855749 0.00388714
 448 -0.84 -0.855714 0.00387861
 449 -0.76 -0.855501 0.00387583
 450 -0.76 -0.855289 0.00387302
 451 -0.76 -0.855078 0.0038702
 452 -0.76 -0.854867 0.00386735
 453 -0.76 -0.854658 0.00386448
 454 -0.76 -0.854449 0.00386159
 455 -0.68 -0.854066 0.00387213
 456 -0.68 -0.853684 0.00388244
 457 -0.76 -0.853479 0.00387935
 458 -0.76 -0.853275 0.00387625
 459 -0.84 -0.853246 0.0038679
 460 -0.84 -0.853217 0.00385959
 461 -0.84 -0.853189 0.00385132
 462 -0.76 -0.852987 0.00384826
 463 -0.76 -0.852786 0.00384519
 464 -0.68 -0.852414 0.00385492
 465 -0.68 -0.852043 0.00386445
 466 -0.68 -0.851674 0.00387378
 467 -0.68 -0.851306 0.00388292
 468 -0.76 -0.851111 0.00387952
 469 -0.84 -0.851087 0.00387132
 470 -0.84 -0.851064 0.00386314
 471 -0.84 -0.85104 0.003855
 472 -0.76 -0.850847 0.00385166
 473 -0.76 -0.850655 0.0038483
 474 -0.68 -0.850295 0.00385702
 475 -0.76 -0.850105 0.00385358
 476 -0.76 -0.849916 0.00385013
 477 -0.84 -0.849895 0.00384211
 478 -0.84 -0.849874 0.00383412
 479 -0.84 -0.849854 0.00382616
 480 -0.84 -0.849833 0.00381824
 481 -0.68 -0.84948 0.00382661
 482 -0.84 -0.849461 0.00381872
 483 -0.84 -0.849441 0.00381085
 484 -0.84 -0.849421 0.00380302
 485 -0.84 -0.849402 0.00379522
 486 -0.84 -0.849383 0.00378745
 487 -0.84 -0.849363 0.00377972
 488 -0.84 -0.849344 0.00377201
 489 -0.84 -0.849325 0.00376434
 490 -0.76 -0.849143 0.00376107
 491 -0.76 -0.848961 0.00375779
 492 -0.84 -0.848943 0.00375019
 493 -0.92 -0.849087 0.00374535
 494 -0.92 -0.849231 0.00374052
 495 -0.84 -0.849212 0.003733
 496 -0.92 -0.849355 0.0037282
 497 -0.92 -0.849497 0.0037234
 498 -0.84 -0.849478 0.00371597
 499 -0.84 -0.849459 0.00370856
 500 -0.84 -0.84944 0.00370118
 501 -0.92 -0.849581 0.00369647
 502 -0.92 -0.849721 0.00369177
 503 -0.92 -0.849861 0.00368707
 504 -0.84 -0.849841 0.0036798
 505 -0.84 -0.849822 0.00367256
 506 -0.84 -0.849802 0.00366534
 507 -0.84 -0.849783 0.00365816
 508 -0.76 -0.849606 0.00365523
 509 -0.76 -0.84943 0.00365228
 510 -0.84 -0.849412 0.00364516
 511 -0.84 -0.849393 0.00363807
 512 -0.84 -0.849375 0.003631
 513 -0.84 -0.849357 0.00362396
 514 -0.68 -0.849027 0.00363188
 515 -0.68 -0.848699 0.00363965
 516 -0.68 -0.848372 0.00364727
 517 -0.68 -0.848046 0.00365475
 518 -0.68 -0.847722 0.00366209
 519 -0.76 -0.847553 0.00365893
 520 -0.76 -0.847385 0.00365577
 521 -0.76 -0.847217 0.00365259
 522 -0.84 -0.847203 0.00364562
 523 -0.84 -0.847189 0.00363867
 524 -0.84 -0.847176 0.00363174
 525 -0.76 -0.84701 0.00362862
 526 -0.84 -0.846996 0.00362174
 527 -0.84 -0.846983 0.00361488
 528 -0.84 -0.84697 0.00360805
 529 -0.84 -0.846957 0.00360125
 530 -0.84 -0.846943 0.00359447
 531 -0.92 -0.847081 0.00359034
 532 -0.92 -0.847218 0.0035862
 533 -0.92 -0.847355 0.00358207
 534 -0.92 -0.847491 0.00357794
 535 -0.92 -0.847626 0.00357382
 536 -0.92 -0.847761 0.0035697
 537 -0.92 -0.847896 0.00356558
 538 -0.92 -0.84803 0.00356147
 539 -0.92 -0.848163 0.00355737
 540 -0.92 -0.848296 0.00355326
 541 -0.92 -0.848429 0.00354917
 542 -0.92 -0.848561 0.00354507
 543 -0.84 -0.848545 0.00353857
 544 -0.92 -0.848676 0.0035345
 545 -0.92 -0.848807 0.00353044
 546 -0.92 -0.848938 0.00352638
 547 -0.92 -0.849068 0.00352232
 548 -0.92 -0.849197 0.00351827
 549 -0.92 -0.849326 0.00351422
 550 -0.92 -0.849455 0.00351018
 551 -0.68 -0.849147 0.00351727
 552 -0.68 -0.848841 0.00352424
 553 -0.84 -0.848825 0.0035179
 554 -0.84 -0.848809 0.00351158
 555 -0.84 -0.848793 0.00350529
 556 -0.92 -0.848921 0.00350132
 557 -0.92 -0.849048 0.00349736
 558 -0.92 -0.849176 0.0034934
 559 -0.76 -0.849016 0.00349079
 560 -0.76 -0.848857 0.00348817
 561 -0.84 -0.848841 0.00348199
 562 -0.84 -0.848826 0.00347582
 563 -0.84 -0.84881 0.00346968
 564 -0.76 -0.848652 0.0034671
 565 -0.84 -0.848637 0.00346099
 566 -0.84 -0.848622 0.0034549
 567 -0.84 -0.848607 0.00344884
 568 -0.84 -0.848592 0.00344279
 569 -0.84 -0.848576 0.00343677
 570 -0.84 -0.848561 0.00343077
 571 -0.84 -0.848546 0.00342479
 572 -0.84 -0.848531 0.00341883
 573 -0.84 -0.848517 0.00341289
 574 -0.84 -0.848502 0.00340697
 575 -0.68 -0.848209 0.00341364
 576 -0.84 -0.848194 0.00340774
 577 -0.84 -0.84818 0.00340186
 578 -0.84 -0.848166 0.003396
 579 -0.84 -0.848152 0.00339016
 580 -0.76 -0.848 0.00338772
 581 -0.84 -0.847986 0.00338191
 582 -0.84 -0.847973 0.00337612
 583 -0.6 -0.847547 0.00339706
 584 -0.68 -0.84726 0.00340335
 585 -0.76 -0.847111 0.0034008
 586 -0.76 -0.846962 0.00339824
 587 -0.84 -0.846951 0.00339247
 588 -0.84 -0.846939 0.00338672
 589 -0.84 -0.846927 0.00338098
 590 -0.84 -0.846915 0.00337527
 591 -0.92 -0.847039 0.00337182
 592 -0.92 -0.847162 0.00336838
 593 -0.92 -0.847285 0.00336493
 594 -0.92 -0.847407 0.00336149
 595 -0.92 -0.847529 0.00335806
 596 -0.92 -0.847651 0.00335462
 597 -0.92 -0.847772 0.00335119
 598 -0.92 -0.847893 0.00334776
 599 -0.92 -0.848013 0.00334433
 600 -0.84 -0.848 0.00333878
 601 -0.84 -0.847987 0.00333325
 602 -0.84 -0.847973 0.00332773
 603 -0.84 -0.84796 0.00332224
 604 -0.84 -0.847947 0.00331676
 605 -0.76 -0.847802 0.00331446
 606 -0.76 -0.847657 0.00331216
 607 -0.84 -0.847644 0.00330672
 608 -0.76 -0.8475 0.00330442
 609 -0.76 -0.847356 0.00330212
 610 -0.76 -0.847213 0.00329981
 611 -0.76 -0.84707 0.0032975
 612 -0.76 -0.846928 0.00329518
 613 -0.76 -0.846786 0.00329285
 614 -0.76 -0.846645 0.00329052
 615 -0.84 -0.846634 0.00328518
 616 -0.84 -0.846623 0.00327986
 617 -0.84 -0.846613 0.00327456
 618 -0.76 -0.846472 0.00327226
 619 -0.76 -0.846333 0.00326996
 620 -0.68 -0.846065 0.00327568
 621 -0.68 -0.845797 0.00328132
 622 -0.68 -0.845531 0.00328687
 623 -0.68 -0.845265 0.00329232
 624 -0.76 -0.845128 0.00328988
 625 -0.76 -0.844992 0.00328744
 626 -0.76 -0.844856 0.00328499
 627 -0.68 -0.844593 0.00329027
 628 -0.6 -0.844204 0.00330803
 629 -0.76 -0.84407 0.00330548
 630 -0.76 -0.843937 0.00330293
 631 -0.76 -0.843803 0.00330037
 632 -0.76 -0.843671 0.00329781
 633 -0.76 -0.843539 0.00329525
 634 -0.76 -0.843407 0.00329268
 635 -0.76 -0.843276 0.00329012
 636 -0.76 -0.843145 0.00328755
 637 -0.76 -0.843014 0.00328498
 638 -0.68 -0.842759 0.00328976
 639 -0.68 -0.842504 0.00329447
 640 -0.76 -0.842375 0.00329184
 641 -0.76 -0.842246 0.00328922
 642 -0.76 -0.842118 0.00328659
 643 -0.76 -0.841991 0.00328396
 644 -0.76 -0.841863 0.00328132
 645 -0.68 -0.841612 0.00328583
 646 -0.76 -0.841486 0.00328317
 647 -0.84 -0.841484 0.00327809
 648 -0.76 -0.841358 0.00327545
 649 -0.76 -0.841233 0.0032728
 650 -0.76 -0.841108 0.00327015
 651 -0.84 -0.841106 0.00326512
 652 -0.84 -0.841104 0.00326011
 653 -0.84 -0.841103 0.00325511
 654 -0.76 -0.840979 0.0032525
 655 -0.76 -0.840855 0.00324988
 656 -0.76 -0.840732 0.00324726
 657 -0.92 -0.840852 0.00324456
 658 -0.92 -0.840973 0.00324186
 659 -0.92 -0.841093 0.00323915
 660 -0.92 -0.841212 0.00323645
 661 -0.92 -0.841331 0.00323375
 662 -0.92 -0.84145 0.00323105
 663 -0.92 -0.841569 0.00322834
 664 -0.92 -0.841687 0.00322564
 665 -0.92 -0.841805 0.00322294
 666 -0.84 -0.841802 0.0032181
 667 -0.92 -0.841919 0.00321541
 668 -0.84 -0.841916 0.00321059
 669 -0.76 -0.841794 0.00320813
 670 -0.76 -0.841672 0.00320566
 671 -0.76 -0.84155 0.00320319
 672 -0.76 -0.841429 0.00320072
 673 -0.92 -0.841545 0.0031981
 674 -0.92 -0.841662 0.00319547
 675 -0.92 -0.841778 0.00319284
 676 -0.92 -0.841893 0.00319021
 677 -0.92 -0.842009 0.00318759
 678 -0.92 -0.842124 0.00318496
 679 -0.92 -0.842239 0.00318233
 680 -0.92 -0.842353 0.00317971
 681 -0.92 -0.842467 0.00317708
 682 -0.92 -0.842581 0.00317445
 683 -0.92 -0.842694 0.00317183
 684 -0.92 -0.842807 0.00316921
 685 -0.92 -0.84292 0.00316658
 686 -0.92 -0.843032 0.00316396
 687 -0.92 -0.843144 0.00316133
 688 -0.92 -0.843256 0.00315871
 689 -0.92 -0.843367 0.00315609
 690 -0.92 -0.843478 0.00315347
 691 -0.92 -0.843589 0.00315085
 692 -0.92 -0.843699 0.00314823
 693 -0.92 -0.84381 0.00314561
 694 -0.92 -0.843919 0.00314299
 695 -0.92 -0.844029 0.00314038
 696 -0.84 -0.844023 0.00313587
 697 -0.84 -0.844017 0.00313137
 698 -0.92 -0.844126 0.00312877
 699 -0.92 -0.844235 0.00312618
 700 -0.92 -0.844343 0.00312359
 701 -0.84 -0.844337 0.00311913
 702 -0.84 -0.84433 0.00311469
 703 -0.84 -0.844324 0.00311027
 704 -0.84 -0.844318 0.00310585
 705 -0.76 -0.844199 0.00310375
 706 -0.76 -0.844079 0.00310164
 707 -0.76 -0.84396 0.00309953
 708 -0.76 -0.843842 0.00309742
 709 -0.76 -0.843724 0.00309531
 710 -0.68 -0.843493 0.00309954
 711 -0.84 -0.843488 0.00309518
 712 -0.84 -0.843483 0.00309083
 713 -0.84 -0.843478 0.0030865
 714 -0.84 -0.843473 0.00308218
 715 -0.84 -0.843469 0.00307787
 716 -0.84 -0.843464 0.00307357
 717 -0.84 -0.843459 0.00306928
 718 -0.84 -0.843454 0.00306501
 719 -0.84 -0.843449 0.00306075
 720 -0.84 -0.843444 0.0030565
 721 -0.84 -0.84344 0.00305226
 722 -0.84 -0.843435 0.00304803
 723 -0.84 -0.84343 0.00304382
 724 -0.84 -0.843425 0.00303961
 725 -0.76 -0.84331 0.0030376
 726 -0.76 -0.843196 0.00303558
 727 -0.76 -0.843081 0.00303356
 728 -0.84 -0.843077 0.0030294
 729 -0.84 -0.843073 0.00302524
 730 -0.84 -0.843068 0.0030211
 731 -0.84 -0.843064 0.00301696
 732 -0.76 -0.842951 0.00301498
 733 -0.76 -0.842838 0.00301299
 734 -0.84 -0.842834 0.00300888
 735 -0.76 -0.842721 0.0030069
 736 -0.84 -0.842717 0.00300281
 737 -0.84 -0.842714 0.00299874
 738 -0.84 -0.84271 0.00299467
 739 -0.68 -0.84249 0.00299871
 740 -0.76 -0.842378 0.00299673
 741 -0.76 -0.842267 0.00299475
 742 -0.68 -0.842049 0.00299869
 743 -0.76 -0.841938 0.00299669
 744 -0.76 -0.841828 0.00299468
 745 -0.76 -0.841718 0.00299268
 746 -0.76 -0.841609 0.00299067
 747 -0.84 -0.841606 0.00298667
 748 -0.84 -0.841604 0.00298267
 749 -0.84 -0.841602 0.00297869
 750 -0.84 -0.8416 0.00297471
 751 -0.84 -0.841598 0.00297075
 752 -0.84 -0.841596 0.0029668
 753 -0.84 -0.841594 0.00296286
 754 -0.84 -0.841592 0.00295892
 755 -0.84 -0.841589 0.002955
 756 -0.84 -0.841587 0.00295109
 757 -0.84 -0.841585 0.00294719
 758 -0.84 -0.841583 0.0029433
 759 -0.84 -0.841581 0.00293942
 760 -0.76 -0.841474 0.00293752
 761 -0.76 -0.841367 0.00293561
 762 -0.76 -0.84126 0.00293369
 763 -0.76 -0.841153 0.00293178
 764 -0.76 -0.841047 0.00292987
 765 -0.76 -0.840941 0.00292795
 766 -0.84 -0.84094 0.00292413
 767 -0.84 -0.840939 0.00292031
 768 -0.84 -0.840937 0.00291651
 769 -0.84 -0.840936 0.00291271
 770 -0.84 -0.840935 0.00290893
 771 -0.84 -0.840934 0.00290515
 772 -0.84 -0.840933 0.00290139
 773 -0.84 -0.840931 0.00289763
 774 -0.76 -0.840827 0.00289578
 775 -0.84 -0.840826 0.00289204
 776 -0.84 -0.840825 0.00288831
 777 -0.92 -0.840927 0.00288639
 778 -0.92 -0.841028 0.00288447
 779 -0.92 -0.84113 0.00288254
 780 -0.92 -0.841231 0.00288062
 781 -0.92 -0.841332 0.0028787
 782 -0.92 -0.841432 0.00287677
 783 -0.92 -0.841533 0.00287485
 784 -0.92 -0.841633 0.00287292
 785 -0.92 -0.841732 0.002871
 786 -0.92 -0.841832 0.00286907
 787 -0.84 -0.84183 0.00286542
 788 -0.92 -0.841929 0.0028635
 789 -0.92 -0.842028 0.00286158
 790 -0.92 -0.842127 0.00285966
 791 -1 -0.842326 0.00286301
 792 -1 -0.842525 0.00286632
 793 -1 -0.842724 0.00286958
 794 -1 -0.842922 0.0028728
 795 -1 -0.843119 0.00287598
 796 -1 -0.843317 0.00287912
 797 -1 -0.843513 0.00288221
 798 -0.92 -0.843609 0.0028802
 799 -0.84 -0.843605 0.00287659
 800 -0.84 -0.8436 0.002873
 801 -0.76 -0.843496 0.00287131
 802 -0.84 -0.843491 0.00286773
 803 -0.84 -0.843487 0.00286416
 804 -0.76 -0.843383 0.00286248
 805 -0.76 -0.84328 0.00286079
 806 -1 -0.843474 0.00286385
 807 -1 -0.843668 0.00286687
 808 -1 -0.843861 0.00286985
 809 -1 -0.844054 0.00287279
 810 -1 -0.844247 0.00287569
 811 -1 -0.844439 0.00287856
 812 -1 -0.844631 0.00288139
 813 -1 -0.844822 0.00288418
 814 -1 -0.845012 0.00288693
 815 -0.92 -0.845104 0.00288486
 816 -1 -0.845294 0.00288757
 817 -0.92 -0.845386 0.00288548
 818 -1 -0.845575 0.00288814
 819 -1 -0.845763 0.00289077
 820 -1 -0.845951 0.00289336
 821 -1 -0.846139 0.00289592
 822 -1 -0.846326 0.00289845
 823 -1 -0.846513 0.00290094
 824 -0.92 -0.846602 0.00289879
 825 -0.92 -0.846691 0.00289664
 826 -0.92 -0.84678 0.00289449
 827 -0.92 -0.846868 0.00289234
 828 -0.84 -0.84686 0.00288886
 829 -0.84 -0.846852 0.00288538
 830 -0.84 -0.846843 0.00288192
 831 -0.84 -0.846835 0.00287846
 832 -0.84 -0.846827 0.00287501
 833 -0.84 -0.846819 0.00287157
 834 -0.84 -0.846811 0.00286813
 835 -0.84 -0.846802 0.00286471
 836 -0.84 -0.846794 0.00286129
 837 -0.84 -0.846786 0.00285788
 838 -0.68 -0.846587 0.0028614
 839 -0.6 -0.846293 0.00287306
 840 -0.6 -0.846 0.00288458
 841 -0.68 -0.845803 0.0028879
 842 -0.68 -0.845606 0.00289118
 843 -0.68 -0.845409 0.00289442
 844 -0.76 -0.845308 0.00289276
 845 -0.76 -0.845207 0.0028911
 846 -0.76 -0.845106 0.00288944
 847 -0.76 -0.845006 0.00288777
 848 -0.76 -0.844906 0.00288611
 849 -0.76 -0.844806 0.00288444
 850 -0.6 -0.844518 0.0028954
 851 -0.76 -0.844418 0.0028937
 852 -0.76 -0.844319 0.002892
 853 -0.76 -0.84422 0.0028903
 854 -0.76 -0.844122 0.0028886
 855 -0.68 -0.84393 0.0028916
 856 -0.68 -0.843738 0.00289456
 857 -0.76 -0.843641 0.00289283
 858 -0.68 -0.84345 0.00289574
 859 -0.76 -0.843353 0.002894
 860 -0.76 -0.843256 0.00289226
 861 -0.76 -0.843159 0.00289052
 862 -0.84 -0.843155 0.00288716
 863 -0.84 -0.843152 0.00288382
 864 -0.76 -0.843056 0.00288209
 865 -0.76 -0.84296 0.00288035
 866 -0.68 -0.842771 0.00288317
 867 -0.68 -0.842584 0.00288596
 868 -0.68 -0.842396 0.00288871
 869 -0.76 -0.842301 0.00288694
 870 -0.76 -0.842207 0.00288517
 871 -0.84 -0.842204 0.00288186
 872 -0.76 -0.84211 0.0028801
 873 -0.76 -0.842016 0.00287833
 874 -0.76 -0.841922 0.00287657
 875 -0.84 -0.84192 0.00287328
 876 -0.84 -0.841918 0.00287
 877 -0.84 -0.841916 0.00286673
 878 -0.84 -0.841913 0.00286346
 879 -0.92 -0.842002 0.00286158
 880 -0.92 -0.842091 0.0028597
 881 -0.92 -0.842179 0.00285782
 882 -0.92 -0.842268 0.00285594
 883 -0.84 -0.842265 0.00285271
 884 -0.92 -0.842353 0.00285083
 885 -0.92 -0.842441 0.00284896
 886 -0.92 -0.842528 0.00284709
 887 -0.92 -0.842616 0.00284522
 888 -0.76 -0.842523 0.00284354
 889 -0.84 -0.84252 0.00284034
 890 -0.84 -0.842517 0.00283715
 891 -0.84 -0.842514 0.00283396
 892 -0.84 -0.842511 0.00283078
 893 -0.84 -0.842508 0.00282761
 894 -0.84 -0.842506 0.00282445
 895 -0.84 -0.842503 0.00282129
 896 -0.84 -0.8425 0.00281814
 897 -0.76 -0.842408 0.0028165
 898 -0.84 -0.842405 0.00281337
 899 -0.76 -0.842314 0.00281173
 900 -0.76 -0.842222 0.00281009
 901 -0.68 -0.842042 0.00281274
 902 -0.6 -0.841774 0.00282241
 903 -0.76 -0.841683 0.00282073
 904 -0.84 -0.841681 0.00281761
 905 -0.84 -0.84168 0.0028145
 906 -0.84 -0.841678 0.00281139
 907 -0.76 -0.841588 0.00280973
 908 -0.76 -0.841498 0.00280807
 909 -0.68 -0.84132 0.0028106
 910 -0.68 -0.841143 0.0028131
 911 -0.76 -0.841054 0.00281143
 912 -0.76 -0.840965 0.00280975
 913 -0.84 -0.840964 0.00280667
 914 -0.76 -0.840875 0.00280499
 915 -0.76 -0.840787 0.00280332
 916 -0.84 -0.840786 0.00280026
 917 -0.84 -0.840785 0.0027972
 918 -0.84 -0.840784 0.00279416
 919 -0.84 -0.840783 0.00279111
 920 -0.84 -0.840783 0.00278808
 921 -0.84 -0.840782 0.00278505
 922 -0.84 -0.840781 0.00278203
 923 -0.84 -0.84078 0.00277901
 924 -0.92 -0.840866 0.00277733
 925 -0.92 -0.840951 0.00277564
 926 -0.84 -0.84095 0.00277264
 927 -0.84 -0.840949 0.00276965
 928 -0.92 -0.841034 0.00276797
 929 -0.92 -0.841119 0.0027663
 930 -0.92 -0.841204 0.00276462
 931 -0.92 -0.841289 0.00276295
 932 -0.92 -0.841373 0.00276128
 933 -0.92 -0.841458 0.0027596
 934 -0.92 -0.841542 0.00275793
 935 -0.84 -0.84154 0.00275498
 936 -0.84 -0.841538 0.00275203
 937 -0.92 -0.841622 0.00275037
 938 -0.92 -0.841706 0.00274871
 939 -0.92 -0.841789 0.00274704
 940 -0.84 -0.841787 0.00274412
 941 -0.84 -0.841785 0.0027412
 942 -0.92 -0.841868 0.00273955
 943 -0.92 -0.841951 0.0027379
 944 -0.92 -0.842034 0.00273624
 945 -0.84 -0.842032 0.00273335
 946 -0.84 -0.84203 0.00273046
 947 -0.76 -0.841943 0.00272895
 948 -0.84 -0.841941 0.00272607
 949 -0.84 -0.841939 0.0027232
 950 -0.76 -0.841853 0.00272169
 951 -0.76 -0.841767 0.00272019
 952 -0.76 -0.841681 0.00271869
 953 -0.76 -0.841595 0.00271719
 954 -0.76 -0.841509 0.00271569
 955 -0.76 -0.841424 0.00271418
 956 -0.84 -0.841423 0.00271134
 957 -0.84 -0.841421 0.00270851
 958 -0.84 -0.84142 0.00270568
 959 -0.84 -0.841418 0.00270286
 960 -0.76 -0.841333 0.00270137
 961 -0.76 -0.841249 0.00269989
 962 -0.76 -0.841164 0.0026984
 963 -0.76 -0.84108 0.00269692
 964 -0.76 -0.840996 0.00269543
 965 -0.76 -0.840912 0.00269394
 966 -0.68 -0.840745 0.0026963
 967 -0.76 -0.840662 0.00269481
 968 -0.76 -0.840579 0.00269331
 969 -0.76 -0.840495 0.00269181
 970 -0.84 -0.840495 0.00268904
 971 -0.76 -0.840412 0.00268755
 972 -0.84 -0.840412 0.00268478
 973 -0.84 -0.840411 0.00268202
 974 -0.84 -0.840411 0.00267926
 975 -0.76 -0.840328 0.00267778
 976 -0.76 -0.840246 0.00267631
 977 -0.68 -0.840082 0.00267859
 978 -0.68 -0.839918 0.00268085
 979 -0.76 -0.839837 0.00267936
 980 -0.76 -0.839755 0.00267786
 981 -0.68 -0.839592 0.00268008
 982 -0.68 -0.83943 0.00268228
 983 -0.76 -0.839349 0.00268077
 984 -0.76 -0.839268 0.00267926
 985 -0.76 -0.839188 0.00267774
 986 -0.76 -0.839108 0.00267623
 987 -0.76 -0.839027 0.00267472
 988 -0.92 -0.839109 0.00267327
 989 -0.92 -0.839191 0.00267182
 990 -0.92 -0.839273 0.00267036
 991 -0.92 -0.839354 0.00266891
 992 -0.92 -0.839435 0.00266746
 993 -0.92 -0.839517 0.00266601
 994 -0.92 -0.839598 0.00266455
 995 -0.92 -0.839678 0.0026631
 996 -0.92 -0.839759 0.00266165
 997 -0.92 -0.83984 0.00266019
 998 -0.92 -0.83992 0.00265874
 999 -0.84 -0.83992 0.00265608
 1000 -0.76 -0.83984 0.00265462
 1001 -0.84 -0.83984 0.00265197
 1002 -0.84 -0.83984 0.00264932
 1003 -0.76 -0.839761 0.00264788
 1004 -0.84 -0.839761 0.00264524
 1005 -0.84 -0.839761 0.0026426
 1006 -0.84 -0.839761 0.00263998
 1007 -0.84 -0.839762 0.00263735
 1008 -0.92 -0.839841 0.00263594
 1009 -0.92 -0.839921 0.00263452
 1010 -0.92 -0.84 0.00263311
 1011 -0.92 -0.840079 0.00263169
 1012 -0.92 -0.840158 0.00263027
 1013 -0.92 -0.840237 0.00262886
 1014 -0.92 -0.840316 0.00262744
 1015 -0.92 -0.840394 0.00262603
 1016 -0.92 -0.840472 0.00262461
 1017 -0.92 -0.840551 0.00262319
 1018 -0.92 -0.840629 0.00262178
 1019 -0.92 -0.840707 0.00262036
 1020 -0.92 -0.840784 0.00261894
 1021 -0.92 -0.840862 0.00261753
 1022 -0.92 -0.840939 0.00261611
 1023 -0.92 -0.841017 0.0026147
 1024 -0.92 -0.841094 0.00261328
 1025 -0.76 -0.841015 0.00261193
 1026 -0.84 -0.841014 0.00260938
 1027 -0.76 -0.840935 0.00260803
 1028 -0.76 -0.840856 0.00260668
 1029 -0.92 -0.840933 0.00260528
 1030 -0.84 -0.840932 0.00260275
 1031 -0.84 -0.840931 0.00260023
 1032 -0.84 -0.84093 0.00259771
 1033 -0.84 -0.840929 0.00259519
 1034 -0.84 -0.840928 0.00259268
 1035 -0.84 -0.840928 0.00259017
 1036 -0.84 -0.840927 0.00258767
 1037 -0.84 -0.840926 0.00258518
 1038 -0.76 -0.840848 0.00258386
 1039 -0.76 -0.84077 0.00258255
 1040 -0.76 -0.840692 0.00258123
 1041 -0.68 -0.840538 0.00258337
 1042 -0.68 -0.840384 0.00258548
 1043 -0.76 -0.840307 0.00258415
 1044 -0.84 -0.840307 0.00258167
 1045 -0.84 -0.840306 0.0025792
 1046 -0.68 -0.840153 0.00258129
 1047 -0.76 -0.840076 0.00257996
 1048 -0.76 -0.84 0.00257863
 1049 -0.84 -0.84 0.00257617
 1050 -0.84 -0.84 0.00257371
 1051 -0.84 -0.84 0.00257126
 1052 -0.76 -0.839924 0.00256994
 1053 -0.84 -0.839924 0.0025675
 1054 -0.84 -0.839924 0.00256506
 1055 -0.84 -0.839924 0.00256263
 1056 -0.84 -0.839924 0.0025602
 1057 -0.84 -0.839924 0.00255778
 1058 -0.76 -0.839849 0.00255648
 1059 -0.76 -0.839773 0.00255518
 1060 -0.76 -0.839698 0.00255387
 1061 -0.76 -0.839623 0.00255257
 1062 -0.76 -0.839548 0.00255127
 1063 -0.76 -0.839473 0.00254996
 1064 -0.76 -0.839398 0.00254866
 1065 -0.6 -0.839174 0.00255617
 1066 -0.76 -0.839099 0.00255485
 1067 -0.76 -0.839025 0.00255353
 1068 -0.84 -0.839026 0.00255114
 1069 -0.84 -0.839027 0.00254875
 1070 -0.84 -0.839028 0.00254637
 1071 -0.84 -0.839029 0.00254399
 1072 -0.84 -0.83903 0.00254162
 1073 -0.84 -0.839031 0.00253925
 1074 -0.84 -0.839032 0.00253688
 1075 -0.84 -0.839033 0.00253452
 1076 -0.84 -0.839033 0.00253216
 1077 -0.84 -0.839034 0.00252981
 1078 -0.84 -0.839035 0.00252746
 1079 -0.76 -0.838962 0.00252618
 1080 -0.76 -0.838889 0.0025249
 1081 -0.68 -0.838742 0.00252684
 1082 -0.84 -0.838743 0.00252451
 1083 -0.92 -0.838818 0.00252329
 1084 -0.84 -0.838819 0.00252096
 1085 -0.84 -0.83882 0.00251864
 1086 -0.84 -0.838821 0.00251632
 1087 -0.84 -0.838822 0.002514
 1088 -0.92 -0.838897 0.0025128
 1089 -0.92 -0.838972 0.00251159
 1090 -0.92 -0.839046 0.00251039
 1091 -0.84 -0.839047 0.00250809
 1092 -0.92 -0.839121 0.00250689
 1093 -0.84 -0.839122 0.00250459
 1094 -0.76 -0.839049 0.00250335
 1095 -0.76 -0.838977 0.0025021
 1096 -0.76 -0.838905 0.00250086
 1097 -0.76 -0.838833 0.00249961
 1098 -0.68 -0.838689 0.00250152
 1099 -0.84 -0.83869 0.00249924
 1100 -0.92 -0.838764 0.00249806
 1101 -0.84 -0.838765 0.00249579
 1102 -0.92 -0.838838 0.00249462
 1103 -0.92 -0.838912 0.00249344
 1104 -0.92 -0.838986 0.00249226
 1105 -0.92 -0.839059 0.00249109
 1106 -0.92 -0.839132 0.00248991
 1107 -0.84 -0.839133 0.00248766
 1108 -0.92 -0.839206 0.00248648
 1109 -0.92 -0.839279 0.00248531
 1110 -0.92 -0.839351 0.00248413
 1111 -0.92 -0.839424 0.00248296
 1112 -0.92 -0.839496 0.00248178
 1113 -0.92 -0.839569 0.0024806
 1114 -0.92 -0.839641 0.00247943
 1115 -0.92 -0.839713 0.00247825
 1116 -0.92 -0.839785 0.00247708
 1117 -0.92 -0.839857 0.0024759
 1118 -0.92 -0.839928 0.00247472
 1119 -0.92 -0.84 0.00247354
 1120 -0.92 -0.840071 0.00247237
 1121 -0.92 -0.840143 0.00247119
 1122 -0.84 -0.840143 0.00246899
 1123 -0.84 -0.840142 0.00246679
 1124 -0.84 -0.840142 0.00246459
 1125 -0.84 -0.840142 0.0024624
 1126 -0.84 -0.840142 0.00246021
 1127 -0.76 -0.840071 0.00245906
 1128 -0.76 -0.84 0.0024579
 1129 -0.68 -0.839858 0.00245981
 1130 -0.76 -0.839788 0.00245865
 1131 -0.84 -0.839788 0.00245647
 1132 -0.84 -0.839788 0.0024543
 1133 -0.84 -0.839788 0.00245213
 1134 -0.76 -0.839718 0.00245098
 1135 -0.76 -0.839648 0.00244983
 1136 -0.76 -0.839577 0.00244867
 1137 -0.76 -0.839507 0.00244752
 1138 -0.76 -0.839438 0.00244636
 1139 -0.68 -0.839298 0.00244822
 1140 -0.68 -0.839158 0.00245006
 1141 -0.68 -0.839018 0.00245188
 1142 -0.68 -0.838879 0.00245369
 1143 -0.68 -0.83874 0.00245548
 1144 -0.76 -0.838671 0.0024543
 1145 -0.76 -0.838603 0.00245312
 1146 -0.76 -0.838534 0.00245193
 1147 -0.84 -0.838535 0.0024498
 1148 -0.84 -0.838537 0.00244766
 1149 -0.84 -0.838538 0.00244553
 1150 -0.84 -0.838539 0.0024434
 1151 -0.84 -0.83854 0.00244128
 1152 -0.84 -0.838542 0.00243916
 1153 -0.84 -0.838543 0.00243704
 1154 -0.84 -0.838544 0.00243493
 1155 -0.92 -0.838615 0.00243384
 1156 -0.92 -0.838685 0.00243276
 1157 -0.84 -0.838686 0.00243065
 1158 -0.84 -0.838687 0.00242855
 1159 -0.68 -0.83855 0.00243032
 1160 -0.76 -0.838483 0.00242917
 1161 -0.84 -0.838484 0.00242707
 1162 -0.84 -0.838485 0.00242498
 1163 -0.84 -0.838487 0.0024229
 1164 -0.76 -0.838419 0.00242175
 1165 -0.84 -0.838421 0.00241967
 1166 -0.76 -0.838353 0.00241853
 1167 -0.84 -0.838355 0.00241646
 1168 -0.84 -0.838356 0.00241439
 1169 -0.84 -0.838358 0.00241233
 1170 -0.84 -0.838359 0.00241026
 1171 -0.84 -0.83836 0.0024082
 1172 -0.76 -0.838294 0.00240708
 1173 -0.76 -0.838227 0.00240595
 1174 -0.76 -0.83816 0.00240482
 1175 -0.76 -0.838094 0.0024037
 1176 -0.76 -0.838027 0.00240257
 1177 -0.84 -0.838029 0.00240053
 1178 -0.84 -0.838031 0.00239849
 1179 -0.84 -0.838032 0.00239646
 1180 -0.84 -0.838034 0.00239442
 1181 -0.84 -0.838036 0.0023924
 1182 -0.84 -0.838037 0.00239037
 1183 -0.84 -0.838039 0.00238835
 1184 -0.76 -0.837973 0.00238724
 1185 -0.84 -0.837975 0.00238523
 1186 -0.76 -0.837909 0.00238412
 1187 -0.84 -0.837911 0.00238211
 1188 -0.84 -0.837912 0.00238011
 1189 -0.84 -0.837914 0.00237811
 1190 -0.84 -0.837916 0.00237611
 1191 -0.84 -0.837918 0.00237411
 1192 -0.92 -0.837987 0.00237312
 1193 -0.92 -0.838055 0.00237213
 1194 -0.92 -0.838124 0.00237113
 1195 -0.92 -0.838192 0.00237014
 1196 -0.92 -0.838261 0.00236914
 1197 -0.92 -0.838329 0.00236815
 1198 -0.92 -0.838397 0.00236715
 1199 -0.84 -0.838399 0.00236518
 1200 -0.92 -0.838467 0.00236418
 1201 -0.92 -0.838535 0.00236319
 1202 -0.84 -0.838536 0.00236122
 1203 -0.84 -0.838537 0.00235926
 1204 -0.76 -0.838472 0.0023582
 1205 -0.76 -0.838407 0.00235714
 1206 -0.76 -0.838342 0.00235609
 1207 -0.68 -0.83821 0.00235779
 1208 -0.76 -0.838146 0.00235672
 1209 -0.84 -0.838147 0.00235477
 1210 -0.84 -0.838149 0.00235283
 1211 -0.84 -0.83815 0.00235088
 1212 -0.84 -0.838152 0.00234894
 1213 -0.84 -0.838153 0.00234701
 1214 -0.84 -0.838155 0.00234507
 1215 -0.84 -0.838156 0.00234314
 1216 -0.84 -0.838158 0.00234122
 1217 -0.84 -0.838159 0.00233929
 1218 -0.84 -0.838161 0.00233737
 1219 -0.84 -0.838162 0.00233545
 1220 -0.84 -0.838164 0.00233354
 1221 -0.92 -0.838231 0.00233259
 1222 -0.92 -0.838298 0.00233164
 1223 -0.84 -0.838299 0.00232973
 1224 -0.84 -0.838301 0.00232783
 1225 -0.84 -0.838302 0.00232593
 1226 -0.84 -0.838303 0.00232403
 1227 -0.84 -0.838305 0.00232214
 1228 -0.84 -0.838306 0.00232025
 1229 -0.84 -0.838308 0.00231836
 1230 -0.84 -0.838309 0.00231647
 1231 -0.84 -0.83831 0.00231459
 1232 -0.84 -0.838312 0.00231271
 1233 -0.84 -0.838313 0.00231083
 1234 -0.76 -0.83825 0.00230983
 1235 -0.76 -0.838186 0.00230883
 1236 -0.68 -0.838058 0.00231051
 1237 -0.68 -0.83793 0.00231217
 1238 -0.68 -0.837803 0.00231383
 1239 -0.68 -0.837676 0.00231546
 1240 -0.68 -0.837548 0.00231709
 1241 -0.76 -0.837486 0.00231606
 1242 -0.76 -0.837424 0.00231504
 1243 -0.76 -0.837361 0.00231401
 1244 -0.84 -0.837363 0.00231215
 1245 -0.84 -0.837365 0.0023103
 1246 -0.84 -0.837368 0.00230844
 1247 -0.84 -0.83737 0.00230659
 1248 -0.84 -0.837372 0.00230474
 1249 -0.84 -0.837374 0.0023029
 1250 -0.84 -0.837376 0.00230106
 1251 -0.76 -0.837314 0.00230005
 1252 -0.84 -0.837316 0.00229821
 1253 -0.84 -0.837318 0.00229638
 1254 -0.84 -0.837321 0.00229455
 1255 -0.84 -0.837323 0.00229272
 1256 -0.84 -0.837325 0.00229089
 1257 -0.76 -0.837263 0.0022899
 1258 -0.76 -0.837202 0.0022889
 1259 -0.76 -0.837141 0.0022879
 1260 -0.76 -0.837079 0.0022869
 1261 -0.76 -0.837018 0.00228591
 1262 -0.76 -0.836957 0.00228491
 1263 -0.76 -0.836896 0.00228391
 1264 -0.84 -0.836899 0.00228211
 1265 -0.84 -0.836901 0.0022803
 1266 -0.84 -0.836904 0.0022785
 1267 -0.84 -0.836906 0.00227671
 1268 -0.84 -0.836909 0.00227491
 1269 -0.84 -0.836911 0.00227312
 1270 -0.84 -0.836913 0.00227133
 1271 -0.84 -0.836916 0.00226954
 1272 -0.84 -0.836918 0.00226776
 1273 -0.84 -0.836921 0.00226598
 1274 -0.84 -0.836923 0.0022642
 1275 -0.84 -0.836925 0.00226243
 1276 -0.76 -0.836865 0.00226146
 1277 -0.84 -0.836868 0.00225969
 1278 -0.84 -0.83687 0.00225792
 1279 -0.84 -0.836873 0.00225615
 1280 -0.84 -0.836875 0.00225439
 1281 -0.84 -0.836877 0.00225263
 1282 -0.84 -0.83688 0.00225088
 1283 -0.84 -0.836882 0.00224912
 1284 -0.84 -0.836885 0.00224737
 1285 -0.92 -0.836949 0.00224655
 1286 -0.92 -0.837014 0.00224573
 1287 -0.92 -0.837078 0.00224491
 1288 -0.92 -0.837143 0.00224409
 1289 -0.92 -0.837207 0.00224327
 1290 -0.92 -0.837271 0.00224245
 1291 -0.92 -0.837335 0.00224163
 1292 -0.84 -0.837337 0.0022399
 1293 -0.84 -0.83734 0.00223816
 1294 -0.76 -0.83728 0.00223723
 1295 -0.76 -0.83722 0.0022363
 1296 -0.84 -0.837222 0.00223458
 1297 -0.76 -0.837163 0.00223365
 1298 -0.92 -0.837227 0.00223284
 1299 -0.92 -0.83729 0.00223203
 1300 -0.92 -0.837354 0.00223122
 1301 -0.92 -0.837417 0.00223041
 1302 -0.92 -0.837481 0.00222959
 1303 -0.92 -0.837544 0.00222878
 1304 -0.92 -0.837607 0.00222797
 1305 -0.92 -0.83767 0.00222716
 1306 -0.92 -0.837734 0.00222634
 1307 -0.84 -0.837735 0.00222464
 1308 -0.92 -0.837798 0.00222383
 1309 -0.84 -0.8378 0.00222213
 1310 -0.76 -0.83774 0.00222123
 1311 -0.84 -0.837742 0.00221953
 1312 -0.92 -0.837805 0.00221873
 1313 -0.92 -0.837867 0.00221792
 1314 -0.92 -0.83793 0.00221711
 1315 -0.92 -0.837992 0.0022163
 1316 -0.92 -0.838055 0.0022155
 1317 -0.92 -0.838117 0.00221469
 1318 -0.84 -0.838118 0.00221301
 1319 -0.92 -0.83818 0.0022122
 1320 -0.84 -0.838182 0.00221052
 1321 -0.76 -0.838123 0.00220964
 1322 -0.76 -0.838064 0.00220876
 1323 -0.76 -0.838005 0.00220788
 1324 -0.76 -0.837946 0.002207
 1325 -0.84 -0.837947 0.00220533
 1326 -0.84 -0.837949 0.00220367
 1327 -0.84 -0.83795 0.00220201
 1328 -0.84 -0.837952 0.00220035
 1329 -0.84 -0.837953 0.00219869
 1330 -0.84 -0.837955 0.00219704
 1331 -0.84 -0.837956 0.00219539
 1332 -0.84 -0.837958 0.00219374
 1333 -0.84 -0.837959 0.0021921
 1334 -0.76 -0.837901 0.00219123
 1335 -0.84 -0.837903 0.00218959
 1336 -0.76 -0.837844 0.00218873
 1337 -0.76 -0.837786 0.00218786
 1338 -0.76 -0.837728 0.002187
 1339 -0.84 -0.83773 0.00218537
 1340 -0.84 -0.837731 0.00218374
 1341 -0.84 -0.837733 0.00218211
 1342 -0.84 -0.837735 0.00218048
 1343 -0.84 -0.837736 0.00217886
 1344 -0.84 -0.837738 0.00217724
 1345 -0.84 -0.83774 0.00217562
 1346 -0.84 -0.837741 0.002174
 1347 -0.84 -0.837743 0.00217239
 1348 -0.84 -0.837745 0.00217078
 1349 -0.76 -0.837687 0.00216993
 1350 -0.76 -0.83763 0.00216909
 1351 -0.68 -0.837513 0.00217062
 1352 -0.76 -0.837456 0.00216977
 1353 -0.76 -0.837398 0.00216892
 1354 -0.76 -0.837341 0.00216808
 1355 -0.76 -0.837284 0.00216723
 1356 -0.76 -0.837227 0.00216638
 1357 -0.84 -0.837229 0.00216478
 1358 -0.92 -0.83729 0.00216404
 1359 -1 -0.83741 0.00216576
 1360 -1 -0.837529 0.00216747
 1361 -1 -0.837649 0.00216916
 1362 -0.92 -0.837709 0.00216841
 1363 -0.92 -0.83777 0.00216766
 1364 -0.92 -0.83783 0.00216691
 1365 -0.92 -0.83789 0.00216616
 1366 -0.92 -0.83795 0.00216541
 1367 -0.92 -0.83801 0.00216466
 1368 -0.92 -0.83807 0.0021639
 1369 -0.92 -0.83813 0.00216315
 1370 -0.84 -0.838131 0.00216157
 1371 -0.76 -0.838074 0.00216075
 1372 -0.84 -0.838076 0.00215917
 1373 -0.84 -0.838077 0.0021576
 1374 -0.84 -0.838079 0.00215603
 1375 -0.84 -0.83808 0.00215446
 1376 -0.84 -0.838081 0.00215289
 1377 -0.84 -0.838083 0.00215133
 1378 -0.84 -0.838084 0.00214977
 1379 -0.84 -0.838086 0.00214821
 1380 -0.76 -0.838029 0.0021474
 1381 -0.84 -0.83803 0.00214584
 1382 -0.84 -0.838032 0.00214429
 1383 -0.84 -0.838033 0.00214274
 1384 -0.84 -0.838035 0.00214119
 1385 -0.84 -0.838036 0.00213965
 1386 -0.76 -0.83798 0.00213884
 1387 -0.84 -0.837981 0.0021373
 1388 -0.84 -0.837983 0.00213576
 1389 -0.84 -0.837984 0.00213422
 1390 -0.84 -0.837986 0.00213269
 1391 -0.84 -0.837987 0.00213115
 1392 -0.76 -0.837931 0.00213036
 1393 -0.68 -0.837818 0.00213185
 1394 -0.68 -0.837704 0.00213332
 1395 -0.76 -0.837649 0.00213252
 1396 -0.76 -0.837593 0.00213172
 1397 -0.68 -0.83748 0.00213318
 1398 -0.68 -0.837368 0.00213462
 1399 -0.76 -0.837312 0.00213382
 1400 -0.84 -0.837314 0.00213229
 1401 -0.84 -0.837316 0.00213077
 1402 -0.84 -0.837318 0.00212925
 1403 -0.84 -0.83732 0.00212773
 1404 -0.84 -0.837322 0.00212622
 1405 -0.84 -0.837324 0.0021247
 1406 -0.84 -0.837326 0.00212319
 1407 -0.84 -0.837328 0.00212169
 1408 -0.84 -0.83733 0.00212018
 1409 -0.84 -0.837331 0.00211867
 1410 -0.84 -0.837333 0.00211717
 1411 -0.84 -0.837335 0.00211567
 1412 -0.84 -0.837337 0.00211417
 1413 -0.84 -0.837339 0.00211268
 1414 -0.84 -0.837341 0.00211118
 1415 -0.84 -0.837343 0.00210969
 1416 -0.84 -0.837345 0.0021082
 1417 -0.84 -0.837347 0.00210672
 1418 -0.84 -0.837348 0.00210523
 1419 -0.84 -0.83735 0.00210375
 1420 -0.84 -0.837352 0.00210227
 1421 -0.84 -0.837354 0.00210079
 1422 -0.84 -0.837356 0.00209931
 1423 -0.84 -0.837358 0.00209783
 1424 -0.84 -0.83736 0.00209636
 1425 -0.84 -0.837361 0.00209489
 1426 -0.84 -0.837363 0.00209342
 1427 -0.84 -0.837365 0.00209196
 1428 -0.76 -0.837311 0.00209119
 1429 -0.76 -0.837257 0.00209043
 1430 -0.76 -0.837203 0.00208966
 1431 -0.84 -0.837205 0.0020882
 1432 -0.84 -0.837207 0.00208675
 1433 -0.84 -0.837209 0.00208529
 1434 -0.76 -0.837155 0.00208453
 1435 -0.76 -0.837101 0.00208377
 1436 -0.76 -0.837047 0.00208301
 1437 -0.76 -0.836994 0.00208225
 1438 -0.76 -0.83694 0.00208149
 1439 -0.76 -0.836887 0.00208073
 1440 -0.76 -0.836833 0.00207997
 1441 -0.76 -0.83678 0.00207921
 1442 -0.76 -0.836727 0.00207845
 1443 -0.84 -0.836729 0.00207701
 1444 -0.84 -0.836731 0.00207558
 1445 -0.84 -0.836734 0.00207414
 1446 -0.84 -0.836736 0.00207271
 1447 -0.84 -0.836738 0.00207127
 1448 -0.84 -0.83674 0.00206984
 1449 -0.84 -0.836743 0.00206842
 1450 -0.84 -0.836745 0.00206699
 1451 -0.84 -0.836747 0.00206557
 1452 -0.84 -0.836749 0.00206415
 1453 -0.84 -0.836752 0.00206273
 1454 -0.84 -0.836754 0.00206131
 1455 -0.84 -0.836756 0.00205989
 1456 -0.76 -0.836703 0.00205915
 1457 -0.84 -0.836706 0.00205774
 1458 -0.84 -0.836708 0.00205633
 1459 -0.84 -0.83671 0.00205492
 1460 -0.84 -0.836712 0.00205351
 1461 -0.84 -0.836715 0.00205211
 1462 -0.84 -0.836717 0.00205071
 1463 -0.84 -0.836719 0.0020493
 1464 -0.84 -0.836721 0.00204791
 1465 -0.84 -0.836724 0.00204651
 1466 -0.84 -0.836726 0.00204511
 1467 -0.92 -0.836783 0.00204451
 1468 -0.84 -0.836785 0.00204311
 1469 -0.84 -0.836787 0.00204172
 1470 -0.76 -0.836735 0.002041
 1471 -0.76 -0.836683 0.00204028
 1472 -0.76 -0.83663 0.00203956
 1473 -0.76 -0.836578 0.00203884
 1474 -0.84 -0.836581 0.00203746
 1475 -0.84 -0.836583 0.00203608
 1476 -0.84 -0.836585 0.0020347
 1477 -0.84 -0.836588 0.00203332
 1478 -0.84 -0.83659 0.00203195
 1479 -0.92 -0.836646 0.00203136
 1480 -0.84 -0.836649 0.00202998
 1481 -0.84 -0.836651 0.00202861
 1482 -0.84 -0.836653 0.00202725
 1483 -0.84 -0.836655 0.00202588
 1484 -0.84 -0.836658 0.00202452
 1485 -0.84 -0.83666 0.00202315
 1486 -0.92 -0.836716 0.00202257
 1487 -0.84 -0.836718 0.00202121
 1488 -0.84 -0.83672 0.00201985
 1489 -0.84 -0.836723 0.0020185
 1490 -0.84 -0.836725 0.00201714
 1491 -0.84 -0.836727 0.00201579
 1492 -0.84 -0.836729 0.00201444
 1493 -0.84 -0.836731 0.00201309
 1494 -0.84 -0.836734 0.00201174
 1495 -0.84 -0.836736 0.0020104
 1496 -0.76 -0.836684 0.00200971
 1497 -0.84 -0.836687 0.00200837
 1498 -0.92 -0.836742 0.0020078
 1499 -0.92 -0.836798 0.00200723
 1500 -0.92 -0.836853 0.00200665
 1501 -0.92 -0.836909 0.00200608
 1502 -0.84 -0.836911 0.00200475
 1503 -0.84 -0.836913 0.00200341
 1504 -0.84 -0.836915 0.00200208
 1505 -0.84 -0.836917 0.00200075
 1506 -0.84 -0.836919 0.00199942
 1507 -0.76 -0.836868 0.00199875
 1508 -0.76 -0.836817 0.00199807
 1509 -0.76 -0.836766 0.0019974
 1510 -0.68 -0.836662 0.00199877
 1511 -0.76 -0.836612 0.00199809
 1512 -0.84 -0.836614 0.00199677
 1513 -0.84 -0.836616 0.00199545
 1514 -0.84 -0.836618 0.00199414
 1515 -0.84 -0.83662 0.00199282
 1516 -0.84 -0.836623 0.00199151
 1517 -0.84 -0.836625 0.0019902
 1518 -0.84 -0.836627 0.00198889
 1519 -0.84 -0.836629 0.00198758
 1520 -0.92 -0.836684 0.00198703
 1521 -0.92 -0.836739 0.00198647
 1522 -0.92 -0.836794 0.00198592
 1523 -0.84 -0.836796 0.00198462
 1524 -0.84 -0.836798 0.00198332
 1525 -0.84 -0.8368 0.00198202
 1526 -0.84 -0.836802 0.00198072
 1527 -0.92 -0.836857 0.00198017
 1528 -0.92 -0.836911 0.00197962
 1529 -0.84 -0.836913 0.00197833
 1530 -0.84 -0.836915 0.00197704
 1531 -0.84 -0.836917 0.00197575
 1532 -0.92 -0.836971 0.0019752
 1533 -0.84 -0.836973 0.00197391
 1534 -0.76 -0.836923 0.00197326
 1535 -0.76 -0.836873 0.00197261
 1536 -0.68 -0.836771 0.00197397
 1537 -0.76 -0.836721 0.00197332
 1538 -0.76 -0.836671 0.00197267
 1539 -0.76 -0.836621 0.00197202
 1540 -0.84 -0.836623 0.00197074
 1541 -0.84 -0.836626 0.00196946
 1542 -0.84 -0.836628 0.00196818
 1543 -0.84 -0.83663 0.00196691
 1544 -0.84 -0.836632 0.00196563
 1545 -0.84 -0.836634 0.00196436
 1546 -0.92 -0.836688 0.00196383
 1547 -0.92 -0.836742 0.0019633
 1548 -0.92 -0.836796 0.00196277
 1549 -0.84 -0.836798 0.0019615
 1550 -0.92 -0.836852 0.00196097
 1551 -0.92 -0.836905 0.00196044
 1552 -0.92 -0.836959 0.00195991
 1553 -0.92 -0.837012 0.00195938
 1554 -0.92 -0.837066 0.00195884
 1555 -0.92 -0.837119 0.00195831
 1556 -0.92 -0.837172 0.00195777
 1557 -0.84 -0.837174 0.00195652
 1558 -0.84 -0.837176 0.00195526
 1559 -0.84 -0.837178 0.00195401
 1560 -0.84 -0.837179 0.00195276
 1561 -0.76 -0.83713 0.00195213
 1562 -0.84 -0.837132 0.00195088
 1563 -0.84 -0.837134 0.00194963
 1564 -0.84 -0.837136 0.00194839
 1565 -0.84 -0.837137 0.00194714
 1566 -0.84 -0.837139 0.0019459
 1567 -0.84 -0.837141 0.00194466
 1568 -0.84 -0.837143 0.00194342
 1569 -0.92 -0.837196 0.0019429
 1570 -0.92 -0.837248 0.00194238
 1571 -0.84 -0.83725 0.00194114
 1572 -0.84 -0.837252 0.00193991
 1573 -0.76 -0.837203 0.00193929
 1574 -0.76 -0.837154 0.00193868
 1575 -0.76 -0.837105 0.00193807
 1576 -0.76 -0.837056 0.00193746
 1577 -0.84 -0.837058 0.00193623
 1578 -0.84 -0.83706 0.001935
 1579 -0.84 -0.837061 0.00193378
 1580 -0.84 -0.837063 0.00193255
 1581 -0.84 -0.837065 0.00193133
 1582 -0.84 -0.837067 0.00193011
 1583 -0.84 -0.837069 0.00192889
 1584 -0.84 -0.837071 0.00192768
 1585 -0.84 -0.837073 0.00192646
 1586 -0.76 -0.837024 0.00192586
 1587 -0.76 -0.836975 0.00192526
 1588 -0.76 -0.836927 0.00192465
 1589 -0.92 -0.836979 0.00192415
 1590 -0.92 -0.837031 0.00192365
 1591 -0.92 -0.837084 0.00192315
 1592 -0.92 -0.837136 0.00192265
 1593 -0.92 -0.837188 0.00192214
 1594 -0.92 -0.83724 0.00192164
 1595 -0.76 -0.837191 0.00192104
 1596 -0.76 -0.837143 0.00192045
 1597 -0.76 -0.837095 0.00191985
 1598 -0.84 -0.837096 0.00191865
 1599 -0.84 -0.837098 0.00191745
 1600 -0.76 -0.83705 0.00191686
 1601 -0.76 -0.837002 0.00191627
 1602 -0.76 -0.836954 0.00191567
 1603 -0.76 -0.836906 0.00191508
 1604 -0.76 -0.836858 0.00191449
 1605 -0.68 -0.83676 0.00191579
 1606 -0.68 -0.836663 0.00191708
 1607 -0.68 -0.836565 0.00191837
 1608 -0.6 -0.836418 0.00192281
 1609 -0.76 -0.83637 0.0019222
 1610 -0.68 -0.836273 0.00192346
 1611 -0.68 -0.836176 0.00192471
 1612 -0.6 -0.83603 0.00192909
 1613 -0.68 -0.835933 0.00193032
 1614 -0.68 -0.835836 0.00193154
 1615 -0.84 -0.835839 0.00193035
 1616 -0.84 -0.835842 0.00192915
 1617 -0.84 -0.835844 0.00192796
 1618 -0.84 -0.835847 0.00192677
 1619 -0.84 -0.835849 0.00192558
 1620 -0.76 -0.835802 0.00192496
 1621 -0.84 -0.835805 0.00192378
 1622 -0.84 -0.835808 0.00192259
 1623 -0.84 -0.83581 0.00192141
 1624 -0.84 -0.835813 0.00192023
 1625 -0.84 -0.835815 0.00191905
 1626 -0.76 -0.835769 0.00191843
 1627 -0.76 -0.835722 0.00191782
 1628 -0.76 -0.835676 0.0019172
 1629 -0.76 -0.835629 0.00191659
 1630 -0.76 -0.835583 0.00191598
 1631 -0.76 -0.835536 0.00191536
 1632 -0.84 -0.835539 0.00191419
 1633 -0.84 -0.835542 0.00191302
 1634 -0.84 -0.835545 0.00191185
 1635 -0.84 -0.835547 0.00191068
 1636 -0.84 -0.83555 0.00190952
 1637 -0.84 -0.835553 0.00190835
 1638 -0.84 -0.835556 0.00190719
 1639 -0.92 -0.835607 0.00190672
 1640 -0.92 -0.835659 0.00190625
 1641 -0.84 -0.835661 0.00190509
 1642 -0.92 -0.835713 0.00190462
 1643 -0.84 -0.835715 0.00190347
 1644 -0.84 -0.835718 0.00190231
 1645 -0.84 -0.83572 0.00190115
 1646 -0.84 -0.835723 0.0019
 1647 -0.84 -0.835726 0.00189885
 1648 -0.84 -0.835728 0.0018977
 1649 -0.84 -0.835731 0.00189655
 1650 -0.84 -0.835733 0.0018954
 1651 -0.76 -0.835687 0.00189481
 1652 -0.76 -0.835642 0.00189421
 1653 -0.76 -0.835596 0.00189362
 1654 -0.84 -0.835599 0.00189248
 1655 -0.84 -0.835601 0.00189133
 1656 -0.84 -0.835604 0.00189019
 1657 -0.84 -0.835607 0.00188906
 1658 -0.76 -0.835561 0.00188847
 1659 -0.76 -0.835515 0.00188788
 1660 -0.92 -0.835566 0.00188743
 1661 -0.84 -0.835569 0.00188629
 1662 -0.92 -0.83562 0.00188584
 1663 -0.92 -0.83567 0.00188539
 1664 -0.92 -0.835721 0.00188494
 1665 -0.92 -0.835772 0.00188448
 1666 -0.92 -0.835822 0.00188403
 1667 -0.92 -0.835873 0.00188358
 1668 -0.92 -0.835923 0.00188312
 1669 -0.92 -0.835974 0.00188267
 1670 -0.92 -0.836024 0.00188221
 1671 -0.92 -0.836074 0.00188176
 1672 -0.92 -0.836124 0.0018813
 1673 -0.92 -0.836175 0.00188085
 1674 -0.84 -0.836177 0.00187972
 1675 -0.92 -0.836227 0.00187927
 1676 -0.92 -0.836277 0.00187881
 1677 -0.92 -0.836327 0.00187835
 1678 -0.92 -0.836377 0.0018779
 1679 -0.76 -0.836331 0.00187733
 1680 -0.84 -0.836333 0.00187621
 1681 -0.92 -0.836383 0.00187576
 1682 -0.92 -0.836433 0.0018753
 1683 -0.92 -0.836482 0.00187484
 1684 -0.92 -0.836532 0.00187438
 1685 -0.92 -0.836582 0.00187393
 1686 -0.92 -0.836631 0.00187347
 1687 -0.92 -0.83668 0.00187301
 1688 -0.84 -0.836682 0.0018719
 1689 -0.92 -0.836732 0.00187144
 1690 -0.84 -0.836734 0.00187034
 1691 -0.92 -0.836783 0.00186988
 1692 -0.84 -0.836785 0.00186877
 1693 -0.84 -0.836787 0.00186767
 1694 -0.84 -0.836789 0.00186657
 1695 -0.84 -0.836791 0.00186547
 1696 -0.84 -0.836792 0.00186437
 1697 -0.84 -0.836794 0.00186327
 1698 -0.84 -0.836796 0.00186217
 1699 -0.92 -0.836845 0.00186172
 1700 -0.92 -0.836894 0.00186127
 1701 -0.92 -0.836943 0.00186082
 1702 -0.92 -0.836992 0.00186036
 1703 -0.92 -0.837041 0.00185991
 1704 -0.76 -0.836995 0.00185937
 1705 -0.92 -0.837044 0.00185891
 1706 -0.92 -0.837093 0.00185846
 1707 -0.92 -0.837141 0.00185801
 1708 -0.92 -0.83719 0.00185755
 1709 -0.92 -0.837238 0.0018571
 1710 -0.92 -0.837287 0.00185664
 1711 -0.92 -0.837335 0.00185618
 1712 -0.92 -0.837383 0.00185573
 1713 -0.92 -0.837431 0.00185527
 1714 -0.92 -0.83748 0.00185481
 1715 -0.92 -0.837528 0.00185436
 1716 -0.92 -0.837576 0.0018539
 1717 -0.92 -0.837624 0.00185344
 1718 -0.92 -0.837672 0.00185298
 1719 -0.92 -0.83772 0.00185252
 1720 -0.92 -0.837767 0.00185206
 1721 -0.92 -0.837815 0.0018516
 1722 -0.92 -0.837863 0.00185114
 1723 -0.92 -0.837911 0.00185068
 1724 -0.84 -0.837912 0.00184961
 1725 -0.92 -0.837959 0.00184915
 1726 -0.92 -0.838007 0.00184869
 1727 -0.92 -0.838054 0.00184823
 1728 -0.92 -0.838102 0.00184777
 1729 -0.76 -0.838057 0.00184725
 1730 -0.76 -0.838012 0.00184673
 1731 -0.76 -0.837966 0.00184622
 1732 -0.76 -0.837921 0.0018457
 1733 -0.68 -0.83783 0.00184688
 1734 -0.68 -0.837739 0.00184806
 1735 -0.68 -0.837648 0.00184923
 1736 -0.76 -0.837604 0.00184871
 1737 -0.76 -0.837559 0.00184818
 1738 -0.84 -0.83756 0.00184712
 1739 -0.84 -0.837562 0.00184606
 1740 -0.68 -0.837471 0.00184722
 1741 -0.76 -0.837427 0.00184669
 1742 -0.76 -0.837382 0.00184617
 1743 -0.68 -0.837292 0.00184732
 1744 -0.68 -0.837202 0.00184846
 1745 -0.68 -0.837112 0.00184959
 1746 -0.76 -0.837068 0.00184906
 1747 -0.76 -0.837023 0.00184853
 1748 -0.76 -0.836979 0.001848
 1749 -0.84 -0.836981 0.00184694
 1750 -0.84 -0.836983 0.00184589
 1751 -0.92 -0.83703 0.00184544
 1752 -0.92 -0.837078 0.00184499
 1753 -0.92 -0.837125 0.00184455
 1754 -0.92 -0.837172 0.0018441
 1755 -0.84 -0.837174 0.00184305
 1756 -0.84 -0.837175 0.001842
 1757 -0.84 -0.837177 0.00184095
 1758 -0.84 -0.837179 0.00183991
 1759 -0.76 -0.837135 0.00183938
 1760 -0.76 -0.837091 0.00183886
 1761 -0.76 -0.837047 0.00183834
 1762 -0.76 -0.837003 0.00183781
 1763 -0.84 -0.837005 0.00183677
 1764 -0.76 -0.836961 0.00183625
 1765 -0.76 -0.836918 0.00183573
 1766 -0.68 -0.836829 0.00183684
 1767 -0.68 -0.83674 0.00183794
 1768 -0.68 -0.836652 0.00183904
 1769 -0.68 -0.836563 0.00184013
 1770 -0.68 -0.836475 0.00184122
 1771 -0.68 -0.836386 0.0018423
 1772 -0.68 -0.836298 0.00184337
 1773 -0.68 -0.83621 0.00184444
 1774 -0.68 -0.836122 0.0018455
 1775 -0.76 -0.836079 0.00184496
 1776 -0.76 -0.836036 0.00184442
 1777 -0.76 -0.835993 0.00184388
 1778 -0.68 -0.835906 0.00184493
 1779 -0.76 -0.835863 0.00184438
 1780 -0.76 -0.83582 0.00184384
 1781 -0.76 -0.835778 0.0018433
 1782 -0.76 -0.835735 0.00184275
 1783 -0.76 -0.835693 0.00184221
 1784 -0.84 -0.835695 0.00184118
 1785 -0.84 -0.835697 0.00184015
 1786 -0.84 -0.8357 0.00183912
 1787 -0.84 -0.835702 0.00183809
 1788 -0.84 -0.835705 0.00183706
 1789 -0.84 -0.835707 0.00183604
 1790 -0.84 -0.835709 0.00183501
 1791 -0.84 -0.835712 0.00183399
 1792 -0.84 -0.835714 0.00183297
 1793 -0.84 -0.835717 0.00183195
 1794 -0.84 -0.835719 0.00183093
 1795 -0.84 -0.835721 0.00182991
 1796 -0.84 -0.835724 0.00182889
 1797 -0.84 -0.835726 0.00182787
 1798 -0.84 -0.835729 0.00182686
 1799 -0.76 -0.835686 0.00182633
 1800 -0.76 -0.835644 0.0018258
 1801 -0.76 -0.835602 0.00182527
 1802 -0.76 -0.83556 0.00182474
 1803 -0.92 -0.835607 0.00182432
 1804 -0.92 -0.835654 0.00182391
 1805 -0.84 -0.835657 0.0018229
 1806 -0.76 -0.835615 0.00182238
 1807 -0.76 -0.835573 0.00182185
 1808 -0.84 -0.835575 0.00182084
 1809 -0.84 -0.835578 0.00181984
 1810 -0.92 -0.835624 0.00181943
 1811 -0.92 -0.835671 0.00181902
 1812 -0.92 -0.835717 0.00181861
 1813 -0.92 -0.835764 0.0018182
 1814 -0.92 -0.83581 0.00181779
 1815 -0.92 -0.835857 0.00181738
 1816 -0.92 -0.835903 0.00181697
 1817 -0.92 -0.835949 0.00181656
 1818 -0.84 -0.835952 0.00181556
 1819 -0.92 -0.835998 0.00181515
 1820 -0.92 -0.836044 0.00181474
 1821 -0.92 -0.83609 0.00181433
 1822 -0.92 -0.836136 0.00181392
 1823 -0.84 -0.836138 0.00181293
 1824 -0.76 -0.836096 0.00181241
 1825 -0.76 -0.836055 0.0018119
 1826 -0.76 -0.836013 0.00181139
 1827 -0.76 -0.835972 0.00181087
 1828 -0.84 -0.835974 0.00180988
 1829 -0.84 -0.835976 0.0018089
 1830 -0.84 -0.835978 0.00180791
 1831 -0.84 -0.83598 0.00180692
 1832 -0.92 -0.836026 0.00180652
 1833 -0.92 -0.836072 0.00180611
 1834 -0.92 -0.836118 0.00180571
 1835 -0.92 -0.836163 0.0018053
 1836 -0.92 -0.836209 0.0018049
 1837 -0.84 -0.836211 0.00180391
 1838 -0.92 -0.836257 0.00180351
 1839 -0.92 -0.836302 0.0018031
 1840 -0.92 -0.836348 0.0018027
 1841 -0.84 -0.83635 0.00180172
 1842 -0.84 -0.836352 0.00180074
 1843 -0.84 -0.836354 0.00179976
 1844 -0.84 -0.836356 0.00179879
 1845 -0.84 -0.836358 0.00179782
 1846 -0.84 -0.83636 0.00179684
 1847 -0.76 -0.836318 0.00179635
 1848 -0.76 -0.836277 0.00179585
 1849 -0.84 -0.836279 0.00179488
 1850 -0.84 -0.836281 0.00179391
 1851 -0.84 -0.836283 0.00179294
 1852 -0.92 -0.836328 0.00179254
 1853 -0.92 -0.836373 0.00179214
 1854 -0.92 -0.836419 0.00179174
 1855 -0.92 -0.836464 0.00179134
 1856 -0.92 -0.836509 0.00179094
 1857 -0.92 -0.836554 0.00179054
 1858 -0.92 -0.836598 0.00179014
 1859 -0.92 -0.836643 0.00178974
 1860 -0.92 -0.836688 0.00178934
 1861 -0.92 -0.836733 0.00178894
 1862 -0.92 -0.836778 0.00178854
 1863 -0.92 -0.836822 0.00178814
 1864 -0.84 -0.836824 0.00178718
 1865 -0.84 -0.836826 0.00178622
 1866 -0.92 -0.83687 0.00178582
 1867 -0.92 -0.836915 0.00178542
 1868 -0.92 -0.836959 0.00178502
 1869 -0.92 -0.837004 0.00178461
 1870 -0.84 -0.837005 0.00178366
 1871 -0.68 -0.836921 0.00178468
 1872 -0.68 -0.836838 0.00178569
 1873 -0.76 -0.836797 0.00178521
 1874 -0.76 -0.836756 0.00178473
 1875 -0.84 -0.836757 0.00178378
 1876 -0.84 -0.836759 0.00178283
 1877 -0.84 -0.836761 0.00178188
 1878 -0.84 -0.836763 0.00178093
 1879 -0.84 -0.836764 0.00177998
 1880 -0.84 -0.836766 0.00177904
 1881 -0.84 -0.836768 0.00177809
 1882 -0.76 -0.836727 0.00177762
 1883 -0.76 -0.836686 0.00177714
 1884 -0.76 -0.836645 0.00177666
 1885 -0.92 -0.83669 0.00177627
 1886 -0.92 -0.836734 0.00177588
 1887 -0.92 -0.836778 0.00177548
 1888 -0.84 -0.83678 0.00177454
 1889 -0.84 -0.836781 0.0017736
 1890 -0.84 -0.836783 0.00177267
 1891 -0.84 -0.836785 0.00177173
 1892 -0.84 -0.836786 0.00177079
 1893 -0.84 -0.836788 0.00176986
 1894 -0.84 -0.83679 0.00176893
 1895 -0.92 -0.836834 0.00176854
 1896 -0.92 -0.836878 0.00176815
 1897 -0.92 -0.836921 0.00176776
 1898 -0.92 -0.836965 0.00176737
 1899 -0.68 -0.836883 0.00176837
 1900 -0.76 -0.836842 0.0017679
 1901 -0.84 -0.836844 0.00176697
 1902 -0.84 -0.836845 0.00176605
 1903 -0.92 -0.836889 0.00176566
 1904 -0.84 -0.836891 0.00176473
 1905 -0.92 -0.836934 0.00176434
 1906 -0.92 -0.836978 0.00176396
 1907 -0.92 -0.837021 0.00176357
 1908 -0.92 -0.837065 0.00176318
 1909 -0.92 -0.837108 0.00176279
 1910 -0.84 -0.83711 0.00176187
 1911 -0.84 -0.837111 0.00176095
 1912 -0.76 -0.837071 0.00176049
 1913 -0.68 -0.836989 0.00176148
 1914 -0.68 -0.836907 0.00176247
 1915 -0.76 -0.836867 0.00176201
 1916 -0.76 -0.836827 0.00176155
 1917 -0.84 -0.836828 0.00176063
 1918 -0.84 -0.83683 0.00175971
 1919 -0.84 -0.836832 0.00175879
 1920 -0.84 -0.836833 0.00175788
 1921 -0.84 -0.836835 0.00175696
 1922 -0.84 -0.836837 0.00175605
 1923 -0.92 -0.83688 0.00175567
 1924 -0.92 -0.836923 0.00175529
 1925 -0.92 -0.836966 0.00175491
 1926 -0.92 -0.837009 0.00175453
 1927 -0.92 -0.837052 0.00175414
 1928 -0.92 -0.837095 0.00175376
 1929 -0.92 -0.837138 0.00175338
 1930 -0.92 -0.837181 0.001753
 1931 -0.92 -0.837224 0.00175261
 1932 -0.92 -0.837267 0.00175223
 1933 -0.92 -0.83731 0.00175185
 1934 -0.92 -0.837353 0.00175146
 1935 -0.92 -0.837395 0.00175108
 1936 -0.84 -0.837397 0.00175017
 1937 -0.92 -0.837439 0.00174979
 1938 -0.84 -0.837441 0.00174889
 1939 -0.84 -0.837442 0.00174798
 1940 -0.92 -0.837485 0.0017476
 1941 -0.92 -0.837527 0.00174722
 1942 -0.92 -0.83757 0.00174683
 1943 -0.92 -0.837612 0.00174645
 1944 -0.92 -0.837654 0.00174607
 1945 -0.92 -0.837697 0.00174568
 1946 -0.92 -0.837739 0.0017453
 1947 -0.92 -0.837781 0.00174491
 1948 -0.92 -0.837823 0.00174453
 1949 -0.84 -0.837825 0.00174363
 1950 -0.84 -0.837826 0.00174274
 1951 -0.84 -0.837827 0.00174184
 1952 -0.76 -0.837787 0.00174141
 1953 -0.76 -0.837747 0.00174097
 1954 -0.76 -0.837707 0.00174054
 1955 -0.76 -0.837668 0.0017401
 1956 -0.76 -0.837628 0.00173966
 1957 -0.76 -0.837588 0.00173923
 1958 -0.76 -0.837549 0.00173879
 1959 -0.76 -0.837509 0.00173835
 1960 -0.76 -0.837469 0.00173791
 1961 -0.76 -0.83743 0.00173748
 1962 -0.84 -0.837431 0.00173659
 1963 -0.92 -0.837473 0.00173622
 1964 -0.92 -0.837515 0.00173584
 1965 -0.76 -0.837476 0.00173541
 1966 -0.76 -0.837436 0.00173497
 1967 -0.76 -0.837397 0.00173454
 1968 -0.68 -0.837317 0.0017355
 1969 -0.84 -0.837318 0.00173462
 1970 -0.84 -0.83732 0.00173374
 1971 -0.84 -0.837321 0.00173286
 1972 -0.76 -0.837282 0.00173242
 1973 -0.76 -0.837243 0.00173199
 1974 -0.84 -0.837244 0.00173111
 1975 -0.84 -0.837246 0.00173023
 1976 -0.92 -0.837287 0.00172986
 1977 -0.92 -0.837329 0.0017295
 1978 -1 -0.837412 0.00173058
 1979 -1 -0.837494 0.00173165
 1980 -1 -0.837576 0.00173272
 1981 -1 -0.837658 0.00173379
 1982 -1 -0.83774 0.00173485
 1983 -1 -0.837821 0.0017359
 1984 -1 -0.837903 0.00173695
 1985 -1 -0.837985 0.00173799
 1986 -1 -0.838066 0.00173903
 1987 -1 -0.838148 0.00174007
 1988 -1 -0.838229 0.0017411
 1989 -0.92 -0.83827 0.00174071
 1990 -0.92 -0.838312 0.00174032
 1991 -0.84 -0.838312 0.00173944
 1992 -0.84 -0.838313 0.00173857
 1993 -0.84 -0.838314 0.0017377
 1994 -0.92 -0.838355 0.00173731
 1995 -1 -0.838436 0.00173833
 1996 -1 -0.838517 0.00173934
 1997 -1 -0.838598 0.00174035
 1998 -0.92 -0.838639 0.00173995
 1999 -0.92 -0.838679 0.00173956
 2000 -1 -0.83876 0.00174056
