 1 0 0 0
 2 0 0 0
 3 0 0 0
 4 0 0 0
 5 0 0 0
 6 0 0 0
 7 0 0 0
 8 0 0 0
 9 0 0 0
 10 0 0 0
 11 0 0 0
 12 1.11022e-14 9.25186e-16 9.25186e-16
 13 0 8.54018e-16 8.54018e-16
 14 0 7.93016e-16 7.93016e-16
 15 0 7.40149e-16 7.40149e-16
 16 0 6.93889e-16 6.93889e-16
 17 0 6.53072e-16 6.53072e-16
 18 0 6.16791e-16 6.16791e-16
 19 0 5.84328e-16 5.84328e-16
 20 0 5.55112e-16 5.55112e-16
 21 0 5.28678e-16 5.28678e-16
 22 0 5.04647e-16 5.04647e-16
 23 0 4.82706e-16 4.82706e-16
 24 0 4.62593e-16 4.62593e-16
 25 0 4.44089e-16 4.44089e-16
 26 0 4.27009e-16 4.27009e-16
 27 0 4.11194e-16 4.11194e-16
 28 0 3.96508e-16 3.96508e-16
 29 0 3.82836e-16 3.82836e-16
 30 0 3.70074e-16 3.70074e-16
 31 0 3.58136e-16 3.58136e-16
 32 0 3.46945e-16 3.46945e-16
 33 0 3.36431e-16 3.36431e-16
 34 0 3.26536e-16 3.26536e-16
 35 0 3.17207e-16 3.17207e-16
 36 0 3.08395e-16 3.08395e-16
 37 0 3.0006e-16 3.0006e-16
 38 0 2.92164e-16 2.92164e-16
 39 0 2.84673e-16 2.84673e-16
 40 0 2.77556e-16 2.77556e-16
 41 0 2.70786e-16 2.70786e-16
 42 0 2.64339e-16 2.64339e-16
 43 0 2.58191e-16 2.58191e-16
 44 0 2.52323e-16 2.52323e-16
 45 0 2.46716e-16 2.46716e-16
 46 0 2.41353e-16 2.41353e-16
 47 0 2.36218e-16 2.36218e-16
 48 0 2.31296e-16 2.31296e-16
 49 0 2.26576e-16 2.26576e-16
 50 0 2.22045e-16 2.22045e-16
 51 0 2.17691e-16 2.17691e-16
 52 0 2.13504e-16 2.13504e-16
 53 0 2.09476e-16 2.09476e-16
 54 0 2.05597e-16 2.05597e-16
 55 0 2.01859e-16 2.01859e-16
 56 0 1.98254e-16 1.98254e-16
 57 0 1.94776e-16 1.94776e-16
 58 0 1.91418e-16 1.91418e-16
 59 0 1.88173e-16 1.88173e-16
 60 0 1.85037e-16 1.85037e-16
 61 0 1.82004e-16 1.82004e-16
 62 0 1.79068e-16 1.79068e-16
 63 0 1.76226e-16 1.76226e-16
 64 0 1.73472e-16 1.73472e-16
 65 0 1.70804e-16 1.70804e-16
 66 0 1.68216e-16 1.68216e-16
 67 0 1.65705e-16 1.65705e-16
 68 0 1.63268e-16 1.63268e-16
 69 0 1.60902e-16 1.60902e-16
 70 0 1.58603e-16 1.58603e-16
 71 0 1.56369e-16 1.56369e-16
 72 0 1.54198e-16 1.54198e-16
 73 0 1.52085e-16 1.52085e-16
 74 0 1.5003e-16 1.5003e-16
 75 0 1.4803e-16 1.4803e-16
 76 0 1.46082e-16 1.46082e-16
 77 0 1.44185e-16 1.44185e-16
 78 0 1.42336e-16 1.42336e-16
 79 0 1.40535e-16 1.40535e-16
 80 0 1.38778e-16 1.38778e-16
 81 0 1.37065e-16 1.37065e-16
 82 0 1.35393e-16 1.35393e-16
 83 0 1.33762e-16 1.33762e-16
 84 0 1.32169e-16 1.32169e-16
 85 0 1.30614e-16 1.30614e-16
 86 0 1.29096e-16 1.29096e-16
 87 0 1.27612e-16 1.27612e-16
 88 0 1.26162e-16 1.26162e-16
 89 0 1.24744e-16 1.24744e-16
 90 0 1.23358e-16 1.23358e-16
 91 1.11022e-14 2.44005e-16 1.71576e-16
 92 0 2.41353e-16 1.69722e-16
 93 0 2.38758e-16 1.67907e-16
 94 0 2.36218e-16 1.66131e-16
 95 0 2.33731e-16 1.64391e-16
 96 0 2.31296e-16 1.62688e-16
 97 0 2.28912e-16 1.6102e-16
 98 0 2.26576e-16 1.59386e-16
 99 0 2.24287e-16 1.57784e-16
 100 0 2.22045e-16 1.56214e-16
 101 1.11022e-14 3.29769e-16 1.88479e-16
 102 1.11022e-14 4.35382e-16 2.14433e-16
 103 0 4.31155e-16 2.12383e-16
 104 0 4.27009e-16 2.10372e-16
 105 1.11022e-14 5.28678e-16 2.3184e-16
 106 1.11022e-14 6.28428e-16 2.50372e-16
 107 0 6.22555e-16 2.4809e-16
 108 0 6.16791e-16 2.4585e-16
 109 0 6.11132e-16 2.4365e-16
 110 1.11022e-14 7.06506e-16 2.5958e-16
 111 1.11022e-14 8.00161e-16 2.7375e-16
 112 1.11022e-14 8.92144e-16 2.86464e-16
 113 0 8.84248e-16 2.84028e-16
 114 1.11022e-14 9.7388e-16 2.95449e-16
 115 1.11022e-14 1.06195e-15 3.05825e-16
 116 1.11022e-14 1.14851e-15 3.1529e-16
 117 0 1.13869e-15 3.12738e-16
 118 0 1.12904e-15 3.10226e-16
 119 0 1.11955e-15 3.07755e-16
 120 0 1.11022e-15 3.05322e-16
 121 1.11022e-14 1.1928e-15 3.13847e-16
 122 0 1.18302e-15 3.11417e-16
 123 0 1.17341e-15 3.09025e-16
 124 0 1.16394e-15 3.06668e-16
 125 0 1.15463e-15 3.04348e-16
 126 0 1.14547e-15 3.02062e-16
 127 0 1.13645e-15 2.99809e-16
 128 0 1.12757e-15 2.9759e-16
 129 0 1.11883e-15 2.95404e-16
 130 0 1.11022e-15 2.93249e-16
 131 -5.55112e-15 1.05937e-15 2.95411e-16
 132 -5.55112e-15 1.00929e-15 2.97411e-16
 133 -5.55112e-15 9.59967e-16 2.9926e-16
 134 0 9.52803e-16 2.97105e-16
 135 0 9.45746e-16 2.9498e-16
 136 0 9.38792e-16 2.92886e-16
 137 0 9.31939e-16 2.90821e-16
 138 0 9.25186e-16 2.88785e-16
 139 0 9.1853e-16 2.86777e-16
 140 0 9.11969e-16 2.84797e-16
 141 0 9.05501e-16 2.82843e-16
 142 0 8.99124e-16 2.80917e-16
 143 0 8.92837e-16 2.79016e-16
 144 0 8.86636e-16 2.77141e-16
 145 0 8.80522e-16 2.75291e-16
 146 1.11022e-14 9.50533e-16 2.82221e-16
 147 1.11022e-14 1.01959e-15 2.88677e-16
 148 1.11022e-14 1.08772e-15 2.94702e-16
 149 1.11022e-14 1.15493e-15 3.00335e-16
 150 1.11022e-14 1.22125e-15 3.05608e-16
 151 1.11022e-14 1.28668e-15 3.10549e-16
 152 1.11022e-14 1.35126e-15 3.15186e-16
 153 0 1.34243e-15 3.13243e-16
 154 1.11022e-14 1.4058e-15 3.1759e-16
 155 1.11022e-14 1.46836e-15 3.21676e-16
 156 1.11022e-14 1.53012e-15 3.25519e-16
 157 1.11022e-14 1.59108e-15 3.29135e-16
 158 1.11022e-14 1.65128e-15 3.32539e-16
 159 1.11022e-14 1.71072e-15 3.35745e-16
 160 0 1.70003e-15 3.33811e-16
 161 0 1.68947e-15 3.31899e-16
 162 0 1.67904e-15 3.30009e-16
 163 0 1.66874e-15 3.2814e-16
 164 1.11022e-14 1.72626e-15 3.31167e-16
 165 1.11022e-14 1.78309e-15 3.34022e-16
 166 1.11022e-14 1.83922e-15 3.36717e-16
 167 0 1.82821e-15 3.34876e-16
 168 0 1.81733e-15 3.33054e-16
 169 1.11022e-14 1.87227e-15 3.35605e-16
 170 1.11022e-14 1.92656e-15 3.38014e-16
 171 0 1.9153e-15 3.36221e-16
 172 -5.55112e-15 1.87189e-15 3.37067e-16
 173 -5.55112e-15 1.82898e-15 3.37849e-16
 174 1.11022e-14 1.88227e-15 3.40103e-16
 175 1.11022e-14 1.93496e-15 3.42234e-16
 176 1.11022e-14 1.98705e-15 3.44247e-16
 177 0 1.97582e-15 3.42481e-16
 178 0 1.96472e-15 3.40732e-16
 179 1.11022e-14 2.01577e-15 3.42647e-16
 180 1.11022e-14 2.06625e-15 3.44457e-16
 181 0 2.05483e-15 3.42739e-16
 182 0 2.04354e-15 3.41038e-16
 183 1.11022e-14 2.09304e-15 3.42762e-16
 184 0 2.08167e-15 3.41084e-16
 185 0 2.07042e-15 3.39422e-16
 186 0 2.05928e-15 3.37775e-16
 187 0 2.04827e-15 3.36145e-16
 188 0 2.03738e-15 3.34529e-16
 189 1.11022e-14 2.08534e-15 3.36194e-16
 190 1.11022e-14 2.1328e-15 3.3777e-16
 191 0 2.12163e-15 3.36182e-16
 192 0 2.11058e-15 3.34609e-16
 193 0 2.09964e-15 3.33051e-16
 194 0 2.08882e-15 3.31506e-16
 195 0 2.07811e-15 3.29976e-16
 196 0 2.06751e-15 3.28459e-16
 197 0 2.05701e-15 3.26956e-16
 198 0 2.04662e-15 3.25466e-16
 199 0 2.03634e-15 3.2399e-16
 200 0 2.02616e-15 3.22527e-16
 201 0 2.01608e-15 3.21076e-16
 202 0 2.0061e-15 3.19639e-16
 203 0 1.99621e-15 3.18214e-16
 204 0 1.98643e-15 3.16801e-16
 205 1.11022e-14 2.0309e-15 3.18373e-16
 206 1.11022e-14 2.07493e-15 3.19869e-16
 207 1.11022e-14 2.11854e-15 3.21294e-16
 208 1.11022e-14 2.16173e-15 3.22649e-16
 209 1.11022e-14 2.20451e-15 3.23938e-16
 210 1.11022e-14 2.24688e-15 3.25164e-16
 211 0 2.23623e-15 3.23795e-16
 212 0 2.22568e-15 3.22437e-16
 213 0 2.21523e-15 3.21089e-16
 214 1.11022e-14 2.25676e-15 3.22272e-16
 215 0 2.24627e-15 3.20941e-16
 216 1.11022e-14 2.28727e-15 3.22072e-16
 217 1.11022e-14 2.32789e-15 3.23148e-16
 218 0 2.31721e-15 3.2184e-16
 219 1.11022e-14 2.35732e-15 3.22868e-16
 220 1.11022e-14 2.39707e-15 3.23846e-16
 221 1.11022e-14 2.43646e-15 3.24775e-16
 222 1.11022e-14 2.4755e-15 3.25657e-16
 223 1.11022e-14 2.51418e-15 3.26493e-16
 224 1.11022e-14 2.55252e-15 3.27285e-16
 225 1.11022e-14 2.59052e-15 3.28036e-16
 226 1.11022e-14 2.62818e-15 3.28746e-16
 227 1.11022e-14 2.66551e-15 3.29416e-16
 228 0 2.65382e-15 3.28177e-16
 229 1.11022e-14 2.69072e-15 3.28817e-16
 230 0 2.67902e-15 3.27593e-16
 231 1.11022e-14 2.71548e-15 3.28203e-16
 232 1.11022e-14 2.75163e-15 3.28779e-16
 233 1.11022e-14 2.78747e-15 3.29321e-16
 234 1.11022e-14 2.823e-15 3.2983e-16
 235 1.11022e-14 2.85823e-15 3.30308e-16
 236 1.11022e-14 2.89317e-15 3.30755e-16
 237 1.11022e-14 2.9278e-15 3.31173e-16
 238 1.11022e-14 2.96215e-15 3.31562e-16
 239 1.11022e-14 2.99621e-15 3.31924e-16
 240 1.11022e-14 3.02998e-15 3.32259e-16
 241 1.11022e-14 3.06348e-15 3.32569e-16
 242 1.11022e-14 3.0967e-15 3.32853e-16
 243 1.11022e-14 3.12964e-15 3.33114e-16
 244 1.11022e-14 3.16232e-15 3.33351e-16
 245 1.11022e-14 3.19472e-15 3.33566e-16
 246 1.11022e-14 3.22687e-15 3.33758e-16
 247 1.11022e-14 3.25875e-15 3.3393e-16
 248 -5.55112e-15 3.22323e-15 3.34473e-16
 249 0 3.21028e-15 3.33378e-16
 250 1.11022e-14 3.24185e-15 3.33539e-16
 251 1.11022e-14 3.27317e-15 3.3368e-16
 252 0 3.26018e-15 3.32607e-16
 253 -5.55112e-15 3.22535e-15 3.33116e-16
 254 -5.55112e-15 3.1908e-15 3.33596e-16
 255 0 3.17829e-15 3.32521e-16
 256 1.11022e-14 3.20924e-15 3.32662e-16
 257 1.11022e-14 3.23995e-15 3.32786e-16
 258 1.11022e-14 3.27042e-15 3.32891e-16
 259 1.11022e-14 3.30066e-15 3.32979e-16
 260 1.11022e-14 3.33067e-15 3.3305e-16
 261 1.11022e-14 3.36045e-15 3.33105e-16
 262 1.11022e-14 3.38999e-15 3.33145e-16
 263 1.11022e-14 3.41932e-15 3.33168e-16
 264 1.11022e-14 3.44842e-15 3.33177e-16
 265 1.11022e-14 3.4773e-15 3.33172e-16
 266 1.11022e-14 3.50597e-15 3.33153e-16
 267 0 3.49284e-15 3.32162e-16
 268 1.11022e-14 3.52123e-15 3.32136e-16
 269 1.11022e-14 3.54941e-15 3.32097e-16
 270 1.11022e-14 3.57739e-15 3.32045e-16
 271 1.11022e-14 3.60515e-15 3.31981e-16
 272 0 3.5919e-15 3.31024e-16
 273 0 3.57874e-15 3.30071e-16
 274 0 3.56568e-15 3.29124e-16
 275 0 3.55271e-15 3.28181e-16
 276 -5.55112e-15 3.51973e-15 3.28649e-16
 277 -5.55112e-15 3.48698e-15 3.29094e-16
 278 -5.55112e-15 3.45447e-15 3.29516e-16
 279 -5.55112e-15 3.42219e-15 3.29915e-16
 280 0 3.40997e-15 3.28962e-16
 281 1.11022e-14 3.43735e-15 3.2893e-16
 282 1.11022e-14 3.46453e-15 3.28887e-16
 283 0 3.45228e-15 3.27951e-16
 284 1.11022e-14 3.47922e-15 3.27903e-16
 285 1.11022e-14 3.50597e-15 3.27843e-16
 286 1.11022e-14 3.53253e-15 3.27773e-16
 287 1.11022e-14 3.5589e-15 3.27692e-16
 288 1.11022e-14 3.5851e-15 3.27601e-16
 289 1.11022e-14 3.61111e-15 3.275e-16
 290 1.11022e-14 3.63694e-15 3.27389e-16
 291 1.11022e-14 3.66259e-15 3.27269e-16
 292 1.11022e-14 3.68807e-15 3.2714e-16
 293 0 3.67548e-15 3.26265e-16
 294 0 3.66298e-15 3.25393e-16
 295 1.11022e-14 3.6882e-15 3.25267e-16
 296 1.11022e-14 3.71325e-15 3.25133e-16
 297 1.11022e-14 3.73812e-15 3.2499e-16
 298 0 3.72558e-15 3.2414e-16
 299 1.11022e-14 3.75025e-15 3.23995e-16
 300 1.11022e-14 3.77476e-15 3.23842e-16
 301 1.11022e-14 3.7991e-15 3.23681e-16
 302 1.11022e-14 3.82328e-15 3.23513e-16
 303 0 3.81067e-15 3.2269e-16
 304 -5.55112e-15 3.77987e-15 3.23098e-16
 305 -5.55112e-15 3.74928e-15 3.23486e-16
 306 0 3.73703e-15 3.2266e-16
 307 0 3.72485e-15 3.21838e-16
 308 0 3.71276e-15 3.21019e-16
 309 1.11022e-14 3.73667e-15 3.20871e-16
 310 1.11022e-14 3.76043e-15 3.20715e-16
 311 0 3.74834e-15 3.19911e-16
 312 0 3.73633e-15 3.1911e-16
 313 0 3.72439e-15 3.18313e-16
 314 0 3.71253e-15 3.17519e-16
 315 0 3.70074e-15 3.16729e-16
 316 0 3.68903e-15 3.15942e-16
 317 0 3.67739e-15 3.15159e-16
 318 0 3.66583e-15 3.14379e-16
 319 0 3.65434e-15 3.13603e-16
 320 0 3.64292e-15 3.1283e-16
 321 1.11022e-14 3.66616e-15 3.12718e-16
 322 1.11022e-14 3.68925e-15 3.126e-16
 323 1.11022e-14 3.7122e-15 3.12474e-16
 324 1.11022e-14 3.73501e-15 3.12342e-16
 325 1.11022e-14 3.75768e-15 3.12204e-16
 326 1.11022e-14 3.78021e-15 3.12059e-16
 327 1.11022e-14 3.8026e-15 3.11908e-16
 328 1.11022e-14 3.82485e-15 3.11751e-16
 329 1.11022e-14 3.84697e-15 3.11588e-16
 330 0 3.83532e-15 3.10861e-16
 331 -5.55112e-15 3.80696e-15 3.11215e-16
 332 1.11022e-14 3.82893e-15 3.11054e-16
 333 1.11022e-14 3.85077e-15 3.10886e-16
 334 1.11022e-14 3.87248e-15 3.10714e-16
 335 1.11022e-14 3.89407e-15 3.10535e-16
 336 1.11022e-14 3.91552e-15 3.10352e-16
 337 1.11022e-14 3.93684e-15 3.10164e-16
 338 1.11022e-14 3.95804e-15 3.09971e-16
 339 1.11022e-14 3.97912e-15 3.09773e-16
 340 1.11022e-14 4.00007e-15 3.0957e-16
 341 1.11022e-14 4.0209e-15 3.09363e-16
 342 1.11022e-14 4.0416e-15 3.09151e-16
 343 1.11022e-14 4.06219e-15 3.08935e-16
 344 0 4.05038e-15 3.08262e-16
 345 0 4.03864e-15 3.07591e-16
 346 1.11022e-14 4.05905e-15 3.07379e-16
 347 0 4.04735e-15 3.06716e-16
 348 1.11022e-14 4.06763e-15 3.06504e-16
 349 1.11022e-14 4.08778e-15 3.06289e-16
 350 0 4.0761e-15 3.05635e-16
 351 0 4.06449e-15 3.04985e-16
 352 0 4.05294e-15 3.04336e-16
 353 0 4.04146e-15 3.0369e-16
 354 0 4.03005e-15 3.03046e-16
 355 0 4.01869e-15 3.02404e-16
 356 0 4.00741e-15 3.01765e-16
 357 1.11022e-14 4.02728e-15 3.01574e-16
 358 1.11022e-14 4.04704e-15 3.01379e-16
 359 0 4.03577e-15 3.0075e-16
 360 0 4.02456e-15 3.00122e-16
 361 1.11022e-14 4.04416e-15 2.99931e-16
 362 1.11022e-14 4.06366e-15 2.99736e-16
 363 0 4.05247e-15 2.99119e-16
 364 1.11022e-14 4.07183e-15 2.98924e-16
 365 0 4.06068e-15 2.98313e-16
 366 0 4.04958e-15 2.97704e-16
 367 -5.55112e-15 4.02342e-15 2.98042e-16
 368 0 4.01249e-15 2.97432e-16
 369 -5.55112e-15 3.98657e-15 2.97755e-16
 370 0 3.9758e-15 2.97144e-16
 371 1.11022e-14 3.99501e-15 2.96964e-16
 372 1.11022e-14 4.01411e-15 2.9678e-16
 373 1.11022e-14 4.03312e-15 2.96593e-16
 374 0 4.02233e-15 2.95995e-16
 375 0 4.01161e-15 2.954e-16
 376 0 4.00094e-15 2.94806e-16
 377 0 3.99032e-15 2.94215e-16
 378 1.11022e-14 4.00914e-15 2.94038e-16
 379 1.11022e-14 4.02785e-15 2.93858e-16
 380 0 4.01725e-15 2.93275e-16
 381 0 4.00671e-15 2.92694e-16
 382 0 3.99622e-15 2.92115e-16
 383 1.11022e-14 4.01478e-15 2.91942e-16
 384 1.11022e-14 4.03323e-15 2.91765e-16
 385 1.11022e-14 4.05159e-15 2.91585e-16
 386 1.11022e-14 4.06986e-15 2.91401e-16
 387 0 4.05934e-15 2.90837e-16
 388 0 4.04888e-15 2.90276e-16
 389 0 4.03847e-15 2.89715e-16
 390 0 4.02812e-15 2.89157e-16
 391 0 4.01781e-15 2.88601e-16
 392 0 4.00757e-15 2.88046e-16
 393 0 3.99737e-15 2.87493e-16
 394 1.11022e-14 4.0154e-15 2.87329e-16
 395 1.11022e-14 4.03334e-15 2.87161e-16
 396 0 4.02316e-15 2.86616e-16
 397 0 4.01302e-15 2.86073e-16
 398 1.11022e-14 4.03083e-15 2.85909e-16
 399 1.11022e-14 4.04856e-15 2.85741e-16
 400 1.11022e-14 4.06619e-15 2.85571e-16
 401 1.11022e-14 4.08374e-15 2.85398e-16
 402 1.11022e-14 4.1012e-15 2.85222e-16
 403 1.11022e-14 4.11857e-15 2.85043e-16
 404 1.11022e-14 4.13586e-15 2.84862e-16
 405 1.11022e-14 4.15306e-15 2.84678e-16
 406 1.11022e-14 4.17017e-15 2.84491e-16
 407 0 4.15993e-15 2.83976e-16
 408 1.11022e-14 4.17694e-15 2.8379e-16
 409 0 4.16673e-15 2.83279e-16
 410 0 4.15657e-15 2.8277e-16
 411 1.11022e-14 4.17347e-15 2.82587e-16
 412 0 4.16334e-15 2.82082e-16
 413 0 4.15326e-15 2.81579e-16
 414 0 4.14322e-15 2.81077e-16
 415 0 4.13324e-15 2.80577e-16
 416 0 4.1233e-15 2.80078e-16
 417 0 4.11342e-15 2.7958e-16
 418 0 4.10358e-15 2.79084e-16
 419 0 4.09378e-15 2.78589e-16
 420 0 4.08403e-15 2.78096e-16
 421 0 4.07433e-15 2.77604e-16
 422 1.11022e-14 4.09099e-15 2.77446e-16
 423 1.11022e-14 4.10756e-15 2.77285e-16
 424 1.11022e-14 4.12406e-15 2.77122e-16
 425 0 4.11436e-15 2.76639e-16
 426 0 4.1047e-15 2.76158e-16
 427 0 4.09508e-15 2.75678e-16
 428 0 4.08552e-15 2.752e-16
 429 1.11022e-14 4.10187e-15 2.75044e-16
 430 1.11022e-14 4.11815e-15 2.74886e-16
 431 1.11022e-14 4.13436e-15 2.74726e-16
 432 1.11022e-14 4.15049e-15 2.74564e-16
 433 0 4.1409e-15 2.74096e-16
 434 0 4.13136e-15 2.7363e-16
 435 0 4.12186e-15 2.73166e-16
 436 0 4.11241e-15 2.72703e-16
 437 0 4.103e-15 2.7224e-16
 438 0 4.09363e-15 2.7178e-16
 439 1.11022e-14 4.1096e-15 2.71629e-16
 440 1.11022e-14 4.12549e-15 2.71477e-16
 441 -5.55112e-15 4.10355e-15 2.71748e-16
 442 -5.55112e-15 4.0817e-15 2.72011e-16
 443 -5.55112e-15 4.05996e-15 2.72266e-16
 444 -5.55112e-15 4.03831e-15 2.72513e-16
 445 0 4.02924e-15 2.72051e-16
 446 0 4.0202e-15 2.71591e-16
 447 -5.55112e-15 3.99879e-15 2.71827e-16
 448 1.11022e-14 4.01465e-15 2.71683e-16
 449 0 4.0057e-15 2.71225e-16
 450 0 3.9968e-15 2.70768e-16
 451 0 3.98794e-15 2.70312e-16
 452 0 3.97912e-15 2.69858e-16
 453 0 3.97033e-15 2.69404e-16
 454 0 3.96159e-15 2.68953e-16
 455 -5.55112e-15 3.94068e-15 2.69174e-16
 456 -5.55112e-15 3.91987e-15 2.69388e-16
 457 0 3.91129e-15 2.68935e-16
 458 0 3.90275e-15 2.68483e-16
 459 1.11022e-14 3.91843e-15 2.68356e-16
 460 1.11022e-14 3.93405e-15 2.68227e-16
 461 1.11022e-14 3.9496e-15 2.68096e-16
 462 0 3.94105e-15 2.67652e-16
 463 0 3.93254e-15 2.67209e-16
 464 -5.55112e-15 3.9121e-15 2.67414e-16
 465 -5.55112e-15 3.89175e-15 2.67614e-16
 466 -5.55112e-15 3.87149e-15 2.67807e-16
 467 -5.55112e-15 3.85131e-15 2.67993e-16
 468 0 3.84308e-15 2.67546e-16
 469 1.11022e-14 3.85856e-15 2.67424e-16
 470 1.11022e-14 3.87397e-15 2.67299e-16
 471 1.11022e-14 3.88932e-15 2.67172e-16
 472 0 3.88108e-15 2.66732e-16
 473 0 3.87287e-15 2.66294e-16
 474 -5.55112e-15 3.85299e-15 2.66475e-16
 475 0 3.84488e-15 2.66037e-16
 476 0 3.8368e-15 2.656e-16
 477 1.11022e-14 3.85203e-15 2.6548e-16
 478 1.11022e-14 3.8672e-15 2.65358e-16
 479 1.11022e-14 3.8823e-15 2.65234e-16
 480 1.11022e-14 3.89735e-15 2.65108e-16
 481 -5.55112e-15 3.8777e-15 2.65284e-16
 482 1.11022e-14 3.89269e-15 2.65157e-16
 483 1.11022e-14 3.90762e-15 2.65028e-16
 484 1.11022e-14 3.92248e-15 2.64898e-16
 485 1.11022e-14 3.93729e-15 2.64765e-16
 486 1.11022e-14 3.95203e-15 2.64631e-16
 487 1.11022e-14 3.96671e-15 2.64495e-16
 488 1.11022e-14 3.98133e-15 2.64357e-16
 489 1.11022e-14 3.99589e-15 2.64217e-16
 490 0 3.98774e-15 2.63803e-16
 491 0 3.97962e-15 2.63391e-16
 492 1.11022e-14 3.9941e-15 2.63253e-16
 493 0 3.98599e-15 2.62844e-16
 494 0 3.97792e-15 2.62435e-16
 495 1.11022e-14 3.99232e-15 2.623e-16
 496 0 3.98427e-15 2.61894e-16
 497 0 3.97625e-15 2.61489e-16
 498 1.11022e-14 3.99056e-15 2.61356e-16
 499 1.11022e-14 4.00481e-15 2.61221e-16
 500 1.11022e-14 4.01901e-15 2.61084e-16
 501 0 4.01099e-15 2.60686e-16
 502 0 4.003e-15 2.60288e-16
 503 0 3.99504e-15 2.59892e-16
 504 1.11022e-14 4.00914e-15 2.59759e-16
 505 1.11022e-14 4.02318e-15 2.59625e-16
 506 1.11022e-14 4.03717e-15 2.59488e-16
 507 1.11022e-14 4.05111e-15 2.59351e-16
 508 0 4.04314e-15 2.58962e-16
 509 0 4.03519e-15 2.58575e-16
 510 1.11022e-14 4.04905e-15 2.58439e-16
 511 1.11022e-14 4.06285e-15 2.58302e-16
 512 1.11022e-14 4.0766e-15 2.58164e-16
 513 1.11022e-14 4.0903e-15 2.58024e-16
 514 -5.55112e-15 4.07154e-15 2.58203e-16
 515 -5.55112e-15 4.05285e-15 2.58378e-16
 516 -5.55112e-15 4.03424e-15 2.58548e-16
 517 -5.55112e-15 4.0157e-15 2.58712e-16
 518 -5.55112e-15 3.99723e-15 2.58872e-16
 519 0 3.98953e-15 2.58487e-16
 520 0 3.98186e-15 2.58104e-16
 521 0 3.97421e-15 2.57721e-16
 522 1.11022e-14 3.98787e-15 2.57589e-16
 523 1.11022e-14 4.00147e-15 2.57456e-16
 524 1.11022e-14 4.01502e-15 2.57321e-16
 525 0 4.00738e-15 2.56944e-16
 526 1.11022e-14 4.02086e-15 2.5681e-16
 527 1.11022e-14 4.0343e-15 2.56674e-16
 528 1.11022e-14 4.04769e-15 2.56537e-16
 529 1.11022e-14 4.06102e-15 2.56399e-16
 530 1.11022e-14 4.07431e-15 2.56259e-16
 531 0 4.06664e-15 2.55891e-16
 532 0 4.05899e-15 2.55524e-16
 533 0 4.05138e-15 2.55158e-16
 534 0 4.04379e-15 2.54793e-16
 535 0 4.03623e-15 2.54428e-16
 536 0 4.0287e-15 2.54065e-16
 537 0 4.0212e-15 2.53702e-16
 538 0 4.01372e-15 2.5334e-16
 539 0 4.00628e-15 2.52979e-16
 540 0 3.99886e-15 2.5262e-16
 541 0 3.99147e-15 2.5226e-16
 542 0 3.9841e-15 2.51902e-16
 543 1.11022e-14 3.99721e-15 2.51779e-16
 544 0 3.98986e-15 2.51424e-16
 545 0 3.98254e-15 2.51069e-16
 546 0 3.97525e-15 2.50714e-16
 547 0 3.96798e-15 2.50361e-16
 548 0 3.96074e-15 2.50009e-16
 549 0 3.95353e-15 2.49657e-16
 550 0 3.94634e-15 2.49307e-16
 551 -5.55112e-15 3.9291e-15 2.4945e-16
 552 -5.55112e-15 3.91193e-15 2.49589e-16
 553 1.11022e-14 3.92493e-15 2.49476e-16
 554 1.11022e-14 3.93788e-15 2.49363e-16
 555 1.11022e-14 3.95079e-15 2.49247e-16
 556 0 3.94369e-15 2.489e-16
 557 0 3.93661e-15 2.48554e-16
 558 0 3.92955e-15 2.48208e-16
 559 0 3.92252e-15 2.47863e-16
 560 0 3.91552e-15 2.4752e-16
 561 1.11022e-14 3.92833e-15 2.4741e-16
 562 1.11022e-14 3.94109e-15 2.47299e-16
 563 1.11022e-14 3.95381e-15 2.47187e-16
 564 0 3.9468e-15 2.46848e-16
 565 1.11022e-14 3.95947e-15 2.46736e-16
 566 1.11022e-14 3.97209e-15 2.46622e-16
 567 1.11022e-14 3.98466e-15 2.46508e-16
 568 1.11022e-14 3.99719e-15 2.46392e-16
 569 1.11022e-14 4.00968e-15 2.46276e-16
 570 1.11022e-14 4.02212e-15 2.46158e-16
 571 1.11022e-14 4.03452e-15 2.46039e-16
 572 1.11022e-14 4.04688e-15 2.45919e-16
 573 1.11022e-14 4.05919e-15 2.45798e-16
 574 1.11022e-14 4.07146e-15 2.45676e-16
 575 -5.55112e-15 4.05473e-15 2.45819e-16
 576 1.11022e-14 4.06696e-15 2.45697e-16
 577 1.11022e-14 4.07916e-15 2.45573e-16
 578 1.11022e-14 4.09131e-15 2.45449e-16
 579 1.11022e-14 4.10341e-15 2.45324e-16
 580 0 4.09634e-15 2.45003e-16
 581 1.11022e-14 4.1084e-15 2.44878e-16
 582 1.11022e-14 4.12042e-15 2.44752e-16
 583 0 4.11335e-15 2.44434e-16
 584 -5.55112e-15 4.0968e-15 2.44575e-16
 585 0 4.0898e-15 2.44257e-16
 586 0 4.08282e-15 2.4394e-16
 587 1.11022e-14 4.09477e-15 2.43818e-16
 588 1.11022e-14 4.10669e-15 2.43694e-16
 589 1.11022e-14 4.11857e-15 2.4357e-16
 590 1.11022e-14 4.13041e-15 2.43444e-16
 591 0 4.12342e-15 2.43133e-16
 592 0 4.11645e-15 2.42822e-16
 593 0 4.10951e-15 2.42511e-16
 594 0 4.10259e-15 2.42201e-16
 595 0 4.0957e-15 2.41892e-16
 596 0 4.08882e-15 2.41584e-16
 597 0 4.08198e-15 2.41276e-16
 598 0 4.07515e-15 2.40969e-16
 599 0 4.06835e-15 2.40662e-16
 600 1.11022e-14 4.08007e-15 2.40547e-16
 601 1.11022e-14 4.09175e-15 2.4043e-16
 602 1.11022e-14 4.1034e-15 2.40313e-16
 603 1.11022e-14 4.11501e-15 2.40195e-16
 604 1.11022e-14 4.12657e-15 2.40076e-16
 605 0 4.11975e-15 2.39775e-16
 606 0 4.11295e-15 2.39476e-16
 607 1.11022e-14 4.12447e-15 2.39358e-16
 608 0 4.11769e-15 2.3906e-16
 609 0 4.11092e-15 2.38763e-16
 610 0 4.10419e-15 2.38467e-16
 611 0 4.09747e-15 2.38171e-16
 612 0 4.09077e-15 2.37876e-16
 613 0 4.0841e-15 2.37581e-16
 614 0 4.07745e-15 2.37287e-16
 615 1.11022e-14 4.08887e-15 2.37176e-16
 616 1.11022e-14 4.10026e-15 2.37064e-16
 617 1.11022e-14 4.1116e-15 2.36952e-16
 618 0 4.10495e-15 2.36662e-16
 619 0 4.09832e-15 2.36372e-16
 620 -5.55112e-15 4.08276e-15 2.36503e-16
 621 -5.55112e-15 4.06724e-15 2.36631e-16
 622 -5.55112e-15 4.05178e-15 2.36756e-16
 623 -5.55112e-15 4.03636e-15 2.36878e-16
 624 0 4.0299e-15 2.36586e-16
 625 0 4.02345e-15 2.36295e-16
 626 0 4.01702e-15 2.36005e-16
 627 -5.55112e-15 4.00176e-15 2.36122e-16
 628 0 3.99539e-15 2.35832e-16
 629 0 3.98904e-15 2.35542e-16
 630 0 3.9827e-15 2.35253e-16
 631 0 3.97639e-15 2.34965e-16
 632 0 3.9701e-15 2.34677e-16
 633 0 3.96383e-15 2.3439e-16
 634 0 3.95758e-15 2.34104e-16
 635 0 3.95134e-15 2.33818e-16
 636 0 3.94513e-15 2.33532e-16
 637 0 3.93894e-15 2.33248e-16
 638 -5.55112e-15 3.92406e-15 2.33356e-16
 639 -5.55112e-15 3.90924e-15 2.33462e-16
 640 0 3.90313e-15 2.33177e-16
 641 0 3.89704e-15 2.32893e-16
 642 0 3.89097e-15 2.32609e-16
 643 0 3.88492e-15 2.32326e-16
 644 0 3.87888e-15 2.32043e-16
 645 -5.55112e-15 3.86426e-15 2.32144e-16
 646 0 3.85828e-15 2.31862e-16
 647 1.11022e-14 3.86948e-15 2.31773e-16
 648 0 3.86351e-15 2.31493e-16
 649 0 3.85755e-15 2.31212e-16
 650 0 3.85162e-15 2.30933e-16
 651 1.11022e-14 3.86276e-15 2.30846e-16
 652 1.11022e-14 3.87386e-15 2.30759e-16
 653 1.11022e-14 3.88493e-15 2.30671e-16
 654 0 3.87899e-15 2.30395e-16
 655 0 3.87307e-15 2.30119e-16
 656 0 3.86716e-15 2.29844e-16
 657 0 3.86128e-15 2.29569e-16
 658 0 3.85541e-15 2.29295e-16
 659 0 3.84956e-15 2.29022e-16
 660 0 3.84373e-15 2.28749e-16
 661 0 3.83791e-15 2.28477e-16
 662 0 3.83211e-15 2.28205e-16
 663 0 3.82633e-15 2.27934e-16
 664 0 3.82057e-15 2.27663e-16
 665 0 3.81483e-15 2.27393e-16
 666 1.11022e-14 3.82577e-15 2.27315e-16
 667 0 3.82003e-15 2.27046e-16
 668 1.11022e-14 3.83093e-15 2.26968e-16
 669 0 3.82521e-15 2.26701e-16
 670 0 3.8195e-15 2.26434e-16
 671 0 3.81381e-15 2.26168e-16
 672 0 3.80813e-15 2.25903e-16
 673 0 3.80247e-15 2.25638e-16
 674 0 3.79683e-15 2.25373e-16
 675 0 3.79121e-15 2.2511e-16
 676 0 3.7856e-15 2.24846e-16
 677 0 3.78001e-15 2.24584e-16
 678 0 3.77443e-15 2.24321e-16
 679 0 3.76887e-15 2.2406e-16
 680 0 3.76333e-15 2.23799e-16
 681 0 3.7578e-15 2.23538e-16
 682 0 3.75229e-15 2.23278e-16
 683 0 3.7468e-15 2.23019e-16
 684 0 3.74132e-15 2.2276e-16
 685 0 3.73586e-15 2.22501e-16
 686 0 3.73041e-15 2.22243e-16
 687 0 3.72498e-15 2.21986e-16
 688 0 3.71957e-15 2.21729e-16
 689 0 3.71417e-15 2.21473e-16
 690 0 3.70879e-15 2.21217e-16
 691 0 3.70342e-15 2.20962e-16
 692 0 3.69807e-15 2.20708e-16
 693 0 3.69273e-15 2.20453e-16
 694 0 3.68741e-15 2.202e-16
 695 0 3.68211e-15 2.19947e-16
 696 1.11022e-14 3.69277e-15 2.19889e-16
 697 1.11022e-14 3.7034e-15 2.19831e-16
 698 0 3.69809e-15 2.1958e-16
 699 0 3.6928e-15 2.19329e-16
 700 0 3.68753e-15 2.19079e-16
 701 1.11022e-14 3.6981e-15 2.19022e-16
 702 1.11022e-14 3.70865e-15 2.18964e-16
 703 1.11022e-14 3.71917e-15 2.18905e-16
 704 1.11022e-14 3.72966e-15 2.18845e-16
 705 0 3.72437e-15 2.18598e-16
 706 0 3.71909e-15 2.18352e-16
 707 0 3.71383e-15 2.18107e-16
 708 0 3.70858e-15 2.17862e-16
 709 0 3.70335e-15 2.17617e-16
 710 -5.55112e-15 3.69032e-15 2.17701e-16
 711 1.11022e-14 3.70074e-15 2.17644e-16
 712 1.11022e-14 3.71114e-15 2.17587e-16
 713 1.11022e-14 3.7215e-15 2.17529e-16
 714 1.11022e-14 3.73184e-15 2.17469e-16
 715 1.11022e-14 3.74215e-15 2.1741e-16
 716 1.11022e-14 3.75243e-15 2.17349e-16
 717 1.11022e-14 3.76268e-15 2.17288e-16
 718 1.11022e-14 3.7729e-15 2.17225e-16
 719 1.11022e-14 3.7831e-15 2.17162e-16
 720 1.11022e-14 3.79326e-15 2.17099e-16
 721 1.11022e-14 3.8034e-15 2.17034e-16
 722 1.11022e-14 3.81351e-15 2.16969e-16
 723 1.11022e-14 3.82359e-15 2.16903e-16
 724 1.11022e-14 3.83364e-15 2.16837e-16
 725 0 3.82836e-15 2.16602e-16
 726 0 3.82308e-15 2.16368e-16
 727 0 3.81782e-15 2.16134e-16
 728 1.11022e-14 3.82783e-15 2.16068e-16
 729 1.11022e-14 3.83781e-15 2.16002e-16
 730 1.11022e-14 3.84776e-15 2.15936e-16
 731 1.11022e-14 3.85768e-15 2.15868e-16
 732 0 3.85241e-15 2.15638e-16
 733 0 3.84716e-15 2.15407e-16
 734 1.11022e-14 3.85704e-15 2.15341e-16
 735 0 3.85179e-15 2.15112e-16
 736 1.11022e-14 3.86165e-15 2.15045e-16
 737 1.11022e-14 3.87147e-15 2.14978e-16
 738 1.11022e-14 3.88127e-15 2.14909e-16
 739 -5.55112e-15 3.8685e-15 2.14998e-16
 740 0 3.86328e-15 2.14771e-16
 741 0 3.85806e-15 2.14544e-16
 742 -5.55112e-15 3.84538e-15 2.1463e-16
 743 0 3.84021e-15 2.14403e-16
 744 0 3.83504e-15 2.14177e-16
 745 0 3.8299e-15 2.13951e-16
 746 0 3.82476e-15 2.13726e-16
 747 1.11022e-14 3.83451e-15 2.13662e-16
 748 1.11022e-14 3.84422e-15 2.13597e-16
 749 1.11022e-14 3.85391e-15 2.13531e-16
 750 1.11022e-14 3.86358e-15 2.13465e-16
 751 1.11022e-14 3.87321e-15 2.13399e-16
 752 1.11022e-14 3.88283e-15 2.13332e-16
 753 1.11022e-14 3.89242e-15 2.13264e-16
 754 1.11022e-14 3.90198e-15 2.13195e-16
 755 1.11022e-14 3.91151e-15 2.13126e-16
 756 1.11022e-14 3.92103e-15 2.13056e-16
 757 1.11022e-14 3.93051e-15 2.12986e-16
 758 1.11022e-14 3.93997e-15 2.12915e-16
 759 1.11022e-14 3.94941e-15 2.12844e-16
 760 0 3.94421e-15 2.12627e-16
 761 0 3.93903e-15 2.12411e-16
 762 0 3.93386e-15 2.12195e-16
 763 0 3.92871e-15 2.11979e-16
 764 0 3.92356e-15 2.11764e-16
 765 0 3.91843e-15 2.11549e-16
 766 1.11022e-14 3.92781e-15 2.11481e-16
 767 1.11022e-14 3.93717e-15 2.11412e-16
 768 1.11022e-14 3.9465e-15 2.11343e-16
 769 1.11022e-14 3.9558e-15 2.11273e-16
 770 1.11022e-14 3.96508e-15 2.11202e-16
 771 1.11022e-14 3.97434e-15 2.11131e-16
 772 1.11022e-14 3.98357e-15 2.11059e-16
 773 1.11022e-14 3.99278e-15 2.10987e-16
 774 0 3.98762e-15 2.10778e-16
 775 1.11022e-14 3.9968e-15 2.10706e-16
 776 1.11022e-14 4.00596e-15 2.10633e-16
 777 0 4.0008e-15 2.10425e-16
 778 0 3.99566e-15 2.10217e-16
 779 0 3.99053e-15 2.1001e-16
 780 0 3.98542e-15 2.09803e-16
 781 0 3.98031e-15 2.09596e-16
 782 0 3.97522e-15 2.0939e-16
 783 0 3.97015e-15 2.09184e-16
 784 0 3.96508e-15 2.08978e-16
 785 0 3.96003e-15 2.08773e-16
 786 0 3.95499e-15 2.08568e-16
 787 1.11022e-14 3.96407e-15 2.08501e-16
 788 0 3.95904e-15 2.08297e-16
 789 0 3.95403e-15 2.08093e-16
 790 0 3.94902e-15 2.0789e-16
 791 0 3.94403e-15 2.07687e-16
 792 0 3.93905e-15 2.07484e-16
 793 0 3.93408e-15 2.07282e-16
 794 0 3.92913e-15 2.0708e-16
 795 0 3.92418e-15 2.06878e-16
 796 0 3.91925e-15 2.06677e-16
 797 0 3.91434e-15 2.06476e-16
 798 0 3.90943e-15 2.06276e-16
 799 1.11022e-14 3.91843e-15 2.06214e-16
 800 1.11022e-14 3.92741e-15 2.06152e-16
 801 0 3.92251e-15 2.05952e-16
 802 1.11022e-14 3.93146e-15 2.0589e-16
 803 1.11022e-14 3.94039e-15 2.05827e-16
 804 0 3.93549e-15 2.0563e-16
 805 0 3.9306e-15 2.05432e-16
 806 0 3.92573e-15 2.05235e-16
 807 0 3.92086e-15 2.05038e-16
 808 0 3.91601e-15 2.04842e-16
 809 0 3.91117e-15 2.04646e-16
 810 0 3.90634e-15 2.0445e-16
 811 0 3.90152e-15 2.04255e-16
 812 0 3.89672e-15 2.04059e-16
 813 0 3.89193e-15 2.03865e-16
 814 0 3.88714e-15 2.0367e-16
 815 0 3.88237e-15 2.03476e-16
 816 0 3.87762e-15 2.03282e-16
 817 0 3.87287e-15 2.03089e-16
 818 0 3.86814e-15 2.02896e-16
 819 0 3.86341e-15 2.02703e-16
 820 0 3.8587e-15 2.0251e-16
 821 0 3.854e-15 2.02318e-16
 822 0 3.84931e-15 2.02126e-16
 823 0 3.84464e-15 2.01934e-16
 824 0 3.83997e-15 2.01743e-16
 825 0 3.83532e-15 2.01552e-16
 826 0 3.83067e-15 2.01362e-16
 827 0 3.82604e-15 2.01171e-16
 828 1.11022e-14 3.83483e-15 2.0112e-16
 829 1.11022e-14 3.84359e-15 2.01069e-16
 830 1.11022e-14 3.85234e-15 2.01017e-16
 831 1.11022e-14 3.86106e-15 2.00964e-16
 832 1.11022e-14 3.86977e-15 2.00911e-16
 833 1.11022e-14 3.87845e-15 2.00857e-16
 834 1.11022e-14 3.88711e-15 2.00803e-16
 835 1.11022e-14 3.89575e-15 2.00749e-16
 836 1.11022e-14 3.90437e-15 2.00694e-16
 837 1.11022e-14 3.91297e-15 2.00638e-16
 838 -5.55112e-15 3.90168e-15 2.00717e-16
 839 0 3.89703e-15 2.00531e-16
 840 0 3.89239e-15 2.00346e-16
 841 -5.55112e-15 3.88116e-15 2.00422e-16
 842 -5.55112e-15 3.86996e-15 2.00497e-16
 843 -5.55112e-15 3.85878e-15 2.00571e-16
 844 0 3.85421e-15 2.00385e-16
 845 0 3.84965e-15 2.002e-16
 846 0 3.8451e-15 2.00015e-16
 847 0 3.84056e-15 1.9983e-16
 848 0 3.83603e-15 1.99646e-16
 849 0 3.83151e-15 1.99462e-16
 850 0 3.827e-15 1.99278e-16
 851 0 3.82251e-15 1.99095e-16
 852 0 3.81802e-15 1.98911e-16
 853 0 3.81354e-15 1.98728e-16
 854 0 3.80908e-15 1.98546e-16
 855 -5.55112e-15 3.79813e-15 1.98615e-16
 856 -5.55112e-15 3.78721e-15 1.98684e-16
 857 0 3.78279e-15 1.98501e-16
 858 -5.55112e-15 3.77191e-15 1.98568e-16
 859 0 3.76752e-15 1.98385e-16
 860 0 3.76314e-15 1.98203e-16
 861 0 3.75877e-15 1.9802e-16
 862 1.11022e-14 3.76729e-15 1.97974e-16
 863 1.11022e-14 3.77579e-15 1.97927e-16
 864 0 3.77142e-15 1.97746e-16
 865 0 3.76706e-15 1.97565e-16
 866 -5.55112e-15 3.7563e-15 1.9763e-16
 867 -5.55112e-15 3.74556e-15 1.97694e-16
 868 -5.55112e-15 3.73485e-15 1.97756e-16
 869 0 3.73055e-15 1.97575e-16
 870 0 3.72627e-15 1.97395e-16
 871 1.11022e-14 3.73473e-15 1.9735e-16
 872 0 3.73045e-15 1.9717e-16
 873 0 3.72618e-15 1.9699e-16
 874 0 3.72191e-15 1.96811e-16
 875 1.11022e-14 3.73035e-15 1.96767e-16
 876 1.11022e-14 3.73876e-15 1.96722e-16
 877 1.11022e-14 3.74716e-15 1.96677e-16
 878 1.11022e-14 3.75554e-15 1.96631e-16
 879 0 3.75127e-15 1.96454e-16
 880 0 3.747e-15 1.96277e-16
 881 0 3.74275e-15 1.961e-16
 882 0 3.73851e-15 1.95923e-16
 883 1.11022e-14 3.74685e-15 1.95879e-16
 884 0 3.74261e-15 1.95703e-16
 885 0 3.73838e-15 1.95528e-16
 886 0 3.73416e-15 1.95353e-16
 887 0 3.72995e-15 1.95178e-16
 888 0 3.72575e-15 1.95003e-16
 889 1.11022e-14 3.73405e-15 1.9496e-16
 890 1.11022e-14 3.74232e-15 1.94917e-16
 891 1.11022e-14 3.75059e-15 1.94873e-16
 892 1.11022e-14 3.75883e-15 1.94829e-16
 893 1.11022e-14 3.76705e-15 1.94784e-16
 894 1.11022e-14 3.77526e-15 1.94739e-16
 895 1.11022e-14 3.78344e-15 1.94694e-16
 896 1.11022e-14 3.79161e-15 1.94648e-16
 897 0 3.78738e-15 1.94477e-16
 898 1.11022e-14 3.79553e-15 1.94431e-16
 899 0 3.79131e-15 1.9426e-16
 900 0 3.78709e-15 1.9409e-16
 901 -5.55112e-15 3.77673e-15 1.94151e-16
 902 0 3.77254e-15 1.93981e-16
 903 0 3.76836e-15 1.93811e-16
 904 1.11022e-14 3.77648e-15 1.93766e-16
 905 1.11022e-14 3.78457e-15 1.93721e-16
 906 1.11022e-14 3.79265e-15 1.93676e-16
 907 0 3.78847e-15 1.93507e-16
 908 0 3.7843e-15 1.93339e-16
 909 -5.55112e-15 3.77403e-15 1.93399e-16
 910 -5.55112e-15 3.76378e-15 1.93458e-16
 911 0 3.75965e-15 1.9329e-16
 912 0 3.75552e-15 1.93122e-16
 913 1.11022e-14 3.76357e-15 1.93078e-16
 914 0 3.75945e-15 1.92911e-16
 915 0 3.75534e-15 1.92743e-16
 916 1.11022e-14 3.76337e-15 1.927e-16
 917 1.11022e-14 3.77137e-15 1.92656e-16
 918 1.11022e-14 3.77935e-15 1.92612e-16
 919 1.11022e-14 3.78732e-15 1.92567e-16
 920 1.11022e-14 3.79527e-15 1.92522e-16
 921 1.11022e-14 3.80321e-15 1.92476e-16
 922 1.11022e-14 3.81112e-15 1.9243e-16
 923 1.11022e-14 3.81902e-15 1.92384e-16
 924 0 3.81489e-15 1.9222e-16
 925 0 3.81077e-15 1.92056e-16
 926 1.11022e-14 3.81864e-15 1.9201e-16
 927 1.11022e-14 3.8265e-15 1.91964e-16
 928 0 3.82237e-15 1.91801e-16
 929 0 3.81826e-15 1.91639e-16
 930 0 3.81415e-15 1.91477e-16
 931 0 3.81006e-15 1.91315e-16
 932 0 3.80597e-15 1.91153e-16
 933 0 3.80189e-15 1.90992e-16
 934 0 3.79782e-15 1.90831e-16
 935 1.11022e-14 3.80563e-15 1.90786e-16
 936 1.11022e-14 3.81343e-15 1.90742e-16
 937 0 3.80936e-15 1.90582e-16
 938 0 3.8053e-15 1.90422e-16
 939 0 3.80124e-15 1.90262e-16
 940 1.11022e-14 3.80901e-15 1.90218e-16
 941 1.11022e-14 3.81676e-15 1.90174e-16
 942 0 3.81271e-15 1.90015e-16
 943 0 3.80867e-15 1.89856e-16
 944 0 3.80463e-15 1.89698e-16
 945 1.11022e-14 3.81235e-15 1.89654e-16
 946 1.11022e-14 3.82006e-15 1.89611e-16
 947 0 3.81603e-15 1.89453e-16
 948 1.11022e-14 3.82371e-15 1.89409e-16
 949 1.11022e-14 3.83138e-15 1.89365e-16
 950 0 3.82735e-15 1.89208e-16
 951 0 3.82332e-15 1.89052e-16
 952 0 3.81931e-15 1.88896e-16
 953 0 3.8153e-15 1.8874e-16
 954 0 3.8113e-15 1.88585e-16
 955 0 3.80731e-15 1.8843e-16
 956 1.11022e-14 3.81494e-15 1.88387e-16
 957 1.11022e-14 3.82255e-15 1.88344e-16
 958 1.11022e-14 3.83015e-15 1.88301e-16
 959 1.11022e-14 3.83774e-15 1.88257e-16
 960 0 3.83374e-15 1.88103e-16
 961 0 3.82975e-15 1.8795e-16
 962 0 3.82577e-15 1.87797e-16
 963 0 3.8218e-15 1.87644e-16
 964 0 3.81783e-15 1.87491e-16
 965 0 3.81387e-15 1.87338e-16
 966 -5.55112e-15 3.80418e-15 1.87395e-16
 967 0 3.80025e-15 1.87242e-16
 968 0 3.79632e-15 1.8709e-16
 969 0 3.7924e-15 1.86938e-16
 970 1.11022e-14 3.79994e-15 1.86897e-16
 971 0 3.79603e-15 1.86746e-16
 972 1.11022e-14 3.80354e-15 1.86705e-16
 973 1.11022e-14 3.81104e-15 1.86664e-16
 974 1.11022e-14 3.81853e-15 1.86622e-16
 975 0 3.81461e-15 1.86472e-16
 976 0 3.8107e-15 1.86321e-16
 977 -5.55112e-15 3.80112e-15 1.86377e-16
 978 -5.55112e-15 3.79156e-15 1.86432e-16
 979 0 3.78769e-15 1.86282e-16
 980 0 3.78382e-15 1.86132e-16
 981 -5.55112e-15 3.77431e-15 1.86185e-16
 982 -5.55112e-15 3.76481e-15 1.86238e-16
 983 0 3.76098e-15 1.86087e-16
 984 0 3.75716e-15 1.85938e-16
 985 0 3.75334e-15 1.85788e-16
 986 0 3.74954e-15 1.85638e-16
 987 0 3.74574e-15 1.85489e-16
 988 0 3.74195e-15 1.8534e-16
 989 0 3.73816e-15 1.85191e-16
 990 0 3.73439e-15 1.85043e-16
 991 0 3.73062e-15 1.84894e-16
 992 0 3.72686e-15 1.84746e-16
 993 0 3.7231e-15 1.84598e-16
 994 0 3.71936e-15 1.8445e-16
 995 0 3.71562e-15 1.84303e-16
 996 0 3.71189e-15 1.84155e-16
 997 0 3.70817e-15 1.84008e-16
 998 0 3.70445e-15 1.83861e-16
 999 1.11022e-14 3.71186e-15 1.83826e-16
 1000 0 3.70814e-15 1.8368e-16
 1001 1.11022e-14 3.71553e-15 1.83645e-16
 1002 1.11022e-14 3.7229e-15 1.8361e-16
 1003 0 3.71919e-15 1.83464e-16
 1004 1.11022e-14 3.72655e-15 1.83429e-16
 1005 1.11022e-14 3.73388e-15 1.83393e-16
 1006 1.11022e-14 3.74121e-15 1.83357e-16
 1007 1.11022e-14 3.74852e-15 1.83321e-16
 1008 0 3.7448e-15 1.83176e-16
 1009 0 3.74109e-15 1.83032e-16
 1010 0 3.73738e-15 1.82889e-16
 1011 0 3.73369e-15 1.82745e-16
 1012 0 3.73e-15 1.82602e-16
 1013 0 3.72632e-15 1.82458e-16
 1014 0 3.72264e-15 1.82315e-16
 1015 0 3.71897e-15 1.82173e-16
 1016 0 3.71531e-15 1.8203e-16
 1017 0 3.71166e-15 1.81888e-16
 1018 0 3.70801e-15 1.81745e-16
 1019 0 3.70438e-15 1.81603e-16
 1020 0 3.70074e-15 1.81462e-16
 1021 0 3.69712e-15 1.8132e-16
 1022 0 3.6935e-15 1.81179e-16
 1023 0 3.68989e-15 1.81038e-16
 1024 0 3.68629e-15 1.80897e-16
 1025 0 3.68269e-15 1.80756e-16
 1026 1.11022e-14 3.68992e-15 1.80724e-16
 1027 0 3.68633e-15 1.80584e-16
 1028 0 3.68274e-15 1.80444e-16
 1029 0 3.67916e-15 1.80304e-16
 1030 1.11022e-14 3.68637e-15 1.80273e-16
 1031 1.11022e-14 3.69356e-15 1.80241e-16
 1032 1.11022e-14 3.70074e-15 1.8021e-16
 1033 1.11022e-14 3.70791e-15 1.80178e-16
 1034 1.11022e-14 3.71506e-15 1.80145e-16
 1035 1.11022e-14 3.7222e-15 1.80113e-16
 1036 1.11022e-14 3.72932e-15 1.8008e-16
 1037 1.11022e-14 3.73643e-15 1.80046e-16
 1038 0 3.73283e-15 1.79909e-16
 1039 0 3.72924e-15 1.79772e-16
 1040 0 3.72565e-15 1.79634e-16
 1041 -5.55112e-15 3.71674e-15 1.79683e-16
 1042 -5.55112e-15 3.70785e-15 1.79731e-16
 1043 0 3.70429e-15 1.79593e-16
 1044 1.11022e-14 3.71138e-15 1.79561e-16
 1045 1.11022e-14 3.71845e-15 1.79529e-16
 1046 -5.55112e-15 3.70959e-15 1.79576e-16
 1047 0 3.70605e-15 1.79439e-16
 1048 0 3.70251e-15 1.79303e-16
 1049 1.11022e-14 3.70956e-15 1.79271e-16
 1050 1.11022e-14 3.7166e-15 1.79238e-16
 1051 1.11022e-14 3.72363e-15 1.79205e-16
 1052 0 3.72009e-15 1.7907e-16
 1053 1.11022e-14 3.7271e-15 1.79037e-16
 1054 1.11022e-14 3.7341e-15 1.79004e-16
 1055 1.11022e-14 3.74108e-15 1.7897e-16
 1056 1.11022e-14 3.74805e-15 1.78937e-16
 1057 1.11022e-14 3.75501e-15 1.78903e-16
 1058 0 3.75146e-15 1.78769e-16
 1059 0 3.74792e-15 1.78635e-16
 1060 0 3.74438e-15 1.78501e-16
 1061 0 3.74086e-15 1.78368e-16
 1062 0 3.73733e-15 1.78235e-16
 1063 0 3.73382e-15 1.78102e-16
 1064 0 3.73031e-15 1.77969e-16
 1065 0 3.7268e-15 1.77836e-16
 1066 0 3.72331e-15 1.77704e-16
 1067 0 3.71982e-15 1.77571e-16
 1068 1.11022e-14 3.72673e-15 1.7754e-16
 1069 1.11022e-14 3.73363e-15 1.77508e-16
 1070 1.11022e-14 3.74052e-15 1.77475e-16
 1071 1.11022e-14 3.74739e-15 1.77443e-16
 1072 1.11022e-14 3.75425e-15 1.7741e-16
 1073 1.11022e-14 3.7611e-15 1.77377e-16
 1074 1.11022e-14 3.76794e-15 1.77343e-16
 1075 1.11022e-14 3.77476e-15 1.77309e-16
 1076 1.11022e-14 3.78157e-15 1.77275e-16
 1077 1.11022e-14 3.78837e-15 1.77241e-16
 1078 1.11022e-14 3.79515e-15 1.77207e-16
 1079 0 3.79163e-15 1.77077e-16
 1080 0 3.78812e-15 1.76948e-16
 1081 -5.55112e-15 3.77948e-15 1.76995e-16
 1082 1.11022e-14 3.78625e-15 1.76961e-16
 1083 0 3.78275e-15 1.76832e-16
 1084 1.11022e-14 3.78951e-15 1.76798e-16
 1085 1.11022e-14 3.79625e-15 1.76763e-16
 1086 1.11022e-14 3.80297e-15 1.76729e-16
 1087 1.11022e-14 3.80969e-15 1.76694e-16
 1088 0 3.80619e-15 1.76566e-16
 1089 0 3.80269e-15 1.76438e-16
 1090 0 3.7992e-15 1.76311e-16
 1091 1.11022e-14 3.8059e-15 1.76276e-16
 1092 0 3.80241e-15 1.76149e-16
 1093 1.11022e-14 3.80909e-15 1.76115e-16
 1094 0 3.80561e-15 1.75988e-16
 1095 0 3.80213e-15 1.75862e-16
 1096 0 3.79866e-15 1.75735e-16
 1097 0 3.7952e-15 1.75609e-16
 1098 -5.55112e-15 3.78669e-15 1.75656e-16
 1099 1.11022e-14 3.79335e-15 1.75622e-16
 1100 0 3.7899e-15 1.75496e-16
 1101 1.11022e-14 3.79654e-15 1.75462e-16
 1102 0 3.79309e-15 1.75337e-16
 1103 0 3.78966e-15 1.75212e-16
 1104 0 3.78622e-15 1.75086e-16
 1105 0 3.7828e-15 1.74962e-16
 1106 0 3.77938e-15 1.74837e-16
 1107 1.11022e-14 3.78599e-15 1.74804e-16
 1108 0 3.78257e-15 1.74679e-16
 1109 0 3.77916e-15 1.74555e-16
 1110 0 3.77576e-15 1.74431e-16
 1111 0 3.77236e-15 1.74307e-16
 1112 0 3.76897e-15 1.74183e-16
 1113 0 3.76558e-15 1.7406e-16
 1114 0 3.7622e-15 1.73936e-16
 1115 0 3.75883e-15 1.73813e-16
 1116 0 3.75546e-15 1.7369e-16
 1117 0 3.7521e-15 1.73567e-16
 1118 0 3.74874e-15 1.73444e-16
 1119 0 3.74539e-15 1.73321e-16
 1120 0 3.74205e-15 1.73199e-16
 1121 0 3.73871e-15 1.73076e-16
 1122 1.11022e-14 3.74527e-15 1.73047e-16
 1123 1.11022e-14 3.75182e-15 1.73016e-16
 1124 1.11022e-14 3.75836e-15 1.72986e-16
 1125 1.11022e-14 3.76489e-15 1.72956e-16
 1126 1.11022e-14 3.77141e-15 1.72925e-16
 1127 0 3.76806e-15 1.72804e-16
 1128 0 3.76472e-15 1.72683e-16
 1129 -5.55112e-15 3.75647e-15 1.72727e-16
 1130 0 3.75314e-15 1.72606e-16
 1131 1.11022e-14 3.75964e-15 1.72576e-16
 1132 1.11022e-14 3.76613e-15 1.72545e-16
 1133 1.11022e-14 3.7726e-15 1.72514e-16
 1134 0 3.76928e-15 1.72394e-16
 1135 0 3.76595e-15 1.72274e-16
 1136 0 3.76264e-15 1.72154e-16
 1137 0 3.75933e-15 1.72035e-16
 1138 0 3.75603e-15 1.71915e-16
 1139 -5.55112e-15 3.74786e-15 1.71959e-16
 1140 -5.55112e-15 3.7397e-15 1.72001e-16
 1141 -5.55112e-15 3.73156e-15 1.72043e-16
 1142 -5.55112e-15 3.72343e-15 1.72085e-16
 1143 -5.55112e-15 3.71531e-15 1.72125e-16
 1144 0 3.71207e-15 1.72005e-16
 1145 0 3.70882e-15 1.71886e-16
 1146 0 3.70559e-15 1.71766e-16
 1147 1.11022e-14 3.71204e-15 1.71737e-16
 1148 1.11022e-14 3.71847e-15 1.71708e-16
 1149 1.11022e-14 3.7249e-15 1.71679e-16
 1150 1.11022e-14 3.73131e-15 1.7165e-16
 1151 1.11022e-14 3.73772e-15 1.7162e-16
 1152 1.11022e-14 3.74411e-15 1.7159e-16
 1153 1.11022e-14 3.75049e-15 1.7156e-16
 1154 1.11022e-14 3.75686e-15 1.7153e-16
 1155 0 3.75361e-15 1.71412e-16
 1156 0 3.75036e-15 1.71294e-16
 1157 1.11022e-14 3.75672e-15 1.71264e-16
 1158 1.11022e-14 3.76306e-15 1.71234e-16
 1159 -5.55112e-15 3.75503e-15 1.71275e-16
 1160 0 3.75179e-15 1.71158e-16
 1161 1.11022e-14 3.75812e-15 1.71127e-16
 1162 1.11022e-14 3.76444e-15 1.71097e-16
 1163 1.11022e-14 3.77075e-15 1.71066e-16
 1164 0 3.76751e-15 1.7095e-16
 1165 1.11022e-14 3.77381e-15 1.70919e-16
 1166 0 3.77057e-15 1.70803e-16
 1167 1.11022e-14 3.77685e-15 1.70772e-16
 1168 1.11022e-14 3.78312e-15 1.70741e-16
 1169 1.11022e-14 3.78938e-15 1.7071e-16
 1170 1.11022e-14 3.79563e-15 1.70678e-16
 1171 1.11022e-14 3.80187e-15 1.70646e-16
 1172 0 3.79863e-15 1.70532e-16
 1173 0 3.79539e-15 1.70417e-16
 1174 0 3.79216e-15 1.70302e-16
 1175 0 3.78893e-15 1.70188e-16
 1176 0 3.78571e-15 1.70074e-16
 1177 1.11022e-14 3.79193e-15 1.70043e-16
 1178 1.11022e-14 3.79813e-15 1.70012e-16
 1179 1.11022e-14 3.80433e-15 1.6998e-16
 1180 1.11022e-14 3.81051e-15 1.69949e-16
 1181 1.11022e-14 3.81669e-15 1.69917e-16
 1182 1.11022e-14 3.82285e-15 1.69885e-16
 1183 1.11022e-14 3.829e-15 1.69853e-16
 1184 0 3.82577e-15 1.6974e-16
 1185 1.11022e-14 3.83191e-15 1.69708e-16
 1186 0 3.82868e-15 1.69596e-16
 1187 1.11022e-14 3.83481e-15 1.69564e-16
 1188 1.11022e-14 3.84092e-15 1.69531e-16
 1189 1.11022e-14 3.84703e-15 1.69499e-16
 1190 1.11022e-14 3.85313e-15 1.69466e-16
 1191 1.11022e-14 3.85921e-15 1.69433e-16
 1192 0 3.85598e-15 1.69322e-16
 1193 0 3.85274e-15 1.6921e-16
 1194 0 3.84952e-15 1.69099e-16
 1195 0 3.8463e-15 1.68989e-16
 1196 0 3.84308e-15 1.68878e-16
 1197 0 3.83987e-15 1.68767e-16
 1198 0 3.83666e-15 1.68657e-16
 1199 1.11022e-14 3.84272e-15 1.68625e-16
 1200 0 3.83952e-15 1.68515e-16
 1201 0 3.83632e-15 1.68405e-16
 1202 1.11022e-14 3.84237e-15 1.68373e-16
 1203 1.11022e-14 3.8484e-15 1.68341e-16
 1204 0 3.84521e-15 1.68232e-16
 1205 0 3.84202e-15 1.68122e-16
 1206 0 3.83883e-15 1.68013e-16
 1207 -5.55112e-15 3.83105e-15 1.68054e-16
 1208 0 3.82788e-15 1.67945e-16
 1209 1.11022e-14 3.8339e-15 1.67914e-16
 1210 1.11022e-14 3.8399e-15 1.67882e-16
 1211 1.11022e-14 3.8459e-15 1.67851e-16
 1212 1.11022e-14 3.85189e-15 1.67819e-16
 1213 1.11022e-14 3.85786e-15 1.67787e-16
 1214 1.11022e-14 3.86383e-15 1.67755e-16
 1215 1.11022e-14 3.86979e-15 1.67723e-16
 1216 1.11022e-14 3.87574e-15 1.6769e-16
 1217 1.11022e-14 3.88168e-15 1.67658e-16
 1218 1.11022e-14 3.8876e-15 1.67625e-16
 1219 1.11022e-14 3.89352e-15 1.67592e-16
 1220 1.11022e-14 3.89943e-15 1.67559e-16
 1221 0 3.89624e-15 1.67452e-16
 1222 0 3.89305e-15 1.67345e-16
 1223 1.11022e-14 3.89894e-15 1.67312e-16
 1224 1.11022e-14 3.90483e-15 1.67279e-16
 1225 1.11022e-14 3.9107e-15 1.67246e-16
 1226 1.11022e-14 3.91657e-15 1.67212e-16
 1227 1.11022e-14 3.92243e-15 1.67178e-16
 1228 1.11022e-14 3.92827e-15 1.67144e-16
 1229 1.11022e-14 3.93411e-15 1.6711e-16
 1230 1.11022e-14 3.93994e-15 1.67076e-16
 1231 1.11022e-14 3.94576e-15 1.67042e-16
 1232 1.11022e-14 3.95156e-15 1.67007e-16
 1233 1.11022e-14 3.95736e-15 1.66972e-16
 1234 0 3.95416e-15 1.66868e-16
 1235 0 3.95096e-15 1.66763e-16
 1236 -5.55112e-15 3.94327e-15 1.66806e-16
 1237 -5.55112e-15 3.93559e-15 1.66847e-16
 1238 -5.55112e-15 3.92793e-15 1.66889e-16
 1239 -5.55112e-15 3.92028e-15 1.66929e-16
 1240 -5.55112e-15 3.91264e-15 1.66969e-16
 1241 0 3.90949e-15 1.66864e-16
 1242 0 3.90634e-15 1.6676e-16
 1243 0 3.9032e-15 1.66655e-16
 1244 1.11022e-14 3.90898e-15 1.66622e-16
 1245 1.11022e-14 3.91476e-15 1.66588e-16
 1246 1.11022e-14 3.92053e-15 1.66554e-16
 1247 1.11022e-14 3.92629e-15 1.6652e-16
 1248 1.11022e-14 3.93204e-15 1.66486e-16
 1249 1.11022e-14 3.93778e-15 1.66452e-16
 1250 1.11022e-14 3.94351e-15 1.66417e-16
 1251 0 3.94036e-15 1.66314e-16
 1252 1.11022e-14 3.94608e-15 1.6628e-16
 1253 1.11022e-14 3.95179e-15 1.66245e-16
 1254 1.11022e-14 3.95749e-15 1.6621e-16
 1255 1.11022e-14 3.96319e-15 1.66175e-16
 1256 1.11022e-14 3.96887e-15 1.6614e-16
 1257 0 3.96571e-15 1.66038e-16
 1258 0 3.96256e-15 1.65936e-16
 1259 0 3.95941e-15 1.65834e-16
 1260 0 3.95627e-15 1.65732e-16
 1261 0 3.95313e-15 1.6563e-16
 1262 0 3.95e-15 1.65529e-16
 1263 0 3.94687e-15 1.65427e-16
 1264 1.11022e-14 3.95253e-15 1.65393e-16
 1265 1.11022e-14 3.95819e-15 1.65359e-16
 1266 1.11022e-14 3.96383e-15 1.65324e-16
 1267 1.11022e-14 3.96946e-15 1.6529e-16
 1268 1.11022e-14 3.97509e-15 1.65255e-16
 1269 1.11022e-14 3.98071e-15 1.65221e-16
 1270 1.11022e-14 3.98631e-15 1.65186e-16
 1271 1.11022e-14 3.99191e-15 1.65151e-16
 1272 1.11022e-14 3.9975e-15 1.65115e-16
 1273 1.11022e-14 4.00308e-15 1.6508e-16
 1274 1.11022e-14 4.00865e-15 1.65044e-16
 1275 1.11022e-14 4.01422e-15 1.65009e-16
 1276 0 4.01107e-15 1.64909e-16
 1277 1.11022e-14 4.01663e-15 1.64874e-16
 1278 1.11022e-14 4.02217e-15 1.64838e-16
 1279 1.11022e-14 4.02771e-15 1.64802e-16
 1280 1.11022e-14 4.03323e-15 1.64766e-16
 1281 1.11022e-14 4.03875e-15 1.6473e-16
 1282 1.11022e-14 4.04426e-15 1.64693e-16
 1283 1.11022e-14 4.04976e-15 1.64657e-16
 1284 1.11022e-14 4.05525e-15 1.6462e-16
 1285 0 4.0521e-15 1.64522e-16
 1286 0 4.04895e-15 1.64425e-16
 1287 0 4.0458e-15 1.64327e-16
 1288 0 4.04266e-15 1.64229e-16
 1289 0 4.03952e-15 1.64132e-16
 1290 0 4.03639e-15 1.64034e-16
 1291 0 4.03327e-15 1.63937e-16
 1292 1.11022e-14 4.03874e-15 1.63901e-16
 1293 1.11022e-14 4.0442e-15 1.63866e-16
 1294 0 4.04107e-15 1.63769e-16
 1295 0 4.03795e-15 1.63672e-16
 1296 1.11022e-14 4.0434e-15 1.63637e-16
 1297 0 4.04029e-15 1.6354e-16
 1298 0 4.03717e-15 1.63444e-16
 1299 0 4.03407e-15 1.63347e-16
 1300 0 4.03096e-15 1.63251e-16
 1301 0 4.02787e-15 1.63155e-16
 1302 0 4.02477e-15 1.63059e-16
 1303 0 4.02168e-15 1.62963e-16
 1304 0 4.0186e-15 1.62867e-16
 1305 0 4.01552e-15 1.62772e-16
 1306 0 4.01244e-15 1.62676e-16
 1307 1.11022e-14 4.01787e-15 1.62642e-16
 1308 0 4.0148e-15 1.62547e-16
 1309 1.11022e-14 4.02021e-15 1.62513e-16
 1310 0 4.01714e-15 1.62418e-16
 1311 1.11022e-14 4.02255e-15 1.62384e-16
 1312 0 4.01948e-15 1.62289e-16
 1313 0 4.01642e-15 1.62194e-16
 1314 0 4.01336e-15 1.62099e-16
 1315 0 4.01031e-15 1.62005e-16
 1316 0 4.00726e-15 1.6191e-16
 1317 0 4.00422e-15 1.61816e-16
 1318 1.11022e-14 4.00961e-15 1.61783e-16
 1319 0 4.00657e-15 1.61689e-16
 1320 1.11022e-14 4.01194e-15 1.61655e-16
 1321 0 4.00891e-15 1.61562e-16
 1322 0 4.00587e-15 1.61468e-16
 1323 0 4.00284e-15 1.61374e-16
 1324 0 3.99982e-15 1.6128e-16
 1325 1.11022e-14 4.00518e-15 1.61248e-16
 1326 1.11022e-14 4.01053e-15 1.61215e-16
 1327 1.11022e-14 4.01588e-15 1.61182e-16
 1328 1.11022e-14 4.02121e-15 1.61149e-16
 1329 1.11022e-14 4.02654e-15 1.61116e-16
 1330 1.11022e-14 4.03186e-15 1.61083e-16
 1331 1.11022e-14 4.03717e-15 1.61049e-16
 1332 1.11022e-14 4.04248e-15 1.61016e-16
 1333 1.11022e-14 4.04777e-15 1.60982e-16
 1334 0 4.04474e-15 1.6089e-16
 1335 1.11022e-14 4.05003e-15 1.60856e-16
 1336 0 4.047e-15 1.60764e-16
 1337 0 4.04397e-15 1.60673e-16
 1338 0 4.04095e-15 1.60581e-16
 1339 1.11022e-14 4.04622e-15 1.60547e-16
 1340 1.11022e-14 4.05149e-15 1.60514e-16
 1341 1.11022e-14 4.05674e-15 1.6048e-16
 1342 1.11022e-14 4.06199e-15 1.60447e-16
 1343 1.11022e-14 4.06724e-15 1.60413e-16
 1344 1.11022e-14 4.07247e-15 1.60379e-16
 1345 1.11022e-14 4.0777e-15 1.60345e-16
 1346 1.11022e-14 4.08292e-15 1.60311e-16
 1347 1.11022e-14 4.08813e-15 1.60276e-16
 1348 1.11022e-14 4.09333e-15 1.60242e-16
 1349 0 4.0903e-15 1.60152e-16
 1350 0 4.08727e-15 1.60062e-16
 1351 -5.55112e-15 4.08013e-15 1.60102e-16
 1352 0 4.07711e-15 1.60012e-16
 1353 0 4.0741e-15 1.59922e-16
 1354 0 4.07109e-15 1.59833e-16
 1355 0 4.06809e-15 1.59743e-16
 1356 0 4.06509e-15 1.59653e-16
 1357 1.11022e-14 4.07027e-15 1.5962e-16
 1358 0 4.06728e-15 1.5953e-16
 1359 0 4.06428e-15 1.59441e-16
 1360 0 4.06129e-15 1.59352e-16
 1361 0 4.05831e-15 1.59263e-16
 1362 0 4.05533e-15 1.59173e-16
 1363 0 4.05235e-15 1.59084e-16
 1364 0 4.04938e-15 1.58996e-16
 1365 0 4.04642e-15 1.58907e-16
 1366 0 4.04346e-15 1.58818e-16
 1367 0 4.0405e-15 1.58729e-16
 1368 0 4.03754e-15 1.58641e-16
 1369 0 4.03459e-15 1.58552e-16
 1370 1.11022e-14 4.03975e-15 1.5852e-16
 1371 0 4.03681e-15 1.58432e-16
 1372 1.11022e-14 4.04196e-15 1.584e-16
 1373 1.11022e-14 4.0471e-15 1.58368e-16
 1374 1.11022e-14 4.05223e-15 1.58336e-16
 1375 1.11022e-14 4.05736e-15 1.58304e-16
 1376 1.11022e-14 4.06248e-15 1.58272e-16
 1377 1.11022e-14 4.06759e-15 1.5824e-16
 1378 1.11022e-14 4.0727e-15 1.58207e-16
 1379 1.11022e-14 4.0778e-15 1.58175e-16
 1380 0 4.07484e-15 1.58088e-16
 1381 1.11022e-14 4.07993e-15 1.58055e-16
 1382 1.11022e-14 4.08501e-15 1.58022e-16
 1383 1.11022e-14 4.09008e-15 1.57989e-16
 1384 1.11022e-14 4.09515e-15 1.57957e-16
 1385 1.11022e-14 4.10021e-15 1.57924e-16
 1386 0 4.09725e-15 1.57837e-16
 1387 1.11022e-14 4.1023e-15 1.57804e-16
 1388 1.11022e-14 4.10735e-15 1.57771e-16
 1389 1.11022e-14 4.11238e-15 1.57738e-16
 1390 1.11022e-14 4.11741e-15 1.57705e-16
 1391 1.11022e-14 4.12243e-15 1.57671e-16
 1392 0 4.11947e-15 1.57586e-16
 1393 -5.55112e-15 4.11253e-15 1.57625e-16
 1394 -5.55112e-15 4.1056e-15 1.57665e-16
 1395 0 4.10265e-15 1.57579e-16
 1396 0 4.09971e-15 1.57494e-16
 1397 -5.55112e-15 4.0928e-15 1.57533e-16
 1398 -5.55112e-15 4.08591e-15 1.57571e-16
 1399 0 4.08299e-15 1.57485e-16
 1400 1.11022e-14 4.088e-15 1.57453e-16
 1401 1.11022e-14 4.09301e-15 1.5742e-16
 1402 1.11022e-14 4.09801e-15 1.57387e-16
 1403 1.11022e-14 4.103e-15 1.57354e-16
 1404 1.11022e-14 4.10798e-15 1.57321e-16
 1405 1.11022e-14 4.11296e-15 1.57288e-16
 1406 1.11022e-14 4.11793e-15 1.57254e-16
 1407 1.11022e-14 4.1229e-15 1.57221e-16
 1408 1.11022e-14 4.12785e-15 1.57187e-16
 1409 1.11022e-14 4.1328e-15 1.57154e-16
 1410 1.11022e-14 4.13775e-15 1.5712e-16
 1411 1.11022e-14 4.14268e-15 1.57086e-16
 1412 1.11022e-14 4.14761e-15 1.57052e-16
 1413 1.11022e-14 4.15253e-15 1.57018e-16
 1414 1.11022e-14 4.15745e-15 1.56984e-16
 1415 1.11022e-14 4.16236e-15 1.5695e-16
 1416 1.11022e-14 4.16726e-15 1.56916e-16
 1417 1.11022e-14 4.17215e-15 1.56881e-16
 1418 1.11022e-14 4.17704e-15 1.56847e-16
 1419 1.11022e-14 4.18192e-15 1.56812e-16
 1420 1.11022e-14 4.18679e-15 1.56777e-16
 1421 1.11022e-14 4.19166e-15 1.56742e-16
 1422 1.11022e-14 4.19652e-15 1.56708e-16
 1423 1.11022e-14 4.20137e-15 1.56673e-16
 1424 1.11022e-14 4.20622e-15 1.56638e-16
 1425 1.11022e-14 4.21106e-15 1.56602e-16
 1426 1.11022e-14 4.21589e-15 1.56567e-16
 1427 1.11022e-14 4.22071e-15 1.56532e-16
 1428 0 4.21776e-15 1.5645e-16
 1429 0 4.21481e-15 1.56368e-16
 1430 0 4.21186e-15 1.56287e-16
 1431 1.11022e-14 4.21668e-15 1.56252e-16
 1432 1.11022e-14 4.22148e-15 1.56217e-16
 1433 1.11022e-14 4.22629e-15 1.56181e-16
 1434 0 4.22334e-15 1.561e-16
 1435 0 4.22039e-15 1.56019e-16
 1436 0 4.21746e-15 1.55938e-16
 1437 0 4.21452e-15 1.55857e-16
 1438 0 4.21159e-15 1.55776e-16
 1439 0 4.20866e-15 1.55696e-16
 1440 0 4.20574e-15 1.55615e-16
 1441 0 4.20282e-15 1.55534e-16
 1442 0 4.19991e-15 1.55454e-16
 1443 1.11022e-14 4.20469e-15 1.5542e-16
 1444 1.11022e-14 4.20947e-15 1.55385e-16
 1445 1.11022e-14 4.21424e-15 1.55351e-16
 1446 1.11022e-14 4.219e-15 1.55317e-16
 1447 1.11022e-14 4.22376e-15 1.55282e-16
 1448 1.11022e-14 4.22851e-15 1.55248e-16
 1449 1.11022e-14 4.23325e-15 1.55213e-16
 1450 1.11022e-14 4.23799e-15 1.55178e-16
 1451 1.11022e-14 4.24272e-15 1.55143e-16
 1452 1.11022e-14 4.24744e-15 1.55108e-16
 1453 1.11022e-14 4.25216e-15 1.55073e-16
 1454 1.11022e-14 4.25687e-15 1.55038e-16
 1455 1.11022e-14 4.26158e-15 1.55003e-16
 1456 0 4.25865e-15 1.54924e-16
 1457 1.11022e-14 4.26335e-15 1.54889e-16
 1458 1.11022e-14 4.26804e-15 1.54854e-16
 1459 1.11022e-14 4.27272e-15 1.54819e-16
 1460 1.11022e-14 4.2774e-15 1.54783e-16
 1461 1.11022e-14 4.28207e-15 1.54748e-16
 1462 1.11022e-14 4.28674e-15 1.54712e-16
 1463 1.11022e-14 4.2914e-15 1.54677e-16
 1464 1.11022e-14 4.29605e-15 1.54641e-16
 1465 1.11022e-14 4.30069e-15 1.54605e-16
 1466 1.11022e-14 4.30533e-15 1.54569e-16
 1467 0 4.3024e-15 1.54492e-16
 1468 1.11022e-14 4.30703e-15 1.54456e-16
 1469 1.11022e-14 4.31166e-15 1.5442e-16
 1470 0 4.30872e-15 1.54343e-16
 1471 0 4.30579e-15 1.54266e-16
 1472 0 4.30287e-15 1.54189e-16
 1473 0 4.29995e-15 1.54112e-16
 1474 1.11022e-14 4.30456e-15 1.54076e-16
 1475 1.11022e-14 4.30917e-15 1.54041e-16
 1476 1.11022e-14 4.31377e-15 1.54005e-16
 1477 1.11022e-14 4.31837e-15 1.53969e-16
 1478 1.11022e-14 4.32296e-15 1.53934e-16
 1479 0 4.32004e-15 1.53857e-16
 1480 1.11022e-14 4.32462e-15 1.53821e-16
 1481 1.11022e-14 4.3292e-15 1.53786e-16
 1482 1.11022e-14 4.33377e-15 1.5375e-16
 1483 1.11022e-14 4.33833e-15 1.53714e-16
 1484 1.11022e-14 4.34289e-15 1.53678e-16
 1485 1.11022e-14 4.34744e-15 1.53642e-16
 1486 0 4.34451e-15 1.53566e-16
 1487 1.11022e-14 4.34906e-15 1.5353e-16
 1488 1.11022e-14 4.3536e-15 1.53494e-16
 1489 1.11022e-14 4.35813e-15 1.53458e-16
 1490 1.11022e-14 4.36265e-15 1.53422e-16
 1491 1.11022e-14 4.36718e-15 1.53385e-16
 1492 1.11022e-14 4.37169e-15 1.53349e-16
 1493 1.11022e-14 4.3762e-15 1.53313e-16
 1494 1.11022e-14 4.3807e-15 1.53276e-16
 1495 1.11022e-14 4.3852e-15 1.53239e-16
 1496 0 4.38226e-15 1.53165e-16
 1497 1.11022e-14 4.38675e-15 1.53128e-16
 1498 0 4.38382e-15 1.53054e-16
 1499 0 4.3809e-15 1.5298e-16
 1500 0 4.37798e-15 1.52906e-16
 1501 0 4.37506e-15 1.52832e-16
 1502 1.11022e-14 4.37954e-15 1.52796e-16
 1503 1.11022e-14 4.38401e-15 1.5276e-16
 1504 1.11022e-14 4.38848e-15 1.52723e-16
 1505 1.11022e-14 4.39294e-15 1.52687e-16
 1506 1.11022e-14 4.3974e-15 1.52651e-16
 1507 0 4.39448e-15 1.52577e-16
 1508 0 4.39157e-15 1.52504e-16
 1509 0 4.38865e-15 1.5243e-16
 1510 -5.55112e-15 4.38207e-15 1.52472e-16
 1511 0 4.37917e-15 1.52398e-16
 1512 1.11022e-14 4.38362e-15 1.52362e-16
 1513 1.11022e-14 4.38806e-15 1.52326e-16
 1514 1.11022e-14 4.39249e-15 1.5229e-16
 1515 1.11022e-14 4.39692e-15 1.52254e-16
 1516 1.11022e-14 4.40135e-15 1.52218e-16
 1517 1.11022e-14 4.40576e-15 1.52182e-16
 1518 1.11022e-14 4.41017e-15 1.52145e-16
 1519 1.11022e-14 4.41458e-15 1.52109e-16
 1520 0 4.41168e-15 1.52037e-16
 1521 0 4.40878e-15 1.51964e-16
 1522 0 4.40588e-15 1.51892e-16
 1523 1.11022e-14 4.41028e-15 1.51856e-16
 1524 1.11022e-14 4.41467e-15 1.5182e-16
 1525 1.11022e-14 4.41905e-15 1.51784e-16
 1526 1.11022e-14 4.42343e-15 1.51747e-16
 1527 0 4.42053e-15 1.51676e-16
 1528 0 4.41764e-15 1.51604e-16
 1529 1.11022e-14 4.42201e-15 1.51568e-16
 1530 1.11022e-14 4.42638e-15 1.51532e-16
 1531 1.11022e-14 4.43074e-15 1.51495e-16
 1532 0 4.42785e-15 1.51424e-16
 1533 1.11022e-14 4.4322e-15 1.51388e-16
 1534 0 4.42931e-15 1.51317e-16
 1535 0 4.42643e-15 1.51246e-16
 1536 -5.55112e-15 4.41993e-15 1.51287e-16
 1537 0 4.41706e-15 1.51216e-16
 1538 0 4.41418e-15 1.51144e-16
 1539 0 4.41132e-15 1.51073e-16
 1540 1.11022e-14 4.41566e-15 1.51038e-16
 1541 1.11022e-14 4.42e-15 1.51002e-16
 1542 1.11022e-14 4.42433e-15 1.50966e-16
 1543 1.11022e-14 4.42866e-15 1.50931e-16
 1544 1.11022e-14 4.43298e-15 1.50895e-16
 1545 1.11022e-14 4.4373e-15 1.50859e-16
 1546 0 4.43443e-15 1.50788e-16
 1547 0 4.43156e-15 1.50718e-16
 1548 0 4.4287e-15 1.50648e-16
 1549 1.11022e-14 4.43301e-15 1.50612e-16
 1550 0 4.43015e-15 1.50542e-16
 1551 0 4.42729e-15 1.50472e-16
 1552 0 4.42444e-15 1.50402e-16
 1553 0 4.42159e-15 1.50333e-16
 1554 0 4.41874e-15 1.50263e-16
 1555 0 4.4159e-15 1.50193e-16
 1556 0 4.41307e-15 1.50123e-16
 1557 1.11022e-14 4.41736e-15 1.50088e-16
 1558 1.11022e-14 4.42165e-15 1.50053e-16
 1559 1.11022e-14 4.42594e-15 1.50018e-16
 1560 1.11022e-14 4.43022e-15 1.49983e-16
 1561 0 4.42738e-15 1.49914e-16
 1562 1.11022e-14 4.43165e-15 1.49879e-16
 1563 1.11022e-14 4.43592e-15 1.49844e-16
 1564 1.11022e-14 4.44018e-15 1.49808e-16
 1565 1.11022e-14 4.44444e-15 1.49773e-16
 1566 1.11022e-14 4.44869e-15 1.49738e-16
 1567 1.11022e-14 4.45294e-15 1.49703e-16
 1568 1.11022e-14 4.45718e-15 1.49667e-16
 1569 0 4.45434e-15 1.49599e-16
 1570 0 4.4515e-15 1.4953e-16
 1571 1.11022e-14 4.45573e-15 1.49495e-16
 1572 1.11022e-14 4.45996e-15 1.4946e-16
 1573 0 4.45713e-15 1.49392e-16
 1574 0 4.45429e-15 1.49323e-16
 1575 0 4.45147e-15 1.49255e-16
 1576 0 4.44864e-15 1.49187e-16
 1577 1.11022e-14 4.45286e-15 1.49152e-16
 1578 1.11022e-14 4.45707e-15 1.49117e-16
 1579 1.11022e-14 4.46128e-15 1.49082e-16
 1580 1.11022e-14 4.46549e-15 1.49047e-16
 1581 1.11022e-14 4.46968e-15 1.49012e-16
 1582 1.11022e-14 4.47388e-15 1.48977e-16
 1583 1.11022e-14 4.47806e-15 1.48942e-16
 1584 1.11022e-14 4.48225e-15 1.48906e-16
 1585 1.11022e-14 4.48642e-15 1.48871e-16
 1586 0 4.48359e-15 1.48804e-16
 1587 0 4.48077e-15 1.48737e-16
 1588 0 4.47795e-15 1.4867e-16
 1589 0 4.47513e-15 1.48603e-16
 1590 0 4.47231e-15 1.48536e-16
 1591 0 4.4695e-15 1.4847e-16
 1592 0 4.4667e-15 1.48403e-16
 1593 0 4.46389e-15 1.48336e-16
 1594 0 4.46109e-15 1.4827e-16
 1595 0 4.45829e-15 1.48203e-16
 1596 0 4.4555e-15 1.48136e-16
 1597 0 4.45271e-15 1.4807e-16
 1598 1.11022e-14 4.45687e-15 1.48036e-16
 1599 1.11022e-14 4.46103e-15 1.48001e-16
 1600 0 4.45824e-15 1.47935e-16
 1601 0 4.45545e-15 1.47869e-16
 1602 0 4.45267e-15 1.47803e-16
 1603 0 4.4499e-15 1.47737e-16
 1604 0 4.44712e-15 1.47671e-16
 1605 -5.55112e-15 4.44089e-15 1.4771e-16
 1606 -5.55112e-15 4.43467e-15 1.47749e-16
 1607 -5.55112e-15 4.42846e-15 1.47788e-16
 1608 0 4.4257e-15 1.47722e-16
 1609 0 4.42295e-15 1.47655e-16
 1610 -5.55112e-15 4.41676e-15 1.47694e-16
 1611 -5.55112e-15 4.41057e-15 1.47732e-16
 1612 0 4.40783e-15 1.47665e-16
 1613 -5.55112e-15 4.40166e-15 1.47703e-16
 1614 -5.55112e-15 4.39549e-15 1.4774e-16
 1615 1.11022e-14 4.39965e-15 1.47707e-16
 1616 1.11022e-14 4.40379e-15 1.47674e-16
 1617 1.11022e-14 4.40794e-15 1.4764e-16
 1618 1.11022e-14 4.41207e-15 1.47607e-16
 1619 1.11022e-14 4.41621e-15 1.47574e-16
 1620 0 4.41348e-15 1.47508e-16
 1621 1.11022e-14 4.41761e-15 1.47475e-16
 1622 1.11022e-14 4.42173e-15 1.47441e-16
 1623 1.11022e-14 4.42584e-15 1.47408e-16
 1624 1.11022e-14 4.42995e-15 1.47374e-16
 1625 1.11022e-14 4.43406e-15 1.47341e-16
 1626 0 4.43133e-15 1.47276e-16
 1627 0 4.42861e-15 1.4721e-16
 1628 0 4.42589e-15 1.47145e-16
 1629 0 4.42317e-15 1.4708e-16
 1630 0 4.42046e-15 1.47014e-16
 1631 0 4.41775e-15 1.46949e-16
 1632 1.11022e-14 4.42184e-15 1.46916e-16
 1633 1.11022e-14 4.42594e-15 1.46883e-16
 1634 1.11022e-14 4.43002e-15 1.4685e-16
 1635 1.11022e-14 4.4341e-15 1.46817e-16
 1636 1.11022e-14 4.43818e-15 1.46784e-16
 1637 1.11022e-14 4.44225e-15 1.46751e-16
 1638 1.11022e-14 4.44631e-15 1.46717e-16
 1639 0 4.4436e-15 1.46653e-16
 1640 0 4.44089e-15 1.46589e-16
 1641 1.11022e-14 4.44495e-15 1.46555e-16
 1642 0 4.44224e-15 1.46491e-16
 1643 1.11022e-14 4.4463e-15 1.46458e-16
 1644 1.11022e-14 4.45035e-15 1.46425e-16
 1645 1.11022e-14 4.45439e-15 1.46392e-16
 1646 1.11022e-14 4.45843e-15 1.46359e-16
 1647 1.11022e-14 4.46246e-15 1.46325e-16
 1648 1.11022e-14 4.46649e-15 1.46292e-16
 1649 1.11022e-14 4.47052e-15 1.46259e-16
 1650 1.11022e-14 4.47454e-15 1.46225e-16
 1651 0 4.47183e-15 1.46162e-16
 1652 0 4.46912e-15 1.46098e-16
 1653 0 4.46641e-15 1.46035e-16
 1654 1.11022e-14 4.47043e-15 1.46002e-16
 1655 1.11022e-14 4.47443e-15 1.45968e-16
 1656 1.11022e-14 4.47844e-15 1.45935e-16
 1657 1.11022e-14 4.48243e-15 1.45902e-16
 1658 0 4.47973e-15 1.45839e-16
 1659 0 4.47703e-15 1.45776e-16
 1660 0 4.47433e-15 1.45713e-16
 1661 1.11022e-14 4.47832e-15 1.4568e-16
 1662 0 4.47563e-15 1.45617e-16
 1663 0 4.47294e-15 1.45555e-16
 1664 0 4.47025e-15 1.45492e-16
 1665 0 4.46756e-15 1.45429e-16
 1666 0 4.46488e-15 1.45367e-16
 1667 0 4.4622e-15 1.45304e-16
 1668 0 4.45953e-15 1.45242e-16
 1669 0 4.45686e-15 1.45179e-16
 1670 0 4.45419e-15 1.45117e-16
 1671 0 4.45152e-15 1.45054e-16
 1672 0 4.44886e-15 1.44992e-16
 1673 0 4.4462e-15 1.4493e-16
 1674 1.11022e-14 4.45018e-15 1.44898e-16
 1675 0 4.44752e-15 1.44836e-16
 1676 0 4.44487e-15 1.44773e-16
 1677 0 4.44222e-15 1.44711e-16
 1678 0 4.43957e-15 1.44649e-16
 1679 0 4.43692e-15 1.44587e-16
 1680 1.11022e-14 4.44089e-15 1.44556e-16
 1681 0 4.43825e-15 1.44494e-16
 1682 0 4.43561e-15 1.44432e-16
 1683 0 4.43298e-15 1.4437e-16
 1684 0 4.43034e-15 1.44308e-16
 1685 0 4.42771e-15 1.44247e-16
 1686 0 4.42509e-15 1.44185e-16
 1687 0 4.42247e-15 1.44123e-16
 1688 1.11022e-14 4.42642e-15 1.44092e-16
 1689 0 4.4238e-15 1.44031e-16
 1690 1.11022e-14 4.42775e-15 1.44e-16
 1691 0 4.42513e-15 1.43938e-16
 1692 1.11022e-14 4.42908e-15 1.43908e-16
 1693 1.11022e-14 4.43302e-15 1.43876e-16
 1694 1.11022e-14 4.43696e-15 1.43845e-16
 1695 1.11022e-14 4.44089e-15 1.43814e-16
 1696 1.11022e-14 4.44482e-15 1.43783e-16
 1697 1.11022e-14 4.44874e-15 1.43752e-16
 1698 1.11022e-14 4.45266e-15 1.43721e-16
 1699 0 4.45004e-15 1.4366e-16
 1700 0 4.44742e-15 1.43599e-16
 1701 0 4.44481e-15 1.43539e-16
 1702 0 4.4422e-15 1.43478e-16
 1703 0 4.43959e-15 1.43418e-16
 1704 0 4.43698e-15 1.43357e-16
 1705 0 4.43438e-15 1.43297e-16
 1706 0 4.43178e-15 1.43236e-16
 1707 0 4.42919e-15 1.43176e-16
 1708 0 4.42659e-15 1.43115e-16
 1709 0 4.424e-15 1.43055e-16
 1710 0 4.42141e-15 1.42995e-16
 1711 0 4.41883e-15 1.42935e-16
 1712 0 4.41625e-15 1.42874e-16
 1713 0 4.41367e-15 1.42814e-16
 1714 0 4.4111e-15 1.42754e-16
 1715 0 4.40852e-15 1.42694e-16
 1716 0 4.40596e-15 1.42634e-16
 1717 0 4.40339e-15 1.42574e-16
 1718 0 4.40083e-15 1.42514e-16
 1719 0 4.39827e-15 1.42454e-16
 1720 0 4.39571e-15 1.42394e-16
 1721 0 4.39315e-15 1.42334e-16
 1722 0 4.3906e-15 1.42274e-16
 1723 0 4.38806e-15 1.42215e-16
 1724 1.11022e-14 4.39195e-15 1.42186e-16
 1725 0 4.3894e-15 1.42126e-16
 1726 0 4.38686e-15 1.42066e-16
 1727 0 4.38432e-15 1.42007e-16
 1728 0 4.38178e-15 1.41947e-16
 1729 0 4.37925e-15 1.41888e-16
 1730 0 4.37672e-15 1.41828e-16
 1731 0 4.37419e-15 1.41769e-16
 1732 0 4.37166e-15 1.4171e-16
 1733 -5.55112e-15 4.36594e-15 1.41743e-16
 1734 -5.55112e-15 4.36022e-15 1.41777e-16
 1735 -5.55112e-15 4.35451e-15 1.4181e-16
 1736 0 4.352e-15 1.41751e-16
 1737 0 4.34949e-15 1.41691e-16
 1738 1.11022e-14 4.35338e-15 1.41663e-16
 1739 1.11022e-14 4.35726e-15 1.41635e-16
 1740 -5.55112e-15 4.35156e-15 1.41668e-16
 1741 0 4.34906e-15 1.41609e-16
 1742 0 4.34657e-15 1.41549e-16
 1743 -5.55112e-15 4.34089e-15 1.41582e-16
 1744 -5.55112e-15 4.33522e-15 1.41614e-16
 1745 -5.55112e-15 4.32955e-15 1.41647e-16
 1746 0 4.32707e-15 1.41587e-16
 1747 0 4.3246e-15 1.41528e-16
 1748 0 4.32212e-15 1.41468e-16
 1749 1.11022e-14 4.326e-15 1.41441e-16
 1750 1.11022e-14 4.32987e-15 1.41413e-16
 1751 0 4.3274e-15 1.41354e-16
 1752 0 4.32493e-15 1.41295e-16
 1753 0 4.32246e-15 1.41235e-16
 1754 0 4.32e-15 1.41176e-16
 1755 1.11022e-14 4.32386e-15 1.41149e-16
 1756 1.11022e-14 4.32772e-15 1.41121e-16
 1757 1.11022e-14 4.33158e-15 1.41094e-16
 1758 1.11022e-14 4.33543e-15 1.41066e-16
 1759 0 4.33296e-15 1.41007e-16
 1760 0 4.3305e-15 1.40949e-16
 1761 0 4.32804e-15 1.4089e-16
 1762 0 4.32559e-15 1.40831e-16
 1763 1.11022e-14 4.32943e-15 1.40804e-16
 1764 0 4.32697e-15 1.40746e-16
 1765 0 4.32452e-15 1.40687e-16
 1766 -5.55112e-15 4.31893e-15 1.40719e-16
 1767 -5.55112e-15 4.31335e-15 1.4075e-16
 1768 -5.55112e-15 4.30777e-15 1.40781e-16
 1769 -5.55112e-15 4.30219e-15 1.40812e-16
 1770 -5.55112e-15 4.29663e-15 1.40842e-16
 1771 -5.55112e-15 4.29107e-15 1.40872e-16
 1772 -5.55112e-15 4.28551e-15 1.40902e-16
 1773 -5.55112e-15 4.27996e-15 1.40932e-16
 1774 -5.55112e-15 4.27442e-15 1.40962e-16
 1775 0 4.27201e-15 1.40903e-16
 1776 0 4.26961e-15 1.40844e-16
 1777 0 4.2672e-15 1.40785e-16
 1778 -5.55112e-15 4.26168e-15 1.40814e-16
 1779 0 4.25929e-15 1.40755e-16
 1780 0 4.25689e-15 1.40697e-16
 1781 0 4.2545e-15 1.40638e-16
 1782 0 4.25212e-15 1.40579e-16
 1783 0 4.24973e-15 1.40521e-16
 1784 1.11022e-14 4.25357e-15 1.40494e-16
 1785 1.11022e-14 4.25741e-15 1.40468e-16
 1786 1.11022e-14 4.26124e-15 1.40442e-16
 1787 1.11022e-14 4.26507e-15 1.40415e-16
 1788 1.11022e-14 4.26889e-15 1.40389e-16
 1789 1.11022e-14 4.27271e-15 1.40362e-16
 1790 1.11022e-14 4.27653e-15 1.40336e-16
 1791 1.11022e-14 4.28034e-15 1.40309e-16
 1792 1.11022e-14 4.28415e-15 1.40282e-16
 1793 1.11022e-14 4.28795e-15 1.40256e-16
 1794 1.11022e-14 4.29175e-15 1.40229e-16
 1795 1.11022e-14 4.29554e-15 1.40202e-16
 1796 1.11022e-14 4.29933e-15 1.40175e-16
 1797 1.11022e-14 4.30312e-15 1.40148e-16
 1798 1.11022e-14 4.3069e-15 1.40122e-16
 1799 0 4.30451e-15 1.40064e-16
 1800 0 4.30211e-15 1.40007e-16
 1801 0 4.29973e-15 1.39949e-16
 1802 0 4.29734e-15 1.39892e-16
 1803 0 4.29496e-15 1.39835e-16
 1804 0 4.29258e-15 1.39777e-16
 1805 1.11022e-14 4.29635e-15 1.39751e-16
 1806 0 4.29397e-15 1.39694e-16
 1807 0 4.29159e-15 1.39637e-16
 1808 1.11022e-14 4.29536e-15 1.3961e-16
 1809 1.11022e-14 4.29912e-15 1.39584e-16
 1810 0 4.29675e-15 1.39527e-16
 1811 0 4.29437e-15 1.3947e-16
 1812 0 4.292e-15 1.39413e-16
 1813 0 4.28964e-15 1.39356e-16
 1814 0 4.28727e-15 1.393e-16
 1815 0 4.28491e-15 1.39243e-16
 1816 0 4.28255e-15 1.39186e-16
 1817 0 4.28019e-15 1.39129e-16
 1818 1.11022e-14 4.28395e-15 1.39104e-16
 1819 0 4.28159e-15 1.39047e-16
 1820 0 4.27924e-15 1.3899e-16
 1821 0 4.27689e-15 1.38934e-16
 1822 0 4.27454e-15 1.38878e-16
 1823 1.11022e-14 4.27829e-15 1.38852e-16
 1824 0 4.27594e-15 1.38796e-16
 1825 0 4.2736e-15 1.38739e-16
 1826 0 4.27126e-15 1.38683e-16
 1827 0 4.26892e-15 1.38627e-16
 1828 1.11022e-14 4.27266e-15 1.38601e-16
 1829 1.11022e-14 4.27639e-15 1.38576e-16
 1830 1.11022e-14 4.28012e-15 1.3855e-16
 1831 1.11022e-14 4.28385e-15 1.38525e-16
 1832 0 4.28151e-15 1.38469e-16
 1833 0 4.27917e-15 1.38413e-16
 1834 0 4.27684e-15 1.38357e-16
 1835 0 4.27451e-15 1.38301e-16
 1836 0 4.27218e-15 1.38246e-16
 1837 1.11022e-14 4.2759e-15 1.3822e-16
 1838 0 4.27357e-15 1.38165e-16
 1839 0 4.27125e-15 1.38109e-16
 1840 0 4.26893e-15 1.38054e-16
 1841 1.11022e-14 4.27264e-15 1.38029e-16
 1842 1.11022e-14 4.27635e-15 1.38003e-16
 1843 1.11022e-14 4.28005e-15 1.37978e-16
 1844 1.11022e-14 4.28375e-15 1.37953e-16
 1845 1.11022e-14 4.28745e-15 1.37928e-16
 1846 1.11022e-14 4.29114e-15 1.37902e-16
 1847 0 4.28881e-15 1.37847e-16
 1848 0 4.28649e-15 1.37792e-16
 1849 1.11022e-14 4.29018e-15 1.37767e-16
 1850 1.11022e-14 4.29386e-15 1.37742e-16
 1851 1.11022e-14 4.29754e-15 1.37716e-16
 1852 0 4.29522e-15 1.37662e-16
 1853 0 4.2929e-15 1.37607e-16
 1854 0 4.29059e-15 1.37552e-16
 1855 0 4.28827e-15 1.37497e-16
 1856 0 4.28596e-15 1.37443e-16
 1857 0 4.28366e-15 1.37388e-16
 1858 0 4.28135e-15 1.37333e-16
 1859 0 4.27905e-15 1.37279e-16
 1860 0 4.27675e-15 1.37224e-16
 1861 0 4.27445e-15 1.3717e-16
 1862 0 4.27215e-15 1.37115e-16
 1863 0 4.26986e-15 1.37061e-16
 1864 1.11022e-14 4.27352e-15 1.37036e-16
 1865 1.11022e-14 4.27719e-15 1.37012e-16
 1866 0 4.27489e-15 1.36958e-16
 1867 0 4.2726e-15 1.36903e-16
 1868 0 4.27032e-15 1.36849e-16
 1869 0 4.26803e-15 1.36795e-16
 1870 1.11022e-14 4.27169e-15 1.36771e-16
 1871 -5.55112e-15 4.26644e-15 1.36798e-16
 1872 -5.55112e-15 4.26119e-15 1.36826e-16
 1873 0 4.25892e-15 1.36772e-16
 1874 0 4.25664e-15 1.36718e-16
 1875 1.11022e-14 4.2603e-15 1.36693e-16
 1876 1.11022e-14 4.26394e-15 1.36669e-16
 1877 1.11022e-14 4.26759e-15 1.36645e-16
 1878 1.11022e-14 4.27123e-15 1.36621e-16
 1879 1.11022e-14 4.27486e-15 1.36596e-16
 1880 1.11022e-14 4.27849e-15 1.36572e-16
 1881 1.11022e-14 4.28212e-15 1.36547e-16
 1882 0 4.27984e-15 1.36494e-16
 1883 0 4.27757e-15 1.3644e-16
 1884 0 4.2753e-15 1.36387e-16
 1885 0 4.27303e-15 1.36333e-16
 1886 0 4.27077e-15 1.3628e-16
 1887 0 4.2685e-15 1.36226e-16
 1888 1.11022e-14 4.27212e-15 1.36202e-16
 1889 1.11022e-14 4.27574e-15 1.36178e-16
 1890 1.11022e-14 4.27935e-15 1.36154e-16
 1891 1.11022e-14 4.28296e-15 1.3613e-16
 1892 1.11022e-14 4.28656e-15 1.36106e-16
 1893 1.11022e-14 4.29016e-15 1.36081e-16
 1894 1.11022e-14 4.29376e-15 1.36057e-16
 1895 0 4.2915e-15 1.36004e-16
 1896 0 4.28923e-15 1.35951e-16
 1897 0 4.28697e-15 1.35898e-16
 1898 0 4.28471e-15 1.35845e-16
 1899 -5.55112e-15 4.27953e-15 1.35873e-16
 1900 0 4.27728e-15 1.3582e-16
 1901 1.11022e-14 4.28087e-15 1.35796e-16
 1902 1.11022e-14 4.28446e-15 1.35772e-16
 1903 0 4.28221e-15 1.35719e-16
 1904 1.11022e-14 4.28579e-15 1.35695e-16
 1905 0 4.28354e-15 1.35642e-16
 1906 0 4.28129e-15 1.3559e-16
 1907 0 4.27905e-15 1.35537e-16
 1908 0 4.2768e-15 1.35485e-16
 1909 0 4.27456e-15 1.35432e-16
 1910 1.11022e-14 4.27814e-15 1.35409e-16
 1911 1.11022e-14 4.28171e-15 1.35385e-16
 1912 0 4.27947e-15 1.35333e-16
 1913 -5.55112e-15 4.27433e-15 1.35359e-16
 1914 -5.55112e-15 4.2692e-15 1.35386e-16
 1915 0 4.26697e-15 1.35334e-16
 1916 0 4.26474e-15 1.35281e-16
 1917 1.11022e-14 4.26831e-15 1.35258e-16
 1918 1.11022e-14 4.27187e-15 1.35234e-16
 1919 1.11022e-14 4.27543e-15 1.35211e-16
 1920 1.11022e-14 4.27898e-15 1.35187e-16
 1921 1.11022e-14 4.28254e-15 1.35163e-16
 1922 1.11022e-14 4.28608e-15 1.35139e-16
 1923 0 4.28386e-15 1.35087e-16
 1924 0 4.28163e-15 1.35036e-16
 1925 0 4.27941e-15 1.34984e-16
 1926 0 4.27718e-15 1.34932e-16
 1927 0 4.27496e-15 1.3488e-16
 1928 0 4.27275e-15 1.34828e-16
 1929 0 4.27053e-15 1.34777e-16
 1930 0 4.26832e-15 1.34725e-16
 1931 0 4.26611e-15 1.34673e-16
 1932 0 4.2639e-15 1.34622e-16
 1933 0 4.26169e-15 1.3457e-16
 1934 0 4.25949e-15 1.34519e-16
 1935 0 4.25729e-15 1.34467e-16
 1936 1.11022e-14 4.26082e-15 1.34444e-16
 1937 0 4.25863e-15 1.34393e-16
 1938 1.11022e-14 4.26216e-15 1.3437e-16
 1939 1.11022e-14 4.26568e-15 1.34347e-16
 1940 0 4.26349e-15 1.34296e-16
 1941 0 4.26129e-15 1.34244e-16
 1942 0 4.25909e-15 1.34193e-16
 1943 0 4.2569e-15 1.34142e-16
 1944 0 4.25471e-15 1.34091e-16
 1945 0 4.25253e-15 1.3404e-16
 1946 0 4.25034e-15 1.33989e-16
 1947 0 4.24816e-15 1.33938e-16
 1948 0 4.24598e-15 1.33887e-16
 1949 1.11022e-14 4.24949e-15 1.33864e-16
 1950 1.11022e-14 4.25301e-15 1.33842e-16
 1951 1.11022e-14 4.25652e-15 1.33819e-16
 1952 0 4.25434e-15 1.33768e-16
 1953 0 4.25216e-15 1.33717e-16
 1954 0 4.24998e-15 1.33667e-16
 1955 0 4.24781e-15 1.33616e-16
 1956 0 4.24564e-15 1.33565e-16
 1957 0 4.24347e-15 1.33515e-16
 1958 0 4.2413e-15 1.33464e-16
 1959 0 4.23914e-15 1.33413e-16
 1960 0 4.23697e-15 1.33363e-16
 1961 0 4.23481e-15 1.33312e-16
 1962 1.11022e-14 4.23831e-15 1.3329e-16
 1963 0 4.23615e-15 1.3324e-16
 1964 0 4.234e-15 1.3319e-16
 1965 0 4.23184e-15 1.33139e-16
 1966 0 4.22969e-15 1.33089e-16
 1967 0 4.22754e-15 1.33039e-16
 1968 -5.55112e-15 4.22257e-15 1.33064e-16
 1969 1.11022e-14 4.22606e-15 1.33042e-16
 1970 1.11022e-14 4.22956e-15 1.3302e-16
 1971 1.11022e-14 4.23304e-15 1.32999e-16
 1972 0 4.2309e-15 1.32948e-16
 1973 0 4.22875e-15 1.32898e-16
 1974 1.11022e-14 4.23223e-15 1.32877e-16
 1975 1.11022e-14 4.23571e-15 1.32855e-16
 1976 0 4.23357e-15 1.32805e-16
 1977 0 4.23143e-15 1.32755e-16
 1978 0 4.22929e-15 1.32705e-16
 1979 0 4.22715e-15 1.32655e-16
 1980 0 4.22502e-15 1.32605e-16
 1981 0 4.22288e-15 1.32556e-16
 1982 0 4.22075e-15 1.32506e-16
 1983 0 4.21862e-15 1.32456e-16
 1984 0 4.2165e-15 1.32406e-16
 1985 0 4.21437e-15 1.32357e-16
 1986 0 4.21225e-15 1.32307e-16
 1987 0 4.21013e-15 1.32257e-16
 1988 0 4.20801e-15 1.32208e-16
 1989 0 4.2059e-15 1.32158e-16
 1990 0 4.20378e-15 1.32109e-16
 1991 1.11022e-14 4.20725e-15 1.32088e-16
 1992 1.11022e-14 4.21071e-15 1.32067e-16
 1993 1.11022e-14 4.21417e-15 1.32046e-16
 1994 0 4.21205e-15 1.31997e-16
 1995 0 4.20994e-15 1.31947e-16
 1996 0 4.20783e-15 1.31898e-16
 1997 0 4.20573e-15 1.31849e-16
 1998 0 4.20362e-15 1.318e-16
 1999 0 4.20152e-15 1.3175e-16
 2000 0 4.19942e-15 1.31701e-16
