 1 -0.08 -0.08 0
 2 -0.08 -0.08 0
 3 -0.16 -0.106667 0.0266667
 4 -0.08 -0.1 0.02
 5 -0.24 -0.128 0.032
 6 -0.2 -0.14 0.0287518
 7 -0.16 -0.142857 0.0244671
 8 -0.28 -0.16 0.0272554
 9 -0.16 -0.16 0.024037
 10 -0.24 -0.168 0.0229395
 11 0 -0.152727 0.0257643
 12 0.12 -0.13 0.0327062
 13 0 -0.12 0.0317038
 14 0.08 -0.105714 0.0326438
 15 -0.04 -0.101333 0.0307039
 16 0.16 -0.085 0.0330404
 17 0.12 -0.0729412 0.0332964
 18 0.28 -0.0533333 0.0370126
 19 0.56 -0.0210526 0.0476212
 20 0.52 0.006 0.0526578
 21 0.56 0.032381 0.0566102
 22 0.36 0.0472727 0.0559924
 23 0.2 0.053913 0.053913
 24 0.16 0.0583333 0.0518067
 25 0.12 0.0608 0.0497525
 26 0.12 0.0630769 0.0478548
 27 0.08 0.0637037 0.0460526
 28 0.16 0.0671429 0.0445104
 29 0.12 0.0689655 0.0429868
 30 0.2 0.0733333 0.0417583
 31 0.04 0.0722581 0.0404031
 32 0.04 0.07125 0.0391331
 33 0 0.0690909 0.0379901
 34 -0.04 0.0658824 0.0369952
 35 0 0.064 0.035972
 36 0.36 0.0722222 0.0359124
 37 0.48 0.0832432 0.0366258
 38 0.4 0.0915789 0.0366105
 39 0.44 0.100513 0.0367615
 40 0.48 0.11 0.0370654
 41 0.64 0.122927 0.0383918
 42 0.6 0.134286 0.0391506
 43 0.56 0.144186 0.0394904
 44 0.44 0.150909 0.0391639
 45 0.6 0.160889 0.039563
 46 0.6 0.170435 0.0398535
 47 0.6 0.179574 0.0400531
 48 0.64 0.189167 0.040366
 49 0.56 0.196735 0.0402515
 50 0.36 0.2 0.0395732
 51 0.28 0.201569 0.0388212
 52 0.2 0.201538 0.0380674
 53 0.16 0.200755 0.0373504
 54 0.12 0.199259 0.0366827
 55 -0.04 0.194909 0.0362714
 56 -0.32 0.185714 0.0367855
 57 -0.36 0.17614 0.0373812
 58 -0.32 0.167586 0.0377139
 59 -0.36 0.158644 0.0381325
 60 -0.36 0.15 0.0384752
 61 -0.2 0.144262 0.0382717
 62 -0.24 0.138065 0.0381561
 63 -0.44 0.128889 0.0386505
 64 -0.48 0.119375 0.0392134
 65 -0.12 0.115692 0.0387807
 66 -0.04 0.113333 0.0382614
 67 -0.08 0.110448 0.0377963
 68 0 0.108824 0.0372717
 69 0.08 0.108406 0.0367299
 70 -0.24 0.103429 0.036542
 71 0.04 0.102535 0.0360347
 72 0.24 0.104444 0.035582
 73 0.36 0.107945 0.0352653
 74 0.4 0.111892 0.0350087
 75 0.4 0.115733 0.0347517
 76 0.16 0.116316 0.0342964
 77 0.16 0.116883 0.0338528
 78 0.32 0.119487 0.0335173
 79 0.28 0.121519 0.0331526
 80 0.36 0.1245 0.032871
 81 0.36 0.127407 0.0325926
 82 0.36 0.130244 0.0323174
 83 0.32 0.13253 0.0320074
 84 0.12 0.132381 0.0316244
 85 0.12 0.132235 0.0312505
 86 0.16 0.132558 0.0308867
 87 0.16 0.132874 0.0305312
 88 0.08 0.132273 0.0301882
 89 0.08 0.131685 0.0298529
 90 -0.04 0.129778 0.0295809
 91 -0.08 0.127473 0.0293447
 92 -0.36 0.122174 0.0295037
 93 -0.36 0.116989 0.0296417
 94 -0.28 0.112766 0.0296272
 95 -0.24 0.109053 0.0295479
 96 -0.32 0.104583 0.0295781
 97 -0.36 0.0997938 0.0296609
 98 -0.4 0.0946939 0.0297964
 99 -0.32 0.0905051 0.0297898
 100 -0.4 0.0856 0.0298955
 101 -0.36 0.0811881 0.0299251
 102 -0.48 0.0756863 0.0301367
 103 -0.68 0.0683495 0.0307313
 104 -0.64 0.0615385 0.0311872
 105 -0.56 0.055619 0.0314509
 106 -0.72 0.0483019 0.0320005
 107 -0.84 0.04 0.0327691
 108 -0.84 0.0318519 0.0334712
 109 -0.4 0.0278899 0.0333985
 110 -0.48 0.0232727 0.0334141
 111 -0.44 0.0190991 0.0333737
 112 -0.36 0.0157143 0.0332471
 113 -0.52 0.0109735 0.0332908
 114 -0.2 0.00912281 0.0330494
 115 -0.24 0.00695652 0.0328323
 116 -0.12 0.00586207 0.0325664
 117 -0.16 0.00444444 0.032318
 118 -0.04 0.0040678 0.0320451
 119 -0.04 0.00369748 0.0317769
 120 0.04 0.004 0.0315124
 121 0 0.00396694 0.0312509
 122 0.04 0.0042623 0.0309951
 123 0.08 0.00487805 0.0307482
 124 0.16 0.00612903 0.0305249
 125 0.44 0.0096 0.030478
 126 0.16 0.0107937 0.0302587
 127 0.24 0.0125984 0.0300737
 128 0.2 0.0140625 0.0298737
 129 0.12 0.0148837 0.0296526
 130 0.08 0.0153846 0.0294279
 131 0.2 0.0167939 0.0292364
 132 0.16 0.0178788 0.0290343
 133 0.2 0.0192481 0.0288477
 134 0.2 0.020597 0.0286634
 135 0.2 0.0219259 0.0284813
 136 0.4 0.0247059 0.0284074
 137 0.48 0.0280292 0.0283945
 138 0.48 0.0313043 0.0283776
 139 0.48 0.0345324 0.028357
 140 0.44 0.0374286 0.0283023
 141 0.24 0.0388652 0.0281376
 142 0.28 0.0405634 0.0279903
 143 0.32 0.0425175 0.0278625
 144 0.2 0.0436111 0.0276899
 145 0.24 0.0449655 0.0275316
 146 0.24 0.0463014 0.027375
 147 0.32 0.0481633 0.0272518
 148 0.44 0.0508108 0.0271962
 149 0.68 0.0550336 0.0273412
 150 0.48 0.0578667 0.0273056
 151 0.32 0.0596026 0.0271797
 152 0.24 0.0607895 0.0270264
 153 0.4 0.0630065 0.0269405
 154 0.36 0.0649351 0.0268344
 155 0.24 0.0660645 0.0266846
 156 0.28 0.0674359 0.0265485
 157 0.36 0.0692994 0.0264446
 158 0.4 0.0713924 0.0263599
 159 0.52 0.0742138 0.0263451
 160 0.4 0.07625 0.026259
 161 0.28 0.0775155 0.026126
 162 0.28 0.0787654 0.0259943
 163 0 0.0782822 0.0258389
 164 0 0.0778049 0.0256853
 165 -0.04 0.0770909 0.0255391
 166 0.12 0.0773494 0.0253861
 167 -0.16 0.0759281 0.0252736
 168 -0.24 0.0740476 0.025193
 169 -0.2 0.072426 0.025096
 170 -0.08 0.0715294 0.024964
 171 0.12 0.0718129 0.0248192
 172 0.4 0.0737209 0.0247482
 173 0.12 0.0739884 0.0246062
 174 0.04 0.0737931 0.0244651
 175 0 0.0733714 0.0243286
 176 -0.08 0.0725 0.0242056
 177 -0.12 0.0714124 0.024093
 178 -0.12 0.0703371 0.0239814
 179 -0.24 0.0686034 0.02391
 180 -0.32 0.0664444 0.0238746
 181 -0.12 0.0654144 0.0237647
 182 -0.16 0.0641758 0.0236662
 183 -0.2 0.0627322 0.0235807
 184 -0.24 0.061087 0.0235099
 185 -0.2 0.0596757 0.023425
 186 -0.2 0.0582796 0.0233405
 187 -0.32 0.0562567 0.0233033
 188 -0.48 0.0534043 0.0233539
 189 -0.44 0.0507937 0.0233762
 190 -0.16 0.0496842 0.0232793
 191 -0.32 0.0477487 0.0232379
 192 -0.12 0.046875 0.023133
 193 0.04 0.0468394 0.0230129
 194 -0.04 0.0463918 0.0228983
 195 0.08 0.0465641 0.0227812
 196 0.16 0.0471429 0.0226721
 197 0.24 0.0481218 0.022578
 198 0.2 0.0488889 0.0224767
 199 0.16 0.0494472 0.0223705
 200 0.24 0.0504 0.0222787
 201 0 0.0501493 0.022169
 202 -0.2 0.0489109 0.0220937
 203 0 0.04867 0.0219859
 204 0 0.0484314 0.0218792
 205 -0.2 0.0472195 0.0218059
 206 -0.08 0.0466019 0.0217086
 207 -0.24 0.0452174 0.0216478
 208 0 0.045 0.0215445
 209 0.08 0.0451675 0.0214419
 210 -0.16 0.0441905 0.0213619
 211 -0.4 0.0420853 0.0213644
 212 -0.56 0.0392453 0.0214522
 213 -0.28 0.0377465 0.0214038
 214 -0.36 0.0358879 0.0213844
 215 -0.2 0.0347907 0.021313
 216 -0.32 0.0331481 0.0212776
 217 -0.28 0.0317051 0.0212284
 218 -0.2 0.0306422 0.0211575
 219 -0.12 0.0299543 0.0210719
 220 -0.08 0.0294545 0.0209819
 221 -0.12 0.0287783 0.0208977
 222 0.08 0.029009 0.0208046
 223 0.2 0.0297758 0.0207253
 224 0.32 0.0310714 0.0206732
 225 0.44 0.0328889 0.0206612
 226 0.32 0.0341593 0.0206088
 227 0.2 0.0348899 0.0205308
 228 0.12 0.0352632 0.020444
 229 0.28 0.0363319 0.0203825
 230 0.28 0.0373913 0.0203213
 231 0.16 0.0379221 0.0202401
 232 0.12 0.0382759 0.0201558
 233 -0.12 0.0375966 0.0200806
 234 -0.12 0.0369231 0.020006
 235 -0.04 0.0365957 0.0199233
 236 -0.12 0.0359322 0.0198498
 237 0.04 0.0359494 0.0197659
 238 0.04 0.0359664 0.0196827
 239 0.08 0.0361506 0.019601
 240 0.2 0.0368333 0.0195311
 241 0.28 0.0378423 0.0194761
 242 0.28 0.038843 0.0194212
 243 0 0.0386831 0.0193418
 244 -0.04 0.0383607 0.019265
 245 -0.12 0.0377143 0.0191971
 246 0 0.037561 0.0191196
 247 0 0.0374089 0.0190426
 248 0.08 0.0375806 0.0189664
 249 -0.04 0.0372691 0.0188927
 250 0.08 0.03744 0.0188177
 251 -0.08 0.0369721 0.0187484
 252 0.16 0.0374603 0.0186803
 253 0.12 0.0377866 0.0186092
 254 0.04 0.0377953 0.0185358
 255 -0.04 0.0374902 0.0184654
 256 0.16 0.0379688 0.0183994
 257 0.28 0.0389105 0.0183518
 258 0.24 0.0396899 0.0182972
 259 0.32 0.0407722 0.0182585
 260 0.48 0.0424615 0.0182664
 261 0.52 0.0442912 0.0182881
 262 0.52 0.0461069 0.0183084
 263 0.52 0.0479087 0.0183274
 264 0.64 0.0501515 0.0183951
 265 0.76 0.0528302 0.0185203
 266 0.92 0.0560902 0.0187363
 267 0.96 0.0594757 0.0189706
 268 0.92 0.0626866 0.0191704
 269 0.92 0.0658736 0.0193631
 270 0.8 0.0685926 0.019482
 271 0.68 0.0708487 0.0195406
 272 0.56 0.0726471 0.0195515
 273 0.36 0.0736996 0.0195082
 274 0.52 0.0753285 0.019505
 275 0.6 0.0772364 0.0195274
 276 0.6 0.0791304 0.0195485
 277 0.6 0.0810108 0.0195683
 278 0.48 0.082446 0.0195505
 279 0.56 0.0841577 0.0195554
 280 0.4 0.0852857 0.0195181
 281 0.52 0.0868327 0.0195099
 282 0.52 0.0883688 0.0195012
 283 0.48 0.0897527 0.0194814
 284 0.44 0.0909859 0.0194518
 285 0.28 0.0916491 0.0193948
 286 0.16 0.0918881 0.0193283
 287 0.08 0.0918467 0.0192609
 288 0.2 0.0922222 0.0191976
 289 0.16 0.0924567 0.0191325
 290 0.36 0.0933793 0.0190887
 291 0.48 0.0947079 0.0190693
 292 0.6 0.0964384 0.0190825
 293 0.68 0.09843 0.0191213
 294 0.56 0.1 0.0191207
 295 0.48 0.101288 0.0190993
 296 0.52 0.102703 0.0190871
 297 0.48 0.103973 0.0190651
 298 0.36 0.104832 0.0190204
 299 0.24 0.105284 0.0189621
 300 0.12 0.105333 0.0188989
 301 0.04 0.105116 0.0188372
 302 0.12 0.105166 0.0187748
 303 -0.04 0.104686 0.0187189
 304 -0.16 0.103816 0.0186775
 305 0 0.103475 0.0186193
 306 -0.08 0.102876 0.018568
 307 0.12 0.102932 0.0185075
 308 0 0.102597 0.0184504
 309 0.16 0.102783 0.0183915
 310 0.08 0.10271 0.0183322
 311 0.2 0.103023 0.0182758
 312 0.12 0.103077 0.0182173
 313 0.08 0.103003 0.0181591
 314 0.08 0.10293 0.0181013
 315 0.04 0.10273 0.0180449
 316 -0.04 0.102278 0.0179934
 317 -0.2 0.101325 0.0179618
 318 -0.24 0.100252 0.0179374
 319 -0.12 0.0995611 0.0178944
 320 -0.04 0.099125 0.0178437
 321 -0.12 0.0984424 0.0178012
 322 0 0.0981366 0.0177484
 323 0.16 0.0983282 0.0176944
 324 0.16 0.0985185 0.0176407
 325 0.24 0.0989538 0.0175918
 326 0.24 0.0993865 0.0175431
 327 0.28 0.0999388 0.0174981
 328 0.28 0.100488 0.0174533
 329 0.12 0.100547 0.0174002
 330 0.28 0.101091 0.0173559
 331 0.44 0.102115 0.0173337
 332 0.48 0.103253 0.0173188
 333 0.4 0.104144 0.0172897
 334 0.28 0.104671 0.0172459
 335 0.4 0.105552 0.017217
 336 0.24 0.105952 0.0171703
 337 0.08 0.105875 0.0171195
 338 -0.2 0.10497 0.0170927
 339 0 0.104661 0.017045
 340 0.12 0.104706 0.0169949
 341 0.08 0.104633 0.0169451
 342 0.16 0.104795 0.0168963
 343 0.4 0.105656 0.0168689
 344 0.36 0.106395 0.016836
 345 0.48 0.107478 0.0168221
 346 0.2 0.107746 0.0167755
 347 0.24 0.108127 0.0167314
 348 0.48 0.109195 0.0167175
 349 0.56 0.110487 0.0167195
 350 0.6 0.111886 0.0167302
 351 0.68 0.113504 0.0167608
 352 0.68 0.115114 0.0167904
 353 0.6 0.116487 0.016799
 354 0.36 0.117175 0.0167656
 355 0.44 0.118085 0.0167431
 356 0.68 0.119663 0.0167704
 357 0.6 0.121008 0.0167774
 358 0.48 0.122011 0.0167605
 359 0.56 0.123231 0.0167582
 360 0.6 0.124556 0.016764
 361 0.52 0.125651 0.0167533
 362 0.52 0.12674 0.0167425
 363 0.68 0.128264 0.0167657
 364 0.72 0.12989 0.0167984
 365 0.76 0.131616 0.0168411
 366 0.64 0.133005 0.0168523
 367 0.6 0.134278 0.0168544
 368 0.48 0.135217 0.0168348
 369 0.4 0.135935 0.0168045
 370 0.48 0.136865 0.0167848
 371 0.28 0.137251 0.0167439
 372 0.24 0.137527 0.0167011
 373 0.08 0.137373 0.016657
 374 0.04 0.137112 0.0166144
 375 0.04 0.136853 0.0165721
 376 -0.16 0.136064 0.0165468
 377 -0.12 0.135385 0.0165168
 378 -0.12 0.134709 0.0164869
 379 -0.04 0.134248 0.0164498
 380 -0.12 0.133579 0.0164201
 381 -0.12 0.132913 0.0163905
 382 -0.08 0.132356 0.016357
 383 0.04 0.132115 0.016316
 384 0.04 0.131875 0.0162753
 385 0.04 0.131636 0.0162347
 386 0.04 0.131399 0.0161943
 387 0.12 0.13137 0.0161524
 388 0.12 0.13134 0.0161108
 389 0.12 0.131311 0.0160693
 390 0.04 0.131077 0.0160298
 391 -0.12 0.130435 0.0160016
 392 -0.24 0.12949 0.0159887
 393 -0.16 0.128753 0.015965
 394 -0.12 0.128122 0.0159369
 395 -0.2 0.127291 0.0159182
 396 -0.16 0.126566 0.0158945
 397 -0.24 0.125642 0.0158813
 398 0 0.125327 0.0158445
 399 -0.16 0.124612 0.0158209
 400 -0.44 0.1232 0.0158443
 401 -0.48 0.121696 0.0158762
 402 -0.64 0.119801 0.0159496
 403 -0.68 0.117816 0.0160332
 404 -0.64 0.115941 0.0161031
 405 -0.64 0.114074 0.0161714
 406 -0.4 0.112808 0.0161811
 407 -0.6 0.111057 0.0162361
 408 -0.48 0.109608 0.0162609
 409 -0.36 0.10846 0.0162617
 410 -0.28 0.107512 0.0162496
 411 -0.24 0.106667 0.0162321
 412 -0.28 0.105728 0.0162198
 413 -0.4 0.104504 0.0162267
 414 -0.52 0.102995 0.0162576
 415 -0.52 0.101494 0.0162877
 416 -0.36 0.100385 0.0162864
 417 -0.48 0.0989928 0.0163068
 418 -0.52 0.097512 0.016335
 419 -0.36 0.09642 0.0163325
 420 -0.56 0.0948571 0.0163683
 421 -0.56 0.0933017 0.0164033
 422 -0.6 0.0916588 0.0164467
 423 -0.6 0.0900236 0.016489
 424 -0.6 0.0883962 0.0165304
 425 -0.6 0.0867765 0.0165708
 426 -0.64 0.0850704 0.0166196
 427 -0.28 0.0842155 0.0166027
 428 -0.04 0.0839252 0.0165664
 429 0 0.0837296 0.0165289
 430 0.08 0.0837209 0.0164904
 431 0.2 0.0839907 0.0164543
 432 0.2 0.0842593 0.0164184
 433 0.28 0.0847113 0.0163867
 434 0.24 0.0850691 0.0163528
 435 0.2 0.0853333 0.0163173
 436 0.16 0.0855046 0.0162807
 437 0.12 0.0855835 0.0162436
 438 0.28 0.0860274 0.0162126
 439 0.32 0.0865604 0.0161844
 440 0.32 0.0870909 0.0161563
 441 0.44 0.0878912 0.0161394
 442 0.44 0.0886878 0.0161226
 443 0.52 0.0896614 0.0161156
 444 0.64 0.0909009 0.0161269
 445 0.36 0.0915056 0.016102
 446 0.44 0.092287 0.0160849
 447 0.52 0.0932438 0.0160773
 448 0.52 0.0941964 0.0160697
 449 0.32 0.0946993 0.0160417
 450 0.2 0.0949333 0.0160077
 451 0 0.0947228 0.0159736
 452 -0.2 0.0940708 0.0159515
 453 -0.32 0.0931567 0.0159425
 454 -0.4 0.0920705 0.0159444
 455 -0.56 0.0906374 0.0159737
 456 -0.72 0.0888596 0.0160375
 457 -0.72 0.0870897 0.0161
 458 -0.64 0.0855022 0.016143
 459 -0.6 0.0840087 0.0161769
 460 -0.56 0.0826087 0.0162023
 461 -0.4 0.0815618 0.016201
 462 -0.48 0.0803463 0.0162115
 463 -0.56 0.0789633 0.0162355
 464 -0.6 0.0775 0.0162664
 465 -0.6 0.076043 0.0162966
 466 -0.52 0.0747639 0.0163118
 467 -0.32 0.0739186 0.0162988
 468 -0.4 0.072906 0.0162954
 469 -0.2 0.0723241 0.0162711
 470 0.04 0.0722553 0.0162366
 471 0 0.0721019 0.0162028
 472 0.04 0.0720339 0.0161685
 473 -0.08 0.0717125 0.0161375
 474 -0.16 0.0712236 0.0161109
 475 -0.24 0.0705684 0.0160903
 476 -0.28 0.0698319 0.0160733
 477 -0.12 0.069434 0.0160445
 478 -0.08 0.0691213 0.016014
 479 -0.24 0.068476 0.0159935
 480 -0.32 0.0676667 0.0159807
 481 -0.36 0.0667775 0.0159722
 482 -0.32 0.0659751 0.0159592
 483 -0.24 0.0653416 0.0159387
 484 -0.2 0.0647934 0.0159152
 485 -0.2 0.0642474 0.0158917
 486 -0.16 0.063786 0.0158657
 487 -0.12 0.0634086 0.0158376
 488 -0.32 0.062623 0.0158246
 489 -0.36 0.0617587 0.0158159
 490 -0.36 0.060898 0.015807
 491 -0.36 0.0600407 0.015798
 492 -0.48 0.0589431 0.0158041
 493 -0.56 0.0576876 0.0158219
 494 -0.64 0.0562753 0.0158528
 495 -0.64 0.0548687 0.0158832
 496 -0.48 0.0537903 0.0158878
 497 -0.56 0.0525553 0.0159038
 498 -0.6 0.051245 0.0159258
 499 -0.64 0.0498597 0.0159541
 500 -0.48 0.0488 0.0159574
 501 -0.44 0.0478244 0.0159554
 502 -0.56 0.0466135 0.0159695
 503 -0.6 0.045328 0.0159895
 504 -0.56 0.044127 0.0160029
 505 -0.56 0.0429307 0.0160159
 506 -0.48 0.0418972 0.0160176
 507 -0.6 0.0406312 0.016036
 508 -0.56 0.0394488 0.0160481
 509 -0.28 0.0388212 0.0160288
 510 -0.32 0.0381176 0.0160128
 511 -0.24 0.0375734 0.0159907
 512 -0.2 0.0371094 0.0159662
 513 -0.12 0.0368031 0.015938
 514 -0.36 0.0360311 0.0159257
 515 -0.24 0.0354951 0.0159037
 516 -0.12 0.0351938 0.0158757
 517 0.04 0.0352031 0.015845
 518 0.08 0.0352896 0.0158146
 519 0.24 0.035684 0.0157891
 520 0.2 0.036 0.0157618
 521 0.12 0.0361612 0.0157324
 522 0.12 0.0363218 0.015703
 523 0.24 0.0367113 0.0156778
 524 0.28 0.0371756 0.0156547
 525 0.24 0.0375619 0.0156297
 526 0.2 0.0378707 0.015603
 527 0.08 0.0379507 0.0155736
 528 0.12 0.0381061 0.0155448
 529 0.2 0.0384121 0.0155184
 530 0.24 0.0387925 0.0154938
 531 0.2 0.039096 0.0154676
 532 0.32 0.0396241 0.0154475
 533 0.2 0.039925 0.0154214
 534 0 0.0398502 0.0153927
 535 0.24 0.0402243 0.0153684
 536 0.2 0.0405224 0.0153426
 537 0.32 0.0410428 0.0153229
 538 0.2 0.0413383 0.0152972
 539 0.32 0.0418553 0.0152776
 540 0.28 0.0422963 0.0152556
 541 0.4 0.0429575 0.0152417
 542 0.6 0.0439852 0.0152483
 543 0.52 0.0448619 0.0152454
 544 0.36 0.0454412 0.0152284
 545 0.24 0.0457982 0.0152046
 546 0.24 0.0461538 0.0151809
 547 0.24 0.0465082 0.0151572
 548 0.36 0.0470803 0.0151404
 549 0.32 0.0475774 0.0151209
 550 0.44 0.0482909 0.0151103
 551 0.4 0.0489292 0.0150963
 552 0.32 0.0494203 0.015077
 553 0.2 0.0496926 0.0150521
 554 0 0.0496029 0.0150252
 555 -0.04 0.0494414 0.014999
 556 -0.12 0.0491367 0.0149751
 557 -0.16 0.0487612 0.0149529
 558 -0.28 0.048172 0.0149377
 559 -0.2 0.0477281 0.0149175
 560 -0.4 0.0469286 0.0149123
 561 -0.4 0.0461319 0.014907
 562 -0.32 0.0454804 0.0148947
 563 -0.12 0.0451865 0.0148712
 564 -0.08 0.0449645 0.0148464
 565 -0.04 0.0448142 0.0148209
 566 0.24 0.045159 0.0147987
 567 0.16 0.0453616 0.014774
 568 0.24 0.0457042 0.0147519
 569 0.32 0.0461863 0.0147339
 570 0.24 0.0465263 0.0147119
 571 0.24 0.0468651 0.01469
 572 0.36 0.0474126 0.0146745
 573 0.36 0.0479581 0.0146591
 574 0.08 0.0480139 0.0146336
 575 0.12 0.0481391 0.0146087
 576 0 0.0480556 0.0145835
 577 -0.04 0.0479029 0.014559
 578 -0.28 0.0473356 0.0145449
 579 -0.16 0.0469775 0.0145242
 580 -0.36 0.0462759 0.0145161
 581 -0.44 0.0454389 0.0145152
 582 -0.44 0.0446048 0.0145142
 583 -0.32 0.0439794 0.0145028
 584 -0.4 0.0432192 0.0144979
 585 -0.32 0.0425983 0.0144864
 586 -0.16 0.0422526 0.0144658
 587 0 0.0421806 0.0144413
 588 0 0.0421088 0.0144169
 589 -0.12 0.0418336 0.014395
 590 -0.04 0.0416949 0.0143713
 591 -0.16 0.0413536 0.014351
 592 -0.2 0.0409459 0.0143326
 593 -0.2 0.0405396 0.0143141
 594 -0.2 0.0401347 0.0142958
 595 -0.08 0.0399328 0.0142731
 596 0 0.0398658 0.0142493
 597 0.16 0.040067 0.0142269
 598 0.08 0.0401338 0.0142032
 599 0.12 0.0402671 0.0141801
 600 0.12 0.0404 0.0141571
 601 0.16 0.040599 0.0141349
 602 0.2 0.0408638 0.0141139
 603 0.4 0.0414594 0.014103
 604 0.36 0.0419868 0.0140895
 605 0.28 0.0423802 0.0140717
 606 0.4 0.0429703 0.0140609
 607 0.32 0.0434267 0.0140451
 608 0.28 0.0438158 0.0140274
 609 0.36 0.044335 0.014014
 610 0.32 0.0447869 0.0139983
 611 0.32 0.0452373 0.0139826
 612 0.28 0.0456209 0.013965
 613 0.36 0.0461338 0.0139516
 614 0.4 0.0467101 0.0139408
 615 0.48 0.0474146 0.0139359
 616 0.56 0.0482468 0.0139382
 617 0.52 0.0490113 0.0139365
 618 0.64 0.0499676 0.0139468
 619 0.72 0.0510501 0.0139663
 620 0.68 0.0520645 0.0139806
 621 0.52 0.052818 0.0139784
 622 0.56 0.0536334 0.0139797
 623 0.68 0.0546388 0.0139934
 624 0.56 0.0554487 0.0139944
 625 0.48 0.056128 0.0139885
 626 0.52 0.056869 0.0139858
 627 0.6 0.0577352 0.0139903
 628 0.56 0.058535 0.0139909
 629 0.68 0.0595231 0.0140035
 630 0.6 0.060381 0.0140075
 631 0.4 0.0609192 0.0139957
 632 0.44 0.061519 0.0139864
 633 0.28 0.0618641 0.0139685
 634 0.24 0.0621451 0.0139493
 635 0.24 0.0624252 0.0139302
 636 0.16 0.0625786 0.0139091
 637 -0.08 0.0623548 0.013889
 638 0.16 0.0625078 0.0138681
 639 0.04 0.0624726 0.0138464
 640 -0.04 0.0623125 0.0138257
 641 0.12 0.0624025 0.0138044
 642 0.12 0.0624922 0.0137832
 643 0.36 0.0629549 0.0137695
 644 0.16 0.0631056 0.0137489
 645 0.04 0.0630698 0.0137276
 646 0 0.0629721 0.0137067
 647 -0.04 0.062813 0.0136864
 648 0 0.062716 0.0136656
 649 -0.08 0.0624961 0.0136463
 650 -0.04 0.0623385 0.0136262
 651 -0.08 0.0621198 0.0136071
 652 -0.2 0.0617178 0.0135921
 653 -0.16 0.0613783 0.0135755
 654 -0.08 0.0611621 0.0135565
 655 -0.12 0.0608855 0.0135386
 656 -0.2 0.0604878 0.0135238
 657 -0.36 0.0598478 0.0135184
 658 -0.24 0.0593921 0.0135055
 659 -0.28 0.0588771 0.0134948
 660 -0.2 0.0584848 0.01348
 661 0 0.0583964 0.0134599
 662 -0.28 0.0578852 0.0134493
 663 0 0.0577979 0.0134293
 664 0.16 0.0579518 0.0134099
 665 0.16 0.0581053 0.0133906
 666 0.16 0.0582583 0.0133714
 667 0.16 0.0584108 0.0133522
 668 0.12 0.058503 0.0133325
 669 0.04 0.0584753 0.0133126
 670 0 0.0583881 0.013293
 671 0.12 0.0584799 0.0132735
 672 0 0.0583929 0.013254
 673 -0.04 0.0582467 0.0132351
 674 -0.24 0.0578042 0.0132229
 675 -0.2 0.0574222 0.0132088
 676 -0.12 0.0571598 0.0131918
 677 -0.08 0.0569572 0.0131739
 678 0.12 0.0570501 0.0131548
 679 0.04 0.057025 0.0131354
 680 0.2 0.0572353 0.0131178
 681 0.28 0.0575624 0.0131026
 682 0.32 0.0579472 0.013089
 683 0.4 0.058448 0.0130794
 684 0.36 0.0588889 0.0130677
 685 0.56 0.0596204 0.0130691
 686 0.72 0.0605831 0.0130855
 687 0.52 0.0612518 0.0130836
 688 0.52 0.0619186 0.0130815
 689 0.52 0.0625835 0.0130794
 690 0.6 0.0633623 0.0130837
 691 0.56 0.064081 0.0130845
 692 0.4 0.0645665 0.0130746
 693 0.36 0.0649928 0.0130626
 694 0.2 0.0651873 0.0130453
 695 0.16 0.0653237 0.0130272
 696 0.2 0.0655172 0.0130099
 697 0.32 0.0658824 0.0129963
 698 0.24 0.0661318 0.0129801
 699 0.48 0.0667239 0.012975
 700 0.36 0.0671429 0.0129633
 701 0.44 0.0676748 0.0129557
 702 0.48 0.0682621 0.0129505
 703 0.56 0.0689616 0.012951
 704 0.76 0.0699432 0.0129698
 705 0.72 0.0708652 0.0129842
 706 0.56 0.0715581 0.0129843
 707 0.56 0.0722489 0.0129843
 708 0.64 0.0730508 0.0129907
 709 0.68 0.0739069 0.0130006
 710 0.6 0.0746479 0.0130034
 711 0.36 0.0750492 0.0129913
 712 0.24 0.0752809 0.0129751
 713 0.28 0.075568 0.0129601
 714 0.36 0.0759664 0.012948
 715 0.4 0.0764196 0.0129379
 716 0.28 0.0767039 0.0129229
 717 0.28 0.0769874 0.012908
 718 0.2 0.0771588 0.0128911
 719 0.24 0.0773853 0.0128752
 720 0.04 0.0773333 0.0128574
 721 -0.12 0.0770596 0.0128425
 722 -0.16 0.0767313 0.0128289
 723 -0.16 0.0764039 0.0128153
 724 -0.32 0.0758564 0.0128093
 725 -0.36 0.0752552 0.0128057
 726 -0.24 0.0748209 0.0127954
 727 -0.24 0.0743879 0.0127852
 728 -0.2 0.074011 0.0127731
 729 -0.28 0.0735254 0.0127649
 730 -0.36 0.0729315 0.0127612
 731 -0.16 0.0726129 0.0127477
 732 0.04 0.0725683 0.0127303
 733 0 0.0724693 0.0127134
 734 -0.08 0.0722616 0.0126977
 735 -0.24 0.0718367 0.0126875
 736 -0.4 0.0711957 0.0126865
 737 -0.36 0.0706106 0.0126828
 738 -0.4 0.0699729 0.0126816
 739 -0.4 0.0693369 0.0126804
 740 -0.2 0.068973 0.0126685
 741 0.08 0.0689879 0.0126514
 742 0 0.0688949 0.0126347
 743 0 0.0688022 0.012618
 744 0.08 0.0688172 0.012601
 745 0.2 0.0689933 0.0125853
 746 0.32 0.0693298 0.012573
 747 0.2 0.0695047 0.0125573
 748 0.28 0.0697861 0.0125437
 749 0.24 0.0700134 0.012529
 750 0.16 0.0701333 0.0125129
 751 0.08 0.0701465 0.0124962
 752 0.28 0.0704255 0.0124827
 753 0.28 0.0707039 0.0124692
 754 0.24 0.0709284 0.0124547
 755 0.16 0.0710464 0.0124387
 756 0.2 0.0712169 0.0124234
 757 0.16 0.0713342 0.0124076
 758 0.12 0.0713984 0.0123914
 759 0.32 0.071726 0.0123794
 760 0.44 0.0722105 0.0123726
 761 0.24 0.072431 0.0123582
 762 0.28 0.0727034 0.012345
 763 0.32 0.0730275 0.0123331
 764 0.16 0.0731414 0.0123175
 765 0.12 0.0732026 0.0123015
 766 0.24 0.0734204 0.0122874
 767 0.28 0.0736897 0.0122743
 768 0.2 0.0738542 0.0122594
 769 0.08 0.0738622 0.0122435
 770 0.16 0.073974 0.0122281
 771 0.16 0.0740856 0.0122127
 772 -0.04 0.0739378 0.0121978
 773 -0.04 0.0737904 0.0121829
 774 0.24 0.0740052 0.012169
 775 0.28 0.074271 0.0121562
 776 0.2 0.074433 0.0121416
 777 0.28 0.0746976 0.0121289
 778 0.4 0.0751157 0.0121205
 779 0.4 0.0755327 0.0121121
 780 0.52 0.0761026 0.01211
 781 0.4 0.0765173 0.0121016
 782 0.44 0.0769821 0.012095
 783 0.6 0.0776501 0.012098
 784 0.48 0.0781633 0.0120935
 785 0.24 0.0783694 0.0120798
 786 0.08 0.0783715 0.0120644
 787 0 0.0782719 0.0120495
 788 0.16 0.0783756 0.0120346
 789 0.08 0.0783777 0.0120194
 790 0 0.0782785 0.0120046
 791 0 0.0781795 0.0119898
 792 -0.2 0.0778283 0.0119798
 793 -0.2 0.0774779 0.0119698
 794 -0.2 0.0771285 0.0119598
 795 -0.12 0.0768805 0.0119473
 796 -0.04 0.0767337 0.0119332
 797 0.04 0.0766876 0.0119183
 798 0.24 0.0768922 0.0119051
 799 0.36 0.0772466 0.0118955
 800 0.36 0.0776 0.0118859
 801 0.2 0.0777528 0.011872
 802 0 0.0776559 0.0118576
 803 -0.16 0.0773599 0.0118465
 804 -0.36 0.0768159 0.0118443
 805 -0.12 0.0765714 0.0118321
 806 0.08 0.0765757 0.0118174
 807 0 0.0764808 0.0118031
 808 0.04 0.0764356 0.0117886
 809 0 0.0763412 0.0117744
 810 -0.16 0.0760494 0.0117635
 811 -0.24 0.0756597 0.0117554
 812 -0.2 0.0753202 0.0117458
 813 -0.08 0.0751292 0.0117329
 814 0.04 0.075086 0.0117186
 815 0 0.0749939 0.0117046
 816 -0.16 0.0747059 0.0116938
 817 -0.08 0.0745165 0.011681
 818 -0.32 0.0740342 0.0116767
 819 -0.28 0.073602 0.0116704
 820 -0.16 0.0733171 0.0116596
 821 -0.16 0.0730329 0.0116489
 822 -0.32 0.0725547 0.0116445
 823 -0.24 0.072175 0.0116366
 824 -0.28 0.0717476 0.0116303
 825 -0.12 0.0715152 0.0116185
 826 -0.16 0.0712349 0.0116078
 827 -0.36 0.0707134 0.0116055
 828 -0.28 0.0702899 0.0115992
 829 -0.16 0.0700121 0.0115885
 830 -0.08 0.0698313 0.011576
 831 -0.32 0.0693622 0.0115716
 832 -0.24 0.0689904 0.0115636
 833 -0.4 0.0684274 0.0115634
 834 -0.16 0.0681535 0.0115528
 835 -0.32 0.0676886 0.0115483
 836 -0.28 0.0672727 0.011542
 837 -0.16 0.0670012 0.0115314
 838 -0.16 0.0667303 0.0115208
 839 -0.36 0.0662217 0.0115183
 840 -0.28 0.0658095 0.011512
 841 -0.2 0.0654935 0.0115026
 842 -0.36 0.0649881 0.0115001
 843 -0.28 0.0645789 0.0114937
 844 -0.36 0.0640758 0.0114911
 845 -0.32 0.0636213 0.0114865
 846 -0.24 0.0632624 0.0114785
 847 -0.32 0.0628099 0.0114739
 848 -0.24 0.0624528 0.0114659
 849 -0.28 0.0620495 0.0114595
 850 -0.28 0.0616471 0.0114531
 851 -0.24 0.0612926 0.0114451
 852 -0.2 0.0609859 0.0114358
 853 -0.08 0.0608206 0.0114235
 854 -0.08 0.0606557 0.0114114
 855 -0.16 0.0603977 0.0114009
 856 -0.28 0.06 0.0113945
 857 -0.2 0.0596966 0.0113853
 858 -0.28 0.0593007 0.0113789
 859 -0.44 0.0587194 0.0113805
 860 -0.32 0.0582791 0.0113758
 861 -0.4 0.0577468 0.011375
 862 -0.48 0.057123 0.0113789
 863 -0.48 0.0565006 0.0113828
 864 -0.08 0.0563426 0.0113707
 865 -0.08 0.056185 0.0113586
 866 -0.12 0.0559815 0.0113473
 867 0.04 0.0559631 0.0113342
 868 -0.08 0.0558065 0.0113223
 869 0.2 0.0559724 0.0113104
 870 0.12 0.056046 0.0112977
 871 0.4 0.0564409 0.0112916
 872 0.16 0.0565596 0.0112793
 873 0.24 0.0567698 0.0112683
 874 0.12 0.0568421 0.0112556
 875 0.16 0.05696 0.0112434
 876 0.24 0.0571689 0.0112325
 877 0.28 0.057423 0.0112225
 878 0.12 0.0574943 0.01121
 879 0.04 0.0574744 0.0111972
 880 0.08 0.0575 0.0111845
 881 0.16 0.0576163 0.0111724
 882 0.32 0.0579138 0.0111637
 883 0.2 0.0580747 0.0111522
 884 0.08 0.0580995 0.0111396
 885 0.08 0.0581243 0.0111271
 886 0.16 0.0582393 0.0111151
 887 0.32 0.0585344 0.0111065
 888 0.44 0.058964 0.0111023
 889 0.48 0.0594376 0.0110999
 890 0.4 0.0598202 0.011094
 891 0.36 0.0601571 0.0110867
 892 0.28 0.0604036 0.011077
 893 0.2 0.0605599 0.0110657
 894 0.48 0.0610291 0.0110632
 895 0.52 0.0615419 0.0110628
 896 0.52 0.0620536 0.0110623
 897 0.36 0.0623857 0.0110549
 898 0.4 0.0627617 0.011049
 899 0.32 0.0630478 0.0110404
 900 0.32 0.0633333 0.0110318
 901 0.32 0.0636182 0.0110233
 902 0.4 0.0639911 0.0110173
 903 0.56 0.0645404 0.0110188
 904 0.48 0.065 0.0110162
 905 0.56 0.065547 0.0110176
 906 0.4 0.0659161 0.0110117
 907 0.48 0.0663727 0.011009
 908 0.56 0.0669163 0.0110103
 909 0.44 0.0673267 0.0110058
 910 0.56 0.0678681 0.011007
 911 0.36 0.0681888 0.0109996
 912 0.24 0.0683772 0.0109892
 913 0.08 0.0683899 0.0109771
 914 0.04 0.0683589 0.0109652
 915 0.12 0.0684153 0.0109533
 916 0.08 0.0684279 0.0109414
 917 0 0.0683533 0.0109297
 918 0.08 0.068366 0.0109178
 919 0.08 0.0683787 0.0109059
 920 0.04 0.0683478 0.0108941
 921 -0.04 0.0682302 0.0108829
 922 -0.12 0.068026 0.010873
 923 0 0.0679523 0.0108614
 924 0.08 0.0679654 0.0108497
 925 0 0.0678919 0.0108382
 926 0.32 0.0681641 0.0108299
 927 0.2 0.0683064 0.0108192
 928 0.24 0.0684914 0.0108091
 929 0.12 0.0685468 0.0107976
 930 0.2 0.0686882 0.0107869
 931 0.24 0.0688722 0.0107769
 932 0.08 0.0688841 0.0107653
 933 0.12 0.0689389 0.0107539
 934 0.24 0.0691221 0.0107439
 935 0.28 0.0693476 0.0107348
 936 0.36 0.0696581 0.0107278
 937 0.4 0.0700107 0.0107222
 938 0.28 0.0702345 0.0107131
 939 0.16 0.0703301 0.0107021
 940 0.16 0.0704255 0.0106911
 941 -0.04 0.0703082 0.0106804
 942 -0.24 0.0699788 0.0106741
 943 -0.16 0.0697349 0.0106656
 944 0.12 0.0697881 0.0106544
 945 0.28 0.0700106 0.0106455
 946 0.24 0.0701903 0.0106357
 947 0.04 0.0701584 0.0106246
 948 -0.04 0.0700422 0.010614
 949 0.16 0.070137 0.0106032
 950 0.28 0.0703579 0.0105943
 951 0.32 0.0706204 0.0105865
 952 0.24 0.0707983 0.0105768
 953 0.28 0.0710178 0.010568
 954 0.28 0.0712369 0.0105592
 955 0.24 0.0714136 0.0105496
 956 0.28 0.0716318 0.0105408
 957 0.24 0.0718077 0.0105313
 958 0.12 0.071858 0.0105204
 959 0.2 0.0719917 0.0105103
 960 0.24 0.0721667 0.0105008
 961 0.2 0.0722997 0.0104907
 962 -0.04 0.072183 0.0104804
 963 0.04 0.0721495 0.0104696
 964 0 0.0720747 0.010459
 965 0.28 0.0722902 0.0104504
 966 0.08 0.0722981 0.0104395
 967 0.16 0.0723888 0.0104291
 968 0.12 0.072438 0.0104185
 969 0.04 0.0724045 0.0104078
 970 0.2 0.0725361 0.0103979
 971 0.16 0.0726262 0.0103875
 972 0.08 0.0726337 0.0103769
 973 0.32 0.072888 0.0103693
 974 0.2 0.0730185 0.0103595
 975 0.16 0.0731077 0.0103492
 976 0.32 0.0733607 0.0103417
 977 0.44 0.0737359 0.0103379
 978 0.64 0.0743149 0.0103436
 979 0.48 0.0747293 0.0103413
 980 0.44 0.075102 0.0103375
 981 0.28 0.0753109 0.010329
 982 0.4 0.0756415 0.0103238
 983 0.36 0.0759308 0.0103174
 984 0.24 0.0760976 0.0103082
 985 0.08 0.0761015 0.0102978
 986 0.16 0.0761866 0.0102877
 987 0.28 0.0763931 0.0102793
 988 0.12 0.0764372 0.010269
 989 -0.08 0.0762791 0.0102598
 990 0.08 0.0762828 0.0102495
 991 0.08 0.0762866 0.0102391
 992 0 0.0762097 0.0102291
 993 0.28 0.0764149 0.0102208
 994 0.4 0.0767404 0.0102157
 995 0.56 0.0772261 0.010217
 996 0.52 0.0776707 0.0102164
 997 0.44 0.0780341 0.0102126
 998 0.32 0.0782766 0.0102053
 999 0.28 0.0784785 0.010197
 1000 0.4 0.0788 0.0101919
 1001 0.28 0.079001 0.0101837
 1002 0.2 0.0791218 0.0101743
 1003 0.16 0.0792024 0.0101644
 1004 0.16 0.0792829 0.0101546
 1005 0.2 0.079403 0.0101452
 1006 -0.08 0.0792445 0.0101364
 1007 -0.2 0.0789672 0.0101301
 1008 -0.2 0.0786905 0.0101238
 1009 -0.24 0.0783746 0.0101187
 1010 -0.24 0.0780594 0.0101136
 1011 -0.04 0.0779426 0.0101043
 1012 -0.12 0.077747 0.0100962
 1013 -0.28 0.0773939 0.0100924
 1014 -0.24 0.0770809 0.0100873
 1015 -0.24 0.0767685 0.0100822
 1016 -0.24 0.0764567 0.0100771
 1017 -0.12 0.0762635 0.010069
 1018 0.04 0.0762279 0.0100592
 1019 0 0.0761531 0.0100496
 1020 -0.12 0.0759608 0.0100416
 1021 -0.4 0.0754946 0.0100426
 1022 -0.28 0.0751468 0.0100388
 1023 -0.32 0.0747605 0.0100364
 1024 -0.12 0.0745703 0.0100284
 1025 -0.16 0.0743415 0.0100212
 1026 -0.04 0.07423 0.0100121
 1027 -0.04 0.0741188 0.0100029
 1028 -0.08 0.0739689 0.00999431
 1029 0.04 0.0739359 0.00998464
 1030 -0.08 0.0737864 0.00997606
 1031 0 0.0737148 0.00996664
 1032 -0.08 0.0735659 0.00995809
 1033 -0.2 0.0733011 0.00995197
 1034 -0.12 0.0731141 0.0099441
 1035 -0.28 0.0727729 0.00994034
 1036 -0.32 0.0723938 0.00993798
 1037 -0.08 0.0722469 0.00992948
 1038 0 0.0721773 0.00992015
 1039 0.16 0.0722618 0.00991096
 1040 0.24 0.0724231 0.00990274
 1041 0.28 0.0726225 0.00989523
 1042 0.36 0.0728983 0.00988958
 1043 0.32 0.0731352 0.00988293
 1044 0.24 0.073295 0.00987475
 1045 0.32 0.0735311 0.00986812
 1046 0.16 0.0736138 0.00985903
 1047 0.08 0.0736199 0.00984961
 1048 0.2 0.0737405 0.00984095
 1049 0.04 0.0737083 0.00983161
 1050 0.24 0.0738667 0.00982352
 1051 0.36 0.0741389 0.00981795
 1052 0.48 0.0745247 0.00981619
 1053 0.44 0.0748718 0.00981301
 1054 0.4 0.0751803 0.00980855
 1055 0.36 0.0754502 0.00980296
 1056 0.28 0.0756439 0.00979559
 1057 0.28 0.0758373 0.00978823
 1058 0.24 0.0759924 0.0097802
 1059 0.16 0.0760718 0.00977128
 1060 0.24 0.0762264 0.00976329
 1061 0.16 0.0763054 0.0097544
 1062 0.24 0.0764595 0.00974643
 1063 0.16 0.0765381 0.00973757
 1064 0.16 0.0766165 0.00972873
 1065 0.16 0.0766948 0.00971991
 1066 0.24 0.076848 0.009712
 1067 0.2 0.0769634 0.00970358
 1068 0.16 0.0770412 0.0096948
 1069 0.24 0.0771936 0.00968692
 1070 0.28 0.0773832 0.00967972
 1071 0.12 0.077423 0.00967076
 1072 0.04 0.0773881 0.0096618
 1073 -0.16 0.0771668 0.00965533
 1074 -0.04 0.0770577 0.00964695
 1075 0 0.076986 0.00963824
 1076 -0.08 0.0768401 0.00963038
 1077 -0.16 0.0766202 0.00962395
 1078 -0.08 0.076475 0.00961611
 1079 -0.36 0.0760704 0.00961571
 1080 -0.4 0.0756296 0.00961691
 1081 -0.32 0.0752636 0.00961498
 1082 -0.32 0.0748983 0.00961303
 1083 -0.4 0.0744598 0.00961416
 1084 -0.48 0.0739483 0.00961889
 1085 -0.6 0.0733272 0.00963008
 1086 -0.64 0.0726703 0.0096436
 1087 -0.68 0.0719779 0.00965957
 1088 -0.72 0.07125 0.0096781
 1089 -0.48 0.0707438 0.00968245
 1090 -0.4 0.0703119 0.0096832
 1091 -0.44 0.0698442 0.00968562
 1092 -0.4 0.0694139 0.00968631
 1093 -0.28 0.0690942 0.00968272
 1094 -0.16 0.0688848 0.00967613
 1095 -0.12 0.0687123 0.00966883
 1096 -0.32 0.0683577 0.00966652
 1097 -0.24 0.0680766 0.00966179
 1098 -0.36 0.0676867 0.00966086
 1099 -0.36 0.0672975 0.0096599
 1100 -0.28 0.0669818 0.00965628
 1101 -0.36 0.066594 0.0096553
 1102 -0.36 0.0662069 0.0096543
 1103 -0.36 0.0658205 0.00965328
 1104 -0.28 0.0655072 0.00964961
 1105 -0.04 0.0654118 0.00964135
 1106 -0.2 0.0651718 0.00963562
 1107 -0.16 0.0649684 0.00962906
 1108 -0.28 0.064657 0.0096254
 1109 -0.36 0.0642741 0.00962434
 1110 -0.32 0.0639279 0.00962189
 1111 -0.16 0.0637264 0.00961534
 1112 -0.2 0.0634892 0.00960962
 1113 -0.12 0.0633243 0.0096024
 1114 -0.16 0.0631239 0.00959587
 1115 -0.2 0.0628879 0.00959016
 1116 -0.08 0.0627599 0.00958242
 1117 0 0.0627037 0.009574
 1118 0.04 0.0626834 0.00956545
 1119 0 0.0626273 0.00955707
 1120 -0.28 0.0623214 0.00955343
 1121 -0.28 0.0620161 0.00954979
 1122 -0.24 0.0617469 0.00954507
 1123 -0.32 0.0614069 0.00954262
 1124 -0.52 0.0608897 0.00954815
 1125 -0.4 0.06048 0.00954845
 1126 -0.4 0.060071 0.00954873
 1127 -0.44 0.0596273 0.00955056
 1128 -0.52 0.0591135 0.00955592
 1129 -0.52 0.0586005 0.00956122
 1130 -0.56 0.0580531 0.00956843
 1131 -0.52 0.057542 0.00957362
 1132 -0.52 0.0570318 0.00957875
 1133 -0.28 0.0567343 0.00957492
 1134 -0.12 0.0565785 0.00956774
 1135 -0.12 0.0564229 0.00956057
 1136 0 0.0563732 0.00955228
 1137 -0.12 0.0562181 0.00954514
 1138 -0.16 0.0560281 0.00953864
 1139 0.08 0.0560492 0.00953028
 1140 0.04 0.0560351 0.00952193
 1141 0 0.055986 0.00951371
 1142 -0.08 0.0558669 0.00950612
 1143 0.12 0.055923 0.00949796
 1144 0.08 0.0559441 0.00948968
 1145 0.04 0.0559301 0.0094814
 1146 0.2 0.0560558 0.00947396
 1147 0.2 0.0561813 0.00946653
 1148 0.04 0.0561672 0.00945829
 1149 0.08 0.056188 0.00945007
 1150 -0.08 0.0560696 0.0094426
 1151 0.04 0.0560556 0.0094344
 1152 0.2 0.0561806 0.00942703
 1153 0.12 0.0562359 0.00941902
 1154 0.08 0.0562565 0.00941087
 1155 0 0.0562078 0.00940285
 1156 -0.12 0.0560554 0.00939595
 1157 0.04 0.0560415 0.00938783
 1158 0.08 0.0560622 0.00937975
 1159 0.08 0.0560828 0.00937167
 1160 0.2 0.0562069 0.00936441
 1161 0.08 0.0562274 0.00935636
 1162 0.2 0.0563511 0.00934913
 1163 0.4 0.0566466 0.00934576
 1164 0.28 0.0568385 0.0093397
 1165 0.28 0.05703 0.00933364
 1166 0.28 0.0572213 0.00932759
 1167 0.36 0.0574807 0.00932321
 1168 0.2 0.0576027 0.00931602
 1169 0.2 0.0577246 0.00930885
 1170 0.24 0.0578803 0.00930219
 1171 0 0.0578309 0.00929438
 1172 0.04 0.0578157 0.00928646
 1173 0 0.0577664 0.00927867
 1174 0 0.0577172 0.00927089
 1175 -0.24 0.0574638 0.00926646
 1176 -0.16 0.0572789 0.00926042
 1177 -0.36 0.0569244 0.00925934
 1178 -0.24 0.0566723 0.00925491
 1179 0.04 0.0566582 0.00924707
 1180 0.12 0.0567119 0.00923939
 1181 0.12 0.0567655 0.00923171
 1182 0.12 0.056819 0.00922406
 1183 0.16 0.0569062 0.00921667
 1184 0.04 0.0568919 0.00920889
 1185 -0.04 0.0568101 0.00920148
 1186 0.04 0.056796 0.00919373
 1187 0.08 0.0568155 0.009186
 1188 0.04 0.0568013 0.00917828
 1189 0.16 0.0568881 0.00917097
 1190 0.08 0.0569076 0.00916328
 1191 0.08 0.056927 0.0091556
 1192 0.04 0.0569128 0.00914793
 1193 -0.04 0.0568315 0.00914062
 1194 0.16 0.0569179 0.00913337
 1195 0.12 0.0569707 0.00912587
 1196 0.28 0.0571572 0.00912015
 1197 0.28 0.0573434 0.00911443
 1198 0.4 0.0576294 0.0091113
 1199 0.44 0.0579483 0.00910929
 1200 0.6 0.0584 0.00911289
 1201 0.6 0.058851 0.00911646
 1202 0.64 0.0593344 0.0091217
 1203 0.64 0.0598171 0.00912689
 1204 0.6 0.0602658 0.00913033
 1205 0.52 0.0606473 0.00913073
 1206 0.28 0.0608292 0.00912496
 1207 0.36 0.0610771 0.00912077
 1208 0.32 0.0612914 0.00911574
 1209 0.44 0.0616046 0.00911358
 1210 0.4 0.0618843 0.00911034
 1211 0.4 0.0621635 0.00910709
 1212 0.52 0.0625413 0.00910741
 1213 0.56 0.0629514 0.00910914
 1214 0.6 0.0633937 0.00911238
 1215 0.76 0.0639671 0.00912291
 1216 0.72 0.0645066 0.00913135
 1217 0.68 0.0650123 0.00913785
 1218 0.76 0.0655829 0.00914816
 1219 0.76 0.0661526 0.00915839
 1220 0.6 0.0665902 0.00916133
 1221 0.6 0.067027 0.00916424
 1222 0.68 0.0675286 0.00917047
 1223 0.8 0.0681276 0.00918252
 1224 0.8 0.0687255 0.00919448
 1225 0.88 0.0693878 0.00921081
 1226 0.88 0.0700489 0.00922701
 1227 0.8 0.0706438 0.00923867
 1228 0.84 0.0712704 0.00925237
 1229 0.76 0.0718308 0.00926181
 1230 0.8 0.0724228 0.0092732
 1231 0.68 0.0729163 0.0092788
 1232 0.64 0.0733766 0.00928268
 1233 0.56 0.0737713 0.00928354
 1234 0.64 0.0742301 0.00928736
 1235 0.64 0.0746883 0.00929114
 1236 0.72 0.0752104 0.00929829
 1237 0.64 0.0756669 0.00930198
 1238 0.6 0.0760905 0.00930411
 1239 0.6 0.0765133 0.0093062
 1240 0.56 0.0769032 0.00930687
 1241 0.64 0.077357 0.00931043
 1242 0.68 0.0778422 0.00931557
 1243 0.76 0.078391 0.00932424
 1244 0.76 0.0789389 0.00933284
 1245 0.68 0.0794217 0.00933783
 1246 0.68 0.0799037 0.00934277
 1247 0.56 0.0802887 0.00934322
 1248 0.56 0.0806731 0.00934364
 1249 0.56 0.0810568 0.00934404
 1250 0.52 0.081408 0.00934316
 1251 0.6 0.0818225 0.00934489
 1252 0.56 0.0822045 0.00934523
 1253 0.68 0.0826816 0.00934995
 1254 0.72 0.0831898 0.0093563
 1255 0.68 0.0836653 0.00936093
 1256 0.68 0.0841401 0.00936552
 1257 0.76 0.0846778 0.0093735
 1258 0.64 0.0851192 0.00937644
 1259 0.4 0.0853693 0.00937233
 1260 0.24 0.0854921 0.00936569
 1261 0.28 0.0856463 0.00935953
 1262 0.28 0.0858003 0.00935338
 1263 0.48 0.0861124 0.00935118
 1264 0.36 0.0863291 0.00934629
 1265 0.32 0.0865138 0.00934073
 1266 0.48 0.0868246 0.00933852
 1267 0.24 0.0869455 0.00933193
 1268 0.24 0.0870662 0.00932535
 1269 0.36 0.0872813 0.00932048
 1270 0.4 0.0875276 0.00931639
 1271 0.24 0.0876475 0.00930983
 1272 0.32 0.0878302 0.0093043
 1273 0.4 0.0880754 0.00930022
 1274 0.56 0.0884458 0.0093003
 1275 0.6 0.0888471 0.00930166
 1276 0.56 0.0892163 0.0093017
 1277 0.48 0.0895223 0.00929945
 1278 0.48 0.0898279 0.00929719
 1279 0.64 0.090258 0.00929987
 1280 0.4 0.0905 0.00929576
 1281 0.56 0.0908665 0.00929572
 1282 0.36 0.0910764 0.00929084
 1283 0.36 0.091286 0.00928596
 1284 0.52 0.0916199 0.00928473
 1285 0.52 0.0919533 0.00928349
 1286 0.52 0.0922862 0.00928224
 1287 0.44 0.0925563 0.00927896
 1288 0.56 0.0929193 0.00927885
 1289 0.64 0.0933437 0.00928136
 1290 0.48 0.0936434 0.00927901
 1291 0.4 0.0938807 0.00927485
 1292 0.44 0.0941486 0.00927154
 1293 0.56 0.0945089 0.00927137
 1294 0.6 0.0948995 0.00927244
 1295 0.52 0.0952278 0.00927109
 1296 0.52 0.0955556 0.00926973
 1297 0.32 0.0957286 0.00926419
 1298 0.32 0.0959014 0.00925867
 1299 0.32 0.0960739 0.00925314
 1300 0.28 0.0962154 0.00924711
 1301 0.4 0.0964489 0.00924294
 1302 0.44 0.0967127 0.00923961
 1303 0.52 0.0970376 0.00923823
 1304 0.44 0.0973006 0.00923489
 1305 0.44 0.0975632 0.00923155
 1306 0.44 0.0978254 0.0092282
 1307 0.4 0.0980566 0.00922404
 1308 0.36 0.0982569 0.00921916
 1309 0.28 0.0983957 0.00921316
 1310 0.48 0.098687 0.00921073
 1311 0.24 0.0987948 0.00920433
 1312 0.16 0.0988415 0.00919743
 1313 0.2 0.0989185 0.00919075
 1314 0 0.0988432 0.00918406
 1315 -0.12 0.0986768 0.00917858
 1316 -0.08 0.098541 0.00917261
 1317 0 0.0984662 0.00916595
 1318 0.04 0.0984219 0.0091591
 1319 -0.04 0.0983169 0.00915275
 1320 0.04 0.0982727 0.00914592
 1321 0.08 0.0982589 0.00913901
 1322 -0.04 0.0981543 0.00913269
 1323 0.16 0.0982011 0.0091259
 1324 0.08 0.0981873 0.00911902
 1325 0.36 0.0983849 0.00911428
 1326 0.32 0.098552 0.00910893
 1327 0.32 0.0987189 0.0091036
 1328 0.36 0.0989157 0.00909887
 1329 0.36 0.0991121 0.00909414
 1330 0.12 0.0991278 0.00908731
 1331 0 0.0990533 0.00908079
 1332 0.04 0.099009 0.00907408
 1333 0.04 0.0989647 0.00906737
 1334 -0.16 0.0987706 0.00906265
 1335 0.16 0.0988165 0.00905598
 1336 0.32 0.098982 0.00905071
 1337 0.56 0.0993269 0.00905051
 1338 0.56 0.0996712 0.0090503
 1339 0.6 0.100045 0.00905125
 1340 0.52 0.100358 0.00904992
 1341 0.44 0.100611 0.00904672
 1342 0.4 0.100835 0.00904272
 1343 0.4 0.101057 0.00903873
 1344 0.44 0.10131 0.00903553
 1345 0.56 0.101651 0.00903524
 1346 0.44 0.101902 0.00903203
 1347 0.4 0.102123 0.00902803
 1348 0.36 0.102315 0.00902336
 1349 0.4 0.102535 0.00901937
 1350 0.28 0.102667 0.00901365
 1351 0.36 0.102857 0.00900899
 1352 0.56 0.103195 0.00900867
 1353 0.44 0.103444 0.00900545
 1354 0.56 0.103781 0.00900511
 1355 0.4 0.104 0.00900112
 1356 0.28 0.10413 0.00899541
 1357 0.16 0.104171 0.00898887
 1358 0.28 0.1043 0.00898319
 1359 0.24 0.1044 0.00897713
 1360 0.12 0.104412 0.00897053
 1361 0.04 0.104364 0.00896406
 1362 0.16 0.104405 0.00895757
 1363 0.16 0.104446 0.00895109
 1364 0.12 0.104457 0.00894453
 1365 0.04 0.10441 0.0089381
 1366 0 0.104334 0.00893189
 1367 0.08 0.104316 0.00892537
 1368 0.08 0.104298 0.00891886
 1369 0.16 0.104339 0.00891243
 1370 0.36 0.104526 0.00890788
 1371 0.36 0.104712 0.00890333
 1372 0.48 0.104985 0.00890104
 1373 0.44 0.105229 0.0088979
 1374 0.36 0.105415 0.00889336
 1375 0.36 0.1056 0.00888882
 1376 0.32 0.105756 0.00888372
 1377 0.28 0.105882 0.00887817
 1378 0.36 0.106067 0.00887364
 1379 0.32 0.106222 0.00886856
 1380 0.2 0.10629 0.00886239
 1381 0.12 0.1063 0.00885598
 1382 0.08 0.106281 0.00884959
 1383 0.08 0.106262 0.00884321
 1384 0 0.106185 0.00883715
 1385 -0.04 0.106079 0.0088314
 1386 0.04 0.106032 0.00882515
 1387 0 0.105955 0.00881912
 1388 -0.12 0.105793 0.00881427
 1389 0.16 0.105832 0.008808
 1390 0.32 0.105986 0.00880301
 1391 0.24 0.106082 0.00879721
 1392 0.28 0.106207 0.00879178
 1393 0.24 0.106303 0.00878599
 1394 0 0.106227 0.00878001
 1395 0.04 0.106179 0.00877385
 1396 0.08 0.10616 0.00876758
 1397 0.04 0.106113 0.00876143
 1398 0.08 0.106094 0.00875518
 1399 0 0.106019 0.00874925
 1400 -0.12 0.105857 0.00874449
 1401 -0.08 0.105724 0.00873925
 1402 0.08 0.105706 0.00873303
 1403 0.04 0.105659 0.00872693
 1404 0.12 0.10567 0.00872072
 1405 -0.04 0.105566 0.00871513
 1406 0.2 0.105633 0.00870919
 1407 0.08 0.105615 0.00870301
 1408 0 0.10554 0.00869715
 1409 0.04 0.105493 0.0086911
 1410 0.12 0.105504 0.00868494
 1411 0.16 0.105542 0.00867887
 1412 0.08 0.105524 0.00867274
 1413 0.16 0.105563 0.00866669
 1414 0.08 0.105545 0.00866057
 1415 0.04 0.105498 0.00865458
 1416 0.04 0.105452 0.00864859
 1417 0.08 0.105434 0.0086425
 1418 -0.04 0.105331 0.00863701
 1419 -0.08 0.105201 0.00863191
 1420 -0.24 0.104958 0.00862925
 1421 -0.36 0.104631 0.00862938
 1422 -0.24 0.104388 0.00862672
 1423 -0.2 0.104174 0.00862331
 1424 -0.28 0.103904 0.00862147
 1425 -0.28 0.103635 0.00861963
 1426 -0.08 0.103506 0.00861455
 1427 0.04 0.103462 0.00860862
 1428 0.04 0.103417 0.00860271
 1429 -0.08 0.103289 0.00859764
 1430 0.24 0.103385 0.00859216
 1431 0.2 0.103452 0.00858642
 1432 0.24 0.103547 0.00858095
 1433 0.36 0.103726 0.00857683
 1434 0.48 0.103989 0.00857486
 1435 0.36 0.104167 0.00857074
 1436 0.2 0.104234 0.00856503
 1437 0.16 0.104273 0.00855915
 1438 0.32 0.104423 0.00855452
 1439 0.2 0.104489 0.00854883
 1440 0 0.104417 0.0085432
 1441 0.04 0.104372 0.00853738
 1442 0 0.1043 0.00853177
 1443 -0.16 0.104116 0.00852782
 1444 -0.04 0.104017 0.0085225
 1445 -0.04 0.103917 0.00851718
 1446 -0.04 0.103817 0.00851187
 1447 0 0.103746 0.00850629
 1448 -0.08 0.103619 0.00850136
 1449 0.04 0.103575 0.0084956
 1450 -0.04 0.103476 0.00849032
 1451 -0.32 0.103184 0.00848948
 1452 -0.12 0.10303 0.00848503
 1453 -0.2 0.102822 0.00848175
 1454 -0.08 0.102696 0.00847685
 1455 0.08 0.10268 0.00847103
 1456 0.08 0.102665 0.00846523
 1457 0.04 0.102622 0.00845953
 1458 0.08 0.102606 0.00845374
 1459 0.04 0.102563 0.00844805
 1460 -0.08 0.102438 0.00844319
 1461 0.12 0.10245 0.00843741
 1462 0.08 0.102435 0.00843165
 1463 -0.12 0.102283 0.00842726
 1464 0 0.102213 0.00842179
 1465 -0.12 0.102061 0.00841741
 1466 -0.16 0.101883 0.00841356
 1467 0.12 0.101895 0.00840784
 1468 0.24 0.101989 0.00840263
 1469 0.24 0.102083 0.00839744
 1470 0.4 0.102286 0.00839417
 1471 0.36 0.102461 0.00839029
 1472 0.44 0.10269 0.00838772
 1473 0.32 0.102838 0.00838333
 1474 0.16 0.102877 0.00837773
 1475 0.08 0.102861 0.00837206
 1476 0.16 0.1029 0.00836647
 1477 0.16 0.102938 0.0083609
 1478 0.12 0.10295 0.00835525
 1479 -0.04 0.102853 0.00835015
 1480 0 0.102784 0.0083448
 1481 -0.16 0.102606 0.00834105
 1482 -0.2 0.102402 0.00833792
 1483 -0.08 0.102279 0.0083332
 1484 -0.04 0.102183 0.00832814
 1485 0.08 0.102168 0.00832254
 1486 0.12 0.10218 0.00831695
 1487 0.24 0.102273 0.00831187
 1488 0.28 0.102392 0.00830714
 1489 0.32 0.102539 0.00830285
 1490 0.36 0.102711 0.00829907
 1491 0.36 0.102884 0.0082953
 1492 0.4 0.103083 0.00829213
 1493 0.24 0.103175 0.00828708
 1494 0.16 0.103213 0.00828162
 1495 0.16 0.103251 0.00827616
 1496 0.12 0.103262 0.00827064
 1497 -0.04 0.103166 0.00826567
 1498 -0.04 0.103071 0.0082607
 1499 -0.04 0.102975 0.00825574
 1500 0.2 0.10304 0.00825049
 1501 0.28 0.103158 0.00824583
 1502 0.12 0.103169 0.00824035
 1503 0.28 0.103287 0.0082357
 1504 0.08 0.103271 0.00823024
 1505 0.24 0.103362 0.00822527
 1506 0.32 0.103506 0.00822106
 1507 0.4 0.103703 0.00821796
 1508 0.32 0.103846 0.00821376
 1509 0.16 0.103883 0.0082084
 1510 0.24 0.103974 0.00820346
 1511 0.2 0.104037 0.00819828
 1512 0.44 0.104259 0.00819587
 1513 0.32 0.104402 0.00819169
 1514 0.12 0.104412 0.00818628
 1515 0.2 0.104475 0.00818112
 1516 0.12 0.104485 0.00817573
 1517 0.08 0.104469 0.00817035
 1518 0.04 0.104427 0.00816508
 1519 0.16 0.104463 0.00815978
 1520 0.44 0.104684 0.0081574
 1521 0.24 0.104773 0.00815252
 1522 0.24 0.104862 0.00814765
 1523 0.12 0.104872 0.0081423
 1524 0.12 0.104882 0.00813696
 1525 0.04 0.104839 0.00813174
 1526 -0.08 0.104718 0.00812731
 1527 0.08 0.104702 0.008122
 1528 -0.2 0.104503 0.00811913
 1529 -0.24 0.104277 0.00811695
 1530 -0.16 0.104105 0.00811348
 1531 -0.08 0.103984 0.00810907
 1532 -0.04 0.10389 0.00810432
 1533 -0.04 0.103796 0.00809958
 1534 0.08 0.103781 0.00809431
 1535 0.16 0.103818 0.00808912
 1536 0.2 0.10388 0.00808409
 1537 0.44 0.104099 0.00808179
 1538 0.4 0.104291 0.00807883
 1539 0.28 0.104405 0.00807438
 1540 0.16 0.104442 0.00806922
 1541 0.08 0.104426 0.008064
 1542 0.08 0.10441 0.00805878
 1543 0.08 0.104394 0.00805357
 1544 -0.16 0.104223 0.00805017
 1545 0 0.104155 0.00804525
 1546 0.08 0.10414 0.00804006
 1547 0.12 0.10415 0.00803486
 1548 0.16 0.104186 0.00802975
 1549 -0.04 0.104093 0.00802511
 1550 -0.16 0.103923 0.00802174
 1551 -0.24 0.103701 0.00801963
 1552 0.04 0.10366 0.00801457
 1553 0.28 0.103773 0.00801021
 1554 0.12 0.103784 0.00800506
 1555 0.4 0.103974 0.00800218
 1556 0.24 0.104062 0.00799751
 1557 0.4 0.104252 0.00799463
 1558 0.28 0.104365 0.00799029
 1559 0.2 0.104426 0.0079854
 1560 0.24 0.104513 0.00798076
 1561 0.12 0.104523 0.00797565
 1562 0.08 0.104507 0.00797056
 1563 -0.04 0.104415 0.00796599
 1564 -0.08 0.104297 0.00796177
 1565 -0.28 0.104051 0.00796047
 1566 -0.4 0.103729 0.00796189
 1567 -0.36 0.103433 0.00796231
 1568 -0.36 0.103138 0.00796272
 1569 -0.36 0.102843 0.00796311
 1570 -0.4 0.102522 0.00796448
 1571 -0.24 0.102304 0.0079624
 1572 -0.16 0.102137 0.00795908
 1573 -0.16 0.101971 0.00795576
 1574 -0.04 0.101881 0.00795122
 1575 -0.08 0.101765 0.00794701
 1576 -0.04 0.101675 0.00794247
 1577 0.08 0.101661 0.00793745
 1578 0.04 0.101622 0.00793251
 1579 0.08 0.101609 0.0079275
 1580 0.08 0.101595 0.00792249
 1581 0.32 0.101733 0.00791868
 1582 0.28 0.101846 0.00791448
 1583 0.24 0.101933 0.00790996
 1584 0.2 0.101995 0.00790521
 1585 0.16 0.102032 0.0079003
 1586 0.04 0.101992 0.00789542
 1587 -0.04 0.101903 0.00789095
 1588 -0.08 0.101788 0.00788681
 1589 -0.04 0.101699 0.00788235
 1590 -0.04 0.10161 0.00787789
 1591 -0.2 0.10142 0.00787522
 1592 0 0.101357 0.00787053
 1593 -0.2 0.101168 0.00786786
 1594 -0.16 0.101004 0.00786463
 1595 -0.12 0.100865 0.00786092
 1596 0 0.100802 0.00785625
 1597 -0.08 0.100689 0.00785215
 1598 0 0.100626 0.00784748
 1599 0 0.100563 0.00784283
 1600 -0.16 0.1004 0.00783961
 1601 -0.24 0.100187 0.0078376
 1602 -0.2 0.1 0.00783495
 1603 -0.16 0.0998378 0.00783174
 1604 -0.12 0.0997007 0.00782805
 1605 -0.2 0.099514 0.0078254
 1606 -0.4 0.099203 0.00782671
 1607 -0.56 0.0987928 0.00783259
 1608 -0.4 0.0984826 0.00783386
 1609 -0.44 0.0981479 0.00783614
 1610 -0.36 0.0978634 0.00783644
 1611 -0.44 0.0975295 0.00783869
 1612 -0.4 0.0972208 0.0078399
 1613 -0.52 0.0968382 0.00784438
 1614 -0.28 0.0966047 0.00784299
 1615 -0.2 0.0964211 0.00784029
 1616 -0.08 0.0963119 0.00783619
 1617 -0.08 0.0962028 0.0078321
 1618 0 0.0961434 0.00782749
 1619 -0.08 0.0960346 0.00782341
 1620 -0.08 0.0959259 0.00781933
 1621 0 0.0958667 0.00781473
 1622 0 0.0958076 0.00781014
 1623 0.24 0.0958965 0.00780583
 1624 -0.04 0.0958128 0.00780147
 1625 -0.16 0.0956554 0.00779825
 1626 -0.08 0.0955474 0.00779421
 1627 -0.2 0.0953657 0.00779153
 1628 -0.32 0.0951106 0.00779092
 1629 -0.28 0.0948803 0.00778954
 1630 -0.04 0.0947975 0.0077852
 1631 -0.04 0.0947149 0.00778087
 1632 0 0.0946569 0.00777631
 1633 -0.08 0.0945499 0.00777229
 1634 0.04 0.0945165 0.0077676
 1635 0 0.0944587 0.00776306
 1636 -0.04 0.0943765 0.00775875
 1637 -0.08 0.09427 0.00775474
 1638 -0.08 0.0941636 0.00775074
 1639 -0.16 0.0940085 0.00774756
 1640 -0.08 0.0939024 0.00774356
 1641 -0.04 0.0938208 0.00773927
 1642 0 0.0937637 0.00773477
 1643 -0.24 0.0935606 0.00773273
 1644 -0.16 0.0934063 0.00772956
 1645 -0.16 0.0932523 0.0077264
 1646 -0.12 0.0931227 0.00772279
 1647 -0.16 0.092969 0.00771963
 1648 -0.28 0.0927427 0.00771826
 1649 -0.32 0.0924924 0.00771764
 1650 0 0.0924364 0.00771316
 1651 0.16 0.0924773 0.0077086
 1652 0.16 0.0925182 0.00770404
 1653 0.16 0.092559 0.00769949
 1654 0.28 0.0926723 0.00769566
 1655 0.24 0.0927613 0.00769153
 1656 0.08 0.0927536 0.00768688
 1657 0.12 0.0927701 0.00768226
 1658 0.2 0.0928347 0.0076779
 1659 0.24 0.0929234 0.00767378
 1660 0.28 0.0930361 0.00766999
 1661 0.4 0.093221 0.0076676
 1662 0.52 0.0934777 0.00766728
 1663 0.52 0.0937342 0.00766696
 1664 0.52 0.0939904 0.00766663
 1665 0.56 0.0942703 0.00766714
 1666 0.68 0.0946218 0.00767059
 1667 0.76 0.095021 0.00767638
 1668 0.6 0.0953237 0.00767774
 1669 0.44 0.0955303 0.00767592
 1670 0.56 0.0958084 0.00767636
 1671 0.52 0.0960622 0.00767597
 1672 0.48 0.0962919 0.00767481
 1673 0.4 0.0964734 0.00767237
 1674 0.32 0.0966069 0.00766895
 1675 0.24 0.0966925 0.00766485
 1676 0.12 0.0967064 0.00766028
 1677 0.04 0.0966726 0.00765579
 1678 0.28 0.0967819 0.00765201
 1679 0.12 0.0967957 0.00764746
 1680 0.2 0.0968571 0.00764315
 1681 0.28 0.0969661 0.00763938
 1682 0.44 0.09717 0.00763756
 1683 0.36 0.0973262 0.00763462
 1684 0.2 0.0973872 0.00763033
 1685 0.36 0.097543 0.00762739
 1686 0.48 0.0977699 0.00762624
 1687 0.52 0.0980202 0.00762583
 1688 0.52 0.0982701 0.00762541
 1689 0.68 0.0986146 0.00762867
 1690 0.8 0.0990296 0.00763544
 1691 0.72 0.0993968 0.00763976
 1692 0.72 0.0997636 0.00764404
 1693 0.6 0.100059 0.00764524
 1694 0.44 0.10026 0.00764336
 1695 0.48 0.100484 0.00764213
 1696 0.36 0.100637 0.00763916
 1697 0.16 0.100672 0.00763474
 1698 0.36 0.100824 0.00763177
 1699 0.36 0.100977 0.0076288
 1700 0.4 0.101153 0.00762634
 1701 0.44 0.101352 0.00762446
 1702 0.28 0.101457 0.0076207
 1703 0.2 0.101515 0.00761644
 1704 -0.08 0.101408 0.00761272
 1705 -0.04 0.101326 0.0076087
 1706 0.08 0.101313 0.00760425
 1707 -0.08 0.101207 0.00760054
 1708 -0.24 0.101007 0.00759871
 1709 -0.32 0.100761 0.00759826
 1710 -0.32 0.100515 0.0075978
 1711 -0.12 0.100386 0.00759445
 1712 -0.16 0.100234 0.00759154
 1713 -0.36 0.099965 0.00759186
 1714 -0.36 0.0996966 0.00759217
 1715 -0.32 0.0994519 0.00759169
 1716 -0.48 0.0991142 0.00759478
 1717 -0.48 0.0987769 0.00759784
 1718 -0.6 0.0983702 0.0076043
 1719 -0.8 0.0978476 0.00761783
 1720 -0.84 0.0973023 0.0076329
 1721 -0.88 0.0967345 0.00764957
 1722 -0.8 0.0962137 0.00766284
 1723 -0.64 0.0957864 0.0076703
 1724 -0.68 0.0953364 0.00767905
 1725 -0.68 0.094887 0.00768774
 1726 -0.56 0.0945075 0.00769265
 1727 -0.6 0.0941054 0.00769871
 1728 -0.6 0.0937037 0.00770473
 1729 -0.52 0.0933488 0.00770845
 1730 -0.52 0.0929942 0.00771214
 1731 -0.56 0.092617 0.00771691
 1732 -0.64 0.092194 0.00772405
 1733 -0.64 0.0917715 0.00773114
 1734 -0.56 0.0913956 0.00773582
 1735 -0.4 0.0911124 0.00773655
 1736 -0.2 0.0909447 0.00773391
 1737 -0.16 0.0908002 0.0077308
 1738 -0.12 0.0906789 0.0077273
 1739 0.04 0.0906498 0.00772291
 1740 0.2 0.0907126 0.00771873
 1741 0.2 0.0907754 0.00771455
 1742 0.08 0.0907692 0.00771012
 1743 0.04 0.0907401 0.00770575
 1744 0.08 0.0907339 0.00770134
 1745 0.04 0.0907049 0.00769698
 1746 -0.08 0.0906071 0.00769319
 1747 0.08 0.090601 0.00768879
 1748 0.12 0.0906178 0.0076844
 1749 -0.04 0.0905432 0.00768037
 1750 0.04 0.0905143 0.00767604
 1751 -0.24 0.0903255 0.00767397
 1752 -0.32 0.0900913 0.00767317
 1753 -0.28 0.0898802 0.00767169
 1754 -0.04 0.0898062 0.00766768
 1755 0.12 0.0898234 0.00766333
 1756 0.04 0.089795 0.00765901
 1757 -0.12 0.0896756 0.00765558
 1758 0.08 0.0896701 0.00765123
 1759 0.16 0.0897101 0.00764698
 1760 0.24 0.0897955 0.00764312
 1761 0.28 0.0899035 0.00763954
 1762 0.4 0.0900795 0.00763723
 1763 0.4 0.0902552 0.00763492
 1764 0.4 0.0904308 0.00763261
 1765 0.24 0.0905156 0.00762875
 1766 0.28 0.0906229 0.00762519
 1767 0.32 0.0907527 0.00762198
 1768 0.36 0.090905 0.00761919
 1769 0.2 0.0909666 0.00761513
 1770 0.12 0.0909831 0.00761084
 1771 0.24 0.0910672 0.00760701
 1772 0 0.0910158 0.00760289
 1773 0 0.0909645 0.00759877
 1774 -0.16 0.090823 0.00759581
 1775 -0.24 0.0906366 0.00759381
 1776 -0.2 0.090473 0.0075913
 1777 -0.08 0.090377 0.00758763
 1778 -0.04 0.0903037 0.00758372
 1779 0.04 0.0902754 0.00757951
 1780 0.12 0.0902921 0.00757527
 1781 0.08 0.0902864 0.00757101
 1782 0.08 0.0902806 0.00756677
 1783 -0.08 0.0901851 0.00756313
 1784 -0.2 0.0900224 0.00756063
 1785 0 0.089972 0.00755657
 1786 -0.12 0.0898544 0.00755325
 1787 -0.12 0.089737 0.00754993
 1788 -0.16 0.0895973 0.007547
 1789 -0.2 0.0894354 0.00754452
 1790 -0.16 0.0892961 0.00754159
 1791 -0.32 0.0890676 0.00754084
 1792 -0.32 0.0888393 0.00754009
 1793 -0.32 0.0886113 0.00753933
 1794 -0.2 0.0884504 0.00753685
 1795 -0.24 0.0882674 0.00753487
 1796 -0.08 0.0881737 0.00753125
 1797 0.08 0.0881692 0.00752706
 1798 0.12 0.0881869 0.0075229
 1799 0.16 0.0882268 0.00751882
 1800 0.12 0.0882444 0.00751466
 1801 0.04 0.0882177 0.00751054
 1802 -0.12 0.0881021 0.00750726
 1803 -0.16 0.0879645 0.00750435
 1804 0 0.0879157 0.00750035
 1805 0.08 0.0879114 0.0074962
 1806 0.32 0.0880399 0.00749315
 1807 0.36 0.0881904 0.00749051
 1808 0.28 0.0882965 0.00748712
 1809 0.4 0.0884688 0.00748496
 1810 0.36 0.0886188 0.00748233
 1811 0.48 0.0888349 0.00748132
 1812 0.36 0.0889845 0.00747869
 1813 0.48 0.0892002 0.00747767
 1814 0.4 0.0893716 0.00747551
 1815 0.56 0.0896309 0.00747589
 1816 0.52 0.0898678 0.00747553
 1817 0.64 0.0901706 0.00747755
 1818 0.6 0.090451 0.00747869
 1819 0.56 0.0907092 0.00747903
 1820 0.52 0.0909451 0.00747865
 1821 0.28 0.0910489 0.00747526
 1822 0.28 0.0911526 0.00747187
 1823 0.56 0.0914098 0.0074722
 1824 0.52 0.0916447 0.0074718
 1825 0.52 0.0918795 0.00747139
 1826 0.6 0.0921577 0.00747248
 1827 0.84 0.092567 0.0074796
 1828 0.88 0.0929978 0.00748791
 1829 0.88 0.0934281 0.00749617
 1830 0.8 0.0938142 0.00750202
 1831 0.64 0.0941125 0.00750385
 1832 0.64 0.0944105 0.00750567
 1833 0.4 0.0945772 0.00750343
 1834 0.36 0.0947219 0.00750073
 1835 0.32 0.0948447 0.00749765
 1836 0.08 0.0948366 0.00749357
 1837 0.04 0.0948068 0.00748955
 1838 -0.04 0.0947334 0.00748583
 1839 -0.16 0.0945949 0.00748304
 1840 -0.04 0.0945217 0.00747933
 1841 -0.12 0.0944052 0.00747617
 1842 -0.16 0.0942671 0.00747339
 1843 -0.04 0.0941942 0.00746969
 1844 0.04 0.0941649 0.0074657
 1845 0.08 0.0941572 0.00746165
 1846 0.2 0.0942145 0.00745783
 1847 -0.16 0.0940769 0.00745506
 1848 0.08 0.0940693 0.00745103
 1849 -0.12 0.0939535 0.0074479
 1850 -0.16 0.0938162 0.00744514
 1851 -0.24 0.0936359 0.0074433
 1852 -0.24 0.0934557 0.00744146
 1853 0 0.0934053 0.00743761
 1854 -0.12 0.0932902 0.00743449
 1855 -0.24 0.0931105 0.00743266
 1856 -0.12 0.0929957 0.00742954
 1857 -0.16 0.0928595 0.00742678
 1858 -0.04 0.0927879 0.00742313
 1859 -0.04 0.0927165 0.00741948
 1860 0 0.0926667 0.00741566
 1861 0 0.0926169 0.00741184
 1862 -0.08 0.0925242 0.00740844
 1863 -0.08 0.0924316 0.00740504
 1864 0 0.092382 0.00740123
 1865 -0.16 0.0922466 0.0073985
 1866 0.04 0.0922186 0.00739459
 1867 0.2 0.0922764 0.00739085
 1868 0.24 0.0923555 0.00738732
 1869 0.16 0.0923917 0.00738345
 1870 0.2 0.0924492 0.00737973
 1871 0.08 0.0924425 0.00737578
 1872 0 0.0923932 0.00737201
 1873 0.04 0.0923652 0.00736812
 1874 0.08 0.0923586 0.00736419
 1875 0.16 0.0923947 0.00736035
 1876 0.2 0.092452 0.00735665
 1877 0.44 0.0926372 0.00735506
 1878 0.2 0.0926944 0.00735137
 1879 0.08 0.0926876 0.00734746
 1880 0.08 0.0926809 0.00734355
 1881 0.04 0.0926528 0.0073397
 1882 -0.04 0.0925824 0.00733614
 1883 0.08 0.0925757 0.00733224
 1884 -0.12 0.0924628 0.00732922
 1885 0.04 0.092435 0.00732538
 1886 0 0.092386 0.00732166
 1887 -0.12 0.0922734 0.00731865
 1888 -0.08 0.0921822 0.00731534
 1889 -0.2 0.0920275 0.0073131
 1890 -0.2 0.091873 0.00731086
 1891 -0.28 0.0916764 0.00730964
 1892 -0.28 0.0914799 0.00730842
 1893 -0.52 0.0911569 0.0073117
 1894 -0.64 0.0907709 0.00731802
 1895 -0.6 0.0904063 0.00732324
 1896 -0.44 0.0901266 0.00732472
 1897 -0.56 0.0897839 0.00732887
 1898 -0.44 0.0895047 0.00733033
 1899 -0.48 0.0892048 0.0073326
 1900 -0.32 0.0889895 0.00733191
 1901 -0.32 0.0887743 0.00733121
 1902 -0.12 0.0886646 0.00732817
 1903 -0.04 0.088597 0.00732463
 1904 0.08 0.0885924 0.00732079
 1905 -0.04 0.0885249 0.00731725
 1906 -0.24 0.0883526 0.00731544
 1907 -0.2 0.0882014 0.00731317
 1908 0 0.0881551 0.00730948
 1909 0 0.088109 0.0073058
 1910 -0.12 0.088 0.00730279
 1911 0.24 0.0880795 0.0072994
 1912 0.16 0.0881172 0.00729567
 1913 0.16 0.0881547 0.00729196
 1914 0.4 0.0883177 0.00728997
 1915 0.44 0.0885013 0.00728847
 1916 0.44 0.0886848 0.00728698
 1917 0.32 0.0888054 0.00728417
 1918 0.28 0.0889051 0.00728106
 1919 0.32 0.0890255 0.00727826
 1920 0.24 0.0891042 0.00727489
 1921 0.12 0.0891202 0.00727112
 1922 -0.08 0.0890323 0.00726787
 1923 -0.12 0.0889236 0.0072649
 1924 0.08 0.0889189 0.00726113
 1925 -0.16 0.0887896 0.00725851
 1926 -0.44 0.0885151 0.00725993
 1927 -0.52 0.0881993 0.00726303
 1928 -0.36 0.0879668 0.00726298
 1929 -0.2 0.0878175 0.00726075
 1930 -0.4 0.0875648 0.00726139
 1931 -0.36 0.087333 0.00726133
 1932 -0.32 0.0871222 0.00726063
 1933 -0.28 0.0869322 0.00725936
 1934 -0.2 0.0867839 0.00725712
 1935 -0.32 0.0865736 0.00725642
 1936 -0.32 0.0863636 0.00725571
 1937 -0.24 0.0861951 0.00725392
 1938 -0.32 0.0859856 0.0072532
 1939 -0.24 0.0858174 0.00725141
 1940 -0.32 0.0856082 0.00725069
 1941 -0.12 0.0855023 0.00724773
 1942 -0.2 0.0853553 0.00724548
 1943 -0.2 0.0852084 0.00724324
 1944 -0.4 0.0849588 0.00724382
 1945 -0.56 0.0846272 0.00724768
 1946 -0.56 0.084296 0.00725153
 1947 -0.44 0.0840267 0.0072528
 1948 -0.32 0.0838193 0.00725204
 1949 -0.12 0.0837147 0.00724908
 1950 0.04 0.0836923 0.00724539
 1951 0.08 0.0836904 0.00724168
 1952 0.2 0.08375 0.00723821
 1953 0.24 0.08383 0.00723495
 1954 0.24 0.0839099 0.00723169
 1955 0.32 0.0840307 0.007229
 1956 0.2 0.08409 0.00722554
 1957 0.32 0.0842105 0.00722285
 1958 0.16 0.0842492 0.00721927
 1959 0.32 0.0843696 0.00721659
 1960 0.28 0.0844694 0.00721359
 1961 0.4 0.0846303 0.00721171
 1962 0.24 0.0847095 0.00720847
 1963 0.16 0.0847478 0.0072049
 1964 0.4 0.0849084 0.00720302
 1965 0.56 0.0851501 0.00720341
 1966 0.48 0.085351 0.00720254
 1967 0.32 0.0854703 0.00719987
 1968 0.32 0.0855894 0.0071972
 1969 0.32 0.0857085 0.00719453
 1970 0.2 0.0857665 0.00719111
 1971 0.32 0.0858853 0.00718844
 1972 0.24 0.0859635 0.00718522
 1973 0.2 0.0860213 0.00718181
 1974 0.16 0.0860588 0.00717827
 1975 0.32 0.0861772 0.00717561
 1976 0.32 0.0862955 0.00717295
 1977 0.16 0.0863328 0.00716942
 1978 0.32 0.086451 0.00716677
 1979 0.2 0.0865083 0.00716338
 1980 0.28 0.0866061 0.00716042
 1981 0.08 0.0866027 0.00715681
 1982 0 0.086559 0.00715333
 1983 0.2 0.0866162 0.00714995
 1984 0.12 0.0866331 0.00714637
 1985 0 0.0865894 0.0071429
 1986 0.16 0.0866264 0.0071394
 1987 0.16 0.0866633 0.0071359
 1988 0.2 0.0867203 0.00713254
 1989 0.24 0.0867974 0.00712937
 1990 0.36 0.0869347 0.00712711
 1991 0.04 0.0869111 0.00712356
 1992 -0.08 0.0868273 0.00712048
 1993 -0.04 0.0867637 0.00711719
 1994 0.04 0.0867402 0.00711366
 1995 0.04 0.0867168 0.00711013
 1996 0.24 0.0867936 0.00710698
 1997 0.04 0.0867702 0.00710346
 1998 0.16 0.0868068 0.0071
 1999 0.32 0.0869235 0.00709741
 2000 0.4 0.08708 0.00709558
