 1 -0.76 -0.76 0
 2 -0.76 -0.76 0
 3 -0.76 -0.76 nan
 4 -0.6 -0.72 0.04
 5 -0.6 -0.696 0.0391918
 6 -0.6 -0.68 0.0357771
 7 -0.68 -0.68 0.0302372
 8 -0.68 -0.68 0.0261861
 9 -0.76 -0.688889 0.0247456
 10 -0.68 -0.688 0.022151
 11 -0.76 -0.694545 0.0210784
 12 -0.68 -0.693333 0.01928
 13 -0.68 -0.692308 0.0177646
 14 -0.76 -0.697143 0.0171429
 15 -0.68 -0.696 0.016
 16 -0.44 -0.68 0.0219089
 17 -0.52 -0.670588 0.0226299
 18 -0.6 -0.666667 0.021693
 19 -0.6 -0.663158 0.0208174
 20 -0.6 -0.66 0.02
 21 -0.68 -0.660952 0.0190476
 22 -0.68 -0.661818 0.0181818
 23 -0.6 -0.65913 0.01758
 24 -0.44 -0.65 0.0191485
 25 -0.52 -0.6448 0.0190886
 26 -0.6 -0.643077 0.0184205
 27 -0.68 -0.644444 0.0177778
 28 -0.6 -0.642857 0.0172045
 29 -0.52 -0.638621 0.0171327
 30 -0.6 -0.637333 0.0166017
 31 -0.68 -0.63871 0.0161161
 32 -0.6 -0.6375 0.0156512
 33 -0.6 -0.636364 0.015212
 34 -0.68 -0.637647 0.0148135
 35 -0.52 -0.634286 0.0147716
 36 -0.6 -0.633333 0.0143869
 37 -0.68 -0.634595 0.0140494
 38 -0.84 -0.64 0.0147043
 39 -0.84 -0.645128 0.0152127
 40 -0.76 -0.648 0.0151031
 41 -0.84 -0.652683 0.0154566
 42 -0.76 -0.655238 0.0152989
 43 -0.76 -0.657674 0.0151363
 44 -0.76 -0.66 0.01497
 45 -0.76 -0.662222 0.0148013
 46 -0.84 -0.666087 0.014983
 47 -0.92 -0.671489 0.0156245
 48 -0.76 -0.673333 0.0154062
 49 -0.68 -0.673469 0.0150892
 50 -0.52 -0.6704 0.0150996
 51 -0.52 -0.667451 0.0150915
 52 -0.52 -0.664615 0.0150676
 53 -0.52 -0.661887 0.0150303
 54 -0.68 -0.662222 0.0147532
 55 -0.6 -0.661091 0.0145266
 56 -0.68 -0.661429 0.0142688
 57 -0.6 -0.660351 0.0140576
 58 -0.68 -0.66069 0.0138173
 59 -0.76 -0.662373 0.013685
 60 -0.68 -0.662667 0.0134582
 61 -0.68 -0.662951 0.0132388
 62 -0.68 -0.663226 0.0130264
 63 -0.76 -0.664762 0.0129097
 64 -0.76 -0.66625 0.0127932
 65 -0.76 -0.667692 0.0126771
 66 -0.76 -0.669091 0.0125617
 67 -0.68 -0.669254 0.0123739
 68 -0.6 -0.668235 0.012233
 69 -0.6 -0.667246 0.0120949
 70 -0.6 -0.666286 0.0119595
 71 -0.52 -0.664225 0.0119685
 72 -0.52 -0.662222 0.0119699
 73 -0.52 -0.660274 0.0119645
 74 -0.44 -0.657297 0.0121713
 75 -0.68 -0.6576 0.0120118
 76 -0.68 -0.657895 0.0118563
 77 -0.68 -0.658182 0.0117049
 78 -0.68 -0.658462 0.0115572
 79 -0.76 -0.659747 0.0114821
 80 -0.76 -0.661 0.0114067
 81 -0.76 -0.662222 0.0113312
 82 -0.84 -0.66439 0.0114002
 83 -0.76 -0.665542 0.0113207
 84 -0.68 -0.665714 0.0111865
 85 -0.76 -0.666824 0.0111096
 86 -0.76 -0.667907 0.011033
 87 -0.68 -0.668046 0.0109063
 88 -0.52 -0.666364 0.0109121
 89 -0.6 -0.665618 0.0108146
 90 -0.52 -0.664 0.0108154
 91 -0.68 -0.664176 0.0106974
 92 -0.68 -0.664348 0.0105819
 93 -0.92 -0.667097 0.0108224
 94 -0.6 -0.666383 0.0107304
 95 -0.68 -0.666526 0.0106178
 96 -0.76 -0.6675 0.0105517
 97 -0.76 -0.668454 0.0104858
 98 -0.84 -0.670204 0.0105248
 99 -0.76 -0.671111 0.0104574
 100 -0.76 -0.672 0.0103904
 101 -0.76 -0.672871 0.0103238
 102 -0.76 -0.673725 0.0102577
 103 -0.76 -0.674563 0.0101921
 104 -0.84 -0.676154 0.0102182
 105 -0.76 -0.676952 0.0101519
 106 -0.84 -0.678491 0.0101726
 107 -0.84 -0.68 0.0101895
 108 -0.76 -0.680741 0.0101219
 109 -0.84 -0.682202 0.0101345
 110 -0.68 -0.682182 0.0100419
 111 -0.76 -0.682883 0.00997572
 112 -0.68 -0.682857 0.00988628
 113 -0.68 -0.682832 0.00979843
 114 -0.68 -0.682807 0.00971213
 115 -0.6 -0.682087 0.0096542
 116 -0.68 -0.682069 0.00957063
 117 -0.76 -0.682735 0.00951183
 118 -0.52 -0.681356 0.00953118
 119 -0.6 -0.680672 0.00947544
 120 -0.76 -0.681333 0.00941937
 121 -0.68 -0.681322 0.00934121
 122 -0.68 -0.681311 0.00926433
 123 -0.68 -0.681301 0.00918871
 124 -0.6 -0.680645 0.00913786
 125 -0.76 -0.68128 0.00908666
 126 -0.44 -0.679365 0.00921541
 127 -0.76 -0.68 0.00916458
 128 -0.76 -0.680625 0.00911415
 129 -0.52 -0.67938 0.00912854
 130 -0.52 -0.678154 0.00914065
 131 -0.68 -0.678168 0.00907061
 132 -0.52 -0.67697 0.00908103
 133 -0.6 -0.676391 0.00903106
 134 -0.6 -0.675821 0.00898152
 135 -0.6 -0.675259 0.00893242
 136 -0.6 -0.674706 0.00888375
 137 -0.68 -0.674745 0.00881875
 138 -0.6 -0.674203 0.00877135
 139 -0.68 -0.674245 0.00870812
 140 -0.52 -0.673143 0.00871561
 141 -0.44 -0.671489 0.00881013
 142 -0.52 -0.670423 0.00881268
 143 -0.36 -0.668252 0.00901606
 144 -0.6 -0.667778 0.00896577
 145 -0.68 -0.667862 0.00890412
 146 -0.68 -0.667945 0.00884332
 147 -0.68 -0.668027 0.00878333
 148 -0.76 -0.668649 0.00874589
 149 -0.84 -0.669799 0.00876279
 150 -0.76 -0.6704 0.00872492
 151 -0.68 -0.670464 0.00866718
 152 -0.84 -0.671579 0.00868191
 153 -0.84 -0.67268 0.00869494
 154 -0.68 -0.672727 0.00863843
 155 -0.6 -0.672258 0.00859533
 156 -0.68 -0.672308 0.0085402
 157 -0.84 -0.673376 0.00855259
 158 -0.52 -0.672405 0.00855355
 159 -0.52 -0.671447 0.00855346
 160 -0.6 -0.671 0.00851155
 161 -0.44 -0.669565 0.00857935
 162 -0.52 -0.668642 0.00857606
 163 -0.44 -0.667239 0.00863794
 164 -0.52 -0.666341 0.00863193
 165 -0.68 -0.666424 0.00857985
 166 -0.68 -0.666506 0.0085284
 167 -0.68 -0.666587 0.00847756
 168 -0.76 -0.667143 0.00844527
 169 -0.68 -0.667219 0.0083955
 170 -0.68 -0.667294 0.00834631
 171 -0.6 -0.666901 0.00830668
 172 -0.68 -0.666977 0.0082586
 173 -0.84 -0.667977 0.00827141
 174 -0.84 -0.668966 0.00828295
 175 -0.84 -0.669943 0.00829327
 176 -0.68 -0.67 0.00824621
 177 -0.68 -0.670056 0.00819968
 178 -0.6 -0.669663 0.00816298
 179 -0.6 -0.669274 0.00812658
 180 -0.76 -0.669778 0.008097
 181 -0.76 -0.670276 0.00806756
 182 -0.76 -0.670769 0.00803824
 183 -0.84 -0.671694 0.00804751
 184 -0.84 -0.672609 0.00805575
 185 -0.76 -0.673081 0.008026
 186 -0.84 -0.673978 0.00803302
 187 -0.68 -0.674011 0.00799001
 188 -0.68 -0.674043 0.00794746
 189 -0.68 -0.674074 0.00790536
 190 -0.44 -0.672842 0.00795956
 191 -0.44 -0.671623 0.00801108
 192 -0.44 -0.670417 0.00806004
 193 -0.44 -0.669223 0.00810656
 194 -0.52 -0.668454 0.00810126
 195 -0.6 -0.668103 0.00806725
 196 -0.6 -0.667755 0.00803351
 197 -0.68 -0.667817 0.00799286
 198 -0.68 -0.667879 0.00795263
 199 -0.68 -0.66794 0.0079128
 200 -0.68 -0.668 0.00787337
 201 -0.68 -0.66806 0.00783433
 202 -0.68 -0.668119 0.00779567
 203 -0.76 -0.668571 0.00777037
 204 -0.6 -0.668235 0.00773949
 205 -0.68 -0.668293 0.00770185
 206 -0.52 -0.667573 0.00769811
 207 -0.68 -0.667633 0.00766106
 208 -0.6 -0.667308 0.00763107
 209 -0.68 -0.667368 0.00759472
 210 -0.6 -0.667048 0.00756527
 211 -0.68 -0.667109 0.00752958
 212 -0.76 -0.667547 0.00750678
 213 -0.52 -0.666854 0.00750349
 214 -0.76 -0.66729 0.00748102
 215 -0.6 -0.666977 0.00745272
 216 -0.68 -0.667037 0.00741838
 217 -0.76 -0.667465 0.00739653
 218 -0.6 -0.667156 0.00736903
 219 -0.68 -0.667215 0.00733554
 220 -0.68 -0.667273 0.00730235
 221 -0.68 -0.66733 0.00726946
 222 -0.68 -0.667387 0.00723686
 223 -0.6 -0.667085 0.00721067
 224 -0.68 -0.667143 0.00717864
 225 -0.76 -0.667556 0.00715857
 226 -0.6 -0.667257 0.00713309
 227 -0.52 -0.666608 0.00713117
 228 -0.6 -0.666316 0.00710583
 229 -0.6 -0.666026 0.00708065
 230 -0.84 -0.666783 0.00709027
 231 -0.76 -0.667186 0.00707103
 232 -0.76 -0.667586 0.00705184
 233 -0.84 -0.668326 0.0070604
 234 -0.76 -0.668718 0.00704107
 235 -0.84 -0.669447 0.00704882
 236 -0.84 -0.670169 0.007056
 237 -0.52 -0.669536 0.00705468
 238 -0.6 -0.669244 0.00703104
 239 -0.68 -0.669289 0.00700171
 240 -0.68 -0.669333 0.00697262
 241 -0.6 -0.669046 0.00694958
 242 -0.68 -0.669091 0.00692095
 243 -0.68 -0.669136 0.00689256
 244 -0.68 -0.66918 0.0068644
 245 -0.68 -0.669224 0.00683646
 246 -0.68 -0.669268 0.00680876
 247 -0.68 -0.669312 0.00678128
 248 -0.68 -0.669355 0.00675401
 249 -0.76 -0.669719 0.00673668
 250 -0.84 -0.6704 0.00674416
 251 -0.76 -0.670757 0.00672672
 252 -0.6 -0.670476 0.00670585
 253 -0.76 -0.67083 0.00668866
 254 -0.6 -0.670551 0.00666811
 255 -0.6 -0.670275 0.00664767
 256 -0.52 -0.669688 0.00664762
 257 -0.52 -0.669105 0.00664727
 258 -0.68 -0.669147 0.00662159
 259 -0.76 -0.669498 0.00660529
 260 -0.76 -0.669846 0.00658904
 261 -0.68 -0.669885 0.00656386
 262 -0.6 -0.669618 0.0065442
 263 -0.52 -0.669049 0.00654404
 264 -0.68 -0.669091 0.00651934
 265 -0.68 -0.669132 0.00649482
 266 -0.76 -0.669474 0.00647937
 267 -0.76 -0.669813 0.00646395
 268 -0.76 -0.670149 0.00644858
 269 -0.68 -0.670186 0.00642466
 270 -0.52 -0.66963 0.00642495
 271 -0.6 -0.669373 0.00640635
 272 -0.6 -0.669118 0.00638785
 273 -0.68 -0.669158 0.00636453
 274 -0.68 -0.669197 0.00634138
 275 -0.6 -0.668945 0.00632329
 276 -0.52 -0.668406 0.00632341
 277 -0.6 -0.668159 0.00630538
 278 -0.76 -0.668489 0.00629133
 279 -0.68 -0.66853 0.00626888
 280 -0.76 -0.668857 0.00625499
 281 -0.6 -0.668612 0.0062375
 282 -0.68 -0.668652 0.00621548
 283 -0.68 -0.668693 0.0061936
 284 -0.68 -0.668732 0.00617189
 285 -0.68 -0.668772 0.00615032
 286 -0.76 -0.669091 0.00613707
 287 -0.76 -0.669408 0.00612385
 288 -0.76 -0.669722 0.00611065
 289 -0.76 -0.670035 0.00609748
 290 -0.68 -0.670069 0.00607651
 291 -0.76 -0.670378 0.00606347
 292 -0.76 -0.670685 0.00605046
 293 -0.68 -0.670717 0.00602986
 294 -0.76 -0.67102 0.00601698
 295 -0.84 -0.671593 0.00602385
 296 -0.84 -0.672162 0.00603036
 297 -0.84 -0.672727 0.00603653
 298 -0.68 -0.672752 0.00601629
 299 -0.6 -0.672508 0.00600107
 300 -0.6 -0.672267 0.00598592
 301 -0.68 -0.672292 0.00596605
 302 -0.6 -0.672053 0.00595108
 303 -0.6 -0.671815 0.00593617
 304 -0.76 -0.672105 0.00592372
 305 -0.76 -0.672393 0.00591129
 306 -0.6 -0.672157 0.00589669
 307 -0.68 -0.672182 0.00587751
 308 -0.76 -0.672468 0.00586533
 309 -0.84 -0.67301 0.0058714
 310 -0.76 -0.67329 0.00585916
 311 -0.76 -0.673569 0.00584694
 312 -0.84 -0.674103 0.00585253
 313 -0.92 -0.674888 0.00588646
 314 -0.84 -0.675414 0.0058912
 315 -0.76 -0.675683 0.0058786
 316 -0.68 -0.675696 0.00585999
 317 -0.68 -0.67571 0.00584149
 318 -0.68 -0.675723 0.0058231
 319 -0.84 -0.676238 0.00582762
 320 -0.84 -0.67675 0.00583188
 321 -0.76 -0.677009 0.00581946
 322 -0.6 -0.67677 0.00580629
 323 -0.52 -0.676285 0.0058086
 324 -0.44 -0.675556 0.00583638
 325 -0.6 -0.675323 0.00582304
 326 -0.6 -0.675092 0.00580975
 327 -0.52 -0.674618 0.00581134
 328 -0.52 -0.674146 0.00581274
 329 -0.68 -0.674164 0.00579507
 330 -0.68 -0.674182 0.00577751
 331 -0.6 -0.673958 0.00576439
 332 -0.68 -0.673976 0.00574703
 333 -0.68 -0.673994 0.00572977
 334 -0.6 -0.673772 0.00571689
 335 -0.68 -0.673791 0.00569983
 336 -0.68 -0.67381 0.00568287
 337 -0.52 -0.673353 0.00568433
 338 -0.76 -0.673609 0.00567328
 339 -0.84 -0.6741 0.00567778
 340 -0.76 -0.674353 0.00566669
 341 -0.68 -0.67437 0.00565007
 342 -0.6 -0.674152 0.00563772
 343 -0.76 -0.674402 0.00562683
 344 -0.76 -0.674651 0.00561597
 345 -0.68 -0.674667 0.00559969
 346 -0.52 -0.67422 0.00560134
 347 -0.76 -0.674467 0.00559065
 348 -0.6 -0.674253 0.00557866
 349 -0.52 -0.673811 0.00558019
 350 -0.68 -0.673829 0.00556425
 351 -0.76 -0.674074 0.0055538
 352 -0.84 -0.674545 0.00555803
 353 -0.6 -0.674334 0.00554628
 354 -0.52 -0.673898 0.00554775
 355 -0.68 -0.673915 0.00553213
 356 -0.68 -0.673933 0.00551659
 357 -0.6 -0.673725 0.00550501
 358 -0.76 -0.673966 0.0054949
 359 -0.84 -0.674429 0.00549906
 360 -0.84 -0.674889 0.00550301
 361 -0.76 -0.675125 0.00549281
 362 -0.68 -0.675138 0.00547763
 363 -0.6 -0.674931 0.00546644
 364 -0.68 -0.674945 0.00545142
 365 -0.84 -0.675397 0.00545524
 366 -0.68 -0.67541 0.00544033
 367 -0.76 -0.67564 0.00543038
 368 -0.68 -0.675652 0.00541562
 369 -0.52 -0.67523 0.00541737
 370 -0.6 -0.675027 0.00540653
 371 -0.68 -0.67504 0.00539195
 372 -0.6 -0.674839 0.00538122
 373 -0.68 -0.674853 0.00536679
 374 -0.76 -0.67508 0.00535726
 375 -0.68 -0.675093 0.00534298
 376 -0.52 -0.674681 0.00534469
 377 -0.68 -0.674695 0.00533051
 378 -0.52 -0.674286 0.00533212
 379 -0.6 -0.67409 0.00532164
 380 -0.68 -0.674105 0.00530764
 381 -0.76 -0.674331 0.00529849
 382 -0.68 -0.674346 0.00528462
 383 -0.76 -0.674569 0.00527555
 384 -0.76 -0.674792 0.00526649
 385 -0.6 -0.674597 0.00525639
 386 -0.6 -0.674404 0.00524631
 387 -0.68 -0.674419 0.00523276
 388 -0.76 -0.674639 0.00522391
 389 -0.68 -0.674653 0.00521049
 390 -0.44 -0.674051 0.00523182
 391 -0.6 -0.673862 0.00522186
 392 -0.52 -0.673469 0.00522329
 393 -0.6 -0.673282 0.00521333
 394 -0.68 -0.673299 0.00520011
 395 -0.76 -0.673519 0.00519157
 396 -0.76 -0.673737 0.00518305
 397 -0.68 -0.673753 0.00517
 398 -0.68 -0.673769 0.00515702
 399 -0.68 -0.673784 0.0051441
 400 -0.52 -0.6734 0.00514561
 401 -0.52 -0.673017 0.005147
 402 -0.84 -0.673433 0.00515095
 403 -0.84 -0.673846 0.00515475
 404 -0.68 -0.673861 0.005142
 405 -0.68 -0.673877 0.00512931
 406 -0.6 -0.673695 0.0051199
 407 -0.68 -0.67371 0.00510732
 408 -0.76 -0.673922 0.00509918
 409 -0.52 -0.673545 0.0051006
 410 -0.6 -0.673366 0.0050913
 411 -0.84 -0.673771 0.00509506
 412 -0.76 -0.673981 0.00508698
 413 -0.84 -0.674383 0.00509055
 414 -0.84 -0.674783 0.00509397
 415 -0.68 -0.674795 0.0050817
 416 -0.68 -0.674808 0.00506948
 417 -0.68 -0.67482 0.00505732
 418 -0.68 -0.674833 0.00504523
 419 -0.68 -0.674845 0.00503319
 420 -0.84 -0.675238 0.00503656
 421 -0.76 -0.675439 0.00502862
 422 -0.76 -0.67564 0.00502069
 423 -0.76 -0.675839 0.00501277
 424 -0.68 -0.675849 0.00500094
 425 -0.76 -0.676047 0.00499309
 426 -0.76 -0.676244 0.00498525
 427 -0.52 -0.675878 0.00498701
 428 -0.6 -0.675701 0.0049785
 429 -0.68 -0.675711 0.00496689
 430 -0.6 -0.675535 0.00495845
 431 -0.68 -0.675545 0.00494695
 432 -0.84 -0.675926 0.00495014
 433 -0.84 -0.676305 0.00495321
 434 -0.84 -0.676682 0.00495616
 435 -0.76 -0.676874 0.00494846
 436 -0.92 -0.677431 0.00496849
 437 -0.84 -0.677803 0.00497104
 438 -0.84 -0.678174 0.00497349
 439 -0.76 -0.67836 0.00496565
 440 -0.68 -0.678364 0.00495435
 441 -0.6 -0.678186 0.00494629
 442 -0.68 -0.67819 0.00493509
 443 -0.76 -0.678375 0.0049274
 444 -0.84 -0.678739 0.00492975
 445 -0.6 -0.678562 0.00492184
 446 -0.76 -0.678744 0.00491419
 447 -0.6 -0.678568 0.00490634
 448 -0.68 -0.678571 0.00489538
 449 -0.68 -0.678575 0.00488447
 450 -0.6 -0.6784 0.00487673
 451 -0.52 -0.678049 0.00487856
 452 -0.68 -0.678053 0.00486776
 453 -0.76 -0.678234 0.00486037
 454 -0.76 -0.678414 0.00485299
 455 -0.6 -0.678242 0.00484538
 456 -0.76 -0.678421 0.00483807
 457 -0.76 -0.6786 0.00483077
 458 -0.68 -0.678603 0.00482021
 459 -0.6 -0.678431 0.00481275
 460 -0.68 -0.678435 0.00480227
 461 -0.52 -0.678091 0.00480415
 462 -0.6 -0.677922 0.00479672
 463 -0.76 -0.678099 0.00478963
 464 -0.76 -0.678276 0.00478256
 465 -0.76 -0.678452 0.0047755
 466 -0.84 -0.678798 0.00477783
 467 -0.6 -0.67863 0.00477057
 468 -0.68 -0.678632 0.00476037
 469 -0.68 -0.678635 0.00475021
 470 -0.68 -0.678638 0.00474009
 471 -0.6 -0.678471 0.00473296
 472 -0.68 -0.678475 0.00472293
 473 -0.76 -0.678647 0.00471608
 474 -0.76 -0.678819 0.00470925
 475 -0.68 -0.678821 0.00469933
 476 -0.76 -0.678992 0.00469254
 477 -0.68 -0.678994 0.0046827
 478 -0.68 -0.678996 0.00467289
 479 -0.84 -0.679332 0.00467522
 480 -0.84 -0.679667 0.00467747
 481 -0.84 -0.68 0.00467962
 482 -0.84 -0.680332 0.00468168
 483 -0.76 -0.680497 0.00467489
 484 -0.76 -0.680661 0.00466811
 485 -0.68 -0.68066 0.00465848
 486 -0.6 -0.680494 0.00465184
 487 -0.76 -0.680657 0.00464515
 488 -0.68 -0.680656 0.00463562
 489 -0.6 -0.680491 0.00462907
 490 -0.6 -0.680327 0.00462254
 491 -0.6 -0.680163 0.00461601
 492 -0.6 -0.68 0.0046095
 493 -0.76 -0.680162 0.004603
 494 -0.84 -0.680486 0.00460506
 495 -0.76 -0.680646 0.00459855
 496 -0.76 -0.680806 0.00459206
 497 -0.84 -0.681127 0.00459399
 498 -0.84 -0.681446 0.00459584
 499 -0.92 -0.681924 0.00461147
 500 -0.84 -0.68224 0.00461308
 501 -0.84 -0.682555 0.00461462
 502 -0.84 -0.682869 0.00461609
 503 -0.84 -0.683181 0.00461748
 504 -0.76 -0.683333 0.00461083
 505 -0.84 -0.683644 0.00461214
 506 -0.68 -0.683636 0.00460302
 507 -0.76 -0.683787 0.0045964
 508 -0.76 -0.683937 0.00458979
 509 -0.84 -0.684244 0.00459102
 510 -0.84 -0.684549 0.00459217
 511 -0.84 -0.684853 0.00459326
 512 -0.6 -0.684687 0.00458728
 513 -0.68 -0.684678 0.00457833
 514 -0.68 -0.684669 0.00456943
 515 -0.68 -0.68466 0.00456056
 516 -0.6 -0.684496 0.00455466
 517 -0.6 -0.684333 0.00454878
 518 -0.6 -0.68417 0.00454291
 519 -0.76 -0.684316 0.0045365
 520 -0.76 -0.684462 0.00453011
 521 -0.76 -0.684607 0.00452373
 522 -0.68 -0.684598 0.00451506
 523 -0.6 -0.684436 0.00450933
 524 -0.76 -0.68458 0.00450302
 525 -0.68 -0.684571 0.00449444
 526 -0.76 -0.684715 0.00448818
 527 -0.68 -0.684706 0.00447967
 528 -0.68 -0.684697 0.00447118
 529 -0.68 -0.684688 0.00446273
 530 -0.68 -0.684679 0.00445431
 531 -0.68 -0.68467 0.00444593
 532 -0.6 -0.684511 0.00444041
 533 -0.36 -0.683902 0.0044737
 534 -0.6 -0.683745 0.00446808
 535 -0.52 -0.683439 0.00447021
 536 -0.6 -0.683284 0.00446457
 537 -0.6 -0.683128 0.00445895
 538 -0.68 -0.683123 0.00445066
 539 -0.52 -0.68282 0.00445269
 540 -0.6 -0.682667 0.00444708
 541 -0.6 -0.682514 0.00444148
 542 -0.84 -0.682804 0.00444279
 543 -0.84 -0.683094 0.00444404
 544 -0.76 -0.683235 0.00443812
 545 -0.68 -0.683229 0.00442997
 546 -0.6 -0.683077 0.00442448
 547 -0.6 -0.682925 0.00441899
 548 -0.68 -0.68292 0.00441092
 549 -0.68 -0.682914 0.00440289
 550 -0.68 -0.682909 0.00439488
 551 -0.52 -0.682613 0.00439684
 552 -0.6 -0.682464 0.00439142
 553 -0.68 -0.682459 0.00438348
 554 -0.76 -0.682599 0.0043778
 555 -0.68 -0.682595 0.0043699
 556 -0.68 -0.68259 0.00436204
 557 -0.6 -0.682442 0.00435672
 558 -0.76 -0.682581 0.00435113
 559 -0.84 -0.682862 0.00435246
 560 -0.76 -0.683 0.00434686
 561 -0.76 -0.683137 0.00434128
 562 -0.68 -0.683132 0.00433355
 563 -0.68 -0.683126 0.00432585
 564 -0.68 -0.683121 0.00431818
 565 -0.6 -0.682973 0.00431304
 566 -0.6 -0.682827 0.0043079
 567 -0.6 -0.682681 0.00430278
 568 -0.6 -0.682535 0.00429766
 569 -0.6 -0.68239 0.00429256
 570 -0.68 -0.682386 0.00428502
 571 -0.76 -0.682522 0.00427967
 572 -0.76 -0.682657 0.00427433
 573 -0.76 -0.682792 0.004269
 574 -0.68 -0.682787 0.00426155
 575 -0.76 -0.682922 0.00425626
 576 -0.68 -0.682917 0.00424886
 577 -0.6 -0.682773 0.00424393
 578 -0.6 -0.68263 0.004239
 579 -0.6 -0.682487 0.00423408
 580 -0.76 -0.682621 0.00422888
 581 -0.76 -0.682754 0.0042237
 582 -0.76 -0.682887 0.00421852
 583 -0.6 -0.682744 0.00421368
 584 -0.6 -0.682603 0.00420884
 585 -0.6 -0.682462 0.00420401
 586 -0.6 -0.682321 0.00419919
 587 -0.68 -0.682317 0.00419203
 588 -0.6 -0.682177 0.00418724
 589 -0.68 -0.682173 0.00418013
 590 -0.68 -0.682169 0.00417304
 591 -0.84 -0.682437 0.00417452
 592 -0.76 -0.682568 0.00416952
 593 -0.84 -0.682833 0.00417094
 594 -0.76 -0.682963 0.00416594
 595 -0.68 -0.682958 0.00415894
 596 -0.84 -0.683221 0.00416031
 597 -0.68 -0.683216 0.00415333
 598 -0.76 -0.683344 0.00414837
 599 -0.76 -0.683472 0.00414342
 600 -0.68 -0.683467 0.00413651
 601 -0.76 -0.683594 0.00413158
 602 -0.84 -0.683854 0.00413289
 603 -0.76 -0.68398 0.00412796
 604 -0.68 -0.683974 0.00412113
 605 -0.68 -0.683967 0.00411432
 606 -0.84 -0.684224 0.00411558
 607 -0.76 -0.684349 0.00411069
 608 -0.84 -0.684605 0.0041119
 609 -0.92 -0.684992 0.0041233
 610 -0.76 -0.685115 0.00411837
 611 -0.76 -0.685237 0.00411345
 612 -0.76 -0.685359 0.00410854
 613 -0.68 -0.685351 0.00410185
 614 -0.76 -0.685472 0.00409696
 615 -0.84 -0.685724 0.00409801
 616 -0.76 -0.685844 0.00409312
 617 -0.84 -0.686094 0.00409412
 618 -0.76 -0.686214 0.00408924
 619 -0.76 -0.686333 0.00408436
 620 -0.68 -0.686323 0.00407778
 621 -0.68 -0.686312 0.00407122
 622 -0.68 -0.686302 0.00406469
 623 -0.68 -0.686292 0.00405817
 624 -0.68 -0.686282 0.00405167
 625 -0.68 -0.686272 0.0040452
 626 -0.84 -0.686518 0.00404619
 627 -0.84 -0.686762 0.00404714
 628 -0.76 -0.686879 0.00404237
 629 -0.68 -0.686868 0.00403596
 630 -0.76 -0.686984 0.00403122
 631 -0.76 -0.6871 0.00402649
 632 -0.68 -0.687089 0.00402013
 633 -0.68 -0.687077 0.00401379
 634 -0.6 -0.68694 0.0040098
 635 -0.52 -0.686677 0.00401211
 636 -0.52 -0.686415 0.00401436
 637 -0.68 -0.686405 0.00400806
 638 -0.68 -0.686395 0.00400179
 639 -0.68 -0.686385 0.00399553
 640 -0.68 -0.686375 0.0039893
 641 -0.68 -0.686365 0.00398308
 642 -0.6 -0.686231 0.00397915
 643 -0.6 -0.686096 0.00397522
 644 -0.68 -0.686087 0.00396905
 645 -0.6 -0.685953 0.00396514
 646 -0.76 -0.686068 0.00396065
 647 -0.76 -0.686182 0.00395618
 648 -0.84 -0.68642 0.00395719
 649 -0.68 -0.68641 0.00395111
 650 -0.6 -0.686277 0.00394726
 651 -0.52 -0.686022 0.00394946
 652 -0.68 -0.686012 0.00394341
 653 -0.76 -0.686126 0.003939
 654 -0.76 -0.686239 0.00393459
 655 -0.68 -0.686229 0.00392859
 656 -0.6 -0.686098 0.0039248
 657 -0.68 -0.686088 0.00391883
 658 -0.76 -0.686201 0.00391448
 659 -0.76 -0.686313 0.00391014
 660 -0.76 -0.686424 0.00390581
 661 -0.84 -0.686657 0.00390681
 662 -0.76 -0.686767 0.00390248
 663 -0.6 -0.686637 0.00389878
 664 -0.84 -0.686867 0.00389975
 665 -0.84 -0.687098 0.00390069
 666 -0.76 -0.687207 0.00389636
 667 -0.68 -0.687196 0.00389053
 668 -0.68 -0.687186 0.00388472
 669 -0.76 -0.687294 0.00388044
 670 -0.84 -0.687522 0.00388134
 671 -0.84 -0.68775 0.00388221
 672 -0.76 -0.687857 0.00387791
 673 -0.76 -0.687964 0.00387363
 674 -0.76 -0.688071 0.00386936
 675 -0.6 -0.687941 0.00386582
 676 -0.76 -0.688047 0.00386157
 677 -0.76 -0.688154 0.00385733
 678 -0.52 -0.687906 0.00385961
 679 -0.68 -0.687894 0.00385394
 680 -0.76 -0.688 0.00384973
 681 -0.76 -0.688106 0.00384553
 682 -0.6 -0.687977 0.00384205
 683 -0.76 -0.688082 0.00383787
 684 -0.76 -0.688187 0.0038337
 685 -0.68 -0.688175 0.00382812
 686 -0.76 -0.68828 0.00382397
 687 -0.68 -0.688268 0.00381842
 688 -0.84 -0.688488 0.00381924
 689 -0.76 -0.688592 0.0038151
 690 -0.68 -0.68858 0.00380959
 691 -0.6 -0.688452 0.00380623
 692 -0.6 -0.688324 0.00380287
 693 -0.68 -0.688312 0.0037974
 694 -0.68 -0.6883 0.00379195
 695 -0.68 -0.688288 0.0037865
 696 -0.68 -0.688276 0.00378108
 697 -0.84 -0.688494 0.00378192
 698 -0.68 -0.688481 0.00377652
 699 -0.68 -0.688469 0.00377113
 700 -0.6 -0.688343 0.00376786
 701 -0.6 -0.688217 0.00376459
 702 -0.68 -0.688205 0.00375924
 703 -0.6 -0.68808 0.00375599
 704 -0.68 -0.688068 0.00375067
 705 -0.68 -0.688057 0.00374536
 706 -0.52 -0.687819 0.00374762
 707 -0.6 -0.687694 0.00374437
 708 -0.68 -0.687684 0.0037391
 709 -0.68 -0.687673 0.00373384
 710 -0.68 -0.687662 0.00372859
 711 -0.6 -0.687539 0.00372538
 712 -0.6 -0.687416 0.00372218
 713 -0.6 -0.687293 0.00371897
 714 -0.76 -0.687395 0.00371516
 715 -0.76 -0.687497 0.00371135
 716 -0.84 -0.687709 0.00371228
 717 -0.84 -0.687922 0.00371318
 718 -0.68 -0.687911 0.00370802
 719 -0.68 -0.6879 0.00370287
 720 -0.6 -0.687778 0.00369974
 721 -0.76 -0.687878 0.00369596
 722 -0.84 -0.688089 0.00369685
 723 -0.68 -0.688077 0.00369175
 724 -0.68 -0.688066 0.00368666
 725 -0.76 -0.688166 0.00368291
 726 -0.68 -0.688154 0.00367785
 727 -0.76 -0.688253 0.00367412
 728 -0.68 -0.688242 0.00366909
 729 -0.84 -0.68845 0.00366996
 730 -0.68 -0.688438 0.00366495
 731 -0.6 -0.688317 0.00366193
 732 -0.76 -0.688415 0.00365823
 733 -0.6 -0.688295 0.00365523
 734 -0.68 -0.688283 0.00365026
 735 -0.68 -0.688272 0.00364531
 736 -0.76 -0.68837 0.00364166
 737 -0.68 -0.688358 0.00363673
 738 -0.68 -0.688347 0.00363182
 739 -0.68 -0.688336 0.00362692
 740 -0.52 -0.688108 0.00362915
 741 -0.6 -0.687989 0.0036262
 742 -0.6 -0.687871 0.00362325
 743 -0.68 -0.68786 0.00361839
 744 -0.76 -0.687957 0.00361482
 745 -0.68 -0.687946 0.00360998
 746 -0.68 -0.687936 0.00360515
 747 -0.84 -0.688139 0.00360608
 748 -0.84 -0.688342 0.00360697
 749 -0.84 -0.688545 0.00360784
 750 -0.68 -0.688533 0.00360304
 751 -0.68 -0.688522 0.00359826
 752 -0.6 -0.688404 0.0035954
 753 -0.76 -0.688499 0.00359188
 754 -0.68 -0.688488 0.00358713
 755 -0.52 -0.688265 0.00358932
 756 -0.6 -0.688148 0.00358647
 757 -0.68 -0.688137 0.00358174
 758 -0.68 -0.688127 0.00357703
 759 -0.52 -0.687905 0.00357918
 760 -0.68 -0.687895 0.00357448
 761 -0.68 -0.687884 0.00356979
 762 -0.68 -0.687874 0.00356512
 763 -0.68 -0.687864 0.00356046
 764 -0.6 -0.687749 0.00355766
 765 -0.68 -0.687739 0.00355302
 766 -0.84 -0.687937 0.00355394
 767 -0.76 -0.688031 0.00355055
 768 -0.6 -0.687917 0.00354777
 769 -0.76 -0.68801 0.0035444
 770 -0.6 -0.687896 0.00354163
 771 -0.68 -0.687886 0.00353705
 772 -0.6 -0.687772 0.0035343
 773 -0.68 -0.687762 0.00352974
 774 -0.68 -0.687752 0.00352519
 775 -0.68 -0.687742 0.00352066
 776 -0.76 -0.687835 0.00351735
 777 -0.76 -0.687928 0.00351405
 778 -0.68 -0.687918 0.00350954
 779 -0.76 -0.68801 0.00350625
 780 -0.68 -0.688 0.00350177
 781 -0.76 -0.688092 0.0034985
 782 -0.76 -0.688184 0.00349523
 783 -0.68 -0.688174 0.00349078
 784 -0.76 -0.688265 0.00348753
 785 -0.76 -0.688357 0.00348428
 786 -0.84 -0.68855 0.00348519
 787 -0.84 -0.688742 0.00348608
 788 -0.68 -0.688731 0.00348167
 789 -0.68 -0.68872 0.00347727
 790 -0.76 -0.68881 0.00347404
 791 -0.68 -0.688799 0.00346966
 792 -0.6 -0.688687 0.00346709
 793 -0.68 -0.688676 0.00346273
 794 -0.68 -0.688665 0.00345838
 795 -0.76 -0.688755 0.0034552
 796 -0.68 -0.688744 0.00345087
 797 -0.76 -0.688833 0.0034477
 798 -0.76 -0.688922 0.00344453
 799 -0.68 -0.688911 0.00344023
 800 -0.52 -0.6887 0.00344241
 801 -0.6 -0.688589 0.00343989
 802 -0.6 -0.688479 0.00343738
 803 -0.6 -0.688369 0.00343486
 804 -0.68 -0.688358 0.0034306
 805 -0.68 -0.688348 0.00342635
 806 -0.68 -0.688337 0.00342212
 807 -0.76 -0.688426 0.00341903
 808 -0.52 -0.688218 0.00342115
 809 -0.68 -0.688208 0.00341693
 810 -0.68 -0.688198 0.00341273
 811 -0.68 -0.688187 0.00340853
 812 -0.68 -0.688177 0.00340435
 813 -0.52 -0.68797 0.00340644
 814 -0.6 -0.687862 0.00340397
 815 -0.44 -0.687558 0.00341337
 816 -0.44 -0.687255 0.00342265
 817 -0.44 -0.686952 0.00343183
 818 -0.68 -0.686944 0.00342764
 819 -0.76 -0.687033 0.00342462
 820 -0.68 -0.687024 0.00342045
 821 -0.68 -0.687016 0.00341629
 822 -0.6 -0.68691 0.00341378
 823 -0.68 -0.686902 0.00340964
 824 -0.76 -0.68699 0.00340665
 825 -0.68 -0.686982 0.00340253
 826 -0.68 -0.686973 0.00339842
 827 -0.76 -0.687062 0.00339545
 828 -0.76 -0.68715 0.0033925
 829 -0.68 -0.687141 0.00338841
 830 -0.6 -0.687036 0.00338595
 831 -0.76 -0.687124 0.00338302
 832 -0.76 -0.687212 0.00338008
 833 -0.76 -0.687299 0.00337715
 834 -0.76 -0.687386 0.00337423
 835 -0.68 -0.687377 0.0033702
 836 -0.68 -0.687368 0.00336617
 837 -0.84 -0.687551 0.00336709
 838 -0.84 -0.687733 0.00336799
 839 -0.76 -0.687819 0.00336507
 840 -0.76 -0.687905 0.00336216
 841 -0.68 -0.687895 0.00335818
 842 -0.6 -0.687791 0.00335581
 843 -0.52 -0.687592 0.00335773
 844 -0.76 -0.687678 0.00335485
 845 -0.68 -0.687669 0.00335089
 846 -0.76 -0.687754 0.00334802
 847 -0.76 -0.687839 0.00334515
 848 -0.68 -0.68783 0.00334122
 849 -0.76 -0.687915 0.00333836
 850 -0.6 -0.687812 0.00333603
 851 -0.52 -0.687615 0.00333794
 852 -0.76 -0.6877 0.0033351
 853 -0.76 -0.687784 0.00333227
 854 -0.76 -0.687869 0.00332944
 855 -0.76 -0.687953 0.00332661
 856 -0.84 -0.688131 0.00332747
 857 -0.76 -0.688215 0.00332464
 858 -0.68 -0.688205 0.00332078
 859 -0.76 -0.688289 0.00331796
 860 -0.76 -0.688372 0.00331515
 861 -0.92 -0.688641 0.00332221
 862 -0.84 -0.688817 0.00332299
 863 -0.68 -0.688806 0.00331916
 864 -0.52 -0.688611 0.00332107
 865 -0.44 -0.688324 0.00332965
 866 -0.6 -0.688222 0.00332737
 867 -0.76 -0.688304 0.00332456
 868 -0.84 -0.688479 0.00332532
 869 -0.6 -0.688377 0.00332305
 870 -0.6 -0.688276 0.00332079
 871 -0.52 -0.688083 0.00332259
 872 -0.68 -0.688073 0.00331879
 873 -0.6 -0.687973 0.00331652
 874 -0.6 -0.687872 0.00331426
 875 -0.68 -0.687863 0.00331048
 876 -0.68 -0.687854 0.00330671
 877 -0.68 -0.687845 0.00330295
 878 -0.76 -0.687927 0.00330021
 879 -0.68 -0.687918 0.00329646
 880 -0.68 -0.687909 0.00329273
 881 -0.76 -0.687991 0.00329001
 882 -0.68 -0.687982 0.00328629
 883 -0.6 -0.687882 0.00328408
 884 -0.68 -0.687873 0.00328037
 885 -0.84 -0.688045 0.00328117
 886 -0.76 -0.688126 0.00327847
 887 -0.68 -0.688117 0.00327478
 888 -0.76 -0.688198 0.00327209
 889 -0.84 -0.688369 0.00327287
 890 -0.68 -0.68836 0.0032692
 891 -0.68 -0.68835 0.00326555
 892 -0.76 -0.68843 0.00326287
 893 -0.76 -0.688511 0.0032602
 894 -0.68 -0.688501 0.00325657
 895 -0.6 -0.688402 0.00325443
 896 -0.6 -0.688304 0.00325229
 897 -0.68 -0.688294 0.00324868
 898 -0.76 -0.688374 0.00324604
 899 -0.76 -0.688454 0.0032434
 900 -0.68 -0.688444 0.00323981
 901 -0.68 -0.688435 0.00323623
 902 -0.68 -0.688426 0.00323265
 903 -0.52 -0.688239 0.00323445
 904 -0.76 -0.688319 0.00323185
 905 -0.68 -0.688309 0.00322829
 906 -0.76 -0.688389 0.00322569
 907 -0.92 -0.688644 0.00323224
 908 -0.92 -0.688899 0.00323871
 909 -0.84 -0.689065 0.00323942
 910 -0.84 -0.689231 0.0032401
 911 -0.84 -0.689396 0.00324077
 912 -0.84 -0.689561 0.00324143
 913 -0.6 -0.689463 0.00323936
 914 -0.6 -0.689365 0.00323729
 915 -0.6 -0.689268 0.00323523
 916 -0.6 -0.68917 0.00323316
 917 -0.6 -0.689073 0.0032311
 918 -0.6 -0.688976 0.00322904
 919 -0.68 -0.688966 0.00322554
 920 -0.68 -0.688957 0.00322204
 921 -0.68 -0.688947 0.00321856
 922 -0.68 -0.688937 0.00321508
 923 -0.6 -0.688841 0.00321304
 924 -0.6 -0.688745 0.003211
 925 -0.6 -0.688649 0.00320896
 926 -0.52 -0.688467 0.00321066
 927 -0.68 -0.688457 0.00320721
 928 -0.6 -0.688362 0.00320517
 929 -0.6 -0.688267 0.00320313
 930 -0.6 -0.688172 0.00320109
 931 -0.76 -0.688249 0.00319858
 932 -0.68 -0.68824 0.00319516
 933 -0.6 -0.688146 0.00319314
 934 -0.68 -0.688137 0.00318973
 935 -0.6 -0.688043 0.00318771
 936 -0.6 -0.687949 0.00318569
 937 -0.76 -0.688026 0.00318322
 938 -0.68 -0.688017 0.00317983
 939 -0.76 -0.688094 0.00317737
 940 -0.44 -0.68783 0.00318494
 941 -0.52 -0.687651 0.00318655
 942 -0.36 -0.687304 0.00320211
 943 -0.44 -0.687041 0.00320945
 944 -0.44 -0.68678 0.00321671
 945 -0.36 -0.686434 0.00323186
 946 -0.44 -0.686173 0.00323893
 947 -0.6 -0.686082 0.00323679
 948 -0.68 -0.686076 0.00323338
 949 -0.76 -0.686154 0.00323091
 950 -0.68 -0.686147 0.00322751
 951 -0.68 -0.686141 0.00322412
 952 -0.68 -0.686134 0.00322074
 953 -0.68 -0.686128 0.00321737
 954 -0.6 -0.686038 0.00321526
 955 -0.6 -0.685948 0.00321315
 956 -0.52 -0.685774 0.00321448
 957 -0.68 -0.685768 0.00321113
 958 -0.6 -0.685678 0.00320902
 959 -0.6 -0.685589 0.00320692
 960 -0.6 -0.6855 0.00320482
 961 -0.6 -0.685411 0.00320272
 962 -0.52 -0.685239 0.003204
 963 -0.6 -0.685151 0.0032019
 964 -0.52 -0.684979 0.00320316
 965 -0.52 -0.684808 0.0032044
 966 -0.6 -0.68472 0.00320229
 967 -0.6 -0.684633 0.00320017
 968 -0.6 -0.684545 0.00319806
 969 -0.68 -0.684541 0.00319476
 970 -0.6 -0.684454 0.00319266
 971 -0.44 -0.684202 0.00319929
 972 -0.6 -0.684115 0.00319717
 973 -0.6 -0.684029 0.00319505
 974 -0.6 -0.683943 0.00319293
 975 -0.6 -0.683856 0.00319082
 976 -0.52 -0.683689 0.00319197
 977 -0.52 -0.683521 0.0031931
 978 -0.76 -0.683599 0.00319079
 979 -0.68 -0.683596 0.00318753
 980 -0.6 -0.68351 0.00318542
 981 -0.6 -0.683425 0.00318331
 982 -0.68 -0.683422 0.00318007
 983 -0.68 -0.683418 0.00317683
 984 -0.6 -0.683333 0.00317473
 985 -0.44 -0.683086 0.00318112
 986 -0.6 -0.683002 0.003179
 987 -0.68 -0.682999 0.00317578
 988 -0.68 -0.682996 0.00317257
 989 -0.44 -0.68275 0.00317887
 990 -0.76 -0.682828 0.00317661
 991 -0.76 -0.682906 0.00317436
 992 -0.6 -0.682823 0.00317226
 993 -0.52 -0.682659 0.00317331
 994 -0.6 -0.682575 0.0031712
 995 -0.76 -0.682653 0.00316897
 996 -0.76 -0.682731 0.00316674
 997 -0.76 -0.682808 0.00316451
 998 -0.76 -0.682886 0.00316228
 999 -0.76 -0.682963 0.00316006
 1000 -0.76 -0.68304 0.00315784
 1001 -0.76 -0.683117 0.00315562
 1002 -0.68 -0.683114 0.00315247
 1003 -0.6 -0.683031 0.00315041
 1004 -0.68 -0.683028 0.00314727
 1005 -0.68 -0.683025 0.00314414
 1006 -0.6 -0.682942 0.0031421
 1007 -0.68 -0.682939 0.00313898
 1008 -0.6 -0.682857 0.00313694
 1009 -0.52 -0.682696 0.00313799
 1010 -0.6 -0.682614 0.00313595
 1011 -0.6 -0.682532 0.00313391
 1012 -0.76 -0.682609 0.00313175
 1013 -0.76 -0.682685 0.00312959
 1014 -0.84 -0.68284 0.00313035
 1015 -0.76 -0.682916 0.00312818
 1016 -0.84 -0.683071 0.00312893
 1017 -0.76 -0.683147 0.00312676
 1018 -0.68 -0.683143 0.00312369
 1019 -0.76 -0.683219 0.00312154
 1020 -0.68 -0.683216 0.00311848
 1021 -0.68 -0.683213 0.00311542
 1022 -0.6 -0.683131 0.00311344
 1023 -0.6 -0.68305 0.00311145
 1024 -0.76 -0.683125 0.00310932
 1025 -0.68 -0.683122 0.00310629
 1026 -0.76 -0.683197 0.00310416
 1027 -0.84 -0.68335 0.00310489
 1028 -0.76 -0.683424 0.00310277
 1029 -0.76 -0.683499 0.00310065
 1030 -0.84 -0.68365 0.00310136
 1031 -0.76 -0.683725 0.00309923
 1032 -0.76 -0.683798 0.00309711
 1033 -0.76 -0.683872 0.00309499
 1034 -0.76 -0.683946 0.00309287
 1035 -0.68 -0.683942 0.00308988
 1036 -0.76 -0.684015 0.00308777
 1037 -0.68 -0.684012 0.0030848
 1038 -0.76 -0.684085 0.00308269
 1039 -0.84 -0.684235 0.00308338
 1040 -0.84 -0.684385 0.00308405
 1041 -0.68 -0.68438 0.00308109
 1042 -0.76 -0.684453 0.00307899
 1043 -0.68 -0.684449 0.00307604
 1044 -0.76 -0.684521 0.00307394
 1045 -0.76 -0.684593 0.00307185
 1046 -0.6 -0.684512 0.00306997
 1047 -0.68 -0.684508 0.00306704
 1048 -0.76 -0.68458 0.00306496
 1049 -0.6 -0.6845 0.0030631
 1050 -0.68 -0.684495 0.00306018
 1051 -0.76 -0.684567 0.00305812
 1052 -0.84 -0.684715 0.00305878
 1053 -0.84 -0.684862 0.00305943
 1054 -0.76 -0.684934 0.00305735
 1055 -0.84 -0.685081 0.00305799
 1056 -0.76 -0.685152 0.00305592
 1057 -0.68 -0.685147 0.00305303
 1058 -0.6 -0.685066 0.0030512
 1059 -0.68 -0.685061 0.00304832
 1060 -0.84 -0.685208 0.00304895
 1061 -0.84 -0.685353 0.00304957
 1062 -0.84 -0.685499 0.00305017
 1063 -0.76 -0.685569 0.00304811
 1064 -0.68 -0.685564 0.00304525
 1065 -0.84 -0.685709 0.00304584
 1066 -0.68 -0.685704 0.00304299
 1067 -0.6 -0.685623 0.00304119
 1068 -0.6 -0.685543 0.0030394
 1069 -0.6 -0.685463 0.00303761
 1070 -0.68 -0.685458 0.00303478
 1071 -0.68 -0.685453 0.00303195
 1072 -0.52 -0.685299 0.00303305
 1073 -0.68 -0.685294 0.00303022
 1074 -0.68 -0.685289 0.0030274
 1075 -0.68 -0.685284 0.00302459
 1076 -0.76 -0.685353 0.00302258
 1077 -0.52 -0.6852 0.00302367
 1078 -0.68 -0.685195 0.00302087
 1079 -0.76 -0.685264 0.00301886
 1080 -0.68 -0.685259 0.00301607
 1081 -0.68 -0.685254 0.00301328
 1082 -0.6 -0.685176 0.00301153
 1083 -0.52 -0.685023 0.00301261
 1084 -0.68 -0.685018 0.00300983
 1085 -0.76 -0.685088 0.00300785
 1086 -0.76 -0.685157 0.00300587
 1087 -0.76 -0.685225 0.00300389
 1088 -0.76 -0.685294 0.00300192
 1089 -0.68 -0.685289 0.00299916
 1090 -0.68 -0.685284 0.00299641
 1091 -0.76 -0.685353 0.00299445
 1092 -0.6 -0.685275 0.00299273
 1093 -0.68 -0.68527 0.00298999
 1094 -0.68 -0.685265 0.00298726
 1095 -0.68 -0.68526 0.00298454
 1096 -0.68 -0.685255 0.00298181
 1097 -0.6 -0.685178 0.00298011
 1098 -0.68 -0.685173 0.0029774
 1099 -0.68 -0.685168 0.00297469
 1100 -0.68 -0.685164 0.00297199
 1101 -0.76 -0.685232 0.00297007
 1102 -0.68 -0.685227 0.00296737
 1103 -0.76 -0.685295 0.00296546
 1104 -0.68 -0.68529 0.00296277
 1105 -0.76 -0.685357 0.00296086
 1106 -0.84 -0.685497 0.00296149
 1107 -0.84 -0.685637 0.0029621
 1108 -0.84 -0.685776 0.0029627
 1109 -0.84 -0.685915 0.0029633
 1110 -0.76 -0.685982 0.00296138
 1111 -0.68 -0.685977 0.00295872
 1112 -0.6 -0.685899 0.00295706
 1113 -0.68 -0.685894 0.00295441
 1114 -0.76 -0.685961 0.00295251
 1115 -0.76 -0.686027 0.00295061
 1116 -0.76 -0.686093 0.00294871
 1117 -0.76 -0.686159 0.00294681
 1118 -0.76 -0.686225 0.00294491
 1119 -0.6 -0.686148 0.00294329
 1120 -0.76 -0.686214 0.0029414
 1121 -0.68 -0.686209 0.00293878
 1122 -0.68 -0.686203 0.00293616
 1123 -0.6 -0.686126 0.00293455
 1124 -0.68 -0.686121 0.00293194
 1125 -0.68 -0.686116 0.00292934
 1126 -0.76 -0.686181 0.00292747
 1127 -0.84 -0.686318 0.00292806
 1128 -0.84 -0.686454 0.00292863
 1129 -0.84 -0.68659 0.0029292
 1130 -0.84 -0.686726 0.00292975
 1131 -0.68 -0.68672 0.00292716
 1132 -0.76 -0.686784 0.00292529
 1133 -0.68 -0.686778 0.00292272
 1134 -0.6 -0.686702 0.00292114
 1135 -0.76 -0.686767 0.00291928
 1136 -0.76 -0.686831 0.00291742
 1137 -0.52 -0.686684 0.00291855
 1138 -0.6 -0.686608 0.00291697
 1139 -0.52 -0.686462 0.00291808
 1140 -0.52 -0.686316 0.00291917
 1141 -0.52 -0.68617 0.00292025
 1142 -0.76 -0.686235 0.00291841
 1143 -0.68 -0.686229 0.00291586
 1144 -0.68 -0.686224 0.00291332
 1145 -0.68 -0.686218 0.00291078
 1146 -0.76 -0.686283 0.00290895
 1147 -0.76 -0.686347 0.00290712
 1148 -0.6 -0.686272 0.00290556
 1149 -0.6 -0.686197 0.002904
 1150 -0.68 -0.686191 0.00290148
 1151 -0.52 -0.686047 0.00290255
 1152 -0.44 -0.685833 0.00290789
 1153 -0.6 -0.685759 0.00290632
 1154 -0.52 -0.685615 0.00290735
 1155 -0.68 -0.68561 0.00290483
 1156 -0.76 -0.685675 0.00290303
 1157 -0.68 -0.68567 0.00290053
 1158 -0.76 -0.685734 0.00289873
 1159 -0.84 -0.685867 0.00289929
 1160 -0.76 -0.685931 0.00289749
 1161 -0.84 -0.686064 0.00289804
 1162 -0.68 -0.686059 0.00289555
 1163 -0.76 -0.686122 0.00289375
 1164 -0.6 -0.686048 0.00289221
 1165 -0.68 -0.686043 0.00288973
 1166 -0.68 -0.686038 0.00288726
 1167 -0.84 -0.68617 0.0028878
 1168 -0.76 -0.686233 0.00288602
 1169 -0.6 -0.686159 0.00288449
 1170 -0.52 -0.686017 0.00288552
 1171 -0.6 -0.685944 0.00288399
 1172 -0.6 -0.68587 0.00288246
 1173 -0.68 -0.685865 0.00288001
 1174 -0.68 -0.68586 0.00287756
 1175 -0.52 -0.685719 0.00287857
 1176 -0.68 -0.685714 0.00287613
 1177 -0.68 -0.685709 0.00287369
 1178 -0.6 -0.685637 0.00287217
 1179 -0.68 -0.685632 0.00286973
 1180 -0.76 -0.685695 0.00286799
 1181 -0.68 -0.68569 0.00286557
 1182 -0.52 -0.68555 0.00286657
 1183 -0.68 -0.685545 0.00286415
 1184 -0.68 -0.685541 0.00286174
 1185 -0.68 -0.685536 0.00285932
 1186 -0.68 -0.685531 0.00285692
 1187 -0.76 -0.685594 0.0028552
 1188 -0.6 -0.685522 0.0028537
 1189 -0.6 -0.68545 0.00285221
 1190 -0.52 -0.685311 0.0028532
 1191 -0.6 -0.685239 0.0028517
 1192 -0.68 -0.685235 0.00284931
 1193 -0.68 -0.685231 0.00284693
 1194 -0.6 -0.685159 0.00284544
 1195 -0.68 -0.685155 0.00284306
 1196 -0.6 -0.685084 0.00284157
 1197 -0.68 -0.685079 0.0028392
 1198 -0.68 -0.685075 0.00283683
 1199 -0.68 -0.685071 0.00283447
 1200 -0.68 -0.685067 0.00283211
 1201 -0.6 -0.684996 0.00283064
 1202 -0.76 -0.685058 0.00282897
 1203 -0.84 -0.685187 0.00282955
 1204 -0.76 -0.685249 0.00282788
 1205 -0.6 -0.685178 0.00282642
 1206 -0.6 -0.685108 0.00282496
 1207 -0.6 -0.685037 0.0028235
 1208 -0.6 -0.684967 0.00282204
 1209 -0.68 -0.684963 0.0028197
 1210 -0.6 -0.684893 0.00281825
 1211 -0.68 -0.684889 0.00281592
 1212 -0.68 -0.684884 0.0028136
 1213 -0.68 -0.68488 0.00281128
 1214 -0.6 -0.684811 0.00280984
 1215 -0.68 -0.684807 0.00280753
 1216 -0.52 -0.684671 0.00280849
 1217 -0.6 -0.684601 0.00280704
 1218 -0.68 -0.684598 0.00280474
 1219 -0.52 -0.684463 0.00280569
 1220 -0.68 -0.684459 0.00280339
 1221 -0.52 -0.684324 0.00280433
 1222 -0.76 -0.684386 0.00280272
 1223 -0.68 -0.684383 0.00280043
 1224 -0.68 -0.684379 0.00279814
 1225 -0.68 -0.684376 0.00279586
 1226 -0.6 -0.684307 0.00279442
 1227 -0.6 -0.684238 0.00279299
 1228 -0.68 -0.684235 0.00279072
 1229 -0.6 -0.684166 0.00278929
 1230 -0.76 -0.684228 0.0027877
 1231 -0.6 -0.684159 0.00278628
 1232 -0.6 -0.684091 0.00278485
 1233 -0.6 -0.684023 0.00278343
 1234 -0.6 -0.683955 0.00278201
 1235 -0.6 -0.683887 0.00278058
 1236 -0.84 -0.684013 0.0027812
 1237 -0.68 -0.68401 0.00277895
 1238 -0.76 -0.684071 0.00277739
 1239 -0.6 -0.684003 0.00277597
 1240 -0.68 -0.684 0.00277374
 1241 -0.84 -0.684126 0.00277435
 1242 -0.84 -0.684251 0.00277495
 1243 -0.84 -0.684377 0.00277555
 1244 -0.84 -0.684502 0.00277614
 1245 -0.84 -0.684627 0.00277672
 1246 -0.76 -0.684687 0.00277515
 1247 -0.68 -0.684683 0.00277292
 1248 -0.68 -0.684679 0.0027707
 1249 -0.76 -0.68474 0.00276914
 1250 -0.76 -0.6848 0.00276758
 1251 -0.68 -0.684796 0.00276537
 1252 -0.6 -0.684728 0.00276399
 1253 -0.68 -0.684725 0.00276179
 1254 -0.68 -0.684721 0.00275959
 1255 -0.76 -0.684781 0.00275804
 1256 -0.68 -0.684777 0.00275584
 1257 -0.76 -0.684837 0.0027543
 1258 -0.68 -0.684833 0.00275211
 1259 -0.68 -0.684829 0.00274993
 1260 -0.44 -0.684635 0.00275461
 1261 -0.6 -0.684568 0.00275324
 1262 -0.68 -0.684564 0.00275106
 1263 -0.68 -0.684561 0.00274888
 1264 -0.68 -0.684557 0.00274671
 1265 -0.68 -0.684553 0.00274454
 1266 -0.76 -0.684613 0.00274302
 1267 -0.84 -0.684736 0.0027436
 1268 -0.76 -0.684795 0.00274207
 1269 -0.68 -0.684791 0.00273992
 1270 -0.76 -0.68485 0.0027384
 1271 -0.76 -0.68491 0.00273688
 1272 -0.68 -0.684906 0.00273473
 1273 -0.68 -0.684902 0.00273258
 1274 -0.6 -0.684835 0.00273125
 1275 -0.6 -0.684769 0.00272992
 1276 -0.76 -0.684828 0.00272842
 1277 -0.76 -0.684886 0.00272691
 1278 -0.76 -0.684945 0.00272541
 1279 -0.76 -0.685004 0.00272391
 1280 -0.52 -0.684875 0.00272484
 1281 -0.52 -0.684746 0.00272575
 1282 -0.68 -0.684743 0.00272362
 1283 -0.6 -0.684677 0.0027223
 1284 -0.68 -0.684673 0.00272018
 1285 -0.68 -0.684669 0.00271807
 1286 -0.6 -0.684603 0.00271675
 1287 -0.76 -0.684662 0.00271527
 1288 -0.76 -0.68472 0.00271379
 1289 -0.68 -0.684717 0.00271169
 1290 -0.6 -0.684651 0.00271038
 1291 -0.6 -0.684586 0.00270908
 1292 -0.76 -0.684644 0.00270761
 1293 -0.76 -0.684702 0.00270614
 1294 -0.84 -0.684822 0.00270671
 1295 -0.68 -0.684819 0.00270462
 1296 -0.6 -0.684753 0.00270333
 1297 -0.6 -0.684688 0.00270203
 1298 -0.68 -0.684684 0.00269995
 1299 -0.68 -0.684681 0.00269787
 1300 -0.76 -0.684738 0.00269642
 1301 -0.6 -0.684673 0.00269514
 1302 -0.6 -0.684608 0.00269385
 1303 -0.68 -0.684605 0.00269178
 1304 -0.6 -0.68454 0.0026905
 1305 -0.6 -0.684475 0.00268922
 1306 -0.68 -0.684472 0.00268716
 1307 -0.84 -0.684591 0.00268774
 1308 -0.84 -0.684709 0.00268831
 1309 -0.76 -0.684767 0.00268687
 1310 -0.76 -0.684824 0.00268543
 1311 -0.76 -0.684882 0.002684
 1312 -0.6 -0.684817 0.00268273
 1313 -0.44 -0.684631 0.00268716
 1314 -0.68 -0.684627 0.00268512
 1315 -0.6 -0.684563 0.00268385
 1316 -0.68 -0.684559 0.00268181
 1317 -0.6 -0.684495 0.00268054
 1318 -0.6 -0.684431 0.00267928
 1319 -0.6 -0.684367 0.00267801
 1320 -0.6 -0.684303 0.00267674
 1321 -0.6 -0.684239 0.00267548
 1322 -0.68 -0.684236 0.00267345
 1323 -0.76 -0.684293 0.00267205
 1324 -0.76 -0.68435 0.00267064
 1325 -0.6 -0.684287 0.00266938
 1326 -0.68 -0.684284 0.00266737
 1327 -0.68 -0.68428 0.00266536
 1328 -0.68 -0.684277 0.00266336
 1329 -0.6 -0.684214 0.00266211
 1330 -0.68 -0.684211 0.00266011
 1331 -0.68 -0.684207 0.00265811
 1332 -0.76 -0.684264 0.00265672
 1333 -0.68 -0.684261 0.00265473
 1334 -0.68 -0.684258 0.00265274
 1335 -0.52 -0.684135 0.00265361
 1336 -0.52 -0.684012 0.00265447
 1337 -0.6 -0.683949 0.00265322
 1338 -0.6 -0.683886 0.00265198
 1339 -0.84 -0.684003 0.00265256
 1340 -0.84 -0.684119 0.00265314
 1341 -0.84 -0.684236 0.00265371
 1342 -0.84 -0.684352 0.00265427
 1343 -0.84 -0.684468 0.00265482
 1344 -0.84 -0.684583 0.00265537
 1345 -0.76 -0.684639 0.00265399
 1346 -0.68 -0.684636 0.00265202
 1347 -0.68 -0.684633 0.00265005
 1348 -0.68 -0.684629 0.00264808
 1349 -0.84 -0.684744 0.00264863
 1350 -0.84 -0.684859 0.00264916
 1351 -0.76 -0.684915 0.00264778
 1352 -0.76 -0.68497 0.00264641
 1353 -0.84 -0.685085 0.00264693
 1354 -0.84 -0.685199 0.00264745
 1355 -0.68 -0.685196 0.0026455
 1356 -0.6 -0.685133 0.00264429
 1357 -0.84 -0.685247 0.00264481
 1358 -0.68 -0.685243 0.00264286
 1359 -0.76 -0.685298 0.00264149
 1360 -0.76 -0.685353 0.00264012
 1361 -0.76 -0.685408 0.00263875
 1362 -0.68 -0.685404 0.00263681
 1363 -0.76 -0.685459 0.00263544
 1364 -0.76 -0.685513 0.00263408
 1365 -0.68 -0.685509 0.00263215
 1366 -0.68 -0.685505 0.00263023
 1367 -0.6 -0.685443 0.00262905
 1368 -0.68 -0.685439 0.00262713
 1369 -0.68 -0.685435 0.00262521
 1370 -0.76 -0.685489 0.00262386
 1371 -0.68 -0.685485 0.00262195
 1372 -0.68 -0.685481 0.00262004
 1373 -0.76 -0.685535 0.00261869
 1374 -0.76 -0.68559 0.00261735
 1375 -0.6 -0.685527 0.00261618
 1376 -0.6 -0.685465 0.00261502
 1377 -0.76 -0.685519 0.00261368
 1378 -0.68 -0.685515 0.00261178
 1379 -0.68 -0.685511 0.00260989
 1380 -0.52 -0.685391 0.00261076
 1381 -0.68 -0.685387 0.00260887
 1382 -0.76 -0.685441 0.00260754
 1383 -0.76 -0.685495 0.00260621
 1384 -0.76 -0.685549 0.00260488
 1385 -0.76 -0.685603 0.00260356
 1386 -0.76 -0.685657 0.00260223
 1387 -0.68 -0.685652 0.00260036
 1388 -0.68 -0.685648 0.00259849
 1389 -0.52 -0.685529 0.00259935
 1390 -0.76 -0.685583 0.00259803
 1391 -0.76 -0.685636 0.00259672
 1392 -0.68 -0.685632 0.00259485
 1393 -0.76 -0.685686 0.00259354
 1394 -0.6 -0.685624 0.00259241
 1395 -0.76 -0.685677 0.0025911
 1396 -0.76 -0.685731 0.00258979
 1397 -0.76 -0.685784 0.00258848
 1398 -0.84 -0.685894 0.00258898
 1399 -0.84 -0.686004 0.00258947
 1400 -0.84 -0.686114 0.00258996
 1401 -0.84 -0.686224 0.00259044
 1402 -0.68 -0.68622 0.00258859
 1403 -0.68 -0.686215 0.00258675
 1404 -0.68 -0.686211 0.00258491
 1405 -0.76 -0.686263 0.00258361
 1406 -0.6 -0.686202 0.0025825
 1407 -0.76 -0.686254 0.00258119
 1408 -0.68 -0.68625 0.00257936
 1409 -0.68 -0.686246 0.00257754
 1410 -0.68 -0.686241 0.00257571
 1411 -0.68 -0.686237 0.00257389
 1412 -0.52 -0.686119 0.00257476
 1413 -0.76 -0.686171 0.00257347
 1414 -0.92 -0.686337 0.00257696
 1415 -0.92 -0.686502 0.00258043
 1416 -0.84 -0.68661 0.00258088
 1417 -0.84 -0.686718 0.00258133
 1418 -0.6 -0.686657 0.00258023
 1419 -0.76 -0.686709 0.00257893
 1420 -0.92 -0.686873 0.00258235
 1421 -0.76 -0.686925 0.00258104
 1422 -0.68 -0.68692 0.00257923
 1423 -0.76 -0.686971 0.00257793
 1424 -0.76 -0.687022 0.00257663
 1425 -0.68 -0.687018 0.00257482
 1426 -0.52 -0.6869 0.00257568
 1427 -0.68 -0.686896 0.00257388
 1428 -0.76 -0.686947 0.00257259
 1429 -0.68 -0.686942 0.00257079
 1430 -0.36 -0.686713 0.00257915
 1431 -0.6 -0.686653 0.00257806
 1432 -0.68 -0.686648 0.00257626
 1433 -0.68 -0.686643 0.00257446
 1434 -0.76 -0.686695 0.00257318
 1435 -0.6 -0.686634 0.00257209
 1436 -0.52 -0.686518 0.00257292
 1437 -0.68 -0.686514 0.00257113
 1438 -0.68 -0.686509 0.00256935
 1439 -0.68 -0.686505 0.00256757
 1440 -0.6 -0.686444 0.00256648
 1441 -0.52 -0.686329 0.0025673
 1442 -0.68 -0.686325 0.00256553
 1443 -0.76 -0.686376 0.00256426
 1444 -0.68 -0.686371 0.00256248
 1445 -0.68 -0.686367 0.00256071
 1446 -0.68 -0.686362 0.00255894
 1447 -0.68 -0.686358 0.00255718
 1448 -0.68 -0.686354 0.00255542
 1449 -0.68 -0.686349 0.00255366
 1450 -0.52 -0.686234 0.00255447
 1451 -0.6 -0.686175 0.0025534
 1452 -0.52 -0.686061 0.00255421
 1453 -0.52 -0.685946 0.00255501
 1454 -0.76 -0.685997 0.00255376
 1455 -0.68 -0.685993 0.00255201
 1456 -0.68 -0.685989 0.00255026
 1457 -0.68 -0.685985 0.00254851
 1458 -0.84 -0.686091 0.00254895
 1459 -0.84 -0.686196 0.00254938
 1460 -0.84 -0.686301 0.00254982
 1461 -0.76 -0.686352 0.00254857
 1462 -0.68 -0.686347 0.00254683
 1463 -0.84 -0.686452 0.00254725
 1464 -0.76 -0.686503 0.00254601
 1465 -0.84 -0.686608 0.00254643
 1466 -0.68 -0.686603 0.00254469
 1467 -0.68 -0.686599 0.00254296
 1468 -0.76 -0.686649 0.00254172
 1469 -0.6 -0.68659 0.00254067
 1470 -0.68 -0.686585 0.00253895
 1471 -0.68 -0.686581 0.00253723
 1472 -0.44 -0.686413 0.00254103
 1473 -0.52 -0.6863 0.00254182
 1474 -0.36 -0.686079 0.00254972
 1475 -0.6 -0.68602 0.00254866
 1476 -0.68 -0.686016 0.00254693
 1477 -0.68 -0.686012 0.00254521
 1478 -0.68 -0.686008 0.00254349
 1479 -0.68 -0.686004 0.00254178
 1480 -0.76 -0.686054 0.00254055
 1481 -0.76 -0.686104 0.00253933
 1482 -0.6 -0.686046 0.00253828
 1483 -0.52 -0.685934 0.00253903
 1484 -0.68 -0.68593 0.00253733
 1485 -0.76 -0.68598 0.00253611
 1486 -0.76 -0.68603 0.00253489
 1487 -0.68 -0.686026 0.00253319
 1488 -0.76 -0.686075 0.00253197
 1489 -0.6 -0.686017 0.00253093
 1490 -0.6 -0.68596 0.00252989
 1491 -0.52 -0.685848 0.00253064
 1492 -0.6 -0.685791 0.0025296
 1493 -0.6 -0.685733 0.00252856
 1494 -0.6 -0.685676 0.00252752
 1495 -0.68 -0.685672 0.00252583
 1496 -0.6 -0.685615 0.00252479
 1497 -0.44 -0.685451 0.00252843
 1498 -0.52 -0.68534 0.00252916
 1499 -0.6 -0.685284 0.00252811
 1500 -0.52 -0.685173 0.00252882
 1501 -0.6 -0.685117 0.00252778
 1502 -0.76 -0.685166 0.00252658
 1503 -0.76 -0.685216 0.00252539
 1504 -0.76 -0.685266 0.0025242
 1505 -0.76 -0.685316 0.00252302
 1506 -0.68 -0.685312 0.00252134
 1507 -0.68 -0.685309 0.00251967
 1508 -0.6 -0.685252 0.00251863
 1509 -0.68 -0.685249 0.00251697
 1510 -0.6 -0.685192 0.00251593
 1511 -0.6 -0.685136 0.0025149
 1512 -0.52 -0.685026 0.00251561
 1513 -0.52 -0.684917 0.00251631
 1514 -0.68 -0.684914 0.00251465
 1515 -0.68 -0.684911 0.00251299
 1516 -0.68 -0.684908 0.00251133
 1517 -0.68 -0.684904 0.00250968
 1518 -0.6 -0.684848 0.00250865
 1519 -0.6 -0.684793 0.00250762
 1520 -0.68 -0.684789 0.00250597
 1521 -0.76 -0.684839 0.00250481
 1522 -0.76 -0.684888 0.00250365
 1523 -0.52 -0.68478 0.00250435
 1524 -0.68 -0.684777 0.00250271
 1525 -0.68 -0.684774 0.00250107
 1526 -0.6 -0.684718 0.00250005
 1527 -0.6 -0.684663 0.00249902
 1528 -0.44 -0.684503 0.00250252
 1529 -0.6 -0.684447 0.00250149
 1530 -0.68 -0.684444 0.00249986
 1531 -0.6 -0.684389 0.00249883
 1532 -0.6 -0.684334 0.00249781
 1533 -0.6 -0.684279 0.00249678
 1534 -0.6 -0.684224 0.00249576
 1535 -0.44 -0.684065 0.0024992
 1536 -0.52 -0.683958 0.00249986
 1537 -0.68 -0.683956 0.00249823
 1538 -0.52 -0.683849 0.00249888
 1539 -0.36 -0.683639 0.00250611
 1540 -0.6 -0.683584 0.00250507
 1541 -0.68 -0.683582 0.00250344
 1542 -0.68 -0.68358 0.00250182
 1543 -0.68 -0.683577 0.0025002
 1544 -0.68 -0.683575 0.00249858
 1545 -0.44 -0.683417 0.00250194
 1546 -0.44 -0.68326 0.00250527
 1547 -0.52 -0.683154 0.00250587
 1548 -0.44 -0.682997 0.00250918
 1549 -0.6 -0.682944 0.00250813
 1550 -0.6 -0.68289 0.00250708
 1551 -0.52 -0.682785 0.00250766
 1552 -0.52 -0.68268 0.00250824
 1553 -0.52 -0.682576 0.00250881
 1554 -0.68 -0.682574 0.0025072
 1555 -0.68 -0.682572 0.00250559
 1556 -0.68 -0.682571 0.00250398
 1557 -0.68 -0.682569 0.00250237
 1558 -0.76 -0.682619 0.00250126
 1559 -0.76 -0.682668 0.00250014
 1560 -0.76 -0.682718 0.00249903
 1561 -0.76 -0.682767 0.00249792
 1562 -0.76 -0.682817 0.00249681
 1563 -0.68 -0.682815 0.00249521
 1564 -0.6 -0.682762 0.00249418
 1565 -0.76 -0.682812 0.00249307
 1566 -0.84 -0.682912 0.0024935
 1567 -0.84 -0.683012 0.00249393
 1568 -0.68 -0.68301 0.00249234
 1569 -0.76 -0.683059 0.00249123
 1570 -0.68 -0.683057 0.00248964
 1571 -0.52 -0.682954 0.00249022
 1572 -0.68 -0.682952 0.00248864
 1573 -0.76 -0.683001 0.00248754
 1574 -0.68 -0.682999 0.00248596
 1575 -0.76 -0.683048 0.00248486
 1576 -0.68 -0.683046 0.00248328
 1577 -0.6 -0.682993 0.00248227
 1578 -0.68 -0.682991 0.00248069
 1579 -0.6 -0.682939 0.00247968
 1580 -0.84 -0.683038 0.0024801
 1581 -0.76 -0.683087 0.00247901
 1582 -0.84 -0.683186 0.00247943
 1583 -0.76 -0.683234 0.00247834
 1584 -0.68 -0.683232 0.00247677
 1585 -0.68 -0.68323 0.00247521
 1586 -0.6 -0.683178 0.00247421
 1587 -0.6 -0.683125 0.0024732
 1588 -0.68 -0.683123 0.00247165
 1589 -0.76 -0.683172 0.00247056
 1590 -0.76 -0.68322 0.00246948
 1591 -0.76 -0.683268 0.0024684
 1592 -0.68 -0.683266 0.00246685
 1593 -0.68 -0.683264 0.0024653
 1594 -0.76 -0.683312 0.00246423
 1595 -0.76 -0.683361 0.00246315
 1596 -0.68 -0.683358 0.00246161
 1597 -0.76 -0.683406 0.00246053
 1598 -0.84 -0.683504 0.00246094
 1599 -0.84 -0.683602 0.00246135
 1600 -0.76 -0.68365 0.00246028
 1601 -0.84 -0.683748 0.00246068
 1602 -0.68 -0.683745 0.00245914
 1603 -0.68 -0.683743 0.00245761
 1604 -0.68 -0.683741 0.00245608
 1605 -0.68 -0.683738 0.00245455
 1606 -0.6 -0.683686 0.00245357
 1607 -0.76 -0.683734 0.0024525
 1608 -0.76 -0.683781 0.00245144
 1609 -0.76 -0.683828 0.00245037
 1610 -0.68 -0.683826 0.00244885
 1611 -0.76 -0.683873 0.00244779
 1612 -0.6 -0.683821 0.00244682
 1613 -0.68 -0.683819 0.0024453
 1614 -0.44 -0.683668 0.00244845
 1615 -0.44 -0.683517 0.00245158
 1616 -0.76 -0.683564 0.00245052
 1617 -0.76 -0.683612 0.00244946
 1618 -0.68 -0.683609 0.00244795
 1619 -0.76 -0.683657 0.00244689
 1620 -0.76 -0.683704 0.00244584
 1621 -0.76 -0.683751 0.00244478
 1622 -0.68 -0.683748 0.00244327
 1623 -0.68 -0.683746 0.00244177
 1624 -0.76 -0.683793 0.00244072
 1625 -0.92 -0.683938 0.00244354
 1626 -0.84 -0.684034 0.00244392
 1627 -0.76 -0.684081 0.00244287
 1628 -0.84 -0.684177 0.00244324
 1629 -0.84 -0.684273 0.00244362
 1630 -0.52 -0.684172 0.0024442
 1631 -0.44 -0.684022 0.00244728
 1632 -0.44 -0.683873 0.00245035
 1633 -0.6 -0.683821 0.00244938
 1634 -0.6 -0.68377 0.00244842
 1635 -0.52 -0.68367 0.00244897
 1636 -0.44 -0.683521 0.002452
 1637 -0.6 -0.68347 0.00245104
 1638 -0.76 -0.683516 0.00244999
 1639 -0.6 -0.683466 0.00244902
 1640 -0.68 -0.683463 0.00244753
 1641 -0.76 -0.68351 0.00244648
 1642 -0.68 -0.683508 0.00244499
 1643 -0.68 -0.683506 0.0024435
 1644 -0.68 -0.683504 0.00244202
 1645 -0.6 -0.683453 0.00244106
 1646 -0.68 -0.683451 0.00243958
 1647 -0.68 -0.683449 0.0024381
 1648 -0.6 -0.683398 0.00243714
 1649 -0.76 -0.683445 0.00243611
 1650 -0.76 -0.683491 0.00243507
 1651 -0.76 -0.683537 0.00243404
 1652 -0.84 -0.683632 0.00243441
 1653 -0.84 -0.683727 0.00243477
 1654 -0.84 -0.683821 0.00243513
 1655 -0.68 -0.683819 0.00243366
 1656 -0.6 -0.683768 0.00243272
 1657 -0.68 -0.683766 0.00243125
 1658 -0.6 -0.683715 0.00243031
 1659 -0.68 -0.683713 0.00242885
 1660 -0.76 -0.683759 0.00242782
 1661 -0.84 -0.683853 0.00242818
 1662 -0.84 -0.683947 0.00242853
 1663 -0.6 -0.683897 0.0024276
 1664 -0.52 -0.683798 0.00242814
 1665 -0.68 -0.683796 0.00242668
 1666 -0.76 -0.683842 0.00242565
 1667 -0.76 -0.683887 0.00242463
 1668 -0.68 -0.683885 0.00242318
 1669 -0.68 -0.683883 0.00242173
 1670 -0.68 -0.68388 0.00242028
 1671 -0.68 -0.683878 0.00241883
 1672 -0.6 -0.683828 0.0024179
 1673 -0.76 -0.683873 0.00241688
 1674 -0.68 -0.683871 0.00241544
 1675 -0.68 -0.683869 0.002414
 1676 -0.6 -0.683819 0.00241308
 1677 -0.52 -0.683721 0.00241362
 1678 -0.6 -0.683671 0.00241269
 1679 -0.6 -0.683621 0.00241177
 1680 -0.68 -0.683619 0.00241034
 1681 -0.68 -0.683617 0.0024089
 1682 -0.76 -0.683662 0.0024079
 1683 -0.76 -0.683708 0.00240689
 1684 -0.76 -0.683753 0.00240589
 1685 -0.68 -0.683751 0.00240446
 1686 -0.68 -0.683749 0.00240304
 1687 -0.76 -0.683794 0.00240204
 1688 -0.68 -0.683791 0.00240062
 1689 -0.68 -0.683789 0.0023992
 1690 -0.68 -0.683787 0.00239778
 1691 -0.68 -0.683785 0.00239636
 1692 -0.68 -0.683783 0.00239494
 1693 -0.76 -0.683828 0.00239395
 1694 -0.76 -0.683872 0.00239296
 1695 -0.68 -0.68387 0.00239155
 1696 -0.68 -0.683868 0.00239014
 1697 -0.68 -0.683866 0.00238873
 1698 -0.68 -0.683863 0.00238733
 1699 -0.76 -0.683908 0.00238634
 1700 -0.76 -0.683953 0.00238536
 1701 -0.76 -0.683998 0.00238437
 1702 -0.84 -0.684089 0.00238474
 1703 -0.68 -0.684087 0.00238334
 1704 -0.68 -0.684085 0.00238194
 1705 -0.76 -0.684129 0.00238096
 1706 -0.68 -0.684127 0.00237956
 1707 -0.52 -0.68403 0.00238011
 1708 -0.6 -0.683981 0.00237923
 1709 -0.76 -0.684026 0.00237825
 1710 -0.68 -0.684023 0.00237686
 1711 -0.6 -0.683974 0.00237598
 1712 -0.68 -0.683972 0.00237459
 1713 -0.68 -0.68397 0.0023732
 1714 -0.68 -0.683967 0.00237182
 1715 -0.76 -0.684012 0.00237085
 1716 -0.6 -0.683963 0.00236998
 1717 -0.6 -0.683914 0.0023691
 1718 -0.68 -0.683912 0.00236772
 1719 -0.84 -0.684002 0.00236808
 1720 -0.92 -0.68414 0.00237068
 1721 -0.84 -0.68423 0.00237103
 1722 -0.92 -0.684367 0.00237361
 1723 -0.84 -0.684457 0.00237395
 1724 -0.84 -0.684548 0.00237429
 1725 -0.76 -0.684591 0.00237331
 1726 -0.68 -0.684589 0.00237194
 1727 -0.6 -0.68454 0.00237107
 1728 -0.6 -0.684491 0.0023702
 1729 -0.6 -0.684442 0.00236934
 1730 -0.6 -0.684393 0.00236847
 1731 -0.68 -0.684391 0.0023671
 1732 -0.6 -0.684342 0.00236624
 1733 -0.68 -0.684339 0.00236487
 1734 -0.76 -0.684383 0.00236391
 1735 -0.6 -0.684334 0.00236305
 1736 -0.52 -0.68424 0.00236358
 1737 -0.68 -0.684237 0.00236222
 1738 -0.6 -0.684189 0.00236136
 1739 -0.52 -0.684094 0.00236189
 1740 -0.52 -0.684 0.00236242
 1741 -0.52 -0.683906 0.00236294
 1742 -0.6 -0.683858 0.00236207
 1743 -0.52 -0.683764 0.00236259
 1744 -0.68 -0.683761 0.00236123
 1745 -0.6 -0.683713 0.00236037
 1746 -0.52 -0.68362 0.00236088
 1747 -0.52 -0.683526 0.00236138
 1748 -0.6 -0.683478 0.00236052
 1749 -0.6 -0.683431 0.00235965
 1750 -0.68 -0.683429 0.0023583
 1751 -0.76 -0.683472 0.00235736
 1752 -0.84 -0.683562 0.00235771
 1753 -0.76 -0.683605 0.00235677
 1754 -0.68 -0.683603 0.00235542
 1755 -0.68 -0.683601 0.00235408
 1756 -0.76 -0.683645 0.00235314
 1757 -0.68 -0.683643 0.0023518
 1758 -0.52 -0.683549 0.00235231
 1759 -0.68 -0.683547 0.00235097
 1760 -0.6 -0.6835 0.00235011
 1761 -0.52 -0.683407 0.00235061
 1762 -0.6 -0.68336 0.00234976
 1763 -0.68 -0.683358 0.00234842
 1764 -0.76 -0.683401 0.00234749
 1765 -0.84 -0.68349 0.00234784
 1766 -0.84 -0.683579 0.00234818
 1767 -0.76 -0.683622 0.00234725
 1768 -0.84 -0.68371 0.00234759
 1769 -0.68 -0.683708 0.00234627
 1770 -0.6 -0.683661 0.00234542
 1771 -0.76 -0.683704 0.00234449
 1772 -0.68 -0.683702 0.00234317
 1773 -0.68 -0.6837 0.00234184
 1774 -0.68 -0.683698 0.00234052
 1775 -0.76 -0.683741 0.0023396
 1776 -0.68 -0.683739 0.00233828
 1777 -0.68 -0.683737 0.00233697
 1778 -0.68 -0.683735 0.00233565
 1779 -0.68 -0.683732 0.00233434
 1780 -0.68 -0.68373 0.00233303
 1781 -0.76 -0.683773 0.00233211
 1782 -0.68 -0.683771 0.00233081
 1783 -0.68 -0.683769 0.0023295
 1784 -0.6 -0.683722 0.00232867
 1785 -0.44 -0.683585 0.00233136
 1786 -0.6 -0.683539 0.00233053
 1787 -0.68 -0.683537 0.00232922
 1788 -0.68 -0.683535 0.00232792
 1789 -0.6 -0.683488 0.00232709
 1790 -0.68 -0.683486 0.00232579
 1791 -0.6 -0.683439 0.00232496
 1792 -0.52 -0.683348 0.00232545
 1793 -0.6 -0.683302 0.00232462
 1794 -0.52 -0.683211 0.0023251
 1795 -0.76 -0.683253 0.0023242
 1796 -0.6 -0.683207 0.00232337
 1797 -0.6 -0.683161 0.00232254
 1798 -0.52 -0.68307 0.00232302
 1799 -0.6 -0.683024 0.00232219
 1800 -0.68 -0.683022 0.0023209
 1801 -0.68 -0.683021 0.00231961
 1802 -0.6 -0.682974 0.00231878
 1803 -0.68 -0.682973 0.00231749
 1804 -0.6 -0.682927 0.00231666
 1805 -0.6 -0.682881 0.00231584
 1806 -0.6 -0.682835 0.00231501
 1807 -0.52 -0.682745 0.00231548
 1808 -0.6 -0.682699 0.00231465
 1809 -0.52 -0.682609 0.00231512
 1810 -0.44 -0.682475 0.00231772
 1811 -0.6 -0.68243 0.00231689
 1812 -0.52 -0.68234 0.00231734
 1813 -0.52 -0.68225 0.00231779
 1814 -0.6 -0.682205 0.00231696
 1815 -0.68 -0.682204 0.00231568
 1816 -0.6 -0.682159 0.00231485
 1817 -0.68 -0.682157 0.00231358
 1818 -0.68 -0.682156 0.0023123
 1819 -0.6 -0.682111 0.00231147
 1820 -0.52 -0.682022 0.00231192
 1821 -0.6 -0.681977 0.00231109
 1822 -0.68 -0.681976 0.00230982
 1823 -0.76 -0.682019 0.00230895
 1824 -0.6 -0.681974 0.00230812
 1825 -0.6 -0.681929 0.00230729
 1826 -0.68 -0.681928 0.00230603
 1827 -0.76 -0.68197 0.00230516
 1828 -0.76 -0.682013 0.0023043
 1829 -0.76 -0.682056 0.00230343
 1830 -0.6 -0.682011 0.00230261
 1831 -0.6 -0.681966 0.00230179
 1832 -0.6 -0.681921 0.00230097
 1833 -0.52 -0.681833 0.00230141
 1834 -0.6 -0.681788 0.00230058
 1835 -0.6 -0.681744 0.00229976
 1836 -0.52 -0.681656 0.0023002
 1837 -0.6 -0.681611 0.00229937
 1838 -0.76 -0.681654 0.00229852
 1839 -0.68 -0.681653 0.00229727
 1840 -0.6 -0.681609 0.00229645
 1841 -0.6 -0.681564 0.00229563
 1842 -0.68 -0.681564 0.00229438
 1843 -0.68 -0.681563 0.00229314
 1844 -0.52 -0.681475 0.00229357
 1845 -0.68 -0.681474 0.00229232
 1846 -0.68 -0.681473 0.00229108
 1847 -0.52 -0.681386 0.00229151
 1848 -0.44 -0.681255 0.00229399
 1849 -0.6 -0.681211 0.00229317
 1850 -0.76 -0.681254 0.00229233
 1851 -0.68 -0.681253 0.00229109
 1852 -0.68 -0.681253 0.00228985
 1853 -0.6 -0.681209 0.00228903
 1854 -0.76 -0.681251 0.00228819
 1855 -0.6 -0.681208 0.00228738
 1856 -0.6 -0.681164 0.00228657
 1857 -0.6 -0.68112 0.00228575
 1858 -0.52 -0.681033 0.00228617
 1859 -0.68 -0.681033 0.00228494
 1860 -0.68 -0.681032 0.00228371
 1861 -0.6 -0.680989 0.0022829
 1862 -0.6 -0.680945 0.00228208
 1863 -0.76 -0.680988 0.00228125
 1864 -0.6 -0.680944 0.00228044
 1865 -0.6 -0.680901 0.00227963
 1866 -0.68 -0.6809 0.00227841
 1867 -0.68 -0.6809 0.00227719
 1868 -0.68 -0.680899 0.00227597
 1869 -0.44 -0.68077 0.0022784
 1870 -0.44 -0.680642 0.00228082
 1871 -0.6 -0.680599 0.00228001
 1872 -0.6 -0.680556 0.0022792
 1873 -0.6 -0.680513 0.00227838
 1874 -0.6 -0.68047 0.00227757
 1875 -0.6 -0.680427 0.00227676
 1876 -0.52 -0.680341 0.00227716
 1877 -0.52 -0.680256 0.00227754
 1878 -0.6 -0.680213 0.00227673
 1879 -0.52 -0.680128 0.00227712
 1880 -0.44 -0.68 0.00227949
 1881 -0.44 -0.679872 0.00228185
 1882 -0.6 -0.67983 0.00228103
 1883 -0.76 -0.679873 0.00228021
 1884 -0.68 -0.679873 0.002279
 1885 -0.68 -0.679873 0.00227779
 1886 -0.6 -0.67983 0.00227698
 1887 -0.6 -0.679788 0.00227617
 1888 -0.76 -0.679831 0.00227536
 1889 -0.68 -0.679831 0.00227415
 1890 -0.84 -0.679915 0.00227453
 1891 -0.84 -0.68 0.0022749
 1892 -0.68 -0.68 0.0022737
 1893 -0.84 -0.680085 0.00227407
 1894 -0.84 -0.680169 0.00227443
 1895 -0.76 -0.680211 0.00227362
 1896 -0.76 -0.680253 0.00227281
 1897 -0.84 -0.680337 0.00227318
 1898 -0.68 -0.680337 0.00227198
 1899 -0.76 -0.680379 0.00227117
 1900 -0.68 -0.680379 0.00226997
 1901 -0.68 -0.680379 0.00226878
 1902 -0.6 -0.680336 0.00226798
 1903 -0.6 -0.680294 0.00226718
 1904 -0.44 -0.680168 0.0022695
 1905 -0.6 -0.680126 0.0022687
 1906 -0.68 -0.680126 0.00226751
 1907 -0.6 -0.680084 0.00226671
 1908 -0.44 -0.679958 0.00226901
 1909 -0.6 -0.679916 0.00226821
 1910 -0.6 -0.679874 0.00226741
 1911 -0.76 -0.679916 0.00226661
 1912 -0.76 -0.679958 0.00226581
 1913 -0.76 -0.68 0.00226501
 1914 -0.68 -0.68 0.00226383
 1915 -0.68 -0.68 0.00226265
 1916 -0.68 -0.68 0.00226146
 1917 -0.68 -0.68 0.00226028
 1918 -0.76 -0.680042 0.00225949
 1919 -0.76 -0.680083 0.0022587
 1920 -0.84 -0.680167 0.00225906
 1921 -0.68 -0.680167 0.00225788
 1922 -0.6 -0.680125 0.00225709
 1923 -0.52 -0.680042 0.00225745
 1924 -0.6 -0.68 0.00225666
 1925 -0.76 -0.680042 0.00225587
 1926 -0.68 -0.680042 0.0022547
 1927 -0.68 -0.680042 0.00225353
 1928 -0.68 -0.680041 0.00225236
 1929 -0.6 -0.68 0.00225158
 1930 -0.84 -0.680083 0.00225194
 1931 -0.76 -0.680124 0.00225115
 1932 -0.76 -0.680166 0.00225036
 1933 -0.76 -0.680207 0.00224958
 1934 -0.6 -0.680165 0.0022488
 1935 -0.68 -0.680165 0.00224764
 1936 -0.6 -0.680124 0.00224686
 1937 -0.68 -0.680124 0.0022457
 1938 -0.68 -0.680124 0.00224454
 1939 -0.68 -0.680124 0.00224338
 1940 -0.6 -0.680082 0.0022426
 1941 -0.52 -0.68 0.00224296
 1942 -0.68 -0.68 0.00224181
 1943 -0.76 -0.680041 0.00224103
 1944 -0.68 -0.680041 0.00223988
 1945 -0.76 -0.680082 0.0022391
 1946 -0.6 -0.680041 0.00223833
 1947 -0.36 -0.679877 0.00224321
 1948 -0.52 -0.679795 0.00224356
 1949 -0.44 -0.679672 0.00224578
 1950 -0.68 -0.679672 0.00224463
 1951 -0.68 -0.679672 0.00224348
 1952 -0.76 -0.679713 0.00224271
 1953 -0.68 -0.679713 0.00224156
 1954 -0.84 -0.679795 0.00224191
 1955 -0.84 -0.679877 0.00224227
 1956 -0.84 -0.679959 0.00224261
 1957 -0.68 -0.679959 0.00224147
 1958 -0.76 -0.68 0.00224069
 1959 -0.76 -0.680041 0.00223992
 1960 -0.52 -0.679959 0.00224027
 1961 -0.68 -0.679959 0.00223913
 1962 -0.6 -0.679918 0.00223836
 1963 -0.6 -0.679878 0.00223759
 1964 -0.68 -0.679878 0.00223645
 1965 -0.76 -0.679919 0.00223568
 1966 -0.68 -0.679919 0.00223454
 1967 -0.76 -0.679959 0.00223378
 1968 -0.84 -0.680041 0.00223412
 1969 -0.84 -0.680122 0.00223446
 1970 -0.68 -0.680122 0.00223333
 1971 -0.6 -0.680081 0.00223257
 1972 -0.6 -0.680041 0.0022318
 1973 -0.76 -0.680081 0.00223104
 1974 -0.84 -0.680162 0.00223138
 1975 -0.84 -0.680243 0.00223172
 1976 -0.68 -0.680243 0.00223059
 1977 -0.68 -0.680243 0.00222946
 1978 -0.68 -0.680243 0.00222833
 1979 -0.68 -0.680243 0.00222721
 1980 -0.6 -0.680202 0.00222645
 1981 -0.68 -0.680202 0.00222533
 1982 -0.68 -0.680202 0.0022242
 1983 -0.68 -0.680202 0.00222308
 1984 -0.68 -0.680202 0.00222196
 1985 -0.68 -0.680202 0.00222084
 1986 -0.68 -0.680201 0.00221972
 1987 -0.6 -0.680161 0.00221897
 1988 -0.6 -0.680121 0.00221822
 1989 -0.44 -0.68 0.00222039
 1990 -0.52 -0.67992 0.00222073
 1991 -0.6 -0.679879 0.00221998
 1992 -0.68 -0.67988 0.00221886
 1993 -0.68 -0.67988 0.00221775
 1994 -0.76 -0.67992 0.002217
 1995 -0.76 -0.67996 0.00221625
 1996 -0.6 -0.67992 0.0022155
 1997 -0.68 -0.67992 0.00221439
 1998 -0.6 -0.67988 0.00221365
 1999 -0.68 -0.67988 0.00221254
 2000 -0.68 -0.67988 0.00221143
