0.999912 0
1.00024 0.000328407
0.999585 0.000682626
1.00101 0.00150027
1.00039 0.00131386
1.00037 0.0010731
0.999962 0.000992679
1.00073 0.00115317
1.00045 0.00105557
1.00094 0.00106302
1.00127 0.00101872
1.00108 0.000949529
1.00112 0.000874504
1.00115 0.000810111
1.00104 0.000762709
1.00054 0.000867804
1.00067 0.000825145
1.00077 0.000784756
1.00081 0.000743151
1.00083 0.000705376
1.00135 0.000849049
1.00152 0.000827413
1.0014 0.000800847
1.00123 0.0007852
1.00137 0.000766273
1.00125 0.00074576
1.00112 0.000728492
1.00099 0.00071518
1.00149 0.00085239
1.00162 0.000834633
1.00173 0.000814324
1.00166 0.000791712
1.0016 0.000769706
1.00146 0.000759056
1.00147 0.000737067
1.00118 0.000772098
1.00102 0.000767508
1.00095 0.000750163
1.00111 0.00074765
1.00121 0.000735194
1.00106 0.000732046
1.00094 0.000725157
1.00069 0.000749948
1.00077 0.000737282
1.00078 0.000720782
1.00073 0.000706679
1.0007 0.000692075
1.00064 0.00068076
1.0007 0.000669491
1.00077 0.000660241
1.00075 0.000647425
1.00075 0.000634915
1.00062 0.000636206
1.00057 0.000625951
1.00055 0.000614762
1.00056 0.000603777
1.00057 0.000593119
1.00037 0.000614882
1.00033 0.000605552
1.00042 0.000601051
1.00043 0.000591197
1.00039 0.000582603
1.00048 0.000580128
1.00057 0.000578673
1.00055 0.000570326
1.00061 0.000564546
1.00064 0.000556877
1.00052 0.000560603
1.00053 0.000552564
1.00046 0.000549013
1.00056 0.000549332
1.00049 0.000545667
1.0004 0.000545646
1.00036 0.000539991
1.00036 0.000532776
1.00032 0.000527277
1.00025 0.000525002
1.00022 0.000519535
1.00027 0.000515173
1.00024 0.000509323
1.00033 0.000511355
1.00025 0.000511326
1.0002 0.000507888
1.00011 0.000510509
1.00022 0.000517588
1.00019 0.000512576
1.00015 0.000507993
1.0002 0.000504705
1.00023 0.000499682
1.00024 0.000494339
1.00023 0.000488957
1.00018 0.00048676
1.0001 0.000488382
1.00017 0.000488613
1.00015 0.000483977
1.00019 0.00048111
1.00017 0.000476608
1.00017 0.000471753
1.0002 0.000468197
1.00016 0.000465019
