0.976496 0
0.985353 0.00885695
0.991653 0.00811391
0.987794 0.00691456
0.996706 0.0103975
0.99922 0.00885391
0.997614 0.00765332
0.994657 0.00725768
0.99364 0.0064809
0.994718 0.00589614
0.995691 0.0054212
0.998844 0.00586831
1.00155 0.00603722
1.00277 0.00572131
1.00261 0.00532857
1.00217 0.00500428
1.00241 0.00470717
1.00096 0.00466981
1.00041 0.00445125
1.00058 0.00422619
1.00059 0.00401992
1.00089 0.00384479
1.0008 0.00367489
0.999406 0.00378442
0.998987 0.003654
0.998944 0.00351092
0.998575 0.00339845
0.998566 0.00327484
0.998236 0.00317706
0.998646 0.00309653
0.997746 0.00312722
0.997456 0.00304177
0.996778 0.00302511
0.996981 0.0029418
0.997477 0.00289922
0.997692 0.00282572
0.997311 0.00277455
0.997462 0.00270477
0.997433 0.00263467
0.997135 0.00258514
0.997819 0.00261247
0.998101 0.00256503
0.997823 0.00252002
0.997545 0.00247778
0.997576 0.0024223
0.9975 0.00237027
0.99728 0.00232977
0.997347 0.0022817
0.997601 0.00224909
0.997344 0.00221864
0.997738 0.00221012
0.9977 0.00216753
0.997721 0.00212635
0.998007 0.00210607
0.997586 0.00210985
0.997602 0.00207189
0.997255 0.00206456
0.997564 0.00205201
0.997573 0.00201695
0.997691 0.00198652
0.997456 0.0019677
0.997743 0.00195685
0.997754 0.00192556
0.997648 0.00189819
0.997494 0.00187511
0.997415 0.00184817
0.997145 0.00184026
0.997092 0.00181377
0.997441 0.00182096
0.997399 0.00179525
0.997297 0.0017727
0.997396 0.00175068
0.9972 0.00173756
0.997427 0.00172881
0.997524 0.00170837
0.997975 0.00174499
0.997883 0.00172463
0.998264 0.00174457
0.998397 0.00172745
0.998299 0.0017085
0.998132 0.00169555
0.99827 0.00168042
0.998372 0.00166317
0.998073 0.00167029
0.997885 0.0016611
0.998 0.00164568
0.998199 0.00163876
0.998475 0.00164338
0.998487 0.00162485
0.99837 0.00161095
0.998045 0.00162601
0.997863 0.00161845
0.997827 0.00160135
0.997659 0.00159312
0.997766 0.00157989
0.99777 0.00156335
0.997555 0.00156204
0.997531 0.00154621
0.997428 0.00153394
0.997298 0.0015241
