 1 0.29125 0.29125 0
 2 0.327738 0.309494 0.018244
 3 0.279398 0.299462 0.0145461
 4 0.242892 0.28532 0.0174873
 5 0.308886 0.290033 0.0143422
 6 0.298716 0.29148 0.0117994
 7 0.241278 0.284308 0.0122834
 8 0.222258 0.276552 0.0131651
 9 0.33884 0.283473 0.0135168
 10 0.274294 0.282555 0.0121246
 11 0.279308 0.28226 0.0109711
 12 0.22534 0.277517 0.0110816
 13 0.33819 0.282184 0.0112113
 14 0.286376 0.282483 0.0103839
 15 0.305666 0.284029 0.00978969
 16 0.312458 0.285806 0.00932821
 17 0.282988 0.28564 0.00876389
 18 0.316006 0.287327 0.00843314
 19 0.307748 0.288402 0.00804903
 20 0.283034 0.288133 0.0076407
 21 0.229694 0.28535 0.00778231
 22 0.331282 0.287438 0.00770827
 23 0.322882 0.288979 0.00752499
 24 0.270732 0.288219 0.00724463
 25 0.255746 0.28692 0.00706917
 26 0.255708 0.28572 0.00689711
 27 0.29412 0.286031 0.00664404
 28 0.266676 0.285339 0.00643956
 29 0.302404 0.285928 0.00624134
 30 0.287842 0.285992 0.00603005
 1 0.293224 0.293224 0
 2 0.289078 0.291151 0.002073
 3 0.352668 0.311657 0.0205406
 4 0.283304 0.304569 0.0161617
 5 0.296698 0.302994 0.0126173
 6 0.297896 0.302145 0.010337
 7 0.310094 0.30328 0.00880986
 8 0.318344 0.305163 0.00785849
 9 0.271158 0.301385 0.00789356
 10 0.214612 0.292708 0.0111867
 11 0.237872 0.287723 0.0112801
 12 0.307724 0.289389 0.0104313
 13 0.32919 0.292451 0.010072
 14 0.319402 0.294376 0.00952146
 15 0.315712 0.295798 0.0089774
 16 0.28223 0.29495 0.0084403
 17 0.269108 0.29343 0.0080727
 18 0.315604 0.294662 0.00771006
 19 0.278388 0.293806 0.00734311
 20 0.3232 0.295275 0.00711964
 21 0.224228 0.291892 0.00757019
 22 0.293168 0.29195 0.00721813
 23 0.361602 0.294978 0.00753271
 24 0.252248 0.293198 0.00742854
 25 0.20818 0.289797 0.00789515
 26 0.276544 0.289288 0.00760252
 27 0.284666 0.289116 0.00731753
 28 0.288224 0.289084 0.00705142
 29 0.32021 0.290158 0.00688806
 30 0.322394 0.291232 0.0067407
