1 -0.451577 -0.451577 0
2 -0.455925 -0.453751 0.00153723
3 -0.463067 -0.456856 0.00273489
4 -0.413966 -0.446134 0.00950988
5 -0.45497 -0.447901 0.00777038
6 -0.445127 -0.447439 0.00648905
7 -0.436617 -0.445893 0.00574325
8 -0.455158 -0.447051 0.0051408
9 -0.393321 -0.441081 0.00724995
10 -0.427766 -0.439749 0.00664609
11 -0.437251 -0.439522 0.00604578
12 -0.438032 -0.439398 0.00554325
13 -0.428857 -0.438587 0.00517581
14 -0.449344 -0.439355 0.0048628
15 -0.465659 -0.441109 0.00484448
16 -0.479559 -0.443512 0.00510304
17 -0.398334 -0.440855 0.00545109
18 -0.461216 -0.441986 0.00526431
19 -0.443055 -0.442042 0.00498754
20 -0.430095 -0.441445 0.00477381
21 -0.432951 -0.44104 0.00456358
22 -0.430268 -0.440551 0.00438234
23 -0.434029 -0.440267 0.00420097
24 -0.443527 -0.440403 0.00402812
25 -0.47238 -0.441682 0.00406501
26 -0.449951 -0.442 0.00392108
27 -0.441332 -0.441975 0.00377593
28 -0.482045 -0.443406 0.00390285
29 -0.412354 -0.442335 0.0039124
30 -0.437443 -0.442172 0.00378538
31 -0.461619 -0.4428 0.00371489
32 -0.387975 -0.441086 0.00397428
33 -0.400374 -0.439853 0.0040408
34 -0.468075 -0.440683 0.00400631
35 -0.444735 -0.440799 0.00389351
36 -0.461034 -0.441361 0.00382572
37 -0.431216 -0.441086 0.00373213
38 -0.455992 -0.441479 0.00365447
39 -0.429091 -0.441161 0.00357455
40 -0.4233 -0.440715 0.00351296
41 -0.466268 -0.441338 0.00348213
42 -0.464376 -0.441886 0.00344215
43 -0.451569 -0.442112 0.00336946
44 -0.43017 -0.44184 0.00330379
45 -0.444384 -0.441897 0.00323086
46 -0.452217 -0.442121 0.0031684
47 -0.428921 -0.44184 0.00311341
48 -0.465225 -0.442327 0.00308643
49 -0.427237 -0.442019 0.00303877
50 -0.443039 -0.44204 0.00297806
51 -0.458961 -0.442372 0.0029381
52 -0.445396 -0.44243 0.00288217
53 -0.429051 -0.442177 0.00283882
54 -0.386472 -0.441146 0.00296777
55 -0.436559 -0.441062 0.00291498
56 -0.41639 -0.440622 0.00289603
57 -0.441439 -0.440636 0.00284526
58 -0.43822 -0.440594 0.0027965
59 -0.440984 -0.440601 0.00274911
60 -0.447002 -0.440708 0.00270536
61 -0.417611 -0.440329 0.00268738
62 -0.459684 -0.440641 0.00266211
63 -0.418935 -0.440297 0.00264205
64 -0.466846 -0.440712 0.00263314
65 -0.426433 -0.440492 0.00260177
66 -0.455367 -0.440717 0.0025721
67 -0.452182 -0.440888 0.00253939
68 -0.422715 -0.440621 0.00251607
69 -0.451772 -0.440783 0.00248479
70 -0.309418 -0.438906 0.00307742
71 -0.423248 -0.438686 0.00304196
72 -0.445598 -0.438782 0.00300123
73 -0.436511 -0.43875 0.00296028
74 -0.42311 -0.438539 0.00292781
75 -0.455038 -0.438759 0.00289702
76 -0.434539 -0.438704 0.00285944
77 -0.424501 -0.438519 0.00282824
78 -0.453593 -0.438712 0.00279858
79 -0.420616 -0.438483 0.00277251
80 -0.454673 -0.438686 0.00274523
81 -0.390733 -0.438094 0.00277444
82 -0.45008 -0.43824 0.00274445
83 -0.409628 -0.437895 0.00273295
84 -0.42804 -0.437778 0.00270293
85 -0.438946 -0.437792 0.00267117
86 -0.452495 -0.437963 0.00264558
87 -0.462141 -0.43824 0.00262972
88 -0.467307 -0.438571 0.0026205
89 -0.472565 -0.438953 0.00261875
90 -0.425167 -0.4388 0.00259412
91 -0.441711 -0.438832 0.00256581
92 -0.396266 -0.438369 0.0025793
93 -0.428709 -0.438265 0.00255366
94 -0.448148 -0.43837 0.00252866
95 -0.462216 -0.438621 0.00251447
96 -0.467514 -0.438922 0.00250622
97 -0.433206 -0.438863 0.00248108
98 -0.457501 -0.439053 0.00246304
99 -0.416974 -0.43883 0.00244823
100 -0.454184 -0.438984 0.00242856
