-0.384122   0.12295   0.370057
0.227692   -0.0314212   -0.0608425
-0.316543   -0.312054   -0.285206
-0.156459   0.45339   0.497222
0.168124   -0.0708015   -0.403741
0.319871   0.471983   -0.0128765
0.138651   0.238821   0.0333264
-0.376412   0.363747   -0.344097
-0.0781951   -0.332812   -0.43299
-0.184539   0.0738227   0.00163676
-0.0446596   -0.354079   -0.0627661
0.0607261   0.412841   0.0756942
0.0292836   0.314007   0.0922082
0.436983   -0.388854   0.0707884
-0.397938   -0.196326   -0.0937451
-0.334725   -0.0818325   -0.346395
0.365293   -0.194699   0.496425
-0.448869   0.121095   0.199412
0.157261   0.487988   -0.078285
0.412371   0.484236   -0.488502
-0.322638   -0.190203   -0.470275
-0.11482   0.138393   0.163507
0.499215   0.174913   -0.496209
0.326225   -0.341517   -0.141422
-0.307073   0.415033   -0.162643
0.0482491   0.117882   0.063622
-0.162919   -0.428034   0.457649
-0.267439   0.0653093   0.306278
0.466971   -0.381928   0.38379
-0.232838   0.346486   -0.356956
-0.352276   0.00077963   0.205589
0.380087   -0.226943   -0.142183
-0.289343   -0.139456   -0.167091
0.436441   0.459018   0.176387
0.0364976   -0.00652032   0.328616
-0.457599   -0.316739   -0.106153
0.366348   0.242196   0.0927242
-0.226362   -0.453953   -0.0332364
-0.33082   -0.358264   0.352875
0.298241   0.0125869   -0.324001
0.0398122   -0.300843   0.223303
0.00751391   -0.0601297   0.0741075
-0.360832   0.182848   0.0431019
0.0498088   0.355133   -0.350151
-0.242617   0.131159   0.352218
0.248724   0.137884   0.430907
-0.151048   0.400336   -0.372563
0.304249   -0.368334   0.47831
0.277041   0.138716   -0.133566
-0.451494   -0.302629   0.275244
-0.330827   0.267681   0.0232211
-0.18171   0.291475   0.431899
0.398634   0.296737   -0.300906
-0.136682   -0.0943887   -0.0822156
-0.401834   0.414479   0.464156
-0.222477   -0.412419   -0.117904
-0.421791   -0.331756   0.0952899
-0.272521   0.0145709   -0.381591
-0.106306   -0.0674452   0.326162
0.0372795   0.448275   -0.157966
0.142793   0.425746   -0.162545
0.0232447   -0.147047   -0.192613
-0.243537   0.0865155   -0.472537
0.469524   -0.36524   0.253699
-0.139322   0.242572   0.246268
0.151181   -0.362898   0.027133
0.378617   0.208484   -0.181094
0.0074976   0.0328885   -0.159792
0.0298574   0.257122   0.216857
0.467618   0.469942   0.314645
-0.121143   -0.12487   -0.346616
0.0888809   0.225853   0.295085
0.387112   0.172838   -0.0301271
0.180671   -0.152936   0.0535533
0.398221   0.120807   -0.324979
0.228186   -0.223142   -0.233051
-0.299587   0.0941246   0.101999
-0.0763974   -0.46078   -0.0662728
-0.476106   -0.199177   -0.148826
0.0641091   -0.286059   0.0986061
-0.259342   -0.2974   0.0690693
0.338581   -0.1867   -0.0607208
-0.0340143   0.322984   0.211832
-0.242115   -0.214188   0.185375
0.110113   0.139009   -0.0251481
-0.322987   0.0680793   0.438718
-0.351576   0.443089   -0.293225
0.487963   -0.453928   -0.235335
-0.299993   -0.371236   0.0493106
0.450857   0.356237   0.142549
-0.441726   0.137356   -0.370195
-0.387687   0.205586   0.464001
-0.179508   -0.452596   0.281615
0.0914429   -0.347494   -0.0291163
-0.0273966   -0.00461351   -0.336408
0.282474   0.123943   -0.0321856
0.385315   -0.465047   0.183743
-0.425743   0.158945   -0.00478136
-0.131981   -0.10912   0.110868
-0.474345   -0.193439   -0.0159977
0.0309667   -0.0287502   0.152429
-0.312979   0.352618   0.209124
-0.25467   0.39014   -0.059495
0.346596   -0.0630352   -0.439946
-0.0426483   -0.361988   0.297124
0.382104   -0.0280624   -0.0348785
-0.270826   0.332637   -0.247366
0.18965   0.258068   -0.0356186
