0.464974   0.250926   -0.246608
-0.296298   0.365397   0.0355013
-0.429204   0.416635   -0.135651
-0.0852982   -0.367376   -0.22311
-0.0970098   -0.0326899   0.0514373
0.412733   -0.18278   -0.180879
0.0779113   -0.382446   0.415214
-0.0876107   -0.479729   0.341879
0.275321   0.277485   -0.282517
-0.209111   -0.241671   -0.327933
0.203453   -0.310099   -0.351096
-0.222177   -0.139157   0.476471
0.445438   0.165262   0.295469
-0.39207   -0.198143   -0.401133
-0.448468   -0.434881   -0.000101193
-0.425652   -0.0183403   -0.146328
-0.267723   -0.37277   0.345902
0.0189987   0.130173   0.117678
-0.283894   -0.130287   0.046799
0.401602   0.440514   -0.25348
0.182679   -0.168312   -0.19971
0.421315   0.418901   -0.465579
0.414502   0.200959   -0.435406
0.1733   -0.178792   0.487366
0.180236   0.246343   -0.428663
-0.11195   0.0782314   0.377821
0.485235   -0.071175   0.0151488
-0.146036   0.175025   -0.205773
0.0299648   0.449633   -0.112804
0.287987   -0.118233   -0.35467
-0.424691   0.0100369   0.212515
0.0526971   0.184846   0.311436
0.105024   0.313211   0.0238337
0.0609563   -0.179998   0.033748
0.246447   0.104285   0.348434
0.0433284   0.390154   0.42956
-0.395784   0.233211   -0.080685
-0.300611   -0.324546   0.12598
0.253344   -0.272313   -0.0239645
0.112132   -0.0305228   0.214767
0.360838   0.0187202   -0.102299
-0.0751108   0.305928   -0.0494605
-0.384814   -0.20249   0.26185
-0.164746   -0.490026   -0.05384
0.152407   -0.446081   0.224369
0.327769   -0.377649   -0.196201
0.391142   0.0165952   -0.49004
0.0447261   0.31018   -0.27938
0.057481   0.362736   0.220972
0.422275   -0.205377   0.467671
0.0896949   0.0618154   -0.299337
-0.25809   -0.403426   -0.421859
-0.30392   -0.243436   -0.138079
0.164031   0.18036   -0.133198
0.0221408   0.0512533   -0.0942271
-0.24994   0.408521   0.306196
-0.126063   -0.278396   -0.028928
0.302604   0.0821498   -0.292141
-0.125265   0.425268   -0.220625
-0.4918   -0.0159109   -0.340536
0.0171199   -0.0947393   0.396662
-0.124791   0.274844   0.382057
0.476172   0.363228   0.0525003
0.0512978   -0.444368   -0.378212
-0.113958   0.0567425   -0.393278
-0.131933   0.404896   -0.449127
0.187932   0.455387   -0.246084
-0.138838   -0.497773   0.144312
-0.0399732   -0.143629   -0.130337
0.299671   -0.123648   0.108164
0.203875   0.460804   -0.45134
-0.35403   0.125663   -0.25035
0.408361   -0.358583   -0.377443
-0.0493718   -0.298178   0.227052
-0.286288   -0.4396   -0.20796
0.486379   -0.28834   0.119059
0.225772   -0.481709   -0.026484
-0.378695   0.384601   0.495519
-0.427792   0.490809   -0.331948
0.26465   0.389871   0.126773
0.352208   -0.420434   0.197595
0.474417   0.383495   0.285572
0.0399692   -0.410564   0.0700706
-0.429727   -0.431291   0.470224
0.361704   0.0420543   0.168234
0.443121   0.158961   0.0425997
-0.111237   -0.315323   0.4606
-0.221781   -0.0320548   -0.218036
-0.411525   -0.456022   0.211027
0.270905   0.367906   0.369182
-0.41811   0.165053   0.452394
-0.0500642   0.236162   -0.45268
0.155298   -0.241026   0.225083
0.303731   0.322053   -0.0734973
0.120298   -0.332713   -0.159964
0.210768   0.173844   0.140682
-0.405569   -0.0679749   0.417515
-0.248526   0.277686   -0.354006
-0.149344   0.268399   0.177684
-0.229754   0.00980315   0.196555
0.168257   0.0200459   -0.495593
-0.480587   -0.351476   -0.187177
-0.0356971   -0.137914   -0.423413
-0.303562   0.00961567   -0.417268
-0.38006   0.241291   0.238088
0.33643   -0.427746   0.411841
-0.233194   0.0863127   -0.0341002
0.414719   -0.152124   0.279482
