 1 -0.6 -0.6 0
 2 -0.52 -0.56 0.04
 3 -0.52 -0.546667 0.0266667
 4 -0.68 -0.58 0.0382971
 5 -0.68 -0.6 0.0357771
 6 -0.6 -0.6 0.0292119
 7 -0.6 -0.6 0.0246885
 8 -0.6 -0.6 0.0213809
 9 -0.52 -0.591111 0.0208463
 10 -0.6 -0.592 0.0186667
 11 -0.6 -0.592727 0.0169003
 12 -0.36 -0.573333 0.0247819
 13 -0.44 -0.563077 0.024997
 14 -0.6 -0.565714 0.0232926
 15 -0.52 -0.562667 0.0218973
 16 -0.68 -0.57 0.0217562
 17 -0.6 -0.571765 0.0205125
 18 -0.52 -0.568889 0.019552
 19 -0.6 -0.570526 0.0185667
 20 -0.6 -0.572 0.0176754
 21 -0.68 -0.577143 0.0175817
 22 -0.68 -0.581818 0.0174032
 23 -0.68 -0.586087 0.0171685
 24 -0.84 -0.596667 0.019548
 25 -0.6 -0.5968 0.0187503
 26 -0.68 -0.6 0.0182967
 27 -0.76 -0.605926 0.0185765
 28 -0.76 -0.611429 0.0187275
 29 -0.52 -0.608276 0.0183431
 30 -0.52 -0.605333 0.0179638
 31 -0.6 -0.605161 0.0173755
 32 -0.52 -0.6025 0.0170329
 33 -0.76 -0.607273 0.0171848
 34 -0.6 -0.607059 0.0166731
 35 -0.76 -0.611429 0.016769
 36 -0.68 -0.613333 0.0164075
 37 -0.76 -0.617297 0.0164429
 38 -0.76 -0.621053 0.016439
 39 -0.84 -0.626667 0.0169676
 40 -0.84 -0.632 0.0173767
 41 -0.76 -0.635122 0.0172327
 42 -0.68 -0.63619 0.0168513
 43 -0.6 -0.635349 0.0164763
 44 -0.6 -0.634545 0.0161175
 45 -0.6 -0.633778 0.0157739
 46 -0.6 -0.633043 0.0154447
 47 -0.68 -0.634043 0.0151455
 48 -0.68 -0.635 0.0148575
 49 -0.68 -0.635918 0.0145801
 50 -0.6 -0.6352 0.0143035
 51 -0.6 -0.63451 0.0140372
 52 -0.76 -0.636923 0.0139746
 53 -0.6 -0.636226 0.0137261
 54 -0.68 -0.637037 0.0134939
 55 -0.52 -0.634909 0.0134161
 56 -0.68 -0.635714 0.0131989
 57 -0.6 -0.635088 0.0129804
 58 -0.6 -0.634483 0.012769
 59 -0.68 -0.635254 0.0125744
 60 -0.68 -0.636 0.0123855
 61 -0.44 -0.632787 0.0125974
 62 -0.52 -0.630968 0.0125254
 63 -0.6 -0.630476 0.0123348
 64 -0.36 -0.62625 0.0128551
 65 -0.36 -0.622154 0.0133021
 66 -0.44 -0.619394 0.0133866
 67 -0.36 -0.615522 0.013742
 68 -0.52 -0.614118 0.013611
 69 -0.52 -0.612754 0.0134815
 70 -0.44 -0.610286 0.0135148
 71 -0.36 -0.606761 0.0137815
 72 -0.28 -0.602222 0.0143266
 73 -0.52 -0.601096 0.0141738
 74 -0.6 -0.601081 0.013981
 75 -0.52 -0.6 0.0138356
 76 -0.36 -0.596842 0.0140128
 77 -0.44 -0.594805 0.0139788
 78 -0.44 -0.592821 0.0139404
 79 -0.52 -0.591899 0.0137937
 80 -0.6 -0.592 0.0136205
 81 -0.6 -0.592099 0.0134517
 82 -0.6 -0.592195 0.013287
 83 -0.68 -0.593253 0.0131685
 84 -0.68 -0.594286 0.0130517
 85 -0.68 -0.595294 0.0129366
 86 -0.6 -0.595349 0.0127854
 87 -0.68 -0.596322 0.012675
 88 -0.6 -0.596364 0.0125302
 89 -0.52 -0.595506 0.0124183
 90 -0.52 -0.594667 0.0123082
 91 -0.36 -0.592088 0.0124423
 92 -0.52 -0.591304 0.0123312
 93 -0.36 -0.588817 0.0124489
 94 -0.52 -0.588085 0.0123375
 95 -0.6 -0.588211 0.0122076
 96 -0.6 -0.588333 0.0120804
 97 -0.6 -0.588454 0.0119558
 98 -0.44 -0.586939 0.0119297
 99 -0.68 -0.587879 0.011846
 100 -0.52 -0.5872 0.0117465
 101 -0.44 -0.585743 0.0117206
 102 -0.6 -0.585882 0.011606
 103 -0.52 -0.585243 0.0115105
 104 -0.36 -0.583077 0.0116033
 105 -0.6 -0.583238 0.0114933
 106 -0.52 -0.582642 0.0114
 107 -0.68 -0.583551 0.0113296
 108 -0.52 -0.582963 0.0112396
 109 -0.68 -0.583853 0.0111715
 110 -0.68 -0.584727 0.011104
 111 -0.68 -0.585586 0.0110369
 112 -0.6 -0.585714 0.0109387
 113 -0.68 -0.586549 0.0108735
 114 -0.68 -0.587368 0.0108088
 115 -0.52 -0.586783 0.0107304
 116 -0.52 -0.586207 0.0106531
 117 -0.36 -0.584274 0.0107371
 118 -0.68 -0.585085 0.0106766
 119 -0.6 -0.58521 0.0105873
 120 -0.6 -0.585333 0.0104994
 121 -0.84 -0.587438 0.0106228
 122 -0.76 -0.588852 0.0106299
 123 -0.76 -0.590244 0.0106346
 124 -0.84 -0.592258 0.010739
 125 -0.76 -0.5936 0.010737
 126 -0.76 -0.594921 0.010733
 127 -0.68 -0.595591 0.0106692
 128 -0.6 -0.595625 0.0105856
 129 -0.68 -0.596279 0.0105235
 130 -0.6 -0.596308 0.0104423
 131 -0.68 -0.596947 0.010382
 132 -0.68 -0.597576 0.0103222
 133 -0.68 -0.598195 0.010263
 134 -0.6 -0.598209 0.0101862
 135 -0.6 -0.598222 0.0101104
 136 -0.6 -0.598235 0.0100358
 137 -0.52 -0.597664 0.00997865
 138 -0.6 -0.597681 0.00990609
 139 -0.52 -0.597122 0.00985043
 140 -0.28 -0.594857 0.0100387
 141 -0.52 -0.594326 0.00998139
 142 -0.44 -0.593239 0.00997026
 143 -0.44 -0.592168 0.00995812
 144 -0.44 -0.591111 0.00994503
 145 -0.52 -0.590621 0.00988837
 146 -0.52 -0.590137 0.00983231
 147 -0.6 -0.590204 0.00976543
 148 -0.76 -0.591351 0.00976684
 149 -0.76 -0.592483 0.00976688
 150 -0.76 -0.5936 0.00976561
 151 -0.68 -0.594172 0.00971758
 152 -0.84 -0.595789 0.00978798
 153 -0.76 -0.596863 0.00978285
 154 -0.44 -0.595844 0.00977234
 155 -0.68 -0.596387 0.00972426
 156 -0.6 -0.59641 0.00966175
 157 -0.6 -0.596433 0.00960004
 158 -0.6 -0.596456 0.00953912
 159 -0.44 -0.595472 0.00952987
 160 -0.28 -0.5935 0.0096732
 161 -0.44 -0.592547 0.00966009
 162 -0.36 -0.591111 0.009707
 163 -0.44 -0.590184 0.00969171
 164 -0.6 -0.590244 0.00963262
 165 -0.6 -0.590303 0.00957424
 166 -0.6 -0.590361 0.00951657
 167 -0.6 -0.590419 0.00945959
 168 -0.68 -0.590952 0.00941822
 169 -0.52 -0.590533 0.00937173
 170 -0.6 -0.590588 0.00931661
 171 -0.52 -0.590175 0.00927116
 172 -0.6 -0.590233 0.00921728
 173 -0.6 -0.590289 0.00916402
 174 -0.68 -0.590805 0.00912577
 175 -0.52 -0.5904 0.00908249
 176 -0.68 -0.590909 0.00904508
 177 -0.76 -0.591864 0.00904443
 178 -0.6 -0.59191 0.00899359
 179 -0.6 -0.591955 0.00894332
 180 -0.68 -0.592444 0.00890693
 181 -0.6 -0.592486 0.00885769
 182 -0.6 -0.592527 0.00880898
 183 -0.68 -0.593005 0.00877374
 184 -0.6 -0.593043 0.00872601
 185 -0.52 -0.592649 0.00868769
 186 -0.68 -0.593118 0.00865361
 187 -0.76 -0.594011 0.00865335
 188 -0.76 -0.594894 0.00865236
 189 -0.6 -0.594921 0.00860651
 190 -0.68 -0.595368 0.00857279
 191 -0.68 -0.595812 0.00853929
 192 -0.76 -0.596667 0.00853764
 193 -0.44 -0.595855 0.00853199
 194 -0.52 -0.595464 0.00849689
 195 -0.6 -0.595487 0.00845324
 196 -0.68 -0.595918 0.00842105
 197 -0.68 -0.596345 0.00838906
 198 -0.52 -0.59596 0.00835548
 199 -0.52 -0.595578 0.00832215
 200 -0.68 -0.596 0.00829118
 201 -0.68 -0.596418 0.00826041
 202 -0.6 -0.596436 0.00821943
 203 -0.68 -0.596847 0.0081892
 204 -0.52 -0.596471 0.00815766
 205 -0.76 -0.597268 0.00815686
 206 -0.68 -0.59767 0.0081271
 207 -0.6 -0.597681 0.00808775
 208 -0.6 -0.597692 0.00804878
 209 -0.68 -0.598086 0.00801985
 210 -0.52 -0.597714 0.00799023
 211 -0.68 -0.598104 0.00796183
 212 -0.84 -0.599245 0.00800591
 213 -0.84 -0.600376 0.008048
 214 -0.68 -0.600748 0.00801894
 215 -0.76 -0.601488 0.00801586
 216 -0.6 -0.601481 0.00797866
 217 -0.52 -0.601106 0.00795068
 218 -0.44 -0.600367 0.00794855
 219 -0.6 -0.600365 0.00791218
 220 -0.6 -0.600364 0.00787613
 221 -0.6 -0.600362 0.00784041
 222 -0.52 -0.6 0.0078134
 223 -0.44 -0.599283 0.00781131
 224 -0.68 -0.599643 0.0077847
 225 -0.6 -0.599644 0.00775003
 226 -0.68 -0.6 0.00772385
 227 -0.68 -0.600352 0.00769782
 228 -0.6 -0.600351 0.00766398
 229 -0.68 -0.600699 0.00763836
 230 -0.6 -0.600696 0.00760508
 231 -0.68 -0.601039 0.00757987
 232 -0.52 -0.60069 0.0075552
 233 -0.6 -0.600687 0.00752271
 234 -0.6 -0.600684 0.00749049
 235 -0.68 -0.601021 0.00746618
 236 -0.68 -0.601356 0.00744201
 237 -0.6 -0.60135 0.00741054
 238 -0.52 -0.601008 0.00738725
 239 -0.52 -0.600669 0.00736408
 240 -0.44 -0.6 0.00736383
 241 -0.6 -0.6 0.00733321
 242 -0.52 -0.599669 0.00731032
 243 -0.52 -0.599342 0.00728755
 244 -0.6 -0.599344 0.00725763
 245 -0.76 -0.6 0.00725763
 246 -0.68 -0.600325 0.00723538
 247 -0.68 -0.600648 0.00721324
 248 -0.6 -0.600645 0.00718409
 249 -0.6 -0.600643 0.00715519
 250 -0.68 -0.60096 0.00713357
 251 -0.76 -0.601594 0.00713329
 252 -0.6 -0.601587 0.00710493
 253 -0.6 -0.601581 0.0070768
 254 -0.76 -0.602205 0.00707642
 255 -0.68 -0.60251 0.00705521
 256 -0.68 -0.602813 0.00703412
 257 -0.68 -0.603113 0.00701313
 258 -0.68 -0.603411 0.00699224
 259 -0.68 -0.603707 0.00697147
 260 -0.6 -0.603692 0.00694462
 261 -0.6 -0.603678 0.00691797
 262 -0.68 -0.603969 0.00689767
 263 -0.52 -0.60365 0.00687881
 264 -0.6 -0.603636 0.00685272
 265 -0.76 -0.604226 0.00685226
 266 -0.6 -0.604211 0.00682647
 267 -0.6 -0.604195 0.00680087
 268 -0.6 -0.604179 0.00677547
 269 -0.68 -0.604461 0.00675612
 270 -0.6 -0.604444 0.00673107
 271 -0.6 -0.604428 0.0067062
 272 -0.6 -0.604412 0.00668152
 273 -0.28 -0.603223 0.00676223
 274 -0.6 -0.603212 0.00673752
 275 -0.6 -0.6032 0.00671298
 276 -0.68 -0.603478 0.0066944
 277 -0.52 -0.603177 0.006677
 278 -0.52 -0.602878 0.00665966
 279 -0.6 -0.602867 0.00663575
 280 -0.6 -0.602857 0.00661202
 281 -0.36 -0.601993 0.00664489
 282 -0.52 -0.601702 0.00662767
 283 -0.68 -0.601979 0.00661
 284 -0.44 -0.601408 0.00661133
 285 -0.6 -0.601404 0.0065881
 286 -0.6 -0.601399 0.00656502
 287 -0.44 -0.600836 0.00656623
 288 -0.52 -0.600556 0.00654941
 289 -0.52 -0.600277 0.00653266
 290 -0.6 -0.600276 0.00651009
 291 -0.6 -0.600275 0.00648768
 292 -0.6 -0.600274 0.00646543
 293 -0.44 -0.599727 0.0064665
 294 -0.6 -0.599728 0.00644447
 295 -0.52 -0.599458 0.00642827
 296 -0.68 -0.59973 0.00641229
 297 -0.76 -0.600269 0.00641341
 298 -0.52 -0.6 0.00639752
 299 -0.6 -0.6 0.00637609
 300 -0.44 -0.599467 0.00637714
 301 -0.36 -0.598671 0.00640552
 302 -0.44 -0.598146 0.00640585
 303 -0.44 -0.597624 0.00640598
 304 -0.52 -0.597368 0.00638997
 305 -0.52 -0.597115 0.00637404
 306 -0.52 -0.596863 0.00635817
 307 -0.44 -0.596352 0.00635799
 308 -0.68 -0.596623 0.00634313
 309 -0.52 -0.596375 0.00632743
 310 -0.44 -0.595871 0.00632713
 311 -0.44 -0.59537 0.00632663
 312 -0.52 -0.595128 0.00631095
 313 -0.44 -0.594633 0.00631024
 314 -0.52 -0.594395 0.00629461
 315 -0.52 -0.594159 0.00627903
 316 -0.52 -0.593924 0.00626353
 317 -0.36 -0.593186 0.0062872
 318 -0.6 -0.593208 0.00626743
 319 -0.36 -0.592476 0.00629038
 320 -0.44 -0.592 0.00628877
 321 -0.52 -0.591776 0.00627316
 322 -0.44 -0.591304 0.00627138
 323 -0.52 -0.591084 0.00625583
 324 -0.6 -0.591111 0.00623656
 325 -0.36 -0.5904 0.00625787
 326 -0.2 -0.589202 0.00635254
 327 -0.36 -0.588502 0.00637176
 328 -0.52 -0.588293 0.00635573
 329 -0.6 -0.588328 0.00633649
 330 -0.68 -0.588606 0.00632336
 331 -0.68 -0.588882 0.00631027
 332 -0.68 -0.589157 0.00629722
 333 -0.52 -0.588949 0.00628171
 334 -0.44 -0.588503 0.00627874
 335 -0.6 -0.588537 0.00626006
 336 -0.68 -0.58881 0.00624733
 337 -0.6 -0.588843 0.00622886
 338 -0.52 -0.588639 0.00621374
 339 -0.44 -0.588201 0.00621088
 340 -0.28 -0.587294 0.00625858
 341 -0.6 -0.587331 0.00624031
 342 -0.36 -0.586667 0.00625744
 343 -0.44 -0.586239 0.00625381
 344 -0.44 -0.585814 0.00625007
 345 -0.44 -0.585391 0.00624625
 346 -0.44 -0.584971 0.00624233
 347 -0.52 -0.584784 0.00622713
 348 -0.52 -0.584598 0.006212
 349 -0.52 -0.584413 0.00619694
 350 -0.68 -0.584686 0.00618524
 351 -0.6 -0.584729 0.00616775
 352 -0.68 -0.585 0.00615615
 353 -0.68 -0.585269 0.00614458
 354 -0.6 -0.585311 0.00612734
 355 -0.6 -0.585352 0.0061102
 356 -0.52 -0.585169 0.00609578
 357 -0.68 -0.585434 0.00608448
 358 -0.6 -0.585475 0.0060676
 359 -0.68 -0.585738 0.0060564
 360 -0.68 -0.586 0.00604522
 361 -0.6 -0.586039 0.00602858
 362 -0.68 -0.586298 0.0060175
 363 -0.6 -0.586336 0.00600102
 364 -0.52 -0.586154 0.00598729
 365 -0.52 -0.585973 0.00597361
 366 -0.52 -0.585792 0.00595999
 367 -0.44 -0.585395 0.00595699
 368 -0.44 -0.585 0.00595391
 369 -0.68 -0.585257 0.00594333
 370 -0.68 -0.585514 0.00593277
 371 -0.68 -0.585768 0.00592224
 372 -0.36 -0.585161 0.0059374
 373 -0.44 -0.584772 0.00593423
 374 -0.36 -0.584171 0.00594878
 375 -0.52 -0.584 0.00593536
 376 -0.68 -0.584255 0.00592506
 377 -0.68 -0.584509 0.00591478
 378 -0.6 -0.58455 0.00589925
 379 -0.6 -0.584591 0.00588381
 380 -0.52 -0.584421 0.00587076
 381 -0.52 -0.584252 0.00585777
 382 -0.6 -0.584293 0.00584257
 383 -0.6 -0.584334 0.00582743
 384 -0.52 -0.584167 0.00581465
 385 -0.44 -0.583792 0.00581161
 386 -0.44 -0.58342 0.00580849
 387 -0.2 -0.582429 0.00587757
 388 -0.36 -0.581856 0.00589036
 389 -0.6 -0.581902 0.00587538
 390 -0.44 -0.581538 0.00587158
 391 -0.44 -0.581176 0.00586772
 392 -0.6 -0.581224 0.00585293
 393 -0.52 -0.581069 0.0058401
 394 -0.6 -0.581117 0.00582546
 395 -0.68 -0.581367 0.00581608
 396 -0.6 -0.581414 0.00580156
 397 -0.6 -0.581461 0.00578712
 398 -0.6 -0.581508 0.00577275
 399 -0.6 -0.581554 0.00575845
 400 -0.6 -0.5816 0.00574422
 401 -0.6 -0.581646 0.00573006
 402 -0.36 -0.581095 0.00574232
 403 -0.52 -0.580943 0.00573006
 404 -0.6 -0.58099 0.00571606
 405 -0.6 -0.581037 0.00570212
 406 -0.6 -0.581084 0.00568825
 407 -0.6 -0.58113 0.00567444
 408 -0.52 -0.58098 0.0056625
 409 -0.52 -0.580831 0.00565061
 410 -0.6 -0.580878 0.005637
 411 -0.6 -0.580925 0.00562346
 412 -0.28 -0.580194 0.00565715
 413 -0.52 -0.580048 0.00564531
 414 -0.44 -0.57971 0.00564181
 415 -0.52 -0.579566 0.00563004
 416 -0.52 -0.579423 0.00561831
 417 -0.52 -0.579281 0.00560664
 418 -0.6 -0.57933 0.00559343
 419 -0.44 -0.578998 0.00558996
 420 -0.52 -0.578857 0.0055784
 421 -0.68 -0.579097 0.00557032
 422 -0.6 -0.579147 0.00555733
 423 -0.52 -0.579007 0.00554594
 424 -0.28 -0.578302 0.0055776
 425 -0.36 -0.577788 0.00558812
 426 -0.6 -0.57784 0.00557523
 427 -0.52 -0.577705 0.00556381
 428 -0.6 -0.577757 0.00555104
 429 -0.68 -0.577995 0.00554321
 430 -0.6 -0.578047 0.00553054
 431 -0.44 -0.577726 0.00552698
 432 -0.6 -0.577778 0.00551441
 433 -0.68 -0.578014 0.00550673
 434 -0.68 -0.578249 0.00549905
 435 -0.52 -0.578115 0.00548802
 436 -0.6 -0.578165 0.00547565
 437 -0.6 -0.578215 0.00546334
 438 -0.68 -0.578447 0.0054558
 439 -0.68 -0.578679 0.00544827
 440 -0.52 -0.578545 0.00543751
 441 -0.6 -0.578594 0.00542538
 442 -0.68 -0.578824 0.00541796
 443 -0.68 -0.579052 0.00541053
 444 -0.76 -0.579459 0.0054137
 445 -0.76 -0.579865 0.00541673
 446 -0.76 -0.580269 0.00541964
 447 -0.84 -0.58085 0.00543863
 448 -0.76 -0.58125 0.0054412
 449 -0.68 -0.58147 0.00543352
 450 -0.84 -0.582044 0.00545178
 451 -0.84 -0.582616 0.00546967
 452 -0.68 -0.582832 0.00546181
 453 -0.6 -0.58287 0.00544987
 454 -0.52 -0.582731 0.00543961
 455 -0.36 -0.582242 0.00544967
 456 -0.68 -0.582456 0.00544194
 457 -0.52 -0.582319 0.00543173
 458 -0.52 -0.582183 0.00542157
 459 -0.36 -0.581699 0.00543136
 460 -0.68 -0.581913 0.00542375
 461 -0.76 -0.582299 0.00542574
 462 -0.76 -0.582684 0.00542763
 463 -0.52 -0.582549 0.00541759
 464 -0.52 -0.582414 0.00540758
 465 -0.6 -0.582452 0.00539607
 466 -0.52 -0.582318 0.00538614
 467 -0.52 -0.582184 0.00537626
 468 -0.52 -0.582051 0.0053664
 469 -0.44 -0.581748 0.0053635
 470 -0.36 -0.581277 0.00537284
 471 -0.6 -0.581316 0.00536156
 472 -0.68 -0.581525 0.00535428
 473 -0.76 -0.581903 0.00535625
 474 -0.68 -0.58211 0.00534894
 475 -0.76 -0.582484 0.00535079
 476 -0.68 -0.582689 0.00534347
 477 -0.68 -0.582893 0.00533616
 478 -0.6 -0.582929 0.0053251
 479 -0.52 -0.582797 0.0053156
 480 -0.52 -0.582667 0.00530612
 481 -0.6 -0.582703 0.0052952
 482 -0.68 -0.582905 0.00528806
 483 -0.84 -0.583437 0.00530388
 484 -0.68 -0.583636 0.00529667
 485 -0.68 -0.583835 0.00528947
 486 -0.84 -0.584362 0.00530482
 487 -0.68 -0.584559 0.00529756
 488 -0.52 -0.584426 0.00528835
 489 -0.6 -0.584458 0.00527762
 490 -0.76 -0.584816 0.00527901
 491 -0.76 -0.585173 0.00528031
 492 -0.36 -0.584715 0.00528941
 493 -0.44 -0.584422 0.00528682
 494 -0.6 -0.584453 0.0052762
 495 -0.68 -0.584646 0.00526907
 496 -0.68 -0.584839 0.00526195
 497 -0.6 -0.584869 0.00525144
 498 -0.52 -0.584739 0.0052425
 499 -0.68 -0.58493 0.00523547
 500 -0.52 -0.5848 0.0052266
 501 -0.68 -0.58499 0.00521962
 502 -0.6 -0.58502 0.0052093
 503 -0.76 -0.585368 0.00521055
 504 -0.76 -0.585714 0.00521174
 505 -0.68 -0.585901 0.00520476
 506 -0.6 -0.585929 0.00519453
 507 -0.68 -0.586114 0.0051876
 508 -0.6 -0.586142 0.00517745
 509 -0.6 -0.586169 0.00516734
 510 -0.44 -0.585882 0.00516515
 511 -0.52 -0.585753 0.00515665
 512 -0.44 -0.585469 0.00515443
 513 -0.52 -0.585341 0.00514596
 514 -0.6 -0.58537 0.00513602
 515 -0.44 -0.585087 0.0051338
 516 -0.36 -0.584651 0.00514238
 517 -0.68 -0.584836 0.00513573
 518 -0.6 -0.584865 0.00512589
 519 -0.68 -0.585048 0.00511929
 520 -0.52 -0.584923 0.00511097
 521 -0.36 -0.584491 0.00511938
 522 -0.36 -0.584061 0.00512763
 523 -0.52 -0.583939 0.00511928
 524 -0.6 -0.583969 0.0051096
 525 -0.44 -0.583695 0.00510722
 526 -0.44 -0.583422 0.00510482
 527 -0.44 -0.58315 0.00510239
 528 -0.44 -0.582879 0.00509992
 529 -0.44 -0.582609 0.00509744
 530 -0.6 -0.582642 0.00508791
 531 -0.44 -0.582373 0.00508542
 532 -0.68 -0.582556 0.00507917
 533 -0.6 -0.582589 0.00506974
 534 -0.52 -0.582472 0.00506159
 535 -0.52 -0.582355 0.00505347
 536 -0.44 -0.58209 0.00505102
 537 -0.44 -0.581825 0.00504855
 538 -0.6 -0.581859 0.00503927
 539 -0.6 -0.581892 0.00503002
 540 -0.68 -0.582074 0.00502398
 541 -0.6 -0.582107 0.0050148
 542 -0.6 -0.58214 0.00500565
 543 -0.52 -0.582026 0.00499773
 544 -0.44 -0.581765 0.00499536
 545 -0.52 -0.581651 0.00498748
 546 -0.68 -0.581832 0.00498159
 547 -0.52 -0.581718 0.00497376
 548 -0.44 -0.58146 0.00497141
 549 -0.52 -0.581348 0.0049636
 550 -0.44 -0.581091 0.00496123
 551 -0.68 -0.58127 0.00495547
 552 -0.6 -0.581304 0.0049466
 553 -0.68 -0.581483 0.00494087
 554 -0.68 -0.581661 0.00493515
 555 -0.44 -0.581405 0.00493286
 556 -0.44 -0.581151 0.00493054
 557 -0.6 -0.581185 0.0049218
 558 -0.68 -0.581362 0.00491616
 559 -0.44 -0.581109 0.00491387
 560 -0.36 -0.580714 0.00492096
 561 -0.36 -0.580321 0.00492791
 562 -0.44 -0.580071 0.00492546
 563 -0.44 -0.579822 0.004923
 564 -0.52 -0.579716 0.0049154
 565 -0.52 -0.579611 0.00490784
 566 -0.6 -0.579647 0.00489929
 567 -0.76 -0.579965 0.00490097
 568 -0.68 -0.580141 0.00489551
 569 -0.44 -0.579895 0.0048931
 570 -0.52 -0.579789 0.00488564
 571 -0.52 -0.579685 0.0048782
 572 -0.6 -0.57972 0.00486979
 573 -0.36 -0.579337 0.00487638
 574 -0.28 -0.578815 0.00489573
 575 -0.6 -0.578852 0.00488735
 576 -0.44 -0.578611 0.00488481
 577 -0.28 -0.578094 0.00490372
 578 -0.44 -0.577855 0.00490106
 579 -0.44 -0.577617 0.00489838
 580 -0.44 -0.577379 0.00489568
 581 -0.6 -0.577418 0.0048874
 582 -0.6 -0.577457 0.00487915
 583 -0.68 -0.577633 0.00487395
 584 -0.68 -0.577808 0.00486875
 585 -0.68 -0.577983 0.00486356
 586 -0.76 -0.578294 0.00486518
 587 -0.6 -0.57833 0.00485702
 588 -0.44 -0.578095 0.00485446
 589 -0.6 -0.578132 0.00484635
 590 -0.68 -0.578305 0.00484121
 591 -0.6 -0.578342 0.00483315
 592 -0.6 -0.578378 0.00482512
 593 -0.52 -0.57828 0.00481798
 594 -0.6 -0.578316 0.00481
 595 -0.6 -0.578353 0.00480205
 596 -0.44 -0.578121 0.0047996
 597 -0.44 -0.577889 0.00479714
 598 -0.52 -0.577793 0.00479009
 599 -0.52 -0.577696 0.00478306
 600 -0.6 -0.577733 0.00477523
 601 -0.6 -0.57777 0.00476742
 602 -0.6 -0.577807 0.00475963
 603 -0.76 -0.578109 0.00476133
 604 -0.68 -0.578278 0.00475643
 605 -0.6 -0.578314 0.0047487
 606 -0.6 -0.57835 0.00474099
 607 -0.6 -0.578386 0.00473331
 608 -0.6 -0.578421 0.00472565
 609 -0.84 -0.578851 0.0047374
 610 -0.68 -0.579016 0.00473253
 611 -0.68 -0.579182 0.00472767
 612 -0.68 -0.579346 0.00472281
 613 -0.6 -0.57938 0.00471522
 614 -0.6 -0.579414 0.00470766
 615 -0.76 -0.579707 0.00470916
 616 -0.6 -0.57974 0.00470162
 617 -0.76 -0.580032 0.00470308
 618 -0.52 -0.579935 0.00469647
 619 -0.6 -0.579968 0.00468899
 620 -0.68 -0.580129 0.0046842
 621 -0.52 -0.580032 0.00467765
 622 -0.6 -0.580064 0.00467024
 623 -0.6 -0.580096 0.00466284
 624 -0.76 -0.580385 0.00466428
 625 -0.76 -0.580672 0.00466567
 626 -0.68 -0.580831 0.00466092
 627 -0.68 -0.580989 0.00465616
 628 -0.76 -0.581274 0.00465747
 629 -0.68 -0.581431 0.00465271
 630 -0.6 -0.58146 0.00464541
 631 -0.6 -0.58149 0.00463814
 632 -0.68 -0.581646 0.00463342
 633 -0.6 -0.581675 0.00462618
 634 -0.52 -0.581577 0.0046199
 635 -0.52 -0.58148 0.00461364
 636 -0.44 -0.581258 0.00461175
 637 -0.6 -0.581287 0.0046046
 638 -0.6 -0.581317 0.00459747
 639 -0.6 -0.581346 0.00459036
 640 -0.44 -0.581125 0.0045885
 641 -0.6 -0.581154 0.00458143
 642 -0.6 -0.581184 0.00457439
 643 -0.52 -0.581089 0.00456826
 644 -0.6 -0.581118 0.00456125
 645 -0.68 -0.581271 0.00455676
 646 -0.68 -0.581424 0.00455226
 647 -0.6 -0.581453 0.00454531
 648 -0.68 -0.581605 0.00454084
 649 -0.52 -0.58151 0.00453483
 650 -0.44 -0.581292 0.00453308
 651 -0.44 -0.581075 0.00453131
 652 -0.68 -0.581227 0.0045269
 653 -0.6 -0.581256 0.00452005
 654 -0.36 -0.580917 0.0045258
 655 -0.44 -0.580702 0.004524
 656 -0.52 -0.58061 0.00451805
 657 -0.52 -0.580518 0.00451211
 658 -0.52 -0.580426 0.00450619
 659 -0.68 -0.580577 0.00450188
 660 -0.6 -0.580606 0.00449515
 661 -0.76 -0.580877 0.00449654
 662 -0.84 -0.581269 0.00450677
 663 -0.84 -0.581659 0.00451686
 664 -0.68 -0.581807 0.00451248
 665 -0.28 -0.581353 0.00452849
 666 -0.6 -0.581381 0.00452178
 667 -0.84 -0.581769 0.00453161
 668 -0.76 -0.582036 0.00453268
 669 -0.68 -0.582182 0.00452827
 670 -0.44 -0.58197 0.00452648
 671 -0.52 -0.581878 0.00452067
 672 -0.52 -0.581786 0.00451488
 673 -0.6 -0.581813 0.00450825
 674 -0.6 -0.58184 0.00450164
 675 -0.6 -0.581867 0.00449504
 676 -0.68 -0.582012 0.00449073
 677 -0.6 -0.582038 0.00448418
 678 -0.68 -0.582183 0.00447989
 679 -0.68 -0.582327 0.0044756
 680 -0.68 -0.582471 0.00447132
 681 -0.68 -0.582614 0.00446705
 682 -0.6 -0.582639 0.00446057
 683 -0.52 -0.582548 0.00445498
 684 -0.36 -0.582222 0.00446034
 685 -0.44 -0.582015 0.00445866
 686 -0.44 -0.581808 0.00445697
 687 -0.6 -0.581834 0.00445055
 688 -0.52 -0.581744 0.00444499
 689 -0.6 -0.581771 0.00443861
 690 -0.52 -0.581681 0.00443308
 691 -0.68 -0.581823 0.00442895
 692 -0.68 -0.581965 0.00442482
 693 -0.6 -0.581991 0.0044185
 694 -0.36 -0.581671 0.00442371
 695 -0.52 -0.581583 0.00441823
 696 -0.6 -0.581609 0.00441196
 697 -0.6 -0.581636 0.0044057
 698 -0.44 -0.581433 0.00440406
 699 -0.6 -0.581459 0.00439784
 700 -0.52 -0.581371 0.00439243
 701 -0.6 -0.581398 0.00438624
 702 -0.52 -0.581311 0.00438086
 703 -0.6 -0.581337 0.00437471
 704 -0.52 -0.58125 0.00436936
 705 -0.52 -0.581163 0.00436402
 706 -0.6 -0.58119 0.00435791
 707 -0.68 -0.58133 0.00435399
 708 -0.52 -0.581243 0.0043487
 709 -0.52 -0.581157 0.00434342
 710 -0.68 -0.581296 0.00433953
 711 -0.76 -0.581547 0.00434071
 712 -0.76 -0.581798 0.00434185
 713 -0.68 -0.581935 0.00433794
 714 -0.52 -0.581849 0.00433273
 715 -0.68 -0.581986 0.00432884
 716 -0.6 -0.582011 0.00432286
 717 -0.68 -0.582148 0.00431899
 718 -0.76 -0.582396 0.00432008
 719 -0.68 -0.582531 0.0043162
 720 -0.6 -0.582556 0.00431027
 721 -0.68 -0.582691 0.00430641
 722 -0.84 -0.583047 0.00431519
 723 -0.76 -0.583292 0.00431616
 724 -0.76 -0.583536 0.0043171
 725 -0.68 -0.583669 0.00431319
 726 -0.76 -0.583912 0.00431409
 727 -0.52 -0.583824 0.00430905
 728 -0.52 -0.583736 0.00430402
 729 -0.44 -0.583539 0.00430263
 730 -0.28 -0.583123 0.0043168
 731 -0.52 -0.583037 0.00431176
 732 -0.36 -0.582732 0.00431663
 733 -0.44 -0.582538 0.00431513
 734 -0.52 -0.582452 0.00431009
 735 -0.36 -0.58215 0.00431485
 736 -0.36 -0.581848 0.00431955
 737 -0.44 -0.581655 0.00431797
 738 -0.36 -0.581355 0.00432256
 739 -0.44 -0.581164 0.00432095
 740 -0.6 -0.581189 0.00431518
 741 -0.6 -0.581215 0.00430943
 742 -0.6 -0.58124 0.00430369
 743 -0.6 -0.581265 0.00429797
 744 -0.52 -0.581183 0.00429298
 745 -0.52 -0.581101 0.004288
 746 -0.36 -0.580804 0.00429249
 747 -0.44 -0.580616 0.00429088
 748 -0.44 -0.580428 0.00428926
 749 -0.52 -0.580347 0.00428429
 750 -0.68 -0.58048 0.00428064
 751 -0.68 -0.580613 0.00427699
 752 -0.76 -0.580851 0.00427795
 753 -0.6 -0.580876 0.00427234
 754 -0.68 -0.581008 0.0042687
 755 -0.6 -0.581033 0.00426311
 756 -0.44 -0.580847 0.00426156
 757 -0.52 -0.580766 0.00425668
 758 -0.68 -0.580897 0.00425308
 759 -0.68 -0.581028 0.00424948
 760 -0.76 -0.581263 0.00425041
 761 -0.68 -0.581393 0.0042468
 762 -0.6 -0.581417 0.0042413
 763 -0.52 -0.581337 0.0042365
 764 -0.68 -0.581466 0.00423292
 765 -0.6 -0.58149 0.00422745
 766 -0.52 -0.58141 0.00422269
 767 -0.52 -0.58133 0.00421795
 768 -0.6 -0.581354 0.00421252
 769 -0.6 -0.581378 0.00420711
 770 -0.6 -0.581403 0.00420171
 771 -0.6 -0.581427 0.00419633
 772 -0.68 -0.581554 0.00419283
 773 -0.6 -0.581578 0.00418747
 774 -0.68 -0.581705 0.00418399
 775 -0.6 -0.581729 0.00417866
 776 -0.52 -0.581649 0.00417403
 777 -0.6 -0.581673 0.00416872
 778 -0.52 -0.581594 0.00416411
 779 -0.52 -0.581515 0.00415951
 780 -0.44 -0.581333 0.00415814
 781 -0.28 -0.580948 0.00417069
 782 -0.44 -0.580767 0.00416926
 783 -0.6 -0.580792 0.004164
 784 -0.52 -0.580714 0.00415941
 785 -0.52 -0.580637 0.00415483
 786 -0.6 -0.580662 0.00414961
 787 -0.44 -0.580483 0.00414819
 788 -0.52 -0.580406 0.00414363
 789 -0.44 -0.580228 0.0041422
 790 -0.68 -0.580354 0.00413888
 791 -0.6 -0.580379 0.00413372
 792 -0.52 -0.580303 0.0041292
 793 -0.52 -0.580227 0.00412469
 794 -0.6 -0.580252 0.00411957
 795 -0.52 -0.580176 0.00411508
 796 -0.52 -0.580101 0.0041106
 797 -0.52 -0.580025 0.00410613
 798 -0.52 -0.57995 0.00410167
 799 -0.6 -0.579975 0.00409662
 800 -0.52 -0.5799 0.00409218
 801 -0.52 -0.579825 0.00408775
 802 -0.68 -0.57995 0.00408456
 803 -0.6 -0.579975 0.00407955
 804 -0.52 -0.5799 0.00407515
 805 -0.44 -0.579727 0.0040738
 806 -0.68 -0.579851 0.00407064
 807 -0.76 -0.580074 0.00407172
 808 -0.6 -0.580099 0.00406675
 809 -0.76 -0.580321 0.0040678
 810 -0.76 -0.580543 0.00406883
 811 -0.76 -0.580764 0.00406983
 812 -0.68 -0.580887 0.00406665
 813 -0.6 -0.58091 0.00406171
 814 -0.76 -0.58113 0.00406268
 815 -0.68 -0.581252 0.00405951
 816 -0.68 -0.581373 0.00405633
 817 -0.84 -0.581689 0.00406371
 818 -0.76 -0.581907 0.00406459
 819 -0.68 -0.582027 0.00406139
 820 -0.76 -0.582244 0.00406224
 821 -0.68 -0.582363 0.00405904
 822 -0.76 -0.582579 0.00405985
 823 -0.76 -0.582795 0.00406064
 824 -0.6 -0.582816 0.00405576
 825 -0.44 -0.582642 0.00405454
 826 -0.6 -0.582663 0.00404968
 827 -0.6 -0.582684 0.00404484
 828 -0.6 -0.582705 0.00404
 829 -0.6 -0.582726 0.00403518
 830 -0.6 -0.582747 0.00403037
 831 -0.52 -0.582671 0.00402623
 832 -0.76 -0.582885 0.00402703
 833 -0.6 -0.582905 0.00402224
 834 -0.6 -0.582926 0.00401747
 835 -0.76 -0.583138 0.00401826
 836 -0.76 -0.583349 0.00401902
 837 -0.6 -0.583369 0.00401426
 838 -0.6 -0.583389 0.00400952
 839 -0.52 -0.583313 0.00400545
 840 -0.44 -0.583143 0.00400432
 841 -0.68 -0.583258 0.00400121
 842 -0.6 -0.583278 0.0039965
 843 -0.6 -0.583298 0.00399181
 844 -0.44 -0.583128 0.00399069
 845 -0.6 -0.583148 0.00398601
 846 -0.52 -0.583073 0.003982
 847 -0.36 -0.58281 0.00398601
 848 -0.52 -0.582736 0.00398199
 849 -0.52 -0.582662 0.00397799
 850 -0.44 -0.582494 0.00397685
 851 -0.6 -0.582515 0.00397222
 852 -0.68 -0.582629 0.00396921
 853 -0.68 -0.582743 0.00396619
 854 -0.44 -0.582576 0.00396507
 855 -0.76 -0.582784 0.00396586
 856 -0.6 -0.582804 0.00396128
 857 -0.52 -0.58273 0.00395733
 858 -0.44 -0.582564 0.00395622
 859 -0.44 -0.582398 0.00395509
 860 -0.52 -0.582326 0.00395116
 861 -0.44 -0.58216 0.00395003
 862 -0.28 -0.58181 0.00396098
 863 -0.52 -0.581738 0.00395704
 864 -0.28 -0.581389 0.00396785
 865 -0.52 -0.581318 0.0039639
 866 -0.6 -0.581339 0.00395938
 867 -0.76 -0.581546 0.00396017
 868 -0.6 -0.581567 0.00395567
 869 -0.36 -0.581312 0.00395933
 870 -0.36 -0.581057 0.00396295
 871 -0.44 -0.580896 0.00396171
 872 -0.52 -0.580826 0.00395778
 873 -0.52 -0.580756 0.00395386
 874 -0.36 -0.580503 0.0039574
 875 -0.6 -0.580526 0.00395294
 876 -0.68 -0.580639 0.00395005
 877 -0.68 -0.580753 0.00394717
 878 -0.6 -0.580774 0.00394274
 879 -0.44 -0.580614 0.0039415
 880 -0.6 -0.580636 0.00393708
 881 -0.76 -0.58084 0.00393788
 882 -0.68 -0.580952 0.00393502
 883 -0.68 -0.581065 0.00393216
 884 -0.68 -0.581176 0.0039293
 885 -0.6 -0.581198 0.00392492
 886 -0.68 -0.581309 0.00392207
 887 -0.68 -0.581421 0.00391923
 888 -0.76 -0.581622 0.00391997
 889 -0.84 -0.581912 0.00392633
 890 -0.76 -0.582112 0.00392702
 891 -0.6 -0.582132 0.00392266
 892 -0.76 -0.582332 0.00392333
 893 -0.68 -0.582441 0.00392046
 894 -0.52 -0.582371 0.0039167
 895 -0.6 -0.582391 0.00391237
 896 -0.68 -0.5825 0.00390952
 897 -0.52 -0.58243 0.00390578
 898 -0.44 -0.582272 0.00390465
 899 -0.44 -0.582113 0.00390351
 900 -0.6 -0.582133 0.00389922
 901 -0.68 -0.582242 0.00389641
 902 -0.76 -0.582439 0.00389707
 903 -0.6 -0.582458 0.0038928
 904 -0.52 -0.582389 0.00388911
 905 -0.6 -0.582409 0.00388486
 906 -0.68 -0.582517 0.00388206
 907 -0.6 -0.582536 0.00387783
 908 -0.6 -0.582555 0.0038736
 909 -0.68 -0.582662 0.00387082
 910 -0.6 -0.582681 0.00386661
 911 -0.6 -0.5827 0.00386241
 912 -0.52 -0.582632 0.00385879
 913 -0.52 -0.582563 0.00385517
 914 -0.44 -0.582407 0.00385411
 915 -0.6 -0.582426 0.00384994
 916 -0.6 -0.582445 0.00384578
 917 -0.6 -0.582465 0.00384163
 918 -0.6 -0.582484 0.00383749
 919 -0.6 -0.582503 0.00383336
 920 -0.68 -0.582609 0.00383066
 921 -0.6 -0.582628 0.00382655
 922 -0.6 -0.582646 0.00382244
 923 -0.76 -0.582839 0.00382313
 924 -0.68 -0.582944 0.00382044
 925 -0.36 -0.582703 0.00382391
 926 -0.36 -0.582462 0.00382734
 927 -0.36 -0.582222 0.00383073
 928 -0.68 -0.582328 0.00382805
 929 -0.6 -0.582347 0.00382398
 930 -0.68 -0.582452 0.0038213
 931 -0.52 -0.582385 0.00381779
 932 -0.52 -0.582318 0.00381428
 933 -0.52 -0.582251 0.00381077
 934 -0.44 -0.582099 0.00380973
 935 -0.52 -0.582032 0.00380624
 936 -0.76 -0.582222 0.00380692
 937 -0.6 -0.582241 0.0038029
 938 -0.44 -0.58209 0.00380187
 939 -0.36 -0.581853 0.00380518
 940 -0.6 -0.581872 0.00380118
 941 -0.6 -0.581892 0.00379718
 942 -0.6 -0.581911 0.0037932
 943 -0.6 -0.58193 0.00378922
 944 -0.6 -0.581949 0.00378526
 945 -0.68 -0.582053 0.00378267
 946 -0.6 -0.582072 0.00377872
 947 -0.6 -0.582091 0.00377477
 948 -0.68 -0.582194 0.0037722
 949 -0.6 -0.582213 0.00376827
 950 -0.44 -0.582063 0.00376728
 951 -0.36 -0.58183 0.00377055
 952 -0.68 -0.581933 0.003768
 953 -0.52 -0.581868 0.00376461
 954 -0.6 -0.581887 0.00376071
 955 -0.68 -0.58199 0.00375817
 956 -0.6 -0.582008 0.00375429
 957 -0.6 -0.582027 0.00375041
 958 -0.52 -0.581962 0.00374705
 959 -0.52 -0.581898 0.0037437
 960 -0.36 -0.581667 0.00374693
 961 -0.44 -0.581519 0.00374593
 962 -0.52 -0.581455 0.00374258
 963 -0.44 -0.581308 0.00374158
 964 -0.6 -0.581328 0.00373775
 965 -0.52 -0.581264 0.00373441
 966 -0.44 -0.581118 0.00373341
 967 -0.44 -0.580972 0.0037324
 968 -0.36 -0.580744 0.00373553
 969 -0.6 -0.580764 0.00373172
 970 -0.52 -0.580701 0.0037284
 971 -0.68 -0.580803 0.00372596
 972 -0.6 -0.580823 0.00372218
 973 -0.52 -0.580761 0.00371888
 974 -0.52 -0.580698 0.00371558
 975 -0.36 -0.580472 0.00371866
 976 -0.52 -0.58041 0.00371537
 977 -0.36 -0.580184 0.00371841
 978 -0.52 -0.580123 0.00371512
 979 -0.52 -0.580061 0.00371183
 980 -0.52 -0.58 0.00370855
 981 -0.68 -0.580102 0.00370617
 982 -0.6 -0.580122 0.00370244
 983 -0.68 -0.580224 0.00370007
 984 -0.68 -0.580325 0.0036977
 985 -0.76 -0.580508 0.00369845
 986 -0.68 -0.580609 0.00369607
 987 -0.52 -0.580547 0.00369283
 988 -0.68 -0.580648 0.00369047
 989 -0.6 -0.580667 0.00368679
 990 -0.76 -0.580848 0.00368751
 991 -0.76 -0.581029 0.00368822
 992 -0.68 -0.581129 0.00368585
 993 -0.2 -0.580745 0.00370209
 994 -0.2 -0.580362 0.00371815
 995 -0.28 -0.58006 0.00372665
 996 -0.44 -0.57992 0.00372556
 997 -0.36 -0.579699 0.00372836
 998 -0.52 -0.579639 0.0037251
 999 -0.44 -0.579499 0.00372399
 1000 -0.44 -0.57936 0.00372288
 1001 -0.52 -0.579301 0.00371963
 1002 -0.6 -0.579321 0.00371598
 1003 -0.6 -0.579342 0.00371233
 1004 -0.44 -0.579203 0.00371122
 1005 -0.76 -0.579383 0.00371189
 1006 -0.6 -0.579404 0.00370826
 1007 -0.44 -0.579265 0.00370716
 1008 -0.44 -0.579127 0.00370605
 1009 -0.36 -0.57891 0.00370874
 1010 -0.36 -0.578693 0.0037114
 1011 -0.6 -0.578714 0.00370779
 1012 -0.52 -0.578656 0.00370458
 1013 -0.76 -0.578835 0.00370525
 1014 -0.68 -0.578935 0.00370294
 1015 -0.6 -0.578956 0.00369934
 1016 -0.6 -0.578976 0.00369576
 1017 -0.6 -0.578997 0.00369218
 1018 -0.68 -0.579096 0.00368989
 1019 -0.68 -0.579195 0.00368759
 1020 -0.6 -0.579216 0.00368403
 1021 -0.68 -0.579314 0.00368175
 1022 -0.52 -0.579256 0.0036786
 1023 -0.6 -0.579277 0.00367506
 1024 -0.52 -0.579219 0.00367192
 1025 -0.68 -0.579317 0.00366966
 1026 -0.6 -0.579337 0.00366613
 1027 -0.6 -0.579357 0.00366262
 1028 -0.6 -0.579377 0.00365911
 1029 -0.6 -0.579397 0.00365561
 1030 -0.52 -0.57934 0.00365251
 1031 -0.36 -0.579127 0.00365516
 1032 -0.36 -0.578915 0.00365779
 1033 -0.52 -0.578858 0.00365469
 1034 -0.76 -0.579033 0.00365535
 1035 -0.76 -0.579208 0.003656
 1036 -0.68 -0.579305 0.00365377
 1037 -0.76 -0.579479 0.0036544
 1038 -0.84 -0.57973 0.00365949
 1039 -0.76 -0.579904 0.00366009
 1040 -0.52 -0.579846 0.00365702
 1041 -0.68 -0.579942 0.00365477
 1042 -0.76 -0.580115 0.00365535
 1043 -0.84 -0.580364 0.00366033
 1044 -0.68 -0.58046 0.00365807
 1045 -0.76 -0.580632 0.0036586
 1046 -0.76 -0.580803 0.00365912
 1047 -0.76 -0.580974 0.00365963
 1048 -0.52 -0.580916 0.0036566
 1049 -0.52 -0.580858 0.00365358
 1050 -0.68 -0.580952 0.00365132
 1051 -0.6 -0.580971 0.00364788
 1052 -0.52 -0.580913 0.00364488
 1053 -0.52 -0.580855 0.00364187
 1054 -0.68 -0.580949 0.00363963
 1055 -0.68 -0.581043 0.00363739
 1056 -0.68 -0.581136 0.00363515
 1057 -0.84 -0.581381 0.00363996
 1058 -0.6 -0.581399 0.00363656
 1059 -0.76 -0.581568 0.00363704
 1060 -0.6 -0.581585 0.00363365
 1061 -0.6 -0.581602 0.00363026
 1062 -0.68 -0.581695 0.00362803
 1063 -0.52 -0.581637 0.00362508
 1064 -0.6 -0.581654 0.00362171
 1065 -0.36 -0.581446 0.00362429
 1066 -0.36 -0.581238 0.00362684
 1067 -0.44 -0.581106 0.00362586
 1068 -0.6 -0.581124 0.0036225
 1069 -0.6 -0.581141 0.00361916
 1070 -0.68 -0.581234 0.00361695
 1071 -0.52 -0.581176 0.00361403
 1072 -0.28 -0.580896 0.00362157
 1073 -0.44 -0.580764 0.00362057
 1074 -0.52 -0.580708 0.00361764
 1075 -0.52 -0.580651 0.00361472
 1076 -0.6 -0.580669 0.0036114
 1077 -0.44 -0.580539 0.00361041
 1078 -0.52 -0.580482 0.00360749
 1079 -0.52 -0.580426 0.00360459
 1080 -0.68 -0.580519 0.00360243
 1081 -0.52 -0.580463 0.00359953
 1082 -0.44 -0.580333 0.00359854
 1083 -0.6 -0.580351 0.00359526
 1084 -0.68 -0.580443 0.00359312
 1085 -0.68 -0.580535 0.00359098
 1086 -0.52 -0.580479 0.00358811
 1087 -0.6 -0.580497 0.00358485
 1088 -0.68 -0.580588 0.00358272
 1089 -0.84 -0.580826 0.00358735
 1090 -0.68 -0.580917 0.00358521
 1091 -0.76 -0.581082 0.00358568
 1092 -0.76 -0.581245 0.00358614
 1093 -0.76 -0.581409 0.00358659
 1094 -0.52 -0.581353 0.00358375
 1095 -0.52 -0.581297 0.00358091
 1096 -0.52 -0.581241 0.00357808
 1097 -0.68 -0.581331 0.00357595
 1098 -0.52 -0.581275 0.00357313
 1099 -0.52 -0.581219 0.00357031
 1100 -0.44 -0.581091 0.00356937
 1101 -0.44 -0.580963 0.00356843
 1102 -0.6 -0.58098 0.00356523
 1103 -0.68 -0.58107 0.00356313
 1104 -0.6 -0.581087 0.00355994
 1105 -0.52 -0.581032 0.00355715
 1106 -0.6 -0.581049 0.00355397
 1107 -0.6 -0.581066 0.0035508
 1108 -0.52 -0.581011 0.00354802
 1109 -0.52 -0.580956 0.00354525
 1110 -0.52 -0.580901 0.00354248
 1111 -0.6 -0.580918 0.00353933
 1112 -0.76 -0.581079 0.00353981
 1113 -0.6 -0.581096 0.00353667
 1114 -0.68 -0.581185 0.00353461
 1115 -0.68 -0.581274 0.00353255
 1116 -0.6 -0.58129 0.00352942
 1117 -0.76 -0.58145 0.00352989
 1118 -0.6 -0.581467 0.00352677
 1119 -0.76 -0.581626 0.00352723
 1120 -0.76 -0.581786 0.00352767
 1121 -0.76 -0.581945 0.00352811
 1122 -0.76 -0.582103 0.00352853
 1123 -0.76 -0.582262 0.00352895
 1124 -0.76 -0.58242 0.00352935
 1125 -0.76 -0.582578 0.00352974
 1126 -0.52 -0.582522 0.00352705
 1127 -0.6 -0.582538 0.00352395
 1128 -0.6 -0.582553 0.00352086
 1129 -0.52 -0.582498 0.00351817
 1130 -0.76 -0.582655 0.00351857
 1131 -0.52 -0.582599 0.00351589
 1132 -0.6 -0.582615 0.00351282
 1133 -0.76 -0.582771 0.00351321
 1134 -0.68 -0.582857 0.00351115
 1135 -0.68 -0.582943 0.0035091
 1136 -0.68 -0.583028 0.00350705
 1137 -0.76 -0.583184 0.00350742
 1138 -0.76 -0.583339 0.00350778
 1139 -0.68 -0.583424 0.00350573
 1140 -0.52 -0.583368 0.00350309
 1141 -0.6 -0.583383 0.00350005
 1142 -0.68 -0.583468 0.00349801
 1143 -0.76 -0.583622 0.00349836
 1144 -0.76 -0.583776 0.0034987
 1145 -0.6 -0.58379 0.00349567
 1146 -0.52 -0.583735 0.00349306
 1147 -0.68 -0.583819 0.00349102
 1148 -0.52 -0.583763 0.00348842
 1149 -0.44 -0.583638 0.00348763
 1150 -0.44 -0.583513 0.00348684
 1151 -0.36 -0.583319 0.00348921
 1152 -0.36 -0.583125 0.00349157
 1153 -0.44 -0.583001 0.00349075
 1154 -0.44 -0.582877 0.00348992
 1155 -0.52 -0.582823 0.00348732
 1156 -0.52 -0.582768 0.00348473
 1157 -0.6 -0.582783 0.00348175
 1158 -0.68 -0.582867 0.00347975
 1159 -0.68 -0.582951 0.00347776
 1160 -0.68 -0.583034 0.00347577
 1161 -0.44 -0.582911 0.00347496
 1162 -0.36 -0.582719 0.00347726
 1163 -0.44 -0.582597 0.00347644
 1164 -0.44 -0.582474 0.00347561
 1165 -0.6 -0.582489 0.00347266
 1166 -0.6 -0.582504 0.00346971
 1167 -0.36 -0.582314 0.00347197
 1168 -0.6 -0.582329 0.00346903
 1169 -0.6 -0.582344 0.0034661
 1170 -0.68 -0.582427 0.00346414
 1171 -0.52 -0.582374 0.00346159
 1172 -0.52 -0.582321 0.00345904
 1173 -0.36 -0.582131 0.00346129
 1174 -0.52 -0.582078 0.00345874
 1175 -0.6 -0.582094 0.00345583
 1176 -0.6 -0.582109 0.00345292
 1177 -0.44 -0.581988 0.0034521
 1178 -0.68 -0.582071 0.00345017
 1179 -0.6 -0.582087 0.00344728
 1180 -0.44 -0.581966 0.00344646
 1181 -0.52 -0.581914 0.00344394
 1182 -0.36 -0.581726 0.00344614
 1183 -0.44 -0.581606 0.00344531
 1184 -0.6 -0.581622 0.00344244
 1185 -0.68 -0.581705 0.00344053
 1186 -0.6 -0.58172 0.00343767
 1187 -0.52 -0.581668 0.00343516
 1188 -0.52 -0.581616 0.00343266
 1189 -0.6 -0.581632 0.00342981
 1190 -0.6 -0.581647 0.00342696
 1191 -0.76 -0.581797 0.00342735
 1192 -0.52 -0.581745 0.00342487
 1193 -0.52 -0.581693 0.00342239
 1194 -0.52 -0.581642 0.00341991
 1195 -0.52 -0.58159 0.00341744
 1196 -0.6 -0.581605 0.00341461
 1197 -0.6 -0.581621 0.00341179
 1198 -0.52 -0.581569 0.00340933
 1199 -0.44 -0.581451 0.00340853
 1200 -0.52 -0.5814 0.00340608
 1201 -0.44 -0.581282 0.00340528
 1202 -0.52 -0.581231 0.00340282
 1203 -0.68 -0.581313 0.00340099
 1204 -0.68 -0.581395 0.00339915
 1205 -0.68 -0.581477 0.00339731
 1206 -0.44 -0.58136 0.00339652
 1207 -0.44 -0.581243 0.00339573
 1208 -0.6 -0.581258 0.00339295
 1209 -0.44 -0.581141 0.00339215
 1210 -0.52 -0.581091 0.00338973
 1211 -0.44 -0.580974 0.00338893
 1212 -0.6 -0.58099 0.00338617
 1213 -0.6 -0.581006 0.00338341
 1214 -0.52 -0.580956 0.003381
 1215 -0.6 -0.580971 0.00337825
 1216 -0.44 -0.580855 0.00337746
 1217 -0.68 -0.580937 0.00337567
 1218 -0.6 -0.580952 0.00337293
 1219 -0.6 -0.580968 0.0033702
 1220 -0.6 -0.580984 0.00336747
 1221 -0.52 -0.580934 0.00336508
 1222 -0.68 -0.581015 0.00336331
 1223 -0.76 -0.581161 0.00336374
 1224 -0.84 -0.581373 0.00336764
 1225 -0.76 -0.581518 0.00336804
 1226 -0.76 -0.581664 0.00336844
 1227 -0.68 -0.581744 0.00336665
 1228 -0.6 -0.581759 0.00336394
 1229 -0.6 -0.581774 0.00336124
 1230 -0.44 -0.581659 0.00336048
 1231 -0.44 -0.581543 0.00335972
 1232 -0.44 -0.581429 0.00335896
 1233 -0.52 -0.581379 0.0033566
 1234 -0.52 -0.581329 0.00335425
 1235 -0.52 -0.581279 0.0033519
 1236 -0.44 -0.581165 0.00335114
 1237 -0.6 -0.58118 0.00334846
 1238 -0.6 -0.581195 0.00334579
 1239 -0.6 -0.581211 0.00334312
 1240 -0.76 -0.581355 0.00334354
 1241 -0.84 -0.581563 0.00334734
 1242 -0.6 -0.581578 0.00334467
 1243 -0.52 -0.581529 0.00334235
 1244 -0.6 -0.581543 0.00333969
 1245 -0.6 -0.581558 0.00333704
 1246 -0.52 -0.581509 0.00333473
 1247 -0.52 -0.58146 0.00333242
 1248 -0.52 -0.58141 0.00333011
 1249 -0.52 -0.581361 0.00332781
 1250 -0.44 -0.581248 0.00332707
 1251 -0.52 -0.581199 0.00332477
 1252 -0.6 -0.581214 0.00332214
 1253 -0.68 -0.581293 0.00332043
 1254 -0.6 -0.581308 0.00331781
 1255 -0.68 -0.581386 0.0033161
 1256 -0.76 -0.581529 0.00331651
 1257 -0.6 -0.581543 0.0033139
 1258 -0.68 -0.581622 0.00331219
 1259 -0.76 -0.581763 0.00331259
 1260 -0.68 -0.581841 0.00331088
 1261 -0.6 -0.581856 0.00330828
 1262 -0.44 -0.581743 0.00330757
 1263 -0.52 -0.581694 0.00330531
 1264 -0.52 -0.581646 0.00330306
 1265 -0.44 -0.581534 0.00330234
 1266 -0.52 -0.581485 0.00330009
 1267 -0.52 -0.581436 0.00329784
 1268 -0.76 -0.581577 0.00329825
 1269 -0.84 -0.581781 0.00330194
 1270 -0.44 -0.581669 0.00330122
 1271 -0.52 -0.581621 0.00329898
 1272 -0.52 -0.581572 0.00329674
 1273 -0.6 -0.581587 0.00329418
 1274 -0.76 -0.581727 0.00329457
 1275 -0.6 -0.581741 0.00329202
 1276 -0.44 -0.58163 0.00329132
 1277 -0.44 -0.581519 0.00329061
 1278 -0.76 -0.581659 0.003291
 1279 -0.68 -0.581736 0.00328932
 1280 -0.52 -0.581688 0.0032871
 1281 -0.52 -0.581639 0.00328489
 1282 -0.44 -0.581529 0.00328418
 1283 -0.52 -0.581481 0.00328197
 1284 -0.52 -0.581433 0.00327977
 1285 -0.36 -0.581261 0.00328174
 1286 -0.44 -0.581151 0.00328103
 1287 -0.6 -0.581166 0.00327851
 1288 -0.6 -0.58118 0.003276
 1289 -0.6 -0.581195 0.00327349
 1290 -0.52 -0.581147 0.00327129
 1291 -0.52 -0.5811 0.0032691
 1292 -0.68 -0.581176 0.00326746
 1293 -0.76 -0.581315 0.00326786
 1294 -0.76 -0.581453 0.00326826
 1295 -0.76 -0.581591 0.00326864
 1296 -0.68 -0.581667 0.003267
 1297 -0.76 -0.581804 0.00326737
 1298 -0.52 -0.581757 0.0032652
 1299 -0.76 -0.581894 0.00326557
 1300 -0.76 -0.582031 0.00326594
 1301 -0.68 -0.582106 0.00326429
 1302 -0.68 -0.582181 0.00326265
 1303 -0.52 -0.582134 0.0032605
 1304 -0.68 -0.582209 0.00325886
 1305 -0.52 -0.582161 0.00325671
 1306 -0.68 -0.582236 0.00325508
 1307 -0.6 -0.582249 0.00325261
 1308 -0.6 -0.582263 0.00325015
 1309 -0.84 -0.58246 0.00325363
 1310 -0.6 -0.582473 0.00325118
 1311 -0.52 -0.582426 0.00324905
 1312 -0.52 -0.582378 0.00324692
 1313 -0.6 -0.582391 0.00324447
 1314 -0.6 -0.582405 0.00324203
 1315 -0.52 -0.582357 0.00323991
 1316 -0.6 -0.582371 0.00323747
 1317 -0.6 -0.582384 0.00323504
 1318 -0.52 -0.582337 0.00323293
 1319 -0.44 -0.582229 0.00323228
 1320 -0.52 -0.582182 0.00323018
 1321 -0.68 -0.582256 0.00322858
 1322 -0.6 -0.582269 0.00322617
 1323 -0.68 -0.582343 0.00322457
 1324 -0.68 -0.582417 0.00322298
 1325 -0.6 -0.58243 0.00322057
 1326 -0.68 -0.582504 0.00321899
 1327 -0.44 -0.582396 0.00321835
 1328 -0.52 -0.582349 0.00321627
 1329 -0.6 -0.582363 0.00321388
 1330 -0.6 -0.582376 0.00321149
 1331 -0.68 -0.582449 0.00320991
 1332 -0.52 -0.582402 0.00320784
 1333 -0.52 -0.582356 0.00320578
 1334 -0.6 -0.582369 0.0032034
 1335 -0.44 -0.582262 0.00320278
 1336 -0.52 -0.582216 0.00320072
 1337 -0.68 -0.582289 0.00319916
 1338 -0.6 -0.582302 0.00319679
 1339 -0.52 -0.582255 0.00319474
 1340 -0.52 -0.582209 0.0031927
 1341 -0.44 -0.582103 0.00319208
 1342 -0.6 -0.582116 0.00318973
 1343 -0.76 -0.582249 0.0031901
 1344 -0.68 -0.582321 0.00318856
 1345 -0.6 -0.582335 0.00318621
 1346 -0.68 -0.582407 0.00318467
 1347 -0.68 -0.58248 0.00318313
 1348 -0.68 -0.582552 0.00318159
 1349 -0.68 -0.582624 0.00318005
 1350 -0.68 -0.582696 0.00317851
 1351 -0.6 -0.582709 0.00317619
 1352 -0.6 -0.582722 0.00317386
 1353 -0.52 -0.582676 0.00317185
 1354 -0.52 -0.582629 0.00316985
 1355 -0.84 -0.582819 0.0031732
 1356 -0.68 -0.582891 0.00317167
 1357 -0.92 -0.583139 0.00317905
 1358 -0.76 -0.58327 0.00317938
 1359 -0.76 -0.5834 0.0031797
 1360 -0.52 -0.583353 0.0031777
 1361 -0.44 -0.583248 0.00317711
 1362 -0.6 -0.58326 0.0031748
 1363 -0.6 -0.583272 0.00317249
 1364 -0.52 -0.583226 0.00317051
 1365 -0.44 -0.583121 0.00316992
 1366 -0.76 -0.58325 0.00317024
 1367 -0.68 -0.583321 0.00316871
 1368 -0.68 -0.583392 0.00316719
 1369 -0.52 -0.583346 0.00316521
 1370 -0.6 -0.583358 0.00316292
 1371 -0.68 -0.583428 0.0031614
 1372 -0.44 -0.583324 0.00316083
 1373 -0.36 -0.583161 0.00316271
 1374 -0.6 -0.583173 0.00316043
 1375 -0.52 -0.583127 0.00315846
 1376 -0.68 -0.583198 0.00315695
 1377 -0.68 -0.583268 0.00315544
 1378 -0.76 -0.583396 0.00315576
 1379 -0.76 -0.583524 0.00315607
 1380 -0.76 -0.583652 0.00315637
 1381 -0.6 -0.583664 0.00315411
 1382 -0.68 -0.583734 0.0031526
 1383 -0.44 -0.58363 0.00315203
 1384 -0.36 -0.583468 0.00315389
 1385 -0.44 -0.583365 0.00315332
 1386 -0.6 -0.583377 0.00315106
 1387 -0.44 -0.583273 0.00315049
 1388 -0.6 -0.583285 0.00314824
 1389 -0.44 -0.583182 0.00314766
 1390 -0.52 -0.583137 0.00314573
 1391 -0.6 -0.583149 0.00314349
 1392 -0.6 -0.583161 0.00314125
 1393 -0.68 -0.58323 0.00313977
 1394 -0.68 -0.5833 0.00313828
 1395 -0.52 -0.583254 0.00313636
 1396 -0.6 -0.583266 0.00313413
 1397 -0.44 -0.583164 0.00313357
 1398 -0.44 -0.583062 0.003133
 1399 -0.68 -0.583131 0.00313153
 1400 -0.76 -0.583257 0.00313184
 1401 -0.68 -0.583326 0.00313036
 1402 -0.68 -0.583395 0.00312889
 1403 -0.68 -0.583464 0.00312742
 1404 -0.44 -0.583362 0.00312686
 1405 -0.44 -0.58326 0.0031263
 1406 -0.36 -0.583101 0.00312811
 1407 -0.44 -0.582999 0.00312754
 1408 -0.52 -0.582955 0.00312563
 1409 -0.52 -0.58291 0.00312374
 1410 -0.52 -0.582865 0.00312184
 1411 -0.76 -0.582991 0.00312215
 1412 -0.68 -0.583059 0.00312069
 1413 -0.68 -0.583128 0.00311924
 1414 -0.6 -0.58314 0.00311706
 1415 -0.68 -0.583208 0.0031156
 1416 -0.6 -0.58322 0.00311343
 1417 -0.68 -0.583289 0.00311198
 1418 -0.68 -0.583357 0.00311053
 1419 -0.52 -0.583312 0.00310866
 1420 -0.6 -0.583324 0.00310649
 1421 -0.6 -0.583336 0.00310432
 1422 -0.6 -0.583347 0.00310216
 1423 -0.6 -0.583359 0.0031
 1424 -0.6 -0.583371 0.00309785
 1425 -0.44 -0.58327 0.00309731
 1426 -0.52 -0.583226 0.00309545
 1427 -0.68 -0.583294 0.00309403
 1428 -0.68 -0.583361 0.0030926
 1429 -0.6 -0.583373 0.00309046
 1430 -0.68 -0.583441 0.00308904
 1431 -0.6 -0.583452 0.0030869
 1432 -0.76 -0.583575 0.0030872
 1433 -0.52 -0.583531 0.00308537
 1434 -0.52 -0.583487 0.00308353
 1435 -0.44 -0.583387 0.00308301
 1436 -0.52 -0.583343 0.00308117
 1437 -0.52 -0.583299 0.00307935
 1438 -0.52 -0.583255 0.00307752
 1439 -0.6 -0.583266 0.0030754
 1440 -0.76 -0.583389 0.00307571
 1441 -0.6 -0.5834 0.0030736
 1442 -0.44 -0.583301 0.00307308
 1443 -0.44 -0.583202 0.00307255
 1444 -0.6 -0.583213 0.00307045
 1445 -0.52 -0.58317 0.00306863
 1446 -0.6 -0.583181 0.00306653
 1447 -0.6 -0.583193 0.00306443
 1448 -0.68 -0.58326 0.00306305
 1449 -0.68 -0.583326 0.00306166
 1450 -0.68 -0.583393 0.00306027
 1451 -0.44 -0.583294 0.00305976
 1452 -0.52 -0.583251 0.00305796
 1453 -0.52 -0.583207 0.00305617
 1454 -0.52 -0.583164 0.00305437
 1455 -0.68 -0.58323 0.003053
 1456 -0.68 -0.583297 0.00305163
 1457 -0.6 -0.583308 0.00304955
 1458 -0.6 -0.58332 0.00304748
 1459 -0.6 -0.583331 0.00304541
 1460 -0.76 -0.583452 0.00304573
 1461 -0.76 -0.583573 0.00304604
 1462 -0.6 -0.583584 0.00304398
 1463 -0.6 -0.583595 0.00304192
 1464 -0.6 -0.583607 0.00303986
 1465 -0.6 -0.583618 0.00303781
 1466 -0.68 -0.583683 0.00303645
 1467 -0.52 -0.58364 0.00303469
 1468 -0.76 -0.58376 0.003035
 1469 -0.68 -0.583826 0.00303364
 1470 -0.68 -0.583891 0.00303228
 1471 -0.52 -0.583848 0.00303053
 1472 -0.76 -0.583967 0.00303083
 1473 -0.76 -0.584087 0.00303113
 1474 -0.44 -0.583989 0.00303065
 1475 -0.44 -0.583892 0.00303017
 1476 -0.44 -0.583794 0.00302968
 1477 -0.36 -0.583643 0.00303142
 1478 -0.52 -0.583599 0.00302967
 1479 -0.6 -0.583611 0.00302765
 1480 -0.52 -0.583568 0.0030259
 1481 -0.6 -0.583579 0.00302388
 1482 -0.52 -0.583536 0.00302214
 1483 -0.44 -0.583439 0.00302166
 1484 -0.44 -0.583342 0.00302117
 1485 -0.28 -0.583138 0.00302603
 1486 -0.6 -0.583149 0.00302402
 1487 -0.6 -0.583161 0.003022
 1488 -0.6 -0.583172 0.00301999
 1489 -0.52 -0.58313 0.00301826
 1490 -0.6 -0.583141 0.00301626
 1491 -0.52 -0.583099 0.00301453
 1492 -0.52 -0.583056 0.00301281
 1493 -0.6 -0.583068 0.00301081
 1494 -0.6 -0.583079 0.00300882
 1495 -0.68 -0.583144 0.0030075
 1496 -0.36 -0.582995 0.00300919
 1497 -0.44 -0.582899 0.0030087
 1498 -0.52 -0.582857 0.00300698
 1499 -0.6 -0.582869 0.00300499
 1500 -0.52 -0.582827 0.00300328
 1501 -0.6 -0.582838 0.0030013
 1502 -0.68 -0.582903 0.003
 1503 -0.76 -0.583021 0.00300032
 1504 -0.6 -0.583032 0.00299835
 1505 -0.28 -0.582831 0.00300311
 1506 -0.2 -0.582576 0.00301186
 1507 -0.52 -0.582535 0.00301015
 1508 -0.6 -0.582546 0.00300817
 1509 -0.28 -0.582346 0.00301286
 1510 -0.52 -0.582305 0.00301115
 1511 -0.6 -0.582316 0.00300918
 1512 -0.76 -0.582434 0.00300948
 1513 -0.68 -0.582498 0.00300818
 1514 -0.68 -0.582563 0.00300688
 1515 -0.76 -0.58268 0.00300718
 1516 -0.68 -0.582744 0.00300588
 1517 -0.52 -0.582703 0.00300418
 1518 -0.44 -0.582609 0.00300368
 1519 -0.52 -0.582567 0.00300198
 1520 -0.44 -0.582474 0.00300147
 1521 -0.52 -0.582433 0.00299978
 1522 -0.68 -0.582497 0.00299849
 1523 -0.44 -0.582403 0.00299798
 1524 -0.44 -0.58231 0.00299747
 1525 -0.6 -0.582321 0.00299553
 1526 -0.76 -0.582438 0.00299583
 1527 -0.68 -0.582502 0.00299455
 1528 -0.68 -0.582565 0.00299327
 1529 -0.68 -0.582629 0.00299199
 1530 -0.52 -0.582588 0.00299031
 1531 -0.6 -0.5826 0.00298838
 1532 -0.52 -0.582559 0.00298671
 1533 -0.6 -0.58257 0.00298478
 1534 -0.52 -0.582529 0.00298311
 1535 -0.6 -0.582541 0.00298119
 1536 -0.44 -0.582448 0.00298069
 1537 -0.44 -0.582355 0.00298019
 1538 -0.44 -0.582263 0.00297969
 1539 -0.44 -0.58217 0.00297919
 1540 -0.6 -0.582182 0.00297728
 1541 -0.6 -0.582193 0.00297537
 1542 -0.52 -0.582153 0.00297371
 1543 -0.76 -0.582268 0.00297402
 1544 -0.76 -0.582383 0.00297432
 1545 -0.6 -0.582395 0.00297242
 1546 -0.68 -0.582458 0.00297116
 1547 -0.6 -0.582469 0.00296926
 1548 -0.76 -0.582584 0.00296956
 1549 -0.68 -0.582647 0.00296831
 1550 -0.68 -0.58271 0.00296706
 1551 -0.44 -0.582618 0.00296657
 1552 -0.52 -0.582577 0.00296494
 1553 -0.6 -0.582589 0.00296305
 1554 -0.76 -0.582703 0.00296334
 1555 -0.6 -0.582714 0.00296145
 1556 -0.76 -0.582828 0.00296174
 1557 -0.68 -0.58289 0.0029605
 1558 -0.68 -0.582953 0.00295925
 1559 -0.84 -0.583117 0.00296195
 1560 -0.76 -0.583231 0.00296222
 1561 -0.84 -0.583395 0.00296489
 1562 -0.68 -0.583457 0.00296363
 1563 -0.68 -0.583519 0.00296238
 1564 -0.76 -0.583632 0.00296264
 1565 -0.6 -0.583642 0.00296076
 1566 -0.52 -0.583602 0.00295915
 1567 -0.6 -0.583612 0.00295728
 1568 -0.6 -0.583622 0.00295541
 1569 -0.6 -0.583633 0.00295354
 1570 -0.76 -0.583745 0.0029538
 1571 -0.68 -0.583806 0.00295255
 1572 -0.52 -0.583766 0.00295095
 1573 -0.68 -0.583827 0.00294971
 1574 -0.68 -0.583888 0.00294847
 1575 -0.68 -0.583949 0.00294723
 1576 -0.76 -0.584061 0.00294748
 1577 -0.84 -0.584223 0.00295007
 1578 -0.84 -0.584385 0.00295266
 1579 -0.76 -0.584497 0.00295288
 1580 -0.6 -0.584506 0.00295103
 1581 -0.76 -0.584617 0.00295125
 1582 -0.84 -0.584779 0.0029538
 1583 -0.68 -0.584839 0.00295254
 1584 -0.44 -0.584747 0.0029521
 1585 -0.52 -0.584707 0.00295052
 1586 -0.44 -0.584615 0.00295007
 1587 -0.52 -0.584575 0.00294849
 1588 -0.52 -0.584534 0.00294691
 1589 -0.36 -0.584393 0.00294844
 1590 -0.44 -0.584302 0.00294799
 1591 -0.52 -0.584261 0.00294641
 1592 -0.68 -0.584322 0.00294517
 1593 -0.68 -0.584382 0.00294394
 1594 -0.6 -0.584391 0.00294211
 1595 -0.6 -0.584401 0.00294028
 1596 -0.6 -0.584411 0.00293845
 1597 -0.76 -0.584521 0.00293867
 1598 -0.76 -0.584631 0.00293888
 1599 -0.76 -0.58474 0.00293909
 1600 -0.6 -0.58475 0.00293727
 1601 -0.52 -0.58471 0.00293571
 1602 -0.6 -0.584719 0.00293389
 1603 -0.52 -0.584679 0.00293234
 1604 -0.44 -0.584589 0.0029319
 1605 -0.6 -0.584598 0.00293009
 1606 -0.44 -0.584508 0.00292965
 1607 -0.36 -0.584368 0.00293115
 1608 -0.44 -0.584279 0.00293071
 1609 -0.44 -0.584189 0.00293026
 1610 -0.44 -0.584099 0.00292981
 1611 -0.36 -0.58396 0.00293129
 1612 -0.36 -0.583821 0.00293276
 1613 -0.36 -0.583683 0.00293423
 1614 -0.44 -0.583594 0.00293376
 1615 -0.44 -0.583505 0.00293329
 1616 -0.6 -0.583515 0.00293149
 1617 -0.6 -0.583525 0.0029297
 1618 -0.52 -0.583486 0.00292815
 1619 -0.6 -0.583496 0.00292636
 1620 -0.52 -0.583457 0.00292481
 1621 -0.6 -0.583467 0.00292303
 1622 -0.76 -0.583576 0.00292325
 1623 -0.84 -0.583734 0.00292572
 1624 -0.6 -0.583744 0.00292393
 1625 -0.6 -0.583754 0.00292215
 1626 -0.6 -0.583764 0.00292037
 1627 -0.76 -0.583872 0.00292058
 1628 -0.6 -0.583882 0.0029188
 1629 -0.6 -0.583892 0.00291703
 1630 -0.68 -0.583951 0.00291584
 1631 -0.52 -0.583912 0.00291431
 1632 -0.6 -0.583922 0.00291254
 1633 -0.52 -0.583882 0.00291102
 1634 -0.52 -0.583843 0.0029095
 1635 -0.6 -0.583853 0.00290774
 1636 -0.52 -0.583814 0.00290622
 1637 -0.6 -0.583824 0.00290446
 1638 -0.68 -0.583883 0.00290328
 1639 -0.6 -0.583893 0.00290153
 1640 -0.52 -0.583854 0.00290002
 1641 -0.68 -0.583912 0.00289884
 1642 -0.44 -0.583825 0.0028984
 1643 -0.52 -0.583786 0.0028969
 1644 -0.52 -0.583747 0.0028954
 1645 -0.68 -0.583805 0.00289423
 1646 -0.6 -0.583815 0.00289249
 1647 -0.6 -0.583825 0.00289075
 1648 -0.6 -0.583835 0.00288901
 1649 -0.52 -0.583796 0.00288751
 1650 -0.52 -0.583758 0.00288602
 1651 -0.52 -0.583719 0.00288453
 1652 -0.6 -0.583729 0.0028828
 1653 -0.68 -0.583787 0.00288165
 1654 -0.68 -0.583845 0.00288049
 1655 -0.6 -0.583855 0.00287877
 1656 -0.6 -0.583865 0.00287704
 1657 -0.68 -0.583923 0.00287589
 1658 -0.76 -0.584029 0.00287612
 1659 -0.68 -0.584087 0.00287497
 1660 -0.6 -0.584096 0.00287325
 1661 -0.76 -0.584202 0.00287347
 1662 -0.6 -0.584212 0.00287176
 1663 -0.68 -0.584269 0.00287061
 1664 -0.6 -0.584279 0.0028689
 1665 -0.6 -0.584288 0.00286719
 1666 -0.52 -0.58425 0.00286573
 1667 -0.52 -0.584211 0.00286427
 1668 -0.52 -0.584173 0.00286281
 1669 -0.52 -0.584134 0.00286135
 1670 -0.6 -0.584144 0.00285965
 1671 -0.6 -0.584153 0.00285796
 1672 -0.52 -0.584115 0.00285651
 1673 -0.6 -0.584124 0.00285481
 1674 -0.6 -0.584134 0.00285312
 1675 -0.52 -0.584096 0.00285168
 1676 -0.6 -0.584105 0.00284999
 1677 -0.68 -0.584162 0.00284887
 1678 -0.68 -0.584219 0.00284774
 1679 -0.6 -0.584229 0.00284606
 1680 -0.68 -0.584286 0.00284494
 1681 -0.68 -0.584343 0.00284381
 1682 -0.76 -0.584447 0.00284404
 1683 -0.6 -0.584456 0.00284236
 1684 -0.68 -0.584513 0.00284124
 1685 -0.76 -0.584617 0.00284146
 1686 -0.52 -0.584579 0.00284004
 1687 -0.68 -0.584635 0.00283892
 1688 -0.6 -0.584645 0.00283725
 1689 -0.76 -0.584748 0.00283747
 1690 -0.44 -0.584663 0.00283708
 1691 -0.44 -0.584577 0.00283669
 1692 -0.52 -0.584539 0.00283527
 1693 -0.44 -0.584454 0.00283489
 1694 -0.36 -0.584321 0.00283631
 1695 -0.44 -0.584236 0.00283591
 1696 -0.52 -0.584198 0.00283449
 1697 -0.44 -0.584113 0.0028341
 1698 -0.6 -0.584122 0.00283244
 1699 -0.52 -0.584085 0.00283103
 1700 -0.6 -0.584094 0.00282938
 1701 -0.6 -0.584103 0.00282773
 1702 -0.52 -0.584066 0.00282632
 1703 -0.52 -0.584028 0.00282491
 1704 -0.68 -0.584085 0.00282381
 1705 -0.68 -0.584141 0.00282271
 1706 -0.6 -0.58415 0.00282107
 1707 -0.68 -0.584206 0.00281998
 1708 -0.68 -0.584262 0.00281889
 1709 -0.52 -0.584225 0.00281749
 1710 -0.6 -0.584234 0.00281586
 1711 -0.44 -0.58415 0.00281547
 1712 -0.44 -0.584065 0.00281509
 1713 -0.44 -0.583981 0.0028147
 1714 -0.44 -0.583897 0.00281431
 1715 -0.36 -0.583767 0.0028157
 1716 -0.44 -0.583683 0.0028153
 1717 -0.6 -0.583692 0.00281368
 1718 -0.68 -0.583749 0.0028126
 1719 -0.76 -0.583851 0.00281283
 1720 -0.76 -0.583953 0.00281306
 1721 -0.76 -0.584056 0.00281329
 1722 -0.76 -0.584158 0.00281351
 1723 -0.76 -0.58426 0.00281373
 1724 -0.6 -0.584269 0.00281211
 1725 -0.36 -0.584139 0.00281348
 1726 -0.52 -0.584102 0.0028121
 1727 -0.36 -0.583972 0.00281346
 1728 -0.6 -0.583981 0.00281185
 1729 -0.6 -0.583991 0.00281024
 1730 -0.52 -0.583954 0.00280886
 1731 -0.52 -0.583917 0.00280748
 1732 -0.44 -0.583834 0.00280709
 1733 -0.36 -0.583705 0.00280844
 1734 -0.44 -0.583622 0.00280804
 1735 -0.52 -0.583585 0.00280666
 1736 -0.44 -0.583502 0.00280626
 1737 -0.6 -0.583512 0.00280466
 1738 -0.6 -0.583521 0.00280306
 1739 -0.68 -0.583577 0.002802
 1740 -0.44 -0.583494 0.00280161
 1741 -0.52 -0.583458 0.00280023
 1742 -0.52 -0.583421 0.00279886
 1743 -0.52 -0.583385 0.00279749
 1744 -0.68 -0.58344 0.00279644
 1745 -0.76 -0.583542 0.00279667
 1746 -0.76 -0.583643 0.00279689
 1747 -0.6 -0.583652 0.0027953
 1748 -0.6 -0.583661 0.00279372
 1749 -0.68 -0.583716 0.00279267
 1750 -0.68 -0.583771 0.00279161
 1751 -0.76 -0.583872 0.00279183
 1752 -0.68 -0.583927 0.00279078
 1753 -0.6 -0.583936 0.0027892
 1754 -0.76 -0.584036 0.00278942
 1755 -0.44 -0.583954 0.00278903
 1756 -0.68 -0.584009 0.00278798
 1757 -0.68 -0.584064 0.00278693
 1758 -0.6 -0.584073 0.00278536
 1759 -0.68 -0.584127 0.00278431
 1760 -0.68 -0.584182 0.00278326
 1761 -0.44 -0.5841 0.00278288
 1762 -0.52 -0.584064 0.00278154
 1763 -0.68 -0.584118 0.0027805
 1764 -0.6 -0.584127 0.00277893
 1765 -0.76 -0.584227 0.00277915
 1766 -0.6 -0.584236 0.00277759
 1767 -0.6 -0.584244 0.00277603
 1768 -0.68 -0.584299 0.00277499
 1769 -0.6 -0.584308 0.00277343
 1770 -0.68 -0.584362 0.00277239
 1771 -0.68 -0.584416 0.00277135
 1772 -0.68 -0.58447 0.00277031
 1773 -0.6 -0.584478 0.00276876
 1774 -0.6 -0.584487 0.00276721
 1775 -0.52 -0.584451 0.00276589
 1776 -0.52 -0.584414 0.00276457
 1777 -0.52 -0.584378 0.00276326
 1778 -0.36 -0.584252 0.00276458
 1779 -0.52 -0.584216 0.00276326
 1780 -0.44 -0.584135 0.0027629
 1781 -0.52 -0.584099 0.00276158
 1782 -0.6 -0.584108 0.00276005
 1783 -0.68 -0.584162 0.00275902
 1784 -0.36 -0.584036 0.00276034
 1785 -0.6 -0.584045 0.00275881
 1786 -0.6 -0.584054 0.00275727
 1787 -0.68 -0.584107 0.00275625
 1788 -0.52 -0.584072 0.00275495
 1789 -0.68 -0.584125 0.00275393
 1790 -0.68 -0.584179 0.00275291
 1791 -0.6 -0.584188 0.00275139
 1792 -0.52 -0.584152 0.00275008
 1793 -0.68 -0.584205 0.00274907
 1794 -0.6 -0.584214 0.00274755
 1795 -0.76 -0.584312 0.00274777
 1796 -0.6 -0.584321 0.00274625
 1797 -0.6 -0.584329 0.00274473
 1798 -0.52 -0.584294 0.00274344
 1799 -0.68 -0.584347 0.00274243
 1800 -0.6 -0.584356 0.00274092
 1801 -0.52 -0.58432 0.00273963
 1802 -0.68 -0.584373 0.00273863
 1803 -0.68 -0.584426 0.00273762
 1804 -0.68 -0.584479 0.00273661
 1805 -0.52 -0.584443 0.00273533
 1806 -0.68 -0.584496 0.00273433
 1807 -0.76 -0.584593 0.00273454
 1808 -0.84 -0.584735 0.00273668
 1809 -0.6 -0.584743 0.00273518
 1810 -0.76 -0.58484 0.00273538
 1811 -0.84 -0.584981 0.0027375
 1812 -0.76 -0.585077 0.00273769
 1813 -0.68 -0.58513 0.00273668
 1814 -0.52 -0.585094 0.00273541
 1815 -0.44 -0.585014 0.00273507
 1816 -0.6 -0.585022 0.00273357
 1817 -0.44 -0.584942 0.00273323
 1818 -0.6 -0.58495 0.00273174
 1819 -0.52 -0.584915 0.00273047
 1820 -0.6 -0.584923 0.00272899
 1821 -0.84 -0.585063 0.00273108
 1822 -0.68 -0.585115 0.00273008
 1823 -0.84 -0.585255 0.00273216
 1824 -0.84 -0.585395 0.00273423
 1825 -0.76 -0.58549 0.00273441
 1826 -0.68 -0.585542 0.0027334
 1827 -0.68 -0.585594 0.00273239
 1828 -0.6 -0.585602 0.00273091
 1829 -0.6 -0.58561 0.00272943
 1830 -0.68 -0.585661 0.00272842
 1831 -0.52 -0.585625 0.00272717
 1832 -0.52 -0.58559 0.00272591
 1833 -0.6 -0.585597 0.00272444
 1834 -0.52 -0.585562 0.00272319
 1835 -0.52 -0.585526 0.00272194
 1836 -0.68 -0.585577 0.00272094
 1837 -0.6 -0.585585 0.00271947
 1838 -0.68 -0.585637 0.00271848
 1839 -0.68 -0.585688 0.00271748
 1840 -0.68 -0.585739 0.00271649
 1841 -0.68 -0.58579 0.00271549
 1842 -0.76 -0.585885 0.00271567
 1843 -0.44 -0.585806 0.00271535
 1844 -0.52 -0.58577 0.00271411
 1845 -0.52 -0.585734 0.00271287
 1846 -0.6 -0.585742 0.00271141
 1847 -0.68 -0.585793 0.00271042
 1848 -0.6 -0.585801 0.00270897
 1849 -0.6 -0.585809 0.00270751
 1850 -0.68 -0.585859 0.00270653
 1851 -0.68 -0.58591 0.00270554
 1852 -0.68 -0.585961 0.00270456
 1853 -0.6 -0.585969 0.00270311
 1854 -0.76 -0.586063 0.00270328
 1855 -0.84 -0.586199 0.00270529
 1856 -0.92 -0.586379 0.00270981
 1857 -0.92 -0.586559 0.0027143
 1858 -0.84 -0.586695 0.00271627
 1859 -0.68 -0.586746 0.00271527
 1860 -0.28 -0.586581 0.00271881
 1861 -0.52 -0.586545 0.00271759
 1862 -0.52 -0.586509 0.00271636
 1863 -0.6 -0.586516 0.00271492
 1864 -0.6 -0.586524 0.00271347
 1865 -0.44 -0.586445 0.00271315
 1866 -0.6 -0.586452 0.00271171
 1867 -0.76 -0.586545 0.00271185
 1868 -0.68 -0.586595 0.00271086
 1869 -0.6 -0.586602 0.00270941
 1870 -0.6 -0.58661 0.00270798
 1871 -0.6 -0.586617 0.00270654
 1872 -0.52 -0.586581 0.00270532
 1873 -0.44 -0.586503 0.00270501
 1874 -0.6 -0.58651 0.00270358
 1875 -0.6 -0.586517 0.00270215
 1876 -0.52 -0.586482 0.00270094
 1877 -0.68 -0.586532 0.00269996
 1878 -0.36 -0.586411 0.00270121
 1879 -0.52 -0.586376 0.00270001
 1880 -0.68 -0.586426 0.00269903
 1881 -0.68 -0.586475 0.00269805
 1882 -0.52 -0.58644 0.00269685
 1883 -0.6 -0.586447 0.00269543
 1884 -0.6 -0.586454 0.00269401
 1885 -0.68 -0.586504 0.00269303
 1886 -0.44 -0.586426 0.00269273
 1887 -0.44 -0.586349 0.00269242
 1888 -0.36 -0.586229 0.00269366
 1889 -0.36 -0.586109 0.0026949
 1890 -0.44 -0.586032 0.00269458
 1891 -0.52 -0.585997 0.00269338
 1892 -0.36 -0.585877 0.00269461
 1893 -0.28 -0.585716 0.00269802
 1894 -0.6 -0.585723 0.00269661
 1895 -0.6 -0.585731 0.0026952
 1896 -0.6 -0.585738 0.00269379
 1897 -0.68 -0.585788 0.00269282
 1898 -0.6 -0.585796 0.00269142
 1899 -0.52 -0.585761 0.00269022
 1900 -0.52 -0.585726 0.00268903
 1901 -0.68 -0.585776 0.00268807
 1902 -0.36 -0.585657 0.00268928
 1903 -0.6 -0.585665 0.00268787
 1904 -0.68 -0.585714 0.00268692
 1905 -0.6 -0.585722 0.00268552
 1906 -0.68 -0.585771 0.00268457
 1907 -0.6 -0.585779 0.00268317
 1908 -0.6 -0.585786 0.00268177
 1909 -0.68 -0.585836 0.00268082
 1910 -0.68 -0.585885 0.00267987
 1911 -0.68 -0.585934 0.00267892
 1912 -0.6 -0.585941 0.00267753
 1913 -0.44 -0.585865 0.00267722
 1914 -0.36 -0.585747 0.00267842
 1915 -0.44 -0.585671 0.0026781
 1916 -0.44 -0.585595 0.00267778
 1917 -0.36 -0.585477 0.00267897
 1918 -0.52 -0.585443 0.00267779
 1919 -0.52 -0.585409 0.00267661
 1920 -0.6 -0.585417 0.00267523
 1921 -0.6 -0.585424 0.00267385
 1922 -0.6 -0.585432 0.00267247
 1923 -0.6 -0.585439 0.00267109
 1924 -0.44 -0.585364 0.00267077
 1925 -0.52 -0.58533 0.0026696
 1926 -0.68 -0.585379 0.00266866
 1927 -0.76 -0.58547 0.00266882
 1928 -0.84 -0.585602 0.0026707
 1929 -0.6 -0.585609 0.00266932
 1930 -0.76 -0.585699 0.00266947
 1931 -0.52 -0.585665 0.0026683
 1932 -0.52 -0.585631 0.00266714
 1933 -0.6 -0.585639 0.00266577
 1934 -0.44 -0.585564 0.00266545
 1935 -0.44 -0.585488 0.00266514
 1936 -0.52 -0.585455 0.00266397
 1937 -0.6 -0.585462 0.00266261
 1938 -0.6 -0.58547 0.00266125
 1939 -0.44 -0.585395 0.00266093
 1940 -0.36 -0.585278 0.0026621
 1941 -0.44 -0.585204 0.00266178
 1942 -0.44 -0.585129 0.00266146
 1943 -0.28 -0.584972 0.00266472
 1944 -0.36 -0.584856 0.00266586
 1945 -0.44 -0.584781 0.00266553
 1946 -0.52 -0.584748 0.00266437
 1947 -0.52 -0.584715 0.00266321
 1948 -0.44 -0.584641 0.00266287
 1949 -0.6 -0.584649 0.00266152
 1950 -0.52 -0.584615 0.00266036
 1951 -0.44 -0.584541 0.00266003
 1952 -0.68 -0.58459 0.00265912
 1953 -0.44 -0.584516 0.00265879
 1954 -0.52 -0.584483 0.00265763
 1955 -0.68 -0.584532 0.00265672
 1956 -0.52 -0.584499 0.00265557
 1957 -0.76 -0.584589 0.00265572
 1958 -0.76 -0.584678 0.00265588
 1959 -0.68 -0.584727 0.00265497
 1960 -0.68 -0.584776 0.00265406
 1961 -0.36 -0.584661 0.00265518
 1962 -0.44 -0.584587 0.00265485
 1963 -0.52 -0.584554 0.0026537
 1964 -0.52 -0.584521 0.00265255
 1965 -0.44 -0.584448 0.00265222
 1966 -0.36 -0.584334 0.00265333
 1967 -0.2 -0.584138 0.00265917
 1968 -0.36 -0.584024 0.00266026
 1969 -0.52 -0.583992 0.0026591
 1970 -0.52 -0.583959 0.00265795
 1971 -0.44 -0.583886 0.00265761
 1972 -0.52 -0.583854 0.00265646
 1973 -0.68 -0.583903 0.00265556
 1974 -0.6 -0.583911 0.00265422
 1975 -0.76 -0.584 0.00265438
 1976 -0.6 -0.584008 0.00265305
 1977 -0.6 -0.584016 0.00265172
 1978 -0.6 -0.584024 0.00265039
 1979 -0.6 -0.584032 0.00264906
 1980 -0.6 -0.58404 0.00264773
 1981 -0.44 -0.583968 0.0026474
 1982 -0.28 -0.583814 0.0026505
 1983 -0.52 -0.583782 0.00264936
 1984 -0.52 -0.58375 0.00264822
 1985 -0.6 -0.583758 0.0026469
 1986 -0.6 -0.583766 0.00264558
 1987 -0.52 -0.583734 0.00264444
 1988 -0.44 -0.583662 0.0026441
 1989 -0.6 -0.58367 0.00264278
 1990 -0.68 -0.583719 0.0026419
 1991 -0.6 -0.583727 0.00264058
 1992 -0.44 -0.583655 0.00264024
 1993 -0.52 -0.583623 0.00263911
 1994 -0.52 -0.583591 0.00263798
 1995 -0.6 -0.583599 0.00263667
 1996 -0.6 -0.583607 0.00263536
 1997 -0.52 -0.583575 0.00263423
 1998 -0.68 -0.583624 0.00263336
 1999 -0.6 -0.583632 0.00263205
 2000 -0.52 -0.5836 0.00263093
