 1 0 0 0
 2 -7.89492e-16 -3.94746e-16 3.94746e-16
 3 -7.89492e-16 -5.26328e-16 2.63164e-16
 4 -1.57898e-15 -7.89492e-16 3.22309e-16
 5 -1.57898e-15 -9.4739e-16 2.95401e-16
 6 0 -7.89492e-16 2.88282e-16
 7 0 -6.76707e-16 2.68481e-16
 8 0 -5.92119e-16 2.4742e-16
 9 -7.89492e-16 -6.14049e-16 2.19303e-16
 10 0 -5.52644e-16 2.05538e-16
 11 0 -5.02404e-16 1.92584e-16
 12 3.94746e-16 -4.27641e-16 1.91041e-16
 13 0 -3.94746e-16 1.78785e-16
 14 0 -3.6655e-16 1.67907e-16
 15 -7.89492e-16 -3.94746e-16 1.58835e-16
 16 -1.57898e-15 -4.68761e-16 1.65992e-16
 17 0 -4.41187e-16 1.58342e-16
 18 -7.89492e-16 -4.60537e-16 1.50535e-16
 19 0 -4.36298e-16 1.4444e-16
 20 0 -4.14483e-16 1.38753e-16
 21 -1.57898e-15 -4.69936e-16 1.43157e-16
 22 -1.57898e-15 -5.20347e-16 1.45506e-16
 23 -1.57898e-15 -5.66375e-16 1.46457e-16
 24 3.15797e-15 -4.11194e-16 2.09149e-16
 25 0 -3.94746e-16 2.01282e-16
 26 -1.57898e-15 -4.40294e-16 1.98677e-16
 27 0 -4.23986e-16 1.91871e-16
 28 0 -4.08844e-16 1.85511e-16
 29 -7.89492e-16 -4.2197e-16 1.7948e-16
 30 -7.89492e-16 -4.34221e-16 1.73826e-16
 31 0 -4.20213e-16 1.68708e-16
 32 -7.89492e-16 -4.31753e-16 1.63758e-16
 33 0 -4.1867e-16 1.59256e-16
 34 0 -4.06356e-16 1.54991e-16
 35 0 -3.94746e-16 1.50945e-16
 36 -1.57898e-15 -4.27641e-16 1.50335e-16
 37 0 -4.16084e-16 1.46672e-16
 38 0 -4.05134e-16 1.43179e-16
 39 3.15797e-15 -3.13772e-16 1.66721e-16
 40 3.15797e-15 -2.26979e-16 1.84226e-16
 41 0 -2.21443e-16 1.79762e-16
 42 -1.57898e-15 -2.53765e-16 1.78382e-16
 43 0 -2.47864e-16 1.74285e-16
 44 0 -2.4223e-16 1.70371e-16
 45 0 -2.36848e-16 1.66629e-16
 46 0 -2.31699e-16 1.63047e-16
 47 -1.57898e-15 -2.60364e-16 1.62095e-16
 48 -1.57898e-15 -2.87836e-16 1.61043e-16
 49 -1.57898e-15 -3.14186e-16 1.59908e-16
 50 0 -3.07902e-16 1.56803e-16
 51 0 -3.01865e-16 1.53816e-16
 52 0 -2.96059e-16 1.50941e-16
 53 0 -2.90473e-16 1.48171e-16
 54 -1.57898e-15 -3.14335e-16 1.47346e-16
 55 -7.89492e-16 -3.22974e-16 1.449e-16
 56 -1.57898e-15 -3.45403e-16 1.44046e-16
 57 0 -3.39343e-16 1.41626e-16
 58 0 -3.33492e-16 1.39285e-16
 59 -1.57898e-15 -3.54602e-16 1.38522e-16
 60 -1.57898e-15 -3.75009e-16 1.37714e-16
 61 0 -3.68861e-16 1.35577e-16
 62 -7.89492e-16 -3.75645e-16 1.33545e-16
 63 0 -3.69683e-16 1.31543e-16
 64 3.94746e-16 -3.57739e-16 1.30022e-16
 65 3.94746e-16 -3.46162e-16 1.28528e-16
 66 0 -3.40917e-16 1.26674e-16
 67 3.94746e-16 -3.29937e-16 1.25252e-16
 68 -7.89492e-16 -3.36695e-16 1.23581e-16
 69 -7.89492e-16 -3.43257e-16 1.21953e-16
 70 0 -3.38354e-16 1.20298e-16
 71 3.94746e-16 -3.28028e-16 1.19041e-16
 72 -1.97373e-16 -3.26214e-16 1.1739e-16
 73 -7.89492e-16 -3.3256e-16 1.15944e-16
 74 0 -3.28066e-16 1.14455e-16
 75 -7.89492e-16 -3.34218e-16 1.13086e-16
 76 3.94746e-16 -3.24627e-16 1.12e-16
 77 0 -3.20411e-16 1.10616e-16
 78 0 -3.16303e-16 1.09266e-16
 79 -7.89492e-16 -3.22293e-16 1.0804e-16
 80 0 -3.18264e-16 1.06757e-16
 81 0 -3.14335e-16 1.05504e-16
 82 0 -3.10501e-16 1.0428e-16
 83 -1.57898e-15 -3.25784e-16 1.04143e-16
 84 -1.57898e-15 -3.40703e-16 1.03972e-16
 85 -1.57898e-15 -3.55271e-16 1.03769e-16
 86 0 -3.5114e-16 1.02639e-16
 87 -1.57898e-15 -3.65253e-16 1.02429e-16
 88 0 -3.61103e-16 1.01343e-16
 89 -7.89492e-16 -3.65916e-16 1.00314e-16
 90 -7.89492e-16 -3.70623e-16 9.93044e-17
 91 3.94746e-16 -3.62212e-16 9.85666e-17
 92 -7.89492e-16 -3.66856e-16 9.75999e-17
 93 3.94746e-16 -3.58667e-16 9.68914e-17
 94 -7.89492e-16 -3.6325e-16 9.59646e-17
 95 0 -3.59427e-16 9.50261e-17
 96 0 -3.55683e-16 9.41055e-17
 97 0 -3.52016e-16 9.32025e-17
 98 0 -3.48424e-16 9.23164e-17
 99 -1.57898e-15 -3.60854e-16 9.22207e-17
 100 -7.89492e-16 -3.6514e-16 9.13944e-17
 101 0 -3.61525e-16 9.05572e-17
 102 0 -3.5798e-16 8.9735e-17
 103 -7.89492e-16 -3.6217e-16 8.89582e-17
 104 3.94746e-16 -3.54892e-16 8.83988e-17
 105 0 -3.51512e-16 8.76181e-17
 106 -7.89492e-16 -3.55644e-16 8.68858e-17
 107 -1.57898e-15 -3.67077e-16 8.6826e-17
 108 -7.89492e-16 -3.70988e-16 8.61072e-17
 109 -1.57898e-15 -3.82071e-16 8.60304e-17
 110 -1.57898e-15 -3.92952e-16 8.59364e-17
 111 -1.57898e-15 -4.03637e-16 8.58264e-17
 112 0 -4.00033e-16 8.51329e-17
 113 -1.57898e-15 -4.10466e-16 8.50187e-17
 114 -1.57898e-15 -4.20716e-16 8.48908e-17
 115 -7.89492e-16 -4.23923e-16 8.42104e-17
 116 -7.89492e-16 -4.27074e-16 8.35408e-17
 117 3.94746e-16 -4.2005e-16 8.3121e-17
 118 -1.57898e-15 -4.29872e-16 8.29967e-17
 119 0 -4.26259e-16 8.23756e-17
 120 0 -4.22707e-16 8.17634e-17
 121 3.15797e-15 -3.93115e-16 8.63161e-17
 122 0 -3.89893e-16 8.56663e-17
 123 0 -3.86723e-16 8.5026e-17
 124 3.15797e-15 -3.58136e-16 8.90505e-17
 125 0 -3.55271e-16 8.83817e-17
 126 0 -3.52452e-16 8.77228e-17
 127 -1.57898e-15 -3.62109e-16 8.75635e-17
 128 0 -3.59281e-16 8.69228e-17
 129 -1.57898e-15 -3.68736e-16 8.67631e-17
 130 0 -3.65899e-16 8.61398e-17
 131 -1.57898e-15 -3.75159e-16 8.59798e-17
 132 -1.57898e-15 -3.84279e-16 8.5812e-17
 133 -1.57898e-15 -3.93262e-16 8.56367e-17
 134 0 -3.90327e-16 8.50459e-17
 135 0 -3.87436e-16 8.44631e-17
 136 0 -3.84587e-16 8.38881e-17
 137 -7.89492e-16 -3.87543e-16 8.3326e-17
 138 0 -3.84734e-16 8.27676e-17
 139 -7.89492e-16 -3.87646e-16 8.22216e-17
 140 -1.97373e-16 -3.86287e-16 8.16435e-17
 141 -7.89492e-16 -3.89147e-16 8.11128e-17
 142 0 -3.86406e-16 8.05862e-17
 143 0 -3.83704e-16 8.00663e-17
 144 0 -3.8104e-16 7.9553e-17
 145 -7.89492e-16 -3.83856e-16 7.90526e-17
 146 -7.89492e-16 -3.86635e-16 7.85584e-17
 147 0 -3.84005e-16 7.80665e-17
 148 0 -3.8141e-16 7.75806e-17
 149 0 -3.7885e-16 7.71007e-17
 150 0 -3.76324e-16 7.66266e-17
 151 -1.57898e-15 -3.84289e-16 7.6533e-17
 152 3.15797e-15 -3.60985e-16 7.95193e-17
 153 0 -3.58625e-16 7.90331e-17
 154 0 -3.56297e-16 7.85528e-17
 155 -1.57898e-15 -3.64185e-16 7.8442e-17
 156 0 -3.6185e-16 7.79725e-17
 157 0 -3.59546e-16 7.75085e-17
 158 0 -3.5727e-16 7.705e-17
 159 0 -3.55023e-16 7.65968e-17
 160 -1.97373e-16 -3.54038e-16 7.6123e-17
 161 0 -3.51839e-16 7.56807e-17
 162 3.94746e-16 -3.4723e-16 7.53531e-17
 163 0 -3.451e-16 7.49197e-17
 164 0 -3.42996e-16 7.44912e-17
 165 0 -3.40917e-16 7.40675e-17
 166 0 -3.38863e-16 7.36486e-17
 167 0 -3.36834e-16 7.32344e-17
 168 -1.57898e-15 -3.44228e-16 7.31717e-17
 169 -7.89492e-16 -3.46863e-16 7.27851e-17
 170 0 -3.44822e-16 7.23845e-17
 171 -7.89492e-16 -3.47423e-16 7.20069e-17
 172 0 -3.45403e-16 7.16155e-17
 173 0 -3.43406e-16 7.12283e-17
 174 -1.57898e-15 -3.50507e-16 7.11729e-17
 175 -7.89492e-16 -3.53016e-16 7.08095e-17
 176 -1.57898e-15 -3.59981e-16 7.07498e-17
 177 0 -3.57948e-16 7.03783e-17
 178 0 -3.55937e-16 7.00107e-17
 179 0 -3.53948e-16 6.96469e-17
 180 -1.57898e-15 -3.60754e-16 6.95924e-17
 181 0 -3.58761e-16 6.92356e-17
 182 0 -3.5679e-16 6.88823e-17
 183 -1.57898e-15 -3.63468e-16 6.88297e-17
 184 0 -3.61493e-16 6.84831e-17
 185 -7.89492e-16 -3.63806e-16 6.81512e-17
 186 -1.57898e-15 -3.7034e-16 6.80979e-17
 187 0 -3.68359e-16 6.77617e-17
 188 0 -3.664e-16 6.74288e-17
 189 0 -3.64461e-16 6.70991e-17
 190 -1.57898e-15 -3.70853e-16 6.70504e-17
 191 -1.57898e-15 -3.77179e-16 6.69977e-17
 192 0 -3.75214e-16 6.66767e-17
 193 0 -3.7327e-16 6.63588e-17
 194 -7.89492e-16 -3.75416e-16 6.60508e-17
 195 0 -3.7349e-16 6.57394e-17
 196 -1.57898e-15 -3.79641e-16 6.56917e-17
 197 -1.57898e-15 -3.85729e-16 6.56403e-17
 198 -7.89492e-16 -3.87768e-16 6.53398e-17
 199 -7.89492e-16 -3.89787e-16 6.50419e-17
 200 -1.57898e-15 -3.95733e-16 6.49885e-17
 201 -1.57898e-15 -4.0162e-16 6.49317e-17
 202 0 -3.99631e-16 6.46401e-17
 203 -1.57898e-15 -4.05441e-16 6.45827e-17
 204 -7.89492e-16 -4.07324e-16 6.42929e-17
 205 0 -4.05337e-16 6.40094e-17
 206 -1.57898e-15 -4.11034e-16 6.39522e-17
 207 0 -4.09048e-16 6.36734e-17
 208 0 -4.07082e-16 6.33971e-17
 209 -1.57898e-15 -4.12689e-16 6.33417e-17
 210 -7.89492e-16 -4.14483e-16 6.30649e-17
 211 -1.57898e-15 -4.20002e-16 6.30075e-17
 212 3.15797e-15 -4.03125e-16 6.4941e-17
 213 3.15797e-15 -3.86406e-16 6.67626e-17
 214 -1.57898e-15 -3.91979e-16 6.66832e-17
 215 0 -3.90156e-16 6.63973e-17
 216 0 -3.8835e-16 6.61139e-17
 217 -7.89492e-16 -3.90198e-16 6.58345e-17
 218 0 -3.88408e-16 6.55562e-17
 219 0 -3.86635e-16 6.52803e-17
 220 0 -3.84877e-16 6.50066e-17
 221 0 -3.83136e-16 6.47353e-17
 222 -7.89492e-16 -3.84966e-16 6.4469e-17
 223 0 -3.8324e-16 6.42024e-17
 224 -1.57898e-15 -3.88578e-16 6.41377e-17
 225 0 -3.86851e-16 6.38754e-17
 226 -1.57898e-15 -3.92126e-16 6.38105e-17
 227 -1.57898e-15 -3.97354e-16 6.37436e-17
 228 0 -3.95612e-16 6.34873e-17
 229 -1.57898e-15 -4.00779e-16 6.34203e-17
 230 0 -3.99037e-16 6.3168e-17
 231 -1.57898e-15 -4.04145e-16 6.31011e-17
 232 -7.89492e-16 -4.05806e-16 6.28504e-17
 233 0 -4.04064e-16 6.26044e-17
 234 0 -4.02337e-16 6.23602e-17
 235 -1.57898e-15 -4.07344e-16 6.22958e-17
 236 -1.57898e-15 -4.12309e-16 6.22296e-17
 237 0 -4.10569e-16 6.19909e-17
 238 -7.89492e-16 -4.12161e-16 6.17504e-17
 239 -7.89492e-16 -4.1374e-16 6.15117e-17
 240 0 -4.12016e-16 6.12792e-17
 241 0 -4.10306e-16 6.10483e-17
 242 -7.89492e-16 -4.11873e-16 6.08157e-17
 243 -7.89492e-16 -4.13427e-16 6.05848e-17
 244 0 -4.11733e-16 6.03598e-17
 245 0 -4.10052e-16 6.01364e-17
 246 -1.57898e-15 -4.14804e-16 6.00797e-17
 247 -1.57898e-15 -4.19517e-16 6.00213e-17
 248 0 -4.17826e-16 5.98027e-17
 249 0 -4.16148e-16 5.95857e-17
 250 -1.57898e-15 -4.20799e-16 5.95289e-17
 251 0 -4.19123e-16 5.93149e-17
 252 0 -4.1746e-16 5.91025e-17
 253 0 -4.15809e-16 5.88915e-17
 254 0 -4.14172e-16 5.86821e-17
 255 -1.57898e-15 -4.1874e-16 5.86297e-17
 256 -1.57898e-15 -4.23273e-16 5.85758e-17
 257 -1.57898e-15 -4.27769e-16 5.85205e-17
 258 -1.57898e-15 -4.32232e-16 5.84638e-17
 259 -1.57898e-15 -4.36659e-16 5.84057e-17
 260 0 -4.3498e-16 5.82048e-17
 261 0 -4.33313e-16 5.80053e-17
 262 -1.57898e-15 -4.37686e-16 5.79487e-17
 263 -7.89492e-16 -4.39024e-16 5.77435e-17
 264 0 -4.37361e-16 5.75484e-17
 265 0 -4.3571e-16 5.73545e-17
 266 0 -4.34072e-16 5.7162e-17
 267 0 -4.32446e-16 5.69707e-17
 268 0 -4.30833e-16 5.67807e-17
 269 -1.57898e-15 -4.35101e-16 5.673e-17
 270 0 -4.3349e-16 5.65424e-17
 271 0 -4.3189e-16 5.63561e-17
 272 0 -4.30302e-16 5.6171e-17
 273 -1.97373e-16 -4.29449e-16 5.59714e-17
 274 0 -4.27882e-16 5.57887e-17
 275 0 -4.26326e-16 5.56073e-17
 276 -1.57898e-15 -4.30502e-16 5.55626e-17
 277 -7.89492e-16 -4.31798e-16 5.53768e-17
 278 -7.89492e-16 -4.33085e-16 5.51923e-17
 279 0 -4.31532e-16 5.5016e-17
 280 0 -4.29991e-16 5.48408e-17
 281 3.94746e-16 -4.27056e-16 5.47241e-17
 282 -7.89492e-16 -4.28341e-16 5.45448e-17
 283 -1.57898e-15 -4.32407e-16 5.45036e-17
 284 0 -4.30885e-16 5.43327e-17
 285 0 -4.29373e-16 5.41628e-17
 286 0 -4.27871e-16 5.3994e-17
 287 0 -4.26381e-16 5.38261e-17
 288 -7.89492e-16 -4.27641e-16 5.36537e-17
 289 -7.89492e-16 -4.28894e-16 5.34824e-17
 290 0 -4.27415e-16 5.33182e-17
 291 0 -4.25946e-16 5.3155e-17
 292 0 -4.24487e-16 5.29927e-17
 293 0 -4.23038e-16 5.28314e-17
 294 0 -4.21599e-16 5.2671e-17
 295 -7.89492e-16 -4.22847e-16 5.2507e-17
 296 -1.57898e-15 -4.26752e-16 5.24749e-17
 297 0 -4.25316e-16 5.23176e-17
 298 -7.89492e-16 -4.26538e-16 5.21561e-17
 299 0 -4.25111e-16 5.20009e-17
 300 0 -4.23694e-16 5.18467e-17
 301 3.94746e-16 -4.20975e-16 5.17456e-17
 302 0 -4.19581e-16 5.15928e-17
 303 0 -4.18196e-16 5.14409e-17
 304 -7.89492e-16 -4.19418e-16 5.1286e-17
 305 -7.89492e-16 -4.20631e-16 5.11319e-17
 306 -7.89492e-16 -4.21836e-16 5.09788e-17
 307 0 -4.20462e-16 5.08311e-17
 308 -1.57898e-15 -4.24224e-16 5.08052e-17
 309 -7.89492e-16 -4.25406e-16 5.06543e-17
 310 0 -4.24034e-16 5.05093e-17
 311 0 -4.2267e-16 5.03651e-17
 312 -7.89492e-16 -4.23846e-16 5.02172e-17
 313 0 -4.22492e-16 5.00748e-17
 314 -7.89492e-16 -4.2366e-16 4.99287e-17
 315 -7.89492e-16 -4.24822e-16 4.97835e-17
 316 -7.89492e-16 -4.25976e-16 4.96391e-17
 317 3.94746e-16 -4.23387e-16 4.955e-17
 318 0 -4.22055e-16 4.94119e-17
 319 3.94746e-16 -4.19495e-16 4.93232e-17
 320 0 -4.18184e-16 4.91863e-17
 321 -7.89492e-16 -4.19341e-16 4.90465e-17
 322 0 -4.18038e-16 4.89113e-17
 323 -7.89492e-16 -4.19188e-16 4.87732e-17
 324 0 -4.17895e-16 4.86396e-17
 325 3.94746e-16 -4.15394e-16 4.85542e-17
 326 -1.97373e-16 -4.14725e-16 4.84096e-17
 327 3.94746e-16 -4.1225e-16 4.83248e-17
 328 -7.89492e-16 -4.134e-16 4.8191e-17
 329 0 -4.12144e-16 4.80607e-17
 330 -1.57898e-15 -4.15679e-16 4.80451e-17
 331 -1.57898e-15 -4.19194e-16 4.80285e-17
 332 -1.57898e-15 -4.22687e-16 4.80109e-17
 333 -7.89492e-16 -4.23789e-16 4.78792e-17
 334 0 -4.2252e-16 4.77525e-17
 335 0 -4.21259e-16 4.76264e-17
 336 -1.57898e-15 -4.24704e-16 4.76093e-17
 337 0 -4.23444e-16 4.74845e-17
 338 -7.89492e-16 -4.24527e-16 4.73562e-17
 339 0 -4.23275e-16 4.72329e-17
 340 -1.97373e-16 -4.2261e-16 4.70985e-17
 341 0 -4.21371e-16 4.69765e-17
 342 3.94746e-16 -4.18985e-16 4.68997e-17
 343 0 -4.17763e-16 4.67787e-17
 344 0 -4.16549e-16 4.66584e-17
 345 0 -4.15341e-16 4.65386e-17
 346 0 -4.14141e-16 4.64194e-17
 347 -7.89492e-16 -4.15223e-16 4.62981e-17
 348 -7.89492e-16 -4.16298e-16 4.61774e-17
 349 -7.89492e-16 -4.17368e-16 4.60573e-17
 350 -1.57898e-15 -4.20686e-16 4.60453e-17
 351 0 -4.19488e-16 4.59295e-17
 352 -1.57898e-15 -4.22782e-16 4.59172e-17
 353 -1.57898e-15 -4.26057e-16 4.59039e-17
 354 0 -4.24854e-16 4.57899e-17
 355 0 -4.23657e-16 4.56764e-17
 356 -7.89492e-16 -4.24685e-16 4.55595e-17
 357 -1.57898e-15 -4.27918e-16 4.55466e-17
 358 0 -4.26723e-16 4.54349e-17
 359 -1.57898e-15 -4.29932e-16 4.54217e-17
 360 -1.57898e-15 -4.33124e-16 4.54077e-17
 361 0 -4.31924e-16 4.52976e-17
 362 -1.57898e-15 -4.35093e-16 4.52833e-17
 363 0 -4.33894e-16 4.51743e-17
 364 -7.89492e-16 -4.34871e-16 4.50606e-17
 365 -7.89492e-16 -4.35843e-16 4.49475e-17
 366 -7.89492e-16 -4.36809e-16 4.4835e-17
 367 0 -4.35619e-16 4.47285e-17
 368 0 -4.34435e-16 4.46225e-17
 369 -1.57898e-15 -4.37537e-16 4.46093e-17
 370 -1.57898e-15 -4.40622e-16 4.45954e-17
 371 -1.57898e-15 -4.4369e-16 4.45808e-17
 372 3.94746e-16 -4.41436e-16 4.45179e-17
 373 0 -4.40253e-16 4.44141e-17
 374 3.94746e-16 -4.3802e-16 4.43514e-17
 375 -7.89492e-16 -4.38958e-16 4.42429e-17
 376 -1.57898e-15 -4.41989e-16 4.42292e-17
 377 -1.57898e-15 -4.45005e-16 4.42147e-17
 378 0 -4.43828e-16 4.41133e-17
 379 0 -4.42657e-16 4.40123e-17
 380 -7.89492e-16 -4.4357e-16 4.39058e-17
 381 -7.89492e-16 -4.44478e-16 4.37998e-17
 382 0 -4.43314e-16 4.37005e-17
 383 0 -4.42157e-16 4.36016e-17
 384 -7.89492e-16 -4.43061e-16 4.34973e-17
 385 0 -4.4191e-16 4.33995e-17
 386 0 -4.40766e-16 4.3302e-17
 387 -1.97373e-16 -4.40137e-16 4.31946e-17
 388 3.94746e-16 -4.37985e-16 4.31368e-17
 389 0 -4.36859e-16 4.30405e-17
 390 0 -4.35739e-16 4.29446e-17
 391 0 -4.34624e-16 4.28491e-17
 392 0 -4.33516e-16 4.27541e-17
 393 -7.89492e-16 -4.34421e-16 4.26548e-17
 394 0 -4.33319e-16 4.25606e-17
 395 -1.57898e-15 -4.36219e-16 4.25517e-17
 396 0 -4.35118e-16 4.24584e-17
 397 0 -4.34022e-16 4.23655e-17
 398 0 -4.32931e-16 4.2273e-17
 399 0 -4.31846e-16 4.21809e-17
 400 0 -4.30767e-16 4.20891e-17
 401 0 -4.29692e-16 4.19978e-17
 402 3.94746e-16 -4.27641e-16 4.19434e-17
 403 -7.89492e-16 -4.28539e-16 4.18488e-17
 404 0 -4.27479e-16 4.17585e-17
 405 0 -4.26423e-16 4.16687e-17
 406 0 -4.25373e-16 4.15792e-17
 407 0 -4.24328e-16 4.14901e-17
 408 -7.89492e-16 -4.25223e-16 4.13979e-17
 409 -7.89492e-16 -4.26113e-16 4.13062e-17
 410 0 -4.25074e-16 4.12184e-17
 411 0 -4.2404e-16 4.1131e-17
 412 -1.97373e-16 -4.2349e-16 4.10348e-17
 413 -7.89492e-16 -4.24376e-16 4.09449e-17
 414 0 -4.23351e-16 4.08587e-17
 415 -7.89492e-16 -4.24233e-16 4.07697e-17
 416 -7.89492e-16 -4.25111e-16 4.0681e-17
 417 -7.89492e-16 -4.25985e-16 4.05928e-17
 418 0 -4.24966e-16 4.05084e-17
 419 0 -4.23952e-16 4.04243e-17
 420 -7.89492e-16 -4.24822e-16 4.03373e-17
 421 -1.57898e-15 -4.27563e-16 4.03347e-17
 422 0 -4.2655e-16 4.02517e-17
 423 -7.89492e-16 -4.27408e-16 4.01656e-17
 424 -1.97373e-16 -4.26866e-16 4.00745e-17
 425 3.94746e-16 -4.24932e-16 4.00268e-17
 426 0 -4.23935e-16 3.99451e-17
 427 -7.89492e-16 -4.24791e-16 3.98607e-17
 428 0 -4.23799e-16 3.97798e-17
 429 -1.57898e-15 -4.26491e-16 3.97782e-17
 430 0 -4.25499e-16 3.9698e-17
 431 0 -4.24512e-16 3.96181e-17
 432 0 -4.2353e-16 3.95385e-17
 433 -1.57898e-15 -4.26198e-16 3.95372e-17
 434 -1.57898e-15 -4.28854e-16 3.95354e-17
 435 -7.89492e-16 -4.29683e-16 3.94531e-17
 436 0 -4.28698e-16 3.93748e-17
 437 0 -4.27717e-16 3.92969e-17
 438 -1.57898e-15 -4.30345e-16 3.92951e-17
 439 -1.57898e-15 -4.32962e-16 3.92927e-17
 440 -7.89492e-16 -4.33772e-16 3.92116e-17
 441 0 -4.32788e-16 3.9135e-17
 442 -1.57898e-15 -4.35382e-16 3.91323e-17
 443 -1.57898e-15 -4.37963e-16 3.91292e-17
 444 0 -4.36977e-16 3.90534e-17
 445 0 -4.35995e-16 3.89779e-17
 446 0 -4.35017e-16 3.89027e-17
 447 3.15797e-15 -4.26979e-16 3.96391e-17
 448 0 -4.26026e-16 3.9562e-17
 449 -1.57898e-15 -4.28594e-16 3.95572e-17
 450 3.15797e-15 -4.20624e-16 4.02659e-17
 451 3.15797e-15 -4.12689e-16 4.09526e-17
 452 -1.57898e-15 -4.15269e-16 4.09433e-17
 453 0 -4.14353e-16 4.08631e-17
 454 -7.89492e-16 -4.15179e-16 4.07813e-17
 455 3.94746e-16 -4.13399e-16 4.07305e-17
 456 -1.57898e-15 -4.15955e-16 4.07214e-17
 457 -7.89492e-16 -4.16772e-16 4.06404e-17
 458 -7.89492e-16 -4.17586e-16 4.05597e-17
 459 3.94746e-16 -4.15816e-16 4.051e-17
 460 -1.57898e-15 -4.18345e-16 4.05008e-17
 461 0 -4.17437e-16 4.0423e-17
 462 0 -4.16534e-16 4.03456e-17
 463 -7.89492e-16 -4.17339e-16 4.02664e-17
 464 -7.89492e-16 -4.18141e-16 4.01875e-17
 465 0 -4.17242e-16 4.01111e-17
 466 -7.89492e-16 -4.18041e-16 4.00329e-17
 467 -7.89492e-16 -4.18836e-16 3.9955e-17
 468 -7.89492e-16 -4.19628e-16 3.98774e-17
 469 0 -4.18734e-16 3.98023e-17
 470 3.94746e-16 -4.17003e-16 3.97553e-17
 471 0 -4.16118e-16 3.96806e-17
 472 -1.57898e-15 -4.18581e-16 3.96731e-17
 473 0 -4.17696e-16 3.9599e-17
 474 -1.57898e-15 -4.20146e-16 3.95912e-17
 475 0 -4.19262e-16 3.95177e-17
 476 -1.57898e-15 -4.21698e-16 3.95098e-17
 477 -1.57898e-15 -4.24124e-16 3.95014e-17
 478 0 -4.23237e-16 3.94287e-17
 479 -7.89492e-16 -4.24002e-16 3.93537e-17
 480 -7.89492e-16 -4.24763e-16 3.9279e-17
 481 0 -4.2388e-16 3.92072e-17
 482 -1.57898e-15 -4.26277e-16 3.91991e-17
 483 3.15797e-15 -4.18856e-16 3.98155e-17
 484 -1.57898e-15 -4.21253e-16 3.98054e-17
 485 -1.57898e-15 -4.2364e-16 3.97949e-17
 486 3.15797e-15 -4.1627e-16 4.0391e-17
 487 -1.57898e-15 -4.18658e-16 4.03786e-17
 488 -7.89492e-16 -4.19418e-16 4.03029e-17
 489 0 -4.1856e-16 4.02296e-17
 490 0 -4.17706e-16 4.01565e-17
 491 0 -4.16855e-16 4.00836e-17
 492 3.94746e-16 -4.15205e-16 4.00361e-17
 493 0 -4.14363e-16 3.99636e-17
 494 0 -4.13524e-16 3.98915e-17
 495 -1.57898e-15 -4.15879e-16 3.98804e-17
 496 -1.57898e-15 -4.18224e-16 3.98689e-17
 497 0 -4.17382e-16 3.97975e-17
 498 -7.89492e-16 -4.1813e-16 3.97245e-17
 499 -1.57898e-15 -4.20456e-16 3.97131e-17
 500 -7.89492e-16 -4.21194e-16 3.96404e-17
 501 -1.57898e-15 -4.23505e-16 3.96287e-17
 502 0 -4.22661e-16 3.95586e-17
 503 0 -4.21821e-16 3.94888e-17
 504 0 -4.20984e-16 3.94193e-17
 505 -1.57898e-15 -4.23277e-16 3.94079e-17
 506 0 -4.22441e-16 3.93389e-17
 507 -1.57898e-15 -4.24722e-16 3.93274e-17
 508 0 -4.23886e-16 3.92588e-17
 509 0 -4.23053e-16 3.91905e-17
 510 0 -4.22223e-16 3.91224e-17
 511 -7.89492e-16 -4.22942e-16 3.90523e-17
 512 0 -4.22116e-16 3.89847e-17
 513 -7.89492e-16 -4.22832e-16 3.89153e-17
 514 0 -4.2201e-16 3.88482e-17
 515 0 -4.2119e-16 3.87813e-17
 516 3.94746e-16 -4.19609e-16 3.87384e-17
 517 -1.57898e-15 -4.21851e-16 3.87284e-17
 518 0 -4.21037e-16 3.86621e-17
 519 -1.57898e-15 -4.23268e-16 3.8652e-17
 520 -7.89492e-16 -4.23972e-16 3.8584e-17
 521 3.94746e-16 -4.22401e-16 3.85419e-17
 522 3.94746e-16 -4.20835e-16 3.84999e-17
 523 -7.89492e-16 -4.2154e-16 3.84327e-17
 524 0 -4.20736e-16 3.83677e-17
 525 0 -4.19935e-16 3.83029e-17
 526 0 -4.19136e-16 3.82384e-17
 527 0 -4.18341e-16 3.8174e-17
 528 0 -4.17549e-16 3.81099e-17
 529 0 -4.16759e-16 3.8046e-17
 530 0 -4.15973e-16 3.79822e-17
 531 0 -4.15189e-16 3.79187e-17
 532 -1.57898e-15 -4.17377e-16 3.79106e-17
 533 0 -4.16594e-16 3.78475e-17
 534 -7.89492e-16 -4.17292e-16 3.7783e-17
 535 -7.89492e-16 -4.17988e-16 3.77187e-17
 536 0 -4.17208e-16 3.76564e-17
 537 0 -4.16431e-16 3.75942e-17
 538 0 -4.15657e-16 3.75322e-17
 539 0 -4.14886e-16 3.74705e-17
 540 -1.57898e-15 -4.17042e-16 3.74631e-17
 541 0 -4.16271e-16 3.74017e-17
 542 0 -4.15503e-16 3.73406e-17
 543 -7.89492e-16 -4.16192e-16 3.72781e-17
 544 0 -4.15427e-16 3.72174e-17
 545 -7.89492e-16 -4.16113e-16 3.71554e-17
 546 -1.57898e-15 -4.18243e-16 3.71483e-17
 547 -7.89492e-16 -4.18921e-16 3.70866e-17
 548 0 -4.18157e-16 3.70267e-17
 549 -7.89492e-16 -4.18833e-16 3.69654e-17
 550 0 -4.18072e-16 3.6906e-17
 551 -1.57898e-15 -4.20179e-16 3.68992e-17
 552 0 -4.19418e-16 3.68401e-17
 553 -1.57898e-15 -4.21514e-16 3.68332e-17
 554 -1.57898e-15 -4.23604e-16 3.68259e-17
 555 0 -4.2284e-16 3.67675e-17
 556 0 -4.2208e-16 3.67091e-17
 557 0 -4.21322e-16 3.6651e-17
 558 -1.57898e-15 -4.23397e-16 3.6644e-17
 559 0 -4.22639e-16 3.65863e-17
 560 3.94746e-16 -4.2118e-16 3.655e-17
 561 3.94746e-16 -4.19725e-16 3.65138e-17
 562 0 -4.18979e-16 3.64564e-17
 563 0 -4.18234e-16 3.63992e-17
 564 -7.89492e-16 -4.18893e-16 3.63406e-17
 565 -7.89492e-16 -4.19549e-16 3.62822e-17
 566 0 -4.18807e-16 3.62256e-17
 567 0 -4.18069e-16 3.61692e-17
 568 -1.57898e-15 -4.20113e-16 3.61632e-17
 569 0 -4.19374e-16 3.61072e-17
 570 -7.89492e-16 -4.20024e-16 3.60496e-17
 571 -7.89492e-16 -4.20671e-16 3.59923e-17
 572 0 -4.19935e-16 3.59368e-17
 573 3.94746e-16 -4.18513e-16 3.59022e-17
 574 -1.97373e-16 -4.18128e-16 3.58417e-17
 575 0 -4.17401e-16 3.57867e-17
 576 0 -4.16676e-16 3.57318e-17
 577 -1.97373e-16 -4.16296e-16 3.56719e-17
 578 0 -4.15576e-16 3.56174e-17
 579 0 -4.14858e-16 3.55631e-17
 580 0 -4.14143e-16 3.55089e-17
 581 0 -4.1343e-16 3.54549e-17
 582 0 -4.1272e-16 3.5401e-17
 583 -1.57898e-15 -4.1472e-16 3.53968e-17
 584 -1.57898e-15 -4.16714e-16 3.53924e-17
 585 -1.57898e-15 -4.18701e-16 3.53876e-17
 586 0 -4.17986e-16 3.53344e-17
 587 0 -4.17274e-16 3.52814e-17
 588 0 -4.16564e-16 3.52285e-17
 589 0 -4.15857e-16 3.51757e-17
 590 -1.57898e-15 -4.17829e-16 3.51713e-17
 591 0 -4.17122e-16 3.51189e-17
 592 0 -4.16417e-16 3.50666e-17
 593 -7.89492e-16 -4.17046e-16 3.50131e-17
 594 0 -4.16344e-16 3.49611e-17
 595 0 -4.15644e-16 3.49093e-17
 596 0 -4.14947e-16 3.48577e-17
 597 0 -4.14252e-16 3.48062e-17
 598 -7.89492e-16 -4.14879e-16 3.47536e-17
 599 -7.89492e-16 -4.15505e-16 3.47012e-17
 600 0 -4.14812e-16 3.46502e-17
 601 0 -4.14122e-16 3.45994e-17
 602 0 -4.13434e-16 3.45487e-17
 603 0 -4.12748e-16 3.44982e-17
 604 -1.57898e-15 -4.14679e-16 3.44951e-17
 605 0 -4.13994e-16 3.44449e-17
 606 0 -4.13311e-16 3.43948e-17
 607 0 -4.1263e-16 3.43448e-17
 608 0 -4.11951e-16 3.4295e-17
 609 3.15797e-15 -4.06089e-16 3.47368e-17
 610 -1.57898e-15 -4.08012e-16 3.47331e-17
 611 -1.57898e-15 -4.09929e-16 3.47291e-17
 612 -1.57898e-15 -4.11839e-16 3.47249e-17
 613 0 -4.11167e-16 3.46747e-17
 614 0 -4.10497e-16 3.46247e-17
 615 0 -4.0983e-16 3.45748e-17
 616 0 -4.09164e-16 3.4525e-17
 617 0 -4.08501e-16 3.44754e-17
 618 -7.89492e-16 -4.09118e-16 3.44251e-17
 619 0 -4.08457e-16 3.43758e-17
 620 -1.57898e-15 -4.10345e-16 3.43722e-17
 621 -7.89492e-16 -4.10955e-16 3.43222e-17
 622 0 -4.10295e-16 3.42733e-17
 623 0 -4.09636e-16 3.42246e-17
 624 0 -4.0898e-16 3.4176e-17
 625 0 -4.08325e-16 3.41276e-17
 626 -1.57898e-15 -4.10195e-16 3.41243e-17
 627 -1.57898e-15 -4.12059e-16 3.41208e-17
 628 0 -4.11403e-16 3.40727e-17
 629 -1.57898e-15 -4.13259e-16 3.40691e-17
 630 0 -4.12604e-16 3.40213e-17
 631 0 -4.1195e-16 3.39737e-17
 632 -1.57898e-15 -4.13796e-16 3.39701e-17
 633 0 -4.13142e-16 3.39227e-17
 634 -7.89492e-16 -4.13736e-16 3.38743e-17
 635 -7.89492e-16 -4.14328e-16 3.38261e-17
 636 0 -4.13676e-16 3.37792e-17
 637 0 -4.13027e-16 3.37324e-17
 638 0 -4.1238e-16 3.36857e-17
 639 0 -4.11734e-16 3.36391e-17
 640 0 -4.11091e-16 3.35927e-17
 641 0 -4.1045e-16 3.35463e-17
 642 0 -4.0981e-16 3.35001e-17
 643 -7.89492e-16 -4.10401e-16 3.34532e-17
 644 0 -4.09763e-16 3.34073e-17
 645 -1.57898e-15 -4.11576e-16 3.34047e-17
 646 -1.57898e-15 -4.13383e-16 3.34019e-17
 647 0 -4.12744e-16 3.33563e-17
 648 -1.57898e-15 -4.14544e-16 3.33534e-17
 649 -7.89492e-16 -4.15122e-16 3.3307e-17
 650 0 -4.14483e-16 3.32618e-17
 651 0 -4.13847e-16 3.32168e-17
 652 -1.57898e-15 -4.15634e-16 3.32139e-17
 653 0 -4.14997e-16 3.31691e-17
 654 3.94746e-16 -4.13759e-16 3.31415e-17
 655 0 -4.13127e-16 3.30969e-17
 656 -7.89492e-16 -4.13701e-16 3.30514e-17
 657 -7.89492e-16 -4.14273e-16 3.3006e-17
 658 -7.89492e-16 -4.14843e-16 3.29607e-17
 659 -1.57898e-15 -4.1661e-16 3.29581e-17
 660 0 -4.15979e-16 3.29141e-17
 661 0 -4.15349e-16 3.28703e-17
 662 3.15797e-15 -4.09951e-16 3.32615e-17
 663 3.15797e-15 -4.0457e-16 3.36445e-17
 664 -1.57898e-15 -4.06339e-16 3.36403e-17
 665 -1.97373e-16 -4.06024e-16 3.35912e-17
 666 0 -4.05415e-16 3.35462e-17
 667 3.15797e-15 -4.00072e-16 3.39193e-17
 668 0 -3.99473e-16 3.38738e-17
 669 -1.57898e-15 -4.01237e-16 3.3869e-17
 670 0 -4.00638e-16 3.38237e-17
 671 -7.89492e-16 -4.01217e-16 3.37782e-17
 672 -7.89492e-16 -4.01795e-16 3.37329e-17
 673 0 -4.01198e-16 3.3688e-17
 674 0 -4.00603e-16 3.36433e-17
 675 0 -4.00009e-16 3.35986e-17
 676 -1.57898e-15 -4.01753e-16 3.35942e-17
 677 0 -4.0116e-16 3.35498e-17
 678 -1.57898e-15 -4.02897e-16 3.35453e-17
 679 -1.57898e-15 -4.04629e-16 3.35406e-17
 680 -1.57898e-15 -4.06356e-16 3.35357e-17
 681 -1.57898e-15 -4.08078e-16 3.35307e-17
 682 0 -4.0748e-16 3.34868e-17
 683 -7.89492e-16 -4.08039e-16 3.34424e-17
 684 3.94746e-16 -4.06865e-16 3.34141e-17
 685 0 -4.06271e-16 3.33706e-17
 686 0 -4.05679e-16 3.33272e-17
 687 0 -4.05089e-16 3.32839e-17
 688 -7.89492e-16 -4.05647e-16 3.32402e-17
 689 0 -4.05059e-16 3.31971e-17
 690 -7.89492e-16 -4.05616e-16 3.31536e-17
 691 -1.57898e-15 -4.07314e-16 3.31491e-17
 692 -1.57898e-15 -4.09007e-16 3.31445e-17
 693 0 -4.08417e-16 3.31019e-17
 694 3.94746e-16 -4.0726e-16 3.30744e-17
 695 -7.89492e-16 -4.07809e-16 3.30314e-17
 696 0 -4.07224e-16 3.29891e-17
 697 0 -4.06639e-16 3.29469e-17
 698 0 -4.06057e-16 3.29048e-17
 699 0 -4.05476e-16 3.28628e-17
 700 -7.89492e-16 -4.06024e-16 3.28204e-17
 701 0 -4.05445e-16 3.27787e-17
 702 -7.89492e-16 -4.05992e-16 3.27366e-17
 703 0 -4.05415e-16 3.26951e-17
 704 -7.89492e-16 -4.0596e-16 3.26531e-17
 705 -7.89492e-16 -4.06504e-16 3.26113e-17
 706 0 -4.05929e-16 3.25702e-17
 707 -1.57898e-15 -4.07588e-16 3.25664e-17
 708 -7.89492e-16 -4.08127e-16 3.25248e-17
 709 -7.89492e-16 -4.08665e-16 3.24834e-17
 710 -1.57898e-15 -4.10313e-16 3.24794e-17
 711 0 -4.09736e-16 3.24389e-17
 712 0 -4.09161e-16 3.23984e-17
 713 -1.57898e-15 -4.10802e-16 3.23945e-17
 714 -7.89492e-16 -4.11332e-16 3.23534e-17
 715 -1.57898e-15 -4.12965e-16 3.23494e-17
 716 0 -4.12388e-16 3.23093e-17
 717 -1.57898e-15 -4.14015e-16 3.23052e-17
 718 0 -4.13439e-16 3.22654e-17
 719 -1.57898e-15 -4.1506e-16 3.22612e-17
 720 0 -4.14483e-16 3.22215e-17
 721 -1.57898e-15 -4.16098e-16 3.22173e-17
 722 3.15797e-15 -4.11148e-16 3.25513e-17
 723 0 -4.10579e-16 3.25112e-17
 724 0 -4.10012e-16 3.24712e-17
 725 -1.57898e-15 -4.11625e-16 3.24665e-17
 726 0 -4.11058e-16 3.24267e-17
 727 -7.89492e-16 -4.11578e-16 3.23862e-17
 728 -7.89492e-16 -4.12097e-16 3.23459e-17
 729 0 -4.11532e-16 3.23064e-17
 730 -1.97373e-16 -4.11239e-16 3.22635e-17
 731 -7.89492e-16 -4.11756e-16 3.22234e-17
 732 3.94746e-16 -4.10654e-16 3.21982e-17
 733 0 -4.10094e-16 3.21592e-17
 734 -7.89492e-16 -4.10611e-16 3.21195e-17
 735 3.94746e-16 -4.09515e-16 3.20945e-17
 736 3.94746e-16 -4.08423e-16 3.20695e-17
 737 0 -4.07868e-16 3.20307e-17
 738 3.94746e-16 -4.06781e-16 3.20058e-17
 739 0 -4.0623e-16 3.19672e-17
 740 0 -4.05681e-16 3.19286e-17
 741 0 -4.05134e-16 3.18902e-17
 742 0 -4.04588e-16 3.18519e-17
 743 0 -4.04043e-16 3.18137e-17
 744 -7.89492e-16 -4.04562e-16 3.17751e-17
 745 -7.89492e-16 -4.05078e-16 3.17366e-17
 746 3.94746e-16 -4.04006e-16 3.17122e-17
 747 0 -4.03465e-16 3.16743e-17
 748 0 -4.02926e-16 3.16365e-17
 749 -7.89492e-16 -4.03442e-16 3.15985e-17
 750 -1.57898e-15 -4.05009e-16 3.15952e-17
 751 -1.57898e-15 -4.06573e-16 3.15918e-17
 752 0 -4.06032e-16 3.15544e-17
 753 0 -4.05493e-16 3.15171e-17
 754 -1.57898e-15 -4.07049e-16 3.15137e-17
 755 0 -4.0651e-16 3.14766e-17
 756 0 -4.05972e-16 3.14395e-17
 757 -7.89492e-16 -4.06479e-16 3.1402e-17
 758 -1.57898e-15 -4.08026e-16 3.13987e-17
 759 -1.57898e-15 -4.09568e-16 3.13953e-17
 760 0 -4.0903e-16 3.13585e-17
 761 -1.57898e-15 -4.10567e-16 3.1355e-17
 762 0 -4.10028e-16 3.13185e-17
 763 -7.89492e-16 -4.10525e-16 3.12814e-17
 764 -1.57898e-15 -4.12055e-16 3.12778e-17
 765 0 -4.11516e-16 3.12415e-17
 766 -7.89492e-16 -4.1201e-16 3.12046e-17
 767 -7.89492e-16 -4.12502e-16 3.11678e-17
 768 0 -4.11965e-16 3.11318e-17
 769 0 -4.11429e-16 3.10959e-17
 770 0 -4.10895e-16 3.10601e-17
 771 0 -4.10362e-16 3.10244e-17
 772 -1.57898e-15 -4.11875e-16 3.10211e-17
 773 0 -4.11343e-16 3.09856e-17
 774 -1.57898e-15 -4.12851e-16 3.09822e-17
 775 0 -4.12319e-16 3.09468e-17
 776 -7.89492e-16 -4.12805e-16 3.09107e-17
 777 0 -4.12273e-16 3.08755e-17
 778 -7.89492e-16 -4.12758e-16 3.08396e-17
 779 -7.89492e-16 -4.13242e-16 3.08038e-17
 780 0 -4.12712e-16 3.07688e-17
 781 -1.97373e-16 -4.12436e-16 3.07306e-17
 782 0 -4.11909e-16 3.06959e-17
 783 0 -4.11383e-16 3.06611e-17
 784 -7.89492e-16 -4.11865e-16 3.06258e-17
 785 -7.89492e-16 -4.12346e-16 3.05905e-17
 786 0 -4.11821e-16 3.05561e-17
 787 0 -4.11298e-16 3.05217e-17
 788 -7.89492e-16 -4.11778e-16 3.04868e-17
 789 0 -4.11256e-16 3.04526e-17
 790 -1.57898e-15 -4.12734e-16 3.04499e-17
 791 0 -4.12213e-16 3.04159e-17
 792 -7.89492e-16 -4.12689e-16 3.03812e-17
 793 -7.89492e-16 -4.13164e-16 3.03465e-17
 794 0 -4.12644e-16 3.03128e-17
 795 -7.89492e-16 -4.13118e-16 3.02783e-17
 796 -7.89492e-16 -4.13591e-16 3.0244e-17
 797 -7.89492e-16 -4.14062e-16 3.02097e-17
 798 -7.89492e-16 -4.14533e-16 3.01755e-17
 799 0 -4.14014e-16 3.01421e-17
 800 -7.89492e-16 -4.14483e-16 3.01081e-17
 801 -7.89492e-16 -4.14951e-16 3.00741e-17
 802 -1.57898e-15 -4.16403e-16 3.00716e-17
 803 0 -4.15884e-16 3.00387e-17
 804 -7.89492e-16 -4.16349e-16 3.00049e-17
 805 0 -4.15832e-16 2.9972e-17
 806 -1.57898e-15 -4.17275e-16 2.99696e-17
 807 0 -4.16758e-16 2.99369e-17
 808 0 -4.16242e-16 2.99043e-17
 809 0 -4.15728e-16 2.98717e-17
 810 0 -4.15214e-16 2.98392e-17
 811 0 -4.14702e-16 2.98068e-17
 812 -1.57898e-15 -4.16136e-16 2.98046e-17
 813 0 -4.15624e-16 2.97723e-17
 814 0 -4.15114e-16 2.97401e-17
 815 -1.57898e-15 -4.16542e-16 2.97379e-17
 816 -1.57898e-15 -4.17966e-16 2.97356e-17
 817 3.15797e-15 -4.13589e-16 3.00199e-17
 818 0 -4.13084e-16 2.99875e-17
 819 -1.57898e-15 -4.14507e-16 2.99847e-17
 820 0 -4.14002e-16 2.99523e-17
 821 -1.57898e-15 -4.15421e-16 2.99495e-17
 822 0 -4.14915e-16 2.99173e-17
 823 0 -4.14411e-16 2.98851e-17
 824 0 -4.13908e-16 2.98531e-17
 825 0 -4.13407e-16 2.98211e-17
 826 0 -4.12906e-16 2.97892e-17
 827 0 -4.12407e-16 2.97573e-17
 828 0 -4.11909e-16 2.97255e-17
 829 0 -4.11412e-16 2.96938e-17
 830 0 -4.10916e-16 2.96622e-17
 831 -7.89492e-16 -4.11372e-16 2.963e-17
 832 0 -4.10877e-16 2.95985e-17
 833 0 -4.10384e-16 2.9567e-17
 834 0 -4.09892e-16 2.95356e-17
 835 0 -4.09401e-16 2.95043e-17
 836 0 -4.08911e-16 2.94731e-17
 837 0 -4.08423e-16 2.94419e-17
 838 0 -4.07936e-16 2.94108e-17
 839 -7.89492e-16 -4.0839e-16 2.93792e-17
 840 0 -4.07904e-16 2.93483e-17
 841 -1.57898e-15 -4.09297e-16 2.93464e-17
 842 0 -4.08811e-16 2.93156e-17
 843 0 -4.08326e-16 2.92848e-17
 844 0 -4.07842e-16 2.92541e-17
 845 0 -4.07359e-16 2.92234e-17
 846 -7.89492e-16 -4.07811e-16 2.91923e-17
 847 3.94746e-16 -4.06863e-16 2.91732e-17
 848 -7.89492e-16 -4.07315e-16 2.91423e-17
 849 -7.89492e-16 -4.07765e-16 2.91114e-17
 850 0 -4.07285e-16 2.90811e-17
 851 0 -4.06806e-16 2.90509e-17
 852 -1.57898e-15 -4.08182e-16 2.90494e-17
 853 -1.57898e-15 -4.09555e-16 2.90477e-17
 854 0 -4.09075e-16 2.90177e-17
 855 0 -4.08597e-16 2.89877e-17
 856 0 -4.08119e-16 2.89577e-17
 857 -7.89492e-16 -4.08564e-16 2.89273e-17
 858 0 -4.08088e-16 2.88975e-17
 859 0 -4.07613e-16 2.88678e-17
 860 -7.89492e-16 -4.08057e-16 2.88376e-17
 861 0 -4.07583e-16 2.8808e-17
 862 -1.97373e-16 -4.07339e-16 2.87756e-17
 863 -7.89492e-16 -4.07782e-16 2.87456e-17
 864 -1.97373e-16 -4.07539e-16 2.87134e-17
 865 -7.89492e-16 -4.0798e-16 2.86835e-17
 866 0 -4.07509e-16 2.86543e-17
 867 0 -4.07039e-16 2.86251e-17
 868 0 -4.0657e-16 2.85959e-17
 869 3.94746e-16 -4.05648e-16 2.85779e-17
 870 3.94746e-16 -4.04728e-16 2.85598e-17
 871 0 -4.04263e-16 2.85308e-17
 872 -7.89492e-16 -4.04705e-16 2.85015e-17
 873 -7.89492e-16 -4.05146e-16 2.84722e-17
 874 3.94746e-16 -4.04231e-16 2.84544e-17
 875 0 -4.03769e-16 2.84256e-17
 876 -1.57898e-15 -4.0511e-16 2.84248e-17
 877 -1.57898e-15 -4.06449e-16 2.84239e-17
 878 0 -4.05986e-16 2.83953e-17
 879 0 -4.05524e-16 2.83667e-17
 880 0 -4.05063e-16 2.83382e-17
 881 0 -4.04603e-16 2.83098e-17
 882 -1.57898e-15 -4.05935e-16 2.8309e-17
 883 -1.57898e-15 -4.07263e-16 2.83081e-17
 884 -1.57898e-15 -4.08589e-16 2.83071e-17
 885 0 -4.08127e-16 2.82789e-17
 886 -1.57898e-15 -4.09449e-16 2.82778e-17
 887 -1.57898e-15 -4.10767e-16 2.82767e-17
 888 0 -4.10305e-16 2.82486e-17
 889 3.15797e-15 -4.06291e-16 2.85009e-17
 890 0 -4.05834e-16 2.84725e-17
 891 0 -4.05379e-16 2.84441e-17
 892 0 -4.04924e-16 2.84159e-17
 893 -1.57898e-15 -4.06239e-16 2.84145e-17
 894 -7.89492e-16 -4.06668e-16 2.83859e-17
 895 0 -4.06213e-16 2.83578e-17
 896 -1.57898e-15 -4.07522e-16 2.83564e-17
 897 -7.89492e-16 -4.07948e-16 2.83279e-17
 898 0 -4.07494e-16 2.83e-17
 899 0 -4.07041e-16 2.82722e-17
 900 0 -4.06588e-16 2.82444e-17
 901 -1.57898e-15 -4.0789e-16 2.8243e-17
 902 0 -4.07437e-16 2.82153e-17
 903 0 -4.06986e-16 2.81876e-17
 904 -7.89492e-16 -4.07409e-16 2.81596e-17
 905 0 -4.06959e-16 2.81321e-17
 906 -1.57898e-15 -4.08253e-16 2.81308e-17
 907 0 -4.07803e-16 2.81033e-17
 908 0 -4.07353e-16 2.8076e-17
 909 -1.57898e-15 -4.08642e-16 2.80747e-17
 910 0 -4.08193e-16 2.80474e-17
 911 0 -4.07745e-16 2.80202e-17
 912 -7.89492e-16 -4.08164e-16 2.79926e-17
 913 -7.89492e-16 -4.08582e-16 2.7965e-17
 914 0 -4.08135e-16 2.7938e-17
 915 0 -4.07688e-16 2.7911e-17
 916 0 -4.07243e-16 2.7884e-17
 917 0 -4.06799e-16 2.78572e-17
 918 0 -4.06356e-16 2.78303e-17
 919 0 -4.05914e-16 2.78035e-17
 920 -1.57898e-15 -4.07189e-16 2.78026e-17
 921 0 -4.06747e-16 2.77759e-17
 922 0 -4.06306e-16 2.77492e-17
 923 0 -4.05866e-16 2.77226e-17
 924 -1.57898e-15 -4.07135e-16 2.77217e-17
 925 3.94746e-16 -4.06268e-16 2.77053e-17
 926 3.94746e-16 -4.05403e-16 2.76889e-17
 927 3.94746e-16 -4.0454e-16 2.76725e-17
 928 -1.57898e-15 -4.05806e-16 2.76716e-17
 929 0 -4.05369e-16 2.76452e-17
 930 -1.57898e-15 -4.06631e-16 2.76443e-17
 931 -7.89492e-16 -4.07042e-16 2.76177e-17
 932 -7.89492e-16 -4.07452e-16 2.75911e-17
 933 -7.89492e-16 -4.07862e-16 2.75645e-17
 934 0 -4.07425e-16 2.75384e-17
 935 -7.89492e-16 -4.07834e-16 2.7512e-17
 936 0 -4.07398e-16 2.74861e-17
 937 0 -4.06963e-16 2.74602e-17
 938 0 -4.06529e-16 2.74343e-17
 939 3.94746e-16 -4.05676e-16 2.74183e-17
 940 0 -4.05245e-16 2.73926e-17
 941 0 -4.04814e-16 2.73668e-17
 942 0 -4.04384e-16 2.73411e-17
 943 0 -4.03955e-16 2.73155e-17
 944 0 -4.03527e-16 2.72899e-17
 945 -1.57898e-15 -4.04771e-16 2.72894e-17
 946 0 -4.04343e-16 2.72639e-17
 947 0 -4.03916e-16 2.72384e-17
 948 -1.57898e-15 -4.05156e-16 2.72379e-17
 949 0 -4.04729e-16 2.72125e-17
 950 0 -4.04303e-16 2.71872e-17
 951 3.94746e-16 -4.03463e-16 2.71716e-17
 952 -1.57898e-15 -4.04698e-16 2.71711e-17
 953 -7.89492e-16 -4.05101e-16 2.71456e-17
 954 0 -4.04677e-16 2.71204e-17
 955 -1.57898e-15 -4.05906e-16 2.71199e-17
 956 0 -4.05482e-16 2.70948e-17
 957 0 -4.05058e-16 2.70698e-17
 958 -7.89492e-16 -4.05459e-16 2.70445e-17
 959 -7.89492e-16 -4.0586e-16 2.70193e-17
 960 3.94746e-16 -4.05026e-16 2.7004e-17
 961 0 -4.04604e-16 2.69792e-17
 962 -7.89492e-16 -4.05004e-16 2.69541e-17
 963 0 -4.04584e-16 2.69294e-17
 964 0 -4.04164e-16 2.69047e-17
 965 -7.89492e-16 -4.04563e-16 2.68798e-17
 966 0 -4.04145e-16 2.68552e-17
 967 0 -4.03727e-16 2.68307e-17
 968 3.94746e-16 -4.02902e-16 2.68156e-17
 969 0 -4.02486e-16 2.67912e-17
 970 -7.89492e-16 -4.02885e-16 2.67665e-17
 971 -1.57898e-15 -4.04096e-16 2.67663e-17
 972 0 -4.03681e-16 2.6742e-17
 973 -7.89492e-16 -4.04077e-16 2.67175e-17
 974 -7.89492e-16 -4.04473e-16 2.6693e-17
 975 3.94746e-16 -4.03653e-16 2.66782e-17
 976 -7.89492e-16 -4.04048e-16 2.66537e-17
 977 3.94746e-16 -4.03231e-16 2.6639e-17
 978 -7.89492e-16 -4.03626e-16 2.66147e-17
 979 -7.89492e-16 -4.0402e-16 2.65904e-17
 980 -7.89492e-16 -4.04413e-16 2.65662e-17
 981 -1.57898e-15 -4.05611e-16 2.65661e-17
 982 0 -4.05197e-16 2.65422e-17
 983 -1.57898e-15 -4.06392e-16 2.65421e-17
 984 -1.57898e-15 -4.07583e-16 2.65418e-17
 985 0 -4.07169e-16 2.65181e-17
 986 -1.57898e-15 -4.08358e-16 2.65179e-17
 987 -7.89492e-16 -4.08744e-16 2.64938e-17
 988 -1.57898e-15 -4.09929e-16 2.64934e-17
 989 0 -4.09514e-16 2.64699e-17
 990 0 -4.091e-16 2.64464e-17
 991 0 -4.08688e-16 2.64229e-17
 992 -1.57898e-15 -4.09867e-16 2.64226e-17
 993 -1.97373e-16 -4.09653e-16 2.63968e-17
 994 -1.97373e-16 -4.0944e-16 2.63711e-17
 995 -1.97373e-16 -4.09227e-16 2.63455e-17
 996 0 -4.08816e-16 2.63222e-17
 997 3.94746e-16 -4.0801e-16 2.63082e-17
 998 -7.89492e-16 -4.08392e-16 2.62846e-17
 999 0 -4.07983e-16 2.62614e-17
 1000 0 -4.07575e-16 2.62383e-17
 1001 -7.89492e-16 -4.07957e-16 2.62149e-17
 1002 0 -4.0755e-16 2.61919e-17
 1003 0 -4.07143e-16 2.61689e-17
 1004 0 -4.06738e-16 2.6146e-17
 1005 0 -4.06333e-16 2.61231e-17
 1006 0 -4.05929e-16 2.61002e-17
 1007 0 -4.05526e-16 2.60774e-17
 1008 0 -4.05124e-16 2.60546e-17
 1009 3.94746e-16 -4.04331e-16 2.60409e-17
 1010 3.94746e-16 -4.0354e-16 2.60271e-17
 1011 0 -4.03141e-16 2.60044e-17
 1012 -7.89492e-16 -4.03522e-16 2.59815e-17
 1013 0 -4.03124e-16 2.59589e-17
 1014 -1.57898e-15 -4.04284e-16 2.59592e-17
 1015 0 -4.03885e-16 2.59367e-17
 1016 0 -4.03488e-16 2.59142e-17
 1017 0 -4.03091e-16 2.58917e-17
 1018 -1.57898e-15 -4.04246e-16 2.5892e-17
 1019 -1.57898e-15 -4.05399e-16 2.58923e-17
 1020 0 -4.05002e-16 2.587e-17
 1021 -1.57898e-15 -4.06151e-16 2.58702e-17
 1022 -7.89492e-16 -4.06527e-16 2.58476e-17
 1023 0 -4.06129e-16 2.58253e-17
 1024 -7.89492e-16 -4.06504e-16 2.58028e-17
 1025 -1.57898e-15 -4.07647e-16 2.5803e-17
 1026 0 -4.0725e-16 2.57809e-17
 1027 0 -4.06854e-16 2.57588e-17
 1028 0 -4.06458e-16 2.57368e-17
 1029 0 -4.06063e-16 2.57148e-17
 1030 -7.89492e-16 -4.06435e-16 2.56925e-17
 1031 3.94746e-16 -4.05658e-16 2.56794e-17
 1032 3.94746e-16 -4.04882e-16 2.56662e-17
 1033 -7.89492e-16 -4.05255e-16 2.5644e-17
 1034 0 -4.04863e-16 2.56222e-17
 1035 0 -4.04472e-16 2.56005e-17
 1036 -1.57898e-15 -4.05605e-16 2.56008e-17
 1037 0 -4.05214e-16 2.55791e-17
 1038 3.15797e-15 -4.01781e-16 2.5784e-17
 1039 0 -4.01395e-16 2.57621e-17
 1040 -7.89492e-16 -4.01768e-16 2.574e-17
 1041 -1.57898e-15 -4.02899e-16 2.57401e-17
 1042 0 -4.02512e-16 2.57183e-17
 1043 3.15797e-15 -3.99098e-16 2.59194e-17
 1044 -1.57898e-15 -4.00229e-16 2.59192e-17
 1045 0 -3.99846e-16 2.58973e-17
 1046 0 -3.99463e-16 2.58753e-17
 1047 0 -3.99082e-16 2.58534e-17
 1048 -7.89492e-16 -3.99454e-16 2.58314e-17
 1049 -7.89492e-16 -3.99826e-16 2.58094e-17
 1050 -1.57898e-15 -4.00949e-16 2.58093e-17
 1051 0 -4.00568e-16 2.57875e-17
 1052 -7.89492e-16 -4.00937e-16 2.57657e-17
 1053 -7.89492e-16 -4.01306e-16 2.57438e-17
 1054 -1.57898e-15 -4.02424e-16 2.57437e-17
 1055 -1.57898e-15 -4.03539e-16 2.57434e-17
 1056 -1.57898e-15 -4.04652e-16 2.57431e-17
 1057 3.15797e-15 -4.01281e-16 2.59387e-17
 1058 0 -4.00902e-16 2.59169e-17
 1059 0 -4.00524e-16 2.58952e-17
 1060 0 -4.00146e-16 2.58735e-17
 1061 0 -3.99769e-16 2.58519e-17
 1062 -1.57898e-15 -4.00879e-16 2.58514e-17
 1063 -7.89492e-16 -4.01245e-16 2.58296e-17
 1064 0 -4.00867e-16 2.58081e-17
 1065 3.94746e-16 -4.0012e-16 2.57947e-17
 1066 3.94746e-16 -3.99375e-16 2.57812e-17
 1067 0 -3.99e-16 2.57598e-17
 1068 0 -3.98627e-16 2.57384e-17
 1069 0 -3.98254e-16 2.5717e-17
 1070 -1.57898e-15 -3.99357e-16 2.57166e-17
 1071 -7.89492e-16 -3.99722e-16 2.56952e-17
 1072 -1.97373e-16 -3.99533e-16 2.56719e-17
 1073 0 -3.99161e-16 2.56507e-17
 1074 -7.89492e-16 -3.99524e-16 2.56293e-17
 1075 -7.89492e-16 -3.99887e-16 2.56081e-17
 1076 0 -3.99515e-16 2.55869e-17
 1077 0 -3.99144e-16 2.55659e-17
 1078 -7.89492e-16 -3.99506e-16 2.55447e-17
 1079 -7.89492e-16 -3.99868e-16 2.55236e-17
 1080 -1.57898e-15 -4.0096e-16 2.55233e-17
 1081 -7.89492e-16 -4.01319e-16 2.55022e-17
 1082 0 -4.00948e-16 2.54813e-17
 1083 0 -4.00578e-16 2.54605e-17
 1084 -1.57898e-15 -4.01665e-16 2.54602e-17
 1085 -1.57898e-15 -4.0275e-16 2.54599e-17
 1086 -7.89492e-16 -4.03106e-16 2.54389e-17
 1087 0 -4.02735e-16 2.54182e-17
 1088 -1.57898e-15 -4.03816e-16 2.54178e-17
 1089 3.15797e-15 -4.00546e-16 2.56042e-17
 1090 -1.57898e-15 -4.01627e-16 2.56036e-17
 1091 0 -4.01259e-16 2.55827e-17
 1092 0 -4.00891e-16 2.55619e-17
 1093 0 -4.00524e-16 2.55412e-17
 1094 -7.89492e-16 -4.0088e-16 2.55203e-17
 1095 -7.89492e-16 -4.01235e-16 2.54994e-17
 1096 -7.89492e-16 -4.01589e-16 2.54786e-17
 1097 -1.57898e-15 -4.02662e-16 2.5478e-17
 1098 -7.89492e-16 -4.03015e-16 2.54572e-17
 1099 -7.89492e-16 -4.03366e-16 2.54365e-17
 1100 0 -4.03e-16 2.5416e-17
 1101 0 -4.02634e-16 2.53955e-17
 1102 0 -4.02268e-16 2.53751e-17
 1103 -1.57898e-15 -4.03335e-16 2.53745e-17
 1104 0 -4.0297e-16 2.53542e-17
 1105 -7.89492e-16 -4.0332e-16 2.53336e-17
 1106 0 -4.02955e-16 2.53133e-17
 1107 0 -4.02591e-16 2.52931e-17
 1108 -7.89492e-16 -4.0294e-16 2.52727e-17
 1109 -7.89492e-16 -4.03289e-16 2.52523e-17
 1110 -7.89492e-16 -4.03637e-16 2.52319e-17
 1111 0 -4.03273e-16 2.52118e-17
 1112 0 -4.02911e-16 2.51917e-17
 1113 0 -4.02549e-16 2.51717e-17
 1114 -1.57898e-15 -4.03605e-16 2.51712e-17
 1115 -1.57898e-15 -4.04659e-16 2.51707e-17
 1116 0 -4.04296e-16 2.51508e-17
 1117 0 -4.03934e-16 2.51309e-17
 1118 0 -4.03573e-16 2.5111e-17
 1119 0 -4.03212e-16 2.50911e-17
 1120 0 -4.02852e-16 2.50713e-17
 1121 0 -4.02493e-16 2.50515e-17
 1122 0 -4.02134e-16 2.50317e-17
 1123 0 -4.01776e-16 2.5012e-17
 1124 0 -4.01419e-16 2.49923e-17
 1125 0 -4.01062e-16 2.49726e-17
 1126 -7.89492e-16 -4.01407e-16 2.49528e-17
 1127 0 -4.01051e-16 2.49332e-17
 1128 0 -4.00695e-16 2.49136e-17
 1129 -7.89492e-16 -4.0104e-16 2.48939e-17
 1130 0 -4.00685e-16 2.48744e-17
 1131 -7.89492e-16 -4.01028e-16 2.48548e-17
 1132 0 -4.00674e-16 2.48354e-17
 1133 0 -4.0032e-16 2.4816e-17
 1134 -1.57898e-15 -4.0136e-16 2.48158e-17
 1135 -1.57898e-15 -4.02397e-16 2.48157e-17
 1136 -1.57898e-15 -4.03433e-16 2.48154e-17
 1137 0 -4.03078e-16 2.47961e-17
 1138 0 -4.02724e-16 2.47769e-17
 1139 -1.57898e-15 -4.03757e-16 2.47766e-17
 1140 -7.89492e-16 -4.04095e-16 2.47572e-17
 1141 0 -4.03741e-16 2.4738e-17
 1142 -1.57898e-15 -4.0477e-16 2.47378e-17
 1143 0 -4.04416e-16 2.47187e-17
 1144 0 -4.04063e-16 2.46996e-17
 1145 0 -4.0371e-16 2.46805e-17
 1146 -7.89492e-16 -4.04046e-16 2.46613e-17
 1147 -1.57898e-15 -4.05071e-16 2.4661e-17
 1148 -7.89492e-16 -4.05405e-16 2.46418e-17
 1149 0 -4.05053e-16 2.46229e-17
 1150 0 -4.047e-16 2.4604e-17
 1151 3.94746e-16 -4.04006e-16 2.45924e-17
 1152 3.94746e-16 -4.03312e-16 2.45809e-17
 1153 0 -4.02963e-16 2.4562e-17
 1154 0 -4.02614e-16 2.45432e-17
 1155 -7.89492e-16 -4.02948e-16 2.45242e-17
 1156 -7.89492e-16 -4.03283e-16 2.45053e-17
 1157 0 -4.02934e-16 2.44866e-17
 1158 -1.57898e-15 -4.0395e-16 2.44865e-17
 1159 -1.57898e-15 -4.04964e-16 2.44864e-17
 1160 -1.57898e-15 -4.05976e-16 2.44862e-17
 1161 0 -4.05626e-16 2.44676e-17
 1162 3.94746e-16 -4.04937e-16 2.44562e-17
 1163 0 -4.04589e-16 2.44376e-17
 1164 0 -4.04242e-16 2.44191e-17
 1165 0 -4.03895e-16 2.44006e-17
 1166 0 -4.03548e-16 2.43821e-17
 1167 3.94746e-16 -4.02864e-16 2.43708e-17
 1168 0 -4.02519e-16 2.43524e-17
 1169 0 -4.02175e-16 2.4334e-17
 1170 -1.57898e-15 -4.03181e-16 2.4334e-17
 1171 -7.89492e-16 -4.03511e-16 2.43154e-17
 1172 -7.89492e-16 -4.0384e-16 2.42969e-17
 1173 3.94746e-16 -4.03159e-16 2.42857e-17
 1174 -7.89492e-16 -4.03488e-16 2.42673e-17
 1175 0 -4.03145e-16 2.4249e-17
 1176 0 -4.02802e-16 2.42308e-17
 1177 0 -4.0246e-16 2.42127e-17
 1178 -1.57898e-15 -4.03459e-16 2.42127e-17
 1179 0 -4.03116e-16 2.41946e-17
 1180 0 -4.02775e-16 2.41765e-17
 1181 -7.89492e-16 -4.03102e-16 2.41582e-17
 1182 3.94746e-16 -4.02427e-16 2.41472e-17
 1183 0 -4.02087e-16 2.41292e-17
 1184 0 -4.01747e-16 2.41112e-17
 1185 -1.57898e-15 -4.02741e-16 2.41113e-17
 1186 0 -4.02401e-16 2.40934e-17
 1187 -7.89492e-16 -4.02727e-16 2.40753e-17
 1188 -7.89492e-16 -4.03053e-16 2.40572e-17
 1189 0 -4.02714e-16 2.40393e-17
 1190 0 -4.02376e-16 2.40215e-17
 1191 0 -4.02038e-16 2.40037e-17
 1192 -7.89492e-16 -4.02363e-16 2.39858e-17
 1193 -7.89492e-16 -4.02687e-16 2.39679e-17
 1194 -7.89492e-16 -4.03011e-16 2.395e-17
 1195 -7.89492e-16 -4.03335e-16 2.39321e-17
 1196 0 -4.02997e-16 2.39145e-17
 1197 0 -4.02661e-16 2.38968e-17
 1198 -7.89492e-16 -4.02984e-16 2.38791e-17
 1199 0 -4.02647e-16 2.38615e-17
 1200 -7.89492e-16 -4.0297e-16 2.38438e-17
 1201 0 -4.02634e-16 2.38263e-17
 1202 -7.89492e-16 -4.02956e-16 2.38087e-17
 1203 -1.57898e-15 -4.03934e-16 2.38089e-17
 1204 -1.57898e-15 -4.0491e-16 2.38092e-17
 1205 -1.57898e-15 -4.05884e-16 2.38093e-17
 1206 0 -4.05547e-16 2.3792e-17
 1207 0 -4.05211e-16 2.37746e-17
 1208 0 -4.04876e-16 2.37573e-17
 1209 0 -4.04541e-16 2.374e-17
 1210 -7.89492e-16 -4.04859e-16 2.37225e-17
 1211 0 -4.04525e-16 2.37053e-17
 1212 0 -4.04191e-16 2.36881e-17
 1213 0 -4.03858e-16 2.36709e-17
 1214 -7.89492e-16 -4.04176e-16 2.36535e-17
 1215 0 -4.03843e-16 2.36364e-17
 1216 0 -4.03511e-16 2.36192e-17
 1217 -1.57898e-15 -4.04477e-16 2.36196e-17
 1218 0 -4.04145e-16 2.36025e-17
 1219 0 -4.03813e-16 2.35855e-17
 1220 0 -4.03482e-16 2.35685e-17
 1221 -7.89492e-16 -4.03798e-16 2.35513e-17
 1222 -1.57898e-15 -4.0476e-16 2.35516e-17
 1223 0 -4.04429e-16 2.35347e-17
 1224 3.15797e-15 -4.01519e-16 2.36949e-17
 1225 0 -4.01191e-16 2.36778e-17
 1226 0 -4.00864e-16 2.36608e-17
 1227 -1.57898e-15 -4.01824e-16 2.3661e-17
 1228 0 -4.01497e-16 2.36439e-17
 1229 0 -4.0117e-16 2.3627e-17
 1230 0 -4.00844e-16 2.361e-17
 1231 0 -4.00518e-16 2.3593e-17
 1232 0 -4.00193e-16 2.35761e-17
 1233 -7.89492e-16 -4.00509e-16 2.35591e-17
 1234 -7.89492e-16 -4.00824e-16 2.35421e-17
 1235 -7.89492e-16 -4.01139e-16 2.35252e-17
 1236 0 -4.00814e-16 2.35084e-17
 1237 0 -4.0049e-16 2.34916e-17
 1238 0 -4.00167e-16 2.34748e-17
 1239 0 -3.99844e-16 2.34581e-17
 1240 0 -3.99521e-16 2.34414e-17
 1241 3.15797e-15 -3.96654e-16 2.35973e-17
 1242 0 -3.96335e-16 2.35804e-17
 1243 -7.89492e-16 -3.96651e-16 2.35636e-17
 1244 0 -3.96333e-16 2.35468e-17
 1245 0 -3.96014e-16 2.353e-17
 1246 -7.89492e-16 -3.9633e-16 2.35132e-17
 1247 -7.89492e-16 -3.96645e-16 2.34965e-17
 1248 -7.89492e-16 -3.9696e-16 2.34798e-17
 1249 -7.89492e-16 -3.97274e-16 2.34631e-17
 1250 0 -3.96957e-16 2.34464e-17
 1251 -7.89492e-16 -3.9727e-16 2.34298e-17
 1252 0 -3.96953e-16 2.34132e-17
 1253 -1.57898e-15 -3.97896e-16 2.34135e-17
 1254 0 -3.97579e-16 2.3397e-17
 1255 -1.57898e-15 -3.9852e-16 2.33973e-17
 1256 0 -3.98203e-16 2.33808e-17
 1257 0 -3.97886e-16 2.33644e-17
 1258 -1.57898e-15 -3.98825e-16 2.33647e-17
 1259 0 -3.98508e-16 2.33482e-17
 1260 -1.57898e-15 -3.99445e-16 2.33485e-17
 1261 0 -3.99129e-16 2.33321e-17
 1262 0 -3.98812e-16 2.33158e-17
 1263 -7.89492e-16 -3.99122e-16 2.32994e-17
 1264 -7.89492e-16 -3.9943e-16 2.3283e-17
 1265 0 -3.99115e-16 2.32667e-17
 1266 -7.89492e-16 -3.99423e-16 2.32504e-17
 1267 -7.89492e-16 -3.99731e-16 2.3234e-17
 1268 0 -3.99416e-16 2.32179e-17
 1269 3.15797e-15 -3.96612e-16 2.33683e-17
 1270 0 -3.963e-16 2.3352e-17
 1271 -7.89492e-16 -3.96609e-16 2.33357e-17
 1272 -7.89492e-16 -3.96918e-16 2.33193e-17
 1273 0 -3.96607e-16 2.33031e-17
 1274 0 -3.96295e-16 2.32869e-17
 1275 0 -3.95984e-16 2.32707e-17
 1276 0 -3.95674e-16 2.32545e-17
 1277 0 -3.95364e-16 2.32384e-17
 1278 0 -3.95055e-16 2.32222e-17
 1279 -1.57898e-15 -3.95981e-16 2.32225e-17
 1280 -7.89492e-16 -3.96288e-16 2.32064e-17
 1281 -7.89492e-16 -3.96595e-16 2.31903e-17
 1282 0 -3.96286e-16 2.31743e-17
 1283 -7.89492e-16 -3.96592e-16 2.31583e-17
 1284 -7.89492e-16 -3.96898e-16 2.31422e-17
 1285 3.94746e-16 -3.96282e-16 2.31324e-17
 1286 0 -3.95974e-16 2.31165e-17
 1287 0 -3.95666e-16 2.31006e-17
 1288 0 -3.95359e-16 2.30847e-17
 1289 0 -3.95052e-16 2.30688e-17
 1290 -7.89492e-16 -3.95358e-16 2.30529e-17
 1291 -7.89492e-16 -3.95663e-16 2.30371e-17
 1292 -1.57898e-15 -3.96579e-16 2.30375e-17
 1293 0 -3.96272e-16 2.30217e-17
 1294 0 -3.95966e-16 2.30059e-17
 1295 0 -3.9566e-16 2.29902e-17
 1296 -1.57898e-15 -3.96573e-16 2.29906e-17
 1297 0 -3.96268e-16 2.29749e-17
 1298 -7.89492e-16 -3.96571e-16 2.29592e-17
 1299 0 -3.96265e-16 2.29435e-17
 1300 0 -3.95961e-16 2.29279e-17
 1301 -1.57898e-15 -3.9687e-16 2.29283e-17
 1302 -1.57898e-15 -3.97778e-16 2.29287e-17
 1303 -7.89492e-16 -3.98078e-16 2.2913e-17
 1304 -1.57898e-15 -3.98984e-16 2.29134e-17
 1305 -7.89492e-16 -3.99283e-16 2.28977e-17
 1306 -1.57898e-15 -4.00187e-16 2.2898e-17
 1307 0 -3.9988e-16 2.28826e-17
 1308 0 -3.99575e-16 2.28671e-17
 1309 3.15797e-15 -3.96857e-16 2.30107e-17
 1310 0 -3.96554e-16 2.29951e-17
 1311 -7.89492e-16 -3.96854e-16 2.29795e-17
 1312 -7.89492e-16 -3.97153e-16 2.29639e-17
 1313 0 -3.9685e-16 2.29484e-17
 1314 0 -3.96548e-16 2.2933e-17
 1315 -7.89492e-16 -3.96847e-16 2.29175e-17
 1316 0 -3.96546e-16 2.2902e-17
 1317 0 -3.96245e-16 2.28866e-17
 1318 -7.89492e-16 -3.96543e-16 2.28712e-17
 1319 0 -3.96242e-16 2.28558e-17
 1320 -7.89492e-16 -3.9654e-16 2.28404e-17
 1321 -1.57898e-15 -3.97435e-16 2.28407e-17
 1322 0 -3.97135e-16 2.28254e-17
 1323 -1.57898e-15 -3.98028e-16 2.28256e-17
 1324 -1.57898e-15 -3.9892e-16 2.28258e-17
 1325 0 -3.98619e-16 2.28105e-17
 1326 -1.57898e-15 -3.99509e-16 2.28107e-17
 1327 0 -3.99208e-16 2.27955e-17
 1328 -7.89492e-16 -3.99502e-16 2.27802e-17
 1329 0 -3.99201e-16 2.27651e-17
 1330 0 -3.98901e-16 2.27499e-17
 1331 -1.57898e-15 -3.99788e-16 2.27501e-17
 1332 -7.89492e-16 -4.0008e-16 2.27349e-17
 1333 -7.89492e-16 -4.00373e-16 2.27197e-17
 1334 0 -4.00072e-16 2.27047e-17
 1335 0 -3.99773e-16 2.26896e-17
 1336 -7.89492e-16 -4.00064e-16 2.26745e-17
 1337 -1.57898e-15 -4.00946e-16 2.26747e-17
 1338 0 -4.00647e-16 2.26597e-17
 1339 -7.89492e-16 -4.00937e-16 2.26447e-17
 1340 -7.89492e-16 -4.01227e-16 2.26296e-17
 1341 0 -4.00928e-16 2.26147e-17
 1342 0 -4.00629e-16 2.25998e-17
 1343 0 -4.00331e-16 2.2585e-17
 1344 -1.57898e-15 -4.01208e-16 2.25852e-17
 1345 0 -4.00909e-16 2.25704e-17
 1346 -1.57898e-15 -4.01785e-16 2.25706e-17
 1347 -1.57898e-15 -4.02658e-16 2.25707e-17
 1348 -1.57898e-15 -4.03531e-16 2.25709e-17
 1349 -1.57898e-15 -4.04402e-16 2.25709e-17
 1350 -1.57898e-15 -4.05273e-16 2.2571e-17
 1351 0 -4.04973e-16 2.25563e-17
 1352 0 -4.04673e-16 2.25416e-17
 1353 -7.89492e-16 -4.04957e-16 2.25267e-17
 1354 -7.89492e-16 -4.05241e-16 2.25119e-17
 1355 3.15797e-15 -4.02612e-16 2.26484e-17
 1356 -1.57898e-15 -4.03479e-16 2.26483e-17
 1357 0 -4.03182e-16 2.26336e-17
 1358 0 -4.02885e-16 2.26189e-17
 1359 0 -4.02589e-16 2.26042e-17
 1360 -7.89492e-16 -4.02873e-16 2.25893e-17
 1361 0 -4.02577e-16 2.25747e-17
 1362 0 -4.02281e-16 2.256e-17
 1363 0 -4.01986e-16 2.25454e-17
 1364 -7.89492e-16 -4.0227e-16 2.25306e-17
 1365 0 -4.01976e-16 2.25161e-17
 1366 0 -4.01681e-16 2.25015e-17
 1367 -1.57898e-15 -4.02543e-16 2.25015e-17
 1368 -1.57898e-15 -4.03403e-16 2.25015e-17
 1369 -7.89492e-16 -4.03685e-16 2.24868e-17
 1370 0 -4.0339e-16 2.24723e-17
 1371 -1.57898e-15 -4.04248e-16 2.24723e-17
 1372 0 -4.03953e-16 2.24579e-17
 1373 3.94746e-16 -4.03371e-16 2.2449e-17
 1374 0 -4.03078e-16 2.24346e-17
 1375 -7.89492e-16 -4.03359e-16 2.242e-17
 1376 -1.57898e-15 -4.04213e-16 2.242e-17
 1377 -1.57898e-15 -4.05066e-16 2.242e-17
 1378 0 -4.04772e-16 2.24056e-17
 1379 0 -4.04479e-16 2.23913e-17
 1380 0 -4.04186e-16 2.2377e-17
 1381 0 -4.03893e-16 2.23627e-17
 1382 -1.57898e-15 -4.04743e-16 2.23627e-17
 1383 0 -4.0445e-16 2.23484e-17
 1384 3.94746e-16 -4.03873e-16 2.23397e-17
 1385 0 -4.03581e-16 2.23255e-17
 1386 0 -4.0329e-16 2.23113e-17
 1387 0 -4.02999e-16 2.22971e-17
 1388 0 -4.02709e-16 2.22829e-17
 1389 0 -4.02419e-16 2.22688e-17
 1390 -7.89492e-16 -4.02698e-16 2.22545e-17
 1391 0 -4.02408e-16 2.22404e-17
 1392 0 -4.02119e-16 2.22262e-17
 1393 -1.57898e-15 -4.02964e-16 2.22263e-17
 1394 -1.57898e-15 -4.03808e-16 2.22264e-17
 1395 -7.89492e-16 -4.04084e-16 2.22122e-17
 1396 0 -4.03795e-16 2.21982e-17
 1397 0 -4.03506e-16 2.21842e-17
 1398 0 -4.03217e-16 2.21702e-17
 1399 -1.57898e-15 -4.04057e-16 2.21702e-17
 1400 0 -4.03769e-16 2.21563e-17
 1401 -1.57898e-15 -4.04608e-16 2.21563e-17
 1402 -1.57898e-15 -4.05445e-16 2.21564e-17
 1403 -1.57898e-15 -4.06282e-16 2.21564e-17
 1404 0 -4.05992e-16 2.21425e-17
 1405 0 -4.05703e-16 2.21286e-17
 1406 3.94746e-16 -4.05134e-16 2.21202e-17
 1407 0 -4.04846e-16 2.21063e-17
 1408 -7.89492e-16 -4.05119e-16 2.20923e-17
 1409 -7.89492e-16 -4.05392e-16 2.20783e-17
 1410 -7.89492e-16 -4.05664e-16 2.20643e-17
 1411 0 -4.05377e-16 2.20506e-17
 1412 -1.57898e-15 -4.06208e-16 2.20506e-17
 1413 -1.57898e-15 -4.07038e-16 2.20506e-17
 1414 0 -4.0675e-16 2.20369e-17
 1415 -1.57898e-15 -4.07579e-16 2.20369e-17
 1416 0 -4.07291e-16 2.20232e-17
 1417 -1.57898e-15 -4.08118e-16 2.20232e-17
 1418 -1.57898e-15 -4.08943e-16 2.20231e-17
 1419 -7.89492e-16 -4.09212e-16 2.20093e-17
 1420 0 -4.08923e-16 2.19956e-17
 1421 0 -4.08636e-16 2.1982e-17
 1422 0 -4.08348e-16 2.19685e-17
 1423 0 -4.08061e-16 2.19549e-17
 1424 0 -4.07775e-16 2.19413e-17
 1425 0 -4.07489e-16 2.19278e-17
 1426 -7.89492e-16 -4.07757e-16 2.19141e-17
 1427 -1.57898e-15 -4.08577e-16 2.19141e-17
 1428 -1.57898e-15 -4.09397e-16 2.1914e-17
 1429 0 -4.0911e-16 2.19006e-17
 1430 -1.57898e-15 -4.09929e-16 2.19005e-17
 1431 0 -4.09642e-16 2.18871e-17
 1432 0 -4.09356e-16 2.18737e-17
 1433 -7.89492e-16 -4.09621e-16 2.186e-17
 1434 -7.89492e-16 -4.09886e-16 2.18464e-17
 1435 0 -4.09601e-16 2.1833e-17
 1436 -7.89492e-16 -4.09865e-16 2.18194e-17
 1437 -7.89492e-16 -4.10129e-16 2.18058e-17
 1438 -7.89492e-16 -4.10393e-16 2.17923e-17
 1439 0 -4.10108e-16 2.1779e-17
 1440 0 -4.09823e-16 2.17657e-17
 1441 0 -4.09539e-16 2.17525e-17
 1442 0 -4.09255e-16 2.17392e-17
 1443 0 -4.08971e-16 2.1726e-17
 1444 0 -4.08688e-16 2.17128e-17
 1445 -7.89492e-16 -4.08951e-16 2.16994e-17
 1446 0 -4.08669e-16 2.16862e-17
 1447 0 -4.08386e-16 2.16731e-17
 1448 -1.57898e-15 -4.09195e-16 2.16732e-17
 1449 -1.57898e-15 -4.10002e-16 2.16732e-17
 1450 -1.57898e-15 -4.10808e-16 2.16733e-17
 1451 0 -4.10525e-16 2.16602e-17
 1452 -7.89492e-16 -4.10786e-16 2.16468e-17
 1453 -7.89492e-16 -4.11047e-16 2.16335e-17
 1454 -7.89492e-16 -4.11307e-16 2.16202e-17
 1455 -1.57898e-15 -4.12109e-16 2.16202e-17
 1456 -1.57898e-15 -4.12911e-16 2.16202e-17
 1457 0 -4.12627e-16 2.16073e-17
 1458 0 -4.12344e-16 2.15943e-17
 1459 0 -4.12062e-16 2.15813e-17
 1460 0 -4.1178e-16 2.15684e-17
 1461 0 -4.11498e-16 2.15555e-17
 1462 0 -4.11216e-16 2.15426e-17
 1463 0 -4.10935e-16 2.15297e-17
 1464 0 -4.10654e-16 2.15168e-17
 1465 0 -4.10374e-16 2.15039e-17
 1466 -1.57898e-15 -4.11171e-16 2.1504e-17
 1467 -7.89492e-16 -4.11429e-16 2.14909e-17
 1468 0 -4.11149e-16 2.14781e-17
 1469 -1.57898e-15 -4.11944e-16 2.14782e-17
 1470 -1.57898e-15 -4.12738e-16 2.14782e-17
 1471 -7.89492e-16 -4.12994e-16 2.14652e-17
 1472 0 -4.12713e-16 2.14524e-17
 1473 0 -4.12433e-16 2.14397e-17
 1474 0 -4.12153e-16 2.14269e-17
 1475 0 -4.11874e-16 2.14142e-17
 1476 0 -4.11595e-16 2.14015e-17
 1477 3.94746e-16 -4.11049e-16 2.1394e-17
 1478 -7.89492e-16 -4.11305e-16 2.13811e-17
 1479 0 -4.11027e-16 2.13684e-17
 1480 -7.89492e-16 -4.11283e-16 2.13555e-17
 1481 0 -4.11005e-16 2.13429e-17
 1482 -7.89492e-16 -4.1126e-16 2.133e-17
 1483 0 -4.10983e-16 2.13174e-17
 1484 0 -4.10706e-16 2.13049e-17
 1485 -1.97373e-16 -4.10562e-16 2.1291e-17
 1486 0 -4.10286e-16 2.12785e-17
 1487 0 -4.1001e-16 2.12659e-17
 1488 0 -4.09735e-16 2.12534e-17
 1489 -7.89492e-16 -4.0999e-16 2.12407e-17
 1490 0 -4.09715e-16 2.12282e-17
 1491 -7.89492e-16 -4.09969e-16 2.12155e-17
 1492 -7.89492e-16 -4.10224e-16 2.12028e-17
 1493 0 -4.09949e-16 2.11904e-17
 1494 0 -4.09674e-16 2.11779e-17
 1495 -1.57898e-15 -4.10457e-16 2.11782e-17
 1496 3.94746e-16 -4.09918e-16 2.11709e-17
 1497 0 -4.09645e-16 2.11585e-17
 1498 -7.89492e-16 -4.09898e-16 2.11459e-17
 1499 0 -4.09625e-16 2.11336e-17
 1500 -7.89492e-16 -4.09878e-16 2.1121e-17
 1501 0 -4.09605e-16 2.11087e-17
 1502 -1.57898e-15 -4.10383e-16 2.1109e-17
 1503 0 -4.1011e-16 2.10967e-17
 1504 0 -4.09838e-16 2.10844e-17
 1505 -1.97373e-16 -4.09696e-16 2.10709e-17
 1506 -1.97373e-16 -4.09555e-16 2.10574e-17
 1507 -7.89492e-16 -4.09808e-16 2.10449e-17
 1508 0 -4.09536e-16 2.10327e-17
 1509 -1.97373e-16 -4.09395e-16 2.10192e-17
 1510 -7.89492e-16 -4.09647e-16 2.10068e-17
 1511 0 -4.09376e-16 2.09947e-17
 1512 0 -4.09105e-16 2.09825e-17
 1513 -1.57898e-15 -4.09878e-16 2.09829e-17
 1514 -1.57898e-15 -4.10651e-16 2.09832e-17
 1515 0 -4.10379e-16 2.09711e-17
 1516 -1.57898e-15 -4.1115e-16 2.09715e-17
 1517 -7.89492e-16 -4.114e-16 2.09591e-17
 1518 0 -4.11129e-16 2.09471e-17
 1519 -7.89492e-16 -4.11378e-16 2.09348e-17
 1520 0 -4.11107e-16 2.09227e-17
 1521 -7.89492e-16 -4.11356e-16 2.09105e-17
 1522 -1.57898e-15 -4.12123e-16 2.09108e-17
 1523 0 -4.11852e-16 2.08988e-17
 1524 0 -4.11582e-16 2.08868e-17
 1525 0 -4.11312e-16 2.08749e-17
 1526 0 -4.11043e-16 2.08629e-17
 1527 -1.57898e-15 -4.11808e-16 2.08633e-17
 1528 -1.57898e-15 -4.12572e-16 2.08636e-17
 1529 -1.57898e-15 -4.13334e-16 2.08639e-17
 1530 -7.89492e-16 -4.1358e-16 2.08517e-17
 1531 0 -4.1331e-16 2.08399e-17
 1532 -7.89492e-16 -4.13556e-16 2.08277e-17
 1533 0 -4.13286e-16 2.08159e-17
 1534 -7.89492e-16 -4.13531e-16 2.08037e-17
 1535 0 -4.13262e-16 2.07919e-17
 1536 0 -4.12993e-16 2.07801e-17
 1537 0 -4.12724e-16 2.07683e-17
 1538 0 -4.12456e-16 2.07566e-17
 1539 0 -4.12188e-16 2.07448e-17
 1540 0 -4.1192e-16 2.07331e-17
 1541 0 -4.11653e-16 2.07213e-17
 1542 -7.89492e-16 -4.11898e-16 2.07093e-17
 1543 0 -4.11631e-16 2.06976e-17
 1544 0 -4.11364e-16 2.06859e-17
 1545 0 -4.11098e-16 2.06743e-17
 1546 -1.57898e-15 -4.11853e-16 2.06747e-17
 1547 0 -4.11587e-16 2.0663e-17
 1548 0 -4.11321e-16 2.06514e-17
 1549 -1.57898e-15 -4.12075e-16 2.06518e-17
 1550 -1.57898e-15 -4.12828e-16 2.06522e-17
 1551 0 -4.12562e-16 2.06406e-17
 1552 -7.89492e-16 -4.12805e-16 2.06287e-17
 1553 0 -4.12539e-16 2.06172e-17
 1554 0 -4.12273e-16 2.06056e-17
 1555 0 -4.12008e-16 2.05941e-17
 1556 0 -4.11743e-16 2.05825e-17
 1557 -1.57898e-15 -4.12493e-16 2.05829e-17
 1558 -1.57898e-15 -4.13242e-16 2.05834e-17
 1559 3.15797e-15 -4.10951e-16 2.06973e-17
 1560 0 -4.10688e-16 2.06857e-17
 1561 3.15797e-15 -4.08401e-16 2.07985e-17
 1562 -1.57898e-15 -4.09151e-16 2.07987e-17
 1563 -1.57898e-15 -4.09899e-16 2.07988e-17
 1564 0 -4.09637e-16 2.07872e-17
 1565 0 -4.09376e-16 2.07755e-17
 1566 -7.89492e-16 -4.09618e-16 2.07637e-17
 1567 0 -4.09357e-16 2.07521e-17
 1568 0 -4.09096e-16 2.07405e-17
 1569 0 -4.08835e-16 2.07289e-17
 1570 0 -4.08575e-16 2.07173e-17
 1571 -1.57898e-15 -4.0932e-16 2.07175e-17
 1572 -7.89492e-16 -4.09561e-16 2.07058e-17
 1573 -1.57898e-15 -4.10305e-16 2.07059e-17
 1574 -1.57898e-15 -4.11047e-16 2.07061e-17
 1575 -1.57898e-15 -4.11789e-16 2.07062e-17
 1576 0 -4.11528e-16 2.06947e-17
 1577 3.15797e-15 -4.09264e-16 2.08051e-17
 1578 3.15797e-15 -4.07004e-16 2.09144e-17
 1579 0 -4.06746e-16 2.09028e-17
 1580 0 -4.06488e-16 2.08911e-17
 1581 0 -4.06231e-16 2.08795e-17
 1582 3.15797e-15 -4.03978e-16 2.09876e-17
 1583 -1.57898e-15 -4.04721e-16 2.09874e-17
 1584 0 -4.04465e-16 2.09758e-17
 1585 -7.89492e-16 -4.04708e-16 2.09639e-17
 1586 0 -4.04453e-16 2.09523e-17
 1587 -7.89492e-16 -4.04695e-16 2.09405e-17
 1588 -7.89492e-16 -4.04938e-16 2.09287e-17
 1589 3.94746e-16 -4.04435e-16 2.09215e-17
 1590 0 -4.0418e-16 2.09099e-17
 1591 -7.89492e-16 -4.04422e-16 2.08982e-17
 1592 -1.57898e-15 -4.0516e-16 2.08981e-17
 1593 -1.57898e-15 -4.05897e-16 2.0898e-17
 1594 0 -4.05642e-16 2.08864e-17
 1595 0 -4.05388e-16 2.08748e-17
 1596 0 -4.05134e-16 2.08633e-17
 1597 0 -4.0488e-16 2.08518e-17
 1598 0 -4.04627e-16 2.08403e-17
 1599 0 -4.04374e-16 2.08288e-17
 1600 0 -4.04121e-16 2.08173e-17
 1601 -7.89492e-16 -4.04362e-16 2.08057e-17
 1602 0 -4.04109e-16 2.07942e-17
 1603 -7.89492e-16 -4.0435e-16 2.07826e-17
 1604 0 -4.04098e-16 2.07712e-17
 1605 0 -4.03846e-16 2.07598e-17
 1606 0 -4.03595e-16 2.07484e-17
 1607 3.94746e-16 -4.03098e-16 2.07414e-17
 1608 0 -4.02847e-16 2.073e-17
 1609 0 -4.02597e-16 2.07186e-17
 1610 0 -4.02347e-16 2.07073e-17
 1611 3.94746e-16 -4.01852e-16 2.07003e-17
 1612 3.94746e-16 -4.01358e-16 2.06934e-17
 1613 3.94746e-16 -4.00864e-16 2.06864e-17
 1614 0 -4.00616e-16 2.06751e-17
 1615 0 -4.00368e-16 2.06638e-17
 1616 0 -4.0012e-16 2.06525e-17
 1617 0 -3.99873e-16 2.06412e-17
 1618 -7.89492e-16 -4.00113e-16 2.06298e-17
 1619 0 -3.99866e-16 2.06186e-17
 1620 -7.89492e-16 -4.00107e-16 2.06072e-17
 1621 0 -3.9986e-16 2.0596e-17
 1622 0 -3.99613e-16 2.05848e-17
 1623 3.15797e-15 -3.97421e-16 2.06885e-17
 1624 0 -3.97177e-16 2.06773e-17
 1625 0 -3.96932e-16 2.0666e-17
 1626 0 -3.96688e-16 2.06547e-17
 1627 0 -3.96444e-16 2.06434e-17
 1628 0 -3.96201e-16 2.06322e-17
 1629 0 -3.95958e-16 2.0621e-17
 1630 -1.57898e-15 -3.96683e-16 2.06211e-17
 1631 -7.89492e-16 -3.96924e-16 2.06098e-17
 1632 0 -3.96681e-16 2.05986e-17
 1633 -7.89492e-16 -3.96922e-16 2.05874e-17
 1634 -7.89492e-16 -3.97162e-16 2.05762e-17
 1635 0 -3.96919e-16 2.05651e-17
 1636 -7.89492e-16 -3.97159e-16 2.05539e-17
 1637 0 -3.96916e-16 2.05428e-17
 1638 -1.57898e-15 -3.97638e-16 2.05429e-17
 1639 0 -3.97395e-16 2.05318e-17
 1640 -7.89492e-16 -3.97634e-16 2.05207e-17
 1641 -1.57898e-15 -3.98354e-16 2.05208e-17
 1642 0 -3.98112e-16 2.05097e-17
 1643 -7.89492e-16 -3.9835e-16 2.04986e-17
 1644 -7.89492e-16 -3.98588e-16 2.04875e-17
 1645 -1.57898e-15 -3.99305e-16 2.04876e-17
 1646 0 -3.99063e-16 2.04766e-17
 1647 0 -3.9882e-16 2.04656e-17
 1648 0 -3.98578e-16 2.04546e-17
 1649 -7.89492e-16 -3.98816e-16 2.04436e-17
 1650 -7.89492e-16 -3.99052e-16 2.04326e-17
 1651 -7.89492e-16 -3.99289e-16 2.04216e-17
 1652 0 -3.99047e-16 2.04106e-17
 1653 -1.57898e-15 -3.99761e-16 2.04108e-17
 1654 -1.57898e-15 -4.00474e-16 2.04109e-17
 1655 0 -4.00232e-16 2.04e-17
 1656 0 -3.9999e-16 2.03891e-17
 1657 -1.57898e-15 -4.00702e-16 2.03892e-17
 1658 0 -4.0046e-16 2.03783e-17
 1659 -1.57898e-15 -4.0117e-16 2.03784e-17
 1660 0 -4.00929e-16 2.03676e-17
 1661 0 -4.00687e-16 2.03568e-17
 1662 0 -4.00446e-16 2.03459e-17
 1663 -1.57898e-15 -4.01155e-16 2.0346e-17
 1664 0 -4.00914e-16 2.03352e-17
 1665 0 -4.00673e-16 2.03244e-17
 1666 -7.89492e-16 -4.00906e-16 2.03136e-17
 1667 -7.89492e-16 -4.0114e-16 2.03027e-17
 1668 -7.89492e-16 -4.01372e-16 2.02919e-17
 1669 -7.89492e-16 -4.01605e-16 2.02811e-17
 1670 0 -4.01364e-16 2.02703e-17
 1671 0 -4.01124e-16 2.02596e-17
 1672 -7.89492e-16 -4.01357e-16 2.02488e-17
 1673 0 -4.01117e-16 2.02382e-17
 1674 0 -4.00877e-16 2.02275e-17
 1675 -7.89492e-16 -4.01109e-16 2.02167e-17
 1676 0 -4.0087e-16 2.02061e-17
 1677 -1.57898e-15 -4.01572e-16 2.02063e-17
 1678 -1.57898e-15 -4.02274e-16 2.02064e-17
 1679 0 -4.02034e-16 2.01958e-17
 1680 -1.57898e-15 -4.02735e-16 2.01959e-17
 1681 -1.57898e-15 -4.03435e-16 2.0196e-17
 1682 0 -4.03195e-16 2.01854e-17
 1683 0 -4.02955e-16 2.01749e-17
 1684 -1.57898e-15 -4.03654e-16 2.0175e-17
 1685 0 -4.03414e-16 2.01644e-17
 1686 -7.89492e-16 -4.03643e-16 2.01537e-17
 1687 -1.57898e-15 -4.0434e-16 2.01538e-17
 1688 0 -4.041e-16 2.01433e-17
 1689 0 -4.03861e-16 2.01328e-17
 1690 0 -4.03622e-16 2.01223e-17
 1691 0 -4.03383e-16 2.01118e-17
 1692 -7.89492e-16 -4.03611e-16 2.01012e-17
 1693 0 -4.03373e-16 2.00908e-17
 1694 3.94746e-16 -4.02902e-16 2.00844e-17
 1695 0 -4.02664e-16 2.0074e-17
 1696 -7.89492e-16 -4.02892e-16 2.00634e-17
 1697 0 -4.02655e-16 2.0053e-17
 1698 0 -4.02418e-16 2.00426e-17
 1699 -7.89492e-16 -4.02646e-16 2.00321e-17
 1700 0 -4.02409e-16 2.00217e-17
 1701 0 -4.02172e-16 2.00113e-17
 1702 -7.89492e-16 -4.024e-16 2.00009e-17
 1703 -7.89492e-16 -4.02627e-16 1.99904e-17
 1704 -1.57898e-15 -4.03317e-16 1.99906e-17
 1705 -1.57898e-15 -4.04007e-16 1.99908e-17
 1706 0 -4.0377e-16 1.99805e-17
 1707 -1.57898e-15 -4.04459e-16 1.99806e-17
 1708 -1.57898e-15 -4.05146e-16 1.99808e-17
 1709 -7.89492e-16 -4.05371e-16 1.99703e-17
 1710 0 -4.05134e-16 1.99601e-17
 1711 0 -4.04897e-16 1.99498e-17
 1712 0 -4.04661e-16 1.99395e-17
 1713 0 -4.04424e-16 1.99293e-17
 1714 0 -4.04189e-16 1.99191e-17
 1715 3.94746e-16 -4.03723e-16 1.99129e-17
 1716 0 -4.03487e-16 1.99027e-17
 1717 0 -4.03252e-16 1.98925e-17
 1718 -1.57898e-15 -4.03937e-16 1.98927e-17
 1719 0 -4.03702e-16 1.98825e-17
 1720 0 -4.03467e-16 1.98723e-17
 1721 0 -4.03233e-16 1.98621e-17
 1722 0 -4.02998e-16 1.9852e-17
 1723 0 -4.02765e-16 1.98418e-17
 1724 0 -4.02531e-16 1.98317e-17
 1725 3.94746e-16 -4.02069e-16 1.98256e-17
 1726 -7.89492e-16 -4.02293e-16 1.98154e-17
 1727 3.94746e-16 -4.01832e-16 1.98093e-17
 1728 0 -4.01599e-16 1.97992e-17
 1729 0 -4.01367e-16 1.97891e-17
 1730 -7.89492e-16 -4.01591e-16 1.97789e-17
 1731 -7.89492e-16 -4.01815e-16 1.97687e-17
 1732 0 -4.01583e-16 1.97587e-17
 1733 3.94746e-16 -4.01124e-16 1.97526e-17
 1734 0 -4.00893e-16 1.97426e-17
 1735 -7.89492e-16 -4.01117e-16 1.97325e-17
 1736 0 -4.00885e-16 1.97225e-17
 1737 0 -4.00655e-16 1.97125e-17
 1738 0 -4.00424e-16 1.97025e-17
 1739 -1.57898e-15 -4.01102e-16 1.97028e-17
 1740 0 -4.00871e-16 1.96928e-17
 1741 -7.89492e-16 -4.01095e-16 1.96828e-17
 1742 -7.89492e-16 -4.01318e-16 1.96727e-17
 1743 -7.89492e-16 -4.0154e-16 1.96627e-17
 1744 -1.57898e-15 -4.02215e-16 1.9663e-17
 1745 0 -4.01985e-16 1.96531e-17
 1746 0 -4.01755e-16 1.96432e-17
 1747 0 -4.01525e-16 1.96333e-17
 1748 0 -4.01295e-16 1.96234e-17
 1749 -1.57898e-15 -4.01968e-16 1.96237e-17
 1750 -1.57898e-15 -4.02641e-16 1.9624e-17
 1751 0 -4.02411e-16 1.96142e-17
 1752 -1.57898e-15 -4.03082e-16 1.96145e-17
 1753 0 -4.02853e-16 1.96046e-17
 1754 0 -4.02623e-16 1.95948e-17
 1755 0 -4.02393e-16 1.9585e-17
 1756 -1.57898e-15 -4.03064e-16 1.95853e-17
 1757 -1.57898e-15 -4.03733e-16 1.95856e-17
 1758 0 -4.03503e-16 1.95758e-17
 1759 -1.57898e-15 -4.04171e-16 1.9576e-17
 1760 -1.57898e-15 -4.04839e-16 1.95763e-17
 1761 0 -4.04609e-16 1.95665e-17
 1762 -7.89492e-16 -4.04827e-16 1.95566e-17
 1763 -1.57898e-15 -4.05493e-16 1.95569e-17
 1764 0 -4.05264e-16 1.95472e-17
 1765 0 -4.05034e-16 1.95374e-17
 1766 0 -4.04805e-16 1.95277e-17
 1767 0 -4.04576e-16 1.9518e-17
 1768 -1.57898e-15 -4.0524e-16 1.95183e-17
 1769 0 -4.05011e-16 1.95086e-17
 1770 -1.57898e-15 -4.05674e-16 1.95088e-17
 1771 -1.57898e-15 -4.06336e-16 1.95091e-17
 1772 -1.57898e-15 -4.06998e-16 1.95093e-17
 1773 0 -4.06769e-16 1.94996e-17
 1774 0 -4.06539e-16 1.949e-17
 1775 -7.89492e-16 -4.06755e-16 1.94802e-17
 1776 -7.89492e-16 -4.06971e-16 1.94704e-17
 1777 -7.89492e-16 -4.07186e-16 1.94606e-17
 1778 3.94746e-16 -4.06735e-16 1.94549e-17
 1779 -7.89492e-16 -4.0695e-16 1.94452e-17
 1780 0 -4.06721e-16 1.94356e-17
 1781 -7.89492e-16 -4.06936e-16 1.94259e-17
 1782 0 -4.06708e-16 1.94163e-17
 1783 -1.57898e-15 -4.07365e-16 1.94165e-17
 1784 3.94746e-16 -4.06916e-16 1.94109e-17
 1785 0 -4.06688e-16 1.94013e-17
 1786 0 -4.0646e-16 1.93918e-17
 1787 -1.57898e-15 -4.07116e-16 1.9392e-17
 1788 -7.89492e-16 -4.0733e-16 1.93824e-17
 1789 -1.57898e-15 -4.07985e-16 1.93826e-17
 1790 -1.57898e-15 -4.08639e-16 1.93828e-17
 1791 0 -4.08411e-16 1.93733e-17
 1792 -7.89492e-16 -4.08624e-16 1.93637e-17
 1793 -1.57898e-15 -4.09276e-16 1.93639e-17
 1794 0 -4.09048e-16 1.93544e-17
 1795 0 -4.0882e-16 1.9345e-17
 1796 0 -4.08593e-16 1.93356e-17
 1797 0 -4.08365e-16 1.93261e-17
 1798 -7.89492e-16 -4.08577e-16 1.93165e-17
 1799 -1.57898e-15 -4.09228e-16 1.93168e-17
 1800 0 -4.09001e-16 1.93074e-17
 1801 -7.89492e-16 -4.09212e-16 1.92978e-17
 1802 -1.57898e-15 -4.09861e-16 1.9298e-17
 1803 -1.57898e-15 -4.1051e-16 1.92982e-17
 1804 -1.57898e-15 -4.11157e-16 1.92984e-17
 1805 -7.89492e-16 -4.11367e-16 1.92888e-17
 1806 -1.57898e-15 -4.12013e-16 1.9289e-17
 1807 0 -4.11785e-16 1.92796e-17
 1808 3.15797e-15 -4.09811e-16 1.93699e-17
 1809 0 -4.09584e-16 1.93605e-17
 1810 0 -4.09358e-16 1.93511e-17
 1811 3.15797e-15 -4.07388e-16 1.94405e-17
 1812 0 -4.07163e-16 1.9431e-17
 1813 -1.57898e-15 -4.0781e-16 1.94311e-17
 1814 -7.89492e-16 -4.0802e-16 1.94215e-17
 1815 0 -4.07795e-16 1.94121e-17
 1816 0 -4.07571e-16 1.94027e-17
 1817 0 -4.07347e-16 1.93933e-17
 1818 0 -4.07122e-16 1.93839e-17
 1819 -7.89492e-16 -4.07333e-16 1.93744e-17
 1820 0 -4.07109e-16 1.93651e-17
 1821 3.15797e-15 -4.05151e-16 1.94532e-17
 1822 -1.57898e-15 -4.05795e-16 1.94532e-17
 1823 3.15797e-15 -4.0384e-16 1.95405e-17
 1824 3.15797e-15 -4.01888e-16 1.96272e-17
 1825 0 -4.01668e-16 1.96177e-17
 1826 -1.57898e-15 -4.02312e-16 1.96175e-17
 1827 -1.57898e-15 -4.02956e-16 1.96174e-17
 1828 0 -4.02736e-16 1.96079e-17
 1829 0 -4.02516e-16 1.95984e-17
 1830 -1.57898e-15 -4.03159e-16 1.95982e-17
 1831 -7.89492e-16 -4.0337e-16 1.95887e-17
 1832 -7.89492e-16 -4.0358e-16 1.95791e-17
 1833 0 -4.0336e-16 1.95696e-17
 1834 -7.89492e-16 -4.03571e-16 1.95601e-17
 1835 -7.89492e-16 -4.03781e-16 1.95506e-17
 1836 -1.57898e-15 -4.04421e-16 1.95504e-17
 1837 0 -4.04201e-16 1.9541e-17
 1838 -1.57898e-15 -4.0484e-16 1.95408e-17
 1839 -1.57898e-15 -4.05479e-16 1.95406e-17
 1840 -1.57898e-15 -4.06116e-16 1.95404e-17
 1841 -1.57898e-15 -4.06753e-16 1.95402e-17
 1842 0 -4.06533e-16 1.95308e-17
 1843 0 -4.06312e-16 1.95215e-17
 1844 -7.89492e-16 -4.0652e-16 1.9512e-17
 1845 -7.89492e-16 -4.06727e-16 1.95025e-17
 1846 0 -4.06507e-16 1.94932e-17
 1847 -1.57898e-15 -4.07142e-16 1.9493e-17
 1848 0 -4.06922e-16 1.94837e-17
 1849 0 -4.06701e-16 1.94744e-17
 1850 -1.57898e-15 -4.07335e-16 1.94742e-17
 1851 -1.57898e-15 -4.07968e-16 1.94739e-17
 1852 -1.57898e-15 -4.086e-16 1.94737e-17
 1853 0 -4.0838e-16 1.94644e-17
 1854 0 -4.0816e-16 1.94552e-17
 1855 3.15797e-15 -4.06237e-16 1.95395e-17
 1856 0 -4.06018e-16 1.95302e-17
 1857 0 -4.058e-16 1.95209e-17
 1858 3.15797e-15 -4.03882e-16 1.96044e-17
 1859 -1.57898e-15 -4.04514e-16 1.96041e-17
 1860 -1.97373e-16 -4.04402e-16 1.95938e-17
 1861 -7.89492e-16 -4.04609e-16 1.95844e-17
 1862 -7.89492e-16 -4.04816e-16 1.9575e-17
 1863 0 -4.04599e-16 1.95657e-17
 1864 0 -4.04382e-16 1.95564e-17
 1865 0 -4.04165e-16 1.95471e-17
 1866 0 -4.03948e-16 1.95378e-17
 1867 0 -4.03732e-16 1.95285e-17
 1868 -1.57898e-15 -4.04361e-16 1.95282e-17
 1869 0 -4.04145e-16 1.9519e-17
 1870 0 -4.03929e-16 1.95097e-17
 1871 0 -4.03713e-16 1.95005e-17
 1872 -7.89492e-16 -4.03919e-16 1.94912e-17
 1873 0 -4.03703e-16 1.94819e-17
 1874 0 -4.03488e-16 1.94727e-17
 1875 0 -4.03272e-16 1.94635e-17
 1876 -7.89492e-16 -4.03478e-16 1.94542e-17
 1877 -1.57898e-15 -4.04105e-16 1.9454e-17
 1878 3.94746e-16 -4.03679e-16 1.94482e-17
 1879 -7.89492e-16 -4.03885e-16 1.9439e-17
 1880 -1.57898e-15 -4.0451e-16 1.94387e-17
 1881 -1.57898e-15 -4.05134e-16 1.94384e-17
 1882 -7.89492e-16 -4.05338e-16 1.94291e-17
 1883 0 -4.05123e-16 1.942e-17
 1884 0 -4.04908e-16 1.94109e-17
 1885 -1.57898e-15 -4.05531e-16 1.94106e-17
 1886 0 -4.05316e-16 1.94015e-17
 1887 0 -4.05101e-16 1.93924e-17
 1888 3.94746e-16 -4.04677e-16 1.93867e-17
 1889 3.94746e-16 -4.04254e-16 1.93811e-17
 1890 0 -4.0404e-16 1.9372e-17
 1891 -7.89492e-16 -4.04244e-16 1.93628e-17
 1892 3.94746e-16 -4.03822e-16 1.93572e-17
 1893 -1.97373e-16 -4.03713e-16 1.93473e-17
 1894 0 -4.035e-16 1.93382e-17
 1895 0 -4.03287e-16 1.93292e-17
 1896 0 -4.03074e-16 1.93202e-17
 1897 -1.57898e-15 -4.03694e-16 1.93199e-17
 1898 0 -4.03481e-16 1.93109e-17
 1899 -7.89492e-16 -4.03684e-16 1.93018e-17
 1900 -7.89492e-16 -4.03887e-16 1.92927e-17
 1901 -1.57898e-15 -4.04506e-16 1.92925e-17
 1902 3.94746e-16 -4.04085e-16 1.92869e-17
 1903 0 -4.03873e-16 1.9278e-17
 1904 -1.57898e-15 -4.0449e-16 1.92777e-17
 1905 0 -4.04278e-16 1.92688e-17
 1906 -1.57898e-15 -4.04894e-16 1.92685e-17
 1907 0 -4.04682e-16 1.92596e-17
 1908 0 -4.0447e-16 1.92506e-17
 1909 -1.57898e-15 -4.05085e-16 1.92504e-17
 1910 -1.57898e-15 -4.057e-16 1.92501e-17
 1911 -1.57898e-15 -4.06314e-16 1.92498e-17
 1912 0 -4.06101e-16 1.92409e-17
 1913 0 -4.05889e-16 1.9232e-17
 1914 3.94746e-16 -4.05471e-16 1.92265e-17
 1915 0 -4.05259e-16 1.92177e-17
 1916 0 -4.05047e-16 1.92088e-17
 1917 3.94746e-16 -4.0463e-16 1.92033e-17
 1918 -7.89492e-16 -4.04831e-16 1.91943e-17
 1919 -7.89492e-16 -4.05031e-16 1.91854e-17
 1920 0 -4.0482e-16 1.91766e-17
 1921 0 -4.04609e-16 1.91677e-17
 1922 0 -4.04399e-16 1.91589e-17
 1923 0 -4.04189e-16 1.91501e-17
 1924 0 -4.03979e-16 1.91413e-17
 1925 -7.89492e-16 -4.04179e-16 1.91324e-17
 1926 -1.57898e-15 -4.04789e-16 1.91322e-17
 1927 0 -4.04579e-16 1.91234e-17
 1928 3.15797e-15 -4.02731e-16 1.92026e-17
 1929 0 -4.02522e-16 1.91938e-17
 1930 0 -4.02314e-16 1.9185e-17
 1931 -7.89492e-16 -4.02514e-16 1.91761e-17
 1932 -7.89492e-16 -4.02714e-16 1.91672e-17
 1933 0 -4.02506e-16 1.91584e-17
 1934 0 -4.02298e-16 1.91496e-17
 1935 0 -4.0209e-16 1.91409e-17
 1936 -7.89492e-16 -4.0229e-16 1.9132e-17
 1937 0 -4.02082e-16 1.91233e-17
 1938 0 -4.01875e-16 1.91145e-17
 1939 0 -4.01668e-16 1.91058e-17
 1940 3.94746e-16 -4.01257e-16 1.91003e-17
 1941 0 -4.01051e-16 1.90916e-17
 1942 0 -4.00844e-16 1.90829e-17
 1943 -1.97373e-16 -4.00739e-16 1.90734e-17
 1944 3.94746e-16 -4.0033e-16 1.90679e-17
 1945 0 -4.00124e-16 1.90593e-17
 1946 -7.89492e-16 -4.00324e-16 1.90505e-17
 1947 -7.89492e-16 -4.00524e-16 1.90418e-17
 1948 0 -4.00319e-16 1.90331e-17
 1949 0 -4.00113e-16 1.90244e-17
 1950 -7.89492e-16 -4.00313e-16 1.90157e-17
 1951 0 -4.00108e-16 1.90071e-17
 1952 -1.57898e-15 -4.00712e-16 1.90069e-17
 1953 0 -4.00506e-16 1.89983e-17
 1954 -7.89492e-16 -4.00706e-16 1.89896e-17
 1955 -1.57898e-15 -4.01308e-16 1.89895e-17
 1956 -7.89492e-16 -4.01507e-16 1.89808e-17
 1957 0 -4.01302e-16 1.89722e-17
 1958 0 -4.01097e-16 1.89636e-17
 1959 -1.57898e-15 -4.01698e-16 1.89635e-17
 1960 -1.57898e-15 -4.02299e-16 1.89633e-17
 1961 3.94746e-16 -4.01892e-16 1.8958e-17
 1962 0 -4.01687e-16 1.89495e-17
 1963 -7.89492e-16 -4.01885e-16 1.89408e-17
 1964 -7.89492e-16 -4.02082e-16 1.89322e-17
 1965 0 -4.01878e-16 1.89237e-17
 1966 3.94746e-16 -4.01472e-16 1.89184e-17
 1967 -1.97373e-16 -4.01369e-16 1.89091e-17
 1968 3.94746e-16 -4.00964e-16 1.89038e-17
 1969 -7.89492e-16 -4.01161e-16 1.88952e-17
 1970 -7.89492e-16 -4.01358e-16 1.88866e-17
 1971 0 -4.01155e-16 1.88782e-17
 1972 -7.89492e-16 -4.01352e-16 1.88696e-17
 1973 -1.57898e-15 -4.01949e-16 1.88695e-17
 1974 0 -4.01745e-16 1.8861e-17
 1975 0 -4.01542e-16 1.88526e-17
 1976 0 -4.01338e-16 1.88441e-17
 1977 0 -4.01135e-16 1.88357e-17
 1978 0 -4.00933e-16 1.88272e-17
 1979 0 -4.0073e-16 1.88188e-17
 1980 0 -4.00528e-16 1.88104e-17
 1981 0 -4.00325e-16 1.8802e-17
 1982 -1.97373e-16 -4.00223e-16 1.87928e-17
 1983 -7.89492e-16 -4.00419e-16 1.87843e-17
 1984 -7.89492e-16 -4.00615e-16 1.87759e-17
 1985 0 -4.00414e-16 1.87675e-17
 1986 0 -4.00212e-16 1.87591e-17
 1987 -7.89492e-16 -4.00408e-16 1.87507e-17
 1988 0 -4.00206e-16 1.87424e-17
 1989 0 -4.00005e-16 1.8734e-17
 1990 -1.57898e-15 -4.00598e-16 1.8734e-17
 1991 0 -4.00397e-16 1.87256e-17
 1992 0 -4.00196e-16 1.87173e-17
 1993 -7.89492e-16 -4.00391e-16 1.87089e-17
 1994 -7.89492e-16 -4.00586e-16 1.87006e-17
 1995 0 -4.00385e-16 1.86923e-17
 1996 0 -4.00185e-16 1.8684e-17
 1997 -7.89492e-16 -4.0038e-16 1.86756e-17
 1998 -1.57898e-15 -4.00969e-16 1.86756e-17
 1999 0 -4.00769e-16 1.86674e-17
 2000 -7.89492e-16 -4.00963e-16 1.8659e-17
