 1 0.853333 0.853333 0
 2 0.853333 0.853333 0
 3 0.213333 0.64 0.213333
 4 0.853333 0.693333 0.16
 5 1.92 0.938667 0.274861
 6 0.853333 0.924444 0.224873
 7 0 0.792381 0.231432
 8 0.853333 0.8 0.200571
 9 0.48 0.764444 0.180425
 10 6.45333 1.33333 0.591335
 11 6.45333 1.79879 0.709047
 12 1.33333 1.76 0.648429
 13 0.213333 1.64103 0.608218
 14 0.0533333 1.52762 0.574407
 15 0.213333 1.44 0.541874
 16 1.92 1.47 0.507764
 17 1.92 1.49647 0.477695
 18 0.48 1.44 0.453902
 19 0.0533333 1.36702 0.435507
 20 1.92 1.39467 0.414082
 21 6.45333 1.63556 0.461694
 22 1.92 1.64848 0.440398
 23 0.853333 1.61391 0.422233
 24 0.48 1.56667 0.407009
 25 0.213333 1.51253 0.394124
 26 0.213333 1.46256 0.381945
 27 0.213333 1.4163 0.370428
 28 0.0533333 1.36762 0.360257
 29 0.48 1.33701 0.348957
 30 1.33333 1.33689 0.337125
 31 0.853333 1.32129 0.326441
 32 0.48 1.295 0.317167
 33 3.41333 1.35919 0.314036
 34 4.32 1.44627 0.316861
 35 9.01333 1.66248 0.376041
 36 2.61333 1.68889 0.3664
 37 0.853333 1.66631 0.357074
 38 0.213333 1.62807 0.349648
 39 0.853333 1.60821 0.341143
 40 0 1.568 0.334927
 41 0 1.52976 0.328887
 42 1.92 1.53905 0.321095
 43 2.61333 1.56403 0.314533
 44 1.33333 1.55879 0.307346
 45 5.33333 1.64267 0.311928
 46 3.41333 1.68116 0.30749
 47 3.41333 1.71801 0.303126
 48 1.33333 1.71 0.296851
 49 2.61333 1.72844 0.291314
 50 1.33333 1.72053 0.285538
 51 1.33333 1.71294 0.279986
 52 1.33333 1.70564 0.274646
 53 0.48 1.68252 0.270405
 54 0.0533333 1.65235 0.26706
 55 0 1.6223 0.263875
 56 0.0533333 1.59429 0.26063
 57 0.213333 1.57006 0.257161
 58 0.213333 1.54667 0.253768
 59 0.853333 1.53492 0.249707
 60 0 1.50933 0.246839
 61 0.48 1.49246 0.243344
 62 1.92 1.49935 0.239487
 63 1.92 1.50603 0.235749
 64 0.853333 1.49583 0.23226
 65 1.92 1.50236 0.228752
 66 7.68 1.59596 0.243932
 67 0.213333 1.57532 0.241149
 68 0.213333 1.55529 0.238419
 69 0.853333 1.54512 0.235158
 70 2.61333 1.56038 0.232276
 71 0.0533333 1.53915 0.229963
 72 0 1.51778 0.227752
 73 5.33333 1.57005 0.230612
 74 3.41333 1.59495 0.228834
 75 0.853333 1.58507 0.225979
 76 0.48 1.57053 0.223459
 77 0 1.55013 0.221479
 78 0.48 1.53641 0.219051
 79 0.213333 1.51966 0.216908
 80 0.213333 1.50333 0.214801
 81 0.213333 1.48741 0.21273
 82 0.213333 1.47187 0.210693
 83 0.213333 1.45671 0.208691
 84 0.48 1.44508 0.206519
 85 0.213333 1.43059 0.204589
 86 0.0533333 1.41457 0.202829
 87 0.0533333 1.39893 0.201094
 88 0.213333 1.38545 0.199251
 89 0 1.36989 0.197614
 90 0 1.35467 0.195998
 91 1.33333 1.35443 0.193832
 92 0.213333 1.34203 0.192114
 93 0 1.3276 0.190585
 94 0 1.31348 0.189074
 95 0.853333 1.30863 0.187136
 96 0.0533333 1.29556 0.185638
 97 0.853333 1.291 0.183771
 98 1.92 1.29741 0.181999
 99 4.32 1.32795 0.18272
 100 6.45333 1.3792 0.188005
 101 2.61333 1.39142 0.186535
 102 5.33333 1.43007 0.188697
 103 2.61333 1.44155 0.187209
 104 6.45333 1.48974 0.19156
 105 1.92 1.49384 0.189771
 106 2.61333 1.5044 0.188269
 107 0.48 1.49483 0.186747
 108 0.213333 1.48296 0.18539
 109 0.48 1.47376 0.183911
 110 0.853333 1.46812 0.182319
 111 0 1.45489 0.181153
 112 0 1.4419 0.179997
 113 1.92 1.44614 0.178447
 114 3.41333 1.46339 0.177715
 115 1.92 1.46736 0.176207
 116 4.32 1.49195 0.176404
 117 1.33333 1.4906 0.174895
 118 1.92 1.49424 0.173445
 119 2.61333 1.50364 0.172238
 120 1.92 1.50711 0.170832
 121 2.61333 1.51625 0.169661
 122 3.41333 1.5318 0.168982
 123 3.41333 1.5471 0.168299
 124 4.32 1.56946 0.168427
 125 6.45333 1.60853 0.171582
 126 12 1.69101 0.189142
 127 4.32 1.71171 0.188785
 128 0.853333 1.705 0.187424
 129 0.853333 1.6984 0.186083
 130 0.0533333 1.68574 0.185079
 131 0.853333 1.67939 0.183771
 132 0.48 1.6703 0.182599
 133 0.48 1.66135 0.181442
 134 0.48 1.65254 0.180299
 135 0.0533333 1.64069 0.17935
 136 0.0533333 1.62902 0.178408
 137 0.853333 1.62336 0.177192
 138 0.853333 1.61778 0.175992
 139 0.853333 1.61228 0.174807
 140 1.92 1.61448 0.173568
 141 7.68 1.65749 0.177621
 142 2.61333 1.66423 0.176494
 143 1.33333 1.66191 0.175271
 144 1.92 1.6637 0.174058
 145 4.32 1.68202 0.173822
 146 2.61333 1.6884 0.172745
 147 5.33333 1.7132 0.173348
 148 12 1.7827 0.185673
 149 12 1.85128 0.196759
 150 23.52 1.99573 0.243035
 151 19.2533 2.11002 0.267106
 152 23.52 2.25088 0.300411
 153 17.28 2.34911 0.314192
 154 15.4133 2.43394 0.323467
 155 6.45333 2.45987 0.322418
 156 6.45333 2.48547 0.321366
 157 10.4533 2.53622 0.32332
 158 9.01333 2.57722 0.323872
 159 1.92 2.57308 0.321855
 160 0.48 2.56 0.320105
 161 2.61333 2.56033 0.318111
 162 1.92 2.55638 0.316166
 163 1.92 2.55247 0.314244
 164 3.41333 2.55772 0.312366
 165 1.92 2.55386 0.310491
 166 2.61333 2.55422 0.308615
 167 0.0533333 2.53924 0.307127
 168 0.0533333 2.52444 0.305652
 169 0.213333 2.51077 0.304146
 170 6.45333 2.53396 0.303239
 171 1.92 2.53037 0.301482
 172 0.0533333 2.51597 0.30007
 173 1.92 2.51252 0.29835
 174 4.32 2.52291 0.296813
 175 2.61333 2.52343 0.295112
 176 0.853333 2.51394 0.293584
 177 0.48 2.50245 0.292147
 178 0.48 2.49109 0.290723
 179 0 2.47717 0.289429
 180 0.0533333 2.4637 0.288131
 181 1.33333 2.45746 0.286603
 182 0.213333 2.44513 0.285291
 183 2.61333 2.44605 0.283729
 184 4.32 2.45623 0.282366
 185 2.61333 2.45708 0.280837
 186 1.33333 2.45104 0.279389
 187 5.33333 2.46645 0.278318
 188 9.01333 2.50128 0.279015
 189 6.45333 2.52219 0.278321
 190 4.32 2.53165 0.277014
 191 3.41333 2.53627 0.275599
 192 5.33333 2.55083 0.274546
 193 0.0533333 2.53789 0.273427
 194 0 2.52481 0.272328
 195 0.0533333 2.51214 0.271224
 196 3.41333 2.51673 0.269876
 197 3.41333 2.52129 0.268541
 198 4.32 2.53037 0.267336
 199 3.41333 2.53481 0.266026
 200 5.33333 2.5488 0.265062
 201 9.01333 2.58096 0.265694
 202 2.61333 2.58112 0.264375
 203 4.32 2.58969 0.263209
 204 7.68 2.61464 0.263102
 205 6.45333 2.63337 0.262484
 206 2.61333 2.63327 0.261206
 207 0.0533333 2.62081 0.26024
 208 1.92 2.61744 0.259008
 209 1.33333 2.61129 0.257839
 210 6.45333 2.62959 0.25726
 211 21.3333 2.71823 0.270948
 212 25.8133 2.82717 0.29084
 213 21.3333 2.91405 0.302229
 214 19.2533 2.9904 0.310352
 215 12 3.03231 0.311734
 216 5.33333 3.04296 0.310471
 217 0.853333 3.03287 0.309201
 218 0.48 3.02116 0.308002
 219 0.0533333 3.00761 0.306892
 220 0.213333 2.99491 0.305758
 221 0.853333 2.98522 0.304526
 222 1.92 2.98042 0.303189
 223 0.48 2.96921 0.302034
 224 0.853333 2.95976 0.300831
 225 2.61333 2.95822 0.299495
 226 1.92 2.95363 0.298202
 227 1.33333 2.94649 0.296972
 228 1.33333 2.93942 0.295751
 229 0.0533333 2.92681 0.294726
 230 1.33333 2.91988 0.293524
 231 1.33333 2.91302 0.292331
 232 1.33333 2.90621 0.291148
 233 0.0533333 2.89396 0.290154
 234 0.0533333 2.88182 0.289166
 235 0.48 2.8716 0.288114
 236 0.213333 2.86034 0.287112
 237 1.33333 2.8539 0.285971
 238 0.853333 2.84549 0.284891
 239 1.92 2.84162 0.283723
 240 0.853333 2.83333 0.282659
 241 0.0533333 2.8218 0.28172
 242 0.213333 2.81102 0.280761
 243 2.61333 2.81021 0.279604
 244 1.92 2.80656 0.27848
 245 0.213333 2.79597 0.277543
 246 0.213333 2.78547 0.276611
 247 1.33333 2.7796 0.275552
 248 0.853333 2.77183 0.274549
 249 1.33333 2.76605 0.273505
 250 1.92 2.76267 0.27243
 251 0.853333 2.75506 0.271449
 252 2.61333 2.7545 0.27037
 253 4.32 2.76069 0.26937
 254 6.45333 2.77522 0.268701
 255 12 2.8114 0.270079
 256 13.6533 2.85375 0.272335
 257 6.45333 2.86776 0.271635
 258 9.01333 2.89158 0.271626
 259 7.68 2.91006 0.271206
 260 6.45333 2.92369 0.270505
 261 4.32 2.92904 0.26952
 262 13.6533 2.96997 0.271591
 263 10.4533 2.99843 0.272049
 264 0.853333 2.9903 0.271138
 265 0.48 2.98083 0.270279
 266 1.33333 2.97464 0.269332
 267 0 2.9635 0.268553
 268 0 2.95244 0.267777
 269 0.48 2.94325 0.266938
 270 1.92 2.93946 0.265975
 271 0.853333 2.93176 0.265103
 272 0.213333 2.92176 0.264316
 273 0.0533333 2.91126 0.263555
 274 0.0533333 2.90083 0.262799
 275 0.853333 2.89338 0.261947
 276 0.853333 2.88599 0.261101
 277 0.853333 2.87865 0.26026
 278 0 2.8683 0.259529
 279 0.48 2.85974 0.258739
 280 0.0533333 2.84971 0.258008
 281 2.61333 2.84887 0.257089
 282 1.92 2.84558 0.256197
 283 0.853333 2.83854 0.255387
 284 0.213333 2.8293 0.254654
 285 1.92 2.82611 0.253779
 286 0.853333 2.81921 0.252984
 287 2.61333 2.81849 0.252102
 288 2.61333 2.81778 0.251227
 289 3.41333 2.81984 0.250364
 290 0.48 2.81177 0.24963
 291 0.48 2.80376 0.248899
 292 1.92 2.80073 0.248064
 293 4.32 2.80592 0.24727
 294 6.45333 2.81832 0.24674
 295 1.92 2.81528 0.245921
 296 0.853333 2.80865 0.245178
 297 0.213333 2.79991 0.244508
 298 0.853333 2.79338 0.243773
 299 5.33333 2.80187 0.243105
 300 5.33333 2.81031 0.24244
 301 1.92 2.80735 0.241652
 302 0.213333 2.79876 0.241003
 303 0.0533333 2.7897 0.240377
 304 0.48 2.78211 0.239706
 305 1.33333 2.77736 0.238966
 306 0.48 2.76985 0.238302
 307 0.853333 2.7636 0.237606
 308 0.213333 2.75532 0.236978
 309 0.213333 2.7471 0.236353
 310 0.853333 2.74099 0.235669
 311 0.48 2.73372 0.235022
 312 0.48 2.7265 0.234379
 313 0.0533333 2.71796 0.233785
 314 0 2.7093 0.2332
 315 0.0533333 2.70087 0.232612
 316 0.213333 2.693 0.232008
 317 1.33333 2.68871 0.231315
 318 2.61333 2.68847 0.230586
 319 1.92 2.68606 0.229875
 320 4.32 2.69117 0.229212
 321 0.853333 2.68544 0.228569
 322 1.33333 2.68124 0.227897
 323 0.48 2.67443 0.227292
 324 1.33333 2.67029 0.226627
 325 0.48 2.66355 0.226029
 326 1.33333 2.65947 0.225372
 327 0.0533333 2.6515 0.224823
 328 0.213333 2.64407 0.22426
 329 0.0533333 2.63619 0.223716
 330 0.0533333 2.62836 0.223174
 331 0.213333 2.62107 0.222618
 332 4.32 2.62618 0.222006
 333 7.68 2.64136 0.221858
 334 6.45333 2.65277 0.221487
 335 3.41333 2.65504 0.220836
 336 1.33333 2.65111 0.220213
 337 1.33333 2.6472 0.219594
 338 1.33333 2.64331 0.218977
 339 0.48 2.63693 0.218424
 340 0.48 2.63059 0.217873
 341 0.213333 2.6235 0.217349
 342 0.0533333 2.61598 0.216842
 343 0.48 2.60976 0.216299
 344 0 2.60217 0.215803
 345 0.853333 2.5971 0.215236
 346 0.0533333 2.58975 0.214739
 347 3.41333 2.59212 0.214132
 348 3.41333 2.59448 0.213529
 349 0.853333 2.58949 0.212975
 350 4.32 2.59444 0.212423
 351 1.33333 2.59085 0.211847
 352 0.213333 2.58409 0.211353
 353 0.0533333 2.57692 0.210875
 354 0.213333 2.57024 0.210384
 355 0.0533333 2.56315 0.209911
 356 0.853333 2.55835 0.209375
 357 3.41333 2.56075 0.208802
 358 5.33333 2.56849 0.208362
 359 2.61333 2.56862 0.207781
 360 1.33333 2.56519 0.207231
 361 0.853333 2.56044 0.206711
 362 1.92 2.55867 0.206146
 363 0.48 2.55295 0.205657
 364 0.213333 2.54652 0.205192
 365 0.853333 2.54188 0.204682
 366 0.48 2.53625 0.2042
 367 0.0533333 2.52948 0.203755
 368 0.853333 2.52493 0.203251
 369 4.32 2.52979 0.202758
 370 4.32 2.53463 0.202267
 371 0.213333 2.52837 0.201818
 372 0.0533333 2.52172 0.201385
 373 3.41333 2.52411 0.200859
 374 1.92 2.5225 0.200327
 375 0.48 2.51705 0.199867
 376 0.48 2.51163 0.199408
 377 0.48 2.50624 0.198951
 378 0.853333 2.50187 0.198473
 379 1.92 2.50033 0.197954
 380 4.32 2.50512 0.197491
 381 2.61333 2.50541 0.196972
 382 0.0533333 2.49899 0.19656
 383 0.853333 2.49469 0.196094
 384 0.213333 2.48875 0.195672
 385 0.213333 2.48284 0.195253
 386 0 2.47641 0.194853
 387 0.48 2.47125 0.194417
 388 0.0533333 2.46502 0.194015
 389 0 2.45868 0.19362
 390 0.213333 2.45292 0.193208
 391 0.213333 2.4472 0.192799
 392 3.41333 2.44966 0.192322
 393 2.61333 2.45008 0.191833
 394 3.41333 2.45252 0.191361
 395 3.41333 2.45495 0.190891
 396 7.68 2.46815 0.190865
 397 5.33333 2.47537 0.19052
 398 4.32 2.48 0.190098
 399 5.33333 2.48715 0.189755
 400 3.41333 2.48947 0.189295
 401 1.33333 2.48658 0.188844
 402 0 2.4804 0.188475
 403 0.0533333 2.47438 0.188103
 404 0.0533333 2.46838 0.187733
 405 0 2.46229 0.187368
 406 2.61333 2.46266 0.186906
 407 1.92 2.46133 0.186451
 408 0 2.45529 0.186091
 409 0.0533333 2.44942 0.185729
 410 2.61333 2.44982 0.185276
 411 0.853333 2.44594 0.184865
 412 0.0533333 2.44013 0.184507
 413 1.92 2.43887 0.184064
 414 0.213333 2.43349 0.183698
 415 0.0533333 2.42776 0.183344
 416 3.41333 2.43013 0.182918
 417 1.92 2.4289 0.182483
 418 1.92 2.42769 0.18205
 419 1.33333 2.42508 0.181634
 420 0.853333 2.42133 0.18124
 421 2.61333 2.42179 0.180809
 422 7.68 2.43425 0.18081
 423 7.68 2.44665 0.180808
 424 3.41333 2.44893 0.180395
 425 0.48 2.4443 0.18003
 426 0.48 2.43969 0.179666
 427 4.32 2.44409 0.179299
 428 9.01333 2.45944 0.179537
 429 3.41333 2.46166 0.179132
 430 5.33333 2.46834 0.178839
 431 0.213333 2.46311 0.178501
 432 0 2.45741 0.178178
 433 0.213333 2.45222 0.177842
 434 1.33333 2.44965 0.17745
 435 0.213333 2.44451 0.177116
 436 0.853333 2.44086 0.176747
 437 0.213333 2.43576 0.176416
 438 0.0533333 2.43032 0.176097
 439 0.0533333 2.42491 0.175779
 440 1.92 2.42376 0.175383
 441 2.61333 2.42419 0.174985
 442 3.41333 2.42643 0.174603
 443 1.33333 2.42396 0.174226
 444 1.33333 2.4215 0.17385
 445 1.92 2.42037 0.173463
 446 0.48 2.41602 0.173128
 447 1.33333 2.4136 0.172757
 448 1.92 2.4125 0.172375
 449 1.92 2.4114 0.171994
 450 5.33333 2.4179 0.171734
 451 4.32 2.42211 0.171405
 452 1.92 2.421 0.171029
 453 0.853333 2.41754 0.170686
 454 1.33333 2.41515 0.170326
 455 0.853333 2.41172 0.169986
 456 1.92 2.41064 0.169617
 457 1.92 2.40957 0.169248
 458 0.48 2.40536 0.168931
 459 0.853333 2.40198 0.168596
 460 0.213333 2.39722 0.168297
 461 0.213333 2.39248 0.167998
 462 0.0533333 2.38742 0.167711
 463 0.0533333 2.38238 0.167424
 464 0 2.37724 0.167142
 465 0.0533333 2.37224 0.166857
 466 1.92 2.37127 0.166501
 467 0.48 2.36722 0.166193
 468 0.48 2.36319 0.165887
 469 0.0533333 2.35827 0.165606
 470 0.48 2.35427 0.165302
 471 0.213333 2.34972 0.165013
 472 4.32 2.3539 0.164716
 473 1.33333 2.35174 0.164381
 474 2.61333 2.35229 0.164035
 475 0.853333 2.34914 0.16372
 476 1.33333 2.347 0.16339
 477 0.853333 2.34387 0.163077
 478 0.213333 2.33941 0.162796
 479 0.0533333 2.33464 0.162526
 480 0.48 2.33078 0.162233
 481 0.0533333 2.32604 0.161965
 482 0.213333 2.32166 0.161688
 483 2.61333 2.32226 0.161354
 484 0.213333 2.31791 0.161079
 485 1.33333 2.31588 0.160759
 486 1.33333 2.31385 0.160441
 487 0.213333 2.30954 0.160169
 488 3.41333 2.3118 0.159857
 489 4.32 2.31591 0.159582
 490 5.33333 2.32207 0.159375
 491 7.68 2.33298 0.159424
 492 0.853333 2.32997 0.159128
 493 0.213333 2.32568 0.158863
 494 0.853333 2.3227 0.158569
 495 0.0533333 2.31811 0.158315
 496 0.213333 2.31387 0.158053
 497 0.0533333 2.30932 0.1578
 498 0.853333 2.3064 0.15751
 499 0.853333 2.30349 0.157221
 500 0 2.29888 0.156974
 501 1.33333 2.29695 0.156672
 502 0.48 2.29333 0.156401
 503 0.48 2.28973 0.156132
 504 1.92 2.28899 0.155823
 505 1.33333 2.2871 0.155526
 506 1.92 2.28638 0.15522
 507 3.41333 2.2886 0.15493
 508 0.48 2.28504 0.154665
 509 1.33333 2.28317 0.154372
 510 0 2.27869 0.154134
 511 0.48 2.27517 0.153873
 512 1.33333 2.27333 0.153583
 513 0.48 2.26984 0.153323
 514 0.213333 2.26584 0.153077
 515 0.0533333 2.26154 0.15284
 516 0.48 2.25809 0.152582
 517 0.213333 2.25413 0.152338
 518 0 2.24978 0.152106
 519 0.0533333 2.24555 0.151872
 520 0.213333 2.24164 0.15163
 521 1.92 2.24102 0.15134
 522 1.33333 2.23928 0.15106
 523 0.853333 2.23663 0.150794
 524 0.48 2.23328 0.150543
 525 0.0533333 2.22913 0.150313
 526 0.0533333 2.22499 0.150084
 527 0.48 2.22168 0.149836
 528 1.33333 2.22 0.149561
 529 1.92 2.21943 0.149279
 530 4.32 2.2234 0.14905
 531 5.33333 2.22925 0.148884
 532 9.01333 2.24201 0.14915
 533 6.45333 2.24991 0.14908
 534 10.4533 2.26527 0.149591
 535 6.45333 2.2731 0.149517
 536 3.41333 2.27522 0.149252
 537 3.41333 2.27734 0.148989
 538 1.92 2.27668 0.148714
 539 0.0533333 2.27255 0.148495
 540 0.0533333 2.26844 0.148276
 541 0.0533333 2.26435 0.148059
 542 1.92 2.26371 0.147787
 543 5.33333 2.26937 0.147623
 544 6.45333 2.27706 0.147552
 545 3.41333 2.27914 0.147295
 546 3.41333 2.28122 0.14704
 547 6.45333 2.28885 0.146969
 548 0.48 2.28555 0.146738
 549 0 2.28138 0.146529
 550 0.213333 2.27762 0.146311
 551 2.61333 2.27823 0.146046
 552 2.61333 2.27884 0.145783
 553 2.61333 2.27945 0.14552
 554 4.32 2.28313 0.145304
 555 1.33333 2.28142 0.145052
 556 0.853333 2.27885 0.144814
 557 0.213333 2.27514 0.144601
 558 0.0533333 2.27116 0.144397
 559 0.0533333 2.26719 0.144193
 560 2.61333 2.26781 0.143936
 561 2.61333 2.26843 0.143681
 562 0.48 2.26524 0.14346
 563 2.61333 2.26586 0.143207
 564 0.48 2.2627 0.142987
 565 2.61333 2.26332 0.142736
 566 3.41333 2.26535 0.142498
 567 9.01333 2.27725 0.142743
 568 9.01333 2.28911 0.142984
 569 6.45333 2.29643 0.14292
 570 2.61333 2.29698 0.14267
 571 0.48 2.2938 0.142456
 572 0.0533333 2.28988 0.14226
 573 0 2.28589 0.142068
 574 1.92 2.28525 0.141822
 575 2.61333 2.28582 0.141576
 576 1.92 2.28519 0.141332
 577 0.0533333 2.28132 0.141139
 578 0.0533333 2.27746 0.140948
 579 0.853333 2.275 0.140726
 580 4.32 2.27853 0.140527
 581 0 2.27461 0.14034
 582 0.48 2.27152 0.140132
 583 0 2.26763 0.139946
 584 0.0533333 2.26384 0.139758
 585 0.853333 2.26142 0.139539
 586 0.0533333 2.25766 0.139352
 587 0.853333 2.25526 0.139135
 588 0 2.25143 0.138951
 589 0 2.24761 0.138768
 590 0.0533333 2.24389 0.138582
 591 0.0533333 2.24018 0.138397
 592 0.0533333 2.23649 0.138212
 593 1.92 2.23595 0.13798
 594 4.32 2.23946 0.137792
 595 6.45333 2.24654 0.137743
 596 4.32 2.25002 0.137556
 597 10.4533 2.26376 0.138011
 598 6.45333 2.27077 0.137958
 599 5.33333 2.27588 0.137822
 600 7.68 2.28489 0.137887
 601 6.45333 2.29182 0.137832
 602 1.92 2.29121 0.137604
 603 0.0533333 2.2875 0.137426
 604 0 2.28371 0.13725
 605 0.48 2.28073 0.137056
 606 0 2.27696 0.136881
 607 0.853333 2.27462 0.136675
 608 0.853333 2.27228 0.13647
 609 2.61333 2.27284 0.136247
 610 0.853333 2.27051 0.136044
 611 0.213333 2.26715 0.135863
 612 0.213333 2.26379 0.135682
 613 0.213333 2.26045 0.135502
 614 1.33333 2.25894 0.135289
 615 4.32 2.26229 0.135111
 616 3.41333 2.26416 0.134904
 617 5.33333 2.26913 0.134777
 618 2.61333 2.26969 0.13456
 619 1.33333 2.26817 0.134351
 620 3.41333 2.27002 0.134147
 621 2.61333 2.27057 0.133932
 622 0.853333 2.2683 0.133736
 623 0.48 2.26543 0.133552
 624 0.213333 2.26214 0.133378
 625 0 2.25852 0.133214
 626 0 2.25491 0.13305
 627 0.213333 2.25165 0.132877
 628 0.48 2.24883 0.132695
 629 0.213333 2.2456 0.132524
 630 0.0533333 2.24212 0.132359
 631 0.48 2.23932 0.132178
 632 0.213333 2.23612 0.132008
 633 3.41333 2.23798 0.131813
 634 5.33333 2.24286 0.131695
 635 2.61333 2.24344 0.131489
 636 0.853333 2.24126 0.1313
 637 1.92 2.24075 0.131095
 638 5.33333 2.2456 0.130979
 639 5.33333 2.25043 0.130863
 640 1.92 2.24992 0.130659
 641 1.92 2.2494 0.130456
 642 1.33333 2.24798 0.130261
 643 4.32 2.2512 0.130098
 644 5.33333 2.25598 0.129984
 645 7.68 2.26439 0.130054
 646 6.45333 2.27088 0.130015
 647 3.41333 2.27264 0.129826
 648 5.33333 2.27737 0.129711
 649 6.45333 2.2838 0.129671
 650 0.0533333 2.28037 0.129517
 651 0.213333 2.27719 0.129357
 652 0.0533333 2.27378 0.129203
 653 1.33333 2.27234 0.129013
 654 0 2.26887 0.128862
 655 1.33333 2.26744 0.128674
 656 2.61333 2.26797 0.128478
 657 4.32 2.27109 0.128321
 658 0.853333 2.26894 0.128144
 659 3.41333 2.27067 0.127961
 660 5.33333 2.27531 0.127851
 661 3.41333 2.27703 0.127669
 662 3.41333 2.27875 0.127488
 663 3.41333 2.28046 0.127307
 664 5.33333 2.28506 0.127198
 665 1.33333 2.28363 0.127015
 666 0.853333 2.28148 0.126842
 667 0 2.27806 0.126698
 668 0.213333 2.27497 0.126546
 669 0.48 2.27229 0.126385
 670 1.92 2.27176 0.126197
 671 0.213333 2.26869 0.126046
 672 3.41333 2.2704 0.12587
 673 5.33333 2.27495 0.125765
 674 10.4533 2.28708 0.126163
 675 10.4533 2.29918 0.126556
 676 17.28 2.32134 0.128297
 677 9.01333 2.33123 0.128488
 678 10.4533 2.34321 0.128857
 679 4.32 2.34612 0.1287
 680 4.32 2.34902 0.128543
 681 2.61333 2.34941 0.128355
 682 0.48 2.34667 0.128196
 683 0.0533333 2.34331 0.128052
 684 0 2.33988 0.12791
 685 0.213333 2.33678 0.127761
 686 0.48 2.33407 0.127604
 687 0.213333 2.33098 0.127455
 688 1.33333 2.32953 0.127278
 689 1.33333 2.32809 0.127101
 690 0.48 2.32541 0.126945
 691 0.48 2.32274 0.12679
 692 0 2.31938 0.126651
 693 1.92 2.31881 0.126469
 694 0 2.31547 0.126331
 695 4.32 2.31835 0.126182
 696 0.853333 2.31625 0.126018
 697 0.213333 2.31323 0.125873
 698 1.33333 2.31182 0.125701
 699 1.33333 2.31042 0.125529
 700 3.41333 2.312 0.125359
 701 1.92 2.31144 0.125181
 702 1.33333 2.31005 0.125011
 703 0 2.30676 0.124876
 704 1.33333 2.30538 0.124706
 705 0 2.30211 0.124572
 706 0.0533333 2.29892 0.124436
 707 0.853333 2.29688 0.124277
 708 0.213333 2.29394 0.124136
 709 1.33333 2.29258 0.123968
 710 13.6533 2.30858 0.124823
 711 12 2.32221 0.125391
 712 13.6533 2.33813 0.126222
 713 10.4533 2.34951 0.126558
 714 0.853333 2.34741 0.126398
 715 4.32 2.35017 0.126251
 716 3.41333 2.35166 0.126083
 717 3.41333 2.35314 0.125916
 718 6.45333 2.35885 0.12587
 719 9.01333 2.3681 0.126035
 720 10.4533 2.37933 0.12636
 721 17.28 2.4 0.127866
 722 13.6533 2.41559 0.128636
 723 6.45333 2.42117 0.12858
 724 6.45333 2.42674 0.128523
 725 6.45333 2.43229 0.128465
 726 5.33333 2.43629 0.12835
 727 6.45333 2.44182 0.128293
 728 5.33333 2.44579 0.128178
 729 1.33333 2.44426 0.128011
 730 0.853333 2.44208 0.127854
 731 3.41333 2.44341 0.127686
 732 6.45333 2.44889 0.127629
 733 5.33333 2.45282 0.127516
 734 1.92 2.4521 0.127344
 735 0.48 2.44941 0.127199
 736 0 2.44609 0.127069
 737 0.213333 2.44306 0.126933
 738 0.853333 2.4409 0.126779
 739 0.0533333 2.43767 0.126649
 740 0.213333 2.43467 0.126513
 741 0.48 2.43203 0.12637
 742 2.61333 2.43227 0.1262
 743 1.92 2.43158 0.126032
 744 0.48 2.42896 0.12589
 745 1.33333 2.42749 0.125729
 746 0.0533333 2.42431 0.125601
 747 0 2.42106 0.125474
 748 1.33333 2.41961 0.125315
 749 1.33333 2.41816 0.125156
 750 4.32 2.42069 0.125015
 751 7.68 2.4277 0.125044
 752 12 2.44043 0.125525
 753 5.33333 2.44427 0.125417
 754 7.68 2.45121 0.125443
 755 7.68 2.45814 0.125468
 756 0.853333 2.45601 0.12532
 757 0.48 2.4534 0.125182
 758 0 2.45017 0.125058
 759 0.48 2.44757 0.12492
 760 1.92 2.44688 0.124758
 761 4.32 2.44934 0.124618
 762 1.92 2.44864 0.124456
 763 1.33333 2.44718 0.124302
 764 4.32 2.44963 0.124163
 765 2.61333 2.44985 0.124001
 766 4.32 2.45229 0.123863
 767 9.01333 2.46084 0.123997
 768 12 2.47326 0.124456
 769 12 2.48565 0.12491
 770 9.01333 2.49413 0.125036
 771 7.68 2.50086 0.125055
 772 9.01333 2.50929 0.125177
 773 5.33333 2.51295 0.125068
 774 4.32 2.51528 0.124928
 775 1.92 2.51451 0.12477
 776 0.213333 2.51155 0.124644
 777 0.853333 2.50941 0.124502
 778 0.0533333 2.50626 0.124382
 779 0.48 2.50365 0.124249
 780 0.213333 2.50072 0.124124
 781 1.33333 2.49922 0.123974
 782 0.48 2.49664 0.123843
 783 0.48 2.49407 0.123711
 784 0.213333 2.49116 0.123588
 785 1.92 2.49043 0.123432
 786 4.32 2.49276 0.123297
 787 1.92 2.49203 0.123142
 788 0.0533333 2.48893 0.123025
 789 0.48 2.48639 0.122895
 790 0.0533333 2.48331 0.122778
 791 0.213333 2.48044 0.122657
 792 1.92 2.47973 0.122504
 793 0.853333 2.47768 0.122366
 794 0.48 2.47516 0.122238
 795 0.48 2.47265 0.12211
 796 0.213333 2.46982 0.121989
 797 0.0533333 2.46678 0.121874
 798 0.853333 2.46476 0.121738
 799 0.0533333 2.46174 0.121623
 800 0.0533333 2.45873 0.121508
 801 0.853333 2.45673 0.121373
 802 0.853333 2.45473 0.121238
 803 0 2.45167 0.121125
 804 0.213333 2.44889 0.121007
 805 0.853333 2.44691 0.120873
 806 0.0533333 2.44394 0.120759
 807 0 2.44091 0.120647
 808 2.61333 2.44112 0.120498
 809 2.61333 2.44133 0.120349
 810 3.41333 2.44253 0.120207
 811 2.61333 2.44275 0.120058
 812 2.61333 2.44296 0.119911
 813 2.61333 2.44317 0.119763
 814 12 2.45491 0.120191
 815 17.28 2.4731 0.121414
 816 7.68 2.47948 0.121433
 817 9.01333 2.48747 0.121547
 818 7.68 2.49382 0.121564
 819 1.92 2.49312 0.121418
 820 0 2.49008 0.121308
 821 0 2.48705 0.121198
 822 0.853333 2.48506 0.121067
 823 0.48 2.48262 0.120944
 824 0.0533333 2.47968 0.120833
 825 0.48 2.47725 0.120711
 826 1.33333 2.47587 0.120573
 827 3.41333 2.477 0.120432
 828 1.92 2.47633 0.120288
 829 0.853333 2.47437 0.120159
 830 2.61333 2.47454 0.120014
 831 2.61333 2.47471 0.11987
 832 0.853333 2.47276 0.119742
 833 0.853333 2.47081 0.119614
 834 0.213333 2.46811 0.119501
 835 0.0533333 2.46521 0.119393
 836 0 2.46226 0.119286
 837 0.213333 2.45958 0.119174
 838 1.33333 2.45823 0.119039
 839 0.0533333 2.45537 0.118932
 840 0.0533333 2.45251 0.118825
 841 0.48 2.45016 0.118706
 842 0.0533333 2.44732 0.118599
 843 1.33333 2.44599 0.118466
 844 0.213333 2.44335 0.118355
 845 0.213333 2.44071 0.118245
 846 2.61333 2.44091 0.118105
 847 0.213333 2.43828 0.117995
 848 0.48 2.43597 0.117878
 849 0.213333 2.43336 0.117768
 850 2.61333 2.43357 0.11763
 851 1.92 2.43297 0.117493
 852 0.853333 2.43111 0.11737
 853 3.41333 2.43226 0.117238
 854 0.853333 2.43041 0.117115
 855 1.92 2.42982 0.116979
 856 1.33333 2.42854 0.11685
 857 0.853333 2.4267 0.116728
 858 0.48 2.42443 0.116614
 859 0.853333 2.4226 0.116492
 860 0.48 2.42034 0.116379
 861 0.0533333 2.41759 0.116276
 862 0.48 2.41534 0.116163
 863 1.92 2.41477 0.116029
 864 1.92 2.4142 0.115896
 865 0.48 2.41196 0.115784
 866 0.48 2.40973 0.115672
 867 0.213333 2.4072 0.115566
 868 0 2.40442 0.115466
 869 1.33333 2.40319 0.11534
 870 1.92 2.40264 0.115208
 871 0.0533333 2.39994 0.115108
 872 0 2.39719 0.115008
 873 0.213333 2.39468 0.114904
 874 0.0533333 2.39201 0.114804
 875 0.0533333 2.38933 0.114703
 876 0 2.38661 0.114605
 877 0 2.38388 0.114506
 878 0 2.38117 0.114408
 879 2.61333 2.38143 0.114278
 880 2.61333 2.3817 0.114149
 881 1.92 2.38117 0.11402
 882 2.61333 2.38144 0.113891
 883 0.213333 2.37898 0.113789
 884 1.92 2.37846 0.113661
 885 6.45333 2.38307 0.113626
 886 1.33333 2.38188 0.113504
 887 0.48 2.37974 0.113396
 888 0.48 2.3776 0.113288
 889 0.48 2.37546 0.113181
 890 1.33333 2.37429 0.11306
 891 7.68 2.38025 0.11309
 892 9.01333 2.38768 0.113207
 893 10.4533 2.39672 0.113441
 894 9.01333 2.40412 0.113555
 895 9.01333 2.4115 0.113668
 896 10.4533 2.42048 0.113896
 897 1.92 2.41992 0.11377
 898 0.48 2.41776 0.113664
 899 1.33333 2.41655 0.113544
 900 1.92 2.416 0.113419
 901 3.41333 2.41711 0.113298
 902 1.92 2.41656 0.113174
 903 1.92 2.41601 0.11305
 904 1.92 2.41546 0.112926
 905 2.61333 2.41568 0.112801
 906 4.32 2.41778 0.112696
 907 4.32 2.41988 0.112592
 908 9.01333 2.42714 0.112702
 909 5.33333 2.43033 0.112623
 910 3.41333 2.43141 0.112504
 911 1.92 2.43085 0.112382
 912 0.0533333 2.42825 0.112289
 913 0.213333 2.42582 0.112192
 914 0.213333 2.4234 0.112096
 915 4.32 2.42547 0.111992
 916 5.33333 2.42865 0.111915
 917 3.41333 2.42972 0.111798
 918 6.45333 2.4341 0.111762
 919 3.41333 2.43517 0.111646
 920 2.61333 2.43536 0.111524
 921 1.92 2.4348 0.111405
 922 0.213333 2.43239 0.11131
 923 0.853333 2.43068 0.111202
 924 0 2.42805 0.111113
 925 0 2.42543 0.111024
 926 0.213333 2.42304 0.11093
 927 0.853333 2.42134 0.110823
 928 7.68 2.42701 0.110848
 929 1.33333 2.42583 0.110735
 930 0.853333 2.42414 0.110629
 931 0.0533333 2.4216 0.110539
 932 0.0533333 2.41906 0.11045
 933 1.33333 2.41789 0.110338
 934 2.61333 2.4181 0.11022
 935 0 2.41552 0.110132
 936 0.48 2.41345 0.110034
 937 0.853333 2.41178 0.109929
 938 1.33333 2.41063 0.109818
 939 0.213333 2.40829 0.109726
 940 0.48 2.40624 0.109628
 941 0.0533333 2.40374 0.10954
 942 1.33333 2.4026 0.109429
 943 0.0533333 2.40011 0.109342
 944 0 2.39757 0.109255
 945 0.0533333 2.39509 0.109168
 946 4.32 2.39712 0.109071
 947 9.01333 2.40411 0.10918
 948 13.6533 2.41598 0.109708
 949 10.4533 2.42445 0.10992
 950 3.41333 2.42549 0.109809
 951 0.48 2.42344 0.109712
 952 0.0533333 2.42095 0.109625
 953 0.48 2.41892 0.109529
 954 1.33333 2.41778 0.10942
 955 0.213333 2.41547 0.10933
 956 0.0533333 2.413 0.109243
 957 0.0533333 2.41053 0.109157
 958 0.213333 2.40824 0.109067
 959 3.41333 2.40929 0.108958
 960 0.213333 2.407 0.108869
 961 3.41333 2.40805 0.108761
 962 0.213333 2.40577 0.108671
 963 0.853333 2.40415 0.10857
 964 0.0533333 2.40172 0.108485
 965 0 2.39923 0.108401
 966 0.0533333 2.3968 0.108316
 967 0.48 2.39482 0.108222
 968 1.33333 2.39372 0.108116
 969 1.92 2.39323 0.108005
 970 2.61333 2.39346 0.107894
 971 0.213333 2.39121 0.107807
 972 0.48 2.38925 0.107713
 973 0.0533333 2.38684 0.10763
 974 0.0533333 2.38445 0.107546
 975 0.48 2.3825 0.107453
 976 2.61333 2.38273 0.107343
 977 5.33333 2.38575 0.107276
 978 3.41333 2.3868 0.107171
 979 5.33333 2.38981 0.107104
 980 0.48 2.38786 0.107012
 981 0.0533333 2.38548 0.10693
 982 0.0533333 2.38311 0.106847
 983 0.213333 2.3809 0.106761
 984 1.92 2.38043 0.106654
 985 1.33333 2.37937 0.106551
 986 0.213333 2.37717 0.106465
 987 0.48 2.37525 0.106375
 988 1.33333 2.3742 0.106272
 989 1.33333 2.37314 0.10617
 990 0.48 2.37123 0.10608
 991 0.48 2.36932 0.10599
 992 1.33333 2.36828 0.105888
 993 0.0533333 2.36595 0.105807
 994 0.48 2.36405 0.105718
 995 1.33333 2.36302 0.105616
 996 1.92 2.36257 0.105511
 997 1.33333 2.36154 0.10541
 998 1.92 2.3611 0.105306
 999 0.0533333 2.35879 0.105226
 1000 0.0533333 2.35648 0.105146
 1001 0.213333 2.35434 0.105062
 1002 0.48 2.35247 0.104974
 1003 0.853333 2.35097 0.10488
 1004 2.61333 2.35124 0.104776
 1005 4.32 2.35319 0.10469
 1006 9.01333 2.35981 0.104795
 1007 1.33333 2.3588 0.104696
 1008 0.0533333 2.35651 0.104617
 1009 0.853333 2.35502 0.104524
 1010 1.33333 2.35401 0.104425
 1011 4.32 2.35595 0.10434
 1012 1.92 2.35552 0.104238
 1013 0.48 2.35367 0.104151
 1014 0.48 2.35182 0.104065
 1015 0 2.3495 0.103988
 1016 0.853333 2.34803 0.103896
 1017 0.213333 2.34593 0.103815
 1018 0.48 2.3441 0.103729
 1019 3.41333 2.34515 0.103633
 1020 0.48 2.34332 0.103547
 1021 0.213333 2.34123 0.103467
 1022 0 2.33894 0.103391
 1023 0 2.33666 0.103315
 1024 0.853333 2.33521 0.103224
 1025 0.0533333 2.33298 0.103148
 1026 1.33333 2.33201 0.103052
 1027 2.61333 2.33228 0.102952
 1028 0.853333 2.33084 0.102862
 1029 0 2.32858 0.102786
 1030 0.48 2.32678 0.102702
 1031 1.33333 2.32582 0.102607
 1032 0 2.32357 0.102532
 1033 1.92 2.32318 0.102434
 1034 10.4533 2.33104 0.102636
 1035 15.4133 2.34368 0.103313
 1036 15.4133 2.35629 0.103982
 1037 12 2.36559 0.104297
 1038 9.01333 2.372 0.104393
 1039 9.01333 2.37839 0.104488
 1040 7.68 2.38349 0.104512
 1041 9.01333 2.38986 0.104606
 1042 7.68 2.39493 0.104628
 1043 5.33333 2.39775 0.104566
 1044 3.41333 2.39872 0.10447
 1045 1.92 2.39826 0.104371
 1046 3.41333 2.39924 0.104276
 1047 6.45333 2.40311 0.104248
 1048 7.68 2.40814 0.10427
 1049 7.68 2.41317 0.104292
 1050 4.32 2.41498 0.104209
 1051 2.61333 2.41517 0.10411
 1052 0.0533333 2.41293 0.104035
 1053 1.92 2.41246 0.103937
 1054 4.32 2.41427 0.103854
 1055 5.33333 2.41704 0.103792
 1056 9.01333 2.42328 0.103882
 1057 12 2.43234 0.104179
 1058 9.01333 2.43856 0.104266
 1059 15.4133 2.45082 0.104885
 1060 9.01333 2.45701 0.104969
 1061 2.61333 2.45715 0.10487
 1062 3.41333 2.45805 0.104775
 1063 0.213333 2.45594 0.104698
 1064 0.48 2.45409 0.104616
 1065 1.33333 2.45303 0.104523
 1066 0 2.45073 0.10445
 1067 0.853333 2.44923 0.104363
 1068 0.213333 2.44714 0.104286
 1069 3.41333 2.44804 0.104193
 1070 2.61333 2.4482 0.104095
 1071 1.33333 2.44716 0.104003
 1072 5.33333 2.44985 0.103941
 1073 7.68 2.45473 0.103958
 1074 5.33333 2.45741 0.103896
 1075 6.45333 2.46112 0.103866
 1076 4.32 2.46285 0.103784
 1077 0.853333 2.46136 0.103698
 1078 0.213333 2.45927 0.103623
 1079 0.0533333 2.45704 0.103551
 1080 0.0533333 2.45481 0.103479
 1081 1.33333 2.45378 0.103388
 1082 0 2.45151 0.103318
 1083 1.92 2.45102 0.103223
 1084 2.61333 2.45117 0.103128
 1085 1.92 2.45068 0.103034
 1086 0 2.44842 0.102964
 1087 0.853333 2.44695 0.10288
 1088 0 2.44471 0.10281
 1089 0.0533333 2.44251 0.102739
 1090 0.0533333 2.44032 0.102668
 1091 0.0533333 2.43813 0.102597
 1092 1.33333 2.43712 0.102508
 1093 0.213333 2.43508 0.102434
 1094 0 2.43286 0.102365
 1095 0.0533333 2.43068 0.102295
 1096 0.48 2.42891 0.102217
 1097 0.48 2.42713 0.102139
 1098 0.48 2.42536 0.102061
 1099 0 2.42315 0.101992
 1100 0.0533333 2.42099 0.101922
 1101 0.853333 2.41957 0.10184
 1102 0.48 2.41781 0.101762
 1103 1.33333 2.41683 0.101675
 1104 1.92 2.41638 0.101584
 1105 3.41333 2.41728 0.101496
 1106 1.92 2.41683 0.101405
 1107 1.92 2.41638 0.101314
 1108 4.32 2.4181 0.101237
 1109 3.41333 2.419 0.10115
 1110 9.01333 2.42494 0.101233
 1111 7.68 2.42967 0.101253
 1112 3.41333 2.43055 0.101165
 1113 0.213333 2.42856 0.101094
 1114 2.61333 2.42873 0.101003
 1115 3.41333 2.42961 0.100917
 1116 0.48 2.42786 0.100841
 1117 0.0533333 2.42574 0.100773
 1118 0.0533333 2.42361 0.100706
 1119 1.33333 2.42264 0.10062
 1120 1.33333 2.42167 0.100535
 1121 1.33333 2.4207 0.10045
 1122 2.61333 2.42087 0.100361
 1123 1.92 2.42042 0.100272
 1124 0.853333 2.41903 0.100193
 1125 0 2.41688 0.100127
 1126 0.0533333 2.41478 0.10006
 1127 0.213333 2.41282 0.09999
 1128 0.48 2.41111 0.099916
 1129 2.61333 2.41129 0.0998276
 1130 5.33333 2.41388 0.0997728
 1131 4.32 2.41556 0.0996988
 1132 3.41333 2.41644 0.0996146
 1133 0.853333 2.41506 0.0995362
 1134 6.45333 2.41862 0.0995121
 1135 5.33333 2.42119 0.0994575
 1136 6.45333 2.42474 0.0994333
 1137 6.45333 2.42828 0.099409
 1138 7.68 2.4329 0.0994287
 1139 7.68 2.43751 0.0994482
 1140 7.68 2.44211 0.0994673
 1141 9.01333 2.44786 0.0995468
 1142 7.68 2.45245 0.099565
 1143 9.01333 2.45819 0.0996434
 1144 7.68 2.46275 0.0996608
 1145 4.32 2.46437 0.0995869
 1146 3.41333 2.4652 0.0995034
 1147 7.68 2.46975 0.0995206
 1148 3.41333 2.47057 0.0994372
 1149 1.33333 2.46958 0.0993556
 1150 3.41333 2.4704 0.0992725
 1151 0.853333 2.469 0.0991962
 1152 0.853333 2.46759 0.09912
 1153 0.0533333 2.4655 0.0990561
 1154 0.48 2.46378 0.0989852
 1155 2.61333 2.46391 0.0988995
 1156 0.48 2.46219 0.0988288
 1157 0.213333 2.46025 0.0987625
 1158 0.853333 2.45886 0.098687
 1159 0.0533333 2.45678 0.0986236
 1160 1.33333 2.45582 0.0985433
 1161 0.48 2.45411 0.0984731
 1162 0.213333 2.45219 0.0984072
 1163 0.0533333 2.45012 0.0983442
 1164 0.213333 2.4482 0.0982785
 1165 0.213333 2.44628 0.0982128
 1166 0.48 2.4446 0.098143
 1167 0.0533333 2.44255 0.0980803
 1168 1.33333 2.4416 0.0980009
 1169 0.853333 2.44024 0.0979264
 1170 0.48 2.43856 0.0978571
 1171 1.33333 2.43762 0.097778
 1172 0 2.43554 0.0977167
 1173 0.213333 2.43365 0.0976517
 1174 0.48 2.43198 0.0975827
 1175 0.48 2.43032 0.0975138
 1176 0.0533333 2.4283 0.0974518
 1177 0.853333 2.42696 0.0973781
 1178 0.853333 2.42563 0.0973046
 1179 0.853333 2.42429 0.0972312
 1180 1.33333 2.42337 0.0971532
 1181 0.0533333 2.42136 0.0970916
 1182 0.213333 2.41949 0.0970274
 1183 1.92 2.41907 0.0969463
 1184 3.41333 2.41991 0.096868
 1185 6.45333 2.42331 0.096846
 1186 9.01333 2.42887 0.0969238
 1187 6.45333 2.43226 0.0969014
 1188 4.32 2.43385 0.0968328
 1189 3.41333 2.43467 0.0967549
 1190 2.61333 2.43482 0.0966736
 1191 0.48 2.43318 0.0966064
 1192 3.41333 2.434 0.0965288
 1193 3.41333 2.43483 0.0964514
 1194 4.32 2.4364 0.0963835
 1195 0.48 2.43477 0.0963167
 1196 0.213333 2.43291 0.0962541
 1197 0.0533333 2.43092 0.0961942
 1198 0.48 2.42929 0.0961276
 1199 0 2.42727 0.0960688
 1200 0.213333 2.42542 0.0960064
 1201 0.0533333 2.42345 0.0959468
 1202 0.0533333 2.42148 0.0958872
 1203 1.92 2.42106 0.0958084
 1204 1.92 2.42064 0.0957297
 1205 0.853333 2.41934 0.095659
 1206 1.33333 2.41844 0.0955839
 1207 2.61333 2.4186 0.0955048
 1208 2.61333 2.41876 0.0954259
 1209 0.48 2.41716 0.0953604
 1210 0.48 2.41556 0.095295
 1211 1.92 2.41515 0.0952172
 1212 0.853333 2.41386 0.0951473
 1213 5.33333 2.41627 0.0950993
 1214 4.32 2.41784 0.0950338
 1215 7.68 2.42217 0.0950543
 1216 10.4533 2.42877 0.0952055
 1217 13.6533 2.438 0.0955733
 1218 12 2.44585 0.0958169
 1219 5.33333 2.44821 0.0957676
 1220 9.01333 2.4536 0.0958403
 1221 6.45333 2.45687 0.0958178
 1222 1.92 2.45643 0.0957403
 1223 0.48 2.45482 0.0956757
 1224 0 2.45281 0.0956185
 1225 0.213333 2.45098 0.0955579
 1226 1.92 2.45055 0.0954809
 1227 1.33333 2.44964 0.0954074
 1228 0.0533333 2.44769 0.0953496
 1229 0.213333 2.44587 0.0952894
 1230 4.32 2.44739 0.0952241
 1231 4.32 2.44891 0.0951588
 1232 1.92 2.44848 0.0950825
 1233 1.92 2.44806 0.0950064
 1234 0.48 2.44646 0.0949427
 1235 0.48 2.44487 0.0948792
 1236 0.853333 2.44358 0.0948111
 1237 0.853333 2.4423 0.0947432
 1238 0.0533333 2.44037 0.0946863
 1239 0.48 2.43878 0.0946231
 1240 0.48 2.4372 0.0945599
 1241 0.48 2.43563 0.0944969
 1242 0.853333 2.43435 0.0944293
 1243 0.0533333 2.43244 0.0943728
 1244 0.0533333 2.43053 0.0943163
 1245 0 2.42857 0.0942607
 1246 0.853333 2.42731 0.0941935
 1247 0.853333 2.42605 0.0941264
 1248 0.853333 2.42479 0.0940594
 1249 1.92 2.42438 0.0939849
 1250 0.213333 2.42261 0.0939264
 1251 0.213333 2.42085 0.0938679
 1252 1.92 2.42045 0.0937937
 1253 0.0533333 2.41856 0.0937379
 1254 0.0533333 2.41667 0.0936821
 1255 0.0533333 2.41479 0.0936263
 1256 0.0533333 2.41291 0.0935707
 1257 0 2.41099 0.0935159
 1258 0.48 2.40945 0.0934541
 1259 1.33333 2.4086 0.0933838
 1260 0.0533333 2.40673 0.0933284
 1261 0.48 2.4052 0.0932668
 1262 0.213333 2.40347 0.0932091
 1263 3.41333 2.40426 0.0931387
 1264 0.48 2.40274 0.0930774
 1265 1.33333 2.4019 0.0930077
 1266 0.853333 2.40067 0.0929422
 1267 1.33333 2.39983 0.0928727
 1268 7.68 2.404 0.0928928
 1269 7.68 2.40815 0.0929126
 1270 2.61333 2.40831 0.0928396
 1271 4.32 2.40982 0.0927787
 1272 2.61333 2.40998 0.0927058
 1273 9.01333 2.41517 0.0927781
 1274 23.52 2.43173 0.0941737
 1275 19.2533 2.44493 0.0950202
 1276 9.01333 2.45007 0.0950852
 1277 10.4533 2.45634 0.0952172
 1278 7.68 2.46043 0.0952304
 1279 3.41333 2.46117 0.0951588
 1280 0.0533333 2.45929 0.0951031
 1281 0.48 2.45775 0.0950414
 1282 1.92 2.45733 0.0949681
 1283 0.48 2.45579 0.0949066
 1284 1.33333 2.45491 0.0948367
 1285 0.853333 2.45367 0.094771
 1286 0.0533333 2.4518 0.0947157
 1287 0.213333 2.45006 0.0946581
 1288 0.853333 2.44882 0.0945927
 1289 1.33333 2.44795 0.0945232
 1290 1.33333 2.44709 0.0944539
 1291 6.45333 2.45019 0.0944317
 1292 5.33333 2.45243 0.0943849
 1293 6.45333 2.45552 0.0943627
 1294 6.45333 2.45861 0.0943403
 1295 3.41333 2.45935 0.0942703
 1296 9.01333 2.4644 0.0943332
 1297 12 2.47176 0.0945467
 1298 7.68 2.47577 0.094559
 1299 5.33333 2.47797 0.0945118
 1300 7.68 2.48197 0.0945238
 1301 7.68 2.48596 0.0945356
 1302 10.4533 2.49208 0.094661
 1303 7.68 2.49607 0.094672
 1304 9.01333 2.50106 0.0947313
 1305 3.41333 2.50176 0.0946613
 1306 10.4533 2.50785 0.0947846
 1307 17.28 2.51915 0.095384
 1308 13.6533 2.52767 0.0956904
 1309 13.6533 2.53617 0.0959943
 1310 9.01333 2.54111 0.0960483
 1311 6.45333 2.54409 0.0960214
 1312 7.68 2.54801 0.096028
 1313 9.01333 2.55293 0.0960811
 1314 10.4533 2.55894 0.0961961
 1315 12 2.56612 0.0963906
 1316 13.6533 2.57455 0.0966851
 1317 12 2.58171 0.0968764
 1318 3.41333 2.58234 0.0968049
 1319 0 2.58038 0.0967513
 1320 1.92 2.57988 0.0966793
 1321 5.33333 2.58196 0.0966285
 1322 4.32 2.58328 0.0965644
 1323 1.92 2.58278 0.0964927
 1324 0.213333 2.58099 0.0964364
 1325 4.32 2.5823 0.0963725
 1326 3.41333 2.58293 0.0963018
 1327 0.0533333 2.58102 0.0962481
 1328 0.0533333 2.57912 0.0961944
 1329 0.213333 2.57734 0.0961385
 1330 0.48 2.57576 0.0960791
 1331 2.61333 2.57579 0.0960069
 1332 3.41333 2.57642 0.0959369
 1333 6.45333 2.57932 0.095909
 1334 15.4133 2.58895 0.0963188
 1335 12 2.596 0.0965044
 1336 7.68 2.5998 0.0965072
 1337 6.45333 2.60268 0.096478
 1338 4.32 2.60397 0.0964145
 1339 0.213333 2.60218 0.096359
 1340 0 2.60024 0.0963066
 1341 1.92 2.59973 0.0962361
 1342 4.32 2.60101 0.0961729
 1343 9.01333 2.60579 0.0962198
 1344 6.45333 2.60865 0.0961908
 1345 9.01333 2.61341 0.0962371
 1346 12 2.62039 0.0964181
 1347 6.45333 2.62323 0.0963885
 1348 5.33333 2.62524 0.096338
 1349 1.92 2.62472 0.096268
 1350 0.853333 2.62341 0.0962056
 1351 0.0533333 2.62151 0.0961532
 1352 0.213333 2.61972 0.0960985
 1353 0 2.61779 0.096047
 1354 0.0533333 2.61589 0.0959947
 1355 0.213333 2.61412 0.0959402
 1356 0.48 2.61255 0.0958824
 1357 2.61333 2.61255 0.0958117
 1358 0.853333 2.61125 0.0957499
 1359 0.0533333 2.60937 0.0956979
 1360 0.213333 2.60761 0.0956437
 1361 0.48 2.60604 0.0955862
 1362 0.0533333 2.60417 0.0955344
 1363 0.0533333 2.6023 0.0954826
 1364 0.0533333 2.60043 0.0954309
 1365 1.33333 2.5995 0.0953655
 1366 0.853333 2.59822 0.0953042
 1367 0.0533333 2.59636 0.0952527
 1368 0 2.59446 0.0952019
 1369 1.33333 2.59354 0.0951368
 1370 0.213333 2.59181 0.0950832
 1371 2.61333 2.59182 0.0950139
 1372 0.213333 2.59009 0.0949604
 1373 0.213333 2.58836 0.094907
 1374 4.32 2.58962 0.0948463
 1375 2.61333 2.58963 0.0947773
 1376 5.33333 2.59163 0.0947294
 1377 6.45333 2.59443 0.0947021
 1378 10.4533 2.60014 0.094805
 1379 13.6533 2.60815 0.0950747
 1380 13.6533 2.61615 0.0953423
 1381 13.6533 2.62415 0.0956079
 1382 13.6533 2.63213 0.0958714
 1383 5.33333 2.63408 0.095822
 1384 0.853333 2.63279 0.0957614
 1385 1.92 2.63228 0.0956936
 1386 1.92 2.63177 0.0956259
 1387 0 2.62987 0.0955758
 1388 0 2.62797 0.0955257
 1389 0.213333 2.62623 0.0954727
 1390 0.213333 2.6245 0.0954198
 1391 0.213333 2.62277 0.0953669
 1392 0.0533333 2.62092 0.0953163
 1393 0.0533333 2.61908 0.0952657
 1394 1.92 2.61857 0.0951986
 1395 0.853333 2.61731 0.0951388
 1396 4.32 2.61853 0.0950784
 1397 0.48 2.617 0.0950227
 1398 0.0533333 2.61516 0.0949724
 1399 0.853333 2.61391 0.0949128
 1400 0.853333 2.61265 0.0948533
 1401 0.0533333 2.61082 0.0948032
 1402 7.68 2.61444 0.0948045
 1403 7.68 2.61805 0.0948057
 1404 4.32 2.61926 0.0947459
 1405 0.48 2.61774 0.0946907
 1406 0.48 2.61622 0.0946355
 1407 0.853333 2.61496 0.0945766
 1408 1.92 2.61447 0.0945107
 1409 0.0533333 2.61265 0.094461
 1410 0.0533333 2.61084 0.0944115
 1411 0.0533333 2.60902 0.094362
 1412 0.0533333 2.60721 0.0943125
 1413 0.853333 2.60597 0.0942539
 1414 0.0533333 2.60417 0.0942045
 1415 0.853333 2.60293 0.094146
 1416 0.853333 2.60169 0.0940876
 1417 2.61333 2.6017 0.0940212
 1418 0.853333 2.60047 0.093963
 1419 0 2.59864 0.0939146
 1420 0 2.59681 0.0938663
 1421 0.48 2.59532 0.093812
 1422 0.0533333 2.59353 0.0937631
 1423 0.48 2.59204 0.0937089
 1424 0.0533333 2.59026 0.0936601
 1425 0.213333 2.58859 0.0936092
 1426 0.48 2.58712 0.0935552
 1427 0.0533333 2.58534 0.0935065
 1428 0 2.58353 0.0934585
 1429 0.48 2.58206 0.0934047
 1430 0.0533333 2.58029 0.0933561
 1431 0.853333 2.57908 0.0932986
 1432 1.33333 2.57821 0.0932375
 1433 0.213333 2.57656 0.0931871
 1434 4.32 2.57778 0.09313
 1435 5.33333 2.5797 0.0930849
 1436 6.45333 2.5824 0.0930591
 1437 6.45333 2.58509 0.0930334
 1438 1.92 2.58463 0.0929698
 1439 5.33333 2.58654 0.0929248
 1440 10.4533 2.592 0.0930208
 1441 4.32 2.5932 0.092964
 1442 2.61333 2.59321 0.0928995
 1443 0.213333 2.59156 0.0928497
 1444 0.213333 2.58992 0.0928
 1445 0.213333 2.58827 0.0927504
 1446 0.48 2.58681 0.0926977
 1447 1.92 2.58635 0.0926347
 1448 1.33333 2.58549 0.0925748
 1449 9.01333 2.58992 0.0926172
 1450 5.33333 2.59182 0.0925726
 1451 6.45333 2.59448 0.092547
 1452 0.48 2.59302 0.0924947
 1453 2.61333 2.59304 0.0924311
 1454 4.32 2.59422 0.0923751
 1455 5.33333 2.59611 0.0923308
 1456 6.45333 2.59875 0.0923054
 1457 10.4533 2.60415 0.0923994
 1458 4.32 2.60532 0.0923435
 1459 3.41333 2.60588 0.0922819
 1460 5.33333 2.60774 0.0922376
 1461 7.68 2.61122 0.0922398
 1462 9.01333 2.6156 0.0922806
 1463 6.45333 2.61822 0.0922548
 1464 4.32 2.61938 0.0921991
 1465 1.92 2.6189 0.0921374
 1466 3.41333 2.61945 0.0920761
 1467 4.32 2.6206 0.0920206
 1468 7.68 2.62405 0.0920225
 1469 3.41333 2.62459 0.0919614
 1470 2.61333 2.62458 0.0918988
 1471 5.33333 2.62642 0.0918548
 1472 7.68 2.62986 0.0918565
 1473 6.45333 2.63245 0.0918308
 1474 6.45333 2.63504 0.0918051
 1475 0.48 2.63358 0.0917545
 1476 0.213333 2.63194 0.091707
 1477 0.213333 2.6303 0.0916595
 1478 0.853333 2.6291 0.0916053
 1479 6.45333 2.63169 0.0915799
 1480 5.33333 2.63351 0.0915362
 1481 0.853333 2.63231 0.0914823
 1482 0.213333 2.63068 0.0914351
 1483 0.213333 2.62905 0.0913879
 1484 0.213333 2.62742 0.0913408
 1485 0.0533333 2.62569 0.0912958
 1486 0.213333 2.62406 0.0912487
 1487 0.0533333 2.62234 0.0912038
 1488 0.0533333 2.62061 0.0911588
 1489 0.0533333 2.61889 0.0911139
 1490 0.213333 2.61727 0.091067
 1491 0.853333 2.61609 0.0910136
 1492 4.32 2.61723 0.0909597
 1493 1.92 2.61676 0.0909
 1494 1.33333 2.6159 0.0908432
 1495 3.41333 2.61644 0.090784
 1496 1.92 2.61597 0.0907245
 1497 5.33333 2.61779 0.090682
 1498 4.32 2.61892 0.0906286
 1499 5.33333 2.62073 0.0905862
 1500 2.61333 2.62073 0.0905258
 1501 1.33333 2.61987 0.0904695
 1502 2.61333 2.61987 0.0904093
 1503 6.45333 2.62242 0.0903851
 1504 2.61333 2.62241 0.090325
 1505 0.48 2.62099 0.0902762
 1506 0 2.61925 0.090233
 1507 0.213333 2.61765 0.0901872
 1508 2.61333 2.61765 0.0901274
 1509 1.92 2.61719 0.0900688
 1510 3.41333 2.61771 0.0900107
 1511 6.45333 2.62025 0.0899869
 1512 1.92 2.61979 0.0899286
 1513 0.853333 2.61862 0.0898767
 1514 2.61333 2.61862 0.0898173
 1515 5.33333 2.62041 0.0897759
 1516 0.213333 2.61882 0.0897307
 1517 0.0533333 2.61713 0.0896875
 1518 1.33333 2.61628 0.0896324
 1519 0.0533333 2.6146 0.0895893
 1520 0.853333 2.61344 0.0895378
 1521 1.92 2.61298 0.0894801
 1522 0.0533333 2.6113 0.0894371
 1523 1.33333 2.61046 0.0893823
 1524 0.48 2.60906 0.0893345
 1525 1.33333 2.60823 0.0892799
 1526 1.92 2.60778 0.0892225
 1527 0.853333 2.60663 0.0891714
 1528 2.61333 2.60663 0.089113
 1529 4.32 2.60775 0.0890618
 1530 2.61333 2.60776 0.0890036
 1531 0.853333 2.60661 0.0889528
 1532 0 2.60491 0.088911
 1533 0 2.60321 0.0888692
 1534 1.92 2.60276 0.0888124
 1535 0.853333 2.60162 0.0887618
 1536 0.213333 2.60007 0.0887176
 1537 0.0533333 2.59841 0.0886754
 1538 1.92 2.59797 0.0886188
 1539 1.92 2.59753 0.0885623
 1540 3.41333 2.59806 0.0885064
 1541 4.32 2.59918 0.088456
 1542 0.853333 2.59805 0.0884058
 1543 0.853333 2.59692 0.0883558
 1544 0.48 2.59554 0.0883092
 1545 0.48 2.59417 0.0882626
 1546 0.48 2.59281 0.0882161
 1547 0.853333 2.59168 0.0881662
 1548 0.0533333 2.59004 0.0881245
 1549 0.0533333 2.58841 0.0880828
 1550 0.213333 2.58687 0.0880393
 1551 3.41333 2.58741 0.0879841
 1552 2.61333 2.58742 0.0879274
 1553 0.0533333 2.58579 0.0878859
 1554 0 2.58413 0.0878451
 1555 0.213333 2.5826 0.0878019
 1556 0.853333 2.58149 0.0877525
 1557 0.853333 2.58038 0.0877031
 1558 0 2.57872 0.0876624
 1559 1.92 2.5783 0.0876072
 1560 4.32 2.57942 0.0875582
 1561 4.32 2.58053 0.0875091
 1562 9.01333 2.58465 0.08755
 1563 6.45333 2.58713 0.087529
 1564 4.32 2.58824 0.08748
 1565 3.41333 2.58876 0.0874257
 1566 1.92 2.58834 0.0873709
 1567 4.32 2.58944 0.0873221
 1568 4.32 2.59054 0.0872734
 1569 5.33333 2.59229 0.0872353
 1570 5.33333 2.59404 0.0871972
 1571 13.6533 2.60108 0.0874255
 1572 15.4133 2.60923 0.0877492
 1573 19.2533 2.61981 0.0883295
 1574 15.4133 2.62794 0.0886467
 1575 6.45333 2.63037 0.0886237
 1576 3.41333 2.63086 0.0885689
 1577 2.61333 2.63085 0.0885127
 1578 2.61333 2.63084 0.0884566
 1579 1.92 2.63039 0.0884017
 1580 3.41333 2.63089 0.0883471
 1581 6.45333 2.6333 0.0883243
 1582 7.68 2.63649 0.0883261
 1583 5.33333 2.6382 0.0882867
 1584 0.213333 2.63667 0.0882442
 1585 1.33333 2.63584 0.0881924
 1586 0.853333 2.63472 0.0881439
 1587 0.0533333 2.63309 0.0881034
 1588 0.0533333 2.63147 0.0880629
 1589 0.853333 2.63035 0.0880145
 1590 1.33333 2.62953 0.087963
 1591 0.0533333 2.62792 0.0879226
 1592 0.0533333 2.6263 0.0878822
 1593 1.92 2.62585 0.0878281
 1594 1.92 2.62541 0.0877741
 1595 0.213333 2.6239 0.0877321
 1596 1.92 2.62346 0.0876782
 1597 0.48 2.62212 0.0876336
 1598 1.33333 2.62131 0.0875825
 1599 0.853333 2.6202 0.0875347
 1600 5.33333 2.6219 0.0874964
 1601 1.33333 2.6211 0.0874454
 1602 0.853333 2.61999 0.0873978
 1603 0.0533333 2.61839 0.0873579
 1604 1.92 2.61796 0.0873045
 1605 5.33333 2.61965 0.0872665
 1606 1.92 2.61921 0.0872132
 1607 1.33333 2.61841 0.0871626
 1608 0.0533333 2.61682 0.087123
 1609 0.48 2.61549 0.087079
 1610 1.92 2.61506 0.0870259
 1611 0.853333 2.61396 0.0869788
 1612 0.0533333 2.61237 0.0869393
 1613 0.48 2.61105 0.0868954
 1614 0.853333 2.60996 0.0868484
 1615 0.213333 2.60848 0.0868073
 1616 2.61333 2.60848 0.0867536
 1617 3.41333 2.60898 0.0867013
 1618 2.61333 2.60898 0.0866477
 1619 4.32 2.61004 0.0866006
 1620 0.853333 2.60895 0.086554
 1621 0.48 2.60764 0.0865105
 1622 3.41333 2.60814 0.0864586
 1623 1.92 2.60771 0.0864064
 1624 3.41333 2.60821 0.0863546
 1625 3.41333 2.60871 0.0863028
 1626 1.92 2.60828 0.0862508
 1627 1.92 2.60786 0.0861988
 1628 0.0533333 2.60629 0.0861601
 1629 0.48 2.60498 0.0861171
 1630 0.48 2.60368 0.0860741
 1631 0.213333 2.60222 0.0860338
 1632 0.0533333 2.60065 0.0859953
 1633 0.48 2.59935 0.0859524
 1634 0.0533333 2.5978 0.0859139
 1635 0 2.59621 0.085876
 1636 0.213333 2.59475 0.0858359
 1637 0.213333 2.5933 0.0857958
 1638 0.0533333 2.59175 0.0857574
 1639 2.61333 2.59176 0.0857051
 1640 2.61333 2.59177 0.0856528
 1641 7.68 2.59487 0.0856567
 1642 6.45333 2.59722 0.0856368
 1643 1.92 2.59681 0.0855856
 1644 2.61333 2.59682 0.0855336
 1645 7.68 2.59991 0.0855374
 1646 5.33333 2.60157 0.0855015
 1647 5.33333 2.60323 0.0854657
 1648 3.41333 2.60372 0.0854152
 1649 1.33333 2.60295 0.0853669
 1650 0.0533333 2.60141 0.0853291
 1651 0.48 2.60012 0.0852871
 1652 0.48 2.59884 0.0852451
 1653 0.213333 2.59739 0.0852058
 1654 0.213333 2.59595 0.0851664
 1655 0.853333 2.5949 0.0851215
 1656 2.61333 2.59491 0.0850701
 1657 0.0533333 2.59338 0.0850325
 1658 1.92 2.59297 0.0849822
 1659 3.41333 2.59347 0.0849324
 1660 1.92 2.59306 0.0848822
 1661 1.92 2.59266 0.084832
 1662 3.41333 2.59315 0.0847824
 1663 2.61333 2.59316 0.0847314
 1664 1.33333 2.5924 0.0846839
 1665 2.61333 2.59242 0.084633
 1666 0.213333 2.59099 0.0845942
 1667 2.61333 2.591 0.0845435
 1668 3.41333 2.59149 0.0844942
 1669 7.68 2.59454 0.0844986
 1670 7.68 2.59759 0.0845029
 1671 6.45333 2.5999 0.0844838
 1672 3.41333 2.60038 0.0844347
 1673 1.33333 2.59963 0.0843876
 1674 1.92 2.59922 0.0843381
 1675 2.61333 2.59923 0.0842878
 1676 2.61333 2.59924 0.0842375
 1677 5.33333 2.60087 0.084203
 1678 0.853333 2.59983 0.0841592
 1679 1.33333 2.59907 0.0841125
 1680 3.41333 2.59956 0.0840638
 1681 2.61333 2.59956 0.0840138
 1682 2.61333 2.59957 0.0839638
 1683 3.41333 2.60006 0.0839153
 1684 6.45333 2.60234 0.0838967
 1685 7.68 2.60536 0.083901
 1686 4.32 2.60637 0.0838574
 1687 2.61333 2.60638 0.0838077
 1688 1.33333 2.60562 0.0837614
 1689 5.33333 2.60724 0.0837274
 1690 0.48 2.60598 0.0836873
 1691 0.853333 2.60494 0.0836442
 1692 0.48 2.60369 0.0836042
 1693 0.213333 2.60228 0.0835667
 1694 1.92 2.60187 0.0835183
 1695 1.92 2.60147 0.08347
 1696 0.853333 2.60044 0.0834272
 1697 0.853333 2.59941 0.0833843
 1698 0 2.59788 0.0833493
 1699 0.213333 2.59648 0.083312
 1700 0.853333 2.59545 0.0832693
 1701 0.48 2.59421 0.0832296
 1702 0.213333 2.59281 0.0831925
 1703 0.853333 2.59179 0.0831499
 1704 1.33333 2.59105 0.0831044
 1705 1.92 2.59065 0.0830565
 1706 0 2.58914 0.0830217
 1707 0.853333 2.58812 0.0829793
 1708 0 2.5866 0.0829446
 1709 0.0533333 2.58512 0.0829093
 1710 1.33333 2.58439 0.082864
 1711 0 2.58288 0.0828293
 1712 0.853333 2.58187 0.0827871
 1713 0.213333 2.58049 0.0827503
 1714 0.48 2.57926 0.0827111
 1715 0.48 2.57804 0.0826719
 1716 0 2.57653 0.0826374
 1717 0.48 2.57531 0.0825983
 1718 0.48 2.57409 0.0825592
 1719 0.48 2.57288 0.0825201
 1720 0.853333 2.57188 0.0824782
 1721 0.213333 2.57051 0.0824416
 1722 1.92 2.57013 0.0823946
 1723 3.41333 2.57062 0.0823482
 1724 0.853333 2.56962 0.0823065
 1725 0.213333 2.56826 0.0822701
 1726 0.0533333 2.5668 0.0822353
 1727 0.48 2.56559 0.0821966
 1728 0 2.5641 0.0821624
 1729 0.0533333 2.56265 0.0821277
 1730 0.0533333 2.5612 0.0820931
 1731 0.0533333 2.55975 0.0820584
 1732 2.61333 2.55978 0.082011
 1733 4.32 2.5608 0.08197
 1734 5.33333 2.5624 0.0819383
 1735 4.32 2.56341 0.0818973
 1736 0.48 2.56221 0.0818589
 1737 4.32 2.56322 0.081818
 1738 3.41333 2.56371 0.0817724
 1739 5.33333 2.56531 0.0817409
 1740 7.68 2.56825 0.0817468
 1741 12 2.57366 0.0818792
 1742 6.45333 2.57589 0.0818625
 1743 3.41333 2.57637 0.0818169
 1744 6.45333 2.57859 0.0818002
 1745 3.41333 2.57907 0.0817547
 1746 3.41333 2.57955 0.0817093
 1747 0.48 2.57835 0.0816713
 1748 0 2.57687 0.0816379
 1749 1.92 2.5765 0.0815921
 1750 0.853333 2.57551 0.0815514
 1751 1.92 2.57514 0.0815057
 1752 3.41333 2.57562 0.0814606
 1753 1.92 2.57524 0.0814149
 1754 3.41333 2.57572 0.0813699
 1755 0.48 2.57453 0.0813323
 1756 0.0533333 2.57309 0.0812986
 1757 0 2.57163 0.0812656
 1758 0 2.57016 0.0812325
 1759 0.853333 2.56919 0.0811922
 1760 0.213333 2.56785 0.0811571
 1761 0.0533333 2.56642 0.0811235
 1762 0.48 2.56524 0.0810861
 1763 5.33333 2.56681 0.0810553
 1764 3.41333 2.56729 0.0810108
 1765 1.92 2.56692 0.0809657
 1766 0.0533333 2.5655 0.0809324
 1767 1.33333 2.5648 0.0808895
 1768 0.213333 2.56347 0.0808547
 1769 0.0533333 2.56205 0.0808215
 1770 0.213333 2.56072 0.0807867
 1771 0.0533333 2.55931 0.0807535
 1772 0.48 2.55813 0.0807164
 1773 4.32 2.55913 0.080677
 1774 1.33333 2.55844 0.0806345
 1775 6.45333 2.56063 0.0806189
 1776 3.41333 2.56111 0.0805749
 1777 4.32 2.5621 0.0805356
 1778 0.213333 2.56078 0.0805012
 1779 0.853333 2.55982 0.0804616
 1780 1.33333 2.55913 0.0804194
 1781 0.213333 2.55781 0.080385
 1782 2.61333 2.55785 0.0803399
 1783 1.33333 2.55716 0.0802977
 1784 0.0533333 2.55575 0.080265
 1785 0 2.55432 0.0802328
 1786 0.213333 2.55301 0.0801986
 1787 0.48 2.55185 0.0801621
 1788 2.61333 2.55189 0.0801172
 1789 0.48 2.55073 0.0800808
 1790 0.48 2.54957 0.0800444
 1791 0 2.54815 0.0800124
 1792 0.48 2.54699 0.079976
 1793 0.853333 2.54605 0.079937
 1794 0.0533333 2.54466 0.0799045
 1795 0.0533333 2.54327 0.0798721
 1796 0.853333 2.54233 0.0798331
 1797 0.48 2.54118 0.0797969
 1798 0.0533333 2.5398 0.0797645
 1799 0.853333 2.53886 0.0797257
 1800 1.92 2.53852 0.0796821
 1801 2.61333 2.53856 0.0796379
 1802 5.33333 2.54011 0.0796088
 1803 4.32 2.5411 0.0795708
 1804 6.45333 2.54327 0.0795562
 1805 5.33333 2.54481 0.0795271
 1806 5.33333 2.54636 0.0794981
 1807 6.45333 2.54852 0.0794835
 1808 7.68 2.55136 0.0794902
 1809 6.45333 2.55351 0.0794755
 1810 10.4533 2.55788 0.0795514
 1811 9.01333 2.56144 0.0795873
 1812 7.68 2.56427 0.0795936
 1813 9.01333 2.56782 0.0796291
 1814 0.213333 2.56653 0.0795958
 1815 1.92 2.56617 0.0795527
 1816 0.0533333 2.56479 0.079521
 1817 0.0533333 2.5634 0.0794892
 1818 0.48 2.56226 0.0794537
 1819 0.48 2.56111 0.0794183
 1820 0.853333 2.56018 0.0793802
 1821 0.48 2.55903 0.0793448
 1822 1.92 2.55868 0.079302
 1823 2.61333 2.55871 0.0792585
 1824 1.92 2.55836 0.0792158
 1825 3.41333 2.55883 0.0791738
 1826 3.41333 2.5593 0.0791318
 1827 3.41333 2.55977 0.0790899
 1828 1.92 2.55942 0.0790474
 1829 0.48 2.55828 0.0790123
 1830 1.92 2.55793 0.0789699
 1831 0.853333 2.557 0.0789322
 1832 1.92 2.55665 0.0788899
 1833 0.213333 2.55537 0.0788572
 1834 2.61333 2.55541 0.0788142
 1835 0.213333 2.55413 0.0787816
 1836 0.853333 2.5532 0.0787441
 1837 0.853333 2.55228 0.0787067
 1838 0.48 2.55115 0.0786719
 1839 0.213333 2.54988 0.0786394
 1840 0.0533333 2.54852 0.0786084
 1841 0.48 2.5474 0.0785737
 1842 0.213333 2.54613 0.0785413
 1843 0.0533333 2.54478 0.0785103
 1844 0.48 2.54366 0.0784757
 1845 0.213333 2.5424 0.0784433
 1846 1.33333 2.54174 0.0784035
 1847 1.92 2.5414 0.0783618
 1848 3.41333 2.54188 0.0783208
 1849 5.33333 2.54339 0.078293
 1850 1.33333 2.54273 0.0782534
 1851 0.48 2.54162 0.078219
 1852 2.61333 2.54166 0.0781768
 1853 1.92 2.54132 0.0781353
 1854 1.92 2.54099 0.0780939
 1855 5.33333 2.54249 0.0780663
 1856 6.45333 2.5446 0.0780527
 1857 7.68 2.54736 0.0780596
 1858 3.41333 2.54783 0.078019
 1859 2.61333 2.54786 0.077977
 1860 0.48 2.54675 0.077943
 1861 0.0533333 2.54541 0.0779126
 1862 0.0533333 2.54407 0.0778823
 1863 0.213333 2.54282 0.0778505
 1864 0.48 2.54172 0.0778166
 1865 1.92 2.54138 0.0777756
 1866 2.61333 2.54142 0.0777339
 1867 4.32 2.54237 0.0776981
 1868 1.92 2.54204 0.0776572
 1869 1.92 2.54171 0.0776164
 1870 0.48 2.54061 0.0775827
 1871 0.0533333 2.53928 0.0775526
 1872 0.0533333 2.53795 0.0775225
 1873 1.92 2.53762 0.0774818
 1874 5.33333 2.53911 0.0774549
 1875 1.33333 2.53847 0.0774162
 1876 2.61333 2.53851 0.0773749
 1877 5.33333 2.54 0.077348
 1878 1.33333 2.53935 0.0773095
 1879 5.33333 2.54084 0.0772827
 1880 3.41333 2.5413 0.0772429
 1881 2.61333 2.54134 0.0772019
 1882 5.33333 2.54283 0.0771751
 1883 0.0533333 2.5415 0.0771454
 1884 0.213333 2.54027 0.0771144
 1885 0.213333 2.53903 0.0770833
 1886 0.48 2.53794 0.0770502
 1887 0.213333 2.53671 0.0770192
 1888 0.0533333 2.5354 0.0769896
 1889 0.0533333 2.53408 0.0769601
 1890 0 2.53274 0.076931
 1891 2.61333 2.53278 0.0768904
 1892 1.92 2.53246 0.0768504
 1893 0.213333 2.53123 0.0768196
 1894 2.61333 2.53128 0.076779
 1895 1.92 2.53096 0.0767391
 1896 3.41333 2.53142 0.0767001
 1897 3.41333 2.53189 0.076661
 1898 9.01333 2.5353 0.0766967
 1899 3.41333 2.53576 0.0766577
 1900 3.41333 2.53622 0.0766187
 1901 3.41333 2.53669 0.0765798
 1902 0.853333 2.5358 0.0765446
 1903 2.61333 2.53584 0.0765044
 1904 1.92 2.53552 0.0764649
 1905 0.48 2.53444 0.0764324
 1906 1.33333 2.53381 0.0763949
 1907 0.48 2.53273 0.0763624
 1908 1.92 2.53241 0.076323
 1909 0.853333 2.53153 0.0762881
 1910 0.0533333 2.53023 0.0762592
 1911 0 2.52891 0.0762308
 1912 0.853333 2.52803 0.0761959
 1913 1.33333 2.52741 0.0761587
 1914 0.48 2.52634 0.0761264
 1915 0.213333 2.52513 0.0760962
 1916 0.213333 2.52392 0.076066
 1917 0.213333 2.52272 0.0760359
 1918 6.45333 2.52477 0.0760239
 1919 5.33333 2.52623 0.0759984
 1920 5.33333 2.52769 0.0759728
 1921 9.01333 2.53107 0.0760083
 1922 3.41333 2.53153 0.0759701
 1923 0.853333 2.53066 0.0759356
 1924 0.213333 2.52945 0.0759057
 1925 3.41333 2.52991 0.0758676
 1926 1.33333 2.52929 0.0758308
 1927 1.33333 2.52867 0.075794
 1928 0.213333 2.52747 0.0757642
 1929 0 2.52616 0.0757362
 1930 0.213333 2.52496 0.0757064
 1931 0.0533333 2.52368 0.0756781
 1932 0.0533333 2.5224 0.0756497
 1933 0.48 2.52135 0.0756179
 1934 3.41333 2.52181 0.0755802
 1935 4.32 2.52274 0.0755469
 1936 2.61333 2.52278 0.0755078
 1937 3.41333 2.52324 0.0754703
 1938 0.853333 2.52238 0.0754362
 1939 0.48 2.52133 0.0754047
 1940 0.0533333 2.52005 0.0753765
 1941 0.48 2.519 0.075345
 1942 1.92 2.5187 0.0753068
 1943 0.853333 2.51784 0.0752729
 1944 0.213333 2.51665 0.0752436
 1945 0.48 2.51561 0.0752121
 1946 5.33333 2.51705 0.0751874
 1947 2.61333 2.5171 0.0751488
 1948 1.92 2.5168 0.0751109
 1949 3.41333 2.51726 0.0750737
 1950 1.33333 2.51665 0.0750377
 1951 0.853333 2.5158 0.075004
 1952 0.853333 2.51495 0.0749704
 1953 0.213333 2.51377 0.0749413
 1954 0.48 2.51273 0.0749102
 1955 5.33333 2.51417 0.0748858
 1956 5.33333 2.51561 0.0748613
 1957 6.45333 2.51762 0.0748501
 1958 4.32 2.51854 0.0748175
 1959 0.853333 2.51769 0.0747842
 1960 1.33333 2.51709 0.0747485
 1961 0.48 2.51605 0.0747175
 1962 0.48 2.51501 0.0746867
 1963 0 2.51373 0.0746596
 1964 0.48 2.5127 0.0746288
 1965 0.853333 2.51185 0.0745956
 1966 0.853333 2.51101 0.0745624
 1967 0.213333 2.50984 0.0745336
 1968 0.0533333 2.50859 0.0745062
 1969 0.853333 2.50775 0.0744731
 1970 0 2.50648 0.0744462
 1971 0.853333 2.50564 0.0744131
 1972 0.0533333 2.50439 0.0743858
 1973 0.0533333 2.50315 0.0743584
 1974 2.61333 2.50321 0.0743208
 1975 2.61333 2.50326 0.0742831
 1976 3.41333 2.50372 0.074247
 1977 1.33333 2.50313 0.0742118
 1978 0.853333 2.5023 0.0741789
 1979 1.33333 2.50171 0.0741438
 1980 3.41333 2.50217 0.0741078
 1981 0.48 2.50115 0.0740774
 1982 1.92 2.50085 0.0740406
 1983 0.213333 2.4997 0.0740122
 1984 0 2.49844 0.0739856
 1985 1.33333 2.49785 0.0739507
 1986 1.92 2.49756 0.073914
 1987 0.213333 2.49641 0.0738857
 1988 0.48 2.4954 0.0738555
 1989 0.213333 2.49425 0.0738273
 1990 0.48 2.49324 0.0737971
 1991 0.48 2.49223 0.073767
 1992 0.0533333 2.491 0.0737401
 1993 0 2.48975 0.0737137
 1994 1.92 2.48947 0.0736773
 1995 0.853333 2.48865 0.0736449
 1996 0.213333 2.48751 0.0736168
 1997 4.32 2.48843 0.0735857
 1998 2.61333 2.48849 0.0735489
 1999 0.853333 2.48767 0.0735166
 2000 0 2.48643 0.0734904
