 1 0.16 0.16 0
 2 0.16 0.16 0
 3 0.08 0.133333 0.0266667
 4 0.2 0.15 0.0251661
 5 0.36 0.192 0.0463033
 6 0.32 0.213333 0.0434102
 7 0.16 0.205714 0.0374711
 8 0.32 0.22 0.0354562
 9 0.16 0.213333 0.0319722
 10 0.44 0.236 0.0364905
 11 0.44 0.254545 0.0378601
 12 0.2 0.25 0.034859
 13 -0.08 0.224615 0.0408972
 14 0.04 0.211429 0.0400941
 15 -0.08 0.192 0.0420793
 16 0.24 0.195 0.0394757
 17 0.24 0.197647 0.0371754
 18 -0.12 0.18 0.0392412
 19 0.04 0.172632 0.0378427
 20 0.28 0.178 0.0362999
 21 0.56 0.19619 0.0390267
 22 0.4 0.205455 0.0383464
 23 0.32 0.210435 0.0369781
 24 0.28 0.213333 0.0355223
 25 0.28 0.216 0.034176
 26 0.12 0.212308 0.0330422
 27 0.12 0.208889 0.0319782
 28 0.24 0.21 0.0308349
 29 0.16 0.208276 0.0298026
 30 0 0.201333 0.0296172
 31 0 0.194839 0.0293729
 32 0.28 0.1975 0.0285644
 33 0.4 0.203636 0.0283572
 34 0.48 0.211765 0.0286862
 35 0.64 0.224 0.0304233
 36 0.4 0.228889 0.0299676
 37 0.2 0.228108 0.0291569
 38 0.16 0.226316 0.0284358
 39 -0.12 0.217436 0.0290857
 40 0 0.212 0.0288657
 41 0 0.206829 0.0286238
 42 -0.24 0.19619 0.0298913
 43 -0.28 0.185116 0.0312181
 44 -0.2 0.176364 0.0317314
 45 -0.4 0.163556 0.0335586
 46 -0.32 0.153043 0.0344633
 47 -0.32 0.142979 0.035192
 48 -0.16 0.136667 0.0350245
 49 -0.2 0.129796 0.0349836
 50 -0.08 0.1256 0.0345326
 51 -0.2 0.119216 0.0344456
 52 -0.2 0.113077 0.03433
 53 0.12 0.113208 0.0336763
 54 0.04 0.111852 0.0330745
 55 0 0.109818 0.0325312
 56 -0.04 0.107143 0.0320569
 57 -0.08 0.10386 0.0316602
 58 -0.08 0.10069 0.0312706
 59 -0.16 0.0962712 0.031052
 60 0 0.0946667 0.0305722
 61 -0.12 0.0911475 0.0302721
 62 -0.24 0.0858065 0.030255
 63 -0.24 0.0806349 0.0302167
 64 -0.16 0.076875 0.0299776
 65 -0.24 0.072 0.0299127
 66 -0.48 0.0636364 0.0306203
 67 0.08 0.0638806 0.0301608
 68 -0.08 0.0617647 0.0297892
 69 -0.16 0.0585507 0.0295298
 70 -0.28 0.0537143 0.029504
 71 0.04 0.0535211 0.0290861
 72 0 0.0527778 0.0286889
 73 -0.4 0.0465753 0.028965
 74 -0.32 0.0416216 0.0289972
 75 -0.16 0.0389333 0.028734
 76 -0.12 0.0368421 0.0284304
 77 0 0.0363636 0.0280628
 78 -0.12 0.034359 0.0277732
 79 0.08 0.0349367 0.0274254
 80 -0.08 0.0335 0.0271185
 81 -0.08 0.0320988 0.0268183
 82 0.04 0.0321951 0.0264894
 83 0.08 0.0327711 0.0261746
 84 0.04 0.0328571 0.0258613
 85 0.08 0.0334118 0.0255612
 86 0.16 0.0348837 0.0253051
 87 0.24 0.0372414 0.0251234
 88 0.2 0.0390909 0.0249051
 89 0.12 0.04 0.0246404
 90 0.04 0.04 0.0243651
 91 0.2 0.0417582 0.0241599
 92 -0.08 0.0404348 0.0239325
 93 0 0.04 0.0236777
 94 0 0.0395745 0.0234284
 95 -0.16 0.0374737 0.0232754
 96 -0.04 0.0366667 0.0230458
 97 -0.16 0.0346392 0.022897
 98 -0.2 0.0322449 0.0227882
 99 -0.24 0.0294949 0.0227239
 100 -0.44 0.0248 0.0229802
 101 -0.28 0.0217822 0.0229508
 102 -0.4 0.0176471 0.0230979
 103 -0.28 0.0147573 0.0230543
 104 -0.44 0.0103846 0.0232465
 105 -0.24 0.008 0.0231472
 106 -0.28 0.00528302 0.0230883
 107 -0.12 0.00411215 0.0229014
 108 -0.08 0.00333333 0.0227017
 109 -0.12 0.00220183 0.0225209
 110 -0.16 0.000727273 0.0223639
 111 0 0.000720721 0.0221615
 112 0 0.000714286 0.0219628
 113 0.24 0.00283186 0.0218703
 114 0.32 0.00561404 0.0218554
 115 0.24 0.00765217 0.0217602
 116 0.36 0.0106897 0.0217846
 117 0.2 0.0123077 0.0216581
 118 0.24 0.0142373 0.0215603
 119 0.28 0.0164706 0.0214947
 120 0.24 0.0183333 0.0213961
 121 0.28 0.0204959 0.0213284
 122 0.32 0.0229508 0.0212949
 123 0.32 0.0253659 0.0212586
 124 0.36 0.0280645 0.0212585
 125 0.44 0.03136 0.0213437
 126 0.6 0.035873 0.0216492
 127 0.4 0.0387402 0.0216686
 128 0.16 0.0396875 0.0215195
 129 0.16 0.0406202 0.0213724
 130 0.04 0.0406154 0.0212074
 131 -0.16 0.039084 0.0211005
 132 -0.08 0.0381818 0.0209595
 133 -0.12 0.0369925 0.0208353
 134 -0.12 0.0358209 0.0207123
 135 -0.04 0.0352593 0.020566
 136 -0.04 0.0347059 0.0204217
 137 0.16 0.0356204 0.0202927
 138 0.16 0.0365217 0.0201653
 139 -0.16 0.0351079 0.0200696
 140 -0.24 0.0331429 0.0200224
 141 -0.48 0.0295035 0.0202102
 142 -0.28 0.0273239 0.0201854
 143 -0.16 0.026014 0.0200865
 144 -0.2 0.0244444 0.0200082
 145 -0.2 0.0228966 0.0199299
 146 -0.24 0.0210959 0.0198747
 147 -0.32 0.0187755 0.0198749
 148 -0.4 0.0159459 0.019942
 149 -0.4 0.0131544 0.0200034
 150 -0.76 0.008 0.0205273
 151 -0.76 0.00291391 0.0210156
 152 -0.84 -0.00263158 0.0216009
 153 -0.72 -0.00732026 0.0219655
 154 -0.68 -0.0116883 0.0222552
 155 -0.44 -0.0144516 0.0222832
 156 -0.44 -0.0171795 0.0223073
 157 -0.56 -0.0206369 0.0224328
 158 -0.52 -0.0237975 0.0225133
 159 -0.24 -0.0251572 0.0224126
 160 -0.12 -0.02575 0.0222799
 161 -0.28 -0.0273292 0.0221974
 162 -0.24 -0.028642 0.022099
 163 -0.24 -0.0299387 0.0220012
 164 -0.32 -0.0317073 0.021938
 165 -0.24 -0.0329697 0.0218412
 166 -0.28 -0.0344578 0.0217602
 167 0.04 -0.034012 0.0216341
 168 0.08 -0.0333333 0.0215156
 169 0.2 -0.0319527 0.0214324
 170 0.52 -0.0287059 0.021552
 171 0.24 -0.0271345 0.0214831
 172 0.04 -0.0267442 0.0213614
 173 0.24 -0.0252023 0.0212935
 174 0.36 -0.0229885 0.0212862
 175 0.28 -0.0212571 0.0212349
 176 0.16 -0.0202273 0.021139
 177 0.12 -0.019435 0.0210341
 178 0.12 -0.0186517 0.0209303
 179 0 -0.0185475 0.0208133
 180 -0.04 -0.0186667 0.0206977
 181 -0.16 -0.0194475 0.0205978
 182 0 -0.0193407 0.0204846
 183 -0.2 -0.0203279 0.0203963
 184 -0.24 -0.0215217 0.0203202
 185 -0.16 -0.0222703 0.020224
 186 -0.04 -0.0223656 0.0201152
 187 -0.24 -0.0235294 0.0200411
 188 -0.32 -0.0251064 0.0199965
 189 -0.24 -0.0262434 0.0199229
 190 -0.28 -0.0275789 0.0198627
 191 -0.28 -0.0289005 0.0198026
 192 -0.28 -0.0302083 0.0197426
 193 0.08 -0.0296373 0.0196483
 194 0.12 -0.028866 0.019562
 195 0.12 -0.0281026 0.0194764
 196 0.32 -0.0263265 0.019458
 197 0.32 -0.0245685 0.0194386
 198 0.36 -0.0226263 0.0194375
 199 0.32 -0.0209045 0.019416
 200 0.4 -0.0188 0.019433
 201 0.52 -0.0161194 0.019521
 202 0.28 -0.0146535 0.0194793
 203 0.36 -0.0128079 0.0194708
 204 0.52 -0.0101961 0.0195504
 205 0.44 -0.008 0.0195783
 206 0.28 -0.00660194 0.0195332
 207 0.08 -0.00618357 0.0194431
 208 0.24 -0.005 0.0193855
 209 0.2 -0.00401914 0.0193175
 210 0.44 -0.00190476 0.0193412
 211 0.8 0.00189573 0.0196209
 212 0.88 0.00603774 0.0199626
 213 0.8 0.00976526 0.0202153
 214 0.76 0.013271 0.0204237
 215 0.6 0.016 0.0205108
 216 0.4 0.0177778 0.0204929
 217 0.16 0.0184332 0.0204088
 218 0.12 0.0188991 0.0203203
 219 -0.04 0.0186301 0.0202291
 220 -0.08 0.0181818 0.0201419
 221 -0.16 0.0173756 0.0200668
 222 -0.24 0.0162162 0.0200098
 223 -0.12 0.0156054 0.0199292
 224 -0.16 0.0148214 0.0198555
 225 -0.28 0.0135111 0.0198105
 226 -0.24 0.0123894 0.0197545
 227 -0.2 0.0114537 0.0196895
 228 -0.2 0.0105263 0.0196249
 229 -0.04 0.0103057 0.0195403
 230 -0.16 0.00956522 0.0194692
 231 -0.2 0.00865801 0.019406
 232 -0.2 0.00775862 0.019343
 233 -0.04 0.00755365 0.0192609
 234 -0.04 0.00735043 0.0191795
 235 0.12 0.00782979 0.0191038
 236 0.08 0.00813559 0.0190251
 237 0.2 0.00894515 0.0189619
 238 0.16 0.00957983 0.0188928
 239 0.24 0.0105439 0.0188382
 240 0.16 0.0111667 0.0187699
 241 -0.04 0.0109544 0.0186931
 242 0.08 0.0112397 0.0186179
 243 0.28 0.0123457 0.018574
 244 0.24 0.0132787 0.0185213
 245 0.08 0.013551 0.0184475
 246 0.08 0.0138211 0.0183744
 247 0.2 0.0145749 0.0183153
 248 0.16 0.0151613 0.0182508
 249 0.2 0.0159036 0.0181925
 250 0.24 0.0168 0.0181417
 251 0.16 0.0173705 0.0180783
 252 0.36 0.0187302 0.0180577
 253 0.36 0.0200791 0.0180367
 254 0.44 0.0217323 0.0180414
 255 0.6 0.024 0.0181131
 256 0.64 0.0264062 0.0182019
 257 0.48 0.0281712 0.0182167
 258 0.52 0.0300775 0.0182458
 259 0.48 0.0318147 0.018258
 260 0.44 0.0333846 0.0182553
 261 0.36 0.034636 0.0182282
 262 0.68 0.0370992 0.0183248
 263 0.56 0.0390875 0.018363
 264 0.16 0.0395455 0.018299
 265 0.12 0.0398491 0.0182323
 266 0.2 0.0404511 0.0181736
 267 0 0.0402996 0.0181061
 268 0 0.0401493 0.018039
 269 -0.12 0.0395539 0.0179817
 270 -0.24 0.0385185 0.0179449
 271 -0.16 0.037786 0.0178935
 272 -0.08 0.0373529 0.0178329
 273 -0.04 0.0370696 0.0177697
 274 -0.04 0.0367883 0.017707
 275 -0.16 0.0360727 0.017657
 276 -0.16 0.0353623 0.0176072
 277 -0.12 0.0348014 0.0175525
 278 0.08 0.034964 0.01749
 279 -0.04 0.0346953 0.0174293
 280 -0.04 0.0344286 0.017369
 281 0.28 0.0353025 0.0173291
 282 0.24 0.0360284 0.0172828
 283 0.16 0.0364664 0.0172272
 284 0.08 0.0366197 0.0171671
 285 0.24 0.0373333 0.0171216
 286 0.16 0.0377622 0.017067
 287 0.28 0.0386063 0.0170284
 288 0.28 0.0394444 0.0169899
 289 0.4 0.040692 0.0169769
 290 -0.08 0.0402759 0.0169234
 291 0.04 0.0402749 0.0168651
 292 -0.16 0.039589 0.0168212
 293 -0.36 0.0382253 0.0168191
 294 -0.44 0.0365986 0.0168405
 295 -0.24 0.035661 0.0168095
 296 -0.16 0.035 0.0167657
 297 0.12 0.0352862 0.0167116
 298 0.28 0.0361074 0.0166756
 299 0.4 0.0373244 0.0166643
 300 0.4 0.0385333 0.0166526
 301 0.24 0.0392027 0.0166107
 302 0.2 0.0397351 0.0165641
 303 0.24 0.040396 0.0165226
 304 0.28 0.0411842 0.016487
 305 0.36 0.0422295 0.0164661
 306 0.2 0.0427451 0.0164203
 307 0.24 0.0433876 0.0163793
 308 0.12 0.0436364 0.0163279
 309 0.16 0.0440129 0.0162794
 310 0.2 0.0445161 0.0162346
 311 0.12 0.0447588 0.0161841
 312 0.12 0.045 0.0161339
 313 0 0.0448562 0.0160829
 314 0 0.0447134 0.0160323
 315 0.12 0.0449524 0.0159831
 316 0.04 0.0449367 0.0159324
 317 -0.08 0.0445426 0.015887
 318 -0.2 0.0437736 0.0158556
 319 -0.16 0.0431348 0.0158187
 320 -0.2 0.042375 0.0157875
 321 0 0.042243 0.0157388
 322 -0.04 0.0419876 0.0156919
 323 -0.08 0.0416099 0.0156478
 324 0.36 0.0425926 0.0156304
 325 0.24 0.0432 0.0155941
 326 0.24 0.0438037 0.0155579
 327 0.12 0.0440367 0.015512
 328 0.16 0.0443902 0.0154686
 329 0.12 0.0446201 0.0154233
 330 0.04 0.0446061 0.0153765
 331 0.08 0.044713 0.0153303
 332 0.36 0.0456627 0.0153135
 333 0.48 0.046967 0.0153231
 334 0.44 0.0481437 0.0153224
 335 0.32 0.0489552 0.0152981
 336 0.2 0.0494048 0.0152592
 337 0.2 0.0498516 0.0152204
 338 0.2 0.0502959 0.0151818
 339 0.12 0.0505015 0.0151383
 340 0.12 0.0507059 0.0150951
 341 0.08 0.0507918 0.015051
 342 -0.04 0.0505263 0.0150093
 343 -0.12 0.0500292 0.0149737
 344 0 0.0498837 0.0149309
 345 0.16 0.0502029 0.0148909
 346 0.04 0.0501734 0.0148479
 347 0.32 0.050951 0.0148254
 348 0.32 0.0517241 0.014803
 349 0.16 0.0520344 0.0147637
 350 0.36 0.0529143 0.0147478
 351 0.2 0.0533333 0.0147117
 352 0.08 0.0534091 0.01467
 353 -0.04 0.0531445 0.0146308
 354 -0.08 0.0527684 0.0145942
 355 -0.04 0.052507 0.0145554
 356 -0.16 0.0519101 0.0145267
 357 -0.32 0.0508683 0.0145234
 358 -0.4 0.0496089 0.0145374
 359 -0.28 0.0486908 0.0145259
 360 -0.16 0.0481111 0.0144971
 361 -0.16 0.0475346 0.0144684
 362 -0.24 0.0467403 0.0144502
 363 -0.12 0.046281 0.0144177
 364 -0.08 0.0459341 0.0143822
 365 -0.16 0.0453699 0.0143538
 366 -0.12 0.044918 0.0143217
 367 -0.04 0.0446866 0.0142845
 368 -0.16 0.0441304 0.0142565
 369 -0.36 0.0430352 0.0142599
 370 -0.32 0.0420541 0.0142551
 371 -0.04 0.0418329 0.0142184
 372 0.08 0.0419355 0.0141805
 373 0.44 0.0430027 0.0141826
 374 0.28 0.0436364 0.0141588
 375 0.12 0.04384 0.0141225
 376 -0.12 0.0434043 0.0140916
 377 -0.12 0.0429708 0.0140609
 378 -0.12 0.0425397 0.0140302
 379 -0.2 0.0418997 0.0140078
 380 -0.28 0.0410526 0.0139965
 381 -0.24 0.040315 0.0139792
 382 0 0.0402094 0.013943
 383 -0.12 0.0397911 0.0139128
 384 0 0.0396875 0.0138769
 385 0 0.0395844 0.0138412
 386 0 0.0394819 0.0138057
 387 -0.12 0.0390698 0.0137762
 388 -0.04 0.038866 0.0137421
 389 0 0.0387661 0.0137071
 390 0.08 0.0388718 0.0136723
 391 0.08 0.038977 0.0136377
 392 0.32 0.0396939 0.0136218
 393 0.28 0.0403053 0.0136008
 394 0.36 0.0411168 0.0135905
 395 0.48 0.0422278 0.0136015
 396 0.64 0.0437374 0.0136508
 397 0.6 0.0451385 0.0136883
 398 0.4 0.0460302 0.0136829
 399 0.48 0.0471178 0.0136919
 400 0.52 0.0483 0.0137087
 401 0.36 0.0490773 0.0136965
 402 0.12 0.0492537 0.0136635
 403 -0.04 0.0490323 0.0136314
 404 0.04 0.0490099 0.0135976
 405 0 0.0488889 0.0135646
 406 -0.28 0.0480788 0.0135553
 407 -0.16 0.0475676 0.0135316
 408 0 0.047451 0.0134989
 409 0.08 0.0475306 0.0134661
 410 0.36 0.0482927 0.0134548
 411 0.2 0.0486618 0.0134271
 412 0 0.0485437 0.013395
 413 -0.2 0.0479419 0.0133761
 414 -0.08 0.0476329 0.0133473
 415 0.04 0.0476145 0.0133151
 416 -0.32 0.0467308 0.0133125
 417 -0.24 0.0460432 0.0132983
 418 -0.24 0.0453589 0.0132841
 419 -0.2 0.0447733 0.0132653
 420 -0.16 0.0442857 0.0132426
 421 -0.28 0.0435154 0.0132336
 422 -0.48 0.0422749 0.0132603
 423 -0.48 0.0410402 0.0132864
 424 -0.32 0.0401887 0.0132824
 425 -0.08 0.0399059 0.0132541
 426 -0.08 0.0396244 0.013226
 427 -0.32 0.0387822 0.0132218
 428 -0.4 0.037757 0.0132306
 429 -0.28 0.0370163 0.0132205
 430 -0.36 0.036093 0.013222
 431 -0.04 0.0359165 0.0131925
 432 0.04 0.0359259 0.0131619
 433 0.12 0.0361201 0.0131329
 434 0.2 0.0364977 0.0131081
 435 0.16 0.0367816 0.013081
 436 0.24 0.0372477 0.0130593
 437 0 0.0371625 0.0130296
 438 0.24 0.0376256 0.0130081
 439 0.08 0.0377221 0.0129788
 440 0.28 0.0382727 0.012961
 441 0.28 0.0388209 0.0129432
 442 0.32 0.039457 0.0129295
 443 0.24 0.0399097 0.0129082
 444 0.2 0.0402703 0.0128842
 445 0.24 0.0407191 0.012863
 446 0.12 0.0408969 0.0128354
 447 0.2 0.0412528 0.0128116
 448 0.24 0.0416964 0.0127906
 449 0.24 0.0421381 0.0127697
 450 0.4 0.0429333 0.0127661
 451 0.36 0.0436364 0.0127572
 452 0.24 0.0440708 0.0127363
 453 0.16 0.0443267 0.0127108
 454 0.2 0.0446696 0.0126874
 455 0.16 0.0449231 0.012662
 456 0.24 0.0453509 0.0126414
 457 0.24 0.0457768 0.0126209
 458 0.12 0.0459389 0.0125944
 459 0.16 0.0461874 0.0125694
 460 0.08 0.0462609 0.0125422
 461 -0.08 0.045987 0.012518
 462 0.04 0.045974 0.0124909
 463 -0.04 0.0457883 0.0124653
 464 0 0.0456897 0.0124388
 465 -0.04 0.0455054 0.0124133
 466 0.24 0.0459227 0.0123937
 467 0.12 0.0460814 0.0123682
 468 0.16 0.0463248 0.0123441
 469 0.08 0.0463966 0.012318
 470 -0.04 0.0462128 0.0122931
 471 0.12 0.0463694 0.012268
 472 0.36 0.0470339 0.01226
 473 0.2 0.0473573 0.0122383
 474 0.28 0.0478481 0.0122223
 475 0.16 0.0480842 0.0121988
 476 0.2 0.0484034 0.0121774
 477 0.16 0.0486373 0.0121541
 478 0.08 0.0487029 0.0121288
 479 0.04 0.0486848 0.0121035
 480 -0.12 0.0483333 0.0120833
 481 -0.04 0.0481497 0.0120596
 482 0.08 0.0482158 0.0120347
 483 0.28 0.0486957 0.0120194
 484 0.16 0.0489256 0.0119967
 485 0.2 0.0492371 0.011976
 486 0.2 0.0495473 0.0119553
 487 -0.08 0.0492813 0.0119337
 488 -0.24 0.0486885 0.011924
 489 -0.24 0.0480982 0.0119142
 490 -0.28 0.0474286 0.0119087
 491 -0.44 0.0464358 0.0119258
 492 -0.12 0.0460976 0.0119064
 493 0.2 0.0464097 0.0118863
 494 0.32 0.0469636 0.0118751
 495 0.2 0.0472727 0.0118552
 496 0.12 0.0474194 0.0118321
 497 0.24 0.0478068 0.0118147
 498 0.32 0.0483534 0.0118036
 499 0.24 0.0487375 0.0117862
 500 0.04 0.04872 0.0117626
 501 -0.2 0.0482236 0.0117496
 502 -0.08 0.0479681 0.0117289
 503 -0.08 0.0477137 0.0117083
 504 -0.2 0.0472222 0.0116954
 505 -0.2 0.0467327 0.0116825
 506 -0.24 0.046166 0.0116732
 507 -0.32 0.0454438 0.0116725
 508 -0.12 0.0451181 0.011654
 509 -0.16 0.0447151 0.0116381
 510 0 0.0446275 0.0116156
 511 0.12 0.044775 0.0115938
 512 0.2 0.0450781 0.0115751
 513 0.12 0.0452242 0.0115534
 514 -0.08 0.0449805 0.0115335
 515 0.04 0.0449709 0.0115111
 516 -0.12 0.0446512 0.0114932
 517 -0.08 0.0444101 0.0114735
 518 0 0.0443243 0.0114516
 519 0.04 0.044316 0.0114295
 520 0.08 0.0443846 0.0114077
 521 -0.24 0.0438388 0.0113989
 522 -0.16 0.0434483 0.0113837
 523 -0.08 0.0432122 0.0113644
 524 0.12 0.0433588 0.0113436
 525 0.04 0.0433524 0.011322
 526 0.04 0.043346 0.0113005
 527 -0.12 0.0430361 0.0112833
 528 -0.2 0.0425758 0.0112713
 529 -0.24 0.0420416 0.0112626
 530 -0.36 0.041283 0.0112669
 531 -0.4 0.040452 0.0112763
 532 -0.52 0.0393985 0.0113043
 533 -0.44 0.0384991 0.0113189
 534 -0.56 0.0373783 0.0113531
 535 -0.44 0.036486 0.011367
 536 -0.32 0.0358209 0.0113652
 537 -0.32 0.0351583 0.0113634
 538 -0.24 0.0346468 0.0113537
 539 0 0.0345826 0.0113328
 540 0 0.0345185 0.011312
 541 0 0.0344547 0.0112913
 542 -0.24 0.0339483 0.0112818
 543 -0.4 0.0331492 0.0112893
 544 -0.44 0.0322794 0.0113021
 545 -0.24 0.0317798 0.0112924
 546 -0.28 0.0312088 0.0112861
 547 -0.44 0.0303473 0.0112984
 548 -0.12 0.030073 0.0112811
 549 0 0.0300182 0.0112606
 550 0.08 0.0301091 0.0112405
 551 0.28 0.0305626 0.0112292
 552 0.28 0.0310145 0.011218
 553 0.28 0.0314647 0.0112067
 554 0.36 0.0320578 0.0112022
 555 0.2 0.0323604 0.0111861
 556 0.16 0.0325899 0.0111683
 557 0.08 0.032675 0.0111486
 558 0.04 0.0326882 0.0111286
 559 -0.04 0.0325581 0.0111094
 560 -0.28 0.032 0.0111036
 561 -0.28 0.0314439 0.0110977
 562 -0.04 0.0313167 0.0110787
 563 -0.24 0.0308348 0.0110695
 564 -0.04 0.0307092 0.0110506
 565 -0.12 0.0304425 0.0110342
 566 -0.08 0.0302473 0.0110164
 567 -0.32 0.0296296 0.0110143
 568 -0.32 0.0290141 0.0110121
 569 -0.28 0.028471 0.0110061
 570 -0.12 0.0282105 0.0109899
 571 0.08 0.0283012 0.010971
 572 0.16 0.0285315 0.0109542
 573 0.24 0.0289005 0.0109413
 574 0.4 0.029547 0.0109414
 575 0.4 0.0301913 0.0109413
 576 0.48 0.0309722 0.0109502
 577 0.32 0.0314731 0.0109427
 578 0.32 0.0319723 0.0109351
 579 0.24 0.0323316 0.0109221
 580 0.16 0.0325517 0.0109055
 581 0.32 0.0330465 0.0108979
 582 0.24 0.0334021 0.010885
 583 0.24 0.0337564 0.0108721
 584 0.16 0.0339726 0.0108556
 585 0.08 0.0340513 0.0108373
 586 0.12 0.034198 0.0108198
 587 0.04 0.0342078 0.0108014
 588 0.16 0.0344218 0.0107851
 589 0.04 0.0344312 0.0107668
 590 0.04 0.0344407 0.0107485
 591 -0.04 0.0343147 0.0107311
 592 -0.04 0.0341892 0.0107137
 593 -0.24 0.0337268 0.0107056
 594 -0.32 0.0331313 0.0107041
 595 -0.44 0.0323361 0.0107156
 596 -0.36 0.0316779 0.0107179
 597 -0.56 0.0306868 0.0107457
 598 -0.44 0.0298997 0.0107566
 599 -0.4 0.029182 0.0107626
 600 -0.48 0.0283333 0.0107781
 601 -0.44 0.0275541 0.0107883
 602 -0.24 0.0271096 0.0107795
 603 0.04 0.027131 0.0107617
 604 0 0.0270861 0.0107439
 605 -0.12 0.026843 0.0107289
 606 0 0.0267987 0.0107113
 607 -0.16 0.0264909 0.010698
 608 -0.16 0.0261842 0.0106848
 609 -0.24 0.0257471 0.0106762
 610 -0.16 0.0254426 0.0106631
 611 -0.08 0.02527 0.010647
 612 -0.04 0.0251634 0.0106301
 613 -0.04 0.0250571 0.0106133
 614 -0.16 0.0247557 0.0106003
 615 -0.28 0.0242602 0.0105946
 616 -0.28 0.0237662 0.0105889
 617 -0.4 0.0230794 0.010594
 618 -0.28 0.022589 0.0105883
 619 -0.2 0.0222294 0.0105773
 620 -0.32 0.0216774 0.0105746
 621 -0.28 0.0211916 0.0105687
 622 -0.12 0.0209646 0.0105542
 623 -0.08 0.0208026 0.0105384
 624 -0.08 0.020641 0.0105228
 625 0 0.020608 0.010506
 626 0 0.0205751 0.0104892
 627 -0.08 0.0204147 0.0104737
 628 -0.12 0.0201911 0.0104594
 629 -0.08 0.0200318 0.010444
 630 0 0.02 0.0104275
 631 -0.12 0.0197781 0.0104133
 632 -0.08 0.0196203 0.010398
 633 -0.32 0.0190837 0.0103954
 634 -0.4 0.0184227 0.0104
 635 -0.28 0.0179528 0.0103943
 636 -0.16 0.017673 0.0103817
 637 -0.24 0.0172684 0.0103733
 638 -0.36 0.0166771 0.0103739
 639 -0.4 0.016025 0.0103781
 640 -0.24 0.015625 0.0103696
 641 -0.24 0.0152262 0.0103611
 642 -0.2 0.014891 0.0103504
 643 -0.36 0.0143079 0.0103507
 644 -0.4 0.0136646 0.0103546
 645 -0.48 0.0128992 0.0103668
 646 -0.44 0.0121981 0.0103745
 647 -0.32 0.0116847 0.0103712
 648 -0.4 0.0110494 0.0103746
 649 -0.44 0.0103544 0.0103819
 650 -0.04 0.0102769 0.0103662
 651 -0.08 0.0101382 0.0103512
 652 0.04 0.010184 0.0103354
 653 0.2 0.0104747 0.0103237
 654 0 0.0104587 0.0103079
 655 -0.2 0.0101374 0.0102972
 656 -0.28 0.00969512 0.010291
 657 -0.36 0.00913242 0.0102907
 658 -0.16 0.00887538 0.0102782
 659 -0.32 0.00837633 0.0102748
 660 -0.4 0.00775758 0.0102778
 661 -0.32 0.00726172 0.0102742
 662 -0.32 0.00676737 0.0102706
 663 -0.32 0.00627451 0.0102669
 664 -0.4 0.00566265 0.0102697
 665 -0.2 0.00535338 0.0102589
 666 -0.16 0.00510511 0.0102465
 667 0 0.00509745 0.0102311
 668 0.08 0.00520958 0.0102164
 669 0.12 0.00538117 0.0102026
 670 0.24 0.00573134 0.0101934
 671 0.08 0.00584203 0.0101788
 672 -0.32 0.00535714 0.0101752
 673 -0.4 0.00475483 0.0101779
 674 -0.56 0.00391691 0.0101972
 675 -0.56 0.00308148 0.0102163
 676 -0.72 0.00201183 0.0102571
 677 -0.52 0.00124077 0.010271
 678 -0.52 0.000471976 0.0102846
 679 -0.36 -5.89102e-05 0.0102831
 680 -0.36 -0.000588235 0.0102816
 681 -0.28 -0.000998532 0.0102747
 682 -0.12 -0.00117302 0.0102611
 683 0 -0.0011713 0.0102461
 684 0 -0.00116959 0.0102311
 685 0.08 -0.00105109 0.0102168
 686 -0.12 -0.00122449 0.0102034
 687 -0.08 -0.00133916 0.0101892
 688 -0.2 -0.00162791 0.0101785
 689 -0.2 -0.00191582 0.0101678
 690 -0.12 -0.00208696 0.0101545
 691 -0.12 -0.0022576 0.0101412
 692 0 -0.00225434 0.0101265
 693 -0.24 -0.0025974 0.0101177
 694 0 -0.00259366 0.0101031
 695 0.36 -0.00207194 0.0101021
 696 0.16 -0.00183908 0.0100902
 697 0.08 -0.00172166 0.0100764
 698 0.2 -0.00143266 0.0100661
 699 0.2 -0.00114449 0.0100558
 700 0.32 -0.000685714 0.0100519
 701 0.24 -0.000342368 0.0100435
 702 0.2 -5.69801e-05 0.0100332
 703 0 -5.6899e-05 0.0100189
 704 -0.2 -0.000340909 0.0100087
 705 0.04 -0.000283688 0.00999467
 706 0.12 -0.000113314 0.00998196
 707 -0.16 -0.000339463 0.0099704
 708 -0.08 -0.000451977 0.00995694
 709 -0.2 -0.000733427 0.00994687
 710 -0.64 -0.0016338 0.00997357
 711 -0.6 -0.00247539 0.00999503
 712 -0.64 -0.00337079 0.0100211
 713 -0.56 -0.00415147 0.0100374
 714 -0.16 -0.00436975 0.0100257
 715 -0.28 -0.00475524 0.0100191
 716 -0.24 -0.0050838 0.0100105
 717 -0.2 -0.00535565 0.0100002
 718 -0.36 -0.00584958 0.00999849
 719 -0.52 -0.00656467 0.0100101
 720 -0.56 -0.00733333 0.0100257
 721 -0.72 -0.00832178 0.0100605
 722 -0.64 -0.00919668 0.0100846
 723 -0.44 -0.00979253 0.0100882
 724 -0.44 -0.0103867 0.0100918
 725 -0.44 -0.0109793 0.0100953
 726 -0.4 -0.0115152 0.0100956
 727 -0.44 -0.0121045 0.0100989
 728 -0.4 -0.0126374 0.0100991
 729 -0.2 -0.0128944 0.0100885
 730 -0.16 -0.0130959 0.0100767
 731 -0.32 -0.0135157 0.0100717
 732 -0.44 -0.0140984 0.0100747
 733 -0.4 -0.0146248 0.0100748
 734 -0.24 -0.0149319 0.0100657
 735 0.12 -0.0147483 0.0100537
 736 0 -0.0147283 0.01004
 737 0.08 -0.0145997 0.0100272
 738 0.16 -0.0143631 0.0100164
 739 -0.04 -0.0143978 0.0100029
 740 -0.08 -0.0144865 0.00998978
 741 -0.12 -0.0146289 0.00997731
 742 -0.28 -0.0149865 0.00997027
 743 -0.24 -0.0152894 0.00996145
 744 -0.12 -0.0154301 0.00994904
 745 0.2 -0.0151409 0.00993989
 746 0.04 -0.015067 0.00992683
 747 0 -0.0150469 0.00991355
 748 0.2 -0.0147594 0.00990446
 749 0.2 -0.0144726 0.00989539
 750 0.36 -0.0139733 0.00989479
 751 0.48 -0.0133156 0.00990347
 752 0.6 -0.0125 0.00992386
 753 0.4 -0.0119522 0.0099258
 754 0.48 -0.0112997 0.00993408
 755 0.48 -0.010649 0.00994223
 756 0.16 -0.0104233 0.00993164
 757 -0.12 -0.010568 0.00991956
 758 0 -0.0105541 0.00990648
 759 0.12 -0.0103821 0.00989491
 760 0.28 -0.01 0.00988927
 761 0.4 -0.00946124 0.00989095
 762 0.24 -0.00913386 0.00988339
 763 0.2 -0.00885976 0.00987423
 764 0.36 -0.00837696 0.00987311
 765 0.28 -0.008 0.0098674
 766 0.36 -0.00751958 0.00986621
 767 0.52 -0.00683181 0.00987731
 768 0.6 -0.00604167 0.00989604
 769 0.6 -0.00525358 0.00991453
 770 0.52 -0.00457143 0.00992512
 771 0.48 -0.00394293 0.00993214
 772 0.52 -0.00326425 0.00994246
 773 0.4 -0.00274256 0.00994328
 774 0.36 -0.0022739 0.00994148
 775 0.24 -0.00196129 0.00993356
 776 0.08 -0.00185567 0.00992132
 777 -0.16 -0.0020592 0.00991063
 778 -0.04 -0.00210797 0.009898
 779 0.12 -0.00195122 0.00988653
 780 0.08 -0.00184615 0.00987441
 781 0.2 -0.00158771 0.00986514
 782 0.12 -0.00143223 0.00985375
 783 -0.12 -0.00158365 0.00984232
 784 -0.04 -0.00163265 0.00982988
 785 -0.16 -0.00183439 0.00981942
 786 -0.28 -0.0021883 0.0098133
 787 -0.24 -0.00249047 0.00980548
 788 -0.04 -0.00253807 0.00979315
 789 -0.12 -0.00268695 0.00978186
 790 -0.04 -0.00273418 0.00976959
 791 -0.08 -0.00283186 0.00975772
 792 -0.24 -0.00313131 0.00974999
 793 -0.16 -0.00332913 0.00973969
 794 -0.12 -0.00347607 0.00972853
 795 -0.12 -0.00362264 0.00971739
 796 -0.08 -0.00371859 0.00970565
 797 0.04 -0.00366374 0.00969362
 798 -0.16 -0.00385965 0.00968344
 799 0.04 -0.00380476 0.00967147
 800 -0.04 -0.00385 0.00965948
 801 -0.08 -0.00394507 0.00964788
 802 -0.08 -0.0040399 0.00963631
 803 0.08 -0.00393524 0.00962487
 804 -0.04 -0.0039801 0.009613
 805 -0.16 -0.00417391 0.00960301
 806 -0.04 -0.00421836 0.00959119
 807 0 -0.00421314 0.0095793
 808 0.28 -0.00386139 0.0095739
 809 0.28 -0.00351051 0.00956849
 810 0.32 -0.00311111 0.00956501
 811 0.28 -0.00276202 0.00955959
 812 0.28 -0.00241379 0.00955416
 813 0.28 -0.00206642 0.00954872
 814 0.6 -0.00132678 0.00956562
 815 0.72 -0.000441718 0.00959478
 816 0.48 0.000147059 0.00960109
 817 0.52 0.000783354 0.00961042
 818 0.48 0.00136919 0.00961652
 819 0.28 0.0017094 0.0096108
 820 0 0.00170732 0.00959907
 821 0 0.00170524 0.00958737
 822 0.2 0.00194647 0.00957874
 823 0.2 0.00218712 0.00957012
 824 0.2 0.00242718 0.00956151
 825 0.08 0.00252121 0.00955038
 826 -0.04 0.00246973 0.00953895
 827 -0.12 0.00232164 0.00952856
 828 -0.08 0.00222222 0.00951756
 829 0 0.00221954 0.00950607
 830 -0.12 0.00207229 0.00949576
 831 -0.04 0.00202166 0.00948446
 832 0.12 0.00216346 0.00947411
 833 0.12 0.00230492 0.00946379
 834 0.2 0.00254197 0.00945541
 835 0.24 0.00282635 0.00944836
 836 0.12 0.00296651 0.00943809
 837 0.04 0.00301075 0.00942691
 838 -0.12 0.00286396 0.0094168
 839 -0.04 0.00281287 0.00940571
 840 0.04 0.00285714 0.00939461
 841 -0.12 0.00271106 0.00938457
 842 -0.04 0.00266033 0.00937355
 843 -0.2 0.00241993 0.00936551
 844 -0.08 0.00232227 0.00935492
 845 -0.08 0.00222485 0.00934435
 846 -0.28 0.00189125 0.00933926
 847 0.04 0.00193625 0.00932833
 848 -0.12 0.00179245 0.00931843
 849 -0.08 0.00169611 0.00930795
 850 -0.16 0.00150588 0.00929894
 851 -0.12 0.0013631 0.0092891
 852 -0.08 0.00126761 0.00927869
 853 -0.24 0.00098476 0.00927212
 854 -0.16 0.000796253 0.00926317
 855 -0.24 0.00051462 0.00925662
 856 -0.2 0.000280374 0.00924876
 857 0.16 0.000466744 0.00923984
 858 0.12 0.000606061 0.00923012
 859 -0.12 0.000465658 0.00922044
 860 0 0.000465116 0.00920971
 861 0 0.000464576 0.00919901
 862 0.16 0.000649652 0.00919019
 863 0.28 0.000973349 0.00918524
 864 0.36 0.00138889 0.00918401
 865 0.24 0.00166474 0.00917754
 866 0.24 0.00193995 0.00917106
 867 0.2 0.0021684 0.00916333
 868 0.04 0.00221198 0.00915287
 869 -0.16 0.00202532 0.00914423
 870 -0.2 0.0017931 0.00913667
 871 -0.04 0.00174512 0.0091263
 872 0 0.00174312 0.00911583
 873 0.08 0.00183276 0.00910582
 874 0.04 0.00187643 0.0090955
 875 -0.04 0.00182857 0.00908523
 876 0 0.00182648 0.00907485
 877 0 0.0018244 0.0090645
 878 0 0.00182232 0.00905417
 879 -0.28 0.00150171 0.00904954
 880 -0.28 0.00118182 0.00904491
 881 -0.24 0.000908059 0.00903878
 882 -0.28 0.000589569 0.00903415
 883 0 0.000588901 0.00902391
 884 -0.2 0.000361991 0.00901655
 885 -0.4 -9.03955e-05 0.00901771
 886 -0.2 -0.000316027 0.00901035
 887 -0.12 -0.000450958 0.0090012
 888 -0.12 -0.000585586 0.00899207
 889 -0.12 -0.00071991 0.00898295
 890 -0.12 -0.000853933 0.00897385
 891 -0.44 -0.0013468 0.00897731
 892 -0.52 -0.00192825 0.00898608
 893 -0.56 -0.00255319 0.00899774
 894 -0.48 -0.00308725 0.00900352
 895 -0.52 -0.0036648 0.00901198
 896 -0.56 -0.00428571 0.0090233
 897 -0.24 -0.00454849 0.00901707
 898 -0.12 -0.00467706 0.00900794
 899 -0.2 -0.00489433 0.00900054
 900 -0.24 -0.00515556 0.00899433
 901 -0.32 -0.00550499 0.00899113
 902 -0.24 -0.00576497 0.00898492
 903 -0.24 -0.00602436 0.00897871
 904 -0.24 -0.00628319 0.00897251
 905 -0.28 -0.00658564 0.00896769
 906 -0.36 -0.00697572 0.00896627
 907 -0.36 -0.00736494 0.00896484
 908 -0.52 -0.00792952 0.00897274
 909 -0.32 -0.00827283 0.00896943
 910 -0.2 -0.00848352 0.00896205
 911 -0.12 -0.00860593 0.00895304
 912 0 -0.00859649 0.00894323
 913 -0.08 -0.0086747 0.00893377
 914 0.12 -0.00853392 0.0089251
 915 0.36 -0.00813115 0.00892443
 916 0.4 -0.00768559 0.00892581
 917 0.36 -0.00728462 0.00892508
 918 0.44 -0.00679739 0.00892866
 919 0.32 -0.00644178 0.00892602
 920 0.28 -0.00613043 0.00892175
 921 0.24 -0.00586319 0.00891607
 922 0.08 -0.00577007 0.00890688
 923 0.16 -0.00559047 0.00889903
 924 0 -0.00558442 0.0088894
 925 0 -0.00557838 0.00887979
 926 -0.08 -0.00565875 0.00887056
 927 0.16 -0.00548004 0.00886278
 928 0.48 -0.0049569 0.00886867
 929 0.2 -0.00473628 0.00886187
 930 0.16 -0.00455914 0.0088541
 931 0.04 -0.00451128 0.00884472
 932 -0.04 -0.00454936 0.00883531
 933 -0.2 -0.00475884 0.00882832
 934 -0.28 -0.00505353 0.00882378
 935 0 -0.00504813 0.00881434
 936 0.12 -0.00491453 0.00880593
 937 0.16 -0.00473853 0.00879829
 938 0.2 -0.00452026 0.00879161
 939 0.08 -0.00443024 0.00878271
 940 0.12 -0.00429787 0.00877436
 941 -0.04 -0.00433581 0.00876511
 942 -0.2 -0.00454352 0.00875826
 943 -0.04 -0.00458112 0.00874905
 944 0 -0.00457627 0.00873978
 945 0.04 -0.0045291 0.00873066
 946 -0.36 -0.00490486 0.00872951
 947 -0.52 -0.00544879 0.00873724
 948 -0.6 -0.00607595 0.00875052
 949 -0.48 -0.00657534 0.00875555
 950 -0.32 -0.00690526 0.00875255
 951 -0.12 -0.00702419 0.00874415
 952 -0.04 -0.00705882 0.00873503
 953 0.12 -0.0069255 0.00872687
 954 0.2 -0.0067086 0.00872042
 955 -0.08 -0.00678534 0.00871162
 956 -0.04 -0.00682008 0.00870257
 957 -0.04 -0.00685475 0.00869354
 958 0.08 -0.00676409 0.00868494
 959 0.32 -0.00642336 0.00868256
 960 0.08 -0.00633333 0.00867398
 961 0.32 -0.00599376 0.0086716
 962 0.12 -0.00586279 0.00866357
 963 0.16 -0.00569055 0.00865629
 964 0.04 -0.00564315 0.00864743
 965 0 -0.00563731 0.00863847
 966 0.04 -0.00559006 0.00862965
 967 0.12 -0.00546019 0.0086217
 968 0.2 -0.00524793 0.0086154
 969 0.36 -0.004871 0.00861476
 970 0.4 -0.00445361 0.00861599
 971 0.2 -0.00424305 0.00860969
 972 0.24 -0.00399177 0.00860449
 973 0.16 -0.00382323 0.0085973
 974 0.16 -0.00365503 0.00859011
 975 0.36 -0.00328205 0.0085894
 976 0.44 -0.00282787 0.00859261
 977 0.4 -0.00241556 0.00859371
 978 0.32 -0.00208589 0.00859124
 979 0.4 -0.00167518 0.00859228
 980 0.12 -0.00155102 0.00858441
 981 -0.04 -0.00159021 0.00857574
 982 0 -0.00158859 0.00856701
 983 -0.08 -0.00166836 0.00855866
 984 -0.24 -0.00191057 0.00855339
 985 -0.2 -0.00211168 0.00854706
 986 -0.08 -0.00219067 0.00853876
 987 -0.12 -0.00231003 0.00853094
 988 -0.2 -0.00251012 0.00852465
 989 -0.2 -0.00270981 0.00851836
 990 -0.12 -0.00282828 0.00851058
 991 -0.12 -0.00294652 0.00850281
 992 -0.2 -0.00314516 0.00849655
 993 0.04 -0.00310171 0.00848811
 994 0.16 -0.00293763 0.00848115
 995 0.2 -0.00273367 0.00847508
 996 0.24 -0.00248996 0.00847007
 997 0.24 -0.00224674 0.00846506
 998 0.24 -0.00200401 0.00846006
 999 0.04 -0.00196196 0.00845169
 1000 -0.04 -0.002 0.00844332
 1001 -0.08 -0.00207792 0.00843524
 1002 -0.12 -0.00219561 0.00842764
 1003 -0.16 -0.00235294 0.00842071
 1004 -0.24 -0.00258964 0.00841564
 1005 -0.32 -0.00290547 0.0084132
 1006 -0.52 -0.00341948 0.00842053
 1007 -0.2 -0.0036147 0.00841443
 1008 -0.04 -0.00365079 0.00840616
 1009 -0.16 -0.00380575 0.00839925
 1010 -0.2 -0.004 0.00839318
 1011 -0.36 -0.00435213 0.00839226
 1012 -0.24 -0.00458498 0.0083872
 1013 -0.12 -0.00469891 0.00837969
 1014 -0.12 -0.00481262 0.00837219
 1015 0.08 -0.00472906 0.00836436
 1016 -0.04 -0.00476378 0.00835619
 1017 0.12 -0.0046411 0.00834887
 1018 0.32 -0.0043222 0.00834676
 1019 0.36 -0.00396467 0.00834623
 1020 -0.12 -0.00407843 0.00833882
 1021 -0.04 -0.00411361 0.00833072
 1022 0 -0.00410959 0.00832257
 1023 0 -0.00410557 0.00831443
 1024 -0.16 -0.00425781 0.0083077
 1025 -0.04 -0.00429268 0.00829967
 1026 -0.2 -0.00448343 0.00829377
 1027 -0.28 -0.0047517 0.00829003
 1028 -0.16 -0.00490272 0.00828334
 1029 0 -0.00489796 0.00827528
 1030 -0.12 -0.00500971 0.008268
 1031 0.2 -0.00481086 0.00826237
 1032 0 -0.0048062 0.00825436
 1033 -0.24 -0.00503388 0.00824951
 1034 -0.56 -0.0055706 0.00825899
 1035 -0.68 -0.00622222 0.00827669
 1036 -0.68 -0.00687259 0.00829424
 1037 -0.6 -0.00744455 0.00830595
 1038 -0.52 -0.00793834 0.00831263
 1039 -0.52 -0.00843118 0.00831923
 1040 -0.44 -0.00884615 0.00832158
 1041 -0.48 -0.00929875 0.0083259
 1042 -0.44 -0.00971209 0.00832817
 1043 -0.36 -0.0100479 0.00832695
 1044 -0.24 -0.0102682 0.00832189
 1045 -0.24 -0.010488 0.00831683
 1046 -0.32 -0.0107839 0.00831414
 1047 -0.44 -0.0111939 0.0083163
 1048 -0.48 -0.0116412 0.0083204
 1049 -0.48 -0.0120877 0.00832445
 1050 -0.36 -0.012419 0.00832311
 1051 -0.28 -0.0126736 0.00831909
 1052 -0.04 -0.0126996 0.00831121
 1053 0.24 -0.0124596 0.00830679
 1054 0.36 -0.0121063 0.00830642
 1055 0.44 -0.0116777 0.0083096
 1056 0.64 -0.0110606 0.00832463
 1057 0.76 -0.0103311 0.00834868
 1058 0.6 -0.00975425 0.00836072
 1059 0.68 -0.00910293 0.00837817
 1060 0.64 -0.00849057 0.00839263
 1061 0.44 -0.00806786 0.00839537
 1062 0.44 -0.00764595 0.00839807
 1063 0.16 -0.00748824 0.00839164
 1064 -0.04 -0.0075188 0.00838381
 1065 -0.16 -0.00766197 0.00837716
 1066 0 -0.00765478 0.0083693
 1067 -0.16 -0.00779756 0.00836267
 1068 -0.04 -0.00782772 0.00835489
 1069 -0.32 -0.00811974 0.00835218
 1070 -0.28 -0.00837383 0.00834823
 1071 -0.16 -0.00851541 0.00834164
 1072 -0.32 -0.00880597 0.00833892
 1073 -0.32 -0.00909599 0.00833619
 1074 -0.24 -0.00931099 0.0083312
 1075 -0.24 -0.00952558 0.00832621
 1076 -0.32 -0.00981413 0.00832347
 1077 -0.08 -0.00987929 0.00831599
 1078 0.2 -0.0096846 0.00831056
 1079 0.08 -0.00960148 0.00830327
 1080 -0.04 -0.00962963 0.00829562
 1081 -0.2 -0.00980574 0.00828982
 1082 0 -0.00979667 0.00828216
 1083 0.24 -0.00956602 0.00827772
 1084 0.28 -0.00929889 0.00827439
 1085 0.24 -0.00906912 0.00826996
 1086 0.08 -0.00898711 0.00826274
 1087 0.04 -0.00894204 0.00825526
 1088 0.2 -0.00875 0.00824991
 1089 0.28 -0.00848485 0.00824659
 1090 0.08 -0.00840367 0.00823942
 1091 0.16 -0.00824931 0.00823331
 1092 -0.04 -0.00827839 0.00822582
 1093 0.04 -0.00823422 0.00821841
 1094 0.04 -0.00819013 0.00821101
 1095 0.04 -0.00814612 0.00820363
 1096 0.12 -0.0080292 0.00819698
 1097 0.12 -0.00791249 0.00819033
 1098 0.28 -0.00765027 0.00818707
 1099 0.12 -0.00753412 0.00818044
 1100 0.04 -0.00749091 0.00817311
 1101 -0.04 -0.00752044 0.00816574
 1102 0 -0.00751361 0.00815833
 1103 -0.04 -0.00754306 0.00815098
 1104 -0.2 -0.00771739 0.00814546
 1105 -0.2 -0.0078914 0.00813995
 1106 -0.12 -0.00799277 0.00813322
 1107 -0.04 -0.00802168 0.00812592
 1108 -0.28 -0.00826715 0.00812229
 1109 -0.32 -0.00854824 0.00811983
 1110 -0.48 -0.00897297 0.00812362
 1111 -0.4 -0.00932493 0.00812394
 1112 -0.2 -0.0094964 0.00811844
 1113 0 -0.00948787 0.00811114
 1114 -0.16 -0.00962298 0.00810499
 1115 -0.24 -0.0098296 0.00810035
 1116 0 -0.00982079 0.00809309
 1117 0.16 -0.00966876 0.00808727
 1118 0.2 -0.00948122 0.00808221
 1119 0.28 -0.00922252 0.00807913
 1120 0.32 -0.00892857 0.00807726
 1121 0.28 -0.00867083 0.00807417
 1122 0.4 -0.0083066 0.00807519
 1123 0.28 -0.00804987 0.00807208
 1124 0.24 -0.00782918 0.00806791
 1125 0.16 -0.00768 0.00806212
 1126 0.12 -0.00756661 0.00805575
 1127 0.2 -0.00738243 0.00805071
 1128 0.2 -0.00719858 0.00804567
 1129 0.36 -0.00687334 0.00804512
 1130 0.48 -0.00644248 0.00804953
 1131 0.48 -0.00601238 0.00805391
 1132 0.32 -0.00572438 0.00805194
 1133 0.2 -0.00554281 0.00804688
 1134 0.44 -0.00514991 0.00804937
 1135 0.4 -0.00479295 0.0080502
 1136 0.44 -0.00440141 0.00805263
 1137 0.44 -0.00401055 0.00805503
 1138 0.48 -0.00358524 0.00805918
 1139 0.48 -0.00316067 0.00806329
 1140 0.48 -0.00273684 0.00806736
 1141 0.52 -0.0022787 0.00807329
 1142 0.48 -0.00185639 0.00807727
 1143 0.56 -0.00136483 0.00808515
 1144 0.48 -0.000944056 0.00808903
 1145 0.36 -0.000628821 0.00808811
 1146 0.36 -0.000314136 0.00808718
 1147 0.6 0.000209241 0.00809705
 1148 0.44 0.000592334 0.00809906
 1149 0.32 0.000870322 0.00809679
 1150 0.48 0.00128696 0.00810046
 1151 0.32 0.00156386 0.00809816
 1152 0.28 0.00180556 0.00809473
 1153 0.08 0.00187337 0.008088
 1154 0.08 0.00194107 0.00808127
 1155 -0.04 0.00190476 0.00807435
 1156 0.12 0.00200692 0.00806801
 1157 0.08 0.00207433 0.00806131
 1158 0.04 0.00210708 0.00805442
 1159 0.12 0.0022088 0.00804811
 1160 -0.04 0.00217241 0.00804125
 1161 0.04 0.002205 0.00803438
 1162 0.04 0.00223752 0.00802753
 1163 0.16 0.00237317 0.00802177
 1164 0.2 0.00254296 0.00801668
 1165 0.32 0.00281545 0.00801443
 1166 0.24 0.00301887 0.00801013
 1167 0.16 0.00315338 0.0080044
 1168 0.32 0.00342466 0.00800214
 1169 0.36 0.00372968 0.00800111
 1170 0.32 0.004 0.00799884
 1171 0.32 0.00426985 0.00799656
 1172 0.2 0.00443686 0.00799148
 1173 0.28 0.00467178 0.00798812
 1174 0.28 0.0049063 0.00798475
 1175 0.04 0.00493617 0.00797801
 1176 0.04 0.00496599 0.00797128
 1177 0.2 0.00513169 0.00796623
 1178 0.28 0.00536503 0.00796288
 1179 0.24 0.00556404 0.00795862
 1180 0.2 0.00572881 0.00795357
 1181 0.04 0.00575783 0.00794689
 1182 0.08 0.00582064 0.00794041
 1183 -0.24 0.00561285 0.00793642
 1184 -0.32 0.00533784 0.00793448
 1185 -0.44 0.00496203 0.00793668
 1186 -0.52 0.00451939 0.00794233
 1187 -0.44 0.0041449 0.00794447
 1188 -0.36 0.00383838 0.0079437
 1189 -0.32 0.00356602 0.00794168
 1190 -0.28 0.00332773 0.00793858
 1191 -0.12 0.00322418 0.00793259
 1192 -0.32 0.00295302 0.00793057
 1193 -0.32 0.00268231 0.00792854
 1194 -0.36 0.00237856 0.00792772
 1195 -0.12 0.00227615 0.00792175
 1196 0.08 0.00234114 0.00791539
 1197 0.08 0.00240602 0.00790904
 1198 0.12 0.00250417 0.00790304
 1199 0 0.00250209 0.00789645
 1200 0.08 0.00256667 0.00789013
 1201 0.08 0.00263114 0.00788382
 1202 0.04 0.00266223 0.00787732
 1203 0.24 0.00285952 0.00787324
 1204 0.24 0.00305648 0.00786917
 1205 0.16 0.00318672 0.00786371
 1206 0.2 0.00334992 0.00785888
 1207 0.28 0.00357912 0.00785571
 1208 0.28 0.00380795 0.00785254
 1209 0.12 0.00390405 0.00784663
 1210 -0.12 0.00380165 0.00784082
 1211 -0.24 0.00360033 0.00783692
 1212 -0.16 0.00346535 0.00783162
 1213 -0.36 0.0031657 0.00783089
 1214 -0.32 0.00289951 0.00782897
 1215 -0.4 0.0025679 0.00782955
 1216 -0.56 0.00210526 0.00783677
 1217 -0.64 0.00157765 0.00784809
 1218 -0.6 0.00108374 0.00785718
 1219 -0.4 0.000754717 0.00785762
 1220 -0.52 0.000327869 0.00786277
 1221 -0.44 -3.276e-05 0.00786461
 1222 -0.24 -0.000229133 0.00786062
 1223 -0.12 -0.000327065 0.0078548
 1224 0 -0.000326797 0.00784838
 1225 0.08 -0.000261224 0.00784225
 1226 0.24 -6.52529e-05 0.0078383
 1227 0.2 9.77995e-05 0.0078336
 1228 0.04 0.000130293 0.00782729
 1229 0.08 0.000195281 0.00782119
 1230 0.4 0.000520325 0.00782158
 1231 0.44 0.000877335 0.00782338
 1232 0.24 0.00107143 0.00781943
 1233 0.24 0.00126521 0.00781549
 1234 0.12 0.00136143 0.00780975
 1235 0.12 0.00145749 0.00780401
 1236 0.2 0.00161812 0.00779935
 1237 0.28 0.00184317 0.00779629
 1238 0.12 0.00193861 0.00779058
 1239 0 0.00193705 0.00778429
 1240 0.16 0.00206452 0.00777905
 1241 0.24 0.00225624 0.00777514
 1242 0.24 0.00244767 0.00777124
 1243 0.08 0.00251006 0.00776524
 1244 0.12 0.0026045 0.00775957
 1245 0.12 0.0026988 0.0077539
 1246 0 0.00269663 0.00774768
 1247 -0.12 0.00259824 0.00774209
 1248 -0.16 0.00246795 0.00773698
 1249 -0.24 0.00227382 0.00773322
 1250 -0.08 0.002208 0.00772731
 1251 -0.08 0.00214229 0.00772141
 1252 -0.2 0.00198083 0.00771693
 1253 0 0.00197925 0.00771077
 1254 0.08 0.00204147 0.00770487
 1255 0.12 0.00213546 0.0076993
 1256 0.12 0.0022293 0.00769374
 1257 0 0.00222753 0.00768762
 1258 -0.08 0.00216216 0.00768178
 1259 -0.2 0.00200159 0.00767736
 1260 -0.04 0.00196825 0.00767133
 1261 -0.12 0.00187153 0.00766586
 1262 -0.08 0.00180666 0.00766006
 1263 -0.32 0.00155186 0.00765823
 1264 -0.12 0.0014557 0.00765277
 1265 -0.16 0.00132806 0.00764779
 1266 -0.16 0.00120063 0.0076428
 1267 -0.2 0.00104183 0.00763842
 1268 -0.48 0.000662461 0.00764182
 1269 -0.48 0.000283688 0.00764518
 1270 -0.24 9.44882e-05 0.0076415
 1271 -0.24 -9.44138e-05 0.00763782
 1272 -0.2 -0.000251572 0.00763343
 1273 -0.36 -0.000534171 0.00763267
 1274 -0.68 -0.0010675 0.0076453
 1275 -0.56 -0.00150588 0.00765187
 1276 -0.36 -0.00178683 0.00765103
 1277 -0.44 -0.00212999 0.00765274
 1278 -0.44 -0.00247261 0.00765442
 1279 -0.28 -0.0026896 0.00765151
 1280 -0.04 -0.00271875 0.00764558
 1281 -0.12 -0.0028103 0.00764016
 1282 -0.24 -0.00299532 0.00763644
 1283 -0.12 -0.00308652 0.00763103
 1284 -0.2 -0.00323988 0.00762663
 1285 -0.16 -0.00336187 0.00762167
 1286 -0.04 -0.00339036 0.00761579
 1287 -0.04 -0.0034188 0.00760992
 1288 0.16 -0.00329193 0.00760507
 1289 0.2 -0.00313421 0.00760081
 1290 0.2 -0.00297674 0.00759654
 1291 0.44 -0.00263362 0.00759841
 1292 0.52 -0.0022291 0.00760329
 1293 0.52 -0.00182521 0.00760814
 1294 0.44 -0.00148377 0.00760992
 1295 0.32 -0.00123552 0.00760809
 1296 0.56 -0.000802469 0.00761454
 1297 0.6 -0.000339244 0.00762276
 1298 0.48 3.08166e-05 0.00762587
 1299 0.4 0.000338722 0.00762621
 1300 0.48 0.000707692 0.00762927
 1301 0.48 0.0010761 0.0076323
 1302 0.56 0.00150538 0.00763851
 1303 0.48 0.0018726 0.00764148
 1304 0.52 0.00226994 0.00764594
 1305 0.32 0.00251341 0.00764396
 1306 0.56 0.00294028 0.00765003
 1307 0.76 0.00351951 0.00766608
 1308 0.64 0.00400612 0.00767566
 1309 0.64 0.00449198 0.00768517
 1310 0.52 0.0048855 0.00768938
 1311 0.44 0.00521739 0.00769067
 1312 0.48 0.00557927 0.00769332
 1313 0.52 0.00597106 0.00769744
 1314 0.56 0.00639269 0.00770313
 1315 0.6 0.00684411 0.00771049
 1316 0.64 0.00732523 0.00771964
 1317 0.6 0.00777525 0.00772689
 1318 0.32 0.00801214 0.00772466
 1319 0 0.00800607 0.0077188
 1320 -0.24 0.00781818 0.00771524
 1321 -0.4 0.00750946 0.00771558
 1322 -0.36 0.00723147 0.00771475
 1323 -0.24 0.0070446 0.00771118
 1324 -0.08 0.00697885 0.00770564
 1325 -0.36 0.00670189 0.0077048
 1326 -0.32 0.00645551 0.00770293
 1327 -0.04 0.0064205 0.0076972
 1328 -0.04 0.00638554 0.00769148
 1329 -0.08 0.00632054 0.00768596
 1330 -0.12 0.00622556 0.00768077
 1331 -0.28 0.00601052 0.00767801
 1332 -0.32 0.00576577 0.00767615
 1333 -0.44 0.00543136 0.00767767
 1334 -0.68 0.00491754 0.0076891
 1335 -0.6 0.00446442 0.00769669
 1336 -0.48 0.0041018 0.00769947
 1337 -0.44 0.00376963 0.00770088
 1338 -0.36 0.00349776 0.00769992
 1339 -0.04 0.00346527 0.00769424
 1340 0.08 0.00352239 0.0076887
 1341 0.28 0.00372856 0.00768573
 1342 0.36 0.00399404 0.00768459
 1343 0.52 0.00437826 0.00768847
 1344 0.44 0.00470238 0.00768959
 1345 0.52 0.0050855 0.00769341
 1346 0.6 0.00552749 0.00770039
 1347 0.44 0.00585004 0.00770143
 1348 0.4 0.00614243 0.00770126
 1349 0.24 0.00631579 0.00769751
 1350 0.16 0.00642963 0.00769264
 1351 0.04 0.00645448 0.00768699
 1352 0.08 0.00650888 0.00768149
 1353 0 0.00650407 0.00767582
 1354 -0.04 0.00646972 0.00767022
 1355 -0.08 0.0064059 0.00766482
 1356 -0.12 0.00631268 0.00765974
 1357 -0.28 0.00610169 0.007657
 1358 -0.16 0.00597938 0.00765233
 1359 -0.04 0.00594555 0.00764678
 1360 -0.08 0.00588235 0.00764141
 1361 -0.08 0.00581925 0.00763606
 1362 0.04 0.00584435 0.00763049
 1363 0.08 0.00589875 0.00762508
 1364 0.08 0.00595308 0.00761969
 1365 0.2 0.00609524 0.00761543
 1366 0.16 0.00620791 0.00761068
 1367 0.04 0.00623263 0.00760516
 1368 0.08 0.00628655 0.00759979
 1369 0.32 0.0065157 0.00759769
 1370 0.08 0.00656934 0.00759233
 1371 -0.2 0.00641867 0.00758829
 1372 0 0.00641399 0.00758276
 1373 -0.08 0.00635106 0.00757749
 1374 -0.36 0.00608443 0.00757667
 1375 -0.28 0.00587636 0.00757401
 1376 -0.32 0.00563953 0.00757221
 1377 -0.4 0.00534495 0.00757244
 1378 -0.44 0.00502177 0.00757384
 1379 -0.6 0.00458303 0.00758106
 1380 -0.56 0.00417391 0.0075866
 1381 -0.64 0.00370746 0.00759544
 1382 -0.64 0.00324168 0.00760422
 1383 -0.4 0.00295011 0.00760431
 1384 -0.16 0.00283237 0.00759973
 1385 -0.24 0.00265704 0.00759626
 1386 -0.24 0.00248196 0.0075928
 1387 0 0.00248017 0.00758732
 1388 0.08 0.00253602 0.00758206
 1389 0.12 0.00262059 0.00757707
 1390 0 0.00261871 0.00757162
 1391 0 0.00261682 0.00756617
 1392 0 0.00261494 0.00756074
 1393 0.08 0.0026705 0.00755551
 1394 0.24 0.00284075 0.00755201
 1395 -0.12 0.00275269 0.00754711
 1396 -0.36 0.00249284 0.00754617
 1397 -0.12 0.00240515 0.00754128
 1398 0.04 0.00243205 0.00753593
 1399 0.16 0.00254467 0.00753139
 1400 0.16 0.00265714 0.00752684
 1401 0.04 0.0026838 0.00752152
 1402 0.48 0.00302425 0.00752386
 1403 0.48 0.00336422 0.00752617
 1404 0.36 0.00361823 0.0075251
 1405 0.12 0.00370107 0.0075202
 1406 0.12 0.00378378 0.0075153
 1407 -0.16 0.00366738 0.00751086
 1408 -0.24 0.00349432 0.00750752
 1409 0.04 0.00352023 0.00750224
 1410 0.04 0.0035461 0.00749696
 1411 0.04 0.00357193 0.00749169
 1412 0.04 0.00359773 0.00748642
 1413 -0.16 0.00348195 0.00748202
 1414 0.04 0.00350778 0.00747677
 1415 0.16 0.00361837 0.0074723
 1416 0.16 0.00372881 0.00746784
 1417 0.28 0.00392378 0.00746512
 1418 0.16 0.00403385 0.00746066
 1419 0 0.00403101 0.0074554
 1420 0.04 0.00405634 0.00745019
 1421 0.12 0.00413793 0.0074454
 1422 0.04 0.00416315 0.0074402
 1423 -0.12 0.0040759 0.00743548
 1424 0.04 0.00410112 0.0074303
 1425 0.08 0.00415439 0.00742528
 1426 0.16 0.00426367 0.00742087
 1427 0.04 0.00428872 0.00741571
 1428 0 0.00428571 0.00741052
 1429 0.16 0.00439468 0.00740613
 1430 0.08 0.00444755 0.00740114
 1431 0.16 0.00455625 0.00739677
 1432 0.2 0.00469274 0.00739286
 1433 0.08 0.00474529 0.00738788
 1434 0.36 0.00499303 0.00738689
 1435 0.4 0.00526829 0.00738687
 1436 0.44 0.00557103 0.00738793
 1437 0.48 0.00590118 0.00739016
 1438 0.32 0.00611961 0.00738825
 1439 0.48 0.00644892 0.00739046
 1440 0.6 0.00686111 0.00739681
 1441 0.52 0.00721721 0.00740025
 1442 0.44 0.00751734 0.00740121
 1443 0.28 0.00770617 0.00739849
 1444 0.32 0.00792244 0.00739652
 1445 0.2 0.00805536 0.0073926
 1446 0.24 0.00821577 0.00738922
 1447 0.32 0.00843124 0.00738726
 1448 0.32 0.00864641 0.00738529
 1449 0.52 0.00899931 0.00738862
 1450 0.4 0.00926897 0.00738845
 1451 0.44 0.00956582 0.00738932
 1452 0.12 0.00964187 0.00738462
 1453 0.28 0.00982794 0.00738188
 1454 0.36 0.0100688 0.00738074
 1455 0.44 0.0103643 0.00738158
 1456 0.52 0.0107143 0.00738481
 1457 0.64 0.0111462 0.00739236
 1458 0.48 0.0114678 0.00739429
 1459 0.44 0.0117615 0.00739505
 1460 0.48 0.0120822 0.00739694
 1461 0.52 0.0124298 0.00740005
 1462 0.6 0.0128317 0.0074059
 1463 0.48 0.0131511 0.00740772
 1464 0.4 0.0134153 0.00740737
 1465 0.28 0.0135973 0.00740455
 1466 0.32 0.0138063 0.00740245
 1467 0.36 0.0140423 0.00740116
 1468 0.48 0.0143597 0.00740293
 1469 0.32 0.0145677 0.00740081
 1470 0.28 0.0147483 0.00739798
 1471 0.4 0.0150102 0.00739759
 1472 0.48 0.0153261 0.00739931
 1473 0.44 0.0156144 0.0073999
 1474 0.44 0.0159023 0.00740048
 1475 0.16 0.016 0.00739611
 1476 -0.08 0.015935 0.00739138
 1477 -0.08 0.01587 0.00738666
 1478 -0.16 0.015751 0.00738262
 1479 -0.44 0.0154429 0.00738406
 1480 -0.36 0.0151892 0.00738343
 1481 -0.16 0.0150709 0.00737939
 1482 0.08 0.0151147 0.00737454
 1483 0.12 0.0151854 0.0073699
 1484 0.12 0.0152561 0.00736527
 1485 0.04 0.0152727 0.00736033
 1486 0.12 0.0153432 0.00735571
 1487 0.08 0.0153867 0.00735089
 1488 0.08 0.0154301 0.00734608
 1489 0.16 0.0155272 0.00734179
 1490 0.16 0.0156242 0.0073375
 1491 0 0.0156137 0.00733258
 1492 -0.2 0.0154692 0.00732909
 1493 -0.04 0.015432 0.00732427
 1494 -0.04 0.0153949 0.00731946
 1495 -0.16 0.0152776 0.00731551
 1496 -0.04 0.0152406 0.00731071
 1497 -0.2 0.0150969 0.00730724
 1498 -0.16 0.01498 0.0073033
 1499 -0.24 0.0148099 0.0073004
 1500 -0.16 0.0146933 0.00729647
 1501 -0.12 0.0146036 0.00729215
 1502 -0.28 0.0144075 0.00728994
 1503 -0.44 0.0141051 0.00729136
 1504 -0.28 0.0139096 0.00728913
 1505 -0.12 0.0138206 0.00728483
 1506 0 0.0138114 0.00728
 1507 -0.08 0.0137492 0.00727543
 1508 -0.28 0.0135544 0.00727321
 1509 -0.24 0.0133863 0.00727033
 1510 -0.32 0.0131656 0.00726887
 1511 -0.44 0.0128657 0.00727025
 1512 -0.24 0.0126984 0.00726736
 1513 -0.12 0.0126107 0.00726309
 1514 -0.16 0.0124967 0.00725918
 1515 -0.24 0.01233 0.0072563
 1516 0.08 0.0123747 0.00725165
 1517 0.2 0.0124984 0.00724793
 1518 0.32 0.0127009 0.00724598
 1519 0.12 0.0127716 0.00724156
 1520 0.32 0.0129737 0.00723961
 1521 0.28 0.0131492 0.00723698
 1522 0.04 0.0131669 0.00723224
 1523 0.2 0.0132896 0.00722854
 1524 0.12 0.0133596 0.00722413
 1525 0.2 0.013482 0.00722043
 1526 -0.2 0.0133421 0.00721705
 1527 -0.12 0.0132547 0.00721285
 1528 -0.28 0.0130628 0.00721069
 1529 -0.36 0.0128188 0.0072101
 1530 -0.28 0.0126275 0.00720792
 1531 -0.16 0.0125147 0.0072041
 1532 0 0.0125065 0.0071994
 1533 0 0.0124984 0.0071947
 1534 -0.24 0.0123338 0.0071919
 1535 -0.16 0.0122215 0.00718809
 1536 -0.04 0.0121875 0.00718349
 1537 0.04 0.0122056 0.00717883
 1538 0.24 0.0123537 0.00717569
 1539 0.24 0.0125016 0.00717255
 1540 0.32 0.0127013 0.00717068
 1541 0.36 0.0129267 0.00716956
 1542 0.16 0.013022 0.00716555
 1543 0.16 0.0131173 0.00716154
 1544 0.12 0.0131865 0.00715723
 1545 0.2 0.0133074 0.00715362
 1546 0.28 0.0134799 0.00715107
 1547 0.36 0.0137039 0.00714996
 1548 0.08 0.0137468 0.00714547
 1549 0.04 0.0137637 0.00714087
 1550 -0.08 0.0137032 0.00713652
 1551 -0.32 0.0134881 0.00713516
 1552 -0.28 0.013299 0.00713307
 1553 -0.04 0.0132646 0.00712856
 1554 0 0.0132561 0.00712397
 1555 0.08 0.013299 0.00711952
 1556 0.16 0.0133933 0.00711557
 1557 0.16 0.0134875 0.00711162
 1558 0 0.0134788 0.00710706
 1559 0.24 0.0136241 0.00710398
 1560 0.36 0.0138462 0.0071029
 1561 0.36 0.0140679 0.00710181
 1562 0.52 0.0143918 0.00710465
 1563 0.48 0.0146897 0.00710635
 1564 0.36 0.0149105 0.00710524
 1565 0.36 0.015131 0.00710412
 1566 0.28 0.0153001 0.00710159
 1567 0.36 0.0155201 0.00710047
 1568 0.36 0.0157398 0.00709934
 1569 0.44 0.0160102 0.00709996
 1570 0.4 0.0162548 0.00709965
 1571 0.64 0.0166518 0.00710623
 1572 0.72 0.0170992 0.00711579
 1573 0.8 0.0175969 0.00712866
 1574 0.68 0.0180178 0.00713655
 1575 0.44 0.0182857 0.00713705
 1576 0.32 0.0184772 0.00713509
 1577 0.28 0.018643 0.00713249
 1578 0.36 0.0188593 0.00713125
 1579 0.36 0.0190754 0.00713001
 1580 0.36 0.0192911 0.00712876
 1581 0.48 0.0195825 0.00713021
 1582 0.52 0.0198989 0.00713272
 1583 0.4 0.020139 0.00713225
 1584 -0.08 0.0200758 0.00712803
 1585 -0.2 0.0199369 0.00712488
 1586 -0.16 0.0198235 0.00712129
 1587 -0.04 0.0197858 0.0071169
 1588 -0.04 0.0197481 0.00711252
 1589 -0.16 0.019635 0.00710894
 1590 -0.2 0.0194969 0.00710581
 1591 -0.04 0.0194595 0.00710144
 1592 -0.04 0.0194221 0.00709708
 1593 0.24 0.0195606 0.00709397
 1594 0.28 0.019724 0.00709141
 1595 0.08 0.0197618 0.00708706
 1596 0.24 0.0198997 0.00708396
 1597 0.2 0.0200125 0.00708042
 1598 0.24 0.0201502 0.00707733
 1599 0.16 0.0202376 0.00707344
 1600 0.4 0.020475 0.007073
 1601 0.2 0.0205871 0.00706947
 1602 0.16 0.0206742 0.0070656
 1603 -0.04 0.0206363 0.00706129
 1604 0.24 0.0207731 0.00705821
 1605 0.4 0.0210093 0.00705777
 1606 0.32 0.0211955 0.00705583
 1607 0.28 0.0213566 0.00705327
 1608 0.24 0.0214925 0.0070502
 1609 0.16 0.0215786 0.00704634
 1610 0.08 0.0216149 0.00704206
 1611 0.16 0.0217008 0.00703821
 1612 0.2 0.0218114 0.00703471
 1613 0.28 0.0219715 0.00703217
 1614 0.28 0.0221314 0.00702963
 1615 0 0.0221176 0.00702529
 1616 -0.24 0.0219554 0.00702281
 1617 -0.32 0.021744 0.00702165
 1618 -0.28 0.0215575 0.00701979
 1619 -0.36 0.0213218 0.00701941
 1620 -0.16 0.0212099 0.00701597
 1621 -0.12 0.0211228 0.00701218
 1622 -0.32 0.0209125 0.00701101
 1623 -0.24 0.0207517 0.00700853
 1624 -0.32 0.0205419 0.00700736
 1625 -0.32 0.0203323 0.00700618
 1626 -0.24 0.0201722 0.0070037
 1627 -0.24 0.0200123 0.00700122
 1628 -0.04 0.0199754 0.00699702
 1629 0.12 0.0200368 0.00699299
 1630 0.12 0.0200982 0.00698897
 1631 -0.08 0.0200368 0.00698495
 1632 0.08 0.0200735 0.00698076
 1633 0.2 0.0201837 0.00697736
 1634 0 0.0201714 0.0069731
 1635 0.04 0.0201835 0.00696884
 1636 -0.04 0.0201467 0.00696468
 1637 0.16 0.0202321 0.00696095
 1638 0.12 0.020293 0.00695696
 1639 -0.04 0.0202563 0.00695281
 1640 -0.04 0.0202195 0.00694867
 1641 -0.28 0.0200366 0.00694684
 1642 -0.24 0.0198782 0.00694442
 1643 -0.04 0.0198418 0.00694029
 1644 -0.2 0.019708 0.00693735
 1645 -0.44 0.0194286 0.00693876
 1646 -0.4 0.0191738 0.00693923
 1647 -0.4 0.0189192 0.00693968
 1648 -0.32 0.0187136 0.00693852
 1649 -0.08 0.0186537 0.00693457
 1650 0.08 0.0186909 0.00693046
 1651 0 0.0186796 0.00692627
 1652 -0.08 0.0186199 0.00692234
 1653 -0.04 0.0185844 0.00691824
 1654 -0.04 0.018549 0.00691414
 1655 0.2 0.0186586 0.00691084
 1656 0.32 0.0188406 0.00690906
 1657 0.04 0.0188533 0.0069049
 1658 0.24 0.0189867 0.00690202
 1659 0.32 0.0191682 0.00690025
 1660 0.28 0.0193253 0.00689788
 1661 0.24 0.0194582 0.006895
 1662 0.32 0.019639 0.00689323
 1663 0.28 0.0197956 0.00689086
 1664 0.2 0.0199038 0.00688757
 1665 0.28 0.0200601 0.0068852
 1666 0.08 0.020096 0.00688116
 1667 0.28 0.0202519 0.0068788
 1668 0.32 0.0204317 0.00687702
 1669 0.48 0.020707 0.00687842
 1670 0.48 0.020982 0.00687979
 1671 0.44 0.0212328 0.00688025
 1672 0.32 0.0214115 0.00687845
 1673 0.2 0.0215182 0.00687517
 1674 0.24 0.0216487 0.0068723
 1675 0.28 0.021803 0.00686993
 1676 0.28 0.021957 0.00686756
 1677 0.44 0.0222063 0.00686798
 1678 0.24 0.0223361 0.00686512
 1679 0.28 0.0224896 0.00686274
 1680 0.36 0.0226905 0.0068616
 1681 0.32 0.0228673 0.0068598
 1682 0.28 0.0230202 0.00685742
 1683 0.32 0.0231967 0.00685562
 1684 0.44 0.0234442 0.00685601
 1685 0.48 0.0237151 0.0068573
 1686 0.36 0.0239146 0.00685613
 1687 0.28 0.0240664 0.00685375
 1688 0.24 0.0241943 0.00685088
 1689 0.44 0.0244405 0.00685125
 1690 0.12 0.024497 0.00684743
 1691 0.16 0.0245772 0.00684384
 1692 0.12 0.0246336 0.00684003
 1693 0.04 0.0246426 0.006836
 1694 -0.08 0.0245809 0.00683224
 1695 0 0.0245664 0.00682822
 1696 0.08 0.0245991 0.00682427
 1697 0.4 0.0248203 0.00682384
 1698 0.24 0.024947 0.00682099
 1699 0.28 0.0250971 0.00681863
 1700 0.04 0.0251059 0.00681462
 1701 0.04 0.0251146 0.00681062
 1702 0.2 0.0252174 0.0068074
 1703 0.24 0.0253435 0.00680457
 1704 0.24 0.0254695 0.00680174
 1705 0.24 0.0255953 0.00679891
 1706 0.08 0.0256272 0.006795
 1707 0.08 0.0256591 0.00679109
 1708 0.24 0.0257845 0.00678828
 1709 0.24 0.0259099 0.00678546
 1710 0.28 0.0260585 0.00678312
 1711 0.08 0.02609 0.00677923
 1712 -0.16 0.0259813 0.00677614
 1713 -0.04 0.0259428 0.00677229
 1714 0.24 0.0260677 0.00676949
 1715 0.16 0.0261458 0.00676599
 1716 0.08 0.0261772 0.00676212
 1717 0.16 0.0262551 0.00675863
 1718 0.04 0.0262631 0.0067547
 1719 0.16 0.0263409 0.00675122
 1720 0.16 0.0264186 0.00674774
 1721 0.08 0.0264497 0.00674389
 1722 0.24 0.0265738 0.00674111
 1723 0.32 0.0267441 0.00673935
 1724 0.28 0.026891 0.00673704
 1725 0.12 0.0269449 0.00673335
 1726 0.12 0.0269988 0.00672967
 1727 0.16 0.0270759 0.00672621
 1728 0 0.0270602 0.00672233
 1729 0.04 0.0270677 0.00671845
 1730 0.04 0.0270751 0.00671457
 1731 0.04 0.0270826 0.00671069
 1732 0.28 0.0272286 0.00670841
 1733 0.4 0.0274437 0.00670798
 1734 0.48 0.0277047 0.00670919
 1735 0.36 0.0278963 0.00670806
 1736 0.12 0.0279493 0.0067044
 1737 0.36 0.0281405 0.00670327
 1738 0.36 0.0283314 0.00670213
 1739 0.4 0.0285451 0.00670169
 1740 0.48 0.0288046 0.00670286
 1741 0.6 0.0291327 0.00670703
 1742 0.44 0.0293685 0.00670733
 1743 0.32 0.0295353 0.00670556
 1744 0.44 0.0297706 0.00670584
 1745 0.32 0.029937 0.00670406
 1746 0.32 0.0301031 0.00670228
 1747 0.12 0.0301546 0.00669864
 1748 0 0.0301373 0.00669483
 1749 0.24 0.0302573 0.00669208
 1750 0.16 0.0303314 0.00668866
 1751 0.24 0.0304512 0.00668591
 1752 0.32 0.0306164 0.00668414
 1753 0.24 0.0307359 0.00668139
 1754 0.36 0.0309236 0.00668022
 1755 0.2 0.0310199 0.00667711
 1756 0.16 0.0310934 0.00667371
 1757 0.12 0.031144 0.0066701
 1758 0.08 0.0311718 0.00666636
 1759 0.24 0.0312905 0.00666363
 1760 0.16 0.0313636 0.00666024
 1761 0.04 0.0313685 0.00665646
 1762 0.12 0.0314188 0.00665287
 1763 0.4 0.0316279 0.00665239
 1764 0.32 0.0317914 0.00665062
 1765 0.24 0.0319093 0.0066479
 1766 0.04 0.0319139 0.00664414
 1767 -0.2 0.0317827 0.00664167
 1768 -0.08 0.0317195 0.00663822
 1769 -0.04 0.0316789 0.00663459
 1770 0.08 0.0317062 0.00663089
 1771 0.04 0.0317109 0.00662715
 1772 0.12 0.0317607 0.0066236
 1773 0.4 0.0319684 0.00662312
 1774 0.2 0.0320631 0.00662006
 1775 0.44 0.032293 0.00662032
 1776 0.32 0.032455 0.00661857
 1777 0.36 0.0326393 0.00661742
 1778 0.08 0.0326659 0.00661375
 1779 0.16 0.0327375 0.00661041
 1780 0.2 0.0328315 0.00660737
 1781 0.08 0.0328579 0.00660371
 1782 0.28 0.0329966 0.00660146
 1783 0.2 0.0330903 0.00659842
 1784 0.04 0.0330942 0.00659472
 1785 0 0.0330756 0.00659105
 1786 0.08 0.0331019 0.00658741
 1787 0.12 0.0331505 0.00658391
 1788 0.28 0.0332886 0.00658167
 1789 0.12 0.0333371 0.00657817
 1790 0.12 0.0333855 0.00657467
 1791 0 0.0333668 0.00657103
 1792 0.16 0.0334375 0.00656774
 1793 0.24 0.0335527 0.00656509
 1794 0.08 0.0335786 0.00656148
 1795 0.08 0.0336045 0.00655787
 1796 0.24 0.0337194 0.00655523
 1797 -0.12 0.0336338 0.00655214
 1798 0.08 0.0336596 0.00654854
 1799 0.24 0.0337743 0.00654591
 1800 0.28 0.0339111 0.0065437
 1801 0.28 0.0340478 0.00654149
 1802 0.4 0.0342508 0.00654101
 1803 0.36 0.0344315 0.00653988
 1804 0.44 0.0346563 0.00654012
 1805 0.44 0.0348809 0.00654035
 1806 0.4 0.0350831 0.00653985
 1807 0.44 0.0353071 0.00654007
 1808 0.48 0.0355531 0.00654108
 1809 0.44 0.0357767 0.00654129
 1810 0.56 0.0360663 0.00654408
 1811 0.52 0.0363335 0.00654593
 1812 0.48 0.0365784 0.00654689
 1813 0.52 0.036845 0.00654871
 1814 0.08 0.0368688 0.00654514
 1815 0.24 0.0369807 0.00654249
 1816 0.04 0.0369824 0.00653889
 1817 -0.04 0.03694 0.00653543
 1818 -0.12 0.0368537 0.0065324
 1819 -0.08 0.0367894 0.00652913
 1820 -0.12 0.0367033 0.00652611
 1821 -0.12 0.0366172 0.00652309
 1822 -0.24 0.0364654 0.00652128
 1823 -0.28 0.0362918 0.00652001
 1824 -0.24 0.0361404 0.00651819
 1825 -0.32 0.0359452 0.00651754
 1826 -0.32 0.0357503 0.00651689
 1827 -0.32 0.0355556 0.00651623
 1828 -0.24 0.0354048 0.00651441
 1829 -0.12 0.0353198 0.0065114
 1830 -0.16 0.0352131 0.00650872
 1831 -0.12 0.0351283 0.00650571
 1832 -0.24 0.0349782 0.0065039
 1833 -0.08 0.0349154 0.00650065
 1834 -0.28 0.0347437 0.00649937
 1835 -0.08 0.0346812 0.00649613
 1836 0.16 0.0347495 0.00649295
 1837 0.2 0.0348394 0.00649004
 1838 0.12 0.0348857 0.00648667
 1839 -0.08 0.0348233 0.00648344
 1840 0.04 0.0348261 0.00647992
 1841 -0.08 0.0347637 0.0064767
 1842 -0.04 0.0347231 0.00647331
 1843 0.04 0.034726 0.0064698
 1844 -0.12 0.0346421 0.00646683
 1845 -0.08 0.0345799 0.00646362
 1846 -0.2 0.0344529 0.00646137
 1847 -0.24 0.0343043 0.00645958
 1848 -0.32 0.0341126 0.00645893
 1849 -0.4 0.0338778 0.00645971
 1850 -0.2 0.0337514 0.00645745
 1851 -0.12 0.0336683 0.0064545
 1852 -0.12 0.0335853 0.00645154
 1853 -0.08 0.033524 0.00644835
 1854 0 0.0335059 0.0064449
 1855 -0.28 0.0333369 0.00644364
 1856 -0.32 0.0331466 0.00644298
 1857 -0.36 0.0329348 0.00644299
 1858 -0.24 0.0327879 0.0064412
 1859 -0.24 0.0326412 0.0064394
 1860 -0.04 0.0326022 0.00643606
 1861 0.12 0.0326491 0.00643277
 1862 0.16 0.0327175 0.00642968
 1863 0.04 0.0327214 0.00642623
 1864 0.28 0.0328541 0.00642415
 1865 0.36 0.0330295 0.0064231
 1866 0.36 0.0332047 0.00642205
 1867 0.4 0.0334012 0.00642161
 1868 0.28 0.0335332 0.00641953
 1869 0.32 0.0336865 0.00641793
 1870 0.2 0.0337754 0.00641511
 1871 0.16 0.0338429 0.00641203
 1872 0.24 0.033953 0.00640955
 1873 0.36 0.0341271 0.0064085
 1874 0.52 0.0343863 0.00641032
 1875 0.44 0.0346027 0.00641055
 1876 0.36 0.0347761 0.00640948
 1877 0.48 0.0350133 0.00641046
 1878 0.28 0.0351438 0.00640837
 1879 0.4 0.0353379 0.0064079
 1880 0.32 0.0354894 0.00640628
 1881 0.28 0.0356194 0.00640419
 1882 0.4 0.035813 0.00640372
 1883 0.08 0.0358364 0.00640036
 1884 0.04 0.0358386 0.00639696
 1885 0.12 0.0358833 0.00639372
 1886 0.36 0.0360551 0.00639264
 1887 0.16 0.0361208 0.00638959
 1888 0.16 0.0361864 0.00638654
 1889 0.28 0.0363155 0.00638447
 1890 0.28 0.0364444 0.00638239
 1891 0.44 0.0366579 0.00638258
 1892 0.48 0.0368922 0.00638351
 1893 0.32 0.0370417 0.00638189
 1894 0.08 0.0370644 0.00637856
 1895 0.08 0.0370871 0.00637523
 1896 0 0.0370675 0.0063719
 1897 0.08 0.0370901 0.00636858
 1898 -0.08 0.0370285 0.00636552
 1899 0 0.037009 0.0063622
 1900 0 0.0369895 0.00635888
 1901 0.04 0.0369911 0.00635553
 1902 0.08 0.0370137 0.00635223
 1903 0 0.0369942 0.00634892
 1904 0 0.0369748 0.00634562
 1905 0.04 0.0369764 0.00634229
 1906 -0.08 0.036915 0.00633925
 1907 -0.04 0.0368747 0.00633606
 1908 -0.2 0.0367505 0.00633395
 1909 -0.12 0.0366684 0.00633117
 1910 0 0.0366492 0.00632788
 1911 0 0.03663 0.0063246
 1912 0.16 0.0366946 0.00632162
 1913 0.2 0.0367799 0.00631889
 1914 0.12 0.0368234 0.00631574
 1915 0.08 0.036846 0.00631248
 1916 0.08 0.0368685 0.00630922
 1917 -0.08 0.0368075 0.00630622
 1918 -0.44 0.0365589 0.00630784
 1919 -0.4 0.0363314 0.00630865
 1920 -0.4 0.0361042 0.00630946
 1921 -0.52 0.0358147 0.00631281
 1922 -0.32 0.0356296 0.00631224
 1923 -0.16 0.0355278 0.00630978
 1924 -0.04 0.0354886 0.00630662
 1925 0.4 0.0356779 0.00630619
 1926 0.32 0.0358255 0.00630464
 1927 0.36 0.0359938 0.00630362
 1928 0.24 0.0360996 0.00630123
 1929 0.08 0.0361223 0.00629801
 1930 0 0.0361036 0.00629477
 1931 0.12 0.0361471 0.00629166
 1932 0.16 0.0362112 0.00628873
 1933 0 0.0361924 0.0062855
 1934 -0.12 0.0361117 0.00628277
 1935 -0.16 0.0360103 0.00628034
 1936 -0.08 0.0359504 0.00627738
 1937 -0.2 0.0358286 0.00627532
 1938 0.04 0.0358308 0.00627209
 1939 0 0.0358123 0.00626888
 1940 0.12 0.0358557 0.0062658
 1941 0.04 0.0358578 0.00626257
 1942 -0.12 0.0357775 0.00625986
 1943 -0.08 0.035718 0.00625692
 1944 0.12 0.0357613 0.00625385
 1945 0.12 0.0358046 0.00625078
 1946 0.4 0.0359918 0.00625037
 1947 0.28 0.0361171 0.00624842
 1948 0.24 0.0362218 0.00624609
 1949 0.32 0.0363674 0.00624458
 1950 0.2 0.0364513 0.00624194
 1951 0.16 0.0365146 0.00623906
 1952 0.2 0.0365984 0.00623642
 1953 0.12 0.0366411 0.00623338
 1954 -0.08 0.0365814 0.00623047
 1955 -0.36 0.0363785 0.00623059
 1956 -0.4 0.0361554 0.0062314
 1957 -0.44 0.0359121 0.00623296
 1958 -0.36 0.0357099 0.00623306
 1959 -0.16 0.03561 0.00623068
 1960 -0.2 0.0354898 0.00622866
 1961 -0.08 0.0354309 0.00622576
 1962 -0.08 0.0353721 0.00622286
 1963 0.04 0.0353744 0.00621969
 1964 0.16 0.0354379 0.00621685
 1965 0.2 0.0355216 0.00621425
 1966 0.2 0.0356053 0.00621165
 1967 0.04 0.0356075 0.00620849
 1968 0.12 0.0356504 0.00620548
 1969 -0.12 0.0355714 0.00620284
 1970 0.08 0.0355939 0.00619973
 1971 0 0.0355758 0.00619661
 1972 0.2 0.0356592 0.00619403
 1973 0.16 0.0357223 0.00619121
 1974 -0.04 0.0356839 0.00618819
 1975 -0.04 0.0356456 0.00618517
 1976 0 0.0356275 0.00618207
 1977 0.08 0.03565 0.00617898
 1978 0.04 0.0356522 0.00617586
 1979 -0.16 0.0355533 0.00617353
 1980 -0.28 0.0353939 0.00617247
 1981 -0.12 0.0353155 0.00616985
 1982 -0.24 0.0351766 0.0061683
 1983 0.12 0.0352194 0.00616534
 1984 0 0.0352016 0.00616225
 1985 -0.2 0.0350831 0.00616029
 1986 -0.24 0.0349446 0.00615874
 1987 -0.08 0.0348868 0.00615591
 1988 0.12 0.0349296 0.00615297
 1989 0.08 0.0349522 0.00614991
 1990 0.12 0.034995 0.00614697
 1991 0.12 0.0350377 0.00614403
 1992 0.04 0.0350402 0.00614095
 1993 0.08 0.0350627 0.00613791
 1994 0.24 0.0351655 0.00613569
 1995 0.16 0.0352281 0.00613293
 1996 0.08 0.0352505 0.0061299
 1997 -0.36 0.0350526 0.00613002
 1998 -0.28 0.0348949 0.00612898
 1999 -0.16 0.0347974 0.00612669
 2000 0 0.03478 0.00612365
