 1 3.57974 3.57974 0
 2 3.53774 3.55874 0.0209985
 3 3.57599 3.56449 0.0134176
 4 3.39798 3.52286 0.0426937
 5 3.41702 3.5017 0.0392648
 6 3.57408 3.51376 0.0342541
 7 3.5797 3.52318 0.0304443
 8 3.68539 3.54346 0.0332607
 9 3.65447 3.55579 0.0318212
 10 3.54754 3.55497 0.0284736
 11 3.75486 3.57314 0.0315211
 12 3.51524 3.56831 0.0291765
 13 3.73424 3.58108 0.029719
 14 3.58977 3.5817 0.0275214
 15 3.80406 3.59652 0.0296007
 16 3.59289 3.5963 0.0276898
 17 3.47554 3.58919 0.0269625
 18 3.64401 3.59224 0.0256023
 19 3.45208 3.58486 0.025316
 20 3.59601 3.58542 0.0240233
 21 3.6541 3.58869 0.0230836
 22 3.4855 3.584 0.0225036
 23 3.66999 3.58774 0.0218256
 24 3.55413 3.58634 0.0209433
 25 3.52077 3.58371 0.0202586
 26 3.50107 3.58054 0.0197216
 27 3.68358 3.58435 0.0193571
 28 3.46314 3.58002 0.0191487
 29 3.55588 3.57919 0.0184953
 30 3.63238 3.58096 0.0179559
 1 3.57319 3.57319 0
 2 3.52433 3.54876 0.0244338
 3 3.30941 3.46898 0.0810211
 4 3.66603 3.51824 0.0755582
 5 3.55287 3.52517 0.0589355
 6 3.53303 3.52648 0.0481385
 7 3.74452 3.55763 0.0512395
 8 3.6527 3.56951 0.0459384
 9 3.44208 3.55535 0.0429167
 10 3.72768 3.57258 0.0420766
 11 3.58317 3.57355 0.0380719
 12 3.75301 3.5885 0.0378359
 13 3.62391 3.59122 0.0349104
 14 3.51935 3.58609 0.032726
 15 3.49047 3.57972 0.031126
 16 3.55208 3.57799 0.0291669
 17 3.67346 3.5836 0.0279672
 18 3.61028 3.58509 0.0264093
 19 3.63645 3.58779 0.0251265
 20 3.50031 3.58342 0.0242351
 21 3.54836 3.58175 0.0231125
 22 3.77281 3.59043 0.0236864
 23 3.62125 3.59177 0.0226728
 24 3.57722 3.59116 0.021716
 25 3.54514 3.58932 0.0209105
 26 3.6351 3.59108 0.0201671
 27 3.8629 3.60115 0.0218617
 28 3.44991 3.59575 0.021748
 29 3.57729 3.59511 0.0209943
 30 3.46429 3.59075 0.0207459
