 1 -4.92066e-16 -4.92066e-16 0
 2 0 -2.46033e-16 2.46033e-16
 3 0 -1.64022e-16 1.64022e-16
 4 -1.23016e-16 -1.53771e-16 1.16433e-16
 5 -1.23016e-16 -1.4762e-16 9.03982e-17
 6 -1.23016e-16 -1.43519e-16 7.39237e-17
 7 -4.92066e-16 -1.93311e-16 7.98914e-17
 8 -9.84131e-16 -2.92164e-16 1.2066e-16
 9 -4.92066e-16 -3.14375e-16 1.08705e-16
 10 -9.84131e-16 -3.81351e-16 1.18064e-16
 11 -4.92066e-16 -3.91416e-16 1.07267e-16
 12 0 -3.58798e-16 1.0321e-16
 13 0 -3.31198e-16 9.887e-17
 14 0 -3.07541e-16 9.45435e-17
 15 0 -2.87038e-16 9.03716e-17
 16 0 -2.69098e-16 8.64176e-17
 17 2.46033e-16 -2.38797e-16 8.66465e-17
 18 -4.92066e-16 -2.52867e-16 8.2894e-17
 19 -4.92066e-16 -2.65456e-16 7.94141e-17
 20 0 -2.52184e-16 7.6499e-17
 21 0 -2.40175e-16 7.37494e-17
 22 2.46033e-16 -2.18075e-16 7.37085e-17
 23 0 -2.08593e-16 7.10663e-17
 24 2.46033e-16 -1.8965e-16 7.06284e-17
 25 0 -1.82064e-16 6.81678e-17
 26 -4.92066e-16 -1.93987e-16 6.657e-17
 27 0 -1.86803e-16 6.44587e-17
 28 -4.92066e-16 -1.97705e-16 6.30634e-17
 29 0 -1.90888e-16 6.12307e-17
 30 0 -1.84525e-16 5.94957e-17
 31 -4.92066e-16 -1.94445e-16 5.83934e-17
 32 0 -1.88369e-16 5.68647e-17
 33 0 -1.82661e-16 5.54094e-17
 34 -4.92066e-16 -1.91761e-16 5.45199e-17
 35 2.46033e-16 -1.79252e-16 5.43969e-17
 36 0 -1.74273e-16 5.30983e-17
 37 0 -1.69563e-16 5.18576e-17
 38 0 -1.65101e-16 5.06713e-17
 39 2.46033e-16 -1.54559e-16 5.04683e-17
 40 -1.23016e-16 -1.53771e-16 4.91967e-17
 41 0 -1.5002e-16 4.81281e-17
 42 -4.92066e-16 -1.58164e-16 4.76691e-17
 43 0 -1.54486e-16 4.66924e-17
 44 0 -1.50975e-16 4.57538e-17
 45 -1.23016e-16 -1.50353e-16 4.47298e-17
 46 0 -1.47085e-16 4.38685e-17
 47 0 -1.43955e-16 4.30389e-17
 48 2.46033e-16 -1.35831e-16 4.2909e-17
 49 2.46033e-16 -1.28037e-16 4.27406e-17
 50 0 -1.25477e-16 4.19553e-17
 51 -4.92066e-16 -1.32665e-16 4.17479e-17
 52 -4.92066e-16 -1.39576e-16 4.15165e-17
 53 0 -1.36943e-16 4.08107e-17
 54 0 -1.34407e-16 4.01281e-17
 55 0 -1.31963e-16 3.94674e-17
 56 -4.92066e-16 -1.38393e-16 3.92861e-17
 57 0 -1.35965e-16 3.8667e-17
 58 -4.92066e-16 -1.42105e-16 3.84874e-17
 59 -9.84131e-16 -1.56377e-16 4.0432e-17
 60 0 -1.53771e-16 3.98377e-17
 61 0 -1.5125e-16 3.92602e-17
 62 0 -1.4881e-16 3.86988e-17
 63 0 -1.46448e-16 3.81527e-17
 64 -4.92066e-16 -1.51848e-16 3.79382e-17
 65 -4.92066e-16 -1.57082e-16 3.77149e-17
 66 -4.92066e-16 -1.62158e-16 3.74843e-17
 67 -4.92066e-16 -1.67082e-16 3.72475e-17
 68 -4.92066e-16 -1.71861e-16 3.70056e-17
 69 -4.92066e-16 -1.76502e-16 3.67594e-17
 70 0 -1.7398e-16 3.63181e-17
 71 -4.92066e-16 -1.7846e-16 3.60821e-17
 72 0 -1.75982e-16 3.56637e-17
 73 -1.23016e-16 -1.75256e-16 3.51792e-17
 74 0 -1.72888e-16 3.47813e-17
 75 -4.92066e-16 -1.77144e-16 3.45773e-17
 76 -4.92066e-16 -1.81287e-16 3.437e-17
 77 0 -1.78933e-16 3.40023e-17
 78 2.46033e-16 -1.73485e-16 3.40029e-17
 79 -4.92066e-16 -1.77517e-16 3.38111e-17
 80 0 -1.75298e-16 3.34594e-17
 81 0 -1.73134e-16 3.31146e-17
 82 -4.92066e-16 -1.77024e-16 3.29387e-17
 83 -4.92066e-16 -1.80819e-16 3.276e-17
 84 -4.92066e-16 -1.84525e-16 3.25791e-17
 85 2.46033e-16 -1.79459e-16 3.25896e-17
 86 -4.92066e-16 -1.83094e-16 3.24129e-17
 87 0 -1.8099e-16 3.21072e-17
 88 -4.92066e-16 -1.84525e-16 3.19365e-17
 89 -4.92066e-16 -1.8798e-16 3.17641e-17
 90 0 -1.85891e-16 3.14786e-17
 91 0 -1.83849e-16 3.11977e-17
 92 2.46033e-16 -1.79176e-16 3.12085e-17
 93 2.46033e-16 -1.74604e-16 3.12078e-17
 94 -9.84131e-16 -1.83216e-16 3.20527e-17
 95 0 -1.81287e-16 3.17721e-17
 96 0 -1.79399e-16 3.1496e-17
 97 -4.92066e-16 -1.82622e-16 3.13359e-17
 98 0 -1.80759e-16 3.10704e-17
 99 -4.92066e-16 -1.83903e-16 3.09153e-17
 100 -1.23016e-16 -1.83294e-16 3.06106e-17
 101 -9.84131e-16 -1.91224e-16 3.13261e-17
 102 -4.92066e-16 -1.94173e-16 3.11574e-17
 103 0 -1.92288e-16 3.09109e-17
 104 -1.23016e-16 -1.91622e-16 3.06195e-17
 105 0 -1.89797e-16 3.03814e-17
 106 2.46033e-16 -1.85685e-16 3.0373e-17
 107 -1.23016e-16 -1.85099e-16 3.00935e-17
 108 -1.23016e-16 -1.84525e-16 2.98191e-17
 109 -4.92066e-16 -1.87346e-16 2.96787e-17
 110 -4.92066e-16 -1.90116e-16 2.95378e-17
 111 0 -1.88403e-16 2.93206e-17
 112 -1.23016e-16 -1.8782e-16 2.90634e-17
 113 2.46033e-16 -1.8398e-16 2.90598e-17
 114 -1.23016e-16 -1.83446e-16 2.88088e-17
 115 0 -1.8185e-16 2.86017e-17
 116 -4.92066e-16 -1.84525e-16 2.84799e-17
 117 -4.92066e-16 -1.87153e-16 2.83575e-17
 118 -4.92066e-16 -1.89737e-16 2.82346e-17
 119 2.46033e-16 -1.86075e-16 2.82348e-17
 120 -4.92066e-16 -1.88625e-16 2.81144e-17
 121 0 -1.87066e-16 2.79247e-17
 122 2.46033e-16 -1.83516e-16 2.79214e-17
 123 -4.92066e-16 -1.86025e-16 2.78069e-17
 124 -4.92066e-16 -1.88493e-16 2.76919e-17
 125 0 -1.86985e-16 2.75109e-17
 126 0 -1.85501e-16 2.7332e-17
 127 -4.92066e-16 -1.87915e-16 2.72231e-17
 128 -4.92066e-16 -1.90291e-16 2.71139e-17
 129 0 -1.88816e-16 2.69433e-17
 130 0 -1.87363e-16 2.67747e-17
 131 0 -1.85933e-16 2.6608e-17
 132 -4.92066e-16 -1.88252e-16 2.65073e-17
 133 0 -1.86837e-16 2.63453e-17
 134 0 -1.85443e-16 2.61851e-17
 135 2.46033e-16 -1.82247e-16 2.61862e-17
 136 -4.92066e-16 -1.84525e-16 2.60926e-17
 137 0 -1.83178e-16 2.59364e-17
 138 0 -1.8185e-16 2.5782e-17
 139 -9.84131e-16 -1.87622e-16 2.62385e-17
 140 -4.92066e-16 -1.89797e-16 2.6141e-17
 141 1.96826e-15 -1.74491e-16 3.01316e-17
 142 0 -1.73263e-16 2.99439e-17
 143 -9.84131e-16 -1.78933e-16 3.02696e-17
 144 0 -1.7769e-16 3.00844e-17
 145 0 -1.76465e-16 2.99013e-17
 146 0 -1.75256e-16 2.97204e-17
 147 -4.92066e-16 -1.77411e-16 2.95961e-17
 148 -4.92066e-16 -1.79537e-16 2.94722e-17
 149 -4.92066e-16 -1.81635e-16 2.93488e-17
 150 -4.92066e-16 -1.83704e-16 2.92258e-17
 151 0 -1.82488e-16 2.90571e-17
 152 0 -1.81287e-16 2.88903e-17
 153 0 -1.80102e-16 2.87253e-17
 154 0 -1.78933e-16 2.85621e-17
 155 -4.92066e-16 -1.80953e-16 2.8449e-17
 156 0 -1.79793e-16 2.82899e-17
 157 2.46033e-16 -1.77081e-16 2.82397e-17
 158 -4.92066e-16 -1.79075e-16 2.81311e-17
 159 -4.92066e-16 -1.81043e-16 2.80228e-17
 160 -4.92066e-16 -1.82987e-16 2.79149e-17
 161 -4.92066e-16 -1.84907e-16 2.78073e-17
 162 -4.92066e-16 -1.86803e-16 2.77001e-17
 163 -4.92066e-16 -1.88675e-16 2.75933e-17
 164 -4.92066e-16 -1.90525e-16 2.74868e-17
 165 -4.92066e-16 -1.92353e-16 2.73808e-17
 166 0 -1.91194e-16 2.724e-17
 167 -9.84131e-16 -1.95942e-16 2.74896e-17
 168 0 -1.94776e-16 2.73503e-17
 169 0 -1.93623e-16 2.72124e-17
 170 0 -1.92484e-16 2.70758e-17
 171 2.46033e-16 -1.8992e-16 2.70389e-17
 172 -4.92066e-16 -1.91677e-16 2.69386e-17
 173 0 -1.90569e-16 2.68053e-17
 174 -1.23016e-16 -1.90181e-16 2.66537e-17
 175 -9.84131e-16 -1.94717e-16 2.68865e-17
 176 0 -1.93611e-16 2.67561e-17
 177 2.46033e-16 -1.91127e-16 2.67202e-17
 178 -4.92066e-16 -1.92818e-16 2.66234e-17
 179 0 -1.91741e-16 2.64962e-17
 180 -1.23016e-16 -1.91359e-16 2.63513e-17
 181 -4.92066e-16 -1.9302e-16 2.6258e-17
 182 0 -1.9196e-16 2.61348e-17
 183 0 -1.90911e-16 2.60128e-17
 184 0 -1.89873e-16 2.58918e-17
 185 0 -1.88847e-16 2.57719e-17
 186 -1.23016e-16 -1.88493e-16 2.56354e-17
 187 -4.92066e-16 -1.90116e-16 2.55496e-17
 188 0 -1.89105e-16 2.54334e-17
 189 -4.92066e-16 -1.90708e-16 2.53492e-17
 190 -9.84131e-16 -1.94884e-16 2.55589e-17
 191 0 -1.93864e-16 2.54452e-17
 192 0 -1.92854e-16 2.53325e-17
 193 0 -1.91855e-16 2.52207e-17
 194 0 -1.90866e-16 2.51098e-17
 195 0 -1.89887e-16 2.49999e-17
 196 2.46033e-16 -1.87663e-16 2.49713e-17
 197 -4.92066e-16 -1.89208e-16 2.48922e-17
 198 0 -1.88252e-16 2.47846e-17
 199 0 -1.87306e-16 2.46778e-17
 200 2.46033e-16 -1.8514e-16 2.46496e-17
 201 0 -1.84219e-16 2.45439e-17
 202 0 -1.83307e-16 2.44391e-17
 203 0 -1.82404e-16 2.43352e-17
 204 -1.23016e-16 -1.82113e-16 2.42174e-17
 205 0 -1.81224e-16 2.41153e-17
 206 -4.92066e-16 -1.82733e-16 2.40453e-17
 207 -4.92066e-16 -1.84227e-16 2.39755e-17
 208 -1.23016e-16 -1.83933e-16 2.38618e-17
 209 -4.92066e-16 -1.85407e-16 2.37931e-17
 210 2.46033e-16 -1.83353e-16 2.37685e-17
 211 -1.23016e-16 -1.83067e-16 2.36573e-17
 212 0 -1.82204e-16 2.35612e-17
 213 0 -1.81348e-16 2.3466e-17
 214 0 -1.80501e-16 2.33714e-17
 215 0 -1.79661e-16 2.32776e-17
 216 -4.92066e-16 -1.81107e-16 2.32147e-17
 217 0 -1.80273e-16 2.31225e-17
 218 -9.84131e-16 -1.8396e-16 2.33097e-17
 219 -4.92066e-16 -1.85367e-16 2.32457e-17
 220 -4.92066e-16 -1.86761e-16 2.31817e-17
 221 0 -1.85916e-16 2.3092e-17
 222 -4.92066e-16 -1.87295e-16 2.30291e-17
 223 -4.92066e-16 -1.88662e-16 2.29663e-17
 224 -4.92066e-16 -1.90016e-16 2.29036e-17
 225 0 -1.89172e-16 2.28173e-17
 226 -9.84131e-16 -1.92689e-16 2.29868e-17
 227 -9.84131e-16 -1.96176e-16 2.31494e-17
 228 -9.84131e-16 -1.99632e-16 2.33053e-17
 229 -4.92066e-16 -2.00909e-16 2.32384e-17
 230 -4.92066e-16 -2.02175e-16 2.31717e-17
 231 -9.84131e-16 -2.0556e-16 2.33182e-17
 232 0 -2.04674e-16 2.32344e-17
 233 0 -2.03795e-16 2.31511e-17
 234 2.46033e-16 -2.01873e-16 2.3132e-17
 235 -4.92066e-16 -2.03108e-16 2.30664e-17
 236 -4.92066e-16 -2.04332e-16 2.30011e-17
 237 0 -2.0347e-16 2.29201e-17
 238 0 -2.02615e-16 2.28396e-17
 239 -9.84131e-16 -2.05885e-16 2.29777e-17
 240 -9.84131e-16 -2.09128e-16 2.31104e-17
 241 0 -2.0826e-16 2.30306e-17
 242 0 -2.074e-16 2.29514e-17
 243 0 -2.06546e-16 2.28727e-17
 244 0 -2.057e-16 2.27945e-17
 245 -4.92066e-16 -2.06868e-16 2.27313e-17
 246 -4.92066e-16 -2.08028e-16 2.26684e-17
 247 0 -2.07186e-16 2.25921e-17
 248 0 -2.0635e-16 2.25163e-17
 249 0 -2.05521e-16 2.2441e-17
 250 0 -2.04699e-16 2.23662e-17
 251 0 -2.03884e-16 2.22918e-17
 252 -4.92066e-16 -2.05027e-16 2.22326e-17
 253 0 -2.04217e-16 2.21594e-17
 254 -1.23016e-16 -2.03897e-16 2.20743e-17
 255 -4.92066e-16 -2.05027e-16 2.20166e-17
 256 0 -2.04226e-16 2.1945e-17
 257 -4.92066e-16 -2.05346e-16 2.18882e-17
 258 -9.84131e-16 -2.08365e-16 2.20111e-17
 259 0 -2.0756e-16 2.19407e-17
 260 -4.92066e-16 -2.08655e-16 2.18836e-17
 261 0 -2.07855e-16 2.18142e-17
 262 -9.84131e-16 -2.10818e-16 2.19318e-17
 263 0 -2.10017e-16 2.1863e-17
 264 2.46033e-16 -2.08289e-16 2.18484e-17
 265 -4.92066e-16 -2.0936e-16 2.17921e-17
 266 2.46033e-16 -2.07648e-16 2.17775e-17
 267 -4.92066e-16 -2.08713e-16 2.17219e-17
 268 -1.23016e-16 -2.08393e-16 2.1643e-17
 269 0 -2.07619e-16 2.15763e-17
 270 0 -2.0685e-16 2.151e-17
 271 0 -2.06087e-16 2.14441e-17
 272 -1.23016e-16 -2.05781e-16 2.13673e-17
 273 2.46033e-16 -2.04126e-16 2.13531e-17
 274 -1.23016e-16 -2.0383e-16 2.12771e-17
 275 0 -2.03089e-16 2.12125e-17
 276 0 -2.02353e-16 2.11483e-17
 277 -4.92066e-16 -2.03399e-16 2.10978e-17
 278 -9.84131e-16 -2.06207e-16 2.12085e-17
 279 0 -2.05468e-16 2.11453e-17
 280 0 -2.04734e-16 2.10824e-17
 281 0 -2.04006e-16 2.10199e-17
 282 2.46033e-16 -2.0241e-16 2.10059e-17
 283 -9.84131e-16 -2.05172e-16 2.11131e-17
 284 0 -2.0445e-16 2.1051e-17
 285 0 -2.03732e-16 2.09892e-17
 286 0 -2.0302e-16 2.09279e-17
 287 -1.23016e-16 -2.02741e-16 2.08567e-17
 288 2.46033e-16 -2.01183e-16 2.08425e-17
 289 0 -2.00487e-16 2.07819e-17
 290 -4.92066e-16 -2.01492e-16 2.07345e-17
 291 -4.92066e-16 -2.02491e-16 2.06872e-17
 292 0 -2.01797e-16 2.06279e-17
 293 -4.92066e-16 -2.02788e-16 2.05812e-17
 294 -9.84131e-16 -2.05446e-16 2.06826e-17
 295 0 -2.04749e-16 2.06241e-17
 296 -4.92066e-16 -2.0572e-16 2.05772e-17
 297 0 -2.05027e-16 2.05195e-17
 298 0 -2.04339e-16 2.04621e-17
 299 0 -2.03656e-16 2.0405e-17
 300 0 -2.02977e-16 2.03482e-17
 301 0 -2.02303e-16 2.02917e-17
 302 -4.92066e-16 -2.03262e-16 2.02471e-17
 303 0 -2.02591e-16 2.01914e-17
 304 0 -2.01925e-16 2.01359e-17
 305 -4.92066e-16 -2.02876e-16 2.00923e-17
 306 2.46033e-16 -2.01409e-16 2.00802e-17
 307 2.46033e-16 -1.99952e-16 2.00676e-17
 308 0 -1.99303e-16 2.00129e-17
 309 0 -1.98658e-16 1.99585e-17
 310 -4.92066e-16 -1.99604e-16 1.99165e-17
 311 0 -1.98962e-16 1.98627e-17
 312 -4.92066e-16 -1.99902e-16 1.98212e-17
 313 -1.23016e-16 -1.99656e-16 1.97593e-17
 314 2.46033e-16 -1.98237e-16 1.97474e-17
 315 0 -1.97607e-16 1.96946e-17
 316 0 -1.96982e-16 1.96422e-17
 317 0 -1.96361e-16 1.959e-17
 318 -4.92066e-16 -1.9729e-16 1.95504e-17
 319 0 -1.96672e-16 1.94988e-17
 320 -9.84131e-16 -1.99133e-16 1.95929e-17
 321 -9.84131e-16 -2.01578e-16 1.96843e-17
 322 2.46033e-16 -2.00188e-16 1.96723e-17
 323 -1.23016e-16 -1.99949e-16 1.96127e-17
 324 -1.23016e-16 -1.99712e-16 1.95535e-17
 325 0 -1.99097e-16 1.9503e-17
 326 -4.92066e-16 -1.99996e-16 1.94638e-17
 327 -9.84131e-16 -2.02394e-16 1.95518e-17
 328 0 -2.01777e-16 1.95019e-17
 329 -4.92066e-16 -2.02659e-16 1.94625e-17
 330 -9.84131e-16 -2.05027e-16 1.95474e-17
 331 0 -2.04408e-16 1.94981e-17
 332 -4.92066e-16 -2.05274e-16 1.94586e-17
 333 -4.92066e-16 -2.06136e-16 1.94192e-17
 334 -4.92066e-16 -2.06992e-16 1.93799e-17
 335 2.46033e-16 -2.05639e-16 1.93692e-17
 336 -4.92066e-16 -2.06492e-16 1.93303e-17
 337 2.46033e-16 -2.05149e-16 1.93195e-17
 338 -4.92066e-16 -2.05998e-16 1.9281e-17
 339 0 -2.0539e-16 1.92336e-17
 340 0 -2.04786e-16 1.91865e-17
 341 0 -2.04186e-16 1.91396e-17
 342 2.46033e-16 -2.02869e-16 1.91289e-17
 343 2.46033e-16 -2.0156e-16 1.91179e-17
 344 2.46033e-16 -2.00259e-16 1.91066e-17
 345 -9.84131e-16 -2.02531e-16 1.91861e-17
 346 -4.92066e-16 -2.03368e-16 1.91489e-17
 347 0 -2.02782e-16 1.91026e-17
 348 -4.92066e-16 -2.03613e-16 1.90658e-17
 349 -4.92066e-16 -2.0444e-16 1.9029e-17
 350 0 -2.03856e-16 1.89836e-17
 351 2.46033e-16 -2.02574e-16 1.89727e-17
 352 -9.84131e-16 -2.04794e-16 1.90486e-17
 353 0 -2.04214e-16 1.90034e-17
 354 -9.84131e-16 -2.06417e-16 1.90773e-17
 355 0 -2.05836e-16 1.90324e-17
 356 -4.92066e-16 -2.0664e-16 1.89959e-17
 357 0 -2.06061e-16 1.89514e-17
 358 2.46033e-16 -2.04798e-16 1.89406e-17
 359 -4.92066e-16 -2.05598e-16 1.89047e-17
 360 2.46033e-16 -2.04344e-16 1.88938e-17
 361 -4.92066e-16 -2.05141e-16 1.88582e-17
 362 0 -2.04574e-16 1.88146e-17
 363 0 -2.04011e-16 1.87711e-17
 364 2.46033e-16 -2.02774e-16 1.87603e-17
 365 2.46033e-16 -2.01545e-16 1.87492e-17
 366 -4.92066e-16 -2.02338e-16 1.87147e-17
 367 2.46033e-16 -2.01117e-16 1.87036e-17
 368 -4.92066e-16 -2.01907e-16 1.86695e-17
 369 0 -2.0136e-16 1.86268e-17
 370 0 -2.00816e-16 1.85844e-17
 371 -1.23016e-16 -2.00606e-16 1.85354e-17
 372 2.46033e-16 -1.99406e-16 1.85245e-17
 373 -1.23016e-16 -1.99201e-16 1.84759e-17
 374 -1.23016e-16 -1.98997e-16 1.84275e-17
 375 0 -1.98466e-16 1.8386e-17
 376 0 -1.97939e-16 1.83446e-17
 377 -1.23016e-16 -1.9774e-16 1.8297e-17
 378 2.46033e-16 -1.96566e-16 1.82862e-17
 379 -4.92066e-16 -1.97346e-16 1.82546e-17
 380 -1.23016e-16 -1.9715e-16 1.82075e-17
 381 2.46033e-16 -1.95987e-16 1.81969e-17
 382 2.46033e-16 -1.9483e-16 1.8186e-17
 383 2.46033e-16 -1.93679e-16 1.8175e-17
 384 -4.92066e-16 -1.94456e-16 1.81442e-17
 385 0 -1.93951e-16 1.81041e-17
 386 2.46033e-16 -1.92811e-16 1.80931e-17
 387 0 -1.92312e-16 1.80531e-17
 388 2.46033e-16 -1.91183e-16 1.8042e-17
 389 -9.84131e-16 -1.93221e-16 1.81106e-17
 390 0 -1.92726e-16 1.80709e-17
 391 -4.92066e-16 -1.93491e-16 1.80409e-17
 392 0 -1.92998e-16 1.80016e-17
 393 0 -1.92507e-16 1.79624e-17
 394 0 -1.92018e-16 1.79234e-17
 395 0 -1.91532e-16 1.78846e-17
 396 0 -1.91048e-16 1.78459e-17
 397 -9.84131e-16 -1.93046e-16 1.79127e-17
 398 0 -1.92561e-16 1.78742e-17
 399 -4.92066e-16 -1.93311e-16 1.78451e-17
 400 0 -1.92828e-16 1.7807e-17
 401 0 -1.92347e-16 1.77691e-17
 402 -4.92066e-16 -1.93093e-16 1.77405e-17
 403 -4.92066e-16 -1.93835e-16 1.77119e-17
 404 -4.92066e-16 -1.94573e-16 1.76835e-17
 405 -4.92066e-16 -1.95308e-16 1.7655e-17
 406 0 -1.94826e-16 1.76181e-17
 407 2.46033e-16 -1.93743e-16 1.76081e-17
 408 2.46033e-16 -1.92665e-16 1.75979e-17
 409 0 -1.92194e-16 1.75611e-17
 410 -1.23016e-16 -1.92026e-16 1.75191e-17
 411 0 -1.91558e-16 1.74826e-17
 412 0 -1.91093e-16 1.74464e-17
 413 -4.92066e-16 -1.91822e-16 1.74193e-17
 414 0 -1.91359e-16 1.73834e-17
 415 -4.92066e-16 -1.92083e-16 1.73566e-17
 416 -9.84131e-16 -1.93987e-16 1.74191e-17
 417 0 -1.93522e-16 1.73835e-17
 418 0 -1.93059e-16 1.73481e-17
 419 -1.23016e-16 -1.92892e-16 1.73074e-17
 420 -4.92066e-16 -1.93604e-16 1.72809e-17
 421 -4.92066e-16 -1.94313e-16 1.72543e-17
 422 0 -1.93853e-16 1.72196e-17
 423 2.46033e-16 -1.92813e-16 1.72103e-17
 424 -1.23016e-16 -1.92648e-16 1.71704e-17
 425 -4.92066e-16 -1.93353e-16 1.71444e-17
 426 -4.92066e-16 -1.94054e-16 1.71185e-17
 427 -4.92066e-16 -1.94752e-16 1.70926e-17
 428 2.46033e-16 -1.93722e-16 1.70837e-17
 429 2.46033e-16 -1.92697e-16 1.70747e-17
 430 -4.92066e-16 -1.93393e-16 1.70491e-17
 431 -9.84131e-16 -1.95228e-16 1.71082e-17
 432 -9.84131e-16 -1.97054e-16 1.71659e-17
 433 0 -1.96599e-16 1.71323e-17
 434 2.46033e-16 -1.95579e-16 1.71232e-17
 435 2.46033e-16 -1.94564e-16 1.71139e-17
 436 2.46033e-16 -1.93553e-16 1.71045e-17
 437 2.46033e-16 -1.92547e-16 1.70949e-17
 438 0 -1.92108e-16 1.70615e-17
 439 -9.84131e-16 -1.93912e-16 1.71179e-17
 440 -4.92066e-16 -1.9459e-16 1.70924e-17
 441 0 -1.94148e-16 1.70593e-17
 442 -4.92066e-16 -1.94822e-16 1.7034e-17
 443 2.46033e-16 -1.93827e-16 1.70247e-17
 444 -4.92066e-16 -1.94499e-16 1.69995e-17
 445 2.46033e-16 -1.93509e-16 1.69902e-17
 446 0 -1.93075e-16 1.69576e-17
 447 0 -1.92643e-16 1.69251e-17
 448 0 -1.92213e-16 1.68928e-17
 449 -9.84131e-16 -1.93977e-16 1.69471e-17
 450 0 -1.93546e-16 1.69149e-17
 451 -4.92066e-16 -1.94208e-16 1.68903e-17
 452 0 -1.93778e-16 1.68584e-17
 453 -4.92066e-16 -1.94437e-16 1.6834e-17
 454 0 -1.94008e-16 1.68024e-17
 455 0 -1.93582e-16 1.67708e-17
 456 -4.92066e-16 -1.94236e-16 1.67468e-17
 457 2.46033e-16 -1.93273e-16 1.67379e-17
 458 2.46033e-16 -1.92314e-16 1.67288e-17
 459 -4.92066e-16 -1.92967e-16 1.67051e-17
 460 -4.92066e-16 -1.93617e-16 1.66814e-17
 461 -9.84131e-16 -1.95332e-16 1.67333e-17
 462 -4.92066e-16 -1.95974e-16 1.67094e-17
 463 2.46033e-16 -1.9502e-16 1.67006e-17
 464 0 -1.94599e-16 1.66698e-17
 465 0 -1.94181e-16 1.66392e-17
 466 0 -1.93764e-16 1.66087e-17
 467 -9.84131e-16 -1.95456e-16 1.66593e-17
 468 -4.92066e-16 -1.9609e-16 1.66357e-17
 469 -1.23016e-16 -1.95934e-16 1.66009e-17
 470 -4.92066e-16 -1.96565e-16 1.65776e-17
 471 0 -1.96147e-16 1.65476e-17
 472 0 -1.95732e-16 1.65177e-17
 473 -4.92066e-16 -1.96358e-16 1.64947e-17
 474 -4.92066e-16 -1.96982e-16 1.64716e-17
 475 0 -1.96567e-16 1.64422e-17
 476 -1.23016e-16 -1.96413e-16 1.64083e-17
 477 -4.92066e-16 -1.97033e-16 1.63856e-17
 478 2.46033e-16 -1.96106e-16 1.63775e-17
 479 0 -1.95696e-16 1.63484e-17
 480 -1.23016e-16 -1.95545e-16 1.6315e-17
 481 0 -1.95138e-16 1.62862e-17
 482 0 -1.94733e-16 1.62574e-17
 483 -4.92066e-16 -1.95349e-16 1.62354e-17
 484 0 -1.94945e-16 1.62068e-17
 485 0 -1.94543e-16 1.61784e-17
 486 2.46033e-16 -1.93637e-16 1.61705e-17
 487 2.46033e-16 -1.92734e-16 1.61625e-17
 488 -4.92066e-16 -1.93348e-16 1.6141e-17
 489 -4.92066e-16 -1.93958e-16 1.61195e-17
 490 0 -1.93563e-16 1.60914e-17
 491 0 -1.93168e-16 1.60635e-17
 492 0 -1.92776e-16 1.60356e-17
 493 -9.84131e-16 -1.94381e-16 1.60833e-17
 494 0 -1.93987e-16 1.60556e-17
 495 0 -1.93596e-16 1.60279e-17
 496 -4.92066e-16 -1.94197e-16 1.60069e-17
 497 0 -1.93807e-16 1.59794e-17
 498 2.46033e-16 -1.92923e-16 1.59717e-17
 499 0 -1.92537e-16 1.59444e-17
 500 0 -1.92152e-16 1.59171e-17
 501 2.46033e-16 -1.91277e-16 1.59094e-17
 502 0 -1.90896e-16 1.58822e-17
 503 -4.92066e-16 -1.91495e-16 1.58619e-17
 504 0 -1.91115e-16 1.5835e-17
 505 -9.84131e-16 -1.92685e-16 1.58814e-17
 506 -4.92066e-16 -1.93277e-16 1.5861e-17
 507 -1.23016e-16 -1.93138e-16 1.58303e-17
 508 0 -1.92758e-16 1.58037e-17
 509 -4.92066e-16 -1.93346e-16 1.57836e-17
 510 2.46033e-16 -1.92484e-16 1.57761e-17
 511 0 -1.92108e-16 1.57497e-17
 512 0 -1.91733e-16 1.57234e-17
 513 -4.92066e-16 -1.92318e-16 1.57037e-17
 514 0 -1.91944e-16 1.56775e-17
 515 0 -1.91571e-16 1.56515e-17
 516 2.46033e-16 -1.90723e-16 1.56442e-17
 517 2.46033e-16 -1.89878e-16 1.56367e-17
 518 0 -1.89512e-16 1.56108e-17
 519 -1.23016e-16 -1.89384e-16 1.55812e-17
 520 0 -1.89019e-16 1.55555e-17
 521 2.46033e-16 -1.88184e-16 1.5548e-17
 522 -4.92066e-16 -1.88767e-16 1.55291e-17
 523 0 -1.88406e-16 1.55036e-17
 524 0 -1.88046e-16 1.54782e-17
 525 2.46033e-16 -1.87219e-16 1.54708e-17
 526 0 -1.86863e-16 1.54454e-17
 527 2.46033e-16 -1.86042e-16 1.5438e-17
 528 0 -1.8569e-16 1.54127e-17
 529 2.46033e-16 -1.84873e-16 1.54052e-17
 530 2.46033e-16 -1.8406e-16 1.53976e-17
 531 -1.23016e-16 -1.83945e-16 1.5369e-17
 532 0 -1.836e-16 1.5344e-17
 533 0 -1.83255e-16 1.5319e-17
 534 -4.92066e-16 -1.83833e-16 1.53013e-17
 535 -9.84131e-16 -1.85329e-16 1.53457e-17
 536 0 -1.84984e-16 1.5321e-17
 537 -9.84131e-16 -1.86472e-16 1.53646e-17
 538 0 -1.86125e-16 1.534e-17
 539 0 -1.8578e-16 1.53154e-17
 540 -4.92066e-16 -1.86347e-16 1.52975e-17
 541 0 -1.86003e-16 1.52731e-17
 542 -1.23016e-16 -1.85886e-16 1.52453e-17
 543 -4.92066e-16 -1.8645e-16 1.52277e-17
 544 -4.92066e-16 -1.87012e-16 1.521e-17
 545 0 -1.86669e-16 1.5186e-17
 546 0 -1.86327e-16 1.5162e-17
 547 0 -1.85986e-16 1.51381e-17
 548 0 -1.85647e-16 1.51142e-17
 549 0 -1.85309e-16 1.50905e-17
 550 0 -1.84972e-16 1.50668e-17
 551 0 -1.84636e-16 1.50432e-17
 552 -4.92066e-16 -1.85193e-16 1.50262e-17
 553 -1.23016e-16 -1.85081e-16 1.49994e-17
 554 0 -1.84747e-16 1.49761e-17
 555 0 -1.84414e-16 1.49527e-17
 556 0 -1.84082e-16 1.49295e-17
 557 2.46033e-16 -1.8331e-16 1.49227e-17
 558 0 -1.82981e-16 1.48995e-17
 559 0 -1.82654e-16 1.48765e-17
 560 -9.84131e-16 -1.84085e-16 1.49187e-17
 561 0 -1.83757e-16 1.48957e-17
 562 -4.92066e-16 -1.84306e-16 1.48793e-17
 563 0 -1.83978e-16 1.48564e-17
 564 -4.92066e-16 -1.84525e-16 1.48401e-17
 565 -4.92066e-16 -1.85069e-16 1.48238e-17
 566 0 -1.84742e-16 1.48012e-17
 567 -4.92066e-16 -1.85284e-16 1.4785e-17
 568 0 -1.84958e-16 1.47626e-17
 569 -9.84131e-16 -1.86362e-16 1.48034e-17
 570 -9.84131e-16 -1.87762e-16 1.48435e-17
 571 -9.84131e-16 -1.89157e-16 1.4883e-17
 572 0 -1.88826e-16 1.48606e-17
 573 0 -1.88496e-16 1.48383e-17
 574 0 -1.88168e-16 1.48161e-17
 575 0 -1.87841e-16 1.47939e-17
 576 -4.92066e-16 -1.88369e-16 1.47777e-17
 577 -4.92066e-16 -1.88895e-16 1.47614e-17
 578 0 -1.88568e-16 1.47395e-17
 579 -4.92066e-16 -1.89093e-16 1.47234e-17
 580 -4.92066e-16 -1.89615e-16 1.47072e-17
 581 0 -1.89289e-16 1.46855e-17
 582 0 -1.88963e-16 1.46639e-17
 583 2.46033e-16 -1.88217e-16 1.46577e-17
 584 0 -1.87895e-16 1.46361e-17
 585 0 -1.87574e-16 1.46146e-17
 586 -4.92066e-16 -1.88093e-16 1.45989e-17
 587 0 -1.87773e-16 1.45775e-17
 588 2.46033e-16 -1.87035e-16 1.45714e-17
 589 0 -1.86718e-16 1.45501e-17
 590 2.46033e-16 -1.85984e-16 1.45439e-17
 591 0 -1.85669e-16 1.45227e-17
 592 2.46033e-16 -1.8494e-16 1.45165e-17
 593 -4.92066e-16 -1.85458e-16 1.45012e-17
 594 -4.92066e-16 -1.85974e-16 1.4486e-17
 595 -4.92066e-16 -1.86489e-16 1.44708e-17
 596 -4.92066e-16 -1.87001e-16 1.44556e-17
 597 0 -1.86688e-16 1.44348e-17
 598 -4.92066e-16 -1.87199e-16 1.44196e-17
 599 -4.92066e-16 -1.87708e-16 1.44045e-17
 600 0 -1.87395e-16 1.43839e-17
 601 0 -1.87083e-16 1.43633e-17
 602 0 -1.86772e-16 1.43428e-17
 603 -4.92066e-16 -1.87279e-16 1.4328e-17
 604 -4.92066e-16 -1.87783e-16 1.43131e-17
 605 -4.92066e-16 -1.88286e-16 1.42983e-17
 606 -4.92066e-16 -1.88788e-16 1.42835e-17
 607 -4.92066e-16 -1.89287e-16 1.42687e-17
 608 -9.84131e-16 -1.90594e-16 1.43051e-17
 609 0 -1.90282e-16 1.4285e-17
 610 0 -1.8997e-16 1.4265e-17
 611 -4.92066e-16 -1.90464e-16 1.42502e-17
 612 0 -1.90153e-16 1.42303e-17
 613 0 -1.89843e-16 1.42104e-17
 614 -4.92066e-16 -1.90335e-16 1.41958e-17
 615 0 -1.90025e-16 1.41761e-17
 616 0 -1.89717e-16 1.41564e-17
 617 -4.92066e-16 -1.90207e-16 1.41419e-17
 618 -1.23016e-16 -1.90098e-16 1.41195e-17
 619 0 -1.89791e-16 1.41e-17
 620 0 -1.89485e-16 1.40805e-17
 621 -4.92066e-16 -1.89972e-16 1.40663e-17
 622 2.46033e-16 -1.89271e-16 1.40611e-17
 623 -1.23016e-16 -1.89165e-16 1.40389e-17
 624 2.46033e-16 -1.88467e-16 1.40338e-17
 625 2.46033e-16 -1.87772e-16 1.40285e-17
 626 -4.92066e-16 -1.88258e-16 1.40145e-17
 627 -4.92066e-16 -1.88743e-16 1.40006e-17
 628 2.46033e-16 -1.88051e-16 1.39954e-17
 629 2.46033e-16 -1.8736e-16 1.39901e-17
 630 0 -1.87063e-16 1.39711e-17
 631 0 -1.86767e-16 1.39521e-17
 632 0 -1.86471e-16 1.39331e-17
 633 0 -1.86176e-16 1.39142e-17
 634 -4.92066e-16 -1.86659e-16 1.39006e-17
 635 -4.92066e-16 -1.8714e-16 1.3887e-17
 636 0 -1.86846e-16 1.38683e-17
 637 0 -1.86552e-16 1.38496e-17
 638 -9.84131e-16 -1.87802e-16 1.38843e-17
 639 -9.84131e-16 -1.89049e-16 1.39185e-17
 640 -4.92066e-16 -1.89522e-16 1.39048e-17
 641 0 -1.89226e-16 1.38862e-17
 642 0 -1.88932e-16 1.38677e-17
 643 -9.84131e-16 -1.90168e-16 1.39012e-17
 644 -9.84131e-16 -1.91401e-16 1.39343e-17
 645 2.46033e-16 -1.90723e-16 1.39292e-17
 646 -1.23016e-16 -1.90618e-16 1.3908e-17
 647 -4.92066e-16 -1.91084e-16 1.38943e-17
 648 0 -1.90789e-16 1.3876e-17
 649 -4.92066e-16 -1.91254e-16 1.38623e-17
 650 -1.23016e-16 -1.91149e-16 1.38414e-17
 651 -4.92066e-16 -1.91611e-16 1.38278e-17
 652 0 -1.91317e-16 1.38097e-17
 653 -1.23016e-16 -1.91212e-16 1.3789e-17
 654 0 -1.9092e-16 1.3771e-17
 655 2.46033e-16 -1.90253e-16 1.37661e-17
 656 -4.92066e-16 -1.90713e-16 1.37528e-17
 657 0 -1.90423e-16 1.37349e-17
 658 -4.92066e-16 -1.90881e-16 1.37217e-17
 659 2.46033e-16 -1.90218e-16 1.37169e-17
 660 -1.23016e-16 -1.90116e-16 1.36965e-17
 661 0 -1.89829e-16 1.36788e-17
 662 2.46033e-16 -1.8917e-16 1.36739e-17
 663 0 -1.88885e-16 1.36563e-17
 664 -4.92066e-16 -1.89342e-16 1.36433e-17
 665 2.46033e-16 -1.88687e-16 1.36385e-17
 666 -9.84131e-16 -1.89881e-16 1.36703e-17
 667 -9.84131e-16 -1.91072e-16 1.37016e-17
 668 -4.92066e-16 -1.91523e-16 1.36885e-17
 669 0 -1.91236e-16 1.36711e-17
 670 0 -1.90951e-16 1.36536e-17
 671 -4.92066e-16 -1.914e-16 1.36406e-17
 672 0 -1.91115e-16 1.36233e-17
 673 -4.92066e-16 -1.91562e-16 1.36104e-17
 674 0 -1.91278e-16 1.35932e-17
 675 0 -1.90994e-16 1.3576e-17
 676 0 -1.90712e-16 1.35588e-17
 677 2.46033e-16 -1.90067e-16 1.35541e-17
 678 -9.84131e-16 -1.91238e-16 1.35847e-17
 679 0 -1.90956e-16 1.35676e-17
 680 2.46033e-16 -1.90314e-16 1.35629e-17
 681 -4.92066e-16 -1.90757e-16 1.35502e-17
 682 0 -1.90477e-16 1.35332e-17
 683 -4.92066e-16 -1.90919e-16 1.35206e-17
 684 0 -1.90639e-16 1.35037e-17
 685 -1.23016e-16 -1.90541e-16 1.34843e-17
 686 0 -1.90263e-16 1.34675e-17
 687 -4.92066e-16 -1.90702e-16 1.34551e-17
 688 -4.92066e-16 -1.9114e-16 1.34426e-17
 689 2.46033e-16 -1.90506e-16 1.34381e-17
 690 0 -1.9023e-16 1.34214e-17
 691 -4.92066e-16 -1.90667e-16 1.34091e-17
 692 -9.84131e-16 -1.91813e-16 1.34387e-17
 693 -9.84131e-16 -1.92956e-16 1.3468e-17
 694 0 -1.92678e-16 1.34514e-17
 695 0 -1.92401e-16 1.34349e-17
 696 -4.92066e-16 -1.92832e-16 1.34225e-17
 697 -4.92066e-16 -1.93261e-16 1.34101e-17
 698 0 -1.92984e-16 1.33937e-17
 699 0 -1.92708e-16 1.33774e-17
 700 0 -1.92433e-16 1.33611e-17
 701 0 -1.92158e-16 1.33449e-17
 702 -4.92066e-16 -1.92586e-16 1.33327e-17
 703 2.46033e-16 -1.91962e-16 1.33283e-17
 704 2.46033e-16 -1.91339e-16 1.33239e-17
 705 -1.23016e-16 -1.91243e-16 1.33053e-17
 706 0 -1.90972e-16 1.32892e-17
 707 -9.84131e-16 -1.92094e-16 1.33178e-17
 708 0 -1.91822e-16 1.33017e-17
 709 0 -1.91552e-16 1.32857e-17
 710 0 -1.91282e-16 1.32697e-17
 711 2.46033e-16 -1.90667e-16 1.32653e-17
 712 -1.23016e-16 -1.90572e-16 1.3247e-17
 713 2.46033e-16 -1.89959e-16 1.32426e-17
 714 -1.23016e-16 -1.89866e-16 1.32243e-17
 715 -1.23016e-16 -1.89772e-16 1.32062e-17
 716 2.46033e-16 -1.89163e-16 1.32018e-17
 717 0 -1.889e-16 1.3186e-17
 718 -4.92066e-16 -1.89322e-16 1.31744e-17
 719 0 -1.89059e-16 1.31587e-17
 720 -4.92066e-16 -1.89479e-16 1.31471e-17
 721 -4.92066e-16 -1.89899e-16 1.31356e-17
 722 -4.92066e-16 -1.90318e-16 1.3124e-17
 723 -9.84131e-16 -1.91416e-16 1.31518e-17
 724 0 -1.91151e-16 1.31363e-17
 725 -1.23016e-16 -1.91057e-16 1.31185e-17
 726 -4.92066e-16 -1.91472e-16 1.31069e-17
 727 -4.92066e-16 -1.91885e-16 1.30954e-17
 728 2.46033e-16 -1.91284e-16 1.30913e-17
 729 -4.92066e-16 -1.91696e-16 1.30798e-17
 730 0 -1.91434e-16 1.30645e-17
 731 -4.92066e-16 -1.91845e-16 1.30531e-17
 732 0 -1.91583e-16 1.30379e-17
 733 2.46033e-16 -1.90986e-16 1.30338e-17
 734 0 -1.90726e-16 1.30186e-17
 735 -4.92066e-16 -1.91136e-16 1.30073e-17
 736 0 -1.90876e-16 1.29923e-17
 737 0 -1.90617e-16 1.29772e-17
 738 -9.84131e-16 -1.91692e-16 1.30041e-17
 739 -4.92066e-16 -1.92099e-16 1.29929e-17
 740 -1.23016e-16 -1.92005e-16 1.29756e-17
 741 2.46033e-16 -1.91414e-16 1.29716e-17
 742 -1.23016e-16 -1.91322e-16 1.29544e-17
 743 -1.23016e-16 -1.9123e-16 1.29373e-17
 744 -4.92066e-16 -1.91634e-16 1.29262e-17
 745 0 -1.91377e-16 1.29114e-17
 746 -4.92066e-16 -1.9178e-16 1.29004e-17
 747 -9.84131e-16 -1.92841e-16 1.29267e-17
 748 0 -1.92583e-16 1.2912e-17
 749 -1.23016e-16 -1.9249e-16 1.28951e-17
 750 0 -1.92234e-16 1.28804e-17
 751 0 -1.91978e-16 1.28658e-17
 752 -4.92066e-16 -1.92377e-16 1.28549e-17
 753 -4.92066e-16 -1.92775e-16 1.2844e-17
 754 0 -1.92519e-16 1.28295e-17
 755 0 -1.92264e-16 1.2815e-17
 756 0 -1.9201e-16 1.28006e-17
 757 -9.84131e-16 -1.93056e-16 1.28264e-17
 758 2.46033e-16 -1.92477e-16 1.28226e-17
 759 -4.92066e-16 -1.92872e-16 1.28118e-17
 760 0 -1.92618e-16 1.27974e-17
 761 0 -1.92365e-16 1.27831e-17
 762 0 -1.92112e-16 1.27688e-17
 763 0 -1.9186e-16 1.27545e-17
 764 -1.23016e-16 -1.9177e-16 1.27381e-17
 765 0 -1.9152e-16 1.2724e-17
 766 -4.92066e-16 -1.91912e-16 1.27134e-17
 767 2.46033e-16 -1.91341e-16 1.27096e-17
 768 0 -1.91092e-16 1.26955e-17
 769 -1.23016e-16 -1.91003e-16 1.26793e-17
 770 2.46033e-16 -1.90436e-16 1.26755e-17
 771 0 -1.90189e-16 1.26615e-17
 772 -9.84131e-16 -1.91217e-16 1.26868e-17
 773 0 -1.9097e-16 1.26728e-17
 774 0 -1.90723e-16 1.26589e-17
 775 -4.92066e-16 -1.91112e-16 1.26485e-17
 776 2.46033e-16 -1.90549e-16 1.26447e-17
 777 -1.23016e-16 -1.90462e-16 1.26287e-17
 778 0 -1.90217e-16 1.26149e-17
 779 -1.23016e-16 -1.90131e-16 1.2599e-17
 780 0 -1.89887e-16 1.25852e-17
 781 0 -1.89644e-16 1.25714e-17
 782 -4.92066e-16 -1.9003e-16 1.25613e-17
 783 -4.92066e-16 -1.90416e-16 1.25511e-17
 784 0 -1.90173e-16 1.25375e-17
 785 -4.92066e-16 -1.90558e-16 1.25274e-17
 786 -4.92066e-16 -1.90941e-16 1.25173e-17
 787 0 -1.90699e-16 1.25038e-17
 788 0 -1.90457e-16 1.24902e-17
 789 0 -1.90215e-16 1.24767e-17
 790 2.46033e-16 -1.89663e-16 1.24732e-17
 791 0 -1.89423e-16 1.24597e-17
 792 -4.92066e-16 -1.89806e-16 1.24498e-17
 793 0 -1.89566e-16 1.24364e-17
 794 -4.92066e-16 -1.89947e-16 1.24266e-17
 795 0 -1.89708e-16 1.24132e-17
 796 0 -1.8947e-16 1.23999e-17
 797 2.46033e-16 -1.88924e-16 1.23964e-17
 798 -1.23016e-16 -1.88841e-16 1.23811e-17
 799 0 -1.88605e-16 1.23679e-17
 800 0 -1.88369e-16 1.23547e-17
 801 0 -1.88134e-16 1.23415e-17
 802 -4.92066e-16 -1.88513e-16 1.23319e-17
 803 2.46033e-16 -1.87972e-16 1.23284e-17
 804 0 -1.87738e-16 1.23153e-17
 805 -4.92066e-16 -1.88116e-16 1.23058e-17
 806 0 -1.87882e-16 1.22927e-17
 807 0 -1.8765e-16 1.22797e-17
 808 0 -1.87417e-16 1.22667e-17
 809 -9.84131e-16 -1.88402e-16 1.2291e-17
 810 0 -1.8817e-16 1.2278e-17
 811 0 -1.87938e-16 1.22651e-17
 812 2.46033e-16 -1.87403e-16 1.22616e-17
 813 2.46033e-16 -1.8687e-16 1.22581e-17
 814 0 -1.8664e-16 1.22452e-17
 815 0 -1.86411e-16 1.22323e-17
 816 0 -1.86183e-16 1.22195e-17
 817 0 -1.85955e-16 1.22066e-17
 818 2.46033e-16 -1.85427e-16 1.22031e-17
 819 2.46033e-16 -1.849e-16 1.21996e-17
 820 0 -1.84675e-16 1.21868e-17
 821 2.46033e-16 -1.8415e-16 1.21832e-17
 822 0 -1.83926e-16 1.21705e-17
 823 -4.92066e-16 -1.843e-16 1.21614e-17
 824 0 -1.84077e-16 1.21487e-17
 825 0 -1.83854e-16 1.21361e-17
 826 2.46033e-16 -1.83333e-16 1.21325e-17
 827 0 -1.83111e-16 1.21199e-17
 828 -4.92066e-16 -1.83485e-16 1.2111e-17
 829 -4.92066e-16 -1.83857e-16 1.21021e-17
 830 2.46033e-16 -1.83339e-16 1.20986e-17
 831 0 -1.83118e-16 1.2086e-17
 832 -4.92066e-16 -1.8349e-16 1.20772e-17
 833 0 -1.83269e-16 1.20647e-17
 834 0 -1.8305e-16 1.20522e-17
 835 -4.92066e-16 -1.8342e-16 1.20435e-17
 836 -9.84131e-16 -1.84377e-16 1.20671e-17
 837 0 -1.84157e-16 1.20547e-17
 838 2.46033e-16 -1.83644e-16 1.20513e-17
 839 -1.23016e-16 -1.83572e-16 1.20371e-17
 840 2.46033e-16 -1.8306e-16 1.20336e-17
 841 0 -1.82842e-16 1.20213e-17
 842 0 -1.82625e-16 1.2009e-17
 843 0 -1.82409e-16 1.19967e-17
 844 -4.92066e-16 -1.82776e-16 1.19881e-17
 845 -4.92066e-16 -1.83142e-16 1.19795e-17
 846 -4.92066e-16 -1.83507e-16 1.19709e-17
 847 -4.92066e-16 -1.83871e-16 1.19623e-17
 848 0 -1.83654e-16 1.19501e-17
 849 -4.92066e-16 -1.84017e-16 1.19416e-17
 850 0 -1.83801e-16 1.19295e-17
 851 2.46033e-16 -1.83296e-16 1.19262e-17
 852 2.46033e-16 -1.82792e-16 1.19228e-17
 853 0 -1.82578e-16 1.19107e-17
 854 0 -1.82364e-16 1.18987e-17
 855 -4.92066e-16 -1.82726e-16 1.18903e-17
 856 0 -1.82513e-16 1.18783e-17
 857 0 -1.823e-16 1.18664e-17
 858 -4.92066e-16 -1.82661e-16 1.1858e-17
 859 0 -1.82448e-16 1.18461e-17
 860 0 -1.82236e-16 1.18342e-17
 861 0 -1.82024e-16 1.18224e-17
 862 -4.92066e-16 -1.82384e-16 1.18141e-17
 863 0 -1.82173e-16 1.18023e-17
 864 -4.92066e-16 -1.82531e-16 1.17941e-17
 865 2.46033e-16 -1.82036e-16 1.17909e-17
 866 0 -1.81826e-16 1.17791e-17
 867 0 -1.81616e-16 1.17674e-17
 868 2.46033e-16 -1.81123e-16 1.17642e-17
 869 0 -1.80915e-16 1.17525e-17
 870 2.46033e-16 -1.80424e-16 1.17492e-17
 871 2.46033e-16 -1.79934e-16 1.17459e-17
 872 0 -1.79728e-16 1.17343e-17
 873 0 -1.79522e-16 1.17226e-17
 874 -4.92066e-16 -1.7988e-16 1.17147e-17
 875 0 -1.79674e-16 1.17031e-17
 876 0 -1.79469e-16 1.16915e-17
 877 0 -1.79264e-16 1.168e-17
 878 -4.92066e-16 -1.79621e-16 1.16721e-17
 879 0 -1.79416e-16 1.16606e-17
 880 -1.23016e-16 -1.79352e-16 1.16475e-17
 881 2.46033e-16 -1.78869e-16 1.16443e-17
 882 -1.23016e-16 -1.78806e-16 1.16313e-17
 883 -1.23016e-16 -1.78743e-16 1.16183e-17
 884 2.46033e-16 -1.78262e-16 1.1615e-17
 885 2.46033e-16 -1.77783e-16 1.16118e-17
 886 0 -1.77582e-16 1.16004e-17
 887 2.46033e-16 -1.77105e-16 1.15972e-17
 888 2.46033e-16 -1.76628e-16 1.15939e-17
 889 0 -1.7643e-16 1.15826e-17
 890 -4.92066e-16 -1.76784e-16 1.1575e-17
 891 -9.84131e-16 -1.7769e-16 1.15974e-17
 892 0 -1.77491e-16 1.15861e-17
 893 -4.92066e-16 -1.77843e-16 1.15785e-17
 894 -4.92066e-16 -1.78195e-16 1.15709e-17
 895 2.46033e-16 -1.77721e-16 1.15677e-17
 896 0 -1.77523e-16 1.15565e-17
 897 2.46033e-16 -1.7705e-16 1.15532e-17
 898 -4.92066e-16 -1.77401e-16 1.15457e-17
 899 -9.84131e-16 -1.78299e-16 1.15677e-17
 900 -9.84131e-16 -1.79194e-16 1.15895e-17
 901 -4.92066e-16 -1.79541e-16 1.15818e-17
 902 -4.92066e-16 -1.79888e-16 1.15742e-17
 903 0 -1.79688e-16 1.1563e-17
 904 -4.92066e-16 -1.80034e-16 1.15554e-17
 905 2.46033e-16 -1.79563e-16 1.15522e-17
 906 -1.23016e-16 -1.79501e-16 1.15396e-17
 907 0 -1.79303e-16 1.15286e-17
 908 0 -1.79105e-16 1.15176e-17
 909 2.46033e-16 -1.78638e-16 1.15144e-17
 910 -1.23016e-16 -1.78577e-16 1.15019e-17
 911 2.46033e-16 -1.7811e-16 1.14987e-17
 912 -1.23016e-16 -1.7805e-16 1.14863e-17
 913 0 -1.77855e-16 1.14754e-17
 914 0 -1.7766e-16 1.14645e-17
 915 2.46033e-16 -1.77197e-16 1.14613e-17
 916 0 -1.77004e-16 1.14504e-17
 917 -9.84131e-16 -1.77884e-16 1.14717e-17
 918 0 -1.7769e-16 1.14608e-17
 919 0 -1.77497e-16 1.145e-17
 920 0 -1.77304e-16 1.14392e-17
 921 -1.23016e-16 -1.77245e-16 1.14269e-17
 922 -4.92066e-16 -1.77587e-16 1.14196e-17
 923 0 -1.77394e-16 1.14088e-17
 924 0 -1.77202e-16 1.13981e-17
 925 0 -1.77011e-16 1.13874e-17
 926 0 -1.76819e-16 1.13767e-17
 927 0 -1.76629e-16 1.1366e-17
 928 0 -1.76438e-16 1.13554e-17
 929 -1.23016e-16 -1.76381e-16 1.13433e-17
 930 -1.23016e-16 -1.76324e-16 1.13312e-17
 931 -4.92066e-16 -1.76663e-16 1.13241e-17
 932 2.46033e-16 -1.76209e-16 1.1321e-17
 933 -1.23016e-16 -1.76152e-16 1.13091e-17
 934 0 -1.75964e-16 1.12985e-17
 935 0 -1.75775e-16 1.1288e-17
 936 0 -1.75588e-16 1.12775e-17
 937 0 -1.754e-16 1.1267e-17
 938 -4.92066e-16 -1.75738e-16 1.126e-17
 939 -4.92066e-16 -1.76075e-16 1.12531e-17
 940 0 -1.75887e-16 1.12427e-17
 941 2.46033e-16 -1.75439e-16 1.12397e-17
 942 0 -1.75253e-16 1.12293e-17
 943 0 -1.75067e-16 1.12189e-17
 944 2.46033e-16 -1.74621e-16 1.12159e-17
 945 0 -1.74436e-16 1.12055e-17
 946 -9.84131e-16 -1.75292e-16 1.12264e-17
 947 0 -1.75107e-16 1.1216e-17
 948 -1.23016e-16 -1.75052e-16 1.12043e-17
 949 0 -1.74867e-16 1.1194e-17
 950 -4.92066e-16 -1.75201e-16 1.11872e-17
 951 0 -1.75017e-16 1.1177e-17
 952 0 -1.74833e-16 1.11667e-17
 953 0 -1.7465e-16 1.11565e-17
 954 -4.92066e-16 -1.74982e-16 1.11498e-17
 955 0 -1.74799e-16 1.11396e-17
 956 2.46033e-16 -1.74359e-16 1.11367e-17
 957 0 -1.74177e-16 1.11265e-17
 958 0 -1.73995e-16 1.11164e-17
 959 0 -1.73814e-16 1.11063e-17
 960 0 -1.73633e-16 1.10962e-17
 961 0 -1.73452e-16 1.10861e-17
 962 -4.92066e-16 -1.73783e-16 1.10795e-17
 963 0 -1.73603e-16 1.10695e-17
 964 0 -1.73422e-16 1.10594e-17
 965 0 -1.73243e-16 1.10494e-17
 966 0 -1.73063e-16 1.10394e-17
 967 -1.23016e-16 -1.73012e-16 1.10281e-17
 968 -4.92066e-16 -1.73341e-16 1.10217e-17
 969 2.46033e-16 -1.72909e-16 1.10188e-17
 970 0 -1.7273e-16 1.10089e-17
 971 -1.23016e-16 -1.72679e-16 1.09977e-17
 972 2.46033e-16 -1.72248e-16 1.09948e-17
 973 -1.23016e-16 -1.72198e-16 1.09836e-17
 974 -1.23016e-16 -1.72147e-16 1.09724e-17
 975 0 -1.71971e-16 1.09626e-17
 976 2.46033e-16 -1.71542e-16 1.09597e-17
 977 -9.84131e-16 -1.72374e-16 1.098e-17
 978 0 -1.72198e-16 1.09702e-17
 979 -1.23016e-16 -1.72148e-16 1.09591e-17
 980 2.46033e-16 -1.71721e-16 1.09562e-17
 981 -1.23016e-16 -1.71671e-16 1.09452e-17
 982 0 -1.71496e-16 1.09354e-17
 983 -4.92066e-16 -1.71823e-16 1.09292e-17
 984 0 -1.71648e-16 1.09195e-17
 985 -4.92066e-16 -1.71973e-16 1.09132e-17
 986 0 -1.71799e-16 1.09035e-17
 987 -9.84131e-16 -1.72622e-16 1.09235e-17
 988 0 -1.72447e-16 1.09139e-17
 989 -1.23016e-16 -1.72397e-16 1.09029e-17
 990 2.46033e-16 -1.71974e-16 1.09001e-17
 991 -4.92066e-16 -1.72297e-16 1.08939e-17
 992 -9.84131e-16 -1.73116e-16 1.09136e-17
 993 2.46033e-16 -1.72694e-16 1.09108e-17
 994 -4.92066e-16 -1.73015e-16 1.09046e-17
 995 -4.92066e-16 -1.73336e-16 1.08983e-17
 996 0 -1.73162e-16 1.08888e-17
 997 -4.92066e-16 -1.73482e-16 1.08825e-17
 998 -4.92066e-16 -1.73801e-16 1.08763e-17
 999 0 -1.73627e-16 1.08668e-17
 1000 0 -1.73453e-16 1.08573e-17
 1001 0 -1.7328e-16 1.08479e-17
 1002 0 -1.73107e-16 1.08384e-17
 1003 -4.92066e-16 -1.73425e-16 1.08323e-17
 1004 -4.92066e-16 -1.73742e-16 1.08261e-17
 1005 0 -1.73569e-16 1.08167e-17
 1006 0 -1.73397e-16 1.08074e-17
 1007 -4.92066e-16 -1.73713e-16 1.08013e-17
 1008 0 -1.73541e-16 1.07919e-17
 1009 -1.23016e-16 -1.73491e-16 1.07813e-17
 1010 -1.23016e-16 -1.73441e-16 1.07708e-17
 1011 -4.92066e-16 -1.73756e-16 1.07647e-17
 1012 -4.92066e-16 -1.74071e-16 1.07587e-17
 1013 2.46033e-16 -1.73656e-16 1.0756e-17
 1014 0 -1.73485e-16 1.07468e-17
 1015 0 -1.73314e-16 1.07376e-17
 1016 -4.92066e-16 -1.73627e-16 1.07316e-17
 1017 0 -1.73457e-16 1.07224e-17
 1018 -1.23016e-16 -1.73407e-16 1.0712e-17
 1019 2.46033e-16 -1.72996e-16 1.07093e-17
 1020 -4.92066e-16 -1.73308e-16 1.07034e-17
 1021 -4.92066e-16 -1.73621e-16 1.06975e-17
 1022 0 -1.73451e-16 1.06884e-17
 1023 -1.23016e-16 -1.73401e-16 1.0678e-17
 1024 0 -1.73232e-16 1.06689e-17
 1025 -4.92066e-16 -1.73543e-16 1.06631e-17
 1026 2.46033e-16 -1.73134e-16 1.06605e-17
 1027 0 -1.72966e-16 1.06515e-17
 1028 0 -1.72797e-16 1.06424e-17
 1029 0 -1.72629e-16 1.06334e-17
 1030 2.46033e-16 -1.72223e-16 1.06308e-17
 1031 2.46033e-16 -1.71817e-16 1.06283e-17
 1032 0 -1.71651e-16 1.06193e-17
 1033 0 -1.71485e-16 1.06103e-17
 1034 0 -1.71319e-16 1.06013e-17
 1035 -1.23016e-16 -1.71272e-16 1.05912e-17
 1036 -1.23016e-16 -1.71226e-16 1.0581e-17
 1037 -1.23016e-16 -1.71179e-16 1.05709e-17
 1038 0 -1.71014e-16 1.0562e-17
 1039 0 -1.7085e-16 1.05532e-17
 1040 0 -1.70685e-16 1.05443e-17
 1041 -4.92066e-16 -1.70994e-16 1.05387e-17
 1042 2.46033e-16 -1.70594e-16 1.05362e-17
 1043 0 -1.7043e-16 1.05273e-17
 1044 0 -1.70267e-16 1.05185e-17
 1045 2.46033e-16 -1.69869e-16 1.0516e-17
 1046 -4.92066e-16 -1.70177e-16 1.05104e-17
 1047 0 -1.70014e-16 1.05016e-17
 1048 2.46033e-16 -1.69617e-16 1.04991e-17
 1049 2.46033e-16 -1.69221e-16 1.04966e-17
 1050 -1.23016e-16 -1.69177e-16 1.04867e-17
 1051 2.46033e-16 -1.68782e-16 1.04842e-17
 1052 -4.92066e-16 -1.69089e-16 1.04787e-17
 1053 -9.84131e-16 -1.69863e-16 1.04973e-17
 1054 2.46033e-16 -1.69469e-16 1.04948e-17
 1055 2.46033e-16 -1.69075e-16 1.04922e-17
 1056 0 -1.68915e-16 1.04835e-17
 1057 -9.84131e-16 -1.69686e-16 1.05019e-17
 1058 0 -1.69525e-16 1.04932e-17
 1059 0 -1.69365e-16 1.04845e-17
 1060 -4.92066e-16 -1.6967e-16 1.04791e-17
 1061 -4.92066e-16 -1.69974e-16 1.04736e-17
 1062 0 -1.69814e-16 1.04649e-17
 1063 2.46033e-16 -1.69422e-16 1.04624e-17
 1064 0 -1.69263e-16 1.04538e-17
 1065 0 -1.69104e-16 1.04452e-17
 1066 2.46033e-16 -1.68715e-16 1.04426e-17
 1067 2.46033e-16 -1.68326e-16 1.04401e-17
 1068 0 -1.68168e-16 1.04315e-17
 1069 0 -1.68011e-16 1.04229e-17
 1070 0 -1.67854e-16 1.04144e-17
 1071 0 -1.67697e-16 1.04058e-17
 1072 -9.84131e-16 -1.68459e-16 1.0424e-17
 1073 0 -1.68302e-16 1.04154e-17
 1074 -4.92066e-16 -1.68603e-16 1.04101e-17
 1075 0 -1.68447e-16 1.04016e-17
 1076 -4.92066e-16 -1.68747e-16 1.03963e-17
 1077 2.46033e-16 -1.68362e-16 1.03937e-17
 1078 0 -1.68206e-16 1.03853e-17
 1079 -4.92066e-16 -1.68506e-16 1.038e-17
 1080 0 -1.6835e-16 1.03715e-17
 1081 0 -1.68194e-16 1.03631e-17
 1082 -4.92066e-16 -1.68494e-16 1.03578e-17
 1083 -9.84131e-16 -1.69247e-16 1.03756e-17
 1084 2.46033e-16 -1.68864e-16 1.03731e-17
 1085 0 -1.68708e-16 1.03648e-17
 1086 -4.92066e-16 -1.69006e-16 1.03595e-17
 1087 0 -1.6885e-16 1.03511e-17
 1088 0 -1.68695e-16 1.03428e-17
 1089 -4.92066e-16 -1.68992e-16 1.03375e-17
 1090 0 -1.68837e-16 1.03292e-17
 1091 0 -1.68682e-16 1.03209e-17
 1092 0 -1.68528e-16 1.03126e-17
 1093 0 -1.68374e-16 1.03043e-17
 1094 0 -1.6822e-16 1.0296e-17
 1095 0 -1.68066e-16 1.02878e-17
 1096 0 -1.67913e-16 1.02795e-17
 1097 0 -1.6776e-16 1.02713e-17
 1098 0 -1.67607e-16 1.02631e-17
 1099 0 -1.67455e-16 1.02549e-17
 1100 0 -1.67302e-16 1.02467e-17
 1101 0 -1.6715e-16 1.02385e-17
 1102 2.46033e-16 -1.66775e-16 1.02361e-17
 1103 -1.23016e-16 -1.66736e-16 1.02268e-17
 1104 2.46033e-16 -1.66362e-16 1.02244e-17
 1105 2.46033e-16 -1.65989e-16 1.0222e-17
 1106 2.46033e-16 -1.65616e-16 1.02195e-17
 1107 -1.23016e-16 -1.65578e-16 1.02104e-17
 1108 2.46033e-16 -1.65206e-16 1.02079e-17
 1109 -1.23016e-16 -1.65168e-16 1.01988e-17
 1110 0 -1.65019e-16 1.01907e-17
 1111 -9.84131e-16 -1.65757e-16 1.02081e-17
 1112 -9.84131e-16 -1.66493e-16 1.02255e-17
 1113 0 -1.66343e-16 1.02174e-17
 1114 2.46033e-16 -1.65973e-16 1.02149e-17
 1115 -1.23016e-16 -1.65934e-16 1.02058e-17
 1116 -1.23016e-16 -1.65896e-16 1.01967e-17
 1117 2.46033e-16 -1.65527e-16 1.01943e-17
 1118 0 -1.65379e-16 1.01862e-17
 1119 0 -1.65231e-16 1.01782e-17
 1120 0 -1.65084e-16 1.01702e-17
 1121 0 -1.64936e-16 1.01622e-17
 1122 2.46033e-16 -1.6457e-16 1.01597e-17
 1123 -9.84131e-16 -1.653e-16 1.01769e-17
 1124 0 -1.65153e-16 1.01689e-17
 1125 -4.92066e-16 -1.65443e-16 1.0164e-17
 1126 -4.92066e-16 -1.65733e-16 1.01591e-17
 1127 -4.92066e-16 -1.66023e-16 1.01542e-17
 1128 -4.92066e-16 -1.66312e-16 1.01493e-17
 1129 0 -1.66165e-16 1.01414e-17
 1130 0 -1.66018e-16 1.01335e-17
 1131 -9.84131e-16 -1.66741e-16 1.01503e-17
 1132 -9.84131e-16 -1.67463e-16 1.0167e-17
 1133 0 -1.67315e-16 1.01591e-17
 1134 0 -1.67168e-16 1.01512e-17
 1135 -4.92066e-16 -1.67454e-16 1.01463e-17
 1136 2.46033e-16 -1.6709e-16 1.01439e-17
 1137 -1.23016e-16 -1.67051e-16 1.01351e-17
 1138 -1.23016e-16 -1.67013e-16 1.01262e-17
 1139 -4.92066e-16 -1.67298e-16 1.01214e-17
 1140 0 -1.67151e-16 1.01135e-17
 1141 -9.84131e-16 -1.67867e-16 1.013e-17
 1142 -4.92066e-16 -1.68151e-16 1.01251e-17
 1143 -4.92066e-16 -1.68435e-16 1.01202e-17
 1144 -4.92066e-16 -1.68717e-16 1.01153e-17
 1145 0 -1.6857e-16 1.01076e-17
 1146 2.46033e-16 -1.68208e-16 1.01052e-17
 1147 -4.92066e-16 -1.68491e-16 1.01004e-17
 1148 0 -1.68344e-16 1.00926e-17
 1149 2.46033e-16 -1.67983e-16 1.00903e-17
 1150 2.46033e-16 -1.67623e-16 1.00879e-17
 1151 0 -1.67478e-16 1.00802e-17
 1152 -4.92066e-16 -1.67759e-16 1.00754e-17
 1153 -1.23016e-16 -1.67721e-16 1.00667e-17
 1154 -4.92066e-16 -1.68002e-16 1.00619e-17
 1155 -4.92066e-16 -1.68282e-16 1.00571e-17
 1156 -4.92066e-16 -1.68562e-16 1.00523e-17
 1157 0 -1.68417e-16 1.00447e-17
 1158 2.46033e-16 -1.68059e-16 1.00424e-17
 1159 2.46033e-16 -1.67701e-16 1.00401e-17
 1160 -1.23016e-16 -1.67663e-16 1.00315e-17
 1161 2.46033e-16 -1.67307e-16 1.00292e-17
 1162 0 -1.67163e-16 1.00216e-17
 1163 2.46033e-16 -1.66807e-16 1.00193e-17
 1164 -1.23016e-16 -1.6677e-16 1.00107e-17
 1165 -9.84131e-16 -1.67471e-16 1.00267e-17
 1166 0 -1.67328e-16 1.00191e-17
 1167 0 -1.67184e-16 1.00116e-17
 1168 0 -1.67041e-16 1.0004e-17
 1169 -4.92066e-16 -1.67319e-16 9.99933e-18
 1170 0 -1.67176e-16 9.9918e-18
 1171 0 -1.67033e-16 9.98429e-18
 1172 0 -1.66891e-16 9.97678e-18
 1173 -9.84131e-16 -1.67588e-16 9.99259e-18
 1174 0 -1.67445e-16 9.9851e-18
 1175 -4.92066e-16 -1.67721e-16 9.98042e-18
 1176 -1.23016e-16 -1.67683e-16 9.972e-18
 1177 -4.92066e-16 -1.67959e-16 9.96734e-18
 1178 0 -1.67816e-16 9.95989e-18
 1179 -4.92066e-16 -1.68091e-16 9.95524e-18
 1180 0 -1.67949e-16 9.94782e-18
 1181 -4.92066e-16 -1.68223e-16 9.94318e-18
 1182 -4.92066e-16 -1.68497e-16 9.93854e-18
 1183 0 -1.68355e-16 9.93116e-18
 1184 0 -1.68212e-16 9.92379e-18
 1185 2.46033e-16 -1.67863e-16 9.92157e-18
 1186 -4.92066e-16 -1.68136e-16 9.91697e-18
 1187 0 -1.67995e-16 9.90962e-18
 1188 -4.92066e-16 -1.68267e-16 9.90504e-18
 1189 0 -1.68126e-16 9.89771e-18
 1190 -9.84131e-16 -1.68812e-16 9.91314e-18
 1191 -9.84131e-16 -1.69496e-16 9.92844e-18
 1192 0 -1.69354e-16 9.92113e-18
 1193 0 -1.69212e-16 9.91382e-18
 1194 -9.84131e-16 -1.69895e-16 9.929e-18
 1195 2.46033e-16 -1.69546e-16 9.92679e-18
 1196 2.46033e-16 -1.69199e-16 9.92457e-18
 1197 -4.92066e-16 -1.69469e-16 9.91995e-18
 1198 2.46033e-16 -1.69122e-16 9.91773e-18
 1199 2.46033e-16 -1.68776e-16 9.9155e-18
 1200 0 -1.68635e-16 9.90823e-18
 1201 -4.92066e-16 -1.68904e-16 9.90364e-18
 1202 0 -1.68764e-16 9.8964e-18
 1203 0 -1.68623e-16 9.88916e-18
 1204 2.46033e-16 -1.68279e-16 9.88695e-18
 1205 -4.92066e-16 -1.68548e-16 9.88239e-18
 1206 -4.92066e-16 -1.68816e-16 9.87784e-18
 1207 0 -1.68676e-16 9.87064e-18
 1208 0 -1.68537e-16 9.86345e-18
 1209 0 -1.68397e-16 9.85628e-18
 1210 0 -1.68258e-16 9.84911e-18
 1211 0 -1.68119e-16 9.84196e-18
 1212 -9.84131e-16 -1.68792e-16 9.85685e-18
 1213 -4.92066e-16 -1.69059e-16 9.85233e-18
 1214 -4.92066e-16 -1.69325e-16 9.84781e-18
 1215 0 -1.69186e-16 9.84068e-18
 1216 2.46033e-16 -1.68844e-16 9.83852e-18
 1217 -4.92066e-16 -1.6911e-16 9.83401e-18
 1218 0 -1.68971e-16 9.82692e-18
 1219 0 -1.68832e-16 9.81983e-18
 1220 0 -1.68694e-16 9.81276e-18
 1221 0 -1.68556e-16 9.80569e-18
 1222 2.46033e-16 -1.68216e-16 9.80353e-18
 1223 0 -1.68079e-16 9.79648e-18
 1224 -1.23016e-16 -1.68042e-16 9.78854e-18
 1225 0 -1.67905e-16 9.78151e-18
 1226 -4.92066e-16 -1.68169e-16 9.7771e-18
 1227 -4.92066e-16 -1.68433e-16 9.7727e-18
 1228 0 -1.68296e-16 9.7657e-18
 1229 0 -1.68159e-16 9.75871e-18
 1230 0 -1.68022e-16 9.75173e-18
 1231 2.46033e-16 -1.67686e-16 9.74961e-18
 1232 2.46033e-16 -1.6735e-16 9.74748e-18
 1233 -4.92066e-16 -1.67614e-16 9.74313e-18
 1234 -4.92066e-16 -1.67877e-16 9.73878e-18
 1235 -4.92066e-16 -1.68139e-16 9.73444e-18
 1236 0 -1.68003e-16 9.72751e-18
 1237 2.46033e-16 -1.67668e-16 9.7254e-18
 1238 0 -1.67533e-16 9.71849e-18
 1239 0 -1.67398e-16 9.71158e-18
 1240 0 -1.67263e-16 9.70468e-18
 1241 2.46033e-16 -1.6693e-16 9.70258e-18
 1242 -4.92066e-16 -1.67191e-16 9.6983e-18
 1243 2.46033e-16 -1.66859e-16 9.69619e-18
 1244 -9.84131e-16 -1.67516e-16 9.71064e-18
 1245 0 -1.67381e-16 9.70377e-18
 1246 2.46033e-16 -1.6705e-16 9.70166e-18
 1247 0 -1.66916e-16 9.6948e-18
 1248 -9.84131e-16 -1.6757e-16 9.70914e-18
 1249 2.46033e-16 -1.67239e-16 9.70701e-18
 1250 -4.92066e-16 -1.67499e-16 9.70272e-18
 1251 0 -1.67365e-16 9.69589e-18
 1252 0 -1.67232e-16 9.68906e-18
 1253 2.46033e-16 -1.66902e-16 9.68694e-18
 1254 -4.92066e-16 -1.67161e-16 9.68269e-18
 1255 0 -1.67028e-16 9.67589e-18
 1256 0 -1.66895e-16 9.66909e-18
 1257 0 -1.66762e-16 9.66231e-18
 1258 -4.92066e-16 -1.67021e-16 9.65809e-18
 1259 0 -1.66888e-16 9.65133e-18
 1260 -4.92066e-16 -1.67146e-16 9.64712e-18
 1261 0 -1.67014e-16 9.64037e-18
 1262 0 -1.66881e-16 9.63364e-18
 1263 0 -1.66749e-16 9.62692e-18
 1264 -4.92066e-16 -1.67006e-16 9.62274e-18
 1265 0 -1.66874e-16 9.61604e-18
 1266 -4.92066e-16 -1.67131e-16 9.61187e-18
 1267 0 -1.66999e-16 9.60519e-18
 1268 2.46033e-16 -1.66674e-16 9.60314e-18
 1269 0 -1.66542e-16 9.59646e-18
 1270 0 -1.66411e-16 9.5898e-18
 1271 -1.23016e-16 -1.66377e-16 9.58231e-18
 1272 0 -1.66246e-16 9.57567e-18
 1273 -1.23016e-16 -1.66212e-16 9.56821e-18
 1274 0 -1.66082e-16 9.56158e-18
 1275 0 -1.65952e-16 9.55497e-18
 1276 -1.23016e-16 -1.65918e-16 9.54754e-18
 1277 0 -1.65788e-16 9.54094e-18
 1278 -4.92066e-16 -1.66043e-16 9.53689e-18
 1279 2.46033e-16 -1.65721e-16 9.53488e-18
 1280 -1.23016e-16 -1.65688e-16 9.52748e-18
 1281 -4.92066e-16 -1.65942e-16 9.52345e-18
 1282 -4.92066e-16 -1.66197e-16 9.51942e-18
 1283 2.46033e-16 -1.65876e-16 9.51742e-18
 1284 0 -1.65746e-16 9.51089e-18
 1285 -4.92066e-16 -1.66e-16 9.50687e-18
 1286 -4.92066e-16 -1.66254e-16 9.50286e-18
 1287 0 -1.66125e-16 9.49635e-18
 1288 0 -1.65996e-16 9.48985e-18
 1289 -9.84131e-16 -1.6663e-16 9.50371e-18
 1290 0 -1.66501e-16 9.49721e-18
 1291 0 -1.66372e-16 9.49073e-18
 1292 0 -1.66244e-16 9.48426e-18
 1293 -4.92066e-16 -1.66496e-16 9.48027e-18
 1294 -4.92066e-16 -1.66747e-16 9.47628e-18
 1295 0 -1.66618e-16 9.46984e-18
 1296 0 -1.6649e-16 9.4634e-18
 1297 -1.23016e-16 -1.66456e-16 9.45616e-18
 1298 0 -1.66328e-16 9.44974e-18
 1299 -4.92066e-16 -1.66579e-16 9.44579e-18
 1300 0 -1.66451e-16 9.43939e-18
 1301 -4.92066e-16 -1.66701e-16 9.43546e-18
 1302 -9.84131e-16 -1.67329e-16 9.44909e-18
 1303 -1.23016e-16 -1.67295e-16 9.44189e-18
 1304 0 -1.67166e-16 9.43552e-18
 1305 0 -1.67038e-16 9.42916e-18
 1306 -4.92066e-16 -1.67287e-16 9.42522e-18
 1307 -9.84131e-16 -1.67912e-16 9.43872e-18
 1308 -9.84131e-16 -1.68536e-16 9.45212e-18
 1309 0 -1.68407e-16 9.44578e-18
 1310 -9.84131e-16 -1.6903e-16 9.45908e-18
 1311 0 -1.68901e-16 9.45274e-18
 1312 2.46033e-16 -1.68585e-16 9.45083e-18
 1313 -1.23016e-16 -1.6855e-16 9.44369e-18
 1314 -1.23016e-16 -1.68516e-16 9.43657e-18
 1315 -4.92066e-16 -1.68762e-16 9.4326e-18
 1316 0 -1.68633e-16 9.4263e-18
 1317 2.46033e-16 -1.68319e-16 9.4244e-18
 1318 -1.23016e-16 -1.68284e-16 9.41731e-18
 1319 -9.84131e-16 -1.68903e-16 9.43047e-18
 1320 -9.84131e-16 -1.6952e-16 9.44354e-18
 1321 0 -1.69392e-16 9.43727e-18
 1322 0 -1.69264e-16 9.43099e-18
 1323 0 -1.69136e-16 9.42473e-18
 1324 -1.23016e-16 -1.69101e-16 9.41767e-18
 1325 -1.23016e-16 -1.69066e-16 9.41063e-18
 1326 2.46033e-16 -1.68753e-16 9.40874e-18
 1327 -1.23016e-16 -1.68719e-16 9.40171e-18
 1328 -1.23016e-16 -1.68684e-16 9.39469e-18
 1329 0 -1.68557e-16 9.38848e-18
 1330 -1.23016e-16 -1.68523e-16 9.38148e-18
 1331 0 -1.68397e-16 9.37528e-18
 1332 0 -1.6827e-16 9.36909e-18
 1333 0 -1.68144e-16 9.36291e-18
 1334 -9.84131e-16 -1.68756e-16 9.37587e-18
 1335 -4.92066e-16 -1.68998e-16 9.37197e-18
 1336 2.46033e-16 -1.68687e-16 9.3701e-18
 1337 -4.92066e-16 -1.68929e-16 9.36622e-18
 1338 -4.92066e-16 -1.69171e-16 9.36233e-18
 1339 2.46033e-16 -1.6886e-16 9.36047e-18
 1340 2.46033e-16 -1.68551e-16 9.35861e-18
 1341 2.46033e-16 -1.68242e-16 9.35673e-18
 1342 -1.23016e-16 -1.68208e-16 9.34982e-18
 1343 0 -1.68083e-16 9.34369e-18
 1344 -4.92066e-16 -1.68324e-16 9.33985e-18
 1345 0 -1.68199e-16 9.33374e-18
 1346 -4.92066e-16 -1.68439e-16 9.32991e-18
 1347 -4.92066e-16 -1.6868e-16 9.32608e-18
 1348 -4.92066e-16 -1.68919e-16 9.32224e-18
 1349 0 -1.68794e-16 9.31617e-18
 1350 0 -1.68669e-16 9.31011e-18
 1351 -4.92066e-16 -1.68909e-16 9.30629e-18
 1352 0 -1.68784e-16 9.30025e-18
 1353 2.46033e-16 -1.68477e-16 9.29842e-18
 1354 0 -1.68353e-16 9.29239e-18
 1355 0 -1.68228e-16 9.28636e-18
 1356 0 -1.68104e-16 9.28034e-18
 1357 -4.92066e-16 -1.68343e-16 9.27657e-18
 1358 0 -1.68219e-16 9.27056e-18
 1359 0 -1.68095e-16 9.26457e-18
 1360 0 -1.67972e-16 9.25858e-18
 1361 0 -1.67848e-16 9.25259e-18
 1362 0 -1.67725e-16 9.24662e-18
 1363 2.46033e-16 -1.67421e-16 9.24482e-18
 1364 -4.92066e-16 -1.67659e-16 9.2411e-18
 1365 -9.84131e-16 -1.68258e-16 9.25368e-18
 1366 0 -1.68134e-16 9.24773e-18
 1367 -9.84131e-16 -1.68731e-16 9.26022e-18
 1368 0 -1.68608e-16 9.25427e-18
 1369 -9.84131e-16 -1.69204e-16 9.26667e-18
 1370 0 -1.6908e-16 9.26073e-18
 1371 0 -1.68957e-16 9.2548e-18
 1372 0 -1.68834e-16 9.24887e-18
 1373 0 -1.68711e-16 9.24295e-18
 1374 -1.23016e-16 -1.68678e-16 9.23628e-18
 1375 -4.92066e-16 -1.68913e-16 9.23255e-18
 1376 0 -1.6879e-16 9.22666e-18
 1377 -4.92066e-16 -1.69025e-16 9.22294e-18
 1378 0 -1.68902e-16 9.21706e-18
 1379 -9.84131e-16 -1.69493e-16 9.22933e-18
 1380 -4.92066e-16 -1.69727e-16 9.2256e-18
 1381 -1.23016e-16 -1.69693e-16 9.21898e-18
 1382 -1.23016e-16 -1.69659e-16 9.21237e-18
 1383 0 -1.69537e-16 9.20652e-18
 1384 -1.23016e-16 -1.69503e-16 9.19993e-18
 1385 0 -1.69381e-16 9.1941e-18
 1386 2.46033e-16 -1.69081e-16 9.19235e-18
 1387 0 -1.68959e-16 9.18653e-18
 1388 -1.23016e-16 -1.68926e-16 9.17997e-18
 1389 2.46033e-16 -1.68627e-16 9.17822e-18
 1390 2.46033e-16 -1.68329e-16 9.17647e-18
 1391 2.46033e-16 -1.68031e-16 9.1747e-18
 1392 -1.23016e-16 -1.67999e-16 9.16817e-18
 1393 2.46033e-16 -1.67701e-16 9.1664e-18
 1394 0 -1.67581e-16 9.16062e-18
 1395 0 -1.67461e-16 9.15484e-18
 1396 2.46033e-16 -1.67165e-16 9.15307e-18
 1397 -1.23016e-16 -1.67133e-16 9.14657e-18
 1398 -4.92066e-16 -1.67366e-16 9.14298e-18
 1399 -9.84131e-16 -1.67949e-16 9.15508e-18
 1400 -4.92066e-16 -1.68181e-16 9.15146e-18
 1401 0 -1.68061e-16 9.14572e-18
 1402 0 -1.67941e-16 9.13998e-18
 1403 -9.84131e-16 -1.68523e-16 9.15197e-18
 1404 -4.92066e-16 -1.68753e-16 9.14835e-18
 1405 2.46033e-16 -1.68458e-16 9.1466e-18
 1406 0 -1.68338e-16 9.14088e-18
 1407 2.46033e-16 -1.68044e-16 9.13913e-18
 1408 -4.92066e-16 -1.68274e-16 9.13553e-18
 1409 -9.84131e-16 -1.68853e-16 9.14739e-18
 1410 -4.92066e-16 -1.69082e-16 9.14378e-18
 1411 -4.92066e-16 -1.69311e-16 9.14016e-18
 1412 0 -1.69191e-16 9.13447e-18
 1413 0 -1.69071e-16 9.12879e-18
 1414 -4.92066e-16 -1.693e-16 9.12519e-18
 1415 0 -1.6918e-16 9.11952e-18
 1416 -9.84131e-16 -1.69756e-16 9.13124e-18
 1417 0 -1.69636e-16 9.12558e-18
 1418 0 -1.69516e-16 9.11992e-18
 1419 0 -1.69397e-16 9.11428e-18
 1420 0 -1.69277e-16 9.10864e-18
 1421 2.46033e-16 -1.68985e-16 9.10692e-18
 1422 0 -1.68866e-16 9.10129e-18
 1423 -4.92066e-16 -1.69094e-16 9.09772e-18
 1424 0 -1.68975e-16 9.09211e-18
 1425 -4.92066e-16 -1.69202e-16 9.08855e-18
 1426 -4.92066e-16 -1.69428e-16 9.085e-18
 1427 -4.92066e-16 -1.69654e-16 9.08145e-18
 1428 -9.84131e-16 -1.70224e-16 9.09299e-18
 1429 -9.84131e-16 -1.70794e-16 9.10446e-18
 1430 0 -1.70675e-16 9.09887e-18
 1431 0 -1.70555e-16 9.09329e-18
 1432 -4.92066e-16 -1.7078e-16 9.08972e-18
 1433 -4.92066e-16 -1.71004e-16 9.08614e-18
 1434 -1.23016e-16 -1.7097e-16 9.07986e-18
 1435 -4.92066e-16 -1.71194e-16 9.07629e-18
 1436 -1.23016e-16 -1.71161e-16 9.07003e-18
 1437 0 -1.71042e-16 9.0645e-18
 1438 2.46033e-16 -1.70752e-16 9.06283e-18
 1439 0 -1.70633e-16 9.05731e-18
 1440 -4.92066e-16 -1.70856e-16 9.05377e-18
 1441 0 -1.70738e-16 9.04826e-18
 1442 2.46033e-16 -1.70449e-16 9.0466e-18
 1443 -4.92066e-16 -1.70671e-16 9.04308e-18
 1444 -4.92066e-16 -1.70894e-16 9.03956e-18
 1445 -4.92066e-16 -1.71116e-16 9.03603e-18
 1446 0 -1.70998e-16 9.03056e-18
 1447 0 -1.7088e-16 9.02509e-18
 1448 -9.84131e-16 -1.71441e-16 9.03632e-18
 1449 -4.92066e-16 -1.71663e-16 9.03279e-18
 1450 -1.23016e-16 -1.71629e-16 9.02662e-18
 1451 2.46033e-16 -1.71341e-16 9.02499e-18
 1452 -4.92066e-16 -1.71562e-16 9.02148e-18
 1453 0 -1.71444e-16 9.01604e-18
 1454 -1.23016e-16 -1.71411e-16 9.0099e-18
 1455 0 -1.71293e-16 9.00448e-18
 1456 -4.92066e-16 -1.71513e-16 9.00099e-18
 1457 2.46033e-16 -1.71227e-16 8.99937e-18
 1458 -4.92066e-16 -1.71447e-16 8.99589e-18
 1459 -4.92066e-16 -1.71666e-16 8.99241e-18
 1460 0 -1.71549e-16 8.98701e-18
 1461 -4.92066e-16 -1.71768e-16 8.98354e-18
 1462 0 -1.71651e-16 8.97816e-18
 1463 0 -1.71533e-16 8.97279e-18
 1464 -1.23016e-16 -1.715e-16 8.96672e-18
 1465 -4.92066e-16 -1.71719e-16 8.96327e-18
 1466 -4.92066e-16 -1.71938e-16 8.95982e-18
 1467 -4.92066e-16 -1.72156e-16 8.95637e-18
 1468 -4.92066e-16 -1.72374e-16 8.95292e-18
 1469 0 -1.72256e-16 8.94759e-18
 1470 0 -1.72139e-16 8.94227e-18
 1471 -4.92066e-16 -1.72357e-16 8.93883e-18
 1472 -4.92066e-16 -1.72574e-16 8.9354e-18
 1473 -9.84131e-16 -1.73125e-16 8.94631e-18
 1474 -4.92066e-16 -1.73341e-16 8.94286e-18
 1475 -1.23016e-16 -1.73307e-16 8.93686e-18
 1476 0 -1.7319e-16 8.93157e-18
 1477 -1.23016e-16 -1.73156e-16 8.92559e-18
 1478 0 -1.73039e-16 8.92032e-18
 1479 -4.92066e-16 -1.73254e-16 8.91689e-18
 1480 0 -1.73137e-16 8.91164e-18
 1481 0 -1.7302e-16 8.90638e-18
 1482 -4.92066e-16 -1.73236e-16 8.90297e-18
 1483 -1.23016e-16 -1.73202e-16 8.89703e-18
 1484 0 -1.73085e-16 8.8918e-18
 1485 -4.92066e-16 -1.733e-16 8.88841e-18
 1486 2.46033e-16 -1.73018e-16 8.88691e-18
 1487 0 -1.72901e-16 8.88169e-18
 1488 0 -1.72785e-16 8.87648e-18
 1489 0 -1.72669e-16 8.87128e-18
 1490 -4.92066e-16 -1.72883e-16 8.86791e-18
 1491 0 -1.72768e-16 8.86272e-18
 1492 -9.84131e-16 -1.73311e-16 8.87346e-18
 1493 -4.92066e-16 -1.73525e-16 8.87008e-18
 1494 0 -1.73409e-16 8.8649e-18
 1495 -4.92066e-16 -1.73622e-16 8.86154e-18
 1496 0 -1.73506e-16 8.85637e-18
 1497 -9.84131e-16 -1.74047e-16 8.867e-18
 1498 0 -1.73931e-16 8.86184e-18
 1499 -9.84131e-16 -1.74472e-16 8.87241e-18
 1500 2.46033e-16 -1.74191e-16 8.87092e-18
 1501 -4.92066e-16 -1.74403e-16 8.86754e-18
 1502 -1.23016e-16 -1.74369e-16 8.8617e-18
 1503 2.46033e-16 -1.74089e-16 8.86022e-18
 1504 2.46033e-16 -1.7381e-16 8.85873e-18
 1505 2.46033e-16 -1.73531e-16 8.85723e-18
 1506 0 -1.73416e-16 8.8521e-18
 1507 -4.92066e-16 -1.73627e-16 8.84875e-18
 1508 2.46033e-16 -1.73349e-16 8.84726e-18
 1509 -4.92066e-16 -1.7356e-16 8.84392e-18
 1510 2.46033e-16 -1.73282e-16 8.84243e-18
 1511 0 -1.73167e-16 8.83732e-18
 1512 0 -1.73053e-16 8.83221e-18
 1513 -4.92066e-16 -1.73264e-16 8.82889e-18
 1514 -4.92066e-16 -1.73474e-16 8.82557e-18
 1515 -4.92066e-16 -1.73685e-16 8.82225e-18
 1516 2.46033e-16 -1.73408e-16 8.82077e-18
 1517 0 -1.73293e-16 8.8157e-18
 1518 0 -1.73179e-16 8.81063e-18
 1519 0 -1.73065e-16 8.80556e-18
 1520 -9.84131e-16 -1.73599e-16 8.81593e-18
 1521 -4.92066e-16 -1.73808e-16 8.81262e-18
 1522 -4.92066e-16 -1.74017e-16 8.80931e-18
 1523 0 -1.73903e-16 8.80427e-18
 1524 0 -1.73789e-16 8.79923e-18
 1525 0 -1.73675e-16 8.79419e-18
 1526 -4.92066e-16 -1.73884e-16 8.79091e-18
 1527 2.46033e-16 -1.73609e-16 8.78945e-18
 1528 0 -1.73495e-16 8.78443e-18
 1529 0 -1.73382e-16 8.77942e-18
 1530 -4.92066e-16 -1.7359e-16 8.77615e-18
 1531 0 -1.73476e-16 8.77115e-18
 1532 -4.92066e-16 -1.73684e-16 8.76789e-18
 1533 -4.92066e-16 -1.73892e-16 8.76463e-18
 1534 2.46033e-16 -1.73618e-16 8.76319e-18
 1535 -4.92066e-16 -1.73826e-16 8.75993e-18
 1536 -9.84131e-16 -1.74353e-16 8.77011e-18
 1537 0 -1.7424e-16 8.76514e-18
 1538 -1.23016e-16 -1.74207e-16 8.7595e-18
 1539 2.46033e-16 -1.73934e-16 8.75806e-18
 1540 0 -1.73821e-16 8.7531e-18
 1541 0 -1.73708e-16 8.74815e-18
 1542 -9.84131e-16 -1.74233e-16 8.75826e-18
 1543 -4.92066e-16 -1.74439e-16 8.755e-18
 1544 -4.92066e-16 -1.74645e-16 8.75175e-18
 1545 -1.23016e-16 -1.74612e-16 8.74615e-18
 1546 -1.23016e-16 -1.74578e-16 8.74055e-18
 1547 0 -1.74465e-16 8.73563e-18
 1548 0 -1.74353e-16 8.73071e-18
 1549 -1.23016e-16 -1.7432e-16 8.72513e-18
 1550 2.46033e-16 -1.74048e-16 8.72372e-18
 1551 2.46033e-16 -1.73778e-16 8.7223e-18
 1552 0 -1.73666e-16 8.7174e-18
 1553 2.46033e-16 -1.73395e-16 8.71597e-18
 1554 -4.92066e-16 -1.736e-16 8.71278e-18
 1555 0 -1.73489e-16 8.70789e-18
 1556 -4.92066e-16 -1.73693e-16 8.7047e-18
 1557 -9.84131e-16 -1.74214e-16 8.71466e-18
 1558 0 -1.74102e-16 8.70978e-18
 1559 -9.84131e-16 -1.74622e-16 8.71969e-18
 1560 -9.84131e-16 -1.75141e-16 8.72954e-18
 1561 -4.92066e-16 -1.75344e-16 8.7263e-18
 1562 -1.23016e-16 -1.7531e-16 8.72078e-18
 1563 2.46033e-16 -1.75041e-16 8.71937e-18
 1564 -1.23016e-16 -1.75007e-16 8.71385e-18
 1565 0 -1.74896e-16 8.709e-18
 1566 -9.84131e-16 -1.75412e-16 8.71877e-18
 1567 -4.92066e-16 -1.75614e-16 8.71554e-18
 1568 0 -1.75502e-16 8.7107e-18
 1569 0 -1.7539e-16 8.70587e-18
 1570 0 -1.75279e-16 8.70104e-18
 1571 -4.92066e-16 -1.7548e-16 8.69784e-18
 1572 -9.84131e-16 -1.75995e-16 8.70751e-18
 1573 0 -1.75883e-16 8.70269e-18
 1574 0 -1.75771e-16 8.69788e-18
 1575 0 -1.7566e-16 8.69307e-18
 1576 0 -1.75548e-16 8.68827e-18
 1577 0 -1.75437e-16 8.68347e-18
 1578 2.46033e-16 -1.7517e-16 8.68207e-18
 1579 -1.23016e-16 -1.75137e-16 8.67664e-18
 1580 -4.92066e-16 -1.75337e-16 8.67346e-18
 1581 0 -1.75226e-16 8.66869e-18
 1582 0 -1.75116e-16 8.66391e-18
 1583 -9.84131e-16 -1.75627e-16 8.67351e-18
 1584 2.46033e-16 -1.75361e-16 8.67212e-18
 1585 -1.23016e-16 -1.75327e-16 8.66671e-18
 1586 2.46033e-16 -1.75062e-16 8.66531e-18
 1587 2.46033e-16 -1.74796e-16 8.66392e-18
 1588 0 -1.74686e-16 8.65916e-18
 1589 2.46033e-16 -1.74422e-16 8.65776e-18
 1590 0 -1.74312e-16 8.653e-18
 1591 0 -1.74202e-16 8.64826e-18
 1592 2.46033e-16 -1.73938e-16 8.64685e-18
 1593 -1.23016e-16 -1.73906e-16 8.64148e-18
 1594 0 -1.73797e-16 8.63675e-18
 1595 0 -1.73688e-16 8.63202e-18
 1596 -4.92066e-16 -1.73888e-16 8.62892e-18
 1597 -1.23016e-16 -1.73856e-16 8.62357e-18
 1598 -1.23016e-16 -1.73824e-16 8.61823e-18
 1599 -1.23016e-16 -1.73792e-16 8.6129e-18
 1600 -1.23016e-16 -1.73761e-16 8.60757e-18
 1601 -4.92066e-16 -1.73959e-16 8.60449e-18
 1602 0 -1.73851e-16 8.5998e-18
 1603 -4.92066e-16 -1.74049e-16 8.59673e-18
 1604 -4.92066e-16 -1.74248e-16 8.59366e-18
 1605 0 -1.74139e-16 8.58899e-18
 1606 -4.92066e-16 -1.74337e-16 8.58592e-18
 1607 0 -1.74229e-16 8.58126e-18
 1608 0 -1.7412e-16 8.57661e-18
 1609 -4.92066e-16 -1.74318e-16 8.57355e-18
 1610 -9.84131e-16 -1.74821e-16 8.58298e-18
 1611 -4.92066e-16 -1.75018e-16 8.57991e-18
 1612 -4.92066e-16 -1.75214e-16 8.57684e-18
 1613 -4.92066e-16 -1.75411e-16 8.57377e-18
 1614 0 -1.75302e-16 8.56915e-18
 1615 -1.23016e-16 -1.7527e-16 8.5639e-18
 1616 2.46033e-16 -1.75009e-16 8.56257e-18
 1617 -1.23016e-16 -1.74977e-16 8.55733e-18
 1618 0 -1.74869e-16 8.55272e-18
 1619 0 -1.74761e-16 8.54812e-18
 1620 0 -1.74653e-16 8.54353e-18
 1621 0 -1.74545e-16 8.53893e-18
 1622 -4.92066e-16 -1.74741e-16 8.53591e-18
 1623 0 -1.74633e-16 8.53133e-18
 1624 0 -1.74526e-16 8.52675e-18
 1625 0 -1.74418e-16 8.52218e-18
 1626 0 -1.74311e-16 8.51761e-18
 1627 -4.92066e-16 -1.74506e-16 8.51462e-18
 1628 2.46033e-16 -1.74248e-16 8.51331e-18
 1629 2.46033e-16 -1.7399e-16 8.51199e-18
 1630 2.46033e-16 -1.73732e-16 8.51067e-18
 1631 0 -1.73626e-16 8.50611e-18
 1632 0 -1.73519e-16 8.50157e-18
 1633 0 -1.73413e-16 8.49702e-18
 1634 0 -1.73307e-16 8.49248e-18
 1635 -4.92066e-16 -1.73502e-16 8.48953e-18
 1636 0 -1.73396e-16 8.485e-18
 1637 0 -1.7329e-16 8.48048e-18
 1638 0 -1.73184e-16 8.47596e-18
 1639 -4.92066e-16 -1.73379e-16 8.47302e-18
 1640 2.46033e-16 -1.73123e-16 8.47171e-18
 1641 -4.92066e-16 -1.73317e-16 8.46878e-18
 1642 0 -1.73212e-16 8.46428e-18
 1643 0 -1.73106e-16 8.45978e-18
 1644 0 -1.73001e-16 8.45529e-18
 1645 -4.92066e-16 -1.73195e-16 8.45237e-18
 1646 -4.92066e-16 -1.73389e-16 8.44946e-18
 1647 -1.23016e-16 -1.73358e-16 8.44438e-18
 1648 -1.23016e-16 -1.73328e-16 8.43931e-18
 1649 0 -1.73223e-16 8.43485e-18
 1650 -4.92066e-16 -1.73416e-16 8.43195e-18
 1651 -4.92066e-16 -1.73609e-16 8.42905e-18
 1652 -9.84131e-16 -1.74099e-16 8.43822e-18
 1653 -4.92066e-16 -1.74292e-16 8.43531e-18
 1654 0 -1.74186e-16 8.43086e-18
 1655 0 -1.74081e-16 8.42643e-18
 1656 -4.92066e-16 -1.74273e-16 8.42352e-18
 1657 0 -1.74168e-16 8.4191e-18
 1658 0 -1.74063e-16 8.41467e-18
 1659 -4.92066e-16 -1.74255e-16 8.41178e-18
 1660 -4.92066e-16 -1.74446e-16 8.40889e-18
 1661 -4.92066e-16 -1.74637e-16 8.40601e-18
 1662 2.46033e-16 -1.74384e-16 8.40476e-18
 1663 0 -1.74279e-16 8.40036e-18
 1664 -4.92066e-16 -1.7447e-16 8.39748e-18
 1665 -9.84131e-16 -1.74957e-16 8.40651e-18
 1666 -4.92066e-16 -1.75147e-16 8.40362e-18
 1667 0 -1.75042e-16 8.39923e-18
 1668 -1.23016e-16 -1.75011e-16 8.39426e-18
 1669 -4.92066e-16 -1.75201e-16 8.39137e-18
 1670 0 -1.75096e-16 8.387e-18
 1671 0 -1.74991e-16 8.38264e-18
 1672 0 -1.74886e-16 8.37828e-18
 1673 2.46033e-16 -1.74635e-16 8.37705e-18
 1674 -4.92066e-16 -1.74824e-16 8.37419e-18
 1675 -4.92066e-16 -1.75014e-16 8.37133e-18
 1676 0 -1.74909e-16 8.36699e-18
 1677 0 -1.74805e-16 8.36265e-18
 1678 0 -1.74701e-16 8.35831e-18
 1679 -4.92066e-16 -1.7489e-16 8.35547e-18
 1680 2.46033e-16 -1.74639e-16 8.35425e-18
 1681 0 -1.74535e-16 8.34993e-18
 1682 -9.84131e-16 -1.75017e-16 8.35883e-18
 1683 -9.84131e-16 -1.75498e-16 8.36768e-18
 1684 0 -1.75393e-16 8.36336e-18
 1685 -9.84131e-16 -1.75873e-16 8.37217e-18
 1686 0 -1.75769e-16 8.36785e-18
 1687 -9.84131e-16 -1.76248e-16 8.3766e-18
 1688 -4.92066e-16 -1.76435e-16 8.37373e-18
 1689 -4.92066e-16 -1.76622e-16 8.37086e-18
 1690 0 -1.76518e-16 8.36656e-18
 1691 -9.84131e-16 -1.76995e-16 8.37524e-18
 1692 0 -1.76891e-16 8.37094e-18
 1693 0 -1.76786e-16 8.36664e-18
 1694 2.46033e-16 -1.76537e-16 8.36543e-18
 1695 0 -1.76432e-16 8.36114e-18
 1696 -1.23016e-16 -1.76401e-16 8.35627e-18
 1697 2.46033e-16 -1.76152e-16 8.35505e-18
 1698 0 -1.76048e-16 8.35077e-18
 1699 -4.92066e-16 -1.76234e-16 8.34793e-18
 1700 -4.92066e-16 -1.7642e-16 8.34509e-18
 1701 0 -1.76316e-16 8.34082e-18
 1702 -1.23016e-16 -1.76285e-16 8.33598e-18
 1703 2.46033e-16 -1.76037e-16 8.33477e-18
 1704 0 -1.75934e-16 8.33052e-18
 1705 -9.84131e-16 -1.76408e-16 8.33912e-18
 1706 -4.92066e-16 -1.76593e-16 8.33628e-18
 1707 -9.84131e-16 -1.77066e-16 8.34482e-18
 1708 0 -1.76962e-16 8.34057e-18
 1709 0 -1.76859e-16 8.33634e-18
 1710 0 -1.76755e-16 8.3321e-18
 1711 0 -1.76652e-16 8.32787e-18
 1712 0 -1.76549e-16 8.32364e-18
 1713 -1.23016e-16 -1.76517e-16 8.31884e-18
 1714 0 -1.76414e-16 8.31463e-18
 1715 2.46033e-16 -1.76168e-16 8.31343e-18
 1716 -4.92066e-16 -1.76352e-16 8.31062e-18
 1717 -4.92066e-16 -1.76536e-16 8.30781e-18
 1718 0 -1.76433e-16 8.30361e-18
 1719 0 -1.76331e-16 8.29941e-18
 1720 0 -1.76228e-16 8.29522e-18
 1721 -1.23016e-16 -1.76197e-16 8.29046e-18
 1722 0 -1.76095e-16 8.28627e-18
 1723 2.46033e-16 -1.7585e-16 8.28509e-18
 1724 -4.92066e-16 -1.76033e-16 8.28231e-18
 1725 0 -1.75931e-16 8.27814e-18
 1726 0 -1.75829e-16 8.27397e-18
 1727 -4.92066e-16 -1.76012e-16 8.2712e-18
 1728 -4.92066e-16 -1.76195e-16 8.26844e-18
 1729 -4.92066e-16 -1.76378e-16 8.26567e-18
 1730 2.46033e-16 -1.76134e-16 8.2645e-18
 1731 -1.23016e-16 -1.76103e-16 8.25978e-18
 1732 0 -1.76002e-16 8.25564e-18
 1733 0 -1.759e-16 8.2515e-18
 1734 0 -1.75799e-16 8.24736e-18
 1735 0 -1.75697e-16 8.24323e-18
 1736 -4.92066e-16 -1.75879e-16 8.24049e-18
 1737 0 -1.75778e-16 8.23637e-18
 1738 -4.92066e-16 -1.7596e-16 8.23364e-18
 1739 0 -1.75859e-16 8.22953e-18
 1740 -4.92066e-16 -1.76041e-16 8.22681e-18
 1741 -4.92066e-16 -1.76222e-16 8.22408e-18
 1742 -4.92066e-16 -1.76404e-16 8.22136e-18
 1743 0 -1.76302e-16 8.21726e-18
 1744 -4.92066e-16 -1.76483e-16 8.21455e-18
 1745 0 -1.76382e-16 8.21046e-18
 1746 0 -1.76281e-16 8.20638e-18
 1747 0 -1.7618e-16 8.2023e-18
 1748 0 -1.7608e-16 8.19823e-18
 1749 0 -1.75979e-16 8.19416e-18
 1750 0 -1.75878e-16 8.19009e-18
 1751 2.46033e-16 -1.75637e-16 8.18896e-18
 1752 -1.23016e-16 -1.75607e-16 8.18434e-18
 1753 0 -1.75507e-16 8.18028e-18
 1754 0 -1.75407e-16 8.17623e-18
 1755 0 -1.75307e-16 8.17218e-18
 1756 0 -1.75207e-16 8.16813e-18
 1757 0 -1.75108e-16 8.16409e-18
 1758 -9.84131e-16 -1.75568e-16 8.17241e-18
 1759 -4.92066e-16 -1.75748e-16 8.16975e-18
 1760 -4.92066e-16 -1.75927e-16 8.16708e-18
 1761 0 -1.75828e-16 8.16306e-18
 1762 0 -1.75728e-16 8.15903e-18
 1763 0 -1.75628e-16 8.15501e-18
 1764 -1.23016e-16 -1.75598e-16 8.15044e-18
 1765 -4.92066e-16 -1.75778e-16 8.1478e-18
 1766 -1.23016e-16 -1.75748e-16 8.14324e-18
 1767 0 -1.75648e-16 8.13923e-18
 1768 -4.92066e-16 -1.75827e-16 8.1366e-18
 1769 -1.23016e-16 -1.75797e-16 8.13205e-18
 1770 -1.23016e-16 -1.75768e-16 8.12751e-18
 1771 2.46033e-16 -1.75529e-16 8.12641e-18
 1772 -9.84131e-16 -1.75986e-16 8.13463e-18
 1773 0 -1.75886e-16 8.13065e-18
 1774 -9.84131e-16 -1.76342e-16 8.13883e-18
 1775 0 -1.76243e-16 8.13485e-18
 1776 0 -1.76143e-16 8.13087e-18
 1777 0 -1.76044e-16 8.1269e-18
 1778 0 -1.75945e-16 8.12293e-18
 1779 -4.92066e-16 -1.76123e-16 8.12031e-18
 1780 2.46033e-16 -1.75886e-16 8.11921e-18
 1781 -1.23016e-16 -1.75856e-16 8.1147e-18
 1782 2.46033e-16 -1.75619e-16 8.1136e-18
 1783 -4.92066e-16 -1.75797e-16 8.11099e-18
 1784 0 -1.75698e-16 8.10704e-18
 1785 0 -1.756e-16 8.1031e-18
 1786 -4.92066e-16 -1.75777e-16 8.1005e-18
 1787 0 -1.75679e-16 8.09656e-18
 1788 0 -1.7558e-16 8.09263e-18
 1789 0 -1.75482e-16 8.0887e-18
 1790 -4.92066e-16 -1.75659e-16 8.08611e-18
 1791 0 -1.75561e-16 8.08219e-18
 1792 -4.92066e-16 -1.75738e-16 8.07961e-18
 1793 0 -1.7564e-16 8.0757e-18
 1794 0 -1.75542e-16 8.07179e-18
 1795 0 -1.75444e-16 8.06788e-18
 1796 2.46033e-16 -1.75209e-16 8.06681e-18
 1797 -9.84131e-16 -1.75659e-16 8.07487e-18
 1798 -4.92066e-16 -1.75835e-16 8.0723e-18
 1799 0 -1.75738e-16 8.0684e-18
 1800 -4.92066e-16 -1.75913e-16 8.06583e-18
 1801 0 -1.75816e-16 8.06194e-18
 1802 0 -1.75718e-16 8.05806e-18
 1803 -4.92066e-16 -1.75894e-16 8.0555e-18
 1804 0 -1.75796e-16 8.05162e-18
 1805 0 -1.75699e-16 8.04775e-18
 1806 0 -1.75601e-16 8.04388e-18
 1807 0 -1.75504e-16 8.04002e-18
 1808 2.46033e-16 -1.75271e-16 8.03895e-18
 1809 0 -1.75174e-16 8.03509e-18
 1810 0 -1.75077e-16 8.03123e-18
 1811 -9.84131e-16 -1.75524e-16 8.03922e-18
 1812 0 -1.75427e-16 8.03537e-18
 1813 0 -1.75331e-16 8.03151e-18
 1814 -4.92066e-16 -1.75505e-16 8.02899e-18
 1815 -4.92066e-16 -1.7568e-16 8.02646e-18
 1816 2.46033e-16 -1.75447e-16 8.02539e-18
 1817 -4.92066e-16 -1.75622e-16 8.02287e-18
 1818 0 -1.75525e-16 8.01904e-18
 1819 -4.92066e-16 -1.75699e-16 8.01652e-18
 1820 -4.92066e-16 -1.75873e-16 8.014e-18
 1821 0 -1.75776e-16 8.01018e-18
 1822 0 -1.7568e-16 8.00636e-18
 1823 -4.92066e-16 -1.75853e-16 8.00385e-18
 1824 -4.92066e-16 -1.76027e-16 8.00134e-18
 1825 -4.92066e-16 -1.762e-16 7.99883e-18
 1826 0 -1.76103e-16 7.99503e-18
 1827 2.46033e-16 -1.75872e-16 7.99399e-18
 1828 2.46033e-16 -1.75642e-16 7.99295e-18
 1829 0 -1.75546e-16 7.98915e-18
 1830 0 -1.7545e-16 7.98536e-18
 1831 -9.84131e-16 -1.75891e-16 7.99321e-18
 1832 0 -1.75795e-16 7.98943e-18
 1833 0 -1.75699e-16 7.98564e-18
 1834 -4.92066e-16 -1.75872e-16 7.98315e-18
 1835 0 -1.75776e-16 7.97937e-18
 1836 -4.92066e-16 -1.75948e-16 7.97689e-18
 1837 -9.84131e-16 -1.76388e-16 7.98467e-18
 1838 0 -1.76292e-16 7.9809e-18
 1839 -1.23016e-16 -1.76263e-16 7.97662e-18
 1840 0 -1.76168e-16 7.97286e-18
 1841 2.46033e-16 -1.75938e-16 7.97182e-18
 1842 -4.92066e-16 -1.7611e-16 7.96934e-18
 1843 -4.92066e-16 -1.76281e-16 7.96686e-18
 1844 0 -1.76186e-16 7.96311e-18
 1845 -9.84131e-16 -1.76624e-16 7.97083e-18
 1846 -4.92066e-16 -1.76794e-16 7.96835e-18
 1847 -4.92066e-16 -1.76965e-16 7.96586e-18
 1848 0 -1.76869e-16 7.96213e-18
 1849 0 -1.76774e-16 7.95839e-18
 1850 0 -1.76678e-16 7.95466e-18
 1851 0 -1.76583e-16 7.95094e-18
 1852 0 -1.76487e-16 7.94722e-18
 1853 0 -1.76392e-16 7.9435e-18
 1854 0 -1.76297e-16 7.93978e-18
 1855 0 -1.76202e-16 7.93607e-18
 1856 2.46033e-16 -1.75974e-16 7.93505e-18
 1857 0 -1.7588e-16 7.93135e-18
 1858 -4.92066e-16 -1.7605e-16 7.9289e-18
 1859 -4.92066e-16 -1.7622e-16 7.92646e-18
 1860 -4.92066e-16 -1.7639e-16 7.92402e-18
 1861 -4.92066e-16 -1.76559e-16 7.92157e-18
 1862 -4.92066e-16 -1.76729e-16 7.91913e-18
 1863 -1.23016e-16 -1.767e-16 7.91493e-18
 1864 0 -1.76605e-16 7.91125e-18
 1865 0 -1.7651e-16 7.90758e-18
 1866 -9.84131e-16 -1.76943e-16 7.91518e-18
 1867 -4.92066e-16 -1.77112e-16 7.91274e-18
 1868 0 -1.77017e-16 7.90907e-18
 1869 -9.84131e-16 -1.77449e-16 7.91662e-18
 1870 0 -1.77354e-16 7.91296e-18
 1871 0 -1.77259e-16 7.9093e-18
 1872 2.46033e-16 -1.77033e-16 7.9083e-18
 1873 0 -1.76939e-16 7.90465e-18
 1874 0 -1.76844e-16 7.90099e-18
 1875 0 -1.7675e-16 7.89734e-18
 1876 2.46033e-16 -1.76525e-16 7.89634e-18
 1877 -4.92066e-16 -1.76693e-16 7.89393e-18
 1878 0 -1.76599e-16 7.89028e-18
 1879 -9.84131e-16 -1.77028e-16 7.89778e-18
 1880 0 -1.76934e-16 7.89414e-18
 1881 -4.92066e-16 -1.77102e-16 7.89173e-18
 1882 -4.92066e-16 -1.77269e-16 7.88931e-18
 1883 2.46033e-16 -1.77044e-16 7.88832e-18
 1884 0 -1.7695e-16 7.88469e-18
 1885 0 -1.76856e-16 7.88107e-18
 1886 0 -1.76763e-16 7.87744e-18
 1887 -1.23016e-16 -1.76734e-16 7.87332e-18
 1888 0 -1.76641e-16 7.86971e-18
 1889 -4.92066e-16 -1.76808e-16 7.86731e-18
 1890 0 -1.76714e-16 7.8637e-18
 1891 -4.92066e-16 -1.76881e-16 7.86131e-18
 1892 -4.92066e-16 -1.77047e-16 7.85892e-18
 1893 -4.92066e-16 -1.77214e-16 7.85653e-18
 1894 -4.92066e-16 -1.7738e-16 7.85414e-18
 1895 -4.92066e-16 -1.77546e-16 7.85175e-18
 1896 0 -1.77452e-16 7.84817e-18
 1897 0 -1.77359e-16 7.84459e-18
 1898 -4.92066e-16 -1.77525e-16 7.84221e-18
 1899 0 -1.77431e-16 7.83863e-18
 1900 -4.92066e-16 -1.77597e-16 7.83626e-18
 1901 0 -1.77503e-16 7.83269e-18
 1902 -4.92066e-16 -1.77669e-16 7.83032e-18
 1903 -4.92066e-16 -1.77834e-16 7.82795e-18
 1904 -1.23016e-16 -1.77805e-16 7.82389e-18
 1905 0 -1.77712e-16 7.82034e-18
 1906 2.46033e-16 -1.7749e-16 7.81939e-18
 1907 -1.23016e-16 -1.77461e-16 7.81534e-18
 1908 0 -1.77368e-16 7.8118e-18
 1909 0 -1.77275e-16 7.80826e-18
 1910 -1.23016e-16 -1.77247e-16 7.80422e-18
 1911 0 -1.77154e-16 7.80069e-18
 1912 -1.23016e-16 -1.77126e-16 7.79666e-18
 1913 0 -1.77033e-16 7.79313e-18
 1914 -4.92066e-16 -1.77198e-16 7.7908e-18
 1915 0 -1.77105e-16 7.78728e-18
 1916 0 -1.77013e-16 7.78376e-18
 1917 -4.92066e-16 -1.77177e-16 7.78144e-18
 1918 2.46033e-16 -1.76956e-16 7.78051e-18
 1919 0 -1.76864e-16 7.777e-18
 1920 -1.23016e-16 -1.76836e-16 7.773e-18
 1921 0 -1.76744e-16 7.7695e-18
 1922 -4.92066e-16 -1.76908e-16 7.76719e-18
 1923 -9.84131e-16 -1.77328e-16 7.77449e-18
 1924 -4.92066e-16 -1.77491e-16 7.77217e-18
 1925 -4.92066e-16 -1.77655e-16 7.76985e-18
 1926 -1.23016e-16 -1.77626e-16 7.76586e-18
 1927 -4.92066e-16 -1.7779e-16 7.76355e-18
 1928 0 -1.77697e-16 7.76007e-18
 1929 -4.92066e-16 -1.7786e-16 7.75776e-18
 1930 -4.92066e-16 -1.78023e-16 7.75544e-18
 1931 0 -1.77931e-16 7.75198e-18
 1932 2.46033e-16 -1.77712e-16 7.75107e-18
 1933 -4.92066e-16 -1.77874e-16 7.74876e-18
 1934 2.46033e-16 -1.77655e-16 7.74786e-18
 1935 -9.84131e-16 -1.78072e-16 7.75506e-18
 1936 0 -1.7798e-16 7.7516e-18
 1937 -9.84131e-16 -1.78396e-16 7.75877e-18
 1938 -4.92066e-16 -1.78558e-16 7.75645e-18
 1939 0 -1.78466e-16 7.753e-18
 1940 0 -1.78374e-16 7.74955e-18
 1941 0 -1.78282e-16 7.7461e-18
 1942 0 -1.7819e-16 7.74265e-18
 1943 0 -1.78098e-16 7.73921e-18
 1944 -4.92066e-16 -1.7826e-16 7.73691e-18
 1945 -4.92066e-16 -1.78421e-16 7.73462e-18
 1946 0 -1.7833e-16 7.73119e-18
 1947 0 -1.78238e-16 7.72776e-18
 1948 0 -1.78146e-16 7.72433e-18
 1949 0 -1.78055e-16 7.72091e-18
 1950 0 -1.77964e-16 7.71749e-18
 1951 -9.84131e-16 -1.78377e-16 7.72459e-18
 1952 -4.92066e-16 -1.78538e-16 7.7223e-18
 1953 0 -1.78446e-16 7.71889e-18
 1954 0 -1.78355e-16 7.71548e-18
 1955 2.46033e-16 -1.78138e-16 7.71459e-18
 1956 -4.92066e-16 -1.78298e-16 7.71231e-18
 1957 0 -1.78207e-16 7.70891e-18
 1958 0 -1.78116e-16 7.70551e-18
 1959 -4.92066e-16 -1.78276e-16 7.70324e-18
 1960 -4.92066e-16 -1.78437e-16 7.70097e-18
 1961 2.46033e-16 -1.7822e-16 7.70009e-18
 1962 0 -1.78129e-16 7.6967e-18
 1963 0 -1.78039e-16 7.69331e-18
 1964 -4.92066e-16 -1.78198e-16 7.69106e-18
 1965 -4.92066e-16 -1.78358e-16 7.6888e-18
 1966 0 -1.78267e-16 7.68542e-18
 1967 0 -1.78177e-16 7.68205e-18
 1968 -4.92066e-16 -1.78336e-16 7.6798e-18
 1969 0 -1.78246e-16 7.67643e-18
 1970 0 -1.78155e-16 7.67307e-18
 1971 0 -1.78065e-16 7.66971e-18
 1972 -4.92066e-16 -1.78224e-16 7.66747e-18
 1973 0 -1.78134e-16 7.66412e-18
 1974 0 -1.78043e-16 7.66077e-18
 1975 0 -1.77953e-16 7.65742e-18
 1976 0 -1.77863e-16 7.65407e-18
 1977 0 -1.77773e-16 7.65073e-18
 1978 0 -1.77683e-16 7.64739e-18
 1979 0 -1.77594e-16 7.64405e-18
 1980 0 -1.77504e-16 7.64071e-18
 1981 0 -1.77414e-16 7.63738e-18
 1982 -4.92066e-16 -1.77573e-16 7.63518e-18
 1983 -1.23016e-16 -1.77546e-16 7.63138e-18
 1984 2.46033e-16 -1.77332e-16 7.63052e-18
 1985 0 -1.77243e-16 7.62719e-18
 1986 -9.84131e-16 -1.77649e-16 7.63417e-18
 1987 -4.92066e-16 -1.77807e-16 7.63197e-18
 1988 0 -1.77718e-16 7.62865e-18
 1989 0 -1.77629e-16 7.62534e-18
 1990 -9.84131e-16 -1.78034e-16 7.63227e-18
 1991 -4.92066e-16 -1.78192e-16 7.63007e-18
 1992 -4.92066e-16 -1.78349e-16 7.62787e-18
 1993 0 -1.7826e-16 7.62456e-18
 1994 2.46033e-16 -1.78047e-16 7.62371e-18
 1995 -4.92066e-16 -1.78204e-16 7.62151e-18
 1996 -1.23016e-16 -1.78177e-16 7.61774e-18
 1997 0 -1.78087e-16 7.61445e-18
 1998 0 -1.77998e-16 7.61116e-18
 1999 0 -1.77909e-16 7.60787e-18
 2000 -9.84131e-16 -1.78312e-16 7.61475e-18
