 1 0.0421053 0.0421053 0
 2 0.168421 0.105263 0.0631579
 3 0.0421053 0.0842105 0.0421053
 4 0.378947 0.157895 0.0794719
 5 1.05263 0.336842 0.18924
 6 0.0421053 0.287719 0.162134
 7 0.0421053 0.252632 0.141449
 8 2.06316 0.478947 0.257342
 9 1.05263 0.54269 0.235736
 10 1.05263 0.593684 0.216927
 11 0.0421053 0.543541 0.202524
 12 0.378947 0.529825 0.185386
 13 0 0.489069 0.175333
 14 0.168421 0.466165 0.163935
 15 0.168421 0.446316 0.1539
 16 2.06316 0.547368 0.175887
 17 2.69474 0.673684 0.207972
 18 1.05263 0.694737 0.197205
 19 0.168421 0.667036 0.188583
 20 2.69474 0.768421 0.205636
 21 0.168421 0.73985 0.197674
 22 0.0421053 0.708134 0.191125
 23 1.51579 0.743249 0.185972
 24 1.05263 0.75614 0.17852
 25 0.378947 0.741053 0.171894
 26 0.0421053 0.71417 0.167324
 27 0.378947 0.701754 0.161486
 28 0.378947 0.690226 0.156038
 29 0 0.666425 0.152431
 30 0 0.644211 0.148928
 31 0.378947 0.635654 0.144298
 32 0.0421053 0.617105 0.140942
 33 0.0421053 0.599681 0.137711
 34 2.69474 0.6613 0.147125
 35 0.0421053 0.643609 0.14395
 36 0.378947 0.636257 0.140088
 37 0.168421 0.623613 0.136834
 38 1.51579 0.647091 0.135238
 39 1.51579 0.669366 0.133595
 40 0.168421 0.656842 0.130813
 41 0.168421 0.644929 0.128138
 42 6.06316 0.773935 0.179666
 43 8.25263 0.947858 0.247038
 44 1.05263 0.950239 0.24137
 45 0.0421053 0.930058 0.236807
 46 1.51579 0.942792 0.231951
 47 12.1684 1.18163 0.329481
 48 0.673684 1.17105 0.322718
 49 0.0421053 1.14801 0.316902
 50 0.0421053 1.12589 0.311286
 51 1.05263 1.12446 0.305124
 52 1.05263 1.12308 0.299202
 53 1.05263 1.12175 0.293506
 54 2.69474 1.15088 0.289488
 55 1.51579 1.15751 0.284254
 56 0.378947 1.14361 0.279478
 57 0.168421 1.1265 0.275063
 58 0.168421 1.10998 0.270784
 59 2.69474 1.13684 0.267506
 60 1.05263 1.13544 0.263014
 61 0 1.11682 0.259335
 62 0.673684 1.10968 0.255218
 63 0.168421 1.09474 0.251578
 64 0.378947 1.08355 0.247869
 65 0.378947 1.07271 0.244266
 66 2.69474 1.09729 0.241789
 67 4.21053 1.14375 0.242644
 68 8.25263 1.2483 0.260909
 69 5.09474 1.30404 0.263074
 70 5.09474 1.3582 0.264883
 71 2.69474 1.37702 0.261803
 72 3.41053 1.40526 0.259682
 73 3.41053 1.43273 0.257569
 74 3.41053 1.45946 0.255466
 75 3.41053 1.48547 0.253376
 76 1.05263 1.47978 0.250085
 77 1.51579 1.48025 0.246816
 78 0.168421 1.46343 0.244211
 79 0.378947 1.4497 0.24149
 80 1.05263 1.44474 0.238504
 81 0.378947 1.43158 0.235908
 82 0.168421 1.41617 0.233522
 83 0.0421053 1.39962 0.231285
 84 0.0421053 1.38346 0.229086
 85 2.69474 1.39889 0.2269
 86 0.378947 1.38703 0.224559
 87 1.51579 1.38851 0.221968
 88 1.05263 1.38469 0.219464
 89 1.51579 1.38616 0.216989
 90 0.378947 1.37497 0.214856
 91 0.0421053 1.36032 0.212987
 92 1.51579 1.36201 0.210666
 93 1.05263 1.35869 0.208415
 94 0.168421 1.34602 0.206574
 95 0.168421 1.33363 0.204763
 96 1.05263 1.3307 0.20264
 97 0.168421 1.31872 0.200898
 98 0.673684 1.31214 0.198946
 99 0.378947 1.30271 0.197152
 100 0.673684 1.29642 0.195272
 101 2.06316 1.30401 0.193478
 102 2.06316 1.31146 0.191716
 103 0.673684 1.30526 0.189947
 104 0.168421 1.29433 0.188429
 105 0.378947 1.28561 0.186829
 106 0.168421 1.27507 0.185358
 107 0.168421 1.26473 0.183909
 108 1.05263 1.26277 0.182208
 109 1.05263 1.26084 0.180539
 110 0.378947 1.25282 0.17907
 111 1.05263 1.25102 0.177459
 112 2.06316 1.25827 0.176016
 113 0.0421053 1.24751 0.174784
 114 0.0421053 1.23693 0.173566
 115 1.05263 1.23533 0.172057
 116 2.06316 1.24247 0.170717
 117 0.378947 1.23509 0.169412
 118 0.168421 1.22605 0.168214
 119 0.378947 1.21893 0.166946
 120 0.168421 1.21018 0.16578
 121 0.0421053 1.20052 0.164688
 122 0.0421053 1.19103 0.163608
 123 0.0421053 1.18169 0.162541
 124 0.168421 1.17351 0.161432
 125 1.05263 1.17255 0.160138
 126 0.168421 1.16458 0.159062
 127 0.168421 1.15673 0.157999
 128 0.0421053 1.14803 0.157002
 129 3.41053 1.16557 0.156764
 130 0.168421 1.15789 0.155742
 131 0.378947 1.15195 0.154663
 132 1.05263 1.1512 0.153489
 133 9.47368 1.21377 0.164682
 134 9.47368 1.27541 0.174686
 135 2.06316 1.28125 0.173485
 136 0.673684 1.27678 0.172263
 137 0.168421 1.26869 0.171192
 138 0.168421 1.26072 0.170134
 139 2.69474 1.27103 0.16922
 140 0.0421053 1.26226 0.168236
 141 1.51579 1.26405 0.167048
 142 4.21053 1.2848 0.167161
 143 0.673684 1.28053 0.166043
 144 5.09474 1.30702 0.167
 145 6.06316 1.33982 0.169056
 146 7.11579 1.37938 0.172493
 147 5.09474 1.40465 0.173169
 148 5.09474 1.42959 0.173793
 149 0 1.41999 0.172889
 150 1.05263 1.41754 0.17175
 151 9.47368 1.4709 0.178756
 152 15.2 1.56122 0.199228
 153 1.05263 1.55789 0.197949
 154 0 1.54778 0.19692
 155 0.0421053 1.53806 0.195886
 156 0.378947 1.53063 0.194768
 157 0.378947 1.5233 0.193663
 158 2.69474 1.53071 0.192576
 159 0.378947 1.52347 0.191498
 160 0.0421053 1.51421 0.190522
 161 4.21053 1.53096 0.190074
 162 5.09474 1.55296 0.190174
 163 1.05263 1.54989 0.189029
 164 0.0421053 1.54069 0.188097
 165 0.0421053 1.53161 0.187174
 166 0 1.52238 0.186272
 167 2.06316 1.52562 0.185182
 168 3.41053 1.53684 0.184418
 169 3.41053 1.54793 0.183658
 170 0.673684 1.54279 0.182647
 171 0.378947 1.53598 0.181703
 172 2.69474 1.54272 0.180769
 173 0.0421053 1.53404 0.179931
 174 0.378947 1.5274 0.179017
 175 1.51579 1.52734 0.177991
 176 4.21053 1.54258 0.177632
 177 0.378947 1.53601 0.176748
 178 1.05263 1.53329 0.175773
 179 0.168421 1.52567 0.174955
 180 1.51579 1.52561 0.17398
 181 0.168421 1.51812 0.173178
 182 0.378947 1.51186 0.172338
 183 1.05263 1.50935 0.171412
 184 0 1.50114 0.170675
 185 0.168421 1.49394 0.169903
 186 0.378947 1.48795 0.169093
 187 0.168421 1.48089 0.168335
 188 0.0421053 1.47324 0.167612
 189 0.168421 1.46633 0.166865
 190 2.69474 1.4728 0.166111
 191 0.673684 1.46861 0.165292
 192 0.673684 1.46447 0.164481
 193 0 1.45689 0.163802
 194 2.06316 1.46001 0.162985
 195 0 1.45252 0.16232
 196 0.378947 1.44705 0.161583
 197 0.378947 1.44162 0.160852
 198 0.0421053 1.43456 0.160193
 199 0.168421 1.42819 0.159513
 200 0.168421 1.42189 0.158839
 201 0.0421053 1.41503 0.158195
 202 0.378947 1.4099 0.157494
 203 0.168421 1.40379 0.156835
 204 0.0421053 1.39711 0.156207
 205 0.168421 1.39112 0.155559
 206 2.69474 1.39745 0.154931
 207 0.0421053 1.3909 0.15432
 208 0.0421053 1.38441 0.153713
 209 0.0421053 1.37799 0.153111
 210 0.0421053 1.37163 0.152513
 211 0.673684 1.36832 0.151824
 212 0 1.36187 0.151244
 213 0 1.35547 0.150668
 214 1.51579 1.35622 0.149964
 215 0.0421053 1.35011 0.14939
 216 0.378947 1.34561 0.148765
 217 0 1.33941 0.148208
 218 0.0421053 1.33346 0.147646
 219 0.673684 1.33045 0.147001
 220 1.05263 1.32919 0.146337
 221 1.05263 1.32794 0.145679
 222 2.06316 1.33125 0.145059
 223 0.168421 1.32603 0.144501
 224 0 1.32011 0.143976
 225 1.05263 1.31892 0.14334
 226 0.168421 1.31383 0.142795
 227 0.378947 1.30971 0.142224
 228 0.0421053 1.30416 0.141708
 229 3.41053 1.31335 0.141387
 230 9.47368 1.34883 0.145174
 231 7.11579 1.3738 0.146684
 232 1.51579 1.37441 0.146052
 233 2.06316 1.37737 0.145453
 234 0.673684 1.37436 0.144862
 235 0.0421053 1.36869 0.144355
 236 2.06316 1.37163 0.143772
 237 0.168421 1.36656 0.143254
 238 0.378947 1.36241 0.142712
 239 1.05263 1.36111 0.142119
 240 1.05263 1.35982 0.141532
 241 1.05263 1.35855 0.140949
 242 2.06316 1.36146 0.140395
 243 2.06316 1.36435 0.139846
 244 1.51579 1.36497 0.139273
 245 0.673684 1.36215 0.138732
 246 1.05263 1.36089 0.138173
 247 4.21053 1.37243 0.138095
 248 1.05263 1.37114 0.137543
 249 1.51579 1.37172 0.136991
 250 0.0421053 1.3664 0.136546
 251 0.378947 1.36247 0.136057
 252 0.0421053 1.35723 0.135618
 253 2.69474 1.36251 0.135184
 254 1.51579 1.36312 0.134652
 255 2.69474 1.36834 0.134225
 256 2.06316 1.37105 0.133727
 257 1.05263 1.36981 0.133211
 258 6.06316 1.388 0.133935
 259 5.09474 1.40232 0.134182
 260 9.47368 1.43336 0.137223
 261 5.09474 1.44739 0.137414
 262 4.21053 1.45793 0.137294
 263 8.25263 1.48377 0.13919
 264 3.41053 1.49107 0.138854
 265 6.06316 1.50832 0.1394
 266 1.51579 1.50835 0.138875
 267 2.69474 1.51279 0.138426
 268 0.0421053 1.50731 0.138017
 269 2.69474 1.51172 0.137574
 270 1.05263 1.51002 0.137074
 271 0.378947 1.50585 0.136631
 272 2.69474 1.51022 0.136198
 273 5.09474 1.52335 0.136332
 274 3.41053 1.53023 0.136008
 275 3.41053 1.53707 0.135685
 276 2.69474 1.54127 0.135257
 277 1.51579 1.54117 0.134768
 278 1.05263 1.53942 0.134294
 279 0.0421053 1.53405 0.13392
 280 0 1.52857 0.133553
 281 0.168421 1.52373 0.133165
 282 0.0421053 1.51848 0.132796
 283 0.378947 1.51445 0.132387
 284 1.51579 1.51446 0.13192
 285 0.0421053 1.50929 0.131558
 286 0.168421 1.5046 0.131181
 287 0.673684 1.50171 0.130755
 288 2.06316 1.50365 0.130315
 289 1.05263 1.50209 0.129872
 290 0.0421053 1.49706 0.129522
 291 0 1.49192 0.129178
 292 2.06316 1.49387 0.12875
 293 1.51579 1.49395 0.12831
 294 0.0421053 1.48901 0.127968
 295 1.05263 1.48753 0.127542
 296 0.0421053 1.48265 0.127204
 297 0.378947 1.47893 0.126829
 298 0.378947 1.47524 0.126457
 299 4.21053 1.48439 0.126365
 300 1.51579 1.48449 0.125943
 301 0.378947 1.48082 0.125578
 302 0 1.47591 0.125257
 303 1.05263 1.47452 0.124851
 304 0.0421053 1.46981 0.124529
 305 0.673684 1.4672 0.124147
 306 0.673684 1.4646 0.123768
 307 2.69474 1.46861 0.123429
 308 5.09474 1.48038 0.12359
 309 4.21053 1.48922 0.123506
 310 2.69474 1.49311 0.123168
 311 1.05263 1.49169 0.12278
 312 1.51579 1.49177 0.122385
 313 0.378947 1.48821 0.122046
 314 0.168421 1.48401 0.121729
 315 0.673684 1.48144 0.121369
 316 0.378947 1.47795 0.121035
 317 1.05263 1.47661 0.12066
 318 0.168421 1.47249 0.12035
 319 1.05263 1.47118 0.119979
 320 3.41053 1.47724 0.119757
 321 0.378947 1.47382 0.119433
 322 0 1.46924 0.119149
 323 0.673684 1.46678 0.118805
 324 0.168421 1.46277 0.118506
 325 0.378947 1.45943 0.118188
 326 2.06316 1.46129 0.117839
 327 0.0421053 1.45695 0.117558
 328 0.168421 1.45302 0.117265
 329 0.378947 1.44975 0.116954
 330 1.51579 1.44995 0.116599
 331 1.05263 1.44875 0.116252
 332 0 1.44439 0.115984
 333 0 1.44005 0.115716
 334 2.06316 1.44192 0.115384
 335 0.378947 1.43874 0.115083
 336 0.168421 1.43496 0.114802
 337 1.05263 1.43383 0.114467
 338 1.51579 1.43407 0.114128
 339 0.0421053 1.42996 0.113865
 340 0.168421 1.42625 0.11359
 341 0 1.42207 0.113334
 342 0.168421 1.41841 0.113061
 343 1.05263 1.41734 0.112736
 344 0.168421 1.41371 0.112467
 345 0.168421 1.4101 0.112198
 346 0.0421053 1.40615 0.111943
 347 0.378947 1.40319 0.11166
 348 4.21053 1.41125 0.11163
 349 0.673684 1.40914 0.11133
 350 6.06316 1.42244 0.111805
 351 0.0421053 1.4185 0.111555
 352 0.378947 1.41555 0.111277
 353 0.378947 1.41261 0.111
 354 0 1.40862 0.110758
 355 0.168421 1.40513 0.110501
 356 0.378947 1.40225 0.110228
 357 0.168421 1.39879 0.109973
 358 0.168421 1.39535 0.109719
 359 0.378947 1.39252 0.10945
 360 0.168421 1.38912 0.109198
 361 0.378947 1.38632 0.108931
 362 0.378947 1.38354 0.108666
 363 1.51579 1.38391 0.108366
 364 2.69474 1.38751 0.108128
 365 1.05263 1.38659 0.107836
 366 2.06316 1.38844 0.107556
 367 2.06316 1.39028 0.107279
 368 4.21053 1.39794 0.107261
 369 1.51579 1.39826 0.10697
 370 4.21053 1.40586 0.106951
 371 0.0421053 1.40218 0.106726
 372 0.378947 1.39943 0.106474
 373 0.673684 1.39749 0.106206
 374 0.168421 1.3942 0.105973
 375 0.168421 1.39093 0.10574
 376 1.51579 1.39127 0.105459
 377 1.51579 1.3916 0.10518
 378 0.673684 1.3897 0.104918
 379 1.05263 1.38881 0.104645
 380 0.0421053 1.38526 0.104429
 381 0.168421 1.38207 0.104204
 382 2.06316 1.38385 0.103946
 383 1.05263 1.38299 0.103678
 384 2.06316 1.38476 0.103422
 385 0.168421 1.3816 0.103202
 386 0.0421053 1.37813 0.102993
 387 0.673684 1.37631 0.102742
 388 0.168421 1.3732 0.102524
 389 0.673684 1.3714 0.102276
 390 2.06316 1.37317 0.102029
 391 0.168421 1.37009 0.101815
 392 0.378947 1.36756 0.101586
 393 0.673684 1.3658 0.101343
 394 5.09474 1.37526 0.101527
 395 5.09474 1.38468 0.101707
 396 4.21053 1.39181 0.1017
 397 6.06316 1.40358 0.102124
 398 8.25263 1.42079 0.10331
 399 0.0421053 1.41733 0.103109
 400 0.168421 1.41421 0.102898
 401 0.378947 1.41163 0.102674
 402 4.21053 1.41859 0.102654
 403 2.69474 1.42176 0.102448
 404 10.7789 1.44492 0.104786
 405 8.25263 1.46173 0.10587
 406 1.05263 1.46072 0.105614
 407 4.21053 1.46748 0.10557
 408 1.05263 1.46646 0.105316
 409 0 1.46287 0.105119
 410 1.51579 1.463 0.104863
 411 0.168421 1.45985 0.104655
 412 1.05263 1.45887 0.104405
 413 0.0421053 1.45544 0.104209
 414 0.168421 1.45233 0.104003
 415 0.0421053 1.44893 0.103808
 416 0 1.44545 0.103616
 417 6.06316 1.45652 0.103959
 418 1.51579 1.45666 0.10371
 419 0.168421 1.45359 0.103508
 420 2.06316 1.45504 0.103271
 421 0.673684 1.45318 0.103043
 422 0.673684 1.45133 0.102815
 423 3.41053 1.45597 0.102676
 424 0.378947 1.45343 0.102465
 425 1.51579 1.45357 0.102224
 426 1.51579 1.45372 0.101984
 427 1.51579 1.45386 0.101745
 428 0.378947 1.45135 0.101538
 429 0.0421053 1.44807 0.101354
 430 4.21053 1.45449 0.101322
 431 4.21053 1.46089 0.101288
 432 5.09474 1.4693 0.101403
 433 0.0421053 1.466 0.101222
 434 1.05263 1.46505 0.100993
 435 6.06316 1.47562 0.101314
 436 2.69474 1.47842 0.10112
 437 2.69474 1.4812 0.100927
 438 8.25263 1.49666 0.101876
 439 4.21053 1.50284 0.101831
 440 1.51579 1.50287 0.1016
 441 0.168421 1.49984 0.101414
 442 1.51579 1.49988 0.101184
 443 0 1.4965 0.101013
 444 1.51579 1.49654 0.100785
 445 1.51579 1.49658 0.100558
 446 0.168421 1.4936 0.100377
 447 0.168421 1.49064 0.100196
 448 0.168421 1.48769 0.100015
 449 1.51579 1.48775 0.0997923
 450 0.0421053 1.48454 0.0996221
 451 0.378947 1.48209 0.0994312
 452 0.0421053 1.4789 0.0992621
 453 1.05263 1.47796 0.0990472
 454 0.673684 1.47619 0.0988446
 455 0.168421 1.47331 0.098669
 456 0.0421053 1.47018 0.0985024
 457 0.0421053 1.46705 0.0983363
 458 2.06316 1.46835 0.09813
 459 7.11579 1.48066 0.098686
 460 1.51579 1.48073 0.0984712
 461 0.378947 1.47834 0.0982865
 462 0 1.47514 0.0981257
 463 1.05263 1.47423 0.0979178
 464 0.0421053 1.47114 0.0977553
 465 0.0421053 1.46807 0.0975932
 466 0.168421 1.46528 0.0974235
 467 0 1.46214 0.0972653
 468 0.168421 1.45938 0.0970966
 469 2.69474 1.46201 0.0969251
 470 5.09474 1.46974 0.097027
 471 2.69474 1.47234 0.0968557
 472 1.05263 1.47145 0.0966544
 473 1.05263 1.47057 0.0964539
 474 0.0421053 1.46755 0.0962974
 475 1.05263 1.46668 0.0960984
 476 0.378947 1.4644 0.0959235
 477 0.168421 1.46168 0.0957607
 478 2.69474 1.46426 0.095595
 479 0.0421053 1.46129 0.0954414
 480 0 1.45825 0.095291
 481 0.168421 1.45556 0.0951305
 482 0.168421 1.45289 0.0949705
 483 0.0421053 1.44997 0.0948187
 484 0 1.44698 0.09467
 485 0.378947 1.44477 0.0945002
 486 0.0421053 1.44189 0.0943497
 487 0.168421 1.43927 0.0941921
 488 1.05263 1.43848 0.0940022
 489 0 1.43554 0.0938559
 490 0.673684 1.43398 0.0936771
 491 1.51579 1.43415 0.0934862
 492 1.51579 1.43432 0.0932962
 493 0.673684 1.43277 0.0931195
 494 1.51579 1.43294 0.092931
 495 4.21053 1.43855 0.0929127
 496 0.0421053 1.43574 0.0927679
 497 1.51579 1.4359 0.0925812
 498 0.378947 1.43378 0.0924194
 499 3.41053 1.43774 0.0923191
 500 2.69474 1.44025 0.0921686
 501 0.168421 1.43771 0.0920194
 502 0.0421053 1.43493 0.091878
 503 0.0421053 1.43216 0.091737
 504 1.05263 1.43141 0.0915579
 505 0.168421 1.42891 0.0914106
 506 0.168421 1.42642 0.0912638
 507 1.05263 1.42568 0.0910866
 508 0.168421 1.42321 0.0909408
 509 0.168421 1.42074 0.0907954
 510 2.69474 1.42324 0.0906516
 511 1.51579 1.42342 0.0904742
 512 2.06316 1.42467 0.090306
 513 4.21053 1.4301 0.0902932
 514 2.69474 1.43256 0.090151
 515 0.0421053 1.42986 0.0900163
 516 0.378947 1.42783 0.0898647
 517 1.51579 1.428 0.0896909
 518 0.0421053 1.42532 0.0895575
 519 0.0421053 1.42265 0.0894245
 520 1.05263 1.42194 0.0892552
 521 4.21053 1.4273 0.0892444
 522 2.69474 1.42972 0.0891064
 523 0.673684 1.42828 0.0889476
 524 0.0421053 1.42563 0.0888171
 525 0.378947 1.42364 0.0886702
 526 0.0421053 1.42101 0.0885404
 527 0.168421 1.41864 0.0884042
 528 1.51579 1.41882 0.0882368
 529 0.168421 1.41646 0.0881015
 530 0 1.41378 0.0879758
 531 0.673684 1.41239 0.087821
 532 0.0421053 1.40981 0.0876936
 533 0 1.40717 0.0875689
 534 0 1.40453 0.0874444
 535 0.0421053 1.40199 0.087318
 536 1.51579 1.4022 0.0871552
 537 4.21053 1.40743 0.0871498
 538 2.06316 1.40865 0.0869962
 539 0.673684 1.40728 0.0868453
 540 5.09474 1.41411 0.0869529
 541 4.21053 1.41928 0.0869458
 542 2.06316 1.42047 0.0867934
 543 0.0421053 1.41793 0.0866706
 544 2.69474 1.42028 0.0865429
 545 0.378947 1.41837 0.0864051
 546 0.0421053 1.41585 0.0862835
 547 0.673684 1.41449 0.0861363
 548 0.378947 1.4126 0.0859998
 549 2.06316 1.41379 0.0858512
 550 1.51579 1.41397 0.0856951
 551 0.673684 1.41263 0.08555
 552 0 1.41007 0.0854332
 553 0 1.40752 0.0853167
 554 0.0421053 1.40505 0.0851982
 555 0.168421 1.40283 0.0850738
 556 1.51579 1.40303 0.0849209
 557 0 1.40051 0.0848057
 558 0.0421053 1.39808 0.0846886
 559 0.168421 1.39588 0.0845655
 560 0.0421053 1.39346 0.084449
 561 3.41053 1.39705 0.084375
 562 4.21053 1.40206 0.0843734
 563 6.06316 1.41034 0.0846293
 564 2.06316 1.4115 0.084487
 565 1.05263 1.41086 0.0843398
 566 1.51579 1.41105 0.0841908
 567 1.05263 1.41041 0.0840446
 568 0.168421 1.40823 0.083925
 569 0.0421053 1.40583 0.0838117
 570 0.168421 1.40366 0.0836927
 571 0.168421 1.40149 0.083574
 572 0.378947 1.39971 0.083447
 573 0.0421053 1.39734 0.0833349
 574 0 1.3949 0.0832252
 575 0.378947 1.39314 0.0830991
 576 0.673684 1.39189 0.0829641
 577 2.06316 1.39305 0.0828284
 578 1.05263 1.39246 0.082687
 579 0.168421 1.39035 0.0825712
 580 1.05263 1.38976 0.0824307
 581 0.0421053 1.38744 0.0823214
 582 0.0421053 1.38513 0.0822124
 583 0.168421 1.38305 0.0820978
 584 1.05263 1.38248 0.081959
 585 0.0421053 1.38019 0.0818509
 586 2.06316 1.38135 0.0817194
 587 4.21053 1.38617 0.0817223
 588 0.673684 1.38496 0.0815922
 589 0.168421 1.3829 0.0814797
 590 1.51579 1.38312 0.0813418
 591 0.673684 1.38192 0.081213
 592 0.673684 1.38073 0.0810845
 593 0.0421053 1.37847 0.0809791
 594 0.0421053 1.37622 0.080874
 595 0 1.37391 0.080771
 596 0 1.3716 0.0806683
 597 1.05263 1.37107 0.0805349
 598 0.0421053 1.36884 0.0804308
 599 2.06316 1.37 0.0803048
 600 2.69474 1.37221 0.0802012
 601 1.51579 1.37245 0.080068
 602 0.168421 1.37045 0.0799599
 603 0 1.36818 0.0798596
 604 0.378947 1.36654 0.0797441
 605 2.69474 1.36873 0.0796424
 606 3.41053 1.3721 0.0795822
 607 1.51579 1.37234 0.0794514
 608 1.05263 1.37181 0.0793223
 609 1.05263 1.37129 0.0791937
 610 0 1.36904 0.0790957
 611 1.05263 1.36852 0.0789679
 612 0.168421 1.36656 0.0788631
 613 1.51579 1.36681 0.0787347
 614 0.378947 1.3652 0.0786228
 615 2.06316 1.36633 0.0785031
 616 9.47368 1.37949 0.0794729
 617 10.7789 1.39473 0.0807933
 618 1.05263 1.39417 0.0806643
 619 1.05263 1.39362 0.0805358
 620 3.41053 1.39688 0.0804716
 621 0.0421053 1.39469 0.0803715
 622 0.378947 1.39306 0.0802588
 623 2.69474 1.39515 0.0801571
 624 1.51579 1.39534 0.0800288
 625 0.673684 1.39419 0.079909
 626 0 1.39196 0.0798123
 627 1.51579 1.39216 0.0796852
 628 0.168421 1.39021 0.079582
 629 0.673684 1.38907 0.0794636
 630 2.06316 1.39014 0.0793446
 631 0.168421 1.38821 0.0792424
 632 0.673684 1.38708 0.079125
 633 0 1.38488 0.0790302
 634 2.06316 1.38595 0.0789127
 635 0.378947 1.38437 0.0788043
 636 2.06316 1.38544 0.0786876
 637 0 1.38326 0.078594
 638 0.673684 1.38215 0.0784786
 639 0.0421053 1.38005 0.0783838
 640 0.0421053 1.37796 0.0782891
 641 0.168421 1.37607 0.0781897
 642 1.51579 1.37629 0.0780681
 643 0.0421053 1.37422 0.0779742
 644 0.168421 1.37234 0.0778755
 645 1.05263 1.37185 0.0777563
 646 1.05263 1.37135 0.0776374
 647 1.05263 1.37086 0.0775189
 648 2.06316 1.37193 0.0774065
 649 2.06316 1.37299 0.0772945
 650 0.378947 1.37147 0.0771907
 651 0.0421053 1.36942 0.077099
 652 2.06316 1.37049 0.076988
 653 0.0421053 1.36845 0.076897
 654 0.673684 1.36739 0.0767866
 655 2.06316 1.36845 0.0766767
 656 0.673684 1.36739 0.076567
 657 1.05263 1.36692 0.0764519
 658 1.51579 1.36714 0.076336
 659 1.05263 1.36666 0.0762215
 660 0.0421053 1.36466 0.0761324
 661 0.378947 1.36317 0.0760318
 662 0.673684 1.36212 0.075924
 663 1.05263 1.36166 0.0758108
 664 0.378947 1.36018 0.075711
 665 0.673684 1.35915 0.0756041
 666 0.0421053 1.35717 0.0755164
 667 0.673684 1.35614 0.0754101
 668 0.0421053 1.35418 0.0753228
 669 2.06316 1.35524 0.0752176
 670 0 1.35321 0.0751325
 671 0.673684 1.3522 0.0750273
 672 0.168421 1.35044 0.0749362
 673 0.673684 1.34943 0.0748316
 674 1.51579 1.34968 0.0747209
 675 3.41053 1.35273 0.0746725
 676 6.06316 1.3597 0.0748869
 677 0.168421 1.35794 0.0747969
 678 2.69474 1.35991 0.0747125
 679 0.673684 1.3589 0.0746092
 680 1.05263 1.35845 0.0745008
 681 0.0421053 1.35652 0.0744164
 682 0.673684 1.35552 0.074314
 683 0 1.35353 0.0742316
 684 2.06316 1.35457 0.0741303
 685 1.51579 1.35481 0.0740224
 686 1.05263 1.35437 0.0739157
 687 0.673684 1.35337 0.0738147
 688 4.21053 1.35753 0.0738242
 689 0.168421 1.3558 0.0737372
 690 0 1.35384 0.0736564
 691 0.0421053 1.35194 0.0735743
 692 2.69474 1.35388 0.0734935
 693 6.06316 1.36067 0.0737013
 694 5.09474 1.36605 0.0737915
 695 0.168421 1.36433 0.0737053
 696 0.0421053 1.36243 0.0736239
 697 0.0421053 1.36054 0.0735426
 698 0.378947 1.35913 0.0734506
 699 7.11579 1.36737 0.0738064
 700 10.7789 1.38081 0.0749172
 701 8.25263 1.39061 0.0754498
 702 2.69474 1.39247 0.0753651
 703 2.06316 1.39343 0.0752639
 704 1.51579 1.3936 0.0751571
 705 1.51579 1.39377 0.0750506
 706 2.69474 1.39562 0.0749669
 707 6.06316 1.40222 0.0751513
 708 0.0421053 1.4003 0.0750697
 709 0 1.39832 0.0749898
 710 5.09474 1.40353 0.0750648
 711 7.11579 1.41156 0.0753885
 712 1.05263 1.41106 0.0752842
 713 0.168421 1.40932 0.0751988
 714 0.0421053 1.4074 0.0751178
 715 1.05263 1.4069 0.0750143
 716 3.41053 1.4097 0.0749617
 717 1.05263 1.40921 0.0748587
 718 7.11579 1.41715 0.0751757
 719 9.47368 1.42836 0.0759027
 720 2.06316 1.42924 0.0758024
 721 0.378947 1.42778 0.0757112
 722 0.0421053 1.42586 0.0756306
 723 0 1.42389 0.0755517
 724 1.05263 1.42338 0.075449
 725 0.378947 1.42194 0.0753586
 726 0.168421 1.42021 0.0752745
 727 0.168421 1.41849 0.0751906
 728 0.168421 1.41677 0.0751069
 729 0.378947 1.41535 0.0750173
 730 0.673684 1.41433 0.0749214
 731 0.378947 1.41292 0.0748322
 732 0 1.41099 0.0747549
 733 0 1.40906 0.0746776
 734 0.0421053 1.4072 0.0745991
 735 0.0421053 1.40534 0.0745206
 736 0.0421053 1.40349 0.0744424
 737 0.673684 1.4025 0.0743479
 738 0.0421053 1.40066 0.0742699
 739 0.378947 1.39927 0.0741823
 740 0.673684 1.39829 0.0740884
 741 0.378947 1.39692 0.0740012
 742 0.0421053 1.39509 0.0739239
 743 0.168421 1.39344 0.0738428
 744 0.0421053 1.39162 0.0737659
 745 1.05263 1.39117 0.0736682
 746 1.05263 1.39072 0.0735708
 747 1.51579 1.39088 0.0734724
 748 2.69474 1.39263 0.0733948
 749 1.05263 1.39217 0.0732982
 750 0.378947 1.39082 0.0732128
 751 2.06316 1.39172 0.0731208
 752 0.673684 1.39076 0.0730297
 753 0.0421053 1.38897 0.0729547
 754 0.378947 1.38763 0.0728701
 755 0.168421 1.38602 0.0727915
 756 0 1.38418 0.0727182
 757 3.41053 1.38686 0.0726714
 758 4.21053 1.39058 0.072671
 759 0.673684 1.38964 0.0725814
 760 0.168421 1.38803 0.0725036
 761 0.168421 1.38643 0.072426
 762 0.673684 1.3855 0.072337
 763 0.168421 1.3839 0.0722597
 764 5.09474 1.38876 0.0723283
 765 2.69474 1.39046 0.0722539
 766 1.51579 1.39063 0.0721597
 767 0.0421053 1.38887 0.072087
 768 1.05263 1.38843 0.0719944
 769 0.0421053 1.38668 0.071922
 770 0.168421 1.3851 0.071846
 771 0.0421053 1.38336 0.0717739
 772 0.0421053 1.38162 0.0717019
 773 0.378947 1.38032 0.0716208
 774 0.0421053 1.37859 0.0715491
 775 0.378947 1.3773 0.0714684
 776 0.673684 1.3764 0.071382
 777 2.06316 1.37728 0.0712955
 778 1.05263 1.37686 0.0712051
 779 0.673684 1.37596 0.0711193
 780 0.378947 1.37468 0.0710396
 781 0.168421 1.37314 0.0709654
 782 0.168421 1.3716 0.0708913
 783 0.168421 1.37006 0.0708174
 784 0.378947 1.3688 0.0707383
 785 0 1.36705 0.0706696
 786 0.673684 1.36617 0.0705852
 787 2.06316 1.36706 0.070501
 788 0.0421053 1.36538 0.0704316
 789 0.0421053 1.3637 0.0703622
 790 0.378947 1.36245 0.0702842
 791 0.168421 1.36094 0.0702115
 792 2.69474 1.36263 0.070143
 793 0.168421 1.36112 0.0700707
 794 0.168421 1.35962 0.0699985
 795 1.05263 1.35923 0.0699114
 796 1.05263 1.35885 0.0698246
 797 0.673684 1.35799 0.0697423
 798 0.378947 1.35676 0.0696656
 799 1.05263 1.35638 0.0695794
 800 0.378947 1.35516 0.0695031
 801 0.673684 1.35431 0.0694215
 802 0.0421053 1.35267 0.0693542
 803 0 1.35099 0.0692882
 804 0.378947 1.34978 0.0692126
 805 0 1.3481 0.0691469
 806 0.673684 1.34726 0.0690661
 807 4.21053 1.35081 0.0690717
 808 5.09474 1.35545 0.0691415
 809 9.47368 1.36548 0.0697813
 810 4.21053 1.36899 0.0697836
 811 0.673684 1.36814 0.0697028
 812 0.378947 1.36692 0.0696275
 813 0.168421 1.36544 0.0695574
 814 4.21053 1.36894 0.0695598
 815 1.05263 1.36855 0.0694755
 816 1.51579 1.36873 0.0693905
 817 5.09474 1.37329 0.0694554
 818 0.673684 1.37244 0.0693758
 819 0.168421 1.37097 0.0693066
 820 0.673684 1.37012 0.0692272
 821 2.69474 1.37173 0.0691617
 822 1.51579 1.3719 0.0690777
 823 3.41053 1.37438 0.0690382
 824 3.41053 1.37685 0.0689986
 825 2.06316 1.37768 0.0689199
 826 1.05263 1.37729 0.0688376
 827 0.0421053 1.37568 0.0687732
 828 2.69474 1.37727 0.0687086
 829 0.378947 1.37607 0.0686362
 830 0 1.37441 0.0685735
 831 0.673684 1.37356 0.0684962
 832 2.06316 1.37439 0.0684188
 833 0.0421053 1.37279 0.0683553
 834 0 1.37115 0.0682932
 835 2.06316 1.37198 0.0682164
 836 7.11579 1.37885 0.0684803
 837 2.69474 1.38042 0.0684165
 838 0 1.37877 0.0683546
 839 0.378947 1.37758 0.0682835
 840 0.673684 1.37674 0.0682073
 841 1.05263 1.37636 0.0681272
 842 1.05263 1.37597 0.0680474
 843 0.673684 1.37514 0.0679717
 844 5.09474 1.37955 0.068034
 845 2.69474 1.3811 0.0679713
 846 2.06316 1.38191 0.0678957
 847 0.0421053 1.38033 0.0678339
 848 0.0421053 1.37875 0.0677722
 849 0.378947 1.37757 0.0677026
 850 1.51579 1.37773 0.0676231
 851 0.673684 1.37691 0.0675487
 852 1.51579 1.37707 0.0674695
 853 0.0421053 1.3755 0.0674086
 854 2.06316 1.37631 0.0673344
 855 4.21053 1.37962 0.0673372
 856 5.09474 1.38396 0.0673984
 857 10.7789 1.39493 0.0682065
 858 7.11579 1.40159 0.0684525
 859 0.168421 1.40016 0.0683878
 860 1.51579 1.40029 0.0683084
 861 2.69474 1.4018 0.0682455
 862 2.69474 1.4033 0.0681828
 863 2.06316 1.40406 0.0681081
 864 0.168421 1.40263 0.0680442
 865 0.168421 1.4012 0.0679805
 866 0.168421 1.39978 0.0679169
 867 0.673684 1.39894 0.0678436
 868 0 1.39733 0.0677846
 869 0.0421053 1.39577 0.0677245
 870 0.0421053 1.39422 0.0676645
 871 0.673684 1.39339 0.0675918
 872 0.0421053 1.39184 0.0675321
 873 0.168421 1.39044 0.0674692
 874 0.168421 1.38904 0.0674065
 875 0.0421053 1.3875 0.067347
 876 0 1.38592 0.0672887
 877 2.69474 1.38741 0.0672285
 878 0.378947 1.38626 0.0671617
 879 0.168421 1.38488 0.0670996
 880 0.0421053 1.38335 0.0670407
 881 0.0421053 1.38183 0.0669818
 882 1.05263 1.38145 0.0669069
 883 0.673684 1.38065 0.0668359
 884 6.06316 1.38595 0.06697
 885 2.06316 1.38671 0.0668987
 886 0.673684 1.38591 0.066828
 887 0.168421 1.38454 0.0667667
 888 0 1.38298 0.0667097
 889 1.05263 1.38261 0.0666357
 890 3.41053 1.38488 0.0665997
 891 8.25263 1.39259 0.06697
 892 1.05263 1.39221 0.066896
 893 0.0421053 1.3907 0.0668381
 894 0.168421 1.38933 0.0667773
 895 1.05263 1.38896 0.0667037
 896 0.673684 1.38816 0.066634
 897 1.05263 1.38778 0.0665607
 898 0.378947 1.38666 0.0664961
 899 2.69474 1.38812 0.066438
 900 7.11579 1.39448 0.0666686
 901 5.09474 1.39859 0.066721
 902 0.0421053 1.39708 0.066664
 903 3.41053 1.39931 0.0666275
 904 0 1.39776 0.0665717
 905 0.378947 1.39664 0.0665076
 906 0 1.3951 0.0664521
 907 1.05263 1.39472 0.0663798
 908 1.05263 1.39434 0.0663078
 909 2.06316 1.39508 0.0662389
 910 0.0421053 1.39359 0.0661827
 911 0.0421053 1.39211 0.0661267
 912 2.69474 1.39354 0.0660696
 913 2.06316 1.39427 0.0660013
 914 0.673684 1.39348 0.0659337
 915 0.168421 1.39214 0.0658752
 916 0.378947 1.39104 0.0658126
 917 2.69474 1.39246 0.0657561
 918 7.11579 1.39869 0.0659797
 919 3.41053 1.40088 0.0659442
 920 1.05263 1.4005 0.0658736
 921 2.06316 1.40122 0.0658059
 922 0.168421 1.39989 0.0657481
 923 4.21053 1.40293 0.0657474
 924 0.378947 1.40182 0.0656856
 925 0.168421 1.40049 0.0656281
 926 0.0421053 1.39902 0.0655736
 927 1.05263 1.39865 0.0655038
 928 2.06316 1.39936 0.0654371
 929 0.378947 1.39827 0.0653759
 930 0.168421 1.39694 0.0653189
 931 3.41053 1.39911 0.0652846
 932 0.378947 1.39801 0.0652237
 933 0.378947 1.39692 0.0651629
 934 0.378947 1.39583 0.0651022
 935 1.05263 1.39546 0.0650336
 936 2.69474 1.39685 0.0649789
 937 3.41053 1.399 0.0649451
 938 6.06316 1.40397 0.0650661
 939 3.41053 1.40611 0.0650319
 940 2.69474 1.40748 0.0649771
 941 0.378947 1.40639 0.0649172
 942 0.168421 1.40507 0.0648616
 943 0 1.40358 0.0648099
 944 0.168421 1.40227 0.0647544
 945 0.0421053 1.40084 0.0647019
 946 0.168421 1.39953 0.0646466
 947 2.69474 1.4009 0.0645928
 948 1.05263 1.40053 0.0645256
 949 0.673684 1.39977 0.0644622
 950 0.378947 1.39869 0.0644032
 951 2.06316 1.39939 0.0643393
 952 0.168421 1.3981 0.0642846
 953 1.05263 1.39774 0.0642182
 954 2.69474 1.3991 0.0641652
 955 0.673684 1.39834 0.0641025
 956 1.05263 1.39797 0.0640364
 957 1.05263 1.39761 0.0639705
 958 4.21053 1.40055 0.0639711
 959 2.69474 1.4019 0.0639186
 960 1.05263 1.40154 0.0638531
 961 0.673684 1.40078 0.0637911
 962 0.0421053 1.39937 0.0637404
 963 0.673684 1.39861 0.0636786
 964 0.673684 1.39786 0.063617
 965 2.06316 1.39855 0.0635547
 966 2.06316 1.39924 0.0634926
 967 0.378947 1.39818 0.0634357
 968 2.06316 1.39887 0.0633739
 969 2.69474 1.40021 0.0633226
 970 9.47368 1.40853 0.0638025
 971 3.41053 1.41059 0.0637701
 972 0.673684 1.40983 0.0637089
 973 1.51579 1.40994 0.0636435
 974 2.06316 1.41061 0.0635817
 975 5.09474 1.41439 0.0636287
 976 0.673684 1.41363 0.063568
 977 0.378947 1.41257 0.0635118
 978 0.378947 1.41152 0.0634556
 979 0.168421 1.41025 0.0634035
 980 1.05263 1.40988 0.0633398
 981 0.378947 1.40883 0.0632839
 982 0.0421053 1.40744 0.0632348
 983 0.0421053 1.40605 0.0631857
 984 0.168421 1.40479 0.0631339
 985 1.05263 1.40443 0.0630708
 986 1.05263 1.40408 0.0630078
 987 1.51579 1.40419 0.0629441
 988 0.378947 1.40315 0.0628889
 989 3.41053 1.40518 0.0628581
 990 4.21053 1.40802 0.0628584
 991 3.41053 1.41004 0.0628275
 992 4.21053 1.41286 0.0628276
 993 1.51579 1.41296 0.0627643
 994 0 1.41154 0.0627173
 995 0.673684 1.4108 0.0626586
 996 2.69474 1.41209 0.0626089
 997 6.06316 1.41676 0.0627198
 998 0.673684 1.41601 0.0626614
 999 0.168421 1.41476 0.0626111
 1000 0.0421053 1.41339 0.0625635
 1001 0.168421 1.41215 0.0625133
 1002 1.51579 1.41225 0.062451
 1003 3.41053 1.41424 0.0624205
 1004 2.06316 1.41489 0.0623617
 1005 2.69474 1.41616 0.0623126
 1006 4.21053 1.41894 0.0623126
 1007 1.51579 1.41904 0.0622507
 1008 2.69474 1.4203 0.0622018
 1009 2.06316 1.42094 0.0621434
 1010 0.0421053 1.41957 0.0620969
 1011 0.168421 1.41834 0.0620478
 1012 0.0421053 1.41698 0.0620013
 1013 4.21053 1.41973 0.0620014
 1014 4.21053 1.42249 0.0620014
 1015 1.05263 1.42212 0.0619413
 1016 1.51579 1.42221 0.0618804
 1017 0 1.42081 0.0618354
 1018 0.673684 1.42008 0.0617789
 1019 0.673684 1.41935 0.0617226
 1020 2.06316 1.41998 0.0616653
 1021 4.21053 1.42271 0.0616655
 1022 2.06316 1.42334 0.0616083
 1023 0.0421053 1.42199 0.0615629
 1024 0.0421053 1.42064 0.0615175
 1025 0.378947 1.41963 0.0614658
 1026 1.51579 1.41972 0.061406
 1027 0.168421 1.4185 0.0613583
 1028 2.69474 1.41974 0.0613111
 1029 2.06316 1.42037 0.0612547
 1030 0.378947 1.41936 0.0612035
 1031 0.673684 1.41863 0.0611484
 1032 2.06316 1.41926 0.0610923
 1033 1.05263 1.4189 0.0610342
 1034 0.673684 1.41818 0.0609794
 1035 0.168421 1.41697 0.0609324
 1036 0.378947 1.41597 0.0608818
 1037 0.673684 1.41526 0.0608273
 1038 0.168421 1.41406 0.0607805
 1039 0.168421 1.41286 0.0607338
 1040 1.05263 1.41251 0.0606764
 1041 0.673684 1.4118 0.0606222
 1042 1.05263 1.41146 0.060565
 1043 0.168421 1.41026 0.0605187
 1044 2.06316 1.41089 0.0604639
 1045 0.168421 1.4097 0.0604177
 1046 0.378947 1.40871 0.060368
 1047 0.168421 1.40753 0.0603219
 1048 0.673684 1.40683 0.0602684
 1049 2.69474 1.40806 0.0602234
 1050 2.06316 1.40868 0.0601693
 1051 5.09474 1.41219 0.0602142
 1052 3.41053 1.41409 0.0601869
 1053 0.0421053 1.41279 0.0601439
 1054 0.0421053 1.41149 0.0601009
 1055 0.673684 1.41079 0.0600479
 1056 0.168421 1.40961 0.0600026
 1057 1.05263 1.40927 0.0599467
 1058 0.168421 1.4081 0.0599015
 1059 1.51579 1.4082 0.059845
 1060 8.25263 1.41466 0.0601362
 1061 0.673684 1.41396 0.0600836
 1062 6.06316 1.41834 0.0601864
 1063 0.0421053 1.41704 0.0601437
 1064 0.378947 1.41607 0.060095
 1065 0.168421 1.41489 0.06005
 1066 1.05263 1.41456 0.0599946
 1067 1.51579 1.41465 0.0599384
 1068 0.378947 1.41368 0.0598901
 1069 0.673684 1.41299 0.0598381
 1070 0.673684 1.4123 0.0597861
 1071 1.05263 1.41196 0.0597312
 1072 5.09474 1.4154 0.0597743
 1073 3.41053 1.41726 0.0597475
 1074 0.378947 1.41629 0.0596997
 1075 0.378947 1.41532 0.0596519
 1076 0.378947 1.41436 0.0596042
 1077 0.0421053 1.41309 0.0595625
 1078 0 1.41178 0.0595217
 1079 0.168421 1.41062 0.0594776
 1080 0.673684 1.40994 0.0594264
 1081 2.06316 1.41055 0.0593745
 1082 5.09474 1.41395 0.0594173
 1083 1.51579 1.41404 0.0593625
 1084 0.168421 1.4129 0.0593188
 1085 0.0421053 1.41163 0.0592776
 1086 0.0421053 1.41037 0.0592364
 1087 0.673684 1.40969 0.0591857
 1088 1.05263 1.40937 0.0591322
 1089 0 1.40807 0.0590921
 1090 0.673684 1.4074 0.0590417
 1091 0.378947 1.40645 0.0589951
 1092 0 1.40517 0.0589551
 1093 0.168421 1.40404 0.058912
 1094 1.05263 1.40371 0.058859
 1095 2.69474 1.40489 0.058817
 1096 0 1.40361 0.0587773
 1097 0.0421053 1.40237 0.0587368
 1098 0.673684 1.40171 0.0586871
 1099 0.0421053 1.40047 0.0586467
 1100 0.168421 1.39935 0.0586041
 1101 0.378947 1.39842 0.0585581
 1102 0 1.39715 0.0585187
 1103 0 1.39589 0.0584794
 1104 0.168421 1.39477 0.058437
 1105 0.378947 1.39386 0.0583913
 1106 1.51579 1.39397 0.0583386
 1107 3.41053 1.39579 0.0583143
 1108 0.378947 1.39487 0.0582689
 1109 0.0421053 1.39365 0.0582291
 1110 0 1.39239 0.0581902
 1111 0.378947 1.39148 0.0581449
 1112 5.09474 1.39481 0.058188
 1113 4.21053 1.39734 0.0581907
 1114 1.51579 1.39745 0.0581385
 1115 0.0421053 1.39623 0.0580991
 1116 0 1.39498 0.0580605
 1117 0.378947 1.39407 0.0580156
 1118 0.168421 1.39298 0.0579741
 1119 2.69474 1.39414 0.0579339
 1120 0.673684 1.3935 0.0578857
 1121 0.378947 1.39259 0.0578412
 1122 0.378947 1.39169 0.0577967
 1123 0.0421053 1.39049 0.0577577
 1124 0.0421053 1.38929 0.0577187
 1125 0.168421 1.3882 0.0576776
 1126 0.0421053 1.38701 0.0576388
 1127 2.06316 1.38761 0.0575907
 1128 0.168421 1.38652 0.0575498
 1129 0.673684 1.38589 0.0575023
 1130 1.05263 1.3856 0.0574521
 1131 0.0421053 1.38441 0.0574136
 1132 0.168421 1.38334 0.0573729
 1133 2.69474 1.38449 0.0573339
 1134 0 1.38327 0.0572963
 1135 0 1.38205 0.0572588
 1136 0.378947 1.38117 0.0572152
 1137 0.673684 1.38055 0.0571682
 1138 2.06316 1.38115 0.0571211
 1139 0.0421053 1.37997 0.0570831
 1140 0.378947 1.3791 0.0570397
 1141 1.51579 1.37921 0.0569899
 1142 0.378947 1.37834 0.0569467
 1143 0.0421053 1.37717 0.0569088
 1144 2.69474 1.37832 0.0568707
 1145 0.168421 1.37726 0.0568309
 1146 1.05263 1.37698 0.056782
 1147 0.673684 1.37637 0.0567357
 1148 1.05263 1.37609 0.056687
 1149 0.673684 1.37548 0.0566409
 1150 0.0421053 1.37432 0.0566035
 1151 2.06316 1.37491 0.0565575
 1152 0.673684 1.37431 0.0565117
 1153 1.51579 1.37443 0.0564628
 1154 1.51579 1.37455 0.056414
 1155 0.378947 1.37369 0.0563717
 1156 2.06316 1.37429 0.0563261
 1157 0.378947 1.37342 0.0562839
 1158 0.673684 1.37282 0.0562385
 1159 0.168421 1.37178 0.0561996
 1160 1.05263 1.37151 0.0561518
 1161 1.05263 1.37123 0.0561041
 1162 5.09474 1.37444 0.0561473
 1163 0.673684 1.37383 0.0561022
 1164 0.168421 1.3728 0.0560636
 1165 6.06316 1.37682 0.0561599
 1166 2.06316 1.37741 0.0561149
 1167 2.06316 1.378 0.0560698
 1168 2.06316 1.37859 0.0560249
 1169 0.673684 1.37798 0.0559802
 1170 0 1.37681 0.0559447
 1171 0.168421 1.37577 0.0559064
 1172 0.0421053 1.37464 0.0558703
 1173 2.06316 1.37522 0.0558257
 1174 0 1.37405 0.0557905
 1175 0.378947 1.3732 0.0557494
 1176 2.69474 1.37433 0.0557133
 1177 3.41053 1.37606 0.0556928
 1178 8.25263 1.3819 0.0559509
 1179 1.51579 1.38201 0.0559035
 1180 0.378947 1.38116 0.0558626
 1181 7.11579 1.38602 0.0560261
 1182 4.21053 1.38841 0.0560296
 1183 5.09474 1.39154 0.0560699
 1184 2.06316 1.39211 0.0560254
 1185 2.69474 1.3932 0.0559889
 1186 0.673684 1.3926 0.0559449
 1187 0.0421053 1.39146 0.0559093
 1188 0.168421 1.39043 0.0558717
 1189 0 1.38926 0.055837
 1190 1.05263 1.38898 0.0557908
 1191 0.0421053 1.38785 0.0557554
 1192 3.41053 1.38954 0.0557344
 1193 0 1.38838 0.0556999
 1194 0.673684 1.38778 0.0556564
 1195 2.06316 1.38835 0.0556127
 1196 0.0421053 1.38722 0.0555776
 1197 0.0421053 1.3861 0.0555425
 1198 0.168421 1.38508 0.0555054
 1199 0.673684 1.38449 0.0554623
 1200 2.06316 1.38505 0.0554189
 1201 2.69474 1.38614 0.0553835
 1202 0.0421053 1.38502 0.0553487
 1203 0 1.38387 0.0553146
 1204 0.0421053 1.38276 0.0552799
 1205 0.378947 1.38193 0.0552403
 1206 0.378947 1.38109 0.0552007
 1207 1.51579 1.38121 0.0551551
 1208 0.673684 1.38062 0.0551125
 1209 0.378947 1.37979 0.0550732
 1210 0.378947 1.37896 0.0550338
 1211 0.168421 1.37797 0.0549975
 1212 0.378947 1.37714 0.0549583
 1213 0.0421053 1.37604 0.054924
 1214 0.378947 1.37522 0.0548848
 1215 0.673684 1.37464 0.0548427
 1216 3.41053 1.37632 0.0548231
 1217 13.6421 1.38639 0.0556976
 1218 6.06316 1.39023 0.0557841
 1219 6.06316 1.39407 0.05587
 1220 0.673684 1.39348 0.0558273
 1221 0.378947 1.39265 0.0557878
 1222 0.168421 1.39164 0.0557511
 1223 1.05263 1.39137 0.0557062
 1224 0.378947 1.39054 0.0556668
 1225 8.25263 1.39614 0.0559027
 1226 5.09474 1.39916 0.0559385
 1227 1.51579 1.39925 0.055893
 1228 0.168421 1.39825 0.0558564
 1229 0.378947 1.39742 0.0558171
 1230 2.06316 1.39796 0.0557743
 1231 0.673684 1.39737 0.0557321
 1232 1.51579 1.39747 0.0556869
 1233 0.0421053 1.39637 0.0556526
 1234 0.168421 1.39538 0.0556164
 1235 0 1.39425 0.0555828
 1236 1.05263 1.39397 0.0555385
 1237 0.168421 1.39298 0.0555025
 1238 0.0421053 1.39189 0.0554684
 1239 0.0421053 1.3908 0.0554343
 1240 0.378947 1.38998 0.0553956
 1241 4.21053 1.39226 0.0553975
 1242 2.69474 1.3933 0.0553629
 1243 2.06316 1.39384 0.0553209
 1244 10.7789 1.40139 0.0557889
 1245 2.69474 1.40243 0.0557537
 1246 2.69474 1.40346 0.0557186
 1247 2.69474 1.4045 0.0556836
 1248 0.378947 1.40368 0.055645
 1249 0.378947 1.40286 0.0556065
 1250 0.0421053 1.40177 0.0555726
 1251 0.0421053 1.40068 0.0555388
 1252 0.0421053 1.3996 0.0555051
 1253 0.0421053 1.39851 0.0554713
 1254 0 1.3974 0.0554383
 1255 3.41053 1.399 0.0554173
 1256 0.378947 1.39819 0.0553791
 1257 6.06316 1.4019 0.0554594
 1258 5.09474 1.40484 0.055493
 1259 10.7789 1.41228 0.0559465
 1260 12.1684 1.42082 0.0565502
 1261 4.21053 1.42303 0.0565486
 1262 3.41053 1.42461 0.0565257
 1263 3.41053 1.42618 0.0565028
 1264 1.51579 1.42625 0.0564581
 1265 4.21053 1.42845 0.0564564
 1266 1.05263 1.42815 0.0564126
 1267 0.0421053 1.42706 0.0563787
 1268 0.673684 1.42647 0.0563373
 1269 0.168421 1.42547 0.0563016
 1270 0.168421 1.42448 0.056266
 1271 0 1.42336 0.0562329
 1272 0.168421 1.42238 0.0561973
 1273 0 1.42126 0.0561643
 1274 0.673684 1.42067 0.0561232
 1275 1.51579 1.42075 0.0560792
 1276 0.168421 1.41977 0.0560439
 1277 0.168421 1.41879 0.0560085
 1278 0.0421053 1.41771 0.0559751
 1279 0.378947 1.4169 0.0559372
 1280 0.378947 1.41609 0.0558993
 1281 2.69474 1.41708 0.0558646
 1282 2.69474 1.41808 0.0558299
 1283 0.0421053 1.41701 0.0557967
 1284 0.0421053 1.41594 0.0557635
 1285 0 1.41484 0.055731
 1286 0.168421 1.41387 0.055696
 1287 3.41053 1.41542 0.0556744
 1288 7.11579 1.41984 0.0558069
 1289 3.41053 1.42139 0.055785
 1290 2.06316 1.42188 0.0557439
 1291 2.06316 1.42238 0.055703
 1292 5.09474 1.42522 0.0557323
 1293 0.0421053 1.42415 0.0556995
 1294 0.378947 1.42335 0.0556623
 1295 1.05263 1.42306 0.05562
 1296 0.378947 1.42225 0.0555829
 1297 0.0421053 1.42119 0.0555503
 1298 0.378947 1.42039 0.0555133
 1299 0.673684 1.41981 0.0554735
 1300 0.378947 1.41901 0.0554366
 1301 2.06316 1.41951 0.0553962
 1302 1.51579 1.41958 0.0553537
 1303 3.41053 1.42111 0.0553323
 1304 1.51579 1.42118 0.0552899
 1305 0.168421 1.42022 0.0552558
 1306 1.51579 1.42029 0.0552135
 1307 5.09474 1.42311 0.0552429
 1308 1.51579 1.42318 0.0552006
 1309 0.673684 1.4226 0.0551614
 1310 0.0421053 1.42155 0.0551294
 1311 0.0421053 1.4205 0.0550974
 1312 1.05263 1.42022 0.0550561
 1313 0.0421053 1.41917 0.0550241
 1314 0.673684 1.4186 0.0549852
 1315 0.378947 1.41781 0.054949
 1316 0.0421053 1.41677 0.0549172
 1317 0.168421 1.41582 0.0548837
 1318 0 1.41474 0.0548525
 1319 2.69474 1.41571 0.0548195
 1320 5.09474 1.4185 0.0548488
 1321 2.69474 1.41947 0.0548158
 1322 0.0421053 1.41843 0.0547842
 1323 0.168421 1.41748 0.054751
 1324 0.378947 1.4167 0.0547152
 1325 1.51579 1.41677 0.054674
 1326 0.168421 1.41583 0.0546408
 1327 0.378947 1.41505 0.0546052
 1328 0 1.41398 0.0545745
 1329 0.673684 1.41343 0.0545363
 1330 0.378947 1.41265 0.0545008
 1331 2.06316 1.41314 0.054462
 1332 4.21053 1.41524 0.0544616
 1333 3.41053 1.41673 0.0544413
 1334 1.51579 1.41681 0.0544006
 1335 2.69474 1.41776 0.0543682
 1336 0.673684 1.41721 0.0543304
 1337 1.05263 1.41694 0.0542904
 1338 0 1.41588 0.0542602
 1339 0 1.41482 0.0542299
 1340 1.51579 1.41489 0.0541895
 1341 0.378947 1.41412 0.0541546
 1342 0.0421053 1.4131 0.0541239
 1343 1.51579 1.41318 0.0540836
 1344 1.51579 1.41325 0.0540434
 1345 4.21053 1.41533 0.0540432
 1346 2.06316 1.41581 0.0540052
 1347 2.69474 1.41676 0.0539735
 1348 0.378947 1.41599 0.0539389
 1349 0.378947 1.41522 0.0539044
 1350 1.51579 1.4153 0.0538645
 1351 0.168421 1.41438 0.0538325
 1352 0.378947 1.41361 0.0537981
 1353 2.06316 1.41409 0.0537605
 1354 0.378947 1.41333 0.0537262
 1355 1.51579 1.4134 0.0536866
 1356 0.168421 1.41248 0.0536549
 1357 0 1.41144 0.0536254
 1358 0.168421 1.41053 0.0535937
 1359 0.0421053 1.40952 0.0535637
 1360 0.168421 1.40861 0.0535321
 1361 0.378947 1.40785 0.0534981
 1362 0.168421 1.40694 0.0534666
 1363 0.168421 1.40603 0.0534351
 1364 0.378947 1.40528 0.0534012
 1365 6.06316 1.40869 0.053471
 1366 7.11579 1.41287 0.053595
 1367 0.673684 1.41233 0.0535585
 1368 1.05263 1.41207 0.05352
 1369 1.05263 1.4118 0.0534815
 1370 3.41053 1.41326 0.0534624
 1371 8.25263 1.41825 0.0536558
 1372 5.09474 1.42093 0.0536836
 1373 0.673684 1.42039 0.0536472
 1374 0 1.41935 0.0536181
 1375 0.168421 1.41844 0.0535868
 1376 0.0421053 1.41744 0.0535572
 1377 0.673684 1.4169 0.053521
 1378 2.69474 1.41783 0.0534902
 1379 0.0421053 1.41683 0.0534607
 1380 0.378947 1.41608 0.0534273
 1381 0.0421053 1.41508 0.0533978
 1382 0.673684 1.41455 0.0533619
 1383 7.11579 1.41867 0.0534824
 1384 3.41053 1.42011 0.0534631
 1385 2.06316 1.42057 0.0534265
 1386 6.06316 1.42392 0.0534929
 1387 3.41053 1.42536 0.0534735
 1388 0.168421 1.42445 0.0534427
 1389 2.06316 1.42491 0.0534061
 1390 2.06316 1.42537 0.0533697
 1391 1.51579 1.42543 0.0533313
 1392 0.168421 1.42453 0.0533007
 1393 2.69474 1.42544 0.0532702
 1394 6.06316 1.42877 0.0533358
 1395 4.21053 1.43076 0.0533349
 1396 0.673684 1.43022 0.0532994
 1397 0.378947 1.42947 0.0532666
 1398 0.0421053 1.42848 0.0532377
 1399 0.0421053 1.42749 0.0532089
 1400 0.168421 1.42659 0.0531784
 1401 0.168421 1.42569 0.0531481
 1402 2.06316 1.42614 0.0531121
 1403 2.06316 1.4266 0.0530762
 1404 0 1.42558 0.0530481
 1405 0 1.42457 0.05302
 1406 0.0421053 1.42358 0.0529914
 1407 0.378947 1.42284 0.0529589
 1408 7.11579 1.42688 0.0530755
 1409 0.168421 1.42599 0.0530454
 1410 1.05263 1.42573 0.0530084
 1411 1.05263 1.42546 0.0529715
 1412 2.06316 1.42591 0.0529359
 1413 5.09474 1.42851 0.0529621
 1414 7.11579 1.43253 0.0530772
 1415 13.6421 1.44116 0.053737
 1416 1.05263 1.44089 0.0536997
 1417 0.673684 1.44034 0.0536646
 1418 2.69474 1.44123 0.053634
 1419 0.0421053 1.44024 0.0536053
 1420 0 1.43923 0.0535771
 1421 1.05263 1.43896 0.0535401
 1422 4.21053 1.44091 0.0535379
 1423 4.21053 1.44285 0.0535356
 1424 12.1684 1.45038 0.0540257
 1425 6.06316 1.45362 0.0540847
 1426 3.41053 1.45499 0.0540642
 1427 0 1.45397 0.0540359
 1428 0.673684 1.45343 0.0540008
 1429 0 1.45241 0.0539726
 1430 0.0421053 1.45142 0.0539438
 1431 0 1.45041 0.0539157
 1432 1.05263 1.45013 0.0538787
 1433 0.378947 1.44938 0.0538463
 1434 1.05263 1.44911 0.0538094
 1435 0.168421 1.44822 0.0537793
 1436 0.168421 1.44732 0.0537493
 1437 0.673684 1.44679 0.0537145
 1438 0.168421 1.4459 0.0536845
 1439 0.378947 1.44516 0.0536523
 1440 0.0421053 1.44418 0.0536239
 1441 0.0421053 1.44321 0.0535955
 1442 0.378947 1.44247 0.0535634
 1443 2.69474 1.44334 0.0535333
 1444 0.168421 1.44246 0.0535035
 1445 5.09474 1.44498 0.0535262
 1446 0.673684 1.44445 0.0534918
 1447 2.06316 1.44488 0.0534566
 1448 0.0421053 1.44391 0.0534284
 1449 0.168421 1.44303 0.0533988
 1450 0.0421053 1.44206 0.0533707
 1451 1.05263 1.44179 0.0533346
 1452 0.0421053 1.44083 0.0533066
 1453 0.0421053 1.43987 0.0532785
 1454 1.05263 1.4396 0.0532426
 1455 2.69474 1.44046 0.0532129
 1456 0.378947 1.43973 0.0531814
 1457 0.673684 1.43921 0.0531475
 1458 3.41053 1.44056 0.0531282
 1459 1.05263 1.44029 0.0530925
 1460 0.378947 1.43957 0.0530611
 1461 0.378947 1.43884 0.0530297
 1462 4.21053 1.44074 0.0530273
 1463 3.41053 1.44208 0.0530082
 1464 2.06316 1.44251 0.0529736
 1465 2.06316 1.44293 0.0529392
 1466 3.41053 1.44427 0.0529201
 1467 3.41053 1.44561 0.052901
 1468 2.06316 1.44603 0.0528666
 1469 1.05263 1.44577 0.0528313
 1470 0.673684 1.44524 0.0527979
 1471 0.168421 1.44437 0.0527692
 1472 0.168421 1.44351 0.0527404
 1473 0.168421 1.44264 0.0527117
 1474 0.378947 1.44192 0.0526809
 1475 0 1.44094 0.0526542
 1476 0.378947 1.44022 0.0526235
 1477 0.378947 1.4395 0.0525927
 1478 1.51579 1.43956 0.0525572
 1479 0.0421053 1.43861 0.0525301
 1480 0.378947 1.43789 0.0524995
 1481 0.673684 1.43738 0.0524666
 1482 0.168421 1.43652 0.0524381
 1483 0.0421053 1.43558 0.0524112
 1484 2.06316 1.43601 0.0523776
 1485 2.69474 1.43685 0.0523492
 1486 0 1.43589 0.0523229
 1487 1.05263 1.43563 0.0522883
 1488 0.673684 1.43512 0.0522556
 1489 0.168421 1.43427 0.0522275
 1490 0 1.4333 0.0522013
 1491 4.21053 1.43517 0.0521995
 1492 2.69474 1.43601 0.0521713
 1493 0.168421 1.43516 0.0521433
 1494 0 1.4342 0.0521172
 1495 0.673684 1.43369 0.0520848
 1496 0.0421053 1.43276 0.0520583
 1497 0.168421 1.43192 0.0520304
 1498 0.168421 1.43107 0.0520025
 1499 1.05263 1.43082 0.0519684
 1500 3.41053 1.43214 0.0519505
 1501 2.06316 1.43256 0.0519176
 1502 0.378947 1.43186 0.0518878
 1503 0.168421 1.43102 0.05186
 1504 0.378947 1.43032 0.0518303
 1505 2.69474 1.43116 0.0518026
 1506 0.673684 1.43066 0.0517707
 1507 0.673684 1.43015 0.0517387
 1508 0.673684 1.42965 0.0517068
 1509 4.21053 1.4315 0.0517054
 1510 7.11579 1.43526 0.0518081
 1511 5.09474 1.43768 0.0518304
 1512 1.51579 1.43773 0.0517962
 1513 0.673684 1.43723 0.0517644
 1514 0.673684 1.43672 0.0517326
 1515 0.168421 1.43589 0.0517053
 1516 0.0421053 1.43497 0.0516793
 1517 0.673684 1.43447 0.0516477
 1518 0 1.43352 0.0516223
 1519 0.0421053 1.4326 0.0515964
 1520 0.0421053 1.43169 0.0515706
 1521 0.0421053 1.43078 0.0515448
 1522 0.0421053 1.42986 0.051519
 1523 0.0421053 1.42895 0.0514932
 1524 0.673684 1.42846 0.0514618
 1525 3.41053 1.42976 0.0514444
 1526 1.05263 1.42951 0.0514113
 1527 0 1.42857 0.0513862
 1528 0.0421053 1.42767 0.0513605
 1529 1.05263 1.42742 0.0513275
 1530 2.06316 1.42784 0.0512956
 1531 0.0421053 1.42693 0.0512701
 1532 1.05263 1.42669 0.0512372
 1533 1.51579 1.42674 0.0512038
 1534 0.168421 1.42592 0.051177
 1535 0.168421 1.42511 0.0511502
 1536 1.51579 1.42516 0.0511169
 1537 4.21053 1.42698 0.0511158
 1538 0.378947 1.4263 0.0510871
 1539 3.41053 1.42758 0.0510702
 1540 0.673684 1.4271 0.0510394
 1541 2.06316 1.42751 0.0510079
 1542 1.05263 1.42726 0.0509754
 1543 1.05263 1.42702 0.0509429
 1544 0.673684 1.42653 0.0509122
 1545 0.673684 1.42605 0.0508816
 1546 0.0421053 1.42515 0.0508566
 1547 0.0421053 1.42426 0.0508316
 1548 0.0421053 1.42336 0.0508066
 1549 0.378947 1.42269 0.0507782
 1550 0.168421 1.42188 0.0507519
 1551 0.168421 1.42107 0.0507256
 1552 2.69474 1.42189 0.0506996
 1553 3.41053 1.42317 0.0506831
 1554 1.05263 1.42294 0.050651
 1555 0.673684 1.42245 0.0506207
 1556 7.11579 1.42611 0.0507203
 1557 6.06316 1.42909 0.0507752
 1558 5.09474 1.43144 0.0507971
 1559 8.25263 1.43582 0.0509527
 1560 2.69474 1.43663 0.0509264
 1561 1.51579 1.43668 0.0508938
 1562 0.673684 1.43619 0.0508636
 1563 0.168421 1.43538 0.0508375
 1564 0.168421 1.43457 0.0508114
 1565 2.06316 1.43497 0.0507805
 1566 3.41053 1.43623 0.0507638
 1567 0.378947 1.43556 0.0507358
 1568 0.168421 1.43475 0.0507099
 1569 0 1.43383 0.0506858
 1570 0 1.43292 0.0506618
 1571 0.378947 1.43225 0.050634
 1572 1.51579 1.4323 0.0506018
 1573 1.05263 1.43206 0.0505702
 1574 0.673684 1.43158 0.0505403
 1575 2.69474 1.43238 0.0505146
 1576 1.05263 1.43214 0.0504831
 1577 0.0421053 1.43126 0.0504588
 1578 1.05263 1.43102 0.0504274
 1579 0.673684 1.43054 0.0503977
 1580 1.05263 1.4303 0.0503664
 1581 1.05263 1.43006 0.0503351
 1582 0.378947 1.4294 0.0503076
 1583 0 1.42849 0.0502839
 1584 1.51579 1.42855 0.0502522
 1585 3.41053 1.4298 0.0502361
 1586 1.05263 1.42956 0.0502049
 1587 1.05263 1.42932 0.0501739
 1588 7.11579 1.4329 0.05027
 1589 2.06316 1.4333 0.0502399
 1590 0 1.4324 0.0502164
 1591 0.168421 1.43161 0.0501911
 1592 1.05263 1.43137 0.0501601
 1593 0.168421 1.43057 0.0501349
 1594 2.06316 1.43097 0.050105
 1595 0.0421053 1.4301 0.0500811
 1596 1.05263 1.42986 0.0500503
 1597 0.378947 1.42921 0.0500233
 1598 2.06316 1.4296 0.0499935
 1599 0.378947 1.42895 0.0499666
 1600 0.168421 1.42816 0.0499416
 1601 2.69474 1.42895 0.0499166
 1602 1.05263 1.42871 0.049886
 1603 1.05263 1.42848 0.0498554
 1604 0.0421053 1.42762 0.0498318
 1605 0 1.42673 0.0498087
 1606 0.0421053 1.42586 0.0497852
 1607 0.0421053 1.425 0.0497616
 1608 1.05263 1.42477 0.0497312
 1609 0.673684 1.4243 0.0497025
 1610 1.05263 1.42407 0.0496721
 1611 0.673684 1.42361 0.0496435
 1612 3.41053 1.42484 0.049628
 1613 1.51579 1.4249 0.0495972
 1614 2.06316 1.42529 0.0495681
 1615 0.378947 1.42464 0.0495416
 1616 0.0421053 1.42379 0.0495183
 1617 0.378947 1.42314 0.0494919
 1618 0.0421053 1.42229 0.0494687
 1619 1.51579 1.42235 0.0494382
 1620 0.378947 1.4217 0.0494118
 1621 0 1.42083 0.0493891
 1622 0.0421053 1.41998 0.049366
 1623 0.673684 1.41952 0.0493377
 1624 0.673684 1.41906 0.0493095
 1625 4.21053 1.42077 0.049309
 1626 0.168421 1.42 0.0492847
 1627 0.0421053 1.41916 0.0492617
 1628 0.378947 1.41852 0.0492356
 1629 1.05263 1.41829 0.0492059
 1630 3.41053 1.41952 0.0491908
 1631 0.673684 1.41906 0.0491628
 1632 0.168421 1.41829 0.0491386
 1633 0.168421 1.41753 0.0491145
 1634 2.06316 1.41792 0.049086
 1635 0.378947 1.41729 0.0490601
 1636 0 1.41642 0.0490378
 1637 0.673684 1.41597 0.0490099
 1638 0.168421 1.4152 0.0489859
 1639 2.06316 1.4156 0.0489576
 1640 1.05263 1.41538 0.0489282
 1641 0.673684 1.41493 0.0489005
 1642 1.05263 1.41471 0.0488712
 1643 0.378947 1.41408 0.0488455
 1644 0.168421 1.41332 0.0488217
 1645 0.673684 1.41287 0.0487941
 1646 1.05263 1.41265 0.0487649
 1647 0.168421 1.41189 0.0487411
 1648 0.0421053 1.41106 0.0487186
 1649 0.0421053 1.41023 0.0486962
 1650 0.378947 1.40961 0.0486707
 1651 0.0421053 1.40878 0.0486482
 1652 1.51579 1.40884 0.0486188
 1653 2.06316 1.40924 0.048591
 1654 7.11579 1.41269 0.048684
 1655 6.06316 1.4155 0.0487357
 1656 6.06316 1.41831 0.048787
 1657 2.06316 1.4187 0.0487591
 1658 0.378947 1.41807 0.0487337
 1659 1.05263 1.41785 0.0487049
 1660 1.51579 1.41791 0.0486755
 1661 0.378947 1.41728 0.0486502
 1662 0.0421053 1.41645 0.048628
 1663 0.168421 1.4157 0.0486046
 1664 0.378947 1.41508 0.0485793
 1665 0.378947 1.41446 0.0485541
 1666 0.168421 1.41371 0.0485307
 1667 1.51579 1.41377 0.0485017
 1668 0.378947 1.41315 0.0484765
 1669 0.168421 1.41241 0.0484532
 1670 0.378947 1.41179 0.0484282
 1671 2.69474 1.41255 0.0484053
 1672 0.0421053 1.41174 0.0483832
 1673 0.378947 1.41112 0.0483583
 1674 0.168421 1.41038 0.0483351
 1675 0.378947 1.40976 0.0483101
 1676 0 1.40892 0.0482886
 1677 0.378947 1.4083 0.0482637
 1678 0.0421053 1.40749 0.0482418
 1679 0.168421 1.40675 0.0482187
 1680 0.0421053 1.40594 0.0481969
 1681 0.0421053 1.40513 0.048175
 1682 0.673684 1.40469 0.0481483
 1683 0.673684 1.40426 0.0481217
 1684 2.69474 1.40503 0.0480992
 1685 4.21053 1.40669 0.0480995
 1686 0.0421053 1.40588 0.0480777
 1687 2.06316 1.40627 0.0480508
 1688 1.51579 1.40634 0.0480224
 1689 2.69474 1.4071 0.048
 1690 0.168421 1.40637 0.0479772
 1691 1.05263 1.40616 0.0479493
 1692 0.168421 1.40542 0.0479265
 1693 1.05263 1.40522 0.0478986
 1694 0 1.40439 0.0478775
 1695 0.673684 1.40396 0.0478512
 1696 0.673684 1.40353 0.0478249
 1697 1.51579 1.40359 0.0477968
 1698 3.41053 1.40477 0.0477833
 1699 2.06316 1.40516 0.0477567
 1700 1.51579 1.40523 0.0477286
 1701 0.0421053 1.40442 0.0477073
 1702 0.168421 1.4037 0.0476848
 1703 0 1.40287 0.0476639
 1704 1.05263 1.40267 0.0476364
 1705 2.69474 1.40343 0.0476145
 1706 2.06316 1.40381 0.0475881
 1707 5.09474 1.40598 0.0476094
 1708 0.673684 1.40555 0.0475834
 1709 0.673684 1.40512 0.0475575
 1710 4.21053 1.40676 0.047558
 1711 1.51579 1.40682 0.0475302
 1712 2.69474 1.40758 0.0475084
 1713 0 1.40675 0.0474878
 1714 0.0421053 1.40596 0.0474667
 1715 0.378947 1.40536 0.0474428
 1716 4.21053 1.40699 0.0474433
 1717 4.21053 1.40863 0.0474438
 1718 5.09474 1.41077 0.0474647
 1719 0.0421053 1.40998 0.0474438
 1720 0.168421 1.40925 0.0474217
 1721 0.168421 1.40853 0.0473996
 1722 0.168421 1.40781 0.0473775
 1723 0.378947 1.40722 0.0473538
 1724 2.69474 1.40796 0.0473322
 1725 0.378947 1.40737 0.0473085
 1726 0.378947 1.40677 0.0472848
 1727 0.673684 1.40635 0.0472594
 1728 0 1.40553 0.047239
 1729 0.378947 1.40494 0.0472154
 1730 0 1.40413 0.0471951
 1731 0.0421053 1.40334 0.0471744
 1732 0.168421 1.40263 0.0471525
 1733 0.673684 1.4022 0.0471272
 1734 1.05263 1.402 0.0471005
 1735 0.673684 1.40158 0.0470752
 1736 3.41053 1.40274 0.0470623
 1737 1.05263 1.40254 0.0470356
 1738 0.0421053 1.40176 0.0470151
 1739 0.168421 1.40105 0.0469934
 1740 0.378947 1.40046 0.04697
 1741 2.69474 1.4012 0.0469489
 1742 2.06316 1.40158 0.0469235
 1743 1.05263 1.40138 0.046897
 1744 0.673684 1.40097 0.046872
 1745 0.673684 1.40055 0.0468469
 1746 2.06316 1.40093 0.0468216
 1747 2.69474 1.40167 0.0468007
 1748 0.673684 1.40125 0.0467758
 1749 3.41053 1.4024 0.0467631
 1750 1.05263 1.4022 0.0467368
 1751 2.69474 1.40294 0.046716
 1752 0 1.40214 0.0466962
 1753 0 1.40134 0.0466764
 1754 0.673684 1.40092 0.0466516
 1755 1.05263 1.40073 0.0466254
 1756 0.673684 1.40031 0.0466007
 1757 4.21053 1.40191 0.0466016
 1758 15.2 1.40976 0.0472318
 1759 4.21053 1.41135 0.0472318
 1760 1.51579 1.41141 0.047205
 1761 4.21053 1.413 0.0472049
 1762 10.7789 1.41832 0.0474766
 1763 3.41053 1.41945 0.0474632
 1764 0.0421053 1.41867 0.0474427
 1765 1.05263 1.41846 0.0474162
 1766 2.69474 1.41918 0.0473949
 1767 0.168421 1.41847 0.0473734
 1768 0.168421 1.41777 0.0473518
 1769 0.378947 1.41718 0.0473287
 1770 1.05263 1.41697 0.0473024
 1771 0.673684 1.41655 0.0472775
 1772 8.25263 1.42041 0.0474081
 1773 1.51579 1.42046 0.0473814
 1774 1.05263 1.42026 0.0473551
 1775 1.51579 1.42031 0.0473284
 1776 0.673684 1.41989 0.0473037
 1777 0.378947 1.41931 0.0472807
 1778 1.05263 1.4191 0.0472545
 1779 5.09474 1.42117 0.0472731
 1780 3.41053 1.42228 0.0472598
 1781 0.0421053 1.42151 0.0472396
 1782 1.05263 1.4213 0.0472135
 1783 7.11579 1.42449 0.047295
 1784 6.06316 1.42709 0.0473399
 1785 0.378947 1.42651 0.047317
 1786 2.69474 1.42722 0.0472959
 1787 8.25263 1.43104 0.0474235
 1788 6.06316 1.43363 0.0474677
 1789 9.47368 1.43812 0.0476535
 1790 4.21053 1.43967 0.0476521
 1791 2.69474 1.44037 0.0476306
 1792 0.168421 1.43966 0.0476093
 1793 1.05263 1.43945 0.0475833
 1794 0.673684 1.43902 0.0475586
 1795 0.673684 1.43859 0.0475341
 1796 0.0421053 1.43782 0.0475139
 1797 0.673684 1.43739 0.0474894
 1798 0.168421 1.43668 0.0474682
 1799 1.51579 1.43673 0.0474418
 1800 0.673684 1.4363 0.0474174
 1801 1.05263 1.43609 0.0473915
 1802 2.69474 1.43679 0.0473704
 1803 0.0421053 1.43602 0.0473504
 1804 0.378947 1.43543 0.0473278
 1805 0.0421053 1.43466 0.0473078
 1806 0.378947 1.43407 0.0472853
 1807 0.378947 1.43349 0.0472627
 1808 0.378947 1.43291 0.0472401
 1809 0.0421053 1.43214 0.0472203
 1810 2.06316 1.43249 0.0471955
 1811 8.25263 1.43625 0.0473195
 1812 6.06316 1.43881 0.0473623
 1813 5.09474 1.44082 0.0473791
 1814 5.09474 1.44284 0.0473958
 1815 4.21053 1.44436 0.0473942
 1816 2.06316 1.4447 0.0473693
 1817 2.06316 1.44504 0.0473444
 1818 1.51579 1.44508 0.0473184
 1819 0.673684 1.44466 0.0472943
 1820 0.0421053 1.44389 0.0472746
 1821 1.51579 1.44393 0.0472486
 1822 0.673684 1.4435 0.0472246
 1823 1.05263 1.44329 0.0471992
 1824 0.378947 1.44271 0.0471769
 1825 0 1.44191 0.0471577
 1826 1.51579 1.44196 0.0471318
 1827 0.673684 1.44153 0.0471079
 1828 0.378947 1.44095 0.0470857
 1829 0.168421 1.44026 0.0470651
 1830 1.05263 1.44005 0.0470399
 1831 6.06316 1.44257 0.0470819
 1832 3.41053 1.44365 0.0470685
 1833 0.378947 1.44306 0.0470464
 1834 0.0421053 1.4423 0.0470269
 1835 4.21053 1.44381 0.0470255
 1836 0.378947 1.44323 0.0470034
 1837 1.51579 1.44327 0.0469779
 1838 0.168421 1.44257 0.0469574
 1839 0.378947 1.442 0.0469354
 1840 2.69474 1.44268 0.0469149
 1841 0.168421 1.44199 0.0468945
 1842 0.378947 1.44141 0.0468726
 1843 0.0421053 1.44065 0.0468533
 1844 0.378947 1.44007 0.0468314
 1845 0.0421053 1.43932 0.0468122
 1846 0.0421053 1.43856 0.0467929
 1847 0.0421053 1.4378 0.0467737
 1848 0.0421053 1.43705 0.0467545
 1849 0.378947 1.43647 0.0467327
 1850 0.673684 1.43606 0.0467092
 1851 2.06316 1.4364 0.0466852
 1852 0 1.43563 0.0466664
 1853 0.0421053 1.43487 0.0466473
 1854 0 1.4341 0.0466286
 1855 0.168421 1.43342 0.0466084
 1856 0.168421 1.43274 0.0465883
 1857 0.0421053 1.43199 0.0465692
 1858 0.378947 1.43142 0.0465476
 1859 4.21053 1.43292 0.0465466
 1860 3.41053 1.43398 0.0465337
 1861 0.0421053 1.43323 0.0465147
 1862 1.51579 1.43327 0.0464897
 1863 1.05263 1.43307 0.0464652
 1864 6.06316 1.43555 0.0465067
 1865 10.7789 1.44056 0.0467509
 1866 10.7789 1.44557 0.0469931
 1867 7.11579 1.44861 0.047066
 1868 4.21053 1.45008 0.047064
 1869 3.41053 1.45113 0.0470505
 1870 2.06316 1.45146 0.0470265
 1871 2.06316 1.45179 0.0470025
 1872 1.51579 1.45182 0.0469774
 1873 6.06316 1.45428 0.0470168
 1874 2.06316 1.45461 0.0469928
 1875 0.0421053 1.45386 0.0469738
 1876 1.05263 1.45364 0.0469493
 1877 1.51579 1.45367 0.0469242
 1878 3.41053 1.45472 0.0469108
 1879 6.06316 1.45717 0.04695
 1880 2.69474 1.45783 0.0469296
 1881 0.673684 1.45741 0.0469065
 1882 0 1.45664 0.046888
 1883 0.0421053 1.45589 0.0468691
 1884 1.51579 1.45592 0.0468442
 1885 0 1.45514 0.0468257
 1886 1.05263 1.45493 0.0468014
 1887 0.673684 1.45452 0.0467784
 1888 0 1.45375 0.04676
 1889 0.673684 1.45333 0.046737
 1890 0.378947 1.45277 0.0467157
 1891 0.378947 1.4522 0.0466945
 1892 0.378947 1.45163 0.0466732
 1893 2.06316 1.45195 0.0466497
 1894 1.51579 1.45199 0.0466251
 1895 2.06316 1.45231 0.0466016
 1896 6.06316 1.45474 0.0466404
 1897 1.51579 1.45477 0.0466159
 1898 2.69474 1.45543 0.0465959
 1899 0.378947 1.45486 0.0465748
 1900 0.378947 1.45429 0.0465537
 1901 0.0421053 1.45355 0.0465351
 1902 0.0421053 1.45281 0.0465166
 1903 0.0421053 1.45207 0.046498
 1904 0.0421053 1.45133 0.0464795
 1905 0.673684 1.45092 0.0464569
 1906 0 1.45016 0.0464388
 1907 2.06316 1.45048 0.0464155
 1908 1.51579 1.45051 0.0463912
 1909 1.51579 1.45055 0.0463669
 1910 0.0421053 1.44981 0.0463485
 1911 0.0421053 1.44907 0.0463301
 1912 0.378947 1.44851 0.0463092
 1913 0.0421053 1.44778 0.0462909
 1914 0.168421 1.44711 0.0462715
 1915 2.06316 1.44743 0.0462484
 1916 0.378947 1.44687 0.0462277
 1917 1.05263 1.44667 0.046204
 1918 0.0421053 1.44594 0.0461857
 1919 2.69474 1.44659 0.0461662
 1920 0.378947 1.44603 0.0461455
 1921 0 1.44528 0.0461276
 1922 0.0421053 1.44455 0.0461094
 1923 0.378947 1.44399 0.0460888
 1924 0.168421 1.44333 0.0460696
 1925 1.05263 1.44313 0.0460461
 1926 0.0421053 1.4424 0.0460279
 1927 1.05263 1.4422 0.0460045
 1928 2.06316 1.44252 0.0459817
 1929 0.378947 1.44197 0.0459612
 1930 0.168421 1.44131 0.0459421
 1931 0.0421053 1.44058 0.045924
 1932 0.673684 1.44019 0.045902
 1933 6.06316 1.44258 0.0459405
 1934 0.168421 1.44192 0.0459215
 1935 1.05263 1.44172 0.0458982
 1936 6.06316 1.44411 0.0459365
 1937 7.11579 1.44703 0.0460061
 1938 1.51579 1.44707 0.0459823
 1939 0.168421 1.44641 0.0459634
 1940 0.168421 1.44575 0.0459444
 1941 1.05263 1.44555 0.0459211
 1942 0.378947 1.445 0.0459008
 1943 1.51579 1.44504 0.0458772
 1944 8.25263 1.44854 0.0459871
 1945 0.378947 1.44799 0.0459667
 1946 0.0421053 1.44727 0.0459488
 1947 0.0421053 1.44654 0.0459308
 1948 0.0421053 1.44582 0.0459129
 1949 0.378947 1.44528 0.0458926
 1950 0 1.44453 0.0458751
 1951 0.378947 1.44399 0.0458548
 1952 1.05263 1.44379 0.0458317
 1953 4.21053 1.4452 0.0458302
 1954 7.11579 1.44811 0.0458985
 1955 1.51579 1.44814 0.0458751
 1956 0 1.4474 0.0458576
 1957 0 1.44666 0.0458401
 1958 1.05263 1.44646 0.0458171
 1959 1.05263 1.44626 0.0457942
 1960 3.41053 1.44726 0.0457818
 1961 1.51579 1.4473 0.0457584
 1962 0.673684 1.4469 0.0457368
 1963 0.673684 1.44651 0.0457152
 1964 2.69474 1.44714 0.0456964
 1965 0.0421053 1.44643 0.0456787
 1966 2.06316 1.44674 0.0456565
 1967 1.51579 1.44678 0.0456333
 1968 0.378947 1.44623 0.0456134
 1969 0.378947 1.44569 0.0455934
 1970 0.673684 1.4453 0.0455719
 1971 0.0421053 1.44459 0.0455544
 1972 1.51579 1.44462 0.0455313
 1973 2.06316 1.44494 0.0455093
 1974 5.09474 1.44679 0.0455238
 1975 4.21053 1.44819 0.0455222
 1976 1.51579 1.44822 0.0454992
 1977 0.0421053 1.44751 0.0454818
 1978 1.05263 1.44731 0.0454592
 1979 4.21053 1.44871 0.0454577
 1980 2.69474 1.44934 0.0454391
 1981 2.06316 1.44965 0.0454172
 1982 0 1.44891 0.0454001
 1983 0.0421053 1.4482 0.0453828
 1984 4.21053 1.4496 0.0453813
 1985 2.69474 1.45022 0.0453627
 1986 0.673684 1.44983 0.0453416
 1987 0 1.4491 0.0453246
 1988 6.06316 1.45142 0.0453612
 1989 9.47368 1.45546 0.0455175
 1990 12.1684 1.46084 0.045812
 1991 3.41053 1.46182 0.0457995
 1992 6.06316 1.46413 0.0458347
 1993 4.21053 1.46551 0.0458324
 1994 1.51579 1.46553 0.0458094
 1995 0.673684 1.46514 0.0457882
 1996 1.05263 1.46493 0.0457657
 1997 0.378947 1.46439 0.045746
 1998 1.05263 1.46418 0.0457236
 1999 0.0421053 1.46347 0.0457062
 2000 3.41053 1.46444 0.0456937
