 1 -0.08 -0.08 0
 2 0.2 0.06 0.14
 3 0.24 0.12 0.100664
 4 0.08 0.11 0.0718795
 5 0.08 0.104 0.056
 6 0.16 0.113333 0.0466667
 7 0.36 0.148571 0.0528893
 8 0.2 0.155 0.0462524
 9 0.4 0.182222 0.0490402
 10 0.32 0.196 0.0459758
 11 0.08 0.185455 0.0429029
 12 0.08 0.176667 0.0401386
 13 0.12 0.172308 0.0371786
 14 0.08 0.165714 0.0350465
 15 -0.04 0.152 0.0353917
 16 0 0.1425 0.034442
 17 0 0.134118 0.0334209
 18 -0.04 0.124444 0.0329609
 19 -0.28 0.103158 0.0377515
 20 -0.24 0.086 0.0397121
 21 -0.48 0.0590476 0.0464035
 22 -0.24 0.0454545 0.0462851
 23 0.24 0.053913 0.0450285
 24 0.08 0.055 0.0431252
 25 0.04 0.0544 0.0413686
 26 -0.16 0.0461538 0.0405921
 27 -0.2 0.037037 0.0401096
 28 -0.2 0.0285714 0.0395668
 29 0 0.0275862 0.0381908
 30 0.52 0.044 0.0403821
 31 0.36 0.0541935 0.040366
 32 0.12 0.05625 0.0391383
 33 -0.12 0.0509091 0.0383079
 34 -0.08 0.0470588 0.037363
 35 0 0.0457143 0.0363047
 36 0 0.0444444 0.0353047
 37 0.12 0.0464865 0.0343979
 38 0 0.0452632 0.0335028
 39 0 0.0441026 0.0326531
 40 0.2 0.048 0.032064
 41 0.04 0.0478049 0.0312728
 42 0.28 0.0533333 0.0310158
 43 0.16 0.055814 0.0303874
 44 0.2 0.0590909 0.029869
 45 -0.04 0.0568889 0.0292806
 46 0.08 0.0573913 0.0286414
 47 -0.04 0.0553191 0.0281019
 48 -0.12 0.0516667 0.0277516
 49 -0.2 0.0465306 0.0276604
 50 -0.04 0.0448 0.0271567
 51 0.04 0.0447059 0.0266191
 52 0.28 0.0492308 0.0264915
 53 0.36 0.0550943 0.0266401
 54 0.24 0.0585185 0.0263654
 55 0.2 0.0610909 0.0260092
 56 0.04 0.0607143 0.0255433
 57 -0.04 0.0589474 0.0251533
 58 -0.04 0.0572414 0.0247746
 59 0.24 0.060339 0.0245473
 60 0.2 0.0626667 0.0242467
 61 0.28 0.0662295 0.0241106
 62 0.28 0.0696774 0.0239678
 63 0.32 0.0736508 0.0239167
 64 0 0.0725 0.0235681
 65 -0.12 0.0695385 0.0233909
 66 -0.08 0.0672727 0.023145
 67 0 0.0662687 0.022819
 68 -0.2 0.0623529 0.0228194
 69 -0.04 0.0608696 0.0225351
 70 -0.28 0.056 0.0227384
 71 -0.32 0.0507042 0.0230329
 72 -0.36 0.045 0.0234162
 73 -0.2 0.0416438 0.0233358
 74 -0.2 0.0383784 0.0232488
 75 -0.12 0.0362667 0.0230337
 76 0.24 0.0389474 0.0228861
 77 0.36 0.0431169 0.0229686
 78 0.28 0.0461538 0.0228747
 79 0.04 0.0460759 0.0225834
 80 0.28 0.049 0.0224902
 81 0.24 0.051358 0.0223357
 82 0.04 0.0512195 0.022062
 83 0.24 0.053494 0.0219129
 84 0.16 0.0547619 0.0216876
 85 0.12 0.0555294 0.0214447
 86 0.52 0.0609302 0.0218712
 87 0.28 0.0634483 0.0217645
 88 0.28 0.0659091 0.021656
 89 0.16 0.0669663 0.0214374
 90 0.2 0.0684444 0.0212493
 91 -0.2 0.0654945 0.0212205
 92 -0.16 0.0630435 0.0211313
 93 -0.32 0.0589247 0.0213047
 94 -0.04 0.0578723 0.0211031
 95 -0.04 0.0568421 0.0209052
 96 -0.2 0.0541667 0.0208586
 97 -0.2 0.0515464 0.0208081
 98 -0.04 0.0506122 0.0206158
 99 0.2 0.0521212 0.0204622
 100 0.08 0.0524 0.0202585
 101 0.08 0.0526733 0.0200588
 102 0.16 0.0537255 0.019889
 103 0.36 0.056699 0.0199182
 104 -0.08 0.0553846 0.0197695
 105 -0.16 0.0533333 0.0196874
 106 0.32 0.0558491 0.0196624
 107 0.16 0.0568224 0.0195021
 108 0.04 0.0566667 0.0193213
 109 0.16 0.0576147 0.0191667
 110 0.08 0.0578182 0.0189927
 111 0.12 0.0583784 0.0188292
 112 0.04 0.0582143 0.018661
 113 0.08 0.0584071 0.0184961
 114 0 0.0578947 0.0183403
 115 0 0.0573913 0.0181871
 116 0.2 0.0586207 0.0180715
 117 0.36 0.0611966 0.0181006
 118 0.12 0.0616949 0.0179535
 119 0.08 0.0618487 0.0178027
 120 -0.2 0.0596667 0.017788
 121 -0.28 0.0568595 0.0178624
 122 -0.32 0.0537705 0.0179826
 123 -0.08 0.0526829 0.017869
 124 0.2 0.053871 0.017764
 125 0.36 0.05632 0.0177907
 126 -0.08 0.0552381 0.0176821
 127 -0.08 0.0541732 0.0175746
 128 -0.08 0.053125 0.0174682
 129 0 0.0527132 0.0173372
 130 0.04 0.0526154 0.0172036
 131 0.32 0.0546565 0.0171933
 132 0.44 0.0575758 0.0173105
 133 0.36 0.0598496 0.0173297
 134 0.12 0.0602985 0.0172058
 135 0.16 0.061037 0.0170938
 136 0.16 0.0617647 0.0169832
 137 -0.08 0.0607299 0.0168905
 138 0 0.0602899 0.0167735
 139 0.32 0.0621583 0.0167568
 140 0.28 0.0637143 0.0167093
 141 0.04 0.0635461 0.0165913
 142 -0.16 0.0619718 0.0165491
 143 -0.12 0.0606993 0.0164821
 144 0.08 0.0608333 0.0163678
 145 0.12 0.0612414 0.0162597
 146 0 0.0608219 0.0161533
 147 0.04 0.0606803 0.0160437
 148 0.08 0.0608108 0.0159355
 149 0.4 0.0630872 0.015991
 150 0.48 0.0658667 0.0161254
 151 0.32 0.0675497 0.0161064
 152 0.12 0.0678947 0.0160038
 153 0.24 0.0690196 0.0159386
 154 0.16 0.0696104 0.0158458
 155 -0.12 0.0683871 0.0157907
 156 -0.04 0.0676923 0.0157045
 157 0.12 0.0680255 0.0156077
 158 -0.04 0.0673418 0.0155237
 159 -0.24 0.0654088 0.0155464
 160 0.08 0.0655 0.0154492
 161 0.04 0.0653416 0.0153538
 162 0.12 0.065679 0.0152624
 163 0.12 0.0660123 0.0151722
 164 0.16 0.0665854 0.0150902
 165 -0.08 0.065697 0.0150248
 166 0.12 0.0660241 0.0149376
 167 -0.12 0.0649102 0.0148896
 168 -0.08 0.0640476 0.0148258
 169 -0.24 0.0622485 0.0148472
 170 0 0.0618824 0.0147642
 171 0.28 0.0631579 0.0147329
 172 0.4 0.0651163 0.0147773
 173 0.16 0.0656647 0.0147019
 174 0.12 0.065977 0.0146205
 175 0 0.0656 0.0145416
 176 0 0.0652273 0.0144636
 177 0.24 0.0662147 0.0144155
 178 0.16 0.0667416 0.0143439
 179 0.08 0.0668156 0.0142638
 180 0.04 0.0666667 0.0141851
 181 -0.12 0.0656354 0.0141441
 182 -0.2 0.0641758 0.0141417
 183 -0.4 0.0616393 0.0142911
 184 -0.12 0.0606522 0.0142475
 185 0.28 0.0618378 0.0142198
 186 0.12 0.0621505 0.0141466
 187 0.16 0.0626738 0.0140805
 188 0.04 0.0625532 0.0140059
 189 0 0.0622222 0.0139355
 190 0 0.0618947 0.0138658
 191 -0.04 0.0613613 0.0138034
 192 -0.04 0.0608333 0.0137414
 193 0 0.0605181 0.0136737
 194 0.28 0.0616495 0.01365
 195 0.04 0.0615385 0.0135803
 196 -0.04 0.0610204 0.0135207
 197 -0.32 0.0590863 0.0135902
 198 -0.16 0.0579798 0.0135666
 199 -0.08 0.0572864 0.0135161
 200 -0.28 0.0556 0.0135537
 201 -0.24 0.0541294 0.013566
 202 0 0.0538614 0.0135013
 203 0.04 0.0537931 0.0134348
 204 0.32 0.055098 0.0134324
 205 0.24 0.056 0.0133971
 206 -0.16 0.0549515 0.0133731
 207 0.12 0.0552657 0.013312
 208 0 0.055 0.0132505
 209 0.08 0.0551196 0.0131875
 210 0.28 0.0561905 0.0131682
 211 0.32 0.0574408 0.0131651
 212 0.44 0.0592453 0.0132265
 213 0.16 0.0597183 0.0131728
 214 0.08 0.0598131 0.0131114
 215 -0.08 0.0591628 0.0130665
 216 -0.08 0.0585185 0.0130218
 217 -0.28 0.0569585 0.0130552
 218 -0.36 0.0550459 0.0131352
 219 -0.48 0.0526027 0.0133014
 220 -0.4 0.0505455 0.0133996
 221 -0.4 0.0485068 0.0134938
 222 -0.24 0.0472072 0.0134956
 223 -0.4 0.0452018 0.0135838
 224 -0.48 0.0428571 0.0137247
 225 -0.24 0.0416 0.0137213
 226 -0.08 0.0410619 0.0136711
 227 -0.24 0.0398238 0.0136669
 228 -0.4 0.0378947 0.0137429
 229 -0.56 0.0352838 0.0139296
 230 -0.16 0.0344348 0.0138949
 231 -0.16 0.0335931 0.0138602
 232 -0.44 0.0315517 0.0139505
 233 -0.36 0.0298712 0.0139918
 234 -0.2 0.0288889 0.0139664
 235 0.16 0.0294468 0.013918
 236 0.08 0.029661 0.0138606
 237 0.24 0.0305485 0.0138305
 238 0.16 0.0310924 0.013783
 239 -0.08 0.0306276 0.0137331
 240 -0.28 0.0293333 0.0137369
 241 -0.36 0.0277178 0.0137748
 242 -0.36 0.0261157 0.013811
 243 -0.28 0.024856 0.0138116
 244 0.2 0.0255738 0.0137736
 245 0.28 0.0266122 0.0137565
 246 0.36 0.0279675 0.0137674
 247 0.12 0.0283401 0.0137166
 248 0.36 0.0296774 0.0137264
 249 0.44 0.0313253 0.0137702
 250 0.44 0.03296 0.0138121
 251 0.12 0.0333068 0.0137613
 252 0.04 0.0333333 0.0137066
 253 0.08 0.0335178 0.0136536
 254 -0.36 0.0319685 0.0136877
 255 -0.44 0.0301176 0.0137589
 256 -0.36 0.0285937 0.0137895
 257 -0.2 0.0277043 0.0137646
 258 0.04 0.0277519 0.0137112
 259 0.32 0.0288803 0.0137047
 260 0.28 0.0298462 0.013686
 261 0.08 0.0300383 0.0136348
 262 -0.2 0.0291603 0.013611
 263 -0.28 0.0279848 0.01361
 264 -0.44 0.0262121 0.0136738
 265 -0.4 0.0246038 0.0137167
 266 -0.32 0.0233083 0.0137263
 267 0 0.023221 0.0136751
 268 -0.08 0.0228358 0.0136294
 269 0 0.0227509 0.0135789
 270 0 0.0226667 0.0135288
 271 0.12 0.0230258 0.0134835
 272 -0.04 0.0227941 0.0134359
 273 0.28 0.0237363 0.0134197
 274 0.28 0.0246715 0.0134033
 275 0.24 0.0254545 0.0133774
 276 0.2 0.026087 0.0133438
 277 0.12 0.026426 0.0132999
 278 -0.12 0.0258993 0.0132624
 279 -0.32 0.0246595 0.0132728
 280 -0.32 0.0234286 0.0132825
 281 -0.28 0.0223488 0.0132791
 282 0.12 0.022695 0.0132365
 283 0.04 0.0227562 0.0131898
 284 -0.2 0.0219718 0.0131666
 285 -0.24 0.0210526 0.0131525
 286 -0.04 0.0208392 0.0131082
 287 0.16 0.021324 0.0130714
 288 -0.2 0.0205556 0.0130486
 289 -0.32 0.0193772 0.0130567
 290 -0.36 0.018069 0.0130772
 291 -0.4 0.0166323 0.0131111
 292 -0.36 0.0153425 0.0131296
 293 -0.16 0.014744 0.0130984
 294 -0.28 0.0137415 0.0130922
 295 -0.04 0.0135593 0.013049
 296 -0.2 0.0128378 0.0130249
 297 -0.24 0.0119865 0.0130088
 298 0.08 0.0122148 0.0129671
 299 0.16 0.012709 0.0129331
 300 0.08 0.0129333 0.0128919
 301 0.12 0.013289 0.0128539
 302 0.04 0.0133775 0.0128116
 303 -0.08 0.0130693 0.012773
 304 -0.12 0.0126316 0.0127384
 305 0.08 0.0128525 0.0126985
 306 0.44 0.0142484 0.0127337
 307 0.44 0.0156352 0.0127676
 308 0.24 0.0163636 0.012747
 309 0.28 0.0172168 0.0127343
 310 0.52 0.0188387 0.0127963
 311 0.28 0.0196785 0.0127827
 312 0.44 0.0210256 0.0128127
 313 0.44 0.0223642 0.0128416
 314 0.2 0.0229299 0.0128132
 315 0 0.0228571 0.0127726
 316 -0.16 0.0222785 0.0127453
 317 -0.48 0.020694 0.0128035
 318 -0.36 0.0194969 0.0128192
 319 -0.32 0.0184326 0.0128231
 320 -0.24 0.017625 0.0128085
 321 0 0.0175701 0.0127686
 322 0 0.0175155 0.0127291
 323 0.04 0.0175851 0.0126898
 324 -0.2 0.0169136 0.0126684
 325 0 0.0168615 0.0126294
 326 -0.04 0.0166871 0.0125918
 327 0.2 0.0172477 0.0125658
 328 0.04 0.0173171 0.0125276
 329 0.16 0.0177508 0.012497
 330 0.12 0.0180606 0.0124629
 331 0.04 0.0181269 0.0124254
 332 -0.08 0.0178313 0.0123914
 333 0.16 0.0182583 0.0123615
 334 0.24 0.0189222 0.0123423
 335 0.12 0.0192239 0.0123091
 336 0.08 0.0194048 0.0122738
 337 0.08 0.0195846 0.0122386
 338 -0.12 0.0191716 0.0122094
 339 -0.16 0.0186431 0.0121848
 340 -0.28 0.0177647 0.0121806
 341 -0.04 0.0175953 0.012146
 342 0.04 0.0176608 0.0121106
 343 -0.4 0.0164431 0.0121365
 344 -0.12 0.0160465 0.0121076
 345 0 0.016 0.0120726
 346 0 0.0159538 0.0120377
 347 -0.04 0.0157925 0.0120041
 348 -0.2 0.0151724 0.0119856
 349 -0.32 0.014212 0.0119897
 350 -0.32 0.0132571 0.0119935
 351 -0.04 0.0131054 0.0119602
 352 0.04 0.0131818 0.0119264
 353 0.04 0.0132578 0.0118928
 354 0.28 0.0140113 0.0118831
 355 -0.04 0.0138592 0.0118506
 356 0.44 0.0150562 0.0118777
 357 0.32 0.0159104 0.0118752
 358 0.16 0.0163128 0.0118488
 359 0 0.0162674 0.0118158
 360 0 0.0162222 0.011783
 361 -0.08 0.0159557 0.0117534
 362 0 0.0159116 0.0117209
 363 0.16 0.0163085 0.0116953
 364 -0.08 0.016044 0.0116662
 365 -0.08 0.0157808 0.0116371
 366 0.12 0.0160656 0.0116088
 367 -0.04 0.0159128 0.0115781
 368 -0.28 0.0151087 0.0115746
 369 -0.12 0.0147425 0.011549
 370 -0.2 0.0141622 0.0115323
 371 -0.2 0.0135849 0.0115157
 372 -0.24 0.0129032 0.0115049
 373 0.08 0.0130831 0.0114754
 374 0.24 0.0136898 0.0114608
 375 0.32 0.0145067 0.0114593
 376 0.24 0.0151064 0.0114445
 377 0.32 0.0159151 0.0114427
 378 0.04 0.0159788 0.0114126
 379 -0.36 0.0149868 0.0114256
 380 -0.12 0.0146316 0.011401
 381 0.4 0.015643 0.011416
 382 0.08 0.0158115 0.0113873
 383 -0.04 0.0156658 0.0113585
 384 0.04 0.0157292 0.011329
 385 0.16 0.0161039 0.0113058
 386 -0.12 0.0157513 0.0112819
 387 -0.08 0.0155039 0.0112555
 388 -0.24 0.0148454 0.0112457
 389 -0.6 0.0132648 0.0113276
 390 -0.32 0.0124103 0.0113308
 391 -0.24 0.0117647 0.0113202
 392 0.28 0.012449 0.011312
 393 0.32 0.0132316 0.0113103
 394 0.36 0.0141117 0.0113158
 395 0.44 0.0151899 0.0113385
 396 0.36 0.0160606 0.0113433
 397 0.36 0.016927 0.0113478
 398 0.16 0.0172864 0.011325
 399 -0.04 0.0171429 0.0112975
 400 -0.2 0.0166 0.0112823
 401 -0.24 0.0159601 0.0112723
 402 -0.44 0.0148259 0.0113013
 403 -0.36 0.0138958 0.0113115
 404 -0.64 0.0122772 0.0113989
 405 -0.52 0.010963 0.0114465
 406 -0.16 0.0105419 0.011426
 407 0 0.010516 0.0113979
 408 -0.64 0.00892157 0.0114812
 409 -0.52 0.00762836 0.0115259
 410 -0.32 0.00682927 0.0115255
 411 -0.16 0.00642336 0.0115045
 412 -0.48 0.00524272 0.0115371
 413 -0.08 0.00503632 0.011511
 414 -0.08 0.00483092 0.011485
 415 0.12 0.00510843 0.0114607
 416 -0.08 0.00490385 0.0114349
 417 0.16 0.00527578 0.0114135
 418 0.04 0.00535885 0.0113865
 419 0.16 0.00572792 0.0113653
 420 -0.04 0.00561905 0.0113387
 421 0.08 0.00579572 0.0113131
 422 0.12 0.00606635 0.0112895
 423 -0.24 0.00548463 0.0112778
 424 0.04 0.00556604 0.0112515
 425 -0.16 0.00517647 0.0112317
 426 -0.08 0.00497653 0.0112071
 427 -0.04 0.00487119 0.0111814
 428 -0.12 0.00457944 0.011159
 429 -0.28 0.00391608 0.0111527
 430 -0.24 0.00334884 0.0111412
 431 0.08 0.00352668 0.0111167
 432 -0.4 0.00259259 0.0111302
 433 -0.32 0.00184758 0.0111295
 434 -0.2 0.00138249 0.0111135
 435 -0.2 0.00091954 0.0110976
 436 -0.08 0.000733945 0.0110737
 437 0.04 0.000823799 0.0110487
 438 -0.04 0.000730594 0.0110238
 439 -0.08 0.000546697 0.0110002
 440 -0.16 0.000181818 0.0109813
 441 -0.04 9.07029e-05 0.0109567
 442 -0.08 -9.04977e-05 0.0109334
 443 0.08 9.02935e-05 0.0109102
 444 0.2 0.000540541 0.0108949
 445 -0.08 0.000359551 0.0108719
 446 -0.12 8.96861e-05 0.0108508
 447 -0.36 -0.000715884 0.0108565
 448 -0.24 -0.00125 0.0108454
 449 -0.36 -0.002049 0.0108506
 450 -0.56 -0.00328889 0.0108973
 451 -0.44 -0.00425721 0.0109161
 452 -0.28 -0.00486726 0.010909
 453 -0.08 -0.00503311 0.0108862
 454 -0.2 -0.00546256 0.0108706
 455 -0.28 -0.00606593 0.0108635
 456 -0.32 -0.00675439 0.0108615
 457 -0.08 -0.00691466 0.0108389
 458 0 -0.00689956 0.0108152
 459 0.04 -0.00679739 0.0107921
 460 0 -0.00678261 0.0107686
 461 0.12 -0.00650759 0.0107487
 462 0.04 -0.00640693 0.0107259
 463 0 -0.00639309 0.0107027
 464 0 -0.00637931 0.0106797
 465 -0.12 -0.00662366 0.0106595
 466 -0.04 -0.00669528 0.0106368
 467 -0.04 -0.0067666 0.0106143
 468 -0.08 -0.00692308 0.0105927
 469 0 -0.00690832 0.0105701
 470 -0.04 -0.00697872 0.0105478
 471 0.04 -0.00687898 0.0105259
 472 0.16 -0.00652542 0.0105095
 473 -0.16 -0.00684989 0.0104923
 474 -0.56 -0.00801688 0.010535
 475 -0.16 -0.00833684 0.0105176
 476 -0.12 -0.00857143 0.0104981
 477 -0.32 -0.00922432 0.0104964
 478 -0.16 -0.00953975 0.0104792
 479 0.12 -0.00926931 0.0104608
 480 -0.12 -0.0095 0.0104415
 481 0.12 -0.00923077 0.0104233
 482 -0.24 -0.00970954 0.0104126
 483 0.08 -0.00952381 0.0103927
 484 0.04 -0.00942149 0.0103717
 485 0.12 -0.00915464 0.0103537
 486 0.16 -0.00880658 0.0103383
 487 -0.08 -0.00895277 0.0103181
 488 -0.04 -0.00901639 0.0102971
 489 -0.12 -0.00924335 0.0102785
 490 0.04 -0.00914286 0.010258
 491 0.16 -0.00879837 0.0102429
 492 -0.04 -0.00886179 0.0102223
 493 -0.4 -0.00965517 0.0102323
 494 -0.16 -0.00995951 0.0102161
 495 0.08 -0.00977778 0.0101971
 496 0.04 -0.00967742 0.010177
 497 0.16 -0.00933602 0.0101622
 498 0.04 -0.00923695 0.0101423
 499 -0.16 -0.00953908 0.0101264
 500 -0.44 -0.0104 0.0101428
 501 -0.08 -0.0105389 0.0101235
 502 -0.2 -0.0109163 0.0101103
 503 -0.24 -0.0113718 0.0101005
 504 -0.12 -0.0115873 0.0100827
 505 0.4 -0.0107723 0.0100957
 506 0.2 -0.0103557 0.0100843
 507 0.08 -0.0101775 0.010066
 508 -0.2 -0.0105512 0.0100531
 509 -0.28 -0.0110806 0.0100473
 510 -0.24 -0.0115294 0.0100376
 511 -0.28 -0.0120548 0.0100317
 512 0 -0.0120313 0.0100121
 513 0.08 -0.0118519 0.0099942
 514 0.24 -0.0113619 0.00998676
 515 0.2 -0.0109515 0.0099758
 516 0.36 -0.0102326 0.00998237
 517 0.36 -0.00951644 0.00998874
 518 0.16 -0.00918919 0.00997481
 519 0.08 -0.00901734 0.00995706
 520 -0.04 -0.00907692 0.00993807
 521 -0.04 -0.00913628 0.00991915
 522 0.04 -0.00904215 0.00990058
 523 0 -0.00902486 0.00988165
 524 0.2 -0.00862595 0.00987083
 525 0.16 -0.00830476 0.00985725
 526 0.16 -0.00798479 0.00984369
 527 0.28 -0.00743833 0.00984018
 528 0.28 -0.00689394 0.0098366
 529 0.28 -0.00635161 0.00983296
 530 0.2 -0.00596226 0.00982211
 531 -0.08 -0.00610169 0.00980458
 532 -0.2 -0.00646617 0.00979292
 533 0 -0.00645403 0.00977454
 534 0.12 -0.00621723 0.00975909
 535 0.28 -0.00568224 0.00975551
 536 0.2 -0.00529851 0.00974485
 537 0.04 -0.00521415 0.00972706
 538 0.12 -0.00498141 0.00971175
 539 0.2 -0.00460111 0.00970117
 540 0.28 -0.00407407 0.00969752
 541 0.36 -0.00340111 0.00970294
 542 0.24 -0.00295203 0.00969543
 543 -0.04 -0.00302026 0.0096778
 544 0.12 -0.00279412 0.00966264
 545 -0.08 -0.00293578 0.00964593
 546 0.12 -0.00271062 0.00963088
 547 0.2 -0.00234004 0.0096204
 548 0.28 -0.00182482 0.00961664
 549 0.32 -0.00123862 0.00961699
 550 0.4 -0.000509091 0.00962717
 551 0.4 0.000217786 0.00963713
 552 0.32 0.000797101 0.00963709
 553 0.24 0.00122966 0.00962937
 554 0.04 0.00129964 0.00961222
 555 0.12 0.00151351 0.00959727
 556 0.08 0.00165468 0.00958103
 557 -0.04 0.00157989 0.00956411
 558 -0.04 0.00150538 0.00954725
 559 0.24 0.00193202 0.0095397
 560 0.16 0.00221429 0.00952683
 561 0.4 0.00292335 0.00953623
 562 0.36 0.00355872 0.00954043
 563 0.16 0.00383659 0.00952752
 564 0.28 0.00432624 0.00952321
 565 0.44 0.00509735 0.00953756
 566 0.48 0.0059364 0.00955759
 567 0.56 0.00691358 0.00959064
 568 0.48 0.00774648 0.0096099
 569 0.28 0.00822496 0.00960492
 570 0.28 0.00870175 0.0095999
 571 0.44 0.00945709 0.0096128
 572 0.32 0.01 0.00961132
 573 0.16 0.0102618 0.0095981
 574 0.24 0.010662 0.00958972
 575 0 0.0106435 0.00957305
 576 0.36 0.01125 0.00957564
 577 0.32 0.0117851 0.009574
 578 0.28 0.0122491 0.00956868
 579 0.36 0.0128497 0.009571
 580 -0.2 0.0124828 0.00956153
 581 -0.16 0.0121859 0.00954967
 582 -0.08 0.0120275 0.00953457
 583 0.08 0.0121441 0.00951891
 584 -0.04 0.0120548 0.00950302
 585 -0.12 0.0118291 0.00948945
 586 0.16 0.0120819 0.00947661
 587 0.04 0.0121295 0.00946057
 588 -0.12 0.0119048 0.00944714
 589 -0.24 0.0114771 0.00944078
 590 -0.2 0.0111186 0.00943158
 591 -0.48 0.0102876 0.00945221
 592 -0.44 0.00952703 0.00946684
 593 -0.2 0.00917369 0.00945746
 594 -0.16 0.00888889 0.00944582
 595 0.16 0.00914286 0.00943335
 596 0.04 0.00919463 0.00941765
 597 0.12 0.00938023 0.0094037
 598 0 0.00936455 0.00938797
 599 0.16 0.00961603 0.00937566
 600 0.28 0.0100667 0.00937086
 601 0.32 0.0105824 0.00936946
 602 0.24 0.0109635 0.00936164
 603 0.36 0.0115423 0.00936401
 604 0.6 0.0125166 0.00939912
 605 0.28 0.0129587 0.00939399
 606 0 0.0129373 0.0093785
 607 0.28 0.0133773 0.00937336
 608 0.36 0.0139474 0.00937528
 609 0.56 0.014844 0.00940273
 610 0.24 0.0152131 0.00939455
 611 0.28 0.0156465 0.00938917
 612 0.4 0.0162745 0.00939483
 613 0.36 0.0168352 0.00939624
 614 0.36 0.0173941 0.00939756
 615 0.48 0.0181463 0.00941237
 616 0.44 0.0188312 0.009422
 617 0.6 0.0197731 0.00945376
 618 0.24 0.0201294 0.00944517
 619 0.2 0.02042 0.00943438
 620 -0.12 0.0201935 0.00942187
 621 -0.12 0.0199678 0.00940939
 622 -0.36 0.0193569 0.0094141
 623 -0.4 0.0186838 0.00942304
 624 -0.28 0.0182051 0.0094201
 625 -0.08 0.018048 0.00940633
 626 0 0.0180192 0.00939133
 627 -0.04 0.0179266 0.0093768
 628 -0.36 0.0173248 0.00938118
 629 -0.32 0.0167886 0.00938159
 630 -0.48 0.016 0.00939983
 631 -0.32 0.0154675 0.00940001
 632 -0.32 0.0149367 0.00940012
 633 -0.28 0.0144708 0.00939682
 634 -0.2 0.0141325 0.00938809
 635 -0.16 0.0138583 0.0093773
 636 0.04 0.0138994 0.00936263
 637 -0.2 0.0135636 0.00935395
 638 -0.04 0.0134796 0.00933966
 639 -0.08 0.0133333 0.00932618
 640 -0.12 0.013125 0.00931392
 641 -0.2 0.0127925 0.00930532
 642 0.12 0.0129595 0.00929232
 643 -0.04 0.0128771 0.00927822
 644 0.32 0.013354 0.00927607
 645 0.16 0.0135814 0.00926447
 646 0.08 0.0136842 0.00925069
 647 0.28 0.0140958 0.00924555
 648 0.4 0.0146914 0.00925046
 649 0.2 0.0149769 0.00924061
 650 0.12 0.0151385 0.00922779
 651 -0.36 0.0145622 0.00923161
 652 -0.28 0.0141104 0.00922851
 653 0 0.0140888 0.00921439
 654 0.16 0.0143119 0.00920299
 655 0.08 0.0144122 0.00918948
 656 -0.32 0.0139024 0.00918961
 657 -0.16 0.0136377 0.00917943
 658 -0.04 0.0135562 0.00916583
 659 0.04 0.0135964 0.009152
 660 0.04 0.0136364 0.00913821
 661 0.08 0.0137368 0.00912493
 662 0.04 0.0137764 0.00911122
 663 0 0.0137557 0.00909749
 664 0.08 0.0138554 0.00908433
 665 0.16 0.0140752 0.00907332
 666 0.28 0.0144745 0.00906848
 667 0.4 0.0150525 0.0090733
 668 0.52 0.0158084 0.00909119
 669 0.44 0.0164425 0.00909971
 670 0.48 0.0171343 0.00911242
 671 0.32 0.0175857 0.00911002
 672 0.52 0.0183333 0.00912712
 673 0.12 0.0184844 0.0091148
 674 0.24 0.0188131 0.0091072
 675 0.32 0.0192593 0.00910464
 676 0.2 0.0195266 0.00909509
 677 0.2 0.0197932 0.00908556
 678 0.12 0.019941 0.00907335
 679 0.16 0.0201473 0.00906233
 680 0.08 0.0202353 0.00904942
 681 -0.16 0.0199706 0.00904
 682 0.08 0.0200587 0.00902716
 683 0.08 0.0201464 0.00901436
 684 0.24 0.0204678 0.00900691
 685 0.36 0.0209635 0.0090074
 686 0.24 0.0212828 0.00899992
 687 0.28 0.0216594 0.0089947
 688 0.16 0.0218605 0.00898387
 689 0.24 0.0221771 0.00897641
 690 0.12 0.0223188 0.00896451
 691 0.16 0.0225181 0.00895374
 692 0 0.0224855 0.00894085
 693 0.04 0.0225108 0.00892798
 694 -0.08 0.0223631 0.00891633
 695 -0.16 0.0221007 0.00890736
 696 -0.2 0.0217816 0.00890027
 697 -0.32 0.0212912 0.00890101
 698 -0.32 0.0208023 0.00890169
 699 -0.08 0.0206581 0.00889011
 700 0.12 0.0208 0.00887854
 701 -0.4 0.0201997 0.00888616
 702 -0.36 0.0196581 0.00889001
 703 -0.32 0.019175 0.00889049
 704 -0.08 0.0190341 0.00887897
 705 -0.28 0.0186099 0.00887651
 706 -0.44 0.0179603 0.0088877
 707 -0.4 0.0173692 0.00889478
 708 -0.4 0.0167797 0.00890175
 709 -0.6 0.0159097 0.00893165
 710 -0.52 0.0151549 0.00895095
 711 -0.4 0.014571 0.0089574
 712 0 0.0145506 0.00894483
 713 0.16 0.0147546 0.00893461
 714 -0.32 0.0142857 0.0089344
 715 0.12 0.0144336 0.00892312
 716 -0.16 0.0141899 0.00891398
 717 -0.16 0.013947 0.00890485
 718 0 0.0139276 0.00889246
 719 0.28 0.0142976 0.00888779
 720 0.28 0.0146667 0.00888311
 721 0.2 0.0149237 0.0088745
 722 0.08 0.0150139 0.00886266
 723 -0.4 0.0144398 0.00886899
 724 -0.2 0.0141436 0.00886168
 725 -0.2 0.0138483 0.00885438
 726 -0.24 0.0134986 0.00884908
 727 -0.32 0.0130399 0.0088488
 728 -0.08 0.0129121 0.00883756
 729 0.04 0.0129492 0.00882551
 730 0.08 0.0130411 0.00881389
 731 -0.04 0.0129685 0.00880212
 732 0.2 0.013224 0.0087938
 733 -0.04 0.0131514 0.0087821
 734 -0.24 0.0128065 0.0087769
 735 -0.28 0.0124082 0.008774
 736 0 0.0123913 0.00876209
 737 0.04 0.0124288 0.00875027
 738 0.24 0.0127371 0.00874385
 739 0.32 0.0131529 0.0087419
 740 0.4 0.0136757 0.00874572
 741 0.2 0.0139271 0.00873753
 742 0.28 0.0142857 0.00873311
 743 0.04 0.0143203 0.00872141
 744 -0.04 0.0142473 0.00870999
 745 -0.12 0.0140671 0.00870016
 746 -0.2 0.0137802 0.00869323
 747 -0.32 0.0133333 0.00869307
 748 -0.12 0.0131551 0.00868327
 749 -0.16 0.0129239 0.00867475
 750 0.04 0.01296 0.00866325
 751 0.48 0.0135819 0.00867403
 752 0.32 0.0139894 0.00867207
 753 0.28 0.0143426 0.00866774
 754 0.28 0.014695 0.00866341
 755 0.48 0.0153113 0.00867385
 756 0.12 0.0154497 0.00866347
 757 0.08 0.015535 0.00865244
 758 0.12 0.0156728 0.00864212
 759 0.44 0.0162319 0.00864881
 760 0.32 0.0166316 0.00864667
 761 0.52 0.017293 0.0086606
 762 -0.04 0.0172178 0.00864955
 763 -0.08 0.0170904 0.00863915
 764 -0.12 0.016911 0.0086297
 765 0.12 0.0170458 0.00861946
 766 0.28 0.017389 0.00861504
 767 0.4 0.0178879 0.00861825
 768 0.44 0.0184375 0.00862456
 769 0.48 0.0190377 0.00863422
 770 0.32 0.0194286 0.00863185
 771 0 0.0194034 0.00862069
 772 -0.08 0.0192746 0.00861048
 773 -0.32 0.0188357 0.00861052
 774 -0.16 0.0186047 0.00860249
 775 -0.04 0.018529 0.00859172
 776 0.04 0.0185567 0.00858069
 777 0.2 0.0187902 0.00857282
 778 -0.16 0.0185604 0.00856487
 779 0 0.0185366 0.00855391
 780 -0.16 0.0183077 0.008546
 781 -0.16 0.0180794 0.0085381
 782 -0.32 0.0176471 0.00853813
 783 -0.12 0.0174713 0.00852903
 784 -0.12 0.0172959 0.00851995
 785 -0.08 0.017172 0.00850999
 786 0 0.0171501 0.00849918
 787 -0.08 0.0170267 0.00848928
 788 -0.04 0.0169543 0.0084788
 789 0.32 0.0173384 0.00847676
 790 0.24 0.0176203 0.00847071
 791 0.04 0.0176485 0.00846004
 792 0.08 0.0177273 0.00844972
 793 -0.24 0.0174023 0.00844531
 794 -0.28 0.0170277 0.00844298
 795 -0.28 0.0166541 0.00844063
 796 -0.28 0.0162814 0.00843825
 797 -0.36 0.0158093 0.00844087
 798 -0.12 0.0156391 0.00843201
 799 -0.04 0.0155695 0.00842173
 800 -0.04 0.0155 0.00841149
 801 -0.24 0.015181 0.00840703
 802 -0.2 0.0149127 0.00840083
 803 0.04 0.014944 0.00839042
 804 -0.08 0.0148259 0.00838081
 805 -0.16 0.0146087 0.00837321
 806 0.16 0.0147891 0.00836476
 807 0 0.0147708 0.00835441
 808 0 0.0147525 0.00834408
 809 0.12 0.0148826 0.00833478
 810 -0.24 0.0145679 0.00833043
 811 -0.2 0.0143033 0.00832435
 812 -0.2 0.0140394 0.00831828
 813 -0.28 0.0136777 0.00831591
 814 -0.32 0.0132678 0.0083158
 815 -0.08 0.0131534 0.00830638
 816 0.24 0.0134314 0.00830085
 817 0 0.0134149 0.0082907
 818 0.08 0.0134963 0.00828096
 819 -0.24 0.0131868 0.00827663
 820 -0.4 0.0126829 0.00828187
 821 -0.08 0.01257 0.00827255
 822 0.04 0.0126034 0.00826255
 823 0.24 0.0128797 0.00825713
 824 -0.04 0.0128155 0.00824735
 825 -0.2 0.0125576 0.00824138
 826 -0.12 0.0123971 0.00823297
 827 0.04 0.0124305 0.00822307
 828 -0.16 0.0122222 0.00821577
 829 -0.12 0.0120627 0.00820741
 830 -0.32 0.0116627 0.00820727
 831 -0.08 0.0115523 0.00819813
 832 -0.04 0.0114904 0.00818851
 833 -0.28 0.0111405 0.00818615
 834 -0.4 0.0106475 0.00819118
 835 -0.16 0.0104431 0.00818391
 836 -0.32 0.0100478 0.00818367
 837 -0.44 0.00951016 0.00819155
 838 -0.52 0.00887828 0.00820614
 839 -0.32 0.00848629 0.00820572
 840 -0.4 0.008 0.00821036
 841 -0.72 0.00713436 0.00824615
 842 -0.4 0.00665083 0.00825053
 843 -0.16 0.00645314 0.00824311
 844 -0.4 0.00597156 0.00824741
 845 -0.28 0.00563314 0.00824459
 846 -0.16 0.00543735 0.00823717
 847 0.08 0.00552538 0.00822791
 848 0.12 0.00566038 0.00821931
 849 0.28 0.00598351 0.00821598
 850 0.2 0.00621176 0.00820948
 851 0.16 0.00639248 0.00820182
 852 0.04 0.00643192 0.00819228
 853 0.16 0.00661196 0.00818465
 854 0 0.00660422 0.00817507
 855 0.12 0.00673684 0.00816658
 856 0.16 0.00691589 0.00815899
 857 0.24 0.00718786 0.00815401
 858 0.08 0.00727273 0.00814494
 859 0.24 0.00754366 0.00813996
 860 0 0.00753488 0.0081305
 861 0.24 0.00780488 0.00812553
 862 0.32 0.00816705 0.00812418
 863 0.12 0.00829664 0.00811579
 864 0.04 0.00833333 0.00810648
 865 0.16 0.00850867 0.008099
 866 0.36 0.00891455 0.00809982
 867 0.04 0.0089504 0.00809055
 868 -0.28 0.00861751 0.00808808
 869 -0.32 0.00823936 0.00808761
 870 -0.36 0.00781609 0.00808939
 871 0 0.00780712 0.0080801
 872 0 0.00779817 0.00807083
 873 0.04 0.00783505 0.00806167
 874 0.32 0.00819222 0.00806036
 875 0.28 0.00850286 0.00805713
 876 0.04 0.00853881 0.00804801
 877 0.04 0.00857469 0.00803891
 878 -0.24 0.00829157 0.00803473
 879 -0.32 0.00791809 0.00803427
 880 -0.24 0.00763636 0.00803008
 881 -0.16 0.00744608 0.00802322
 882 -0.12 0.00730159 0.00801542
 883 -0.16 0.00711212 0.00800858
 884 0.08 0.00719457 0.00799994
 885 -0.28 0.00687006 0.00799748
 886 0.08 0.0069526 0.00798888
 887 -0.16 0.00676437 0.00798208
 888 0.16 0.00693694 0.00797496
 889 0.44 0.00742407 0.00798086
 890 0.4 0.00786517 0.00798408
 891 0.48 0.00839506 0.0079927
 892 0.44 0.00887892 0.00799839
 893 0.2 0.00909295 0.00799229
 894 -0.12 0.00894855 0.00798465
 895 0.08 0.00902793 0.00797612
 896 0.44 0.00950893 0.00798172
 897 0.2 0.00972129 0.00797564
 898 -0.08 0.00962138 0.00796738
 899 0.04 0.00965517 0.00795859
 900 0.28 0.00995556 0.00795541
 901 0.28 0.0102553 0.00795223
 902 0.16 0.0104213 0.00794514
 903 -0.04 0.0103654 0.00793653
 904 -0.12 0.0102212 0.00792906
 905 -0.36 0.00981215 0.00793085
 906 0.08 0.00988962 0.00792247
 907 0.08 0.00996692 0.00791411
 908 0.36 0.0103524 0.00791478
 909 0.2 0.0105611 0.00790882
 910 0.2 0.0107692 0.00790287
 911 0.2 0.0109769 0.00789692
 912 0.12 0.0110965 0.00788917
 913 0.16 0.0112596 0.00788221
 914 0.4 0.0116849 0.00788506
 915 0.28 0.0119781 0.00788189
 916 0.04 0.0120087 0.00787334
 917 -0.2 0.0117775 0.00786815
 918 0 0.0117647 0.00785958
 919 -0.16 0.0115778 0.00785325
 920 -0.04 0.0115217 0.00784491
 921 -0.12 0.0113789 0.00783769
 922 -0.08 0.0112798 0.00782981
 923 -0.08 0.0111809 0.00782195
 924 0.12 0.0112987 0.00781437
 925 -0.4 0.0108541 0.00781857
 926 -0.4 0.0104104 0.00782271
 927 -0.2 0.0101834 0.00781757
 928 0.2 0.0103879 0.00781182
 929 0.24 0.0106351 0.00780732
 930 -0.08 0.0105376 0.00779952
 931 -0.2 0.0103115 0.00779442
 932 0.04 0.0103433 0.00778612
 933 0.16 0.0105038 0.00777943
 934 0.12 0.010621 0.00777198
 935 0.12 0.010738 0.00776454
 936 0.32 0.0110684 0.00776328
 937 0.12 0.0111846 0.00775586
 938 0.04 0.0112154 0.00774765
 939 0.28 0.0115016 0.00774468
 940 0.28 0.0117872 0.00774171
 941 0.16 0.0119447 0.00773508
 942 0.08 0.012017 0.0077272
 943 0.16 0.0121739 0.0077206
 944 0 0.012161 0.00771243
 945 0.08 0.0122328 0.0077046
 946 0.08 0.0123044 0.00769678
 947 0.04 0.0123337 0.0076887
 948 -0.04 0.0122785 0.00768079
 949 -0.44 0.0118019 0.00768748
 950 -0.12 0.0116632 0.00768063
 951 -0.08 0.0115668 0.00767316
 952 0.16 0.0117227 0.00766668
 953 0.12 0.0118363 0.00765947
 954 0.04 0.0118658 0.0076515
 955 -0.08 0.0117696 0.00764409
 956 -0.04 0.0117155 0.00763628
 957 -0.04 0.0116614 0.00762849
 958 -0.24 0.0113987 0.00762505
 959 -0.24 0.0111366 0.0076216
 960 -0.24 0.010875 0.00761815
 961 -0.16 0.0106972 0.0076123
 962 -0.2 0.0104782 0.00760753
 963 -0.16 0.0103011 0.00760169
 964 -0.04 0.010249 0.00759398
 965 -0.08 0.0101554 0.00758668
 966 -0.08 0.0100621 0.0075794
 967 -0.12 0.00992761 0.00757275
 968 0 0.00991736 0.00756493
 969 -0.16 0.009742 0.00755915
 970 -0.24 0.00948454 0.00755575
 971 -0.36 0.00910402 0.00755755
 972 -0.08 0.00901235 0.00755032
 973 -0.16 0.00883864 0.00754456
 974 -0.44 0.00837782 0.00755088
 975 -0.24 0.00812308 0.00754744
 976 0.2 0.00831967 0.00754226
 977 -0.08 0.00822927 0.00753508
 978 0.08 0.00830266 0.00752773
 979 0.2 0.00849847 0.00752259
 980 0.44 0.00893878 0.00752779
 981 -0.04 0.00888889 0.00752028
 982 0.08 0.0089613 0.00751297
 983 0.12 0.00907426 0.00750617
 984 -0.08 0.00898374 0.00749909
 985 0 0.00897462 0.00749147
 986 0.08 0.00904665 0.00748422
 987 0.04 0.00907801 0.0074767
 988 -0.24 0.00882591 0.00747338
 989 -0.2 0.00861476 0.00746881
 990 -0.32 0.00828283 0.00746864
 991 -0.28 0.00799193 0.00746677
 992 -0.04 0.00794355 0.00745939
 993 0.16 0.00809668 0.00745345
 994 0.24 0.00832998 0.0074496
 995 0.08 0.00840201 0.00744246
 996 -0.36 0.00803213 0.00744418
 997 -0.44 0.00758275 0.00745027
 998 -0.08 0.00749499 0.00744332
 999 -0.48 0.00700701 0.00745186
 1000 -0.12 0.00688 0.00744549
 1001 -0.08 0.00679321 0.00743855
 1002 -0.08 0.00670659 0.00743163
 1003 0.08 0.00677966 0.00742458
 1004 0.28 0.00705179 0.00742217
 1005 0.16 0.00720398 0.00741634
 1006 0.52 0.00771372 0.00742648
 1007 0.4 0.00810328 0.00742932
 1008 0.36 0.00845238 0.00743015
 1009 0.12 0.00856293 0.00742361
 1010 0.08 0.00863366 0.00741659
 1011 -0.2 0.0084273 0.00741213
 1012 -0.04 0.00837945 0.00740495
 1013 0.12 0.00848963 0.00739846
 1014 0.12 0.00859961 0.00739198
 1015 -0.28 0.00831527 0.00739016
 1016 -0.04 0.00826772 0.00738304
 1017 0.08 0.00833825 0.00737611
 1018 0 0.00833006 0.00736887
 1019 0.16 0.0084789 0.00736314
 1020 0.28 0.0087451 0.00736073
 1021 0 0.00873653 0.00735352
 1022 -0.08 0.00864971 0.00734684
 1023 -0.04 0.00860215 0.00733981
 1024 0 0.00859375 0.00733264
 1025 0.24 0.00881951 0.00732896
 1026 0.2 0.00900585 0.00732419
 1027 -0.28 0.00872444 0.00732246
 1028 -0.4 0.00832685 0.00732613
 1029 -0.16 0.00816327 0.00732083
 1030 0.2 0.00834951 0.00731609
 1031 0.2 0.0085354 0.00731136
 1032 0.24 0.00875969 0.00730771
 1033 0.12 0.00886738 0.00730143
 1034 0.08 0.00893617 0.00729469
 1035 -0.16 0.00877295 0.00728947
 1036 -0.32 0.0084556 0.00728934
 1037 -0.36 0.00810029 0.00729097
 1038 -0.44 0.00766859 0.00729672
 1039 -0.32 0.00735322 0.00729651
 1040 -0.12 0.00723077 0.00729052
 1041 0.08 0.00730067 0.00728385
 1042 0.16 0.00744722 0.00727833
 1043 0.32 0.00774688 0.00727752
 1044 0.12 0.00785441 0.00727134
 1045 0.12 0.00796172 0.00726518
 1046 0.08 0.00803059 0.00725855
 1047 0.08 0.00809933 0.00725194
 1048 0.08 0.00816794 0.00724535
 1049 0 0.00816015 0.00723844
 1050 -0.08 0.00807619 0.00723203
 1051 -0.04 0.00803045 0.00722529
 1052 0.08 0.00809886 0.00721874
 1053 -0.12 0.00797721 0.00721291
 1054 -0.08 0.00789374 0.00720655
 1055 -0.12 0.00777251 0.00720073
 1056 0.04 0.00780303 0.00719398
 1057 -0.04 0.00775781 0.00718731
 1058 -0.2 0.00756144 0.0071832
 1059 0.12 0.00766761 0.0071772
 1060 0.32 0.00796226 0.00717647
 1061 0.12 0.00806786 0.00717048
 1062 -0.16 0.0079096 0.00716548
 1063 0 0.00790216 0.00715874
 1064 0.08 0.00796992 0.00715233
 1065 0.04 0.008 0.00714567
 1066 0.04 0.00803002 0.00713903
 1067 -0.04 0.007985 0.00713248
 1068 0.08 0.00805243 0.00712611
 1069 0.08 0.00811974 0.00711976
 1070 -0.04 0.00807477 0.00711325
 1071 -0.08 0.00799253 0.00710708
 1072 -0.04 0.00794776 0.00710059
 1073 0 0.00794035 0.00709397
 1074 -0.08 0.00785847 0.00708783
 1075 -0.2 0.00766512 0.00708388
 1076 -0.32 0.00736059 0.00708384
 1077 -0.12 0.00724234 0.00707825
 1078 -0.12 0.0071243 0.00707266
 1079 -0.12 0.00700649 0.00706709
 1080 0.2 0.00718519 0.0070628
 1081 0.16 0.00732655 0.00705768
 1082 0.08 0.00739372 0.00705147
 1083 -0.24 0.00716528 0.00704866
 1084 0.12 0.00726937 0.00704293
 1085 0.24 0.00748387 0.0070397
 1086 0.4 0.0078453 0.0070425
 1087 0.2 0.00802208 0.00703824
 1088 0.36 0.00834559 0.0070392
 1089 0.04 0.00837466 0.00703279
 1090 0.04 0.00840367 0.0070264
 1091 -0.24 0.00817599 0.00702365
 1092 -0.32 0.00787546 0.00702364
 1093 -0.28 0.00761208 0.00702216
 1094 -0.04 0.00756856 0.00701587
 1095 0 0.00756164 0.00700946
 1096 0.2 0.00773723 0.00700527
 1097 0.44 0.00813127 0.00700996
 1098 0.36 0.00845173 0.0070109
 1099 0.08 0.00851683 0.00700482
 1100 0.24 0.00872727 0.00700161
 1101 0.16 0.00886467 0.0069966
 1102 -0.04 0.00882033 0.00699039
 1103 0.04 0.00884859 0.00698411
 1104 0 0.00884058 0.00697778
 1105 -0.08 0.00876018 0.00697193
 1106 -0.32 0.00846293 0.00697196
 1107 -0.08 0.00838302 0.00696612
 1108 0.2 0.00855596 0.00696198
 1109 0.04 0.00858431 0.00695575
 1110 0 0.00857658 0.00694949
 1111 0 0.00856886 0.00694324
 1112 0.12 0.00866906 0.00693771
 1113 0 0.00866128 0.00693148
 1114 0.04 0.00868941 0.00692531
 1115 0.08 0.00875336 0.00691939
 1116 0.16 0.00888889 0.00691452
 1117 -0.04 0.00884512 0.00690847
 1118 0 0.00883721 0.00690229
 1119 0.4 0.00918677 0.00690497
 1120 0.56 0.00967857 0.00691631
 1121 0.52 0.0101338 0.00692512
 1122 0.44 0.0105169 0.00692954
 1123 0.36 0.0108281 0.00693036
 1124 0.48 0.0112456 0.00693676
 1125 0.56 0.0117333 0.00694774
 1126 0.6 0.0122558 0.0069612
 1127 0.24 0.0124579 0.00695795
 1128 0.24 0.0126596 0.00695471
 1129 0.32 0.0129318 0.00695387
 1130 0.04 0.0129558 0.00694776
 1131 0.08 0.013015 0.00694187
 1132 0.16 0.0131449 0.00693695
 1133 0.44 0.0135216 0.00694105
 1134 0.28 0.0137566 0.00693891
 1135 0.32 0.0140264 0.00693804
 1136 0.2 0.0141901 0.00693386
 1137 -0.04 0.0141425 0.00692793
 1138 -0.24 0.0139192 0.00692544
 1139 -0.08 0.0138367 0.00691985
 1140 0.12 0.0139298 0.0069144
 1141 0.08 0.0139877 0.00690858
 1142 -0.04 0.0139405 0.00690269
 1143 0 0.0139283 0.00689666
 1144 0.12 0.014021 0.00689125
 1145 0.04 0.0140437 0.00688527
 1146 0.16 0.014171 0.00688044
 1147 0.04 0.0141935 0.00687447
 1148 -0.16 0.0140418 0.00687016
 1149 0 0.0140296 0.00686419
 1150 -0.08 0.0139478 0.0068587
 1151 -0.04 0.013901 0.0068529
 1152 -0.12 0.0137847 0.00684794
 1153 -0.32 0.0134952 0.00684812
 1154 -0.44 0.0131023 0.00685346
 1155 -0.6 0.0125714 0.00686806
 1156 -0.56 0.0120761 0.00687997
 1157 -0.48 0.0116508 0.00688717
 1158 -0.36 0.0113299 0.0068887
 1159 -0.2 0.0111475 0.00688517
 1160 0.16 0.0112759 0.00688042
 1161 -0.08 0.0111972 0.00687495
 1162 0.16 0.0113253 0.00687022
 1163 0.12 0.0114187 0.00686495
 1164 0.12 0.011512 0.00685968
 1165 0.24 0.0117082 0.00685659
 1166 -0.08 0.0116295 0.00685116
 1167 -0.28 0.0113796 0.00684985
 1168 -0.2 0.0111986 0.00684638
 1169 -0.24 0.0109837 0.00684389
 1170 0 0.0109744 0.00683804
 1171 -0.16 0.0108284 0.00683376
 1172 -0.2 0.0106485 0.0068303
 1173 0.04 0.0106735 0.00682452
 1174 0 0.0106644 0.00681871
 1175 -0.12 0.0105532 0.00681381
 1176 -0.56 0.010068 0.00682528
 1177 -0.2 0.00988955 0.00682181
 1178 -0.12 0.00977929 0.00681691
 1179 -0.2 0.00960136 0.00681345
 1180 -0.12 0.00949153 0.00680856
 1181 0.2 0.00965284 0.00680471
 1182 0.12 0.00974619 0.00679959
 1183 -0.04 0.00970414 0.00679397
 1184 -0.24 0.00949324 0.0067915
 1185 0.24 0.00968776 0.00678856
 1186 0.2 0.00984823 0.00678473
 1187 0.32 0.0101095 0.00678404
 1188 0.28 0.0103367 0.00678214
 1189 0.4 0.0106644 0.00678435
 1190 0.04 0.0106891 0.00677869
 1191 0.12 0.0107809 0.00677362
 1192 0.16 0.010906 0.00676909
 1193 0.32 0.0111651 0.00676838
 1194 -0.04 0.0111223 0.00676284
 1195 -0.12 0.0110126 0.00675807
 1196 0.04 0.0110368 0.00675246
 1197 0.04 0.011061 0.00674686
 1198 0.12 0.0111519 0.00674184
 1199 0.48 0.011543 0.00674755
 1200 0.12 0.0116333 0.00674253
 1201 0.04 0.011657 0.00673696
 1202 0.16 0.0117804 0.00673248
 1203 -0.2 0.0116043 0.00672919
 1204 -0.16 0.0114618 0.00672511
 1205 0 0.0114523 0.00671953
 1206 0.12 0.0115423 0.00671456
 1207 0.32 0.0117978 0.00671386
 1208 0 0.0117881 0.00670831
 1209 -0.12 0.0116791 0.00670364
 1210 -0.32 0.011405 0.00670371
 1211 0.04 0.0114286 0.00669821
 1212 0.04 0.0114521 0.00669272
 1213 0.04 0.0114757 0.00668724
 1214 0.2 0.011631 0.00668354
 1215 0.28 0.0118519 0.00668169
 1216 0.2 0.0120066 0.00667798
 1217 0.48 0.0123911 0.00668356
 1218 0.24 0.012578 0.00668069
 1219 -0.04 0.0125349 0.00667535
 1220 -0.2 0.0123607 0.00667215
 1221 0.12 0.0124488 0.00666726
 1222 0.12 0.0125368 0.00666239
 1223 0.16 0.0126574 0.00665803
 1224 0.04 0.0126797 0.00665262
 1225 0.2 0.0128327 0.00664895
 1226 0.16 0.0129527 0.00664461
 1227 -0.16 0.0128117 0.00664069
 1228 -0.08 0.0127362 0.00663571
 1229 -0.04 0.0126932 0.00663044
 1230 0.24 0.012878 0.00662763
 1231 0.24 0.0130626 0.00662481
 1232 0.24 0.0132468 0.006622
 1233 0.32 0.0134955 0.0066213
 1234 0.04 0.013517 0.00661597
 1235 -0.12 0.0134089 0.00661149
 1236 -0.12 0.013301 0.00660702
 1237 0.04 0.0133226 0.00660171
 1238 0.2 0.0134733 0.0065981
 1239 -0.2 0.013301 0.00659502
 1240 -0.28 0.0130645 0.00659395
 1241 0.04 0.0130862 0.00658867
 1242 0.2 0.0132367 0.00658508
 1243 0.2 0.013387 0.0065815
 1244 0.24 0.0135691 0.00657873
 1245 0.32 0.0138153 0.00657805
 1246 0.4 0.0141252 0.00658007
 1247 0.44 0.0144667 0.00658365
 1248 0.12 0.0145513 0.00657892
 1249 -0.04 0.0145076 0.00657379
 1250 -0.2 0.014336 0.00657077
 1251 -0.12 0.0142286 0.0065664
 1252 0 0.0142173 0.00656116
 1253 0.12 0.0143017 0.00655647
 1254 -0.12 0.0141946 0.00655211
 1255 0.04 0.0142151 0.00654692
 1256 0 0.0142038 0.00654172
 1257 -0.08 0.0141289 0.00653694
 1258 0 0.0141176 0.00653175
 1259 0.12 0.0142017 0.0065271
 1260 -0.08 0.014127 0.00652235
 1261 -0.12 0.0140206 0.00651804
 1262 -0.04 0.0139778 0.00651302
 1263 -0.12 0.0138717 0.00650872
 1264 -0.2 0.0137025 0.00650577
 1265 -0.16 0.0135652 0.00650208
 1266 0 0.0135545 0.00649695
 1267 0.08 0.0136069 0.00649203
 1268 0.24 0.0137855 0.00648936
 1269 0.2 0.0139322 0.00648591
 1270 0.36 0.0142047 0.00648653
 1271 0.36 0.0144768 0.00648713
 1272 0.24 0.0146541 0.00648445
 1273 0 0.0146426 0.00647936
 1274 0.24 0.0148195 0.00647669
 1275 0 0.0148078 0.00647162
 1276 0.28 0.0150157 0.00646989
 1277 0.4 0.0153171 0.00647184
 1278 0.4 0.0156182 0.00647378
 1279 0.4 0.0159187 0.00647569
 1280 -0.12 0.0158125 0.0064715
 1281 -0.2 0.015644 0.00646864
 1282 -0.2 0.0154758 0.00646578
 1283 -0.44 0.0151208 0.00647049
 1284 -0.28 0.014891 0.00646953
 1285 -0.04 0.0148482 0.00646464
 1286 0.08 0.0148989 0.00645981
 1287 -0.04 0.0148563 0.00645493
 1288 -0.16 0.0147205 0.00645134
 1289 0.12 0.0148022 0.00644685
 1290 0.04 0.0148217 0.00644188
 1291 -0.12 0.0147173 0.00643774
 1292 -0.44 0.0143653 0.00644237
 1293 0.08 0.0144161 0.00643759
 1294 0.12 0.0144977 0.00643313
 1295 0.28 0.0147027 0.00643143
 1296 -0.08 0.0146296 0.00642688
 1297 -0.04 0.0145875 0.00642206
 1298 0.12 0.0146687 0.00641762
 1299 -0.28 0.0144419 0.00641669
 1300 0.08 0.0144923 0.00641195
 1301 0 0.0144812 0.00640703
 1302 -0.12 0.0143779 0.00640294
 1303 0.04 0.0143975 0.00639806
 1304 0.2 0.0145399 0.00639473
 1305 0.32 0.0147739 0.00639412
 1306 0.24 0.0149464 0.00639155
 1307 0 0.014935 0.00638666
 1308 -0.04 0.014893 0.00638192
 1309 -0.08 0.0148205 0.00637745
 1310 0.04 0.0148397 0.00637261
 1311 0.2 0.0149809 0.00636931
 1312 0.16 0.0150915 0.00636542
 1313 0.28 0.0152932 0.00636377
 1314 0.16 0.0154033 0.00635988
 1315 0.08 0.0154525 0.00635523
 1316 0 0.0154407 0.00635041
 1317 0.24 0.0156112 0.00634787
 1318 -0.12 0.0155083 0.00634389
 1319 -0.44 0.015163 0.00634848
 1320 -0.32 0.0149091 0.00634875
 1321 -0.44 0.0145647 0.00635328
 1322 -0.6 0.0140998 0.00636547
 1323 -0.56 0.0136659 0.00637544
 1324 -0.44 0.0133233 0.00637983
 1325 -0.04 0.013283 0.00637514
 1326 -0.2 0.0131222 0.00637236
 1327 -0.24 0.0129314 0.00637041
 1328 -0.16 0.0128012 0.00636695
 1329 -0.16 0.0126712 0.00636348
 1330 -0.08 0.0126015 0.00635908
 1331 -0.16 0.0124718 0.00635562
 1332 -0.28 0.0122523 0.00635464
 1333 -0.52 0.011853 0.00636242
 1334 -0.48 0.0114843 0.00636833
 1335 -0.36 0.011206 0.00636964
 1336 -0.08 0.0111377 0.00636523
 1337 -0.04 0.0110995 0.00636059
 1338 -0.16 0.0109716 0.00635712
 1339 -0.28 0.0107543 0.00635608
 1340 -0.08 0.0106866 0.0063517
 1341 -0.08 0.0106189 0.00634732
 1342 -0.12 0.0105216 0.00634334
 1343 -0.08 0.0104542 0.00633897
 1344 0.04 0.0104762 0.00633429
 1345 0.04 0.0104981 0.00632962
 1346 -0.04 0.0104606 0.00632502
 1347 -0.16 0.0103341 0.00632159
 1348 -0.12 0.0102374 0.00631764
 1349 -0.28 0.0100222 0.00631662
 1350 -0.28 0.00980741 0.0063156
 1351 -0.2 0.00965211 0.00631283
 1352 -0.04 0.00961538 0.00630827
 1353 0.08 0.00966741 0.00630382
 1354 0.04 0.00968981 0.0062992
 1355 0 0.00968266 0.00629455
 1356 0.08 0.00973451 0.00629012
 1357 -0.24 0.00955048 0.00628818
 1358 -0.24 0.00936672 0.00628623
 1359 0.16 0.00947756 0.00628258
 1360 0.12 0.00955882 0.00627849
 1361 0.04 0.00958119 0.00627391
 1362 0.48 0.00992658 0.00627881
 1363 0.6 0.0103595 0.00628912
 1364 0.36 0.0106158 0.00628973
 1365 0.28 0.0108132 0.00628822
 1366 0.36 0.0110688 0.00628882
 1367 0.2 0.011207 0.00628573
 1368 0.32 0.0114327 0.00628519
 1369 0.56 0.0118335 0.00629337
 1370 0.52 0.0122044 0.0062997
 1371 0.12 0.012283 0.0062956
 1372 0.2 0.0124198 0.00629249
 1373 0.24 0.0125856 0.00629009
 1374 0.08 0.0126346 0.00628571
 1375 -0.08 0.0125673 0.00628149
 1376 0.04 0.0125872 0.00627696
 1377 0.04 0.0126071 0.00627243
 1378 0.04 0.012627 0.00626791
 1379 0.2 0.0127629 0.00626483
 1380 -0.12 0.0126667 0.00626103
 1381 0.08 0.0127154 0.00625669
 1382 -0.04 0.0126773 0.00625227
 1383 0.08 0.012726 0.00624794
 1384 0.28 0.0129191 0.00624641
 1385 0.44 0.0132274 0.00624951
 1386 0.36 0.0134776 0.00625001
 1387 0.28 0.0136698 0.00624846
 1388 0.36 0.0139193 0.00624894
 1389 0.28 0.0141109 0.00624738
 1390 0.48 0.014446 0.00625187
 1391 0.4 0.0147232 0.00625352
 1392 0.24 0.0148851 0.00625112
 1393 0.6 0.0153051 0.00626074
 1394 0.56 0.0156958 0.00626844
 1395 0.6 0.0161147 0.00627793
 1396 0.24 0.0162751 0.00627548
 1397 0 0.0162634 0.006271
 1398 0.12 0.0163376 0.00626695
 1399 0.16 0.0164403 0.00626331
 1400 0.24 0.0166 0.00626087
 1401 0.12 0.0166738 0.00625684
 1402 0.08 0.016719 0.00625254
 1403 0.12 0.0167926 0.00624851
 1404 0 0.0167806 0.00624407
 1405 0.08 0.0168256 0.00623979
 1406 -0.12 0.0167283 0.00623611
 1407 0.24 0.016887 0.00623369
 1408 -0.12 0.0167898 0.00623002
 1409 -0.16 0.0166643 0.00622686
 1410 -0.16 0.016539 0.00622371
 1411 0.24 0.0166974 0.00622131
 1412 0.08 0.0167422 0.00621707
 1413 -0.08 0.0166737 0.00621304
 1414 0.24 0.0168317 0.00621065
 1415 0.16 0.0169329 0.00620709
 1416 0 0.0169209 0.00620271
 1417 -0.08 0.0168525 0.00619871
 1418 0.04 0.0168688 0.00619436
 1419 0.04 0.0168851 0.00619002
 1420 -0.08 0.0168169 0.00618603
 1421 0 0.0168051 0.00618169
 1422 0.12 0.0168776 0.00617777
 1423 -0.2 0.0167252 0.0061753
 1424 -0.08 0.0166573 0.00617134
 1425 -0.16 0.0165333 0.00616825
 1426 0.16 0.0166339 0.00616475
 1427 0.24 0.0167905 0.00616241
 1428 0.12 0.0168627 0.00615852
 1429 0.36 0.0171029 0.00615889
 1430 0.24 0.0172587 0.00615656
 1431 0.2 0.0173864 0.00615358
 1432 0.2 0.017514 0.0061506
 1433 0.24 0.0176692 0.00614827
 1434 0.12 0.0177406 0.00614439
 1435 0.28 0.0179233 0.00614283
 1436 0.24 0.018078 0.0061405
 1437 0.04 0.0180932 0.00613624
 1438 -0.08 0.018025 0.00613235
 1439 -0.04 0.0179847 0.00612822
 1440 -0.28 0.0177778 0.00612746
 1441 0.08 0.017821 0.00612336
 1442 0.16 0.0179196 0.00611991
 1443 0.12 0.0179903 0.00611607
 1444 0.4 0.0182548 0.00611756
 1445 0.12 0.0183253 0.00611373
 1446 0.16 0.0184232 0.00611029
 1447 -0.2 0.0182723 0.00610793
 1448 0.08 0.0183149 0.00610386
 1449 0.04 0.0183299 0.00609966
 1450 -0.08 0.0182621 0.00609583
 1451 -0.24 0.0180841 0.00609423
 1452 0 0.0180716 0.00609004
 1453 0.12 0.0181418 0.00608625
 1454 0.12 0.0182118 0.00608247
 1455 0.24 0.0183643 0.0060802
 1456 0.48 0.0186813 0.00608429
 1457 0.44 0.0189705 0.00608698
 1458 0.4 0.0192318 0.00608842
 1459 0.24 0.0193831 0.00608612
 1460 0.24 0.0195342 0.00608383
 1461 0.28 0.0197125 0.00608228
 1462 -0.08 0.0196443 0.0060785
 1463 0.36 0.019877 0.0060788
 1464 0.36 0.0201093 0.00607908
 1465 0.24 0.0202594 0.00607679
 1466 0.04 0.0202729 0.00607266
 1467 0.16 0.0203681 0.00606926
 1468 0.4 0.0206267 0.00607064
 1469 0.4 0.020885 0.006072
 1470 0.24 0.021034 0.0060697
 1471 0.2 0.0211557 0.00606679
 1472 0.12 0.0212228 0.00606304
 1473 -0.08 0.0211541 0.00605931
 1474 -0.08 0.0210855 0.00605559
 1475 -0.16 0.0209627 0.00605273
 1476 -0.2 0.020813 0.00605048
 1477 0.04 0.020826 0.00604639
 1478 0 0.0208119 0.00604232
 1479 0.12 0.020879 0.0060386
 1480 0.2 0.021 0.00603573
 1481 0 0.0209858 0.00603167
 1482 0.2 0.0211066 0.00602881
 1483 0.12 0.0211733 0.00602511
 1484 0.4 0.0214286 0.00602646
 1485 0.44 0.0217104 0.00602899
 1486 0.04 0.0217227 0.00602495
 1487 -0.2 0.0215736 0.00602274
 1488 -0.08 0.0215054 0.00601908
 1489 -0.16 0.0213835 0.00601627
 1490 -0.08 0.0213154 0.00601262
 1491 0.12 0.0213816 0.00600895
 1492 0.08 0.0214209 0.00600505
 1493 0.08 0.0214601 0.00600115
 1494 0 0.0214458 0.00599715
 1495 -0.08 0.0213779 0.00599352
 1496 0 0.0213636 0.00598953
 1497 0.08 0.0214028 0.00598566
 1498 -0.04 0.0213618 0.0059818
 1499 0.2 0.021481 0.005979
 1500 0.16 0.0215733 0.00597572
 1501 0 0.021559 0.00597176
 1502 -0.2 0.0214115 0.0059696
 1503 -0.24 0.0212375 0.00596817
 1504 -0.12 0.0211436 0.00596493
 1505 0 0.0211296 0.00596099
 1506 -0.28 0.0209296 0.00596038
 1507 -0.2 0.020783 0.00595823
 1508 -0.08 0.0207162 0.00595465
 1509 -0.16 0.0205964 0.00595191
 1510 0 0.0205828 0.00594798
 1511 0 0.0205692 0.00594406
 1512 -0.04 0.0205291 0.00594026
 1513 0 0.0205155 0.00593635
 1514 0.24 0.0206605 0.0059342
 1515 -0.12 0.0205677 0.00593101
 1516 0.08 0.0206069 0.00592722
 1517 -0.04 0.0205669 0.00592345
 1518 0.12 0.0206324 0.00591991
 1519 0.36 0.0208558 0.00592023
 1520 0.16 0.0209474 0.00591704
 1521 0.08 0.0209862 0.00591328
 1522 0.24 0.0211301 0.00591114
 1523 0.12 0.021195 0.00590762
 1524 0.12 0.0212598 0.00590409
 1525 0.12 0.0213246 0.00590058
 1526 0.08 0.021363 0.00589683
 1527 0.04 0.0213752 0.00589298
 1528 0 0.0213613 0.00588914
 1529 0.28 0.0215304 0.00588772
 1530 0.28 0.0216993 0.00588629
 1531 0.32 0.0218942 0.00588567
 1532 0.08 0.0219321 0.00588195
 1533 0.04 0.0219439 0.00587813
 1534 -0.08 0.0218774 0.00587467
 1535 -0.16 0.021759 0.00587204
 1536 -0.08 0.0216927 0.00586859
 1537 -0.08 0.0216265 0.00586514
 1538 -0.12 0.0215345 0.00586205
 1539 -0.08 0.0214685 0.00585861
 1540 0.04 0.0214805 0.00585482
 1541 -0.24 0.0213108 0.00585348
 1542 0.04 0.021323 0.00584969
 1543 0.12 0.0213869 0.00584625
 1544 0.52 0.0217098 0.00585138
 1545 0.48 0.0220065 0.00585511
 1546 0.56 0.0223545 0.00586166
 1547 0.28 0.022521 0.00586024
 1548 0.12 0.022584 0.00585679
 1549 0.08 0.022621 0.00585312
 1550 0.2 0.0227355 0.00585047
 1551 0.12 0.0227982 0.00584703
 1552 0.12 0.0228608 0.0058436
 1553 -0.24 0.0226916 0.00584228
 1554 -0.2 0.0225483 0.00584028
 1555 -0.16 0.0224309 0.00583771
 1556 -0.16 0.0223136 0.00583513
 1557 0 0.0222993 0.0058314
 1558 0.04 0.0223107 0.00582767
 1559 0.12 0.0223733 0.00582426
 1560 0.08 0.0224103 0.00582065
 1561 0.12 0.0224728 0.00581725
 1562 0 0.0224584 0.00581354
 1563 0.2 0.022572 0.00581093
 1564 0.12 0.0226343 0.00580755
 1565 0.32 0.0228243 0.00580695
 1566 0.52 0.0231418 0.00581192
 1567 0.28 0.0233057 0.00581052
 1568 0.28 0.0234694 0.00580912
 1569 0.36 0.0236839 0.00580938
 1570 0.36 0.0238981 0.00580963
 1571 0.32 0.0240866 0.00580899
 1572 0.24 0.0242239 0.00580691
 1573 0.2 0.0243357 0.0058043
 1574 0.08 0.024371 0.00580072
 1575 0.08 0.0244063 0.00579714
 1576 0.24 0.0245431 0.00579508
 1577 0 0.0245276 0.00579142
 1578 0.04 0.0245374 0.00578776
 1579 -0.04 0.0244965 0.00578424
 1580 -0.04 0.0244557 0.00578072
 1581 0.2 0.0245667 0.00577813
 1582 0.44 0.0248293 0.00578044
 1583 0.52 0.0251421 0.00578525
 1584 0.36 0.0253535 0.00578546
 1585 0.24 0.025489 0.0057834
 1586 -0.04 0.0254477 0.0057799
 1587 -0.4 0.0251796 0.00578247
 1588 -0.08 0.0251134 0.00577921
 1589 0 0.0250975 0.00577559
 1590 -0.08 0.0250314 0.00577234
 1591 -0.24 0.0248649 0.00577111
 1592 -0.2 0.0247236 0.00576921
 1593 -0.12 0.0246328 0.00576631
 1594 0.12 0.0246926 0.005763
 1595 0.16 0.0247774 0.00576001
 1596 0.28 0.0249373 0.00575862
 1597 0.44 0.0251972 0.00576088
 1598 0.28 0.0253567 0.00575948
 1599 0.04 0.0253659 0.00575588
 1600 0.16 0.02545 0.0057529
 1601 -0.2 0.0253092 0.00575103
 1602 -0.32 0.0250936 0.00575148
 1603 -0.04 0.025053 0.00574803
 1604 -0.16 0.0249377 0.00574561
 1605 -0.04 0.0248972 0.00574217
 1606 -0.2 0.0247572 0.0057403
 1607 -0.28 0.0245675 0.00573986
 1608 -0.36 0.0243284 0.00574128
 1609 -0.24 0.0241641 0.00574006
 1610 -0.2 0.0240248 0.00573818
 1611 0.04 0.0240348 0.00573463
 1612 0.24 0.0241687 0.00573263
 1613 0.28 0.0243273 0.00573127
 1614 0.12 0.0243866 0.00572803
 1615 0.08 0.0244211 0.00572458
 1616 0.04 0.0244307 0.00572105
 1617 0.32 0.0246135 0.00572043
 1618 0.32 0.024796 0.00571981
 1619 0.24 0.024929 0.00571782
 1620 0.24 0.0250617 0.00571583
 1621 0.2 0.0251696 0.00571332
 1622 -0.12 0.0250801 0.0057105
 1623 0.16 0.0251633 0.00570759
 1624 0.16 0.0252463 0.00570467
 1625 0.24 0.0253785 0.00570269
 1626 0.24 0.0255105 0.00570071
 1627 0.04 0.0255194 0.00569722
 1628 0.04 0.0255283 0.00569372
 1629 0 0.0255126 0.00569025
 1630 -0.12 0.0254233 0.00568746
 1631 -0.24 0.0252606 0.0056863
 1632 0 0.0252451 0.00568283
 1633 -0.08 0.0251806 0.00567972
 1634 0 0.0251652 0.00567626
 1635 0.08 0.0251988 0.00567289
 1636 0.12 0.0252567 0.00566972
 1637 -0.04 0.0252169 0.00566639
 1638 0.44 0.0254701 0.00566859
 1639 0.72 0.0258938 0.00568096
 1640 0.64 0.0262683 0.00568983
 1641 0.4 0.026496 0.00569092
 1642 0.28 0.0266504 0.00568955
 1643 0.12 0.0267072 0.00568637
 1644 0.2 0.0268127 0.00568388
 1645 0.08 0.026845 0.00568052
 1646 0.16 0.0269259 0.00567764
 1647 0.12 0.0269824 0.00567448
 1648 0.16 0.0270631 0.00567161
 1649 0 0.0270467 0.00566819
 1650 0.36 0.0272485 0.00566835
 1651 0.24 0.0273773 0.00566638
 1652 0.12 0.0274334 0.00566322
 1653 0.16 0.0275136 0.00566036
 1654 0.2 0.0276179 0.0056579
 1655 -0.12 0.0275287 0.00565519
 1656 -0.04 0.0274879 0.00565192
 1657 -0.08 0.0274231 0.00564888
 1658 -0.04 0.0273824 0.00564562
 1659 -0.08 0.0273177 0.00564258
 1660 -0.04 0.0272771 0.00563933
 1661 0 0.0272607 0.00563596
 1662 0.16 0.0273406 0.00563313
 1663 0.08 0.0273722 0.00562983
 1664 -0.2 0.0272356 0.00562811
 1665 -0.16 0.0271231 0.00562585
 1666 -0.04 0.0270828 0.00562262
 1667 0.04 0.0270906 0.00561925
 1668 0.08 0.0271223 0.00561597
 1669 0.16 0.0272019 0.00561317
 1670 0.04 0.0272096 0.00560981
 1671 0 0.0271933 0.00560647
 1672 0.24 0.0273206 0.00560457
 1673 0.4 0.0275433 0.00560564
 1674 0.6 0.0278853 0.00561272
 1675 0.44 0.0281313 0.00561476
 1676 0.12 0.0281862 0.00561168
 1677 0.28 0.0283363 0.00561034
 1678 0.08 0.0283671 0.00560708
 1679 0.16 0.0284455 0.00560429
 1680 0.2 0.0285476 0.00560188
 1681 0.44 0.0287924 0.0056039
 1682 0.16 0.0288704 0.00560111
 1683 0.16 0.0289483 0.00559832
 1684 -0.04 0.0289074 0.00559514
 1685 0.2 0.0290089 0.00559275
 1686 0.24 0.029134 0.00559083
 1687 0.24 0.029259 0.00558891
 1688 0.36 0.029455 0.00558903
 1689 0.04 0.0294612 0.00558573
 1690 0.04 0.0294675 0.00558243
 1691 -0.24 0.0293081 0.0055814
 1692 0 0.0292908 0.00557813
 1693 0.28 0.0294389 0.0055768
 1694 0.4 0.0296576 0.00557779
 1695 0.28 0.0298053 0.00557646
 1696 0.28 0.0299528 0.00557512
 1697 0.12 0.0300059 0.00557209
 1698 -0.04 0.0299647 0.00556896
 1699 -0.04 0.0299235 0.00556583
 1700 0.12 0.0299765 0.00556281
 1701 0.08 0.0300059 0.00555962
 1702 0.08 0.0300353 0.00555643
 1703 0.48 0.0302995 0.00555944
 1704 0.4 0.0305164 0.00556042
 1705 0 0.0304985 0.00555718
 1706 0.12 0.030551 0.00555417
 1707 0.2 0.0306503 0.0055518
 1708 0.24 0.0307728 0.00554991
 1709 0.08 0.0308016 0.00554673
 1710 -0.2 0.0306667 0.00554513
 1711 0.16 0.0307423 0.0055424
 1712 -0.04 0.0307009 0.00553932
 1713 -0.04 0.0306597 0.00553624
 1714 -0.04 0.0306184 0.00553316
 1715 -0.08 0.0305539 0.00553031
 1716 -0.08 0.0304895 0.00552746
 1717 -0.08 0.0304252 0.00552462
 1718 0.12 0.0304773 0.00552165
 1719 -0.04 0.0304363 0.00551859
 1720 0.12 0.0304884 0.00551562
 1721 0.04 0.0304939 0.00551242
 1722 -0.16 0.0303833 0.00551033
 1723 0 0.0303656 0.00550716
 1724 0.08 0.0303944 0.00550404
 1725 0 0.0303768 0.00550087
 1726 0.08 0.0304056 0.00549776
 1727 0.08 0.0304343 0.00549465
 1728 0.32 0.0306019 0.00549403
 1729 0.04 0.0306073 0.00549085
 1730 0.28 0.0307514 0.00548957
 1731 0.56 0.0310572 0.00549491
 1732 0.12 0.0311085 0.00549198
 1733 0.04 0.0311137 0.00548881
 1734 0.16 0.031188 0.00548615
 1735 0.56 0.0314928 0.00549145
 1736 0.32 0.031659 0.0054908
 1737 0.12 0.0317098 0.00548787
 1738 0.12 0.0317606 0.00548495
 1739 0.04 0.0317654 0.0054818
 1740 0.04 0.0317701 0.00547865
 1741 0.12 0.0318208 0.00547573
 1742 0.24 0.0319403 0.00547389
 1743 0.2 0.0320367 0.0054716
 1744 0.2 0.032133 0.00546931
 1745 0.28 0.0322751 0.00546802
 1746 0.2 0.0323711 0.00546573
 1747 -0.08 0.0323068 0.00546298
 1748 0.2 0.0324027 0.0054607
 1749 0.2 0.0324986 0.00545842
 1750 0 0.03248 0.00545533
 1751 -0.16 0.0323701 0.00545332
 1752 -0.44 0.0321005 0.00545687
 1753 -0.2 0.0319681 0.00545537
 1754 -0.32 0.0317674 0.00545595
 1755 -0.4 0.0315214 0.00545838
 1756 -0.2 0.0313895 0.00545687
 1757 0.04 0.0313944 0.00545376
 1758 -0.36 0.0311718 0.00545521
 1759 0.04 0.0311768 0.00545211
 1760 0.08 0.0312045 0.00544908
 1761 0.16 0.0312777 0.00544647
 1762 0.12 0.031328 0.00544361
 1763 0.12 0.0313783 0.00544076
 1764 0.2 0.0314739 0.00543851
 1765 0.32 0.0316374 0.00543789
 1766 0.2 0.0317327 0.00543564
 1767 0.2 0.031828 0.0054334
 1768 0.08 0.0318552 0.0054304
 1769 0 0.0318372 0.00542736
 1770 -0.04 0.0317966 0.00542444
 1771 0.08 0.0318238 0.00542144
 1772 -0.12 0.0317381 0.00541906
 1773 -0.12 0.0316526 0.00541668
 1774 0.2 0.0317475 0.00541446
 1775 0 0.0317296 0.00541144
 1776 0 0.0317117 0.00540842
 1777 -0.12 0.0316263 0.00540605
 1778 -0.16 0.0315186 0.00540408
 1779 0 0.0315008 0.00540107
 1780 0.12 0.0315506 0.00539827
 1781 -0.04 0.0315104 0.00539538
 1782 0.16 0.0315825 0.00539284
 1783 0.48 0.031834 0.00539568
 1784 0.44 0.0320628 0.0053975
 1785 0.24 0.0321793 0.00539573
 1786 0.32 0.0323404 0.00539512
 1787 0.16 0.0324119 0.00539257
 1788 0.12 0.0324609 0.00538978
 1789 0.4 0.0326663 0.00539068
 1790 0.48 0.0329162 0.00539346
 1791 0.36 0.0330988 0.00539354
 1792 0.28 0.0332366 0.00539229
 1793 -0.12 0.0331511 0.00538996
 1794 -0.16 0.0330435 0.00538803
 1795 -0.08 0.0329805 0.0053854
 1796 -0.28 0.0328062 0.00538522
 1797 -0.04 0.0327657 0.00538237
 1798 0.04 0.0327697 0.00537938
 1799 0.36 0.0329516 0.00537947
 1800 0.08 0.0329778 0.00537654
 1801 0.36 0.0331594 0.00537662
 1802 0.28 0.0332963 0.00537538
 1803 0.24 0.033411 0.00537362
 1804 -0.08 0.0333481 0.00537101
 1805 -0.08 0.0332853 0.0053684
 1806 -0.08 0.0332226 0.0053658
 1807 -0.2 0.0330935 0.00536438
 1808 -0.36 0.0328761 0.00536582
 1809 -0.48 0.0325926 0.00537034
 1810 -0.24 0.032442 0.00536948
 1811 -0.2 0.0323136 0.00536805
 1812 -0.08 0.0322517 0.00536545
 1813 0.12 0.0323001 0.00536271
 1814 0.36 0.0324807 0.00536279
 1815 0.28 0.0326171 0.00536157
 1816 0.16 0.0326872 0.00535908
 1817 0.04 0.0326912 0.00535613
 1818 0.12 0.0327393 0.0053534
 1819 0.16 0.0328092 0.00535091
 1820 0.04 0.0328132 0.00534797
 1821 0 0.0327952 0.00534506
 1822 0 0.0327772 0.00534216
 1823 0.04 0.0327811 0.00533923
 1824 -0.08 0.0327193 0.00533666
 1825 -0.2 0.0325918 0.00533526
 1826 -0.44 0.032333 0.00533861
 1827 -0.44 0.0320744 0.00534195
 1828 -0.4 0.0318381 0.00534426
 1829 0 0.0318207 0.00534136
 1830 0.12 0.0318689 0.00533866
 1831 0.08 0.0318951 0.00533581
 1832 0.04 0.0318996 0.0053329
 1833 0.16 0.0319694 0.00533044
 1834 0.16 0.0320393 0.00532799
 1835 0.16 0.032109 0.00532555
 1836 0.52 0.0323747 0.00532927
 1837 0.56 0.0326619 0.00533411
 1838 0.64 0.0329924 0.00534144
 1839 0.48 0.0332355 0.00534406
 1840 0.6 0.0335435 0.00535003
 1841 0.6 0.0338512 0.00535597
 1842 0.08 0.0338762 0.00535312
 1843 0.12 0.033923 0.00535042
 1844 -0.04 0.0338829 0.00534767
 1845 -0.16 0.0337778 0.0053458
 1846 0.24 0.0338895 0.00534407
 1847 0.36 0.0340661 0.0053441
 1848 0.56 0.0343506 0.00534878
 1849 0.28 0.0344835 0.00534754
 1850 0.08 0.0345081 0.0053447
 1851 -0.08 0.0344462 0.00534217
 1852 0 0.0344276 0.00533932
 1853 0.08 0.0344522 0.0053365
 1854 -0.08 0.0343905 0.00533397
 1855 0.08 0.0344151 0.00533115
 1856 0.4 0.0346121 0.00533192
 1857 0.36 0.0347873 0.00533193
 1858 0.28 0.0349193 0.00533069
 1859 0.12 0.034965 0.00532802
 1860 0 0.0349462 0.00532519
 1861 -0.16 0.0348415 0.00532336
 1862 -0.2 0.0347154 0.00532199
 1863 0.08 0.0347397 0.00531919
 1864 0.28 0.0348712 0.00531796
 1865 0 0.0348525 0.00531514
 1866 0.12 0.0348982 0.00531249
 1867 0.08 0.0349223 0.0053097
 1868 0.4 0.0351178 0.00531045
 1869 0.08 0.0351418 0.00530767
 1870 0.2 0.0352299 0.00530556
 1871 0.24 0.0353394 0.00530385
 1872 0.08 0.0353632 0.00530107
 1873 0.12 0.0354084 0.00529843
 1874 0.24 0.0355176 0.00529673
 1875 -0.04 0.0354773 0.00529406
 1876 0 0.0354584 0.00529127
 1877 0.04 0.0354608 0.00528845
 1878 -0.12 0.0353781 0.00528628
 1879 0.08 0.0354018 0.00528352
 1880 -0.08 0.0353404 0.00528107
 1881 0.08 0.0353642 0.00527831
 1882 0.2 0.0354516 0.00527623
 1883 0.16 0.0355178 0.00527384
 1884 0.16 0.0355839 0.00527146
 1885 0.28 0.0357135 0.00527026
 1886 0.16 0.0357794 0.00526787
 1887 0.16 0.0358453 0.00526549
 1888 0.04 0.0358475 0.0052627
 1889 -0.12 0.035765 0.00526056
 1890 0.12 0.0358095 0.00525797
 1891 0.16 0.0358752 0.0052556
 1892 -0.12 0.0357928 0.00525346
 1893 0.08 0.0358162 0.00525074
 1894 0.12 0.0358606 0.00524816
 1895 0 0.0358417 0.00524542
 1896 0.08 0.035865 0.0052427
 1897 -0.04 0.035825 0.00524009
 1898 0.16 0.0358904 0.00523774
 1899 0 0.0358715 0.00523501
 1900 -0.16 0.0357684 0.00523327
 1901 0.08 0.0357917 0.00523057
 1902 0.12 0.035836 0.00522801
 1903 0.2 0.0359222 0.00522597
 1904 0.16 0.0359874 0.00522363
 1905 0.16 0.0360525 0.0052213
 1906 -0.04 0.0360126 0.00521871
 1907 0.44 0.0362244 0.00522027
 1908 0.52 0.036478 0.00522369
 1909 0.52 0.0367313 0.0052271
 1910 0.4 0.0369215 0.00522782
 1911 0.4 0.0371115 0.00522854
 1912 0.24 0.0372176 0.00522688
 1913 0.28 0.0373445 0.00522569
 1914 0.24 0.0374504 0.00522403
 1915 0.12 0.0374935 0.00522148
 1916 0.08 0.0375157 0.0052188
 1917 -0.2 0.0373918 0.00521755
 1918 -0.16 0.0372888 0.00521584
 1919 0.04 0.0372903 0.00521312
 1920 0.2 0.037375 0.0052111
 1921 0.24 0.0374805 0.00520945
 1922 -0.08 0.0374194 0.0052071
 1923 -0.08 0.0373583 0.00520475
 1924 -0.16 0.0372557 0.00520305
 1925 0.08 0.0372779 0.0052004
 1926 0.04 0.0372793 0.0051977
 1927 0.04 0.0372807 0.005195
 1928 0.12 0.0373237 0.00519248
 1929 0.08 0.0373458 0.00518984
 1930 -0.24 0.0372021 0.00518914
 1931 0.04 0.0372035 0.00518645
 1932 0 0.0371843 0.0051838
 1933 0.12 0.0372271 0.00518129
 1934 0.28 0.0373526 0.00518013
 1935 0.24 0.0374574 0.00517852
 1936 0.28 0.0375826 0.00517736
 1937 0.28 0.0377078 0.0051762
 1938 0.12 0.0377503 0.0051737
 1939 0.44 0.0379577 0.00517519
 1940 0.4 0.0381443 0.00517589
 1941 0.64 0.0384544 0.0051825
 1942 0.72 0.0388054 0.00519171
 1943 0.64 0.0391148 0.00519825
 1944 0.32 0.0392593 0.00519759
 1945 0.2 0.0393419 0.00519557
 1946 0 0.0393217 0.00519294
 1947 -0.24 0.0391782 0.00519226
 1948 -0.04 0.0391376 0.00518975
 1949 -0.36 0.0389328 0.00519113
 1950 -0.4 0.0387077 0.00519334
 1951 0.04 0.0387084 0.00519068
 1952 0 0.0386885 0.00518806
 1953 -0.16 0.0385868 0.0051864
 1954 -0.08 0.0385261 0.0051841
 1955 0.28 0.0386496 0.00518292
 1956 -0.12 0.0385685 0.0051809
 1957 -0.24 0.0384262 0.00518021
 1958 0.28 0.0385495 0.00517904
 1959 0.16 0.0386115 0.00517676
 1960 0.28 0.0387347 0.00517559
 1961 0.04 0.0387353 0.00517295
 1962 -0.12 0.0386544 0.00517094
 1963 -0.32 0.0384717 0.00517154
 1964 -0.04 0.0384318 0.00516906
 1965 0 0.0384122 0.00516646
 1966 0.16 0.0384741 0.0051642
 1967 0.08 0.0384952 0.00516162
 1968 0.44 0.0386992 0.00516303
 1969 0.6 0.0389843 0.00516827
 1970 0.04 0.0389848 0.00516565
 1971 0.12 0.0390259 0.00516319
 1972 0.16 0.0390872 0.00516094
 1973 0.12 0.0391282 0.00515849
 1974 0.32 0.0392705 0.00515783
 1975 0.2 0.0393519 0.00515586
 1976 0.28 0.0394737 0.00515469
 1977 0.32 0.0396156 0.00515404
 1978 0.32 0.0397573 0.00515338
 1979 0.16 0.0398181 0.00515114
 1980 -0.04 0.0397778 0.00514869
 1981 -0.16 0.0396769 0.00514708
 1982 0.16 0.0397376 0.00514484
 1983 0.2 0.0398185 0.00514288
 1984 0.12 0.0398589 0.00514045
 1985 0.32 0.04 0.00513979
 1986 0.36 0.0401611 0.00513973
 1987 0.24 0.0402617 0.00513813
 1988 0.08 0.0402817 0.00513558
 1989 0.08 0.0403017 0.00513304
 1990 0.2 0.0403819 0.00513109
 1991 -0.04 0.0403415 0.00512867
 1992 -0.2 0.0402209 0.00512751
 1993 -0.36 0.0400201 0.00512887
 1994 -0.48 0.0397593 0.00513293
 1995 -0.36 0.0395589 0.00513427
 1996 -0.24 0.0394188 0.0051336
 1997 -0.12 0.039339 0.00513165
 1998 -0.16 0.0392392 0.00513006
 1999 -0.2 0.0391196 0.00512888
 2000 0.12 0.03916 0.00512648
