 1 0.188208 0.188208 0
 2 0.22228 0.205244 0.017036
 3 0.213676 0.208055 0.0102294
 4 0.204758 0.20723 0.00728011
 5 0.195632 0.204911 0.00609763
 6 0.185144 0.201616 0.00597
 7 0.209834 0.20279 0.00518034
 8 0.209666 0.20365 0.00456789
 9 0.228666 0.206429 0.00489437
 10 0.201082 0.205895 0.0044102
 11 0.170976 0.20272 0.00509808
 12 0.21455 0.203706 0.00475716
 13 0.176018 0.201576 0.00486674
 14 0.192094 0.200899 0.00455635
 15 0.192638 0.200348 0.00427733
 16 0.18341 0.19929 0.00413876
 17 0.155104 0.19669 0.0046765
 18 0.180074 0.195767 0.00450465
 19 0.223902 0.197248 0.00451094
 20 0.203776 0.197574 0.00429188
 21 0.227378 0.198994 0.00432205
 22 0.211956 0.199583 0.00416282
 23 0.199744 0.19959 0.00397772
 24 0.202194 0.199698 0.00380992
 25 0.201512 0.199771 0.00365507
 26 0.21566 0.200382 0.00356446
 27 0.210866 0.20077 0.00345181
 28 0.196056 0.200602 0.00333051
 29 0.184528 0.200048 0.00326106
 30 0.168956 0.199011 0.00331657
 1 0.217496 0.217496 0
 2 0.209318 0.213407 0.004089
 3 0.184442 0.203752 0.00993943
 4 0.189616 0.200218 0.00786672
 5 0.225402 0.205255 0.00790573
 6 0.195438 0.203619 0.00665913
 7 0.235846 0.208223 0.00727119
 8 0.210006 0.208445 0.00630098
 9 0.187742 0.206145 0.00601427
 10 0.202692 0.2058 0.00539039
 11 0.257138 0.210467 0.00674947
 12 0.193216 0.209029 0.00632688
 13 0.208324 0.208975 0.00582013
 14 0.19925 0.20828 0.00543299
 15 0.229396 0.209688 0.00525008
 16 0.230144 0.210967 0.00507469
 17 0.158838 0.2079 0.00566794
 18 0.217916 0.208457 0.00537267
 19 0.228116 0.209491 0.0051863
 20 0.228306 0.210432 0.00500929
 21 0.223798 0.211069 0.0048071
 22 0.191602 0.210184 0.00466802
 23 0.199248 0.209708 0.00448572
 24 0.17152 0.208117 0.00458004
 25 0.185634 0.207218 0.00448412
 26 0.148926 0.204976 0.00485666
 27 0.187804 0.20434 0.0047164
 28 0.213944 0.204683 0.00455776
 29 0.159688 0.203131 0.00466346
 30 0.18644 0.202575 0.00453956
