 1 10.3688 10.3688 0
 2 10.7778 10.5733 0.204493
 3 10.5497 10.5654 0.118326
 4 9.87899 10.3938 0.190914
 5 9.69452 10.2539 0.203539
 6 10.8425 10.352 0.192978
 7 10.5895 10.386 0.166587
 8 10.7106 10.4265 0.149866
 9 10.8026 10.4683 0.138619
 10 9.84932 10.4064 0.138578
 11 10.0725 10.3761 0.128972
 12 10.6544 10.3993 0.119997
 13 10.8417 10.4333 0.115508
 14 11.0157 10.4749 0.114746
 15 10.5101 10.4772 0.106849
 16 9.54254 10.4188 0.115768
 17 9.7725 10.3808 0.1152
 18 10.1075 10.3656 0.109668
 19 10.15 10.3543 0.104354
 20 10.5098 10.362 0.0993042
 21 10.2006 10.3544 0.0947694
 22 10.5095 10.3614 0.0906337
 23 9.98477 10.345 0.0881382
 24 10.273 10.342 0.0844392
 25 9.946 10.3262 0.0825259
 26 10.5959 10.3366 0.0799639
 27 10.6468 10.3481 0.0777988
 28 9.86414 10.3308 0.0769351
 29 9.96507 10.3182 0.0752983
 30 10.4931 10.324 0.0729783
 1 9.93512 9.93512 0
 2 10.3398 10.1375 0.202347
 3 9.79046 10.0218 0.1644
 4 8.85496 9.73009 0.31402
 5 10.2035 9.82477 0.261017
 6 10.1263 9.87502 0.218964
 7 10.7715 10.0031 0.22505
 8 10.5937 10.0769 0.208412
 9 9.47869 10.0104 0.195452
 10 9.54637 9.96404 0.180872
 11 10.2243 9.9877 0.165307
 12 10.4165 10.0234 0.155078
 13 11.2495 10.1178 0.171011
 14 9.83292 10.0974 0.159627
 15 11.1318 10.1664 0.163826
 16 10.4415 10.1836 0.154207
 17 10.2514 10.1876 0.144907
 18 10.0109 10.1777 0.136972
 19 10.0582 10.1714 0.129715
 20 10.971 10.2114 0.129389
 21 9.83953 10.1937 0.124341
 22 10.068 10.188 0.118692
 23 8.98122 10.1355 0.124963
 24 9.56516 10.1118 0.121981
 25 9.81363 10.0998 0.117606
 26 9.2748 10.0681 0.117364
 27 10.2113 10.0734 0.113058
 28 10.263 10.0802 0.109155
 29 10.5337 10.0958 0.106478
 30 9.65515 10.0811 0.103911
