0.116945   0.0727307   -0.438749
0.286661   0.250746   -0.428624
0.10362   0.253027   -0.253156
0.27808   0.0934896   -0.244917
0.447206   0.0803303   -0.403749
-0.391481   0.230916   -0.424988
0.456708   0.249916   -0.258252
-0.382563   0.0807776   -0.262962
-0.237599   0.0768883   -0.445452
-0.0583077   0.242544   -0.408474
-0.229611   0.245486   -0.267428
-0.0440423   0.079131   -0.246794
0.126227   0.421985   -0.433017
0.26753   -0.407003   -0.432616
0.110996   -0.407357   -0.273438
0.273742   0.411011   -0.255246
0.446924   0.415762   -0.427848
-0.38509   -0.420251   -0.424343
0.432394   -0.430043   -0.263702
-0.382077   0.414496   -0.24255
-0.237628   0.404288   -0.419524
-0.0518388   -0.419026   -0.437918
-0.212345   -0.435781   -0.2748
-0.0570454   0.409515   -0.245589
0.09699   -0.241237   -0.430801
0.285161   -0.0795886   -0.441914
0.116815   -0.0750229   -0.258068
0.273873   -0.238721   -0.261265
0.452837   -0.246828   -0.413835
-0.414098   -0.085448   -0.436408
0.460464   -0.0814528   -0.24641
-0.386326   -0.259159   -0.263557
-0.217854   -0.27773   -0.424232
-0.0677949   -0.0523479   -0.42451
-0.232493   -0.0724257   -0.276768
-0.0717924   -0.241648   -0.271857
0.12097   0.082777   -0.077511
0.297054   0.245563   -0.0825565
0.126363   0.246839   0.0708185
0.2925   0.0688263   0.0684874
0.459204   0.0919344   -0.110554
-0.387281   0.252934   -0.098325
0.460347   0.230108   0.0655882
-0.396551   0.0757917   0.0512502
-0.217217   0.0954102   -0.106481
-0.0609071   0.237869   -0.0893734
-0.224998   0.254402   0.0843113
-0.0553634   0.0907513   0.0663718
0.111192   0.418468   -0.10484
0.264592   -0.429276   -0.0885799
0.0967517   -0.43138   0.0783574
0.280786   0.443973   0.0871222
0.441054   0.424286   -0.0983164
-0.398571   -0.421502   -0.0934428
0.432442   -0.407442   0.0681066
-0.404455   0.41305   0.0697783
-0.213966   0.408436   -0.0853212
-0.0584914   -0.422552   -0.0941196
-0.239834   -0.418876   0.0607979
-0.0479937   0.412242   0.0823763
0.0972375   -0.259304   -0.0974813
0.288297   -0.0848443   -0.10746
0.124143   -0.0850389   0.0610328
0.258812   -0.262314   0.0602304
0.447328   -0.253142   -0.112977
-0.357346   -0.089382   -0.110056
0.455882   -0.115081   0.0626469
-0.388282   -0.255103   0.0625001
-0.217533   -0.28441   -0.118756
-0.0482014   -0.0677476   -0.0816478
-0.210938   -0.0787812   0.0783984
-0.0665688   -0.26157   0.0731423
0.0885919   0.0774787   0.238181
0.266142   0.225858   0.260262
0.0959863   0.251765   0.427743
0.286179   0.0726191   0.41295
0.435258   0.0870639   0.23402
-0.385028   0.263375   0.24368
0.442787   0.25421   0.40109
-0.38352   0.0716187   0.402851
-0.229876   0.0827063   0.237567
-0.0355739   0.26698   0.232418
-0.23683   0.256127   0.407396
-0.0649546   0.0885883   0.397714
0.125392   0.408096   0.253295
0.28018   -0.409237   0.242645
0.124805   -0.404359   0.39119
0.290132   0.412586   0.415866
0.43291   0.421693   0.241444
-0.386556   -0.417794   0.225726
0.452655   -0.41504   0.415805
-0.387047   0.426265   0.40196
-0.238576   0.429045   0.227505
-0.0569957   -0.412135   0.238788
-0.205929   -0.423757   0.399697
-0.0414264   0.423211   0.409524
0.0965153   -0.241993   0.237976
0.276075   -0.0984657   0.236337
0.117004   -0.0729192   0.401423
0.278423   -0.243182   0.405391
0.444473   -0.258051   0.254277
-0.39289   -0.0745222   0.230977
0.43769   -0.0806268   0.394347
-0.401096   -0.251214   0.411694
-0.246702   -0.253675   0.258174
-0.0682198   -0.0906481   0.244594
-0.227827   -0.0890722   0.40286
-0.0688107   -0.259379   0.404887
