 1 82.5134 82.5134 0
 2 78.7909 80.6522 1.86125
 3 81.1545 80.8196 1.08756
 4 77.3407 79.9499 1.16096
 5 81.7388 80.3077 0.967837
 6 74.5955 79.3556 1.23727
 7 80.5859 79.5314 1.06035
 8 76.1253 79.1056 1.01219
 9 81.9892 79.426 0.948424
 10 84.4787 79.9313 0.987373
 11 76.1063 79.5836 0.958417
 12 75.4364 79.238 0.940694
 13 81.8626 79.4399 0.888552
 14 81.9407 79.6185 0.841811
 15 81.7169 79.7584 0.796072
 16 73.528 79.369 0.840326
 17 73.6834 79.0345 0.857278
 18 71.3689 78.6087 0.913582
 19 83.0314 78.8415 0.894964
 20 74.6517 78.632 0.874499
 21 72.3387 78.3323 0.884151
 22 76.7231 78.2591 0.846172
 23 83.3997 78.4826 0.838867
 24 74.0619 78.2984 0.824006
 25 80.1595 78.3729 0.793857
 26 81.275 78.4845 0.770837
 27 75.1149 78.3597 0.752164
 28 77.8749 78.3424 0.72501
 29 77.5554 78.3153 0.700089
 30 86.1997 78.5781 0.725618
 1 77.7365 77.7365 0
 2 73.5036 75.6201 2.11644
 3 81.1625 77.4676 2.21501
 4 82.1849 78.6469 1.9606
 5 77.3781 78.3931 1.53973
 6 73.1583 77.5207 1.53027
 7 77.2092 77.4762 1.29408
 8 72.4344 76.846 1.28575
 9 82.2405 77.4454 1.2826
 10 79.7247 77.6733 1.16962
 11 74.1264 77.3509 1.106
 12 79.6668 77.5438 1.02792
 13 85.7252 78.1732 1.13584
 14 76.7156 78.0691 1.05672
 15 68.8573 77.455 1.1597
 16 78.2247 77.5031 1.08587
 17 78.9675 77.5892 1.02363
 18 77.6022 77.5899 0.965086
 19 77.8322 77.6027 0.912969
 20 73.0794 77.3765 0.895161
 21 73.6671 77.1999 0.869596
 22 75.6964 77.1315 0.831939
 23 72.9192 76.9484 0.81577
 24 72.7231 76.7723 0.800636
 25 83.7019 77.0495 0.816436
 26 84.6893 77.3434 0.837635
 27 85.2091 77.6347 0.857047
 28 73.2966 77.4798 0.840277
 29 74.9013 77.3908 0.815645
 30 81.3302 77.5222 0.798855
