 1 -1 -1 0
 2 -1 -1 0
 3 -0.92 -0.973333 0.0266667
 4 -0.92 -0.96 0.023094
 5 -0.92 -0.952 0.0195959
 6 -0.92 -0.946667 0.0168655
 7 -0.92 -0.942857 0.0147542
 8 -0.84 -0.93 0.0181265
 9 -0.92 -0.928889 0.0160247
 10 -0.92 -0.928 0.0143604
 11 -0.92 -0.927273 0.0130099
 12 -1 -0.933333 0.0133333
 13 -1 -0.938462 0.0132938
 14 -0.92 -0.937143 0.0123781
 15 -1 -0.941333 0.0122617
 16 -1 -0.945 0.0120416
 17 -1 -0.948235 0.0117647
 18 -1 -0.951111 0.0114586
 19 -1 -0.953684 0.01114
 20 -1 -0.956 0.0108191
 21 -1 -0.958095 0.0105021
 22 -1 -0.96 0.0101929
 23 -1 -0.961739 0.00989375
 24 -1 -0.963333 0.00960576
 25 -1 -0.9648 0.00932952
 26 -1 -0.966154 0.00906518
 27 -1 -0.967407 0.00881259
 28 -0.92 -0.965714 0.00865916
 29 -0.92 -0.964138 0.00850264
 30 -0.92 -0.962667 0.00834505
 31 -0.92 -0.96129 0.00818787
 32 -0.92 -0.96 0.00803219
 33 -0.92 -0.958788 0.00787879
 34 -1 -0.96 0.00773906
 35 -1 -0.961143 0.0076011
 36 -1 -0.962222 0.00746538
 37 -1 -0.963243 0.00733225
 38 -1 -0.964211 0.00720194
 39 -0.92 -0.963077 0.00710585
 40 -0.92 -0.962 0.00700915
 41 -0.92 -0.960976 0.00691239
 42 -0.92 -0.96 0.00681598
 43 -1 -0.96093 0.00672028
 44 -1 -0.961818 0.00662554
 45 -1 -0.962667 0.00653197
 46 -1 -0.963478 0.00643974
 47 -1 -0.964255 0.00634897
 48 -1 -0.965 0.00625974
 49 -1 -0.965714 0.00617213
 50 -1 -0.9664 0.00608618
 51 -1 -0.967059 0.00600192
 52 -1 -0.967692 0.00591936
 53 -1 -0.968302 0.00583851
 54 -1 -0.968889 0.00575936
 55 -1 -0.969455 0.00568191
 56 -1 -0.97 0.00560612
 57 -0.92 -0.969123 0.00557631
 58 -0.92 -0.968276 0.0055444
 59 -0.92 -0.967458 0.0055107
 60 -0.92 -0.966667 0.00547551
 61 -0.92 -0.965902 0.00543907
 62 -1 -0.966452 0.00537881
 63 -1 -0.966984 0.00531947
 64 -1 -0.9675 0.00526104
 65 -1 -0.968 0.00520355
 66 -0.92 -0.967273 0.00517546
 67 -0.92 -0.966567 0.00514622
 68 -0.92 -0.965882 0.00511602
 69 -1 -0.966377 0.00506552
 70 -1 -0.966857 0.00501568
 71 -1 -0.967324 0.00496652
 72 -1 -0.967778 0.00491804
 73 -1 -0.968219 0.00487024
 74 -1 -0.968649 0.00482314
 75 -1 -0.969067 0.00477672
 76 -1 -0.969474 0.00473099
 77 -1 -0.96987 0.00468595
 78 -0.92 -0.969231 0.00466946
 79 -1 -0.96962 0.0046264
 80 -1 -0.97 0.00458396
 81 -0.92 -0.969383 0.0045689
 82 -1 -0.969756 0.00452826
 83 -0.92 -0.969157 0.00451336
 84 -1 -0.969524 0.0044744
 85 -1 -0.969882 0.00443596
 86 -1 -0.970233 0.00439804
 87 -1 -0.970575 0.00436064
 88 -1 -0.970909 0.00432375
 89 -1 -0.971236 0.00428737
 90 -0.92 -0.970667 0.00427751
 91 -0.92 -0.97011 0.00426673
 92 -0.92 -0.969565 0.0042551
 93 -0.92 -0.969032 0.00424271
 94 -0.92 -0.968511 0.00422962
 95 -0.92 -0.968 0.0042159
 96 -0.84 -0.966667 0.00437964
 97 -0.92 -0.966186 0.00436088
 98 -0.92 -0.965714 0.0043418
 99 -0.92 -0.965253 0.00432246
 100 -0.92 -0.9648 0.00430288
 101 -0.92 -0.964356 0.00428309
 102 -0.92 -0.963922 0.00426313
 103 -0.92 -0.963495 0.00424302
 104 -0.92 -0.963077 0.00422278
 105 -0.92 -0.962667 0.00420245
 106 -0.92 -0.962264 0.00418203
 107 -0.92 -0.961869 0.00416155
 108 -0.76 -0.96 0.00452676
 109 -0.76 -0.958165 0.00484585
 110 -0.76 -0.956364 0.00512842
 111 -0.84 -0.955315 0.00518901
 112 -0.84 -0.954286 0.00524453
 113 -0.84 -0.953274 0.00529539
 114 -0.84 -0.952281 0.00534196
 115 -0.76 -0.950609 0.005553
 116 -0.76 -0.948966 0.00574493
 117 -0.76 -0.94735 0.00592018
 118 -0.76 -0.945763 0.00608073
 119 -0.76 -0.944202 0.00622822
 120 -0.76 -0.942667 0.006364
 121 -0.84 -0.941818 0.00636796
 122 -0.84 -0.940984 0.00637046
 123 -0.84 -0.940163 0.00637157
 124 -0.84 -0.939355 0.00637139
 125 -0.84 -0.93856 0.00636999
 126 -0.84 -0.937778 0.00636747
 127 -0.84 -0.937008 0.00636387
 128 -0.84 -0.93625 0.00635928
 129 -0.76 -0.934884 0.00645602
 130 -0.84 -0.934154 0.00644761
 131 -0.84 -0.933435 0.00643844
 132 -0.84 -0.932727 0.00642857
 133 -0.76 -0.931429 0.00651089
 134 -0.76 -0.930149 0.00658754
 135 -0.76 -0.928889 0.00665892
 136 -0.76 -0.927647 0.00672542
 137 -0.76 -0.926423 0.00678737
 138 -0.84 -0.925797 0.00676705
 139 -0.84 -0.92518 0.00674649
 140 -0.84 -0.924571 0.0067257
 141 -0.84 -0.923972 0.00670471
 142 -0.84 -0.92338 0.00668354
 143 -0.92 -0.923357 0.00663668
 144 -0.92 -0.923333 0.00659047
 145 -0.92 -0.92331 0.0065449
 146 -0.92 -0.923288 0.00649996
 147 -0.92 -0.923265 0.00645563
 148 -0.92 -0.923243 0.0064119
 149 -0.92 -0.923221 0.00636876
 150 -0.92 -0.9232 0.0063262
 151 -0.92 -0.923179 0.0062842
 152 -0.92 -0.923158 0.00624275
 153 -0.92 -0.923137 0.00620185
 154 -0.84 -0.922597 0.00618505
 155 -0.84 -0.922065 0.00616808
 156 -0.84 -0.921538 0.00615095
 157 -0.84 -0.921019 0.00613367
 158 -0.76 -0.92 0.00617935
 159 -0.76 -0.918994 0.00622227
 160 -0.92 -0.919 0.00618326
 161 -0.84 -0.918509 0.0061643
 162 -0.84 -0.918025 0.00614526
 163 -0.92 -0.918037 0.00610746
 164 -0.92 -0.918049 0.00607012
 165 -0.92 -0.918061 0.00603323
 166 -0.76 -0.917108 0.0060719
 167 -0.84 -0.916647 0.00605306
 168 -0.84 -0.91619 0.0060342
 169 -0.84 -0.91574 0.0060153
 170 -0.76 -0.914824 0.00604958
 171 -0.84 -0.914386 0.00603
 172 -0.92 -0.914419 0.00599493
 173 -0.92 -0.914451 0.00596026
 174 -0.92 -0.914483 0.00592599
 175 -0.92 -0.914514 0.00589212
 176 -0.92 -0.914545 0.00585863
 177 -0.92 -0.914576 0.00582551
 178 -0.92 -0.914607 0.00579277
 179 -0.92 -0.914637 0.0057604
 180 -0.92 -0.914667 0.00572839
 181 -0.84 -0.914254 0.00571157
 182 -0.84 -0.913846 0.00569473
 183 -0.84 -0.913443 0.00567788
 184 -0.84 -0.913043 0.00566103
 185 -0.84 -0.912649 0.00564417
 186 -0.84 -0.912258 0.00562732
 187 -0.76 -0.911444 0.00565606
 188 -0.84 -0.911064 0.00563871
 189 -0.84 -0.910688 0.00562139
 190 -0.84 -0.910316 0.00560408
 191 -0.92 -0.910366 0.0055749
 192 -0.92 -0.910417 0.00554601
 193 -0.84 -0.910052 0.00552925
 194 -0.84 -0.909691 0.00551252
 195 -0.84 -0.909333 0.00549581
 196 -0.84 -0.90898 0.00547913
 197 -0.84 -0.908629 0.00546248
 198 -0.84 -0.908283 0.00544586
 199 -0.76 -0.907538 0.00546942
 200 -0.76 -0.9068 0.00549178
 201 -0.76 -0.90607 0.00551298
 202 -0.76 -0.905347 0.00553307
 203 -0.76 -0.904631 0.00555211
 204 -0.84 -0.904314 0.0055339
 205 -0.84 -0.904 0.00551577
 206 -0.84 -0.903689 0.00549771
 207 -0.84 -0.903382 0.00547974
 208 -0.84 -0.903077 0.00546183
 209 -0.84 -0.902775 0.00544401
 210 -0.84 -0.902476 0.00542626
 211 -0.84 -0.90218 0.0054086
 212 -0.84 -0.901887 0.00539101
 213 -0.84 -0.901596 0.0053735
 214 -0.84 -0.901308 0.00535607
 215 -0.84 -0.901023 0.00533872
 216 -0.84 -0.900741 0.00532145
 217 -0.84 -0.900461 0.00530426
 218 -0.84 -0.900183 0.00528716
 219 -0.84 -0.899909 0.00527013
 220 -0.92 -0.9 0.00524691
 221 -0.92 -0.90009 0.0052239
 222 -0.92 -0.90018 0.00520109
 223 -0.84 -0.89991 0.00518474
 224 -0.92 -0.9 0.00516232
 225 -0.92 -0.900089 0.0051401
 226 -0.92 -0.900177 0.00511806
 227 -0.92 -0.900264 0.00509621
 228 -0.84 -0.9 0.00508069
 229 -0.76 -0.899389 0.00509527
 230 -0.76 -0.898783 0.00510914
 231 -0.84 -0.898528 0.00509333
 232 -0.84 -0.898276 0.0050776
 233 -0.84 -0.898026 0.00506194
 234 -0.84 -0.897778 0.00504636
 235 -0.84 -0.897532 0.00503085
 236 -0.84 -0.897288 0.00501542
 237 -0.84 -0.897046 0.00500006
 238 -0.84 -0.896807 0.00498477
 239 -0.84 -0.896569 0.00496956
 240 -0.84 -0.896333 0.00495442
 241 -0.84 -0.8961 0.00493935
 242 -0.84 -0.895868 0.00492436
 243 -0.84 -0.895638 0.00490944
 244 -0.84 -0.89541 0.00489459
 245 -0.84 -0.895184 0.00487981
 246 -0.76 -0.894634 0.00489091
 247 -0.84 -0.894413 0.00487609
 248 -0.84 -0.894194 0.00486134
 249 -0.84 -0.893976 0.00484666
 250 -0.68 -0.89312 0.00490253
 251 -0.92 -0.893227 0.00488413
 252 -0.92 -0.893333 0.00486587
 253 -0.92 -0.893439 0.00484775
 254 -0.92 -0.893543 0.00482976
 255 -0.92 -0.893647 0.0048119
 256 -0.92 -0.89375 0.00479417
 257 -0.92 -0.893852 0.00477657
 258 -0.92 -0.893953 0.0047591
 259 -0.92 -0.894054 0.00474176
 260 -0.84 -0.893846 0.00472806
 261 -0.84 -0.89364 0.00471442
 262 -0.84 -0.893435 0.00470086
 263 -0.84 -0.893232 0.00468735
 264 -0.76 -0.892727 0.00469676
 265 -0.76 -0.892226 0.00470573
 266 -0.76 -0.891729 0.00471429
 267 -0.84 -0.891536 0.00470059
 268 -0.84 -0.891343 0.00468696
 269 -0.84 -0.891152 0.00467341
 270 -0.84 -0.890963 0.00465992
 271 -0.84 -0.890775 0.0046465
 272 -0.84 -0.890588 0.00463315
 273 -0.84 -0.890403 0.00461986
 274 -0.84 -0.890219 0.00460665
 275 -0.84 -0.890036 0.00459349
 276 -0.84 -0.889855 0.00458041
 277 -0.84 -0.889675 0.00456739
 278 -0.84 -0.889496 0.00455444
 279 -0.84 -0.889319 0.00454155
 280 -0.84 -0.889143 0.00452873
 281 -0.84 -0.888968 0.00451597
 282 -0.84 -0.888794 0.00450328
 283 -0.92 -0.888905 0.00448869
 284 -0.92 -0.889014 0.0044742
 285 -0.92 -0.889123 0.0044598
 286 -0.92 -0.889231 0.00444549
 287 -0.92 -0.889338 0.00443127
 288 -0.92 -0.889444 0.00441714
 289 -0.92 -0.88955 0.0044031
 290 -0.92 -0.889655 0.00438914
 291 -0.92 -0.889759 0.00437528
 292 -0.84 -0.889589 0.0043636
 293 -0.84 -0.88942 0.00435197
 294 -0.84 -0.889252 0.0043404
 295 -0.84 -0.889085 0.00432888
 296 -0.92 -0.889189 0.0043155
 297 -0.92 -0.889293 0.00430219
 298 -0.92 -0.889396 0.00428897
 299 -0.92 -0.889498 0.00427583
 300 -0.92 -0.8896 0.00426276
 301 -0.92 -0.889701 0.00424978
 302 -0.92 -0.889801 0.00423687
 303 -0.92 -0.889901 0.00422404
 304 -0.92 -0.89 0.00421129
 305 -0.92 -0.890098 0.00419861
 306 -0.84 -0.889935 0.00418807
 307 -0.92 -0.890033 0.00417555
 308 -0.92 -0.89013 0.00416311
 309 -0.92 -0.890227 0.00415074
 310 -0.92 -0.890323 0.00413844
 311 -0.92 -0.890418 0.00412622
 312 -0.92 -0.890513 0.00411406
 313 -0.84 -0.890351 0.00410407
 314 -0.84 -0.890191 0.00409412
 315 -0.84 -0.890032 0.00408422
 316 -0.84 -0.889873 0.00407435
 317 -0.92 -0.889968 0.00406259
 318 -0.92 -0.890063 0.00405089
 319 -0.84 -0.889906 0.00404122
 320 -0.92 -0.89 0.00402967
 321 -0.92 -0.890093 0.00401818
 322 -0.92 -0.890186 0.00400676
 323 -0.92 -0.890279 0.0039954
 324 -0.92 -0.89037 0.00398411
 325 -0.92 -0.890462 0.00397288
 326 -0.84 -0.890307 0.0039637
 327 -0.92 -0.890398 0.0039526
 328 -0.92 -0.890488 0.00394156
 329 -0.92 -0.890578 0.00393059
 330 -0.92 -0.890667 0.00391967
 331 -0.92 -0.890755 0.00390882
 332 -0.84 -0.890602 0.00390003
 333 -0.84 -0.89045 0.00389126
 334 -0.92 -0.890539 0.00388061
 335 -0.84 -0.890388 0.00387194
 336 -0.92 -0.890476 0.00386141
 337 -0.92 -0.890564 0.00385093
 338 -0.92 -0.890651 0.00384051
 339 -0.92 -0.890737 0.00383014
 340 -0.92 -0.890824 0.00381983
 341 -0.92 -0.890909 0.00380957
 342 -0.92 -0.890994 0.00379937
 343 -0.92 -0.891079 0.00378922
 344 -0.92 -0.891163 0.00377912
 345 -0.92 -0.891246 0.00376908
 346 -0.84 -0.891098 0.00376109
 347 -0.92 -0.891182 0.00375116
 348 -0.92 -0.891264 0.00374128
 349 -0.92 -0.891347 0.00373145
 350 -0.92 -0.891429 0.00372168
 351 -0.92 -0.89151 0.00371195
 352 -0.84 -0.891364 0.00370428
 353 -0.84 -0.891218 0.00369664
 354 -0.84 -0.891073 0.00368902
 355 -0.84 -0.89093 0.00368143
 356 -0.92 -0.891011 0.00367198
 357 -0.92 -0.891092 0.00366258
 358 -0.84 -0.89095 0.00365512
 359 -0.92 -0.891031 0.00364582
 360 -0.92 -0.891111 0.00363657
 361 -0.92 -0.891191 0.00362737
 362 -0.84 -0.89105 0.0036201
 363 -0.92 -0.891129 0.00361099
 364 -0.84 -0.890989 0.0036038
 365 -0.84 -0.890849 0.00359662
 366 -0.84 -0.89071 0.00358947
 367 -0.84 -0.890572 0.00358234
 368 -0.84 -0.890435 0.00357524
 369 -0.84 -0.890298 0.00356816
 370 -0.76 -0.889946 0.00357588
 371 -0.84 -0.889811 0.00356877
 372 -0.84 -0.889677 0.00356168
 373 -0.84 -0.889544 0.00355462
 374 -0.84 -0.889412 0.00354757
 375 -0.84 -0.88928 0.00354055
 376 -0.84 -0.889149 0.00353356
 377 -0.84 -0.889019 0.00352658
 378 -0.84 -0.888889 0.00351963
 379 -0.92 -0.888971 0.00351129
 380 -0.92 -0.889053 0.00350299
 381 -0.84 -0.888924 0.00349615
 382 -0.84 -0.888796 0.00348934
 383 -0.84 -0.888668 0.00348255
 384 -0.92 -0.88875 0.00347443
 385 -0.92 -0.888831 0.00346634
 386 -0.92 -0.888912 0.00345829
 387 -0.92 -0.888992 0.00345028
 388 -0.92 -0.889072 0.0034423
 389 -0.92 -0.889152 0.00343436
 390 -0.92 -0.889231 0.00342646
 391 -0.92 -0.889309 0.00341859
 392 -0.92 -0.889388 0.00341076
 393 -0.92 -0.889466 0.00340296
 394 -0.92 -0.889543 0.00339519
 395 -0.92 -0.88962 0.00338747
 396 -0.92 -0.889697 0.00337977
 397 -0.92 -0.889773 0.00337211
 398 -0.84 -0.889648 0.00336595
 399 -0.84 -0.889524 0.00335981
 400 -0.84 -0.8894 0.00335369
 401 -0.84 -0.889277 0.00334758
 402 -0.76 -0.888955 0.00335469
 403 -0.76 -0.888635 0.00336162
 404 -0.76 -0.888317 0.00336837
 405 -0.84 -0.888198 0.00336216
 406 -0.84 -0.888079 0.00335597
 407 -0.84 -0.887961 0.0033498
 408 -0.84 -0.887843 0.00334365
 409 -0.76 -0.887531 0.00335008
 410 -0.76 -0.88722 0.00335634
 411 -0.76 -0.88691 0.00336244
 412 -0.84 -0.886796 0.0033562
 413 -0.84 -0.886683 0.00334998
 414 -0.84 -0.88657 0.00334378
 415 -0.84 -0.886458 0.0033376
 416 -0.84 -0.886346 0.00333144
 417 -0.84 -0.886235 0.0033253
 418 -0.84 -0.886124 0.00331918
 419 -0.84 -0.886014 0.00331308
 420 -0.84 -0.885905 0.003307
 421 -0.84 -0.885796 0.00330093
 422 -0.84 -0.885687 0.00329489
 423 -0.76 -0.88539 0.00330049
 424 -0.84 -0.885283 0.00329444
 425 -0.84 -0.885176 0.0032884
 426 -0.84 -0.88507 0.00328239
 427 -0.84 -0.884965 0.00327639
 428 -0.68 -0.884486 0.00330362
 429 -0.92 -0.884569 0.00329695
 430 -0.84 -0.884465 0.00329091
 431 -0.84 -0.884362 0.00328489
 432 -0.76 -0.884074 0.00328989
 433 -0.76 -0.883788 0.00329477
 434 -0.84 -0.883687 0.00328872
 435 -0.92 -0.88377 0.00328221
 436 -0.92 -0.883853 0.00327573
 437 -0.92 -0.883936 0.00326927
 438 -0.92 -0.884018 0.00326284
 439 -0.92 -0.8841 0.00325643
 440 -0.92 -0.884182 0.00325004
 441 -0.84 -0.884082 0.00324421
 442 -0.92 -0.884163 0.00323788
 443 -0.92 -0.884244 0.00323158
 444 -0.92 -0.884324 0.0032253
 445 -0.92 -0.884404 0.00321904
 446 -0.92 -0.884484 0.00321281
 447 -0.92 -0.884564 0.00320659
 448 -0.84 -0.884464 0.00320098
 449 -0.84 -0.884365 0.00319537
 450 -0.84 -0.884267 0.00318979
 451 -0.84 -0.884169 0.00318422
 452 -0.92 -0.884248 0.00317816
 453 -0.92 -0.884327 0.00317212
 454 -0.76 -0.884053 0.00317695
 455 -0.76 -0.88378 0.00318166
 456 -0.76 -0.883509 0.00318626
 457 -0.76 -0.883239 0.00319074
 458 -0.76 -0.882969 0.00319512
 459 -0.76 -0.882702 0.00319939
 460 -0.76 -0.882435 0.00320355
 461 -0.68 -0.881996 0.00322661
 462 -0.68 -0.881558 0.00324917
 463 -0.68 -0.881123 0.00327124
 464 -0.76 -0.880862 0.00327461
 465 -0.76 -0.880602 0.00327788
 466 -0.68 -0.880172 0.00329904
 467 -0.76 -0.879914 0.00330201
 468 -0.84 -0.879829 0.00329605
 469 -0.84 -0.879744 0.00329011
 470 -0.76 -0.879489 0.00329298
 471 -0.92 -0.879575 0.0032871
 472 -0.92 -0.879661 0.00328125
 473 -0.92 -0.879746 0.00327542
 474 -1 -0.88 0.00327833
 475 -1 -0.880253 0.00328116
 476 -0.92 -0.880336 0.00327533
 477 -0.92 -0.880419 0.00326951
 478 -0.84 -0.880335 0.00326376
 479 -0.84 -0.880251 0.00325803
 480 -0.84 -0.880167 0.00325231
 481 -0.84 -0.880083 0.00324662
 482 -0.84 -0.88 0.00324094
 483 -0.76 -0.879752 0.00324375
 484 -0.76 -0.879504 0.00324649
 485 -0.84 -0.879423 0.00324081
 486 -0.84 -0.879342 0.00323515
 487 -0.84 -0.879261 0.00322951
 488 -0.84 -0.87918 0.00322389
 489 -0.84 -0.8791 0.00321829
 490 -0.92 -0.879184 0.0032128
 491 -0.84 -0.879104 0.00320724
 492 -0.92 -0.879187 0.0032018
 493 -0.92 -0.87927 0.00319637
 494 -0.92 -0.879352 0.00319096
 495 -0.92 -0.879434 0.00318556
 496 -0.84 -0.879355 0.00318013
 497 -0.92 -0.879437 0.00317477
 498 -0.92 -0.879518 0.00316944
 499 -0.92 -0.879599 0.00316412
 500 -0.92 -0.87968 0.00315882
 501 -0.92 -0.87976 0.00315354
 502 -0.92 -0.879841 0.00314827
 503 -0.92 -0.87992 0.00314302
 504 -0.84 -0.879841 0.00313778
 505 -0.84 -0.879762 0.00313255
 506 -0.68 -0.879368 0.00315118
 507 -0.76 -0.879132 0.00315376
 508 -0.76 -0.878898 0.00315627
 509 -0.76 -0.878664 0.00315871
 510 -0.76 -0.878431 0.00316109
 511 -0.76 -0.8782 0.0031634
 512 -0.76 -0.877969 0.00316564
 513 -0.76 -0.877739 0.00316782
 514 -0.68 -0.877354 0.00318497
 515 -0.84 -0.877282 0.00317961
 516 -0.84 -0.877209 0.00317426
 517 -0.84 -0.877137 0.00316893
 518 -0.84 -0.877066 0.00316362
 519 -0.84 -0.876994 0.00315833
 520 -0.84 -0.876923 0.00315305
 521 -0.84 -0.876852 0.00314779
 522 -0.84 -0.876782 0.00314255
 523 -0.84 -0.876711 0.00313732
 524 -0.84 -0.876641 0.00313211
 525 -0.84 -0.876571 0.00312692
 526 -0.84 -0.876502 0.00312175
 527 -0.92 -0.876584 0.00311691
 528 -0.92 -0.876667 0.00311209
 529 -0.92 -0.876749 0.00310728
 530 -0.92 -0.87683 0.00310248
 531 -0.92 -0.876911 0.0030977
 532 -0.92 -0.876992 0.00309293
 533 -0.92 -0.877073 0.00308818
 534 -0.92 -0.877154 0.00308344
 535 -0.92 -0.877234 0.00307871
 536 -0.92 -0.877313 0.003074
 537 -0.92 -0.877393 0.0030693
 538 -0.92 -0.877472 0.00306461
 539 -0.92 -0.877551 0.00305994
 540 -0.84 -0.877481 0.00305506
 541 -0.92 -0.87756 0.00305042
 542 -0.84 -0.877491 0.00304557
 543 -0.92 -0.877569 0.00304097
 544 -0.92 -0.877647 0.00303638
 545 -0.92 -0.877725 0.00303179
 546 -0.92 -0.877802 0.00302723
 547 -0.92 -0.877879 0.00302267
 548 -0.92 -0.877956 0.00301813
 549 -0.92 -0.878033 0.0030136
 550 -0.92 -0.878109 0.00300908
 551 -0.92 -0.878185 0.00300458
 552 -0.92 -0.878261 0.00300009
 553 -0.92 -0.878336 0.00299561
 554 -0.92 -0.878412 0.00299114
 555 -0.92 -0.878486 0.00298669
 556 -0.92 -0.878561 0.00298225
 557 -0.92 -0.878636 0.00297782
 558 -0.92 -0.87871 0.0029734
 559 -0.92 -0.878784 0.002969
 560 -0.84 -0.878714 0.0029645
 561 -0.84 -0.878645 0.00296001
 562 -0.84 -0.878577 0.00295554
 563 -0.76 -0.878366 0.0029578
 564 -0.84 -0.878298 0.00295333
 565 -0.84 -0.87823 0.00294888
 566 -0.84 -0.878163 0.00294444
 567 -0.84 -0.878095 0.00294001
 568 -0.84 -0.878028 0.0029356
 569 -0.84 -0.877961 0.0029312
 570 -0.84 -0.877895 0.00292681
 571 -0.84 -0.877828 0.00292243
 572 -0.84 -0.877762 0.00291807
 573 -0.76 -0.877557 0.00292021
 574 -0.84 -0.877491 0.00291585
 575 -0.76 -0.877287 0.00291794
 576 -0.76 -0.877083 0.00291998
 577 -0.76 -0.87688 0.00292197
 578 -0.76 -0.876678 0.00292391
 579 -0.76 -0.876477 0.0029258
 580 -0.76 -0.876276 0.00292765
 581 -0.68 -0.875938 0.00294207
 582 -0.76 -0.875739 0.00294375
 583 -0.68 -0.875403 0.00295782
 584 -0.76 -0.875205 0.00295935
 585 -0.76 -0.875009 0.00296085
 586 -0.76 -0.874812 0.0029623
 587 -0.76 -0.874617 0.00296371
 588 -0.76 -0.874422 0.00296508
 589 -0.76 -0.874228 0.00296641
 590 -0.76 -0.874034 0.0029677
 591 -0.68 -0.873706 0.00298081
 592 -0.68 -0.873378 0.0029937
 593 -0.76 -0.873187 0.00299476
 594 -0.76 -0.872997 0.00299578
 595 -0.76 -0.872807 0.00299676
 596 -0.76 -0.872617 0.00299771
 597 -0.76 -0.872429 0.00299863
 598 -0.68 -0.872107 0.00301085
 599 -0.68 -0.871786 0.00302288
 600 -0.68 -0.871467 0.00303472
 601 -0.76 -0.871281 0.00303534
 602 -0.68 -0.870963 0.00304691
 603 -0.68 -0.870647 0.00305829
 604 -0.6 -0.870199 0.00308593
 605 -0.6 -0.869752 0.00311303
 606 -0.6 -0.869307 0.0031396
 607 -0.68 -0.868995 0.0031499
 608 -0.76 -0.868816 0.00314982
 609 -0.76 -0.868637 0.00314972
 610 -0.76 -0.868459 0.00314959
 611 -0.76 -0.868282 0.00314944
 612 -0.76 -0.868105 0.00314926
 613 -0.76 -0.867928 0.00314906
 614 -0.76 -0.867752 0.00314884
 615 -0.76 -0.867577 0.00314859
 616 -0.76 -0.867403 0.00314833
 617 -0.68 -0.867099 0.00315786
 618 -0.76 -0.866926 0.0031575
 619 -0.76 -0.866753 0.00315713
 620 -0.76 -0.866581 0.00315673
 621 -0.76 -0.866409 0.00315631
 622 -0.76 -0.866238 0.00315588
 623 -0.76 -0.866067 0.00315542
 624 -0.76 -0.865897 0.00315494
 625 -0.84 -0.865856 0.00315016
 626 -0.84 -0.865815 0.00314539
 627 -0.84 -0.865774 0.00314064
 628 -0.84 -0.865732 0.00313591
 629 -0.92 -0.865819 0.00313211
 630 -0.92 -0.865905 0.00312831
 631 -0.92 -0.86599 0.00312453
 632 -0.92 -0.866076 0.00312075
 633 -0.92 -0.866161 0.00311698
 634 -0.84 -0.86612 0.00311233
 635 -0.84 -0.866079 0.0031077
 636 -0.84 -0.866038 0.00310308
 637 -0.92 -0.866122 0.00309936
 638 -0.92 -0.866207 0.00309565
 639 -0.92 -0.866291 0.00309195
 640 -0.92 -0.866375 0.00308826
 641 -0.92 -0.866459 0.00308457
 642 -0.92 -0.866542 0.00308089
 643 -0.92 -0.866625 0.00307722
 644 -0.92 -0.866708 0.00307356
 645 -0.92 -0.866791 0.0030699
 646 -0.92 -0.866873 0.00306625
 647 -0.92 -0.866955 0.00306261
 648 -0.92 -0.867037 0.00305897
 649 -0.92 -0.867119 0.00305535
 650 -0.92 -0.8672 0.00305173
 651 -0.84 -0.867158 0.00304732
 652 -0.76 -0.866994 0.00304708
 653 -0.76 -0.86683 0.00304682
 654 -0.84 -0.866789 0.00304243
 655 -0.84 -0.866748 0.00303806
 656 -0.84 -0.866707 0.0030337
 657 -0.84 -0.866667 0.00302935
 658 -0.84 -0.866626 0.00302502
 659 -0.92 -0.866707 0.00302151
 660 -0.92 -0.866788 0.00301801
 661 -0.92 -0.866868 0.00301451
 662 -0.92 -0.866949 0.00301102
 663 -0.84 -0.866908 0.00300675
 664 -0.92 -0.866988 0.00300329
 665 -0.92 -0.867068 0.00299983
 666 -0.84 -0.867027 0.0029956
 667 -0.84 -0.866987 0.00299138
 668 -0.84 -0.866946 0.00298717
 669 -0.84 -0.866906 0.00298297
 670 -0.76 -0.866746 0.00298279
 671 -0.76 -0.866587 0.00298258
 672 -0.76 -0.866429 0.00298236
 673 -0.76 -0.86627 0.00298212
 674 -0.76 -0.866113 0.00298187
 675 -0.84 -0.866074 0.0029777
 676 -0.84 -0.866036 0.00297354
 677 -0.84 -0.865997 0.00296939
 678 -0.92 -0.866077 0.00296608
 679 -0.84 -0.866038 0.00296196
 680 -0.84 -0.866 0.00295785
 681 -0.84 -0.865962 0.00295375
 682 -0.76 -0.865806 0.0029535
 683 -0.76 -0.865652 0.00295324
 684 -0.76 -0.865497 0.00295296
 685 -0.76 -0.865343 0.00295267
 686 -0.84 -0.865306 0.00294859
 687 -0.84 -0.865269 0.00294453
 688 -0.84 -0.865233 0.00294047
 689 -0.84 -0.865196 0.00293643
 690 -0.84 -0.865159 0.0029324
 691 -0.84 -0.865123 0.00292838
 692 -0.92 -0.865202 0.00292522
 693 -0.84 -0.865166 0.00292122
 694 -0.84 -0.86513 0.00291723
 695 -0.84 -0.865094 0.00291326
 696 -0.84 -0.865057 0.00290929
 697 -0.92 -0.865136 0.00290618
 698 -0.92 -0.865215 0.00290308
 699 -0.92 -0.865293 0.00289999
 700 -0.84 -0.865257 0.00289607
 701 -0.84 -0.865221 0.00289216
 702 -0.84 -0.865185 0.00288826
 703 -0.76 -0.865036 0.00288802
 704 -0.68 -0.864773 0.00289587
 705 -0.84 -0.864738 0.00289197
 706 -0.84 -0.864703 0.00288809
 707 -0.84 -0.864668 0.00288421
 708 -0.84 -0.864633 0.00288034
 709 -0.84 -0.864598 0.00287649
 710 -0.84 -0.864563 0.00287264
 711 -0.84 -0.864529 0.00286881
 712 -0.76 -0.864382 0.00286854
 713 -0.84 -0.864348 0.00286471
 714 -0.76 -0.864202 0.00286443
 715 -0.84 -0.864168 0.00286062
 716 -0.76 -0.864022 0.00286032
 717 -0.84 -0.863989 0.00285653
 718 -0.76 -0.863844 0.00285622
 719 -0.84 -0.863811 0.00285244
 720 -0.84 -0.863778 0.00284867
 721 -0.84 -0.863745 0.0028449
 722 -0.76 -0.863601 0.00284459
 723 -0.84 -0.863568 0.00284084
 724 -0.76 -0.863425 0.00284052
 725 -0.76 -0.863283 0.00284019
 726 -0.76 -0.86314 0.00283984
 727 -0.76 -0.862999 0.00283947
 728 -0.76 -0.862857 0.0028391
 729 -0.84 -0.862826 0.00283537
 730 -0.84 -0.862795 0.00283166
 731 -0.84 -0.862763 0.00282796
 732 -0.68 -0.862514 0.00283511
 733 -0.76 -0.862374 0.00283469
 734 -0.68 -0.862125 0.00284171
 735 -0.68 -0.861878 0.00284863
 736 -0.68 -0.86163 0.00285547
 737 -0.68 -0.861384 0.00286223
 738 -0.76 -0.861247 0.00286165
 739 -0.76 -0.86111 0.00286105
 740 -0.76 -0.860973 0.00286045
 741 -0.76 -0.860837 0.00285983
 742 -0.76 -0.860701 0.00285921
 743 -0.84 -0.860673 0.00285549
 744 -0.84 -0.860645 0.00285179
 745 -0.84 -0.860617 0.00284809
 746 -0.84 -0.86059 0.00284441
 747 -0.84 -0.860562 0.00284073
 748 -0.84 -0.860535 0.00283706
 749 -0.84 -0.860507 0.00283341
 750 -0.84 -0.86048 0.00282976
 751 -0.84 -0.860453 0.00282612
 752 -0.84 -0.860426 0.00282249
 753 -0.84 -0.860398 0.00281887
 754 -0.84 -0.860371 0.00281526
 755 -0.84 -0.860344 0.00281166
 756 -0.84 -0.860317 0.00280806
 757 -0.84 -0.860291 0.00280448
 758 -0.84 -0.860264 0.0028009
 759 -0.84 -0.860237 0.00279734
 760 -0.84 -0.860211 0.00279378
 761 -0.84 -0.860184 0.00279024
 762 -0.76 -0.860052 0.00278967
 763 -0.84 -0.860026 0.00278614
 764 -0.84 -0.86 0.00278261
 765 -0.76 -0.859869 0.00278204
 766 -0.76 -0.859739 0.00278147
 767 -0.68 -0.859505 0.00278771
 768 -0.84 -0.859479 0.00278419
 769 -0.84 -0.859454 0.00278068
 770 -0.84 -0.859429 0.00277718
 771 -0.84 -0.859403 0.00277369
 772 -0.84 -0.859378 0.00277021
 773 -0.84 -0.859353 0.00276674
 774 -0.84 -0.859328 0.00276328
 775 -0.84 -0.859303 0.00275982
 776 -0.84 -0.859278 0.00275637
 777 -0.76 -0.859151 0.00275579
 778 -0.76 -0.859023 0.00275519
 779 -0.76 -0.858896 0.00275459
 780 -0.84 -0.858872 0.00275116
 781 -0.68 -0.858643 0.00275717
 782 -0.68 -0.858414 0.0027631
 783 -0.76 -0.858289 0.00276243
 784 -0.76 -0.858163 0.00276175
 785 -0.76 -0.858038 0.00276106
 786 -0.76 -0.857913 0.00276036
 787 -0.76 -0.857789 0.00275966
 788 -0.68 -0.857563 0.00276538
 789 -0.68 -0.857338 0.00277102
 790 -0.6 -0.857013 0.00278662
 791 -0.6 -0.856688 0.002802
 792 -0.76 -0.856566 0.00280112
 793 -0.76 -0.856444 0.00280023
 794 -0.76 -0.856322 0.00279934
 795 -0.76 -0.856201 0.00279844
 796 -0.76 -0.85608 0.00279753
 797 -0.76 -0.85596 0.00279662
 798 -0.68 -0.855739 0.0028018
 799 -0.76 -0.85562 0.00280086
 800 -0.76 -0.8555 0.00279991
 801 -0.68 -0.855281 0.00280498
 802 -0.76 -0.855162 0.002804
 803 -0.76 -0.855044 0.00280301
 804 -0.68 -0.854826 0.00280798
 805 -0.76 -0.854708 0.00280696
 806 -0.76 -0.854591 0.00280594
 807 -0.76 -0.854473 0.00280491
 808 -0.76 -0.854356 0.00280387
 809 -0.68 -0.854141 0.00280868
 810 -0.68 -0.853926 0.00281344
 811 -0.68 -0.853711 0.00281814
 812 -0.76 -0.853596 0.00281703
 813 -0.76 -0.853481 0.00281592
 814 -0.76 -0.853366 0.0028148
 815 -0.84 -0.85335 0.0028114
 816 -0.76 -0.853235 0.00281028
 817 -0.76 -0.853121 0.00280915
 818 -0.76 -0.853007 0.00280803
 819 -0.76 -0.852894 0.00280689
 820 -0.76 -0.85278 0.00280576
 821 -0.76 -0.852667 0.00280462
 822 -0.84 -0.852652 0.00280124
 823 -0.84 -0.852637 0.00279788
 824 -0.84 -0.852621 0.00279452
 825 -0.84 -0.852606 0.00279118
 826 -0.84 -0.852591 0.00278784
 827 -0.92 -0.852672 0.00278566
 828 -0.92 -0.852754 0.00278348
 829 -0.92 -0.852835 0.0027813
 830 -0.92 -0.852916 0.00277913
 831 -0.92 -0.852996 0.00277696
 832 -0.92 -0.853077 0.00277478
 833 -0.84 -0.853061 0.0027715
 834 -0.92 -0.853141 0.00276933
 835 -0.84 -0.853126 0.00276606
 836 -0.84 -0.85311 0.00276279
 837 -0.84 -0.853094 0.00275954
 838 -0.76 -0.852983 0.00275848
 839 -0.76 -0.852872 0.00275742
 840 -0.84 -0.852857 0.00275418
 841 -0.76 -0.852747 0.00275311
 842 -0.84 -0.852732 0.00274988
 843 -0.84 -0.852716 0.00274666
 844 -0.84 -0.852701 0.00274345
 845 -0.76 -0.852592 0.00274239
 846 -0.68 -0.852388 0.00274674
 847 -0.76 -0.852279 0.00274566
 848 -0.76 -0.85217 0.00274458
 849 -0.76 -0.852061 0.00274349
 850 -0.84 -0.852047 0.0027403
 851 -0.84 -0.852033 0.00273711
 852 -0.84 -0.852019 0.00273393
 853 -0.92 -0.852098 0.00273189
 854 -0.92 -0.852178 0.00272985
 855 -0.92 -0.852257 0.00272781
 856 -0.92 -0.852336 0.00272577
 857 -0.92 -0.852415 0.00272373
 858 -0.76 -0.852308 0.00272268
 859 -0.92 -0.852386 0.00272065
 860 -0.84 -0.852372 0.00271753
 861 -0.84 -0.852358 0.00271441
 862 -0.92 -0.852436 0.00271239
 863 -0.92 -0.852514 0.00271038
 864 -0.92 -0.852593 0.00270837
 865 -0.92 -0.852671 0.00270635
 866 -0.92 -0.852748 0.00270435
 867 -0.92 -0.852826 0.00270234
 868 -0.92 -0.852903 0.00270033
 869 -0.92 -0.85298 0.00269833
 870 -0.92 -0.853057 0.00269633
 871 -0.92 -0.853134 0.00269432
 872 -0.92 -0.853211 0.00269232
 873 -0.92 -0.853288 0.00269033
 874 -0.84 -0.853272 0.00268729
 875 -0.92 -0.853349 0.0026853
 876 -0.92 -0.853425 0.00268331
 877 -0.92 -0.853501 0.00268133
 878 -0.92 -0.853576 0.00267934
 879 -0.84 -0.853561 0.00267634
 880 -0.92 -0.853636 0.00267436
 881 -0.92 -0.853712 0.00267238
 882 -0.92 -0.853787 0.00267041
 883 -0.92 -0.853862 0.00266844
 884 -0.92 -0.853937 0.00266647
 885 -0.92 -0.854011 0.0026645
 886 -0.92 -0.854086 0.00266253
 887 -0.92 -0.85416 0.00266057
 888 -0.92 -0.854234 0.0026586
 889 -0.92 -0.854308 0.00265664
 890 -0.92 -0.854382 0.00265468
 891 -0.92 -0.854456 0.00265272
 892 -0.92 -0.854529 0.00265076
 893 -0.92 -0.854602 0.00264881
 894 -0.92 -0.854676 0.00264685
 895 -0.76 -0.85457 0.00264601
 896 -0.84 -0.854554 0.00264311
 897 -0.84 -0.854537 0.00264021
 898 -0.84 -0.854521 0.00263732
 899 -0.84 -0.854505 0.00263443
 900 -0.76 -0.8544 0.0026336
 901 -0.84 -0.854384 0.00263072
 902 -0.84 -0.854368 0.00262785
 903 -0.76 -0.854264 0.00262702
 904 -0.84 -0.854248 0.00262416
 905 -0.84 -0.854232 0.0026213
 906 -0.92 -0.854305 0.00261941
 907 -0.92 -0.854377 0.00261753
 908 -0.84 -0.854361 0.00261469
 909 -0.84 -0.854345 0.00261186
 910 -0.76 -0.854242 0.00261105
 911 -0.84 -0.854226 0.00260823
 912 -0.76 -0.854123 0.00260741
 913 -0.84 -0.854107 0.0026046
 914 -0.84 -0.854092 0.0026018
 915 -0.92 -0.854164 0.00259995
 916 -0.84 -0.854148 0.00259716
 917 -0.84 -0.854133 0.00259437
 918 -0.84 -0.854118 0.00259159
 919 -0.84 -0.854102 0.00258881
 920 -0.84 -0.854087 0.00258604
 921 -0.84 -0.854072 0.00258328
 922 -0.84 -0.854056 0.00258052
 923 -0.84 -0.854041 0.00257777
 924 -0.84 -0.854026 0.00257502
 925 -0.76 -0.853924 0.00257424
 926 -0.84 -0.853909 0.0025715
 927 -0.76 -0.853808 0.00257072
 928 -0.84 -0.853793 0.002568
 929 -0.84 -0.853778 0.00256527
 930 -0.84 -0.853763 0.00256256
 931 -0.84 -0.853749 0.00255985
 932 -0.84 -0.853734 0.00255714
 933 -0.92 -0.853805 0.00255538
 934 -0.84 -0.85379 0.00255269
 935 -0.76 -0.85369 0.00255193
 936 -0.68 -0.853504 0.00255595
 937 -0.84 -0.85349 0.00255326
 938 -0.92 -0.853561 0.00255152
 939 -0.92 -0.853632 0.00254978
 940 -0.84 -0.853617 0.00254711
 941 -0.92 -0.853688 0.00254538
 942 -0.92 -0.853758 0.00254365
 943 -0.92 -0.853828 0.00254192
 944 -0.92 -0.853898 0.0025402
 945 -0.84 -0.853884 0.00253755
 946 -0.84 -0.853869 0.00253491
 947 -0.84 -0.853854 0.00253227
 948 -0.76 -0.853755 0.00253154
 949 -0.76 -0.853656 0.0025308
 950 -0.6 -0.853389 0.00254219
 951 -0.76 -0.853291 0.00254142
 952 -0.76 -0.853193 0.00254064
 953 -0.76 -0.853095 0.00253985
 954 -0.76 -0.852998 0.00253906
 955 -0.76 -0.852901 0.00253827
 956 -0.76 -0.852803 0.00253748
 957 -0.76 -0.852706 0.00253668
 958 -0.76 -0.85261 0.00253588
 959 -0.76 -0.852513 0.00253507
 960 -0.68 -0.852333 0.0025388
 961 -0.68 -0.852154 0.00254249
 962 -0.76 -0.852058 0.00254165
 963 -0.84 -0.852046 0.00253904
 964 -0.84 -0.852033 0.00253643
 965 -0.84 -0.852021 0.00253383
 966 -0.76 -0.851925 0.002533
 967 -0.76 -0.85183 0.00253217
 968 -0.76 -0.851736 0.00253133
 969 -0.76 -0.851641 0.00253048
 970 -0.84 -0.851629 0.0025279
 971 -0.84 -0.851617 0.00252533
 972 -0.84 -0.851605 0.00252276
 973 -0.84 -0.851593 0.00252019
 974 -0.76 -0.851499 0.00251936
 975 -0.84 -0.851487 0.0025168
 976 -0.84 -0.851475 0.00251425
 977 -0.84 -0.851464 0.0025117
 978 -0.84 -0.851452 0.00250916
 979 -0.84 -0.85144 0.00250662
 980 -0.84 -0.851429 0.00250409
 981 -0.84 -0.851417 0.00250156
 982 -0.84 -0.851405 0.00249904
 983 -0.84 -0.851394 0.00249652
 984 -0.84 -0.851382 0.00249401
 985 -0.84 -0.851371 0.0024915
 986 -0.84 -0.851359 0.002489
 987 -0.84 -0.851348 0.00248651
 988 -0.84 -0.851336 0.00248402
 989 -0.76 -0.851244 0.00248322
 990 -0.76 -0.851152 0.00248242
 991 -0.84 -0.85114 0.00247994
 992 -0.84 -0.851129 0.00247747
 993 -0.84 -0.851118 0.00247499
 994 -0.84 -0.851107 0.00247253
 995 -0.84 -0.851095 0.00247007
 996 -0.84 -0.851084 0.00246761
 997 -0.92 -0.851153 0.0024661
 998 -0.84 -0.851142 0.00246366
 999 -0.92 -0.851211 0.00246216
 1000 -0.92 -0.85128 0.00246065
 1001 -0.92 -0.851349 0.00245915
 1002 -0.92 -0.851417 0.00245765
 1003 -0.92 -0.851486 0.00245615
 1004 -0.92 -0.851554 0.00245465
 1005 -0.92 -0.851622 0.00245316
 1006 -0.84 -0.85161 0.00245074
 1007 -0.84 -0.851599 0.00244834
 1008 -0.76 -0.851508 0.00244759
 1009 -0.84 -0.851497 0.00244519
 1010 -0.76 -0.851406 0.00244445
 1011 -0.76 -0.851316 0.0024437
 1012 -0.76 -0.851225 0.00244295
 1013 -0.76 -0.851135 0.0024422
 1014 -0.84 -0.851124 0.00243982
 1015 -0.84 -0.851113 0.00243744
 1016 -0.84 -0.851102 0.00243506
 1017 -0.84 -0.851091 0.00243269
 1018 -0.84 -0.851081 0.00243032
 1019 -0.76 -0.850991 0.00242958
 1020 -0.68 -0.850824 0.00243298
 1021 -0.68 -0.850656 0.00243635
 1022 -0.68 -0.850489 0.00243969
 1023 -0.76 -0.850401 0.0024389
 1024 -0.76 -0.850312 0.00243812
 1025 -0.76 -0.850224 0.00243733
 1026 -0.76 -0.850136 0.00243654
 1027 -0.76 -0.850049 0.00243575
 1028 -0.76 -0.849961 0.00243496
 1029 -0.76 -0.849874 0.00243416
 1030 -0.76 -0.849786 0.00243336
 1031 -0.76 -0.849699 0.00243256
 1032 -0.76 -0.849612 0.00243176
 1033 -0.76 -0.849526 0.00243095
 1034 -0.84 -0.849516 0.00242861
 1035 -0.84 -0.849507 0.00242628
 1036 -0.84 -0.849498 0.00242396
 1037 -0.84 -0.849489 0.00242164
 1038 -0.84 -0.84948 0.00241932
 1039 -0.84 -0.849471 0.00241701
 1040 -0.84 -0.849462 0.0024147
 1041 -0.92 -0.849529 0.00241333
 1042 -0.92 -0.849597 0.00241196
 1043 -0.92 -0.849664 0.00241059
 1044 -0.92 -0.849732 0.00240922
 1045 -0.92 -0.849799 0.00240786
 1046 -0.84 -0.84979 0.00240557
 1047 -0.84 -0.84978 0.00240329
 1048 -0.84 -0.849771 0.00240102
 1049 -0.84 -0.849762 0.00239874
 1050 -0.84 -0.849752 0.00239648
 1051 -0.92 -0.849819 0.00239513
 1052 -0.84 -0.84981 0.00239287
 1053 -0.92 -0.849877 0.00239152
 1054 -0.92 -0.849943 0.00239018
 1055 -0.92 -0.850009 0.00238884
 1056 -0.76 -0.849924 0.00238809
 1057 -0.76 -0.849839 0.00238735
 1058 -0.68 -0.849679 0.00239049
 1059 -0.76 -0.849594 0.00238973
 1060 -0.68 -0.849434 0.00239283
 1061 -0.68 -0.849274 0.0023959
 1062 -0.68 -0.849115 0.00239895
 1063 -0.76 -0.849031 0.00239815
 1064 -0.84 -0.849023 0.00239591
 1065 -0.68 -0.848864 0.00239892
 1066 -0.84 -0.848856 0.00239668
 1067 -0.84 -0.848847 0.00239445
 1068 -0.84 -0.848839 0.00239222
 1069 -0.76 -0.848756 0.00239143
 1070 -0.76 -0.848673 0.00239063
 1071 -0.84 -0.848665 0.00238841
 1072 -0.84 -0.848657 0.0023862
 1073 -0.76 -0.848574 0.0023854
 1074 -0.68 -0.848417 0.00238834
 1075 -0.84 -0.848409 0.00238613
 1076 -0.84 -0.848401 0.00238393
 1077 -0.84 -0.848394 0.00238173
 1078 -0.84 -0.848386 0.00237953
 1079 -0.92 -0.848452 0.00237825
 1080 -0.84 -0.848444 0.00237606
 1081 -0.84 -0.848437 0.00237387
 1082 -0.84 -0.848429 0.00237169
 1083 -0.84 -0.848421 0.00236951
 1084 -0.68 -0.848266 0.00237242
 1085 -0.76 -0.848184 0.00237163
 1086 -0.76 -0.848103 0.00237083
 1087 -0.76 -0.848022 0.00237004
 1088 -0.76 -0.847941 0.00236924
 1089 -0.76 -0.84786 0.00236844
 1090 -0.76 -0.84778 0.00236764
 1091 -0.76 -0.847699 0.00236683
 1092 -0.76 -0.847619 0.00236603
 1093 -0.76 -0.847539 0.00236522
 1094 -0.76 -0.847459 0.00236441
 1095 -0.76 -0.847379 0.0023636
 1096 -0.76 -0.847299 0.00236279
 1097 -0.76 -0.84722 0.00236198
 1098 -0.76 -0.84714 0.00236116
 1099 -0.76 -0.847061 0.00236034
 1100 -0.76 -0.846982 0.00235953
 1101 -0.76 -0.846903 0.0023587
 1102 -0.76 -0.846824 0.00235788
 1103 -0.68 -0.846673 0.00236059
 1104 -0.76 -0.846594 0.00235976
 1105 -0.76 -0.846516 0.00235893
 1106 -0.76 -0.846438 0.00235809
 1107 -0.76 -0.84636 0.00235725
 1108 -0.76 -0.846282 0.00235641
 1109 -0.76 -0.846204 0.00235557
 1110 -0.76 -0.846126 0.00235473
 1111 -0.76 -0.846049 0.00235389
 1112 -0.76 -0.845971 0.00235304
 1113 -0.76 -0.845894 0.0023522
 1114 -0.76 -0.845817 0.00235135
 1115 -0.76 -0.84574 0.0023505
 1116 -0.76 -0.845663 0.00234965
 1117 -0.68 -0.845515 0.00235222
 1118 -0.76 -0.845438 0.00235136
 1119 -0.76 -0.845362 0.0023505
 1120 -0.76 -0.845286 0.00234964
 1121 -0.68 -0.845138 0.00235217
 1122 -0.68 -0.844991 0.00235467
 1123 -0.6 -0.844773 0.00236267
 1124 -0.68 -0.844626 0.00236511
 1125 -0.68 -0.84448 0.00236754
 1126 -0.68 -0.844334 0.00236994
 1127 -0.68 -0.844188 0.00237232
 1128 -0.68 -0.844043 0.00237468
 1129 -0.84 -0.844039 0.00237258
 1130 -0.68 -0.843894 0.00237492
 1131 -0.68 -0.843749 0.00237724
 1132 -0.76 -0.843675 0.00237629
 1133 -0.76 -0.843601 0.00237534
 1134 -0.76 -0.843527 0.00237439
 1135 -0.76 -0.843454 0.00237344
 1136 -0.76 -0.84338 0.00237249
 1137 -0.76 -0.843307 0.00237153
 1138 -0.76 -0.843234 0.00237058
 1139 -0.76 -0.843161 0.00236963
 1140 -0.76 -0.843088 0.00236867
 1141 -0.76 -0.843015 0.00236771
 1142 -0.84 -0.843012 0.00236564
 1143 -0.84 -0.84301 0.00236357
 1144 -0.84 -0.843007 0.0023615
 1145 -0.84 -0.843004 0.00235944
 1146 -0.84 -0.843002 0.00235738
 1147 -0.84 -0.842999 0.00235533
 1148 -0.76 -0.842927 0.00235439
 1149 -0.68 -0.842785 0.00235661
 1150 -0.68 -0.842643 0.00235881
 1151 -0.76 -0.842572 0.00235785
 1152 -0.76 -0.8425 0.00235689
 1153 -0.76 -0.842428 0.00235594
 1154 -0.76 -0.842357 0.00235498
 1155 -0.76 -0.842286 0.00235402
 1156 -0.84 -0.842284 0.00235198
 1157 -0.76 -0.842213 0.00235102
 1158 -0.76 -0.842142 0.00235007
 1159 -0.84 -0.84214 0.00234804
 1160 -0.84 -0.842138 0.00234601
 1161 -0.84 -0.842136 0.00234399
 1162 -0.84 -0.842134 0.00234197
 1163 -0.84 -0.842132 0.00233996
 1164 -0.84 -0.842131 0.00233795
 1165 -0.84 -0.842129 0.00233594
 1166 -0.84 -0.842127 0.00233394
 1167 -0.76 -0.842057 0.002333
 1168 -0.84 -0.842055 0.002331
 1169 -0.84 -0.842053 0.00232901
 1170 -0.84 -0.842051 0.00232702
 1171 -0.84 -0.84205 0.00232503
 1172 -0.84 -0.842048 0.00232305
 1173 -0.84 -0.842046 0.00232107
 1174 -0.84 -0.842044 0.00231909
 1175 -0.84 -0.842043 0.00231712
 1176 -0.84 -0.842041 0.00231514
 1177 -0.84 -0.842039 0.00231318
 1178 -0.92 -0.842105 0.00231216
 1179 -0.84 -0.842103 0.0023102
 1180 -0.84 -0.842102 0.00230824
 1181 -0.84 -0.8421 0.00230629
 1182 -0.76 -0.84203 0.00230538
 1183 -0.84 -0.842029 0.00230343
 1184 -0.84 -0.842027 0.00230149
 1185 -0.84 -0.842025 0.00229954
 1186 -0.84 -0.842024 0.0022976
 1187 -0.92 -0.842089 0.00229661
 1188 -0.92 -0.842155 0.00229561
 1189 -0.84 -0.842153 0.00229368
 1190 -0.84 -0.842151 0.00229175
 1191 -0.84 -0.842149 0.00228983
 1192 -0.84 -0.842148 0.00228791
 1193 -0.92 -0.842213 0.00228692
 1194 -0.84 -0.842211 0.002285
 1195 -0.92 -0.842276 0.00228402
 1196 -0.92 -0.842341 0.00228303
 1197 -0.92 -0.842406 0.00228205
 1198 -0.92 -0.842471 0.00228106
 1199 -0.84 -0.842469 0.00227916
 1200 -0.84 -0.842467 0.00227726
 1201 -0.84 -0.842465 0.00227537
 1202 -0.84 -0.842463 0.00227347
 1203 -0.84 -0.842461 0.00227158
 1204 -0.92 -0.842525 0.00227061
 1205 -0.84 -0.842523 0.00226872
 1206 -0.76 -0.842454 0.00226787
 1207 -0.76 -0.842386 0.00226702
 1208 -0.84 -0.842384 0.00226515
 1209 -0.84 -0.842382 0.00226327
 1210 -0.76 -0.842314 0.00226243
 1211 -0.84 -0.842312 0.00226056
 1212 -0.84 -0.84231 0.00225869
 1213 -0.84 -0.842308 0.00225683
 1214 -0.76 -0.842241 0.00225599
 1215 -0.76 -0.842173 0.00225515
 1216 -0.76 -0.842105 0.00225431
 1217 -0.76 -0.842038 0.00225347
 1218 -0.76 -0.84197 0.00225262
 1219 -0.76 -0.841903 0.00225178
 1220 -0.76 -0.841836 0.00225093
 1221 -0.92 -0.8419 0.00225
 1222 -0.92 -0.841964 0.00224906
 1223 -0.92 -0.842028 0.00224813
 1224 -0.92 -0.842092 0.0022472
 1225 -0.92 -0.842155 0.00224626
 1226 -0.92 -0.842219 0.00224533
 1227 -0.84 -0.842217 0.0022435
 1228 -0.92 -0.84228 0.00224256
 1229 -0.92 -0.842343 0.00224163
 1230 -0.92 -0.842407 0.0022407
 1231 -0.92 -0.84247 0.00223976
 1232 -0.92 -0.842532 0.00223883
 1233 -0.92 -0.842595 0.00223789
 1234 -0.92 -0.842658 0.00223696
 1235 -0.92 -0.842721 0.00223603
 1236 -0.92 -0.842783 0.00223509
 1237 -0.92 -0.842846 0.00223415
 1238 -0.76 -0.842779 0.00223335
 1239 -0.76 -0.842712 0.00223255
 1240 -0.76 -0.842645 0.00223174
 1241 -0.84 -0.842643 0.00222995
 1242 -0.76 -0.842576 0.00222914
 1243 -0.76 -0.84251 0.00222834
 1244 -0.92 -0.842572 0.00222742
 1245 -0.92 -0.842635 0.0022265
 1246 -0.92 -0.842697 0.00222558
 1247 -0.92 -0.842759 0.00222466
 1248 -0.92 -0.842821 0.00222373
 1249 -0.84 -0.842818 0.00222195
 1250 -0.84 -0.842816 0.00222018
 1251 -0.76 -0.84275 0.00221939
 1252 -0.76 -0.842684 0.0022186
 1253 -0.76 -0.842618 0.00221781
 1254 -0.68 -0.842488 0.00221983
 1255 -0.68 -0.842359 0.00222184
 1256 -0.76 -0.842293 0.00222104
 1257 -0.76 -0.842228 0.00222023
 1258 -0.76 -0.842162 0.00221943
 1259 -0.84 -0.84216 0.00221767
 1260 -0.76 -0.842095 0.00221687
 1261 -0.76 -0.84203 0.00221607
 1262 -0.84 -0.842029 0.00221431
 1263 -0.84 -0.842027 0.00221256
 1264 -0.76 -0.841962 0.00221176
 1265 -0.76 -0.841897 0.00221096
 1266 -0.76 -0.841833 0.00221016
 1267 -0.76 -0.841768 0.00220936
 1268 -0.92 -0.84183 0.00220848
 1269 -0.92 -0.841891 0.00220759
 1270 -0.92 -0.841953 0.00220671
 1271 -0.92 -0.842014 0.00220583
 1272 -0.92 -0.842075 0.00220495
 1273 -0.92 -0.842137 0.00220407
 1274 -0.92 -0.842198 0.00220318
 1275 -0.92 -0.842259 0.0022023
 1276 -0.92 -0.84232 0.00220142
 1277 -0.84 -0.842318 0.00219969
 1278 -0.92 -0.842379 0.00219881
 1279 -0.92 -0.842439 0.00219793
 1280 -0.84 -0.842437 0.00219621
 1281 -0.92 -0.842498 0.00219533
 1282 -0.92 -0.842559 0.00219445
 1283 -0.92 -0.842619 0.00219357
 1284 -0.92 -0.842679 0.00219269
 1285 -0.92 -0.842739 0.00219181
 1286 -0.92 -0.842799 0.00219093
 1287 -0.92 -0.842859 0.00219005
 1288 -0.92 -0.842919 0.00218917
 1289 -0.92 -0.842979 0.00218828
 1290 -0.92 -0.843039 0.0021874
 1291 -0.92 -0.843098 0.00218652
 1292 -0.92 -0.843158 0.00218564
 1293 -0.92 -0.843217 0.00218475
 1294 -0.84 -0.843215 0.00218307
 1295 -0.84 -0.843212 0.00218138
 1296 -0.84 -0.84321 0.0021797
 1297 -0.84 -0.843207 0.00217802
 1298 -0.84 -0.843205 0.00217634
 1299 -0.76 -0.843141 0.00217561
 1300 -0.84 -0.843138 0.00217394
 1301 -0.84 -0.843136 0.00217227
 1302 -0.76 -0.843072 0.00217154
 1303 -0.76 -0.843008 0.00217081
 1304 -0.76 -0.842945 0.00217007
 1305 -0.76 -0.842881 0.00216934
 1306 -0.84 -0.842879 0.00216768
 1307 -0.76 -0.842816 0.00216695
 1308 -0.68 -0.842691 0.00216887
 1309 -0.76 -0.842628 0.00216813
 1310 -0.76 -0.842565 0.00216739
 1311 -0.84 -0.842563 0.00216574
 1312 -0.84 -0.842561 0.00216409
 1313 -0.84 -0.842559 0.00216244
 1314 -0.84 -0.842557 0.0021608
 1315 -0.84 -0.842555 0.00215915
 1316 -0.84 -0.842553 0.00215751
 1317 -0.84 -0.842551 0.00215587
 1318 -0.84 -0.842549 0.00215424
 1319 -0.84 -0.842547 0.00215261
 1320 -0.84 -0.842545 0.00215098
 1321 -0.84 -0.842544 0.00214935
 1322 -0.76 -0.842481 0.00214863
 1323 -0.84 -0.842479 0.002147
 1324 -0.76 -0.842417 0.00214629
 1325 -0.76 -0.842355 0.00214557
 1326 -0.84 -0.842353 0.00214395
 1327 -0.84 -0.842351 0.00214233
 1328 -0.76 -0.842289 0.00214162
 1329 -0.76 -0.842227 0.0021409
 1330 -0.76 -0.842165 0.00214019
 1331 -0.76 -0.842104 0.00213947
 1332 -0.84 -0.842102 0.00213786
 1333 -0.84 -0.842101 0.00213626
 1334 -0.84 -0.842099 0.00213466
 1335 -0.84 -0.842097 0.00213306
 1336 -0.84 -0.842096 0.00213146
 1337 -0.76 -0.842034 0.00213075
 1338 -0.76 -0.841973 0.00213004
 1339 -0.76 -0.841912 0.00212933
 1340 -0.84 -0.84191 0.00212774
 1341 -0.84 -0.841909 0.00212615
 1342 -0.84 -0.841908 0.00212457
 1343 -0.76 -0.841847 0.00212386
 1344 -0.84 -0.841845 0.00212228
 1345 -0.84 -0.841844 0.0021207
 1346 -0.84 -0.841842 0.00211913
 1347 -0.84 -0.841841 0.00211755
 1348 -0.84 -0.84184 0.00211598
 1349 -0.84 -0.841838 0.00211441
 1350 -0.84 -0.841837 0.00211285
 1351 -0.84 -0.841836 0.00211128
 1352 -0.84 -0.841834 0.00210972
 1353 -0.84 -0.841833 0.00210816
 1354 -0.76 -0.841773 0.00210747
 1355 -0.84 -0.841771 0.00210592
 1356 -0.84 -0.84177 0.00210436
 1357 -0.84 -0.841769 0.00210281
 1358 -0.84 -0.841767 0.00210126
 1359 -0.84 -0.841766 0.00209972
 1360 -0.76 -0.841706 0.00209903
 1361 -0.76 -0.841646 0.00209835
 1362 -0.76 -0.841586 0.00209767
 1363 -0.76 -0.841526 0.00209698
 1364 -0.76 -0.841466 0.00209629
 1365 -0.84 -0.841465 0.00209476
 1366 -0.84 -0.841464 0.00209323
 1367 -0.84 -0.841463 0.00209169
 1368 -0.84 -0.841462 0.00209016
 1369 -0.84 -0.841461 0.00208864
 1370 -0.84 -0.84146 0.00208711
 1371 -0.84 -0.841459 0.00208559
 1372 -0.84 -0.841458 0.00208407
 1373 -0.84 -0.841457 0.00208255
 1374 -0.76 -0.841397 0.00208188
 1375 -0.76 -0.841338 0.00208121
 1376 -0.76 -0.841279 0.00208053
 1377 -0.76 -0.84122 0.00207986
 1378 -0.76 -0.841161 0.00207919
 1379 -0.76 -0.841102 0.00207851
 1380 -0.84 -0.841101 0.002077
 1381 -0.84 -0.841101 0.0020755
 1382 -0.76 -0.841042 0.00207483
 1383 -0.68 -0.840926 0.00207659
 1384 -0.68 -0.840809 0.00207835
 1385 -0.76 -0.840751 0.00207767
 1386 -0.76 -0.840693 0.00207698
 1387 -0.76 -0.840634 0.0020763
 1388 -0.76 -0.840576 0.00207562
 1389 -0.76 -0.840518 0.00207493
 1390 -0.84 -0.840518 0.00207344
 1391 -0.84 -0.840518 0.00207195
 1392 -0.84 -0.840517 0.00207046
 1393 -0.84 -0.840517 0.00206897
 1394 -0.84 -0.840516 0.00206749
 1395 -0.84 -0.840516 0.00206601
 1396 -0.92 -0.840573 0.00206531
 1397 -0.92 -0.84063 0.00206462
 1398 -0.92 -0.840687 0.00206392
 1399 -0.92 -0.840743 0.00206322
 1400 -0.76 -0.840686 0.00206255
 1401 -0.84 -0.840685 0.00206108
 1402 -0.84 -0.840685 0.00205961
 1403 -0.84 -0.840684 0.00205814
 1404 -0.84 -0.840684 0.00205668
 1405 -0.84 -0.840683 0.00205521
 1406 -0.84 -0.840683 0.00205375
 1407 -0.84 -0.840682 0.00205229
 1408 -0.84 -0.840682 0.00205083
 1409 -0.76 -0.840625 0.00205018
 1410 -0.84 -0.840624 0.00204872
 1411 -0.84 -0.840624 0.00204727
 1412 -0.92 -0.84068 0.00204659
 1413 -0.84 -0.840679 0.00204514
 1414 -0.92 -0.840736 0.00204446
 1415 -0.92 -0.840792 0.00204379
 1416 -0.92 -0.840847 0.00204311
 1417 -0.92 -0.840903 0.00204243
 1418 -0.92 -0.840959 0.00204175
 1419 -0.92 -0.841015 0.00204107
 1420 -0.84 -0.841014 0.00203963
 1421 -0.84 -0.841013 0.0020382
 1422 -0.84 -0.841013 0.00203677
 1423 -0.84 -0.841012 0.00203533
 1424 -0.84 -0.841011 0.0020339
 1425 -0.84 -0.841011 0.00203248
 1426 -0.84 -0.84101 0.00203105
 1427 -0.84 -0.841009 0.00202963
 1428 -0.84 -0.841008 0.00202821
 1429 -0.92 -0.841064 0.00202754
 1430 -0.92 -0.841119 0.00202687
 1431 -0.92 -0.841174 0.00202621
 1432 -0.92 -0.841229 0.00202554
 1433 -0.84 -0.841228 0.00202412
 1434 -0.92 -0.841283 0.00202346
 1435 -0.92 -0.841338 0.00202279
 1436 -0.84 -0.841337 0.00202138
 1437 -0.76 -0.84128 0.00202077
 1438 -0.92 -0.841335 0.0020201
 1439 -0.92 -0.84139 0.00201944
 1440 -0.92 -0.841444 0.00201878
 1441 -0.92 -0.841499 0.00201811
 1442 -0.92 -0.841553 0.00201745
 1443 -1 -0.841663 0.00201903
 1444 -1 -0.841773 0.00202061
 1445 -1 -0.841882 0.00202218
 1446 -1 -0.841992 0.00202374
 1447 -1 -0.842101 0.00202529
 1448 -1 -0.84221 0.00202682
 1449 -1 -0.842319 0.00202835
 1450 -1 -0.842428 0.00202986
 1451 -1 -0.842536 0.00203137
 1452 -1 -0.842645 0.00203286
 1453 -1 -0.842753 0.00203435
 1454 -1 -0.842861 0.00203582
 1455 -1 -0.842969 0.00203729
 1456 -1 -0.843077 0.00203874
 1457 -0.92 -0.84313 0.00203803
 1458 -0.92 -0.843182 0.00203731
 1459 -0.92 -0.843235 0.0020366
 1460 -0.92 -0.843288 0.00203588
 1461 -0.92 -0.84334 0.00203516
 1462 -0.92 -0.843393 0.00203445
 1463 -0.92 -0.843445 0.00203373
 1464 -0.92 -0.843497 0.00203301
 1465 -0.84 -0.843495 0.00203163
 1466 -0.84 -0.843492 0.00203024
 1467 -0.84 -0.84349 0.00202886
 1468 -0.84 -0.843488 0.00202748
 1469 -0.92 -0.84354 0.00202677
 1470 -0.92 -0.843592 0.00202605
 1471 -0.92 -0.843644 0.00202534
 1472 -0.92 -0.843696 0.00202463
 1473 -0.92 -0.843747 0.00202392
 1474 -0.92 -0.843799 0.00202321
 1475 -0.92 -0.843851 0.00202249
 1476 -0.92 -0.843902 0.00202178
 1477 -0.92 -0.843954 0.00202107
 1478 -0.92 -0.844005 0.00202036
 1479 -0.92 -0.844057 0.00201964
 1480 -0.92 -0.844108 0.00201893
 1481 -1 -0.844213 0.00202031
 1482 -1 -0.844318 0.00202168
 1483 -1 -0.844423 0.00202304
 1484 -1 -0.844528 0.0020244
 1485 -1 -0.844633 0.00202574
 1486 -1 -0.844738 0.00202708
 1487 -1 -0.844842 0.0020284
 1488 -1 -0.844946 0.00202972
 1489 -0.92 -0.844997 0.00202898
 1490 -0.92 -0.845047 0.00202824
 1491 -1 -0.845151 0.00202954
 1492 -1 -0.845255 0.00203084
 1493 -0.92 -0.845305 0.00203009
 1494 -1 -0.845408 0.00203138
 1495 -1 -0.845512 0.00203265
 1496 -1 -0.845615 0.00203391
 1497 -1 -0.845718 0.00203517
 1498 -1 -0.845821 0.00203641
 1499 -1 -0.845924 0.00203765
 1500 -1 -0.846027 0.00203888
 1501 -0.92 -0.846076 0.00203812
 1502 -0.92 -0.846125 0.00203736
 1503 -0.92 -0.846174 0.0020366
 1504 -0.92 -0.846223 0.00203583
 1505 -0.92 -0.846272 0.00203507
 1506 -0.84 -0.846268 0.00203372
 1507 -0.84 -0.846264 0.00203238
 1508 -0.84 -0.84626 0.00203103
 1509 -0.84 -0.846256 0.00202969
 1510 -0.84 -0.846252 0.00202835
 1511 -0.76 -0.846195 0.00202781
 1512 -0.76 -0.846138 0.00202727
 1513 -0.84 -0.846134 0.00202593
 1514 -0.84 -0.846129 0.0020246
 1515 -0.84 -0.846125 0.00202327
 1516 -0.84 -0.846121 0.00202194
 1517 -0.84 -0.846117 0.00202061
 1518 -0.84 -0.846113 0.00201928
 1519 -0.84 -0.846109 0.00201795
 1520 -0.84 -0.846105 0.00201663
 1521 -0.84 -0.846101 0.00201531
 1522 -0.84 -0.846097 0.00201399
 1523 -0.84 -0.846093 0.00201267
 1524 -0.84 -0.846089 0.00201135
 1525 -0.92 -0.846138 0.00201062
 1526 -0.92 -0.846186 0.00200988
 1527 -0.84 -0.846182 0.00200857
 1528 -0.92 -0.84623 0.00200783
 1529 -1 -0.846331 0.00200904
 1530 -1 -0.846431 0.00201024
 1531 -0.92 -0.846479 0.0020095
 1532 -0.84 -0.846475 0.00200819
 1533 -0.92 -0.846523 0.00200745
 1534 -0.92 -0.846571 0.00200672
 1535 -0.92 -0.846619 0.00200598
 1536 -1 -0.846719 0.00200716
 1537 -0.92 -0.846766 0.00200642
 1538 -0.92 -0.846814 0.00200568
 1539 -0.84 -0.84681 0.00200438
 1540 -0.84 -0.846805 0.00200308
 1541 -0.76 -0.846749 0.00200257
 1542 -0.76 -0.846693 0.00200207
 1543 -0.76 -0.846636 0.00200156
 1544 -0.68 -0.846528 0.00200317
 1545 -0.76 -0.846472 0.00200266
 1546 -0.76 -0.846417 0.00200214
 1547 -0.84 -0.846412 0.00200085
 1548 -0.84 -0.846408 0.00199956
 1549 -0.84 -0.846404 0.00199828
 1550 -0.84 -0.8464 0.00199699
 1551 -0.84 -0.846396 0.00199571
 1552 -0.84 -0.846392 0.00199442
 1553 -0.84 -0.846388 0.00199314
 1554 -0.84 -0.846384 0.00199186
 1555 -0.84 -0.846379 0.00199059
 1556 -0.76 -0.846324 0.00199008
 1557 -0.84 -0.84632 0.00198881
 1558 -0.84 -0.846316 0.00198754
 1559 -0.84 -0.846312 0.00198626
 1560 -0.84 -0.846308 0.00198499
 1561 -0.76 -0.846252 0.00198449
 1562 -0.76 -0.846197 0.00198399
 1563 -0.76 -0.846142 0.00198349
 1564 -0.76 -0.846087 0.00198298
 1565 -0.76 -0.846032 0.00198248
 1566 -0.84 -0.846028 0.00198122
 1567 -0.84 -0.846024 0.00197996
 1568 -0.84 -0.84602 0.0019787
 1569 -0.84 -0.846017 0.00197744
 1570 -0.84 -0.846013 0.00197618
 1571 -0.84 -0.846009 0.00197493
 1572 -0.84 -0.846005 0.00197368
 1573 -0.84 -0.846001 0.00197242
 1574 -0.84 -0.845997 0.00197117
 1575 -0.84 -0.845994 0.00196993
 1576 -0.84 -0.84599 0.00196868
 1577 -0.84 -0.845986 0.00196743
 1578 -0.84 -0.845982 0.00196619
 1579 -0.84 -0.845978 0.00196495
 1580 -0.84 -0.845975 0.00196371
 1581 -0.84 -0.845971 0.00196247
 1582 -0.76 -0.845917 0.00196198
 1583 -0.76 -0.845862 0.00196149
 1584 -0.76 -0.845808 0.001961
 1585 -0.76 -0.845754 0.00196051
 1586 -0.76 -0.8457 0.00196002
 1587 -0.76 -0.845646 0.00195953
 1588 -0.76 -0.845592 0.00195904
 1589 -0.76 -0.845538 0.00195855
 1590 -0.76 -0.845484 0.00195805
 1591 -0.76 -0.845431 0.00195756
 1592 -0.76 -0.845377 0.00195707
 1593 -0.76 -0.845323 0.00195657
 1594 -0.76 -0.84527 0.00195608
 1595 -0.76 -0.845216 0.00195558
 1596 -0.76 -0.845163 0.00195508
 1597 -0.84 -0.84516 0.00195386
 1598 -0.92 -0.845207 0.0019532
 1599 -0.92 -0.845253 0.00195254
 1600 -0.92 -0.8453 0.00195188
 1601 -0.92 -0.845347 0.00195122
 1602 -0.92 -0.845393 0.00195055
 1603 -0.92 -0.84544 0.00194989
 1604 -0.92 -0.845486 0.00194923
 1605 -0.92 -0.845533 0.00194857
 1606 -0.92 -0.845579 0.00194791
 1607 -0.92 -0.845625 0.00194725
 1608 -0.92 -0.845672 0.00194658
 1609 -0.92 -0.845718 0.00194592
 1610 -0.84 -0.845714 0.00194472
 1611 -0.84 -0.845711 0.00194351
 1612 -0.76 -0.845658 0.00194303
 1613 -0.84 -0.845654 0.00194183
 1614 -0.84 -0.845651 0.00194063
 1615 -0.84 -0.845647 0.00193943
 1616 -0.84 -0.845644 0.00193824
 1617 -0.84 -0.84564 0.00193704
 1618 -0.92 -0.845686 0.00193639
 1619 -0.92 -0.845732 0.00193574
 1620 -0.84 -0.845728 0.00193454
 1621 -0.92 -0.845774 0.00193389
 1622 -0.92 -0.84582 0.00193324
 1623 -0.84 -0.845816 0.00193205
 1624 -0.76 -0.845764 0.00193159
 1625 -0.84 -0.84576 0.0019304
 1626 -0.84 -0.845756 0.00192922
 1627 -0.92 -0.845802 0.00192857
 1628 -0.92 -0.845848 0.00192792
 1629 -0.92 -0.845893 0.00192728
 1630 -0.92 -0.845939 0.00192663
 1631 -0.92 -0.845984 0.00192598
 1632 -0.84 -0.84598 0.00192481
 1633 -0.84 -0.845977 0.00192363
 1634 -0.84 -0.845973 0.00192246
 1635 -0.84 -0.845969 0.00192129
 1636 -0.84 -0.845966 0.00192011
 1637 -0.84 -0.845962 0.00191894
 1638 -0.84 -0.845958 0.00191778
 1639 -0.68 -0.845857 0.00191928
 1640 -0.76 -0.845805 0.00191882
 1641 -0.76 -0.845753 0.00191836
 1642 -0.76 -0.8457 0.00191791
 1643 -0.76 -0.845648 0.00191745
 1644 -0.68 -0.845547 0.00191893
 1645 -0.68 -0.845447 0.0019204
 1646 -0.68 -0.845346 0.00192186
 1647 -0.68 -0.845246 0.00192332
 1648 -0.68 -0.845146 0.00192477
 1649 -0.76 -0.845094 0.00192429
 1650 -0.84 -0.845091 0.00192313
 1651 -0.84 -0.845088 0.00192196
 1652 -0.84 -0.845085 0.0019208
 1653 -0.84 -0.845082 0.00191964
 1654 -0.84 -0.845079 0.00191848
 1655 -0.84 -0.845076 0.00191733
 1656 -0.84 -0.845072 0.00191617
 1657 -0.84 -0.845069 0.00191502
 1658 -0.84 -0.845066 0.00191386
 1659 -0.84 -0.845063 0.00191271
 1660 -0.84 -0.84506 0.00191156
 1661 -0.84 -0.845057 0.00191041
 1662 -0.76 -0.845006 0.00190995
 1663 -0.76 -0.844955 0.00190949
 1664 -0.76 -0.844904 0.00190902
 1665 -0.76 -0.844853 0.00190855
 1666 -0.84 -0.84485 0.00190741
 1667 -0.76 -0.844799 0.00190695
 1668 -0.76 -0.844748 0.00190648
 1669 -0.84 -0.844745 0.00190534
 1670 -0.84 -0.844743 0.0019042
 1671 -0.84 -0.84474 0.00190306
 1672 -0.84 -0.844737 0.00190193
 1673 -0.84 -0.844734 0.00190079
 1674 -0.84 -0.844731 0.00189966
 1675 -0.84 -0.844728 0.00189853
 1676 -0.84 -0.844726 0.00189739
 1677 -0.84 -0.844723 0.00189626
 1678 -0.84 -0.84472 0.00189514
 1679 -0.84 -0.844717 0.00189401
 1680 -0.84 -0.844714 0.00189288
 1681 -0.84 -0.844711 0.00189176
 1682 -0.84 -0.844709 0.00189064
 1683 -0.84 -0.844706 0.00188951
 1684 -0.76 -0.844656 0.00188906
 1685 -0.76 -0.844605 0.00188861
 1686 -0.76 -0.844555 0.00188816
 1687 -0.84 -0.844552 0.00188704
 1688 -0.84 -0.84455 0.00188592
 1689 -0.84 -0.844547 0.00188481
 1690 -0.92 -0.844592 0.00188422
 1691 -0.92 -0.844636 0.00188363
 1692 -0.92 -0.844681 0.00188305
 1693 -0.92 -0.844725 0.00188246
 1694 -0.92 -0.84477 0.00188187
 1695 -0.76 -0.84472 0.00188143
 1696 -0.84 -0.844717 0.00188032
 1697 -0.84 -0.844714 0.00187921
 1698 -0.84 -0.844711 0.00187811
 1699 -0.76 -0.844662 0.00187766
 1700 -0.76 -0.844612 0.00187722
 1701 -0.84 -0.844609 0.00187612
 1702 -0.84 -0.844606 0.00187502
 1703 -0.76 -0.844557 0.00187457
 1704 -0.84 -0.844554 0.00187348
 1705 -0.76 -0.844504 0.00187303
 1706 -0.76 -0.844455 0.00187259
 1707 -0.76 -0.844405 0.00187215
 1708 -0.76 -0.844356 0.0018717
 1709 -0.76 -0.844307 0.00187126
 1710 -0.68 -0.844211 0.00187263
 1711 -0.76 -0.844161 0.00187218
 1712 -0.76 -0.844112 0.00187174
 1713 -0.76 -0.844063 0.00187129
 1714 -0.84 -0.844061 0.0018702
 1715 -0.84 -0.844058 0.00186911
 1716 -0.84 -0.844056 0.00186802
 1717 -0.76 -0.844007 0.00186757
 1718 -0.84 -0.844005 0.00186649
 1719 -0.76 -0.843956 0.00186604
 1720 -0.76 -0.843907 0.00186559
 1721 -0.76 -0.843858 0.00186515
 1722 -0.76 -0.84381 0.0018647
 1723 -0.76 -0.843761 0.00186425
 1724 -0.76 -0.843712 0.0018638
 1725 -0.76 -0.843664 0.00186335
 1726 -0.76 -0.843615 0.00186291
 1727 -0.76 -0.843567 0.00186246
 1728 -0.76 -0.843519 0.00186201
 1729 -0.6 -0.843378 0.00186625
 1730 -0.68 -0.843283 0.00186756
 1731 -0.76 -0.843235 0.0018671
 1732 -0.76 -0.843187 0.00186664
 1733 -0.84 -0.843185 0.00186557
 1734 -0.84 -0.843183 0.00186449
 1735 -0.84 -0.843182 0.00186342
 1736 -0.84 -0.84318 0.00186234
 1737 -0.84 -0.843178 0.00186127
 1738 -0.84 -0.843176 0.0018602
 1739 -0.92 -0.84322 0.00185966
 1740 -0.92 -0.843264 0.00185911
 1741 -0.84 -0.843262 0.00185804
 1742 -0.76 -0.843215 0.00185759
 1743 -0.84 -0.843213 0.00185653
 1744 -0.84 -0.843211 0.00185546
 1745 -0.84 -0.843209 0.0018544
 1746 -0.84 -0.843207 0.00185334
 1747 -0.76 -0.84316 0.00185289
 1748 -0.76 -0.843112 0.00185244
 1749 -0.76 -0.843065 0.00185199
 1750 -0.76 -0.843017 0.00185154
 1751 -0.76 -0.84297 0.00185109
 1752 -0.76 -0.842922 0.00185064
 1753 -0.76 -0.842875 0.00185019
 1754 -0.76 -0.842828 0.00184974
 1755 -0.76 -0.842781 0.00184928
 1756 -0.76 -0.842733 0.00184883
 1757 -0.84 -0.842732 0.00184778
 1758 -0.84 -0.84273 0.00184673
 1759 -0.84 -0.842729 0.00184568
 1760 -0.92 -0.842773 0.00184515
 1761 -0.92 -0.842817 0.00184463
 1762 -0.92 -0.84286 0.0018441
 1763 -0.92 -0.842904 0.00184357
 1764 -0.92 -0.842948 0.00184305
 1765 -0.92 -0.842992 0.00184252
 1766 -0.92 -0.843035 0.00184199
 1767 -0.92 -0.843079 0.00184146
 1768 -0.92 -0.843122 0.00184094
 1769 -0.92 -0.843166 0.00184041
 1770 -0.92 -0.843209 0.00183988
 1771 -0.84 -0.843207 0.00183884
 1772 -0.84 -0.843205 0.0018378
 1773 -0.84 -0.843204 0.00183677
 1774 -0.84 -0.843202 0.00183573
 1775 -0.76 -0.843155 0.0018353
 1776 -0.76 -0.843108 0.00183486
 1777 -0.76 -0.843061 0.00183443
 1778 -0.76 -0.843015 0.00183399
 1779 -0.92 -0.843058 0.00183347
 1780 -0.84 -0.843056 0.00183244
 1781 -0.84 -0.843054 0.00183141
 1782 -0.84 -0.843053 0.00183038
 1783 -0.84 -0.843051 0.00182936
 1784 -0.84 -0.843049 0.00182833
 1785 -0.84 -0.843048 0.00182731
 1786 -0.84 -0.843046 0.00182629
 1787 -0.84 -0.843044 0.00182526
 1788 -0.84 -0.843043 0.00182424
 1789 -0.84 -0.843041 0.00182322
 1790 -0.84 -0.843039 0.00182221
 1791 -0.84 -0.843037 0.00182119
 1792 -0.84 -0.843036 0.00182017
 1793 -0.84 -0.843034 0.00181916
 1794 -0.84 -0.843032 0.00181815
 1795 -0.84 -0.843031 0.00181713
 1796 -0.84 -0.843029 0.00181612
 1797 -0.84 -0.843027 0.00181511
 1798 -0.76 -0.842981 0.00181469
 1799 -0.76 -0.842935 0.00181427
 1800 -0.76 -0.842889 0.00181384
 1801 -0.76 -0.842843 0.00181342
 1802 -0.76 -0.842797 0.001813
 1803 -0.76 -0.842751 0.00181257
 1804 -0.84 -0.842749 0.00181157
 1805 -0.76 -0.842704 0.00181115
 1806 -0.76 -0.842658 0.00181072
 1807 -0.68 -0.842568 0.00181196
 1808 -0.68 -0.842478 0.00181318
 1809 -0.76 -0.842432 0.00181276
 1810 -0.76 -0.842387 0.00181233
 1811 -0.84 -0.842385 0.00181133
 1812 -0.84 -0.842384 0.00181033
 1813 -0.84 -0.842383 0.00180933
 1814 -0.84 -0.842381 0.00180833
 1815 -0.84 -0.84238 0.00180733
 1816 -0.84 -0.842379 0.00180634
 1817 -0.84 -0.842378 0.00180535
 1818 -0.84 -0.842376 0.00180435
 1819 -0.84 -0.842375 0.00180336
 1820 -0.84 -0.842374 0.00180237
 1821 -0.84 -0.842372 0.00180138
 1822 -0.84 -0.842371 0.00180039
 1823 -0.84 -0.84237 0.0017994
 1824 -0.76 -0.842325 0.00179898
 1825 -0.84 -0.842323 0.001798
 1826 -0.84 -0.842322 0.00179701
 1827 -0.84 -0.842321 0.00179603
 1828 -0.92 -0.842363 0.00179555
 1829 -0.92 -0.842406 0.00179507
 1830 -0.92 -0.842448 0.00179459
 1831 -0.84 -0.842447 0.00179361
 1832 -0.84 -0.842445 0.00179263
 1833 -0.84 -0.842444 0.00179165
 1834 -0.84 -0.842443 0.00179068
 1835 -0.84 -0.842441 0.0017897
 1836 -0.84 -0.84244 0.00178873
 1837 -0.84 -0.842439 0.00178775
 1838 -0.84 -0.842437 0.00178678
 1839 -0.76 -0.842393 0.00178637
 1840 -0.76 -0.842348 0.00178596
 1841 -0.76 -0.842303 0.00178555
 1842 -0.76 -0.842258 0.00178514
 1843 -0.76 -0.842214 0.00178473
 1844 -0.76 -0.842169 0.00178432
 1845 -0.76 -0.842125 0.00178391
 1846 -0.84 -0.842124 0.00178294
 1847 -0.92 -0.842166 0.00178248
 1848 -0.92 -0.842208 0.00178201
 1849 -0.84 -0.842207 0.00178105
 1850 -0.92 -0.842249 0.00178058
 1851 -0.92 -0.842291 0.00178011
 1852 -0.92 -0.842333 0.00177965
 1853 -0.92 -0.842375 0.00177918
 1854 -0.92 -0.842416 0.00177871
 1855 -0.84 -0.842415 0.00177775
 1856 -0.84 -0.842414 0.0017768
 1857 -0.84 -0.842412 0.00177584
 1858 -0.92 -0.842454 0.00177537
 1859 -0.92 -0.842496 0.00177491
 1860 -0.92 -0.842538 0.00177444
 1861 -0.92 -0.842579 0.00177398
 1862 -0.92 -0.842621 0.00177351
 1863 -0.84 -0.842619 0.00177256
 1864 -0.84 -0.842618 0.00177161
 1865 -0.76 -0.842574 0.00177122
 1866 -0.76 -0.842529 0.00177082
 1867 -0.76 -0.842485 0.00177042
 1868 -0.76 -0.842441 0.00177002
 1869 -0.76 -0.842397 0.00176963
 1870 -1 -0.842481 0.00177069
 1871 -1 -0.842565 0.00177174
 1872 -1 -0.84265 0.00177279
 1873 -1 -0.842734 0.00177384
 1874 -1 -0.842818 0.00177487
 1875 -1 -0.842901 0.00177591
 1876 -1 -0.842985 0.00177693
 1877 -1 -0.843069 0.00177796
 1878 -1 -0.843152 0.00177897
 1879 -1 -0.843236 0.00177998
 1880 -1 -0.843319 0.00178099
 1881 -1 -0.843402 0.00178199
 1882 -1 -0.843486 0.00178299
 1883 -1 -0.843569 0.00178398
 1884 -1 -0.843652 0.00178496
 1885 -1 -0.843735 0.00178594
 1886 -1 -0.843818 0.00178692
 1887 -1 -0.8439 0.00178789
 1888 -1 -0.843983 0.00178885
 1889 -1 -0.844066 0.00178981
 1890 -0.92 -0.844106 0.00178931
 1891 -1 -0.844188 0.00179027
 1892 -0.92 -0.844228 0.00178977
 1893 -0.92 -0.844268 0.00178927
 1894 -1 -0.844351 0.00179021
 1895 -1 -0.844433 0.00179115
 1896 -0.92 -0.844473 0.00179065
 1897 -1 -0.844555 0.00179159
 1898 -1 -0.844636 0.00179251
 1899 -0.92 -0.844676 0.00179201
 1900 -1 -0.844758 0.00179293
 1901 -1 -0.84484 0.00179385
 1902 -1 -0.844921 0.00179476
 1903 -0.92 -0.844961 0.00179425
 1904 -0.92 -0.845 0.00179374
 1905 -0.92 -0.845039 0.00179323
 1906 -0.92 -0.845079 0.00179272
 1907 -0.92 -0.845118 0.00179221
 1908 -0.92 -0.845157 0.0017917
 1909 -0.92 -0.845196 0.00179119
 1910 -0.92 -0.845236 0.00179068
 1911 -0.92 -0.845275 0.00179017
 1912 -0.84 -0.845272 0.00178924
 1913 -0.84 -0.845269 0.0017883
 1914 -0.76 -0.845225 0.00178792
 1915 -0.76 -0.84518 0.00178754
 1916 -0.76 -0.845136 0.00178716
 1917 -0.76 -0.845091 0.00178678
 1918 -0.76 -0.845047 0.0017864
 1919 -0.84 -0.845044 0.00178547
 1920 -0.84 -0.845042 0.00178454
 1921 -0.84 -0.845039 0.00178362
 1922 -0.84 -0.845036 0.00178269
 1923 -0.84 -0.845034 0.00178177
 1924 -0.84 -0.845031 0.00178084
 1925 -0.84 -0.845029 0.00177992
 1926 -0.92 -0.845067 0.00177942
 1927 -0.84 -0.845065 0.0017785
 1928 -0.84 -0.845062 0.00177758
 1929 -0.84 -0.84506 0.00177666
 1930 -0.84 -0.845057 0.00177574
 1931 -0.84 -0.845054 0.00177482
 1932 -0.84 -0.845052 0.0017739
 1933 -0.92 -0.845091 0.00177341
 1934 -0.92 -0.845129 0.00177292
 1935 -0.92 -0.845168 0.00177242
 1936 -0.92 -0.845207 0.00177193
 1937 -0.92 -0.845245 0.00177143
 1938 -0.92 -0.845284 0.00177094
 1939 -0.92 -0.845322 0.00177044
 1940 -0.84 -0.84532 0.00176953
 1941 -0.92 -0.845358 0.00176904
 1942 -0.92 -0.845396 0.00176855
 1943 -0.92 -0.845435 0.00176805
 1944 -0.92 -0.845473 0.00176756
 1945 -0.92 -0.845512 0.00176707
 1946 -0.92 -0.84555 0.00176657
 1947 -0.92 -0.845588 0.00176608
 1948 -0.84 -0.845585 0.00176518
 1949 -0.76 -0.845541 0.00176482
 1950 -0.84 -0.845538 0.00176391
 1951 -0.92 -0.845577 0.00176342
 1952 -0.92 -0.845615 0.00176293
 1953 -0.92 -0.845653 0.00176244
 1954 -0.92 -0.845691 0.00176195
 1955 -0.84 -0.845688 0.00176105
 1956 -0.84 -0.845685 0.00176015
 1957 -0.84 -0.845682 0.00175925
 1958 -0.76 -0.845638 0.0017589
 1959 -0.76 -0.845595 0.00175854
 1960 -0.76 -0.845551 0.00175819
 1961 -0.76 -0.845507 0.00175783
 1962 -0.76 -0.845464 0.00175748
 1963 -0.68 -0.84538 0.0017586
 1964 -0.76 -0.845336 0.00175825
 1965 -0.76 -0.845293 0.00175789
 1966 -0.76 -0.845249 0.00175753
 1967 -0.76 -0.845206 0.00175717
 1968 -0.68 -0.845122 0.00175828
 1969 -0.68 -0.845038 0.00175939
 1970 -0.68 -0.844954 0.00176049
 1971 -0.76 -0.844911 0.00176012
 1972 -0.76 -0.844868 0.00175976
 1973 -0.76 -0.844825 0.00175939
 1974 -0.76 -0.844782 0.00175902
 1975 -0.76 -0.844739 0.00175866
 1976 -0.76 -0.844696 0.00175829
 1977 -0.84 -0.844694 0.0017574
 1978 -0.84 -0.844692 0.00175652
 1979 -0.76 -0.844649 0.00175615
 1980 -0.76 -0.844606 0.00175578
 1981 -0.92 -0.844644 0.00175531
 1982 -0.92 -0.844682 0.00175483
 1983 -0.92 -0.84472 0.00175436
 1984 -0.92 -0.844758 0.00175389
 1985 -0.92 -0.844796 0.00175341
 1986 -0.92 -0.844834 0.00175294
 1987 -0.92 -0.844872 0.00175246
 1988 -0.84 -0.844869 0.00175158
 1989 -0.92 -0.844907 0.00175111
 1990 -0.92 -0.844945 0.00175064
 1991 -1 -0.845023 0.00175149
 1992 -1 -0.8451 0.00175234
 1993 -1 -0.845178 0.00175318
 1994 -1 -0.845256 0.00175402
 1995 -0.84 -0.845253 0.00175315
 1996 -0.84 -0.845251 0.00175227
 1997 -0.84 -0.845248 0.00175139
 1998 -0.84 -0.845245 0.00175052
 1999 -0.92 -0.845283 0.00175004
 2000 -0.92 -0.84532 0.00174957
