 1 0.64 0.64 0
 2 0.56 0.6 0.04
 3 0.48 0.56 0.046188
 4 0.56 0.56 0.0326599
 5 0.52 0.552 0.026533
 6 0.56 0.553333 0.0217051
 7 0.56 0.554286 0.0183689
 8 0.52 0.55 0.0164751
 9 0.6 0.555556 0.0155556
 10 0.64 0.564 0.0162754
 11 0.68 0.574545 0.0181089
 12 0.76 0.59 0.0226301
 13 0.72 0.6 0.023094
 14 0.76 0.611429 0.0242437
 15 0.72 0.618667 0.0237019
 16 0.68 0.6225 0.0225
 17 0.6 0.621176 0.0211765
 18 0.52 0.615556 0.0207415
 19 0.48 0.608421 0.0208765
 20 0.36 0.596 0.0233779
 21 0.32 0.582857 0.0258304
 22 0.52 0.58 0.0247935
 23 0.48 0.575652 0.0240867
 24 0.52 0.573333 0.0231775
 25 0.56 0.5728 0.0222375
 26 0.4 0.566154 0.022375
 27 0.44 0.561481 0.0220315
 28 0.52 0.56 0.0212817
 29 0.56 0.56 0.0205347
 30 0.48 0.557333 0.0200169
 31 0.52 0.556129 0.0193978
 32 0.56 0.55625 0.0187822
 33 0.52 0.555152 0.0182373
 34 0.32 0.548235 0.0189965
 35 0.12 0.536 0.0221348
 36 0.04 0.522222 0.0255452
 37 0.16 0.512432 0.0267044
 38 0.2 0.504211 0.0272615
 39 0.36 0.500513 0.0268095
 40 0.36 0.497 0.0263658
 41 0.4 0.494634 0.0258233
 42 0.36 0.491429 0.025404
 43 0.28 0.486512 0.0252888
 44 0.32 0.482727 0.0249955
 45 0.28 0.478222 0.0248456
 46 0.32 0.474783 0.0245417
 47 0.08 0.466383 0.0254405
 48 -0.04 0.455833 0.0270471
 49 -0.16 0.443265 0.0293196
 50 -0.2 0.4304 0.0314765
 51 -0.16 0.418824 0.0329535
 52 -0.2 0.406923 0.0344353
 53 -0.4 0.391698 0.0370519
 54 -0.32 0.378519 0.0386742
 55 -0.24 0.367273 0.0395951
 56 -0.28 0.355714 0.0405633
 57 -0.4 0.342456 0.0419932
 58 -0.44 0.328966 0.0434122
 59 -0.52 0.314576 0.0450309
 60 -0.4 0.302667 0.0458479
 61 -0.36 0.291803 0.0463802
 62 -0.36 0.28129 0.0468215
 63 -0.32 0.271746 0.0470505
 64 -0.32 0.2625 0.0472235
 65 -0.4 0.252308 0.0475954
 66 -0.36 0.24303 0.0477781
 67 -0.4 0.233433 0.0480283
 68 -0.4 0.224118 0.048225
 69 -0.4 0.215072 0.0483741
 70 -0.4 0.206286 0.0484809
 71 -0.4 0.197746 0.0485501
 72 -0.36 0.19 0.0484937
 73 -0.36 0.182466 0.0484147
 74 -0.36 0.175135 0.0483153
 75 -0.32 0.168533 0.0481217
 76 -0.32 0.162105 0.0479174
 77 -0.4 0.154805 0.0478512
 78 -0.32 0.148718 0.0476243
 79 -0.36 0.142278 0.0474566
 80 -0.4 0.1355 0.0473473
 81 -0.28 0.13037 0.0470397
 82 -0.36 0.12439 0.0468457
 83 -0.32 0.119036 0.0465866
 84 -0.32 0.11381 0.0463244
 85 -0.4 0.107765 0.0461736
 86 -0.48 0.10093 0.0461425
 87 -0.48 0.0942529 0.0460952
 88 -0.36 0.0890909 0.0458598
 89 -0.24 0.0853933 0.0454922
 90 -0.08 0.0835556 0.0450214
 91 -0.12 0.0813187 0.04458
 92 -0.12 0.0791304 0.0441471
 93 -0.12 0.0769892 0.0437223
 94 -0.2 0.0740426 0.0433549
 95 -0.32 0.0698947 0.0430962
 96 -0.32 0.0658333 0.0428378
 97 -0.32 0.0618557 0.0425801
 98 -0.24 0.0587755 0.0422558
 99 -0.2 0.0561616 0.0419084
 100 -0.2 0.0536 0.0415662
 101 -0.16 0.0514851 0.0412069
 102 -0.32 0.0478431 0.0409631
 103 -0.28 0.0446602 0.0406882
 104 -0.32 0.0411538 0.0404473
 105 -0.4 0.0369524 0.04028
 106 -0.4 0.0328302 0.0401105
 107 -0.4 0.028785 0.0399393
 108 -0.28 0.0259259 0.0396709
 109 -0.28 0.0231193 0.0394053
 110 -0.24 0.0207273 0.0391187
 111 -0.2 0.0187387 0.0388156
 112 -0.16 0.0171429 0.0385006
 113 -0.08 0.0162832 0.038168
 114 -0.08 0.0154386 0.0378412
 115 0.04 0.0156522 0.0375113
 116 0.04 0.0158621 0.0371871
 117 0.08 0.0164103 0.036872
 118 0.16 0.0176271 0.0365784
 119 0.08 0.0181513 0.0362735
 120 0.2 0.0196667 0.0360019
 121 0.16 0.0208264 0.0357219
 122 0.24 0.022623 0.0354734
 123 0.2 0.024065 0.0352134
 124 0.28 0.026129 0.0349892
 125 0.24 0.02784 0.0347503
 126 0.36 0.0304762 0.034574
 127 0.28 0.0324409 0.0343569
 128 0.12 0.033125 0.0340943
 129 0.16 0.0341085 0.0338433
 130 0.28 0.036 0.0336352
 131 0.28 0.0378626 0.0334294
 132 0.32 0.04 0.0332439
 133 0.48 0.0433083 0.0331585
 134 0.56 0.0471642 0.0331352
 135 0.6 0.0512593 0.0331428
 136 0.72 0.0561765 0.0332637
 137 0.72 0.0610219 0.0333736
 138 0.72 0.0657971 0.0334732
 139 0.76 0.0707914 0.0336047
 140 0.88 0.0765714 0.0338608
 141 0.96 0.0828369 0.0341986
 142 0.96 0.0890141 0.0345142
 143 1 0.0953846 0.0348591
 144 1 0.101667 0.0351816
 145 1 0.107862 0.0354831
 146 1 0.113973 0.0357651
 147 1 0.12 0.0360288
 148 1 0.125946 0.0362751
 149 1 0.131812 0.0365052
 150 1 0.1376 0.0367201
 151 1 0.143311 0.0369205
 152 0.96 0.148684 0.0370683
 153 0.92 0.153725 0.0371687
 154 0.84 0.158182 0.0371944
 155 0.84 0.162581 0.0372146
 156 0.8 0.166667 0.0372003
 157 0.92 0.171465 0.0372728
 158 0.96 0.176456 0.0373709
 159 1 0.181635 0.0374946
 160 1 0.18675 0.0376089
 161 0.92 0.191304 0.0376511
 162 0.96 0.196049 0.0377176
 163 1 0.200982 0.0378086
 164 0.96 0.20561 0.0378613
 165 0.92 0.209939 0.0378793
 166 0.84 0.213735 0.0378413
 167 0.88 0.217725 0.037825
 168 0.88 0.221667 0.0378053
 169 0.88 0.225562 0.0377823
 170 0.84 0.229176 0.0377329
 171 0.92 0.233216 0.0377285
 172 0.96 0.237442 0.0377457
 173 0.92 0.241387 0.0377338
 174 1 0.245747 0.0377687
 175 1 0.250057 0.0377988
 176 1 0.254318 0.0378242
 177 1 0.258531 0.0378451
 178 1 0.262697 0.0378618
 179 1 0.266816 0.0378743
 180 1 0.270889 0.0378829
 181 0.92 0.274475 0.0378434
 182 0.84 0.277582 0.0377629
 183 0.8 0.280437 0.0376643
 184 0.84 0.283478 0.0375823
 185 0.88 0.286703 0.0375174
 186 0.88 0.289892 0.0374513
 187 0.8 0.29262 0.0373502
 188 0.88 0.295745 0.0372822
 189 0.92 0.299048 0.0372312
 190 0.92 0.302316 0.0371786
 191 1 0.305969 0.0371634
 192 1 0.309583 0.0371456
 193 0.96 0.312953 0.037106
 194 0.92 0.316082 0.0370466
 195 0.8 0.318564 0.0369396
 196 0.92 0.321633 0.0368786
 197 0.96 0.324873 0.0368337
 198 0.88 0.327677 0.0367543
 199 0.8 0.33005 0.0366461
 200 0.8 0.3324 0.036538
 201 0.76 0.334527 0.036418
 202 0.76 0.336634 0.0362984
 203 0.88 0.33931 0.0362182
 204 0.92 0.342157 0.0361524
 205 0.88 0.34478 0.0360712
 206 0.84 0.347184 0.0359761
 207 0.84 0.349565 0.0358809
 208 0.84 0.351923 0.0357858
 209 0.88 0.35445 0.0357037
 210 0.88 0.356952 0.0356212
 211 0.88 0.359431 0.0355386
 212 0.84 0.361698 0.0354431
 213 0.84 0.363944 0.0353477
 214 0.8 0.365981 0.0352411
 215 0.84 0.368186 0.035146
 216 0.88 0.370556 0.0350631
 217 0.88 0.372903 0.03498
 218 0.88 0.375229 0.0348968
 219 0.96 0.3779 0.0348396
 220 1 0.380727 0.0347959
 221 1 0.383529 0.0347513
 222 1 0.386306 0.0347057
 223 0.96 0.388879 0.0346453
 224 1 0.391607 0.0345981
 225 1 0.394311 0.0345499
 226 1 0.396991 0.034501
 227 1 0.399648 0.0344512
 228 1 0.402281 0.0344007
 229 0.92 0.404541 0.0343247
 230 0.96 0.406957 0.0342603
 231 1 0.409524 0.0342082
 232 1 0.412069 0.0341554
 233 1 0.414592 0.0341019
 234 1 0.417094 0.0340479
 235 1 0.419574 0.0339933
 236 1 0.422034 0.0339382
 237 1 0.424473 0.0338826
 238 1 0.426891 0.0338265
 239 1 0.429289 0.0337699
 240 0.96 0.4315 0.0337015
 241 0.92 0.433527 0.0336225
 242 0.92 0.435537 0.0335436
 243 0.92 0.437531 0.0334647
 244 1 0.439836 0.0334069
 245 1 0.442122 0.0333488
 246 0.84 0.44374 0.0332523
 247 0.92 0.445668 0.0331735
 248 0.88 0.447419 0.0330858
 249 0.92 0.449317 0.0330073
 250 0.88 0.45104 0.0329201
 251 1 0.453227 0.0328615
 252 1 0.455397 0.0328027
 253 1 0.457549 0.0327436
 254 1 0.459685 0.0326843
 255 1 0.461804 0.0326248
 256 1 0.463906 0.032565
 257 1 0.465992 0.032505
 258 1 0.468062 0.0324449
 259 1 0.470116 0.0323846
 260 0.96 0.472 0.0323148
 261 0.92 0.473716 0.0322364
 262 0.92 0.47542 0.0321583
 263 0.92 0.47711 0.0320804
 264 0.92 0.478788 0.0320026
 265 0.84 0.480151 0.0319108
 266 0.72 0.481053 0.0318033
 267 0.72 0.481948 0.0316966
 268 0.8 0.483134 0.0316004
 269 0.88 0.48461 0.0315173
 270 0.88 0.486074 0.0314345
 271 0.92 0.487675 0.0313592
 272 0.92 0.489265 0.0312841
 273 0.84 0.490549 0.0311957
 274 0.84 0.491825 0.0311078
 275 0.8 0.492945 0.0310148
 276 0.8 0.494058 0.0309222
 277 0.76 0.495018 0.0308253
 278 0.8 0.496115 0.0307338
 279 0.8 0.497204 0.0306428
 280 0.76 0.498143 0.0305476
 281 0.72 0.498932 0.030449
 282 0.6 0.499291 0.0303429
 283 0.56 0.499505 0.0302363
 284 0.4 0.499155 0.0301316
 285 0.36 0.498667 0.0300297
 286 0.48 0.498601 0.0299246
 287 0.36 0.498118 0.029824
 288 0.24 0.497222 0.0297338
 289 0.28 0.496471 0.0296403
 290 0.36 0.496 0.0295417
 291 0.44 0.495808 0.0294406
 292 0.48 0.495753 0.0293396
 293 0.56 0.495973 0.0292402
 294 0.72 0.496735 0.0291505
 295 0.72 0.497492 0.0290614
 296 0.8 0.498514 0.028981
 297 0.72 0.499259 0.0288929
 298 0.8 0.500268 0.0288135
 299 0.8 0.501271 0.0287344
 300 0.8 0.502267 0.0286558
 301 0.76 0.503123 0.0285733
 302 0.8 0.504106 0.0284955
 303 0.8 0.505083 0.0284181
 304 0.84 0.506184 0.0283458
 305 0.8 0.507148 0.0282692
 306 0.76 0.507974 0.0281888
 307 0.88 0.509186 0.0281229
 308 1 0.510779 0.0280767
 309 1 0.512362 0.0280304
 310 0.92 0.513677 0.0279708
 311 0.88 0.514855 0.0279056
 312 0.84 0.515897 0.0278355
 313 0.92 0.517188 0.0277765
 314 0.92 0.518471 0.0277176
 315 0.96 0.519873 0.027665
 316 0.96 0.521266 0.0276124
 317 0.96 0.52265 0.02756
 318 1 0.524151 0.0275141
 319 1 0.525643 0.0274683
 320 1 0.527125 0.0274224
 321 1 0.528598 0.0273765
 322 1 0.530062 0.0273306
 323 1 0.531517 0.0272847
 324 1 0.532963 0.0272387
 325 0.96 0.534277 0.0271866
 326 0.84 0.535215 0.0271193
 327 0.8 0.536024 0.0270483
 328 0.76 0.536707 0.0269744
 329 0.72 0.537264 0.026898
 330 0.72 0.537818 0.0268221
 331 0.84 0.538731 0.0267565
 332 0.76 0.539398 0.0266841
 333 0.68 0.53982 0.0266072
 334 0.76 0.540479 0.0265356
 335 0.68 0.540896 0.0264596
 336 0.56 0.540952 0.0263808
 337 0.36 0.540415 0.0263079
 338 0.36 0.539882 0.0262354
 339 0.48 0.539705 0.0261584
 340 0.4 0.539294 0.0260846
 341 0.4 0.538886 0.0260112
 342 0.28 0.538129 0.0259461
 343 0.12 0.53691 0.0258991
 344 0.16 0.535814 0.0258469
 345 0.16 0.534725 0.0257949
 346 0.28 0.533988 0.0257308
 347 0.4 0.533602 0.0256594
 348 0.52 0.533563 0.0255856
 349 0.4 0.533181 0.025515
 350 0.44 0.532914 0.0254434
 351 0.28 0.532194 0.0253811
 352 0.28 0.531477 0.025319
 353 0.36 0.530992 0.0252518
 354 0.44 0.530734 0.0251817
 355 0.44 0.530479 0.025112
 356 0.4 0.530112 0.025044
 357 0.36 0.529636 0.0249783
 358 0.44 0.529385 0.0249097
 359 0.36 0.528914 0.0248447
 360 0.4 0.528556 0.0247782
 361 0.4 0.528199 0.024712
 362 0.36 0.527735 0.024648
 363 0.28 0.527052 0.0245895
 364 0.28 0.526374 0.0245313
 365 0.4 0.526027 0.0244664
 366 0.44 0.525792 0.0244006
 367 0.32 0.525232 0.0243405
 368 0.2 0.524348 0.0242903
 369 0.08 0.523144 0.0242543
 370 0.12 0.522054 0.0242132
 371 0.12 0.52097 0.0241722
 372 0.36 0.520538 0.024111
 373 0.32 0.52 0.0240523
 374 0.28 0.519358 0.0239965
 375 0.32 0.518827 0.0239383
 376 0.28 0.518191 0.023883
 377 0.2 0.517347 0.0238345
 378 0.2 0.516508 0.0237862
 379 0.2 0.515673 0.023738
 380 0.24 0.514947 0.0236866
 381 0.28 0.514331 0.0236324
 382 0.24 0.513613 0.0235814
 383 0.36 0.513211 0.0235231
 384 0.32 0.512708 0.0234672
 385 0.4 0.512416 0.023408
 386 0.4 0.512124 0.0233491
 387 0.2 0.511318 0.0233026
 388 0.16 0.510412 0.0232601
 389 0.12 0.509409 0.023222
 390 0 0.508103 0.0231991
 391 -0.16 0.506394 0.0232027
 392 -0.16 0.504694 0.0232058
 393 -0.16 0.503003 0.0232084
 394 0 0.501726 0.0231846
 395 -0.12 0.500152 0.0231793
 396 -0.12 0.498586 0.0231737
 397 -0.16 0.496927 0.0231747
 398 -0.04 0.495578 0.0231557
 399 -0.04 0.494236 0.0231366
 400 0.08 0.4932 0.0231019
 401 0.2 0.492469 0.0230558
 402 0.44 0.492338 0.0229988
 403 0.32 0.491911 0.0229456
 404 0.16 0.491089 0.0229035
 405 0.36 0.490765 0.0228492
 406 0.36 0.490443 0.0227951
 407 0.28 0.489926 0.0227449
 408 0.08 0.488922 0.0227113
 409 0.28 0.488411 0.0226615
 410 0.28 0.487902 0.0226119
 411 0.16 0.487105 0.0225709
 412 -0.04 0.485825 0.0225523
 413 -0.08 0.484455 0.0225393
 414 -0.08 0.483092 0.0225261
 415 0.04 0.482024 0.0224971
 416 0.08 0.481058 0.0224638
 417 0.16 0.480288 0.0224231
 418 0.32 0.479904 0.0223727
 419 0.36 0.479618 0.022321
 420 0.4 0.479429 0.0222686
 421 0.32 0.47905 0.0222189
 422 0.32 0.478673 0.0221694
 423 0.32 0.478298 0.0221201
 424 0.28 0.47783 0.0220728
 425 0.32 0.477459 0.022024
 426 0.32 0.477089 0.0219753
 427 0.24 0.476534 0.0219308
 428 0.12 0.475701 0.0218954
 429 0.04 0.474685 0.0218679
 430 0.08 0.473767 0.0218362
 431 -0.04 0.472575 0.0218181
 432 0.04 0.471574 0.0217906
 433 0.12 0.470762 0.0217553
 434 0.08 0.469862 0.0217238
 435 0.12 0.469057 0.0216887
 436 0.12 0.468257 0.0216537
 437 0 0.467185 0.0216307
 438 0 0.466119 0.0216076
 439 -0.04 0.464966 0.0215891
 440 0.04 0.464 0.0215616
 441 0.12 0.46322 0.0215268
 442 0.24 0.462715 0.021484
 443 0.32 0.462393 0.0214379
 444 0.32 0.462072 0.0213919
 445 0.32 0.461753 0.0213462
 446 0.32 0.461435 0.0213007
 447 0.32 0.461119 0.0212553
 448 0.32 0.460804 0.0212102
 449 0.12 0.460045 0.0211765
 450 0.12 0.459289 0.0211429
 451 0.12 0.458537 0.0211093
 452 -0.04 0.457434 0.0210915
 453 -0.04 0.456336 0.0210735
 454 -0.04 0.455242 0.0210554
 455 0 0.454242 0.0210329
 456 -0.2 0.452807 0.0210357
 457 0.04 0.451904 0.021009
 458 -0.08 0.450742 0.0209953
 459 -0.28 0.44915 0.0210099
 460 -0.32 0.447478 0.0210307
 461 -0.32 0.445813 0.021051
 462 -0.28 0.444242 0.0210641
 463 -0.4 0.442419 0.0210975
 464 -0.56 0.440259 0.0211625
 465 -0.52 0.438194 0.0212177
 466 -0.44 0.436309 0.0212558
 467 -0.64 0.434004 0.0213351
 468 -0.64 0.431709 0.0214128
 469 -0.64 0.429424 0.0214889
 470 -0.76 0.426894 0.021592
 471 -0.84 0.424204 0.0217133
 472 -0.88 0.421441 0.0218427
 473 -0.84 0.418774 0.0219591
 474 -0.8 0.416203 0.022063
 475 -0.8 0.413642 0.0221649
 476 -0.72 0.411261 0.0222461
 477 -0.68 0.408973 0.022317
 478 -0.64 0.406778 0.0223782
 479 -0.48 0.404927 0.022408
 480 -0.44 0.403167 0.0224304
 481 -0.4 0.401497 0.022446
 482 -0.44 0.399751 0.0224673
 483 -0.48 0.39793 0.0224946
 484 -0.2 0.396694 0.022482
 485 -0.32 0.395216 0.0224842
 486 -0.2 0.393992 0.0224713
 487 -0.24 0.39269 0.0224629
 488 -0.24 0.391393 0.0224543
 489 -0.16 0.390266 0.0224366
 490 -0.16 0.389143 0.022419
 491 -0.16 0.388024 0.0224012
 492 -0.04 0.387154 0.0223725
 493 -0.12 0.386126 0.0223508
 494 -0.08 0.385182 0.0223254
 495 -0.2 0.384 0.0223116
 496 -0.12 0.382984 0.0222898
 497 -0.12 0.381972 0.0222679
 498 -0.04 0.381124 0.0222393
 499 -0.08 0.3802 0.0222139
 500 -0.28 0.37888 0.0222087
 501 -0.24 0.377645 0.0221987
 502 -0.2 0.376494 0.0221843
 503 -0.12 0.375507 0.0221622
 504 -0.12 0.374524 0.02214
 505 -0.12 0.373545 0.0221178
 506 -0.16 0.37249 0.0220992
 507 -0.08 0.371598 0.0220736
 508 0 0.370866 0.0220423
 509 -0.16 0.369823 0.0220237
 510 -0.24 0.368627 0.0220129
 511 -0.32 0.36728 0.0220111
 512 0 0.366563 0.0219798
 513 0.04 0.365926 0.0219461
 514 0.12 0.365447 0.0219086
 515 0.12 0.364971 0.0218712
 516 0.08 0.364419 0.0218358
 517 0.08 0.363868 0.0218004
 518 0.08 0.36332 0.0217652
 519 0.08 0.362775 0.0217301
 520 0.08 0.362231 0.0216951
 521 0.04 0.361612 0.0216622
 522 0.04 0.360996 0.0216295
 523 0.04 0.360382 0.0215968
 524 0 0.359695 0.0215665
 525 0.04 0.359086 0.021534
 526 -0.08 0.358251 0.0215092
 527 -0.12 0.357343 0.0214876
 528 -0.12 0.356439 0.0214659
 529 -0.08 0.355614 0.0214411
 530 -0.08 0.354792 0.0214164
 531 0 0.354124 0.0213865
 532 -0.08 0.353308 0.0213618
 533 -0.08 0.352495 0.0213372
 534 -0.12 0.35161 0.0213156
 535 -0.12 0.350729 0.021294
 536 -0.12 0.349851 0.0212723
 537 -0.16 0.348901 0.0212539
 538 -0.12 0.34803 0.0212323
 539 -0.08 0.347236 0.0212077
 540 -0.16 0.346296 0.0211892
 541 -0.2 0.345287 0.0211741
 542 -0.16 0.344354 0.0211556
 543 -0.16 0.343425 0.021137
 544 -0.08 0.342647 0.0211124
 545 -0.08 0.341872 0.0210879
 546 -0.32 0.340659 0.0210841
 547 -0.36 0.339378 0.0210845
 548 -0.36 0.338102 0.0210847
 549 -0.32 0.336903 0.0210803
 550 -0.32 0.335709 0.0210758
 551 -0.32 0.334519 0.0210712
 552 -0.16 0.333623 0.021052
 553 -0.2 0.332658 0.0210361
 554 -0.16 0.331769 0.0210169
 555 -0.16 0.330883 0.0209977
 556 -0.28 0.329784 0.0209887
 557 -0.28 0.328689 0.0209796
 558 -0.16 0.327814 0.0209602
 559 -0.28 0.326726 0.0209509
 560 -0.32 0.325571 0.0209453
 561 -0.28 0.324492 0.0209358
 562 -0.12 0.323701 0.0209135
 563 0 0.323126 0.0208842
 564 0.04 0.322624 0.0208532
 565 0.36 0.32269 0.0208164
 566 0.16 0.322403 0.0207816
 567 0.24 0.322257 0.0207454
 568 0.4 0.322394 0.0207093
 569 0.28 0.32232 0.020673
 570 0.16 0.322035 0.0206387
 571 0.2 0.321821 0.0206036
 572 0.28 0.321748 0.0205677
 573 0.4 0.321885 0.0205322
 574 0.36 0.321951 0.0204965
 575 0.4 0.322087 0.0204613
 576 0.36 0.322153 0.0204258
 577 0.48 0.322426 0.0203922
 578 0.44 0.32263 0.0203579
 579 0.56 0.32304 0.0203269
 580 0.56 0.323448 0.0202959
 581 0.48 0.323718 0.0202627
 582 0.52 0.324055 0.0202307
 583 0.32 0.324048 0.020196
 584 0.36 0.32411 0.0201615
 585 0.44 0.324308 0.0201279
 586 0.4 0.324437 0.020094
 587 0.32 0.324429 0.0200597
 588 0.36 0.32449 0.0200257
 589 0.56 0.32489 0.0199956
 590 0.56 0.325288 0.0199657
 591 0.64 0.325821 0.019939
 592 0.64 0.326351 0.0199124
 593 0.56 0.326745 0.0198827
 594 0.4 0.326869 0.0198495
 595 0.44 0.327059 0.0198171
 596 0.48 0.327315 0.0197854
 597 0.48 0.327571 0.0197539
 598 0.48 0.327826 0.0197225
 599 0.52 0.328147 0.0196922
 600 0.6 0.3286 0.0196646
 601 0.72 0.329251 0.0196426
 602 0.6 0.329701 0.0196151
 603 0.64 0.330216 0.0195893
 604 0.56 0.330596 0.0195605
 605 0.6 0.331041 0.0195333
 606 0.52 0.331353 0.0195035
 607 0.76 0.332059 0.0194841
 608 0.84 0.332895 0.01947
 609 0.84 0.333727 0.0194558
 610 0.88 0.334623 0.0194445
 611 0.92 0.335581 0.0194363
 612 0.96 0.336601 0.0194313
 613 1 0.337684 0.0194298
 614 1 0.338762 0.0194281
 615 1 0.339837 0.0194262
 616 1 0.340909 0.0194243
 617 0.96 0.341912 0.0194187
 618 1 0.342977 0.0194165
 619 0.92 0.34391 0.0194075
 620 0.92 0.344839 0.0193984
 621 0.92 0.345765 0.0193893
 622 0.88 0.346624 0.0193771
 623 0.92 0.347544 0.0193679
 624 0.92 0.348462 0.0193586
 625 1 0.349504 0.0193557
 626 1 0.350543 0.0193526
 627 1 0.351579 0.0193495
 628 0.96 0.352548 0.0193429
 629 1 0.353577 0.0193396
 630 1 0.354603 0.0193361
 631 0.88 0.355436 0.0193234
 632 0.88 0.356266 0.0193106
 633 0.92 0.357156 0.0193006
 634 0.88 0.357981 0.0192878
 635 0.8 0.358677 0.01927
 636 0.84 0.359434 0.0192546
 637 0.8 0.360126 0.0192367
 638 0.88 0.36094 0.0192238
 639 0.92 0.361815 0.0192137
 640 0.96 0.36275 0.0192064
 641 0.96 0.363682 0.019199
 642 1 0.364673 0.0191947
 643 1 0.365661 0.0191903
 644 1 0.366646 0.0191857
 645 1 0.367628 0.0191811
 646 1 0.368607 0.0191764
 647 1 0.369583 0.0191716
 648 1 0.370556 0.0191667
 649 1 0.371525 0.0191617
 650 1 0.372492 0.0191566
 651 0.96 0.373395 0.0191485
 652 0.88 0.374172 0.0191348
 653 0.92 0.375008 0.0191238
 654 1 0.375963 0.0191184
 655 1 0.376916 0.019113
 656 1 0.377866 0.0191074
 657 1 0.378813 0.0191018
 658 1 0.379757 0.0190961
 659 1 0.380698 0.0190903
 660 1 0.381636 0.0190845
 661 1 0.382572 0.0190785
 662 1 0.383505 0.0190725
 663 1 0.384434 0.0190664
 664 1 0.385361 0.0190602
 665 1 0.386286 0.019054
 666 1 0.387207 0.0190476
 667 1 0.388126 0.0190412
 668 1 0.389042 0.0190348
 669 1 0.389955 0.0190282
 670 0.92 0.390746 0.0190163
 671 0.8 0.391356 0.0189977
 672 0.72 0.391845 0.0189757
 673 0.76 0.392392 0.0189554
 674 0.8 0.392997 0.0189369
 675 0.76 0.393541 0.0189166
 676 0.8 0.394142 0.0188982
 677 0.76 0.394682 0.018878
 678 0.8 0.39528 0.0188596
 679 0.72 0.395758 0.0188379
 680 0.6 0.396059 0.0188126
 681 0.56 0.3963 0.0187865
 682 0.44 0.396364 0.018759
 683 0.36 0.39631 0.0187316
 684 0.28 0.39614 0.018705
 685 0.24 0.395912 0.018679
 686 0.24 0.395685 0.0186532
 687 0.48 0.395808 0.0186264
 688 0.48 0.39593 0.0185997
 689 0.64 0.396284 0.0185761
 690 0.64 0.396638 0.0185525
 691 0.84 0.397279 0.0185367
 692 0.92 0.398035 0.0185253
 693 0.96 0.398846 0.0185163
 694 0.88 0.399539 0.0185026
 695 0.96 0.400345 0.0184936
 696 0.96 0.401149 0.0184845
 697 1 0.402009 0.0184779
 698 1 0.402865 0.0184713
 699 1 0.40372 0.0184647
 700 0.96 0.404514 0.0184554
 701 0.84 0.405136 0.0184395
 702 0.76 0.405641 0.0184202
 703 0.84 0.406259 0.0184043
 704 0.76 0.406761 0.018385
 705 0.76 0.407262 0.0183658
 706 0.64 0.407592 0.0183427
 707 0.44 0.407638 0.0183168
 708 0.36 0.407571 0.018291
 709 0.4 0.40756 0.0182652
 710 0.36 0.407493 0.0182396
 711 0.36 0.407426 0.018214
 712 0.32 0.407303 0.0181888
 713 0.36 0.407237 0.0181634
 714 0.48 0.407339 0.0181383
 715 0.48 0.407441 0.0181132
 716 0.56 0.407654 0.0180891
 717 0.4 0.407643 0.0180639
 718 0.44 0.407688 0.0180387
 719 0.56 0.4079 0.0180149
 720 0.64 0.408222 0.0179927
 721 0.68 0.408599 0.0179717
 722 0.8 0.409141 0.017955
 723 0.76 0.409627 0.0179367
 724 0.8 0.410166 0.01792
 725 0.8 0.410703 0.0179034
 726 0.8 0.41124 0.0178867
 727 0.68 0.411609 0.0178659
 728 0.8 0.412143 0.0178494
 729 0.96 0.412894 0.0178407
 730 1 0.413699 0.0178344
 731 0.96 0.414446 0.0178256
 732 0.84 0.415027 0.0178108
 733 0.84 0.415607 0.0177959
 734 0.8 0.416131 0.0177793
 735 0.88 0.416762 0.0177663
 736 0.88 0.417391 0.0177534
 737 0.76 0.417856 0.0177353
 738 0.76 0.41832 0.0177174
 739 0.76 0.418782 0.0176994
 740 0.84 0.419351 0.0176846
 741 0.8 0.419865 0.0176682
 742 0.8 0.420377 0.0176518
 743 0.84 0.420942 0.0176371
 744 0.84 0.421505 0.0176224
 745 0.96 0.422228 0.0176136
 746 1 0.423003 0.017607
 747 1 0.423775 0.0176003
 748 1 0.424545 0.0175937
 749 1 0.425314 0.017587
 750 0.96 0.426027 0.017578
 751 1 0.426791 0.0175712
 752 0.92 0.427447 0.01756
 753 0.92 0.428101 0.0175489
 754 0.88 0.4287 0.0175358
 755 0.8 0.429192 0.0175195
 756 0.88 0.429788 0.0175065
 757 0.88 0.430383 0.0174934
 758 0.92 0.431029 0.0174823
 759 0.96 0.431726 0.0174731
 760 1 0.432474 0.0174662
 761 1 0.433219 0.0174591
 762 1 0.433963 0.0174521
 763 0.96 0.434653 0.0174428
 764 1 0.435393 0.0174357
 765 0.96 0.436078 0.0174263
 766 0.92 0.43671 0.017415
 767 0.92 0.43734 0.0174037
 768 1 0.438073 0.0173965
 769 0.96 0.438752 0.0173871
 770 1 0.439481 0.0173798
 771 1 0.440208 0.0173725
 772 1 0.440933 0.0173651
 773 1 0.441656 0.0173577
 774 1 0.442377 0.0173503
 775 1 0.443097 0.0173428
 776 0.96 0.443763 0.0173332
 777 0.96 0.444427 0.0173236
 778 0.92 0.445039 0.0173122
 779 0.96 0.4457 0.0173026
 780 1 0.44641 0.017295
 781 0.96 0.447068 0.0172853
 782 0.96 0.447724 0.0172757
 783 1 0.448429 0.017268
 784 0.96 0.449082 0.0172583
 785 0.88 0.449631 0.017245
 786 0.72 0.449975 0.0172265
 787 0.6 0.450165 0.0172057
 788 0.52 0.450254 0.017184
 789 0.6 0.450444 0.0171633
 790 0.6 0.450633 0.0171426
 791 0.6 0.450822 0.017122
 792 0.64 0.451061 0.017102
 793 0.68 0.451349 0.0170829
 794 0.68 0.451637 0.0170638
 795 0.68 0.451925 0.0170447
 796 0.56 0.45206 0.0170238
 797 0.56 0.452196 0.017003
 798 0.6 0.452381 0.0169827
 799 0.64 0.452616 0.016963
 800 0.72 0.45295 0.0169451
 801 0.72 0.453283 0.0169272
 802 0.68 0.453566 0.0169085
 803 0.72 0.453898 0.0168907
 804 0.68 0.454179 0.016872
 805 0.68 0.45446 0.0168533
 806 0.68 0.454739 0.0168347
 807 0.64 0.454969 0.0168154
 808 0.64 0.455198 0.0167962
 809 0.64 0.455426 0.016777
 810 0.64 0.455654 0.0167578
 811 0.68 0.455931 0.0167394
 812 0.64 0.456158 0.0167203
 813 0.6 0.456335 0.0167007
 814 0.64 0.45656 0.0166817
 815 0.76 0.456933 0.0166653
 816 0.76 0.457304 0.016649
 817 0.68 0.457576 0.0166309
 818 0.52 0.457653 0.0166107
 819 0.52 0.457729 0.0165906
 820 0.56 0.457854 0.0165708
 821 0.64 0.458076 0.0165521
 822 0.72 0.458394 0.016535
 823 0.76 0.458761 0.016519
 824 0.76 0.459126 0.016503
 825 0.76 0.459491 0.016487
 826 0.76 0.459855 0.0164711
 827 0.8 0.460266 0.0164563
 828 0.8 0.460676 0.0164415
 829 0.64 0.460893 0.0164231
 830 0.6 0.46106 0.0164041
 831 0.6 0.461227 0.0163852
 832 0.72 0.461538 0.0163685
 833 0.68 0.461801 0.0163509
 834 0.6 0.461966 0.0163322
 835 0.68 0.462228 0.0163147
 836 0.8 0.462632 0.0163002
 837 0.76 0.462987 0.0162845
 838 0.72 0.463294 0.016268
 839 0.84 0.463743 0.0162548
 840 0.88 0.464238 0.016243
 841 0.84 0.464685 0.0162298
 842 0.88 0.465178 0.016218
 843 0.88 0.46567 0.0162063
 844 0.72 0.465972 0.0161898
 845 0.64 0.466178 0.016172
 846 0.52 0.466241 0.016153
 847 0.48 0.466257 0.0161339
 848 0.48 0.466274 0.0161149
 849 0.52 0.466337 0.016096
 850 0.48 0.466353 0.0160771
 851 0.52 0.466416 0.0160583
 852 0.6 0.466573 0.0160402
 853 0.6 0.466729 0.0160221
 854 0.6 0.466885 0.0160041
 855 0.56 0.466994 0.0159858
 856 0.6 0.46715 0.0159678
 857 0.64 0.467351 0.0159505
 858 0.48 0.467366 0.0159319
 859 0.64 0.467567 0.0159146
 860 0.68 0.467814 0.015898
 861 0.76 0.468153 0.0158832
 862 0.84 0.468585 0.0158706
 863 0.92 0.469108 0.0158608
 864 0.92 0.46963 0.015851
 865 0.88 0.470104 0.0158398
 866 0.88 0.470577 0.0158286
 867 0.88 0.47105 0.0158174
 868 0.84 0.471475 0.0158048
 869 0.8 0.471853 0.0157912
 870 0.84 0.472276 0.0157787
 871 0.84 0.472698 0.0157662
 872 0.8 0.473073 0.0157526
 873 0.88 0.47354 0.0157414
 874 0.88 0.474005 0.0157303
 875 0.96 0.47456 0.0157221
 876 0.92 0.475068 0.0157124
 877 0.92 0.475576 0.0157027
 878 0.92 0.476082 0.0156929
 879 0.88 0.476542 0.0156818
 880 0.92 0.477045 0.0156721
 881 0.92 0.477548 0.0156624
 882 0.88 0.478005 0.0156512
 883 0.92 0.478505 0.0156415
 884 0.96 0.47905 0.0156333
 885 0.92 0.479548 0.0156236
 886 0.84 0.479955 0.0156112
 887 0.8 0.480316 0.0155978
 888 0.88 0.480766 0.0155867
 889 0.8 0.481125 0.0155733
 890 0.8 0.481483 0.0155599
 891 0.72 0.481751 0.0155448
 892 0.68 0.481973 0.0155289
 893 0.6 0.482105 0.0155121
 894 0.52 0.482148 0.0154948
 895 0.36 0.482011 0.0154781
 896 0.4 0.48192 0.0154611
 897 0.52 0.481962 0.0154439
 898 0.56 0.482049 0.0154269
 899 0.56 0.482136 0.01541
 900 0.56 0.482222 0.0153931
 901 0.6 0.482353 0.0153766
 902 0.56 0.482439 0.0153597
 903 0.48 0.482436 0.0153427
 904 0.4 0.482345 0.015326
 905 0.56 0.482431 0.0153093
 906 0.56 0.482517 0.0152926
 907 0.48 0.482514 0.0152758
 908 0.48 0.482511 0.0152589
 909 0.48 0.482508 0.0152421
 910 0.48 0.482505 0.0152254
 911 0.52 0.482547 0.0152087
 912 0.4 0.482456 0.0151923
 913 0.28 0.482234 0.0151773
 914 0.28 0.482013 0.0151623
 915 0.28 0.481792 0.0151473
 916 0.2 0.481485 0.0151339
 917 0.16 0.481134 0.0151214
 918 0.2 0.480828 0.0151081
 919 0.08 0.480392 0.0150979
 920 0.12 0.48 0.0150866
 921 0.12 0.479609 0.0150753
 922 0.12 0.479219 0.0150639
 923 0.12 0.47883 0.0150526
 924 0 0.478312 0.0150453
 925 0.12 0.477924 0.015034
 926 0.24 0.477667 0.0150199
 927 0.36 0.47754 0.0150043
 928 0.44 0.4775 0.0149881
 929 0.44 0.47746 0.0149721
 930 0.4 0.477376 0.0149562
 931 0.48 0.477379 0.0149401
 932 0.52 0.477425 0.0149241
 933 0.6 0.477556 0.0149087
 934 0.68 0.477773 0.0148943
 935 0.56 0.477861 0.0148786
 936 0.6 0.477991 0.0148633
 937 0.48 0.477994 0.0148474
 938 0.44 0.477953 0.0148317
 939 0.44 0.477913 0.0148159
 940 0.36 0.477787 0.0148007
 941 0.44 0.477747 0.014785
 942 0.4 0.477665 0.0147695
 943 0.4 0.477582 0.0147541
 944 0.28 0.477373 0.0147399
 945 0.16 0.477037 0.0147281
 946 0 0.476533 0.0147212
 947 0.04 0.476072 0.0147129
 948 0.08 0.475654 0.0147033
 949 0 0.475153 0.0146963
 950 -0.12 0.474526 0.0146942
 951 -0.12 0.473901 0.0146921
 952 -0.12 0.473277 0.0146899
 953 -0.08 0.472697 0.0146859
 954 -0.12 0.472075 0.0146837
 955 -0.12 0.471455 0.0146814
 956 -0.04 0.470921 0.0146758
 957 0 0.470428 0.0146687
 958 -0.2 0.469729 0.0146701
 959 -0.24 0.468989 0.0146734
 960 -0.32 0.468167 0.0146812
 961 -0.28 0.467388 0.0146865
 962 -0.28 0.466611 0.0146918
 963 -0.28 0.465836 0.014697
 964 -0.32 0.465021 0.0147044
 965 -0.44 0.464083 0.014719
 966 -0.52 0.463064 0.014739
 967 -0.36 0.462213 0.0147484
 968 -0.4 0.461322 0.01476
 969 -0.56 0.460268 0.0147824
 970 -0.56 0.459216 0.0148046
 971 -0.52 0.458208 0.0148237
 972 -0.56 0.45716 0.0148454
 973 -0.52 0.456156 0.0148641
 974 -0.56 0.455113 0.0148855
 975 -0.4 0.454236 0.014896
 976 -0.4 0.453361 0.0149065
 977 -0.4 0.452487 0.0149168
 978 -0.32 0.451697 0.0149225
 979 -0.36 0.450868 0.0149302
 980 -0.36 0.450041 0.0149379
 981 -0.24 0.449337 0.0149393
 982 -0.36 0.448513 0.0149468
 983 -0.36 0.447691 0.0149542
 984 -0.44 0.446789 0.0149662
 985 -0.4 0.445929 0.0149757
 986 -0.28 0.445193 0.0149786
 987 -0.36 0.444377 0.0149857
 988 -0.24 0.443684 0.0149865
 989 -0.2 0.443033 0.0149855
 990 -0.24 0.442343 0.0149862
 991 -0.2 0.441695 0.0149851
 992 -0.12 0.441129 0.0149807
 993 0.04 0.440725 0.0149711
 994 0.08 0.440362 0.0149604
 995 0.16 0.44008 0.014948
 996 0.24 0.43988 0.0149344
 997 0.4 0.43984 0.0149194
 998 0.36 0.43976 0.0149047
 999 0.44 0.43976 0.0148897
 1000 0.4 0.43972 0.0148749
 1001 0.36 0.43964 0.0148603
 1002 0.4 0.439601 0.0148455
 1003 0.4 0.439561 0.0148307
 1004 0.4 0.439522 0.014816
 1005 0.4 0.439483 0.0148013
 1006 0.36 0.439404 0.0147868
 1007 0.2 0.439166 0.014774
 1008 0.16 0.438889 0.0147619
 1009 0.08 0.438533 0.0147516
 1010 0.04 0.438139 0.0147423
 1011 0.12 0.437824 0.014731
 1012 0.04 0.437431 0.0147217
 1013 0 0.436999 0.0147135
 1014 0.04 0.436607 0.0147042
 1015 0.08 0.436256 0.0146939
 1016 0.16 0.435984 0.014682
 1017 0.12 0.435674 0.0146708
 1018 0.12 0.435363 0.0146597
 1019 -0.12 0.434818 0.0146554
 1020 -0.16 0.434235 0.0146526
 1021 -0.08 0.433732 0.0146469
 1022 0 0.433307 0.0146388
 1023 0.24 0.433118 0.0146257
 1024 0.32 0.433008 0.0146118
 1025 0.36 0.432937 0.0145977
 1026 0.44 0.432943 0.0145835
 1027 0.28 0.432795 0.01457
 1028 0.36 0.432724 0.014556
 1029 0.48 0.43277 0.0145419
 1030 0.56 0.432893 0.0145283
 1031 0.56 0.433016 0.0145148
 1032 0.48 0.433062 0.0145008
 1033 0.56 0.433185 0.0144872
 1034 0.6 0.433346 0.0144741
 1035 0.64 0.433546 0.0144615
 1036 0.6 0.433707 0.0144484
 1037 0.72 0.433983 0.0144371
 1038 0.84 0.434374 0.0144285
 1039 0.84 0.434764 0.0144199
 1040 0.96 0.435269 0.0144149
 1041 1 0.435812 0.0144113
 1042 1 0.436353 0.0144076
 1043 1 0.436894 0.0144039
 1044 1 0.437433 0.0144002
 1045 1 0.437971 0.0143965
 1046 0.96 0.43847 0.0143914
 1047 0.88 0.438892 0.0143838
 1048 0.88 0.439313 0.0143763
 1049 0.88 0.439733 0.0143687
 1050 0.96 0.440229 0.0143635
 1051 0.88 0.440647 0.014356
 1052 0.84 0.441027 0.0143473
 1053 0.92 0.441481 0.0143409
 1054 0.96 0.441973 0.0143358
 1055 1 0.442502 0.0143319
 1056 0.84 0.442879 0.0143233
 1057 0.8 0.443217 0.0143137
 1058 0.76 0.443516 0.0143033
 1059 0.8 0.443853 0.0142938
 1060 0.56 0.443962 0.0142807
 1061 0.6 0.444109 0.014268
 1062 0.52 0.444181 0.0142547
 1063 0.52 0.444252 0.0142415
 1064 0.36 0.444173 0.0142283
 1065 0.32 0.444056 0.0142154
 1066 0.24 0.443865 0.0142034
 1067 0.28 0.443711 0.0141909
 1068 0.32 0.443596 0.0141781
 1069 0.4 0.443555 0.0141649
 1070 0.44 0.443551 0.0141516
 1071 0.28 0.443399 0.0141392
 1072 0.2 0.443172 0.0141279
 1073 0.2 0.442945 0.0141165
 1074 0.28 0.442793 0.0141042
 1075 0.28 0.442642 0.0140919
 1076 0.36 0.442565 0.014079
 1077 0.36 0.442488 0.0140661
 1078 0.36 0.442412 0.0140532
 1079 0.44 0.44241 0.0140402
 1080 0.36 0.442333 0.0140274
 1081 0.44 0.442331 0.0140144
 1082 0.56 0.44244 0.0140019
 1083 0.44 0.442438 0.013989
 1084 0.28 0.442288 0.0139769
 1085 0.28 0.442138 0.0139648
 1086 0.28 0.441989 0.0139527
 1087 0.32 0.441877 0.0139403
 1088 0.24 0.441691 0.0139287
 1089 0.32 0.441579 0.0139164
 1090 0.48 0.441615 0.0139037
 1091 0.48 0.44165 0.0138909
 1092 0.52 0.441722 0.0138784
 1093 0.56 0.44183 0.0138661
 1094 0.64 0.442011 0.0138546
 1095 0.8 0.442338 0.0138458
 1096 0.8 0.442664 0.013837
 1097 0.92 0.443099 0.0138313
 1098 0.84 0.443461 0.0138234
 1099 0.8 0.443785 0.0138146
 1100 0.76 0.444073 0.013805
 1101 0.8 0.444396 0.0137963
 1102 0.76 0.444682 0.0137867
 1103 0.72 0.444932 0.0137765
 1104 0.76 0.445217 0.013767
 1105 0.72 0.445466 0.0137568
 1106 0.6 0.445606 0.013745
 1107 0.68 0.445818 0.0137342
 1108 0.68 0.446029 0.0137235
 1109 0.68 0.44624 0.0137127
 1110 0.76 0.446523 0.0137033
 1111 0.72 0.446769 0.0136931
 1112 0.8 0.447086 0.0136845
 1113 0.8 0.447403 0.0136759
 1114 0.84 0.447756 0.0136681
 1115 0.88 0.448143 0.0136614
 1116 0.76 0.448423 0.013652
 1117 0.76 0.448702 0.0136426
 1118 0.84 0.449052 0.0136349
 1119 0.88 0.449437 0.0136281
 1120 0.8 0.44975 0.0136196
 1121 0.72 0.449991 0.0136096
 1122 0.64 0.45016 0.0135985
 1123 0.56 0.450258 0.0135867
 1124 0.6 0.450391 0.0135753
 1125 0.68 0.450596 0.0135647
 1126 0.56 0.450693 0.013553
 1127 0.48 0.450719 0.013541
 1128 0.44 0.450709 0.013529
 1129 0.48 0.450735 0.0135171
 1130 0.48 0.450761 0.0135051
 1131 0.48 0.450787 0.0134932
 1132 0.44 0.450777 0.0134813
 1133 0.44 0.450768 0.0134694
 1134 0.36 0.450688 0.0134577
 1135 0.24 0.450502 0.0134471
 1136 0.28 0.450352 0.0134361
 1137 0.28 0.450202 0.0134252
 1138 0.28 0.450053 0.0134142
 1139 0.32 0.449939 0.0134029
 1140 0.52 0.45 0.0133913
 1141 0.56 0.450096 0.0133799
 1142 0.6 0.450228 0.0133688
 1143 0.4 0.450184 0.0133572
 1144 0.4 0.45014 0.0133456
 1145 0.36 0.450061 0.0133341
 1146 0.44 0.450052 0.0133225
 1147 0.44 0.450044 0.0133109
 1148 0.44 0.450035 0.0132993
 1149 0.4 0.449991 0.0132878
 1150 0.4 0.449948 0.0132763
 1151 0.32 0.449835 0.0132652
 1152 0.4 0.449792 0.0132538
 1153 0.44 0.449783 0.0132423
 1154 0.48 0.449809 0.0132308
 1155 0.48 0.449835 0.0132194
 1156 0.48 0.449862 0.013208
 1157 0.44 0.449853 0.0131966
 1158 0.32 0.449741 0.0131856
 1159 0.28 0.449594 0.0131751
 1160 0.36 0.449517 0.0131639
 1161 0.4 0.449475 0.0131527
 1162 0.32 0.449363 0.0131418
 1163 0.28 0.449218 0.0131313
 1164 0.2 0.449003 0.0131218
 1165 0.24 0.448824 0.0131117
 1166 0.32 0.448714 0.0131009
 1167 0.36 0.448638 0.0130899
 1168 0.28 0.448493 0.0130795
 1169 0.32 0.448383 0.0130688
 1170 0.28 0.448239 0.0130584
 1171 0.4 0.448198 0.0130473
 1172 0.44 0.448191 0.0130362
 1173 0.52 0.448252 0.0130252
 1174 0.52 0.448313 0.0130142
 1175 0.52 0.448374 0.0130033
 1176 0.56 0.448469 0.0129926
 1177 0.44 0.448462 0.0129815
 1178 0.4 0.448421 0.0129706
 1179 0.2 0.44821 0.0129613
 1180 0.2 0.448 0.012952
 1181 0.28 0.447858 0.0129418
 1182 0.24 0.447682 0.0129321
 1183 0.16 0.447439 0.0129234
 1184 0.2 0.44723 0.0129142
 1185 0.28 0.447089 0.0129041
 1186 0.2 0.44688 0.0128949
 1187 0.04 0.446537 0.0128885
 1188 0.12 0.446263 0.0128806
 1189 0.24 0.446089 0.012871
 1190 0.2 0.445882 0.0128618
 1191 0.08 0.445575 0.0128547
 1192 0.12 0.445302 0.0128468
 1193 0.24 0.44513 0.0128372
 1194 0.28 0.444992 0.0128272
 1195 0.24 0.44482 0.0128176
 1196 0.16 0.444582 0.0128091
 1197 0.2 0.444378 0.0128
 1198 0.24 0.444207 0.0127904
 1199 0.28 0.44407 0.0127805
 1200 0.28 0.443933 0.0127706
 1201 0.28 0.443797 0.0127607
 1202 0.08 0.443494 0.0127536
 1203 0 0.443126 0.0127484
 1204 0 0.442757 0.0127431
 1205 0 0.44239 0.0127378
 1206 0.12 0.442123 0.01273
 1207 0.16 0.441889 0.0127216
 1208 0.2 0.441689 0.0127127
 1209 0.12 0.441423 0.0127049
 1210 0.08 0.441124 0.012698
 1211 -0.04 0.440727 0.0126937
 1212 0.04 0.440396 0.0126875
 1213 0.12 0.440132 0.0126798
 1214 0.16 0.439901 0.0126715
 1215 0.28 0.43977 0.0126617
 1216 0.32 0.439671 0.0126517
 1217 0.36 0.439606 0.0126414
 1218 0.4 0.439573 0.0126311
 1219 0.48 0.439606 0.0126208
 1220 0.44 0.439607 0.0126104
 1221 0.56 0.439705 0.0126005
 1222 0.52 0.439771 0.0125903
 1223 0.56 0.439869 0.0125804
 1224 0.68 0.440065 0.0125717
 1225 0.76 0.440327 0.0125641
 1226 0.76 0.440587 0.0125566
 1227 0.68 0.440782 0.0125479
 1228 0.68 0.440977 0.0125391
 1229 0.72 0.441204 0.012531
 1230 0.76 0.441463 0.0125235
 1231 0.84 0.441787 0.0125175
 1232 0.88 0.442143 0.0125124
 1233 0.96 0.442563 0.0125093
 1234 0.88 0.442917 0.0125042
 1235 0.88 0.443271 0.0124991
 1236 0.92 0.443657 0.0124949
 1237 0.88 0.44401 0.0124898
 1238 0.84 0.44433 0.0124838
 1239 0.8 0.444617 0.012477
 1240 0.72 0.444839 0.0124689
 1241 0.72 0.44506 0.0124608
 1242 0.68 0.44525 0.0124522
 1243 0.68 0.445438 0.0124436
 1244 0.76 0.445691 0.0124362
 1245 0.76 0.445944 0.0124288
 1246 0.76 0.446196 0.0124214
 1247 0.8 0.44648 0.0124146
 1248 0.84 0.446795 0.0124087
 1249 0.72 0.447014 0.0124007
 1250 0.64 0.447168 0.0123917
 1251 0.68 0.447354 0.0123832
 1252 0.48 0.44738 0.0123733
 1253 0.56 0.44747 0.0123638
 1254 0.52 0.447528 0.0123541
 1255 0.4 0.44749 0.0123443
 1256 0.48 0.447516 0.0123345
 1257 0.4 0.447478 0.0123247
 1258 0.32 0.447377 0.0123153
 1259 0.36 0.447307 0.0123057
 1260 0.48 0.447333 0.012296
 1261 0.48 0.447359 0.0122863
 1262 0.44 0.447353 0.0122765
 1263 0.48 0.447379 0.0122668
 1264 0.4 0.447342 0.0122572
 1265 0.36 0.447273 0.0122477
 1266 0.36 0.447204 0.0122382
 1267 0.36 0.447135 0.0122287
 1268 0.4 0.447098 0.0122191
 1269 0.44 0.447092 0.0122095
 1270 0.44 0.447087 0.0121999
 1271 0.48 0.447113 0.0121903
 1272 0.52 0.44717 0.0121809
 1273 0.52 0.447227 0.0121714
 1274 0.56 0.447316 0.0121622
 1275 0.56 0.447404 0.012153
 1276 0.56 0.447492 0.0121438
 1277 0.68 0.447674 0.0121356
 1278 0.68 0.447856 0.0121275
 1279 0.6 0.447975 0.0121186
 1280 0.56 0.448063 0.0121094
 1281 0.64 0.448212 0.0121009
 1282 0.64 0.448362 0.0120924
 1283 0.72 0.448574 0.0120848
 1284 0.72 0.448785 0.0120772
 1285 0.68 0.448965 0.0120692
 1286 0.64 0.449114 0.0120607
 1287 0.64 0.449262 0.0120522
 1288 0.52 0.449317 0.012043
 1289 0.56 0.449403 0.012034
 1290 0.56 0.449488 0.0120249
 1291 0.64 0.449636 0.0120165
 1292 0.6 0.449752 0.0120078
 1293 0.64 0.449899 0.0119994
 1294 0.52 0.449954 0.0119902
 1295 0.44 0.449946 0.011981
 1296 0.36 0.449877 0.0119719
 1297 0.2 0.449684 0.0119642
 1298 0.28 0.449553 0.0119557
 1299 0.28 0.449423 0.0119472
 1300 0.28 0.449292 0.0119388
 1301 0.32 0.449193 0.01193
 1302 0.24 0.449032 0.0119219
 1303 0.24 0.448872 0.0119138
 1304 0.24 0.448712 0.0119058
 1305 0.24 0.448552 0.0118977
 1306 0.2 0.448361 0.0118901
 1307 0.08 0.44808 0.0118844
 1308 0 0.447737 0.0118802
 1309 0.12 0.447487 0.0118738
 1310 -0.12 0.447053 0.0118726
 1311 0.04 0.446743 0.0118676
 1312 0.08 0.446463 0.0118619
 1313 0.08 0.446184 0.0118561
 1314 0.08 0.445906 0.0118504
 1315 0 0.445567 0.0118462
 1316 -0.12 0.445137 0.011845
 1317 0 0.444799 0.0118408
 1318 0.04 0.444492 0.0118358
 1319 0.16 0.444276 0.0118288
 1320 0.08 0.444 0.0118231
 1321 0.16 0.443785 0.0118161
 1322 0.32 0.443691 0.0118075
 1323 0.36 0.443628 0.0117988
 1324 0.36 0.443565 0.01179
 1325 0.32 0.443472 0.0117815
 1326 0.48 0.443499 0.0117726
 1327 0.52 0.443557 0.0117639
 1328 0.6 0.443675 0.0117556
 1329 0.56 0.443762 0.0117471
 1330 0.6 0.44388 0.0117388
 1331 0.68 0.444057 0.0117314
 1332 0.68 0.444234 0.0117239
 1333 0.64 0.444381 0.011716
 1334 0.68 0.444558 0.0117086
 1335 0.68 0.444734 0.0117011
 1336 0.6 0.44485 0.0116929
 1337 0.48 0.444877 0.0116842
 1338 0.44 0.444873 0.0116755
 1339 0.36 0.44481 0.0116669
 1340 0.32 0.444716 0.0116586
 1341 0.36 0.444653 0.0116501
 1342 0.36 0.44459 0.0116415
 1343 0.4 0.444557 0.0116329
 1344 0.4 0.444524 0.0116243
 1345 0.36 0.444461 0.0116158
 1346 0.36 0.444398 0.0116074
 1347 0.4 0.444365 0.0115988
 1348 0.36 0.444303 0.0115904
 1349 0.36 0.44424 0.0115819
 1350 0.32 0.444148 0.0115737
 1351 0.32 0.444056 0.0115655
 1352 0.24 0.443905 0.0115579
 1353 0.32 0.443814 0.0115498
 1354 0.48 0.44384 0.0115413
 1355 0.48 0.443867 0.0115328
 1356 0.52 0.443923 0.0115244
 1357 0.44 0.44392 0.0115159
 1358 0.48 0.443947 0.0115074
 1359 0.32 0.443856 0.0114993
 1360 0.44 0.443853 0.0114909
 1361 0.52 0.443909 0.0114826
 1362 0.44 0.443906 0.0114741
 1363 0.32 0.443815 0.0114661
 1364 0.24 0.443666 0.0114586
 1365 0.28 0.443546 0.0114509
 1366 0.24 0.443397 0.0114435
 1367 0.16 0.443189 0.011437
 1368 0.12 0.442953 0.011431
 1369 0.08 0.442688 0.0114258
 1370 0 0.442365 0.011422
 1371 0.08 0.442101 0.0114167
 1372 0 0.441778 0.0114129
 1373 0.04 0.441486 0.0114084
 1374 0.08 0.441223 0.0114031
 1375 -0.04 0.440873 0.0114002
 1376 -0.04 0.440523 0.0113973
 1377 0.12 0.44029 0.0113914
 1378 0.12 0.440058 0.0113855
 1379 0.32 0.439971 0.0113775
 1380 0.36 0.439913 0.0113694
 1381 0.44 0.439913 0.0113612
 1382 0.4 0.439884 0.011353
 1383 0.16 0.439682 0.0113466
 1384 0.16 0.43948 0.0113402
 1385 0.2 0.439307 0.0113333
 1386 0.36 0.43925 0.0113253
 1387 0.52 0.439308 0.0113173
 1388 0.52 0.439366 0.0113093
 1389 0.56 0.439453 0.0113015
 1390 0.56 0.43954 0.0112937
 1391 0.6 0.439655 0.0112861
 1392 0.6 0.43977 0.0112786
 1393 0.64 0.439914 0.0112714
 1394 0.72 0.440115 0.0112651
 1395 0.8 0.440373 0.01126
 1396 0.84 0.440659 0.0112556
 1397 0.72 0.440859 0.0112493
 1398 0.64 0.441001 0.0112421
 1399 0.68 0.441172 0.0112354
 1400 0.44 0.441171 0.0112274
 1401 0.4 0.441142 0.0112194
 1402 0.4 0.441113 0.0112114
 1403 0.32 0.441026 0.0112038
 1404 0.28 0.440912 0.0111964
 1405 0.36 0.440854 0.0111886
 1406 0.44 0.440853 0.0111806
 1407 0.6 0.440967 0.0111732
 1408 0.6 0.44108 0.0111658
 1409 0.64 0.441221 0.0111588
 1410 0.6 0.441333 0.0111515
 1411 0.48 0.441361 0.0111436
 1412 0.52 0.441416 0.0111358
 1413 0.56 0.4415 0.0111283
 1414 0.48 0.441528 0.0111204
 1415 0.44 0.441527 0.0111126
 1416 0.36 0.441469 0.0111049
 1417 0.4 0.44144 0.0110971
 1418 0.48 0.441467 0.0110893
 1419 0.52 0.441522 0.0110816
 1420 0.48 0.441549 0.0110738
 1421 0.44 0.441548 0.011066
 1422 0.64 0.441688 0.0110591
 1423 0.68 0.441855 0.0110526
 1424 0.68 0.442022 0.0110461
 1425 0.52 0.442077 0.0110385
 1426 0.44 0.442076 0.0110308
 1427 0.56 0.442158 0.0110233
 1428 0.6 0.442269 0.0110162
 1429 0.72 0.442463 0.0110102
 1430 0.72 0.442657 0.0110042
 1431 0.72 0.442851 0.0109982
 1432 0.68 0.443017 0.0109918
 1433 0.8 0.443266 0.0109869
 1434 0.76 0.443487 0.0109815
 1435 0.8 0.443735 0.0109766
 1436 0.68 0.4439 0.0109702
 1437 0.76 0.44412 0.0109648
 1438 0.88 0.444423 0.0109613
 1439 0.84 0.444698 0.0109572
 1440 0.88 0.445 0.0109537
 1441 0.92 0.44533 0.0109511
 1442 0.88 0.445631 0.0109476
 1443 1 0.446015 0.0109468
 1444 1 0.446399 0.0109459
 1445 1 0.446782 0.0109451
 1446 1 0.447165 0.0109442
 1447 1 0.447547 0.0109433
 1448 1 0.447928 0.0109424
 1449 1 0.448309 0.0109415
 1450 1 0.44869 0.0109405
 1451 1 0.44907 0.0109396
 1452 1 0.449449 0.0109386
 1453 1 0.449828 0.0109377
 1454 1 0.450206 0.0109367
 1455 1 0.450584 0.0109357
 1456 1 0.450962 0.0109347
 1457 0.96 0.451311 0.0109328
 1458 0.96 0.45166 0.0109308
 1459 0.92 0.451981 0.0109281
 1460 0.96 0.452329 0.0109261
 1461 0.96 0.452676 0.0109242
 1462 0.92 0.452996 0.0109214
 1463 0.88 0.453288 0.0109178
 1464 0.88 0.453579 0.0109142
 1465 0.84 0.453843 0.01091
 1466 0.8 0.454079 0.0109051
 1467 0.72 0.45426 0.0108992
 1468 0.72 0.454441 0.0108932
 1469 0.92 0.454758 0.0108904
 1470 0.92 0.455075 0.0108876
 1471 0.96 0.455418 0.0108856
 1472 0.92 0.455734 0.0108828
 1473 0.88 0.456022 0.0108792
 1474 0.92 0.456336 0.0108764
 1475 0.88 0.456624 0.0108728
 1476 0.92 0.456938 0.01087
 1477 0.92 0.457251 0.0108672
 1478 0.92 0.457564 0.0108643
 1479 0.88 0.45785 0.0108607
 1480 0.96 0.458189 0.0108587
 1481 1 0.458555 0.0108575
 1482 1 0.45892 0.0108563
 1483 1 0.459285 0.0108551
 1484 1 0.45965 0.0108539
 1485 1 0.460013 0.0108527
 1486 1 0.460377 0.0108515
 1487 1 0.46074 0.0108503
 1488 1 0.461102 0.010849
 1489 0.96 0.461437 0.0108469
 1490 0.96 0.461772 0.0108448
 1491 1 0.462133 0.0108435
 1492 1 0.462493 0.0108423
 1493 0.96 0.462827 0.0108401
 1494 1 0.463186 0.0108388
 1495 1 0.463545 0.0108375
 1496 1 0.463904 0.0108362
 1497 1 0.464262 0.0108349
 1498 1 0.464619 0.0108336
 1499 1 0.464977 0.0108322
 1500 1 0.465333 0.0108309
 1501 0.96 0.465663 0.0108287
 1502 0.96 0.465992 0.0108265
 1503 0.96 0.466321 0.0108243
 1504 0.92 0.466622 0.0108213
 1505 0.88 0.466897 0.0108176
 1506 0.76 0.467092 0.0108121
 1507 0.72 0.467259 0.0108062
 1508 0.56 0.467321 0.0107993
 1509 0.56 0.467382 0.0107923
 1510 0.44 0.467364 0.0107851
 1511 0.36 0.467293 0.0107782
 1512 0.32 0.467196 0.0107715
 1513 0.36 0.467125 0.0107647
 1514 0.28 0.467001 0.0107582
 1515 0.24 0.466851 0.0107522
 1516 0.24 0.466702 0.0107461
 1517 0.2 0.466526 0.0107405
 1518 0.32 0.46643 0.0107338
 1519 0.28 0.466307 0.0107275
 1520 0.44 0.466289 0.0107204
 1521 0.56 0.466351 0.0107136
 1522 0.6 0.466439 0.0107069
 1523 0.64 0.466553 0.0107005
 1524 0.72 0.466719 0.0106947
 1525 0.8 0.466938 0.0106899
 1526 0.84 0.467182 0.0106857
 1527 0.84 0.467426 0.0106815
 1528 0.96 0.467749 0.0106794
 1529 1 0.468097 0.0106781
 1530 1 0.468444 0.0106768
 1531 0.96 0.468766 0.0106746
 1532 0.84 0.469008 0.0106704
 1533 0.8 0.469224 0.0106656
 1534 0.8 0.469439 0.0106608
 1535 0.84 0.469681 0.0106566
 1536 1 0.470026 0.0106553
 1537 0.96 0.470345 0.0106531
 1538 0.92 0.470637 0.0106502
 1539 0.88 0.470903 0.0106466
 1540 0.88 0.471169 0.010643
 1541 0.84 0.471408 0.0106388
 1542 0.72 0.471569 0.0106331
 1543 0.56 0.471627 0.0106264
 1544 0.52 0.471658 0.0106195
 1545 0.6 0.471741 0.010613
 1546 0.64 0.47185 0.0106067
 1547 0.72 0.47201 0.010601
 1548 0.84 0.472248 0.0105969
 1549 0.76 0.472434 0.0105916
 1550 0.72 0.472594 0.010586
 1551 0.76 0.472779 0.0105808
 1552 0.64 0.472887 0.0105745
 1553 0.68 0.47302 0.0105686
 1554 0.68 0.473153 0.0105626
 1555 0.72 0.473312 0.010557
 1556 0.68 0.473445 0.010551
 1557 0.68 0.473577 0.0105451
 1558 0.68 0.47371 0.0105392
 1559 0.68 0.473842 0.0105332
 1560 0.64 0.473949 0.010527
 1561 0.56 0.474004 0.0105204
 1562 0.56 0.474059 0.0105138
 1563 0.28 0.473935 0.0105078
 1564 0.28 0.473811 0.0105018
 1565 0.24 0.473661 0.0104962
 1566 0.04 0.473384 0.0104931
 1567 0.08 0.473133 0.0104894
 1568 0.2 0.472959 0.0104842
 1569 0.2 0.472785 0.010479
 1570 0.2 0.472611 0.0104737
 1571 0.28 0.472489 0.0104678
 1572 0.24 0.472341 0.0104622
 1573 0.2 0.472168 0.0104569
 1574 0.12 0.471944 0.0104527
 1575 0.24 0.471797 0.0104471
 1576 0.36 0.471726 0.0104407
 1577 0.24 0.471579 0.0104351
 1578 0.24 0.471432 0.0104295
 1579 0.2 0.47126 0.0104243
 1580 0.16 0.471063 0.0104196
 1581 0.2 0.470892 0.0104144
 1582 0.2 0.470721 0.0104092
 1583 0.16 0.470524 0.0104045
 1584 0.28 0.470404 0.0103986
 1585 0.28 0.470284 0.0103928
 1586 0.36 0.470214 0.0103865
 1587 0.44 0.470195 0.0103799
 1588 0.52 0.470227 0.0103734
 1589 0.56 0.470283 0.0103671
 1590 0.76 0.470465 0.0103621
 1591 0.72 0.470622 0.0103568
 1592 0.56 0.470678 0.0103505
 1593 0.52 0.470709 0.010344
 1594 0.48 0.470715 0.0103375
 1595 0.48 0.470721 0.010331
 1596 0.48 0.470727 0.0103246
 1597 0.44 0.470708 0.0103181
 1598 0.6 0.470788 0.010312
 1599 0.64 0.470894 0.0103061
 1600 0.64 0.471 0.0103002
 1601 0.68 0.471131 0.0102945
 1602 0.72 0.471286 0.0102893
 1603 0.76 0.471466 0.0102844
 1604 0.88 0.471721 0.0102812
 1605 0.88 0.471975 0.0102779
 1606 0.8 0.472179 0.0102736
 1607 0.84 0.472408 0.0102697
 1608 0.88 0.472662 0.0102665
 1609 0.88 0.472915 0.0102632
 1610 0.84 0.473143 0.0102594
 1611 0.88 0.473395 0.0102561
 1612 0.64 0.473499 0.0102502
 1613 0.6 0.473577 0.0102442
 1614 0.64 0.47368 0.0102384
 1615 0.48 0.473684 0.010232
 1616 0.52 0.473713 0.0102257
 1617 0.48 0.473717 0.0102194
 1618 0.4 0.473671 0.0102132
 1619 0.4 0.473626 0.010207
 1620 0.4 0.47358 0.0102008
 1621 0.36 0.47351 0.0101947
 1622 0.36 0.47344 0.0101887
 1623 0.32 0.473346 0.0101828
 1624 0.28 0.473227 0.0101773
 1625 0.36 0.473157 0.0101712
 1626 0.44 0.473137 0.010165
 1627 0.4 0.473092 0.0101588
 1628 0.36 0.473022 0.0101528
 1629 0.32 0.472928 0.010147
 1630 0.4 0.472883 0.0101409
 1631 0.36 0.472814 0.0101349
 1632 0.36 0.472745 0.010129
 1633 0.32 0.472652 0.0101232
 1634 0.32 0.472558 0.0101174
 1635 0.36 0.472489 0.0101115
 1636 0.36 0.472421 0.0101055
 1637 0.44 0.472401 0.0100994
 1638 0.4 0.472357 0.0100933
 1639 0.48 0.472361 0.0100871
 1640 0.52 0.47239 0.010081
 1641 0.4 0.472346 0.010075
 1642 0.32 0.472253 0.0100693
 1643 0.24 0.472112 0.0100641
 1644 0.08 0.471873 0.0100608
 1645 0 0.471587 0.0100588
 1646 0.08 0.471349 0.0100555
 1647 0.12 0.471135 0.0100517
 1648 0.04 0.470874 0.010049
 1649 0.16 0.470685 0.0100446
 1650 0.24 0.470545 0.0100395
 1651 0.36 0.470478 0.0100337
 1652 0.24 0.470339 0.0100286
 1653 0.16 0.470151 0.0100242
 1654 0.2 0.469988 0.0100195
 1655 0.28 0.469873 0.0100141
 1656 0.2 0.46971 0.0100094
 1657 0.28 0.469596 0.010004
 1658 0.36 0.46953 0.00999819
 1659 0.36 0.469464 0.00999238
 1660 0.24 0.469325 0.00998731
 1661 0.28 0.469211 0.00998195
 1662 0.12 0.469001 0.00997815
 1663 0.04 0.468743 0.00997549
 1664 -0.08 0.468413 0.00997494
 1665 -0.04 0.468108 0.00997363
 1666 -0.08 0.467779 0.00997307
 1667 0 0.467499 0.00997103
 1668 0.04 0.467242 0.00996835
 1669 0.04 0.466986 0.00996566
 1670 0.04 0.466731 0.00996297
 1671 0.12 0.466523 0.00995917
 1672 0.12 0.466316 0.00995537
 1673 0.04 0.466061 0.00995268
 1674 0.04 0.465806 0.00994999
 1675 0.08 0.465576 0.00994671
 1676 0 0.465298 0.00994466
 1677 0.04 0.465045 0.00994196
 1678 0.08 0.464815 0.00993868
 1679 0.16 0.464634 0.00993442
 1680 0.04 0.464381 0.00993172
 1681 0.04 0.464128 0.00992902
 1682 -0.04 0.463829 0.00992764
 1683 -0.04 0.463529 0.00992626
 1684 -0.04 0.46323 0.00992487
 1685 -0.24 0.462813 0.00992775
 1686 -0.24 0.462396 0.00993061
 1687 -0.36 0.461909 0.00993669
 1688 -0.4 0.461398 0.00994392
 1689 -0.48 0.460841 0.00995365
 1690 -0.36 0.460355 0.00995961
 1691 -0.28 0.459917 0.00996334
 1692 -0.28 0.45948 0.00996705
 1693 -0.32 0.459019 0.00997179
 1694 -0.36 0.458536 0.00997763
 1695 -0.44 0.458006 0.00998582
 1696 -0.6 0.457382 0.00999941
 1697 -0.48 0.45683 0.0100088
 1698 -0.6 0.456207 0.0100222
 1699 -0.48 0.455656 0.0100315
 1700 -0.56 0.455059 0.0100433
 1701 -0.56 0.454462 0.0100552
 1702 -0.44 0.453937 0.010063
 1703 -0.48 0.453388 0.010072
 1704 -0.56 0.452793 0.0100837
 1705 -0.36 0.452317 0.010089
 1706 -0.24 0.451911 0.0100913
 1707 -0.16 0.451552 0.0100917
 1708 -0.08 0.451241 0.0100906
 1709 -0.08 0.45093 0.0100895
 1710 -0.12 0.450596 0.0100891
 1711 -0.16 0.45024 0.0100895
 1712 -0.2 0.44986 0.0100908
 1713 -0.24 0.449457 0.0100929
 1714 -0.16 0.449102 0.0100933
 1715 0.04 0.448863 0.0100902
 1716 0.12 0.448671 0.0100862
 1717 0.24 0.44855 0.010081
 1718 0.12 0.448359 0.010077
 1719 0.04 0.448121 0.0100739
 1720 -0.08 0.447814 0.0100727
 1721 -0.08 0.447507 0.0100715
 1722 0.12 0.447317 0.0100675
 1723 -0.08 0.447011 0.0100663
 1724 0.08 0.446798 0.0100627
 1725 0.08 0.446586 0.0100591
 1726 0.12 0.446396 0.0100551
 1727 0.2 0.446254 0.0100503
 1728 0.12 0.446065 0.0100462
 1729 0.16 0.445899 0.0100418
 1730 -0.04 0.445618 0.0100399
 1731 -0.04 0.445338 0.010038
 1732 0 0.445081 0.0100355
 1733 0 0.444824 0.010033
 1734 -0.16 0.444475 0.0100333
 1735 -0.12 0.44415 0.0100328
 1736 -0.08 0.443848 0.0100315
 1737 -0.12 0.443523 0.010031
 1738 -0.16 0.443176 0.0100313
 1739 -0.24 0.442783 0.0100332
 1740 -0.32 0.442345 0.010037
 1741 -0.28 0.44193 0.0100398
 1742 -0.2 0.441561 0.0100408
 1743 -0.2 0.441193 0.0100418
 1744 -0.16 0.440849 0.0100419
 1745 -0.12 0.440527 0.0100413
 1746 -0.04 0.440252 0.0100394
 1747 0 0.44 0.0100368
 1748 -0.08 0.439703 0.0100354
 1749 -0.24 0.439314 0.0100372
 1750 -0.36 0.438857 0.0100419
 1751 -0.36 0.438401 0.0100465
 1752 -0.36 0.437945 0.0100511
 1753 -0.36 0.43749 0.0100557
 1754 -0.08 0.437195 0.0100543
 1755 0.04 0.436969 0.0100511
 1756 0.12 0.436788 0.010047
 1757 0.08 0.436585 0.0100433
 1758 0 0.436337 0.0100407
 1759 0.04 0.436111 0.0100375
 1760 -0.08 0.435818 0.0100361
 1761 -0.2 0.435457 0.0100369
 1762 -0.2 0.435096 0.0100377
 1763 -0.12 0.434782 0.0100369
 1764 -0.12 0.434467 0.0100361
 1765 -0.12 0.434153 0.0100354
 1766 -0.16 0.433817 0.0100353
 1767 -0.24 0.433435 0.0100369
 1768 -0.32 0.433009 0.0100403
 1769 -0.32 0.432583 0.0100436
 1770 -0.28 0.432181 0.010046
 1771 -0.28 0.431779 0.0100484
 1772 -0.28 0.431377 0.0100507
 1773 -0.32 0.430953 0.010054
 1774 -0.24 0.430575 0.0100555
 1775 0 0.430332 0.0100527
 1776 0 0.43009 0.01005
 1777 -0.16 0.429758 0.0100498
 1778 0 0.429516 0.0100471
 1779 0.16 0.429365 0.0100425
 1780 0.12 0.429191 0.0100384
 1781 0.16 0.42904 0.0100339
 1782 0.2 0.428911 0.0100291
 1783 0.16 0.428761 0.0100246
 1784 0.12 0.428587 0.0100205
 1785 0.24 0.428482 0.0100154
 1786 0.12 0.428309 0.0100113
 1787 0.12 0.428137 0.0100072
 1788 0.08 0.427942 0.0100035
 1789 0.08 0.427747 0.00999978
 1790 0.12 0.427575 0.00999568
 1791 0.2 0.427448 0.0099909
 1792 0.08 0.427254 0.00998721
 1793 0.12 0.427083 0.00998311
 1794 0.04 0.426867 0.00997987
 1795 0.08 0.426674 0.00997618
 1796 0.04 0.426459 0.00997295
 1797 0.16 0.426311 0.0099685
 1798 0.16 0.426162 0.00996406
 1799 0.28 0.426081 0.00995885
 1800 0.36 0.426044 0.00995338
 1801 0.4 0.42603 0.00994786
 1802 0.36 0.425993 0.00994241
 1803 0.4 0.425979 0.0099369
 1804 0.4 0.425965 0.0099314
 1805 0.56 0.426039 0.00992618
 1806 0.56 0.426113 0.00992096
 1807 0.4 0.426099 0.00991548
 1808 0.4 0.426084 0.00991
 1809 0.48 0.426114 0.00990457
 1810 0.44 0.426122 0.0098991
 1811 0.56 0.426195 0.0098939
 1812 0.48 0.426225 0.00988849
 1813 0.4 0.426211 0.00988304
 1814 0.44 0.426218 0.0098776
 1815 0.48 0.426248 0.0098722
 1816 0.4 0.426233 0.00986677
 1817 0.44 0.426241 0.00986134
 1818 0.56 0.426315 0.00985619
 1819 0.72 0.426476 0.00985209
 1820 0.68 0.426615 0.00984766
 1821 0.76 0.426798 0.00984396
 1822 0.8 0.427003 0.00984068
 1823 0.76 0.427186 0.00983698
 1824 0.84 0.427412 0.00983419
 1825 0.84 0.427638 0.0098314
 1826 0.8 0.427842 0.00982813
 1827 0.92 0.428112 0.00982644
 1828 0.8 0.428315 0.00982317
 1829 0.76 0.428496 0.00981947
 1830 0.76 0.428678 0.00981578
 1831 0.52 0.428727 0.00981054
 1832 0.36 0.42869 0.00980526
 1833 0.28 0.428609 0.00980024
 1834 0.2 0.428484 0.00979569
 1835 0.12 0.428316 0.0097918
 1836 0.08 0.428126 0.0097883
 1837 0.24 0.428024 0.00978351
 1838 0.28 0.427943 0.00977851
 1839 0.28 0.427863 0.00977353
 1840 0.28 0.427783 0.00976854
 1841 0.24 0.427681 0.00976377
 1842 0.12 0.427514 0.0097599
 1843 0.24 0.427412 0.00975513
 1844 0.44 0.427419 0.00974984
 1845 0.4 0.427404 0.00974456
 1846 0.44 0.427411 0.00973929
 1847 0.52 0.427461 0.00973414
 1848 0.56 0.427532 0.00972914
 1849 0.6 0.427626 0.00972432
 1850 0.72 0.427784 0.00972035
 1851 0.68 0.42792 0.00971605
 1852 0.68 0.428056 0.00971176
 1853 0.68 0.428192 0.00970747
 1854 0.52 0.428242 0.00970236
 1855 0.52 0.428291 0.00969725
 1856 0.56 0.428362 0.00969228
 1857 0.56 0.428433 0.00968732
 1858 0.64 0.428547 0.00968278
 1859 0.72 0.428704 0.00967884
 1860 0.72 0.42886 0.0096749
 1861 0.72 0.429017 0.00967096
 1862 0.68 0.429151 0.00966671
 1863 0.68 0.429286 0.00966246
 1864 0.72 0.429442 0.00965853
 1865 0.68 0.429576 0.00965429
 1866 0.56 0.429646 0.00964936
 1867 0.6 0.429738 0.00964463
 1868 0.64 0.42985 0.00964012
 1869 0.8 0.430048 0.00963699
 1870 1 0.430353 0.00963666
 1871 1 0.430657 0.00963632
 1872 1 0.430962 0.00963597
 1873 1 0.431265 0.00963562
 1874 1 0.431569 0.00963525
 1875 1 0.431872 0.00963488
 1876 1 0.432175 0.00963451
 1877 1 0.432477 0.00963412
 1878 1 0.43278 0.00963373
 1879 1 0.433081 0.00963334
 1880 1 0.433383 0.00963293
 1881 1 0.433684 0.00963252
 1882 1 0.433985 0.0096321
 1883 1 0.434286 0.00963168
 1884 1 0.434586 0.00963125
 1885 1 0.434886 0.00963081
 1886 1 0.435186 0.00963036
 1887 1 0.435485 0.00962991
 1888 1 0.435784 0.00962945
 1889 1 0.436083 0.00962899
 1890 0.96 0.43636 0.00962788
 1891 1 0.436658 0.0096274
 1892 0.96 0.436934 0.00962629
 1893 0.96 0.437211 0.00962517
 1894 1 0.437508 0.00962467
 1895 1 0.437805 0.00962417
 1896 0.96 0.43808 0.00962304
 1897 1 0.438376 0.00962252
 1898 1 0.438672 0.009622
 1899 0.92 0.438926 0.00962027
 1900 1 0.439221 0.00961974
 1901 1 0.439516 0.00961921
 1902 1 0.439811 0.00961866
 1903 0.96 0.440084 0.00961749
 1904 0.88 0.440315 0.00961522
 1905 0.84 0.440525 0.00961246
 1906 0.88 0.440756 0.00961018
 1907 0.92 0.441007 0.00960843
 1908 0.92 0.441258 0.00960667
 1909 0.88 0.441488 0.00960439
 1910 0.8 0.441675 0.00960119
 1911 0.92 0.441926 0.00959943
 1912 0.84 0.442134 0.00959667
 1913 0.84 0.442342 0.0095939
 1914 0.76 0.442508 0.00959032
 1915 0.76 0.442674 0.00958675
 1916 0.6 0.442756 0.0095821
 1917 0.64 0.442859 0.00957765
 1918 0.56 0.44292 0.00957285
 1919 0.56 0.442981 0.00956805
 1920 0.52 0.443021 0.00956315
 1921 0.68 0.443144 0.00955897
 1922 0.56 0.443205 0.00955419
 1923 0.52 0.443245 0.0095493
 1924 0.44 0.443243 0.00954434
 1925 0.6 0.443325 0.00953973
 1926 0.64 0.443427 0.00953532
 1927 0.48 0.443446 0.00953039
 1928 0.48 0.443465 0.00952546
 1929 0.52 0.443504 0.00952061
 1930 0.6 0.443585 0.00951602
 1931 0.6 0.443666 0.00951143
 1932 0.48 0.443685 0.00950653
 1933 0.56 0.443745 0.0095018
 1934 0.56 0.443806 0.00949707
 1935 0.72 0.443948 0.00949324
 1936 0.84 0.444153 0.00949054
 1937 0.84 0.444357 0.00948784
 1938 0.8 0.444541 0.00948472
 1939 0.84 0.444745 0.00948202
 1940 0.84 0.444948 0.00947932
 1941 0.84 0.445152 0.00947662
 1942 0.84 0.445355 0.00947392
 1943 0.8 0.445538 0.0094708
 1944 0.8 0.44572 0.00946769
 1945 0.88 0.445943 0.00946545
 1946 0.88 0.446166 0.00946321
 1947 0.92 0.44641 0.00946148
 1948 0.88 0.446632 0.00945924
 1949 0.88 0.446855 0.009457
 1950 0.92 0.447097 0.00945527
 1951 0.96 0.44736 0.00945407
 1952 1 0.447643 0.00945347
 1953 1 0.447926 0.00945286
 1954 1 0.448209 0.00945224
 1955 0.96 0.448471 0.00945103
 1956 0.92 0.448712 0.00944928
 1957 0.88 0.448932 0.00944702
 1958 0.8 0.449111 0.00944389
 1959 0.64 0.449209 0.00943958
 1960 0.68 0.449327 0.00943549
 1961 0.6 0.449403 0.00943099
 1962 0.72 0.449541 0.00942719
 1963 0.68 0.449659 0.00942312
 1964 0.8 0.449837 0.00942001
 1965 0.88 0.450056 0.00941776
 1966 0.8 0.450234 0.00941465
 1967 0.88 0.450452 0.0094124
 1968 0.76 0.45061 0.00940893
 1969 0.64 0.450706 0.00940464
 1970 0.72 0.450843 0.00940086
 1971 0.68 0.450959 0.00939681
 1972 0.68 0.451075 0.00939276
 1973 0.68 0.451191 0.00938872
 1974 0.68 0.451307 0.00938468
 1975 0.8 0.451484 0.00938159
 1976 0.92 0.451721 0.00937983
 1977 0.96 0.451978 0.00937861
 1978 0.92 0.452214 0.00937686
 1979 0.96 0.452471 0.00937563
 1980 0.96 0.452727 0.0093744
 1981 1 0.453004 0.00937374
 1982 1 0.45328 0.00937307
 1983 1 0.453555 0.0093724
 1984 1 0.453831 0.00937172
 1985 1 0.454106 0.00937104
 1986 1 0.454381 0.00937035
 1987 1 0.454655 0.00936966
 1988 0.92 0.454889 0.00936787
 1989 0.92 0.455123 0.00936608
 1990 0.96 0.455377 0.00936481
 1991 1 0.45565 0.0093641
 1992 1 0.455924 0.00936338
 1993 1 0.456197 0.00936267
 1994 1 0.456469 0.00936194
 1995 0.92 0.456702 0.00936013
 1996 0.84 0.456894 0.00935741
 1997 0.88 0.457106 0.00935513
 1998 0.8 0.457277 0.00935202
 1999 0.84 0.457469 0.0093493
 2000 0.76 0.45762 0.00934585
