-0.344054   -0.199432   0.393443
-0.362194   0.482644   0.178188
0.346121   -0.3901   0.0545305
0.234019   0.385058   0.309224
0.162479   -0.255306   0.270431
-0.079536   -0.178103   -0.497777
0.478276   -0.141433   -0.264416
-0.327903   -0.0919465   0.0444352
-0.107791   -0.41188   -0.305588
-0.487711   0.222509   0.245914
0.268406   0.124731   -0.446923
-0.112655   -0.169908   0.421656
-0.0286807   -0.128172   -0.0188817
-0.372834   0.253645   -0.296602
0.0815389   0.0107255   -0.228627
-0.152797   0.0420872   0.460241
-0.175458   0.495514   -0.425053
-0.493151   0.0797357   -0.271472
-0.43048   0.172475   -0.0796931
-0.423937   -0.10925   0.0199803
0.271245   -0.14654   -0.22324
0.499695   0.0552057   -0.46113
0.404516   0.0719065   -0.38016
-0.0627615   -0.106416   0.339548
0.230579   0.00832423   0.231753
-0.42347   0.378659   0.463911
0.0429999   -0.270701   -0.279344
0.469485   0.338549   -0.19817
-0.498858   0.263459   -0.305112
-0.311275   -0.445638   0.432235
0.359068   -0.281332   0.120401
0.0765088   0.191116   -0.147596
0.0763813   -0.364402   0.0927854
0.471012   -0.299972   -0.0566623
0.0505814   0.468228   -0.178064
0.0654493   -0.0569384   0.427797
-0.318779   0.0626422   -0.352244
0.295473   0.479033   -0.296008
0.031492   0.0588083   -0.15971
0.45417   0.016399   0.477556
0.0867299   -0.455366   -0.158033
-0.0783214   -0.0518992   0.0119557
0.423331   -0.0909019   -0.383431
0.389269   -0.289611   0.407566
-0.42133   0.305175   0.491507
0.4697   -0.40208   0.0356687
0.358485   -0.472353   -0.463538
0.407569   0.197154   0.49831
-0.291422   0.426684   0.198338
0.15364   -0.351268   -0.4031
0.207703   -0.103625   0.247452
-0.466084   -0.0235139   -0.292369
0.02584   -0.153921   0.405502
-0.394161   -0.402933   -0.103872
0.125799   0.314768   -0.117008
-0.40869   -0.206733   0.343427
-0.023742   0.284729   0.0579045
-0.0397304   0.0826766   -0.48201
-0.289537   0.0695636   0.311611
-0.339369   -0.125681   -0.352912
0.378087   0.223032   0.0293316
-0.274348   -0.204108   -0.367134
0.341981   0.285575   -0.00251527
0.296538   -0.0676271   -0.2673
0.444687   0.281529   -0.0512866
-0.0629027   0.264095   0.164549
0.27999   -0.287646   0.283162
0.447324   -0.0186646   0.303498
0.201163   0.169197   -0.123561
0.18506   0.197493   0.14976
0.496748   -0.0639374   -0.419018
0.421811   0.292764   0.471741
0.325175   -0.313562   -0.493315
0.247868   -0.235429   -0.480231
0.0252806   0.112136   0.41389
0.407981   -0.00933056   -0.341634
0.144237   0.497364   -0.445982
-0.200897   0.472763   0.39431
0.250574   -0.204443   0.246476
0.128451   0.27589   0.214551
-0.103311   0.341424   -0.28126
0.0960624   0.325064   0.440325
-0.435692   0.465379   -0.417594
0.446491   0.00669631   -0.407496
-0.322081   -0.3514   0.152669
-0.378977   0.423909   0.255507
-0.0557085   -0.377705   0.153319
0.463739   -0.115725   0.287736
0.0694132   0.38709   0.355828
0.218808   -0.418597   -0.477629
-0.0205174   -0.183608   -0.289746
-0.189733   -0.162087   -0.223916
-0.241308   -0.0283052   0.0139077
-0.00711147   -0.0540335   -0.380751
-0.321271   -0.191762   0.253989
0.311461   -0.413615   0.493421
-0.46321   0.278929   -0.443533
-0.373353   -0.0307464   -0.346458
-0.0928245   0.0472666   0.0521553
0.041576   -0.41267   0.153962
-0.437798   0.018172   -0.42716
0.0552748   0.007258   0.496716
-0.415748   -0.154794   -0.0503131
-0.0276013   -0.245589   -0.0971569
0.457217   0.00145278   -0.0659753
0.472973   -0.291608   0.286176
0.107019   0.422856   -0.441221
-0.160275   -0.448091   0.362162
