 1 13.52 13.52 0
 2 2 7.76 5.76
 3 1.28 5.6 3.96545
 4 0.72 4.38 3.05791
 5 3.92 4.288 2.37043
 6 2 3.90667 1.97266
 7 8 4.49143 1.76678
 8 9.68 5.14 1.66186
 9 6.48 5.28889 1.47316
 10 2.88 5.048 1.33948
 11 2 4.77091 1.24288
 12 5.12 4.8 1.13496
 13 3.92 4.73231 1.04621
 14 2.88 4.6 0.977595
 15 0.72 4.34133 0.946137
 16 0.72 4.115 0.913512
 17 2 3.99059 0.867068
 18 0 3.76889 0.847008
 19 0.08 3.57474 0.824378
 20 0.72 3.432 0.794993
 21 0.32 3.28381 0.770573
 22 2.88 3.26545 0.734941
 23 2 3.21043 0.704413
 24 3.92 3.24 0.675072
 25 2 3.1904 0.649403
 26 5.12 3.26462 0.628325
 27 6.48 3.3837 0.616222
 28 8 3.54857 0.616269
 29 13.52 3.89241 0.686894
 30 2.88 3.85867 0.66446
 31 5.12 3.89935 0.643955
 32 2 3.84 0.626326
 33 1.28 3.76242 0.611986
 34 0.72 3.67294 0.600419
 35 0.32 3.57714 0.59083
 36 5.12 3.62 0.575781
 37 3.92 3.62811 0.560062
 38 6.48 3.70316 0.550266
 39 6.48 3.77436 0.54068
 40 9.68 3.922 0.54728
 41 6.48 3.98439 0.537399
 42 9.68 4.12 0.541697
 43 1.28 4.05395 0.533057
 44 5.12 4.07818 0.521364
 45 6.48 4.13156 0.512434
 46 6.48 4.18261 0.503764
 47 2.88 4.15489 0.493707
 48 2.88 4.12833 0.484042
 49 2 4.0849 0.476046
 50 3.92 4.0816 0.46644
 51 2.88 4.05804 0.457809
 52 0 3.98 0.455651
 53 0.32 3.91094 0.452275
 54 0.72 3.85185 0.447737
 55 0.72 3.79491 0.443194
 56 6.48 3.84286 0.437841
 57 8 3.91579 0.436231
 58 8 3.98621 0.434389
 59 13.52 4.1478 0.456518
 60 18 4.37867 0.50474
 61 20.48 4.64262 0.562213
 62 25.92 4.98581 0.650893
 63 25.92 5.3181 0.721545
 64 1.28 5.255 0.712979
 65 1.28 5.19385 0.704583
 66 3.92 5.17455 0.694094
 67 3.92 5.15582 0.683913
 68 8 5.19765 0.675077
 69 5.12 5.19652 0.665222
 70 6.48 5.21486 0.655906
 71 5.12 5.21352 0.646604
 72 3.92 5.19556 0.637813
 73 8 5.23397 0.630187
 74 5.12 5.23243 0.621615
 75 8 5.26933 0.61438
 76 13.52 5.37789 0.615885
 77 5.12 5.37455 0.607843
 78 5.12 5.37128 0.600009
 79 1.28 5.31949 0.594625
 80 1.28 5.269 0.589312
 81 3.92 5.25235 0.582229
 82 2.88 5.22341 0.575812
 83 0.32 5.16434 0.571892
 84 0.32 5.10667 0.567978
 85 1.28 5.06165 0.563059
 86 13.52 5.16 0.565098
 87 8 5.19264 0.559518
 88 0.72 5.14182 0.555454
 89 0.72 5.09213 0.55142
 90 5.12 5.09244 0.545259
 91 3.92 5.07956 0.539387
 92 0.72 5.03217 0.535593
 93 1.28 4.99183 0.531336
 94 1.28 4.95234 0.527135
 95 0 4.90021 0.524155
 96 1.28 4.8625 0.520035
 97 3.92 4.85278 0.514738
 98 2.88 4.83265 0.509856
 99 2.88 4.81293 0.505065
 100 0 4.7648 0.5023
 101 2.88 4.74614 0.497652
 102 9.68 4.79451 0.495117
 103 18 4.92272 0.506773
 104 15.68 5.02615 0.512424
 105 11.52 5.088 0.511275
 106 6.48 5.10113 0.506599
 107 9.68 5.14393 0.503663
 108 6.48 5.1563 0.499131
 109 11.52 5.21468 0.497965
 110 15.68 5.30982 0.502506
 111 15.68 5.40324 0.506646
 112 11.52 5.45786 0.505064
 113 5.12 5.45487 0.500583
 114 9.68 5.49193 0.497555
 115 3.92 5.47826 0.493399
 116 2.88 5.45586 0.48964
 117 5.12 5.45299 0.485445
 118 2.88 5.43119 0.481807
 119 2.88 5.40975 0.478222
 120 1.28 5.37533 0.475467
 121 0.08 5.33157 0.473548
 122 0 5.28787 0.471679
 123 0.32 5.24748 0.469569
 124 0.32 5.20774 0.467459
 125 0.72 5.17184 0.465092
 126 0.08 5.13143 0.463152
 127 0.32 5.09354 0.46105
 128 0.32 5.05625 0.458952
 129 0.32 5.01953 0.456858
 130 1.28 4.99077 0.454241
 131 0.32 4.95511 0.452168
 132 0.08 4.91818 0.450247
 133 3.92 4.91068 0.446912
 134 2.88 4.89552 0.443823
 135 1.28 4.86874 0.441337
 136 2 4.84765 0.438587
 137 1.28 4.82161 0.436152
 138 0.32 4.78899 0.434207
 139 0.08 4.75511 0.432401
 140 0.08 4.72171 0.430598
 141 2 4.70241 0.427969
 142 1.28 4.67831 0.425627
 143 1.28 4.65455 0.423308
 144 1.28 4.63111 0.421011
 145 2 4.61297 0.418491
 146 2.88 4.6011 0.415784
 147 2 4.5834 0.413325
 148 6.48 4.59622 0.410722
 149 5.12 4.59973 0.407972
 150 2.88 4.58827 0.405405
 151 3.92 4.58384 0.402736
 152 1.28 4.56211 0.400667
 153 3.92 4.55791 0.398062
 154 0.72 4.53299 0.396253
 155 5.12 4.53677 0.393707
 156 13.52 4.59436 0.395391
 157 11.52 4.63847 0.395333
 158 6.48 4.65013 0.392996
 159 9.68 4.68176 0.391795
 160 6.48 4.693 0.389501
 161 3.92 4.6882 0.387104
 162 2 4.6716 0.385065
 163 2.88 4.66061 0.382853
 164 2 4.64439 0.380857
 165 2 4.62836 0.378881
 166 2.88 4.61783 0.376739
 167 8 4.63808 0.375023
 168 13.52 4.69095 0.376515
 169 13.52 4.7432 0.377909
 170 13.52 4.79482 0.37921
 171 18 4.87205 0.384814
 172 11.52 4.9107 0.384518
 173 5.12 4.91191 0.38229
 174 9.68 4.93931 0.381074
 175 11.52 4.97691 0.380751
 176 25.92 5.09591 0.396842
 177 8 5.11232 0.394935
 178 13.52 5.15955 0.39554
 179 15.68 5.21832 0.397691
 180 20.48 5.30311 0.404463
 181 18 5.37326 0.408293
 182 13.52 5.41802 0.408503
 183 25.92 5.53005 0.421429
 184 25.92 5.64087 0.433534
 185 15.68 5.69514 0.434586
 186 20.48 5.77462 0.439491
 187 13.52 5.81604 0.439092
 188 15.68 5.86851 0.439891
 189 3.92 5.8582 0.437679
 190 0.32 5.82905 0.436344
 191 0.32 5.80021 0.43501
 192 2.88 5.785 0.433006
 193 0.32 5.75668 0.431686
 194 0.32 5.72866 0.430369
 195 3.92 5.71938 0.428256
 196 9.68 5.73959 0.426545
 197 0.72 5.71411 0.425138
 198 0.32 5.68687 0.423862
 199 0.08 5.65869 0.422667
 200 2.88 5.6448 0.420778
 201 9.68 5.66488 0.41916
 202 11.52 5.69386 0.418086
 203 5.12 5.69103 0.416031
 204 5.12 5.68824 0.413996
 205 2.88 5.67454 0.412199
 206 0.08 5.64738 0.411091
 207 0.32 5.62164 0.409909
 208 0.72 5.59808 0.408614
 209 2 5.58086 0.407018
 210 1.28 5.56038 0.405593
 211 0 5.53403 0.404525
 212 0.08 5.5083 0.403434
 213 0.72 5.48582 0.402164
 214 1.28 5.46617 0.400763
 215 2 5.45005 0.39922
 216 0.08 5.42519 0.398144
 217 0.08 5.40055 0.39707
 218 0.72 5.37908 0.395827
 219 1.28 5.36037 0.39446
 220 0 5.336 0.393418
 221 0.32 5.3133 0.392291
 222 2 5.29838 0.390805
 223 2 5.28359 0.38933
 224 6.48 5.28893 0.387624
 225 11.52 5.31662 0.38689
 226 18 5.37274 0.389242
 227 15.68 5.41815 0.390174
 228 15.68 5.46316 0.391058
 229 6.48 5.4676 0.389372
 230 3.92 5.46087 0.387733
 231 2.88 5.4497 0.386213
 232 0.72 5.42931 0.385085
 233 1.28 5.4115 0.383842
 234 0.08 5.38872 0.382876
 235 0.08 5.36613 0.381912
 236 0 5.34339 0.38097
 237 1.28 5.32624 0.379746
 238 0.72 5.30689 0.378642
 239 0.08 5.28502 0.377688
 240 0.32 5.26433 0.37668
 241 2 5.25079 0.375358
 242 0.32 5.23041 0.374359
 243 0.32 5.21021 0.373362
 244 0.72 5.1918 0.372284
 245 0.32 5.17192 0.371294
 246 5.12 5.17171 0.369782
 247 6.48 5.177 0.36832
 248 3.92 5.17194 0.366867
 249 2 5.1592 0.365612
 250 0.08 5.13888 0.364713
 251 0.32 5.11968 0.363764
 252 0.08 5.09968 0.362869
 253 0.32 5.08079 0.361926
 254 2 5.06866 0.360702
 255 2.88 5.06008 0.359387
 256 8 5.07156 0.358165
 257 18 5.12187 0.360297
 258 20.48 5.1814 0.363801
 259 25.92 5.26147 0.371135
 260 28.88 5.35231 0.380701
 261 35.28 5.46697 0.396196
 262 28.88 5.55634 0.404671
 263 28.88 5.64502 0.412768
 264 23.12 5.71121 0.416496
 265 35.28 5.82279 0.429662
 266 38.72 5.94647 0.445552
 267 42.32 6.0827 0.464315
 268 28.88 6.16776 0.470336
 269 46.08 6.31613 0.491513
 270 46.08 6.46341 0.511356
 271 38.72 6.58244 0.523186
 272 42.32 6.71382 0.537562
 273 42.32 6.84425 0.551241
 274 38.72 6.96058 0.561411
 275 28.88 7.04029 0.565017
 276 20.48 7.08899 0.565068
 277 28.88 7.16765 0.568493
 278 25.92 7.23511 0.570447
 279 42.32 7.36086 0.582143
 280 42.32 7.48571 0.593345
 281 15.68 7.51488 0.591949
 282 8 7.5166 0.589848
 283 6.48 7.51293 0.587772
 284 6.48 7.5093 0.58571
 285 2 7.48996 0.583971
 286 0.72 7.46629 0.582407
 287 0.08 7.44056 0.580944
 288 0.32 7.41583 0.579452
 289 2 7.39709 0.577747
 290 6.48 7.39393 0.57576
 291 9.68 7.40179 0.573832
 292 6.48 7.39863 0.571872
 293 3.92 7.38676 0.570041
 294 0 7.36163 0.568654
 295 0.08 7.33695 0.56726
 296 1.28 7.31649 0.565711
 297 1.28 7.29616 0.564169
 298 0.72 7.27409 0.562705
 299 0 7.24977 0.561348
 300 2.88 7.2352 0.559663
 301 0.72 7.21355 0.55822
 302 2 7.19629 0.556637
 303 2 7.17914 0.555061
 304 0.72 7.15789 0.55364
 305 0.08 7.13469 0.55231
 306 0.08 7.11163 0.550985
 307 2 7.09498 0.549439
 308 6.48 7.09299 0.547656
 309 15.68 7.12078 0.546588
 310 9.68 7.12903 0.544884
 311 15.68 7.15653 0.543825
 312 15.68 7.18385 0.542767
 313 15.68 7.21099 0.541711
 314 5.12 7.20433 0.540024
 315 2 7.18781 0.53856
 316 0.72 7.16734 0.537243
 317 0 7.14473 0.536023
 318 0.08 7.12252 0.534796
 319 0.32 7.10119 0.533543
 320 0.72 7.08125 0.532247
 321 0.32 7.06019 0.531004
 322 0.72 7.0405 0.529719
 323 2.88 7.02762 0.528233
 324 2.88 7.01481 0.526756
 325 0.08 6.99348 0.525566
 326 2 6.97816 0.524175
 327 8 6.98128 0.522579
 328 5.12 6.97561 0.521014
 329 3.92 6.96632 0.519511
 330 1.28 6.94909 0.518221
 331 0.72 6.93027 0.516996
 332 1.28 6.91325 0.515717
 333 2 6.8985 0.514378
 334 2 6.88383 0.513045
 335 0.72 6.86543 0.511842
 336 1.28 6.84881 0.510587
 337 1.28 6.83228 0.509338
 338 1.28 6.81586 0.508095
 339 0.72 6.79788 0.506913
 340 0.72 6.78 0.505735
 341 5.12 6.77513 0.504274
 342 2 6.76117 0.502991
 343 3.92 6.75289 0.501591
 344 1.28 6.73698 0.500383
 345 1.28 6.72116 0.499182
 346 2 6.70751 0.497924
 347 2.88 6.69648 0.496609
 348 0.08 6.67747 0.495545
 349 1.28 6.66201 0.494365
 350 1.28 6.64663 0.49319
 351 6.48 6.64615 0.491783
 352 0.72 6.62932 0.490673
 353 0.08 6.61076 0.489633
 354 0.08 6.59232 0.488596
 355 0.08 6.57397 0.487563
 356 0.08 6.55573 0.486534
 357 3.92 6.54835 0.485225
 358 1.28 6.53363 0.484092
 359 1.28 6.519 0.482963
 360 2.88 6.50889 0.481726
 361 5.12 6.50504 0.480405
 362 0.72 6.48906 0.479342
 363 1.28 6.47471 0.478235
 364 2.88 6.46484 0.477022
 365 0.32 6.448 0.476011
 366 0 6.43038 0.475036
 367 0.08 6.41308 0.474055
 368 0.32 6.39652 0.473055
 369 0.08 6.3794 0.472082
 370 0.72 6.36411 0.471053
 371 0.72 6.34889 0.470028
 372 1.28 6.33527 0.46896
 373 0.32 6.31914 0.467979
 374 0.32 6.3031 0.467002
 375 2 6.29163 0.465896
 376 9.68 6.30064 0.464743
 377 6.48 6.30111 0.463509
 378 2.88 6.29206 0.46237
 379 3.92 6.2858 0.46119
 380 2.88 6.27684 0.460062
 381 11.52 6.2906 0.45906
 382 15.68 6.31518 0.458516
 383 13.52 6.33399 0.457704
 384 8 6.33833 0.456531
 385 3.92 6.33205 0.455387
 386 6.48 6.33244 0.454206
 387 6.48 6.33282 0.453031
 388 18 6.36289 0.452861
 389 20.48 6.39918 0.453151
 390 9.68 6.40759 0.452066
 391 8 6.41166 0.450926
 392 11.52 6.42469 0.449963
 393 8 6.4287 0.448835
 394 5.12 6.42538 0.447707
 395 18 6.45468 0.447532
 396 25.92 6.50384 0.449099
 397 23.12 6.54569 0.449917
 398 13.52 6.56322 0.449127
 399 13.52 6.58065 0.448339
 400 11.52 6.593 0.447387
 401 8 6.59651 0.446284
 402 3.92 6.58985 0.445222
 403 0.32 6.57429 0.444389
 404 2 6.56297 0.443432
 405 0.08 6.54696 0.442625
 406 0.32 6.53163 0.4418
 407 3.92 6.52521 0.44076
 408 3.92 6.51882 0.439725
 409 2 6.50778 0.438787
 410 0.72 6.49366 0.437943
 411 0.08 6.47805 0.437155
 412 0 6.46233 0.436376
 413 0.08 6.44688 0.435592
 414 0.08 6.4315 0.434811
 415 0.32 6.41677 0.434012
 416 0.08 6.40154 0.433235
 417 2 6.39098 0.432324
 418 0.08 6.37589 0.431553
 419 0.72 6.36239 0.430733
 420 0.72 6.34895 0.429916
 421 0.32 6.33463 0.429133
 422 0.08 6.31981 0.428371
 423 0 6.30487 0.427618
 424 0.32 6.29075 0.426842
 425 0.32 6.27671 0.426068
 426 0.08 6.26216 0.425316
 427 0.32 6.24824 0.424547
 428 2 6.23832 0.42367
 429 2.88 6.23049 0.422754
 430 2.88 6.2227 0.421841
 431 3.92 6.21735 0.420895
 432 3.92 6.21204 0.419953
 433 3.92 6.20674 0.419016
 434 0.72 6.1941 0.41824
 435 0.08 6.18005 0.417515
 436 0.08 6.16606 0.416791
 437 0.08 6.15213 0.416069
 438 0.08 6.13826 0.415349
 439 0.72 6.12592 0.414586
 440 0.08 6.11218 0.413871
 441 0.32 6.09905 0.41314
 442 1.28 6.08814 0.412348
 443 0.72 6.07603 0.411595
 444 0 6.06234 0.410895
 445 0 6.04872 0.410197
 446 0.72 6.03677 0.40945
 447 1.28 6.02613 0.408672
 448 0.72 6.01429 0.407931
 449 0.32 6.0016 0.407219
 450 1.28 5.99111 0.406448
 451 2.88 5.98421 0.405605
 452 0.72 5.97257 0.404874
 453 0.72 5.96097 0.404145
 454 0.32 5.94855 0.403446
 455 5.12 5.94673 0.402562
 456 9.68 5.95491 0.401762
 457 11.52 5.96709 0.401067
 458 13.52 5.98358 0.40053
 459 8 5.98797 0.39968
 460 3.92 5.98348 0.398836
 461 6.48 5.98456 0.397971
 462 11.52 5.99654 0.397289
 463 8 6.00086 0.396454
 464 9.68 6.00879 0.395678
 465 8 6.01308 0.39485
 466 3.92 6.00858 0.394027
 467 15.68 6.02929 0.393727
 468 9.68 6.03709 0.392963
 469 9.68 6.04486 0.392201
 470 13.52 6.06077 0.391688
 471 13.52 6.0766 0.391177
 472 15.68 6.09695 0.390877
 473 8 6.10097 0.39007
 474 5.12 6.0989 0.389252
 475 6.48 6.09971 0.388432
 476 2.88 6.09294 0.387675
 477 2.88 6.08621 0.38692
 478 9.68 6.09372 0.386183
 479 6.48 6.09453 0.385376
 480 6.48 6.09533 0.384573
 481 3.92 6.09081 0.3838
 482 2.88 6.08415 0.383061
 483 2 6.07569 0.38236
 484 1.28 6.06579 0.381698
 485 2 6.0574 0.381002
 486 0.72 6.04642 0.380376
 487 0.08 6.03417 0.379792
 488 0.32 6.02246 0.379194
 489 6.48 6.02339 0.378419
 490 11.52 6.03461 0.377812
 491 11.52 6.04578 0.377207
 492 9.68 6.05317 0.376512
 493 11.52 6.06426 0.375911
 494 15.68 6.08372 0.375654
 495 13.52 6.09875 0.375196
 496 6.48 6.09952 0.374439
 497 3.92 6.09513 0.373711
 498 2 6.08691 0.37305
 499 5.12 6.08497 0.372307
 500 0.72 6.07424 0.371716
 501 0.32 6.06275 0.371152
 502 0.72 6.05211 0.370564
 503 3.92 6.04787 0.369851
 504 2.88 6.04159 0.36917
 505 8 6.04547 0.368459
 506 20.48 6.07399 0.368835
 507 9.68 6.0811 0.368175
 508 9.68 6.08819 0.367518
 509 8 6.09194 0.366815
 510 6.48 6.09271 0.366095
 511 9.68 6.09973 0.365446
 512 8 6.10344 0.36475
 513 3.92 6.09918 0.364063
 514 6.48 6.09992 0.363355
 515 11.52 6.11045 0.362801
 516 23.12 6.14341 0.363595
 517 25.92 6.18166 0.364902
 518 23.12 6.21436 0.365662
 519 23.12 6.24694 0.366407
 520 23.12 6.27938 0.367138
 521 28.88 6.32276 0.368992
 522 28.88 6.36598 0.370811
 523 20.48 6.39296 0.371084
 524 25.92 6.43023 0.372245
 525 28.88 6.47299 0.373988
 526 28.88 6.51559 0.375699
 527 28.88 6.55803 0.377379
 528 38.72 6.61894 0.381557
 529 42.32 6.68643 0.386769
 530 42.32 6.75366 0.391849
 531 35.28 6.80738 0.394783
 532 35.28 6.8609 0.397658
 533 20.48 6.88645 0.397733
 534 6.48 6.88569 0.396988
 535 11.52 6.89436 0.39634
 536 11.52 6.90299 0.395694
 537 9.68 6.90816 0.394991
 538 6.48 6.90736 0.394257
 539 13.52 6.91963 0.393716
 540 32 6.96607 0.395721
 541 25.92 7.00111 0.396539
 542 20.48 7.02598 0.396588
 543 32 7.07197 0.39852
 544 38.72 7.13015 0.402018
 545 28.88 7.17006 0.403259
 546 25.92 7.2044 0.403982
 547 25.92 7.23861 0.404692
 548 18 7.25825 0.40443
 549 18 7.27781 0.404166
 550 5.12 7.27389 0.40345
 551 6.48 7.27245 0.40272
 552 2 7.2629 0.402103
 553 2 7.25338 0.401488
 554 0.72 7.24159 0.400936
 555 0 7.22854 0.400426
 556 2 7.21914 0.399815
 557 0.72 7.20747 0.399267
 558 0.08 7.1947 0.398756
 559 1.28 7.18411 0.398182
 560 0.72 7.17257 0.397638
 561 0.32 7.16036 0.397117
 562 2 7.15117 0.396516
 563 11.52 7.15893 0.395887
 564 6.48 7.15773 0.395186
 565 9.68 7.16219 0.394512
 566 9.68 7.16664 0.393839
 567 13.52 7.17785 0.393303
 568 13.52 7.18901 0.392769
 569 20.48 7.21237 0.392773
 570 35.28 7.26161 0.395164
 571 32 7.30494 0.396843
 572 32 7.34811 0.398494
 573 42.32 7.40914 0.402453
 574 50 7.48334 0.408546
 575 42.32 7.54393 0.41231
 576 28.88 7.58097 0.413257
 577 13.52 7.59127 0.412669
 578 8 7.59197 0.411955
 579 9.68 7.59558 0.411259
 580 8 7.59628 0.41055
 581 11.52 7.60303 0.409898
 582 11.52 7.60976 0.409248
 583 15.68 7.6236 0.40878
 584 23.12 7.65014 0.408942
 585 9.68 7.65361 0.408257
 586 8 7.6542 0.40756
 587 9.68 7.65765 0.40688
 588 2 7.64803 0.406301
 589 2 7.63844 0.405724
 590 0.72 7.62671 0.405205
 591 0 7.61381 0.404725
 592 0.72 7.60216 0.404208
 593 0 7.58934 0.40373
 594 0.32 7.5771 0.403235
 595 2 7.56773 0.402666
 596 5.12 7.56362 0.402011
 597 6.48 7.56181 0.401341
 598 5.12 7.55773 0.40069
 599 0.08 7.54524 0.400215
 600 0.32 7.5332 0.399729
 601 5.12 7.52918 0.399084
 602 0.72 7.51787 0.398581
 603 0.32 7.50594 0.398098
 604 0 7.49351 0.397633
 605 2 7.48443 0.397079
 606 8 7.48528 0.396424
 607 9.68 7.4889 0.395787
 608 5.12 7.485 0.395155
 609 8 7.48585 0.394506
 610 9.68 7.48944 0.393875
 611 9.68 7.49303 0.393247
 612 3.92 7.48719 0.392647
 613 2 7.47824 0.392108
 614 1.28 7.46814 0.391599
 615 0.32 7.45652 0.391134
 616 0.08 7.44455 0.390683
 617 0.32 7.433 0.39022
 618 2 7.42421 0.389687
 619 5.12 7.42048 0.389075
 620 6.48 7.41897 0.38845
 621 5.12 7.41527 0.387841
 622 8 7.41621 0.387218
 623 0.72 7.40546 0.386746
 624 2.88 7.39821 0.386194
 625 0.72 7.38752 0.385723
 626 0.72 7.37687 0.385254
 627 0.32 7.36561 0.384803
 628 1.28 7.35592 0.384312
 629 0.72 7.34537 0.383846
 630 0.32 7.33422 0.383398
 631 3.92 7.32881 0.382829
 632 2.88 7.32177 0.382287
 633 3.92 7.3164 0.381721
 634 6.48 7.31508 0.38112
 635 3.92 7.30973 0.380557
 636 5.12 7.30629 0.379974
 637 5.12 7.30286 0.379393
 638 8 7.30395 0.378799
 639 1.28 7.29452 0.378323
 640 0 7.28312 0.377903
 641 0.72 7.27289 0.377452
 642 2.88 7.26604 0.376926
 643 2 7.25785 0.376429
 644 6.48 7.25665 0.375846
 645 0.08 7.24552 0.375427
 646 0.08 7.23443 0.37501
 647 5.12 7.23116 0.374444
 648 0.08 7.22012 0.374028
 649 0.72 7.21011 0.373586
 650 0.32 7.19951 0.373161
 651 1.28 7.19041 0.372699
 652 1.28 7.18135 0.372237
 653 0.72 7.17145 0.371798
 654 0.08 7.16061 0.371388
 655 0 7.14968 0.370981
 656 0 7.13878 0.370576
 657 1.28 7.12986 0.370119
 658 0.08 7.11915 0.369711
 659 0.32 7.10883 0.369294
 660 0.72 7.09915 0.368861
 661 0.72 7.0895 0.368429
 662 3.92 7.08471 0.367903
 663 2.88 7.07837 0.367402
 664 5.12 7.07542 0.36686
 665 1.28 7.06671 0.366412
 666 0.72 7.05718 0.365986
 667 0.08 7.04672 0.365586
 668 1.28 7.03808 0.36514
 669 0.08 7.02768 0.364743
 670 0.72 7.01827 0.364319
 671 1.28 7.00972 0.363877
 672 2.88 7.00357 0.363387
 673 0.32 6.99364 0.362982
 674 0.32 6.98374 0.362578
 675 1.28 6.97529 0.36214
 676 0 6.96497 0.361751
 677 0.72 6.95575 0.361334
 678 13.52 6.96543 0.36093
 679 15.68 6.97826 0.360627
 680 20.48 6.99812 0.360643
 681 15.68 7.01087 0.360339
 682 9.68 7.01478 0.359831
 683 3.92 7.01025 0.359332
 684 1.28 7.00187 0.358905
 685 1.28 6.99352 0.358478
 686 2.88 6.98752 0.358005
 687 2.88 6.98154 0.357533
 688 6.48 6.98081 0.357014
 689 5.12 6.97811 0.356506
 690 5.12 6.97542 0.355999
 691 15.68 6.98802 0.355706
 692 13.52 6.99746 0.355317
 693 13.52 7.00687 0.354929
 694 5.12 7.00415 0.354428
 695 0.72 6.99511 0.354033
 696 2 6.98793 0.353597
 697 0 6.97791 0.353231
 698 0.72 6.96894 0.352839
 699 0.72 6.96 0.352447
 700 0.08 6.95017 0.35208
 701 0 6.94026 0.351718
 702 0.72 6.9314 0.351328
 703 0.32 6.92199 0.350954
 704 0.72 6.91318 0.350566
 705 2.88 6.90746 0.350115
 706 1.28 6.89949 0.349709
 707 0.08 6.88984 0.349348
 708 2 6.88294 0.348922
 709 0 6.87323 0.348565
 710 2.88 6.86761 0.348119
 711 13.52 6.87696 0.347755
 712 25.92 6.90371 0.348295
 713 18 6.91927 0.348154
 714 13.52 6.92852 0.347789
 715 15.68 6.94076 0.347518
 716 9.68 6.94458 0.347053
 717 3.92 6.94036 0.346594
 718 0.72 6.9317 0.34622
 719 2 6.92484 0.345806
 720 1.28 6.917 0.345414
 721 1.28 6.90918 0.345023
 722 2.88 6.9036 0.34459
 723 2 6.89682 0.34418
 724 1.28 6.88906 0.343792
 725 3.92 6.88497 0.343342
 726 8 6.8865 0.342872
 727 6.48 6.88594 0.342401
 728 5.12 6.88352 0.341939
 729 11.52 6.88988 0.341529
 730 5.12 6.88745 0.341069
 731 0.72 6.87902 0.340707
 732 2.88 6.87355 0.340285
 733 6.48 6.87302 0.339821
 734 9.68 6.87684 0.339379
 735 6.48 6.8763 0.338917
 736 0.32 6.86739 0.338574
 737 0 6.85807 0.338242
 738 0.72 6.84976 0.337886
 739 0.08 6.8406 0.337553
 740 0.72 6.83232 0.337198
 741 1.28 6.82483 0.336826
 742 0.72 6.8166 0.336472
 743 2 6.81012 0.336082
 744 1.28 6.80269 0.335712
 745 1.28 6.79528 0.335343
 746 2.88 6.79003 0.334934
 747 3.92 6.78618 0.334508
 748 6.48 6.78578 0.33406
 749 3.92 6.78195 0.333636
 750 2 6.77557 0.333252
 751 2 6.76921 0.332868
 752 0.32 6.76064 0.332536
 753 1.28 6.75336 0.332174
 754 3.92 6.7496 0.331754
 755 2.88 6.74448 0.331354
 756 1.28 6.73725 0.330995
 757 2.88 6.73215 0.330596
 758 0.08 6.72338 0.330277
 759 0.72 6.71547 0.329936
 760 0.08 6.70674 0.329617
 761 0.08 6.69803 0.329299
 762 0.72 6.69018 0.32896
 763 1.28 6.68309 0.328605
 764 0.08 6.67445 0.328289
 765 0.72 6.66667 0.327952
 766 2.88 6.66172 0.32756
 767 5.12 6.65971 0.327139
 768 9.68 6.66365 0.326737
 769 13.52 6.67256 0.326433
 770 6.48 6.67231 0.326009
 771 6.48 6.67206 0.325586
 772 6.48 6.67181 0.325164
 773 9.68 6.67571 0.324767
 774 3.92 6.67214 0.324366
 775 6.48 6.6719 0.323948
 776 3.92 6.66835 0.323549
 777 6.48 6.66811 0.323133
 778 2.88 6.66324 0.322754
 779 2 6.65725 0.322395
 780 2.88 6.65241 0.322018
 781 0.08 6.64399 0.321715
 782 0.32 6.63591 0.321405
 783 6.48 6.63571 0.320995
 784 6.48 6.63551 0.320585
 785 3.92 6.63205 0.320195
 786 3.92 6.6286 0.319806
 787 13.52 6.63736 0.319519
 788 15.68 6.64883 0.31932
 789 15.68 6.66028 0.31912
 790 20.48 6.67777 0.319196
 791 15.68 6.68915 0.318995
 792 18 6.70343 0.318912
 793 23.12 6.72414 0.319182
 794 20.48 6.74146 0.31925
 795 15.68 6.7527 0.319046
 796 15.68 6.76392 0.318842
 797 15.68 6.77511 0.318639
 798 20.48 6.79228 0.318702
 799 13.52 6.8007 0.318414
 800 9.68 6.8043 0.318036
 801 15.68 6.81538 0.317832
 802 18 6.82933 0.317742
 803 18 6.84324 0.317651
 804 15.68 6.85423 0.317446
 805 20.48 6.87116 0.317503
 806 15.68 6.88208 0.317297
 807 13.52 6.89031 0.31701
 808 2.88 6.88535 0.316656
 809 18 6.89909 0.316563
 810 8 6.90044 0.316175
 811 5.12 6.89825 0.315792
 812 0.32 6.89015 0.315507
 813 1.28 6.88325 0.315195
 814 1.28 6.87636 0.314882
 815 2.88 6.87146 0.314534
 816 2 6.86549 0.314205
 817 0.32 6.85748 0.313922
 818 0.08 6.84919 0.313648
 819 0.32 6.84122 0.313366
 820 0.08 6.83298 0.313092
 821 0.08 6.82475 0.312819
 822 1.28 6.818 0.312511
 823 3.92 6.81448 0.312151
 824 2 6.80864 0.311826
 825 2 6.80281 0.311503
 826 2.88 6.79806 0.311162
 827 0.32 6.79023 0.310884
 828 2.88 6.78551 0.310544
 829 2 6.77973 0.310223
 830 0.08 6.77166 0.309954
 831 2 6.76592 0.309634
 832 0 6.75779 0.309369
 833 1.28 6.75121 0.309067
 834 2.88 6.74657 0.308731
 835 11.52 6.75229 0.308414
 836 6.48 6.75196 0.308045
 837 1.28 6.74542 0.307746
 838 1.28 6.7389 0.307448
 839 2.88 6.7343 0.307116
 840 1.28 6.72781 0.306819
 841 3.92 6.72447 0.306472
 842 2 6.71886 0.306159
 843 0.32 6.71127 0.30589
 844 0.32 6.7037 0.305621
 845 2 6.69813 0.30531
 846 2.88 6.69362 0.304982
 847 11.52 6.69932 0.304675
 848 18 6.71264 0.304607
 849 15.68 6.7232 0.304432
 850 18 6.73647 0.304363
 851 11.52 6.74209 0.304057
 852 2.88 6.73756 0.303733
 853 2.88 6.73304 0.303411
 854 2 6.72749 0.303106
 855 8 6.72898 0.302755
 856 9.68 6.73243 0.302421
 857 18 6.74558 0.302354
 858 6.48 6.74527 0.302001
 859 5.12 6.74338 0.301655
 860 2 6.73786 0.301355
 861 3.92 6.73459 0.301023
 862 6.48 6.73429 0.300673
 863 8 6.73576 0.300328
 864 3.92 6.7325 0.299998
 865 5.12 6.73064 0.299657
 866 5.12 6.72878 0.299316
 867 5.12 6.72692 0.298977
 868 5.12 6.72507 0.298638
 869 1.28 6.7188 0.29836
 870 1.28 6.71255 0.298082
 871 5.12 6.71072 0.297745
 872 2.88 6.70633 0.297436
 873 3.92 6.70314 0.297112
 874 0.08 6.69556 0.296869
 875 0.32 6.68827 0.296619
 876 2 6.68292 0.296329
 877 2 6.67758 0.296039
 878 1.28 6.67144 0.295765
 879 0.08 6.66394 0.295524
 880 0.08 6.65645 0.295283
 881 0.72 6.64972 0.295024
 882 6.48 6.64952 0.294689
 883 2.88 6.64525 0.294387
 884 8 6.64679 0.294057
 885 0.32 6.63964 0.293812
 886 3.92 6.63657 0.293496
 887 0.72 6.6299 0.293241
 888 0.72 6.62324 0.292986
 889 0.72 6.6166 0.292732
 890 0.72 6.60998 0.292478
 891 2 6.6048 0.292195
 892 9.68 6.60825 0.291888
 893 3.92 6.60524 0.291576
 894 0.72 6.59866 0.291324
 895 1.28 6.59272 0.291059
 896 0 6.58536 0.290827
 897 0.08 6.5781 0.290593
 898 1.28 6.5722 0.290329
 899 3.92 6.56925 0.290021
 900 1.28 6.56338 0.289759
 901 0.32 6.55645 0.28952
 902 0.72 6.54998 0.289271
 903 2.88 6.54591 0.288979
 904 2 6.54088 0.288703
 905 0.32 6.53401 0.288466
 906 0.72 6.52759 0.288219
 907 2.88 6.52357 0.287929
 908 11.52 6.52907 0.287664
 909 8 6.53069 0.287352
 910 2.88 6.52668 0.287064
 911 2 6.52171 0.286792
 912 0.08 6.51465 0.286564
 913 1.28 6.50892 0.286308
 914 0 6.50179 0.286083
 915 0.72 6.49548 0.28584
 916 0.08 6.48847 0.285614
 917 0.32 6.48174 0.285381
 918 2.88 6.47782 0.285097
 919 2 6.47295 0.284828
 920 1.28 6.4673 0.284575
 921 0.08 6.46037 0.28435
 922 2.88 6.45649 0.284068
 923 2.88 6.45261 0.283787
 924 0.72 6.44641 0.283547
 925 1.28 6.44082 0.283295
 926 0.32 6.43421 0.283067
 927 0 6.42727 0.282846
 928 0.72 6.42112 0.282608
 929 0.72 6.41498 0.282371
 930 0.72 6.40886 0.282133
 931 0.72 6.40275 0.281896
 932 0.32 6.39622 0.281669
 933 1.28 6.39074 0.281421
 934 3.92 6.38809 0.281132
 935 8 6.38982 0.280836
 936 6.48 6.38991 0.280536
 937 2.88 6.38617 0.280261
 938 3.92 6.38354 0.279975
 939 2 6.37887 0.279715
 940 0.08 6.37217 0.279498
 941 0.72 6.36616 0.279265
 942 2.88 6.36246 0.278993
 943 0.08 6.3558 0.278777
 944 0.72 6.34983 0.278545
 945 8 6.35158 0.278256
 946 13.52 6.35915 0.278065
 947 25.92 6.37981 0.278538
 948 13.52 6.38734 0.278346
 949 13.52 6.39486 0.278154
 950 15.68 6.40463 0.278033
 951 18 6.41682 0.278008
 952 20.48 6.4316 0.278109
 953 25.92 6.45205 0.278568
 954 18 6.46415 0.278539
 955 11.52 6.46945 0.278298
 956 9.68 6.4728 0.278027
 957 11.52 6.47808 0.277786
 958 11.52 6.48334 0.277546
 959 11.52 6.48859 0.277306
 960 13.52 6.49592 0.277114
 961 8 6.49748 0.27683
 962 13.52 6.50478 0.276638
 963 13.52 6.51207 0.276447
 964 13.52 6.51934 0.276256
 965 11.52 6.52452 0.276018
 966 13.52 6.53176 0.275827
 967 18 6.54362 0.275797
 968 13.52 6.55083 0.275606
 969 8 6.55232 0.275325
 970 5.12 6.55085 0.275045
 971 3.92 6.54814 0.274775
 972 3.92 6.54543 0.274506
 973 0.08 6.53879 0.274304
 974 0.08 6.53216 0.274102
 975 0.72 6.52619 0.273886
 976 0.08 6.51959 0.273685
 977 8 6.52111 0.273409
 978 9.68 6.52434 0.273148
 979 8 6.52584 0.272873
 980 1.28 6.52049 0.272647
 981 0.72 6.51458 0.272433
 982 3.92 6.51193 0.272169
 983 0 6.50531 0.271972
 984 0 6.4987 0.271776
 985 1.28 6.4934 0.271552
 986 1.28 6.48811 0.271328
 987 2.88 6.48446 0.271077
 988 2.88 6.48081 0.270827
 989 13.52 6.48793 0.270647
 990 18 6.49956 0.270624
 991 18 6.51116 0.270599
 992 25.92 6.53073 0.271033
 993 28.88 6.55323 0.271694
 994 8 6.55469 0.271425
 995 3.92 6.55204 0.271165
 996 9.68 6.55518 0.27091
 997 18 6.56666 0.270882
 998 18 6.57812 0.270853
 999 18 6.58955 0.270823
 1000 13.52 6.59648 0.270641
 1001 20.48 6.61035 0.270726
 1002 13.52 6.61725 0.270543
 1003 18 6.62859 0.270512
 1004 23.12 6.64502 0.270741
 1005 11.52 6.64987 0.270515
 1006 8 6.65121 0.270249
 1007 6.48 6.65104 0.269981
 1008 9.68 6.65405 0.269729
 1009 9.68 6.65705 0.269479
 1010 13.52 6.66384 0.269297
 1011 20.48 6.67751 0.269378
 1012 25.92 6.69652 0.269782
 1013 28.88 6.71842 0.270404
 1014 13.52 6.72513 0.270221
 1015 2 6.72047 0.269994
 1016 0 6.71386 0.26981
 1017 0.08 6.70734 0.269623
 1018 0.32 6.70106 0.269431
 1019 0.32 6.6948 0.269239
 1020 0.08 6.68831 0.269054
 1021 0.08 6.68184 0.268868
 1022 0.08 6.67538 0.268682
 1023 0.08 6.66893 0.268497
 1024 0.72 6.66313 0.268297
 1025 0.32 6.65694 0.268107
 1026 0.08 6.65053 0.267922
 1027 0.08 6.64413 0.267738
 1028 0.08 6.63774 0.267553
 1029 0.32 6.6316 0.267364
 1030 2.88 6.62796 0.267129
 1031 2.88 6.62433 0.266894
 1032 3.92 6.62171 0.266648
 1033 8 6.62304 0.266394
 1034 3.92 6.62043 0.266149
 1035 3.92 6.61782 0.265904
 1036 1.28 6.61266 0.265697
 1037 0.32 6.6066 0.26551
 1038 0.32 6.60054 0.265324
 1039 0.08 6.59426 0.265142
 1040 0.32 6.58823 0.264956
 1041 0.08 6.58198 0.264775
 1042 0.72 6.57635 0.264581
 1043 0.08 6.57012 0.2644
 1044 0.08 6.56391 0.26422
 1045 0.08 6.5577 0.26404
 1046 2.88 6.55419 0.263811
 1047 5.12 6.55282 0.263562
 1048 6.48 6.55275 0.263311
 1049 3.92 6.55024 0.263072
 1050 6.48 6.55017 0.262821
 1051 6.48 6.5501 0.262571
 1052 5.12 6.54875 0.262325
 1053 5.12 6.54739 0.262079
 1054 9.68 6.55036 0.261847
 1055 13.52 6.55697 0.261682
 1056 11.52 6.56167 0.261476
 1057 2.88 6.55818 0.261252
 1058 0.72 6.55267 0.261063
 1059 0 6.54648 0.26089
 1060 2 6.54219 0.260679
 1061 8 6.54356 0.260437
 1062 32 6.56753 0.261293
 1063 32 6.59146 0.262142
 1064 25.92 6.60962 0.262524
 1065 20.48 6.62265 0.262601
 1066 20.48 6.63565 0.262676
 1067 25.92 6.65372 0.263052
 1068 32 6.67745 0.263875
 1069 32 6.70114 0.26469
 1070 15.68 6.70953 0.264575
 1071 20.48 6.72239 0.264641
 1072 15.68 6.73075 0.264526
 1073 8 6.73193 0.264282
 1074 6.48 6.73169 0.264036
 1075 3.92 6.72908 0.263803
 1076 6.48 6.72885 0.263558
 1077 3.92 6.72624 0.263326
 1078 0.72 6.72067 0.263141
 1079 0 6.71444 0.26297
 1080 0 6.70822 0.2628
 1081 0 6.70202 0.26263
 1082 1.28 6.69701 0.262435
 1083 0.08 6.6909 0.262264
 1084 0.32 6.68502 0.262088
 1085 0.32 6.67915 0.261912
 1086 0.32 6.6733 0.261736
 1087 0.08 6.66723 0.261566
 1088 2 6.66294 0.26136
 1089 3.92 6.66042 0.261132
 1090 1.28 6.65549 0.260939
 1091 2 6.65122 0.260735
 1092 5.12 6.64982 0.2605
 1093 8 6.65105 0.260264
 1094 25.92 6.66867 0.260622
 1095 32 6.6918 0.26141
 1096 25.92 6.70934 0.26176
 1097 13.52 6.71555 0.261595
 1098 9.68 6.71825 0.26137
 1099 8 6.71942 0.261135
 1100 3.92 6.71687 0.26091
 1101 2 6.71259 0.260708
 1102 0.32 6.70679 0.260536
 1103 1.28 6.70187 0.260346
 1104 0.72 6.69645 0.260167
 1105 0.32 6.69068 0.259995
 1106 2 6.68644 0.259794
 1107 1.28 6.68155 0.259606
 1108 1.28 6.67668 0.259417
 1109 5.12 6.67528 0.259187
 1110 0.72 6.66991 0.259009
 1111 0.08 6.66398 0.258844
 1112 5.12 6.66259 0.258614
 1113 3.92 6.66013 0.258394
 1114 8 6.66133 0.258164
 1115 3.92 6.65887 0.257944
 1116 5.12 6.65749 0.257717
 1117 3.92 6.65504 0.257498
 1118 0.08 6.64916 0.257335
 1119 0.08 6.64329 0.257172
 1120 0.72 6.638 0.256996
 1121 0 6.63208 0.256835
 1122 2 6.62795 0.256639
 1123 1.28 6.62319 0.256455
 1124 5.12 6.62185 0.25623
 1125 8 6.62308 0.256005
 1126 8 6.6243 0.255781
 1127 13.52 6.63042 0.255627
 1128 6.48 6.63028 0.2554
 1129 11.52 6.63461 0.255211
 1130 25.92 6.65168 0.255555
 1131 13.52 6.65775 0.255401
 1132 15.68 6.66572 0.2553
 1133 15.68 6.67368 0.255199
 1134 15.68 6.68162 0.255097
 1135 13.52 6.68765 0.254944
 1136 23.12 6.70211 0.255129
 1137 13.52 6.70811 0.254975
 1138 15.68 6.71599 0.254873
 1139 9.68 6.7186 0.254663
 1140 9.68 6.72119 0.254452
 1141 5.12 6.71979 0.254233
 1142 0 6.71391 0.254079
 1143 2 6.70978 0.25389
 1144 1.28 6.70503 0.253712
 1145 0.72 6.69981 0.253544
 1146 0.32 6.69424 0.253384
 1147 2 6.69015 0.253196
 1148 2 6.68606 0.253009
 1149 3.92 6.68366 0.2528
 1150 8 6.6848 0.252582
 1151 5.12 6.68344 0.252367
 1152 5.12 6.68208 0.252151
 1153 11.52 6.68628 0.251967
 1154 8 6.68742 0.251751
 1155 2.88 6.68412 0.251555
 1156 5.12 6.68277 0.251341
 1157 8 6.68391 0.251126
 1158 3.92 6.68152 0.25092
 1159 6.48 6.68135 0.250704
 1160 8 6.68248 0.25049
 1161 3.92 6.6801 0.250286
 1162 8 6.68124 0.250073
 1163 0.72 6.67611 0.24991
 1164 2.88 6.67285 0.249717
 1165 2 6.66884 0.249535
 1166 6.48 6.66868 0.249321
 1167 11.52 6.67284 0.249141
 1168 11.52 6.67699 0.248963
 1169 18 6.68667 0.248938
 1170 23.12 6.70072 0.249122
 1171 13.52 6.70654 0.248977
 1172 9.68 6.70908 0.248777
 1173 5.12 6.70772 0.248569
 1174 3.92 6.70535 0.248368
 1175 6.48 6.70516 0.248157
 1176 5.12 6.70381 0.247949
 1177 15.68 6.71144 0.247856
 1178 18 6.72102 0.247831
 1179 23.12 6.73493 0.248011
 1180 20.48 6.74658 0.248074
 1181 23.12 6.76044 0.248252
 1182 13.52 6.76616 0.248107
 1183 18 6.77566 0.248079
 1184 9.68 6.77811 0.247882
 1185 6.48 6.77786 0.247673
 1186 1.28 6.77322 0.247507
 1187 2 6.7692 0.247331
 1188 2.88 6.76593 0.247145
 1189 0.08 6.7603 0.247001
 1190 5.12 6.75892 0.246797
 1191 3.92 6.75654 0.246601
 1192 6.48 6.75631 0.246394
 1193 6.48 6.75608 0.246188
 1194 6.48 6.75585 0.245982
 1195 20.48 6.76733 0.246044
 1196 13.52 6.77298 0.245903
 1197 28.88 6.79145 0.246391
 1198 20.48 6.80287 0.24645
 1199 13.52 6.80847 0.246308
 1200 5.12 6.80707 0.246107
 1201 5.12 6.80566 0.245906
 1202 8 6.80666 0.245703
 1203 18 6.81596 0.245675
 1204 9.68 6.81834 0.245482
 1205 1.28 6.81374 0.245322
 1206 2 6.80975 0.245151
 1207 3.92 6.80736 0.244959
 1208 5.12 6.80596 0.24476
 1209 3.92 6.80357 0.244569
 1210 9.68 6.80595 0.244379
 1211 2.88 6.80271 0.244198
 1212 9.68 6.80508 0.244008
 1213 6.48 6.80481 0.243807
 1214 8 6.8058 0.243608
 1215 23.12 6.81923 0.243778
 1216 32 6.83993 0.244456
 1217 6.48 6.83964 0.244255
 1218 6.48 6.83934 0.244055
 1219 11.52 6.84318 0.243885
 1220 1.28 6.83862 0.243727
 1221 5.12 6.83722 0.243532
 1222 6.48 6.83692 0.243332
 1223 2 6.83297 0.243166
 1224 0.32 6.82765 0.243025
 1225 2 6.82371 0.242859
 1226 6.48 6.82343 0.242661
 1227 3.92 6.82106 0.242474
 1228 9.68 6.82339 0.242288
 1229 5.12 6.822 0.242095
 1230 11.52 6.82582 0.241928
 1231 18 6.8349 0.241902
 1232 18 6.84396 0.241875
 1233 20.48 6.85502 0.241932
 1234 20.48 6.86606 0.241988
 1235 11.52 6.86983 0.241821
 1236 5.12 6.86841 0.241629
 1237 9.68 6.87069 0.241445
 1238 3.92 6.8683 0.241261
 1239 0.08 6.86282 0.241129
 1240 2 6.8589 0.240966
 1241 8 6.85982 0.240774
 1242 11.52 6.86357 0.240609
 1243 11.52 6.86732 0.240445
 1244 6.48 6.86701 0.240251
 1245 2 6.8631 0.24009
 1246 9.68 6.86536 0.239908
 1247 3.92 6.863 0.239727
 1248 8 6.86391 0.239537
 1249 9.68 6.86616 0.239356
 1250 13.52 6.87149 0.239223
 1251 8 6.87239 0.239034
 1252 8 6.87329 0.238844
 1253 3.92 6.87093 0.238665
 1254 2 6.86705 0.238506
 1255 6.48 6.86674 0.238317
 1256 3.92 6.86439 0.238138
 1257 5.12 6.86301 0.237953
 1258 0.72 6.85812 0.237814
 1259 3.92 6.85579 0.237636
 1260 0.72 6.85092 0.237497
 1261 0.32 6.84574 0.237366
 1262 2.88 6.8426 0.237198
 1263 2.88 6.83946 0.237031
 1264 2 6.83563 0.236874
 1265 0.32 6.83048 0.236743
 1266 0 6.82509 0.236618
 1267 0.72 6.82027 0.23648
 1268 2 6.81647 0.236324
 1269 1.28 6.8121 0.236178
 1270 0.72 6.80731 0.236041
 1271 1.28 6.80296 0.235895
 1272 0 6.79761 0.23577
 1273 0 6.79227 0.235645
 1274 2.88 6.7892 0.23548
 1275 1.28 6.78488 0.235335
 1276 0 6.77956 0.235211
 1277 0 6.77425 0.235086
 1278 0.32 6.7692 0.234957
 1279 0.08 6.76397 0.234831
 1280 0.32 6.75894 0.234702
 1281 1.28 6.75466 0.234557
 1282 0.72 6.74995 0.234422
 1283 0.32 6.74494 0.234292
 1284 0 6.73969 0.234169
 1285 0.08 6.73451 0.234044
 1286 0 6.72927 0.23392
 1287 0.32 6.72429 0.233792
 1288 0.32 6.71932 0.233663
 1289 0 6.7141 0.23354
 1290 0 6.7089 0.233417
 1291 0.08 6.70376 0.233292
 1292 2 6.70012 0.23314
 1293 3.92 6.69797 0.23297
 1294 3.92 6.69583 0.2328
 1295 8 6.69683 0.232622
 1296 5.12 6.69562 0.232445
 1297 15.68 6.70254 0.232369
 1298 3.92 6.7004 0.2322
 1299 1.28 6.69623 0.232059
 1300 1.28 6.69206 0.231918
 1301 0.08 6.68698 0.231795
 1302 2 6.68338 0.231645
 1303 1.28 6.67923 0.231504
 1304 3.92 6.67712 0.231336
 1305 5.12 6.67592 0.231162
 1306 2 6.67234 0.231013
 1307 0.08 6.6673 0.230891
 1308 0.08 6.66226 0.23077
 1309 0 6.65717 0.230649
 1310 0.72 6.65264 0.230518
 1311 2 6.64909 0.230369
 1312 3.92 6.64701 0.230203
 1313 5.12 6.64585 0.23003
 1314 2.88 6.64298 0.229873
 1315 1.28 6.6389 0.229735
 1316 0.32 6.6341 0.22961
 1317 0.72 6.62961 0.22948
 1318 2.88 6.62677 0.229323
 1319 2.88 6.62393 0.229167
 1320 5.12 6.62279 0.228996
 1321 8 6.62383 0.228825
 1322 3.92 6.62179 0.228661
 1323 9.68 6.6241 0.2285
 1324 3.92 6.62205 0.228336
 1325 0.72 6.6176 0.228207
 1326 0.32 6.61285 0.228085
 1327 0.32 6.60811 0.227962
 1328 0.32 6.60337 0.227839
 1329 0.32 6.59865 0.227717
 1330 0 6.59368 0.2276
 1331 0 6.58873 0.227483
 1332 0.32 6.58402 0.227361
 1333 0.08 6.57914 0.227242
 1334 2 6.57571 0.227098
 1335 0.32 6.57103 0.226976
 1336 0.32 6.56635 0.226854
 1337 0 6.56144 0.226738
 1338 0.32 6.55677 0.226616
 1339 2 6.55337 0.226473
 1340 1.28 6.54943 0.226338
 1341 0.08 6.54461 0.22622
 1342 0.08 6.53979 0.226103
 1343 0.32 6.53516 0.225982
 1344 0.08 6.53036 0.225865
 1345 0.08 6.52556 0.225748
 1346 0.08 6.52077 0.225631
 1347 0 6.51593 0.225515
 1348 0.32 6.51134 0.225395
 1349 1.28 6.50746 0.225261
 1350 0.32 6.50287 0.225141
 1351 2.88 6.50019 0.22499
 1352 0.32 6.49562 0.22487
 1353 0.08 6.49088 0.224754
 1354 0.08 6.48614 0.224638
 1355 2 6.48283 0.224496
 1356 3.92 6.48094 0.224339
 1357 0.72 6.4767 0.224213
 1358 2.88 6.47405 0.224064
 1359 6.48 6.47405 0.223899
 1360 11.52 6.47776 0.223765
 1361 18 6.48623 0.223761
 1362 9.68 6.48858 0.223609
 1363 3.92 6.48669 0.223453
 1364 13.52 6.49185 0.223348
 1365 20.48 6.5021 0.22342
 1366 20.48 6.51233 0.22349
 1367 3.92 6.51043 0.223335
 1368 6.48 6.51041 0.223172
 1369 9.68 6.51272 0.223021
 1370 15.68 6.51942 0.222958
 1371 9.68 6.52172 0.222807
 1372 5.12 6.5207 0.222647
 1373 0.08 6.51601 0.222534
 1374 0 6.51127 0.222423
 1375 0.72 6.50705 0.222301
 1376 11.52 6.5107 0.222169
 1377 2 6.50742 0.222032
 1378 0 6.5027 0.221921
 1379 0.08 6.49804 0.221809
 1380 0.08 6.49339 0.221697
 1381 0.08 6.48875 0.221585
 1382 2.88 6.48614 0.22144
 1383 2.88 6.48353 0.221295
 1384 0.72 6.47936 0.221175
 1385 0.08 6.47474 0.221063
 1386 0.08 6.47013 0.220952
 1387 1.28 6.46639 0.220824
 1388 2 6.46317 0.220688
 1389 0.32 6.45875 0.220574
 1390 0.08 6.45416 0.220463
 1391 2 6.45096 0.220328
 1392 8 6.45207 0.220172
 1393 20.48 6.46214 0.220244
 1394 9.68 6.46445 0.220098
 1395 9.68 6.46675 0.219953
 1396 8 6.46785 0.219798
 1397 2.88 6.46528 0.219655
 1398 0.72 6.46117 0.219537
 1399 0.08 6.45661 0.219427
 1400 0.72 6.45251 0.219309
 1401 0.08 6.44797 0.219199
 1402 0.08 6.44342 0.21909
 1403 0.32 6.43906 0.218977
 1404 0.32 6.4347 0.218865
 1405 8 6.43581 0.218712
 1406 2.88 6.43329 0.218571
 1407 0.32 6.42894 0.218458
 1408 0.72 6.42489 0.218341
 1409 2 6.42175 0.218208
 1410 0.32 6.41742 0.218097
 1411 2.88 6.41491 0.217956
 1412 1.28 6.41127 0.217832
 1413 2.88 6.40878 0.217692
 1414 1.28 6.40515 0.217569
 1415 2.88 6.40266 0.217429
 1416 2.88 6.40017 0.21729
 1417 1.28 6.39656 0.217166
 1418 2 6.39346 0.217035
 1419 0.32 6.38918 0.216925
 1420 0 6.38468 0.216818
 1421 0.72 6.38069 0.216702
 1422 2.88 6.37823 0.216564
 1423 2 6.37515 0.216434
 1424 2 6.37208 0.216303
 1425 1.28 6.36851 0.216181
 1426 0.72 6.36454 0.216066
 1427 0.72 6.36059 0.215951
 1428 0.08 6.35619 0.215844
 1429 0.32 6.35197 0.215734
 1430 2 6.34892 0.215605
 1431 2 6.34588 0.215476
 1432 9.68 6.34821 0.215338
 1433 6.48 6.3483 0.215187
 1434 11.52 6.35191 0.215067
 1435 11.52 6.35551 0.214948
 1436 13.52 6.3605 0.214856
 1437 15.68 6.36699 0.214804
 1438 2.88 6.36456 0.214669
 1439 5.12 6.3637 0.214521
 1440 6.48 6.36378 0.214372
 1441 6.48 6.36386 0.214223
 1442 6.48 6.36394 0.214075
 1443 5.12 6.36308 0.213928
 1444 8 6.36421 0.213783
 1445 9.68 6.36651 0.213647
 1446 9.68 6.3688 0.213512
 1447 13.52 6.37374 0.213421
 1448 9.68 6.37602 0.213286
 1449 11.52 6.37957 0.213168
 1450 15.68 6.38599 0.213118
 1451 18 6.39399 0.213121
 1452 15.68 6.40039 0.21307
 1453 11.52 6.40391 0.212953
 1454 28.88 6.41937 0.213367
 1455 25.92 6.43277 0.213641
 1456 25.92 6.44615 0.213913
 1457 25.92 6.45952 0.214184
 1458 23.12 6.47095 0.214342
 1459 13.52 6.47578 0.214249
 1460 23.12 6.48718 0.214406
 1461 25.92 6.50048 0.214672
 1462 35.28 6.52016 0.215426
 1463 32 6.53758 0.215982
 1464 20.48 6.5471 0.216044
 1465 23.12 6.55842 0.216193
 1466 32 6.57577 0.216741
 1467 28.88 6.59097 0.217127
 1468 42.32 6.61531 0.218339
 1469 46.08 6.64218 0.219838
 1470 42.32 6.66645 0.221025
 1471 32 6.68367 0.221546
 1472 23.12 6.69484 0.221676
 1473 23.12 6.70599 0.221806
 1474 25.92 6.71902 0.222039
 1475 23.12 6.73014 0.222167
 1476 20.48 6.73946 0.222211
 1477 18 6.74708 0.222192
 1478 11.52 6.75031 0.222065
 1479 9.68 6.75229 0.221923
 1480 9.68 6.75427 0.221782
 1481 8 6.75511 0.221634
 1482 5.12 6.75401 0.221487
 1483 9.68 6.75598 0.221347
 1484 6.48 6.7558 0.221197
 1485 6.48 6.75561 0.221049
 1486 8 6.75645 0.220901
 1487 8 6.75728 0.220754
 1488 5.12 6.75618 0.220609
 1489 11.52 6.75938 0.220484
 1490 8 6.76021 0.220337
 1491 13.52 6.76475 0.220236
 1492 8 6.76558 0.22009
 1493 11.52 6.76876 0.219966
 1494 15.68 6.77473 0.219899
 1495 9.68 6.77667 0.219761
 1496 9.68 6.77861 0.219622
 1497 9.68 6.78055 0.219484
 1498 11.52 6.78371 0.21936
 1499 11.52 6.78687 0.219237
 1500 20.48 6.796 0.219281
 1501 20.48 6.80512 0.219324
 1502 25.92 6.81784 0.219547
 1503 23.12 6.82869 0.219669
 1504 23.12 6.83952 0.21979
 1505 20.48 6.84858 0.219831
 1506 18 6.85599 0.219809
 1507 9.68 6.85786 0.219672
 1508 6.48 6.85761 0.219526
 1509 5.12 6.85646 0.219383
 1510 13.52 6.86087 0.219283
 1511 13.52 6.86528 0.219182
 1512 11.52 6.86836 0.219058
 1513 11.52 6.87143 0.218935
 1514 8 6.87218 0.218792
 1515 13.52 6.87657 0.218691
 1516 20.48 6.88554 0.218731
 1517 25.92 6.89809 0.218947
 1518 20.48 6.90704 0.218985
 1519 13.52 6.91139 0.218884
 1520 9.68 6.91321 0.218748
 1521 28.88 6.92765 0.219081
 1522 25.92 6.94013 0.219292
 1523 23.12 6.95076 0.219405
 1524 20.48 6.95963 0.219441
 1525 13.52 6.96393 0.219339
 1526 8 6.96461 0.219196
 1527 8 6.96529 0.219054
 1528 3.92 6.9633 0.218919
 1529 5.12 6.96209 0.21878
 1530 2 6.95885 0.218661
 1531 0 6.9543 0.218565
 1532 0.72 6.95023 0.21846
 1533 0 6.9457 0.218365
 1534 0.72 6.94164 0.21826
 1535 5.12 6.94046 0.218121
 1536 5.12 6.93927 0.217982
 1537 1.28 6.93559 0.217871
 1538 0.72 6.93155 0.217767
 1539 0.08 6.9271 0.217671
 1540 0.32 6.92281 0.217572
 1541 2 6.91961 0.217454
 1542 11.52 6.92259 0.217334
 1543 2.88 6.91997 0.217209
 1544 2.88 6.91736 0.217084
 1545 0.08 6.91293 0.216988
 1546 0.72 6.90893 0.216885
 1547 0.32 6.90467 0.216786
 1548 2 6.9015 0.21667
 1549 0 6.89704 0.216575
 1550 0.32 6.8928 0.216477
 1551 0.32 6.88856 0.216379
 1552 1.28 6.88495 0.21627
 1553 0.08 6.88057 0.216175
 1554 0 6.87614 0.216081
 1555 0.32 6.87192 0.215983
 1556 2.88 6.86936 0.21586
 1557 2.88 6.8668 0.215736
 1558 2 6.86367 0.21562
 1559 2.88 6.86112 0.215497
 1560 1.28 6.85754 0.215389
 1561 0.08 6.8532 0.215295
 1562 0.08 6.84886 0.2152
 1563 0.32 6.84468 0.215103
 1564 8 6.84542 0.214967
 1565 6.48 6.84519 0.21483
 1566 6.48 6.84496 0.214692
 1567 2 6.84186 0.214578
 1568 6.48 6.84163 0.214441
 1569 0.72 6.83773 0.21434
 1570 2.88 6.83521 0.214218
 1571 2.88 6.83269 0.214096
 1572 0.08 6.8284 0.214003
 1573 0.32 6.82426 0.213907
 1574 1.28 6.82074 0.2138
 1575 0.08 6.81646 0.213707
 1576 0.08 6.81218 0.213614
 1577 0.32 6.80807 0.213519
 1578 0.08 6.8038 0.213426
 1579 2.88 6.80132 0.213305
 1580 1.28 6.79782 0.213199
 1581 0 6.79352 0.213107
 1582 1.28 6.79004 0.213001
 1583 0.32 6.78595 0.212906
 1584 2 6.78293 0.212793
 1585 0.32 6.77885 0.212697
 1586 0.72 6.77503 0.212598
 1587 0.72 6.77122 0.212498
 1588 1.28 6.76776 0.212392
 1589 0.08 6.76355 0.2123
 1590 5.12 6.76252 0.212169
 1591 0.72 6.75872 0.21207
 1592 1.28 6.75528 0.211964
 1593 1.28 6.75184 0.211859
 1594 0.72 6.74806 0.21176
 1595 2 6.74508 0.211648
 1596 5.12 6.74406 0.211518
 1597 8 6.74485 0.211387
 1598 13.52 6.74909 0.211297
 1599 13.52 6.75332 0.211207
 1600 2 6.75035 0.211096
 1601 0.32 6.74633 0.211003
 1602 2.88 6.74392 0.210885
 1603 9.68 6.74575 0.210761
 1604 5.12 6.74474 0.210632
 1605 5.12 6.74373 0.210503
 1606 5.12 6.74271 0.210375
 1607 3.92 6.74096 0.210251
 1608 6.48 6.7408 0.21012
 1609 2.88 6.7384 0.210003
 1610 2 6.73545 0.209893
 1611 0.32 6.73147 0.209801
 1612 0.08 6.72734 0.209711
 1613 0.32 6.72337 0.209619
 1614 0.32 6.71941 0.209527
 1615 0.72 6.71569 0.20943
 1616 0.08 6.71158 0.20934
 1617 0.08 6.70748 0.209251
 1618 0.08 6.70339 0.209162
 1619 2 6.70048 0.209053
 1620 1.28 6.69714 0.20895
 1621 0 6.693 0.208862
 1622 0.08 6.68893 0.208773
 1623 0.32 6.685 0.208682
 1624 1.28 6.68167 0.20858
 1625 6.48 6.68155 0.208451
 1626 6.48 6.68143 0.208323
 1627 9.68 6.68327 0.208203
 1628 3.92 6.68157 0.208082
 1629 2 6.6787 0.207974
 1630 2 6.67583 0.207866
 1631 0.08 6.67178 0.207778
 1632 0.08 6.66775 0.20769
 1633 1.28 6.66445 0.207589
 1634 0.72 6.66081 0.207494
 1635 1.28 6.65752 0.207393
 1636 1.28 6.65423 0.207292
 1637 2.88 6.65192 0.207179
 1638 1.28 6.64864 0.207078
 1639 0.32 6.64478 0.206988
 1640 1.28 6.64151 0.206887
 1641 2.88 6.63922 0.206774
 1642 2.88 6.63693 0.206661
 1643 8 6.63776 0.206536
 1644 11.52 6.64073 0.206432
 1645 13.52 6.64491 0.206349
 1646 18 6.65181 0.206339
 1647 9.68 6.65365 0.206222
 1648 0.72 6.65005 0.206128
 1649 0.32 6.64621 0.206039
 1650 1.28 6.64296 0.20594
 1651 2 6.64015 0.205834
 1652 9.68 6.64199 0.205718
 1653 2 6.63918 0.205612
 1654 0.32 6.63536 0.205524
 1655 0.72 6.63178 0.20543
 1656 0.08 6.62783 0.205344
 1657 2.88 6.62556 0.205233
 1658 5.12 6.62466 0.205111
 1659 8 6.62549 0.204989
 1660 6.48 6.6254 0.204866
 1661 20.48 6.63374 0.204912
 1662 42.32 6.65521 0.205911
 1663 42.32 6.67666 0.206902
 1664 50 6.70269 0.20841
 1665 35.28 6.71986 0.208991
 1666 28.88 6.73316 0.209289
 1667 23.12 6.74299 0.209394
 1668 18 6.74974 0.209377
 1669 8 6.75049 0.209253
 1670 0.32 6.74663 0.209163
 1671 0.72 6.74303 0.209069
 1672 1.28 6.73976 0.208969
 1673 3.92 6.73808 0.208851
 1674 5.12 6.73711 0.208729
 1675 2 6.73428 0.208623
 1676 5.12 6.73332 0.208501
 1677 3.92 6.73164 0.208383
 1678 0.08 6.72768 0.208297
 1679 0.08 6.72372 0.20821
 1680 1.28 6.72048 0.208112
 1681 1.28 6.71724 0.208013
 1682 0 6.71325 0.207928
 1683 0.08 6.7093 0.207841
 1684 0 6.70532 0.207756
 1685 0 6.70134 0.207671
 1686 0 6.69737 0.207586
 1687 6.48 6.69724 0.207463
 1688 2.88 6.69498 0.207352
 1689 2 6.6922 0.207248
 1690 3.92 6.69056 0.207132
 1691 3.92 6.68892 0.207016
 1692 2.88 6.68667 0.206906
 1693 0.72 6.68314 0.206813
 1694 2 6.68038 0.20671
 1695 13.52 6.68441 0.206627
 1696 11.52 6.68726 0.206525
 1697 13.52 6.69129 0.206443
 1698 13.52 6.69531 0.20636
 1699 9.68 6.69707 0.206246
 1700 11.52 6.69991 0.206144
 1701 9.68 6.70166 0.206031
 1702 0.32 6.69791 0.205944
 1703 0.32 6.69416 0.205857
 1704 0.08 6.69028 0.205772
 1705 1.28 6.68711 0.205676
 1706 2 6.68436 0.205574
 1707 3.92 6.68274 0.20546
 1708 6.48 6.68262 0.20534
 1709 5.12 6.68171 0.205221
 1710 3.92 6.68009 0.205108
 1711 2 6.67736 0.205006
 1712 9.68 6.67911 0.204894
 1713 3.92 6.6775 0.20478
 1714 2 6.67477 0.204679
 1715 0.72 6.6713 0.204589
 1716 0.08 6.66746 0.204506
 1717 0.08 6.66362 0.204423
 1718 0.72 6.66016 0.204333
 1719 2 6.65745 0.204232
 1720 1.28 6.65433 0.204137
 1721 2 6.65162 0.204037
 1722 3.92 6.65003 0.203924
 1723 2 6.64734 0.203824
 1724 0.32 6.64367 0.203739
 1725 2 6.64097 0.203638
 1726 6.48 6.64088 0.20352
 1727 0.72 6.63745 0.203431
 1728 0.32 6.6338 0.203346
 1729 0.32 6.63014 0.203262
 1730 0.08 6.62636 0.203179
 1731 0.72 6.62295 0.203091
 1732 2.88 6.62079 0.202985
 1733 0.32 6.61715 0.2029
 1734 0.72 6.61375 0.202812
 1735 2.88 6.6116 0.202706
 1736 1.28 6.60853 0.202613
 1737 6.48 6.60845 0.202496
 1738 15.68 6.61367 0.202447
 1739 20.48 6.62164 0.202487
 1740 18 6.62818 0.202477
 1741 23.12 6.63766 0.202582
 1742 15.68 6.64285 0.202532
 1743 9.68 6.64459 0.202423
 1744 18 6.6511 0.202412
 1745 32 6.66563 0.202817
 1746 20.48 6.67354 0.202855
 1747 8 6.6743 0.20274
 1748 1.28 6.67121 0.202648
 1749 5.12 6.67033 0.202534
 1750 13.52 6.67424 0.202456
 1751 13.52 6.67815 0.202378
 1752 25.92 6.68913 0.20256
 1753 15.68 6.69426 0.20251
 1754 11.52 6.69701 0.202413
 1755 3.92 6.69543 0.202304
 1756 2.88 6.69326 0.2022
 1757 2.88 6.69109 0.202097
 1758 2 6.68842 0.201999
 1759 3.92 6.68684 0.201891
 1760 20.48 6.69468 0.201928
 1761 15.68 6.69978 0.201878
 1762 6.48 6.69966 0.201763
 1763 11.52 6.70239 0.201667
 1764 9.68 6.70408 0.20156
 1765 9.68 6.70577 0.201453
 1766 11.52 6.70849 0.201357
 1767 28.88 6.72104 0.201634
 1768 35.28 6.73719 0.202166
 1769 32 6.75148 0.202556
 1770 25.92 6.76231 0.202731
 1771 32 6.77656 0.203117
 1772 25.92 6.78736 0.20329
 1773 42.32 6.8074 0.204161
 1774 38.72 6.82539 0.204837
 1775 28.88 6.83781 0.205099
 1776 25.92 6.84856 0.205264
 1777 23.12 6.85772 0.205353
 1778 20.48 6.86538 0.205381
 1779 25.92 6.87609 0.205544
 1780 23.12 6.88521 0.205631
 1781 18 6.89145 0.205611
 1782 13.52 6.89517 0.205529
 1783 6.48 6.89494 0.205414
 1784 8 6.89556 0.2053
 1785 13.52 6.89927 0.205218
 1786 11.52 6.90186 0.205119
 1787 18 6.90807 0.205099
 1788 23.12 6.91714 0.205184
 1789 25.92 6.92776 0.205345
 1790 13.52 6.93144 0.205263
 1791 11.52 6.934 0.205164
 1792 18 6.94018 0.205143
 1793 20.48 6.94773 0.205167
 1794 25.92 6.95831 0.205325
 1795 28.88 6.97052 0.205574
 1796 50 6.99448 0.206852
 1797 38.72 7.01213 0.207489
 1798 35.28 7.02785 0.207969
 1799 38.72 7.04547 0.208598
 1800 23.12 7.0544 0.208674
 1801 32 7.06825 0.209017
 1802 35.28 7.08391 0.209487
 1803 28.88 7.096 0.209719
 1804 20.48 7.10341 0.209734
 1805 13.52 7.10697 0.209648
 1806 8 7.10746 0.209533
 1807 13.52 7.11101 0.209447
 1808 18 7.11704 0.209418
 1809 11.52 7.11947 0.209316
 1810 11.52 7.1219 0.209214
 1811 9.68 7.12331 0.209104
 1812 11.52 7.12574 0.209002
 1813 15.68 7.13046 0.20894
 1814 18 7.13645 0.208911
 1815 18 7.14244 0.208882
 1816 23.12 7.15123 0.208952
 1817 23.12 7.16002 0.209022
 1818 28.88 7.17197 0.209248
 1819 28.88 7.1839 0.209473
 1820 23.12 7.19266 0.209541
 1821 23.12 7.20141 0.209609
 1822 28.88 7.2133 0.209831
 1823 20.48 7.22058 0.209842
 1824 8 7.22101 0.209727
 1825 15.68 7.22564 0.209664
 1826 20.48 7.2329 0.209675
 1827 20.48 7.24015 0.209685
 1828 15.68 7.24477 0.209621
 1829 13.52 7.2482 0.209535
 1830 9.68 7.24953 0.209424
 1831 11.52 7.25186 0.209323
 1832 8 7.25227 0.209209
 1833 3.92 7.25045 0.209103
 1834 2.88 7.24807 0.209002
 1835 2.88 7.24569 0.208902
 1836 9.68 7.24702 0.208792
 1837 2 7.24416 0.208698
 1838 2.88 7.24178 0.208598
 1839 5.12 7.24063 0.208488
 1840 5.12 7.23948 0.208378
 1841 0.32 7.23572 0.208299
 1842 2 7.23288 0.208205
 1843 9.68 7.23421 0.208096
 1844 11.52 7.23653 0.207996
 1845 5.12 7.23538 0.207887
 1846 6.48 7.23497 0.207774
 1847 0.72 7.23145 0.207692
 1848 2 7.22861 0.207599
 1849 3.92 7.22683 0.207494
 1850 15.68 7.23139 0.207432
 1851 6.48 7.23099 0.20732
 1852 3.92 7.2292 0.207216
 1853 2.88 7.22685 0.207118
 1854 2 7.22403 0.207025
 1855 2 7.22122 0.206933
 1856 2 7.21841 0.20684
 1857 1.28 7.21521 0.206754
 1858 2 7.2124 0.206661
 1859 2 7.2096 0.206569
 1860 5.12 7.20847 0.206461
 1861 6.48 7.20808 0.206351
 1862 3.92 7.20632 0.206247
 1863 0.72 7.20283 0.206166
 1864 0.72 7.19936 0.206085
 1865 2 7.19657 0.205993
 1866 0 7.19271 0.205919
 1867 0.32 7.18903 0.205841
 1868 0.32 7.18535 0.205764
 1869 0.08 7.18155 0.205689
 1870 1.28 7.1784 0.205603
 1871 0.32 7.17473 0.205526
 1872 1.28 7.17158 0.20544
 1873 0.08 7.16779 0.205365
 1874 2.88 7.16551 0.205269
 1875 0.72 7.16207 0.205188
 1876 0.08 7.15829 0.205113
 1877 0.72 7.15486 0.205033
 1878 1.28 7.15174 0.204947
 1879 6.48 7.15138 0.204838
 1880 2.88 7.14911 0.204742
 1881 2 7.14637 0.204651
 1882 0.72 7.14295 0.204571
 1883 2.88 7.14069 0.204475
 1884 6.48 7.14034 0.204367
 1885 2.88 7.13808 0.204271
 1886 6.48 7.13773 0.204163
 1887 6.48 7.13738 0.204055
 1888 6.48 7.13703 0.203947
 1889 9.68 7.13838 0.203844
 1890 13.52 7.14176 0.203764
 1891 0.08 7.13802 0.20369
 1892 2 7.13531 0.203601
 1893 3.92 7.13361 0.2035
 1894 1.28 7.13052 0.203416
 1895 0.08 7.1268 0.203343
 1896 0.08 7.12308 0.203269
 1897 0.32 7.11949 0.203194
 1898 1.28 7.11642 0.20311
 1899 0.72 7.11305 0.203031
 1900 0.32 7.10947 0.202956
 1901 0.32 7.1059 0.20288
 1902 0.08 7.10221 0.202807
 1903 5.12 7.10117 0.202703
 1904 2.88 7.09895 0.202609
 1905 2 7.09627 0.20252
 1906 2 7.0936 0.202432
 1907 0.32 7.09005 0.202357
 1908 0 7.08633 0.202285
 1909 0.08 7.08266 0.202212
 1910 0.72 7.07933 0.202134
 1911 0.08 7.07567 0.202061
 1912 0.08 7.07201 0.201988
 1913 0.72 7.06869 0.20191
 1914 5.12 7.06767 0.201807
 1915 3.92 7.06603 0.201708
 1916 8 7.06651 0.201604
 1917 15.68 7.07101 0.201549
 1918 9.68 7.07237 0.201448
 1919 5.12 7.07135 0.201346
 1920 2.88 7.06917 0.201253
 1921 0.72 7.06586 0.201175
 1922 2.88 7.06368 0.201082
 1923 13.52 7.06704 0.201005
 1924 15.68 7.07152 0.200951
 1925 13.52 7.07487 0.200874
 1926 18 7.08054 0.20085
 1927 15.68 7.085 0.200796
 1928 15.68 7.08946 0.200741
 1929 13.52 7.09279 0.200664
 1930 13.52 7.09612 0.200588
 1931 3.92 7.09448 0.200491
 1932 2.88 7.0923 0.200399
 1933 2.88 7.09012 0.200307
 1934 3.92 7.08848 0.20021
 1935 6.48 7.08817 0.200107
 1936 3.92 7.08653 0.20001
 1937 2.88 7.08436 0.199919
 1938 0 7.0807 0.199849
 1939 0.08 7.07709 0.199779
 1940 0.32 7.07361 0.199706
 1941 1.28 7.07062 0.199625
 1942 2.88 7.06847 0.199534
 1943 0.08 7.06487 0.199464
 1944 0 7.06123 0.199394
 1945 1.28 7.05826 0.199314
 1946 0.32 7.0548 0.199242
 1947 0.72 7.05155 0.199166
 1948 0.72 7.0483 0.19909
 1949 0.08 7.04472 0.19902
 1950 0.72 7.04148 0.198944
 1951 0.72 7.03824 0.198869
 1952 1.28 7.03529 0.198789
 1953 0.72 7.03205 0.198713
 1954 0.72 7.02882 0.198638
 1955 2.88 7.0267 0.198548
 1956 1.28 7.02376 0.198468
 1957 3.92 7.02218 0.198373
 1958 11.52 7.02447 0.198285
 1959 3.92 7.02289 0.19819
 1960 5.12 7.02192 0.198091
 1961 2.88 7.01981 0.198001
 1962 2 7.01725 0.197917
 1963 1.28 7.01433 0.197838
 1964 0.32 7.01092 0.197766
 1965 8 7.01142 0.197666
 1966 6.48 7.01115 0.197566
 1967 3.92 7.00958 0.197472
 1968 2.88 7.00748 0.197382
 1969 2.88 7.00538 0.197293
 1970 3.92 7.00382 0.197199
 1971 2.88 7.00173 0.19711
 1972 2.88 6.99963 0.197021
 1973 2 6.9971 0.196938
 1974 0.32 6.99372 0.196867
 1975 1.28 6.99083 0.196789
 1976 2 6.9883 0.196705
 1977 2 6.98578 0.196622
 1978 0.08 6.98229 0.196554
 1979 2 6.97977 0.19647
 1980 3.92 6.97822 0.196377
 1981 1.28 6.97535 0.196299
 1982 0.32 6.97199 0.196229
 1983 0.32 6.96863 0.196158
 1984 2.88 6.96657 0.19607
 1985 2.88 6.96451 0.195982
 1986 1.28 6.96165 0.195905
 1987 1.28 6.95879 0.195827
 1988 0.08 6.95533 0.195759
 1989 6.48 6.95509 0.195661
 1990 0.32 6.95176 0.195591
 1991 0.72 6.94863 0.195517
 1992 0.72 6.9455 0.195444
 1993 3.92 6.94398 0.195352
 1994 5.12 6.94307 0.195256
 1995 9.68 6.94444 0.195163
 1996 2.88 6.9424 0.195076
 1997 5.12 6.94149 0.19498
 1998 2.88 6.93946 0.194893
 1999 1.28 6.93663 0.194816
 2000 1.28 6.9338 0.19474
