 1 7.10543e-15 7.10543e-15 0
 2 0 3.55271e-15 3.55271e-15
 3 7.10543e-15 4.73695e-15 2.36848e-15
 4 7.10543e-15 5.32907e-15 1.77636e-15
 5 0 4.26326e-15 1.74047e-15
 6 7.10543e-15 4.73695e-15 1.49796e-15
 7 0 4.06024e-15 1.43551e-15
 8 -3.55271e-15 3.10862e-15 1.5656e-15
 9 7.10543e-15 3.55271e-15 1.45039e-15
 10 0 3.19744e-15 1.34504e-15
 11 0 2.90677e-15 1.25087e-15
 12 7.10543e-15 3.25665e-15 1.19429e-15
 13 7.10543e-15 3.55271e-15 1.13778e-15
 14 0 3.29895e-15 1.08351e-15
 15 -3.55271e-15 2.84217e-15 1.1073e-15
 16 -3.55271e-15 2.44249e-15 1.11022e-15
 17 0 2.29881e-15 1.05272e-15
 18 -3.55271e-15 1.97373e-15 1.0444e-15
 19 -3.55271e-15 1.68286e-15 1.02983e-15
 20 -3.55271e-15 1.42109e-15 1.01145e-15
 21 -3.55271e-15 1.18424e-15 9.90805e-16
 22 -3.55271e-15 9.68922e-16 9.68922e-16
 23 -3.55271e-15 7.72329e-16 9.46479e-16
 24 0 7.40149e-16 9.06756e-16
 25 0 7.10543e-16 8.70234e-16
 26 0 6.83214e-16 8.3654e-16
 27 0 6.5791e-16 8.05359e-16
 28 0 6.34413e-16 7.76418e-16
 29 -3.55271e-15 4.90029e-16 7.62954e-16
 30 -3.55271e-15 3.55271e-16 7.49301e-16
 31 0 3.43811e-16 7.24817e-16
 32 -3.55271e-15 2.22045e-16 7.12287e-16
 33 0 2.15316e-16 6.90398e-16
 34 -3.55271e-15 1.04492e-16 6.78891e-16
 35 0 1.01506e-16 6.59215e-16
 36 0 9.86865e-17 6.40648e-16
 37 0 9.60193e-17 6.23099e-16
 38 0 9.34925e-17 6.06485e-16
 39 0 9.10952e-17 5.90734e-16
 40 -3.55271e-15 1.57772e-31 5.82938e-16
 41 -3.55271e-15 -8.66516e-17 5.75108e-16
 42 0 -8.45884e-17 5.61252e-16
 43 0 -8.26212e-17 5.48047e-16
 44 -1.77636e-15 -1.21115e-16 5.36829e-16
 45 -3.55271e-15 -1.97373e-16 5.30276e-16
 46 7.10543e-15 -3.86165e-17 5.42374e-16
 47 7.10543e-15 1.13384e-16 5.52048e-16
 48 7.10543e-15 2.59052e-16 5.59712e-16
 49 -3.55271e-15 1.81261e-16 5.53662e-16
 50 -3.55271e-15 1.06581e-16 5.47592e-16
 51 0 1.04492e-16 5.36752e-16
 52 7.10543e-15 2.39125e-16 5.43275e-16
 53 7.10543e-15 3.68678e-16 5.48447e-16
 54 0 3.6185e-16 5.38238e-16
 55 0 3.55271e-16 5.28402e-16
 56 -3.55271e-15 2.85486e-16 5.23552e-16
 57 7.10543e-15 4.05134e-16 5.2802e-16
 58 0 3.98149e-16 5.18883e-16
 59 0 3.91401e-16 5.10058e-16
 60 0 3.84877e-16 5.01527e-16
 61 0 3.78568e-16 4.93277e-16
 62 7.10543e-15 4.87066e-16 4.97237e-16
 63 0 4.79334e-16 4.89342e-16
 64 -3.55271e-15 4.16334e-16 4.85738e-16
 65 0 4.09929e-16 4.7825e-16
 66 -3.55271e-15 3.49888e-16 4.7476e-16
 67 0 3.44666e-16 4.67649e-16
 68 0 3.39598e-16 4.60749e-16
 69 0 3.34676e-16 4.54049e-16
 70 -3.55271e-15 2.79142e-16 4.50948e-16
 71 0 2.7521e-16 4.44568e-16
 72 0 2.71388e-16 4.38367e-16
 73 -3.55271e-15 2.19003e-16 4.35483e-16
 74 0 2.16043e-16 4.29568e-16
 75 0 2.13163e-16 4.23811e-16
 76 -3.55271e-15 1.63612e-16 4.21123e-16
 77 0 1.61487e-16 4.15623e-16
 78 -3.55271e-15 1.13869e-16 4.13014e-16
 79 -3.55271e-15 6.74566e-17 4.10386e-16
 80 -3.55271e-15 2.22045e-17 4.07742e-16
 81 0 2.19303e-17 4.02677e-16
 82 -3.55271e-15 -2.16629e-17 4.00118e-16
 83 -3.55271e-15 -6.42057e-17 3.97551e-16
 84 -3.55271e-15 -1.05736e-16 3.94979e-16
 85 -3.55271e-15 -1.46288e-16 3.92405e-16
 86 -3.55271e-15 -1.85898e-16 3.89833e-16
 87 0 -1.83761e-16 3.85332e-16
 88 -1.77636e-15 -2.01859e-16 3.81358e-16
 89 0 -1.99591e-16 3.77055e-16
 90 -1.77636e-15 -2.1711e-16 3.73254e-16
 91 -1.77636e-15 -2.34245e-16 3.69527e-16
 92 0 -2.31699e-16 3.65497e-16
 93 0 -2.29207e-16 3.61554e-16
 94 -3.55271e-15 -2.64564e-16 3.5943e-16
 95 -3.55271e-15 -2.99176e-16 3.57307e-16
 96 0 -2.96059e-16 3.53579e-16
 97 0 -2.93007e-16 3.49928e-16
 98 -3.55271e-15 -3.2627e-16 3.47933e-16
 99 -3.55271e-15 -3.5886e-16 3.45939e-16
 100 -3.55271e-15 -3.90799e-16 3.43948e-16
 101 -3.55271e-15 -4.22105e-16 3.41962e-16
 102 0 -4.17966e-16 3.38618e-16
 103 0 -4.13908e-16 3.35339e-16
 104 0 -4.09929e-16 3.32123e-16
 105 -3.55271e-15 -4.3986e-16 3.30303e-16
 106 0 -4.3571e-16 3.27199e-16
 107 7.10543e-15 -3.65232e-16 3.317e-16
 108 0 -3.6185e-16 3.28632e-16
 109 7.10543e-15 -2.93343e-16 3.32732e-16
 110 7.10543e-15 -2.26082e-16 3.36484e-16
 111 7.10543e-15 -1.60032e-16 3.39918e-16
 112 7.10543e-15 -9.5162e-17 3.43059e-16
 113 7.10543e-15 -3.14399e-17 3.45929e-16
 114 7.10543e-15 3.11642e-17 3.48549e-16
 115 7.10543e-15 9.26795e-17 3.50939e-16
 116 7.10543e-15 1.53134e-16 3.53114e-16
 117 7.10543e-15 2.12556e-16 3.5509e-16
 118 0 2.10754e-16 3.52072e-16
 119 -3.55271e-15 1.79128e-16 3.50531e-16
 120 0 1.77636e-16 3.476e-16
 121 0 1.76168e-16 3.44719e-16
 122 7.10543e-15 2.32965e-16 3.46567e-16
 123 0 2.31071e-16 3.43743e-16
 124 -3.55271e-15 2.00556e-16 3.42323e-16
 125 0 1.98952e-16 3.39577e-16
 126 -3.55271e-15 1.69177e-16 3.38184e-16
 127 -3.55271e-15 1.39871e-16 3.36789e-16
 128 7.10543e-15 1.94289e-16 3.38549e-16
 129 7.10543e-15 2.47864e-16 3.4016e-16
 130 7.10543e-15 3.00614e-16 3.4163e-16
 131 7.10543e-15 3.52559e-16 3.42969e-16
 132 0 3.49888e-16 3.40371e-16
 133 7.10543e-15 4.00682e-16 3.416e-16
 134 7.10543e-15 4.50717e-16 3.42713e-16
 135 7.10543e-15 5.00012e-16 3.43718e-16
 136 0 4.96335e-16 3.41201e-16
 137 0 4.92712e-16 3.38721e-16
 138 0 4.89142e-16 3.36277e-16
 139 0 4.85623e-16 3.33867e-16
 140 -3.55271e-15 4.56777e-16 3.32726e-16
 141 7.10543e-15 5.03931e-16 3.33707e-16
 142 7.10543e-15 5.5042e-16 3.34594e-16
 143 7.10543e-15 5.9626e-16 3.35393e-16
 144 7.10543e-15 6.41462e-16 3.36109e-16
 145 7.10543e-15 6.86041e-16 3.36747e-16
 146 7.10543e-15 7.3001e-16 3.3731e-16
 147 7.10543e-15 7.7338e-16 3.37803e-16
 148 7.10543e-15 8.16164e-16 3.3823e-16
 149 0 8.10686e-16 3.35997e-16
 150 0 8.05282e-16 3.33793e-16
 151 7.10543e-15 8.47005e-16 3.3419e-16
 152 0 8.41432e-16 3.32031e-16
 153 0 8.35933e-16 3.299e-16
 154 0 8.30504e-16 3.27795e-16
 155 0 8.25146e-16 3.25718e-16
 156 7.10543e-15 8.65405e-16 3.26117e-16
 157 0 8.59892e-16 3.2408e-16
 158 0 8.5445e-16 3.22069e-16
 159 7.10543e-15 8.93764e-16 3.22443e-16
 160 -3.55271e-15 8.65974e-16 3.21624e-16
 161 0 8.60595e-16 3.19665e-16
 162 0 8.55283e-16 3.1773e-16
 163 -3.55271e-15 8.2824e-16 3.16931e-16
 164 0 8.2319e-16 3.15033e-16
 165 7.10543e-15 8.61264e-16 3.15424e-16
 166 7.10543e-15 8.98879e-16 3.15767e-16
 167 7.10543e-15 9.36044e-16 3.16063e-16
 168 0 9.30473e-16 3.14225e-16
 169 0 9.24967e-16 3.12409e-16
 170 0 9.19526e-16 3.10613e-16
 171 7.10543e-15 9.55701e-16 3.10903e-16
 172 0 9.50144e-16 3.0914e-16
 173 7.10543e-15 9.85724e-16 3.09401e-16
 174 0 9.80059e-16 3.0767e-16
 175 7.10543e-15 1.01506e-15 3.07902e-16
 176 7.10543e-15 1.04967e-15 3.08098e-16
 177 -3.55271e-15 1.02366e-15 3.07453e-16
 178 0 1.01791e-15 3.05775e-16
 179 0 1.01223e-15 3.04116e-16
 180 0 1.0066e-15 3.02474e-16
 181 -3.55271e-15 9.81413e-16 3.01851e-16
 182 0 9.7602e-16 3.00236e-16
 183 0 9.70687e-16 2.98638e-16
 184 7.10543e-15 1.00403e-15 2.98876e-16
 185 0 9.98601e-16 2.97306e-16
 186 -3.55271e-15 9.74131e-16 2.96714e-16
 187 0 9.68922e-16 2.95169e-16
 188 0 9.63768e-16 2.9364e-16
 189 -3.55271e-15 9.39871e-16 2.93058e-16
 190 7.10543e-15 9.72322e-16 2.93312e-16
 191 7.10543e-15 1.00443e-15 2.93534e-16
 192 7.10543e-15 1.03621e-15 2.93725e-16
 193 0 1.03084e-15 2.92249e-16
 194 -3.55271e-15 1.00721e-15 2.91697e-16
 195 0 1.00205e-15 2.90243e-16
 196 7.10543e-15 1.03319e-15 2.90433e-16
 197 0 1.02794e-15 2.89002e-16
 198 -3.55271e-15 1.00481e-15 2.88468e-16
 199 0 9.99759e-16 2.87059e-16
 200 -3.55271e-15 9.76996e-16 2.86526e-16
 201 -3.55271e-15 9.5446e-16 2.85986e-16
 202 0 9.49735e-16 2.84606e-16
 203 7.10543e-15 9.80059e-16 2.84819e-16
 204 0 9.75255e-16 2.8346e-16
 205 0 9.70497e-16 2.82114e-16
 206 -3.55271e-15 9.4854e-16 2.81599e-16
 207 0 9.43958e-16 2.80273e-16
 208 0 9.39419e-16 2.78959e-16
 209 -3.55271e-15 9.17926e-16 2.78452e-16
 210 0 9.13555e-16 2.77157e-16
 211 0 9.09225e-16 2.75874e-16
 212 -3.55271e-15 8.88178e-16 2.75375e-16
 213 -3.55271e-15 8.67329e-16 2.74871e-16
 214 -3.55271e-15 8.46675e-16 2.74363e-16
 215 0 8.42737e-16 2.73112e-16
 216 7.10543e-15 8.71731e-16 2.73386e-16
 217 0 8.67713e-16 2.72153e-16
 218 7.10543e-15 8.96327e-16 2.72409e-16
 219 7.10543e-15 9.24679e-16 2.7264e-16
 220 7.10543e-15 9.52773e-16 2.72848e-16
 221 0 9.48462e-16 2.71645e-16
 222 0 9.4419e-16 2.70453e-16
 223 0 9.39956e-16 2.6927e-16
 224 0 9.35759e-16 2.68098e-16
 225 0 9.316e-16 2.66937e-16
 226 0 9.27478e-16 2.65785e-16
 227 0 9.23393e-16 2.64643e-16
 228 -3.55271e-15 9.0376e-16 2.6421e-16
 229 -3.55271e-15 8.843e-16 2.63773e-16
 230 -3.55271e-15 8.65009e-16 2.63331e-16
 231 -3.55271e-15 8.45884e-16 2.62885e-16
 232 0 8.42238e-16 2.61775e-16
 233 -3.55271e-15 8.23376e-16 2.6133e-16
 234 0 8.19857e-16 2.60235e-16
 235 0 8.16368e-16 2.59149e-16
 236 0 8.12909e-16 2.58072e-16
 237 -3.55271e-15 7.94489e-16 2.5764e-16
 238 -3.55271e-15 7.76223e-16 2.57204e-16
 239 -3.55271e-15 7.5811e-16 2.56765e-16
 240 0 7.54952e-16 2.55713e-16
 241 0 7.51819e-16 2.54669e-16
 242 0 7.48712e-16 2.53633e-16
 243 0 7.45631e-16 2.52606e-16
 244 0 7.42575e-16 2.51587e-16
 245 0 7.39544e-16 2.50577e-16
 246 0 7.36538e-16 2.49574e-16
 247 7.10543e-15 7.62323e-16 2.49896e-16
 248 7.10543e-15 7.879e-16 2.50197e-16
 249 7.10543e-15 8.13272e-16 2.50478e-16
 250 7.10543e-15 8.3844e-16 2.50741e-16
 251 7.10543e-15 8.63409e-16 2.50985e-16
 252 0 8.59982e-16 2.5001e-16
 253 0 8.56583e-16 2.49043e-16
 254 -3.55271e-15 8.39224e-16 2.48667e-16
 255 0 8.35933e-16 2.47712e-16
 256 0 8.32667e-16 2.46764e-16
 257 7.10543e-15 8.57075e-16 2.47011e-16
 258 7.10543e-15 8.81293e-16 2.47241e-16
 259 7.10543e-15 9.05325e-16 2.47454e-16
 260 7.10543e-15 9.29171e-16 2.47651e-16
 261 7.10543e-15 9.52835e-16 2.47833e-16
 262 7.10543e-15 9.76318e-16 2.47999e-16
 263 7.10543e-15 9.99623e-16 2.48151e-16
 264 0 9.95836e-16 2.47239e-16
 265 0 9.92079e-16 2.46333e-16
 266 0 9.88349e-16 2.45433e-16
 267 0 9.84647e-16 2.4454e-16
 268 7.10543e-15 1.00749e-15 2.44694e-16
 269 0 1.00374e-15 2.43812e-16
 270 0 1.00002e-15 2.42935e-16
 271 7.10543e-15 1.02255e-15 2.43084e-16
 272 0 1.01879e-15 2.42217e-16
 273 0 1.01506e-15 2.41357e-16
 274 0 1.01136e-15 2.40503e-16
 275 0 1.00768e-15 2.39655e-16
 276 7.10543e-15 1.02977e-15 2.39805e-16
 277 0 1.02605e-15 2.38967e-16
 278 7.10543e-15 1.04792e-15 2.39108e-16
 279 7.10543e-15 1.06963e-15 2.39237e-16
 280 7.10543e-15 1.09119e-15 2.39353e-16
 281 0 1.08731e-15 2.38532e-16
 282 -3.55271e-15 1.07085e-15 2.38253e-16
 283 -3.55271e-15 1.05452e-15 2.37971e-16
 284 0 1.0508e-15 2.37161e-16
 285 -3.55271e-15 1.03465e-15 2.36879e-16
 286 0 1.03103e-15 2.36077e-16
 287 0 1.02744e-15 2.3528e-16
 288 -3.55271e-15 1.01154e-15 2.35001e-16
 289 0 1.00804e-15 2.34212e-16
 290 -3.55271e-15 9.9231e-16 2.33932e-16
 291 -3.55271e-15 9.76691e-16 2.3365e-16
 292 -3.55271e-15 9.61179e-16 2.33364e-16
 293 0 9.57899e-16 2.3259e-16
 294 0 9.54641e-16 2.3182e-16
 295 0 9.51405e-16 2.31055e-16
 296 0 9.4819e-16 2.30296e-16
 297 0 9.44998e-16 2.29541e-16
 298 0 9.41827e-16 2.28792e-16
 299 0 9.38677e-16 2.28047e-16
 300 0 9.35548e-16 2.27307e-16
 301 0 9.3244e-16 2.26572e-16
 302 -3.55271e-15 9.17588e-16 2.26309e-16
 303 0 9.1456e-16 2.25581e-16
 304 -3.55271e-15 8.99865e-16 2.25317e-16
 305 -1.77636e-15 8.9109e-16 2.24749e-16
 306 0 8.88178e-16 2.24032e-16
 307 -3.55271e-15 8.73713e-16 2.23769e-16
 308 0 8.70876e-16 2.23059e-16
 309 0 8.68058e-16 2.22354e-16
 310 0 8.65258e-16 2.21653e-16
 311 0 8.62476e-16 2.20957e-16
 312 0 8.59711e-16 2.20265e-16
 313 0 8.56964e-16 2.19577e-16
 314 0 8.54235e-16 2.18894e-16
 315 -3.55271e-15 8.40245e-16 2.18646e-16
 316 0 8.37586e-16 2.17969e-16
 317 7.10543e-15 8.57358e-16 2.18178e-16
 318 0 8.54662e-16 2.17508e-16
 319 0 8.51983e-16 2.16841e-16
 320 7.10543e-15 8.71525e-16 2.17044e-16
 321 7.10543e-15 8.90945e-16 2.17237e-16
 322 7.10543e-15 9.10245e-16 2.17419e-16
 323 7.10543e-15 9.29425e-16 2.17592e-16
 324 7.10543e-15 9.48487e-16 2.17756e-16
 325 7.10543e-15 9.67431e-16 2.1791e-16
 326 -3.55271e-15 9.53566e-16 2.17682e-16
 327 0 9.5065e-16 2.17035e-16
 328 7.10543e-15 9.69414e-16 2.17184e-16
 329 7.10543e-15 9.88065e-16 2.17325e-16
 330 0 9.85071e-16 2.16686e-16
 331 0 9.82095e-16 2.16051e-16
 332 0 9.79136e-16 2.1542e-16
 333 0 9.76196e-16 2.14792e-16
 334 7.10543e-15 9.94547e-16 2.14933e-16
 335 0 9.91578e-16 2.14311e-16
 336 7.10543e-15 1.00977e-15 2.14445e-16
 337 7.10543e-15 1.02786e-15 2.14572e-16
 338 7.10543e-15 1.04584e-15 2.1469e-16
 339 7.10543e-15 1.06372e-15 2.14801e-16
 340 7.10543e-15 1.08149e-15 2.14904e-16
 341 7.10543e-15 1.09915e-15 2.15e-16
 342 7.10543e-15 1.11672e-15 2.15089e-16
 343 7.10543e-15 1.13418e-15 2.1517e-16
 344 7.10543e-15 1.15153e-15 2.15245e-16
 345 7.10543e-15 1.16879e-15 2.15313e-16
 346 0 1.16541e-15 2.14716e-16
 347 -3.55271e-15 1.15182e-15 2.14528e-16
 348 0 1.14851e-15 2.13936e-16
 349 -3.55271e-15 1.13504e-15 2.13747e-16
 350 0 1.13179e-15 2.1316e-16
 351 0 1.12857e-15 2.12577e-16
 352 -3.55271e-15 1.11527e-15 2.12389e-16
 353 -3.55271e-15 1.10205e-15 2.12198e-16
 354 0 1.09893e-15 2.11621e-16
 355 -1.77636e-15 1.09083e-15 2.11179e-16
 356 0 1.08777e-15 2.10608e-16
 357 0 1.08472e-15 2.10039e-16
 358 -3.55271e-15 1.07177e-15 2.09852e-16
 359 -1.77636e-15 1.06383e-15 2.09417e-16
 360 -3.55271e-15 1.05101e-15 2.09228e-16
 361 -3.55271e-15 1.03826e-15 2.09037e-16
 362 0 1.03539e-15 2.08478e-16
 363 0 1.03254e-15 2.07922e-16
 364 -3.55271e-15 1.01994e-15 2.07733e-16
 365 -3.55271e-15 1.00741e-15 2.07541e-16
 366 0 1.00466e-15 2.06992e-16
 367 0 1.00192e-15 2.06445e-16
 368 -3.55271e-15 9.89547e-16 2.06255e-16
 369 7.10543e-15 1.00612e-15 2.06362e-16
 370 -3.55271e-15 9.938e-16 2.06172e-16
 371 0 9.91121e-16 2.05633e-16
 372 7.10543e-15 1.00756e-15 2.05737e-16
 373 7.10543e-15 1.02391e-15 2.05835e-16
 374 7.10543e-15 1.04017e-15 2.05927e-16
 375 7.10543e-15 1.05634e-15 2.06013e-16
 376 7.10543e-15 1.07243e-15 2.06093e-16
 377 7.10543e-15 1.08843e-15 2.06168e-16
 378 7.10543e-15 1.10435e-15 2.06237e-16
 379 7.10543e-15 1.12018e-15 2.06301e-16
 380 7.10543e-15 1.13593e-15 2.06359e-16
 381 0 1.13295e-15 2.05838e-16
 382 -3.55271e-15 1.12069e-15 2.05665e-16
 383 7.10543e-15 1.13631e-15 2.05721e-16
 384 0 1.13335e-15 2.05206e-16
 385 0 1.13041e-15 2.04694e-16
 386 7.10543e-15 1.14589e-15 2.04749e-16
 387 0 1.14293e-15 2.0424e-16
 388 7.10543e-15 1.15829e-15 2.04292e-16
 389 7.10543e-15 1.17358e-15 2.04339e-16
 390 -3.55271e-15 1.16146e-15 2.04174e-16
 391 -3.55271e-15 1.14941e-15 2.04008e-16
 392 0 1.14648e-15 2.03508e-16
 393 0 1.14356e-15 2.03011e-16
 394 -3.55271e-15 1.13164e-15 2.02845e-16
 395 0 1.12877e-15 2.02351e-16
 396 0 1.12592e-15 2.0186e-16
 397 0 1.12309e-15 2.01371e-16
 398 -3.55271e-15 1.11134e-15 2.01207e-16
 399 7.10543e-15 1.12636e-15 2.01264e-16
 400 7.10543e-15 1.14131e-15 2.01316e-16
 401 0 1.13846e-15 2.00833e-16
 402 7.10543e-15 1.15331e-15 2.00882e-16
 403 7.10543e-15 1.16808e-15 2.00927e-16
 404 7.10543e-15 1.18277e-15 2.00967e-16
 405 7.10543e-15 1.1974e-15 2.01003e-16
 406 0 1.19445e-15 2.00529e-16
 407 7.10543e-15 1.20897e-15 2.00562e-16
 408 7.10543e-15 1.22342e-15 2.00591e-16
 409 7.10543e-15 1.2378e-15 2.00616e-16
 410 7.10543e-15 1.25211e-15 2.00637e-16
 411 7.10543e-15 1.26636e-15 2.00654e-16
 412 0 1.26328e-15 2.0019e-16
 413 0 1.26022e-15 1.99729e-16
 414 0 1.25718e-15 1.99269e-16
 415 0 1.25415e-15 1.98811e-16
 416 0 1.25114e-15 1.98356e-16
 417 7.10543e-15 1.26518e-15 1.98377e-16
 418 7.10543e-15 1.27915e-15 1.98394e-16
 419 0 1.27609e-15 1.97944e-16
 420 7.10543e-15 1.28997e-15 1.97959e-16
 421 0 1.28691e-15 1.97512e-16
 422 7.10543e-15 1.3007e-15 1.97525e-16
 423 0 1.29762e-15 1.97082e-16
 424 0 1.29456e-15 1.9664e-16
 425 0 1.29152e-15 1.96201e-16
 426 0 1.28848e-15 1.95763e-16
 427 0 1.28547e-15 1.95327e-16
 428 0 1.28246e-15 1.94893e-16
 429 0 1.27947e-15 1.94462e-16
 430 7.10543e-15 1.29302e-15 1.94481e-16
 431 7.10543e-15 1.30651e-15 1.94498e-16
 432 7.10543e-15 1.31993e-15 1.94511e-16
 433 7.10543e-15 1.33329e-15 1.9452e-16
 434 0 1.33022e-15 1.94096e-16
 435 0 1.32716e-15 1.93673e-16
 436 0 1.32412e-15 1.93253e-16
 437 0 1.32109e-15 1.92834e-16
 438 0 1.31807e-15 1.92417e-16
 439 7.10543e-15 1.33126e-15 1.9243e-16
 440 7.10543e-15 1.34438e-15 1.9244e-16
 441 7.10543e-15 1.35744e-15 1.92447e-16
 442 0 1.35437e-15 1.92036e-16
 443 0 1.35131e-15 1.91626e-16
 444 0 1.34827e-15 1.91218e-16
 445 0 1.34524e-15 1.90812e-16
 446 7.10543e-15 1.35816e-15 1.90821e-16
 447 7.10543e-15 1.37101e-15 1.90828e-16
 448 7.10543e-15 1.38381e-15 1.90831e-16
 449 7.10543e-15 1.39656e-15 1.90831e-16
 450 -3.55271e-15 1.38556e-15 1.90724e-16
 451 0 1.38249e-15 1.90326e-16
 452 0 1.37943e-15 1.89929e-16
 453 0 1.37638e-15 1.89534e-16
 454 -3.55271e-15 1.36553e-15 1.89427e-16
 455 0 1.36252e-15 1.89034e-16
 456 0 1.35954e-15 1.88643e-16
 457 0 1.35656e-15 1.88253e-16
 458 0 1.3536e-15 1.87865e-16
 459 7.10543e-15 1.36613e-15 1.87874e-16
 460 -3.55271e-15 1.35544e-15 1.87769e-16
 461 -3.55271e-15 1.34479e-15 1.87664e-16
 462 7.10543e-15 1.35726e-15 1.87672e-16
 463 7.10543e-15 1.36967e-15 1.87677e-16
 464 7.10543e-15 1.38204e-15 1.8768e-16
 465 7.10543e-15 1.39434e-15 1.8768e-16
 466 7.10543e-15 1.4066e-15 1.87677e-16
 467 7.10543e-15 1.4188e-15 1.87672e-16
 468 7.10543e-15 1.43095e-15 1.87664e-16
 469 7.10543e-15 1.44305e-15 1.87654e-16
 470 7.10543e-15 1.4551e-15 1.87642e-16
 471 0 1.45201e-15 1.87268e-16
 472 0 1.44894e-15 1.86897e-16
 473 0 1.44587e-15 1.86526e-16
 474 0 1.44282e-15 1.86157e-16
 475 0 1.43978e-15 1.8579e-16
 476 7.10543e-15 1.45169e-15 1.85781e-16
 477 7.10543e-15 1.46354e-15 1.85769e-16
 478 7.10543e-15 1.47534e-15 1.85756e-16
 479 0 1.47226e-15 1.85393e-16
 480 0 1.4692e-15 1.85032e-16
 481 7.10543e-15 1.48091e-15 1.85018e-16
 482 7.10543e-15 1.49258e-15 1.85002e-16
 483 7.10543e-15 1.5042e-15 1.84984e-16
 484 7.10543e-15 1.51578e-15 1.84964e-16
 485 7.10543e-15 1.5273e-15 1.84942e-16
 486 7.10543e-15 1.53878e-15 1.84917e-16
 487 0 1.53562e-15 1.84564e-16
 488 7.10543e-15 1.54703e-15 1.84539e-16
 489 0 1.54387e-15 1.84188e-16
 490 7.10543e-15 1.55522e-15 1.84162e-16
 491 0 1.55205e-15 1.83814e-16
 492 0 1.5489e-15 1.83467e-16
 493 0 1.54575e-15 1.83122e-16
 494 7.10543e-15 1.55701e-15 1.83097e-16
 495 7.10543e-15 1.56822e-15 1.8307e-16
 496 7.10543e-15 1.57938e-15 1.83041e-16
 497 0 1.5762e-15 1.827e-16
 498 -3.55271e-15 1.5659e-15 1.82624e-16
 499 -3.55271e-15 1.55565e-15 1.82546e-16
 500 0 1.55254e-15 1.82207e-16
 501 -3.55271e-15 1.54235e-15 1.82128e-16
 502 -3.55271e-15 1.5322e-15 1.82048e-16
 503 -3.55271e-15 1.52209e-15 1.81967e-16
 504 -3.55271e-15 1.51202e-15 1.81884e-16
 505 -3.55271e-15 1.50199e-15 1.81801e-16
 506 7.10543e-15 1.51306e-15 1.81779e-16
 507 7.10543e-15 1.52409e-15 1.81755e-16
 508 7.10543e-15 1.53508e-15 1.81729e-16
 509 7.10543e-15 1.54602e-15 1.81702e-16
 510 7.10543e-15 1.55692e-15 1.81672e-16
 511 7.10543e-15 1.56778e-15 1.81641e-16
 512 7.10543e-15 1.5786e-15 1.81608e-16
 513 0 1.57552e-15 1.8128e-16
 514 7.10543e-15 1.58628e-15 1.81247e-16
 515 0 1.5832e-15 1.80921e-16
 516 7.10543e-15 1.5939e-15 1.80887e-16
 517 0 1.59082e-15 1.80563e-16
 518 0 1.58775e-15 1.8024e-16
 519 0 1.58469e-15 1.79918e-16
 520 -3.55271e-15 1.57481e-15 1.79844e-16
 521 7.10543e-15 1.58542e-15 1.79812e-16
 522 7.10543e-15 1.596e-15 1.79778e-16
 523 7.10543e-15 1.60653e-15 1.79743e-16
 524 7.10543e-15 1.61703e-15 1.79706e-16
 525 7.10543e-15 1.62748e-15 1.79668e-16
 526 7.10543e-15 1.6379e-15 1.79628e-16
 527 7.10543e-15 1.64827e-15 1.79587e-16
 528 0 1.64515e-15 1.79274e-16
 529 0 1.64204e-15 1.78962e-16
 530 7.10543e-15 1.65235e-15 1.78921e-16
 531 0 1.64924e-15 1.78611e-16
 532 0 1.64614e-15 1.78302e-16
 533 0 1.64305e-15 1.77994e-16
 534 0 1.63997e-15 1.77687e-16
 535 -3.55271e-15 1.63026e-15 1.7762e-16
 536 -3.55271e-15 1.62059e-15 1.77551e-16
 537 -3.55271e-15 1.61096e-15 1.77482e-16
 538 -3.55271e-15 1.60136e-15 1.77412e-16
 539 0 1.59839e-15 1.77107e-16
 540 0 1.59543e-15 1.76804e-16
 541 7.10543e-15 1.60562e-15 1.7677e-16
 542 -3.55271e-15 1.5961e-15 1.767e-16
 543 7.10543e-15 1.60625e-15 1.76666e-16
 544 0 1.60329e-15 1.76366e-16
 545 7.10543e-15 1.61339e-15 1.76331e-16
 546 0 1.61043e-15 1.76033e-16
 547 0 1.60749e-15 1.75735e-16
 548 0 1.60456e-15 1.75439e-16
 549 0 1.60163e-15 1.75143e-16
 550 -3.55271e-15 1.59226e-15 1.75076e-16
 551 0 1.58937e-15 1.74781e-16
 552 -3.55271e-15 1.58006e-15 1.74713e-16
 553 -3.55271e-15 1.57077e-15 1.74644e-16
 554 0 1.56794e-15 1.74351e-16
 555 -3.55271e-15 1.55871e-15 1.74281e-16
 556 -3.55271e-15 1.54952e-15 1.7421e-16
 557 7.10543e-15 1.55949e-15 1.74183e-16
 558 0 1.5567e-15 1.73893e-16
 559 0 1.55392e-15 1.73604e-16
 560 0 1.55114e-15 1.73316e-16
 561 0 1.54838e-15 1.73029e-16
 562 7.10543e-15 1.55826e-15 1.73003e-16
 563 7.10543e-15 1.56812e-15 1.72977e-16
 564 0 1.56534e-15 1.72692e-16
 565 0 1.56257e-15 1.72408e-16
 566 0 1.5598e-15 1.72126e-16
 567 -3.55271e-15 1.55079e-15 1.72058e-16
 568 -3.55271e-15 1.5418e-15 1.7199e-16
 569 7.10543e-15 1.55158e-15 1.71966e-16
 570 0 1.54886e-15 1.71685e-16
 571 7.10543e-15 1.55859e-15 1.7166e-16
 572 0 1.55586e-15 1.71382e-16
 573 0 1.55315e-15 1.71104e-16
 574 0 1.55044e-15 1.70827e-16
 575 0 1.54775e-15 1.70551e-16
 576 0 1.54506e-15 1.70276e-16
 577 0 1.54238e-15 1.70001e-16
 578 0 1.53971e-15 1.69728e-16
 579 0 1.53705e-15 1.69456e-16
 580 7.10543e-15 1.54666e-15 1.69435e-16
 581 7.10543e-15 1.55622e-15 1.69414e-16
 582 7.10543e-15 1.56576e-15 1.69391e-16
 583 7.10543e-15 1.57526e-15 1.69367e-16
 584 7.10543e-15 1.58473e-15 1.69342e-16
 585 0 1.58202e-15 1.69074e-16
 586 0 1.57932e-15 1.68807e-16
 587 0 1.57663e-15 1.6854e-16
 588 7.10543e-15 1.58603e-15 1.68516e-16
 589 7.10543e-15 1.5954e-15 1.6849e-16
 590 7.10543e-15 1.60474e-15 1.68464e-16
 591 7.10543e-15 1.61405e-15 1.68436e-16
 592 0 1.61132e-15 1.68173e-16
 593 0 1.60861e-15 1.67911e-16
 594 0 1.6059e-15 1.6765e-16
 595 0 1.6032e-15 1.6739e-16
 596 -3.55271e-15 1.59455e-15 1.67332e-16
 597 0 1.59188e-15 1.67073e-16
 598 0 1.58922e-15 1.66815e-16
 599 7.10543e-15 1.59842e-15 1.66791e-16
 600 7.10543e-15 1.6076e-15 1.66765e-16
 601 7.10543e-15 1.61675e-15 1.66739e-16
 602 0 1.61407e-15 1.66483e-16
 603 7.10543e-15 1.62317e-15 1.66456e-16
 604 -3.55271e-15 1.6146e-15 1.66401e-16
 605 0 1.61193e-15 1.66147e-16
 606 0 1.60927e-15 1.65894e-16
 607 7.10543e-15 1.61833e-15 1.65868e-16
 608 0 1.61567e-15 1.65616e-16
 609 7.10543e-15 1.62468e-15 1.6559e-16
 610 7.10543e-15 1.63367e-15 1.65562e-16
 611 7.10543e-15 1.64262e-15 1.65533e-16
 612 0 1.63994e-15 1.65284e-16
 613 7.10543e-15 1.64885e-15 1.65255e-16
 614 7.10543e-15 1.65774e-15 1.65225e-16
 615 0 1.65504e-15 1.64978e-16
 616 7.10543e-15 1.66389e-15 1.64947e-16
 617 7.10543e-15 1.67271e-15 1.64916e-16
 618 7.10543e-15 1.6815e-15 1.64883e-16
 619 7.10543e-15 1.69027e-15 1.6485e-16
 620 0 1.68754e-15 1.64606e-16
 621 -3.55271e-15 1.6791e-15 1.64558e-16
 622 7.10543e-15 1.68782e-15 1.64524e-16
 623 7.10543e-15 1.69652e-15 1.6449e-16
 624 0 1.6938e-15 1.64249e-16
 625 0 1.69109e-15 1.64008e-16
 626 0 1.68839e-15 1.63768e-16
 627 7.10543e-15 1.69703e-15 1.63735e-16
 628 7.10543e-15 1.70564e-15 1.63701e-16
 629 7.10543e-15 1.71423e-15 1.63665e-16
 630 7.10543e-15 1.72278e-15 1.63629e-16
 631 0 1.72005e-15 1.63393e-16
 632 7.10543e-15 1.72858e-15 1.63356e-16
 633 0 1.72584e-15 1.63121e-16
 634 0 1.72312e-15 1.62886e-16
 635 0 1.72041e-15 1.62652e-16
 636 0 1.7177e-15 1.62419e-16
 637 0 1.71501e-15 1.62186e-16
 638 7.10543e-15 1.72346e-15 1.62152e-16
 639 0 1.72076e-15 1.6192e-16
 640 0 1.71807e-15 1.61689e-16
 641 0 1.71539e-15 1.61459e-16
 642 0 1.71272e-15 1.6123e-16
 643 -3.55271e-15 1.70453e-15 1.61187e-16
 644 0 1.70188e-15 1.60958e-16
 645 0 1.69924e-15 1.6073e-16
 646 0 1.69661e-15 1.60503e-16
 647 0 1.69399e-15 1.60276e-16
 648 -3.55271e-15 1.68589e-15 1.60233e-16
 649 0 1.6833e-15 1.60007e-16
 650 0 1.68071e-15 1.59782e-16
 651 0 1.67813e-15 1.59557e-16
 652 7.10543e-15 1.68645e-15 1.59529e-16
 653 7.10543e-15 1.69475e-15 1.59501e-16
 654 0 1.69216e-15 1.59278e-16
 655 0 1.68957e-15 1.59055e-16
 656 0 1.687e-15 1.58834e-16
 657 7.10543e-15 1.69524e-15 1.58806e-16
 658 7.10543e-15 1.70347e-15 1.58778e-16
 659 0 1.70088e-15 1.58557e-16
 660 0 1.6983e-15 1.58338e-16
 661 0 1.69574e-15 1.58119e-16
 662 -3.55271e-15 1.68781e-15 1.58079e-16
 663 -3.55271e-15 1.6799e-15 1.58038e-16
 664 -3.55271e-15 1.67202e-15 1.57997e-16
 665 0 1.66951e-15 1.57779e-16
 666 0 1.667e-15 1.57562e-16
 667 7.10543e-15 1.67516e-15 1.57537e-16
 668 0 1.67265e-15 1.57321e-16
 669 -3.55271e-15 1.66484e-15 1.57279e-16
 670 7.10543e-15 1.67296e-15 1.57254e-16
 671 7.10543e-15 1.68105e-15 1.57228e-16
 672 0 1.67855e-15 1.57014e-16
 673 7.10543e-15 1.68662e-15 1.56988e-16
 674 -3.55271e-15 1.67884e-15 1.56947e-16
 675 0 1.67635e-15 1.56734e-16
 676 0 1.67387e-15 1.56522e-16
 677 0 1.6714e-15 1.5631e-16
 678 0 1.66894e-15 1.56099e-16
 679 0 1.66648e-15 1.55888e-16
 680 0 1.66403e-15 1.55678e-16
 681 7.10543e-15 1.67202e-15 1.55655e-16
 682 7.10543e-15 1.67999e-15 1.5563e-16
 683 7.10543e-15 1.68793e-15 1.55605e-16
 684 0 1.68546e-15 1.55397e-16
 685 7.10543e-15 1.69337e-15 1.55372e-16
 686 7.10543e-15 1.70126e-15 1.55345e-16
 687 7.10543e-15 1.70913e-15 1.55318e-16
 688 7.10543e-15 1.71697e-15 1.55291e-16
 689 0 1.71448e-15 1.55085e-16
 690 0 1.712e-15 1.5488e-16
 691 0 1.70952e-15 1.54676e-16
 692 -3.55271e-15 1.70191e-15 1.54639e-16
 693 0 1.69946e-15 1.54435e-16
 694 -3.55271e-15 1.69189e-15 1.54398e-16
 695 -3.55271e-15 1.68434e-15 1.5436e-16
 696 -3.55271e-15 1.67682e-15 1.54322e-16
 697 -3.55271e-15 1.66932e-15 1.54283e-16
 698 -1.77636e-15 1.66438e-15 1.54141e-16
 699 -1.77636e-15 1.65946e-15 1.53999e-16
 700 -3.55271e-15 1.65201e-15 1.53959e-16
 701 0 1.64966e-15 1.53757e-16
 702 0 1.64731e-15 1.53556e-16
 703 -3.55271e-15 1.63991e-15 1.53516e-16
 704 0 1.63758e-15 1.53315e-16
 705 0 1.63526e-15 1.53115e-16
 706 0 1.63294e-15 1.52916e-16
 707 -3.55271e-15 1.62561e-15 1.52875e-16
 708 -3.55271e-15 1.61829e-15 1.52834e-16
 709 -3.55271e-15 1.611e-15 1.52793e-16
 710 -3.55271e-15 1.60372e-15 1.52751e-16
 711 -3.55271e-15 1.59647e-15 1.52708e-16
 712 0 1.59423e-15 1.5251e-16
 713 0 1.59199e-15 1.52312e-16
 714 7.10543e-15 1.59972e-15 1.52295e-16
 715 7.10543e-15 1.60742e-15 1.52276e-16
 716 7.10543e-15 1.6151e-15 1.52257e-16
 717 7.10543e-15 1.62275e-15 1.52237e-16
 718 7.10543e-15 1.63039e-15 1.52217e-16
 719 7.10543e-15 1.638e-15 1.52196e-16
 720 7.10543e-15 1.6456e-15 1.52174e-16
 721 0 1.64331e-15 1.5198e-16
 722 0 1.64104e-15 1.51786e-16
 723 0 1.63877e-15 1.51593e-16
 724 0 1.63651e-15 1.514e-16
 725 0 1.63425e-15 1.51208e-16
 726 0 1.632e-15 1.51017e-16
 727 7.10543e-15 1.63953e-15 1.50997e-16
 728 0 1.63727e-15 1.50806e-16
 729 0 1.63503e-15 1.50616e-16
 730 0 1.63279e-15 1.50426e-16
 731 0 1.63055e-15 1.50236e-16
 732 -3.55271e-15 1.62347e-15 1.50198e-16
 733 0 1.62126e-15 1.50009e-16
 734 0 1.61905e-15 1.49821e-16
 735 0 1.61685e-15 1.49633e-16
 736 -3.55271e-15 1.60982e-15 1.49595e-16
 737 -3.55271e-15 1.60282e-15 1.49556e-16
 738 -3.55271e-15 1.59583e-15 1.49516e-16
 739 -3.55271e-15 1.58887e-15 1.49476e-16
 740 -3.55271e-15 1.58192e-15 1.49436e-16
 741 0 1.57978e-15 1.49249e-16
 742 0 1.57765e-15 1.49063e-16
 743 -3.55271e-15 1.57075e-15 1.49023e-16
 744 -3.55271e-15 1.56386e-15 1.48981e-16
 745 0 1.56176e-15 1.48796e-16
 746 0 1.55967e-15 1.48611e-16
 747 0 1.55758e-15 1.48427e-16
 748 0 1.5555e-15 1.48243e-16
 749 0 1.55342e-15 1.48059e-16
 750 7.10543e-15 1.56083e-15 1.48047e-16
 751 0 1.55875e-15 1.47864e-16
 752 7.10543e-15 1.56612e-15 1.47852e-16
 753 -3.55271e-15 1.55933e-15 1.47812e-16
 754 0 1.55726e-15 1.4763e-16
 755 7.10543e-15 1.56461e-15 1.47617e-16
 756 7.10543e-15 1.57193e-15 1.47604e-16
 757 7.10543e-15 1.57924e-15 1.4759e-16
 758 7.10543e-15 1.58654e-15 1.47575e-16
 759 0 1.58444e-15 1.47396e-16
 760 0 1.58236e-15 1.47216e-16
 761 0 1.58028e-15 1.47038e-16
 762 0 1.57821e-15 1.46859e-16
 763 7.10543e-15 1.58545e-15 1.46845e-16
 764 7.10543e-15 1.59268e-15 1.46831e-16
 765 0 1.59059e-15 1.46654e-16
 766 0 1.58852e-15 1.46477e-16
 767 0 1.58645e-15 1.463e-16
 768 0 1.58438e-15 1.46124e-16
 769 7.10543e-15 1.59156e-15 1.46111e-16
 770 7.10543e-15 1.59872e-15 1.46096e-16
 771 7.10543e-15 1.60586e-15 1.46081e-16
 772 0 1.60378e-15 1.45907e-16
 773 7.10543e-15 1.6109e-15 1.45892e-16
 774 0 1.60882e-15 1.45718e-16
 775 0 1.60674e-15 1.45545e-16
 776 0 1.60467e-15 1.45372e-16
 777 7.10543e-15 1.61175e-15 1.45357e-16
 778 0 1.60968e-15 1.45185e-16
 779 0 1.60761e-15 1.45013e-16
 780 -3.55271e-15 1.601e-15 1.44978e-16
 781 0 1.59895e-15 1.44807e-16
 782 0 1.5969e-15 1.44636e-16
 783 -3.55271e-15 1.59033e-15 1.44601e-16
 784 -3.55271e-15 1.58377e-15 1.44565e-16
 785 -3.55271e-15 1.57722e-15 1.44529e-16
 786 0 1.57522e-15 1.44359e-16
 787 0 1.57322e-15 1.44189e-16
 788 7.10543e-15 1.58024e-15 1.44177e-16
 789 0 1.57823e-15 1.44008e-16
 790 0 1.57624e-15 1.4384e-16
 791 0 1.57424e-15 1.43672e-16
 792 0 1.57226e-15 1.43504e-16
 793 0 1.57027e-15 1.43337e-16
 794 0 1.56829e-15 1.4317e-16
 795 0 1.56632e-15 1.43003e-16
 796 0 1.56435e-15 1.42837e-16
 797 0 1.56239e-15 1.42671e-16
 798 0 1.56043e-15 1.42505e-16
 799 7.10543e-15 1.56737e-15 1.42496e-16
 800 -3.55271e-15 1.56097e-15 1.42462e-16
 801 0 1.55902e-15 1.42297e-16
 802 0 1.55708e-15 1.42133e-16
 803 0 1.55514e-15 1.41969e-16
 804 7.10543e-15 1.56205e-15 1.4196e-16
 805 7.10543e-15 1.56893e-15 1.41951e-16
 806 7.10543e-15 1.5758e-15 1.41941e-16
 807 7.10543e-15 1.58265e-15 1.4193e-16
 808 -3.55271e-15 1.5763e-15 1.41897e-16
 809 -3.55271e-15 1.56996e-15 1.41863e-16
 810 -3.55271e-15 1.56363e-15 1.41829e-16
 811 0 1.5617e-15 1.41667e-16
 812 0 1.55978e-15 1.41506e-16
 813 7.10543e-15 1.5666e-15 1.41496e-16
 814 7.10543e-15 1.57341e-15 1.41486e-16
 815 0 1.57148e-15 1.41325e-16
 816 7.10543e-15 1.57826e-15 1.41315e-16
 817 7.10543e-15 1.58502e-15 1.41304e-16
 818 7.10543e-15 1.59177e-15 1.41292e-16
 819 7.10543e-15 1.5985e-15 1.4128e-16
 820 7.10543e-15 1.60522e-15 1.41268e-16
 821 -3.55271e-15 1.59894e-15 1.41235e-16
 822 0 1.59699e-15 1.41077e-16
 823 0 1.59505e-15 1.40918e-16
 824 -3.55271e-15 1.5888e-15 1.40886e-16
 825 0 1.58688e-15 1.40728e-16
 826 0 1.58496e-15 1.40571e-16
 827 -3.55271e-15 1.57875e-15 1.40538e-16
 828 -3.55271e-15 1.57255e-15 1.40505e-16
 829 0 1.57065e-15 1.40348e-16
 830 0 1.56876e-15 1.40192e-16
 831 -3.55271e-15 1.5626e-15 1.40159e-16
 832 -3.55271e-15 1.55645e-15 1.40125e-16
 833 0 1.55458e-15 1.39969e-16
 834 0 1.55271e-15 1.39814e-16
 835 0 1.55086e-15 1.39659e-16
 836 -3.55271e-15 1.54475e-15 1.39625e-16
 837 0 1.5429e-15 1.3947e-16
 838 0 1.54106e-15 1.39316e-16
 839 0 1.53923e-15 1.39162e-16
 840 0 1.53739e-15 1.39008e-16
 841 0 1.53557e-15 1.38855e-16
 842 0 1.53374e-15 1.38702e-16
 843 0 1.53192e-15 1.38549e-16
 844 0 1.53011e-15 1.38397e-16
 845 -3.55271e-15 1.52409e-15 1.38364e-16
 846 0 1.52229e-15 1.38212e-16
 847 7.10543e-15 1.52888e-15 1.38206e-16
 848 7.10543e-15 1.53546e-15 1.38199e-16
 849 7.10543e-15 1.54202e-15 1.38192e-16
 850 7.10543e-15 1.54857e-15 1.38185e-16
 851 0 1.54675e-15 1.38034e-16
 852 -3.55271e-15 1.54076e-15 1.38002e-16
 853 0 1.53895e-15 1.37852e-16
 854 -3.55271e-15 1.53299e-15 1.37819e-16
 855 7.10543e-15 1.53951e-15 1.37812e-16
 856 0 1.53771e-15 1.37663e-16
 857 0 1.53592e-15 1.37514e-16
 858 0 1.53413e-15 1.37365e-16
 859 7.10543e-15 1.54061e-15 1.37358e-16
 860 7.10543e-15 1.54708e-15 1.37351e-16
 861 0 1.54529e-15 1.37203e-16
 862 0 1.54349e-15 1.37056e-16
 863 0 1.5417e-15 1.36908e-16
 864 7.10543e-15 1.54814e-15 1.36901e-16
 865 0 1.54635e-15 1.36755e-16
 866 0 1.54457e-15 1.36608e-16
 867 0 1.54279e-15 1.36462e-16
 868 7.10543e-15 1.5492e-15 1.36456e-16
 869 7.10543e-15 1.55559e-15 1.36448e-16
 870 7.10543e-15 1.56197e-15 1.36441e-16
 871 -3.55271e-15 1.5561e-15 1.3641e-16
 872 0 1.55431e-15 1.36266e-16
 873 7.10543e-15 1.56067e-15 1.36258e-16
 874 7.10543e-15 1.56702e-15 1.3625e-16
 875 7.10543e-15 1.57334e-15 1.36241e-16
 876 7.10543e-15 1.57966e-15 1.36232e-16
 877 7.10543e-15 1.58596e-15 1.36222e-16
 878 0 1.58415e-15 1.36079e-16
 879 7.10543e-15 1.59044e-15 1.36069e-16
 880 7.10543e-15 1.5967e-15 1.36059e-16
 881 0 1.59489e-15 1.35916e-16
 882 0 1.59308e-15 1.35774e-16
 883 -3.55271e-15 1.58725e-15 1.35746e-16
 884 -3.55271e-15 1.58144e-15 1.35716e-16
 885 0 1.57965e-15 1.35575e-16
 886 -1.77636e-15 1.57587e-15 1.35475e-16
 887 -1.77636e-15 1.57209e-15 1.35375e-16
 888 0 1.57032e-15 1.35234e-16
 889 -3.55271e-15 1.56455e-15 1.35204e-16
 890 -3.55271e-15 1.5588e-15 1.35175e-16
 891 -3.55271e-15 1.55307e-15 1.35145e-16
 892 -3.55271e-15 1.54734e-15 1.35114e-16
 893 -3.55271e-15 1.54163e-15 1.35084e-16
 894 0 1.53991e-15 1.34944e-16
 895 0 1.53819e-15 1.34804e-16
 896 -3.55271e-15 1.5325e-15 1.34773e-16
 897 0 1.5308e-15 1.34634e-16
 898 7.10543e-15 1.537e-15 1.34627e-16
 899 7.10543e-15 1.5432e-15 1.34619e-16
 900 0 1.54148e-15 1.34481e-16
 901 -1.77636e-15 1.5378e-15 1.34382e-16
 902 0 1.5361e-15 1.34244e-16
 903 7.10543e-15 1.54226e-15 1.34237e-16
 904 -3.55271e-15 1.53663e-15 1.34206e-16
 905 -3.55271e-15 1.531e-15 1.34176e-16
 906 0 1.52931e-15 1.34038e-16
 907 0 1.52763e-15 1.33901e-16
 908 -3.55271e-15 1.52203e-15 1.33871e-16
 909 -3.55271e-15 1.51645e-15 1.3384e-16
 910 0 1.51478e-15 1.33703e-16
 911 0 1.51312e-15 1.33567e-16
 912 0 1.51146e-15 1.3343e-16
 913 0 1.50981e-15 1.33294e-16
 914 -3.55271e-15 1.50427e-15 1.33264e-16
 915 -3.55271e-15 1.49874e-15 1.33233e-16
 916 0 1.4971e-15 1.33097e-16
 917 0 1.49547e-15 1.32962e-16
 918 0 1.49384e-15 1.32827e-16
 919 0 1.49222e-15 1.32692e-16
 920 0 1.4906e-15 1.32558e-16
 921 0 1.48898e-15 1.32424e-16
 922 -3.55271e-15 1.48351e-15 1.32393e-16
 923 7.10543e-15 1.4896e-15 1.3239e-16
 924 7.10543e-15 1.49568e-15 1.32386e-16
 925 0 1.49406e-15 1.32253e-16
 926 -3.55271e-15 1.48861e-15 1.32222e-16
 927 -3.55271e-15 1.48317e-15 1.32191e-16
 928 0 1.48157e-15 1.32058e-16
 929 -3.55271e-15 1.47615e-15 1.32027e-16
 930 0 1.47457e-15 1.31895e-16
 931 -3.55271e-15 1.46917e-15 1.31864e-16
 932 -1.77636e-15 1.46568e-15 1.31768e-16
 933 0 1.46411e-15 1.31636e-16
 934 -3.55271e-15 1.45874e-15 1.31605e-16
 935 0 1.45718e-15 1.31473e-16
 936 0 1.45563e-15 1.31342e-16
 937 7.10543e-15 1.46166e-15 1.3134e-16
 938 7.10543e-15 1.46767e-15 1.31338e-16
 939 7.10543e-15 1.47368e-15 1.31336e-16
 940 0 1.47211e-15 1.31205e-16
 941 7.10543e-15 1.4781e-15 1.31202e-16
 942 -3.55271e-15 1.47275e-15 1.31172e-16
 943 -3.55271e-15 1.46743e-15 1.31141e-16
 944 0 1.46587e-15 1.31011e-16
 945 0 1.46432e-15 1.30882e-16
 946 0 1.46277e-15 1.30752e-16
 947 0 1.46123e-15 1.30623e-16
 948 0 1.45969e-15 1.30495e-16
 949 0 1.45815e-15 1.30366e-16
 950 0 1.45661e-15 1.30238e-16
 951 -3.55271e-15 1.45135e-15 1.30207e-16
 952 7.10543e-15 1.45728e-15 1.30206e-16
 953 0 1.45576e-15 1.30078e-16
 954 7.10543e-15 1.46168e-15 1.30077e-16
 955 7.10543e-15 1.46759e-15 1.30075e-16
 956 7.10543e-15 1.47348e-15 1.30072e-16
 957 7.10543e-15 1.47937e-15 1.3007e-16
 958 7.10543e-15 1.48524e-15 1.30066e-16
 959 0 1.48369e-15 1.2994e-16
 960 0 1.48215e-15 1.29814e-16
 961 0 1.48061e-15 1.29688e-16
 962 0 1.47907e-15 1.29562e-16
 963 7.10543e-15 1.48491e-15 1.29559e-16
 964 7.10543e-15 1.49074e-15 1.29556e-16
 965 7.10543e-15 1.49656e-15 1.29552e-16
 966 7.10543e-15 1.50236e-15 1.29548e-16
 967 7.10543e-15 1.50816e-15 1.29544e-16
 968 7.10543e-15 1.51394e-15 1.29539e-16
 969 7.10543e-15 1.51971e-15 1.29534e-16
 970 7.10543e-15 1.52547e-15 1.29529e-16
 971 7.10543e-15 1.53122e-15 1.29523e-16
 972 0 1.52964e-15 1.29399e-16
 973 -3.55271e-15 1.52442e-15 1.29371e-16
 974 0 1.52285e-15 1.29248e-16
 975 -3.55271e-15 1.51765e-15 1.2922e-16
 976 0 1.51609e-15 1.29097e-16
 977 0 1.51454e-15 1.28974e-16
 978 -3.55271e-15 1.50936e-15 1.28946e-16
 979 7.10543e-15 1.51507e-15 1.28941e-16
 980 -3.55271e-15 1.5099e-15 1.28913e-16
 981 -1.77636e-15 1.50655e-15 1.28826e-16
 982 0 1.50502e-15 1.28703e-16
 983 0 1.50349e-15 1.28582e-16
 984 7.10543e-15 1.50918e-15 1.28577e-16
 985 0 1.50765e-15 1.28455e-16
 986 0 1.50612e-15 1.28334e-16
 987 0 1.50459e-15 1.28213e-16
 988 0 1.50307e-15 1.28092e-16
 989 0 1.50155e-15 1.27972e-16
 990 7.10543e-15 1.50721e-15 1.27968e-16
 991 7.10543e-15 1.51286e-15 1.27963e-16
 992 7.10543e-15 1.5185e-15 1.27959e-16
 993 7.10543e-15 1.52412e-15 1.27953e-16
 994 0 1.52259e-15 1.27834e-16
 995 -3.55271e-15 1.51749e-15 1.27807e-16
 996 7.10543e-15 1.5231e-15 1.27802e-16
 997 7.10543e-15 1.5287e-15 1.27796e-16
 998 0 1.52717e-15 1.27677e-16
 999 7.10543e-15 1.53275e-15 1.27672e-16
 1000 7.10543e-15 1.53833e-15 1.27666e-16
 1001 0 1.53679e-15 1.27547e-16
 1002 0 1.53525e-15 1.27429e-16
 1003 7.10543e-15 1.54081e-15 1.27423e-16
 1004 7.10543e-15 1.54635e-15 1.27417e-16
 1005 7.10543e-15 1.55188e-15 1.2741e-16
 1006 0 1.55034e-15 1.27293e-16
 1007 0 1.5488e-15 1.27176e-16
 1008 0 1.54726e-15 1.27059e-16
 1009 0 1.54573e-15 1.26942e-16
 1010 0 1.5442e-15 1.26825e-16
 1011 -3.55271e-15 1.53916e-15 1.268e-16
 1012 7.10543e-15 1.54466e-15 1.26794e-16
 1013 0 1.54313e-15 1.26678e-16
 1014 -1.77636e-15 1.53986e-15 1.26595e-16
 1015 -3.55271e-15 1.53484e-15 1.2657e-16
 1016 0 1.53333e-15 1.26455e-16
 1017 7.10543e-15 1.53881e-15 1.26449e-16
 1018 7.10543e-15 1.54428e-15 1.26443e-16
 1019 0 1.54276e-15 1.26328e-16
 1020 0 1.54125e-15 1.26213e-16
 1021 7.10543e-15 1.5467e-15 1.26207e-16
 1022 0 1.54519e-15 1.26093e-16
 1023 7.10543e-15 1.55062e-15 1.26086e-16
 1024 7.10543e-15 1.55605e-15 1.2608e-16
 1025 0 1.55453e-15 1.25966e-16
 1026 0 1.55301e-15 1.25852e-16
 1027 0 1.5515e-15 1.25739e-16
 1028 7.10543e-15 1.5569e-15 1.25733e-16
 1029 7.10543e-15 1.5623e-15 1.25726e-16
 1030 7.10543e-15 1.56768e-15 1.25719e-16
 1031 -3.55271e-15 1.56271e-15 1.25695e-16
 1032 -3.55271e-15 1.55775e-15 1.25671e-16
 1033 -3.55271e-15 1.55281e-15 1.25647e-16
 1034 0 1.55131e-15 1.25534e-16
 1035 0 1.54981e-15 1.25422e-16
 1036 0 1.54831e-15 1.2531e-16
 1037 0 1.54682e-15 1.25198e-16
 1038 0 1.54533e-15 1.25086e-16
 1039 -1.77636e-15 1.54213e-15 1.25006e-16
 1040 0 1.54065e-15 1.24895e-16
 1041 0 1.53917e-15 1.24784e-16
 1042 -3.55271e-15 1.53428e-15 1.2476e-16
 1043 -3.55271e-15 1.5294e-15 1.24735e-16
 1044 -3.55271e-15 1.52454e-15 1.24711e-16
 1045 -3.55271e-15 1.51968e-15 1.24686e-16
 1046 0 1.51822e-15 1.24575e-16
 1047 0 1.51677e-15 1.24465e-16
 1048 0 1.51533e-15 1.24354e-16
 1049 0 1.51388e-15 1.24244e-16
 1050 7.10543e-15 1.51921e-15 1.2424e-16
 1051 7.10543e-15 1.52452e-15 1.24235e-16
 1052 -3.55271e-15 1.5197e-15 1.24211e-16
 1053 0 1.51825e-15 1.24102e-16
 1054 7.10543e-15 1.52355e-15 1.24097e-16
 1055 -3.55271e-15 1.51874e-15 1.24073e-16
 1056 0 1.5173e-15 1.23963e-16
 1057 0 1.51587e-15 1.23854e-16
 1058 0 1.51444e-15 1.23746e-16
 1059 0 1.51301e-15 1.23637e-16
 1060 -3.55271e-15 1.50823e-15 1.23613e-16
 1061 0 1.50681e-15 1.23504e-16
 1062 7.10543e-15 1.51208e-15 1.23501e-16
 1063 0 1.51066e-15 1.23392e-16
 1064 0 1.50924e-15 1.23285e-16
 1065 0 1.50782e-15 1.23177e-16
 1066 0 1.5064e-15 1.23069e-16
 1067 0 1.50499e-15 1.22962e-16
 1068 0 1.50358e-15 1.22855e-16
 1069 0 1.50218e-15 1.22748e-16
 1070 0 1.50077e-15 1.22641e-16
 1071 0 1.49937e-15 1.22535e-16
 1072 0 1.49797e-15 1.22429e-16
 1073 0 1.49658e-15 1.22322e-16
 1074 -3.55271e-15 1.49188e-15 1.22299e-16
 1075 -3.55271e-15 1.48718e-15 1.22275e-16
 1076 0 1.4858e-15 1.22169e-16
 1077 0 1.48442e-15 1.22063e-16
 1078 0 1.48304e-15 1.21958e-16
 1079 0 1.48167e-15 1.21853e-16
 1080 0 1.4803e-15 1.21747e-16
 1081 7.10543e-15 1.4855e-15 1.21746e-16
 1082 0 1.48413e-15 1.21641e-16
 1083 0 1.48276e-15 1.21537e-16
 1084 7.10543e-15 1.48794e-15 1.21535e-16
 1085 0 1.48657e-15 1.21431e-16
 1086 0 1.4852e-15 1.21327e-16
 1087 7.10543e-15 1.49037e-15 1.21325e-16
 1088 7.10543e-15 1.49554e-15 1.21324e-16
 1089 7.10543e-15 1.50069e-15 1.21321e-16
 1090 7.10543e-15 1.50583e-15 1.21319e-16
 1091 0 1.50445e-15 1.21216e-16
 1092 -3.55271e-15 1.49982e-15 1.21193e-16
 1093 -3.55271e-15 1.4952e-15 1.2117e-16
 1094 0 1.49383e-15 1.21067e-16
 1095 7.10543e-15 1.49895e-15 1.21065e-16
 1096 0 1.49759e-15 1.20962e-16
 1097 0 1.49622e-15 1.2086e-16
 1098 0 1.49486e-15 1.20757e-16
 1099 -3.55271e-15 1.49026e-15 1.20735e-16
 1100 0 1.48891e-15 1.20633e-16
 1101 7.10543e-15 1.49401e-15 1.20631e-16
 1102 0 1.49266e-15 1.20529e-16
 1103 0 1.4913e-15 1.20427e-16
 1104 -3.55271e-15 1.48673e-15 1.20405e-16
 1105 -1.77636e-15 1.48378e-15 1.20332e-16
 1106 0 1.48244e-15 1.20231e-16
 1107 -1.77636e-15 1.4795e-15 1.20158e-16
 1108 -3.55271e-15 1.47495e-15 1.20136e-16
 1109 7.10543e-15 1.48003e-15 1.20135e-16
 1110 7.10543e-15 1.4851e-15 1.20133e-16
 1111 0 1.48376e-15 1.20033e-16
 1112 7.10543e-15 1.48882e-15 1.20031e-16
 1113 7.10543e-15 1.49386e-15 1.20029e-16
 1114 0 1.49252e-15 1.19929e-16
 1115 7.10543e-15 1.49756e-15 1.19927e-16
 1116 0 1.49621e-15 1.19827e-16
 1117 0 1.49488e-15 1.19727e-16
 1118 0 1.49354e-15 1.19628e-16
 1119 0 1.4922e-15 1.19528e-16
 1120 0 1.49087e-15 1.19429e-16
 1121 7.10543e-15 1.49588e-15 1.19427e-16
 1122 7.10543e-15 1.50088e-15 1.19425e-16
 1123 0 1.49954e-15 1.19327e-16
 1124 -3.55271e-15 1.49505e-15 1.19305e-16
 1125 -3.55271e-15 1.49056e-15 1.19283e-16
 1126 0 1.48924e-15 1.19185e-16
 1127 7.10543e-15 1.49422e-15 1.19183e-16
 1128 0 1.4929e-15 1.19085e-16
 1129 7.10543e-15 1.49787e-15 1.19083e-16
 1130 7.10543e-15 1.50283e-15 1.19081e-16
 1131 -3.55271e-15 1.49836e-15 1.1906e-16
 1132 -3.55271e-15 1.4939e-15 1.19038e-16
 1133 0 1.49258e-15 1.1894e-16
 1134 7.10543e-15 1.49753e-15 1.18938e-16
 1135 0 1.49621e-15 1.18841e-16
 1136 7.10543e-15 1.50115e-15 1.18839e-16
 1137 0 1.49983e-15 1.18742e-16
 1138 7.10543e-15 1.50475e-15 1.18739e-16
 1139 0 1.50343e-15 1.18643e-16
 1140 0 1.50211e-15 1.18546e-16
 1141 -3.55271e-15 1.49768e-15 1.18525e-16
 1142 0 1.49637e-15 1.18428e-16
 1143 0 1.49506e-15 1.18332e-16
 1144 0 1.49375e-15 1.18235e-16
 1145 0 1.49245e-15 1.18139e-16
 1146 0 1.49115e-15 1.18043e-16
 1147 7.10543e-15 1.49604e-15 1.18042e-16
 1148 7.10543e-15 1.50093e-15 1.1804e-16
 1149 7.10543e-15 1.50581e-15 1.18038e-16
 1150 7.10543e-15 1.51068e-15 1.18036e-16
 1151 7.10543e-15 1.51554e-15 1.18034e-16
 1152 -3.55271e-15 1.51114e-15 1.18013e-16
 1153 0 1.50983e-15 1.17918e-16
 1154 7.10543e-15 1.51468e-15 1.17916e-16
 1155 0 1.51336e-15 1.17821e-16
 1156 0 1.51205e-15 1.17726e-16
 1157 0 1.51075e-15 1.17631e-16
 1158 -3.55271e-15 1.50638e-15 1.17611e-16
 1159 -3.55271e-15 1.50201e-15 1.17591e-16
 1160 0 1.50072e-15 1.17496e-16
 1161 0 1.49942e-15 1.17402e-16
 1162 0 1.49813e-15 1.17308e-16
 1163 -3.55271e-15 1.49379e-15 1.17288e-16
 1164 -3.55271e-15 1.48945e-15 1.17267e-16
 1165 0 1.48818e-15 1.17173e-16
 1166 0 1.4869e-15 1.1708e-16
 1167 7.10543e-15 1.49171e-15 1.17079e-16
 1168 0 1.49044e-15 1.16985e-16
 1169 7.10543e-15 1.49524e-15 1.16984e-16
 1170 7.10543e-15 1.50003e-15 1.16982e-16
 1171 0 1.49875e-15 1.16889e-16
 1172 0 1.49747e-15 1.16796e-16
 1173 0 1.4962e-15 1.16704e-16
 1174 0 1.49492e-15 1.16611e-16
 1175 -3.55271e-15 1.49063e-15 1.16591e-16
 1176 -3.55271e-15 1.48634e-15 1.16571e-16
 1177 -3.55271e-15 1.48206e-15 1.1655e-16
 1178 0 1.4808e-15 1.16458e-16
 1179 7.10543e-15 1.48557e-15 1.16457e-16
 1180 7.10543e-15 1.49033e-15 1.16456e-16
 1181 7.10543e-15 1.49509e-15 1.16454e-16
 1182 7.10543e-15 1.49983e-15 1.16453e-16
 1183 0 1.49857e-15 1.16361e-16
 1184 7.10543e-15 1.5033e-15 1.16359e-16
 1185 0 1.50203e-15 1.16268e-16
 1186 -3.55271e-15 1.49777e-15 1.16248e-16
 1187 0 1.49651e-15 1.16157e-16
 1188 0 1.49525e-15 1.16066e-16
 1189 0 1.49399e-15 1.15975e-16
 1190 -3.55271e-15 1.48975e-15 1.15955e-16
 1191 0 1.4885e-15 1.15864e-16
 1192 0 1.48725e-15 1.15774e-16
 1193 0 1.48601e-15 1.15683e-16
 1194 0 1.48476e-15 1.15593e-16
 1195 7.10543e-15 1.48946e-15 1.15592e-16
 1196 -3.55271e-15 1.48525e-15 1.15572e-16
 1197 0 1.48401e-15 1.15482e-16
 1198 -3.55271e-15 1.4798e-15 1.15463e-16
 1199 0 1.47857e-15 1.15373e-16
 1200 0 1.47734e-15 1.15283e-16
 1201 0 1.47611e-15 1.15194e-16
 1202 0 1.47488e-15 1.15104e-16
 1203 0 1.47365e-15 1.15015e-16
 1204 7.10543e-15 1.47833e-15 1.15015e-16
 1205 -3.55271e-15 1.47416e-15 1.14995e-16
 1206 0 1.47293e-15 1.14906e-16
 1207 7.10543e-15 1.4776e-15 1.14906e-16
 1208 0 1.47638e-15 1.14817e-16
 1209 0 1.47515e-15 1.14729e-16
 1210 7.10543e-15 1.47981e-15 1.14728e-16
 1211 -3.55271e-15 1.47565e-15 1.14709e-16
 1212 0 1.47443e-15 1.14621e-16
 1213 0 1.47322e-15 1.14532e-16
 1214 -3.55271e-15 1.46908e-15 1.14513e-16
 1215 7.10543e-15 1.47372e-15 1.14513e-16
 1216 0 1.47251e-15 1.14425e-16
 1217 -3.55271e-15 1.46838e-15 1.14405e-16
 1218 7.10543e-15 1.47301e-15 1.14405e-16
 1219 7.10543e-15 1.47763e-15 1.14404e-16
 1220 -3.55271e-15 1.4735e-15 1.14385e-16
 1221 -3.55271e-15 1.46939e-15 1.14365e-16
 1222 0 1.46818e-15 1.14278e-16
 1223 -3.55271e-15 1.46408e-15 1.14258e-16
 1224 -3.55271e-15 1.45998e-15 1.14239e-16
 1225 0 1.45879e-15 1.14151e-16
 1226 0 1.4576e-15 1.14065e-16
 1227 0 1.45641e-15 1.13978e-16
 1228 0 1.45522e-15 1.13891e-16
 1229 -3.55271e-15 1.45115e-15 1.13871e-16
 1230 0 1.44997e-15 1.13785e-16
 1231 7.10543e-15 1.45456e-15 1.13785e-16
 1232 7.10543e-15 1.45915e-15 1.13785e-16
 1233 7.10543e-15 1.46373e-15 1.13785e-16
 1234 0 1.46254e-15 1.13699e-16
 1235 0 1.46136e-15 1.13613e-16
 1236 0 1.46018e-15 1.13527e-16
 1237 -3.55271e-15 1.45612e-15 1.13508e-16
 1238 0 1.45495e-15 1.13422e-16
 1239 -3.55271e-15 1.45091e-15 1.13403e-16
 1240 -3.55271e-15 1.44687e-15 1.13383e-16
 1241 0 1.44571e-15 1.13298e-16
 1242 7.10543e-15 1.45026e-15 1.13298e-16
 1243 7.10543e-15 1.45481e-15 1.13298e-16
 1244 0 1.45364e-15 1.13213e-16
 1245 -3.55271e-15 1.44962e-15 1.13194e-16
 1246 0 1.44846e-15 1.13109e-16
 1247 7.10543e-15 1.45299e-15 1.13109e-16
 1248 -3.55271e-15 1.44898e-15 1.13089e-16
 1249 7.10543e-15 1.45351e-15 1.1309e-16
 1250 0 1.45235e-15 1.13005e-16
 1251 7.10543e-15 1.45687e-15 1.13005e-16
 1252 7.10543e-15 1.46138e-15 1.13005e-16
 1253 7.10543e-15 1.46588e-15 1.13004e-16
 1254 0 1.46472e-15 1.1292e-16
 1255 0 1.46355e-15 1.12836e-16
 1256 0 1.46238e-15 1.12753e-16
 1257 -3.55271e-15 1.45839e-15 1.12733e-16
 1258 0 1.45723e-15 1.1265e-16
 1259 0 1.45608e-15 1.12566e-16
 1260 0 1.45492e-15 1.12483e-16
 1261 -3.55271e-15 1.45095e-15 1.12464e-16
 1262 -3.55271e-15 1.44698e-15 1.12444e-16
 1263 0 1.44584e-15 1.12361e-16
 1264 0 1.4447e-15 1.12278e-16
 1265 0 1.44355e-15 1.12195e-16
 1266 -3.55271e-15 1.43961e-15 1.12176e-16
 1267 0 1.43847e-15 1.12093e-16
 1268 0 1.43734e-15 1.1201e-16
 1269 0 1.4362e-15 1.11928e-16
 1270 -3.55271e-15 1.43228e-15 1.11909e-16
 1271 -3.55271e-15 1.42835e-15 1.11889e-16
 1272 -3.55271e-15 1.42444e-15 1.1187e-16
 1273 -3.55271e-15 1.42053e-15 1.1185e-16
 1274 -3.55271e-15 1.41662e-15 1.11831e-16
 1275 -3.55271e-15 1.41273e-15 1.11811e-16
 1276 7.10543e-15 1.41719e-15 1.11812e-16
 1277 7.10543e-15 1.42164e-15 1.11813e-16
 1278 7.10543e-15 1.42609e-15 1.11814e-16
 1279 7.10543e-15 1.43053e-15 1.11815e-16
 1280 -3.55271e-15 1.42664e-15 1.11796e-16
 1281 0 1.42552e-15 1.11714e-16
 1282 -3.55271e-15 1.42164e-15 1.11694e-16
 1283 0 1.42053e-15 1.11613e-16
 1284 0 1.41943e-15 1.11531e-16
 1285 0 1.41832e-15 1.1145e-16
 1286 0 1.41722e-15 1.11368e-16
 1287 0 1.41612e-15 1.11287e-16
 1288 0 1.41502e-15 1.11206e-16
 1289 0 1.41392e-15 1.11125e-16
 1290 -3.55271e-15 1.41007e-15 1.11106e-16
 1291 -3.55271e-15 1.40623e-15 1.11086e-16
 1292 0 1.40514e-15 1.11006e-16
 1293 -3.55271e-15 1.4013e-15 1.10986e-16
 1294 -1.77636e-15 1.39885e-15 1.10928e-16
 1295 -3.55271e-15 1.39502e-15 1.10908e-16
 1296 0 1.39395e-15 1.10827e-16
 1297 0 1.39287e-15 1.10747e-16
 1298 0 1.3918e-15 1.10667e-16
 1299 -1.77636e-15 1.38936e-15 1.10609e-16
 1300 -1.77636e-15 1.38692e-15 1.1055e-16
 1301 0 1.38586e-15 1.1047e-16
 1302 0 1.38479e-15 1.10391e-16
 1303 0 1.38373e-15 1.10311e-16
 1304 0 1.38267e-15 1.10232e-16
 1305 0 1.38161e-15 1.10152e-16
 1306 -3.55271e-15 1.37783e-15 1.10133e-16
 1307 0 1.37678e-15 1.10053e-16
 1308 0 1.37573e-15 1.09974e-16
 1309 -3.55271e-15 1.37196e-15 1.09955e-16
 1310 -3.55271e-15 1.3682e-15 1.09935e-16
 1311 0 1.36716e-15 1.09856e-16
 1312 0 1.36612e-15 1.09777e-16
 1313 0 1.36508e-15 1.09699e-16
 1314 -1.77636e-15 1.36268e-15 1.09641e-16
 1315 -1.77636e-15 1.3603e-15 1.09584e-16
 1316 -3.55271e-15 1.35656e-15 1.09564e-16
 1317 -3.55271e-15 1.35284e-15 1.09544e-16
 1318 0 1.35181e-15 1.09466e-16
 1319 -3.55271e-15 1.34809e-15 1.09446e-16
 1320 0 1.34707e-15 1.09368e-16
 1321 7.10543e-15 1.35143e-15 1.09372e-16
 1322 7.10543e-15 1.35578e-15 1.09376e-16
 1323 0 1.35476e-15 1.09298e-16
 1324 0 1.35373e-15 1.0922e-16
 1325 0 1.35271e-15 1.09142e-16
 1326 -3.55271e-15 1.34901e-15 1.09123e-16
 1327 -3.55271e-15 1.34532e-15 1.09103e-16
 1328 7.10543e-15 1.34966e-15 1.09107e-16
 1329 0 1.34864e-15 1.0903e-16
 1330 7.10543e-15 1.35297e-15 1.09034e-16
 1331 0 1.35195e-15 1.08957e-16
 1332 0 1.35094e-15 1.08879e-16
 1333 0 1.34992e-15 1.08802e-16
 1334 0 1.34891e-15 1.08726e-16
 1335 0 1.3479e-15 1.08649e-16
 1336 -3.55271e-15 1.34423e-15 1.08629e-16
 1337 7.10543e-15 1.34854e-15 1.08634e-16
 1338 0 1.34754e-15 1.08557e-16
 1339 0 1.34653e-15 1.08481e-16
 1340 -3.55271e-15 1.34287e-15 1.08461e-16
 1341 0 1.34187e-15 1.08385e-16
 1342 0 1.34087e-15 1.08309e-16
 1343 7.10543e-15 1.34516e-15 1.08313e-16
 1344 0 1.34416e-15 1.08237e-16
 1345 7.10543e-15 1.34845e-15 1.08242e-16
 1346 0 1.34744e-15 1.08166e-16
 1347 0 1.34644e-15 1.0809e-16
 1348 7.10543e-15 1.35072e-15 1.08094e-16
 1349 7.10543e-15 1.35498e-15 1.08098e-16
 1350 7.10543e-15 1.35924e-15 1.08102e-16
 1351 7.10543e-15 1.3635e-15 1.08106e-16
 1352 -3.55271e-15 1.35986e-15 1.08087e-16
 1353 0 1.35885e-15 1.08012e-16
 1354 0 1.35785e-15 1.07937e-16
 1355 7.10543e-15 1.36209e-15 1.0794e-16
 1356 7.10543e-15 1.36633e-15 1.07944e-16
 1357 -3.55271e-15 1.3627e-15 1.07925e-16
 1358 0 1.3617e-15 1.0785e-16
 1359 0 1.3607e-15 1.07776e-16
 1360 0 1.3597e-15 1.07701e-16
 1361 0 1.3587e-15 1.07626e-16
 1362 0 1.3577e-15 1.07552e-16
 1363 0 1.3567e-15 1.07478e-16
 1364 0 1.35571e-15 1.07403e-16
 1365 7.10543e-15 1.35992e-15 1.07407e-16
 1366 7.10543e-15 1.36413e-15 1.07411e-16
 1367 0 1.36313e-15 1.07337e-16
 1368 0 1.36213e-15 1.07263e-16
 1369 7.10543e-15 1.36633e-15 1.07267e-16
 1370 -3.55271e-15 1.36274e-15 1.07249e-16
 1371 0 1.36174e-15 1.07175e-16
 1372 -3.55271e-15 1.35816e-15 1.07157e-16
 1373 -3.55271e-15 1.35459e-15 1.07138e-16
 1374 7.10543e-15 1.35877e-15 1.07142e-16
 1375 7.10543e-15 1.36295e-15 1.07146e-16
 1376 0 1.36196e-15 1.07073e-16
 1377 7.10543e-15 1.36613e-15 1.07076e-16
 1378 7.10543e-15 1.3703e-15 1.07079e-16
 1379 7.10543e-15 1.37445e-15 1.07082e-16
 1380 0 1.37346e-15 1.07009e-16
 1381 0 1.37246e-15 1.06937e-16
 1382 -3.55271e-15 1.3689e-15 1.06919e-16
 1383 -3.55271e-15 1.36534e-15 1.069e-16
 1384 7.10543e-15 1.36949e-15 1.06904e-16
 1385 0 1.3685e-15 1.06831e-16
 1386 0 1.36751e-15 1.06758e-16
 1387 -1.77636e-15 1.36525e-15 1.06706e-16
 1388 0 1.36426e-15 1.06633e-16
 1389 -3.55271e-15 1.36072e-15 1.06615e-16
 1390 7.10543e-15 1.36486e-15 1.06619e-16
 1391 0 1.36387e-15 1.06546e-16
 1392 7.10543e-15 1.368e-15 1.0655e-16
 1393 0 1.36702e-15 1.06478e-16
 1394 0 1.36604e-15 1.06406e-16
 1395 0 1.36506e-15 1.06334e-16
 1396 7.10543e-15 1.36917e-15 1.06337e-16
 1397 7.10543e-15 1.37328e-15 1.06341e-16
 1398 7.10543e-15 1.37738e-15 1.06344e-16
 1399 0 1.37639e-15 1.06272e-16
 1400 -1.77636e-15 1.37414e-15 1.0622e-16
 1401 -3.55271e-15 1.37062e-15 1.06202e-16
 1402 0 1.36964e-15 1.06131e-16
 1403 -3.55271e-15 1.36614e-15 1.06113e-16
 1404 -3.55271e-15 1.36263e-15 1.06096e-16
 1405 -3.55271e-15 1.35913e-15 1.06078e-16
 1406 -3.55271e-15 1.35564e-15 1.0606e-16
 1407 -3.55271e-15 1.35215e-15 1.06042e-16
 1408 -3.55271e-15 1.34867e-15 1.06024e-16
 1409 0 1.34771e-15 1.05953e-16
 1410 -3.55271e-15 1.34424e-15 1.05935e-16
 1411 -3.55271e-15 1.34077e-15 1.05917e-16
 1412 0 1.33982e-15 1.05846e-16
 1413 -3.55271e-15 1.33635e-15 1.05827e-16
 1414 0 1.33541e-15 1.05757e-16
 1415 0 1.33446e-15 1.05686e-16
 1416 0 1.33352e-15 1.05616e-16
 1417 7.10543e-15 1.3376e-15 1.0562e-16
 1418 7.10543e-15 1.34166e-15 1.05624e-16
 1419 7.10543e-15 1.34572e-15 1.05627e-16
 1420 0 1.34478e-15 1.05557e-16
 1421 0 1.34383e-15 1.05487e-16
 1422 0 1.34289e-15 1.05417e-16
 1423 -3.55271e-15 1.33945e-15 1.05399e-16
 1424 -3.55271e-15 1.33601e-15 1.05381e-16
 1425 0 1.33507e-15 1.05311e-16
 1426 -3.55271e-15 1.33164e-15 1.05293e-16
 1427 0 1.33071e-15 1.05224e-16
 1428 0 1.32978e-15 1.05154e-16
 1429 0 1.32885e-15 1.05085e-16
 1430 -3.55271e-15 1.32544e-15 1.05067e-16
 1431 -3.55271e-15 1.32203e-15 1.05048e-16
 1432 7.10543e-15 1.32607e-15 1.05053e-16
 1433 7.10543e-15 1.3301e-15 1.05057e-16
 1434 7.10543e-15 1.33413e-15 1.05061e-16
 1435 7.10543e-15 1.33815e-15 1.05064e-16
 1436 7.10543e-15 1.34216e-15 1.05068e-16
 1437 7.10543e-15 1.34617e-15 1.05071e-16
 1438 0 1.34524e-15 1.05003e-16
 1439 0 1.3443e-15 1.04934e-16
 1440 7.10543e-15 1.3483e-15 1.04937e-16
 1441 7.10543e-15 1.3523e-15 1.0494e-16
 1442 7.10543e-15 1.35629e-15 1.04943e-16
 1443 7.10543e-15 1.36027e-15 1.04946e-16
 1444 7.10543e-15 1.36425e-15 1.04949e-16
 1445 7.10543e-15 1.36823e-15 1.04952e-16
 1446 7.10543e-15 1.37219e-15 1.04954e-16
 1447 7.10543e-15 1.37615e-15 1.04956e-16
 1448 7.10543e-15 1.38011e-15 1.04958e-16
 1449 7.10543e-15 1.38406e-15 1.0496e-16
 1450 0 1.38311e-15 1.04892e-16
 1451 0 1.38215e-15 1.04824e-16
 1452 0 1.3812e-15 1.04756e-16
 1453 -3.55271e-15 1.37781e-15 1.04739e-16
 1454 7.10543e-15 1.38175e-15 1.04741e-16
 1455 7.10543e-15 1.38568e-15 1.04743e-16
 1456 7.10543e-15 1.38961e-15 1.04745e-16
 1457 0 1.38866e-15 1.04677e-16
 1458 0 1.3877e-15 1.0461e-16
 1459 -3.55271e-15 1.38432e-15 1.04593e-16
 1460 -3.55271e-15 1.38093e-15 1.04576e-16
 1461 -3.55271e-15 1.37756e-15 1.04559e-16
 1462 7.10543e-15 1.38148e-15 1.04561e-16
 1463 0 1.38053e-15 1.04494e-16
 1464 -3.55271e-15 1.37716e-15 1.04477e-16
 1465 0 1.37622e-15 1.0441e-16
 1466 7.10543e-15 1.38013e-15 1.04411e-16
 1467 7.10543e-15 1.38403e-15 1.04413e-16
 1468 0 1.38309e-15 1.04346e-16
 1469 0 1.38215e-15 1.0428e-16
 1470 0 1.38121e-15 1.04213e-16
 1471 7.10543e-15 1.3851e-15 1.04215e-16
 1472 0 1.38416e-15 1.04148e-16
 1473 0 1.38322e-15 1.04082e-16
 1474 0 1.38228e-15 1.04015e-16
 1475 0 1.38134e-15 1.03949e-16
 1476 0 1.38041e-15 1.03883e-16
 1477 0 1.37947e-15 1.03816e-16
 1478 0 1.37854e-15 1.0375e-16
 1479 7.10543e-15 1.38241e-15 1.03752e-16
 1480 0 1.38148e-15 1.03687e-16
 1481 0 1.38054e-15 1.03621e-16
 1482 0 1.37961e-15 1.03555e-16
 1483 7.10543e-15 1.38347e-15 1.03557e-16
 1484 7.10543e-15 1.38733e-15 1.03559e-16
 1485 0 1.3864e-15 1.03494e-16
 1486 0 1.38546e-15 1.03428e-16
 1487 7.10543e-15 1.38931e-15 1.0343e-16
 1488 7.10543e-15 1.39315e-15 1.03432e-16
 1489 0 1.39222e-15 1.03367e-16
 1490 0 1.39128e-15 1.03302e-16
 1491 0 1.39035e-15 1.03236e-16
 1492 7.10543e-15 1.39418e-15 1.03238e-16
 1493 7.10543e-15 1.398e-15 1.0324e-16
 1494 7.10543e-15 1.40182e-15 1.03242e-16
 1495 7.10543e-15 1.40564e-15 1.03243e-16
 1496 7.10543e-15 1.40945e-15 1.03244e-16
 1497 7.10543e-15 1.41325e-15 1.03245e-16
 1498 0 1.41231e-15 1.03181e-16
 1499 0 1.41137e-15 1.03116e-16
 1500 0 1.41043e-15 1.03052e-16
 1501 0 1.40949e-15 1.02987e-16
 1502 0 1.40855e-15 1.02923e-16
 1503 7.10543e-15 1.41234e-15 1.02924e-16
 1504 0 1.4114e-15 1.0286e-16
 1505 0 1.41046e-15 1.02796e-16
 1506 7.10543e-15 1.41424e-15 1.02797e-16
 1507 7.10543e-15 1.41802e-15 1.02799e-16
 1508 7.10543e-15 1.42179e-15 1.028e-16
 1509 0 1.42085e-15 1.02736e-16
 1510 0 1.41991e-15 1.02672e-16
 1511 0 1.41897e-15 1.02608e-16
 1512 7.10543e-15 1.42273e-15 1.02609e-16
 1513 0 1.42179e-15 1.02546e-16
 1514 -3.55271e-15 1.4185e-15 1.02531e-16
 1515 0 1.41757e-15 1.02467e-16
 1516 7.10543e-15 1.42132e-15 1.02468e-16
 1517 7.10543e-15 1.42507e-15 1.02469e-16
 1518 0 1.42413e-15 1.02406e-16
 1519 0 1.42319e-15 1.02343e-16
 1520 0 1.42225e-15 1.0228e-16
 1521 0 1.42132e-15 1.02217e-16
 1522 0 1.42039e-15 1.02154e-16
 1523 0 1.41945e-15 1.02091e-16
 1524 -3.55271e-15 1.41619e-15 1.02076e-16
 1525 0 1.41526e-15 1.02014e-16
 1526 0 1.41433e-15 1.01951e-16
 1527 -3.55271e-15 1.41108e-15 1.01936e-16
 1528 -3.55271e-15 1.40783e-15 1.01921e-16
 1529 7.10543e-15 1.41156e-15 1.01923e-16
 1530 7.10543e-15 1.41528e-15 1.01924e-16
 1531 -3.55271e-15 1.41204e-15 1.01909e-16
 1532 0 1.41111e-15 1.01847e-16
 1533 7.10543e-15 1.41483e-15 1.01848e-16
 1534 7.10543e-15 1.41854e-15 1.01849e-16
 1535 -3.55271e-15 1.4153e-15 1.01834e-16
 1536 -3.55271e-15 1.41206e-15 1.01819e-16
 1537 0 1.41115e-15 1.01757e-16
 1538 -3.55271e-15 1.40792e-15 1.01742e-16
 1539 -3.55271e-15 1.4047e-15 1.01727e-16
 1540 0 1.40378e-15 1.01665e-16
 1541 -3.55271e-15 1.40057e-15 1.0165e-16
 1542 0 1.39966e-15 1.01588e-16
 1543 -3.55271e-15 1.39645e-15 1.01573e-16
 1544 0 1.39554e-15 1.01511e-16
 1545 0 1.39464e-15 1.0145e-16
 1546 7.10543e-15 1.39834e-15 1.01451e-16
 1547 7.10543e-15 1.40202e-15 1.01453e-16
 1548 0 1.40112e-15 1.01391e-16
 1549 7.10543e-15 1.4048e-15 1.01393e-16
 1550 7.10543e-15 1.40848e-15 1.01394e-16
 1551 0 1.40757e-15 1.01333e-16
 1552 7.10543e-15 1.41124e-15 1.01334e-16
 1553 7.10543e-15 1.41491e-15 1.01335e-16
 1554 7.10543e-15 1.41857e-15 1.01336e-16
 1555 7.10543e-15 1.42223e-15 1.01337e-16
 1556 7.10543e-15 1.42588e-15 1.01337e-16
 1557 7.10543e-15 1.42953e-15 1.01338e-16
 1558 0 1.42861e-15 1.01277e-16
 1559 0 1.42769e-15 1.01216e-16
 1560 -3.55271e-15 1.4245e-15 1.01202e-16
 1561 -3.55271e-15 1.42131e-15 1.01187e-16
 1562 -3.55271e-15 1.41813e-15 1.01172e-16
 1563 0 1.41722e-15 1.01112e-16
 1564 -3.55271e-15 1.41404e-15 1.01097e-16
 1565 0 1.41314e-15 1.01036e-16
 1566 0 1.41224e-15 1.00976e-16
 1567 -3.55271e-15 1.40907e-15 1.00961e-16
 1568 -3.55271e-15 1.4059e-15 1.00946e-16
 1569 -3.55271e-15 1.40274e-15 1.00932e-16
 1570 0 1.40185e-15 1.00871e-16
 1571 0 1.40096e-15 1.00811e-16
 1572 0 1.40007e-15 1.00751e-16
 1573 7.10543e-15 1.40369e-15 1.00752e-16
 1574 7.10543e-15 1.40732e-15 1.00753e-16
 1575 0 1.40642e-15 1.00693e-16
 1576 -3.55271e-15 1.40328e-15 1.00678e-16
 1577 0 1.40239e-15 1.00618e-16
 1578 0 1.4015e-15 1.00559e-16
 1579 0 1.40061e-15 1.00499e-16
 1580 0 1.39972e-15 1.00439e-16
 1581 0 1.39884e-15 1.00379e-16
 1582 0 1.39795e-15 1.0032e-16
 1583 0 1.39707e-15 1.0026e-16
 1584 0 1.39619e-15 1.00201e-16
 1585 -3.55271e-15 1.39307e-15 1.00186e-16
 1586 0 1.39219e-15 1.00127e-16
 1587 0 1.39131e-15 1.00068e-16
 1588 0 1.39044e-15 1.00008e-16
 1589 7.10543e-15 1.39403e-15 1.0001e-16
 1590 7.10543e-15 1.39762e-15 1.00012e-16
 1591 7.10543e-15 1.40121e-15 1.00013e-16
 1592 7.10543e-15 1.40479e-15 1.00015e-16
 1593 7.10543e-15 1.40837e-15 1.00016e-16
 1594 0 1.40749e-15 9.9957e-17
 1595 0 1.40661e-15 9.98982e-17
 1596 0 1.40573e-15 9.98395e-17
 1597 0 1.40485e-15 9.97809e-17
 1598 -3.55271e-15 1.40174e-15 9.97667e-17
 1599 0 1.40087e-15 9.97081e-17
 1600 0 1.39999e-15 9.96496e-17
 1601 0 1.39912e-15 9.95912e-17
 1602 -3.55271e-15 1.39603e-15 9.9577e-17
 1603 0 1.39515e-15 9.95187e-17
 1604 -3.55271e-15 1.39207e-15 9.95044e-17
 1605 -3.55271e-15 1.38899e-15 9.94901e-17
 1606 -3.55271e-15 1.38591e-15 9.94758e-17
 1607 -3.55271e-15 1.38284e-15 9.94613e-17
 1608 -3.55271e-15 1.37977e-15 9.94468e-17
 1609 -1.77636e-15 1.37781e-15 9.94044e-17
 1610 0 1.37695e-15 9.93463e-17
 1611 -1.77636e-15 1.375e-15 9.93039e-17
 1612 0 1.37414e-15 9.92459e-17
 1613 -1.77636e-15 1.37219e-15 9.92036e-17
 1614 -3.55271e-15 1.36914e-15 9.91891e-17
 1615 0 1.36829e-15 9.91313e-17
 1616 0 1.36744e-15 9.90735e-17
 1617 0 1.3666e-15 9.90158e-17
 1618 -3.55271e-15 1.36356e-15 9.90013e-17
 1619 -3.55271e-15 1.36052e-15 9.89867e-17
 1620 0 1.35968e-15 9.89292e-17
 1621 0 1.35884e-15 9.88717e-17
 1622 -3.55271e-15 1.35581e-15 9.88571e-17
 1623 0 1.35498e-15 9.87997e-17
 1624 0 1.35414e-15 9.87424e-17
 1625 0 1.35331e-15 9.86851e-17
 1626 0 1.35248e-15 9.86279e-17
 1627 0 1.35165e-15 9.85708e-17
 1628 7.10543e-15 1.35518e-15 9.85736e-17
 1629 0 1.35435e-15 9.85166e-17
 1630 -3.55271e-15 1.35134e-15 9.85021e-17
 1631 0 1.35051e-15 9.84452e-17
 1632 0 1.34968e-15 9.83883e-17
 1633 0 1.34886e-15 9.83316e-17
 1634 0 1.34803e-15 9.82748e-17
 1635 7.10543e-15 1.35155e-15 9.82778e-17
 1636 7.10543e-15 1.35507e-15 9.82807e-17
 1637 -3.55271e-15 1.35207e-15 9.82664e-17
 1638 -3.55271e-15 1.34908e-15 9.8252e-17
 1639 0 1.34825e-15 9.81955e-17
 1640 -1.77636e-15 1.34635e-15 9.81541e-17
 1641 0 1.34553e-15 9.80977e-17
 1642 0 1.34471e-15 9.80413e-17
 1643 -3.55271e-15 1.34173e-15 9.8027e-17
 1644 0 1.34091e-15 9.79707e-17
 1645 0 1.3401e-15 9.79145e-17
 1646 0 1.33928e-15 9.78584e-17
 1647 0 1.33847e-15 9.78024e-17
 1648 -1.77636e-15 1.33658e-15 9.77613e-17
 1649 -1.77636e-15 1.33469e-15 9.77202e-17
 1650 -3.55271e-15 1.33173e-15 9.77059e-17
 1651 0 1.33092e-15 9.765e-17
 1652 0 1.33012e-15 9.75942e-17
 1653 0 1.32931e-15 9.75385e-17
 1654 -3.55271e-15 1.32636e-15 9.75242e-17
 1655 -3.55271e-15 1.32341e-15 9.75098e-17
 1656 0 1.32261e-15 9.74542e-17
 1657 -3.55271e-15 1.31967e-15 9.74398e-17
 1658 -3.55271e-15 1.31673e-15 9.74253e-17
 1659 0 1.31594e-15 9.73698e-17
 1660 -3.55271e-15 1.31301e-15 9.73553e-17
 1661 0 1.31222e-15 9.72999e-17
 1662 7.10543e-15 1.3157e-15 9.73038e-17
 1663 7.10543e-15 1.31918e-15 9.73076e-17
 1664 0 1.31839e-15 9.72523e-17
 1665 7.10543e-15 1.32187e-15 9.7256e-17
 1666 0 1.32107e-15 9.72008e-17
 1667 7.10543e-15 1.32454e-15 9.72045e-17
 1668 7.10543e-15 1.32801e-15 9.7208e-17
 1669 0 1.32721e-15 9.7153e-17
 1670 0 1.32642e-15 9.7098e-17
 1671 -3.55271e-15 1.3235e-15 9.70838e-17
 1672 0 1.32271e-15 9.7029e-17
 1673 0 1.32192e-15 9.69742e-17
 1674 0 1.32113e-15 9.69195e-17
 1675 7.10543e-15 1.32458e-15 9.69231e-17
 1676 0 1.32379e-15 9.68685e-17
 1677 0 1.323e-15 9.68139e-17
 1678 7.10543e-15 1.32645e-15 9.68176e-17
 1679 7.10543e-15 1.32989e-15 9.68211e-17
 1680 -3.55271e-15 1.32698e-15 9.68071e-17
 1681 0 1.32619e-15 9.67527e-17
 1682 0 1.3254e-15 9.66984e-17
 1683 7.10543e-15 1.32884e-15 9.67019e-17
 1684 7.10543e-15 1.33227e-15 9.67053e-17
 1685 7.10543e-15 1.33569e-15 9.67086e-17
 1686 7.10543e-15 1.33912e-15 9.67118e-17
 1687 0 1.33832e-15 9.66577e-17
 1688 -3.55271e-15 1.33542e-15 9.66439e-17
 1689 -3.55271e-15 1.33253e-15 9.663e-17
 1690 7.10543e-15 1.33595e-15 9.66332e-17
 1691 0 1.33516e-15 9.65793e-17
 1692 0 1.33437e-15 9.65254e-17
 1693 7.10543e-15 1.33778e-15 9.65286e-17
 1694 7.10543e-15 1.34118e-15 9.65316e-17
 1695 7.10543e-15 1.34458e-15 9.65346e-17
 1696 7.10543e-15 1.34798e-15 9.65374e-17
 1697 0 1.34718e-15 9.64838e-17
 1698 0 1.34639e-15 9.64302e-17
 1699 7.10543e-15 1.34978e-15 9.6433e-17
 1700 7.10543e-15 1.35317e-15 9.64357e-17
 1701 0 1.35237e-15 9.63823e-17
 1702 -3.55271e-15 1.34949e-15 9.63688e-17
 1703 -3.55271e-15 1.34661e-15 9.63552e-17
 1704 -3.55271e-15 1.34373e-15 9.63415e-17
 1705 0 1.34295e-15 9.62882e-17
 1706 -1.77636e-15 1.34112e-15 9.62491e-17
 1707 0 1.34033e-15 9.61959e-17
 1708 -3.55271e-15 1.33747e-15 9.61823e-17
 1709 -3.55271e-15 1.33461e-15 9.61686e-17
 1710 -3.55271e-15 1.33175e-15 9.61548e-17
 1711 -3.55271e-15 1.32889e-15 9.6141e-17
 1712 7.10543e-15 1.33227e-15 9.6144e-17
 1713 7.10543e-15 1.33564e-15 9.6147e-17
 1714 7.10543e-15 1.339e-15 9.61498e-17
 1715 7.10543e-15 1.34237e-15 9.61525e-17
 1716 7.10543e-15 1.34572e-15 9.61551e-17
 1717 0 1.34494e-15 9.61023e-17
 1718 7.10543e-15 1.34829e-15 9.61049e-17
 1719 7.10543e-15 1.35164e-15 9.61073e-17
 1720 7.10543e-15 1.35499e-15 9.61097e-17
 1721 7.10543e-15 1.35833e-15 9.61119e-17
 1722 7.10543e-15 1.36167e-15 9.6114e-17
 1723 0 1.36088e-15 9.60615e-17
 1724 0 1.36009e-15 9.6009e-17
 1725 0 1.3593e-15 9.59566e-17
 1726 -3.55271e-15 1.35645e-15 9.59432e-17
 1727 -3.55271e-15 1.35361e-15 9.59297e-17
 1728 0 1.35283e-15 9.58774e-17
 1729 7.10543e-15 1.35615e-15 9.58797e-17
 1730 7.10543e-15 1.35948e-15 9.58818e-17
 1731 7.10543e-15 1.3628e-15 9.58839e-17
 1732 0 1.36201e-15 9.58318e-17
 1733 0 1.36122e-15 9.57797e-17
 1734 7.10543e-15 1.36454e-15 9.57817e-17
 1735 7.10543e-15 1.36785e-15 9.57837e-17
 1736 7.10543e-15 1.37115e-15 9.57855e-17
 1737 -3.55271e-15 1.36832e-15 9.57723e-17
 1738 0 1.36753e-15 9.57204e-17
 1739 0 1.36674e-15 9.56686e-17
 1740 7.10543e-15 1.37004e-15 9.56705e-17
 1741 7.10543e-15 1.37334e-15 9.56722e-17
 1742 7.10543e-15 1.37663e-15 9.56739e-17
 1743 7.10543e-15 1.37991e-15 9.56755e-17
 1744 7.10543e-15 1.3832e-15 9.56769e-17
 1745 7.10543e-15 1.38647e-15 9.56783e-17
 1746 7.10543e-15 1.38975e-15 9.56796e-17
 1747 7.10543e-15 1.39302e-15 9.56807e-17
 1748 7.10543e-15 1.39629e-15 9.56818e-17
 1749 7.10543e-15 1.39955e-15 9.56828e-17
 1750 7.10543e-15 1.40281e-15 9.56837e-17
 1751 7.10543e-15 1.40607e-15 9.56844e-17
 1752 7.10543e-15 1.40932e-15 9.56851e-17
 1753 7.10543e-15 1.41257e-15 9.56857e-17
 1754 7.10543e-15 1.41582e-15 9.56862e-17
 1755 0 1.41501e-15 9.56351e-17
 1756 0 1.41421e-15 9.5584e-17
 1757 0 1.4134e-15 9.5533e-17
 1758 -3.55271e-15 1.41058e-15 9.55204e-17
 1759 0 1.40977e-15 9.54694e-17
 1760 -3.55271e-15 1.40696e-15 9.54568e-17
 1761 0 1.40616e-15 9.5406e-17
 1762 0 1.40536e-15 9.53551e-17
 1763 -3.55271e-15 1.40255e-15 9.53425e-17
 1764 0 1.40175e-15 9.52918e-17
 1765 -3.55271e-15 1.39894e-15 9.52791e-17
 1766 -3.55271e-15 1.39614e-15 9.52664e-17
 1767 7.10543e-15 1.39937e-15 9.52673e-17
 1768 7.10543e-15 1.4026e-15 9.52681e-17
 1769 7.10543e-15 1.40582e-15 9.52688e-17
 1770 -3.55271e-15 1.40302e-15 9.52561e-17
 1771 7.10543e-15 1.40624e-15 9.52568e-17
 1772 7.10543e-15 1.40946e-15 9.52573e-17
 1773 7.10543e-15 1.41267e-15 9.52578e-17
 1774 7.10543e-15 1.41588e-15 9.52581e-17
 1775 7.10543e-15 1.41908e-15 9.52584e-17
 1776 7.10543e-15 1.42229e-15 9.52586e-17
 1777 0 1.42149e-15 9.52083e-17
 1778 7.10543e-15 1.42468e-15 9.52084e-17
 1779 7.10543e-15 1.42788e-15 9.52084e-17
 1780 0 1.42707e-15 9.51583e-17
 1781 7.10543e-15 1.43026e-15 9.51583e-17
 1782 0 1.42946e-15 9.51083e-17
 1783 0 1.42866e-15 9.50583e-17
 1784 7.10543e-15 1.43184e-15 9.50583e-17
 1785 7.10543e-15 1.43502e-15 9.50582e-17
 1786 7.10543e-15 1.43819e-15 9.5058e-17
 1787 7.10543e-15 1.44136e-15 9.50577e-17
 1788 7.10543e-15 1.44453e-15 9.50573e-17
 1789 7.10543e-15 1.4477e-15 9.50568e-17
 1790 7.10543e-15 1.45086e-15 9.50563e-17
 1791 7.10543e-15 1.45401e-15 9.50556e-17
 1792 7.10543e-15 1.45717e-15 9.50549e-17
 1793 7.10543e-15 1.46032e-15 9.50541e-17
 1794 7.10543e-15 1.46346e-15 9.50532e-17
 1795 7.10543e-15 1.46661e-15 9.50522e-17
 1796 0 1.46579e-15 9.50028e-17
 1797 0 1.46498e-15 9.49534e-17
 1798 0 1.46416e-15 9.49041e-17
 1799 7.10543e-15 1.4673e-15 9.49031e-17
 1800 7.10543e-15 1.47043e-15 9.49021e-17
 1801 0 1.46961e-15 9.48529e-17
 1802 7.10543e-15 1.47274e-15 9.48518e-17
 1803 7.10543e-15 1.47586e-15 9.48506e-17
 1804 7.10543e-15 1.47898e-15 9.48494e-17
 1805 0 1.47817e-15 9.48004e-17
 1806 7.10543e-15 1.48128e-15 9.47991e-17
 1807 0 1.48046e-15 9.47502e-17
 1808 7.10543e-15 1.48357e-15 9.47488e-17
 1809 7.10543e-15 1.48668e-15 9.47474e-17
 1810 7.10543e-15 1.48978e-15 9.47459e-17
 1811 7.10543e-15 1.49289e-15 9.47444e-17
 1812 0 1.49206e-15 9.46956e-17
 1813 -3.55271e-15 1.48928e-15 9.46843e-17
 1814 0 1.48846e-15 9.46356e-17
 1815 -3.55271e-15 1.48568e-15 9.46243e-17
 1816 0 1.48486e-15 9.45757e-17
 1817 0 1.48404e-15 9.45271e-17
 1818 7.10543e-15 1.48714e-15 9.45257e-17
 1819 0 1.48632e-15 9.44773e-17
 1820 -3.55271e-15 1.48355e-15 9.44659e-17
 1821 0 1.48274e-15 9.44176e-17
 1822 7.10543e-15 1.48582e-15 9.44162e-17
 1823 0 1.48501e-15 9.43679e-17
 1824 0 1.48419e-15 9.43196e-17
 1825 7.10543e-15 1.48727e-15 9.43183e-17
 1826 7.10543e-15 1.49035e-15 9.43168e-17
 1827 0 1.48953e-15 9.42687e-17
 1828 0 1.48872e-15 9.42206e-17
 1829 0 1.48791e-15 9.41726e-17
 1830 0 1.48709e-15 9.41246e-17
 1831 7.10543e-15 1.49016e-15 9.41233e-17
 1832 7.10543e-15 1.49323e-15 9.41218e-17
 1833 0 1.49241e-15 9.4074e-17
 1834 0 1.4916e-15 9.40262e-17
 1835 -3.55271e-15 1.48885e-15 9.40151e-17
 1836 7.10543e-15 1.49191e-15 9.40137e-17
 1837 7.10543e-15 1.49496e-15 9.40122e-17
 1838 7.10543e-15 1.49802e-15 9.40106e-17
 1839 7.10543e-15 1.50106e-15 9.40089e-17
 1840 7.10543e-15 1.50411e-15 9.40071e-17
 1841 7.10543e-15 1.50715e-15 9.40053e-17
 1842 0 1.50634e-15 9.39578e-17
 1843 0 1.50552e-15 9.39104e-17
 1844 7.10543e-15 1.50855e-15 9.39086e-17
 1845 7.10543e-15 1.51159e-15 9.39067e-17
 1846 7.10543e-15 1.51462e-15 9.39047e-17
 1847 0 1.5138e-15 9.38574e-17
 1848 -3.55271e-15 1.51106e-15 9.38467e-17
 1849 0 1.51024e-15 9.37995e-17
 1850 0 1.50942e-15 9.37523e-17
 1851 0 1.50861e-15 9.37052e-17
 1852 7.10543e-15 1.51163e-15 9.37033e-17
 1853 0 1.51081e-15 9.36563e-17
 1854 0 1.51e-15 9.36093e-17
 1855 0 1.50919e-15 9.35624e-17
 1856 7.10543e-15 1.5122e-15 9.35605e-17
 1857 0 1.51139e-15 9.35137e-17
 1858 0 1.51057e-15 9.34669e-17
 1859 0 1.50976e-15 9.34201e-17
 1860 0 1.50895e-15 9.33734e-17
 1861 0 1.50814e-15 9.33267e-17
 1862 0 1.50733e-15 9.32801e-17
 1863 -3.55271e-15 1.50461e-15 9.32696e-17
 1864 0 1.5038e-15 9.3223e-17
 1865 7.10543e-15 1.50681e-15 9.32214e-17
 1866 -3.55271e-15 1.5041e-15 9.32109e-17
 1867 0 1.50329e-15 9.31645e-17
 1868 -3.55271e-15 1.50058e-15 9.31539e-17
 1869 -3.55271e-15 1.49788e-15 9.31433e-17
 1870 -3.55271e-15 1.49518e-15 9.31327e-17
 1871 -3.55271e-15 1.49248e-15 9.3122e-17
 1872 -3.55271e-15 1.48979e-15 9.31112e-17
 1873 0 1.48899e-15 9.30649e-17
 1874 0 1.4882e-15 9.30186e-17
 1875 -3.55271e-15 1.48551e-15 9.30078e-17
 1876 0 1.48472e-15 9.29616e-17
 1877 -3.55271e-15 1.48203e-15 9.29508e-17
 1878 0 1.48124e-15 9.29047e-17
 1879 -3.55271e-15 1.47856e-15 9.28939e-17
 1880 0 1.47778e-15 9.28478e-17
 1881 0 1.47699e-15 9.28017e-17
 1882 0 1.47621e-15 9.27557e-17
 1883 0 1.47542e-15 9.27098e-17
 1884 0 1.47464e-15 9.26638e-17
 1885 0 1.47386e-15 9.2618e-17
 1886 0 1.47308e-15 9.25722e-17
 1887 -3.55271e-15 1.47041e-15 9.25614e-17
 1888 -3.55271e-15 1.46775e-15 9.25506e-17
 1889 -3.55271e-15 1.46509e-15 9.25398e-17
 1890 -3.55271e-15 1.46244e-15 9.25289e-17
 1891 0 1.46167e-15 9.24832e-17
 1892 -3.55271e-15 1.45902e-15 9.24723e-17
 1893 -3.55271e-15 1.45637e-15 9.24613e-17
 1894 -3.55271e-15 1.45372e-15 9.24503e-17
 1895 -3.55271e-15 1.45108e-15 9.24393e-17
 1896 -3.55271e-15 1.44844e-15 9.24282e-17
 1897 -3.55271e-15 1.44581e-15 9.24171e-17
 1898 7.10543e-15 1.44879e-15 9.24165e-17
 1899 7.10543e-15 1.45177e-15 9.24159e-17
 1900 7.10543e-15 1.45474e-15 9.24151e-17
 1901 7.10543e-15 1.45772e-15 9.24143e-17
 1902 0 1.45695e-15 9.23689e-17
 1903 7.10543e-15 1.45992e-15 9.2368e-17
 1904 0 1.45915e-15 9.23227e-17
 1905 0 1.45838e-15 9.22774e-17
 1906 0 1.45762e-15 9.22321e-17
 1907 0 1.45685e-15 9.21869e-17
 1908 -3.55271e-15 1.45423e-15 9.2176e-17
 1909 7.10543e-15 1.45719e-15 9.21753e-17
 1910 7.10543e-15 1.46015e-15 9.21744e-17
 1911 7.10543e-15 1.4631e-15 9.21735e-17
 1912 7.10543e-15 1.46605e-15 9.21726e-17
 1913 7.10543e-15 1.469e-15 9.21715e-17
 1914 7.10543e-15 1.47194e-15 9.21704e-17
 1915 7.10543e-15 1.47489e-15 9.21692e-17
 1916 7.10543e-15 1.47783e-15 9.2168e-17
 1917 7.10543e-15 1.48076e-15 9.21666e-17
 1918 0 1.47999e-15 9.21218e-17
 1919 0 1.47922e-15 9.2077e-17
 1920 7.10543e-15 1.48215e-15 9.20757e-17
 1921 7.10543e-15 1.48508e-15 9.20743e-17
 1922 7.10543e-15 1.488e-15 9.20728e-17
 1923 0 1.48723e-15 9.20282e-17
 1924 0 1.48645e-15 9.19836e-17
 1925 7.10543e-15 1.48937e-15 9.19821e-17
 1926 0 1.4886e-15 9.19376e-17
 1927 0 1.48783e-15 9.18931e-17
 1928 0 1.48705e-15 9.18487e-17
 1929 7.10543e-15 1.48997e-15 9.18473e-17
 1930 0 1.48919e-15 9.18029e-17
 1931 -3.55271e-15 1.48658e-15 9.17925e-17
 1932 0 1.48581e-15 9.17482e-17
 1933 0 1.48505e-15 9.17039e-17
 1934 -3.55271e-15 1.48244e-15 9.16935e-17
 1935 0 1.48167e-15 9.16493e-17
 1936 -3.55271e-15 1.47907e-15 9.16389e-17
 1937 0 1.47831e-15 9.15947e-17
 1938 0 1.47755e-15 9.15506e-17
 1939 0 1.47679e-15 9.15066e-17
 1940 -3.55271e-15 1.47419e-15 9.14961e-17
 1941 -3.55271e-15 1.4716e-15 9.14857e-17
 1942 -3.55271e-15 1.46902e-15 9.14751e-17
 1943 0 1.46826e-15 9.14312e-17
 1944 7.10543e-15 1.47116e-15 9.14301e-17
 1945 0 1.4704e-15 9.13862e-17
 1946 0 1.46965e-15 9.13424e-17
 1947 7.10543e-15 1.47254e-15 9.13413e-17
 1948 7.10543e-15 1.47543e-15 9.13402e-17
 1949 0 1.47468e-15 9.12965e-17
 1950 7.10543e-15 1.47756e-15 9.12953e-17
 1951 7.10543e-15 1.48045e-15 9.12941e-17
 1952 0 1.47969e-15 9.12505e-17
 1953 7.10543e-15 1.48257e-15 9.12492e-17
 1954 7.10543e-15 1.48545e-15 9.12479e-17
 1955 7.10543e-15 1.48832e-15 9.12465e-17
 1956 7.10543e-15 1.4912e-15 9.1245e-17
 1957 0 1.49043e-15 9.12016e-17
 1958 7.10543e-15 1.4933e-15 9.12001e-17
 1959 7.10543e-15 1.49617e-15 9.11985e-17
 1960 7.10543e-15 1.49903e-15 9.11969e-17
 1961 7.10543e-15 1.50189e-15 9.11952e-17
 1962 0 1.50112e-15 9.11519e-17
 1963 0 1.50036e-15 9.11087e-17
 1964 0 1.49959e-15 9.10655e-17
 1965 0 1.49883e-15 9.10223e-17
 1966 0 1.49807e-15 9.09792e-17
 1967 7.10543e-15 1.50092e-15 9.09776e-17
 1968 7.10543e-15 1.50377e-15 9.0976e-17
 1969 0 1.503e-15 9.0933e-17
 1970 0 1.50224e-15 9.089e-17
 1971 0 1.50148e-15 9.08471e-17
 1972 0 1.50072e-15 9.08042e-17
 1973 7.10543e-15 1.50356e-15 9.08026e-17
 1974 0 1.50279e-15 9.07598e-17
 1975 0 1.50203e-15 9.0717e-17
 1976 0 1.50127e-15 9.06743e-17
 1977 0 1.50051e-15 9.06316e-17
 1978 0 1.49976e-15 9.05889e-17
 1979 0 1.499e-15 9.05463e-17
 1980 0 1.49824e-15 9.05037e-17
 1981 7.10543e-15 1.50107e-15 9.05023e-17
 1982 7.10543e-15 1.5039e-15 9.05008e-17
 1983 0 1.50314e-15 9.04583e-17
 1984 7.10543e-15 1.50596e-15 9.04568e-17
 1985 7.10543e-15 1.50878e-15 9.04552e-17
 1986 7.10543e-15 1.5116e-15 9.04536e-17
 1987 7.10543e-15 1.51442e-15 9.04519e-17
 1988 0 1.51366e-15 9.04096e-17
 1989 7.10543e-15 1.51647e-15 9.04078e-17
 1990 0 1.51571e-15 9.03656e-17
 1991 7.10543e-15 1.51851e-15 9.03638e-17
 1992 7.10543e-15 1.52132e-15 9.0362e-17
 1993 7.10543e-15 1.52412e-15 9.03601e-17
 1994 7.10543e-15 1.52692e-15 9.03581e-17
 1995 7.10543e-15 1.52971e-15 9.03561e-17
 1996 0 1.52895e-15 9.03141e-17
 1997 0 1.52818e-15 9.02721e-17
 1998 -3.55271e-15 1.52564e-15 9.02627e-17
 1999 0 1.52488e-15 9.02208e-17
 2000 0 1.52411e-15 9.01789e-17
