0.495692   0.484803   -0.491606
-0.331847   -0.33071   0.498177
-0.486552   -0.342147   -0.344298
-0.333332   0.479013   -0.347688
-0.149607   -0.496185   -0.499537
0.0118242   -0.345172   0.496859
-0.169065   -0.351818   -0.341613
0.00905736   -0.487307   -0.325078
0.171949   -0.498224   0.481154
0.312584   -0.324388   -0.498259
0.15615   -0.319671   -0.344316
0.326903   -0.485702   -0.34106
-0.493286   -0.159458   0.499154
-0.335263   0.0020092   -0.494332
0.492432   -0.0246882   -0.343365
-0.320629   -0.172983   -0.342163
-0.171368   -0.164001   0.487073
0.000863817   -0.00687281   -0.484788
-0.166179   -0.0105304   -0.330766
-0.023114   -0.175205   -0.350713
0.170626   -0.165406   -0.485919
0.324376   -0.00811796   0.49986
0.171196   0.0139909   -0.31191
0.32001   -0.186179   -0.3184
0.475049   0.170953   0.484972
-0.33775   0.329594   0.498649
0.496354   0.32804   -0.316785
-0.336873   0.166584   -0.341659
-0.14002   0.167222   -0.498782
0.00868076   0.355783   0.494029
-0.148975   0.350262   -0.346702
0.000255343   0.174539   -0.338091
0.163482   0.176723   -0.4768
0.341541   0.341171   0.481862
0.179749   0.342364   -0.340873
0.354408   0.161283   -0.326629
-0.487026   -0.486275   -0.173449
-0.339556   -0.322263   -0.170105
-0.483177   -0.31836   -0.00248157
-0.342136   0.496779   -0.00488072
-0.147441   0.492541   -0.16673
-0.00328017   -0.334814   -0.165166
-0.189233   -0.338879   0.00996724
-0.014236   0.489939   0.0182724
0.17939   0.49006   -0.180193
0.334721   -0.343138   -0.172238
0.168095   -0.334337   0.00259634
0.335548   -0.493495   -0.00115169
0.484859   -0.171296   -0.170417
-0.340255   -0.0213564   -0.167657
-0.491286   0.0220521   0.0158351
-0.339521   -0.155838   0.00695632
-0.171157   -0.17693   -0.176717
-0.0213412   0.0179906   -0.148465
-0.173311   -0.0111447   -0.0024724
0.000321334   -0.159789   0.00821894
0.151572   -0.159265   -0.181842
0.324801   -0.0240105   -0.171953
0.170649   0.000549422   0.0148114
0.347916   -0.155044   0.014302
-0.495699   0.171026   -0.162382
-0.344626   0.327404   -0.162736
-0.495666   0.324825   -0.00451286
-0.318508   0.166927   0.00303316
-0.16765   0.164558   -0.204618
-0.000591307   0.337302   -0.166041
-0.175321   0.337425   0.0135589
0.00218352   0.169828   -0.0164005
0.185158   0.186158   -0.161842
0.340174   0.344612   -0.156134
0.186551   0.325602   0.0217082
0.343896   0.166014   0.00839015
0.487467   0.484893   0.150779
-0.343279   -0.349925   0.16665
0.493958   -0.346475   0.334947
-0.322326   -0.499085   0.357071
-0.186127   -0.499538   0.182726
-0.0138705   -0.346905   0.160583
-0.167552   -0.326365   0.318491
0.0064733   -0.490588   0.311562
0.162591   -0.49721   0.169901
0.340096   -0.324475   0.1593
0.163616   -0.316854   0.331662
0.33249   -0.479764   0.317977
0.49669   -0.157688   0.171258
-0.332482   0.0136368   0.161726
-0.497943   0.00157882   0.334446
-0.337704   -0.174372   0.339622
-0.17515   -0.1827   0.161997
0.00323487   -0.00374805   0.165508
-0.172871   0.00501451   0.330457
-0.00915754   -0.182339   0.321663
0.159736   -0.186749   0.169754
0.345373   0.0159902   0.172213
0.162994   -0.0140917   0.33029
0.332009   -0.15883   0.317882
-0.494578   0.178142   0.187393
-0.340086   0.331869   0.174241
-0.494079   0.357685   0.315426
-0.339013   0.179296   0.34241
-0.160355   0.170485   0.166804
0.0161031   0.327557   0.169554
-0.166065   0.333167   0.354675
0.0100818   0.14841   0.333327
0.174705   0.151312   0.165137
0.333928   0.335209   0.184639
0.161005   0.333484   0.341167
0.315791   0.155059   0.34006
