-1.15609   1.86686   -0.570274
0.553011   0.633232   0.613689
0.975882   -0.607569   0.565797
-0.748603   -0.544926   -0.221088
0.981113   -0.829622   -0.90111
1.108   0.335087   -1.0733
2.02321   -0.760236   -1.10655
-1.16685   1.7386   0.929744
0.643407   0.403671   0.490216
-1.33943   1.23009   -0.227285
-0.831679   0.252513   0.820231
0.646476   0.266404   -0.037329
-0.753657   -0.236045   -1.58942
0.860631   0.551661   -0.270501
-0.0202236   1.59297   -0.401487
-0.873896   0.77972   -1.70325
-0.510127   0.438807   -0.931692
-0.573361   0.0188473   0.61057
-1.02546   0.377055   0.814384
0.571064   0.535653   0.351097
-0.79741   -0.119128   0.0832173
-2.72068   0.104562   -0.432907
1.16886   -1.39471   -0.865648
0.507844   -0.467946   -0.525396
0.19476   0.866053   0.661814
0.648573   0.246945   0.136314
0.230964   1.43442   -0.0266231
0.795109   -0.829558   -0.541412
-0.491102   -1.66772   -1.20222
0.749082   -0.0939037   -0.693643
-0.597039   -0.0359871   0.149507
0.599165   -1.05789   -1.29624
0.132758   0.0970173   0.237593
-0.634147   1.24944   1.11272
0.265469   -0.642423   -0.860973
-0.0811303   -0.174325   0.535477
-0.795981   -0.770899   -0.228319
-1.41022   -1.96112   -0.871309
0.274313   0.544137   1.91164
-0.973853   1.81922   1.7539
1.04535   1.14954   -0.0291362
-0.120613   -0.611059   -0.242803
0.307612   0.222022   0.324341
1.3099   0.00435322   -0.409079
-2.13383   0.523567   -1.63529
-1.07798   -1.12493   0.445058
0.210144   -1.99329   -0.277726
0.566154   -0.598082   1.00613
-0.158734   0.179704   -0.190965
0.298515   -1.63937   -1.16923
-0.31046   0.485283   0.228862
-0.237427   0.469292   -0.189042
-0.753892   -0.106775   -1.17692
0.216768   0.203323   0.316962
-1.44704   -0.604402   -0.223096
-1.50918   -0.0239298   0.138308
-0.562756   -0.944903   0.0430292
-1.06729   -1.16356   0.405849
-0.843633   -0.823891   0.41868
0.0042212   -0.143648   0.389446
-0.986237   2.19394   1.59497
2.11857   1.05282   -0.829157
0.818472   -0.700433   0.582858
0.00647467   0.481343   -2.04815
-0.478509   0.568916   -0.152476
0.690824   -1.26916   0.010767
0.086051   0.00150473   -0.397601
-1.93376   0.554558   0.246691
0.587976   0.981345   0.544021
-0.197705   1.15895   2.7692
1.02389   0.140969   -0.0126375
0.646239   -0.0988874   -0.271398
0.442967   -0.0346278   -0.54356
0.42265   0.267617   -0.29072
-0.504059   -0.784078   -1.11414
-0.302098   0.597673   -1.43875
1.16057   -0.187399   0.997681
0.527865   -0.929307   0.0117775
1.80217   1.21425   0.359582
0.326508   1.1752   -1.03769
0.0818544   0.155756   1.60157
0.477071   0.0782523   1.03562
-0.413806   -0.322714   -0.69892
0.0653317   -0.181519   0.307406
0.0675522   0.879862   1.00058
-1.22888   0.834169   -0.0635681
0.159763   -0.804864   -0.850905
-0.778499   -0.123968   1.62597
2.0582   1.27009   1.50472
0.703176   -1.70791   0.23891
0.660227   -1.07667   -1.34891
0.097259   -0.719906   0.727927
0.507314   -0.196993   0.424882
1.28554   -1.08715   1.33029
0.594578   -0.329384   0.790756
1.05992   0.847221   -0.236039
-1.08586   -0.8012   -0.238974
2.25771   -0.407003   1.38711
0.483453   0.0625908   -0.171872
0.2365   -0.99911   -0.0642202
-0.483695   -0.346226   1.10901
-0.509243   0.353307   0.839354
0.259745   -0.480927   0.296396
-1.73488   0.43549   0.156737
-0.143672   -1.07323   0.502404
-0.902931   0.902862   -0.549751
-0.144831   -0.115462   -1.45108
-0.0523695   -0.0787617   -1.55997
