 1 0.2 0.2 0
 2 0 0.1 0.1
 3 0.08 0.0933333 0.0581187
 4 0.08 0.09 0.0412311
 5 0.16 0.104 0.0348712
 6 0.16 0.113333 0.0299629
 7 0.24 0.131429 0.0311241
 8 0.28 0.15 0.0327327
 9 0.12 0.146667 0.0290593
 10 0.24 0.156 0.0276164
 11 0.28 0.167273 0.0274057
 12 0.12 0.163333 0.0253262
 13 0 0.150769 0.0264687
 14 0.04 0.142857 0.0257509
 15 -0.04 0.130667 0.0268943
 16 0 0.1225 0.0264496
 17 -0.2 0.103529 0.0312596
 18 -0.2 0.0866667 0.033955
 19 -0.28 0.0673684 0.03747
 20 -0.36 0.046 0.0414754
 21 -0.48 0.0209524 0.0467308
 22 -0.48 -0.00181818 0.0500374
 23 -0.4 -0.0191304 0.0508501
 24 -0.36 -0.0333333 0.0507147
 25 -0.28 -0.0432 0.0496344
 26 -0.16 -0.0476923 0.0478983
 27 -0.4 -0.0607407 0.0479016
 28 -0.4 -0.0728571 0.0477229
 29 -0.24 -0.0786207 0.0464072
 30 -0.08 -0.0786667 0.0448336
 31 -0.16 -0.0812903 0.0434426
 32 0.08 -0.07625 0.042364
 33 0.08 -0.0715152 0.0413323
 34 0.16 -0.0647059 0.0406722
 35 0.16 -0.0582857 0.0400115
 36 0.2 -0.0511111 0.0395406
 37 0.28 -0.0421622 0.0394845
 38 0.36 -0.0315789 0.039862
 39 0.28 -0.0235897 0.0396399
 40 0.2 -0.018 0.0390384
 41 0.32 -0.0097561 0.0389566
 42 0.48 0.00190476 0.0397659
 43 0.56 0.0148837 0.0409418
 44 0.56 0.0272727 0.0418751
 45 0.52 0.0382222 0.0423731
 46 0.28 0.0434783 0.0417737
 47 0 0.0425532 0.0408857
 48 0.08 0.0433333 0.0400325
 49 0 0.042449 0.039217
 50 0.2 0.0456 0.0385536
 51 0.32 0.0509804 0.0381712
 52 0.32 0.0561538 0.0377858
 53 0.48 0.0641509 0.0379189
 54 0.48 0.0718519 0.0379986
 55 0.56 0.0807273 0.0383426
 56 0.48 0.0878571 0.0383209
 57 0.48 0.0947368 0.0382661
 58 0.52 0.102069 0.0383087
 59 0.68 0.111864 0.0389071
 60 0.64 0.120667 0.0392528
 61 0.68 0.129836 0.039678
 62 0.56 0.136774 0.0396446
 63 0.56 0.143492 0.0395845
 64 0.48 0.14875 0.0393142
 65 0.48 0.153846 0.0390387
 66 0.4 0.157576 0.0386232
 67 0.48 0.162388 0.0383455
 68 0.32 0.164706 0.0378485
 69 0.48 0.169275 0.0375748
 70 0.32 0.171429 0.0370966
 71 0 0.169014 0.03665
 72 0.32 0.171111 0.0361982
 73 0.28 0.172603 0.0357301
 74 0.32 0.174595 0.0353002
 75 0.12 0.173867 0.0348339
 76 0.16 0.173684 0.034373
 77 0.04 0.171948 0.0339681
 78 0.08 0.170769 0.0335505
 79 0 0.168608 0.0331935
 80 0.04 0.167 0.0328154
 81 -0.16 0.162963 0.0326582
 82 -0.2 0.158537 0.0325597
 83 -0.2 0.154217 0.0324538
 84 -0.12 0.150952 0.0322309
 85 0.08 0.150118 0.0318604
 86 0.16 0.150233 0.0314879
 87 0.24 0.151264 0.031141
 88 0.36 0.153636 0.0308763
 89 0.24 0.154607 0.0305429
 90 0.2 0.155111 0.0302058
 91 0.08 0.154286 0.0298834
 92 0.16 0.154348 0.0295569
 93 0.36 0.156559 0.0293209
 94 0.36 0.158723 0.0290879
 95 0.32 0.160421 0.0288301
 96 0.16 0.160417 0.0285282
 97 0.24 0.161237 0.0282445
 98 0.08 0.160408 0.0279671
 99 0.2 0.160808 0.027686
 100 0.4 0.1632 0.0275119
 101 0.4 0.165545 0.0273389
 102 0.24 0.166275 0.0270794
 103 0.28 0.167379 0.0268379
 104 0.28 0.168462 0.0266007
 105 0.32 0.169905 0.0263856
 106 0.24 0.170566 0.0261439
 107 0.44 0.173084 0.0260205
 108 0.36 0.174815 0.0258365
 109 0.36 0.176514 0.0256547
 110 0.48 0.179273 0.0255696
 111 0.6 0.183063 0.0256202
 112 0.52 0.186071 0.025568
 113 0.4 0.187965 0.0254113
 114 0.48 0.190526 0.0253174
 115 0.6 0.194087 0.0253476
 116 0.64 0.197931 0.0254205
 117 0.64 0.201709 0.0254839
 118 0.48 0.204068 0.0253768
 119 0.48 0.206387 0.0252693
 120 0.56 0.209333 0.0252305
 121 0.76 0.213884 0.0254316
 122 0.48 0.216066 0.0253165
 123 0.68 0.219837 0.0253915
 124 0.6 0.222903 0.0253718
 125 0.68 0.22656 0.0254323
 126 0.64 0.229841 0.0254421
 127 0.44 0.231496 0.0252952
 128 0.56 0.234063 0.0252277
 129 0.52 0.236279 0.0251293
 130 0.52 0.238462 0.0250306
 131 0.48 0.240305 0.0249071
 132 0.44 0.241818 0.0247639
 133 0.32 0.242406 0.0245841
 134 0.2 0.24209 0.024402
 135 0.12 0.241185 0.0242374
 136 0.12 0.240294 0.024075
 137 0.12 0.239416 0.0239148
 138 0.08 0.238261 0.0237689
 139 0.04 0.236835 0.0236404
 140 0 0.235143 0.0235318
 141 0.12 0.234326 0.0233786
 142 0.04 0.232958 0.0232537
 143 0.12 0.232168 0.023104
 144 0.16 0.231667 0.0229485
 145 0.16 0.231172 0.022795
 146 0.16 0.230685 0.0226436
 147 0.16 0.230204 0.0224942
 148 0.08 0.229189 0.0223647
 149 0.28 0.22953 0.0222167
 150 0.4 0.230667 0.0220973
 151 0.4 0.231788 0.0219791
 152 0.6 0.234211 0.021968
 153 0.68 0.237124 0.0220176
 154 0.64 0.23974 0.0220301
 155 0.48 0.24129 0.0219423
 156 0.6 0.24359 0.0219221
 157 0.64 0.246115 0.0219279
 158 0.72 0.249114 0.0219941
 159 0.84 0.25283 0.022169
 160 0.96 0.25725 0.022469
 161 1 0.261863 0.0228006
 162 0.88 0.265679 0.0229785
 163 0.88 0.269448 0.023146
 164 0.84 0.272927 0.023266
 165 0.92 0.276848 0.0234547
 166 0.88 0.280482 0.0235945
 167 0.88 0.284072 0.0237259
 168 0.8 0.287143 0.0237834
 169 0.8 0.290178 0.0238362
 170 0.76 0.292941 0.0238562
 171 0.68 0.295205 0.023824
 172 0.72 0.297674 0.0238135
 173 0.64 0.299653 0.023758
 174 0.76 0.302299 0.0237688
 175 0.68 0.304457 0.0237309
 176 0.6 0.306136 0.0236554
 177 0.4 0.306667 0.0235273
 178 0.24 0.306292 0.0233978
 179 0.36 0.306592 0.0232686
 180 0.36 0.306889 0.0231409
 181 0.32 0.306961 0.0230128
 182 0.32 0.307033 0.0228861
 183 0.44 0.30776 0.0227723
 184 0.56 0.30913 0.0226897
 185 0.48 0.310054 0.0225856
 186 0.44 0.310753 0.0224747
 187 0.48 0.311658 0.0223725
 188 0.48 0.312553 0.0222712
 189 0.36 0.312804 0.0221545
 190 0.44 0.313474 0.0220477
 191 0.44 0.314136 0.021942
 192 0.2 0.313542 0.0218355
 193 0.16 0.312746 0.0217366
 194 0.2 0.312165 0.0216321
 195 0.28 0.312 0.0215215
 196 0.44 0.312653 0.0214214
 197 0.64 0.314315 0.021377
 198 0.56 0.315556 0.021305
 199 0.6 0.316985 0.0212458
 200 0.56 0.3182 0.0211742
 201 0.52 0.319204 0.0210925
 202 0.32 0.319208 0.0209878
 203 0.32 0.319212 0.0208842
 204 0.44 0.319804 0.02079
 205 0.36 0.32 0.0206892
 206 0.4 0.320388 0.0205922
 207 0.44 0.320966 0.0205006
 208 0.44 0.321538 0.0204099
 209 0.44 0.322105 0.0203199
 210 0.44 0.322667 0.0202307
 211 0.48 0.323412 0.0201484
 212 0.52 0.32434 0.0200745
 213 0.52 0.325258 0.0200012
 214 0.48 0.325981 0.0199206
 215 0.52 0.326884 0.0198483
 216 0.44 0.327407 0.0197631
 217 0.36 0.327558 0.0196724
 218 0.32 0.327523 0.019582
 219 0.32 0.327489 0.0194924
 220 0.32 0.327455 0.0194036
 221 0.28 0.32724 0.0193168
 222 0.2 0.326667 0.0192381
 223 0.08 0.325561 0.0191836
 224 0.04 0.324286 0.0191403
 225 0.08 0.3232 0.0190859
 226 0.28 0.323009 0.0190022
 227 0.12 0.322115 0.0189395
 228 0.16 0.321404 0.0188696
 229 0.24 0.321048 0.0187904
 230 0.36 0.321217 0.0187093
 231 0.44 0.321732 0.0186352
 232 0.48 0.322414 0.0185672
 233 0.36 0.322575 0.0184881
 234 0.48 0.323248 0.0184212
 235 0.52 0.324085 0.0183617
 236 0.68 0.325593 0.0183459
 237 0.64 0.32692 0.0183164
 238 0.48 0.327563 0.0182506
 239 0.56 0.328536 0.0182001
 240 0.72 0.330167 0.0181973
 241 0.64 0.331452 0.0181672
 242 0.64 0.332727 0.0181369
 243 0.28 0.33251 0.0180634
 244 0.4 0.332787 0.0179913
 245 0.16 0.332082 0.0179316
 246 0.04 0.330894 0.017898
 247 -0.12 0.329069 0.0179186
 248 -0.12 0.327258 0.0179379
 249 -0.04 0.325783 0.0179264
 250 0.04 0.32464 0.0178912
 251 0.2 0.324143 0.0178267
 252 0.28 0.323968 0.0177566
 253 0.32 0.323953 0.0176863
 254 0.32 0.323937 0.0176166
 255 0.24 0.323608 0.0175504
 256 0.16 0.322969 0.0174934
 257 0.16 0.322335 0.0174367
 258 0.08 0.321395 0.0173944
 259 0.12 0.320618 0.0173446
 260 -0.08 0.319077 0.0173463
 261 -0.2 0.317088 0.0173938
 262 -0.16 0.315267 0.0174227
 263 -0.08 0.313764 0.0174213
 264 -0.2 0.311818 0.0174639
 265 -0.04 0.310491 0.0174485
 266 -0.12 0.308872 0.0174579
 267 -0.08 0.307416 0.0174533
 268 0 0.306269 0.0174258
 269 0.16 0.305725 0.0173694
 270 0.16 0.305185 0.0173134
 271 -0.04 0.303911 0.0172964
 272 -0.2 0.302059 0.017332
 273 -0.08 0.300659 0.017325
 274 0.04 0.299708 0.0172878
 275 0.16 0.2992 0.0172323
 276 -0.04 0.297971 0.0172137
 277 0.08 0.297184 0.0171695
 278 0.04 0.296259 0.0171326
 279 0.08 0.295484 0.0170887
 280 0.2 0.295143 0.017031
 281 0.16 0.294662 0.0169771
 282 0.12 0.294043 0.0169281
 283 0 0.293004 0.0169001
 284 0.08 0.292254 0.0168572
 285 0.04 0.291368 0.0168213
 286 0.08 0.290629 0.0167786
 287 -0.08 0.289338 0.0167699
 288 -0.08 0.288056 0.0167607
 289 -0.16 0.286505 0.0167744
 290 -0.2 0.284828 0.0168004
 291 -0.2 0.283162 0.0168253
 292 -0.12 0.281781 0.0168243
 293 -0.36 0.27959 0.0169092
 294 -0.52 0.276871 0.0170697
 295 -0.48 0.274305 0.0172041
 296 -0.44 0.271892 0.0173149
 297 -0.44 0.269495 0.0174221
 298 -0.48 0.26698 0.0175448
 299 -0.52 0.264348 0.017683
 300 -0.48 0.261867 0.0177977
 301 -0.28 0.260066 0.0178296
 302 -0.08 0.25894 0.0178061
 303 -0.16 0.257558 0.0178011
 304 -0.28 0.255789 0.0178303
 305 -0.28 0.254033 0.0178584
 306 -0.36 0.252026 0.0179126
 307 -0.12 0.250814 0.0178953
 308 -0.04 0.24987 0.0178621
 309 -0.04 0.248932 0.0178289
 310 -0.12 0.247742 0.0178111
 311 0 0.246945 0.0177716
 312 0.08 0.24641 0.0177226
 313 -0.04 0.245495 0.0176896
 314 -0.28 0.243822 0.0177124
 315 -0.28 0.242159 0.0177342
 316 -0.48 0.239873 0.0178251
 317 -0.52 0.237476 0.0179297
 318 -0.48 0.23522 0.0180151
 319 -0.28 0.233605 0.018031
 320 -0.44 0.2315 0.0180974
 321 -0.36 0.229657 0.0181348
 322 -0.2 0.228323 0.0181276
 323 -0.4 0.226378 0.0181758
 324 -0.52 0.224074 0.0182654
 325 -0.52 0.221785 0.0183525
 326 -0.48 0.219632 0.0184223
 327 -0.4 0.217737 0.0184634
 328 -0.32 0.216098 0.0184799
 329 -0.12 0.215076 0.0184519
 330 -0.08 0.214182 0.0184177
 331 -0.08 0.213293 0.0183834
 332 0.12 0.213012 0.0183301
 333 0.16 0.212853 0.0182757
 334 0.16 0.212695 0.0182216
 335 0.24 0.212776 0.0181673
 336 0.28 0.212976 0.0181142
 337 0.12 0.2127 0.0180625
 338 0.24 0.212781 0.0180092
 339 0.2 0.212743 0.017956
 340 0.32 0.213059 0.0179059
 341 0.2 0.213021 0.0178534
 342 0.2 0.212982 0.0178011
 343 0.24 0.213061 0.0177493
 344 0.36 0.213488 0.0177028
 345 0.32 0.213797 0.0176541
 346 0.32 0.214104 0.0176057
 347 0.4 0.21464 0.0175631
 348 0.36 0.215057 0.0175175
 349 0.36 0.215473 0.0174722
 350 0.28 0.215657 0.0174231
 351 0.16 0.215499 0.0173742
 352 0.04 0.215 0.0173319
 353 0 0.214391 0.0172935
 354 0.04 0.213898 0.0172516
 355 0.36 0.21431 0.0172078
 356 0.36 0.214719 0.0171643
 357 0.44 0.21535 0.0171278
 358 0.4 0.215866 0.0170877
 359 0.4 0.216379 0.0170477
 360 0.4 0.216889 0.017008
 361 0.48 0.217618 0.0169764
 362 0.48 0.218343 0.016945
 363 0.52 0.219174 0.0169187
 364 0.44 0.21978 0.016883
 365 0.44 0.220384 0.0168475
 366 0.36 0.220765 0.0168057
 367 0.44 0.221362 0.0167705
 368 0.52 0.222174 0.0167446
 369 0.36 0.222547 0.0167033
 370 0.48 0.223243 0.0166726
 371 0.44 0.223827 0.0166379
 372 0.36 0.224194 0.0165971
 373 0.4 0.224665 0.0165593
 374 0.44 0.225241 0.016525
 375 0.48 0.22592 0.0164949
 376 0.4 0.226383 0.0164574
 377 0.32 0.226631 0.0164156
 378 0.4 0.22709 0.0163785
 379 0.4 0.227546 0.0163416
 380 0.52 0.228316 0.0163167
 381 0.4 0.228766 0.0162801
 382 0.24 0.228796 0.0162375
 383 0.28 0.22893 0.0161956
 384 0.28 0.229062 0.0161539
 385 0.28 0.229195 0.0161124
 386 0.08 0.228808 0.0160752
 387 -0.08 0.22801 0.0160535
 388 0.08 0.227629 0.0160166
 389 0.2 0.227558 0.0159755
 390 -0.04 0.226872 0.0159493
 391 0.08 0.226496 0.0159129
 392 0.12 0.226224 0.0158746
 393 -0.12 0.225344 0.0158586
 394 -0.04 0.22467 0.0158326
 395 0 0.224101 0.0158027
 396 0.2 0.22404 0.0157629
 397 0.24 0.224081 0.0157232
 398 0.24 0.224121 0.0156837
 399 0.24 0.22416 0.0156444
 400 0.16 0.224 0.0156061
 401 0.04 0.223541 0.0155738
 402 0.04 0.223085 0.0155418
 403 0.32 0.223325 0.015505
 404 0.44 0.223861 0.0154759
 405 0.4 0.224296 0.0154438
 406 0.36 0.224631 0.0154093
 407 0.56 0.225455 0.0153935
 408 0.52 0.226176 0.0153726
 409 0.52 0.226895 0.0153518
 410 0.4 0.227317 0.0153202
 411 0.44 0.227835 0.0152916
 412 0.52 0.228544 0.0152709
 413 0.48 0.229153 0.015246
 414 0.48 0.229758 0.0152212
 415 0.56 0.230554 0.0152054
 416 0.52 0.23125 0.0151847
 417 0.44 0.231751 0.0151565
 418 0.32 0.231962 0.0151217
 419 0.36 0.232267 0.0150887
 420 0.36 0.232571 0.0150558
 421 0.48 0.233159 0.0150314
 422 0.52 0.233839 0.0150112
 423 0.52 0.234515 0.0149909
 424 0.52 0.235189 0.0149707
 425 0.52 0.235859 0.0149504
 426 0.52 0.236526 0.0149302
 427 0.6 0.237377 0.0149195
 428 0.6 0.238224 0.0149087
 429 0.68 0.239254 0.0149095
 430 0.72 0.240372 0.0149168
 431 0.64 0.241299 0.014911
 432 0.64 0.242222 0.014905
 433 0.76 0.243418 0.0149185
 434 0.56 0.244147 0.014902
 435 0.6 0.244966 0.0148902
 436 0.56 0.245688 0.0148736
 437 0.64 0.24659 0.0148669
 438 0.6 0.247397 0.0148548
 439 0.44 0.247836 0.0148275
 440 0.52 0.248455 0.0148066
 441 0.6 0.249252 0.0147945
 442 0.48 0.249774 0.0147702
 443 0.48 0.250293 0.014746
 444 0.56 0.250991 0.0147293
 445 0.68 0.251955 0.0147277
 446 0.44 0.252377 0.0147007
 447 0.28 0.252438 0.0146679
 448 0.32 0.252589 0.0146359
 449 0.36 0.252829 0.0146053
 450 0.44 0.253244 0.0145787
 451 0.48 0.253747 0.014555
 452 0.44 0.254159 0.0145286
 453 0.48 0.254658 0.0145051
 454 0.48 0.255154 0.0144816
 455 0.44 0.25556 0.0144555
 456 0.56 0.256228 0.0144392
 457 0.36 0.256455 0.0144093
 458 0.44 0.256856 0.0143834
 459 0.52 0.257429 0.0143635
 460 0.64 0.258261 0.0143564
 461 0.72 0.259262 0.0143602
 462 0.56 0.259913 0.0143438
 463 0.56 0.260562 0.0143275
 464 0.48 0.261034 0.0143044
 465 0.44 0.261419 0.0142788
 466 0.36 0.261631 0.0142497
 467 0.28 0.26167 0.0142192
 468 0.24 0.261624 0.0141888
 469 0.4 0.261919 0.0141616
 470 0.4 0.262213 0.0141345
 471 0.32 0.262335 0.014105
 472 0.36 0.262542 0.0140766
 473 0.32 0.262664 0.0140473
 474 0.32 0.262785 0.0140182
 475 0.44 0.263158 0.0139936
 476 0.32 0.263277 0.0139647
 477 0.28 0.263312 0.0139355
 478 0.44 0.263682 0.0139112
 479 0.32 0.2638 0.0138826
 480 0.36 0.264 0.0138551
 481 0.48 0.264449 0.0138336
 482 0.56 0.265062 0.0138184
 483 0.52 0.26559 0.0137999
 484 0.56 0.266198 0.0137848
 485 0.56 0.266804 0.0137697
 486 0.6 0.26749 0.0137584
 487 0.52 0.268008 0.0137399
 488 0.6 0.268689 0.0137286
 489 0.52 0.269202 0.0137101
 490 0.48 0.269633 0.0136889
 491 0.6 0.270305 0.0136775
 492 0.52 0.270813 0.0136591
 493 0.48 0.271237 0.013638
 494 0.56 0.271822 0.0136229
 495 0.44 0.272162 0.0135996
 496 0.24 0.272097 0.0135723
 497 0.28 0.272113 0.013545
 498 0.44 0.27245 0.013522
 499 0.32 0.272545 0.0134952
 500 0.12 0.27224 0.0134716
 501 0.12 0.271936 0.0134481
 502 0.12 0.271633 0.0134247
 503 -0.04 0.271014 0.0134123
 504 0.04 0.270556 0.0133935
 505 -0.16 0.269703 0.0133941
 506 -0.2 0.268775 0.0133998
 507 -0.08 0.268087 0.0133911
 508 -0.28 0.267008 0.0134082
 509 -0.28 0.265933 0.0134249
 510 -0.2 0.26502 0.0134296
 511 -0.08 0.264344 0.0134203
 512 -0.04 0.26375 0.0134073
 513 0.04 0.263314 0.0133882
 514 -0.24 0.262335 0.013398
 515 -0.16 0.261515 0.0133971
 516 -0.04 0.26093 0.0133838
 517 0.16 0.260735 0.0133593
 518 0.08 0.260386 0.0133381
 519 0.16 0.260193 0.0133138
 520 0 0.259692 0.0132976
 521 -0.08 0.25904 0.013288
 522 -0.08 0.258391 0.0132784
 523 -0.32 0.257285 0.0132991
 524 -0.44 0.255954 0.0133402
 525 -0.36 0.254781 0.0133664
 526 -0.44 0.25346 0.0134062
 527 -0.36 0.252296 0.0134312
 528 -0.32 0.251212 0.0134495
 529 -0.4 0.249981 0.0134804
 530 -0.52 0.248528 0.0135331
 531 -0.4 0.247307 0.0135627
 532 -0.36 0.246165 0.0135853
 533 -0.4 0.244953 0.0136138
 534 -0.48 0.243596 0.013656
 535 -0.44 0.242318 0.0136902
 536 -0.52 0.240896 0.0137384
 537 -0.48 0.239553 0.0137784
 538 -0.56 0.238067 0.0138328
 539 -0.52 0.23666 0.0138786
 540 -0.56 0.235185 0.0139312
 541 -0.44 0.233937 0.0139613
 542 -0.2 0.233137 0.0139585
 543 -0.12 0.232486 0.0139479
 544 0 0.232059 0.0139288
 545 0.08 0.23178 0.013906
 546 -0.04 0.231282 0.0138895
 547 0 0.230859 0.0138705
 548 -0.04 0.230365 0.013854
 549 -0.08 0.2298 0.0138403
 550 -0.2 0.229018 0.0138372
 551 -0.2 0.22824 0.013834
 552 -0.08 0.227681 0.0138202
 553 -0.04 0.227197 0.0138037
 554 0.08 0.226931 0.0137813
 555 -0.32 0.225946 0.0137917
 556 -0.52 0.224604 0.0138321
 557 -0.52 0.223268 0.0138718
 558 -0.48 0.222007 0.0139041
 559 -0.44 0.220823 0.0139297
 560 -0.36 0.219786 0.0139434
 561 -0.48 0.218538 0.0139743
 562 -0.28 0.217651 0.0139776
 563 -0.28 0.216767 0.0139807
 564 -0.4 0.215674 0.0139987
 565 -0.32 0.214726 0.014006
 566 -0.4 0.21364 0.0140234
 567 -0.24 0.21284 0.0140215
 568 -0.08 0.212324 0.0140062
 569 -0.16 0.21167 0.0139969
 570 -0.04 0.211228 0.0139793
 571 -0.04 0.210788 0.0139617
 572 0.08 0.210559 0.0139392
 573 0.08 0.210332 0.0139167
 574 0.32 0.210523 0.0138938
 575 0.28 0.210643 0.0138701
 576 0.44 0.211042 0.0138517
 577 0.28 0.211161 0.0138282
 578 0.4 0.211488 0.0138081
 579 0.28 0.211606 0.0137848
 580 0.32 0.211793 0.0137622
 581 0.48 0.212255 0.0137463
 582 0.44 0.212646 0.0137282
 583 0.36 0.212899 0.013707
 584 0.4 0.213219 0.0136873
 585 0.44 0.213607 0.0136693
 586 0.32 0.213788 0.0136472
 587 0.44 0.214174 0.0136294
 588 0.44 0.214558 0.0136116
 589 0.48 0.215008 0.0135959
 590 0.56 0.215593 0.0135855
 591 0.6 0.216244 0.013578
 592 0.56 0.216824 0.0135675
 593 0.68 0.217605 0.0135671
 594 0.56 0.218182 0.0135565
 595 0.56 0.218756 0.0135459
 596 0.44 0.219128 0.0135283
 597 0.36 0.219363 0.0135076
 598 0.28 0.219465 0.0134854
 599 0.24 0.219499 0.0134629
 600 0.08 0.219267 0.0134425
 601 0.08 0.219035 0.0134221
 602 0.16 0.218937 0.0134001
 603 0.2 0.218905 0.0133779
 604 0.16 0.218808 0.0133561
 605 0.2 0.218777 0.0133341
 606 0.32 0.218944 0.0133131
 607 0.4 0.219242 0.0132945
 608 0.28 0.219342 0.013273
 609 0.32 0.219507 0.0132522
 610 0.4 0.219803 0.0132338
 611 0.6 0.220426 0.0132267
 612 0.64 0.221111 0.0132229
 613 0.48 0.221533 0.0132081
 614 0.52 0.22202 0.0131955
 615 0.6 0.222634 0.0131883
 616 0.4 0.222922 0.0131701
 617 0.4 0.223209 0.0131518
 618 0.48 0.223625 0.0131371
 619 0.6 0.224233 0.0131299
 620 0.56 0.224774 0.0131199
 621 0.48 0.225185 0.0131052
 622 0.56 0.225723 0.0130952
 623 0.56 0.22626 0.0130852
 624 0.56 0.226795 0.0130751
 625 0.72 0.227584 0.013078
 626 0.76 0.228435 0.0130848
 627 0.56 0.228963 0.0130746
 628 0.52 0.229427 0.013062
 629 0.68 0.230143 0.0130609
 630 0.64 0.230794 0.0130563
 631 0.72 0.231569 0.0130587
 632 0.56 0.232089 0.0130483
 633 0.64 0.232733 0.0130436
 634 0.64 0.233375 0.0130389
 635 0.44 0.233701 0.0130224
 636 0.28 0.233774 0.0130021
 637 0.28 0.233846 0.0129819
 638 0.32 0.233981 0.0129622
 639 0.44 0.234304 0.0129459
 640 0.48 0.234687 0.0129314
 641 0.48 0.23507 0.0129169
 642 0.56 0.235576 0.0129067
 643 0.64 0.236205 0.0129019
 644 0.52 0.236646 0.0128894
 645 0.64 0.237271 0.0128846
 646 0.68 0.237957 0.0128829
 647 0.6 0.238516 0.0128751
 648 0.52 0.238951 0.0128626
 649 0.52 0.239384 0.01285
 650 0.52 0.239815 0.0128375
 651 0.72 0.240553 0.012839
 652 0.72 0.241288 0.0128403
 653 0.48 0.241654 0.0128259
 654 0.36 0.241835 0.0128075
 655 0.64 0.242443 0.0128024
 656 0.52 0.242866 0.0127899
 657 0.4 0.243105 0.0127726
 658 0.44 0.243404 0.0127567
 659 0.4 0.243642 0.0127396
 660 0.36 0.243818 0.0127215
 661 0.48 0.244175 0.0127072
 662 0.44 0.244471 0.0126915
 663 0.4 0.244706 0.0126745
 664 0.48 0.24506 0.0126603
 665 0.64 0.245654 0.0126552
 666 0.68 0.246306 0.012653
 667 0.68 0.246957 0.0126508
 668 0.68 0.247605 0.0126484
 669 0.64 0.248191 0.0126431
 670 0.76 0.248955 0.0126473
 671 0.72 0.249657 0.012648
 672 0.64 0.250238 0.0126425
 673 0.56 0.250698 0.0126321
 674 0.56 0.251157 0.0126217
 675 0.48 0.251496 0.0126075
 676 0.48 0.251834 0.0125934
 677 0.48 0.252171 0.0125793
 678 0.28 0.252212 0.0125608
 679 0.08 0.251959 0.0125448
 680 0.24 0.251941 0.0125264
 681 0.16 0.251806 0.0125087
 682 0.04 0.251496 0.0124942
 683 0 0.251127 0.0124813
 684 0.12 0.250936 0.0124646
 685 0.2 0.250861 0.0124466
 686 0.24 0.250845 0.0124284
 687 0.32 0.250946 0.0124107
 688 0.24 0.25093 0.0123927
 689 0.56 0.251379 0.0123828
 690 0.64 0.251942 0.0123777
 691 0.6 0.252446 0.01237
 692 0.6 0.252948 0.0123623
 693 0.56 0.253391 0.0123524
 694 0.32 0.253487 0.012335
 695 0.32 0.253583 0.0123176
 696 0.28 0.253621 0.0122999
 697 0.36 0.253773 0.0122832
 698 0.32 0.253868 0.012266
 699 0.4 0.254077 0.0122502
 700 0.4 0.254286 0.0122345
 701 0.52 0.254665 0.0122229
 702 0.52 0.255043 0.0122113
 703 0.48 0.255363 0.0121981
 704 0.4 0.255568 0.0121825
 705 0.52 0.255943 0.012171
 706 0.44 0.256204 0.0121566
 707 0.44 0.256464 0.0121421
 708 0.44 0.256723 0.0121277
 709 0.56 0.257151 0.0121182
 710 0.56 0.257577 0.0121086
 711 0.68 0.258172 0.0121062
 712 0.64 0.258708 0.012101
 713 0.52 0.259074 0.0120896
 714 0.56 0.259496 0.01208
 715 0.48 0.259804 0.012067
 716 0.6 0.260279 0.0120595
 717 0.68 0.260865 0.0120569
 718 0.64 0.261393 0.0120517
 719 0.64 0.261919 0.0120464
 720 0.68 0.2625 0.0120437
 721 0.76 0.26319 0.0120468
 722 0.76 0.263878 0.0120497
 723 0.68 0.264454 0.0120468
 724 0.52 0.264807 0.0120353
 725 0.64 0.265324 0.0120299
 726 0.64 0.26584 0.0120244
 727 0.72 0.266465 0.012024
 728 0.72 0.267088 0.0120237
 729 0.64 0.267599 0.0120181
 730 0.76 0.268274 0.0120205
 731 0.72 0.268892 0.01202
 732 0.76 0.269563 0.0120223
 733 0.76 0.270232 0.0120245
 734 0.76 0.270899 0.0120266
 735 0.96 0.271837 0.0120468
 736 1 0.272826 0.012071
 737 1 0.273813 0.0120949
 738 0.92 0.274688 0.0121102
 739 0.96 0.275616 0.0121293
 740 0.88 0.276432 0.0121404
 741 0.96 0.277355 0.0121591
 742 0.96 0.278275 0.0121775
 743 0.96 0.279192 0.0121957
 744 0.88 0.28 0.012206
 745 0.88 0.280805 0.0122162
 746 1 0.281769 0.0122378
 747 0.96 0.282677 0.0122551
 748 0.96 0.283583 0.0122722
 749 1 0.284539 0.012293
 750 0.92 0.285387 0.0123058
 751 1 0.286338 0.0123262
 752 0.96 0.287234 0.0123424
 753 0.96 0.288127 0.0123583
 754 0.96 0.289019 0.012374
 755 0.96 0.289907 0.0123896
 756 0.96 0.290794 0.0124049
 757 0.88 0.291572 0.0124129
 758 0.8 0.292243 0.0124146
 759 0.72 0.292806 0.0124111
 760 0.8 0.293474 0.0124127
 761 0.84 0.294192 0.0124171
 762 0.76 0.294803 0.0124159
 763 0.8 0.295465 0.0124173
 764 0.68 0.295969 0.0124112
 765 0.52 0.296261 0.0123985
 766 0.52 0.296554 0.0123857
 767 0.56 0.296897 0.0123743
 768 0.56 0.29724 0.0123629
 769 0.48 0.297477 0.0123491
 770 0.48 0.297714 0.0123354
 771 0.16 0.297536 0.0123206
 772 0.2 0.297409 0.0123053
 773 0.2 0.297283 0.01229
 774 0.12 0.297054 0.0122763
 775 -0.04 0.296619 0.0122682
 776 -0.04 0.296186 0.01226
 777 -0.12 0.29565 0.0122559
 778 -0.2 0.295013 0.0122567
 779 -0.16 0.294429 0.0122549
 780 -0.08 0.293949 0.0122486
 781 -0.08 0.29347 0.0122423
 782 -0.24 0.292788 0.0122456
 783 -0.36 0.291954 0.0122584
 784 -0.24 0.291276 0.0122615
 785 -0.24 0.290599 0.0122646
 786 -0.28 0.289873 0.0122704
 787 -0.24 0.289199 0.0122733
 788 -0.28 0.288477 0.012279
 789 -0.28 0.287757 0.0122846
 790 -0.4 0.286886 0.0122999
 791 -0.44 0.285967 0.0123186
 792 -0.48 0.285 0.012341
 793 -0.52 0.283985 0.0123672
 794 -0.56 0.282922 0.0123973
 795 -0.36 0.282113 0.012408
 796 -0.32 0.281357 0.0124155
 797 -0.24 0.280703 0.0124172
 798 -0.24 0.28005 0.0124187
 799 -0.28 0.279349 0.012423
 800 -0.12 0.27885 0.0124175
 801 -0.08 0.278402 0.01241
 802 -0.16 0.277855 0.0124066
 803 -0.16 0.27731 0.0124031
 804 -0.08 0.276866 0.0123957
 805 -0.12 0.276373 0.0123901
 806 -0.12 0.275881 0.0123845
 807 -0.08 0.27544 0.012377
 808 0.04 0.275149 0.0123651
 809 0.08 0.274907 0.0123521
 810 0.28 0.274914 0.0123369
 811 0.36 0.275018 0.0123221
 812 0.52 0.27532 0.0123106
 813 0.36 0.275424 0.0122959
 814 0.28 0.27543 0.0122808
 815 0.52 0.27573 0.0122694
 816 0.44 0.275931 0.012256
 817 0.36 0.276034 0.0122414
 818 0.32 0.276088 0.0122266
 819 0.16 0.275946 0.0122124
 820 0.12 0.275756 0.012199
 821 0.08 0.275518 0.0121865
 822 -0.12 0.275036 0.0121812
 823 -0.16 0.274508 0.0121778
 824 -0.28 0.273835 0.0121816
 825 -0.28 0.273164 0.0121854
 826 -0.24 0.272542 0.0121865
 827 -0.28 0.271874 0.01219
 828 -0.36 0.271111 0.0121992
 829 -0.36 0.27035 0.0122082
 830 -0.36 0.26959 0.0122171
 831 -0.36 0.268833 0.0122259
 832 -0.36 0.268077 0.0122346
 833 -0.64 0.266987 0.0122684
 834 -0.6 0.265947 0.0122977
 835 -0.4 0.26515 0.0123089
 836 -0.32 0.26445 0.012314
 837 -0.32 0.263751 0.0123191
 838 -0.16 0.263246 0.0123148
 839 -0.48 0.26236 0.012332
 840 -0.52 0.261429 0.0123524
 841 -0.32 0.260737 0.0123571
 842 -0.24 0.260143 0.0123567
 843 -0.24 0.259549 0.0123563
 844 -0.2 0.259005 0.0123537
 845 -0.08 0.258604 0.0123456
 846 -0.04 0.258251 0.012336
 847 -0.08 0.257851 0.0123279
 848 0.04 0.257594 0.012316
 849 0 0.257291 0.0123053
 850 0.12 0.257129 0.0122919
 851 0 0.256827 0.0122811
 852 0.04 0.256573 0.0122693
 853 -0.12 0.256131 0.0122629
 854 -0.12 0.255691 0.0122564
 855 -0.08 0.255298 0.0122484
 856 -0.08 0.254907 0.0122403
 857 -0.12 0.254469 0.0122339
 858 -0.08 0.254079 0.0122258
 859 -0.12 0.253644 0.0122193
 860 -0.08 0.253256 0.0122113
 861 -0.12 0.252822 0.0122048
 862 0.2 0.252761 0.0121908
 863 0.32 0.252839 0.0121769
 864 0.6 0.253241 0.0121694
 865 0.6 0.253642 0.012162
 866 0.52 0.253949 0.0121518
 867 0.52 0.254256 0.0121417
 868 0.52 0.254562 0.0121315
 869 0.56 0.254914 0.0121227
 870 0.72 0.255448 0.0121205
 871 0.72 0.255982 0.0121183
 872 0.56 0.25633 0.0121094
 873 0.48 0.256586 0.0120983
 874 0.44 0.256796 0.0120863
 875 0.56 0.257143 0.0120774
 876 0.44 0.257352 0.0120654
 877 0.56 0.257697 0.0120566
 878 0.52 0.257995 0.0120466
 879 0.68 0.258476 0.0120424
 880 0.76 0.259045 0.0120422
 881 0.68 0.259523 0.012038
 882 0.6 0.259909 0.0120306
 883 0.64 0.26034 0.0120246
 884 0.64 0.260769 0.0120187
 885 0.68 0.261243 0.0120145
 886 0.72 0.261761 0.0120121
 887 0.72 0.262277 0.0120096
 888 0.76 0.262838 0.0120092
 889 0.76 0.263397 0.0120087
 890 0.64 0.26382 0.0120027
 891 0.68 0.264287 0.0119983
 892 0.8 0.264888 0.0119998
 893 0.68 0.265353 0.0119954
 894 0.6 0.265727 0.0119878
 895 0.52 0.266011 0.0119778
 896 0.56 0.266339 0.0119689
 897 0.64 0.266756 0.0119628
 898 0.68 0.267216 0.0119584
 899 0.68 0.267675 0.0119539
 900 0.6 0.268044 0.0119463
 901 0.48 0.26828 0.0119353
 902 0.56 0.268603 0.0119265
 903 0.6 0.26897 0.0119189
 904 0.48 0.269204 0.011908
 905 0.64 0.269613 0.0119019
 906 0.56 0.269934 0.0118931
 907 0.52 0.270209 0.0118832
 908 0.52 0.270485 0.0118733
 909 0.6 0.270847 0.0118657
 910 0.44 0.271033 0.0118541
 911 0.4 0.271175 0.011842
 912 0.4 0.271316 0.0118298
 913 0.36 0.271413 0.0118173
 914 0.32 0.271466 0.0118044
 915 0.24 0.271432 0.0117916
 916 0.32 0.271485 0.0117788
 917 0.44 0.271668 0.0117674
 918 0.28 0.271678 0.0117546
 919 0.32 0.27173 0.0117419
 920 0.36 0.271826 0.0117295
 921 0.4 0.271965 0.0117176
 922 0.4 0.272104 0.0117057
 923 0.4 0.272243 0.0116938
 924 0.4 0.272381 0.011682
 925 0.44 0.272562 0.0116708
 926 0.48 0.272786 0.0116603
 927 0.48 0.27301 0.0116499
 928 0.36 0.273103 0.0116377
 929 0.28 0.273111 0.0116252
 930 -0.04 0.272774 0.0116175
 931 -0.08 0.272395 0.0116112
 932 0 0.272103 0.0116024
 933 -0.04 0.271768 0.0115948
 934 -0.16 0.271306 0.0115916
 935 -0.08 0.27093 0.0115853
 936 0 0.270641 0.0115766
 937 0.16 0.270523 0.0115648
 938 0.32 0.270576 0.0115526
 939 0.28 0.270586 0.0115403
 940 0.16 0.270468 0.0115286
 941 0.32 0.270521 0.0115165
 942 0.4 0.270658 0.011505
 943 0.56 0.270965 0.0114969
 944 0.6 0.271314 0.01149
 945 0.4 0.27145 0.0114787
 946 0.8 0.272008 0.0114801
 947 0.76 0.272524 0.0114796
 948 0.8 0.27308 0.011481
 949 0.8 0.273635 0.0114823
 950 0.68 0.274063 0.0114782
 951 0.44 0.274238 0.0114674
 952 0.48 0.274454 0.0114574
 953 0.44 0.274627 0.0114467
 954 0.48 0.274843 0.0114367
 955 0.36 0.274932 0.0114251
 956 -0.04 0.274603 0.0114179
 957 0 0.274316 0.0114096
 958 -0.16 0.273862 0.0114066
 959 -0.32 0.273243 0.0114116
 960 -0.36 0.272583 0.0114187
 961 -0.28 0.272008 0.0114213
 962 -0.2 0.271518 0.01142
 963 0 0.271236 0.0114116
 964 -0.2 0.270747 0.0114102
 965 -0.04 0.270425 0.011403
 966 0.12 0.270269 0.0113922
 967 0.16 0.270155 0.011381
 968 0.04 0.269917 0.0113717
 969 0.12 0.269763 0.011361
 970 0.24 0.269732 0.0113494
 971 0.4 0.269866 0.0113385
 972 0.4 0.27 0.0113276
 973 0.4 0.270134 0.0113167
 974 0.6 0.270472 0.0113102
 975 0.64 0.270851 0.0113049
 976 0.72 0.271311 0.0113027
 977 0.76 0.271812 0.0113022
 978 0.72 0.27227 0.0112999
 979 0.88 0.272891 0.0113054
 980 0.88 0.27351 0.0113109
 981 0.88 0.274128 0.0113162
 982 0.92 0.274786 0.0113238
 983 0.96 0.275483 0.0113338
 984 0.84 0.276057 0.0113368
 985 0.8 0.276589 0.0113377
 986 0.84 0.27716 0.0113406
 987 0.76 0.277649 0.0113397
 988 0.76 0.278138 0.0113387
 989 0.8 0.278665 0.0113395
 990 0.68 0.279071 0.0113353
 991 0.8 0.279596 0.0113361
 992 0.84 0.280161 0.0113387
 993 0.88 0.280765 0.0113434
 994 0.84 0.281328 0.0113459
 995 0.8 0.281849 0.0113465
 996 0.64 0.282209 0.0113408
 997 0.68 0.282608 0.0113365
 998 0.56 0.282886 0.0113285
 999 0.56 0.283163 0.0113206
 1000 0.56 0.28344 0.0113126
 1001 0.52 0.283676 0.0113038
 1002 0.52 0.283912 0.011295
 1003 0.44 0.284068 0.0112848
 1004 0.48 0.284263 0.0112752
 1005 0.44 0.284418 0.011265
 1006 0.48 0.284612 0.0112555
 1007 0.44 0.284767 0.0112454
 1008 0.48 0.28496 0.0112359
 1009 0.32 0.284995 0.0112248
 1010 0.44 0.285149 0.0112148
 1011 0.52 0.285381 0.0112061
 1012 0.24 0.285336 0.0111951
 1013 0.16 0.285212 0.0111847
 1014 0.12 0.285049 0.0111749
 1015 0.2 0.284966 0.0111642
 1016 0.2 0.284882 0.0111535
 1017 0.12 0.28472 0.0111437
 1018 0.16 0.284597 0.0111334
 1019 0.08 0.284396 0.0111243
 1020 -0.08 0.284039 0.0111191
 1021 -0.12 0.283643 0.0111153
 1022 0.2 0.283562 0.0111047
 1023 0.28 0.283558 0.0110938
 1024 0.36 0.283633 0.0110832
 1025 0.28 0.283629 0.0110724
 1026 0.08 0.283431 0.0110634
 1027 0.12 0.283272 0.0110538
 1028 0.28 0.283268 0.011043
 1029 0.28 0.283265 0.0110323
 1030 0.36 0.28334 0.0110218
 1031 0.36 0.283414 0.0110114
 1032 0.4 0.283527 0.0110013
 1033 0.52 0.283756 0.010993
 1034 0.6 0.284062 0.0109866
 1035 0.56 0.284329 0.0109792
 1036 0.52 0.284556 0.010971
 1037 0.32 0.28459 0.0109605
 1038 0.12 0.284432 0.010951
 1039 -0.08 0.284081 0.0109461
 1040 -0.08 0.283731 0.0109412
 1041 -0.2 0.283266 0.0109406
 1042 -0.16 0.282841 0.0109383
 1043 -0.04 0.282531 0.0109322
 1044 0.16 0.282414 0.0109224
 1045 0.08 0.28222 0.0109136
 1046 0.24 0.28218 0.0109033
 1047 0.24 0.282139 0.0108929
 1048 0.44 0.28229 0.0108836
 1049 0.64 0.282631 0.0108785
 1050 0.6 0.282933 0.0108724
 1051 0.48 0.283121 0.0108636
 1052 0.44 0.28327 0.0108543
 1053 0.6 0.283571 0.0108482
 1054 0.56 0.283833 0.0108411
 1055 0.52 0.284057 0.0108331
 1056 0.56 0.284318 0.010826
 1057 0.52 0.284541 0.010818
 1058 0.32 0.284575 0.0108079
 1059 0.16 0.284457 0.0107983
 1060 0.04 0.284226 0.0107906
 1061 0.12 0.284072 0.0107815
 1062 0.08 0.283879 0.0107731
 1063 0.16 0.283763 0.0107635
 1064 0.16 0.283647 0.0107541
 1065 0 0.28338 0.0107473
 1066 -0.08 0.283039 0.0107426
 1067 -0.2 0.282587 0.010742
 1068 -0.2 0.282135 0.0107415
 1069 -0.24 0.281646 0.0107425
 1070 -0.16 0.281234 0.0107404
 1071 -0.04 0.280934 0.0107346
 1072 -0.08 0.280597 0.0107299
 1073 -0.12 0.280224 0.0107264
 1074 0 0.279963 0.0107195
 1075 -0.12 0.279591 0.010716
 1076 -0.08 0.279257 0.0107113
 1077 0.04 0.279034 0.0107036
 1078 0.08 0.27885 0.0106953
 1079 0.08 0.278665 0.010687
 1080 0 0.278407 0.0106802
 1081 -0.2 0.277965 0.0106795
 1082 -0.08 0.277634 0.0106747
 1083 -0.08 0.277304 0.01067
 1084 -0.08 0.276974 0.0106652
 1085 -0.16 0.276571 0.010663
 1086 -0.2 0.276133 0.0106622
 1087 -0.16 0.275731 0.0106599
 1088 -0.2 0.275294 0.0106591
 1089 -0.16 0.274894 0.0106568
 1090 -0.08 0.274569 0.010652
 1091 -0.12 0.274207 0.0106484
 1092 0.12 0.274066 0.0106396
 1093 0.2 0.273998 0.0106301
 1094 0.36 0.274077 0.0106206
 1095 0.28 0.274082 0.0106109
 1096 0.44 0.274234 0.0106023
 1097 0.36 0.274312 0.0105929
 1098 0.44 0.274463 0.0105844
 1099 0.36 0.27454 0.010575
 1100 0.24 0.274509 0.0105654
 1101 0.32 0.27455 0.0105559
 1102 0.32 0.274592 0.0105464
 1103 0.28 0.274597 0.0105368
 1104 0.32 0.274638 0.0105274
 1105 0.08 0.274462 0.0105193
 1106 0.2 0.274394 0.01051
 1107 0.08 0.274219 0.010502
 1108 -0.08 0.273899 0.0104974
 1109 0.08 0.273724 0.0104894
 1110 0.12 0.273586 0.0104808
 1111 0 0.273339 0.0104743
 1112 0.08 0.273165 0.0104663
 1113 0.16 0.273064 0.0104574
 1114 0.04 0.272855 0.0104501
 1115 0.04 0.272646 0.0104428
 1116 -0.08 0.27233 0.0104382
 1117 0.08 0.272158 0.0104303
 1118 0.08 0.271986 0.0104224
 1119 0 0.271743 0.0104159
 1120 -0.32 0.271214 0.01042
 1121 -0.12 0.270865 0.0104166
 1122 -0.2 0.270446 0.0104157
 1123 -0.28 0.269955 0.010418
 1124 -0.36 0.269395 0.0104238
 1125 -0.36 0.268836 0.0104295
 1126 -0.24 0.268384 0.0104301
 1127 -0.2 0.267968 0.0104291
 1128 -0.16 0.267589 0.0104267
 1129 -0.24 0.267139 0.0104272
 1130 -0.36 0.266584 0.0104327
 1131 -0.44 0.265959 0.0104422
 1132 -0.44 0.265336 0.0104516
 1133 -0.48 0.264678 0.0104631
 1134 -0.48 0.264021 0.0104745
 1135 -0.32 0.263507 0.0104779
 1136 -0.24 0.263063 0.010478
 1137 -0.44 0.262445 0.010487
 1138 -0.4 0.261863 0.010494
 1139 -0.4 0.261282 0.0105009
 1140 -0.28 0.260807 0.0105024
 1141 -0.32 0.260298 0.0105055
 1142 -0.28 0.259825 0.010507
 1143 -0.32 0.259318 0.01051
 1144 -0.2 0.258916 0.0105085
 1145 -0.12 0.258585 0.0105045
 1146 0 0.25836 0.0104978
 1147 0.16 0.258274 0.010489
 1148 0.12 0.258153 0.0104805
 1149 0.2 0.258103 0.0104715
 1150 0.4 0.258226 0.0104631
 1151 0.36 0.258315 0.0104544
 1152 0.16 0.258229 0.0104457
 1153 0.28 0.258248 0.0104366
 1154 0.2 0.258198 0.0104277
 1155 0.28 0.258216 0.0104187
 1156 0.24 0.258201 0.0104097
 1157 0.32 0.258254 0.0104008
 1158 0.36 0.258342 0.0103922
 1159 0.48 0.258533 0.010385
 1160 0.4 0.258655 0.0103768
 1161 0.28 0.258674 0.0103679
 1162 0.28 0.258692 0.0103589
 1163 0.24 0.258676 0.01035
 1164 0.32 0.258729 0.0103413
 1165 0.32 0.258781 0.0103325
 1166 0.32 0.258834 0.0103238
 1167 0.32 0.258886 0.0103151
 1168 0.36 0.258973 0.0103066
 1169 0.48 0.259162 0.0102995
 1170 0.36 0.259248 0.0102911
 1171 0.28 0.259266 0.0102823
 1172 0.24 0.259249 0.0102735
 1173 0.24 0.259233 0.0102648
 1174 0.24 0.259216 0.0102561
 1175 0.12 0.259098 0.010248
 1176 0.2 0.259048 0.0102394
 1177 0.24 0.259031 0.0102307
 1178 0.28 0.259049 0.0102221
 1179 0.32 0.259101 0.0102135
 1180 0.16 0.259017 0.0102052
 1181 0.12 0.258899 0.0101972
 1182 0.04 0.258714 0.0101903
 1183 0.48 0.258901 0.0101834
 1184 0.56 0.259155 0.010178
 1185 0.52 0.259376 0.0101717
 1186 0.52 0.259595 0.0101655
 1187 0.56 0.259848 0.0101601
 1188 0.52 0.260067 0.0101539
 1189 0.56 0.26032 0.0101485
 1190 0.6 0.260605 0.010144
 1191 0.52 0.260823 0.0101378
 1192 0.4 0.26094 0.01013
 1193 0.44 0.26109 0.0101226
 1194 0.48 0.261273 0.0101158
 1195 0.44 0.261423 0.0101084
 1196 0.44 0.261572 0.0101011
 1197 0.4 0.261688 0.0100933
 1198 0.44 0.261836 0.010086
 1199 0.44 0.261985 0.0100786
 1200 0.4 0.2621 0.0100709
 1201 0.32 0.262148 0.0100626
 1202 0.36 0.26223 0.0100546
 1203 0.4 0.262344 0.0100469
 1204 0.44 0.262492 0.0100396
 1205 0.16 0.262407 0.0100316
 1206 0.04 0.262222 0.010025
 1207 -0.08 0.261939 0.0100207
 1208 -0.2 0.261556 0.0100197
 1209 -0.16 0.261208 0.0100175
 1210 -0.28 0.26076 0.0100192
 1211 -0.28 0.260314 0.0100209
 1212 -0.24 0.259901 0.0100211
 1213 -0.32 0.259423 0.0100243
 1214 -0.44 0.258847 0.0100325
 1215 -0.52 0.258206 0.0100448
 1216 -0.48 0.257599 0.0100548
 1217 -0.52 0.25696 0.0100669
 1218 -0.36 0.256453 0.0100714
 1219 -0.4 0.255915 0.0100775
 1220 -0.28 0.255475 0.0100788
 1221 -0.28 0.255037 0.0100801
 1222 -0.08 0.254763 0.0100756
 1223 0.16 0.254685 0.0100676
 1224 -0.04 0.254444 0.0100623
 1225 -0.16 0.254106 0.0100597
 1226 -0.16 0.253768 0.0100572
 1227 -0.2 0.253399 0.0100558
 1228 0 0.253192 0.0100497
 1229 0 0.252986 0.0100437
 1230 0 0.25278 0.0100376
 1231 -0.2 0.252413 0.0100362
 1232 -0.2 0.252045 0.0100348
 1233 -0.28 0.251614 0.0100359
 1234 -0.4 0.251086 0.0100417
 1235 -0.48 0.250494 0.010051
 1236 -0.44 0.249935 0.0100584
 1237 -0.56 0.249281 0.0100715
 1238 -0.48 0.248691 0.0100806
 1239 -0.56 0.248039 0.0100936
 1240 -0.36 0.247548 0.0100974
 1241 -0.52 0.24693 0.0101082
 1242 -0.44 0.246377 0.0101152
 1243 -0.4 0.245857 0.0101204
 1244 -0.4 0.245338 0.0101256
 1245 -0.44 0.244787 0.0101324
 1246 -0.32 0.244334 0.0101344
 1247 -0.4 0.243817 0.0101395
 1248 -0.2 0.243462 0.0101376
 1249 0.2 0.243427 0.0101295
 1250 0.2 0.243392 0.0101215
 1251 0.2 0.243357 0.0101134
 1252 0.2 0.243323 0.0101054
 1253 0.04 0.24316 0.0100986
 1254 0.08 0.24303 0.0100914
 1255 0.12 0.242932 0.0100839
 1256 0.16 0.242866 0.010076
 1257 0.2 0.242832 0.0100681
 1258 0.36 0.242925 0.0100605
 1259 0.44 0.243082 0.0100537
 1260 0.48 0.24327 0.0100475
 1261 0.52 0.243489 0.0100419
 1262 0.52 0.243708 0.0100364
 1263 0.4 0.243832 0.0100292
 1264 0.44 0.243987 0.0100224
 1265 0.44 0.244142 0.0100157
 1266 0.6 0.244423 0.0100118
 1267 0.6 0.244704 0.0100078
 1268 0.4 0.244826 0.0100006
 1269 0.48 0.245012 0.00999447
 1270 0.48 0.245197 0.00998831
 1271 0.44 0.24535 0.00998163
 1272 0.48 0.245535 0.00997548
 1273 0.52 0.24575 0.00996998
 1274 0.56 0.245997 0.0099652
 1275 0.52 0.246212 0.0099597
 1276 0.44 0.246364 0.00995305
 1277 0.4 0.246484 0.00994598
 1278 0.48 0.246667 0.00993987
 1279 0.4 0.246787 0.00993282
 1280 0.52 0.247 0.00992736
 1281 0.44 0.247151 0.00992075
 1282 0.44 0.247301 0.00991415
 1283 0.32 0.247358 0.00990658
 1284 0.4 0.247477 0.00989957
 1285 0.56 0.24772 0.00989486
 1286 0.48 0.2479 0.00988881
 1287 0.4 0.248019 0.00988183
 1288 0.6 0.248292 0.00987793
 1289 0.6 0.248565 0.00987404
 1290 0.52 0.248775 0.00986862
 1291 0.44 0.248923 0.00986209
 1292 0.28 0.248947 0.00985448
 1293 0.28 0.248971 0.00984689
 1294 0.28 0.248995 0.0098393
 1295 0.24 0.248988 0.00983171
 1296 0.16 0.24892 0.00982436
 1297 0.16 0.248851 0.00981702
 1298 0.16 0.248783 0.00980969
 1299 0.04 0.248622 0.00980345
 1300 0.12 0.248523 0.00979641
 1301 0.24 0.248517 0.00978888
 1302 0.12 0.248418 0.00978186
 1303 0.12 0.248319 0.00977484
 1304 0.2 0.248282 0.00976741
 1305 0.36 0.248368 0.0097603
 1306 0.52 0.248576 0.00975504
 1307 0.76 0.248967 0.00975543
 1308 0.72 0.249327 0.00975462
 1309 0.76 0.249717 0.00975497
 1310 0.88 0.250198 0.00975938
 1311 0.8 0.250618 0.00976095
 1312 0.68 0.250945 0.009759
 1313 0.68 0.251272 0.00975703
 1314 0.64 0.251568 0.00975409
 1315 0.64 0.251863 0.00975115
 1316 0.68 0.252188 0.00974917
 1317 0.88 0.252665 0.00975342
 1318 0.88 0.253141 0.00975763
 1319 0.84 0.253586 0.00976037
 1320 0.84 0.25403 0.00976309
 1321 0.72 0.254383 0.00976207
 1322 0.88 0.254856 0.00976616
 1323 0.84 0.255299 0.00976879
 1324 0.76 0.25568 0.00976885
 1325 0.68 0.256 0.00976673
 1326 0.76 0.25638 0.00976676
 1327 0.48 0.256549 0.00976085
 1328 0.52 0.256747 0.00975551
 1329 0.56 0.256975 0.00975084
 1330 0.52 0.257173 0.00974551
 1331 0.48 0.25734 0.00973963
 1332 0.32 0.257387 0.00973243
 1333 0.4 0.257494 0.00972571
 1334 0.4 0.257601 0.009719
 1335 0.4 0.257708 0.00971231
 1336 0.4 0.257814 0.00970562
 1337 0.44 0.257951 0.00969931
 1338 0.48 0.258117 0.00969348
 1339 0.44 0.258252 0.00968719
 1340 0.44 0.258388 0.00968091
 1341 0.24 0.258374 0.0096737
 1342 0.36 0.25845 0.00966678
 1343 0.4 0.258555 0.00966016
 1344 0.4 0.258661 0.00965354
 1345 0.36 0.258736 0.00964666
 1346 0.28 0.258752 0.0096395
 1347 0.32 0.258797 0.00963245
 1348 0.24 0.258783 0.00962531
 1349 0.28 0.258799 0.00961819
 1350 0.28 0.258815 0.00961107
 1351 0.28 0.25883 0.00960397
 1352 0.36 0.258905 0.00959715
 1353 0.36 0.25898 0.00959035
 1354 0.36 0.259055 0.00958355
 1355 0.36 0.259129 0.00957677
 1356 0.36 0.259204 0.00956999
 1357 0.44 0.259337 0.00956386
 1358 0.44 0.25947 0.00955774
 1359 0.44 0.259603 0.00955163
 1360 0.4 0.259706 0.00954517
 1361 0.4 0.259809 0.00953871
 1362 0.44 0.259941 0.00953262
 1363 0.6 0.260191 0.00952889
 1364 0.68 0.260499 0.00952687
 1365 0.68 0.260806 0.00952485
 1366 0.72 0.261142 0.00952381
 1367 0.92 0.261624 0.00952904
 1368 0.96 0.262135 0.00953574
 1369 0.72 0.262469 0.00953464
 1370 0.88 0.26292 0.00953834
 1371 0.8 0.263311 0.00953943
 1372 0.76 0.263673 0.00953934
 1373 0.84 0.264093 0.00954163
 1374 0.8 0.264483 0.00954266
 1375 0.88 0.264931 0.00954621
 1376 0.68 0.265233 0.00954404
 1377 0.44 0.265359 0.00953795
 1378 0.44 0.265486 0.00953187
 1379 0.44 0.265613 0.0095258
 1380 0.44 0.265739 0.00951973
 1381 0.4 0.265836 0.00951333
 1382 0.24 0.265818 0.00950646
 1383 0.08 0.265683 0.00950054
 1384 0.04 0.26552 0.00949507
 1385 0.04 0.265357 0.00948961
 1386 -0.04 0.265137 0.00948532
 1387 0 0.264946 0.00948041
 1388 -0.12 0.264669 0.00947763
 1389 -0.16 0.264363 0.00947574
 1390 -0.16 0.264058 0.00947384
 1391 -0.16 0.263753 0.00947194
 1392 -0.04 0.263534 0.00946764
 1393 -0.16 0.26323 0.00946573
 1394 -0.2 0.262898 0.00946477
 1395 -0.2 0.262566 0.0094638
 1396 -0.2 0.262235 0.00946282
 1397 -0.12 0.261961 0.00946001
 1398 -0.16 0.26166 0.00945805
 1399 -0.08 0.261415 0.00945445
 1400 -0.04 0.2612 0.00945014
 1401 0 0.261014 0.00944524
 1402 0.04 0.260856 0.00943981
 1403 0.08 0.260727 0.00943396
 1404 -0.04 0.260513 0.00942967
 1405 -0.04 0.260299 0.00942539
 1406 -0.12 0.260028 0.00942256
 1407 -0.12 0.259758 0.00941974
 1408 0.08 0.259631 0.00941391
 1409 0.16 0.25956 0.00940749
 1410 0.32 0.259603 0.00940092
 1411 0.28 0.259617 0.00939426
 1412 0.4 0.259717 0.00938813
 1413 0.4 0.259816 0.00938201
 1414 0.48 0.259972 0.00937667
 1415 0.52 0.260155 0.00937184
 1416 0.36 0.260226 0.00936549
 1417 0.28 0.26024 0.00935888
 1418 0.28 0.260254 0.00935229
 1419 0.28 0.260268 0.00934571
 1420 0.32 0.26031 0.00933922
 1421 0.36 0.26038 0.00933291
 1422 0.36 0.26045 0.00932661
 1423 0.24 0.260436 0.00932006
 1424 0.16 0.260365 0.00931378
 1425 0.08 0.260239 0.0093081
 1426 0 0.260056 0.00930336
 1427 -0.08 0.259818 0.0092999
 1428 0.08 0.259692 0.00929423
 1429 -0.08 0.259454 0.00929077
 1430 -0.08 0.259217 0.0092873
 1431 -0.04 0.259008 0.00928317
 1432 -0.08 0.258771 0.0092797
 1433 0 0.25859 0.00927498
 1434 0.08 0.258466 0.00926935
 1435 0.16 0.258397 0.00926314
 1436 0.12 0.258301 0.00925719
 1437 0.12 0.258205 0.00925125
 1438 0.16 0.258136 0.00924506
 1439 0.2 0.258096 0.00923873
 1440 0.08 0.257972 0.00923314
 1441 0.12 0.257876 0.00922722
 1442 -0.08 0.257642 0.0092238
 1443 -0.16 0.257353 0.00922195
 1444 -0.2 0.257036 0.009221
 1445 -0.16 0.256747 0.00921913
 1446 -0.24 0.256404 0.00921916
 1447 -0.08 0.256171 0.00921572
 1448 -0.48 0.255663 0.00922337
 1449 -0.32 0.255266 0.00922557
 1450 -0.28 0.254897 0.00922659
 1451 -0.12 0.254638 0.00922385
 1452 -0.16 0.254353 0.00922191
 1453 -0.08 0.254123 0.00921844
 1454 0 0.253948 0.00921375
 1455 0.2 0.253911 0.00920749
 1456 0.08 0.253791 0.00920194
 1457 0.12 0.253699 0.00919608
 1458 0.16 0.253635 0.00919
 1459 0.24 0.253626 0.0091837
 1460 0.16 0.253562 0.00917763
 1461 0.16 0.253498 0.00917157
 1462 0.32 0.253543 0.00916541
 1463 0.36 0.253616 0.00915943
 1464 0.28 0.253634 0.00915319
 1465 0.2 0.253597 0.00914702
 1466 0.24 0.253588 0.00914078
 1467 0.04 0.253442 0.00913571
 1468 -0.08 0.253215 0.00913231
 1469 0 0.253043 0.00912771
 1470 0.12 0.252952 0.00912195
 1471 0.24 0.252944 0.00911575
 1472 0.44 0.253071 0.00911044
 1473 0.48 0.253225 0.00910556
 1474 0.4 0.253324 0.00909993
 1475 0.4 0.253424 0.0090943
 1476 0.36 0.253496 0.00908842
 1477 0.48 0.253649 0.00908356
 1478 0.56 0.253857 0.00907978
 1479 0.56 0.254064 0.009076
 1480 0.44 0.254189 0.00907073
 1481 0.44 0.254315 0.00906548
 1482 0.4 0.254413 0.00905989
 1483 0.56 0.254619 0.00905612
 1484 0.36 0.25469 0.0090503
 1485 0.44 0.254815 0.00904506
 1486 0.28 0.254832 0.00903899
 1487 0.32 0.254876 0.00903301
 1488 0.28 0.254892 0.00902696
 1489 0.24 0.254882 0.0090209
 1490 0.2 0.254846 0.00901492
 1491 0 0.254675 0.00901049
 1492 0.16 0.254611 0.00900467
 1493 0.16 0.254548 0.00899886
 1494 0.12 0.254458 0.00899329
 1495 0.16 0.254395 0.00898749
 1496 -0.08 0.254171 0.00898426
 1497 0.32 0.254215 0.00897837
 1498 0.48 0.254366 0.00897364
 1499 0.44 0.25449 0.0089685
 1500 0.64 0.254747 0.00896621
 1501 0.56 0.25495 0.00896254
 1502 0.52 0.255126 0.00895831
 1503 0.52 0.255303 0.00895408
 1504 0.36 0.255372 0.0089484
 1505 0.28 0.255389 0.00894246
 1506 0.24 0.255378 0.00893653
 1507 0.36 0.255448 0.00893087
 1508 0.24 0.255438 0.00892495
 1509 0.28 0.255454 0.00891905
 1510 0.36 0.255523 0.00891341
 1511 0.12 0.255433 0.00890796
 1512 0.2 0.255397 0.00890214
 1513 0.2 0.25536 0.00889633
 1514 0.2 0.255324 0.00889053
 1515 0.48 0.255472 0.00888589
 1516 0.56 0.255673 0.0088823
 1517 0.64 0.255926 0.00888006
 1518 0.72 0.256232 0.00887947
 1519 0.6 0.256458 0.00887651
 1520 0.64 0.256711 0.00887426
 1521 0.64 0.256963 0.008872
 1522 0.56 0.257162 0.00886841
 1523 0.68 0.257439 0.00886693
 1524 0.52 0.257612 0.00886278
 1525 0.56 0.25781 0.00885919
 1526 0.72 0.258113 0.00885856
 1527 0.64 0.258363 0.00885629
 1528 0.6 0.258586 0.00885331
 1529 0.72 0.258888 0.00885267
 1530 0.64 0.259137 0.00885039
 1531 0.68 0.259412 0.00884887
 1532 0.72 0.259713 0.0088482
 1533 0.64 0.259961 0.00884591
 1534 0.44 0.260078 0.00884092
 1535 0.44 0.260195 0.00883594
 1536 0.68 0.260469 0.00883441
 1537 0.6 0.26069 0.00883142
 1538 0.32 0.260728 0.00882576
 1539 0.32 0.260767 0.00882011
 1540 0.4 0.260857 0.00881485
 1541 0.44 0.260973 0.00880989
 1542 0.48 0.261115 0.00880532
 1543 0.4 0.261205 0.00880007
 1544 0.36 0.261269 0.00879461
 1545 0.4 0.261359 0.00878937
 1546 0.4 0.261449 0.00878414
 1547 0.44 0.261564 0.00877922
 1548 0.28 0.261576 0.00877355
 1549 0.16 0.261511 0.00876813
 1550 0.24 0.261497 0.00876249
 1551 0.24 0.261483 0.00875685
 1552 0.28 0.261495 0.00875121
 1553 0.36 0.261558 0.0087458
 1554 0.28 0.26157 0.00874018
 1555 0.44 0.261685 0.00873531
 1556 0.36 0.261748 0.00872993
 1557 0.28 0.26176 0.00872432
 1558 0.24 0.261746 0.00871873
 1559 -0.04 0.261552 0.00871529
 1560 -0.12 0.261308 0.00871313
 1561 -0.16 0.261038 0.00871173
 1562 -0.24 0.260717 0.00871206
 1563 -0.44 0.260269 0.00871802
 1564 -0.44 0.259821 0.00872394
 1565 -0.48 0.259348 0.00873117
 1566 -0.56 0.258825 0.00874127
 1567 -0.6 0.258277 0.00875286
 1568 -0.52 0.257781 0.00876135
 1569 -0.48 0.25731 0.00876838
 1570 -0.4 0.256892 0.00877279
 1571 -0.4 0.256474 0.00877717
 1572 -0.48 0.256005 0.00878409
 1573 -0.48 0.255537 0.00879096
 1574 -0.4 0.255121 0.00879524
 1575 -0.44 0.254679 0.00880073
 1576 -0.4 0.254264 0.00880495
 1577 -0.2 0.253976 0.00880408
 1578 -0.08 0.253764 0.00880104
 1579 0 0.253604 0.00879693
 1580 -0.08 0.253392 0.0087939
 1581 0.04 0.253257 0.00878937
 1582 -0.08 0.253047 0.00878634
 1583 -0.28 0.25271 0.00878724
 1584 -0.2 0.252424 0.00878634
 1585 0 0.252265 0.00878224
 1586 0.16 0.252207 0.00877689
 1587 0.04 0.252073 0.00877238
 1588 0 0.251914 0.00876829
 1589 -0.08 0.251705 0.00876526
 1590 0.04 0.251572 0.00876076
 1591 0.12 0.25149 0.00875564
 1592 0.04 0.251357 0.00875115
 1593 0.08 0.251249 0.00874631
 1594 0.12 0.251167 0.00874121
 1595 0.08 0.25106 0.00873639
 1596 -0.04 0.250877 0.00873282
 1597 0 0.25072 0.00872876
 1598 0.04 0.250588 0.00872429
 1599 -0.16 0.250331 0.00872262
 1600 -0.08 0.250125 0.00871961
 1601 0 0.249969 0.00871556
 1602 0.04 0.249838 0.0087111
 1603 0.24 0.249832 0.00870567
 1604 0.36 0.2499 0.00870051
 1605 0.4 0.249994 0.00869559
 1606 0.44 0.250112 0.00869098
 1607 0.56 0.250305 0.00868771
 1608 0.52 0.250473 0.00868393
 1609 0.52 0.25064 0.00868015
 1610 0.48 0.250783 0.00867592
 1611 0.44 0.2509 0.00867133
 1612 0.44 0.251017 0.00866674
 1613 0.48 0.251159 0.00866253
 1614 0.52 0.251326 0.00865877
 1615 0.52 0.251492 0.008655
 1616 0.56 0.251683 0.00865175
 1617 0.6 0.251899 0.00864908
 1618 0.6 0.252114 0.00864641
 1619 0.48 0.252254 0.00864222
 1620 0.44 0.25237 0.00863766
 1621 0.8 0.252708 0.00863893
 1622 0.76 0.253021 0.00863927
 1623 0.84 0.253383 0.00864152
 1624 0.76 0.253695 0.00864183
 1625 0.84 0.254055 0.00864404
 1626 0.72 0.254342 0.00864347
 1627 0.76 0.254653 0.00864375
 1628 0.64 0.254889 0.00864168
 1629 0.76 0.2552 0.00864194
 1630 0.76 0.255509 0.00864219
 1631 0.56 0.255696 0.0086389
 1632 0.72 0.25598 0.00863829
 1633 0.52 0.256142 0.00863452
 1634 0.48 0.256279 0.00863032
 1635 0.52 0.25644 0.00862655
 1636 0.44 0.256553 0.008622
 1637 0.44 0.256665 0.00861746
 1638 0.44 0.256777 0.00861293
 1639 0.48 0.256913 0.00860875
 1640 0.44 0.257024 0.00860422
 1641 0.44 0.257136 0.0085997
 1642 0.44 0.257247 0.00859518
 1643 0.4 0.257334 0.00859039
 1644 0.28 0.257348 0.00858517
 1645 0.24 0.257337 0.00857996
 1646 0.2 0.257303 0.00857481
 1647 0.32 0.257341 0.00856969
 1648 0.16 0.257282 0.00856469
 1649 0 0.257126 0.00856092
 1650 0.2 0.257091 0.0085558
 1651 0.4 0.257177 0.00855105
 1652 0.52 0.257337 0.00854736
 1653 0.48 0.257471 0.00854325
 1654 0.6 0.257678 0.00854059
 1655 0.64 0.257909 0.00853855
 1656 0.64 0.25814 0.00853651
 1657 0.64 0.258371 0.00853447
 1658 0.64 0.258601 0.00853243
 1659 0.64 0.258831 0.00853038
 1660 0.64 0.25906 0.00852833
 1661 0.52 0.259217 0.00852465
 1662 0.48 0.25935 0.00852055
 1663 0.48 0.259483 0.00851646
 1664 0.36 0.259543 0.00851155
 1665 0.32 0.25958 0.00850652
 1666 0.28 0.259592 0.00850142
 1667 0.32 0.259628 0.0084964
 1668 0.36 0.259688 0.00849151
 1669 0.36 0.259748 0.00848664
 1670 0.52 0.259904 0.00848299
 1671 0.44 0.260012 0.00847859
 1672 0.44 0.26012 0.0084742
 1673 0.48 0.260251 0.00847016
 1674 0.44 0.260358 0.00846578
 1675 0.56 0.260537 0.00846261
 1676 0.36 0.260597 0.00845777
 1677 0.44 0.260704 0.0084534
 1678 0.52 0.260858 0.00844978
 1679 0.48 0.260989 0.00844575
 1680 0.4 0.261071 0.00844113
 1681 0.4 0.261154 0.00843651
 1682 0.32 0.261189 0.00843156
 1683 0.28 0.2612 0.00842656
 1684 0.36 0.261259 0.00842176
 1685 0.28 0.26127 0.00841677
 1686 0.08 0.261163 0.00841246
 1687 0.12 0.261079 0.00840789
 1688 0.2 0.261043 0.00840298
 1689 0.32 0.261078 0.00839808
 1690 0.2 0.261041 0.00839319
 1691 0.04 0.260911 0.00838924
 1692 0 0.260757 0.0083857
 1693 0.04 0.260626 0.00838176
 1694 0.04 0.260496 0.00837782
 1695 -0.2 0.260224 0.00837728
 1696 -0.16 0.259976 0.00837601
 1697 -0.04 0.2598 0.00837294
 1698 0.08 0.259694 0.00836867
 1699 -0.2 0.259423 0.00836812
 1700 -0.16 0.259176 0.00836684
 1701 -0.16 0.25893 0.00836555
 1702 -0.24 0.258637 0.00836577
 1703 -0.08 0.258438 0.00836322
 1704 -0.12 0.258216 0.00836126
 1705 -0.08 0.258018 0.00835871
 1706 -0.12 0.257796 0.00835675
 1707 -0.08 0.257598 0.00835419
 1708 0.12 0.257518 0.00834969
 1709 0.16 0.257461 0.008345
 1710 0.16 0.257404 0.00834031
 1711 0.08 0.2573 0.00833608
 1712 0 0.25715 0.00833256
 1713 -0.04 0.256976 0.0083295
 1714 -0.12 0.256756 0.00832755
 1715 -0.2 0.25649 0.00832695
 1716 -0.28 0.256177 0.00832797
 1717 -0.28 0.255865 0.00832897
 1718 -0.36 0.255506 0.00833184
 1719 -0.52 0.255055 0.0083392
 1720 -0.56 0.254581 0.00834781
 1721 -0.56 0.254108 0.00835638
 1722 -0.64 0.253589 0.00836765
 1723 -0.6 0.253093 0.00837745
 1724 -0.64 0.252575 0.0083886
 1725 -0.64 0.252058 0.00839969
 1726 -0.64 0.251541 0.00841071
 1727 -0.76 0.250955 0.00842623
 1728 -0.72 0.250394 0.00844007
 1729 -0.8 0.249786 0.00845704
 1730 -0.96 0.249087 0.00848103
 1731 -0.92 0.248411 0.00850299
 1732 -0.92 0.247737 0.00852481
 1733 -0.92 0.247063 0.0085465
 1734 -0.96 0.246367 0.00856989
 1735 -0.96 0.245671 0.00859312
 1736 -0.8 0.245069 0.00860927
 1737 -0.8 0.244467 0.00862532
 1738 -0.72 0.243913 0.0086382
 1739 -0.76 0.243335 0.00865251
 1740 -0.72 0.242782 0.00866524
 1741 -0.72 0.242229 0.0086779
 1742 -0.68 0.241699 0.00868906
 1743 -0.52 0.241262 0.00869506
 1744 -0.6 0.24078 0.00870345
 1745 -0.6 0.240298 0.0087118
 1746 -0.32 0.239977 0.00871272
 1747 -0.24 0.239702 0.00871206
 1748 -0.48 0.239291 0.00871681
 1749 -0.56 0.238834 0.0087238
 1750 -0.44 0.238446 0.00872744
 1751 -0.4 0.238081 0.00873007
 1752 -0.24 0.237808 0.00872935
 1753 -0.12 0.237604 0.00872676
 1754 0 0.237469 0.00872283
 1755 -0.04 0.237311 0.0087193
 1756 -0.04 0.237153 0.00871576
 1757 0 0.237018 0.00871184
 1758 -0.04 0.23686 0.00870831
 1759 -0.04 0.236703 0.00870478
 1760 -0.16 0.236477 0.00870276
 1761 -0.08 0.236298 0.00869967
 1762 0 0.236163 0.00869576
 1763 0.04 0.236052 0.00869154
 1764 0.2 0.236032 0.00868664
 1765 0.08 0.235943 0.00868216
 1766 0.08 0.235855 0.0086777
 1767 0.2 0.235835 0.00867281
 1768 0.24 0.235837 0.0086679
 1769 0.04 0.235726 0.00866371
 1770 0.2 0.235706 0.00865883
 1771 0.24 0.235709 0.00865394
 1772 0.36 0.235779 0.00864934
 1773 0.32 0.235826 0.00864459
 1774 0.28 0.235851 0.00863976
 1775 0.28 0.235876 0.00863492
 1776 0.28 0.235901 0.0086301
 1777 0.2 0.235881 0.00862526
 1778 0.16 0.235838 0.00862051
 1779 0.12 0.235773 0.00861591
 1780 0.08 0.235685 0.00861152
 1781 -0.08 0.235508 0.0086085
 1782 -0.16 0.235286 0.00860653
 1783 -0.24 0.23502 0.00860584
 1784 -0.32 0.234709 0.00860664
 1785 -0.44 0.234331 0.00861011
 1786 -0.32 0.23402 0.00861089
 1787 -0.4 0.233665 0.00861338
 1788 -0.56 0.233221 0.00861999
 1789 -0.44 0.232845 0.00862339
 1790 -0.48 0.232447 0.00862777
 1791 -0.12 0.23225 0.00862519
 1792 -0.24 0.231987 0.00862441
 1793 -0.36 0.231656 0.00862592
 1794 -0.2 0.231416 0.00862446
 1795 -0.16 0.231198 0.00862241
 1796 -0.12 0.231002 0.00861983
 1797 0 0.230874 0.00861599
 1798 -0.08 0.230701 0.00861293
 1799 0.08 0.230617 0.00860855
 1800 0 0.230489 0.00860472
 1801 0.04 0.230383 0.00860059
 1802 0.16 0.230344 0.00859591
 1803 0.04 0.230238 0.00859179
 1804 0.16 0.2302 0.00858711
 1805 0.52 0.23036 0.00858386
 1806 0.56 0.230543 0.00858104
 1807 0.72 0.230814 0.00858057
 1808 0.68 0.231062 0.00857942
 1809 0.56 0.231244 0.0085766
 1810 0.68 0.231492 0.00857545
 1811 0.68 0.231739 0.00857429
 1812 0.48 0.231876 0.00857065
 1813 0.56 0.232057 0.00856783
 1814 0.56 0.232238 0.00856502
 1815 0.48 0.232375 0.00856139
 1816 0.32 0.232423 0.00855681
 1817 0.16 0.232383 0.00855219
 1818 0.16 0.232343 0.00854758
 1819 0.16 0.232303 0.00854297
 1820 0.12 0.232242 0.0085385
 1821 0.04 0.232136 0.00853446
 1822 0.24 0.232141 0.00852977
 1823 0.12 0.232079 0.00852532
 1824 0.16 0.232039 0.00852073
 1825 0.16 0.232 0.00851615
 1826 0.16 0.231961 0.00851158
 1827 0.12 0.231899 0.00850714
 1828 0.24 0.231904 0.00850249
 1829 0.16 0.231864 0.00849793
 1830 0.12 0.231803 0.0084935
 1831 0.16 0.231764 0.00848895
 1832 0.08 0.231681 0.00848472
 1833 0.2 0.231664 0.00848011
 1834 0.24 0.231668 0.00847549
 1835 0.32 0.231717 0.008471
 1836 0.36 0.231786 0.00846668
 1837 0.4 0.231878 0.00846256
 1838 0.44 0.231991 0.00845871
 1839 0.36 0.232061 0.0084544
 1840 0.2 0.232043 0.00844982
 1841 0.2 0.232026 0.00844525
 1842 0.36 0.232096 0.00844095
 1843 0.24 0.2321 0.00843637
 1844 0.4 0.232191 0.00843228
 1845 0.4 0.232282 0.0084282
 1846 0.4 0.232373 0.00842413
 1847 0.2 0.232355 0.00841958
 1848 0.24 0.232359 0.00841503
 1849 0.12 0.232299 0.00841069
 1850 0.08 0.232216 0.00840655
 1851 0.04 0.232112 0.00840265
 1852 0.16 0.232073 0.0083982
 1853 -0.12 0.231883 0.00839582
 1854 -0.08 0.231715 0.00839297
 1855 -0.08 0.231547 0.00839013
 1856 -0.12 0.231358 0.00838775
 1857 -0.16 0.231147 0.00838588
 1858 -0.08 0.23098 0.00838304
 1859 -0.04 0.230834 0.00837979
 1860 -0.16 0.230624 0.00837792
 1861 -0.04 0.230478 0.00837468
 1862 0.08 0.230397 0.00837057
 1863 0.08 0.230317 0.00836647
 1864 0.32 0.230365 0.00836212
 1865 0.36 0.230434 0.00835792
 1866 0.44 0.230547 0.0083542
 1867 0.36 0.230616 0.00835001
 1868 0.08 0.230535 0.00834593
 1869 0 0.230412 0.00834237
 1870 0.12 0.230353 0.00833812
 1871 0 0.23023 0.00833457
 1872 -0.04 0.230085 0.00833137
 1873 -0.16 0.229877 0.00832952
 1874 -0.16 0.229669 0.00832767
 1875 -0.2 0.22944 0.00832639
 1876 -0.2 0.229211 0.00832509
 1877 -0.12 0.229025 0.00832274
 1878 -0.2 0.228797 0.00832144
 1879 -0.32 0.228505 0.00832214
 1880 -0.36 0.228191 0.0083236
 1881 -0.12 0.228006 0.00832123
 1882 0.08 0.227928 0.00831718
 1883 0.16 0.227892 0.00831284
 1884 0 0.227771 0.00830931
 1885 -0.24 0.227523 0.0083086
 1886 -0.36 0.227211 0.00831004
 1887 -0.4 0.226879 0.00831228
 1888 -0.52 0.226483 0.00831729
 1889 -0.24 0.226236 0.00831655
 1890 -0.28 0.225968 0.00831647
 1891 -0.28 0.225701 0.00831637
 1892 -0.28 0.225433 0.00831627
 1893 -0.24 0.225188 0.00831551
 1894 -0.24 0.224942 0.00831475
 1895 -0.24 0.224697 0.00831398
 1896 -0.12 0.224515 0.00831159
 1897 -0.08 0.224354 0.00830875
 1898 -0.16 0.224152 0.00830684
 1899 -0.08 0.223992 0.00830401
 1900 0 0.223874 0.00830048
 1901 -0.04 0.223735 0.00829727
 1902 -0.16 0.223533 0.00829536
 1903 -0.16 0.223332 0.00829345
 1904 -0.24 0.223088 0.00829267
 1905 -0.2 0.222866 0.00829129
 1906 -0.16 0.222665 0.00828937
 1907 -0.28 0.222402 0.00828921
 1908 -0.2 0.22218 0.00828783
 1909 -0.2 0.221959 0.00828643
 1910 -0.32 0.221675 0.00828695
 1911 -0.4 0.22135 0.008289
 1912 -0.44 0.221004 0.00829188
 1913 -0.28 0.220742 0.00829169
 1914 -0.24 0.220502 0.00829085
 1915 -0.24 0.220261 0.00829001
 1916 -0.08 0.220104 0.00828716
 1917 -0.04 0.219969 0.00828395
 1918 -0.08 0.219812 0.0082811
 1919 0.04 0.219719 0.00827732
 1920 0.16 0.219687 0.00827306
 1921 0.16 0.219656 0.00826881
 1922 0.24 0.219667 0.00826452
 1923 0.28 0.219698 0.00826028
 1924 0.2 0.219688 0.00825599
 1925 0.12 0.219636 0.00825186
 1926 0.24 0.219647 0.00824758
 1927 0.28 0.219678 0.00824336
 1928 0.08 0.219606 0.0082394
 1929 0.28 0.219637 0.00823519
 1930 0.28 0.219668 0.00823098
 1931 0.32 0.21972 0.00822688
 1932 0.48 0.219855 0.00822373
 1933 0.36 0.219928 0.00821979
 1934 0.4 0.220021 0.00821607
 1935 0.36 0.220093 0.00821214
 1936 0.36 0.220165 0.00820821
 1937 0.36 0.220237 0.00820429
 1938 0.24 0.220248 0.00820007
 1939 0.36 0.22032 0.00819615
 1940 0.24 0.22033 0.00819193
 1941 0.12 0.220278 0.00818787
 1942 0.16 0.220247 0.00818372
 1943 0.12 0.220196 0.00817967
 1944 0.24 0.220206 0.00817546
 1945 0.24 0.220216 0.00817127
 1946 0.48 0.220349 0.00816816
 1947 0.68 0.220586 0.00816737
 1948 0.72 0.220842 0.0081672
 1949 0.64 0.221057 0.00816584
 1950 0.8 0.221354 0.00816705
 1951 0.76 0.22163 0.00816753
 1952 0.8 0.221926 0.00816872
 1953 0.8 0.222222 0.0081699
 1954 0.84 0.222538 0.00817184
 1955 0.84 0.222854 0.00817376
 1956 0.8 0.223149 0.00817491
 1957 0.76 0.223424 0.00817534
 1958 0.76 0.223698 0.00817575
 1959 0.68 0.223931 0.0081749
 1960 0.92 0.224286 0.00817844
 1961 0.88 0.22462 0.00818111
 1962 0.8 0.224913 0.00818219
 1963 0.68 0.225145 0.00818131
 1964 0.4 0.225234 0.00817763
 1965 0.56 0.225405 0.00817524
 1966 0.48 0.225534 0.00817211
 1967 0.4 0.225623 0.00816843
 1968 0.6 0.225813 0.0081665
 1969 0.36 0.225881 0.00816263
 1970 0.4 0.22597 0.00815897
 1971 0.4 0.226058 0.0081553
 1972 0.32 0.226105 0.00815131
 1973 0.24 0.226113 0.00814718
 1974 0.12 0.226059 0.00814323
 1975 0.16 0.226025 0.00813917
 1976 0.32 0.226073 0.00813519
 1977 0.32 0.22612 0.00813121
 1978 0.4 0.226208 0.00812758
 1979 0.44 0.226316 0.00812419
 1980 0.32 0.226364 0.00812022
 1981 0.44 0.226471 0.00811684
 1982 0.52 0.22662 0.00811409
 1983 0.48 0.226747 0.008111
 1984 0.52 0.226895 0.00810826
 1985 0.64 0.227103 0.00810685
 1986 0.56 0.227271 0.0081045
 1987 0.48 0.227398 0.00810142
 1988 0.64 0.227606 0.0081
 1989 0.52 0.227753 0.00809726
 1990 0.52 0.227899 0.00809452
 1991 0.28 0.227926 0.0080905
 1992 0.2 0.227912 0.00808645
 1993 0.12 0.227858 0.00808257
 1994 -0.08 0.227703 0.00807999
 1995 -0.12 0.227529 0.00807782
 1996 0 0.227415 0.00807458
 1997 0.04 0.227321 0.00807108
 1998 0.08 0.227247 0.00806738
 1999 0 0.227134 0.00806414
 2000 -0.12 0.22696 0.00806198
