 1 1.16364 1.16364 0
 2 0 0.581818 0.581818
 3 0.290909 0.484848 0.349629
 4 0.290909 0.436364 0.251935
 5 1.16364 0.581818 0.243392
 6 1.16364 0.678788 0.221125
 7 2.61818 0.955844 0.334195
 8 3.56364 1.28182 0.435917
 9 0.654545 1.21212 0.390709
 10 2.61818 1.35273 0.376687
 11 3.56364 1.55372 0.395591
 12 0.654545 1.47879 0.368815
 13 0 1.36503 0.357823
 14 0.0727273 1.27273 0.3439
 15 0.0727273 1.19273 0.329997
 16 0 1.11818 0.317558
 17 1.81818 1.15936 0.301122
 18 2.61818 1.2404 0.295242
 19 5.89091 1.48517 0.371351
 20 7.27273 1.77455 0.455907
 21 14.2545 2.36883 0.735684
 22 14.2545 2.90909 0.885386
 23 14.2545 3.40237 0.979321
 24 14.2545 3.85455 1.04096
 25 12.2909 4.192 1.05394
 26 7.27273 4.31049 1.0195
 27 26.2545 5.12323 1.27395
 28 29.0909 5.97922 1.49658
 29 18.6182 6.41505 1.50838
 30 14.2545 6.67636 1.48048
 31 21.0182 7.139 1.50481
 32 7.27273 7.14318 1.45703
 33 7.27273 7.14711 1.41219
 34 2.61818 7.0139 1.37649
 35 5.89091 6.98182 1.33697
 36 5.89091 6.95152 1.29965
 37 3.56364 6.85995 1.26735
 38 4.65455 6.80191 1.23491
 39 5.89091 6.77855 1.20306
 40 2.61818 6.67455 1.1772
 41 1.81818 6.5561 1.15422
 42 0.654545 6.41558 1.13514
 43 0.0727273 6.26808 1.1182
 44 0.290909 6.13223 1.1009
 45 0.290909 6.00242 1.08396
 46 1.16364 5.89723 1.06534
 47 5.89091 5.8971 1.04243
 48 2.61818 5.82879 1.02276
 49 4.65455 5.80482 1.00196
 50 0.290909 5.69455 0.987888
 51 0.0727273 5.58431 0.974578
 52 0.654545 5.48951 0.960343
 53 7.27273 5.52316 0.94265
 54 7.27273 5.55556 0.925596
 55 12.2909 5.67802 0.916827
 56 5.89091 5.68182 0.900314
 57 5.89091 5.68549 0.884385
 58 7.27273 5.71285 0.869434
 59 14.2545 5.85763 0.866748
 60 12.2909 5.96485 0.858898
 61 14.2545 6.10075 0.855562
 62 12.2909 6.20059 0.847551
 63 10.4727 6.2684 0.836742
 64 7.27273 6.28409 0.823713
 65 5.89091 6.27804 0.810964
 66 2.61818 6.22259 0.800506
 67 5.89091 6.21764 0.788483
 68 1.81818 6.15294 0.77949
 69 8.8 6.1913 0.769068
 70 3.56364 6.15377 0.75893
 71 0 6.06709 0.753169
 72 4.65455 6.04747 0.742893
 73 3.56364 6.01345 0.733436
 74 4.65455 5.99509 0.72369
 75 0.654545 5.92388 0.717517
 76 1.16364 5.86124 0.710778
 77 0.0727273 5.78607 0.705503
 78 0.290909 5.71562 0.699954
 79 0 5.64327 0.694814
 80 0.0727273 5.57364 0.689599
 81 1.16364 5.51919 0.683205
 82 1.81818 5.47406 0.676329
 83 2.61818 5.43965 0.669016
 84 2.61818 5.40606 0.661857
 85 0.0727273 5.34332 0.657027
 86 0.0727273 5.28203 0.652228
 87 0.0727273 5.22215 0.647462
 88 1.16364 5.17603 0.641722
 89 0.290909 5.12114 0.63684
 90 1.16364 5.07717 0.631258
 91 0 5.02138 0.62677
 92 0 4.9668 0.622318
 93 4.65455 4.96344 0.6156
 94 5.89091 4.97331 0.609095
 95 4.65455 4.96995 0.602659
 96 1.16364 4.9303 0.597665
 97 2.61818 4.90647 0.591951
 98 0.0727273 4.85714 0.587953
 99 1.16364 4.81983 0.583178
 100 2.61818 4.79782 0.577736
 101 2.61818 4.77624 0.572395
 102 0.290909 4.73226 0.568458
 103 0.654545 4.69267 0.564303
 104 1.16364 4.65874 0.55988
 105 1.16364 4.62545 0.55552
 106 0.654545 4.58799 0.551528
 107 3.56364 4.57842 0.546433
 108 4.65455 4.57912 0.54135
 109 4.65455 4.57982 0.536361
 110 7.27273 4.6043 0.532026
 111 8.8 4.6421 0.528565
 112 3.56364 4.63247 0.523913
 113 1.81818 4.60756 0.519853
 114 8.8 4.64434 0.516583
 115 16.3636 4.74625 0.522113
 116 18.6182 4.86583 0.531228
 117 18.6182 4.98337 0.539625
 118 10.4727 5.02989 0.537051
 119 10.4727 5.07563 0.534479
 120 8.8 5.10667 0.530914
 121 21.0182 5.23817 0.542682
 122 8.8 5.26736 0.539006
 123 18.6182 5.37591 0.545514
 124 8.8 5.40352 0.541801
 125 16.3636 5.4912 0.544554
 126 14.2545 5.56075 0.544674
 127 2.61818 5.53758 0.540865
 128 10.4727 5.57614 0.538006
 129 8.8 5.60113 0.534404
 130 8.8 5.62573 0.530847
 131 10.4727 5.66273 0.528077
 132 8.8 5.6865 0.5246
 133 4.65455 5.67874 0.520699
 134 1.81818 5.64993 0.517601
 135 0.654545 5.61293 0.515083
 136 0.654545 5.57647 0.51258
 137 0.290909 5.53789 0.510285
 138 0.290909 5.49987 0.507999
 139 0.0727273 5.46082 0.50584
 140 0 5.42182 0.503727
 141 0.654545 5.38801 0.501283
 142 0.0727273 5.35058 0.499146
 143 0.654545 5.31774 0.496729
 144 1.16364 5.28889 0.494111
 145 1.16364 5.26044 0.491515
 146 1.16364 5.23238 0.488943
 147 1.16364 5.2047 0.486394
 148 0.290909 5.1715 0.484236
 149 3.56364 5.16071 0.481096
 150 7.27273 5.17479 0.478085
 151 7.27273 5.18868 0.475112
 152 12.2909 5.23541 0.474283
 153 16.3636 5.30814 0.476753
 154 14.2545 5.36623 0.477197
 155 10.4727 5.39918 0.475251
 156 12.2909 5.44336 0.474257
 157 18.6182 5.52727 0.47864
 158 23.5636 5.64143 0.489109
 159 32.0727 5.80766 0.513666
 160 41.8909 6.03318 0.558045
 161 45.4545 6.27804 0.606216
 162 35.2 6.45657 0.628359
 163 35.2 6.63291 0.648911
 164 32.0727 6.78803 0.663335
 165 38.4727 6.98006 0.686698
 166 35.2 7.15005 0.703401
 167 35.2 7.31802 0.719068
 168 29.0909 7.44762 0.72643
 169 29.0909 7.57569 0.733387
 170 26.2545 7.68556 0.737293
 171 21.0182 7.76353 0.737104
 172 23.5636 7.85539 0.738541
 173 18.6182 7.9176 0.736891
 174 26.2545 8.02299 0.740184
 175 21.0182 8.09725 0.739679
 176 16.3636 8.14421 0.736963
 177 7.27273 8.13929 0.732804
 178 2.61818 8.10827 0.729335
 179 5.89091 8.09589 0.725355
 180 5.89091 8.08364 0.721418
 181 4.65455 8.06469 0.717671
 182 4.65455 8.04595 0.713963
 183 8.8 8.05007 0.710063
 184 14.2545 8.08379 0.706998
 185 10.4727 8.09671 0.703284
 186 8.8 8.10049 0.699503
 187 10.4727 8.11317 0.695868
 188 10.4727 8.12573 0.692271
 189 5.89091 8.1139 0.6887
 190 8.8 8.11751 0.685075
 191 8.8 8.12109 0.681488
 192 1.16364 8.08485 0.678897
 193 0.654545 8.04635 0.676467
 194 1.81818 8.01425 0.673736
 195 3.56364 7.99142 0.670661
 196 8.8 7.99555 0.667243
 197 18.6182 8.04947 0.666034
 198 14.2545 8.08081 0.663402
 199 16.3636 8.12243 0.661371
 200 14.2545 8.15309 0.658769
 201 12.2909 8.17368 0.655807
 202 3.56364 8.15086 0.652951
 203 2.61818 8.1236 0.650298
 204 3.56364 8.10125 0.647489
 205 1.81818 8.0706 0.645051
 206 1.81818 8.04025 0.642629
 207 2.61818 8.01405 0.640053
 208 4.65455 7.9979 0.637173
 209 4.65455 7.98191 0.634319
 210 4.65455 7.96606 0.63149
 211 5.89091 7.95623 0.628567
 212 5.89091 7.94648 0.625671
 213 7.27273 7.94332 0.622735
 214 2.61818 7.91844 0.620317
 215 3.56364 7.89818 0.617757
 216 1.81818 7.87003 0.615535
 217 0.654545 7.83678 0.613593
 218 0 7.80083 0.611829
 219 0.0727273 7.76555 0.61005
 220 0 7.73025 0.608296
 221 0.290909 7.69659 0.606472
 222 1.81818 7.67011 0.604315
 223 5.89091 7.66213 0.601652
 224 8.8 7.66721 0.598981
 225 4.65455 7.65382 0.596463
 226 1.81818 7.628 0.594379
 227 2.61818 7.60593 0.592167
 228 7.27273 7.60447 0.589565
 229 3.56364 7.58682 0.58725
 230 0.290909 7.5551 0.585551
 231 0.0727273 7.52271 0.58391
 232 0.290909 7.49154 0.582223
 233 2.61818 7.47062 0.580096
 234 0.290909 7.43994 0.578426
 235 0.290909 7.40952 0.576762
 236 2.61818 7.38921 0.574672
 237 0.290909 7.35926 0.573025
 238 0.654545 7.33109 0.571307
 239 0.654545 7.30316 0.569597
 240 0.290909 7.27394 0.567971
 241 0 7.24376 0.566414
 242 0.654545 7.21653 0.564726
 243 3.56364 7.2015 0.562598
 244 0.654545 7.17466 0.560929
 245 1.81818 7.1528 0.559063
 246 0.290909 7.12491 0.557484
 247 1.81818 7.10342 0.555638
 248 2.61818 7.08534 0.553688
 249 7.27273 7.08609 0.551461
 250 5.89091 7.08131 0.549271
 251 0.654545 7.0557 0.547677
 252 2.61818 7.0381 0.545784
 253 1.81818 7.01746 0.544014
 254 3.56364 7.00387 0.542038
 255 2.61818 6.98667 0.540182
 256 2.61818 6.9696 0.538338
 257 1.81818 6.94956 0.536614
 258 3.56364 6.93643 0.534691
 259 2.61818 6.91976 0.532884
 260 8.8 6.92699 0.530879
 261 8.8 6.93417 0.52889
 262 3.56364 6.9213 0.527025
 263 1.81818 6.9019 0.525375
 264 2.61818 6.88567 0.523633
 265 0.290909 6.86079 0.522247
 266 0.654545 6.83746 0.520802
 267 0.290909 6.81294 0.519427
 268 0 6.78752 0.518109
 269 1.16364 6.76661 0.516603
 270 1.16364 6.74586 0.515104
 271 0.0727273 6.72123 0.51379
 272 1.81818 6.70321 0.512215
 273 0.290909 6.67972 0.510876
 274 0.0727273 6.65561 0.509579
 275 1.16364 6.63564 0.508115
 276 0.0727273 6.61186 0.506829
 277 0.290909 6.58904 0.505511
 278 0.0727273 6.5656 0.504235
 279 0.290909 6.54311 0.502927
 280 1.81818 6.52623 0.501412
 281 1.16364 6.50715 0.499988
 282 0.654545 6.4864 0.498644
 283 0.0727273 6.46373 0.497396
 284 0 6.44097 0.496164
 285 0.0727273 6.41863 0.494924
 286 0.0727273 6.39644 0.49369
 287 1.16364 6.37821 0.492304
 288 1.16364 6.3601 0.490926
 289 2.61818 6.34715 0.489396
 290 1.81818 6.33154 0.487955
 291 1.81818 6.31603 0.486523
 292 0.654545 6.29664 0.485241
 293 5.89091 6.29525 0.483584
 294 12.2909 6.31565 0.482368
 295 10.4727 6.32974 0.480936
 296 8.8 6.33808 0.479381
 297 8.8 6.34637 0.477836
 298 10.4727 6.36022 0.476432
 299 12.2909 6.38005 0.47525
 300 10.4727 6.3937 0.473859
 301 4.65455 6.38792 0.472318
 302 0.290909 6.36773 0.471184
 303 1.16364 6.35056 0.46994
 304 3.56364 6.34139 0.468481
 305 3.56364 6.33228 0.467032
 306 5.89091 6.33084 0.465505
 307 0.654545 6.31235 0.464355
 308 1.16364 6.29563 0.463146
 309 0.654545 6.27738 0.462006
 310 0.654545 6.25924 0.46087
 311 0 6.23911 0.459827
 312 0.290909 6.22005 0.458747
 313 0.0727273 6.20041 0.4577
 314 3.56364 6.19201 0.456318
 315 3.56364 6.18367 0.454943
 316 10.4727 6.19724 0.453704
 317 12.2909 6.21646 0.452679
 318 10.4727 6.22985 0.451452
 319 3.56364 6.22149 0.450112
 320 8.8 6.22955 0.448775
 321 5.89091 6.22849 0.447376
 322 1.81818 6.21479 0.446195
 323 7.27273 6.21807 0.444824
 324 12.2909 6.23681 0.443845
 325 12.2909 6.25544 0.442869
 326 10.4727 6.26838 0.441698
 327 7.27273 6.27145 0.440356
 328 4.65455 6.26652 0.439039
 329 0.654545 6.24946 0.438034
 330 0.290909 6.2314 0.437078
 331 0.290909 6.21346 0.436125
 332 0.654545 6.19671 0.435132
 333 1.16364 6.1816 0.434086
 334 1.16364 6.16658 0.433045
 335 2.61818 6.15598 0.431881
 336 3.56364 6.14827 0.430662
 337 0.654545 6.13197 0.429692
 338 2.61818 6.12157 0.428545
 339 1.81818 6.10888 0.427467
 340 4.65455 6.1046 0.42623
 341 1.81818 6.09203 0.425164
 342 0.654545 6.07613 0.424217
 343 1.81818 6.06372 0.42316
 344 4.65455 6.05962 0.421948
 345 2.61818 6.04964 0.420842
 346 1.81818 6.03741 0.419802
 347 2.61818 6.02756 0.418706
 348 1.16364 6.01358 0.417735
 349 0.654545 5.99823 0.41682
 350 0.654545 5.98296 0.415907
 351 0 5.96592 0.415071
 352 1.16364 5.95227 0.414115
 353 1.81818 5.94056 0.413106
 354 0.654545 5.92563 0.412208
 355 0.290909 5.90976 0.411352
 356 0.654545 5.89499 0.41046
 357 2.61818 5.88582 0.409411
 358 0.654545 5.8712 0.408528
 359 1.16364 5.85809 0.407599
 360 0.654545 5.84364 0.406722
 361 0.654545 5.82926 0.405849
 362 0.290909 5.81396 0.405015
 363 0 5.79795 0.404215
 364 0.654545 5.78382 0.403351
 365 0.654545 5.76976 0.40249
 366 0.654545 5.75579 0.401632
 367 1.81818 5.74506 0.400679
 368 3.56364 5.73913 0.399633
 369 1.81818 5.7285 0.39869
 370 1.81818 5.71794 0.397752
 371 1.81818 5.70742 0.396817
 372 0.290909 5.69286 0.396017
 373 0.290909 5.67838 0.395219
 374 0.0727273 5.66339 0.394446
 375 0 5.64829 0.393683
 376 0.290909 5.63404 0.392893
 377 1.16364 5.62218 0.392028
 378 0.290909 5.60808 0.391244
 379 0.0727273 5.59348 0.390484
 380 1.16364 5.58182 0.389629
 381 0.290909 5.56793 0.388853
 382 0.654545 5.55507 0.388047
 383 0.654545 5.54227 0.387244
 384 1.81818 5.53258 0.386356
 385 1.81818 5.52293 0.385472
 386 5.89091 5.52388 0.384473
 387 12.2909 5.54137 0.383877
 388 5.89091 5.54227 0.382887
 389 2.61818 5.53475 0.381976
 390 14.2545 5.55711 0.381651
 391 7.27273 5.5615 0.380699
 392 7.27273 5.56586 0.379751
 393 8.8 5.57409 0.378873
 394 8.8 5.58228 0.377999
 395 8.8 5.59043 0.377129
 396 4.65455 5.58806 0.376183
 397 1.16364 5.57692 0.375399
 398 1.16364 5.56583 0.374619
 399 1.16364 5.5548 0.373842
 400 1.16364 5.54382 0.373068
 401 1.81818 5.53453 0.372252
 402 1.81818 5.52528 0.37144
 403 0 5.51157 0.370771
 404 0.0727273 5.49811 0.370097
 405 0.290909 5.48525 0.369406
 406 0.654545 5.47335 0.368687
 407 5.89091 5.47438 0.367781
 408 7.27273 5.47879 0.366905
 409 12.2909 5.49544 0.366386
 410 7.27273 5.49978 0.365517
 411 8.8 5.50781 0.364715
 412 12.2909 5.52427 0.364201
 413 10.4727 5.53625 0.363515
 414 10.4727 5.54818 0.362832
 415 14.2545 5.56916 0.362564
 416 12.2909 5.58531 0.362052
 417 8.8 5.59302 0.361265
 418 4.65455 5.59078 0.360407
 419 5.89091 5.59149 0.359547
 420 5.89091 5.59221 0.35869
 421 10.4727 5.6038 0.358025
 422 12.2909 5.61965 0.357527
 423 10.4727 5.63112 0.356865
 424 7.27273 5.63499 0.356044
 425 7.27273 5.63884 0.355226
 426 8.8 5.64627 0.354469
 427 10.4727 5.65757 0.353818
 428 10.4727 5.66882 0.35317
 429 12.2909 5.68426 0.352683
 430 12.2909 5.69962 0.352198
 431 14.2545 5.71947 0.35194
 432 16.3636 5.74411 0.351987
 433 18.6182 5.77384 0.35243
 434 8.8 5.78081 0.351686
 435 12.2909 5.79578 0.351196
 436 14.2545 5.81518 0.350926
 437 18.6182 5.84448 0.351346
 438 16.3636 5.86849 0.351364
 439 8.8 5.87517 0.350627
 440 12.2909 5.88975 0.350133
 441 16.3636 5.9135 0.350144
 442 10.4727 5.92382 0.349503
 443 10.4727 5.93409 0.348865
 444 14.2545 5.95283 0.348582
 445 18.6182 5.98129 0.348961
 446 7.27273 5.98418 0.348189
 447 3.56364 5.97877 0.347452
 448 4.65455 5.97581 0.346688
 449 5.89091 5.97562 0.345915
 450 8.8 5.9819 0.345202
 451 10.4727 5.99186 0.34458
 452 8.8 5.99807 0.343873
 453 10.4727 6.00795 0.343255
 454 10.4727 6.01778 0.342639
 455 8.8 6.0239 0.34194
 456 14.2545 6.04195 0.341667
 457 5.89091 6.04162 0.340918
 458 8.8 6.04764 0.340226
 459 12.2909 6.06124 0.339757
 460 18.6182 6.08854 0.340115
 461 23.5636 6.12644 0.341487
 462 14.2545 6.14404 0.3412
 463 14.2545 6.16156 0.340913
 464 10.4727 6.17085 0.340304
 465 8.8 6.1765 0.339619
 466 5.89091 6.17589 0.33889
 467 3.56364 6.17029 0.33821
 468 2.61818 6.1627 0.337572
 469 7.27273 6.16507 0.336859
 470 7.27273 6.16743 0.33615
 471 4.65455 6.16422 0.335451
 472 5.89091 6.16364 0.33474
 473 4.65455 6.16045 0.334047
 474 4.65455 6.15727 0.333357
 475 8.8 6.16283 0.3327
 476 4.65455 6.15966 0.332016
 477 3.56364 6.15422 0.331364
 478 8.8 6.15976 0.330716
 479 4.65455 6.15661 0.33004
 480 5.89091 6.15606 0.329352
 481 5.89091 6.15551 0.328667
 482 7.27273 6.15783 0.327993
 483 8.8 6.1633 0.327359
 484 8.8 6.16875 0.326727
 485 5.89091 6.16817 0.326053
 486 5.89091 6.1676 0.325382
 487 4.65455 6.1645 0.324728
 488 4.65455 6.1614 0.324077
 489 1.16364 6.15118 0.323575
 490 1.16364 6.141 0.323074
 491 1.81818 6.1322 0.322536
 492 0.654545 6.12106 0.322072
 493 0.290909 6.10924 0.321636
 494 1.16364 6.09923 0.32114
 495 0 6.08691 0.320727
 496 0.654545 6.07595 0.320267
 497 1.16364 6.06607 0.319775
 498 0.290909 6.05447 0.319343
 499 2.61818 6.04759 0.318777
 500 5.89091 6.04727 0.318139
 501 1.16364 6.03752 0.317653
 502 1.81818 6.02912 0.317131
 503 5.89091 6.02885 0.3165
 504 10.4727 6.03766 0.315994
 505 16.3636 6.05811 0.31603
 506 14.2545 6.07431 0.31582
 507 10.4727 6.08298 0.315316
 508 10.4727 6.09162 0.314814
 509 10.4727 6.10023 0.314312
 510 8.8 6.10553 0.31374
 511 10.4727 6.11407 0.313242
 512 7.27273 6.11634 0.312638
 513 7.27273 6.11859 0.312036
 514 14.2545 6.13442 0.31183
 515 16.3636 6.15428 0.311857
 516 12.2909 6.16617 0.31148
 517 5.89091 6.16564 0.310877
 518 4.65455 6.16272 0.31029
 519 8.8 6.16781 0.309733
 520 16.3636 6.18741 0.309758
 521 18.6182 6.21127 0.310082
 522 14.2545 6.22668 0.309871
 523 16.3636 6.24606 0.309885
 524 21.0182 6.27425 0.310575
 525 18.6182 6.29777 0.310873
 526 18.6182 6.32119 0.311164
 527 16.3636 6.34024 0.311158
 528 12.2909 6.35152 0.310772
 529 12.2909 6.36274 0.310387
 530 12.2909 6.37393 0.310003
 531 7.27273 6.37562 0.309423
 532 7.27273 6.37731 0.308846
 533 7.27273 6.37899 0.30827
 534 10.4727 6.38665 0.307788
 535 8.8 6.39116 0.307245
 536 12.2909 6.40217 0.306869
 537 10.4727 6.40975 0.306391
 538 14.2545 6.42433 0.306168
 539 12.2909 6.43522 0.305793
 540 14.2545 6.4497 0.30557
 541 8.8 6.45404 0.305035
 542 1.81818 6.44549 0.304592
 543 0.654545 6.43482 0.304218
 544 0 6.42299 0.303888
 545 0.290909 6.41174 0.303539
 546 0.0727273 6.40013 0.303205
 547 0 6.38843 0.302876
 548 0.0727273 6.37691 0.302542
 549 0.290909 6.36582 0.302194
 550 1.81818 6.35755 0.301757
 551 1.81818 6.34932 0.301322
 552 0.290909 6.33834 0.300976
 553 0.0727273 6.32701 0.300645
 554 0.290909 6.31611 0.300299
 555 4.65455 6.31312 0.299772
 556 12.2909 6.32387 0.299426
 557 12.2909 6.33458 0.29908
 558 10.4727 6.342 0.298635
 559 8.8 6.3464 0.298133
 560 5.89091 6.34558 0.297601
 561 10.4727 6.35294 0.297161
 562 3.56364 6.34798 0.296674
 563 3.56364 6.34303 0.296188
 564 7.27273 6.34468 0.295667
 565 4.65455 6.34169 0.295158
 566 7.27273 6.34333 0.294641
 567 2.61818 6.33676 0.294194
 568 0.290909 6.32612 0.293868
 569 1.16364 6.31705 0.293492
 570 0.0727273 6.30609 0.293181
 571 0.0727273 6.29518 0.292871
 572 0.290909 6.28468 0.292547
 573 0.290909 6.27422 0.292223
 574 4.65455 6.2714 0.291727
 575 3.56364 6.26669 0.291257
 576 8.8 6.27109 0.290784
 577 3.56364 6.26639 0.290318
 578 7.27273 6.26813 0.289821
 579 3.56364 6.26346 0.289357
 580 4.65455 6.26069 0.288871
 581 10.4727 6.26794 0.288465
 582 8.8 6.27229 0.288002
 583 5.89091 6.27164 0.287508
 584 7.27273 6.27335 0.28702
 585 8.8 6.27767 0.286562
 586 3.56364 6.27304 0.28611
 587 7.27273 6.27474 0.285627
 588 7.27273 6.27644 0.285146
 589 7.27273 6.27813 0.284666
 590 14.2545 6.29165 0.284505
 591 16.3636 6.30869 0.284534
 592 14.2545 6.32211 0.28437
 593 21.0182 6.3469 0.28497
 594 14.2545 6.36021 0.284801
 595 12.2909 6.37018 0.284496
 596 8.8 6.37425 0.284048
 597 5.89091 6.37344 0.283573
 598 3.56364 6.36874 0.283137
 599 2.61818 6.36248 0.282733
 600 0.290909 6.35236 0.282443
 601 0.290909 6.34228 0.282153
 602 1.16364 6.33368 0.281815
 603 1.81818 6.32619 0.281447
 604 1.16364 6.31764 0.281111
 605 1.81818 6.3102 0.280744
 606 4.65455 6.30747 0.280294
 607 7.27273 6.30906 0.279836
 608 3.56364 6.30455 0.279412
 609 4.65455 6.30184 0.278966
 610 7.27273 6.30343 0.278513
 611 16.3636 6.31989 0.278544
 612 18.6182 6.33999 0.278814
 613 10.4727 6.34673 0.27844
 614 12.2909 6.35641 0.278155
 615 16.3636 6.37268 0.278178
 616 7.27273 6.37414 0.27773
 617 7.27273 6.3756 0.277284
 618 10.4727 6.38223 0.276914
 619 16.3636 6.39836 0.276936
 620 14.2545 6.41103 0.276779
 621 10.4727 6.41757 0.27641
 622 14.2545 6.43017 0.276253
 623 14.2545 6.44273 0.276095
 624 14.2545 6.45524 0.275937
 625 21.0182 6.47855 0.276478
 626 23.5636 6.50584 0.277382
 627 14.2545 6.5182 0.277215
 628 10.4727 6.52449 0.276845
 629 16.3636 6.54014 0.276847
 630 18.6182 6.55931 0.277071
 631 23.5636 6.58626 0.277941
 632 12.2909 6.59528 0.277648
 633 18.6182 6.61428 0.277859
 634 18.6182 6.63321 0.278065
 635 8.8 6.63662 0.277648
 636 2.61818 6.6303 0.277283
 637 1.81818 6.62275 0.276951
 638 2.61818 6.61647 0.276587
 639 2.61818 6.61021 0.276225
 640 3.56364 6.60545 0.275834
 641 2.61818 6.59923 0.275474
 642 4.65455 6.59621 0.275061
 643 5.89091 6.59511 0.274635
 644 7.27273 6.59616 0.27421
 645 12.2909 6.60499 0.273927
 646 12.2909 6.61379 0.273645
 647 8.8 6.61717 0.273242
 648 4.65455 6.61414 0.272837
 649 5.89091 6.61303 0.272418
 650 5.89091 6.61192 0.272001
 651 14.2545 6.62366 0.271837
 652 10.4727 6.62956 0.271484
 653 2.61818 6.62342 0.271137
 654 0.0727273 6.6134 0.270908
 655 4.65455 6.61041 0.27051
 656 3.56364 6.60576 0.270137
 657 1.81818 6.59848 0.269824
 658 5.89091 6.5974 0.269416
 659 4.65455 6.59445 0.269023
 660 5.89091 6.59339 0.268617
 661 8.8 6.59673 0.268231
 662 8.8 6.60005 0.267847
 663 7.27273 6.60107 0.267444
 664 10.4727 6.6069 0.267105
 665 18.6182 6.62496 0.267314
 666 21.0182 6.64657 0.267786
 667 21.0182 6.66812 0.268251
 668 21.0182 6.6896 0.268709
 669 18.6182 6.70743 0.268899
 670 26.2545 6.73661 0.270077
 671 23.5636 6.76169 0.270838
 672 18.6182 6.77933 0.27101
 673 14.2545 6.79044 0.270835
 674 14.2545 6.80151 0.270659
 675 10.4727 6.80695 0.270313
 676 10.4727 6.81237 0.269967
 677 10.4727 6.81778 0.269622
 678 3.56364 6.81298 0.269267
 679 0.290909 6.80337 0.269042
 680 2.61818 6.79722 0.268716
 681 1.16364 6.78895 0.268449
 682 0.0727273 6.7791 0.268236
 683 0 6.76917 0.268026
 684 0.654545 6.76023 0.267784
 685 1.81818 6.75302 0.26749
 686 2.61818 6.74699 0.267167
 687 4.65455 6.74395 0.266796
 688 2.61818 6.73795 0.266475
 689 14.2545 6.74886 0.266312
 690 18.6182 6.76606 0.266481
 691 16.3636 6.77995 0.266457
 692 16.3636 6.7938 0.266432
 693 14.2545 6.80457 0.266265
 694 4.65455 6.80147 0.265899
 695 4.65455 6.79838 0.265535
 696 3.56364 6.79373 0.265193
 697 5.89091 6.79244 0.264816
 698 4.65455 6.78937 0.264454
 699 7.27273 6.79006 0.264076
 700 7.27273 6.79075 0.2637
 701 12.2909 6.7986 0.26344
 702 12.2909 6.80642 0.263181
 703 10.4727 6.81164 0.262858
 704 7.27273 6.81229 0.262485
 705 12.2909 6.82006 0.262228
 706 8.8 6.82287 0.261871
 707 7.27273 6.82351 0.261501
 708 8.8 6.8263 0.261146
 709 14.2545 6.83677 0.260988
 710 10.4727 6.8419 0.260671
 711 16.3636 6.85529 0.260648
 712 16.3636 6.86864 0.260624
 713 10.4727 6.8737 0.260307
 714 14.2545 6.88403 0.260148
 715 10.4727 6.88905 0.259832
 716 16.3636 6.90229 0.259806
 717 21.0182 6.92197 0.26019
 718 18.6182 6.93826 0.260337
 719 12.2909 6.94571 0.260082
 720 12.2909 6.95313 0.259826
 721 14.2545 6.96326 0.259663
 722 18.6182 6.9794 0.259805
 723 14.2545 6.98946 0.259641
 724 12.2909 6.99679 0.259385
 725 18.6182 7.01282 0.259523
 726 18.6182 7.0288 0.259657
 727 23.5636 7.05154 0.260296
 728 23.5636 7.07423 0.260925
 729 18.6182 7.09006 0.261048
 730 26.2545 7.11631 0.262009
 731 23.5636 7.13881 0.262616
 732 26.2545 7.16493 0.263554
 733 26.2545 7.19097 0.264479
 734 26.2545 7.21694 0.265393
 735 41.8909 7.26412 0.269197
 736 45.4545 7.31601 0.273793
 737 45.4545 7.36776 0.278275
 738 38.4727 7.4099 0.281076
 739 41.8909 7.45656 0.284547
 740 35.2 7.49405 0.286625
 741 41.8909 7.54047 0.289977
 742 41.8909 7.58677 0.293263
 743 41.8909 7.63294 0.296485
 744 35.2 7.66999 0.298396
 745 35.2 7.70694 0.300277
 746 45.4545 7.75754 0.304114
 747 41.8909 7.80324 0.307124
 748 41.8909 7.84881 0.310081
 749 45.4545 7.89902 0.31371
 750 38.4727 7.93978 0.315933
 751 45.4545 7.98973 0.319442
 752 41.8909 8.03482 0.322186
 753 41.8909 8.07978 0.324884
 754 41.8909 8.12462 0.327537
 755 41.8909 8.16934 0.330146
 756 35.2 8.2051 0.331642
 757 29.0909 8.23269 0.332351
 758 21.0182 8.24956 0.332341
 759 14.2545 8.25747 0.331997
 760 23.5636 8.27761 0.332171
 761 29.0909 8.30496 0.33286
 762 26.2545 8.32851 0.333256
 763 29.0909 8.35573 0.333929
 764 18.6182 8.36916 0.333763
 765 12.2909 8.37428 0.333365
 766 12.2909 8.3794 0.332969
 767 14.2545 8.38706 0.332623
 768 14.2545 8.3947 0.332277
 769 10.4727 8.3974 0.331856
 770 10.4727 8.40009 0.331436
 771 1.16364 8.39071 0.331139
 772 1.81818 8.3822 0.330819
 773 1.81818 8.3737 0.3305
 774 0.654545 8.36373 0.330223
 775 0.0727273 8.35303 0.32997
 776 0.0727273 8.34236 0.329717
 777 0.654545 8.33247 0.329441
 778 1.81818 8.32409 0.329124
 779 1.16364 8.3149 0.32883
 780 0.654545 8.30508 0.328555
 781 1.16364 8.29594 0.328261
 782 5.89091 8.29286 0.327856
 783 12.2909 8.29797 0.327477
 784 8.8 8.29861 0.327059
 785 12.2909 8.30369 0.326682
 786 10.4727 8.30645 0.326278
 787 10.4727 8.30921 0.325875
 788 12.2909 8.31426 0.3255
 789 12.2909 8.3193 0.325126
 790 12.2909 8.32433 0.324753
 791 10.4727 8.32704 0.324354
 792 10.4727 8.32975 0.323955
 793 12.2909 8.33475 0.323585
 794 14.2545 8.3422 0.323263
 795 5.89091 8.33912 0.322871
 796 4.65455 8.33449 0.322499
 797 2.61818 8.32732 0.322174
 798 2.61818 8.32016 0.321849
 799 3.56364 8.31421 0.321501
 800 0.654545 8.30464 0.321242
 801 0.290909 8.29463 0.320996
 802 1.16364 8.28574 0.320719
 803 1.16364 8.27687 0.320442
 804 0.290909 8.26694 0.320198
 805 0.654545 8.25748 0.319939
 806 0.654545 8.24805 0.319681
 807 0.290909 8.23819 0.319437
 808 0.0727273 8.22808 0.319202
 809 0.290909 8.21827 0.318958
 810 3.56364 8.21253 0.318615
 811 5.89091 8.20966 0.318235
 812 12.2909 8.21469 0.317883
 813 5.89091 8.21183 0.317504
 814 3.56364 8.20612 0.317166
 815 10.4727 8.2089 0.316788
 816 8.8 8.20963 0.316401
 817 5.89091 8.20679 0.316026
 818 4.65455 8.20244 0.315669
 819 1.16364 8.19385 0.315401
 820 0.654545 8.18466 0.31515
 821 0.290909 8.17504 0.314913
 822 0.654545 8.16589 0.314662
 823 1.16364 8.15738 0.314395
 824 3.56364 8.15181 0.314063
 825 3.56364 8.14625 0.313731
 826 2.61818 8.13956 0.313423
 827 3.56364 8.13402 0.313092
 828 5.89091 8.13131 0.312726
 829 5.89091 8.12861 0.31236
 830 5.89091 8.12591 0.311995
 831 5.89091 8.12323 0.311631
 832 5.89091 8.12054 0.311268
 833 18.6182 8.13314 0.311149
 834 16.3636 8.14301 0.310932
 835 7.27273 8.14197 0.310562
 836 5.89091 8.13928 0.310201
 837 4.65455 8.13511 0.309859
 838 1.16364 8.1268 0.3096
 839 10.4727 8.12959 0.309244
 840 12.2909 8.13455 0.308915
 841 4.65455 8.13041 0.308575
 842 2.61818 8.12386 0.308278
 843 3.56364 8.11845 0.30796
 844 1.81818 8.11099 0.307685
 845 0.290909 8.10173 0.30746
 846 0.0727273 8.09224 0.307243
 847 0.290909 8.08303 0.307018
 848 0.0727273 8.07358 0.306802
 849 0 8.06408 0.306588
 850 0.654545 8.05536 0.306351
 851 0 8.04589 0.306137
 852 0.0727273 8.03653 0.305921
 853 0.654545 8.02788 0.305684
 854 0.654545 8.01925 0.305448
 855 0.654545 8.01063 0.305212
 856 0.290909 8.00161 0.304989
 857 0.654545 7.99304 0.304753
 858 0.290909 7.98406 0.30453
 859 0.654545 7.97553 0.304295
 860 0.290909 7.9666 0.304073
 861 0.654545 7.9581 0.303838
 862 1.81818 7.95098 0.303569
 863 4.65455 7.94716 0.303241
 864 16.3636 7.9569 0.303046
 865 16.3636 7.96662 0.302852
 866 12.2909 7.97161 0.302543
 867 12.2909 7.9766 0.302235
 868 12.2909 7.98157 0.301927
 869 14.2545 7.98879 0.301666
 870 23.5636 8.00669 0.301851
 871 23.5636 8.02455 0.302032
 872 14.2545 8.03169 0.30177
 873 10.4727 8.03449 0.301438
 874 8.8 8.03537 0.301094
 875 14.2545 8.04247 0.300833
 876 8.8 8.04334 0.300491
 877 14.2545 8.05042 0.300232
 878 12.2909 8.05525 0.299928
 879 21.0182 8.07 0.29995
 880 26.2545 8.09066 0.300321
 881 21.0182 8.10533 0.300338
 882 16.3636 8.1147 0.300143
 883 18.6182 8.12659 0.300039
 884 18.6182 8.13846 0.299935
 885 21.0182 8.15301 0.299949
 886 18.6182 8.16483 0.299843
 887 18.6182 8.17661 0.299736
 888 21.0182 8.19107 0.299748
 889 21.0182 8.2055 0.299758
 890 16.3636 8.21467 0.299561
 891 16.3636 8.22381 0.299364
 892 21.0182 8.23816 0.299372
 893 16.3636 8.24726 0.299175
 894 12.2909 8.25178 0.298875
 895 8.8 8.25239 0.298541
 896 12.2909 8.2569 0.298242
 897 16.3636 8.26594 0.298046
 898 21.0182 8.28014 0.298053
 899 21.0182 8.29431 0.298058
 900 16.3636 8.30327 0.297862
 901 8.8 8.30382 0.297531
 902 12.2909 8.30824 0.297234
 903 16.3636 8.31717 0.297039
 904 10.4727 8.31955 0.29672
 905 18.6182 8.33093 0.29661
 906 14.2545 8.33747 0.296354
 907 12.2909 8.34183 0.29606
 908 12.2909 8.34618 0.295765
 909 16.3636 8.355 0.295571
 910 8.8 8.35548 0.295247
 911 7.27273 8.3543 0.294925
 912 7.27273 8.35311 0.294604
 913 3.56364 8.34786 0.294328
 914 2.61818 8.3416 0.294072
 915 1.81818 8.33447 0.293837
 916 2.61818 8.32823 0.293583
 917 2.61818 8.322 0.293328
 918 0.654545 8.31365 0.293128
 919 1.81818 8.30658 0.292894
 920 3.56364 8.30142 0.292621
 921 4.65455 8.29746 0.29233
 922 4.65455 8.29351 0.292039
 923 4.65455 8.28957 0.291749
 924 5.89091 8.28697 0.291445
 925 7.27273 8.28588 0.291132
 926 10.4727 8.28824 0.290827
 927 10.4727 8.2906 0.290522
 928 5.89091 8.28801 0.290221
 929 3.56364 8.28292 0.289953
 930 0.0727273 8.2741 0.289775
 931 0.290909 8.26552 0.289591
 932 0 8.25665 0.289416
 933 0.0727273 8.24788 0.289239
 934 1.16364 8.2403 0.289028
 935 0.290909 8.23179 0.288844
 936 0 8.223 0.288669
 937 1.16364 8.21547 0.288459
 938 4.65455 8.21167 0.288177
 939 3.56364 8.20672 0.287912
 940 1.16364 8.19923 0.287703
 941 4.65455 8.19546 0.287422
 942 5.89091 8.19301 0.287127
 943 10.4727 8.19543 0.286833
 944 10.4727 8.19784 0.286539
 945 2.61818 8.19194 0.286297
 946 18.6182 8.20296 0.286206
 947 18.6182 8.21396 0.286115
 948 23.5636 8.23015 0.286271
 949 23.5636 8.24631 0.286426
 950 12.2909 8.25056 0.286156
 951 8.8 8.25114 0.285855
 952 10.4727 8.25348 0.285564
 953 8.8 8.25405 0.285265
 954 10.4727 8.25638 0.284975
 955 5.89091 8.2539 0.284688
 956 0.0727273 8.24534 0.284518
 957 0.0727273 8.2368 0.284349
 958 1.81818 8.2301 0.284131
 959 7.27273 8.2291 0.283837
 960 5.89091 8.22667 0.283551
 961 3.56364 8.22181 0.283298
 962 1.81818 8.21516 0.283081
 963 0 8.20663 0.282916
 964 1.81818 8.2 0.2827
 965 0.0727273 8.19158 0.282532
 966 0.654545 8.18378 0.282347
 967 1.16364 8.17652 0.282149
 968 0.0727273 8.16814 0.281981
 969 0 8.15971 0.281816
 970 0.654545 8.15198 0.281632
 971 4.65455 8.14838 0.281365
 972 2.61818 8.14269 0.281133
 973 3.56364 8.13798 0.280883
 974 10.4727 8.14038 0.280605
 975 8.8 8.14105 0.280318
 976 10.4727 8.14344 0.280041
 977 12.2909 8.14769 0.279786
 978 7.27273 8.14679 0.279501
 979 16.3636 8.15519 0.279342
 980 16.3636 8.16356 0.279182
 981 16.3636 8.17192 0.279023
 982 18.6182 8.18256 0.278941
 983 18.6182 8.19317 0.27886
 984 12.2909 8.19734 0.278607
 985 18.6182 8.20792 0.278525
 986 23.5636 8.22349 0.278678
 987 16.3636 8.23174 0.278518
 988 18.6182 8.24225 0.278434
 989 21.0182 8.25517 0.278452
 990 12.2909 8.25925 0.278201
 991 16.3636 8.26743 0.27804
 992 21.0182 8.28028 0.278057
 993 16.3636 8.28842 0.277896
 994 14.2545 8.29442 0.277681
 995 10.4727 8.29661 0.277411
 996 4.65455 8.29295 0.277156
 997 5.89091 8.29054 0.276888
 998 3.56364 8.28581 0.276651
 999 4.65455 8.28217 0.276398
 1000 4.65455 8.27855 0.276146
 1001 2.61818 8.27289 0.275927
 1002 1.81818 8.26645 0.275727
 1003 0.654545 8.25886 0.275557
 1004 0.654545 8.25129 0.275386
 1005 0.290909 8.24336 0.275226
 1006 0.0727273 8.23524 0.275072
 1007 0.0727273 8.22714 0.274919
 1008 0.0727273 8.21905 0.274765
 1009 0.0727273 8.21097 0.274611
 1010 0.290909 8.20313 0.274451
 1011 1.16364 8.19617 0.274268
 1012 8.8 8.19677 0.273997
 1013 8.8 8.19736 0.273727
 1014 4.65455 8.19387 0.27348
 1015 1.81818 8.18759 0.273282
 1016 0.654545 8.18017 0.273114
 1017 2.61818 8.1747 0.2729
 1018 0.654545 8.16732 0.272732
 1019 1.16364 8.16044 0.272551
 1020 1.16364 8.15358 0.27237
 1021 1.16364 8.14674 0.272189
 1022 0 8.13877 0.272039
 1023 0.654545 8.13145 0.271872
 1024 0.290909 8.12379 0.271714
 1025 1.16364 8.117 0.271534
 1026 0.290909 8.10937 0.271376
 1027 0.654545 8.10212 0.271209
 1028 3.56364 8.0977 0.270981
 1029 3.56364 8.09329 0.270753
 1030 5.89091 8.09116 0.270499
 1031 5.89091 8.08902 0.270245
 1032 7.27273 8.08823 0.269984
 1033 10.4727 8.09054 0.269732
 1034 16.3636 8.09854 0.26959
 1035 14.2545 8.10449 0.269395
 1036 12.2909 8.10853 0.269165
 1037 4.65455 8.1052 0.268926
 1038 0.654545 8.09802 0.268763
 1039 0.290909 8.09051 0.268609
 1040 0.290909 8.08301 0.268456
 1041 1.81818 8.07699 0.268265
 1042 1.16364 8.07035 0.26809
 1043 0.290909 8.0629 0.267936
 1044 0.290909 8.05545 0.267783
 1045 0 8.04774 0.267638
 1046 0.654545 8.04067 0.267475
 1047 0.0727273 8.03306 0.267328
 1048 2.61818 8.0279 0.267123
 1049 8.8 8.02863 0.266869
 1050 7.27273 8.02791 0.266616
 1051 3.56364 8.02367 0.266396
 1052 3.56364 8.01943 0.266176
 1053 10.4727 8.02176 0.265933
 1054 10.4727 8.02408 0.265691
 1055 8.8 8.02482 0.26544
 1056 10.4727 8.02713 0.265199
 1057 7.27273 8.02642 0.264949
 1058 2.61818 8.02131 0.264748
 1059 1.16364 8.01483 0.264577
 1060 0.0727273 8.00734 0.264433
 1061 0.654545 8.00041 0.264275
 1062 0.290909 7.99315 0.264126
 1063 1.16364 7.98673 0.263955
 1064 1.16364 7.98031 0.263785
 1065 0 7.97282 0.263644
 1066 0.290909 7.96561 0.263495
 1067 1.81818 7.95985 0.263311
 1068 2.61818 7.95485 0.263112
 1069 2.61818 7.94986 0.262913
 1070 1.16364 7.94352 0.262743
 1071 1.81818 7.9378 0.26256
 1072 7.27273 7.93718 0.262316
 1073 10.4727 7.93954 0.262082
 1074 5.89091 7.93763 0.261845
 1075 5.89091 7.93573 0.261608
 1076 7.27273 7.93511 0.261366
 1077 4.65455 7.93207 0.261141
 1078 3.56364 7.92801 0.26093
 1079 5.89091 7.92613 0.260695
 1080 5.89091 7.92424 0.26046
 1081 10.4727 7.9266 0.26023
 1082 7.27273 7.926 0.25999
 1083 12.2909 7.93003 0.259781
 1084 16.3636 7.93781 0.259658
 1085 16.3636 7.94557 0.259534
 1086 21.0182 7.95761 0.259575
 1087 21.0182 7.96962 0.259614
 1088 21.0182 7.98162 0.259652
 1089 14.2545 7.98738 0.259478
 1090 12.2909 7.99133 0.25927
 1091 14.2545 7.99707 0.259095
 1092 8.8 7.9978 0.258859
 1093 2.61818 7.99288 0.258669
 1094 1.16364 7.98664 0.258508
 1095 2.61818 7.98174 0.258318
 1096 0.654545 7.97505 0.258169
 1097 0.290909 7.96805 0.258029
 1098 0.290909 7.96105 0.257888
 1099 1.81818 7.95546 0.257714
 1100 4.65455 7.95246 0.257497
 1101 1.81818 7.94689 0.257324
 1102 1.81818 7.94133 0.25715
 1103 1.16364 7.93519 0.25699
 1104 0.290909 7.92826 0.256851
 1105 1.16364 7.92214 0.256691
 1106 0.0727273 7.91504 0.256557
 1107 0.0727273 7.90796 0.256423
 1108 1.16364 7.90187 0.256264
 1109 0.0727273 7.89481 0.25613
 1110 0.0727273 7.88776 0.255996
 1111 0 7.88066 0.255864
 1112 0.290909 7.87384 0.255725
 1113 0.654545 7.86735 0.255578
 1114 0.0727273 7.86036 0.255444
 1115 0.0727273 7.85337 0.25531
 1116 0.290909 7.84659 0.255171
 1117 0.290909 7.83983 0.255033
 1118 0.290909 7.83308 0.254894
 1119 0 7.82608 0.254762
 1120 4.65455 7.82325 0.25455
 1121 0.654545 7.81685 0.254403
 1122 1.81818 7.81151 0.254233
 1123 3.56364 7.80772 0.254035
 1124 5.89091 7.80602 0.253814
 1125 5.89091 7.80432 0.253594
 1126 2.61818 7.79971 0.253411
 1127 1.81818 7.7944 0.253241
 1128 1.16364 7.78852 0.253085
 1129 3.56364 7.78478 0.252888
 1130 5.89091 7.78311 0.25267
 1131 8.8 7.784 0.252448
 1132 8.8 7.7849 0.252227
 1133 12.2909 7.78888 0.252035
 1134 12.2909 7.79285 0.251844
 1135 7.27273 7.79239 0.251623
 1136 5.89091 7.79072 0.251407
 1137 10.4727 7.79308 0.251197
 1138 10.4727 7.79543 0.250987
 1139 10.4727 7.79778 0.250777
 1140 8.8 7.79866 0.250559
 1141 8.8 7.79954 0.250341
 1142 7.27273 7.79908 0.250122
 1143 8.8 7.79995 0.249904
 1144 4.65455 7.7972 0.249701
 1145 2.61818 7.79268 0.249524
 1146 0.290909 7.78613 0.249392
 1147 0.290909 7.7796 0.24926
 1148 0.654545 7.77339 0.24912
 1149 1.81818 7.76821 0.248957
 1150 7.27273 7.76778 0.248741
 1151 3.56364 7.76413 0.248552
 1152 1.16364 7.7584 0.248402
 1153 3.56364 7.75476 0.248213
 1154 1.81818 7.74961 0.248051
 1155 3.56364 7.74599 0.247863
 1156 2.61818 7.74155 0.247688
 1157 4.65455 7.73889 0.247488
 1158 5.89091 7.73729 0.24728
 1159 10.4727 7.73965 0.247077
 1160 7.27273 7.73925 0.246865
 1161 2.61818 7.73484 0.246691
 1162 2.61818 7.73043 0.246518
 1163 1.81818 7.72535 0.246359
 1164 2.61818 7.72096 0.246186
 1165 2.61818 7.71658 0.246014
 1166 1.81818 7.71152 0.245855
 1167 2.61818 7.70716 0.245683
 1168 2.61818 7.7028 0.245511
 1169 8.8 7.70374 0.245303
 1170 5.89091 7.70219 0.245098
 1171 0.654545 7.69617 0.244962
 1172 0.290909 7.68985 0.244835
 1173 0.0727273 7.68336 0.244712
 1174 0.0727273 7.67688 0.244589
 1175 0.654545 7.6709 0.244454
 1176 0.290909 7.66463 0.244327
 1177 0 7.65811 0.244206
 1178 0.0727273 7.65167 0.244084
 1179 0 7.64518 0.243963
 1180 1.16364 7.63969 0.243818
 1181 0.290909 7.63347 0.243691
 1182 3.56364 7.63003 0.243509
 1183 1.81818 7.62511 0.243353
 1184 4.65455 7.6226 0.24316
 1185 2.61818 7.61838 0.242991
 1186 0.290909 7.6122 0.242865
 1187 0.654545 7.60634 0.242731
 1188 2.61818 7.60214 0.242563
 1189 3.56364 7.59875 0.242383
 1190 4.65455 7.59627 0.242192
 1191 2.61818 7.59209 0.242024
 1192 0.654545 7.58627 0.241891
 1193 2.61818 7.58211 0.241724
 1194 5.89091 7.58069 0.241526
 1195 3.56364 7.57733 0.241347
 1196 5.89091 7.57592 0.241149
 1197 4.65455 7.57348 0.24096
 1198 5.89091 7.57207 0.240763
 1199 5.89091 7.57067 0.240566
 1200 4.65455 7.56824 0.240378
 1201 2.61818 7.56412 0.240213
 1202 1.81818 7.55934 0.240061
 1203 2.61818 7.55523 0.239896
 1204 3.56364 7.55192 0.23972
 1205 0 7.54565 0.239603
 1206 0.290909 7.53964 0.23948
 1207 0.654545 7.53393 0.239349
 1208 1.81818 7.5292 0.239198
 1209 1.16364 7.52393 0.239058
 1210 3.56364 7.52066 0.238882
 1211 3.56364 7.51739 0.238707
 1212 2.61818 7.51335 0.238545
 1213 4.65455 7.51099 0.23836
 1214 8.8 7.51206 0.238166
 1215 12.2909 7.51599 0.238002
 1216 12.2909 7.51992 0.237839
 1217 12.2909 7.52384 0.237675
 1218 5.89091 7.5225 0.237484
 1219 7.27273 7.52229 0.237289
 1220 4.65455 7.51994 0.237106
 1221 4.65455 7.51759 0.236924
 1222 1.16364 7.51239 0.236787
 1223 0.0727273 7.50631 0.236671
 1224 1.81818 7.50166 0.236523
 1225 3.56364 7.49845 0.236352
 1226 4.65455 7.49613 0.236171
 1227 4.65455 7.49381 0.235989
 1228 1.81818 7.48919 0.235843
 1229 1.81818 7.48458 0.235696
 1230 1.16364 7.47944 0.23556
 1231 2.61818 7.47549 0.235402
 1232 2.61818 7.47155 0.235244
 1233 5.89091 7.47026 0.235056
 1234 7.27273 7.4701 0.234866
 1235 10.4727 7.47254 0.234688
 1236 8.8 7.47361 0.234501
 1237 14.2545 7.47909 0.234375
 1238 10.4727 7.48151 0.234198
 1239 14.2545 7.48698 0.234073
 1240 5.89091 7.48569 0.233888
 1241 12.2909 7.48956 0.233731
 1242 8.8 7.49062 0.233545
 1243 7.27273 7.49044 0.233357
 1244 7.27273 7.49027 0.23317
 1245 8.8 7.49132 0.232985
 1246 4.65455 7.48904 0.232809
 1247 7.27273 7.48887 0.232622
 1248 1.81818 7.48432 0.23248
 1249 1.81818 7.47979 0.232338
 1250 1.81818 7.47526 0.232196
 1251 1.81818 7.47074 0.232055
 1252 1.81818 7.46622 0.231913
 1253 0.0727273 7.46032 0.231803
 1254 0 7.45437 0.231695
 1255 0.0727273 7.44849 0.231585
 1256 0.0727273 7.44262 0.231475
 1257 0.0727273 7.43675 0.231365
 1258 2.61818 7.43292 0.231213
 1259 4.65455 7.43072 0.231039
 1260 7.27273 7.43059 0.230856
 1261 12.2909 7.43445 0.230705
 1262 12.2909 7.43829 0.230554
 1263 7.27273 7.43816 0.230372
 1264 8.8 7.43924 0.230192
 1265 8.8 7.44032 0.230012
 1266 14.2545 7.4457 0.229894
 1267 16.3636 7.45274 0.22982
 1268 7.27273 7.4526 0.229639
 1269 8.8 7.45366 0.22946
 1270 10.4727 7.45603 0.229292
 1271 7.27273 7.45589 0.229111
 1272 8.8 7.45695 0.228934
 1273 12.2909 7.46074 0.228785
 1274 14.2545 7.46608 0.228668
 1275 12.2909 7.46986 0.22852
 1276 8.8 7.4709 0.228343
 1277 7.27273 7.47075 0.228164
 1278 10.4727 7.4731 0.227997
 1279 7.27273 7.47294 0.227819
 1280 12.2909 7.4767 0.227672
 1281 8.8 7.47774 0.227497
 1282 7.27273 7.47758 0.227319
 1283 4.65455 7.47538 0.227153
 1284 7.27273 7.47522 0.226976
 1285 14.2545 7.4805 0.22686
 1286 10.4727 7.48282 0.226696
 1287 7.27273 7.48266 0.22652
 1288 16.3636 7.48955 0.226449
 1289 16.3636 7.49644 0.226378
 1290 12.2909 7.50016 0.226233
 1291 8.8 7.50116 0.22606
 1292 3.56364 7.49811 0.225905
 1293 3.56364 7.49507 0.225751
 1294 3.56364 7.49203 0.225597
 1295 2.61818 7.48827 0.225454
 1296 1.16364 7.48339 0.225333
 1297 1.16364 7.47852 0.225212
 1298 1.16364 7.47365 0.225091
 1299 0.0727273 7.46795 0.22499
 1300 0.654545 7.46271 0.224878
 1301 1.81818 7.45837 0.224746
 1302 0.654545 7.45315 0.224635
 1303 0.654545 7.44793 0.224523
 1304 1.81818 7.44361 0.224392
 1305 5.89091 7.44242 0.224223
 1306 12.2909 7.44614 0.224082
 1307 26.2545 7.46053 0.224373
 1308 23.5636 7.47284 0.224539
 1309 26.2545 7.48719 0.224826
 1310 35.2 7.50834 0.225648
 1311 29.0909 7.5248 0.226076
 1312 21.0182 7.53509 0.226137
 1313 21.0182 7.54536 0.226198
 1314 18.6182 7.55378 0.226183
 1315 18.6182 7.5622 0.226168
 1316 21.0182 7.57242 0.226227
 1317 35.2 7.5934 0.227026
 1318 35.2 7.61435 0.227819
 1319 32.0727 7.63289 0.2284
 1320 32.0727 7.6514 0.228977
 1321 23.5636 7.66345 0.22912
 1322 35.2 7.68428 0.229892
 1323 32.0727 7.70271 0.230457
 1324 26.2545 7.71673 0.230709
 1325 21.0182 7.72677 0.230753
 1326 26.2545 7.74074 0.231002
 1327 8.8 7.74154 0.230829
 1328 12.2909 7.74496 0.230681
 1329 14.2545 7.74986 0.230559
 1330 12.2909 7.75327 0.230411
 1331 10.4727 7.75532 0.230247
 1332 4.65455 7.75299 0.230086
 1333 7.27273 7.75263 0.229913
 1334 7.27273 7.75227 0.229741
 1335 7.27273 7.75191 0.229569
 1336 7.27273 7.75155 0.229398
 1337 8.8 7.75234 0.229227
 1338 8.8 7.75312 0.229057
 1339 8.8 7.7539 0.228888
 1340 8.8 7.75468 0.228718
 1341 2.61818 7.75085 0.22858
 1342 5.89091 7.74946 0.228413
 1343 7.27273 7.74911 0.228243
 1344 7.27273 7.74876 0.228074
 1345 5.89091 7.74737 0.227908
 1346 3.56364 7.74427 0.22776
 1347 4.65455 7.74197 0.227603
 1348 2.61818 7.73817 0.227465
 1349 3.56364 7.73508 0.227318
 1350 3.56364 7.73199 0.22717
 1351 3.56364 7.7289 0.227023
 1352 5.89091 7.72754 0.226859
 1353 5.89091 7.72618 0.226696
 1354 5.89091 7.72483 0.226532
 1355 5.89091 7.72348 0.226369
 1356 5.89091 7.72212 0.226206
 1357 8.8 7.72292 0.226041
 1358 8.8 7.72371 0.225876
 1359 7.27273 7.72338 0.22571
 1360 7.27273 7.72305 0.225544
 1361 4.65455 7.72079 0.225389
 1362 5.89091 7.71945 0.225228
 1363 10.4727 7.72147 0.225071
 1364 18.6182 7.72946 0.225048
 1365 16.3636 7.73578 0.224972
 1366 18.6182 7.74375 0.224949
 1367 35.2 7.76384 0.22568
 1368 38.4727 7.78628 0.226629
 1369 18.6182 7.7942 0.226602
 1370 26.2545 7.80767 0.226837
 1371 26.2545 7.82113 0.22707
 1372 21.0182 7.83074 0.227108
 1373 29.0909 7.84623 0.227471
 1374 26.2545 7.85963 0.227699
 1375 32.0727 7.87724 0.228214
 1376 21.0182 7.88679 0.228248
 1377 8.8 7.88745 0.228083
 1378 8.8 7.88811 0.227919
 1379 7.27273 7.88767 0.227754
 1380 8.8 7.88833 0.22759
 1381 5.89091 7.88688 0.227429
 1382 2.61818 7.88307 0.227297
 1383 0.290909 7.87758 0.227199
 1384 0.0727273 7.87194 0.227104
 1385 0.0727273 7.86631 0.22701
 1386 0.0727273 7.86068 0.226916
 1387 0 7.85502 0.226823
 1388 0.654545 7.84983 0.226719
 1389 1.81818 7.84549 0.226597
 1390 2.61818 7.84173 0.226466
 1391 3.56364 7.83865 0.226324
 1392 2.61818 7.8349 0.226192
 1393 5.89091 7.83351 0.226034
 1394 5.89091 7.83211 0.225876
 1395 7.27273 7.83171 0.225714
 1396 4.65455 7.82943 0.225564
 1397 2.61818 7.8257 0.225434
 1398 3.56364 7.82266 0.225293
 1399 1.81818 7.81836 0.225173
 1400 1.16364 7.81361 0.225062
 1401 1.16364 7.80886 0.224951
 1402 0.654545 7.80376 0.224849
 1403 0.654545 7.79867 0.224746
 1404 3.56364 7.79565 0.224606
 1405 7.27273 7.79528 0.224447
 1406 7.27273 7.7949 0.224287
 1407 7.27273 7.79453 0.224128
 1408 3.56364 7.79153 0.223989
 1409 1.16364 7.78682 0.223879
 1410 0.0727273 7.78135 0.223788
 1411 0.654545 7.7763 0.223686
 1412 1.16364 7.77162 0.223576
 1413 1.81818 7.76741 0.223458
 1414 0.290909 7.76212 0.223362
 1415 0.290909 7.75684 0.223267
 1416 3.56364 7.75388 0.223129
 1417 5.89091 7.75256 0.222975
 1418 8.8 7.7533 0.222819
 1419 8.8 7.75404 0.222663
 1420 4.65455 7.75186 0.222517
 1421 5.89091 7.75055 0.222364
 1422 7.27273 7.75021 0.222208
 1423 12.2909 7.7534 0.222075
 1424 10.4727 7.75531 0.221927
 1425 10.4727 7.75722 0.22178
 1426 10.4727 7.75912 0.221632
 1427 8.8 7.75985 0.221478
 1428 3.56364 7.75691 0.221342
 1429 4.65455 7.75474 0.221198
 1430 7.27273 7.75441 0.221044
 1431 8.8 7.75514 0.22089
 1432 8.8 7.75587 0.220737
 1433 3.56364 7.75294 0.220602
 1434 3.56364 7.75002 0.220468
 1435 1.81818 7.74589 0.220353
 1436 1.16364 7.7413 0.220247
 1437 1.81818 7.73718 0.220132
 1438 0.654545 7.73225 0.220034
 1439 1.16364 7.72769 0.219929
 1440 3.56364 7.7248 0.219795
 1441 1.81818 7.7207 0.219681
 1442 4.65455 7.71857 0.219539
 1443 4.65455 7.71645 0.219397
 1444 5.89091 7.71519 0.219248
 1445 5.89091 7.71392 0.2191
 1446 10.4727 7.71583 0.218957
 1447 5.89091 7.71457 0.218809
 1448 21.0182 7.72376 0.218851
 1449 14.2545 7.72826 0.218746
 1450 10.4727 7.73016 0.218604
 1451 4.65455 7.72804 0.218463
 1452 5.89091 7.72677 0.218316
 1453 7.27273 7.72646 0.218166
 1454 2.61818 7.72295 0.218045
 1455 0.654545 7.71809 0.217949
 1456 2.61818 7.71459 0.217827
 1457 0.654545 7.70974 0.217732
 1458 0.290909 7.70465 0.217642
 1459 0.0727273 7.69942 0.217555
 1460 0.0727273 7.6942 0.217469
 1461 0 7.68893 0.217384
 1462 0.654545 7.68412 0.217288
 1463 0.654545 7.67931 0.217193
 1464 0 7.67407 0.217108
 1465 1.16364 7.66962 0.217005
 1466 0.290909 7.66459 0.216916
 1467 0.290909 7.65956 0.216826
 1468 0.654545 7.65479 0.216731
 1469 0 7.64958 0.216646
 1470 0.290909 7.64458 0.216556
 1471 1.81818 7.64062 0.216445
 1472 7.27273 7.64037 0.216298
 1473 10.4727 7.64229 0.21616
 1474 7.27273 7.64204 0.216013
 1475 5.89091 7.64085 0.21587
 1476 5.89091 7.63966 0.215727
 1477 10.4727 7.64158 0.21559
 1478 14.2545 7.64606 0.21549
 1479 14.2545 7.65053 0.215391
 1480 8.8 7.6513 0.215247
 1481 8.8 7.65208 0.215103
 1482 7.27273 7.65182 0.214957
 1483 14.2545 7.65627 0.214859
 1484 5.89091 7.65508 0.214717
 1485 8.8 7.65586 0.214574
 1486 3.56364 7.6531 0.214447
 1487 4.65455 7.65109 0.214312
 1488 3.56364 7.64834 0.214186
 1489 1.81818 7.64442 0.214078
 1490 1.81818 7.64051 0.21397
 1491 0 7.63539 0.213888
 1492 1.16364 7.63105 0.213788
 1493 1.16364 7.62672 0.213689
 1494 0.654545 7.62205 0.213597
 1495 1.16364 7.61773 0.213498
 1496 0.290909 7.61283 0.213411
 1497 4.65455 7.61086 0.213278
 1498 10.4727 7.61277 0.213144
 1499 8.8 7.61356 0.213003
 1500 16.3636 7.61939 0.212941
 1501 12.2909 7.62251 0.212822
 1502 7.27273 7.62227 0.21268
 1503 7.27273 7.62204 0.212539
 1504 3.56364 7.61934 0.212414
 1505 1.81818 7.61549 0.212308
 1506 2.61818 7.61217 0.212193
 1507 5.89091 7.61103 0.212055
 1508 2.61818 7.60772 0.211941
 1509 3.56364 7.60504 0.211817
 1510 5.89091 7.6039 0.21168
 1511 0.654545 7.5993 0.21159
 1512 1.81818 7.59548 0.211484
 1513 1.81818 7.59166 0.211379
 1514 1.81818 7.58785 0.211274
 1515 10.4727 7.58975 0.211143
 1516 14.2545 7.59415 0.211049
 1517 18.6182 7.60141 0.211035
 1518 23.5636 7.61193 0.211158
 1519 16.3636 7.61769 0.211098
 1520 18.6182 7.62493 0.211083
 1521 18.6182 7.63216 0.211068
 1522 14.2545 7.63651 0.210974
 1523 21.0182 7.64529 0.211018
 1524 12.2909 7.64834 0.210902
 1525 14.2545 7.65267 0.210808
 1526 23.5636 7.6631 0.210928
 1527 18.6182 7.67027 0.210912
 1528 16.3636 7.67596 0.21085
 1529 23.5636 7.68635 0.210968
 1530 18.6182 7.6935 0.210951
 1531 21.0182 7.7022 0.210993
 1532 23.5636 7.71256 0.211109
 1533 18.6182 7.71967 0.211092
 1534 8.8 7.72037 0.210955
 1535 7.27273 7.72008 0.210818
 1536 14.2545 7.72434 0.210724
 1537 8.8 7.72504 0.210588
 1538 1.16364 7.72077 0.210494
 1539 1.16364 7.71651 0.2104
 1540 2.61818 7.7132 0.21029
 1541 2.61818 7.70989 0.210179
 1542 4.65455 7.70791 0.210052
 1543 0.654545 7.70334 0.209966
 1544 0.0727273 7.6984 0.209888
 1545 0.654545 7.69384 0.209801
 1546 0.290909 7.68905 0.20972
 1547 0.290909 7.68427 0.209639
 1548 0.0727273 7.67935 0.209562
 1549 0.290909 7.67458 0.209481
 1550 0.0727273 7.66968 0.209403
 1551 0.290909 7.66492 0.209322
 1552 0.0727273 7.66003 0.209244
 1553 0.290909 7.65528 0.209163
 1554 0.0727273 7.6504 0.209085
 1555 1.16364 7.64623 0.208993
 1556 0.290909 7.64151 0.208912
 1557 0 7.6366 0.208835
 1558 0.0727273 7.63174 0.208757
 1559 2.61818 7.62853 0.208648
 1560 1.16364 7.62438 0.208556
 1561 1.81818 7.62066 0.208455
 1562 2.61818 7.61746 0.208346
 1563 8.8 7.61822 0.208214
 1564 8.8 7.61897 0.208083
 1565 10.4727 7.6208 0.207958
 1566 14.2545 7.62503 0.207868
 1567 16.3636 7.63061 0.20781
 1568 12.2909 7.63358 0.207699
 1569 10.4727 7.63539 0.207574
 1570 7.27273 7.63516 0.207442
 1571 7.27273 7.63493 0.20731
 1572 10.4727 7.63673 0.207186
 1573 10.4727 7.63854 0.207062
 1574 7.27273 7.6383 0.206931
 1575 8.8 7.63904 0.206801
 1576 7.27273 7.63881 0.206669
 1577 1.81818 7.63512 0.206571
 1578 0.290909 7.63046 0.206493
 1579 0 7.62563 0.206419
 1580 0.290909 7.62099 0.20634
 1581 0.0727273 7.61622 0.206265
 1582 0.290909 7.61158 0.206186
 1583 3.56364 7.60903 0.206072
 1584 1.81818 7.60537 0.205974
 1585 0 7.60057 0.2059
 1586 1.16364 7.59651 0.20581
 1587 0.0727273 7.59177 0.205735
 1588 0 7.58699 0.205661
 1589 0.290909 7.5824 0.205583
 1590 0.0727273 7.57768 0.205508
 1591 0.654545 7.57333 0.205425
 1592 0.0727273 7.56862 0.20535
 1593 0.290909 7.56405 0.205272
 1594 0.654545 7.55971 0.205189
 1595 0.290909 7.55516 0.205111
 1596 0.0727273 7.55047 0.205036
 1597 0 7.54574 0.204962
 1598 0.0727273 7.54106 0.204887
 1599 1.16364 7.53707 0.204798
 1600 0.654545 7.53277 0.204715
 1601 0.654545 7.52848 0.204632
 1602 0.290909 7.52396 0.204554
 1603 0 7.51927 0.20448
 1604 1.81818 7.51571 0.204384
 1605 4.65455 7.51393 0.204264
 1606 3.56364 7.51147 0.204152
 1607 5.89091 7.51046 0.204027
 1608 1.81818 7.50692 0.203931
 1609 1.81818 7.50338 0.203835
 1610 1.81818 7.49985 0.203739
 1611 0.654545 7.4956 0.203657
 1612 0.654545 7.49136 0.203574
 1613 0.654545 7.48712 0.203492
 1614 4.65455 7.48537 0.203374
 1615 5.89091 7.48438 0.20325
 1616 3.56364 7.48195 0.203139
 1617 4.65455 7.4802 0.203021
 1618 8.8 7.48102 0.202897
 1619 10.4727 7.48287 0.20278
 1620 8.8 7.48368 0.202656
 1621 29.0909 7.49701 0.20297
 1622 26.2545 7.50858 0.203174
 1623 32.0727 7.52371 0.203612
 1624 26.2545 7.53524 0.203813
 1625 32.0727 7.55034 0.204246
 1626 23.5636 7.56019 0.204358
 1627 26.2545 7.57168 0.204556
 1628 18.6182 7.57847 0.204542
 1629 26.2545 7.58993 0.204738
 1630 26.2545 7.60138 0.204933
 1631 14.2545 7.60546 0.204848
 1632 23.5636 7.61524 0.204955
 1633 12.2909 7.6181 0.20485
 1634 10.4727 7.61985 0.204732
 1635 10.4727 7.6216 0.204614
 1636 8.8 7.62232 0.20449
 1637 8.8 7.62304 0.204367
 1638 8.8 7.62375 0.204243
 1639 10.4727 7.62549 0.204126
 1640 8.8 7.62621 0.204003
 1641 8.8 7.62692 0.203879
 1642 8.8 7.62764 0.203756
 1643 7.27273 7.62742 0.203633
 1644 3.56364 7.62495 0.203524
 1645 2.61818 7.62191 0.203423
 1646 1.16364 7.61798 0.203337
 1647 1.81818 7.61446 0.203244
 1648 0.0727273 7.60989 0.203172
 1649 2.61818 7.60686 0.203071
 1650 1.16364 7.60295 0.202986
 1651 0.654545 7.59874 0.202907
 1652 1.81818 7.59525 0.202814
 1653 1.81818 7.59175 0.202721
 1654 5.89091 7.59072 0.202601
 1655 3.56364 7.58829 0.202493
 1656 2.61818 7.58529 0.202393
 1657 2.61818 7.58229 0.202293
 1658 2.61818 7.5793 0.202193
 1659 2.61818 7.57631 0.202094
 1660 1.16364 7.57244 0.202009
 1661 0.0727273 7.56793 0.201938
 1662 0 7.56337 0.201868
 1663 0.290909 7.559 0.201793
 1664 0.0727273 7.5545 0.201722
 1665 0 7.54996 0.201652
 1666 0.290909 7.54561 0.201578
 1667 0.0727273 7.54112 0.201507
 1668 1.81818 7.53769 0.201416
 1669 1.16364 7.53387 0.201331
 1670 1.16364 7.53006 0.201247
 1671 0.0727273 7.5256 0.201176
 1672 0.0727273 7.52114 0.201105
 1673 0.290909 7.51682 0.201031
 1674 0 7.51233 0.200961
 1675 0.290909 7.50802 0.200887
 1676 0.0727273 7.50358 0.200816
 1677 0 7.49911 0.200746
 1678 0.290909 7.49481 0.200673
 1679 0.290909 7.49052 0.200599
 1680 0.654545 7.48645 0.200521
 1681 0.290909 7.48217 0.200447
 1682 0.0727273 7.47776 0.200377
 1683 0.290909 7.47349 0.200303
 1684 0.290909 7.46923 0.200229
 1685 0.290909 7.46497 0.200156
 1686 3.56364 7.46266 0.20005
 1687 1.16364 7.45892 0.199967
 1688 0 7.4545 0.199897
 1689 0.290909 7.45026 0.199824
 1690 0.0727273 7.4459 0.199753
 1691 0.290909 7.44166 0.19968
 1692 0.654545 7.43765 0.199602
 1693 0.654545 7.43365 0.199524
 1694 1.16364 7.42995 0.199441
 1695 3.56364 7.42766 0.199336
 1696 1.81818 7.42436 0.199246
 1697 0.654545 7.42037 0.199169
 1698 0.290909 7.41617 0.199096
 1699 1.81818 7.41287 0.199006
 1700 1.16364 7.4092 0.198923
 1701 1.16364 7.40553 0.198839
 1702 2.61818 7.40271 0.198743
 1703 0.290909 7.39854 0.19867
 1704 0.654545 7.39458 0.198592
 1705 0.290909 7.39041 0.19852
 1706 0.654545 7.38646 0.198443
 1707 0.290909 7.38231 0.19837
 1708 0.654545 7.37837 0.198293
 1709 1.16364 7.37473 0.19821
 1710 1.16364 7.3711 0.198127
 1711 0.290909 7.36696 0.198055
 1712 0 7.36266 0.197986
 1713 0.0727273 7.3584 0.197916
 1714 0.654545 7.35449 0.197839
 1715 1.81818 7.35126 0.19775
 1716 3.56364 7.34906 0.197647
 1717 3.56364 7.34685 0.197544
 1718 5.89091 7.346 0.197431
 1719 12.2909 7.34888 0.197337
 1720 14.2545 7.3529 0.197263
 1721 14.2545 7.35691 0.197189
 1722 18.6182 7.36345 0.197183
 1723 16.3636 7.36867 0.197138
 1724 18.6182 7.3752 0.197132
 1725 18.6182 7.38171 0.197125
 1726 18.6182 7.38822 0.197119
 1727 26.2545 7.39915 0.197307
 1728 23.5636 7.4085 0.197415
 1729 29.0909 7.42104 0.197699
 1730 41.8909 7.44097 0.198586
 1731 38.4727 7.45889 0.19928
 1732 38.4727 7.4768 0.199968
 1733 38.4727 7.49469 0.200651
 1734 41.8909 7.51452 0.201514
 1735 41.8909 7.53434 0.20237
 1736 29.0909 7.54675 0.202634
 1737 29.0909 7.55916 0.202897
 1738 23.5636 7.56836 0.202989
 1739 26.2545 7.57911 0.203157
 1740 23.5636 7.5883 0.203248
 1741 23.5636 7.59747 0.203338
 1742 21.0182 7.60518 0.203367
 1743 12.2909 7.60787 0.203268
 1744 16.3636 7.61289 0.203214
 1745 16.3636 7.6179 0.203159
 1746 4.65455 7.6162 0.20305
 1747 2.61818 7.61334 0.202954
 1748 10.4727 7.61498 0.202844
 1749 14.2545 7.61877 0.202764
 1750 10.4727 7.62041 0.202655
 1751 7.27273 7.62021 0.202539
 1752 3.56364 7.61789 0.202437
 1753 1.16364 7.61421 0.202355
 1754 0 7.60987 0.202286
 1755 0.0727273 7.60557 0.202216
 1756 0.0727273 7.60128 0.202146
 1757 0 7.59696 0.202078
 1758 0.0727273 7.59268 0.202008
 1759 0.0727273 7.5884 0.201938
 1760 1.16364 7.58475 0.201857
 1761 0.290909 7.58061 0.201784
 1762 0 7.57631 0.201716
 1763 0.0727273 7.57205 0.201646
 1764 1.81818 7.56879 0.201558
 1765 0.290909 7.56467 0.201486
 1766 0.0727273 7.56042 0.201417
 1767 0.654545 7.55652 0.201341
 1768 1.16364 7.5529 0.201259
 1769 0.0727273 7.54867 0.20119
 1770 1.81818 7.54543 0.201102
 1771 2.61818 7.54265 0.201008
 1772 5.89091 7.54172 0.200897
 1773 4.65455 7.54009 0.20079
 1774 3.56364 7.53785 0.200689
 1775 3.56364 7.53561 0.200589
 1776 3.56364 7.53337 0.200488
 1777 1.81818 7.53016 0.200401
 1778 1.16364 7.52658 0.20032
 1779 0.654545 7.52271 0.200245
 1780 0.290909 7.51865 0.200174
 1781 0.290909 7.51459 0.200102
 1782 1.16364 7.51103 0.200022
 1783 2.61818 7.50829 0.199928
 1784 4.65455 7.50669 0.199823
 1785 8.8 7.50741 0.199712
 1786 4.65455 7.50581 0.199607
 1787 7.27273 7.50568 0.199495
 1788 14.2545 7.50946 0.199419
 1789 8.8 7.51018 0.199309
 1790 12.2909 7.51285 0.199215
 1791 1.16364 7.5093 0.199136
 1792 2.61818 7.50657 0.199043
 1793 5.89091 7.50567 0.198934
 1794 1.81818 7.5025 0.198849
 1795 1.16364 7.49897 0.198769
 1796 0.654545 7.49516 0.198695
 1797 0 7.49099 0.198628
 1798 0.290909 7.48699 0.198558
 1799 0.290909 7.48299 0.198488
 1800 0 7.47883 0.198421
 1801 0.0727273 7.47472 0.198354
 1802 1.16364 7.47121 0.198275
 1803 0.0727273 7.46711 0.198207
 1804 1.16364 7.46362 0.198128
 1805 12.2909 7.46629 0.198036
 1806 14.2545 7.47005 0.197962
 1807 23.5636 7.47896 0.198053
 1808 21.0182 7.48644 0.198085
 1809 14.2545 7.49019 0.198011
 1810 21.0182 7.49766 0.198042
 1811 18.6182 7.5038 0.198028
 1812 7.27273 7.50367 0.197919
 1813 12.2909 7.50631 0.197827
 1814 8.8 7.50703 0.19772
 1815 7.27273 7.5069 0.197611
 1816 2.61818 7.50421 0.19752
 1817 1.16364 7.50072 0.197442
 1818 1.16364 7.49723 0.197364
 1819 1.16364 7.49375 0.197287
 1820 0.654545 7.48999 0.197214
 1821 0.0727273 7.48592 0.197148
 1822 2.61818 7.48325 0.197058
 1823 0.654545 7.4795 0.196985
 1824 1.16364 7.47604 0.196908
 1825 1.16364 7.47258 0.19683
 1826 1.16364 7.46912 0.196753
 1827 0.654545 7.46539 0.19668
 1828 2.61818 7.46274 0.19659
 1829 0.654545 7.45902 0.196518
 1830 0.0727273 7.45498 0.196452
 1831 0.0727273 7.45095 0.196386
 1832 0.290909 7.44704 0.196318
 1833 1.81818 7.44397 0.196235
 1834 2.61818 7.44134 0.196146
 1835 4.65455 7.43982 0.196045
 1836 5.89091 7.43898 0.19594
 1837 7.27273 7.43889 0.195833
 1838 8.8 7.43963 0.195728
 1839 4.65455 7.43811 0.195627
 1840 0.290909 7.43423 0.195559
 1841 0.0727273 7.43023 0.195494
 1842 0.654545 7.42655 0.195422
 1843 0.290909 7.42268 0.195355
 1844 3.56364 7.42059 0.19526
 1845 3.56364 7.4185 0.195165
 1846 3.56364 7.41641 0.195071
 1847 0 7.41239 0.195006
 1848 0.0727273 7.40842 0.194941
 1849 0.654545 7.40477 0.19487
 1850 1.81818 7.40175 0.194788
 1851 0.654545 7.3981 0.194717
 1852 0 7.39411 0.194653
 1853 4.65455 7.39263 0.194553
 1854 3.56364 7.39057 0.194459
 1855 1.16364 7.38721 0.194384
 1856 2.61818 7.38464 0.194296
 1857 3.56364 7.38258 0.194202
 1858 1.16364 7.37923 0.194126
 1859 0.654545 7.37562 0.194056
 1860 3.56364 7.37357 0.193962
 1861 1.81818 7.37058 0.193881
 1862 1.81818 7.3676 0.1938
 1863 3.56364 7.36556 0.193706
 1864 0.0727273 7.36165 0.193642
 1865 0 7.3577 0.193578
 1866 0 7.35376 0.193515
 1867 0.654545 7.35017 0.193444
 1868 4.65455 7.34872 0.193346
 1869 7.27273 7.34868 0.193243
 1870 1.16364 7.34538 0.193168
 1871 1.81818 7.34242 0.193087
 1872 1.81818 7.33947 0.193006
 1873 2.61818 7.33695 0.19292
 1874 2.61818 7.33443 0.192833
 1875 4.65455 7.333 0.192736
 1876 2.61818 7.33049 0.192649
 1877 0.654545 7.32693 0.192579
 1878 1.81818 7.324 0.192499
 1879 4.65455 7.32258 0.192402
 1880 5.89091 7.32182 0.192301
 1881 0.654545 7.31827 0.192231
 1882 0.290909 7.31454 0.192166
 1883 0.290909 7.31081 0.1921
 1884 0.654545 7.30728 0.19203
 1885 4.65455 7.30587 0.191933
 1886 5.89091 7.30512 0.191833
 1887 7.27273 7.3051 0.191731
 1888 12.2909 7.30774 0.191648
 1889 2.61818 7.30526 0.191563
 1890 3.56364 7.30328 0.191472
 1891 3.56364 7.3013 0.19138
 1892 3.56364 7.29933 0.191289
 1893 2.61818 7.29685 0.191204
 1894 2.61818 7.29438 0.191119
 1895 2.61818 7.29192 0.191034
 1896 0.654545 7.28842 0.190966
 1897 0.290909 7.28473 0.190901
 1898 1.16364 7.2815 0.190827
 1899 0.290909 7.27782 0.190762
 1900 0 7.27399 0.1907
 1901 0.654545 7.27051 0.190632
 1902 1.81818 7.26764 0.190553
 1903 2.61818 7.2652 0.190469
 1904 3.56364 7.26325 0.190379
 1905 1.81818 7.2604 0.1903
 1906 1.16364 7.2572 0.190227
 1907 3.56364 7.25526 0.190137
 1908 1.81818 7.25241 0.190059
 1909 1.81818 7.24956 0.189981
 1910 4.65455 7.24821 0.189886
 1911 7.27273 7.24822 0.189787
 1912 8.8 7.24903 0.189689
 1913 3.56364 7.2471 0.1896
 1914 2.61818 7.24469 0.189516
 1915 2.61818 7.24227 0.189432
 1916 1.81818 7.23944 0.189355
 1917 1.16364 7.23627 0.189282
 1918 1.81818 7.23344 0.189205
 1919 0.0727273 7.22971 0.189143
 1920 1.16364 7.22655 0.189071
 1921 1.16364 7.2234 0.188999
 1922 2.61818 7.221 0.188916
 1923 3.56364 7.2191 0.188827
 1924 1.81818 7.21629 0.18875
 1925 0.654545 7.21288 0.188682
 1926 2.61818 7.2105 0.188599
 1927 3.56364 7.2086 0.188511
 1928 0.290909 7.20502 0.188447
 1929 3.56364 7.20313 0.188359
 1930 3.56364 7.20124 0.188271
 1931 4.65455 7.19992 0.188178
 1932 10.4727 7.20162 0.188088
 1933 5.89091 7.20094 0.187992
 1934 7.27273 7.20098 0.187895
 1935 5.89091 7.2003 0.187799
 1936 5.89091 7.19962 0.187703
 1937 5.89091 7.19895 0.187607
 1938 1.81818 7.19617 0.187531
 1939 5.89091 7.1955 0.187436
 1940 2.61818 7.19314 0.187354
 1941 0.654545 7.18977 0.187288
 1942 0.654545 7.18641 0.187221
 1943 0.654545 7.18304 0.187155
 1944 0.654545 7.17969 0.187089
 1945 0.290909 7.17614 0.187026
 1946 3.56364 7.17429 0.186939
 1947 8.8 7.17512 0.186845
 1948 14.2545 7.17876 0.186785
 1949 8.8 7.17959 0.186691
 1950 16.3636 7.1843 0.186654
 1951 18.6182 7.19016 0.186651
 1952 23.5636 7.19855 0.186744
 1953 16.3636 7.20324 0.186707
 1954 21.0182 7.21031 0.186745
 1955 21.0182 7.21737 0.186783
 1956 23.5636 7.22573 0.186875
 1957 26.2545 7.23545 0.187032
 1958 26.2545 7.24517 0.187189
 1959 21.0182 7.2522 0.187225
 1960 38.4727 7.26813 0.187806
 1961 35.2 7.28237 0.18825
 1962 29.0909 7.29349 0.188482
 1963 21.0182 7.30048 0.188516
 1964 7.27273 7.30046 0.18842
 1965 14.2545 7.304 0.188357
 1966 8.8 7.30476 0.188263
 1967 7.27273 7.30475 0.188167
 1968 16.3636 7.30935 0.188128
 1969 5.89091 7.30863 0.188034
 1970 7.27273 7.30861 0.187938
 1971 7.27273 7.30859 0.187843
 1972 1.81818 7.30581 0.187768
 1973 1.81818 7.30303 0.187694
 1974 0.654545 7.29966 0.187629
 1975 1.16364 7.29655 0.18756
 1976 4.65455 7.29522 0.187469
 1977 4.65455 7.29388 0.187379
 1978 4.65455 7.29255 0.187289
 1979 5.89091 7.29184 0.187196
 1980 3.56364 7.28995 0.187111
 1981 5.89091 7.28925 0.187018
 1982 12.2909 7.29177 0.18694
 1983 10.4727 7.29338 0.186853
 1984 12.2909 7.29589 0.186776
 1985 18.6182 7.3016 0.186769
 1986 14.2545 7.3051 0.186707
 1987 10.4727 7.30669 0.18662
 1988 18.6182 7.31238 0.186613
 1989 12.2909 7.31489 0.186536
 1990 10.4727 7.31647 0.186449
 1991 3.56364 7.31459 0.186365
 1992 1.81818 7.31183 0.186292
 1993 0.654545 7.30849 0.186228
 1994 0.290909 7.30497 0.186168
 1995 0.654545 7.30164 0.186105
 1996 0 7.29798 0.186047
 1997 0.0727273 7.29436 0.185989
 1998 0.290909 7.29085 0.185929
 1999 0 7.28721 0.185872
 2000 0.654545 7.28389 0.185809
