 1 -0.6 -0.6 0
 2 -0.52 -0.56 0.04
 3 -0.52 -0.546667 0.0266667
 4 -0.6 -0.56 0.023094
 5 -0.68 -0.584 0.0299333
 6 -0.68 -0.6 0.0292119
 7 -0.76 -0.622857 0.0336448
 8 -0.68 -0.63 0.03
 9 -0.68 -0.635556 0.0270345
 10 -0.6 -0.632 0.0244404
 11 -0.6 -0.629091 0.0222978
 12 -0.6 -0.626667 0.0204988
 13 -0.36 -0.606154 0.0278627
 14 -0.52 -0.6 0.0265197
 15 -0.68 -0.605333 0.025258
 16 -0.6 -0.605 0.0236291
 17 -0.52 -0.6 0.0227519
 18 -0.52 -0.595556 0.0219063
 19 -0.6 -0.595789 0.0207226
 20 -0.52 -0.592 0.020021
 21 -0.52 -0.588571 0.01935
 22 -0.2 -0.570909 0.025541
 23 -0.44 -0.565217 0.0250602
 24 -0.68 -0.57 0.0244653
 25 -0.6 -0.5712 0.023497
 26 -0.44 -0.566154 0.0231322
 27 -0.36 -0.558519 0.0235321
 28 -0.44 -0.554286 0.0230678
 29 -0.44 -0.550345 0.0226043
 30 -0.52 -0.549333 0.0218613
 31 -0.6 -0.550968 0.0212074
 32 -0.6 -0.5525 0.0205911
 33 -0.6 -0.553939 0.0200092
 34 -0.68 -0.557647 0.0197627
 35 -0.6 -0.558857 0.0192278
 36 -0.68 -0.562222 0.0189867
 37 -0.76 -0.567568 0.0192245
 38 -0.76 -0.572632 0.0193849
 39 -0.44 -0.569231 0.0191851
 40 -0.6 -0.57 0.0187151
 41 -0.44 -0.566829 0.0185263
 42 -0.52 -0.565714 0.0181142
 43 -0.52 -0.564651 0.0177198
 44 -0.6 -0.565455 0.017331
 45 -0.68 -0.568 0.0171317
 46 -0.68 -0.570435 0.0169311
 47 -0.6 -0.571064 0.0165789
 48 -0.6 -0.571667 0.016241
 49 -0.76 -0.57551 0.0163639
 50 -0.6 -0.576 0.0160408
 51 -0.68 -0.578039 0.0158548
 52 -0.52 -0.576923 0.0155869
 53 -0.6 -0.577358 0.0152962
 54 -0.68 -0.579259 0.0151301
 55 -0.76 -0.582545 0.0152117
 56 -0.6 -0.582857 0.0149408
 57 -0.52 -0.581754 0.0147177
 58 -0.68 -0.583448 0.0145606
 59 -0.52 -0.582373 0.014352
 60 -0.68 -0.584 0.0142043
 61 -0.68 -0.585574 0.0140579
 62 -0.76 -0.588387 0.0141126
 63 -0.76 -0.591111 0.0141514
 64 -0.68 -0.5925 0.0139976
 65 -0.6 -0.592615 0.013781
 66 -0.6 -0.592727 0.0135711
 67 -0.68 -0.59403 0.0134303
 68 -0.68 -0.595294 0.0132916
 69 -0.6 -0.595362 0.0130977
 70 -0.52 -0.594286 0.0129541
 71 -0.76 -0.59662 0.0129819
 72 -0.68 -0.597778 0.0128526
 73 -0.6 -0.597808 0.0126753
 74 -0.68 -0.598919 0.0125521
 75 -0.68 -0.6 0.0124307
 76 -0.68 -0.601053 0.0123111
 77 -0.68 -0.602078 0.0121934
 78 -0.6 -0.602051 0.0120361
 79 -0.68 -0.603038 0.0119236
 80 -0.52 -0.602 0.0118193
 81 -0.52 -0.600988 0.0117163
 82 -0.68 -0.601951 0.0116126
 83 -0.68 -0.602892 0.0115103
 84 -0.52 -0.601905 0.0114152
 85 -0.52 -0.600941 0.0113212
 86 -0.52 -0.6 0.0112283
 87 -0.52 -0.59908 0.0111365
 88 -0.44 -0.597273 0.0111566
 89 -0.52 -0.596404 0.0110647
 90 -0.6 -0.596444 0.0109411
 91 -0.76 -0.598242 0.0109685
 92 -0.52 -0.597391 0.0108819
 93 -0.68 -0.59828 0.0108008
 94 -0.6 -0.598298 0.0106853
 95 -0.68 -0.599158 0.0106072
 96 -0.68 -0.6 0.0105298
 97 -0.52 -0.599175 0.0104533
 98 -0.44 -0.597551 0.0104728
 99 -0.28 -0.594343 0.0108514
 100 -0.6 -0.5944 0.0107425
 101 -0.6 -0.594455 0.0106357
 102 -0.68 -0.595294 0.0105643
 103 -0.68 -0.596117 0.0104935
 104 -0.52 -0.595385 0.0104178
 105 -0.52 -0.594667 0.0103431
 106 -0.6 -0.594717 0.0102452
 107 -0.6 -0.594766 0.0101491
 108 -0.68 -0.595556 0.0100856
 109 -0.44 -0.594128 0.010094
 110 -0.6 -0.594182 0.010002
 111 -0.44 -0.592793 0.0100083
 112 -0.6 -0.592857 0.00991877
 113 -0.44 -0.591504 0.00992324
 114 -0.52 -0.590877 0.00985578
 115 -0.84 -0.593043 0.010007
 116 -0.84 -0.595172 0.0101462
 117 -0.6 -0.595214 0.0100592
 118 -0.6 -0.595254 0.00997368
 119 -0.6 -0.595294 0.00988959
 120 -0.6 -0.595333 0.00980691
 121 -0.68 -0.596033 0.00975067
 122 -0.68 -0.596721 0.00969487
 123 -0.68 -0.597398 0.00963954
 124 -0.68 -0.598065 0.00958466
 125 -0.68 -0.59872 0.00953024
 126 -0.76 -0.6 0.00954056
 127 -0.68 -0.60063 0.00948607
 128 -0.6 -0.600625 0.00941167
 129 -0.52 -0.6 0.00935932
 130 -0.44 -0.598769 0.00936825
 131 -0.28 -0.596336 0.00960965
 132 -0.36 -0.594545 0.00970318
 133 -0.52 -0.593985 0.00964625
 134 -0.6 -0.59403 0.0095741
 135 -0.76 -0.595259 0.00958211
 136 -0.76 -0.596471 0.00958822
 137 -0.6 -0.596496 0.00951801
 138 -0.76 -0.597681 0.00952278
 139 -0.84 -0.599424 0.00961341
 140 -0.76 -0.600571 0.00961316
 141 -0.6 -0.600567 0.00954474
 142 -0.52 -0.6 0.00949425
 143 -0.68 -0.600559 0.00944421
 144 -0.68 -0.601111 0.00939461
 145 -0.52 -0.600552 0.00934635
 146 -0.52 -0.6 0.00929849
 147 -0.76 -0.601088 0.00929894
 148 -0.84 -0.602703 0.00937591
 149 -0.84 -0.604295 0.00944797
 150 -0.84 -0.605867 0.00951541
 151 -0.68 -0.606358 0.00946493
 152 -0.76 -0.607368 0.00945663
 153 -0.76 -0.608366 0.00944743
 154 -0.68 -0.608831 0.00939741
 155 -0.68 -0.60929 0.00934786
 156 -0.6 -0.609231 0.00928794
 157 -0.52 -0.608662 0.00924608
 158 -0.44 -0.607595 0.00924918
 159 -0.6 -0.607547 0.00919095
 160 -0.52 -0.607 0.0091497
 161 -0.36 -0.605466 0.00922121
 162 -0.6 -0.605432 0.00916417
 163 -0.44 -0.604417 0.00916415
 164 -0.52 -0.603902 0.00912263
 165 -0.52 -0.603394 0.00908142
 166 -0.52 -0.602892 0.00904052
 167 -0.52 -0.602395 0.00899992
 168 -0.76 -0.603333 0.00899524
 169 -0.68 -0.603787 0.00895336
 170 -0.68 -0.604235 0.00891182
 171 -0.76 -0.605146 0.00890625
 172 -0.76 -0.606047 0.00889998
 173 -0.68 -0.606474 0.0088587
 174 -0.68 -0.606897 0.00881777
 175 -0.6 -0.606857 0.00876733
 176 -0.76 -0.607727 0.00876069
 177 -0.68 -0.608136 0.00872062
 178 -0.6 -0.60809 0.00867161
 179 -0.52 -0.607598 0.00863706
 180 -0.52 -0.607111 0.00860272
 181 -0.36 -0.605746 0.00866331
 182 -0.52 -0.605275 0.00862845
 183 -0.76 -0.60612 0.00862272
 184 -0.6 -0.606087 0.0085758
 185 -0.68 -0.606486 0.00853867
 186 -0.6 -0.606452 0.00849271
 187 -0.52 -0.605989 0.00845981
 188 -0.52 -0.605532 0.00842711
 189 -0.68 -0.605926 0.00839166
 190 -0.52 -0.605474 0.00835962
 191 -0.68 -0.605864 0.00832489
 192 -0.68 -0.60625 0.00829041
 193 -0.68 -0.606632 0.00825619
 194 -0.6 -0.606598 0.00821359
 195 -0.6 -0.606564 0.00817143
 196 -0.52 -0.606122 0.00814162
 197 -0.6 -0.606091 0.00810025
 198 -0.52 -0.605657 0.00807096
 199 -0.6 -0.605628 0.00803035
 200 -0.68 -0.606 0.00799874
 201 -0.68 -0.606368 0.00796736
 202 -0.76 -0.607129 0.00796422
 203 -0.68 -0.607488 0.00793301
 204 -0.68 -0.607843 0.00790203
 205 -0.52 -0.607415 0.00787506
 206 -0.6 -0.607379 0.00783682
 207 -0.36 -0.606184 0.0078899
 208 -0.52 -0.605769 0.0078628
 209 -0.6 -0.605742 0.00782514
 210 -0.6 -0.605714 0.00778783
 211 -0.68 -0.606066 0.00775883
 212 -0.68 -0.606415 0.00773001
 213 -0.68 -0.606761 0.00770139
 214 -0.6 -0.606729 0.00766538
 215 -0.6 -0.606698 0.00762971
 216 -0.68 -0.607037 0.00760188
 217 -0.52 -0.606636 0.00757739
 218 -0.68 -0.606972 0.00755006
 219 -0.68 -0.607306 0.0075229
 220 -0.76 -0.608 0.00752072
 221 -0.84 -0.60905 0.00755985
 222 -0.6 -0.609009 0.00752583
 223 -0.76 -0.609686 0.00752254
 224 -0.76 -0.610357 0.00751889
 225 -0.6 -0.610311 0.00748554
 226 -0.68 -0.610619 0.00745872
 227 -0.6 -0.610573 0.00742594
 228 -0.68 -0.610877 0.00739956
 229 -0.68 -0.611179 0.00737336
 230 -0.76 -0.611826 0.00736969
 231 -0.68 -0.612121 0.00734365
 232 -0.6 -0.612069 0.00731212
 233 -0.68 -0.612361 0.0072865
 234 -0.52 -0.611966 0.00726603
 235 -0.68 -0.612255 0.00724083
 236 -0.52 -0.611864 0.00722067
 237 -0.6 -0.611814 0.00719032
 238 -0.76 -0.612437 0.00718706
 239 -0.76 -0.613054 0.00718351
 240 -0.76 -0.613667 0.00717967
 241 -0.6 -0.61361 0.00715004
 242 -0.6 -0.613554 0.00712066
 243 -0.44 -0.61284 0.00712717
 244 -0.44 -0.612131 0.00713316
 245 -0.6 -0.612082 0.00710416
 246 -0.68 -0.612358 0.0070806
 247 -0.6 -0.612308 0.00705206
 248 -0.6 -0.612258 0.00702374
 249 -0.52 -0.611888 0.00700528
 250 -0.6 -0.61184 0.00697736
 251 -0.68 -0.612112 0.00695481
 252 -0.76 -0.612698 0.00695197
 253 -0.68 -0.612964 0.00692955
 254 -0.68 -0.613228 0.00690726
 255 -0.6 -0.613176 0.00688031
 256 -0.76 -0.61375 0.00687734
 257 -0.68 -0.614008 0.00685538
 258 -0.6 -0.613953 0.00682897
 259 -0.68 -0.614208 0.00680733
 260 -0.76 -0.614769 0.00680424
 261 -0.68 -0.615019 0.00678273
 262 -0.52 -0.614656 0.00676651
 263 -0.52 -0.614297 0.00675034
 264 -0.68 -0.614545 0.00672932
 265 -0.68 -0.614792 0.00670843
 266 -0.76 -0.615338 0.00670542
 267 -0.68 -0.615581 0.00668465
 268 -0.6 -0.615522 0.00665991
 269 -0.6 -0.615465 0.00663536
 270 -0.6 -0.615407 0.00661099
 271 -0.6 -0.615351 0.00658679
 272 -0.68 -0.615588 0.00656683
 273 -0.76 -0.616117 0.00656409
 274 -0.68 -0.61635 0.00654424
 275 -0.52 -0.616 0.00652981
 276 -0.68 -0.616232 0.00651023
 277 -0.6 -0.616173 0.00648695
 278 -0.68 -0.616403 0.00646765
 279 -0.76 -0.616918 0.00646495
 280 -0.76 -0.617429 0.00646206
 281 -0.68 -0.617651 0.00644287
 282 -0.68 -0.617872 0.00642379
 283 -0.68 -0.618092 0.00640481
 284 -0.68 -0.61831 0.00638594
 285 -0.6 -0.618246 0.00636382
 286 -0.44 -0.617622 0.00637208
 287 -0.52 -0.617282 0.00635894
 288 -0.6 -0.617222 0.00633711
 289 -0.36 -0.616332 0.00637755
 290 -0.36 -0.615448 0.0064167
 291 -0.44 -0.614845 0.00642297
 292 -0.52 -0.614521 0.00640917
 293 -0.6 -0.614471 0.00638745
 294 -0.52 -0.61415 0.00637379
 295 -0.76 -0.614644 0.00637136
 296 -0.68 -0.614865 0.00635364
 297 -0.6 -0.614815 0.00633241
 298 -0.68 -0.615034 0.00631491
 299 -0.6 -0.614983 0.00629395
 300 -0.52 -0.614667 0.00628092
 301 -0.52 -0.614352 0.00626792
 302 -0.52 -0.61404 0.00625494
 303 -0.68 -0.614257 0.00623806
 304 -0.76 -0.614737 0.00623596
 305 -0.52 -0.614426 0.00622324
 306 -0.44 -0.613856 0.006229
 307 -0.6 -0.613811 0.00620884
 308 -0.6 -0.613766 0.00618882
 309 -0.68 -0.613981 0.00617248
 310 -0.76 -0.614452 0.00617054
 311 -0.76 -0.61492 0.00616845
 312 -0.68 -0.615128 0.00615218
 313 -0.76 -0.615591 0.00614993
 314 -0.76 -0.616051 0.00614754
 315 -0.76 -0.616508 0.00614501
 316 -0.68 -0.616709 0.00612883
 317 -0.68 -0.616909 0.00611273
 318 -0.52 -0.616604 0.00610109
 319 -0.68 -0.616803 0.00608518
 320 -0.52 -0.6165 0.00607367
 321 -0.68 -0.616698 0.00605795
 322 -0.84 -0.617391 0.0060788
 323 -0.68 -0.617585 0.00606305
 324 -0.6 -0.617531 0.00604455
 325 -0.76 -0.617969 0.00604184
 326 -0.52 -0.617669 0.00603078
 327 -0.52 -0.61737 0.00601972
 328 -0.52 -0.617073 0.00600868
 329 -0.6 -0.617021 0.00599061
 330 -0.52 -0.616727 0.00597966
 331 -0.6 -0.616677 0.00596178
 332 -0.68 -0.616867 0.00594686
 333 -0.68 -0.617057 0.005932
 334 -0.76 -0.617485 0.00592968
 335 -0.76 -0.61791 0.00592724
 336 -0.52 -0.617619 0.00591675
 337 -0.76 -0.618042 0.00591428
 338 -0.52 -0.617751 0.00590388
 339 -0.84 -0.618407 0.00592284
 340 -0.84 -0.619059 0.00594125
 341 -0.52 -0.618768 0.00593092
 342 -0.68 -0.618947 0.00591626
 343 -0.68 -0.619125 0.00590167
 344 -0.68 -0.619302 0.00588715
 345 -0.6 -0.619246 0.00587033
 346 -0.68 -0.619422 0.00585597
 347 -0.76 -0.619827 0.00585311
 348 -0.76 -0.62023 0.00585015
 349 -0.76 -0.62063 0.00584709
 350 -0.68 -0.6208 0.00583283
 351 -0.68 -0.620969 0.00581863
 352 -0.76 -0.621364 0.00581551
 353 -0.6 -0.621303 0.00579933
 354 -0.6 -0.621243 0.00578323
 355 -0.44 -0.620732 0.00578947
 356 -0.44 -0.620225 0.00579547
 357 -0.36 -0.619496 0.005825
 358 -0.6 -0.619441 0.00580896
 359 -0.44 -0.618942 0.00581428
 360 -0.36 -0.618222 0.00584255
 361 -0.44 -0.617729 0.00584722
 362 -0.52 -0.617459 0.0058373
 363 -0.68 -0.617631 0.00582374
 364 -0.68 -0.617802 0.00581025
 365 -0.6 -0.617753 0.00579451
 366 -0.52 -0.617486 0.00578483
 367 -0.6 -0.617439 0.00576924
 368 -0.68 -0.617609 0.00575605
 369 -0.84 -0.618211 0.00577198
 370 -0.76 -0.618595 0.0057691
 371 -0.68 -0.61876 0.00575591
 372 -0.76 -0.61914 0.00575296
 373 -0.6 -0.619088 0.00573775
 374 -0.2 -0.617968 0.00583107
 375 -0.44 -0.617493 0.00583483
 376 -0.68 -0.61766 0.00582166
 377 -0.68 -0.617825 0.00580856
 378 -0.52 -0.617566 0.00579895
 379 -0.52 -0.617309 0.00578935
 380 -0.36 -0.616632 0.00581366
 381 -0.44 -0.616168 0.00581689
 382 -0.6 -0.616126 0.0058018
 383 -0.28 -0.615248 0.0058528
 384 -0.44 -0.614792 0.00585535
 385 -0.44 -0.614338 0.00585774
 386 -0.52 -0.614093 0.00584766
 387 -0.68 -0.614264 0.00583501
 388 -0.6 -0.614227 0.00582007
 389 -0.68 -0.614396 0.00580755
 390 -0.68 -0.614564 0.00579508
 391 -0.52 -0.614322 0.0057853
 392 -0.68 -0.61449 0.00577296
 393 -0.76 -0.61486 0.00577014
 394 -0.6 -0.614822 0.0057556
 395 -0.68 -0.614987 0.00574338
 396 -0.6 -0.614949 0.00572898
 397 -0.44 -0.614509 0.0057315
 398 -0.52 -0.614271 0.00572201
 399 -0.36 -0.613634 0.00574312
 400 -0.44 -0.6132 0.00574516
 401 -0.44 -0.612768 0.00574707
 402 -0.6 -0.612736 0.00573285
 403 -0.76 -0.613102 0.00573027
 404 -0.76 -0.613465 0.00572762
 405 -0.44 -0.613037 0.00572949
 406 -0.52 -0.612808 0.00571995
 407 -0.44 -0.612383 0.00572166
 408 -0.44 -0.611961 0.00572323
 409 -0.44 -0.61154 0.00572468
 410 -0.52 -0.611317 0.00571507
 411 -0.68 -0.611484 0.00570359
 412 -0.52 -0.611262 0.00569406
 413 -0.68 -0.611429 0.0056827
 414 -0.36 -0.610821 0.00570139
 415 -0.52 -0.610602 0.00569185
 416 -0.44 -0.610192 0.00569294
 417 -0.6 -0.610168 0.00567932
 418 -0.6 -0.610144 0.00566577
 419 -0.6 -0.610119 0.00565229
 420 -0.52 -0.609905 0.00564289
 421 -0.6 -0.609881 0.00562952
 422 -0.68 -0.610047 0.00561862
 423 -0.52 -0.609835 0.00560937
 424 -0.6 -0.609811 0.00559617
 425 -0.6 -0.609788 0.00558303
 426 -0.52 -0.609577 0.0055739
 427 -0.6 -0.609555 0.00556087
 428 -0.6 -0.609533 0.00554791
 429 -0.68 -0.609697 0.0055374
 430 -0.6 -0.609674 0.00552455
 431 -0.6 -0.609652 0.00551177
 432 -0.68 -0.609815 0.0055014
 433 -0.68 -0.609977 0.00549108
 434 -0.68 -0.610138 0.00548079
 435 -0.44 -0.609747 0.00548214
 436 -0.68 -0.609908 0.00547193
 437 -0.76 -0.610252 0.00547018
 438 -0.44 -0.609863 0.00547151
 439 -0.6 -0.609841 0.00545907
 440 -0.6 -0.609818 0.0054467
 441 -0.52 -0.609615 0.00543815
 442 -0.44 -0.609231 0.00543938
 443 -0.68 -0.609391 0.00542944
 444 -0.68 -0.60955 0.00541953
 445 -0.68 -0.609708 0.00540966
 446 -0.6 -0.609686 0.00539756
 447 -0.52 -0.609485 0.00538921
 448 -0.36 -0.608929 0.00540592
 449 -0.44 -0.608552 0.00540698
 450 -0.68 -0.608711 0.00539728
 451 -0.44 -0.608337 0.00539828
 452 -0.6 -0.608319 0.00538636
 453 -0.36 -0.60777 0.00540233
 454 -0.44 -0.607401 0.00540307
 455 -0.44 -0.607033 0.00540373
 456 -0.52 -0.606842 0.00539524
 457 -0.6 -0.606827 0.00538344
 458 -0.68 -0.606987 0.00537405
 459 -0.6 -0.606972 0.00536235
 460 -0.52 -0.606783 0.00535402
 461 -0.6 -0.606768 0.00534241
 462 -0.76 -0.6071 0.00534114
 463 -0.6 -0.607084 0.00532962
 464 -0.44 -0.606724 0.0053303
 465 -0.52 -0.606538 0.00532209
 466 -0.6 -0.606524 0.00531068
 467 -0.68 -0.606681 0.00530163
 468 -0.68 -0.606838 0.00529261
 469 -0.68 -0.606994 0.00528361
 470 -0.6 -0.606979 0.00527238
 471 -0.68 -0.607134 0.00526346
 472 -0.76 -0.607458 0.00526227
 473 -0.68 -0.607611 0.00525337
 474 -0.76 -0.607932 0.00525213
 475 -0.68 -0.608084 0.00524325
 476 -0.6 -0.608067 0.00523225
 477 -0.76 -0.608386 0.00523098
 478 -0.84 -0.60887 0.00524247
 479 -0.76 -0.609186 0.00524101
 480 -0.68 -0.609333 0.00523217
 481 -0.76 -0.609647 0.00523066
 482 -0.6 -0.609627 0.00521984
 483 -0.84 -0.610104 0.00523081
 484 -0.76 -0.610413 0.00522917
 485 -0.76 -0.610722 0.00522749
 486 -0.84 -0.611193 0.00523801
 487 -0.76 -0.611499 0.00523616
 488 -0.6 -0.611475 0.00522548
 489 -0.6 -0.611452 0.00521483
 490 -0.52 -0.611265 0.00520752
 491 -0.6 -0.611242 0.00519696
 492 -0.68 -0.611382 0.00518827
 493 -0.68 -0.611521 0.0051796
 494 -0.68 -0.61166 0.00517096
 495 -0.68 -0.611798 0.00516235
 496 -0.76 -0.612097 0.00516059
 497 -0.6 -0.612072 0.00515026
 498 -0.68 -0.612209 0.00514171
 499 -0.68 -0.612345 0.0051332
 500 -0.68 -0.61248 0.00512471
 501 -0.36 -0.611976 0.00513924
 502 -0.6 -0.611952 0.00512904
 503 -0.6 -0.611928 0.00511889
 504 -0.68 -0.612063 0.00511051
 505 -0.68 -0.612198 0.00510215
 506 -0.68 -0.612332 0.00509382
 507 -0.68 -0.612465 0.00508552
 508 -0.6 -0.612441 0.00507556
 509 -0.52 -0.612259 0.00506883
 510 -0.76 -0.612549 0.00506717
 511 -0.76 -0.612838 0.00506547
 512 -0.52 -0.612656 0.00505882
 513 -0.52 -0.612476 0.00505218
 514 -0.6 -0.612451 0.00504239
 515 -0.68 -0.612583 0.0050343
 516 -0.68 -0.612713 0.00502624
 517 -0.6 -0.612689 0.00501656
 518 -0.52 -0.61251 0.00501007
 519 -0.6 -0.612486 0.00500046
 520 -0.6 -0.612462 0.00499089
 521 -0.52 -0.612284 0.00498447
 522 -0.44 -0.611954 0.00498584
 523 -0.36 -0.611472 0.00499957
 524 -0.6 -0.61145 0.00499006
 525 -0.6 -0.611429 0.0049806
 526 -0.44 -0.611103 0.00498179
 527 -0.36 -0.610626 0.00499511
 528 -0.36 -0.610152 0.00500818
 529 -0.76 -0.610435 0.00500673
 530 -0.76 -0.610717 0.00500523
 531 -0.76 -0.610998 0.0050037
 532 -0.6 -0.610977 0.00499433
 533 -0.76 -0.611257 0.00499279
 534 -0.68 -0.611386 0.00498509
 535 -0.6 -0.611364 0.00497581
 536 -0.36 -0.610896 0.00498861
 537 -0.44 -0.610577 0.00498947
 538 -0.44 -0.61026 0.00499027
 539 -0.52 -0.610093 0.00498382
 540 -0.52 -0.609926 0.00497738
 541 -0.44 -0.609612 0.00497809
 542 -0.52 -0.609446 0.00497164
 543 -0.52 -0.609282 0.00496521
 544 -0.44 -0.608971 0.00496583
 545 -0.52 -0.608807 0.0049594
 546 -0.68 -0.608938 0.00495203
 547 -0.68 -0.609068 0.00494467
 548 -0.44 -0.608759 0.00494527
 549 -0.6 -0.608743 0.00493628
 550 -0.68 -0.608873 0.004929
 551 -0.44 -0.608566 0.00492959
 552 -0.84 -0.608986 0.00493848
 553 -0.84 -0.609403 0.00494721
 554 -0.68 -0.609531 0.00493991
 555 -0.84 -0.609946 0.00494846
 556 -0.84 -0.61036 0.00495685
 557 -0.76 -0.610628 0.00495523
 558 -0.68 -0.610753 0.00494791
 559 -0.76 -0.61102 0.00494626
 560 -0.6 -0.611 0.00493746
 561 -0.76 -0.611266 0.0049358
 562 -0.76 -0.61153 0.00493411
 563 -0.6 -0.61151 0.00492538
 564 -0.44 -0.611206 0.00492604
 565 -0.6 -0.611186 0.00491735
 566 -0.6 -0.611166 0.00490869
 567 -0.6 -0.611146 0.00490007
 568 -0.68 -0.611268 0.00489294
 569 -0.76 -0.611529 0.00489132
 570 -0.76 -0.611789 0.00488967
 571 -0.76 -0.612049 0.004888
 572 -0.68 -0.612168 0.00488089
 573 -0.68 -0.612286 0.0048738
 574 -0.6 -0.612265 0.00486535
 575 -0.68 -0.612383 0.00485831
 576 -0.68 -0.6125 0.00485129
 577 -0.44 -0.612201 0.00485209
 578 -0.6 -0.61218 0.00484374
 579 -0.6 -0.612159 0.00483541
 580 -0.6 -0.612138 0.00482711
 581 -0.44 -0.611842 0.0048279
 582 -0.52 -0.611684 0.00482218
 583 -0.76 -0.611938 0.00482062
 584 -0.68 -0.612055 0.00481377
 585 -0.6 -0.612034 0.00480557
 586 -0.6 -0.612014 0.00479741
 587 -0.52 -0.611857 0.0047918
 588 -0.76 -0.612109 0.00479027
 589 -0.68 -0.612224 0.00478352
 590 -0.6 -0.612203 0.00477545
 591 -0.6 -0.612183 0.00476741
 592 -0.52 -0.612027 0.00476189
 593 -0.28 -0.611467 0.00478672
 594 -0.68 -0.611582 0.00478004
 595 -0.68 -0.611697 0.00477339
 596 -0.68 -0.611812 0.00476675
 597 -0.68 -0.611926 0.00476013
 598 -0.6 -0.611906 0.0047522
 599 -0.68 -0.61202 0.00474563
 600 -0.68 -0.612133 0.00473906
 601 -0.68 -0.612246 0.00473252
 602 -0.52 -0.612093 0.00472714
 603 -0.6 -0.612073 0.00471933
 604 -0.6 -0.612053 0.00471156
 605 -0.68 -0.612165 0.0047051
 606 -0.76 -0.612409 0.00470366
 607 -0.6 -0.612389 0.00469595
 608 -0.6 -0.612368 0.00468827
 609 -0.52 -0.612217 0.00468302
 610 -0.52 -0.612066 0.00467778
 611 -0.52 -0.611915 0.00467255
 612 -0.6 -0.611895 0.00466495
 613 -0.6 -0.611876 0.00465737
 614 -0.68 -0.611987 0.0046511
 615 -0.52 -0.611837 0.00464594
 616 -0.68 -0.611948 0.00463971
 617 -0.68 -0.612058 0.0046335
 618 -0.76 -0.612298 0.00463219
 619 -0.6 -0.612278 0.00462474
 620 -0.6 -0.612258 0.00461732
 621 -0.6 -0.612238 0.00460992
 622 -0.76 -0.612476 0.00460863
 623 -0.6 -0.612456 0.00460127
 624 -0.68 -0.612564 0.00459516
 625 -0.76 -0.6128 0.00459386
 626 -0.68 -0.612907 0.00458778
 627 -0.68 -0.613014 0.0045817
 628 -0.68 -0.613121 0.00457564
 629 -0.68 -0.613227 0.0045696
 630 -0.6 -0.613206 0.00456239
 631 -0.52 -0.613059 0.00455755
 632 -0.76 -0.613291 0.00455627
 633 -0.76 -0.613523 0.00455496
 634 -0.68 -0.613628 0.00454898
 635 -0.6 -0.613606 0.00454186
 636 -0.28 -0.613082 0.00456495
 637 -0.52 -0.612936 0.00456012
 638 -0.52 -0.61279 0.0045553
 639 -0.6 -0.61277 0.00454821
 640 -0.68 -0.612875 0.00454231
 641 -0.68 -0.61298 0.00453643
 642 -0.6 -0.61296 0.0045294
 643 -0.68 -0.613064 0.00452356
 644 -0.76 -0.613292 0.00452229
 645 -0.76 -0.613519 0.00452099
 646 -0.76 -0.613746 0.00451968
 647 -0.68 -0.613849 0.00451385
 648 -0.6 -0.613827 0.00450693
 649 -0.68 -0.613929 0.00450114
 650 -0.68 -0.614031 0.00449536
 651 -0.68 -0.614132 0.00448959
 652 -0.6 -0.61411 0.00448275
 653 -0.6 -0.614089 0.00447593
 654 -0.52 -0.613945 0.0044714
 655 -0.6 -0.613924 0.00446462
 656 -0.76 -0.614146 0.00446336
 657 -0.68 -0.614247 0.00445769
 658 -0.68 -0.614347 0.00445203
 659 -0.6 -0.614325 0.00444533
 660 -0.68 -0.614424 0.0044397
 661 -0.68 -0.614523 0.00443409
 662 -0.6 -0.614502 0.00442744
 663 -0.6 -0.61448 0.00442081
 664 -0.6 -0.614458 0.0044142
 665 -0.6 -0.614436 0.00440761
 666 -0.52 -0.614294 0.00440327
 667 -0.6 -0.614273 0.00439672
 668 -0.52 -0.614132 0.0043924
 669 -0.6 -0.614111 0.00438588
 670 -0.68 -0.614209 0.00438043
 671 -0.68 -0.614307 0.004375
 672 -0.68 -0.614405 0.00436958
 673 -0.68 -0.614502 0.00436417
 674 -0.6 -0.614481 0.00435774
 675 -0.68 -0.614578 0.00435236
 676 -0.68 -0.614675 0.004347
 677 -0.68 -0.614771 0.00434165
 678 -0.6 -0.614749 0.00433529
 679 -0.52 -0.61461 0.00433115
 680 -0.6 -0.614588 0.00432483
 681 -0.52 -0.614449 0.00432071
 682 -0.52 -0.614311 0.00431659
 683 -0.68 -0.614407 0.00431134
 684 -0.6 -0.614386 0.00430508
 685 -0.44 -0.614131 0.00430632
 686 -0.52 -0.613994 0.00430223
 687 -0.6 -0.613974 0.00429601
 688 -0.52 -0.613837 0.00429194
 689 -0.52 -0.613701 0.00428787
 690 -0.68 -0.613797 0.00428273
 691 -0.52 -0.613661 0.00427868
 692 -0.76 -0.613873 0.00427772
 693 -0.68 -0.613968 0.00427261
 694 -0.6 -0.613948 0.0042665
 695 -0.52 -0.613813 0.0042625
 696 -0.52 -0.613678 0.0042585
 697 -0.6 -0.613659 0.00425243
 698 -0.6 -0.613639 0.00424638
 699 -0.36 -0.613276 0.0042558
 700 -0.36 -0.612914 0.00426509
 701 -0.28 -0.612439 0.0042854
 702 -0.36 -0.61208 0.00429437
 703 -0.36 -0.611721 0.00430322
 704 -0.52 -0.611591 0.00429908
 705 -0.6 -0.611574 0.00429301
 706 -0.76 -0.611785 0.00429208
 707 -0.52 -0.611655 0.00428797
 708 -0.52 -0.611525 0.00428386
 709 -0.44 -0.611283 0.00428465
 710 -0.68 -0.61138 0.00427971
 711 -0.6 -0.611364 0.00427372
 712 -0.44 -0.611124 0.00427449
 713 -0.6 -0.611108 0.00426852
 714 -0.52 -0.61098 0.00426445
 715 -0.6 -0.610965 0.00425851
 716 -0.52 -0.610838 0.00425445
 717 -0.68 -0.610934 0.00424961
 718 -0.6 -0.610919 0.00424371
 719 -0.52 -0.610793 0.00423969
 720 -0.68 -0.610889 0.00423489
 721 -0.52 -0.610763 0.00423089
 722 -0.6 -0.610748 0.00422505
 723 -0.6 -0.610733 0.00421923
 724 -0.6 -0.610718 0.00421343
 725 -0.6 -0.610703 0.00420764
 726 -0.52 -0.610579 0.00420369
 727 -0.68 -0.610674 0.00419899
 728 -0.68 -0.610769 0.0041943
 729 -0.68 -0.610864 0.00418962
 730 -0.6 -0.610849 0.00418391
 731 -0.68 -0.610944 0.00417925
 732 -0.68 -0.611038 0.0041746
 733 -0.76 -0.611241 0.00417385
 734 -0.68 -0.611335 0.00416922
 735 -0.6 -0.61132 0.00416357
 736 -0.76 -0.611522 0.00416281
 737 -0.6 -0.611506 0.00415719
 738 -0.6 -0.611491 0.00415158
 739 -0.6 -0.611475 0.00414599
 740 -0.6 -0.611459 0.00414041
 741 -0.68 -0.611552 0.00413585
 742 -0.76 -0.611752 0.00413512
 743 -0.6 -0.611736 0.00412958
 744 -0.68 -0.611828 0.00412505
 745 -0.52 -0.611705 0.00412135
 746 -0.68 -0.611796 0.00411684
 747 -0.68 -0.611888 0.00411234
 748 -0.76 -0.612086 0.00411161
 749 -0.6 -0.612069 0.00410615
 750 -0.6 -0.612053 0.0041007
 751 -0.6 -0.612037 0.00409527
 752 -0.68 -0.612128 0.00409082
 753 -0.68 -0.612218 0.00408637
 754 -0.68 -0.612308 0.00408194
 755 -0.76 -0.612503 0.00408122
 756 -0.68 -0.612593 0.0040768
 757 -0.68 -0.612682 0.00407238
 758 -0.6 -0.612665 0.00406704
 759 -0.6 -0.612648 0.00406171
 760 -0.6 -0.612632 0.0040564
 761 -0.52 -0.61251 0.00405289
 762 -0.2 -0.611969 0.00408361
 763 -0.6 -0.611953 0.00407829
 764 -0.76 -0.612147 0.00407755
 765 -0.6 -0.612131 0.00407225
 766 -0.52 -0.61201 0.00406871
 767 -0.68 -0.612099 0.00406437
 768 -0.6 -0.612083 0.0040591
 769 -0.52 -0.611964 0.00405559
 770 -0.6 -0.611948 0.00405035
 771 -0.52 -0.611829 0.00404685
 772 -0.6 -0.611813 0.00404163
 773 -0.52 -0.611695 0.00403815
 774 -0.52 -0.611576 0.00403467
 775 -0.44 -0.611355 0.00403553
 776 -0.6 -0.61134 0.00403036
 777 -0.44 -0.61112 0.0040312
 778 -0.6 -0.611105 0.00402604
 779 -0.68 -0.611194 0.00402184
 780 -0.68 -0.611282 0.00401765
 781 -0.68 -0.61137 0.00401347
 782 -0.6 -0.611355 0.00400836
 783 -0.6 -0.611341 0.00400326
 784 -0.68 -0.611429 0.00399911
 785 -0.6 -0.611414 0.00399404
 786 -0.6 -0.611399 0.00398898
 787 -0.68 -0.611487 0.00398487
 788 -0.52 -0.611371 0.0039815
 789 -0.44 -0.611153 0.00398238
 790 -0.52 -0.611038 0.00397901
 791 -0.6 -0.611024 0.003974
 792 -0.68 -0.611111 0.00396993
 793 -0.6 -0.611097 0.00396495
 794 -0.68 -0.611184 0.0039609
 795 -0.68 -0.61127 0.00395686
 796 -0.68 -0.611357 0.00395283
 797 -0.52 -0.611242 0.00394953
 798 -0.6 -0.611228 0.00394461
 799 -0.44 -0.611014 0.00394549
 800 -0.6 -0.611 0.00394058
 801 -0.68 -0.611086 0.0039366
 802 -0.76 -0.611272 0.00393607
 803 -0.68 -0.611357 0.0039321
 804 -0.84 -0.611642 0.00393749
 805 -0.68 -0.611727 0.00393351
 806 -0.68 -0.611811 0.00392954
 807 -0.76 -0.611995 0.00392896
 808 -0.68 -0.612079 0.003925
 809 -0.68 -0.612163 0.00392104
 810 -0.68 -0.612247 0.00391709
 811 -0.6 -0.612232 0.00391229
 812 -0.52 -0.612118 0.00390912
 813 -0.52 -0.612005 0.00390595
 814 -0.6 -0.61199 0.00390118
 815 -0.44 -0.611779 0.0039021
 816 -0.6 -0.611765 0.00389734
 817 -0.68 -0.611848 0.00389346
 818 -0.68 -0.611932 0.00388959
 819 -0.68 -0.612015 0.00388573
 820 -0.6 -0.612 0.00388101
 821 -0.36 -0.611693 0.00388842
 822 -0.52 -0.611582 0.00388529
 823 -0.76 -0.611762 0.00388475
 824 -0.68 -0.611845 0.00388092
 825 -0.76 -0.612024 0.00388037
 826 -0.76 -0.612203 0.00387981
 827 -0.76 -0.612382 0.00387923
 828 -0.76 -0.61256 0.00387864
 829 -0.68 -0.612642 0.00387481
 830 -0.44 -0.612434 0.00387573
 831 -0.44 -0.612226 0.00387662
 832 -0.52 -0.612115 0.00387354
 833 -0.6 -0.612101 0.00386892
 834 -0.76 -0.612278 0.00386834
 835 -0.6 -0.612263 0.00386374
 836 -0.44 -0.612057 0.00386461
 837 -0.52 -0.611947 0.00386155
 838 -0.52 -0.611838 0.0038585
 839 -0.6 -0.611824 0.00385393
 840 -0.44 -0.611619 0.00385477
 841 -0.68 -0.6117 0.00385104
 842 -0.6 -0.611686 0.00384649
 843 -0.76 -0.611862 0.00384595
 844 -0.76 -0.612038 0.0038454
 845 -0.76 -0.612213 0.00384483
 846 -0.68 -0.612293 0.00384112
 847 -0.68 -0.612373 0.00383742
 848 -0.76 -0.612547 0.00383684
 849 -0.76 -0.612721 0.00383625
 850 -0.84 -0.612988 0.00384105
 851 -0.76 -0.613161 0.00384043
 852 -0.68 -0.613239 0.00383672
 853 -0.84 -0.613505 0.00384143
 854 -0.6 -0.613489 0.00383696
 855 -0.52 -0.61338 0.00383403
 856 -0.6 -0.613364 0.00382958
 857 -0.68 -0.613442 0.0038259
 858 -0.44 -0.61324 0.00382678
 859 -0.52 -0.613132 0.00382386
 860 -0.52 -0.613023 0.00382095
 861 -0.44 -0.612822 0.00382179
 862 -0.36 -0.612529 0.00382861
 863 -0.44 -0.612329 0.00382939
 864 -0.52 -0.612222 0.00382645
 865 -0.68 -0.612301 0.00382283
 866 -0.44 -0.612102 0.00382359
 867 -0.68 -0.61218 0.00381998
 868 -0.36 -0.611889 0.00382662
 869 -0.52 -0.611784 0.00382368
 870 -0.6 -0.61177 0.0038193
 871 -0.6 -0.611757 0.00381494
 872 -0.68 -0.611835 0.00381137
 873 -0.68 -0.611913 0.0038078
 874 -0.52 -0.611808 0.00380489
 875 -0.6 -0.611794 0.00380057
 876 -0.52 -0.611689 0.00379767
 877 -0.52 -0.611585 0.00379478
 878 -0.52 -0.611481 0.00379189
 879 -0.68 -0.611559 0.00378838
 880 -0.68 -0.611636 0.00378487
 881 -0.68 -0.611714 0.00378136
 882 -0.6 -0.611701 0.0037771
 883 -0.52 -0.611597 0.00377425
 884 -0.6 -0.611584 0.00377
 885 -0.6 -0.611571 0.00376576
 886 -0.76 -0.611738 0.00376524
 887 -0.6 -0.611725 0.00376101
 888 -0.52 -0.611622 0.00375819
 889 -0.52 -0.611519 0.00375538
 890 -0.44 -0.611326 0.0037561
 891 -0.68 -0.611403 0.00375268
 892 -0.68 -0.61148 0.00374926
 893 -0.76 -0.611646 0.00374875
 894 -0.6 -0.611633 0.00374457
 895 -0.28 -0.611263 0.0037587
 896 -0.28 -0.610893 0.00377266
 897 -0.6 -0.610881 0.00376847
 898 -0.68 -0.610958 0.00376506
 899 -0.68 -0.611034 0.00376165
 900 -0.76 -0.6112 0.00376111
 901 -0.68 -0.611276 0.00375771
 902 -0.6 -0.611264 0.00375356
 903 -0.52 -0.611163 0.00375077
 904 -0.68 -0.611239 0.00374739
 905 -0.6 -0.611227 0.00374327
 906 -0.6 -0.611214 0.00373915
 907 -0.6 -0.611202 0.00373505
 908 -0.6 -0.611189 0.00373095
 909 -0.6 -0.611177 0.00372687
 910 -0.76 -0.611341 0.00372636
 911 -0.76 -0.611504 0.00372584
 912 -0.52 -0.611404 0.00372311
 913 -0.52 -0.611303 0.00372037
 914 -0.6 -0.611291 0.00371632
 915 -0.6 -0.611279 0.00371228
 916 -0.52 -0.611179 0.00370956
 917 -0.76 -0.611341 0.00370907
 918 -0.84 -0.61159 0.00371339
 919 -0.6 -0.611578 0.00370937
 920 -0.6 -0.611565 0.00370535
 921 -0.6 -0.611553 0.00370135
 922 -0.44 -0.611367 0.00370201
 923 -0.52 -0.611268 0.00369932
 924 -0.52 -0.611169 0.00369664
 925 -0.68 -0.611243 0.00369339
 926 -0.6 -0.611231 0.00368942
 927 -0.68 -0.611305 0.00368618
 928 -0.68 -0.611379 0.00368295
 929 -0.6 -0.611367 0.00367901
 930 -0.28 -0.611011 0.00369228
 931 -0.52 -0.610913 0.00368961
 932 -0.52 -0.610815 0.00368694
 933 -0.44 -0.610632 0.00368753
 934 -0.6 -0.610621 0.0036836
 935 -0.68 -0.610695 0.00368041
 936 -0.52 -0.610598 0.00367775
 937 -0.52 -0.610502 0.00367509
 938 -0.52 -0.610405 0.00367244
 939 -0.52 -0.610309 0.00366979
 940 -0.6 -0.610298 0.0036659
 941 -0.68 -0.610372 0.00366275
 942 -0.76 -0.610531 0.00366231
 943 -0.84 -0.610774 0.00366651
 944 -0.76 -0.610932 0.00366603
 945 -0.76 -0.61109 0.00366554
 946 -0.52 -0.610994 0.00366293
 947 -0.6 -0.610982 0.00365908
 948 -0.52 -0.610886 0.00365648
 949 -0.6 -0.610875 0.00365264
 950 -0.6 -0.610863 0.00364881
 951 -0.68 -0.610936 0.0036457
 952 -0.76 -0.611092 0.00364523
 953 -0.76 -0.611249 0.00364476
 954 -0.76 -0.611405 0.00364427
 955 -0.6 -0.611393 0.00364047
 956 -0.6 -0.611381 0.00363668
 957 -0.68 -0.611452 0.00363359
 958 -0.76 -0.611608 0.0036331
 959 -0.76 -0.611762 0.00363261
 960 -0.76 -0.611917 0.00363211
 961 -0.68 -0.611988 0.00362902
 962 -0.52 -0.611892 0.0036265
 963 -0.68 -0.611963 0.00362343
 964 -0.68 -0.612033 0.00362035
 965 -0.68 -0.612104 0.00361729
 966 -0.68 -0.612174 0.00361422
 967 -0.68 -0.612244 0.00361117
 968 -0.76 -0.612397 0.00361066
 969 -0.76 -0.612549 0.00361015
 970 -0.76 -0.612701 0.00360963
 971 -0.6 -0.612688 0.00360593
 972 -0.52 -0.612593 0.00360348
 973 -0.6 -0.61258 0.0035998
 974 -0.36 -0.61232 0.00360544
 975 -0.52 -0.612226 0.00360298
 976 -0.76 -0.612377 0.00360247
 977 -0.68 -0.612446 0.00359945
 978 -0.6 -0.612434 0.00359579
 979 -0.68 -0.612503 0.00359278
 980 -0.6 -0.61249 0.00358913
 981 -0.52 -0.612396 0.00358671
 982 -0.44 -0.61222 0.00358736
 983 -0.68 -0.612289 0.00358437
 984 -0.6 -0.612276 0.00358074
 985 -0.84 -0.612508 0.00358457
 986 -0.52 -0.612414 0.00358216
 987 -0.6 -0.612401 0.00357855
 988 -0.68 -0.61247 0.00357558
 989 -0.6 -0.612457 0.00357199
 990 -0.52 -0.612364 0.0035696
 991 -0.68 -0.612432 0.00356665
 992 -0.6 -0.612419 0.00356307
 993 -0.6 -0.612407 0.00355951
 994 -0.44 -0.612233 0.00356015
 995 -0.52 -0.612141 0.00355778
 996 -0.68 -0.612209 0.00355486
 997 -0.68 -0.612277 0.00355194
 998 -0.68 -0.612345 0.00354903
 999 -0.76 -0.612492 0.00354856
 1000 -0.84 -0.61272 0.0035523
 1001 -0.76 -0.612867 0.0035518
 1002 -0.52 -0.612774 0.00354946
 1003 -0.68 -0.612841 0.00354655
 1004 -0.76 -0.612988 0.00354605
 1005 -0.76 -0.613134 0.00354554
 1006 -0.76 -0.61328 0.00354502
 1007 -0.68 -0.613347 0.00354212
 1008 -0.76 -0.613492 0.00354159
 1009 -0.76 -0.613637 0.00354106
 1010 -0.68 -0.613703 0.00353816
 1011 -0.68 -0.613769 0.00353527
 1012 -0.6 -0.613755 0.0035318
 1013 -0.6 -0.613741 0.00352834
 1014 -0.6 -0.613728 0.00352488
 1015 -0.6 -0.613714 0.00352143
 1016 -0.68 -0.61378 0.00351857
 1017 -0.68 -0.613845 0.00351571
 1018 -0.6 -0.613831 0.00351228
 1019 -0.6 -0.613817 0.00350886
 1020 -0.68 -0.613882 0.00350602
 1021 -0.6 -0.613869 0.00350261
 1022 -0.52 -0.613777 0.00350038
 1023 -0.52 -0.613685 0.00349816
 1024 -0.44 -0.613516 0.00349886
 1025 -0.44 -0.613346 0.00349954
 1026 -0.76 -0.613489 0.00349905
 1027 -0.92 -0.613788 0.00350836
 1028 -0.76 -0.61393 0.00350783
 1029 -0.68 -0.613994 0.00350501
 1030 -0.68 -0.614058 0.00350219
 1031 -0.44 -0.613889 0.00350286
 1032 -0.44 -0.613721 0.00350352
 1033 -0.36 -0.613475 0.00350873
 1034 -0.52 -0.613385 0.0035065
 1035 -0.6 -0.613372 0.00350314
 1036 -0.84 -0.613591 0.00350658
 1037 -0.84 -0.613809 0.00351
 1038 -0.76 -0.61395 0.00350944
 1039 -0.68 -0.614013 0.00350664
 1040 -0.68 -0.614077 0.00350384
 1041 -0.44 -0.61391 0.00350446
 1042 -0.44 -0.613743 0.00350507
 1043 -0.6 -0.61373 0.00350174
 1044 -0.36 -0.613487 0.00350681
 1045 -0.52 -0.613397 0.0035046
 1046 -0.76 -0.613537 0.00350405
 1047 -0.68 -0.613601 0.00350128
 1048 -0.6 -0.613588 0.00349796
 1049 -0.68 -0.613651 0.0034952
 1050 -0.76 -0.61379 0.00349465
 1051 -0.76 -0.61393 0.00349409
 1052 -0.76 -0.614068 0.00349353
 1053 -0.76 -0.614207 0.00349296
 1054 -0.68 -0.614269 0.0034902
 1055 -0.68 -0.614332 0.00348745
 1056 -0.84 -0.614545 0.00349069
 1057 -0.76 -0.614683 0.0034901
 1058 -0.84 -0.614896 0.0034933
 1059 -0.76 -0.615033 0.00349269
 1060 -0.6 -0.615019 0.00348942
 1061 -0.68 -0.61508 0.00348667
 1062 -0.6 -0.615066 0.00348341
 1063 -0.68 -0.615127 0.00348067
 1064 -0.76 -0.615263 0.00348006
 1065 -0.6 -0.615249 0.00347682
 1066 -0.6 -0.615235 0.00347359
 1067 -0.6 -0.61522 0.00347036
 1068 -0.52 -0.615131 0.00346825
 1069 -0.6 -0.615117 0.00346504
 1070 -0.68 -0.615178 0.00346233
 1071 -0.68 -0.615238 0.00345962
 1072 -0.76 -0.615373 0.00345903
 1073 -0.6 -0.615359 0.00345584
 1074 -0.6 -0.615345 0.00345265
 1075 -0.68 -0.615405 0.00344996
 1076 -0.68 -0.615465 0.00344727
 1077 -0.6 -0.61545 0.0034441
 1078 -0.68 -0.61551 0.00344143
 1079 -0.68 -0.61557 0.00343875
 1080 -0.44 -0.615407 0.00343941
 1081 -0.52 -0.615319 0.00343736
 1082 -0.52 -0.615231 0.00343531
 1083 -0.52 -0.615143 0.00343327
 1084 -0.52 -0.615055 0.00343122
 1085 -0.6 -0.615041 0.00342809
 1086 -0.44 -0.61488 0.00342872
 1087 -0.52 -0.614793 0.00342667
 1088 -0.76 -0.614926 0.00342612
 1089 -0.68 -0.614986 0.0034235
 1090 -0.68 -0.615046 0.00342087
 1091 -0.36 -0.614812 0.00342572
 1092 -0.6 -0.614799 0.00342261
 1093 -0.6 -0.614785 0.00341951
 1094 -0.52 -0.614698 0.00341748
 1095 -0.6 -0.614685 0.00341438
 1096 -0.52 -0.614599 0.00341236
 1097 -0.44 -0.614439 0.00341296
 1098 -0.52 -0.614353 0.00341093
 1099 -0.52 -0.614268 0.00340891
 1100 -0.52 -0.614182 0.00340689
 1101 -0.6 -0.614169 0.00340382
 1102 -0.6 -0.614156 0.00340075
 1103 -0.6 -0.614143 0.00339769
 1104 -0.44 -0.613986 0.00339827
 1105 -0.44 -0.613828 0.00339885
 1106 -0.36 -0.613599 0.00340352
 1107 -0.6 -0.613586 0.00340046
 1108 -0.36 -0.613357 0.00340509
 1109 -0.52 -0.613273 0.00340306
 1110 -0.52 -0.613189 0.00340104
 1111 -0.28 -0.612889 0.00341118
 1112 -0.6 -0.612878 0.00340813
 1113 -0.44 -0.612722 0.00340861
 1114 -0.36 -0.612496 0.0034131
 1115 -0.44 -0.612341 0.00341354
 1116 -0.6 -0.61233 0.0034105
 1117 -0.52 -0.612247 0.00340845
 1118 -0.44 -0.612093 0.00340888
 1119 -0.52 -0.612011 0.00340683
 1120 -0.6 -0.612 0.0034038
 1121 -0.68 -0.612061 0.0034013
 1122 -0.6 -0.61205 0.00339829
 1123 -0.6 -0.612039 0.00339528
 1124 -0.68 -0.6121 0.00339279
 1125 -0.6 -0.612089 0.00338979
 1126 -0.68 -0.612149 0.00338732
 1127 -0.6 -0.612138 0.00338433
 1128 -0.68 -0.612199 0.00338186
 1129 -0.68 -0.612259 0.0033794
 1130 -0.52 -0.612177 0.00337739
 1131 -0.52 -0.612095 0.00337539
 1132 -0.68 -0.612155 0.00337294
 1133 -0.44 -0.612004 0.00337339
 1134 -0.44 -0.611852 0.00337382
 1135 -0.68 -0.611912 0.00337138
 1136 -0.6 -0.611901 0.00336843
 1137 -0.6 -0.611891 0.00336548
 1138 -0.76 -0.612021 0.00336504
 1139 -0.68 -0.612081 0.00336262
 1140 -0.76 -0.612211 0.00336217
 1141 -0.68 -0.61227 0.00335975
 1142 -0.68 -0.612329 0.00335733
 1143 -0.68 -0.612388 0.00335491
 1144 -0.6 -0.612378 0.00335199
 1145 -0.6 -0.612367 0.00334908
 1146 -0.6 -0.612356 0.00334618
 1147 -0.76 -0.612485 0.00334574
 1148 -0.76 -0.612613 0.00334529
 1149 -0.6 -0.612602 0.00334239
 1150 -0.6 -0.612591 0.0033395
 1151 -0.68 -0.61265 0.00333712
 1152 -0.52 -0.612569 0.00333519
 1153 -0.76 -0.612697 0.00333475
 1154 -0.68 -0.612756 0.00333237
 1155 -0.52 -0.612675 0.00333045
 1156 -0.6 -0.612664 0.00332758
 1157 -0.52 -0.612584 0.00332567
 1158 -0.76 -0.612712 0.00332523
 1159 -0.6 -0.612701 0.00332238
 1160 -0.44 -0.612552 0.00332285
 1161 -0.52 -0.612472 0.00332095
 1162 -0.52 -0.612392 0.00331904
 1163 -0.68 -0.612451 0.0033167
 1164 -0.52 -0.612371 0.0033148
 1165 -0.68 -0.612429 0.00331246
 1166 -0.68 -0.612487 0.00331013
 1167 -0.6 -0.612476 0.00330731
 1168 -0.52 -0.612397 0.00330542
 1169 -0.44 -0.61225 0.00330588
 1170 -0.44 -0.612103 0.00330634
 1171 -0.6 -0.612092 0.00330353
 1172 -0.6 -0.612082 0.00330072
 1173 -0.44 -0.611935 0.00330117
 1174 -0.44 -0.611789 0.00330161
 1175 -0.6 -0.611779 0.00329881
 1176 -0.6 -0.611769 0.00329602
 1177 -0.68 -0.611827 0.00329373
 1178 -0.52 -0.611749 0.00329185
 1179 -0.68 -0.611807 0.00328957
 1180 -0.52 -0.611729 0.0032877
 1181 -0.68 -0.611787 0.00328543
 1182 -0.6 -0.611777 0.00328266
 1183 -0.92 -0.612037 0.00329022
 1184 -0.76 -0.612162 0.00328981
 1185 -0.84 -0.612354 0.00329265
 1186 -0.84 -0.612546 0.00329547
 1187 -0.84 -0.612738 0.00329826
 1188 -0.68 -0.612795 0.00329597
 1189 -0.6 -0.612784 0.00329322
 1190 -0.6 -0.612773 0.00329046
 1191 -0.52 -0.612695 0.00328862
 1192 -0.6 -0.612685 0.00328588
 1193 -0.68 -0.612741 0.00328361
 1194 -0.68 -0.612797 0.00328134
 1195 -0.6 -0.612787 0.00327861
 1196 -0.44 -0.612642 0.00327905
 1197 -0.52 -0.612565 0.00327723
 1198 -0.44 -0.612421 0.00327766
 1199 -0.68 -0.612477 0.00327541
 1200 -0.76 -0.6126 0.00327499
 1201 -0.76 -0.612723 0.00327456
 1202 -0.68 -0.612779 0.00327231
 1203 -0.68 -0.612835 0.00327007
 1204 -0.52 -0.612757 0.00326826
 1205 -0.76 -0.61288 0.00326783
 1206 -0.6 -0.612869 0.00326514
 1207 -0.6 -0.612858 0.00326245
 1208 -0.68 -0.612914 0.00326022
 1209 -0.6 -0.612903 0.00325754
 1210 -0.6 -0.612893 0.00325487
 1211 -0.6 -0.612882 0.00325219
 1212 -0.76 -0.613003 0.00325178
 1213 -0.76 -0.613124 0.00325135
 1214 -0.68 -0.61318 0.00324914
 1215 -0.6 -0.613169 0.00324648
 1216 -0.76 -0.613289 0.00324606
 1217 -0.76 -0.61341 0.00324563
 1218 -0.52 -0.613333 0.00324387
 1219 -0.84 -0.613519 0.00324654
 1220 -0.76 -0.613639 0.0032461
 1221 -0.76 -0.613759 0.00324565
 1222 -0.68 -0.613813 0.00324345
 1223 -0.68 -0.613868 0.00324125
 1224 -0.76 -0.613987 0.0032408
 1225 -0.68 -0.614041 0.0032386
 1226 -0.68 -0.614095 0.0032364
 1227 -0.76 -0.614214 0.00323595
 1228 -0.76 -0.614332 0.00323549
 1229 -0.6 -0.614321 0.00323288
 1230 -0.76 -0.614439 0.00323242
 1231 -0.68 -0.614492 0.00323023
 1232 -0.68 -0.614545 0.00322805
 1233 -0.68 -0.614599 0.00322587
 1234 -0.52 -0.614522 0.00322416
 1235 -0.6 -0.61451 0.00322157
 1236 -0.68 -0.614563 0.0032194
 1237 -0.68 -0.614616 0.00321723
 1238 -0.76 -0.614733 0.00321678
 1239 -0.84 -0.614915 0.00321932
 1240 -0.68 -0.614968 0.00321715
 1241 -0.52 -0.614891 0.00321547
 1242 -0.52 -0.614815 0.00321378
 1243 -0.52 -0.614739 0.0032121
 1244 -0.52 -0.614662 0.00321042
 1245 -0.6 -0.614651 0.00320787
 1246 -0.52 -0.614575 0.00320619
 1247 -0.6 -0.614563 0.00320364
 1248 -0.36 -0.614359 0.00320756
 1249 -0.36 -0.614155 0.00321146
 1250 -0.44 -0.614016 0.00321191
 1251 -0.52 -0.613941 0.00321022
 1252 -0.52 -0.613866 0.00320853
 1253 -0.6 -0.613855 0.00320599
 1254 -0.76 -0.613971 0.00320555
 1255 -0.6 -0.61396 0.00320302
 1256 -0.44 -0.613822 0.00320346
 1257 -0.52 -0.613747 0.00320178
 1258 -0.68 -0.6138 0.00319967
 1259 -0.68 -0.613852 0.00319756
 1260 -0.76 -0.613968 0.00319713
 1261 -0.76 -0.614084 0.00319669
 1262 -0.68 -0.614136 0.00319458
 1263 -0.68 -0.614188 0.00319248
 1264 -0.6 -0.614177 0.00318997
 1265 -0.6 -0.614166 0.00318747
 1266 -0.52 -0.614092 0.00318582
 1267 -0.52 -0.614017 0.00318417
 1268 -0.44 -0.61388 0.00318461
 1269 -0.6 -0.613869 0.00318212
 1270 -0.6 -0.613858 0.00317963
 1271 -0.68 -0.61391 0.00317756
 1272 -0.76 -0.614025 0.00317713
 1273 -0.76 -0.61414 0.00317671
 1274 -0.6 -0.614129 0.00317423
 1275 -0.52 -0.614055 0.0031726
 1276 -0.6 -0.614044 0.00317013
 1277 -0.68 -0.614096 0.00316807
 1278 -0.6 -0.614085 0.00316561
 1279 -0.52 -0.614011 0.00316399
 1280 -0.76 -0.614125 0.00316357
 1281 -0.6 -0.614114 0.00316112
 1282 -0.68 -0.614165 0.00315907
 1283 -0.6 -0.614154 0.00315663
 1284 -0.6 -0.614143 0.00315419
 1285 -0.52 -0.61407 0.00315259
 1286 -0.6 -0.614059 0.00315015
 1287 -0.6 -0.614048 0.00314772
 1288 -0.76 -0.614161 0.00314732
 1289 -0.76 -0.614275 0.00314691
 1290 -0.68 -0.614326 0.00314488
 1291 -0.76 -0.614438 0.00314447
 1292 -0.68 -0.614489 0.00314245
 1293 -0.76 -0.614602 0.00314203
 1294 -0.68 -0.614652 0.00314001
 1295 -0.6 -0.614641 0.0031376
 1296 -0.6 -0.61463 0.0031352
 1297 -0.52 -0.614557 0.00313363
 1298 -0.36 -0.614361 0.00313735
 1299 -0.36 -0.614165 0.00314105
 1300 -0.44 -0.614031 0.00314149
 1301 -0.6 -0.61402 0.00313909
 1302 -0.52 -0.613948 0.00313751
 1303 -0.44 -0.613814 0.00313794
 1304 -0.6 -0.613804 0.00313555
 1305 -0.52 -0.613732 0.00313397
 1306 -0.52 -0.61366 0.00313239
 1307 -0.52 -0.613588 0.00313082
 1308 -0.44 -0.613456 0.00313124
 1309 -0.68 -0.613506 0.00312926
 1310 -0.6 -0.613496 0.00312688
 1311 -0.44 -0.613364 0.0031273
 1312 -0.52 -0.613293 0.00312572
 1313 -0.68 -0.613343 0.00312376
 1314 -0.6 -0.613333 0.00312139
 1315 -0.6 -0.613323 0.00311904
 1316 -0.68 -0.613374 0.00311708
 1317 -0.6 -0.613364 0.00311473
 1318 -0.6 -0.613354 0.00311238
 1319 -0.68 -0.613404 0.00311043
 1320 -0.52 -0.613333 0.00310888
 1321 -0.6 -0.613323 0.00310654
 1322 -0.44 -0.613192 0.00310696
 1323 -0.52 -0.613122 0.0031054
 1324 -0.6 -0.613112 0.00310307
 1325 -0.68 -0.613162 0.00310114
 1326 -0.76 -0.613273 0.00310078
 1327 -0.68 -0.613323 0.00309885
 1328 -0.76 -0.613434 0.00309849
 1329 -0.6 -0.613424 0.00309617
 1330 -0.6 -0.613414 0.00309386
 1331 -0.52 -0.613343 0.00309233
 1332 -0.44 -0.613213 0.00309275
 1333 -0.44 -0.613083 0.00309316
 1334 -0.52 -0.613013 0.00309162
 1335 -0.76 -0.613124 0.00309127
 1336 -0.68 -0.613174 0.00308936
 1337 -0.6 -0.613164 0.00308706
 1338 -0.6 -0.613154 0.00308477
 1339 -0.6 -0.613144 0.00308248
 1340 -0.52 -0.613075 0.00308096
 1341 -0.52 -0.613005 0.00307945
 1342 -0.6 -0.612996 0.00307717
 1343 -0.84 -0.613165 0.00307952
 1344 -0.68 -0.613214 0.00307763
 1345 -0.68 -0.613264 0.00307574
 1346 -0.84 -0.613432 0.00307807
 1347 -0.68 -0.613482 0.00307618
 1348 -0.68 -0.613531 0.00307429
 1349 -0.44 -0.613403 0.0030747
 1350 -0.6 -0.613393 0.00307244
 1351 -0.68 -0.613442 0.00307056
 1352 -0.52 -0.613373 0.00306907
 1353 -0.36 -0.613186 0.00307251
 1354 -0.44 -0.613058 0.0030729
 1355 -0.6 -0.613048 0.00307065
 1356 -0.6 -0.613038 0.0030684
 1357 -0.68 -0.613088 0.00306654
 1358 -0.68 -0.613137 0.00306467
 1359 -0.84 -0.613304 0.00306696
 1360 -0.84 -0.613471 0.00306924
 1361 -0.76 -0.613578 0.00306887
 1362 -0.68 -0.613627 0.003067
 1363 -0.76 -0.613734 0.00306663
 1364 -0.6 -0.613724 0.0030644
 1365 -0.52 -0.613656 0.00306293
 1366 -0.52 -0.613587 0.00306145
 1367 -0.52 -0.613519 0.00305998
 1368 -0.44 -0.613392 0.00306037
 1369 -0.76 -0.613499 0.00306001
 1370 -0.6 -0.613489 0.00305779
 1371 -0.52 -0.613421 0.00305632
 1372 -0.52 -0.613353 0.00305485
 1373 -0.76 -0.61346 0.00305449
 1374 -0.68 -0.613508 0.00305265
 1375 -0.6 -0.613498 0.00305044
 1376 -0.52 -0.61343 0.00304898
 1377 -0.44 -0.613304 0.00304937
 1378 -0.52 -0.613237 0.00304791
 1379 -0.52 -0.613169 0.00304645
 1380 -0.44 -0.613043 0.00304683
 1381 -0.52 -0.612976 0.00304536
 1382 -0.68 -0.613025 0.00304355
 1383 -0.76 -0.613131 0.0030432
 1384 -0.68 -0.613179 0.00304139
 1385 -0.68 -0.613227 0.00303957
 1386 -0.52 -0.61316 0.00303812
 1387 -0.44 -0.613035 0.0030385
 1388 -0.36 -0.612853 0.00304177
 1389 -0.6 -0.612844 0.0030396
 1390 -0.44 -0.612719 0.00303995
 1391 -0.6 -0.61271 0.00303778
 1392 -0.6 -0.612701 0.00303561
 1393 -0.76 -0.612807 0.00303528
 1394 -0.68 -0.612855 0.00303348
 1395 -0.6 -0.612846 0.00303132
 1396 -0.68 -0.612894 0.00302953
 1397 -0.68 -0.612942 0.00302774
 1398 -0.68 -0.61299 0.00302595
 1399 -0.68 -0.613038 0.00302417
 1400 -0.6 -0.613029 0.00302202
 1401 -0.52 -0.612962 0.0030206
 1402 -0.36 -0.612782 0.00302383
 1403 -0.44 -0.612659 0.00302418
 1404 -0.44 -0.612536 0.00302453
 1405 -0.6 -0.612527 0.00302239
 1406 -0.52 -0.612461 0.00302095
 1407 -0.52 -0.612395 0.00301952
 1408 -0.52 -0.61233 0.00301809
 1409 -0.44 -0.612207 0.00301842
 1410 -0.6 -0.612199 0.0030163
 1411 -0.44 -0.612077 0.00301663
 1412 -0.52 -0.612011 0.00301519
 1413 -0.68 -0.612059 0.00301344
 1414 -0.84 -0.612221 0.00301562
 1415 -0.76 -0.612325 0.0030153
 1416 -0.6 -0.612316 0.00301318
 1417 -0.68 -0.612364 0.00301144
 1418 -0.6 -0.612355 0.00300932
 1419 -0.44 -0.612234 0.00300965
 1420 -0.52 -0.612169 0.00300824
 1421 -0.76 -0.612273 0.00300792
 1422 -0.68 -0.612321 0.00300618
 1423 -0.68 -0.612368 0.00300444
 1424 -0.6 -0.61236 0.00300234
 1425 -0.44 -0.612239 0.00300267
 1426 -0.52 -0.612174 0.00300126
 1427 -0.6 -0.612165 0.00299917
 1428 -0.52 -0.612101 0.00299777
 1429 -0.36 -0.611924 0.00300086
 1430 -0.52 -0.61186 0.00299945
 1431 -0.36 -0.611684 0.00300251
 1432 -0.36 -0.611508 0.00300556
 1433 -0.6 -0.6115 0.00300347
 1434 -0.68 -0.611548 0.00300176
 1435 -0.6 -0.61154 0.00299967
 1436 -0.6 -0.611532 0.0029976
 1437 -0.6 -0.611524 0.00299552
 1438 -0.44 -0.611405 0.00299581
 1439 -0.6 -0.611397 0.00299374
 1440 -0.6 -0.611389 0.00299167
 1441 -0.52 -0.611325 0.00299027
 1442 -0.52 -0.611262 0.00298886
 1443 -0.6 -0.611254 0.0029868
 1444 -0.68 -0.611302 0.00298511
 1445 -0.84 -0.61146 0.00298724
 1446 -0.84 -0.611618 0.00298936
 1447 -0.76 -0.611721 0.00298905
 1448 -0.6 -0.611713 0.00298699
 1449 -0.6 -0.611705 0.00298494
 1450 -0.52 -0.611641 0.00298355
 1451 -0.6 -0.611633 0.00298151
 1452 -0.68 -0.61168 0.00297983
 1453 -0.68 -0.611727 0.00297815
 1454 -0.68 -0.611774 0.00297647
 1455 -0.68 -0.611821 0.00297479
 1456 -0.44 -0.611703 0.00297509
 1457 -0.68 -0.61175 0.00297341
 1458 -0.68 -0.611797 0.00297174
 1459 -0.76 -0.611899 0.00297144
 1460 -0.6 -0.61189 0.00296942
 1461 -0.6 -0.611882 0.0029674
 1462 -0.68 -0.611929 0.00296573
 1463 -0.76 -0.61203 0.00296543
 1464 -0.68 -0.612077 0.00296377
 1465 -0.6 -0.612068 0.00296176
 1466 -0.68 -0.612115 0.0029601
 1467 -0.68 -0.612161 0.00295844
 1468 -0.6 -0.612153 0.00295644
 1469 -0.52 -0.61209 0.00295509
 1470 -0.52 -0.612027 0.00295374
 1471 -0.44 -0.61191 0.00295405
 1472 -0.52 -0.611848 0.0029527
 1473 -0.6 -0.61184 0.00295071
 1474 -0.52 -0.611777 0.00294936
 1475 -0.6 -0.611769 0.00294737
 1476 -0.68 -0.611816 0.00294574
 1477 -0.44 -0.611699 0.00294604
 1478 -0.6 -0.611691 0.00294406
 1479 -0.68 -0.611738 0.00294243
 1480 -0.68 -0.611784 0.0029408
 1481 -0.76 -0.611884 0.00294052
 1482 -0.76 -0.611984 0.00294023
 1483 -0.76 -0.612084 0.00293995
 1484 -0.6 -0.612075 0.00293798
 1485 -0.68 -0.612121 0.00293635
 1486 -0.68 -0.612167 0.00293473
 1487 -0.76 -0.612266 0.00293444
 1488 -0.84 -0.612419 0.00293646
 1489 -0.6 -0.612411 0.0029345
 1490 -0.68 -0.612456 0.00293288
 1491 -0.76 -0.612555 0.00293258
 1492 -0.76 -0.612654 0.00293228
 1493 -0.44 -0.612539 0.0029326
 1494 -0.68 -0.612584 0.00293098
 1495 -0.52 -0.612522 0.00292968
 1496 -0.6 -0.612513 0.00292773
 1497 -0.76 -0.612612 0.00292743
 1498 -0.68 -0.612657 0.00292582
 1499 -0.68 -0.612702 0.00292421
 1500 -0.68 -0.612747 0.00292261
 1501 -0.76 -0.612845 0.00292231
 1502 -0.76 -0.612943 0.002922
 1503 -0.76 -0.613041 0.0029217
 1504 -0.68 -0.613085 0.0029201
 1505 -0.68 -0.61313 0.00291849
 1506 -0.68 -0.613174 0.00291689
 1507 -0.68 -0.613218 0.00291529
 1508 -0.76 -0.613316 0.00291499
 1509 -0.76 -0.613413 0.00291467
 1510 -0.76 -0.61351 0.00291436
 1511 -0.52 -0.613448 0.00291309
 1512 -0.44 -0.613333 0.00291342
 1513 -0.52 -0.613272 0.00291215
 1514 -0.68 -0.613316 0.00291056
 1515 -0.68 -0.61336 0.00290897
 1516 -0.6 -0.613351 0.00290706
 1517 -0.52 -0.613289 0.0029058
 1518 -0.68 -0.613333 0.00290421
 1519 -0.44 -0.613219 0.00290454
 1520 -0.52 -0.613158 0.00290328
 1521 -0.6 -0.613149 0.00290138
 1522 -0.6 -0.613141 0.00289949
 1523 -0.52 -0.613079 0.00289823
 1524 -0.6 -0.613071 0.00289634
 1525 -0.68 -0.613115 0.00289477
 1526 -0.6 -0.613106 0.00289289
 1527 -0.6 -0.613098 0.00289101
 1528 -0.6 -0.613089 0.00288913
 1529 -0.76 -0.613185 0.00288884
 1530 -0.76 -0.613281 0.00288854
 1531 -0.6 -0.613272 0.00288667
 1532 -0.68 -0.613316 0.00288511
 1533 -0.76 -0.613412 0.00288482
 1534 -0.68 -0.613455 0.00288326
 1535 -0.6 -0.613446 0.0028814
 1536 -0.68 -0.61349 0.00287984
 1537 -0.68 -0.613533 0.0028783
 1538 -0.68 -0.613576 0.00287675
 1539 -0.68 -0.613619 0.0028752
 1540 -0.6 -0.61361 0.00287335
 1541 -0.52 -0.61355 0.00287213
 1542 -0.6 -0.613541 0.00287028
 1543 -0.44 -0.613428 0.00287062
 1544 -0.6 -0.61342 0.00286877
 1545 -0.52 -0.613359 0.00286755
 1546 -0.52 -0.613299 0.00286633
 1547 -0.6 -0.61329 0.00286449
 1548 -0.52 -0.61323 0.00286328
 1549 -0.6 -0.613221 0.00286144
 1550 -0.52 -0.613161 0.00286023
 1551 -0.52 -0.613101 0.00285901
 1552 -0.6 -0.613093 0.00285718
 1553 -0.44 -0.612981 0.00285752
 1554 -0.36 -0.612819 0.00286031
 1555 -0.44 -0.612707 0.00286063
 1556 -0.6 -0.612699 0.00285881
 1557 -0.52 -0.61264 0.00285759
 1558 -0.6 -0.612632 0.00285577
 1559 -0.52 -0.612572 0.00285455
 1560 -0.52 -0.612513 0.00285334
 1561 -0.52 -0.612454 0.00285213
 1562 -0.52 -0.612394 0.00285091
 1563 -0.6 -0.612386 0.0028491
 1564 -0.6 -0.612379 0.00284729
 1565 -0.52 -0.612319 0.00284608
 1566 -0.76 -0.612414 0.00284583
 1567 -0.68 -0.612457 0.00284434
 1568 -0.76 -0.612551 0.00284408
 1569 -0.68 -0.612594 0.00284259
 1570 -0.6 -0.612586 0.00284079
 1571 -0.6 -0.612578 0.00283899
 1572 -0.52 -0.612519 0.0028378
 1573 -0.6 -0.612511 0.002836
 1574 -0.76 -0.612605 0.00283575
 1575 -0.6 -0.612597 0.00283396
 1576 -0.6 -0.612589 0.00283217
 1577 -0.44 -0.612479 0.00283249
 1578 -0.76 -0.612573 0.00283224
 1579 -0.76 -0.612666 0.00283198
 1580 -0.76 -0.612759 0.00283173
 1581 -0.6 -0.612751 0.00282995
 1582 -0.68 -0.612794 0.00282848
 1583 -0.6 -0.612786 0.0028267
 1584 -0.52 -0.612727 0.00282552
 1585 -0.6 -0.612719 0.00282375
 1586 -0.52 -0.612661 0.00282258
 1587 -0.52 -0.612602 0.0028214
 1588 -0.52 -0.612544 0.00282023
 1589 -0.6 -0.612536 0.00281846
 1590 -0.6 -0.612528 0.0028167
 1591 -0.52 -0.61247 0.00281553
 1592 -0.52 -0.612412 0.00281436
 1593 -0.68 -0.612454 0.00281291
 1594 -0.76 -0.612547 0.00281267
 1595 -0.68 -0.612589 0.00281123
 1596 -0.68 -0.612632 0.00280978
 1597 -0.68 -0.612674 0.00280834
 1598 -0.68 -0.612716 0.0028069
 1599 -0.6 -0.612708 0.00280515
 1600 -0.6 -0.6127 0.00280341
 1601 -0.52 -0.612642 0.00280226
 1602 -0.6 -0.612634 0.00280052
 1603 -0.6 -0.612626 0.00279878
 1604 -0.6 -0.612618 0.00279705
 1605 -0.6 -0.612611 0.00279531
 1606 -0.52 -0.612553 0.00279417
 1607 -0.52 -0.612495 0.00279302
 1608 -0.52 -0.612438 0.00279188
 1609 -0.44 -0.612331 0.0027922
 1610 -0.36 -0.612174 0.00279486
 1611 -0.52 -0.612117 0.00279371
 1612 -0.68 -0.612159 0.0027923
 1613 -0.6 -0.612151 0.00279058
 1614 -0.68 -0.612193 0.00278916
 1615 -0.68 -0.612235 0.00278775
 1616 -0.6 -0.612228 0.00278604
 1617 -0.76 -0.612319 0.00278581
 1618 -0.6 -0.612311 0.0027841
 1619 -0.68 -0.612353 0.00278269
 1620 -0.68 -0.612395 0.00278129
 1621 -0.52 -0.612338 0.00278016
 1622 -0.68 -0.61238 0.00277876
 1623 -0.76 -0.612471 0.00277853
 1624 -0.6 -0.612463 0.00277683
 1625 -0.6 -0.612455 0.00277513
 1626 -0.68 -0.612497 0.00277374
 1627 -0.68 -0.612538 0.00277234
 1628 -0.76 -0.612629 0.00277212
 1629 -0.68 -0.61267 0.00277073
 1630 -0.52 -0.612613 0.00276961
 1631 -0.52 -0.612557 0.00276849
 1632 -0.6 -0.612549 0.00276681
 1633 -0.52 -0.612492 0.00276569
 1634 -0.44 -0.612387 0.00276601
 1635 -0.6 -0.612379 0.00276433
 1636 -0.52 -0.612323 0.00276322
 1637 -0.44 -0.612217 0.00276354
 1638 -0.6 -0.61221 0.00276186
 1639 -0.76 -0.6123 0.00276165
 1640 -0.6 -0.612293 0.00275997
 1641 -0.6 -0.612285 0.0027583
 1642 -0.44 -0.61218 0.00275861
 1643 -0.6 -0.612173 0.00275695
 1644 -0.68 -0.612214 0.00275558
 1645 -0.76 -0.612304 0.00275537
 1646 -0.52 -0.612248 0.00275426
 1647 -0.28 -0.612046 0.00275997
 1648 -0.6 -0.612039 0.00275831
 1649 -0.52 -0.611983 0.0027572
 1650 -0.52 -0.611927 0.00275609
 1651 -0.6 -0.61192 0.00275443
 1652 -0.44 -0.611816 0.00275473
 1653 -0.68 -0.611857 0.00275337
 1654 -0.6 -0.61185 0.00275171
 1655 -0.28 -0.61165 0.00275735
 1656 -0.52 -0.611594 0.00275624
 1657 -0.52 -0.611539 0.00275513
 1658 -0.6 -0.611532 0.00275348
 1659 -0.68 -0.611573 0.00275213
 1660 -0.6 -0.611566 0.00275048
 1661 -0.76 -0.611656 0.00275027
 1662 -0.76 -0.611745 0.00275007
 1663 -0.76 -0.611834 0.00274986
 1664 -0.6 -0.611827 0.00274822
 1665 -0.44 -0.611724 0.0027485
 1666 -0.52 -0.611669 0.0027474
 1667 -0.6 -0.611662 0.00274576
 1668 -0.6 -0.611655 0.00274413
 1669 -0.84 -0.611791 0.00274589
 1670 -0.84 -0.611928 0.00274765
 1671 -0.6 -0.611921 0.00274601
 1672 -0.6 -0.611914 0.00274438
 1673 -0.76 -0.612002 0.00274417
 1674 -0.68 -0.612043 0.00274283
 1675 -0.76 -0.612131 0.00274261
 1676 -0.76 -0.61222 0.00274239
 1677 -0.68 -0.61226 0.00274106
 1678 -0.68 -0.6123 0.00273972
 1679 -0.6 -0.612293 0.0027381
 1680 -0.6 -0.612286 0.00273648
 1681 -0.6 -0.612278 0.00273486
 1682 -0.76 -0.612366 0.00273464
 1683 -0.68 -0.612406 0.00273331
 1684 -0.52 -0.612352 0.00273224
 1685 -0.52 -0.612297 0.00273117
 1686 -0.76 -0.612384 0.00273095
 1687 -0.76 -0.612472 0.00273074
 1688 -0.84 -0.612607 0.00273245
 1689 -0.84 -0.612741 0.00273414
 1690 -0.76 -0.612828 0.00273391
 1691 -0.52 -0.612774 0.00273285
 1692 -0.52 -0.612719 0.00273178
 1693 -0.68 -0.612758 0.00273046
 1694 -0.6 -0.612751 0.00272886
 1695 -0.6 -0.612743 0.00272726
 1696 -0.6 -0.612736 0.00272566
 1697 -0.44 -0.612634 0.00272595
 1698 -0.52 -0.61258 0.00272489
 1699 -0.6 -0.612572 0.0027233
 1700 -0.52 -0.612518 0.00272224
 1701 -0.44 -0.612416 0.00272253
 1702 -0.6 -0.612409 0.00272094
 1703 -0.6 -0.612402 0.00271935
 1704 -0.68 -0.612441 0.00271804
 1705 -0.68 -0.612481 0.00271674
 1706 -0.68 -0.612521 0.00271543
 1707 -0.68 -0.61256 0.00271413
 1708 -0.84 -0.612693 0.00271581
 1709 -0.84 -0.612826 0.00271748
 1710 -0.76 -0.612912 0.00271725
 1711 -0.6 -0.612905 0.00271567
 1712 -0.68 -0.612944 0.00271437
 1713 -0.68 -0.612983 0.00271306
 1714 -0.68 -0.613022 0.00271176
 1715 -0.6 -0.613015 0.00271019
 1716 -0.52 -0.61296 0.00270915
 1717 -0.6 -0.612953 0.00270759
 1718 -0.68 -0.612992 0.00270629
 1719 -0.76 -0.613077 0.00270607
 1720 -0.84 -0.613209 0.00270771
 1721 -0.44 -0.613109 0.00270801
 1722 -0.6 -0.613101 0.00270645
 1723 -0.6 -0.613093 0.00270489
 1724 -0.36 -0.612947 0.0027073
 1725 -0.6 -0.612939 0.00270574
 1726 -0.6 -0.612932 0.00270418
 1727 -0.6 -0.612924 0.00270263
 1728 -0.6 -0.612917 0.00270107
 1729 -0.6 -0.612909 0.00269952
 1730 -0.44 -0.612809 0.00269981
 1731 -0.6 -0.612802 0.00269826
 1732 -0.76 -0.612887 0.00269804
 1733 -0.84 -0.613018 0.00269967
 1734 -0.92 -0.613195 0.00270391
 1735 -1 -0.613418 0.00271153
 1736 -0.92 -0.613594 0.00271572
 1737 -0.68 -0.613633 0.00271442
 1738 -0.68 -0.613671 0.00271313
 1739 -0.52 -0.613617 0.0027121
 1740 -0.6 -0.613609 0.00271056
 1741 -0.52 -0.613555 0.00270953
 1742 -0.68 -0.613594 0.00270824
 1743 -0.68 -0.613632 0.00270696
 1744 -0.52 -0.613578 0.00270594
 1745 -0.52 -0.613524 0.00270492
 1746 -0.28 -0.613333 0.00271011
 1747 -0.52 -0.61328 0.00270909
 1748 -0.6 -0.613272 0.00270755
 1749 -0.6 -0.613265 0.00270601
 1750 -0.6 -0.613257 0.00270447
 1751 -0.52 -0.613204 0.00270345
 1752 -0.52 -0.613151 0.00270243
 1753 -0.6 -0.613143 0.0027009
 1754 -0.68 -0.613181 0.00269963
 1755 -0.52 -0.613128 0.00269861
 1756 -0.52 -0.613075 0.0026976
 1757 -0.44 -0.612977 0.00269786
 1758 -0.6 -0.612969 0.00269633
 1759 -0.52 -0.612916 0.00269532
 1760 -0.52 -0.612864 0.0026943
 1761 -0.44 -0.612765 0.00269456
 1762 -0.6 -0.612758 0.00269304
 1763 -0.44 -0.61266 0.0026933
 1764 -0.6 -0.612653 0.00269178
 1765 -0.44 -0.612555 0.00269203
 1766 -0.76 -0.612639 0.0026918
 1767 -0.6 -0.612632 0.00269029
 1768 -0.52 -0.612579 0.00268928
 1769 -0.6 -0.612572 0.00268777
 1770 -0.52 -0.61252 0.00268676
 1771 -0.44 -0.612422 0.00268701
 1772 -0.6 -0.612415 0.0026855
 1773 -0.6 -0.612408 0.00268399
 1774 -0.68 -0.612446 0.00268275
 1775 -0.68 -0.612485 0.00268151
 1776 -0.6 -0.612477 0.00268001
 1777 -0.52 -0.612425 0.002679
 1778 -0.68 -0.612463 0.00267777
 1779 -0.68 -0.612501 0.00267653
 1780 -0.6 -0.612494 0.00267503
 1781 -0.68 -0.612532 0.0026738
 1782 -0.52 -0.61248 0.0026728
 1783 -0.68 -0.612518 0.00267157
 1784 -0.68 -0.612556 0.00267034
 1785 -0.76 -0.612639 0.00267012
 1786 -0.68 -0.612676 0.0026689
 1787 -0.68 -0.612714 0.00266767
 1788 -0.36 -0.612573 0.00266992
 1789 -0.44 -0.612476 0.00267017
 1790 -0.68 -0.612514 0.00266894
 1791 -0.76 -0.612596 0.00266872
 1792 -0.6 -0.612589 0.00266724
 1793 -0.68 -0.612627 0.00266602
 1794 -0.52 -0.612575 0.00266503
 1795 -0.68 -0.612613 0.00266381
 1796 -0.52 -0.612561 0.00266283
 1797 -0.6 -0.612554 0.00266136
 1798 -0.6 -0.612547 0.00265989
 1799 -0.52 -0.612496 0.0026589
 1800 -0.68 -0.612533 0.00265769
 1801 -0.68 -0.612571 0.00265648
 1802 -0.68 -0.612608 0.00265527
 1803 -0.6 -0.612601 0.0026538
 1804 -0.76 -0.612683 0.00265359
 1805 -0.68 -0.61272 0.00265238
 1806 -0.68 -0.612757 0.00265118
 1807 -0.68 -0.612795 0.00264997
 1808 -0.6 -0.612788 0.00264851
 1809 -0.52 -0.612736 0.00264754
 1810 -0.52 -0.612685 0.00264658
 1811 -0.52 -0.612634 0.00264561
 1812 -0.68 -0.612671 0.00264441
 1813 -0.6 -0.612664 0.00264296
 1814 -0.68 -0.612701 0.00264177
 1815 -0.68 -0.612738 0.00264057
 1816 -0.76 -0.612819 0.00264036
 1817 -0.68 -0.612856 0.00263917
 1818 -0.68 -0.612893 0.00263797
 1819 -0.76 -0.612974 0.00263776
 1820 -0.76 -0.613055 0.00263755
 1821 -0.76 -0.613136 0.00263734
 1822 -0.68 -0.613172 0.00263614
 1823 -0.92 -0.613341 0.00264007
 1824 -0.68 -0.613377 0.00263887
 1825 -0.76 -0.613458 0.00263865
 1826 -0.52 -0.613406 0.0026377
 1827 -0.68 -0.613443 0.00263651
 1828 -0.6 -0.613435 0.00263508
 1829 -0.6 -0.613428 0.00263365
 1830 -0.68 -0.613464 0.00263246
 1831 -0.52 -0.613413 0.00263151
 1832 -0.44 -0.613319 0.00263178
 1833 -0.28 -0.613137 0.00263662
 1834 -0.36 -0.612999 0.0026388
 1835 -0.6 -0.612992 0.00263737
 1836 -0.68 -0.613028 0.00263618
 1837 -0.52 -0.612978 0.00263523
 1838 -0.52 -0.612927 0.00263429
 1839 -0.44 -0.612833 0.00263453
 1840 -0.68 -0.61287 0.00263335
 1841 -0.6 -0.612863 0.00263193
 1842 -0.6 -0.612856 0.00263051
 1843 -0.36 -0.612718 0.00263266
 1844 -0.52 -0.612668 0.00263171
 1845 -0.68 -0.612705 0.00263054
 1846 -0.68 -0.612741 0.00262937
 1847 -0.52 -0.612691 0.00262842
 1848 -0.52 -0.612641 0.00262748
 1849 -0.52 -0.612591 0.00262654
 1850 -0.28 -0.612411 0.00263126
 1851 -0.44 -0.612318 0.00263149
 1852 -0.6 -0.612311 0.00263008
 1853 -0.6 -0.612304 0.00262867
 1854 -0.6 -0.612298 0.00262726
 1855 -0.68 -0.612334 0.00262609
 1856 -0.76 -0.612414 0.00262588
 1857 -0.76 -0.612493 0.00262567
 1858 -0.68 -0.61253 0.00262451
 1859 -0.6 -0.612523 0.00262311
 1860 -0.6 -0.612516 0.00262171
 1861 -0.76 -0.612595 0.00262149
 1862 -0.6 -0.612589 0.0026201
 1863 -0.68 -0.612625 0.00261894
 1864 -0.6 -0.612618 0.00261754
 1865 -0.6 -0.612611 0.00261615
 1866 -0.76 -0.61269 0.00261594
 1867 -0.76 -0.612769 0.00261573
 1868 -0.52 -0.612719 0.0026148
 1869 -0.6 -0.612713 0.00261341
 1870 -0.52 -0.612663 0.00261248
 1871 -0.52 -0.612614 0.00261155
 1872 -0.6 -0.612607 0.00261016
 1873 -0.44 -0.612515 0.0026104
 1874 -0.68 -0.612551 0.00260925
 1875 -0.52 -0.612501 0.00260833
 1876 -0.36 -0.612367 0.00261041
 1877 -0.44 -0.612275 0.00261063
 1878 -0.68 -0.612311 0.00260949
 1879 -0.68 -0.612347 0.00260835
 1880 -0.68 -0.612383 0.00260721
 1881 -0.76 -0.612461 0.00260701
 1882 -0.6 -0.612455 0.00260563
 1883 -0.6 -0.612448 0.00260426
 1884 -0.68 -0.612484 0.00260312
 1885 -0.6 -0.612477 0.00260175
 1886 -0.44 -0.612386 0.00260197
 1887 -0.6 -0.612379 0.0026006
 1888 -0.6 -0.612373 0.00259923
 1889 -0.6 -0.612366 0.00259787
 1890 -0.68 -0.612402 0.00259674
 1891 -0.76 -0.61248 0.00259654
 1892 -0.68 -0.612516 0.00259541
 1893 -0.68 -0.612552 0.00259428
 1894 -0.6 -0.612545 0.00259292
 1895 -0.52 -0.612496 0.00259201
 1896 -0.6 -0.612489 0.00259065
 1897 -0.52 -0.612441 0.00258975
 1898 -0.44 -0.61235 0.00258998
 1899 -0.6 -0.612343 0.00258862
 1900 -0.44 -0.612253 0.00258885
 1901 -0.44 -0.612162 0.00258907
 1902 -0.52 -0.612114 0.00258816
 1903 -0.6 -0.612107 0.00258681
 1904 -0.6 -0.612101 0.00258546
 1905 -0.6 -0.612094 0.00258411
 1906 -0.6 -0.612088 0.00258276
 1907 -0.6 -0.612082 0.00258141
 1908 -0.6 -0.612075 0.00258007
 1909 -0.6 -0.612069 0.00257872
 1910 -0.68 -0.612105 0.00257762
 1911 -0.44 -0.612015 0.00257784
 1912 -0.52 -0.611967 0.00257695
 1913 -0.6 -0.61196 0.00257561
 1914 -0.68 -0.611996 0.0025745
 1915 -0.76 -0.612073 0.00257432
 1916 -0.76 -0.61215 0.00257413
 1917 -0.6 -0.612144 0.0025728
 1918 -0.52 -0.612096 0.00257191
 1919 -0.6 -0.61209 0.00257057
 1920 -0.52 -0.612042 0.00256968
 1921 -0.84 -0.61216 0.00257108
 1922 -0.76 -0.612237 0.0025709
 1923 -0.68 -0.612272 0.0025698
 1924 -0.76 -0.612349 0.00256961
 1925 -0.68 -0.612384 0.00256852
 1926 -0.68 -0.61242 0.00256742
 1927 -0.68 -0.612455 0.00256633
 1928 -0.44 -0.612365 0.00256656
 1929 -0.68 -0.6124 0.00256547
 1930 -0.6 -0.612394 0.00256415
 1931 -0.76 -0.61247 0.00256396
 1932 -0.52 -0.612422 0.00256308
 1933 -0.6 -0.612416 0.00256176
 1934 -0.44 -0.612327 0.00256198
 1935 -0.52 -0.612279 0.00256111
 1936 -0.76 -0.612355 0.00256092
 1937 -0.76 -0.612432 0.00256073
 1938 -0.76 -0.612508 0.00256054
 1939 -0.6 -0.612501 0.00255923
 1940 -0.76 -0.612577 0.00255904
 1941 -0.68 -0.612612 0.00255796
 1942 -0.84 -0.612729 0.00255932
 1943 -0.84 -0.612846 0.00256067
 1944 -0.76 -0.612922 0.00256048
 1945 -0.6 -0.612915 0.00255917
 1946 -0.44 -0.612826 0.00255939
 1947 -0.44 -0.612738 0.00255962
 1948 -0.44 -0.612649 0.00255984
 1949 -0.52 -0.612601 0.00255897
 1950 -0.6 -0.612595 0.00255767
 1951 -0.6 -0.612588 0.00255636
 1952 -0.6 -0.612582 0.00255506
 1953 -0.68 -0.612616 0.00255398
 1954 -0.68 -0.612651 0.00255291
 1955 -0.76 -0.612726 0.00255272
 1956 -0.68 -0.612761 0.00255164
 1957 -0.68 -0.612795 0.00255057
 1958 -0.68 -0.612829 0.0025495
 1959 -0.68 -0.612864 0.00254843
 1960 -0.68 -0.612898 0.00254736
 1961 -0.68 -0.612932 0.00254629
 1962 -0.6 -0.612926 0.002545
 1963 -0.6 -0.612919 0.00254371
 1964 -0.52 -0.612872 0.00254285
 1965 -0.92 -0.613028 0.00254636
 1966 -0.92 -0.613184 0.00254985
 1967 -0.84 -0.613299 0.00255116
 1968 -0.84 -0.613415 0.00255247
 1969 -0.76 -0.613489 0.00255226
 1970 -0.76 -0.613563 0.00255204
 1971 -0.68 -0.613597 0.00255097
 1972 -0.6 -0.61359 0.00254969
 1973 -0.44 -0.613502 0.00254991
 1974 -0.6 -0.613495 0.00254863
 1975 -0.68 -0.613529 0.00254756
 1976 -0.68 -0.613563 0.00254649
 1977 -0.68 -0.613596 0.00254543
 1978 -0.6 -0.613589 0.00254415
 1979 -0.36 -0.613461 0.00254609
 1980 -0.52 -0.613414 0.00254524
 1981 -0.52 -0.613367 0.00254439
 1982 -0.6 -0.61336 0.00254312
 1983 -0.36 -0.613232 0.00254504
 1984 -0.68 -0.613266 0.00254398
 1985 -0.68 -0.6133 0.00254292
 1986 -0.52 -0.613253 0.00254208
 1987 -0.44 -0.613166 0.00254229
 1988 -0.6 -0.613159 0.00254102
 1989 -0.76 -0.613233 0.00254082
 1990 -0.84 -0.613347 0.0025421
 1991 -0.68 -0.61338 0.00254104
 1992 -0.6 -0.613373 0.00253977
 1993 -0.52 -0.613327 0.00253893
 1994 -0.68 -0.61336 0.00253788
 1995 -0.44 -0.613273 0.00253809
 1996 -0.84 -0.613387 0.00253936
 1997 -0.68 -0.61342 0.00253831
 1998 -0.68 -0.613453 0.00253726
 1999 -0.6 -0.613447 0.002536
 2000 -0.44 -0.61336 0.00253621
