 1 0.291935 0.291935 0
 2 0.294942 0.293438 0.00150343
 3 0.295799 0.294225 0.0011716
 4 0.291154 0.293458 0.00112947
 5 0.293511 0.293468 0.000874948
 6 0.294149 0.293582 0.000723357
 7 0.288381 0.292839 0.000962187
 8 0.291231 0.292638 0.000857171
 9 0.291812 0.292546 0.000761496
 10 0.294734 0.292765 0.000715382
 11 0.296814 0.293133 0.000744464
 12 0.296185 0.293387 0.00072564
 13 0.295745 0.293569 0.000691693
 14 0.293656 0.293575 0.000640413
 15 0.295875 0.293728 0.000615595
 16 0.296176 0.293881 0.000595807
 17 0.297121 0.294072 0.000591218
 18 0.29182 0.293947 0.000571277
 19 0.289571 0.293716 0.000587398
 20 0.295044 0.293783 0.000561197
 21 0.301604 0.294155 0.000650888
 22 0.295402 0.294212 0.00062318
 23 0.291623 0.294099 0.000606016
 24 0.295639 0.294163 0.000583754
 25 0.294396 0.294173 0.000559994
 26 0.292063 0.294092 0.000544108
 27 0.293694 0.294077 0.000523775
 28 0.290286 0.293942 0.000522567
 29 0.294643 0.293966 0.000504805
 30 0.288977 0.293799 0.000515257
 1 0.296603 0.296603 0
 2 0.290304 0.293454 0.00314941
 3 0.289902 0.29227 0.0021697
 4 0.289565 0.291594 0.00167665
 5 0.289938 0.291262 0.00134029
 6 0.293472 0.291631 0.00115464
 7 0.297065 0.292407 0.00124694
 8 0.2951 0.292744 0.00113114
 9 0.295723 0.293075 0.00105106
 10 0.301377 0.293905 0.00125422
 11 0.297349 0.294218 0.00117691
 12 0.288116 0.29371 0.00118863
 13 0.294226 0.293749 0.0010941
 14 0.2932 0.29371 0.0010137
 15 0.286883 0.293255 0.00104773
 16 0.295723 0.293409 0.000992127
 17 0.297547 0.293652 0.000963204
 18 0.298126 0.293901 0.000941511
 19 0.294913 0.293954 0.000892173
 20 0.288998 0.293706 0.000881928
 21 0.296448 0.293837 0.000848979
 22 0.294597 0.293872 0.000810206
 23 0.29369 0.293864 0.000774218
 24 0.293434 0.293846 0.000741474
 25 0.294358 0.293866 0.000711492
 26 0.30156 0.294162 0.000744883
 27 0.291592 0.294067 0.000723055
 28 0.289096 0.293889 0.000719014
 29 0.284326 0.29356 0.000768166
 30 0.28933 0.293419 0.000755393
