 1 0.051362 0.051362 0
 2 0.04497 0.048166 0.003196
 3 0.054972 0.0504347 0.00292432
 4 0.044218 0.0488805 0.00258675
 5 0.057192 0.0505428 0.00260346
 6 0.0563 0.0515023 0.00233225
 7 0.049264 0.0511826 0.00199688
 8 0.052362 0.05133 0.00173562
 9 0.057958 0.0520664 0.00169862
 10 0.040264 0.0508862 0.00192386
 11 0.056306 0.0513789 0.0018086
 12 0.062954 0.0523435 0.00191214
 13 0.049168 0.0520992 0.0017758
 14 0.047324 0.0517581 0.00167908
 15 0.051094 0.0517139 0.00156376
 16 0.054862 0.0519106 0.00147594
 17 0.048214 0.0516932 0.00140335
 18 0.052744 0.0517516 0.00132438
 19 0.044868 0.0513893 0.00130408
 20 0.053284 0.051484 0.00124078
 21 0.051468 0.0514832 0.00118021
 22 0.058822 0.0518168 0.00117369
 23 0.058164 0.0520928 0.00115496
 24 0.045542 0.0518198 0.00113898
 25 0.051764 0.0518176 0.00109247
 26 0.062526 0.0522295 0.00112752
 27 0.046062 0.052001 0.00110875
 28 0.047128 0.051827 0.0010825
 29 0.051942 0.051831 0.00104451
 30 0.044164 0.0515754 0.00104095
 1 0.045958 0.045958 0
 2 0.059848 0.052903 0.006945
 3 0.05468 0.0534953 0.00405321
 4 0.051554 0.05301 0.00290686
 5 0.0688 0.056168 0.00387851
 6 0.044236 0.0541793 0.00373943
 7 0.046318 0.0530563 0.00335401
 8 0.05008 0.0526843 0.00292838
 9 0.055542 0.0530018 0.00260204
 10 0.04901 0.0526026 0.00236132
 11 0.050848 0.0524431 0.00214184
 12 0.057154 0.0528357 0.00199425
 13 0.04703 0.0523891 0.00188802
 14 0.051188 0.0523033 0.00175007
 15 0.059988 0.0528156 0.00170788
 16 0.04146 0.0521059 0.00174813
 17 0.047974 0.0518628 0.00165997
 18 0.05208 0.0518749 0.00156508
 19 0.04235 0.0513736 0.00156299
 20 0.056324 0.0516211 0.0015033
 21 0.04824 0.0514601 0.00143896
 22 0.054214 0.0515853 0.00137769
 23 0.043424 0.0512304 0.00136342
 24 0.035434 0.0505723 0.00146192
 25 0.048584 0.0504927 0.00140448
 26 0.050328 0.0504864 0.00134939
 27 0.045924 0.0503174 0.0013094
 28 0.051476 0.0503588 0.00126245
 29 0.058378 0.0506353 0.00124913
 30 0.045856 0.050476 0.00121725
