 1 0.36 0.36 0
 2 0.32 0.34 0.02
 3 0.32 0.333333 0.0133333
 4 0.4 0.35 0.0191485
 5 0.52 0.384 0.0370945
 6 0.4 0.386667 0.0304047
 7 0.32 0.377143 0.0274048
 8 0.28 0.365 0.0266592
 9 0.4 0.368889 0.0238307
 10 0.32 0.364 0.0218683
 11 0.36 0.363636 0.019784
 12 0.52 0.376667 0.0222702
 13 0.44 0.381538 0.0210569
 14 0.48 0.388571 0.0207247
 15 0.48 0.394667 0.0202336
 16 0.44 0.3975 0.0191377
 17 0.44 0.4 0.0181497
 18 0.28 0.393333 0.0183645
 19 0.28 0.387368 0.0183667
 20 0.2 0.378 0.019783
 21 0.08 0.36381 0.0235683
 22 0.04 0.349091 0.0268627
 23 0.08 0.337391 0.0282088
 24 0.2 0.331667 0.0276079
 25 0.24 0.328 0.0267333
 26 0.12 0.32 0.0269015
 27 0.16 0.314074 0.0265556
 28 0.16 0.308571 0.0261746
 29 0.12 0.302069 0.0260795
 30 0.04 0.293333 0.0266667
 31 -0.16 0.27871 0.0296494
 32 -0.16 0.265 0.0318135
 33 0.04 0.258182 0.0315792
 34 0.04 0.251765 0.0313012
 35 -0.04 0.243429 0.0315161
 36 -0.12 0.233333 0.032249
 37 -0.16 0.222703 0.0331179
 38 -0.04 0.215789 0.0329676
 39 -0.04 0.209231 0.0327741
 40 0.04 0.205 0.0322232
 41 0.12 0.202927 0.0314957
 42 0.12 0.200952 0.0308
 43 0.08 0.19814 0.0302065
 44 0.04 0.194545 0.02973
 45 0.08 0.192 0.0291731
 46 0.08 0.189565 0.0286356
 47 0.08 0.187234 0.0281165
 48 0.2 0.1875 0.0275258
 49 0.4 0.191837 0.0273048
 50 0.32 0.1944 0.0268756
 51 0.52 0.200784 0.027106
 52 0.48 0.206154 0.0271165
 53 0.52 0.212075 0.0272511
 54 0.52 0.217778 0.0273429
 55 0.56 0.224 0.0275529
 56 0.48 0.228571 0.0274399
 57 0.44 0.232281 0.0272083
 58 0.44 0.235862 0.0269738
 59 0.52 0.240678 0.0269466
 60 0.36 0.242667 0.0265682
 61 0.4 0.245246 0.026256
 62 0.36 0.247097 0.0258953
 63 0.36 0.248889 0.0255439
 64 0.36 0.250625 0.0252014
 65 0.2 0.249846 0.0248229
 66 0.28 0.250303 0.0244482
 67 0.28 0.250746 0.0240846
 68 0.36 0.252353 0.0237821
 69 0.24 0.252174 0.0234356
 70 0.28 0.252571 0.0231018
 71 0.36 0.254085 0.0228243
 72 0.24 0.253889 0.0225059
 73 0.08 0.251507 0.0223229
 74 0.12 0.24973 0.0220908
 75 -0.16 0.244267 0.0224685
 76 -0.04 0.240526 0.0224842
 77 -0.16 0.235325 0.0227918
 78 -0.16 0.230256 0.0230615
 79 -0.12 0.225823 0.0231954
 80 0.08 0.224 0.022976
 81 0.04 0.221728 0.022804
 82 0.04 0.219512 0.022633
 83 0 0.216867 0.0225145
 84 -0.04 0.21381 0.0224541
 85 0.2 0.213647 0.0221889
 86 0.2 0.213488 0.02193
 87 0.24 0.213793 0.0216786
 88 0.16 0.213182 0.0214395
 89 0.24 0.213483 0.0211994
 90 0.2 0.213333 0.0209631
 91 0.32 0.214505 0.0207645
 92 0.32 0.215652 0.0205696
 93 0.24 0.215914 0.0203489
 94 0.4 0.217872 0.0202263
 95 0.44 0.220211 0.0201484
 96 0.36 0.221667 0.0199905
 97 0.4 0.223505 0.0198686
 98 0.36 0.224898 0.0197141
 99 0.36 0.226263 0.0195616
 100 0.36 0.2276 0.0194111
 101 0.4 0.229307 0.0192936
 102 0.28 0.229804 0.01911
 103 0.08 0.22835 0.0189793
 104 -0.08 0.225385 0.0190284
 105 -0.16 0.221714 0.0192003
 106 -0.32 0.216604 0.019693
 107 -0.16 0.213084 0.0198231
 108 -0.2 0.209259 0.0200077
 109 -0.24 0.205138 0.0202472
 110 -0.24 0.201091 0.0204664
 111 -0.24 0.197117 0.0206668
 112 -0.08 0.194643 0.0206303
 113 -0.12 0.191858 0.0206357
 114 -0.2 0.188421 0.0207407
 115 -0.16 0.185391 0.0207816
 116 -0.24 0.181724 0.0209255
 117 -0.2 0.178462 0.0210008
 118 -0.16 0.175593 0.0210187
 119 -0.16 0.172773 0.0210313
 120 -0.2 0.169667 0.0210854
 121 -0.04 0.167934 0.0209821
 122 0 0.166557 0.0208548
 123 0 0.165203 0.0207289
 124 -0.12 0.162903 0.0206893
 125 0 0.1616 0.0205644
 126 0 0.160317 0.0204408
 127 0.12 0.16 0.0202817
 128 0 0.15875 0.0201614
 129 0.04 0.157829 0.0200257
 130 0.12 0.157538 0.0198732
 131 0.08 0.156947 0.0197298
 132 0.08 0.156364 0.0195884
 133 0.16 0.156391 0.0194406
 134 0.16 0.156418 0.019295
 135 0.16 0.156444 0.0191516
 136 0.2 0.156765 0.0190129
 137 0.28 0.157664 0.0188951
 138 0.24 0.158261 0.0187671
 139 0.16 0.158273 0.0186316
 140 0.16 0.158286 0.0184981
 141 0.08 0.15773 0.0183748
 142 0.16 0.157746 0.0182449
 143 0.12 0.157483 0.0181188
 144 0.12 0.157222 0.0179944
 145 0.08 0.15669 0.0178778
 146 -0.04 0.155342 0.017806
 147 0.04 0.154558 0.0177019
 148 0.04 0.153784 0.0175989
 149 0.08 0.153289 0.0174874
 150 0.08 0.1528 0.0173773
 151 0 0.151788 0.0172914
 152 0 0.150789 0.0172063
 153 0 0.149804 0.0171219
 154 0.24 0.15039 0.0170204
 155 0.24 0.150968 0.0169201
 156 0.36 0.152308 0.0168646
 157 0.12 0.152102 0.0167581
 158 0.28 0.152911 0.0166714
 159 0.12 0.152704 0.0165675
 160 0.08 0.15225 0.0164699
 161 0.24 0.152795 0.0163764
 162 0.2 0.153086 0.0162776
 163 0.12 0.152883 0.0161787
 164 0.08 0.152439 0.0160858
 165 0.08 0.152 0.0159941
 166 0.24 0.15253 0.0159063
 167 0.24 0.153054 0.0158194
 168 0.4 0.154524 0.0157935
 169 0.28 0.155266 0.0157173
 170 0.16 0.155294 0.0156246
 171 0.2 0.155556 0.0155352
 172 0 0.154651 0.0154711
 173 0.2 0.154913 0.0153836
 174 0.04 0.154253 0.0153092
 175 0 0.153371 0.015247
 176 -0.04 0.152273 0.0151998
 177 0 0.151412 0.0151382
 178 -0.04 0.150337 0.0150913
 179 0 0.149497 0.0150302
 180 0.04 0.148889 0.0149588
 181 0 0.148066 0.0148987
 182 0.2 0.148352 0.0148194
 183 0.2 0.148634 0.0147409
 184 0.16 0.148696 0.0146607
 185 0.16 0.148757 0.0145813
 186 0.16 0.148817 0.0145028
 187 0 0.148021 0.014447
 188 0.08 0.14766 0.0143745
 189 0 0.146878 0.0143196
 190 -0.16 0.145263 0.0143353
 191 0 0.144503 0.0142803
 192 -0.04 0.143542 0.0142382
 193 0 0.142798 0.0141838
 194 0.04 0.142268 0.0141204
 195 0.12 0.142154 0.0140483
 196 0 0.141429 0.0139952
 197 0.04 0.140914 0.0139335
 198 -0.08 0.139798 0.0139078
 199 -0.2 0.13809 0.0139427
 200 -0.08 0.137 0.0139156
 201 0 0.136318 0.0138629
 202 -0.04 0.135446 0.0138217
 203 0 0.134778 0.0137696
 204 0.04 0.134314 0.0137099
 205 -0.04 0.133463 0.0136693
 206 -0.24 0.13165 0.013723
 207 -0.16 0.130242 0.0137291
 208 0.08 0.13 0.013665
 209 -0.12 0.128804 0.013652
 210 -0.04 0.128 0.0136106
 211 0 0.127393 0.0135595
 212 0.04 0.126981 0.0135017
 213 -0.08 0.126009 0.0134733
 214 -0.04 0.125234 0.0134326
 215 0.04 0.124837 0.0133758
 216 0 0.124259 0.0133263
 217 0.04 0.123871 0.0132704
 218 0.04 0.123486 0.013215
 219 0.04 0.123105 0.01316
 220 -0.12 0.122 0.0131466
 221 -0.24 0.120362 0.0131891
 222 -0.28 0.118559 0.0132528
 223 -0.24 0.116951 0.0132909
 224 -0.24 0.115357 0.013327
 225 -0.16 0.114133 0.013324
 226 -0.16 0.11292 0.0133203
 227 -0.08 0.11207 0.0132886
 228 0 0.111579 0.0132394
 229 0.04 0.111266 0.0131851
 230 0.12 0.111304 0.0131277
 231 0.2 0.111688 0.0130764
 232 0.36 0.112759 0.0130638
 233 0.4 0.113991 0.0130659
 234 0.56 0.115897 0.0131489
 235 0.44 0.117277 0.0131652
 236 0.44 0.118644 0.0131805
 237 0.52 0.120338 0.0132335
 238 0.4 0.121513 0.0132301
 239 0.52 0.12318 0.0132797
 240 0.44 0.1245 0.01329
 241 0.32 0.125311 0.0132596
 242 0.4 0.126446 0.0132534
 243 0.4 0.127572 0.0132466
 244 0.48 0.129016 0.0132711
 245 0.4 0.130122 0.013263
 246 0.32 0.130894 0.0132315
 247 0.08 0.130688 0.0131794
 248 0.16 0.130806 0.0131267
 249 0.12 0.130763 0.0130739
 250 0.16 0.13088 0.0130221
 251 0.08 0.130677 0.0129717
 252 0.12 0.130635 0.0129202
 253 0.04 0.130277 0.012874
 254 0.28 0.130866 0.0128367
 255 0.28 0.131451 0.0127997
 256 0.24 0.131875 0.0127566
 257 0.2 0.13214 0.0127096
 258 0.16 0.132248 0.0126608
 259 0.2 0.13251 0.0126145
 260 -0.04 0.131846 0.0125834
 261 -0.08 0.131034 0.0125613
 262 -0.2 0.129771 0.0125769
 263 -0.32 0.128061 0.0126452
 264 -0.36 0.126212 0.0127321
 265 -0.4 0.124226 0.0128385
 266 -0.44 0.122105 0.0129648
 267 -0.48 0.11985 0.0131116
 268 -0.44 0.117761 0.0132285
 269 -0.44 0.115688 0.0133414
 270 -0.4 0.113778 0.0134284
 271 -0.4 0.111882 0.0135124
 272 -0.36 0.110147 0.013574
 273 -0.08 0.109451 0.0135421
 274 -0.2 0.108321 0.0135397
 275 -0.24 0.107055 0.0135497
 276 -0.2 0.105942 0.0135463
 277 -0.24 0.104693 0.013555
 278 -0.2 0.103597 0.0135505
 279 -0.16 0.102652 0.0135349
 280 0 0.102286 0.0134914
 281 0 0.101922 0.0134483
 282 0 0.10156 0.0134054
 283 0.04 0.101343 0.0133597
 284 0.08 0.101268 0.0133128
 285 -0.04 0.100772 0.0132752
 286 -0.04 0.10028 0.0132379
 287 -0.08 0.0996516 0.0132066
 288 0.08 0.0995833 0.0131609
 289 0.08 0.0995156 0.0131154
 290 0.24 0.1 0.0130791
 291 0.44 0.101168 0.0130863
 292 0.44 0.102329 0.013093
 293 0.4 0.103345 0.0130877
 294 0.4 0.104354 0.0130821
 295 0.4 0.105356 0.0130761
 296 0.48 0.106622 0.0130932
 297 0.36 0.107475 0.0130769
 298 0.36 0.108322 0.0130605
 299 0.24 0.108763 0.0130242
 300 0.48 0.11 0.0130395
 301 0.52 0.111362 0.0130673
 302 0.56 0.112848 0.0131084
 303 0.64 0.114587 0.0131804
 304 0.6 0.116184 0.0132337
 305 0.56 0.117639 0.0132702
 306 0.48 0.118824 0.0132797
 307 0.52 0.12013 0.0133007
 308 0.4 0.121039 0.0132886
 309 0.32 0.121683 0.0132611
 310 0.2 0.121935 0.0132207
 311 0.32 0.122572 0.0131935
 312 0.32 0.123205 0.0131664
 313 0.24 0.123578 0.0131295
 314 0.28 0.124076 0.0130971
 315 0.28 0.124571 0.0130649
 316 0.16 0.124684 0.0130239
 317 0.16 0.124795 0.0129833
 318 0.16 0.124906 0.0129428
 319 0.36 0.125643 0.0129232
 320 0.28 0.126125 0.0128918
 321 0.08 0.125981 0.0128524
 322 0.16 0.126087 0.0128129
 323 0.16 0.126192 0.0127736
 324 0.08 0.126049 0.0127349
 325 0.32 0.126646 0.0127096
 326 0.2 0.126871 0.0126726
 327 0.24 0.127217 0.0126385
 328 0.24 0.127561 0.0126046
 329 0.28 0.128024 0.0125748
 330 0.2 0.128242 0.0125385
 331 0.28 0.128701 0.012509
 332 0.4 0.129518 0.012498
 333 0.48 0.130571 0.0125048
 334 0.56 0.131856 0.0125334
 335 0.52 0.133015 0.0125495
 336 0.48 0.134048 0.0125547
 337 0.48 0.135074 0.0125594
 338 0.4 0.135858 0.0125467
 339 0.52 0.136991 0.0125608
 340 0.6 0.138353 0.0125977
 341 0.64 0.139824 0.0126465
 342 0.52 0.140936 0.0126584
 343 0.48 0.141924 0.0126601
 344 0.64 0.143372 0.012706
 345 0.56 0.14458 0.0127265
 346 0.68 0.146127 0.0127837
 347 0.68 0.147666 0.0128393
 348 0.64 0.14908 0.0128803
 349 0.6 0.150372 0.0129082
 350 0.4 0.151086 0.012891
 351 0.08 0.150883 0.0128558
 352 0.16 0.150909 0.0128193
 353 0 0.150482 0.01279
 354 0.04 0.150169 0.0127577
 355 0.16 0.150197 0.0127217
 356 0.16 0.150225 0.012686
 357 -0.12 0.149468 0.012673
 358 -0.2 0.148492 0.0126752
 359 -0.32 0.147187 0.012707
 360 -0.36 0.145778 0.0127498
 361 -0.44 0.144155 0.0128175
 362 -0.6 0.142099 0.0129463
 363 -0.52 0.140275 0.0130388
 364 -0.56 0.138352 0.0131445
 365 -0.48 0.136658 0.0132174
 366 -0.36 0.135301 0.0132509
 367 -0.44 0.133733 0.0133074
 368 -0.36 0.132391 0.0133389
 369 -0.24 0.131382 0.0133409
 370 -0.16 0.130595 0.0133281
 371 -0.08 0.130027 0.0133042
 372 -0.04 0.12957 0.0132763
 373 0.08 0.129437 0.0132413
 374 0.08 0.129305 0.0132065
 375 0.2 0.129493 0.0131726
 376 0.4 0.130213 0.0131572
 377 0.32 0.130716 0.0131319
 378 0.44 0.131534 0.0131227
 379 0.52 0.132559 0.0131281
 380 0.44 0.133368 0.0131184
 381 0.4 0.134068 0.0131027
 382 0.64 0.135393 0.0131353
 383 0.76 0.137023 0.013202
 384 0.88 0.138958 0.013309
 385 0.92 0.140987 0.0134285
 386 0.96 0.143109 0.0135607
 387 0.96 0.14522 0.0136893
 388 0.92 0.147216 0.0137992
 389 0.88 0.1491 0.013892
 390 0.84 0.150872 0.0139692
 391 0.76 0.15243 0.0140202
 392 0.8 0.154082 0.0140816
 393 0.6 0.155216 0.0140915
 394 0.52 0.156142 0.0140862
 395 0.52 0.157063 0.0140806
 396 0.6 0.158182 0.0140895
 397 0.68 0.159496 0.0141153
 398 0.76 0.161005 0.0141604
 399 0.76 0.162506 0.0142044
 400 0.84 0.1642 0.0142697
 401 0.68 0.165486 0.0142921
 402 0.68 0.166766 0.0143138
 403 0.64 0.16794 0.0143265
 404 0.72 0.169307 0.0143562
 405 0.68 0.170568 0.0143761
 406 0.68 0.171823 0.0143954
 407 0.68 0.173071 0.0144142
 408 0.72 0.174412 0.0144412
 409 0.72 0.175746 0.0144674
 410 0.8 0.177268 0.0145122
 411 0.8 0.178783 0.0145559
 412 0.76 0.180194 0.0145889
 413 0.72 0.181501 0.0146121
 414 0.68 0.182705 0.0146264
 415 0.72 0.184 0.0146485
 416 0.64 0.185096 0.0146543
 417 0.6 0.186091 0.0146529
 418 0.52 0.18689 0.0146396
 419 0.48 0.187589 0.0146214
 420 0.28 0.18781 0.0145882
 421 0.32 0.188124 0.0145569
 422 0.32 0.188436 0.0145257
 423 0.48 0.189125 0.0145077
 424 0.44 0.189717 0.0144855
 425 0.4 0.190212 0.0144599
 426 0.32 0.190516 0.0144291
 427 0.24 0.190632 0.0143957
 428 0.2 0.190654 0.0143621
 429 0.2 0.190676 0.0143286
 430 0.2 0.190698 0.0142952
 431 0.12 0.190534 0.014263
 432 0.12 0.19037 0.0142309
 433 0.16 0.1903 0.0141981
 434 0.2 0.190323 0.0141654
 435 -0.12 0.189609 0.0141508
 436 -0.04 0.189083 0.0141281
 437 0.12 0.188924 0.0140966
 438 0.44 0.189498 0.0140761
 439 0.24 0.189613 0.0140445
 440 0.36 0.19 0.0140179
 441 0.48 0.190658 0.0140015
 442 0.4 0.191131 0.0139778
 443 0.4 0.191603 0.0139542
 444 0.44 0.192162 0.0139339
 445 0.36 0.192539 0.0139077
 446 0.2 0.192556 0.0138765
 447 0.24 0.192662 0.0138458
 448 0.16 0.192589 0.0138151
 449 0.4 0.193051 0.013792
 450 0.4 0.193511 0.013769
 451 0.24 0.193614 0.0137388
 452 0.28 0.193805 0.0137097
 453 0.24 0.193907 0.0136798
 454 0.28 0.194097 0.013651
 455 0.32 0.194374 0.0136238
 456 0.2 0.194386 0.0135939
 457 0.28 0.194573 0.0135654
 458 0.28 0.19476 0.013537
 459 0.4 0.195207 0.0135149
 460 0.36 0.195565 0.0134902
 461 0.32 0.195835 0.0134636
 462 0.4 0.196277 0.0134417
 463 0.28 0.196458 0.0134139
 464 0.16 0.196379 0.0133852
 465 0.2 0.196387 0.0133564
 466 0.16 0.196309 0.0133279
 467 0.32 0.196574 0.013302
 468 0.36 0.196923 0.0132781
 469 0.36 0.197271 0.0132543
 470 0.4 0.197702 0.0132331
 471 0.36 0.198047 0.0132095
 472 0.28 0.19822 0.0131826
 473 0.12 0.198055 0.0131558
 474 0 0.197637 0.0131346
 475 -0.16 0.196884 0.0131285
 476 -0.32 0.195798 0.0131459
 477 -0.2 0.194969 0.0131445
 478 -0.24 0.194059 0.0131485
 479 -0.28 0.193069 0.0131583
 480 -0.32 0.192 0.0131743
 481 -0.28 0.191019 0.0131834
 482 -0.36 0.189876 0.0132056
 483 -0.12 0.189234 0.0131939
 484 -0.12 0.188595 0.0131821
 485 -0.16 0.187876 0.0131745
 486 -0.16 0.18716 0.0131668
 487 -0.12 0.18653 0.0131549
 488 -0.16 0.18582 0.0131471
 489 -0.2 0.185031 0.0131439
 490 -0.16 0.184327 0.0131359
 491 0.08 0.184114 0.0131109
 492 0.2 0.184146 0.0130842
 493 0.28 0.184341 0.0130591
 494 0.36 0.184696 0.0130375
 495 0.44 0.185212 0.0130213
 496 0.28 0.185403 0.0129965
 497 0.36 0.185755 0.012975
 498 0.36 0.186104 0.0129537
 499 0.12 0.185972 0.0129284
 500 0.24 0.18608 0.012903
 501 0.16 0.186028 0.0128773
 502 0.12 0.185896 0.0128523
 503 0.2 0.185924 0.0128267
 504 0.32 0.18619 0.012804
 505 0.28 0.186376 0.01278
 506 0.12 0.186245 0.0127554
 507 0.12 0.186114 0.0127309
 508 0.12 0.185984 0.0127064
 509 0.32 0.186248 0.0126842
 510 0.6 0.187059 0.0126853
 511 0.64 0.187945 0.0126914
 512 0.64 0.188828 0.0126973
 513 0.68 0.189786 0.0127087
 514 0.76 0.190895 0.0127323
 515 0.76 0.192 0.0127556
 516 0.76 0.193101 0.0127783
 517 0.68 0.194043 0.0127883
 518 0.48 0.194595 0.0127755
 519 0.44 0.195067 0.0127596
 520 0.44 0.195538 0.0127438
 521 0.36 0.195854 0.0127232
 522 0.4 0.196245 0.0127048
 523 0.32 0.196482 0.0126827
 524 0.32 0.196718 0.0126607
 525 0.2 0.196724 0.0126366
 526 0.32 0.196958 0.0126147
 527 0.36 0.197268 0.0125945
 528 0.36 0.197576 0.0125744
 529 0.36 0.197883 0.0125544
 530 0.32 0.198113 0.0125328
 531 0.36 0.198418 0.0125129
 532 0.32 0.198647 0.0124915
 533 0.24 0.198724 0.0124682
 534 0.32 0.198951 0.0124469
 535 0.32 0.199178 0.0124257
 536 0.2 0.199179 0.0124025
 537 0.2 0.199181 0.0123794
 538 0.4 0.199554 0.012362
 539 0.44 0.2 0.0123471
 540 0.36 0.200296 0.0123278
 541 0.4 0.200665 0.0123105
 542 0.44 0.201107 0.0122957
 543 0.32 0.201326 0.012275
 544 0.24 0.201397 0.0122526
 545 0.2 0.201394 0.0122301
 546 0.24 0.201465 0.0122079
 547 0.2 0.201463 0.0121856
 548 0.24 0.201533 0.0121635
 549 0.08 0.201311 0.0121433
 550 0.08 0.201091 0.0121232
 551 0.16 0.201016 0.0121015
 552 0.16 0.200942 0.0120797
 553 0.04 0.200651 0.0120614
 554 0.08 0.200433 0.0120416
 555 0.04 0.200144 0.0120233
 556 0 0.199784 0.0120071
 557 0 0.199425 0.0119909
 558 -0.08 0.198925 0.0119798
 559 0 0.198569 0.0119637
 560 -0.08 0.198071 0.0119526
 561 -0.08 0.197576 0.0119416
 562 -0.28 0.196726 0.0119506
 563 -0.32 0.195808 0.0119646
 564 -0.44 0.194681 0.0119965
 565 -0.44 0.193558 0.0120278
 566 -0.4 0.192509 0.0120522
 567 -0.44 0.191393 0.0120826
 568 -0.4 0.190352 0.0121061
 569 -0.48 0.189174 0.0121421
 570 -0.4 0.18814 0.0121648
 571 -0.4 0.18711 0.0121871
 572 -0.28 0.186294 0.0121931
 573 -0.24 0.18555 0.0121945
 574 -0.12 0.185017 0.0121849
 575 -0.08 0.184557 0.0121724
 576 0 0.184236 0.0121555
 577 -0.12 0.183709 0.0121459
 578 -0.28 0.182907 0.0121513
 579 -0.36 0.181969 0.0121665
 580 -0.28 0.181172 0.0121716
 581 -0.12 0.180654 0.0121617
 582 -0.16 0.180069 0.0121549
 583 -0.24 0.179348 0.0121554
 584 -0.32 0.178493 0.0121647
 585 -0.28 0.177709 0.0121691
 586 -0.28 0.176928 0.0121734
 587 -0.44 0.175877 0.012198
 588 -0.36 0.174966 0.0122113
 589 -0.36 0.174058 0.0122243
 590 -0.4 0.173085 0.0122423
 591 -0.28 0.172318 0.0122456
 592 -0.2 0.171689 0.0122411
 593 -0.2 0.171062 0.0122365
 594 -0.08 0.17064 0.0122232
 595 -0.28 0.169882 0.0122261
 596 -0.4 0.168926 0.012243
 597 -0.24 0.168241 0.0122416
 598 -0.28 0.167492 0.0122441
 599 -0.24 0.166811 0.0122426
 600 -0.24 0.166133 0.0122409
 601 -0.28 0.165391 0.0122431
 602 -0.4 0.164452 0.0122587
 603 -0.44 0.163449 0.0122794
 604 -0.48 0.162384 0.0123052
 605 -0.36 0.161521 0.0123152
 606 -0.4 0.160594 0.0123297
 607 -0.44 0.159605 0.0123491
 608 -0.52 0.158487 0.0123793
 609 -0.36 0.157635 0.0123883
 610 -0.2 0.157049 0.0123818
 611 -0.16 0.15653 0.0123724
 612 -0.2 0.155948 0.0123659
 613 -0.2 0.155367 0.0123594
 614 -0.24 0.154723 0.012356
 615 -0.2 0.154146 0.0123494
 616 -0.2 0.153571 0.0123427
 617 -0.12 0.153128 0.0123307
 618 -0.04 0.152816 0.0123147
 619 0.08 0.152698 0.0122953
 620 0.08 0.152581 0.0122761
 621 -0.04 0.152271 0.0122602
 622 -0.08 0.151897 0.0122462
 623 -0.08 0.151525 0.0122322
 624 -0.12 0.15109 0.0122203
 625 -0.04 0.150784 0.0122046
 626 -0.08 0.150415 0.0121906
 627 -0.12 0.149984 0.0121788
 628 -0.16 0.14949 0.0121694
 629 -0.12 0.149062 0.0121576
 630 -0.12 0.148635 0.0121458
 631 -0.12 0.148209 0.012134
 632 -0.12 0.147785 0.0121222
 633 -0.12 0.147362 0.0121104
 634 -0.04 0.147066 0.0120949
 635 0.04 0.146898 0.012077
 636 -0.04 0.146604 0.0120616
 637 -0.08 0.146248 0.0120479
 638 -0.08 0.145893 0.0120343
 639 -0.12 0.145477 0.0120226
 640 -0.16 0.145 0.0120133
 641 -0.16 0.144524 0.012004
 642 -0.28 0.143863 0.0120035
 643 -0.56 0.142768 0.0120347
 644 -0.88 0.14118 0.0121205
 645 -0.8 0.139721 0.0121893
 646 -0.8 0.138266 0.0122571
 647 -0.72 0.13694 0.0123098
 648 -0.76 0.135556 0.0123685
 649 -0.8 0.134114 0.0124333
 650 -0.8 0.132677 0.012497
 651 -0.72 0.131367 0.0125464
 652 -0.68 0.130123 0.0125888
 653 -0.56 0.129066 0.0126138
 654 -0.72 0.127768 0.0126613
 655 -0.6 0.126656 0.0126907
 656 -0.64 0.125488 0.0127251
 657 -0.56 0.124444 0.0127485
 658 -0.56 0.123404 0.0127715
 659 -0.56 0.122367 0.0127942
 660 -0.48 0.121455 0.0128074
 661 -0.56 0.120424 0.0128295
 662 -0.64 0.119275 0.0128615
 663 -0.56 0.11825 0.0128829
 664 -0.48 0.117349 0.012895
 665 -0.64 0.116211 0.0129258
 666 -0.68 0.115015 0.0129616
 667 -0.52 0.114063 0.0129772
 668 -0.36 0.113353 0.0129771
 669 -0.24 0.112825 0.0129685
 670 -0.16 0.112418 0.0129555
 671 -0.2 0.111952 0.0129446
 672 -0.32 0.11131 0.0129413
 673 -0.12 0.110966 0.0129266
 674 -0.2 0.110504 0.0129157
 675 -0.16 0.110104 0.0129027
 676 -0.16 0.109704 0.0128898
 677 -0.16 0.109306 0.0128769
 678 -0.16 0.108909 0.0128641
 679 -0.2 0.108454 0.0128532
 680 -0.24 0.107941 0.0128445
 681 -0.32 0.107313 0.012841
 682 -0.4 0.106569 0.0128437
 683 -0.32 0.105944 0.0128401
 684 -0.4 0.105205 0.0128426
 685 -0.36 0.104526 0.0128418
 686 -0.4 0.10379 0.0128442
 687 -0.36 0.103115 0.0128432
 688 -0.24 0.102616 0.0128342
 689 -0.16 0.102235 0.0128212
 690 -0.08 0.101971 0.0128054
 691 -0.12 0.10165 0.0127909
 692 -0.04 0.101445 0.012774
 693 0.04 0.101356 0.0127559
 694 0.16 0.101441 0.0127377
 695 0.04 0.101353 0.0127197
 696 -0.04 0.101149 0.0127031
 697 0.2 0.101291 0.0126856
 698 0.2 0.101433 0.0126682
 699 0.08 0.101402 0.0126501
 700 0.16 0.101486 0.0126323
 701 0.32 0.101797 0.0126181
 702 0.44 0.102279 0.0126093
 703 0.36 0.102646 0.0125967
 704 0.6 0.103352 0.0125986
 705 0.56 0.104 0.0125974
 706 0.6 0.104703 0.0125992
 707 0.68 0.105516 0.0126076
 708 0.56 0.106158 0.0126062
 709 0.52 0.106742 0.0126019
 710 0.48 0.107268 0.0125951
 711 0.44 0.107736 0.0125861
 712 0.52 0.108315 0.0125817
 713 0.48 0.108836 0.0125749
 714 0.64 0.10958 0.0125793
 715 0.6 0.110266 0.0125804
 716 0.56 0.110894 0.0125785
 717 0.48 0.111409 0.0125715
 718 0.6 0.112089 0.0125724
 719 0.72 0.112935 0.0125833
 720 0.72 0.113778 0.0125941
 721 0.84 0.114785 0.0126169
 722 0.76 0.115679 0.012631
 723 0.68 0.116459 0.0126377
 724 0.72 0.117293 0.0126477
 725 0.76 0.118179 0.0126613
 726 0.52 0.118733 0.012656
 727 0.52 0.119285 0.0126506
 728 0.52 0.119835 0.0126452
 729 0.64 0.120549 0.012648
 730 0.52 0.121096 0.0126425
 731 0.44 0.121532 0.0126327
 732 0.44 0.121967 0.012623
 733 0.44 0.122401 0.0126132
 734 0.44 0.122834 0.0126034
 735 0.48 0.12332 0.0125956
 736 0.44 0.12375 0.0125859
 737 0.48 0.124233 0.0125781
 738 0.48 0.124715 0.0125703
 739 0.28 0.124926 0.012555
 740 0.36 0.125243 0.0125421
 741 0.52 0.125776 0.0125364
 742 0.56 0.126361 0.0125332
 743 0.6 0.126999 0.0125326
 744 0.48 0.127473 0.0125247
 745 0.36 0.127785 0.0125118
 746 0.4 0.12815 0.0125003
 747 0.28 0.128353 0.0124852
 748 0.32 0.12861 0.0124711
 749 0.4 0.128972 0.0124597
 750 0.36 0.12928 0.0124469
 751 0.4 0.12964 0.0124356
 752 0.28 0.12984 0.0124206
 753 0.32 0.130093 0.0124067
 754 0.12 0.13008 0.0123902
 755 0.12 0.130066 0.0123738
 756 0.04 0.129947 0.012358
 757 0 0.129775 0.0123429
 758 0.08 0.12971 0.0123268
 759 0.04 0.129592 0.0123111
 760 0.2 0.129684 0.0122952
 761 0.52 0.130197 0.0122898
 762 0.36 0.130499 0.0122773
 763 0.6 0.131114 0.0122767
 764 0.56 0.131675 0.0122734
 765 0.56 0.132235 0.0122701
 766 0.68 0.13295 0.012275
 767 0.68 0.133664 0.0122797
 768 0.44 0.134062 0.0122702
 769 0.4 0.134408 0.0122591
 770 0.56 0.134961 0.0122556
 771 0.64 0.135616 0.0122572
 772 0.64 0.136269 0.0122588
 773 0.72 0.137025 0.0122662
 774 0.84 0.137933 0.0122839
 775 0.84 0.138839 0.0123015
 776 0.84 0.139742 0.0123188
 777 0.88 0.140695 0.0123398
 778 0.92 0.141697 0.0123645
 779 0.88 0.142644 0.012385
 780 1 0.143744 0.0124178
 781 1 0.14484 0.0124503
 782 1 0.145934 0.0124823
 783 0.96 0.146973 0.0125097
 784 1 0.148061 0.012541
 785 1 0.149146 0.0125719
 786 1 0.150229 0.0126025
 787 0.92 0.151207 0.0126244
 788 0.84 0.152081 0.0126387
 789 0.64 0.1527 0.0126378
 790 0.64 0.153316 0.0126368
 791 0.56 0.153831 0.0126313
 792 0.48 0.154242 0.0126221
 793 0.12 0.154199 0.0126062
 794 0.08 0.154106 0.0125907
 795 0.16 0.154113 0.0125748
 796 0.04 0.15397 0.0125598
 797 -0.04 0.153726 0.0125464
 798 -0.08 0.153434 0.0125341
 799 -0.12 0.153091 0.0125231
 800 -0.12 0.15275 0.0125121
 801 -0.2 0.15231 0.0125042
 802 -0.32 0.151721 0.0125025
 803 -0.4 0.151034 0.0125058
 804 -0.24 0.150547 0.0124997
 805 -0.16 0.150161 0.0124901
 806 -0.12 0.149826 0.0124791
 807 -0.2 0.149393 0.0124712
 808 -0.28 0.148861 0.0124671
 809 -0.16 0.14848 0.0124575
 810 -0.2 0.148049 0.0124496
 811 -0.08 0.147768 0.0124374
 812 -0.36 0.147143 0.0124378
 813 -0.36 0.146519 0.0124381
 814 -0.44 0.145799 0.0124437
 815 -0.44 0.14508 0.0124492
 816 -0.52 0.144265 0.0124606
 817 -0.52 0.143452 0.0124719
 818 -0.48 0.142689 0.0124799
 819 -0.56 0.141832 0.0124942
 820 -0.48 0.141073 0.0125019
 821 -0.52 0.140268 0.0125126
 822 -0.6 0.139367 0.0125298
 823 -0.6 0.138469 0.0125468
 824 -0.6 0.137573 0.0125636
 825 -0.6 0.136679 0.0125801
 826 -0.56 0.135835 0.0125932
 827 -0.56 0.134994 0.012606
 828 -0.68 0.13401 0.0126292
 829 -0.64 0.133076 0.0126485
 830 -0.6 0.132193 0.0126641
 831 -0.64 0.131264 0.0126829
 832 -0.64 0.130337 0.0127015
 833 -0.52 0.129556 0.0127103
 834 -0.48 0.128825 0.012716
 835 -0.48 0.128096 0.0127217
 836 -0.56 0.127273 0.0127331
 837 -0.6 0.126404 0.0127476
 838 -0.48 0.12568 0.0127529
 839 -0.36 0.125101 0.0127508
 840 -0.28 0.124619 0.0127448
 841 -0.36 0.124043 0.0127426
 842 -0.32 0.123515 0.0127384
 843 -0.32 0.122989 0.0127342
 844 -0.24 0.122559 0.0127263
 845 -0.48 0.121846 0.0127312
 846 -0.36 0.121277 0.0127289
 847 -0.32 0.120756 0.0127246
 848 -0.48 0.120047 0.0127293
 849 -0.28 0.119576 0.012723
 850 -0.2 0.1192 0.0127136
 851 -0.16 0.118872 0.0127029
 852 -0.2 0.118498 0.0126935
 853 -0.24 0.118077 0.0126856
 854 -0.24 0.117658 0.0126776
 855 -0.32 0.117146 0.0126731
 856 -0.32 0.116636 0.0126686
 857 -0.44 0.115986 0.0126705
 858 -0.4 0.115385 0.01267
 859 -0.56 0.114598 0.0126796
 860 -0.68 0.113674 0.0126985
 861 -0.6 0.112846 0.0127108
 862 -0.48 0.112158 0.0127147
 863 -0.36 0.111611 0.0127117
 864 -0.16 0.111296 0.0127009
 865 -0.36 0.110751 0.0126979
 866 -0.32 0.110254 0.012693
 867 -0.4 0.109666 0.012692
 868 -0.44 0.109032 0.0126932
 869 -0.44 0.1084 0.0126943
 870 -0.4 0.107816 0.0126931
 871 -0.32 0.107325 0.0126881
 872 -0.16 0.107018 0.0126772
 873 -0.16 0.106712 0.0126664
 874 -0.2 0.106362 0.0126568
 875 -0.16 0.106057 0.0126459
 876 -0.24 0.105662 0.0126377
 877 -0.16 0.105359 0.0126269
 878 -0.2 0.105011 0.0126173
 879 -0.2 0.104664 0.0126077
 880 -0.28 0.104227 0.012601
 881 -0.32 0.103746 0.0125959
 882 -0.08 0.103537 0.0125833
 883 -0.04 0.103375 0.0125701
 884 -0.04 0.103213 0.0125569
 885 0.04 0.103141 0.0125429
 886 0 0.103025 0.0125293
 887 0 0.102909 0.0125157
 888 0.04 0.102838 0.0125018
 889 0.28 0.103037 0.0124893
 890 0.32 0.103281 0.0124776
 891 0.52 0.103749 0.0124724
 892 0.68 0.104395 0.0124752
 893 0.64 0.104994 0.0124756
 894 0.48 0.105414 0.0124687
 895 0.44 0.105788 0.0124604
 896 0.6 0.106339 0.0124587
 897 0.64 0.106934 0.012459
 898 0.72 0.107617 0.0124638
 899 0.56 0.10812 0.0124601
 900 0.32 0.108356 0.0124485
 901 0.28 0.108546 0.0124361
 902 0.28 0.108736 0.0124238
 903 0.24 0.108882 0.0124109
 904 0.2 0.108982 0.0123975
 905 0.2 0.109083 0.0123842
 906 0.2 0.109183 0.012371
 907 0.24 0.109327 0.0123582
 908 0.28 0.109515 0.012346
 909 0.36 0.109791 0.0123355
 910 0.52 0.110242 0.0123301
 911 0.48 0.110648 0.0123233
 912 0.4 0.110965 0.0123139
 913 0.4 0.111281 0.0123044
 914 0.48 0.111685 0.0122976
 915 0.4 0.112 0.0122882
 916 0.28 0.112183 0.0122761
 917 0.28 0.112366 0.0122641
 918 0.24 0.112505 0.0122515
 919 0.24 0.112644 0.012239
 920 0.36 0.112913 0.0122286
 921 0.36 0.113181 0.0122183
 922 0.4 0.113492 0.012209
 923 0.36 0.113759 0.0121987
 924 0.48 0.114156 0.0121919
 925 0.48 0.114551 0.0121851
 926 0.56 0.115032 0.0121815
 927 0.68 0.115642 0.0121836
 928 0.44 0.115991 0.0121755
 929 0.6 0.116512 0.0121735
 930 0.56 0.116989 0.0121697
 931 0.64 0.117551 0.0121696
 932 0.64 0.118112 0.0121695
 933 0.52 0.118542 0.0121641
 934 0.6 0.119058 0.012162
 935 0.52 0.119487 0.0121565
 936 0.52 0.119915 0.0121511
 937 0.4 0.120213 0.0121418
 938 0.24 0.120341 0.0121295
 939 0.36 0.120596 0.0121193
 940 0.44 0.120936 0.0121111
 941 0.44 0.121275 0.012103
 942 0.36 0.121529 0.0120928
 943 0.32 0.121739 0.0120818
 944 0.32 0.121949 0.0120708
 945 0.2 0.122032 0.0120583
 946 0.2 0.122114 0.0120459
 947 0.32 0.122323 0.0120349
 948 0.4 0.122616 0.0120258
 949 0.2 0.122698 0.0120134
 950 0.28 0.122863 0.0120019
 951 0.36 0.123113 0.0119919
 952 0.4 0.123403 0.0119828
 953 0.6 0.123903 0.0119807
 954 0.68 0.124486 0.0119823
 955 0.68 0.125068 0.0119838
 956 0.6 0.125565 0.0119816
 957 0.64 0.126102 0.0119811
 958 0.52 0.126514 0.0119757
 959 0.52 0.126924 0.0119702
 960 0.48 0.127292 0.0119634
 961 0.44 0.127617 0.0119554
 962 0.48 0.127983 0.0119486
 963 0.44 0.128307 0.0119405
 964 0.32 0.128506 0.0119298
 965 0.56 0.128953 0.0119258
 966 0.64 0.129482 0.0119252
 967 0.64 0.13001 0.0119246
 968 0.64 0.130537 0.0119239
 969 0.56 0.13098 0.0119198
 970 0.68 0.131546 0.011921
 971 0.56 0.131988 0.0119169
 972 0.48 0.132346 0.01191
 973 0.48 0.132703 0.0119031
 974 0.48 0.13306 0.0118962
 975 0.56 0.133497 0.0118921
 976 0.52 0.133893 0.0118865
 977 0.52 0.134289 0.0118809
 978 0.56 0.134724 0.0118767
 979 0.52 0.135117 0.0118711
 980 0.4 0.135388 0.0118621
 981 0.28 0.135535 0.0118509
 982 0.2 0.135601 0.011839
 983 0.28 0.135748 0.0118278
 984 0.48 0.136098 0.011821
 985 0.48 0.136447 0.0118141
 986 0.48 0.136795 0.0118073
 987 0.44 0.137102 0.0117993
 988 0.48 0.137449 0.0117925
 989 0.6 0.137917 0.0117898
 990 0.6 0.138384 0.0117872
 991 0.6 0.13885 0.0117845
 992 0.44 0.139153 0.0117765
 993 0.56 0.139577 0.0117723
 994 0.6 0.14004 0.0117695
 995 0.52 0.140422 0.0117639
 996 0.52 0.140803 0.0117583
 997 0.52 0.141184 0.0117526
 998 0.64 0.141683 0.0117515
 999 0.64 0.142182 0.0117503
 1000 0.8 0.14284 0.011757
 1001 0.96 0.143656 0.0117735
 1002 0.84 0.144351 0.0117823
 1003 0.8 0.145005 0.0117887
 1004 0.76 0.145618 0.0117929
 1005 0.72 0.146189 0.011795
 1006 0.64 0.14668 0.0117935
 1007 0.68 0.14721 0.0117936
 1008 0.52 0.147579 0.0117877
 1009 0.32 0.14775 0.0117773
 1010 0.24 0.147842 0.011766
 1011 0.16 0.147854 0.0117543
 1012 0 0.147708 0.0117436
 1013 0.08 0.147641 0.0117322
 1014 0.12 0.147613 0.0117207
 1015 0.16 0.147626 0.0117091
 1016 0 0.14748 0.0116985
 1017 -0.12 0.147217 0.01169
 1018 -0.04 0.147033 0.0116799
 1019 -0.04 0.14685 0.0116699
 1020 -0.04 0.146667 0.0116599
 1021 0.04 0.146562 0.0116489
 1022 0.16 0.146575 0.0116375
 1023 0.28 0.146706 0.0116269
 1024 0.24 0.146797 0.0116159
 1025 0.24 0.146888 0.0116049
 1026 0.28 0.147018 0.0115943
 1027 0.28 0.147147 0.0115837
 1028 0.2 0.147198 0.0115726
 1029 0.2 0.14725 0.0115614
 1030 0.12 0.147223 0.0115502
 1031 0.2 0.147274 0.0115391
 1032 0.12 0.147248 0.011528
 1033 0.32 0.147415 0.011518
 1034 0.36 0.147621 0.0115087
 1035 0.48 0.147942 0.0115021
 1036 0.44 0.148224 0.0114944
 1037 0.56 0.148621 0.0114902
 1038 0.6 0.149056 0.0114874
 1039 0.6 0.14949 0.0114845
 1040 0.56 0.149885 0.0114802
 1041 0.6 0.150317 0.0114774
 1042 0.56 0.15071 0.0114731
 1043 0.52 0.151064 0.0114675
 1044 0.44 0.151341 0.0114599
 1045 0.52 0.151694 0.0114544
 1046 0.48 0.152008 0.0114477
 1047 0.36 0.152206 0.0114385
 1048 0.24 0.15229 0.0114279
 1049 0.32 0.15245 0.0114181
 1050 0.2 0.152495 0.0114073
 1051 0.24 0.152578 0.0113968
 1052 0.2 0.152624 0.011386
 1053 -0.12 0.152365 0.0113781
 1054 -0.16 0.152068 0.0113712
 1055 -0.24 0.151697 0.0113665
 1056 -0.2 0.151364 0.0113606
 1057 -0.12 0.151107 0.0113528
 1058 0 0.150964 0.0113429
 1059 -0.08 0.150746 0.0113343
 1060 -0.04 0.150566 0.011325
 1061 -0.04 0.150386 0.0113158
 1062 0.08 0.15032 0.0113053
 1063 0.08 0.150254 0.0112949
 1064 0.08 0.150188 0.0112844
 1065 0 0.150047 0.0112747
 1066 -0.04 0.149869 0.0112655
 1067 0.24 0.149953 0.0112553
 1068 0.2 0.15 0.0112449
 1069 0.24 0.150084 0.0112346
 1070 0.2 0.150131 0.0112242
 1071 0.36 0.150327 0.0112155
 1072 0.16 0.150336 0.011205
 1073 0.2 0.150382 0.0111947
 1074 0.24 0.150466 0.0111845
 1075 0.24 0.150549 0.0111744
 1076 0.12 0.15052 0.0111641
 1077 0 0.150381 0.0111546
 1078 0 0.150241 0.0111451
 1079 0 0.150102 0.0111356
 1080 0 0.149963 0.0111262
 1081 0.04 0.149861 0.0111164
 1082 0 0.149723 0.011107
 1083 -0.12 0.149474 0.0110995
 1084 -0.16 0.149188 0.0110929
 1085 -0.04 0.149014 0.0110841
 1086 -0.04 0.14884 0.0110752
 1087 -0.12 0.148592 0.0110678
 1088 -0.12 0.148346 0.0110604
 1089 -0.24 0.147989 0.011056
 1090 -0.24 0.147633 0.0110515
 1091 -0.16 0.147351 0.011045
 1092 -0.16 0.14707 0.0110385
 1093 0.04 0.146972 0.0110288
 1094 0 0.146837 0.0110195
 1095 0.04 0.14674 0.0110099
 1096 -0.16 0.14646 0.0110034
 1097 -0.16 0.14618 0.0109969
 1098 -0.16 0.145902 0.0109904
 1099 0 0.145769 0.0109812
 1100 -0.16 0.145491 0.0109748
 1101 -0.16 0.145213 0.0109683
 1102 -0.04 0.145045 0.0109596
 1103 0.16 0.145059 0.0109497
 1104 0.16 0.145072 0.0109398
 1105 0.12 0.14505 0.0109299
 1106 0.08 0.144991 0.0109202
 1107 0.08 0.144932 0.0109105
 1108 0.04 0.144838 0.010901
 1109 -0.08 0.144635 0.0108931
 1110 -0.16 0.14436 0.0108867
 1111 -0.12 0.144122 0.0108795
 1112 -0.16 0.143849 0.0108732
 1113 -0.16 0.143576 0.0108668
 1114 -0.16 0.143303 0.0108605
 1115 -0.28 0.142924 0.0108574
 1116 -0.28 0.142545 0.0108543
 1117 -0.4 0.142059 0.0108554
 1118 -0.4 0.141574 0.0108565
 1119 -0.48 0.141019 0.0108611
 1120 -0.44 0.1405 0.0108637
 1121 -0.24 0.140161 0.0108594
 1122 -0.28 0.139786 0.0108561
 1123 -0.36 0.139341 0.0108556
 1124 -0.6 0.138683 0.0108659
 1125 -0.72 0.13792 0.010883
 1126 -0.76 0.137123 0.0109025
 1127 -0.76 0.136327 0.0109219
 1128 -0.88 0.135426 0.0109493
 1129 -0.84 0.134562 0.0109737
 1130 -0.8 0.133735 0.0109951
 1131 -0.8 0.132909 0.0110164
 1132 -0.88 0.132014 0.011043
 1133 -0.88 0.131121 0.0110693
 1134 -0.84 0.130265 0.0110926
 1135 -0.92 0.129339 0.0111214
 1136 -0.8 0.128521 0.0111417
 1137 -0.72 0.127775 0.0111569
 1138 -0.64 0.1271 0.0111675
 1139 -0.76 0.126321 0.0111848
 1140 -0.64 0.125649 0.0111952
 1141 -0.72 0.124908 0.0112099
 1142 -0.48 0.124378 0.0112126
 1143 -0.48 0.12385 0.0112153
 1144 -0.44 0.123357 0.0112163
 1145 -0.4 0.1229 0.0112158
 1146 -0.64 0.122234 0.0112258
 1147 -0.6 0.121604 0.0112337
 1148 -0.52 0.121045 0.0112378
 1149 -0.6 0.120418 0.0112455
 1150 -0.56 0.119826 0.0112513
 1151 -0.48 0.119305 0.0112536
 1152 -0.44 0.118819 0.0112543
 1153 -0.48 0.1183 0.0112565
 1154 -0.4 0.117851 0.0112557
 1155 -0.28 0.117506 0.0112512
 1156 -0.12 0.117301 0.0112434
 1157 -0.2 0.117027 0.011237
 1158 -0.2 0.116753 0.0112306
 1159 -0.12 0.116549 0.0112228
 1160 -0.12 0.116345 0.011215
 1161 -0.32 0.115969 0.0112116
 1162 -0.32 0.115594 0.0112082
 1163 -0.2 0.115322 0.0112019
 1164 -0.12 0.11512 0.0111941
 1165 0.08 0.11509 0.0111845
 1166 0.2 0.115163 0.0111752
 1167 0.28 0.115304 0.0111665
 1168 0.28 0.115445 0.0111578
 1169 0.08 0.115415 0.0111483
 1170 0.12 0.115419 0.0111388
 1171 0.16 0.115457 0.0111293
 1172 0.24 0.115563 0.0111203
 1173 0.24 0.115669 0.0111113
 1174 0.04 0.115605 0.0111021
 1175 0 0.115506 0.011093
 1176 0 0.115408 0.011084
 1177 0 0.11531 0.0110751
 1178 -0.04 0.115178 0.0110664
 1179 0.08 0.115148 0.0110571
 1180 0.04 0.115085 0.0110479
 1181 0.04 0.115021 0.0110387
 1182 0.04 0.114958 0.0110296
 1183 -0.04 0.114827 0.011021
 1184 0 0.11473 0.0110121
 1185 0.08 0.1147 0.0110029
 1186 0.08 0.114671 0.0109936
 1187 0.04 0.114608 0.0109845
 1188 -0.12 0.114411 0.0109771
 1189 -0.2 0.114146 0.010971
 1190 -0.24 0.113849 0.0109658
 1191 -0.28 0.113518 0.0109616
 1192 -0.24 0.113221 0.0109564
 1193 -0.28 0.112892 0.0109522
 1194 -0.24 0.112596 0.010947
 1195 -0.16 0.112368 0.0109402
 1196 -0.12 0.112174 0.0109328
 1197 -0.12 0.11198 0.0109254
 1198 -0.08 0.11182 0.0109174
 1199 -0.2 0.11156 0.0109114
 1200 -0.32 0.1112 0.0109083
 1201 -0.24 0.110908 0.0109031
 1202 -0.24 0.110616 0.0108979
 1203 -0.24 0.110324 0.0108928
 1204 -0.24 0.110033 0.0108876
 1205 -0.28 0.10971 0.0108834
 1206 -0.28 0.109386 0.0108792
 1207 -0.28 0.109064 0.0108749
 1208 -0.32 0.108709 0.0108717
 1209 -0.32 0.108354 0.0108685
 1210 -0.16 0.108132 0.0108618
 1211 -0.08 0.107977 0.0108539
 1212 0.04 0.107921 0.0108451
 1213 0.04 0.107865 0.0108363
 1214 0 0.107776 0.0108278
 1215 0 0.107687 0.0108192
 1216 0.04 0.107632 0.0108104
 1217 0.04 0.107576 0.0108017
 1218 0 0.107488 0.0107932
 1219 0 0.1074 0.0107847
 1220 0 0.107311 0.0107762
 1221 0 0.107224 0.0107677
 1222 0.04 0.107169 0.0107591
 1223 0.12 0.107179 0.0107503
 1224 0.24 0.107288 0.010742
 1225 0.28 0.107429 0.0107342
 1226 0.08 0.107406 0.0107254
 1227 0.08 0.107384 0.0107167
 1228 0.12 0.107394 0.010708
 1229 0.2 0.107469 0.0106995
 1230 0.24 0.107577 0.0106914
 1231 0.12 0.107587 0.0106827
 1232 0.12 0.107597 0.010674
 1233 0.12 0.107607 0.0106654
 1234 0.2 0.107682 0.010657
 1235 0.04 0.107628 0.0106485
 1236 0.04 0.107573 0.01064
 1237 0.08 0.107551 0.0106314
 1238 0.12 0.107561 0.0106229
 1239 0.28 0.1077 0.0106152
 1240 0.32 0.107871 0.010608
 1241 0.36 0.108074 0.0106014
 1242 0.4 0.108309 0.0105955
 1243 0.2 0.108383 0.0105872
 1244 0.24 0.108489 0.0105792
 1245 0.28 0.108627 0.0105716
 1246 0.2 0.1087 0.0105634
 1247 0.32 0.108869 0.0105563
 1248 0.32 0.109038 0.0105492
 1249 0.44 0.109303 0.010544
 1250 0.36 0.109504 0.0105375
 1251 0.4 0.109736 0.0105316
 1252 0.44 0.11 0.0105265
 1253 0.52 0.110327 0.0105232
 1254 0.52 0.110654 0.0105199
 1255 0.64 0.111076 0.01052
 1256 0.56 0.111433 0.0105177
 1257 0.6 0.111822 0.0105165
 1258 0.52 0.112146 0.0105131
 1259 0.32 0.112311 0.0105061
 1260 0.24 0.112413 0.0104982
 1261 0.28 0.112546 0.0104907
 1262 0.52 0.112868 0.0104874
 1263 0.36 0.113064 0.0104809
 1264 0.36 0.113259 0.0104744
 1265 0.44 0.113518 0.0104693
 1266 0.44 0.113776 0.0104642
 1267 0.36 0.11397 0.0104578
 1268 0.4 0.114196 0.010452
 1269 0.28 0.114326 0.0104445
 1270 0.32 0.114488 0.0104376
 1271 0.48 0.114776 0.0104333
 1272 0.48 0.115063 0.0104291
 1273 0.4 0.115287 0.0104233
 1274 0.32 0.115447 0.0104163
 1275 0.16 0.115482 0.0104082
 1276 0.16 0.115517 0.0104001
 1277 0.36 0.115709 0.0103937
 1278 0.36 0.1159 0.0103874
 1279 0.36 0.116091 0.010381
 1280 0.44 0.116344 0.010376
 1281 0.52 0.116659 0.0103726
 1282 0.52 0.116973 0.0103693
 1283 0.4 0.117194 0.0103636
 1284 0.48 0.117477 0.0103594
 1285 0.72 0.117946 0.0103619
 1286 0.72 0.118414 0.0103644
 1287 0.68 0.11885 0.0103656
 1288 0.56 0.119193 0.0103632
 1289 0.6 0.119566 0.0103619
 1290 0.48 0.119845 0.0103576
 1291 0.48 0.120124 0.0103533
 1292 0.56 0.120464 0.0103509
 1293 0.64 0.120866 0.0103507
 1294 0.52 0.121175 0.0103473
 1295 0.6 0.121544 0.0103459
 1296 0.64 0.121944 0.0103457
 1297 0.6 0.122313 0.0103442
 1298 0.6 0.122681 0.0103428
 1299 0.36 0.122864 0.0103365
 1300 0.4 0.123077 0.0103307
 1301 0.12 0.123075 0.0103228
 1302 -0.08 0.122919 0.010316
 1303 -0.08 0.122763 0.0103093
 1304 -0.16 0.122546 0.0103037
 1305 -0.12 0.12236 0.0102974
 1306 -0.12 0.122175 0.0102912
 1307 -0.2 0.121928 0.0102863
 1308 -0.12 0.121743 0.0102801
 1309 -0.04 0.12162 0.010273
 1310 0.04 0.121557 0.0102653
 1311 0.12 0.121556 0.0102575
 1312 0.08 0.121524 0.0102497
 1313 0.2 0.121584 0.0102421
 1314 0.12 0.121583 0.0102343
 1315 0.16 0.121612 0.0102265
 1316 0.2 0.121672 0.0102189
 1317 0.28 0.121792 0.0102119
 1318 0.4 0.122003 0.0102063
 1319 0.24 0.122092 0.010199
 1320 0.12 0.122091 0.0101912
 1321 -0.12 0.121908 0.0101852
 1322 0.04 0.121846 0.0101777
 1323 0.12 0.121844 0.01017
 1324 0.24 0.121934 0.0101627
 1325 0.12 0.121932 0.010155
 1326 0.24 0.122021 0.0101477
 1327 0.08 0.121989 0.0101401
 1328 0.04 0.121928 0.0101327
 1329 0.12 0.121926 0.010125
 1330 0.08 0.121895 0.0101175
 1331 0 0.121803 0.0101103
 1332 0.04 0.121742 0.0101029
 1333 0.08 0.12171 0.0100953
 1334 0.04 0.121649 0.010088
 1335 0.08 0.121618 0.0100805
 1336 0 0.121527 0.0100733
 1337 0.04 0.121466 0.010066
 1338 0.12 0.121465 0.0100584
 1339 0.08 0.121434 0.010051
 1340 0.2 0.121493 0.0100436
 1341 0.44 0.12173 0.010039
 1342 0.32 0.121878 0.0100326
 1343 0.48 0.122144 0.0100286
 1344 0.6 0.1225 0.0100275
 1345 0.48 0.122766 0.0100235
 1346 0.56 0.123091 0.0100214
 1347 0.64 0.123474 0.0100213
 1348 0.6 0.123828 0.0100201
 1349 0.6 0.124181 0.0100189
 1350 0.64 0.124563 0.0100187
 1351 0.52 0.124856 0.0100156
 1352 0.56 0.125178 0.0100133
 1353 0.32 0.125322 0.010007
 1354 0.24 0.125406 0.00999994
 1355 0.36 0.125579 0.00999406
 1356 0.48 0.125841 0.0099901
 1357 0.52 0.126131 0.00998696
 1358 0.52 0.126421 0.00998382
 1359 0.4 0.126623 0.0099785
 1360 0.36 0.126794 0.00997264
 1361 0.48 0.127054 0.00996869
 1362 0.48 0.127313 0.00996474
 1363 0.52 0.127601 0.00996159
 1364 0.52 0.127889 0.00995844
 1365 0.6 0.128234 0.00995715
 1366 0.48 0.128492 0.00995319
 1367 0.4 0.128691 0.00994789
 1368 0.32 0.12883 0.0099416
 1369 0.2 0.128882 0.00993447
 1370 0.24 0.128964 0.00992755
 1371 0.28 0.129074 0.00992092
 1372 0.4 0.129271 0.00991565
 1373 0.4 0.129468 0.00991039
 1374 0.24 0.129549 0.0099035
 1375 0.2 0.1296 0.00989642
 1376 0.2 0.129651 0.00988936
 1377 0.24 0.129731 0.0098825
 1378 0.12 0.129724 0.00987533
 1379 0.24 0.129804 0.00986849
 1380 0.2 0.129855 0.00986147
 1381 0.4 0.130051 0.00985627
 1382 0.24 0.13013 0.00984945
 1383 0.2 0.130181 0.00984246
 1384 0.16 0.130202 0.00983537
 1385 0.32 0.130339 0.00982922
 1386 0.16 0.130361 0.00982215
 1387 0.16 0.130382 0.00981509
 1388 0.08 0.130346 0.00980808
 1389 0.12 0.130338 0.00980102
 1390 0.12 0.130331 0.00979397
 1391 -0.04 0.130208 0.00978769
 1392 0 0.130115 0.00978111
 1393 0.08 0.130079 0.00977415
 1394 0.08 0.130043 0.0097672
 1395 0.04 0.129978 0.00976041
 1396 -0.12 0.129799 0.00975506
 1397 -0.08 0.129649 0.00974923
 1398 -0.12 0.129471 0.00974389
 1399 0 0.129378 0.00973736
 1400 0.04 0.129314 0.00973061
 1401 0.08 0.129279 0.00972373
 1402 0.04 0.129215 0.009717
 1403 0 0.129123 0.00971051
 1404 -0.08 0.128974 0.00970473
 1405 -0.28 0.128683 0.00970219
 1406 -0.36 0.128336 0.00970152
 1407 -0.36 0.127989 0.00970083
 1408 -0.52 0.127528 0.00970486
 1409 -0.6 0.127012 0.0097117
 1410 -0.52 0.126553 0.00971565
 1411 -0.48 0.126123 0.00971828
 1412 -0.52 0.125666 0.00972217
 1413 -0.64 0.125124 0.00973038
 1414 -0.64 0.124583 0.00973854
 1415 -0.64 0.124042 0.00974665
 1416 -0.56 0.123559 0.00975174
 1417 -0.44 0.123162 0.00975296
 1418 -0.32 0.122849 0.00975109
 1419 -0.48 0.122424 0.00975348
 1420 -0.44 0.122028 0.00975465
 1421 -0.4 0.121661 0.0097547
 1422 -0.44 0.121266 0.00975584
 1423 -0.44 0.120871 0.00975696
 1424 -0.44 0.120478 0.00975805
 1425 -0.44 0.120084 0.00975913
 1426 -0.48 0.119663 0.00976136
 1427 -0.32 0.119355 0.00975938
 1428 -0.28 0.119076 0.00975656
 1429 -0.32 0.118768 0.00975457
 1430 -0.2 0.118545 0.00975029
 1431 -0.16 0.118351 0.00974542
 1432 -0.24 0.118101 0.00974183
 1433 -0.32 0.117795 0.00973982
 1434 -0.36 0.117462 0.00973873
 1435 -0.2 0.11724 0.00973446
 1436 -0.16 0.117047 0.00972959
 1437 -0.2 0.116827 0.00972532
 1438 -0.16 0.116634 0.00972046
 1439 -0.2 0.116414 0.0097162
 1440 -0.28 0.116139 0.00971335
 1441 0.04 0.116086 0.00970675
 1442 0.04 0.116033 0.00970016
 1443 -0.08 0.115897 0.00969439
 1444 -0.2 0.115679 0.00969014
 1445 -0.2 0.11546 0.0096859
 1446 -0.16 0.11527 0.00968107
 1447 -0.12 0.115107 0.00967574
 1448 -0.12 0.114945 0.00967042
 1449 -0.08 0.11481 0.00966468
 1450 -0.12 0.114648 0.00965937
 1451 -0.24 0.114404 0.00965581
 1452 -0.16 0.114215 0.00965101
 1453 -0.16 0.114026 0.00964621
 1454 -0.16 0.113838 0.00964141
 1455 -0.12 0.113677 0.00963612
 1456 -0.36 0.113352 0.009635
 1457 -0.36 0.113027 0.00963386
 1458 -0.24 0.112785 0.0096303
 1459 -0.28 0.112515 0.00962746
 1460 -0.24 0.112274 0.00962389
 1461 -0.16 0.112088 0.00961911
 1462 -0.16 0.111902 0.00961433
 1463 0 0.111825 0.00960806
 1464 -0.08 0.111694 0.00960239
 1465 -0.04 0.11159 0.00959639
 1466 -0.08 0.11146 0.00959073
 1467 -0.04 0.111357 0.00958475
 1468 0 0.111281 0.00957852
 1469 0.04 0.111232 0.00957212
 1470 0.08 0.111211 0.00956563
 1471 0.04 0.111162 0.00955924
 1472 0.28 0.111277 0.00955344
 1473 0.4 0.111473 0.00954896
 1474 0.52 0.11175 0.0095465
 1475 0.56 0.112054 0.00954487
 1476 0.56 0.112358 0.00954323
 1477 0.6 0.112688 0.00954248
 1478 0.64 0.113045 0.00954269
 1479 0.64 0.113401 0.00954289
 1480 0.48 0.113649 0.00953965
 1481 0.44 0.113869 0.00953576
 1482 0.4 0.114062 0.00953128
 1483 0.32 0.114201 0.00952586
 1484 0.48 0.114447 0.00952263
 1485 0.32 0.114586 0.00951722
 1486 0.44 0.114805 0.00951334
 1487 0.52 0.115077 0.00951084
 1488 0.48 0.115323 0.00950761
 1489 0.48 0.115567 0.00950438
 1490 0.52 0.115839 0.00950188
 1491 0.48 0.116083 0.00949864
 1492 0.48 0.116327 0.00949541
 1493 0.32 0.116463 0.00949002
 1494 0.32 0.1166 0.00948465
 1495 0.24 0.116682 0.00947866
 1496 0.2 0.116738 0.00947249
 1497 0.16 0.116767 0.0094662
 1498 0.2 0.116822 0.00946004
 1499 0.24 0.116905 0.00945409
 1500 0.32 0.11704 0.00944875
 1501 0.44 0.117255 0.00944491
 1502 0.52 0.117523 0.00944242
 1503 0.56 0.117818 0.00944073
 1504 0.72 0.118218 0.00944294
 1505 0.76 0.118645 0.0094463
 1506 0.8 0.119097 0.00945086
 1507 0.88 0.119602 0.00945807
 1508 0.76 0.120027 0.00946133
 1509 0.68 0.120398 0.00946234
 1510 0.68 0.120768 0.00946333
 1511 0.68 0.121138 0.00946431
 1512 0.44 0.121349 0.0094604
 1513 0.4 0.121533 0.00945593
 1514 0.52 0.121797 0.00945335
 1515 0.48 0.122033 0.00945007
 1516 0.28 0.122137 0.00944441
 1517 0.16 0.122162 0.00943821
 1518 0.16 0.122187 0.00943202
 1519 0.16 0.122212 0.00942585
 1520 0.28 0.122316 0.00942021
 1521 0.44 0.122525 0.00941634
 1522 0.48 0.12276 0.00941308
 1523 0.56 0.123047 0.00941128
 1524 0.6 0.12336 0.0094103
 1525 0.48 0.123593 0.00940704
 1526 0.44 0.123801 0.00940316
 1527 0.36 0.123955 0.00939827
 1528 0.4 0.124136 0.00939386
 1529 0.52 0.124395 0.00939128
 1530 0.52 0.124654 0.0093887
 1531 0.4 0.124833 0.00938429
 1532 0.32 0.124961 0.00937903
 1533 0.36 0.125114 0.00937416
 1534 0.36 0.125267 0.0093693
 1535 0.24 0.125342 0.00936349
 1536 0.24 0.125417 0.00935769
 1537 0.32 0.125543 0.00935246
 1538 0.28 0.125644 0.00934691
 1539 0.36 0.125796 0.00934208
 1540 0.32 0.125922 0.00933686
 1541 0.28 0.126022 0.00933134
 1542 0.24 0.126096 0.00932558
 1543 0.16 0.126118 0.00931956
 1544 0.36 0.126269 0.00931475
 1545 0.36 0.126421 0.00930995
 1546 0.16 0.126442 0.00930395
 1547 0.32 0.126568 0.00929878
 1548 0.28 0.126667 0.0092933
 1549 0.36 0.126817 0.00928852
 1550 0.44 0.127019 0.00928472
 1551 0.52 0.127273 0.00928219
 1552 0.4 0.127448 0.00927787
 1553 0.24 0.127521 0.00927218
 1554 0.08 0.12749 0.00926626
 1555 0.12 0.127486 0.0092603
 1556 0.16 0.127506 0.00925437
 1557 0.08 0.127476 0.00924848
 1558 0.16 0.127497 0.00924256
 1559 -0.08 0.127364 0.00923759
 1560 -0.04 0.127256 0.00923229
 1561 -0.12 0.127098 0.00922774
 1562 -0.12 0.12694 0.00922318
 1563 0.04 0.126884 0.00921745
 1564 0 0.126803 0.00921191
 1565 -0.04 0.126696 0.00920664
 1566 0.08 0.126667 0.00920081
 1567 0.08 0.126637 0.00919498
 1568 0.12 0.126633 0.00918912
 1569 0.12 0.126628 0.00918326
 1570 0.16 0.12665 0.00917743
 1571 0.32 0.126773 0.00917241
 1572 0.28 0.12687 0.00916709
 1573 0.2 0.126917 0.00916138
 1574 -0.04 0.126811 0.00915618
 1575 -0.32 0.126527 0.00915476
 1576 -0.4 0.126193 0.00915504
 1577 -0.48 0.125808 0.00915731
 1578 -0.48 0.125425 0.00915955
 1579 -0.4 0.125092 0.0091598
 1580 -0.28 0.124835 0.00915759
 1581 -0.2 0.12463 0.0091541
 1582 -0.2 0.124425 0.00915061
 1583 -0.04 0.124321 0.00914542
 1584 0.08 0.124293 0.00913969
 1585 0.08 0.124265 0.00913396
 1586 -0.12 0.124111 0.0091295
 1587 -0.24 0.123882 0.00912663
 1588 -0.16 0.123703 0.00912263
 1589 0 0.123625 0.00911722
 1590 -0.12 0.123472 0.00911277
 1591 -0.08 0.123344 0.00910794
 1592 -0.24 0.123116 0.00910508
 1593 -0.4 0.122787 0.00910529
 1594 -0.48 0.122409 0.00910743
 1595 -0.44 0.122056 0.00910854
 1596 -0.24 0.12183 0.00910566
 1597 -0.12 0.121678 0.00910122
 1598 -0.24 0.121452 0.00909833
 1599 -0.28 0.121201 0.00909611
 1600 -0.32 0.120925 0.0090946
 1601 -0.2 0.120725 0.00909113
 1602 -0.28 0.120474 0.0090889
 1603 -0.36 0.120175 0.00908817
 1604 -0.12 0.120025 0.00908373
 1605 -0.2 0.119826 0.00908026
 1606 -0.28 0.119577 0.00907802
 1607 -0.24 0.119353 0.00907513
 1608 -0.2 0.119154 0.00907166
 1609 -0.2 0.118956 0.00906819
 1610 -0.24 0.118733 0.0090653
 1611 -0.28 0.118485 0.00906305
 1612 -0.28 0.118238 0.0090608
 1613 -0.36 0.117942 0.00906003
 1614 -0.52 0.117546 0.00906304
 1615 -0.68 0.117053 0.00907088
 1616 -0.8 0.116485 0.00908301
 1617 -0.72 0.115968 0.00909212
 1618 -0.84 0.115377 0.00910568
 1619 -0.76 0.114836 0.00911611
 1620 -0.64 0.11437 0.00912238
 1621 -0.72 0.113856 0.00913127
 1622 -0.56 0.11344 0.00913509
 1623 -0.32 0.113173 0.00913337
 1624 -0.4 0.112857 0.00913321
 1625 -0.44 0.112517 0.00913393
 1626 -0.52 0.112128 0.00913659
 1627 -0.56 0.111715 0.00914032
 1628 -0.64 0.111253 0.00914636
 1629 -0.52 0.110866 0.00914896
 1630 -0.52 0.110479 0.00915153
 1631 -0.52 0.110092 0.00915408
 1632 -0.36 0.109804 0.00915301
 1633 -0.2 0.109614 0.00914937
 1634 -0.16 0.109449 0.00914525
 1635 0.04 0.109407 0.00913976
 1636 -0.04 0.109315 0.00913463
 1637 -0.16 0.109151 0.00913053
 1638 0 0.109084 0.00912519
 1639 0 0.109018 0.00911987
 1640 0 0.108951 0.00911455
 1641 -0.04 0.10886 0.00910944
 1642 0.04 0.108819 0.00910399
 1643 0.12 0.108825 0.00909845
 1644 0.12 0.108832 0.00909292
 1645 0.16 0.108863 0.00908744
 1646 0.16 0.108894 0.00908197
 1647 0 0.108828 0.0090767
 1648 -0.12 0.108689 0.00907225
 1649 -0.08 0.108575 0.00906747
 1650 -0.04 0.108485 0.00906242
 1651 -0.24 0.108274 0.00905939
 1652 -0.36 0.10799 0.00905834
 1653 -0.4 0.107683 0.00905807
 1654 -0.28 0.107449 0.00905563
 1655 -0.24 0.107239 0.00905259
 1656 -0.4 0.106932 0.0090523
 1657 -0.44 0.106602 0.00905286
 1658 -0.4 0.106297 0.00905255
 1659 -0.28 0.106064 0.00905009
 1660 -0.12 0.105928 0.00904566
 1661 -0.12 0.105792 0.00904124
 1662 -0.28 0.10556 0.00903878
 1663 -0.04 0.105472 0.00903377
 1664 0.08 0.105457 0.00902835
 1665 0.32 0.105586 0.00902384
 1666 0.24 0.105666 0.00901879
 1667 0.28 0.105771 0.00901398
 1668 0.24 0.105851 0.00900894
 1669 0.28 0.105956 0.00900414
 1670 0.24 0.106036 0.00899911
 1671 0.4 0.106212 0.00899544
 1672 0.52 0.106459 0.00899346
 1673 0.4 0.106635 0.0089898
 1674 0.36 0.106786 0.0089857
 1675 0.24 0.106866 0.00898069
 1676 0.32 0.106993 0.00897623
 1677 0.44 0.107191 0.00897307
 1678 0.56 0.107461 0.00897178
 1679 0.56 0.107731 0.00897049
 1680 0.4 0.107905 0.00896683
 1681 0.4 0.108079 0.00896318
 1682 0.32 0.108205 0.00895874
 1683 0.44 0.108402 0.00895558
 1684 0.44 0.108599 0.00895243
 1685 0.32 0.108724 0.00894799
 1686 0.4 0.108897 0.00894435
 1687 0.4 0.109069 0.00894072
 1688 0.44 0.109265 0.00893757
 1689 0.48 0.109485 0.00893497
 1690 0.56 0.109751 0.00893366
 1691 0.6 0.110041 0.00893308
 1692 0.6 0.110331 0.0089325
 1693 0.6 0.11062 0.0089319
 1694 0.76 0.111004 0.00893485
 1695 0.68 0.111339 0.00893589
 1696 0.6 0.111627 0.00893527
 1697 0.52 0.111868 0.00893324
 1698 0.6 0.112155 0.00893261
 1699 0.6 0.112443 0.00893196
 1700 0.72 0.1128 0.00893386
 1701 0.52 0.113039 0.00893181
 1702 0.56 0.113302 0.00893043
 1703 0.64 0.113611 0.00893054
 1704 0.72 0.113967 0.00893239
 1705 0.76 0.114346 0.00893518
 1706 0.84 0.114771 0.00894007
 1707 0.76 0.115149 0.00894282
 1708 0.72 0.115504 0.0089446
 1709 0.68 0.115834 0.00894546
 1710 0.72 0.116187 0.00894721
 1711 0.76 0.116563 0.00894989
 1712 0.76 0.116939 0.00895255
 1713 0.68 0.117268 0.00895336
 1714 0.48 0.11748 0.00895064
 1715 0.6 0.117761 0.00894984
 1716 0.52 0.117995 0.0089477
 1717 0.56 0.118253 0.00894619
 1718 0.4 0.118417 0.00894248
 1719 0.52 0.11865 0.00894033
 1720 0.4 0.118814 0.00893663
 1721 0.24 0.118884 0.00893171
 1722 0.24 0.118955 0.0089268
 1723 0.12 0.118955 0.00892162
 1724 0.24 0.119026 0.00891672
 1725 0.2 0.119072 0.00891167
 1726 0.16 0.119096 0.00890654
 1727 0.36 0.119236 0.00890247
 1728 0.4 0.119398 0.0088988
 1729 0.4 0.11956 0.00889514
 1730 0.4 0.119723 0.00889147
 1731 0.4 0.119884 0.00888781
 1732 0.48 0.120092 0.00888511
 1733 0.48 0.1203 0.00888241
 1734 0.52 0.120531 0.00888028
 1735 0.44 0.120715 0.00887707
 1736 0.44 0.120899 0.00887386
 1737 0.28 0.12099 0.00886922
 1738 0.32 0.121105 0.00886485
 1739 0.32 0.121219 0.00886049
 1740 0.4 0.121379 0.00885685
 1741 0.28 0.12147 0.00885223
 1742 0.2 0.121515 0.00884726
 1743 0.16 0.121538 0.00884221
 1744 0.08 0.121514 0.00883717
 1745 0.16 0.121536 0.00883213
 1746 0.28 0.121627 0.00882754
 1747 0.32 0.12174 0.00882322
 1748 0.36 0.121876 0.00881922
 1749 0.36 0.122013 0.00881523
 1750 0.16 0.122034 0.00881022
 1751 0.08 0.12201 0.00880522
 1752 0.2 0.122055 0.0088003
 1753 0.08 0.122031 0.00879531
 1754 0.24 0.122098 0.00879055
 1755 0.2 0.122142 0.00878566
 1756 0.16 0.122164 0.00878068
 1757 0.16 0.122186 0.00877571
 1758 -0.04 0.122093 0.0087712
 1759 -0.2 0.12191 0.00876812
 1760 -0.24 0.121705 0.00876555
 1761 -0.32 0.121454 0.00876416
 1762 -0.4 0.121158 0.00876418
 1763 -0.4 0.120862 0.0087642
 1764 -0.44 0.120544 0.008765
 1765 -0.36 0.120272 0.00876426
 1766 -0.32 0.120023 0.00876284
 1767 -0.2 0.119842 0.00875975
 1768 -0.24 0.119638 0.00875716
 1769 -0.2 0.119457 0.00875408
 1770 -0.16 0.119299 0.00875055
 1771 -0.2 0.119119 0.00874747
 1772 -0.24 0.118916 0.00874488
 1773 -0.4 0.118624 0.00874485
 1774 -0.44 0.118309 0.00874559
 1775 -0.4 0.118017 0.00874553
 1776 -0.28 0.117793 0.00874348
 1777 -0.36 0.117524 0.0087427
 1778 -0.32 0.117278 0.00874124
 1779 -0.32 0.117032 0.00873978
 1780 -0.4 0.116742 0.0087397
 1781 -0.28 0.116519 0.00873763
 1782 -0.32 0.116274 0.00873616
 1783 -0.2 0.116096 0.00873306
 1784 -0.2 0.115919 0.00872996
 1785 -0.08 0.11581 0.00872576
 1786 -0.08 0.1157 0.00872156
 1787 -0.28 0.115478 0.00871949
 1788 -0.32 0.115235 0.00871802
 1789 -0.36 0.114969 0.00871719
 1790 -0.4 0.114682 0.00871707
 1791 -0.32 0.114439 0.00871558
 1792 -0.32 0.114196 0.00871409
 1793 -0.36 0.113932 0.00871324
 1794 -0.44 0.113623 0.00871386
 1795 -0.52 0.11327 0.00871615
 1796 -0.6 0.112873 0.00872035
 1797 -0.56 0.112499 0.00872353
 1798 -0.72 0.112036 0.00873096
 1799 -0.6 0.11164 0.00873508
 1800 -0.56 0.111267 0.0087382
 1801 -0.64 0.11085 0.0087433
 1802 -0.64 0.110433 0.00874838
 1803 -0.72 0.109972 0.00875565
 1804 -0.52 0.109623 0.00875776
 1805 -0.52 0.109274 0.00875985
 1806 -0.56 0.108904 0.00876284
 1807 -0.52 0.108556 0.0087649
 1808 -0.48 0.10823 0.0087661
 1809 -0.36 0.107971 0.00876507
 1810 -0.24 0.107779 0.00876234
 1811 -0.32 0.107543 0.00876068
 1812 -0.32 0.107307 0.00875903
 1813 -0.24 0.107115 0.00875629
 1814 -0.28 0.106902 0.00875406
 1815 -0.2 0.106733 0.00875087
 1816 -0.2 0.106564 0.00874768
 1817 -0.12 0.106439 0.00874376
 1818 0 0.106381 0.00873914
 1819 -0.12 0.106256 0.00873522
 1820 -0.12 0.106132 0.00873131
 1821 -0.2 0.105964 0.00872813
 1822 -0.16 0.105818 0.00872456
 1823 -0.16 0.105672 0.00872099
 1824 0 0.105614 0.0087164
 1825 -0.04 0.105534 0.00871199
 1826 0.12 0.105542 0.00870722
 1827 0.16 0.105572 0.0087025
 1828 0.12 0.10558 0.00869774
 1829 0.16 0.10561 0.00869304
 1830 0.12 0.105617 0.00868829
 1831 0 0.10556 0.00868374
 1832 -0.08 0.105459 0.00867959
 1833 -0.2 0.105292 0.00867645
 1834 -0.2 0.105125 0.00867332
 1835 -0.2 0.104959 0.00867018
 1836 -0.24 0.104771 0.00866749
 1837 -0.24 0.104584 0.00866481
 1838 -0.12 0.104461 0.00866095
 1839 0.04 0.104426 0.00865631
 1840 -0.08 0.104326 0.00865219
 1841 0.04 0.104291 0.00864756
 1842 0.04 0.104256 0.00864293
 1843 -0.04 0.104178 0.0086386
 1844 -0.08 0.104078 0.00863449
 1845 0 0.104022 0.00862999
 1846 -0.04 0.103944 0.00862567
 1847 -0.04 0.103866 0.00862135
 1848 0.04 0.103831 0.00861675
 1849 0.2 0.103883 0.00861225
 1850 0.08 0.10387 0.0086076
 1851 0.16 0.103901 0.008603
 1852 0.04 0.103866 0.00859843
 1853 0.12 0.103875 0.00859379
 1854 0.12 0.103883 0.00858916
 1855 -0.04 0.103806 0.00858488
 1856 0.04 0.103772 0.00858032
 1857 0.04 0.103737 0.00857576
 1858 -0.04 0.10366 0.0085715
 1859 -0.04 0.103583 0.00856723
 1860 -0.12 0.103462 0.00856347
 1861 -0.16 0.103321 0.00856004
 1862 -0.12 0.103201 0.00855628
 1863 -0.04 0.103124 0.00855203
 1864 0.04 0.10309 0.00854751
 1865 -0.04 0.103013 0.00854327
 1866 -0.08 0.102915 0.00853925
 1867 -0.04 0.102839 0.00853502
 1868 -0.04 0.102762 0.00853079
 1869 0.2 0.102814 0.00852639
 1870 -0.04 0.102738 0.00852217
 1871 0.24 0.102811 0.00851793
 1872 0.24 0.102885 0.00851369
 1873 0.32 0.103001 0.00850994
 1874 0.2 0.103052 0.00850555
 1875 0.24 0.103125 0.00850133
 1876 0.24 0.103198 0.00849711
 1877 0.28 0.103292 0.0084931
 1878 0.24 0.103365 0.00848889
 1879 0.24 0.103438 0.00848468
 1880 0.24 0.103511 0.00848048
 1881 0.28 0.103604 0.00847649
 1882 0.48 0.103804 0.00847434
 1883 0.56 0.104047 0.00847331
 1884 0.56 0.104289 0.00847227
 1885 0.52 0.104509 0.00847064
 1886 0.6 0.104772 0.00847022
 1887 0.44 0.10495 0.0084676
 1888 0.36 0.105085 0.00846419
 1889 0.28 0.105177 0.00846021
 1890 0.28 0.10527 0.00845624
 1891 0.28 0.105362 0.00845227
 1892 0.12 0.10537 0.00844781
 1893 0.08 0.105357 0.00844336
 1894 0.24 0.105428 0.0084392
 1895 0.2 0.105478 0.00843489
 1896 -0.04 0.105401 0.00843079
 1897 -0.08 0.105303 0.00842691
 1898 0.08 0.10529 0.00842248
 1899 0 0.105234 0.00841823
 1900 -0.12 0.105116 0.00841463
 1901 -0.2 0.104955 0.00841173
 1902 0 0.1049 0.00840749
 1903 0.08 0.104887 0.00840308
 1904 0.2 0.104937 0.00839882
 1905 0.32 0.10505 0.00839516
 1906 0.28 0.105142 0.00839126
 1907 0.2 0.105191 0.00838701
 1908 0 0.105136 0.00838279
 1909 0 0.105081 0.00837858
 1910 0.04 0.105047 0.00837426
 1911 0 0.104992 0.00837006
 1912 0.12 0.105 0.00836568
 1913 0.08 0.104987 0.00836132
 1914 0.12 0.104995 0.00835695
 1915 0.08 0.104982 0.0083526
 1916 0.04 0.104948 0.00834831
 1917 0.04 0.104914 0.00834402
 1918 0.04 0.10488 0.00833974
 1919 0.08 0.104867 0.0083354
 1920 0.08 0.104854 0.00833107
 1921 0.12 0.104862 0.00832673
 1922 0 0.104807 0.00832258
 1923 0 0.104753 0.00831843
 1924 -0.12 0.104636 0.00831492
 1925 -0.12 0.104519 0.00831142
 1926 -0.2 0.104361 0.00830861
 1927 -0.24 0.104183 0.00830622
 1928 -0.2 0.104025 0.00830341
 1929 -0.16 0.103888 0.00830023
 1930 -0.32 0.103668 0.00829884
 1931 -0.44 0.103387 0.00829932
 1932 -0.12 0.103271 0.00829583
 1933 -0.16 0.103135 0.00829265
 1934 -0.04 0.103061 0.00828869
 1935 -0.08 0.102966 0.00828495
 1936 0.04 0.102934 0.00828073
 1937 -0.08 0.102839 0.00827699
 1938 0 0.102786 0.00827289
 1939 0 0.102733 0.00826879
 1940 0.08 0.102722 0.00826454
 1941 0 0.102669 0.00826045
 1942 0.08 0.102657 0.0082562
 1943 0.2 0.102707 0.00825211
 1944 0.24 0.102778 0.00824816
 1945 0.08 0.102766 0.00824393
 1946 0.04 0.102734 0.00823975
 1947 0 0.102681 0.00823569
 1948 0.08 0.102669 0.00823147
 1949 -0.04 0.102596 0.00822757
 1950 -0.08 0.102503 0.00822388
 1951 -0.2 0.102348 0.00822113
 1952 0.04 0.102316 0.00821698
 1953 -0.08 0.102222 0.0082133
 1954 -0.12 0.102108 0.00820988
 1955 -0.04 0.102036 0.00820601
 1956 -0.08 0.101943 0.00820234
 1957 -0.08 0.10185 0.00819867
 1958 -0.12 0.101736 0.00819527
 1959 -0.08 0.101644 0.00819161
 1960 0.04 0.101612 0.00818749
 1961 0 0.10156 0.00818348
 1962 0.16 0.10159 0.00817936
 1963 0.28 0.101681 0.0081757
 1964 0.28 0.101772 0.00817204
 1965 0.24 0.101842 0.00816818
 1966 0.2 0.101892 0.00816418
 1967 0.08 0.101881 0.00816003
 1968 0.12 0.10189 0.00815589
 1969 0.04 0.101859 0.00815181
 1970 0 0.101807 0.00814783
 1971 -0.08 0.101715 0.00814422
 1972 -0.08 0.101623 0.00814061
 1973 0 0.101571 0.00813665
 1974 -0.08 0.101479 0.00813304
 1975 -0.12 0.101367 0.0081297
 1976 0.12 0.101377 0.00812559
 1977 0.32 0.101487 0.00812223
 1978 0.28 0.101577 0.00811862
 1979 0.12 0.101587 0.00811453
 1980 -0.04 0.101515 0.00811074
 1981 -0.12 0.101403 0.00810742
 1982 -0.08 0.101312 0.00810384
 1983 0 0.101261 0.00809992
 1984 0.12 0.10127 0.00809584
 1985 -0.2 0.101118 0.00809318
 1986 0.08 0.101108 0.00808911
 1987 0.16 0.101137 0.0080851
 1988 0.2 0.101187 0.00808118
 1989 0.24 0.101257 0.00807742
 1990 0.32 0.101367 0.00807411
 1991 0.32 0.101477 0.0080708
 1992 0.4 0.101627 0.00806814
 1993 0.4 0.101776 0.00806548
 1994 0.36 0.101906 0.00806247
 1995 0.36 0.102035 0.00805947
 1996 0.4 0.102184 0.00805681
 1997 0.4 0.102334 0.00805416
 1998 0.32 0.102442 0.00805086
 1999 0.24 0.102511 0.00804713
 2000 0.12 0.10252 0.00804311
