 1 -3.55271e-15 -3.55271e-15 0
 2 -3.55271e-15 -3.55271e-15 0
 3 -3.55271e-15 -3.55271e-15 0
 4 -3.55271e-15 -3.55271e-15 0
 5 0 -2.84217e-15 7.10543e-16
 6 0 -2.36848e-15 7.48978e-16
 7 -3.55271e-15 -2.53765e-15 6.55219e-16
 8 0 -2.22045e-15 6.5008e-16
 9 0 -1.97373e-15 6.24148e-16
 10 7.10543e-15 -1.06581e-15 1.06581e-15
 11 0 -9.68922e-16 9.68922e-16
 12 0 -8.88178e-16 8.88178e-16
 13 0 -8.19857e-16 8.19857e-16
 14 7.10543e-15 -2.53765e-16 9.46891e-16
 15 0 -2.36848e-16 8.81669e-16
 16 0 -2.22045e-16 8.24859e-16
 17 7.10543e-15 2.08983e-16 8.8664e-16
 18 0 1.97373e-16 8.36013e-16
 19 0 1.86985e-16 7.90858e-16
 20 0 1.77636e-16 7.50332e-16
 21 7.10543e-15 5.07531e-16 7.86263e-16
 22 7.10543e-15 8.07435e-16 8.07435e-16
 23 7.10543e-15 1.08126e-15 8.18682e-16
 24 7.10543e-15 1.33227e-15 8.23038e-16
 25 0 1.27898e-15 7.91227e-16
 26 7.10543e-15 1.50307e-15 7.92528e-16
 27 7.10543e-15 1.71057e-15 7.90335e-16
 28 -3.55271e-15 1.52259e-15 7.84441e-16
 29 0 1.47009e-15 7.58727e-16
 30 0 1.42109e-15 7.34636e-16
 31 0 1.37524e-15 7.1202e-16
 32 0 1.33227e-15 6.90749e-16
 33 0 1.2919e-15 6.70706e-16
 34 0 1.2539e-15 6.51789e-16
 35 7.10543e-15 1.42109e-15 6.54602e-16
 36 7.10543e-15 1.57898e-15 6.55462e-16
 37 7.10543e-15 1.72835e-15 6.54764e-16
 38 7.10543e-15 1.86985e-15 6.52821e-16
 39 0 1.8219e-15 6.37667e-16
 40 0 1.77636e-15 6.23187e-16
 41 0 1.73303e-15 6.0934e-16
 42 0 1.69177e-15 5.96085e-16
 43 7.10543e-15 1.81767e-15 5.95517e-16
 44 0 1.77636e-15 5.8329e-16
 45 0 1.73688e-15 5.71546e-16
 46 0 1.69912e-15 5.60257e-16
 47 0 1.66297e-15 5.49397e-16
 48 0 1.62833e-15 5.38945e-16
 49 7.10543e-15 1.7401e-15 5.39537e-16
 50 7.10543e-15 1.84741e-15 5.39417e-16
 51 7.10543e-15 1.95051e-15 5.38692e-16
 52 7.10543e-15 2.04964e-15 5.37453e-16
 53 0 2.01097e-15 5.28631e-16
 54 0 1.97373e-15 5.20084e-16
 55 0 1.93784e-15 5.118e-16
 56 7.10543e-15 2.03012e-15 5.10979e-16
 57 7.10543e-15 2.11916e-15 5.09771e-16
 58 0 2.08263e-15 5.02236e-16
 59 0 2.04733e-15 4.9491e-16
 60 0 2.0132e-15 4.87787e-16
 61 0 1.9802e-15 4.80858e-16
 62 7.10543e-15 2.06287e-15 4.80207e-16
 63 0 2.03012e-15 4.73656e-16
 64 0 1.9984e-15 4.67274e-16
 65 -3.55271e-15 1.913e-15 4.67889e-16
 66 0 1.88401e-15 4.61657e-16
 67 0 1.8559e-15 4.55583e-16
 68 0 1.8286e-15 4.49662e-16
 69 0 1.8021e-15 4.43889e-16
 70 0 1.77636e-15 4.38258e-16
 71 -3.55271e-15 1.7013e-15 4.38513e-16
 72 -3.55271e-15 1.62833e-15 4.38494e-16
 73 -3.55271e-15 1.55735e-15 4.38231e-16
 74 -3.55271e-15 1.4883e-15 4.37749e-16
 75 0 1.46845e-15 4.32329e-16
 76 0 1.44913e-15 4.2704e-16
 77 0 1.43031e-15 4.21877e-16
 78 0 1.41198e-15 4.16837e-16
 79 0 1.3941e-15 4.11915e-16
 80 0 1.37668e-15 4.07106e-16
 81 -3.55271e-15 1.31582e-15 4.06629e-16
 82 0 1.29977e-15 4.0196e-16
 83 -1.77636e-15 1.26271e-15 3.98813e-16
 84 0 1.24768e-15 3.94323e-16
 85 -3.55271e-15 1.1912e-15 3.93728e-16
 86 0 1.17735e-15 3.89369e-16
 87 0 1.16382e-15 3.85106e-16
 88 0 1.15059e-15 3.80934e-16
 89 -3.55271e-15 1.09775e-15 3.80319e-16
 90 0 1.08555e-15 3.76267e-16
 91 0 1.07362e-15 3.72301e-16
 92 -3.55271e-15 1.02334e-15 3.71649e-16
 93 0 1.01233e-15 3.67796e-16
 94 -3.55271e-15 9.63768e-16 3.67089e-16
 95 0 9.53623e-16 3.63346e-16
 96 0 9.4369e-16 3.59678e-16
 97 0 9.33961e-16 3.56084e-16
 98 7.10543e-15 9.96935e-16 3.58014e-16
 99 7.10543e-15 1.05864e-15 3.5971e-16
 100 7.10543e-15 1.1191e-15 3.61193e-16
 101 7.10543e-15 1.17838e-15 3.62477e-16
 102 7.10543e-15 1.23648e-15 3.63579e-16
 103 7.10543e-15 1.29346e-15 3.64513e-16
 104 7.10543e-15 1.34935e-15 3.65291e-16
 105 0 1.3365e-15 3.62024e-16
 106 7.10543e-15 1.39092e-15 3.62699e-16
 107 0 1.37792e-15 3.59528e-16
 108 0 1.36516e-15 3.56412e-16
 109 7.10543e-15 1.41783e-15 3.57032e-16
 110 7.10543e-15 1.46953e-15 3.5753e-16
 111 7.10543e-15 1.52031e-15 3.57914e-16
 112 -3.55271e-15 1.47501e-15 3.57585e-16
 113 0 1.46196e-15 3.54646e-16
 114 -3.55271e-15 1.41797e-15 3.54263e-16
 115 7.10543e-15 1.46743e-15 3.54635e-16
 116 7.10543e-15 1.51603e-15 3.54908e-16
 117 7.10543e-15 1.5638e-15 3.5509e-16
 118 7.10543e-15 1.61076e-15 3.55186e-16
 119 0 1.59723e-15 3.52449e-16
 120 0 1.58392e-15 3.49753e-16
 121 7.10543e-15 1.62955e-15 3.49839e-16
 122 0 1.61619e-15 3.47216e-16
 123 0 1.60305e-15 3.44633e-16
 124 0 1.59013e-15 3.42086e-16
 125 0 1.5774e-15 3.39577e-16
 126 7.10543e-15 1.62128e-15 3.39716e-16
 127 0 1.60851e-15 3.37272e-16
 128 7.10543e-15 1.65146e-15 3.37371e-16
 129 7.10543e-15 1.69374e-15 3.37405e-16
 130 7.10543e-15 1.73536e-15 3.37378e-16
 131 7.10543e-15 1.77636e-15 3.37293e-16
 132 0 1.7629e-15 3.34998e-16
 133 0 1.74964e-15 3.32734e-16
 134 0 1.73659e-15 3.305e-16
 135 0 1.72372e-15 3.28294e-16
 136 7.10543e-15 1.7633e-15 3.28265e-16
 137 0 1.75042e-15 3.26115e-16
 138 0 1.73774e-15 3.23991e-16
 139 7.10543e-15 1.77636e-15 3.23962e-16
 140 0 1.76367e-15 3.21889e-16
 141 0 1.75116e-15 3.19843e-16
 142 0 1.73883e-15 3.17822e-16
 143 0 1.72667e-15 3.15826e-16
 144 7.10543e-15 1.76402e-15 3.15841e-16
 145 0 1.75186e-15 3.13892e-16
 146 7.10543e-15 1.78852e-15 3.13883e-16
 147 0 1.77636e-15 3.11978e-16
 148 0 1.76435e-15 3.10095e-16
 149 7.10543e-15 1.8002e-15 3.10086e-16
 150 0 1.7882e-15 3.08246e-16
 151 0 1.77636e-15 3.06426e-16
 152 7.10543e-15 1.81142e-15 3.06416e-16
 153 0 1.79958e-15 3.04637e-16
 154 0 1.78789e-15 3.02878e-16
 155 7.10543e-15 1.8222e-15 3.02867e-16
 156 7.10543e-15 1.85607e-15 3.02819e-16
 157 7.10543e-15 1.8895e-15 3.02736e-16
 158 0 1.87754e-15 3.01051e-16
 159 -3.55271e-15 1.84339e-15 3.01095e-16
 160 -3.55271e-15 1.80966e-15 3.01102e-16
 161 -3.55271e-15 1.77636e-15 3.01074e-16
 162 0 1.76539e-15 2.99411e-16
 163 0 1.75456e-15 2.97765e-16
 164 -3.55271e-15 1.7222e-15 2.97708e-16
 165 0 1.71176e-15 2.96082e-16
 166 -1.77636e-15 1.69075e-15 2.95042e-16
 167 -1.77636e-15 1.66999e-15 2.94004e-16
 168 -3.55271e-15 1.6389e-15 2.93898e-16
 169 0 1.6292e-15 2.92314e-16
 170 0 1.61962e-15 2.90748e-16
 171 0 1.61015e-15 2.89198e-16
 172 0 1.60079e-15 2.87664e-16
 173 0 1.59153e-15 2.86146e-16
 174 -3.55271e-15 1.56197e-15 2.86029e-16
 175 -3.55271e-15 1.53274e-15 2.85887e-16
 176 0 1.52403e-15 2.84392e-16
 177 -3.55271e-15 1.49535e-15 2.84231e-16
 178 0 1.48695e-15 2.82755e-16
 179 0 1.47864e-15 2.81293e-16
 180 0 1.47043e-15 2.79847e-16
 181 0 1.4623e-15 2.78415e-16
 182 0 1.45427e-15 2.76998e-16
 183 0 1.44632e-15 2.75594e-16
 184 -3.55271e-15 1.41915e-15 2.75436e-16
 185 0 1.41148e-15 2.7405e-16
 186 0 1.40389e-15 2.72678e-16
 187 -3.55271e-15 1.37739e-15 2.72508e-16
 188 -3.55271e-15 1.35117e-15 2.72321e-16
 189 0 1.34402e-15 2.7097e-16
 190 0 1.33694e-15 2.69633e-16
 191 0 1.32994e-15 2.68309e-16
 192 0 1.32302e-15 2.66998e-16
 193 -3.55271e-15 1.29775e-15 2.6681e-16
 194 -3.55271e-15 1.27275e-15 2.66606e-16
 195 0 1.26622e-15 2.65315e-16
 196 -3.55271e-15 1.24164e-15 2.65101e-16
 197 -3.55271e-15 1.2173e-15 2.64872e-16
 198 -3.55271e-15 1.19321e-15 2.6463e-16
 199 0 1.18721e-15 2.63365e-16
 200 0 1.18128e-15 2.62112e-16
 201 0 1.1754e-15 2.60871e-16
 202 -3.55271e-15 1.15199e-15 2.60629e-16
 203 -3.55271e-15 1.12882e-15 2.60376e-16
 204 0 1.12328e-15 2.59155e-16
 205 -3.55271e-15 1.10047e-15 2.58895e-16
 206 7.10543e-15 1.12962e-15 2.59279e-16
 207 0 1.12417e-15 2.58081e-16
 208 0 1.11876e-15 2.56894e-16
 209 0 1.11341e-15 2.55718e-16
 210 0 1.10811e-15 2.54553e-16
 211 -3.55271e-15 1.08602e-15 2.54304e-16
 212 0 1.0809e-15 2.53154e-16
 213 -3.55271e-15 1.05914e-15 2.529e-16
 214 0 1.05419e-15 2.51764e-16
 215 0 1.04929e-15 2.50638e-16
 216 0 1.04443e-15 2.49523e-16
 217 0 1.03962e-15 2.48417e-16
 218 0 1.03485e-15 2.4732e-16
 219 0 1.03012e-15 2.46234e-16
 220 0 1.02544e-15 2.45157e-16
 221 -3.55271e-15 1.00473e-15 2.44923e-16
 222 0 1.0002e-15 2.43859e-16
 223 7.10543e-15 1.02758e-15 2.44302e-16
 224 0 1.02299e-15 2.43252e-16
 225 7.10543e-15 1.05002e-15 2.43673e-16
 226 7.10543e-15 1.07682e-15 2.44067e-16
 227 0 1.07207e-15 2.43036e-16
 228 7.10543e-15 1.09854e-15 2.4341e-16
 229 7.10543e-15 1.12477e-15 2.4376e-16
 230 7.10543e-15 1.15077e-15 2.44087e-16
 231 0 1.14579e-15 2.43079e-16
 232 0 1.14085e-15 2.4208e-16
 233 0 1.13595e-15 2.41088e-16
 234 0 1.1311e-15 2.40105e-16
 235 7.10543e-15 1.15652e-15 2.40429e-16
 236 7.10543e-15 1.18173e-15 2.40731e-16
 237 7.10543e-15 1.20672e-15 2.41013e-16
 238 0 1.20165e-15 2.40052e-16
 239 0 1.19663e-15 2.39098e-16
 240 7.10543e-15 1.22125e-15 2.39369e-16
 241 0 1.21618e-15 2.38428e-16
 242 0 1.21115e-15 2.37494e-16
 243 0 1.20617e-15 2.36567e-16
 244 7.10543e-15 1.23035e-15 2.36833e-16
 245 0 1.22532e-15 2.35917e-16
 246 0 1.22034e-15 2.35009e-16
 247 7.10543e-15 1.24417e-15 2.35265e-16
 248 0 1.23915e-15 2.34369e-16
 249 0 1.23418e-15 2.33478e-16
 250 7.10543e-15 1.25766e-15 2.33726e-16
 251 7.10543e-15 1.28096e-15 2.33955e-16
 252 7.10543e-15 1.30407e-15 2.34169e-16
 253 0 1.29892e-15 2.33298e-16
 254 7.10543e-15 1.32178e-15 2.335e-16
 255 0 1.31659e-15 2.3264e-16
 256 7.10543e-15 1.33921e-15 2.3283e-16
 257 7.10543e-15 1.36164e-15 2.33005e-16
 258 0 1.35637e-15 2.3216e-16
 259 0 1.35113e-15 2.31321e-16
 260 0 1.34593e-15 2.30489e-16
 261 0 1.34078e-15 2.29662e-16
 262 0 1.33566e-15 2.28841e-16
 263 0 1.33058e-15 2.28025e-16
 264 7.10543e-15 1.35245e-15 2.28211e-16
 265 0 1.34735e-15 2.27405e-16
 266 0 1.34228e-15 2.26605e-16
 267 0 1.33726e-15 2.25811e-16
 268 7.10543e-15 1.35878e-15 2.25994e-16
 269 7.10543e-15 1.38014e-15 2.26164e-16
 270 7.10543e-15 1.40135e-15 2.2632e-16
 271 0 1.39618e-15 2.25543e-16
 272 0 1.39104e-15 2.24771e-16
 273 0 1.38595e-15 2.24004e-16
 274 7.10543e-15 1.40682e-15 2.24159e-16
 275 7.10543e-15 1.42754e-15 2.24301e-16
 276 7.10543e-15 1.44812e-15 2.24432e-16
 277 7.10543e-15 1.46854e-15 2.24551e-16
 278 0 1.46326e-15 2.23804e-16
 279 7.10543e-15 1.48348e-15 2.23916e-16
 280 7.10543e-15 1.50356e-15 2.24016e-16
 281 7.10543e-15 1.52349e-15 2.24106e-16
 282 7.10543e-15 1.54329e-15 2.24185e-16
 283 0 1.53784e-15 2.23458e-16
 284 7.10543e-15 1.55744e-15 2.23531e-16
 285 0 1.55197e-15 2.22813e-16
 286 -3.55271e-15 1.53413e-15 2.22749e-16
 287 -3.55271e-15 1.5164e-15 2.22678e-16
 288 0 1.51114e-15 2.21965e-16
 289 0 1.50591e-15 2.21258e-16
 290 7.10543e-15 1.52522e-15 2.21337e-16
 291 0 1.51998e-15 2.20638e-16
 292 0 1.51477e-15 2.19942e-16
 293 7.10543e-15 1.53385e-15 2.20019e-16
 294 0 1.52863e-15 2.19332e-16
 295 7.10543e-15 1.54754e-15 2.19403e-16
 296 0 1.54231e-15 2.18723e-16
 297 0 1.53712e-15 2.18047e-16
 298 0 1.53196e-15 2.17376e-16
 299 0 1.52684e-15 2.16708e-16
 300 7.10543e-15 1.54543e-15 2.16783e-16
 301 7.10543e-15 1.5639e-15 2.1685e-16
 302 -3.55271e-15 1.54696e-15 2.16794e-16
 303 7.10543e-15 1.5653e-15 2.16855e-16
 304 7.10543e-15 1.58353e-15 2.16907e-16
 305 7.10543e-15 1.60163e-15 2.16951e-16
 306 0 1.5964e-15 2.16305e-16
 307 0 1.5912e-15 2.15661e-16
 308 -3.55271e-15 1.5745e-15 2.15608e-16
 309 0 1.5694e-15 2.14969e-16
 310 0 1.56434e-15 2.14335e-16
 311 7.10543e-15 1.58216e-15 2.14386e-16
 312 7.10543e-15 1.59986e-15 2.1443e-16
 313 7.10543e-15 1.61745e-15 2.14466e-16
 314 0 1.6123e-15 2.13844e-16
 315 7.10543e-15 1.62974e-15 2.13876e-16
 316 0 1.62458e-15 2.13261e-16
 317 -3.55271e-15 1.60825e-15 2.13213e-16
 318 -3.55271e-15 1.59202e-15 2.13161e-16
 319 0 1.58703e-15 2.1255e-16
 320 0 1.58207e-15 2.11943e-16
 321 -3.55271e-15 1.56607e-15 2.11886e-16
 322 -3.55271e-15 1.55017e-15 2.11824e-16
 323 -3.55271e-15 1.53438e-15 2.11758e-16
 324 -3.55271e-15 1.51868e-15 2.11686e-16
 325 -3.55271e-15 1.50307e-15 2.1161e-16
 326 7.10543e-15 1.52026e-15 2.11659e-16
 327 0 1.51561e-15 2.11062e-16
 328 0 1.51099e-15 2.10468e-16
 329 7.10543e-15 1.52799e-15 2.10515e-16
 330 7.10543e-15 1.54489e-15 2.10556e-16
 331 0 1.54022e-15 2.0997e-16
 332 0 1.53559e-15 2.09388e-16
 333 7.10543e-15 1.55231e-15 2.09428e-16
 334 0 1.54766e-15 2.08851e-16
 335 0 1.54304e-15 2.08278e-16
 336 0 1.53845e-15 2.07708e-16
 337 0 1.53389e-15 2.07141e-16
 338 0 1.52935e-15 2.06577e-16
 339 7.10543e-15 1.5458e-15 2.06623e-16
 340 7.10543e-15 1.56215e-15 2.06662e-16
 341 7.10543e-15 1.57841e-15 2.06695e-16
 342 7.10543e-15 1.59457e-15 2.06723e-16
 343 0 1.58992e-15 2.06172e-16
 344 7.10543e-15 1.60595e-15 2.06196e-16
 345 0 1.6013e-15 2.0565e-16
 346 7.10543e-15 1.6172e-15 2.05671e-16
 347 7.10543e-15 1.63302e-15 2.05686e-16
 348 7.10543e-15 1.64874e-15 2.05696e-16
 349 0 1.64402e-15 2.05161e-16
 350 0 1.63932e-15 2.04627e-16
 351 -3.55271e-15 1.62453e-15 2.04579e-16
 352 0 1.61992e-15 2.04049e-16
 353 0 1.61533e-15 2.03522e-16
 354 -3.55271e-15 1.60073e-15 2.03471e-16
 355 0 1.59622e-15 2.02947e-16
 356 7.10543e-15 1.61169e-15 2.02967e-16
 357 -3.55271e-15 1.59723e-15 2.02914e-16
 358 -3.55271e-15 1.58284e-15 2.02857e-16
 359 0 1.57843e-15 2.02339e-16
 360 0 1.57405e-15 2.01824e-16
 361 0 1.56969e-15 2.01311e-16
 362 7.10543e-15 1.58498e-15 2.01336e-16
 363 7.10543e-15 1.60019e-15 2.01356e-16
 364 7.10543e-15 1.61531e-15 2.01371e-16
 365 7.10543e-15 1.63035e-15 2.01381e-16
 366 -3.55271e-15 1.61619e-15 2.01328e-16
 367 0 1.61179e-15 2.00827e-16
 368 0 1.60741e-15 2.00329e-16
 369 7.10543e-15 1.62231e-15 2.0034e-16
 370 0 1.61793e-15 1.99846e-16
 371 7.10543e-15 1.63272e-15 1.99855e-16
 372 7.10543e-15 1.64743e-15 1.99859e-16
 373 0 1.64301e-15 1.99371e-16
 374 0 1.63862e-15 1.98886e-16
 375 0 1.63425e-15 1.98403e-16
 376 7.10543e-15 1.6488e-15 1.98409e-16
 377 7.10543e-15 1.66327e-15 1.98411e-16
 378 7.10543e-15 1.67767e-15 1.98408e-16
 379 7.10543e-15 1.69199e-15 1.98401e-16
 380 7.10543e-15 1.70624e-15 1.98391e-16
 381 7.10543e-15 1.72041e-15 1.98376e-16
 382 0 1.7159e-15 1.97907e-16
 383 7.10543e-15 1.72998e-15 1.97891e-16
 384 0 1.72547e-15 1.97426e-16
 385 7.10543e-15 1.73945e-15 1.97408e-16
 386 7.10543e-15 1.75335e-15 1.97386e-16
 387 7.10543e-15 1.76718e-15 1.97361e-16
 388 0 1.76262e-15 1.96904e-16
 389 0 1.75809e-15 1.96449e-16
 390 0 1.75358e-15 1.95997e-16
 391 7.10543e-15 1.76727e-15 1.95973e-16
 392 7.10543e-15 1.78089e-15 1.95947e-16
 393 7.10543e-15 1.79444e-15 1.95916e-16
 394 7.10543e-15 1.80792e-15 1.95883e-16
 395 7.10543e-15 1.82133e-15 1.95846e-16
 396 7.10543e-15 1.83467e-15 1.95806e-16
 397 7.10543e-15 1.84795e-15 1.95763e-16
 398 0 1.8433e-15 1.95326e-16
 399 -3.55271e-15 1.82978e-15 1.95304e-16
 400 -3.55271e-15 1.81632e-15 1.9528e-16
 401 0 1.8118e-15 1.94845e-16
 402 7.10543e-15 1.82496e-15 1.94805e-16
 403 7.10543e-15 1.83807e-15 1.94762e-16
 404 0 1.83352e-15 1.94333e-16
 405 0 1.82899e-15 1.93905e-16
 406 0 1.82448e-15 1.9348e-16
 407 7.10543e-15 1.83746e-15 1.93439e-16
 408 0 1.83296e-15 1.93017e-16
 409 0 1.82847e-15 1.92597e-16
 410 0 1.82402e-15 1.92178e-16
 411 0 1.81958e-15 1.91761e-16
 412 0 1.81516e-15 1.91346e-16
 413 7.10543e-15 1.82797e-15 1.91312e-16
 414 7.10543e-15 1.84072e-15 1.91274e-16
 415 7.10543e-15 1.8534e-15 1.91234e-16
 416 7.10543e-15 1.86603e-15 1.91191e-16
 417 7.10543e-15 1.87859e-15 1.91146e-16
 418 -3.55271e-15 1.8656e-15 1.9113e-16
 419 0 1.86115e-15 1.90725e-16
 420 -3.55271e-15 1.84826e-15 1.90707e-16
 421 0 1.84387e-15 1.90304e-16
 422 7.10543e-15 1.85633e-15 1.90261e-16
 423 7.10543e-15 1.86874e-15 1.90216e-16
 424 0 1.86434e-15 1.89818e-16
 425 -3.55271e-15 1.85159e-15 1.89799e-16
 426 7.10543e-15 1.86392e-15 1.89755e-16
 427 7.10543e-15 1.8762e-15 1.89707e-16
 428 7.10543e-15 1.88842e-15 1.89657e-16
 429 7.10543e-15 1.90058e-15 1.89605e-16
 430 7.10543e-15 1.91268e-15 1.89551e-16
 431 7.10543e-15 1.92473e-15 1.89494e-16
 432 0 1.92027e-15 1.89107e-16
 433 -3.55271e-15 1.90763e-15 1.89093e-16
 434 0 1.90324e-15 1.88708e-16
 435 0 1.89886e-15 1.88324e-16
 436 0 1.89451e-15 1.87942e-16
 437 0 1.89017e-15 1.87562e-16
 438 -3.55271e-15 1.87775e-15 1.87545e-16
 439 -3.55271e-15 1.86538e-15 1.87526e-16
 440 0 1.86114e-15 1.87147e-16
 441 0 1.85692e-15 1.8677e-16
 442 0 1.85272e-15 1.86395e-16
 443 0 1.84853e-15 1.8602e-16
 444 0 1.84437e-15 1.85648e-16
 445 0 1.84023e-15 1.85276e-16
 446 0 1.8361e-15 1.84906e-16
 447 0 1.83199e-15 1.84538e-16
 448 -3.55271e-15 1.81997e-15 1.84518e-16
 449 -3.55271e-15 1.80801e-15 1.84495e-16
 450 -3.55271e-15 1.79609e-15 1.84469e-16
 451 -3.55271e-15 1.78423e-15 1.84441e-16
 452 7.10543e-15 1.79601e-15 1.84409e-16
 453 7.10543e-15 1.80773e-15 1.84374e-16
 454 7.10543e-15 1.8194e-15 1.84338e-16
 455 7.10543e-15 1.83101e-15 1.84299e-16
 456 7.10543e-15 1.84258e-15 1.84257e-16
 457 7.10543e-15 1.8541e-15 1.84214e-16
 458 7.10543e-15 1.86556e-15 1.84169e-16
 459 7.10543e-15 1.87698e-15 1.84121e-16
 460 7.10543e-15 1.88834e-15 1.84072e-16
 461 7.10543e-15 1.89966e-15 1.8402e-16
 462 -3.55271e-15 1.88786e-15 1.84e-16
 463 -3.55271e-15 1.87611e-15 1.83978e-16
 464 0 1.87207e-15 1.83626e-16
 465 7.10543e-15 1.88332e-15 1.83576e-16
 466 7.10543e-15 1.89453e-15 1.83524e-16
 467 7.10543e-15 1.90568e-15 1.8347e-16
 468 7.10543e-15 1.9168e-15 1.83415e-16
 469 0 1.91271e-15 1.83069e-16
 470 7.10543e-15 1.92376e-15 1.83013e-16
 471 -3.55271e-15 1.91213e-15 1.82993e-16
 472 0 1.90808e-15 1.8265e-16
 473 0 1.90404e-15 1.82308e-16
 474 0 1.90003e-15 1.81968e-16
 475 0 1.89603e-15 1.81628e-16
 476 7.10543e-15 1.90697e-15 1.81576e-16
 477 7.10543e-15 1.91787e-15 1.81523e-16
 478 7.10543e-15 1.92872e-15 1.81467e-16
 479 7.10543e-15 1.93953e-15 1.8141e-16
 480 7.10543e-15 1.95029e-15 1.81352e-16
 481 7.10543e-15 1.96101e-15 1.81291e-16
 482 7.10543e-15 1.97168e-15 1.81229e-16
 483 0 1.9676e-15 1.809e-16
 484 0 1.96353e-15 1.80571e-16
 485 0 1.95949e-15 1.80244e-16
 486 0 1.95545e-15 1.79918e-16
 487 0 1.95144e-15 1.79593e-16
 488 7.10543e-15 1.962e-15 1.79536e-16
 489 0 1.95799e-15 1.79213e-16
 490 -3.55271e-15 1.94674e-15 1.792e-16
 491 0 1.94278e-15 1.78879e-16
 492 0 1.93883e-15 1.78558e-16
 493 -3.55271e-15 1.92769e-15 1.78544e-16
 494 0 1.92379e-15 1.78225e-16
 495 0 1.9199e-15 1.77907e-16
 496 0 1.91603e-15 1.7759e-16
 497 0 1.91217e-15 1.77274e-16
 498 0 1.90834e-15 1.76959e-16
 499 0 1.90451e-15 1.76646e-16
 500 0 1.9007e-15 1.76333e-16
 501 7.10543e-15 1.91109e-15 1.76287e-16
 502 0 1.90728e-15 1.75977e-16
 503 7.10543e-15 1.91762e-15 1.75931e-16
 504 7.10543e-15 1.92791e-15 1.75883e-16
 505 0 1.92409e-15 1.75576e-16
 506 -3.55271e-15 1.91327e-15 1.75562e-16
 507 -3.55271e-15 1.90249e-15 1.75547e-16
 508 0 1.89874e-15 1.75241e-16
 509 -3.55271e-15 1.88803e-15 1.75224e-16
 510 7.10543e-15 1.89826e-15 1.75179e-16
 511 0 1.89455e-15 1.74875e-16
 512 7.10543e-15 1.90473e-15 1.7483e-16
 513 0 1.90101e-15 1.74528e-16
 514 -3.55271e-15 1.8904e-15 1.74511e-16
 515 7.10543e-15 1.90053e-15 1.74466e-16
 516 7.10543e-15 1.91062e-15 1.7442e-16
 517 7.10543e-15 1.92066e-15 1.74372e-16
 518 7.10543e-15 1.93067e-15 1.74322e-16
 519 7.10543e-15 1.94064e-15 1.74272e-16
 520 0 1.93691e-15 1.73976e-16
 521 0 1.93319e-15 1.73682e-16
 522 0 1.92949e-15 1.73388e-16
 523 7.10543e-15 1.93939e-15 1.73339e-16
 524 7.10543e-15 1.94925e-15 1.73289e-16
 525 0 1.94553e-15 1.72998e-16
 526 0 1.94183e-15 1.72709e-16
 527 0 1.93815e-15 1.7242e-16
 528 0 1.93448e-15 1.72132e-16
 529 0 1.93082e-15 1.71846e-16
 530 0 1.92718e-15 1.7156e-16
 531 0 1.92355e-15 1.71275e-16
 532 7.10543e-15 1.93329e-15 1.7123e-16
 533 0 1.92966e-15 1.70947e-16
 534 7.10543e-15 1.93936e-15 1.70901e-16
 535 7.10543e-15 1.94901e-15 1.70855e-16
 536 7.10543e-15 1.95863e-15 1.70807e-16
 537 7.10543e-15 1.96822e-15 1.70758e-16
 538 7.10543e-15 1.97777e-15 1.70707e-16
 539 7.10543e-15 1.98728e-15 1.70655e-16
 540 -3.55271e-15 1.97702e-15 1.70648e-16
 541 0 1.97336e-15 1.70371e-16
 542 0 1.96972e-15 1.70096e-16
 543 0 1.9661e-15 1.69821e-16
 544 0 1.96248e-15 1.69547e-16
 545 0 1.95888e-15 1.69274e-16
 546 0 1.95529e-15 1.69002e-16
 547 0 1.95172e-15 1.6873e-16
 548 -3.55271e-15 1.94167e-15 1.68721e-16
 549 -3.55271e-15 1.93167e-15 1.68711e-16
 550 0 1.92815e-15 1.6844e-16
 551 -1.77636e-15 1.92143e-15 1.68269e-16
 552 -3.55271e-15 1.91151e-15 1.68256e-16
 553 -3.55271e-15 1.90163e-15 1.68242e-16
 554 -3.55271e-15 1.89179e-15 1.68226e-16
 555 -3.55271e-15 1.88198e-15 1.68209e-16
 556 -3.55271e-15 1.8722e-15 1.68191e-16
 557 -3.55271e-15 1.86246e-15 1.68171e-16
 558 -3.55271e-15 1.85276e-15 1.6815e-16
 559 0 1.84944e-15 1.67881e-16
 560 -3.55271e-15 1.8398e-15 1.67859e-16
 561 -1.77636e-15 1.83335e-15 1.67683e-16
 562 0 1.83009e-15 1.67416e-16
 563 0 1.82684e-15 1.6715e-16
 564 0 1.8236e-15 1.66885e-16
 565 0 1.82037e-15 1.66621e-16
 566 -3.55271e-15 1.81088e-15 1.66597e-16
 567 -3.55271e-15 1.80142e-15 1.66571e-16
 568 -3.55271e-15 1.79199e-15 1.66545e-16
 569 0 1.78884e-15 1.66282e-16
 570 0 1.78571e-15 1.66019e-16
 571 0 1.78258e-15 1.65758e-16
 572 0 1.77946e-15 1.65497e-16
 573 0 1.77636e-15 1.65237e-16
 574 0 1.77326e-15 1.64978e-16
 575 -3.55271e-15 1.764e-15 1.64951e-16
 576 -3.55271e-15 1.75477e-15 1.64923e-16
 577 -3.55271e-15 1.74557e-15 1.64894e-16
 578 0 1.74255e-15 1.64636e-16
 579 0 1.73954e-15 1.64379e-16
 580 0 1.73654e-15 1.64123e-16
 581 0 1.73355e-15 1.63867e-16
 582 0 1.73057e-15 1.63613e-16
 583 7.10543e-15 1.73979e-15 1.63592e-16
 584 0 1.73681e-15 1.63338e-16
 585 7.10543e-15 1.74599e-15 1.63317e-16
 586 7.10543e-15 1.75514e-15 1.63294e-16
 587 0 1.75215e-15 1.63043e-16
 588 7.10543e-15 1.76125e-15 1.6302e-16
 589 0 1.75826e-15 1.62771e-16
 590 0 1.75528e-15 1.62522e-16
 591 0 1.75231e-15 1.62274e-16
 592 0 1.74935e-15 1.62027e-16
 593 7.10543e-15 1.75838e-15 1.62005e-16
 594 7.10543e-15 1.76739e-15 1.61983e-16
 595 7.10543e-15 1.77636e-15 1.61959e-16
 596 7.10543e-15 1.7853e-15 1.61934e-16
 597 7.10543e-15 1.79421e-15 1.61908e-16
 598 7.10543e-15 1.80309e-15 1.61881e-16
 599 0 1.80008e-15 1.61638e-16
 600 0 1.79708e-15 1.61396e-16
 601 -1.77636e-15 1.79114e-15 1.61237e-16
 602 -3.55271e-15 1.78226e-15 1.61214e-16
 603 0 1.7793e-15 1.60973e-16
 604 0 1.77636e-15 1.60734e-16
 605 -3.55271e-15 1.76755e-15 1.60709e-16
 606 0 1.76463e-15 1.6047e-16
 607 0 1.76172e-15 1.60232e-16
 608 7.10543e-15 1.77051e-15 1.6021e-16
 609 0 1.76761e-15 1.59973e-16
 610 -3.55271e-15 1.75888e-15 1.59948e-16
 611 0 1.75601e-15 1.59712e-16
 612 -3.55271e-15 1.74733e-15 1.59687e-16
 613 -3.55271e-15 1.73869e-15 1.5966e-16
 614 -3.55271e-15 1.73007e-15 1.59633e-16
 615 0 1.72725e-15 1.59398e-16
 616 -3.55271e-15 1.71868e-15 1.5937e-16
 617 0 1.7159e-15 1.59136e-16
 618 -3.55271e-15 1.70737e-15 1.59107e-16
 619 0 1.70461e-15 1.58873e-16
 620 0 1.70186e-15 1.58641e-16
 621 -3.55271e-15 1.6934e-15 1.58611e-16
 622 0 1.69068e-15 1.58379e-16
 623 -3.55271e-15 1.68226e-15 1.58348e-16
 624 -3.55271e-15 1.67387e-15 1.58317e-16
 625 -1.77636e-15 1.66835e-15 1.5816e-16
 626 7.10543e-15 1.67704e-15 1.58146e-16
 627 0 1.67437e-15 1.57916e-16
 628 7.10543e-15 1.68301e-15 1.57901e-16
 629 7.10543e-15 1.69163e-15 1.57885e-16
 630 7.10543e-15 1.70023e-15 1.57869e-16
 631 7.10543e-15 1.70879e-15 1.57851e-16
 632 7.10543e-15 1.71733e-15 1.57832e-16
 633 7.10543e-15 1.72584e-15 1.57812e-16
 634 7.10543e-15 1.73433e-15 1.57791e-16
 635 0 1.7316e-15 1.57566e-16
 636 0 1.72888e-15 1.57342e-16
 637 0 1.72616e-15 1.57118e-16
 638 -3.55271e-15 1.71789e-15 1.5709e-16
 639 7.10543e-15 1.72632e-15 1.5707e-16
 640 0 1.72362e-15 1.56848e-16
 641 0 1.72093e-15 1.56626e-16
 642 7.10543e-15 1.72932e-15 1.56607e-16
 643 7.10543e-15 1.73768e-15 1.56586e-16
 644 0 1.73498e-15 1.56366e-16
 645 0 1.73229e-15 1.56147e-16
 646 0 1.72961e-15 1.55928e-16
 647 0 1.72694e-15 1.5571e-16
 648 7.10543e-15 1.73524e-15 1.55691e-16
 649 7.10543e-15 1.74351e-15 1.55671e-16
 650 0 1.74083e-15 1.55454e-16
 651 0 1.73816e-15 1.55238e-16
 652 0 1.73549e-15 1.55023e-16
 653 7.10543e-15 1.74371e-15 1.55004e-16
 654 0 1.74105e-15 1.54789e-16
 655 7.10543e-15 1.74924e-15 1.5477e-16
 656 7.10543e-15 1.7574e-15 1.54749e-16
 657 0 1.75473e-15 1.54537e-16
 658 0 1.75206e-15 1.54325e-16
 659 -3.55271e-15 1.74401e-15 1.543e-16
 660 0 1.74137e-15 1.54089e-16
 661 0 1.73873e-15 1.53878e-16
 662 7.10543e-15 1.74684e-15 1.53859e-16
 663 7.10543e-15 1.75492e-15 1.5384e-16
 664 0 1.75228e-15 1.5363e-16
 665 0 1.74964e-15 1.53422e-16
 666 7.10543e-15 1.75769e-15 1.53402e-16
 667 7.10543e-15 1.7657e-15 1.53382e-16
 668 -3.55271e-15 1.75774e-15 1.53359e-16
 669 0 1.75511e-15 1.53152e-16
 670 -3.55271e-15 1.74719e-15 1.53128e-16
 671 0 1.74459e-15 1.52922e-16
 672 0 1.74199e-15 1.52716e-16
 673 -1.77636e-15 1.73676e-15 1.52579e-16
 674 0 1.73419e-15 1.52374e-16
 675 0 1.73162e-15 1.5217e-16
 676 -3.55271e-15 1.7238e-15 1.52146e-16
 677 0 1.72126e-15 1.51942e-16
 678 -3.55271e-15 1.71348e-15 1.51917e-16
 679 0 1.71095e-15 1.51714e-16
 680 0 1.70844e-15 1.51512e-16
 681 0 1.70593e-15 1.5131e-16
 682 -3.55271e-15 1.69822e-15 1.51284e-16
 683 0 1.69573e-15 1.51083e-16
 684 0 1.69325e-15 1.50883e-16
 685 0 1.69078e-15 1.50682e-16
 686 0 1.68832e-15 1.50483e-16
 687 7.10543e-15 1.6962e-15 1.5047e-16
 688 7.10543e-15 1.70406e-15 1.50457e-16
 689 7.10543e-15 1.7119e-15 1.50443e-16
 690 0 1.70942e-15 1.50245e-16
 691 0 1.70695e-15 1.50048e-16
 692 0 1.70448e-15 1.49851e-16
 693 -3.55271e-15 1.69689e-15 1.49827e-16
 694 0 1.69445e-15 1.49631e-16
 695 0 1.69201e-15 1.49435e-16
 696 0 1.68958e-15 1.4924e-16
 697 -3.55271e-15 1.68206e-15 1.49216e-16
 698 -3.55271e-15 1.67456e-15 1.49191e-16
 699 0 1.67216e-15 1.48996e-16
 700 -3.55271e-15 1.6647e-15 1.4897e-16
 701 0 1.66233e-15 1.48777e-16
 702 -3.55271e-15 1.6549e-15 1.4875e-16
 703 -3.55271e-15 1.64749e-15 1.48723e-16
 704 0 1.64515e-15 1.4853e-16
 705 0 1.64282e-15 1.48338e-16
 706 -3.55271e-15 1.63546e-15 1.4831e-16
 707 0 1.63314e-15 1.48118e-16
 708 -1.77636e-15 1.62833e-15 1.47987e-16
 709 0 1.62603e-15 1.47796e-16
 710 7.10543e-15 1.63375e-15 1.47789e-16
 711 7.10543e-15 1.64144e-15 1.47782e-16
 712 7.10543e-15 1.64912e-15 1.47774e-16
 713 0 1.6468e-15 1.47584e-16
 714 7.10543e-15 1.65445e-15 1.47576e-16
 715 0 1.65214e-15 1.47387e-16
 716 0 1.64983e-15 1.47199e-16
 717 7.10543e-15 1.65744e-15 1.47191e-16
 718 7.10543e-15 1.66503e-15 1.47181e-16
 719 7.10543e-15 1.67259e-15 1.47171e-16
 720 7.10543e-15 1.68014e-15 1.4716e-16
 721 0 1.67781e-15 1.46974e-16
 722 0 1.67548e-15 1.46789e-16
 723 0 1.67317e-15 1.46604e-16
 724 7.10543e-15 1.68067e-15 1.46594e-16
 725 0 1.67835e-15 1.4641e-16
 726 0 1.67604e-15 1.46226e-16
 727 0 1.67373e-15 1.46043e-16
 728 0 1.67143e-15 1.45861e-16
 729 0 1.66914e-15 1.45678e-16
 730 0 1.66686e-15 1.45497e-16
 731 0 1.66458e-15 1.45315e-16
 732 7.10543e-15 1.67201e-15 1.45307e-16
 733 7.10543e-15 1.67942e-15 1.45298e-16
 734 7.10543e-15 1.68681e-15 1.45288e-16
 735 7.10543e-15 1.69419e-15 1.45277e-16
 736 7.10543e-15 1.70154e-15 1.45266e-16
 737 7.10543e-15 1.70887e-15 1.45254e-16
 738 0 1.70655e-15 1.45075e-16
 739 0 1.70424e-15 1.44897e-16
 740 0 1.70194e-15 1.4472e-16
 741 7.10543e-15 1.70923e-15 1.44708e-16
 742 7.10543e-15 1.71651e-15 1.44696e-16
 743 7.10543e-15 1.72376e-15 1.44683e-16
 744 7.10543e-15 1.73099e-15 1.44669e-16
 745 7.10543e-15 1.73821e-15 1.44655e-16
 746 7.10543e-15 1.7454e-15 1.4464e-16
 747 7.10543e-15 1.75258e-15 1.44624e-16
 748 7.10543e-15 1.75973e-15 1.44608e-16
 749 7.10543e-15 1.76687e-15 1.44591e-16
 750 7.10543e-15 1.77399e-15 1.44573e-16
 751 0 1.77163e-15 1.444e-16
 752 0 1.76927e-15 1.44227e-16
 753 -3.55271e-15 1.7622e-15 1.44209e-16
 754 -3.55271e-15 1.75515e-15 1.4419e-16
 755 -3.55271e-15 1.74812e-15 1.4417e-16
 756 -3.55271e-15 1.74111e-15 1.4415e-16
 757 -3.55271e-15 1.73412e-15 1.44129e-16
 758 -3.55271e-15 1.72714e-15 1.44108e-16
 759 0 1.72487e-15 1.43936e-16
 760 -3.55271e-15 1.71792e-15 1.43914e-16
 761 -3.55271e-15 1.711e-15 1.43892e-16
 762 0 1.70875e-15 1.4372e-16
 763 7.10543e-15 1.71583e-15 1.43706e-16
 764 7.10543e-15 1.72288e-15 1.43691e-16
 765 7.10543e-15 1.72992e-15 1.43675e-16
 766 -3.55271e-15 1.72302e-15 1.43653e-16
 767 0 1.72077e-15 1.43483e-16
 768 -3.55271e-15 1.71391e-15 1.43461e-16
 769 -3.55271e-15 1.70706e-15 1.43438e-16
 770 -3.55271e-15 1.70023e-15 1.43414e-16
 771 0 1.69802e-15 1.43245e-16
 772 0 1.69582e-15 1.43076e-16
 773 7.10543e-15 1.70282e-15 1.43062e-16
 774 0 1.70062e-15 1.42894e-16
 775 0 1.69843e-15 1.42727e-16
 776 7.10543e-15 1.70539e-15 1.42713e-16
 777 0 1.7032e-15 1.42546e-16
 778 0 1.70101e-15 1.42379e-16
 779 0 1.69883e-15 1.42213e-16
 780 0 1.69665e-15 1.42048e-16
 781 0 1.69448e-15 1.41882e-16
 782 0 1.69231e-15 1.41717e-16
 783 0 1.69015e-15 1.41553e-16
 784 0 1.68799e-15 1.41388e-16
 785 0 1.68584e-15 1.41224e-16
 786 0 1.6837e-15 1.41061e-16
 787 7.10543e-15 1.69059e-15 1.4105e-16
 788 0 1.68844e-15 1.40887e-16
 789 7.10543e-15 1.69531e-15 1.40876e-16
 790 0 1.69316e-15 1.40714e-16
 791 0 1.69102e-15 1.40552e-16
 792 0 1.68888e-15 1.40391e-16
 793 0 1.68675e-15 1.4023e-16
 794 7.10543e-15 1.69358e-15 1.40219e-16
 795 0 1.69145e-15 1.40059e-16
 796 0 1.68932e-15 1.39899e-16
 797 -3.55271e-15 1.68275e-15 1.39878e-16
 798 -3.55271e-15 1.67619e-15 1.39857e-16
 799 0 1.67409e-15 1.39697e-16
 800 0 1.672e-15 1.39538e-16
 801 0 1.66991e-15 1.3938e-16
 802 0 1.66783e-15 1.39221e-16
 803 0 1.66575e-15 1.39063e-16
 804 0 1.66368e-15 1.38906e-16
 805 0 1.66161e-15 1.38748e-16
 806 0 1.65955e-15 1.38592e-16
 807 0 1.65749e-15 1.38435e-16
 808 -3.55271e-15 1.65104e-15 1.38414e-16
 809 -3.55271e-15 1.64461e-15 1.38392e-16
 810 0 1.64258e-15 1.38236e-16
 811 -3.55271e-15 1.63618e-15 1.38214e-16
 812 7.10543e-15 1.64291e-15 1.38208e-16
 813 0 1.64089e-15 1.38053e-16
 814 7.10543e-15 1.6476e-15 1.38046e-16
 815 7.10543e-15 1.6543e-15 1.38039e-16
 816 0 1.65227e-15 1.37885e-16
 817 0 1.65025e-15 1.37731e-16
 818 7.10543e-15 1.65692e-15 1.37724e-16
 819 0 1.6549e-15 1.37571e-16
 820 7.10543e-15 1.66154e-15 1.37563e-16
 821 0 1.65952e-15 1.37411e-16
 822 7.10543e-15 1.66614e-15 1.37403e-16
 823 7.10543e-15 1.67275e-15 1.37395e-16
 824 7.10543e-15 1.67935e-15 1.37387e-16
 825 7.10543e-15 1.68592e-15 1.37378e-16
 826 7.10543e-15 1.69249e-15 1.37368e-16
 827 7.10543e-15 1.69903e-15 1.37358e-16
 828 7.10543e-15 1.70556e-15 1.37347e-16
 829 7.10543e-15 1.71207e-15 1.37336e-16
 830 7.10543e-15 1.71857e-15 1.37324e-16
 831 7.10543e-15 1.72505e-15 1.37312e-16
 832 7.10543e-15 1.73152e-15 1.37299e-16
 833 7.10543e-15 1.73797e-15 1.37286e-16
 834 0 1.73589e-15 1.37137e-16
 835 0 1.73381e-15 1.36988e-16
 836 7.10543e-15 1.74023e-15 1.36975e-16
 837 0 1.73816e-15 1.36827e-16
 838 0 1.73608e-15 1.3668e-16
 839 0 1.73401e-15 1.36532e-16
 840 -3.55271e-15 1.72772e-15 1.36515e-16
 841 7.10543e-15 1.73411e-15 1.36502e-16
 842 7.10543e-15 1.74049e-15 1.36489e-16
 843 7.10543e-15 1.74686e-15 1.36476e-16
 844 -3.55271e-15 1.74058e-15 1.36458e-16
 845 7.10543e-15 1.74693e-15 1.36445e-16
 846 7.10543e-15 1.75326e-15 1.3643e-16
 847 0 1.75119e-15 1.36285e-16
 848 7.10543e-15 1.7575e-15 1.3627e-16
 849 0 1.75543e-15 1.36126e-16
 850 0 1.75337e-15 1.35981e-16
 851 -3.55271e-15 1.74713e-15 1.35964e-16
 852 -3.55271e-15 1.74091e-15 1.35947e-16
 853 -3.55271e-15 1.73471e-15 1.35929e-16
 854 0 1.73268e-15 1.35785e-16
 855 -3.55271e-15 1.72649e-15 1.35767e-16
 856 0 1.72448e-15 1.35623e-16
 857 0 1.72247e-15 1.3548e-16
 858 0 1.72046e-15 1.35337e-16
 859 7.10543e-15 1.72673e-15 1.35324e-16
 860 7.10543e-15 1.73298e-15 1.35312e-16
 861 0 1.73097e-15 1.35169e-16
 862 -3.55271e-15 1.72484e-15 1.35152e-16
 863 -3.55271e-15 1.71872e-15 1.35133e-16
 864 0 1.71673e-15 1.34991e-16
 865 0 1.71475e-15 1.3485e-16
 866 7.10543e-15 1.72097e-15 1.34838e-16
 867 7.10543e-15 1.72718e-15 1.34825e-16
 868 7.10543e-15 1.73338e-15 1.34812e-16
 869 0 1.73139e-15 1.34672e-16
 870 7.10543e-15 1.73756e-15 1.34659e-16
 871 7.10543e-15 1.74373e-15 1.34645e-16
 872 7.10543e-15 1.74987e-15 1.34631e-16
 873 0 1.74787e-15 1.34492e-16
 874 0 1.74587e-15 1.34353e-16
 875 -3.55271e-15 1.73981e-15 1.34336e-16
 876 7.10543e-15 1.74594e-15 1.34322e-16
 877 0 1.74395e-15 1.34184e-16
 878 0 1.74196e-15 1.34045e-16
 879 0 1.73998e-15 1.33907e-16
 880 7.10543e-15 1.74608e-15 1.33894e-16
 881 7.10543e-15 1.75216e-15 1.3388e-16
 882 0 1.75017e-15 1.33743e-16
 883 7.10543e-15 1.75624e-15 1.33729e-16
 884 7.10543e-15 1.76229e-15 1.33715e-16
 885 0 1.7603e-15 1.33578e-16
 886 0 1.75831e-15 1.33442e-16
 887 -3.55271e-15 1.75232e-15 1.33426e-16
 888 7.10543e-15 1.75835e-15 1.33412e-16
 889 0 1.75638e-15 1.33277e-16
 890 -3.55271e-15 1.75041e-15 1.3326e-16
 891 -3.55271e-15 1.74446e-15 1.33244e-16
 892 -3.55271e-15 1.73852e-15 1.33227e-16
 893 0 1.73657e-15 1.33092e-16
 894 0 1.73463e-15 1.32957e-16
 895 -3.55271e-15 1.72872e-15 1.3294e-16
 896 0 1.72679e-15 1.32805e-16
 897 0 1.72487e-15 1.32671e-16
 898 0 1.72295e-15 1.32537e-16
 899 7.10543e-15 1.72893e-15 1.32525e-16
 900 0 1.72701e-15 1.32392e-16
 901 0 1.7251e-15 1.32258e-16
 902 0 1.72318e-15 1.32126e-16
 903 -3.55271e-15 1.71734e-15 1.32108e-16
 904 7.10543e-15 1.7233e-15 1.32097e-16
 905 0 1.7214e-15 1.31964e-16
 906 7.10543e-15 1.72734e-15 1.31953e-16
 907 0 1.72544e-15 1.31821e-16
 908 0 1.72354e-15 1.31689e-16
 909 0 1.72164e-15 1.31558e-16
 910 0 1.71975e-15 1.31427e-16
 911 0 1.71786e-15 1.31296e-16
 912 7.10543e-15 1.72377e-15 1.31285e-16
 913 7.10543e-15 1.72966e-15 1.31274e-16
 914 7.10543e-15 1.73554e-15 1.31262e-16
 915 7.10543e-15 1.74141e-15 1.3125e-16
 916 0 1.73951e-15 1.3112e-16
 917 -3.55271e-15 1.73374e-15 1.31104e-16
 918 -3.55271e-15 1.72798e-15 1.31088e-16
 919 -3.55271e-15 1.72223e-15 1.31071e-16
 920 0 1.72036e-15 1.30942e-16
 921 -3.55271e-15 1.71464e-15 1.30925e-16
 922 -3.55271e-15 1.70892e-15 1.30907e-16
 923 0 1.70707e-15 1.30779e-16
 924 0 1.70523e-15 1.3065e-16
 925 0 1.70338e-15 1.30522e-16
 926 0 1.70154e-15 1.30394e-16
 927 0 1.69971e-15 1.30266e-16
 928 0 1.69788e-15 1.30138e-16
 929 -1.77636e-15 1.69414e-15 1.30052e-16
 930 -3.55271e-15 1.68849e-15 1.30034e-16
 931 0 1.68668e-15 1.29907e-16
 932 0 1.68487e-15 1.29781e-16
 933 7.10543e-15 1.69068e-15 1.29771e-16
 934 7.10543e-15 1.69648e-15 1.29762e-16
 935 -3.55271e-15 1.69086e-15 1.29745e-16
 936 -3.55271e-15 1.68526e-15 1.29727e-16
 937 -3.55271e-15 1.67967e-15 1.29709e-16
 938 0 1.67788e-15 1.29583e-16
 939 0 1.67609e-15 1.29457e-16
 940 0 1.67431e-15 1.29332e-16
 941 7.10543e-15 1.68008e-15 1.29323e-16
 942 0 1.6783e-15 1.29198e-16
 943 -3.55271e-15 1.67275e-15 1.2918e-16
 944 -3.55271e-15 1.66722e-15 1.29162e-16
 945 -1.77636e-15 1.66357e-15 1.29077e-16
 946 0 1.66181e-15 1.28952e-16
 947 0 1.66006e-15 1.28828e-16
 948 -3.55271e-15 1.65456e-15 1.28809e-16
 949 -3.55271e-15 1.64907e-15 1.2879e-16
 950 -3.55271e-15 1.6436e-15 1.28771e-16
 951 -3.55271e-15 1.63813e-15 1.28752e-16
 952 -3.55271e-15 1.63268e-15 1.28732e-16
 953 -3.55271e-15 1.62724e-15 1.28712e-16
 954 -3.55271e-15 1.62181e-15 1.28691e-16
 955 0 1.62011e-15 1.28568e-16
 956 0 1.61842e-15 1.28444e-16
 957 0 1.61673e-15 1.28321e-16
 958 7.10543e-15 1.62246e-15 1.28315e-16
 959 0 1.62076e-15 1.28193e-16
 960 0 1.61908e-15 1.2807e-16
 961 0 1.61739e-15 1.27948e-16
 962 7.10543e-15 1.6231e-15 1.27942e-16
 963 7.10543e-15 1.62879e-15 1.27936e-16
 964 7.10543e-15 1.63447e-15 1.27929e-16
 965 0 1.63278e-15 1.27808e-16
 966 7.10543e-15 1.63844e-15 1.27801e-16
 967 0 1.63675e-15 1.2768e-16
 968 7.10543e-15 1.6424e-15 1.27673e-16
 969 7.10543e-15 1.64803e-15 1.27666e-16
 970 7.10543e-15 1.65366e-15 1.27658e-16
 971 7.10543e-15 1.65927e-15 1.2765e-16
 972 7.10543e-15 1.66488e-15 1.27642e-16
 973 7.10543e-15 1.67047e-15 1.27633e-16
 974 0 1.66875e-15 1.27514e-16
 975 7.10543e-15 1.67433e-15 1.27505e-16
 976 7.10543e-15 1.67989e-15 1.27496e-16
 977 7.10543e-15 1.68545e-15 1.27486e-16
 978 0 1.68372e-15 1.27367e-16
 979 -3.55271e-15 1.67838e-15 1.27349e-16
 980 -3.55271e-15 1.67304e-15 1.27331e-16
 981 0 1.67133e-15 1.27213e-16
 982 0 1.66963e-15 1.27095e-16
 983 0 1.66793e-15 1.26977e-16
 984 0 1.66624e-15 1.26859e-16
 985 0 1.66455e-15 1.26741e-16
 986 7.10543e-15 1.67006e-15 1.26733e-16
 987 7.10543e-15 1.67557e-15 1.26724e-16
 988 7.10543e-15 1.68107e-15 1.26715e-16
 989 0 1.67937e-15 1.26598e-16
 990 -3.55271e-15 1.67408e-15 1.26581e-16
 991 7.10543e-15 1.67956e-15 1.26572e-16
 992 0 1.67787e-15 1.26455e-16
 993 0 1.67618e-15 1.26339e-16
 994 -3.55271e-15 1.67092e-15 1.26322e-16
 995 -3.55271e-15 1.66567e-15 1.26304e-16
 996 0 1.664e-15 1.26188e-16
 997 -3.55271e-15 1.65876e-15 1.2617e-16
 998 0 1.6571e-15 1.26054e-16
 999 0 1.65544e-15 1.25939e-16
 1000 0 1.65379e-15 1.25824e-16
 1001 0 1.65214e-15 1.25709e-16
 1002 7.10543e-15 1.65758e-15 1.25701e-16
 1003 7.10543e-15 1.66301e-15 1.25693e-16
 1004 0 1.66135e-15 1.25579e-16
 1005 0 1.6597e-15 1.25465e-16
 1006 0 1.65805e-15 1.25351e-16
 1007 0 1.6564e-15 1.25237e-16
 1008 7.10543e-15 1.66181e-15 1.2523e-16
 1009 0 1.66016e-15 1.25116e-16
 1010 0 1.65852e-15 1.25003e-16
 1011 0 1.65688e-15 1.2489e-16
 1012 0 1.65524e-15 1.24778e-16
 1013 0 1.65361e-15 1.24665e-16
 1014 0 1.65198e-15 1.24553e-16
 1015 7.10543e-15 1.65735e-15 1.24546e-16
 1016 0 1.65572e-15 1.24434e-16
 1017 0 1.65409e-15 1.24322e-16
 1018 7.10543e-15 1.65945e-15 1.24315e-16
 1019 7.10543e-15 1.66479e-15 1.24308e-16
 1020 7.10543e-15 1.67012e-15 1.24301e-16
 1021 7.10543e-15 1.67545e-15 1.24293e-16
 1022 0 1.67381e-15 1.24182e-16
 1023 7.10543e-15 1.67912e-15 1.24174e-16
 1024 7.10543e-15 1.68442e-15 1.24166e-16
 1025 7.10543e-15 1.68971e-15 1.24158e-16
 1026 7.10543e-15 1.69498e-15 1.24149e-16
 1027 7.10543e-15 1.70025e-15 1.2414e-16
 1028 0 1.6986e-15 1.2403e-16
 1029 0 1.69695e-15 1.2392e-16
 1030 -3.55271e-15 1.69185e-15 1.23905e-16
 1031 0 1.69021e-15 1.23796e-16
 1032 0 1.68857e-15 1.23686e-16
 1033 0 1.68694e-15 1.23577e-16
 1034 0 1.68531e-15 1.23469e-16
 1035 0 1.68368e-15 1.2336e-16
 1036 0 1.68205e-15 1.23252e-16
 1037 -3.55271e-15 1.677e-15 1.23236e-16
 1038 0 1.67539e-15 1.23128e-16
 1039 -3.55271e-15 1.67036e-15 1.23112e-16
 1040 -3.55271e-15 1.66533e-15 1.23096e-16
 1041 -3.55271e-15 1.66032e-15 1.2308e-16
 1042 -3.55271e-15 1.65532e-15 1.23064e-16
 1043 0 1.65373e-15 1.22956e-16
 1044 0 1.65215e-15 1.22848e-16
 1045 7.10543e-15 1.65737e-15 1.22842e-16
 1046 0 1.65578e-15 1.22734e-16
 1047 -3.55271e-15 1.65081e-15 1.22718e-16
 1048 -3.55271e-15 1.64584e-15 1.22701e-16
 1049 0 1.64427e-15 1.22594e-16
 1050 0 1.64271e-15 1.22487e-16
 1051 0 1.64114e-15 1.22381e-16
 1052 -3.55271e-15 1.63621e-15 1.22364e-16
 1053 0 1.63465e-15 1.22258e-16
 1054 0 1.6331e-15 1.22151e-16
 1055 0 1.63155e-15 1.22045e-16
 1056 0 1.63001e-15 1.2194e-16
 1057 -3.55271e-15 1.62511e-15 1.21923e-16
 1058 -3.55271e-15 1.62021e-15 1.21906e-16
 1059 -3.55271e-15 1.61533e-15 1.21889e-16
 1060 0 1.6138e-15 1.21783e-16
 1061 -3.55271e-15 1.60893e-15 1.21766e-16
 1062 0 1.60742e-15 1.2166e-16
 1063 0 1.60591e-15 1.21555e-16
 1064 0 1.6044e-15 1.2145e-16
 1065 -3.55271e-15 1.59956e-15 1.21433e-16
 1066 -3.55271e-15 1.59472e-15 1.21415e-16
 1067 -3.55271e-15 1.5899e-15 1.21397e-16
 1068 -3.55271e-15 1.58508e-15 1.21379e-16
 1069 -3.55271e-15 1.58028e-15 1.21361e-16
 1070 -3.55271e-15 1.57548e-15 1.21342e-16
 1071 0 1.57401e-15 1.21238e-16
 1072 -1.77636e-15 1.57088e-15 1.21165e-16
 1073 7.10543e-15 1.57604e-15 1.21162e-16
 1074 0 1.57457e-15 1.21058e-16
 1075 -3.55271e-15 1.5698e-15 1.21039e-16
 1076 0 1.56834e-15 1.20935e-16
 1077 7.10543e-15 1.57349e-15 1.20932e-16
 1078 7.10543e-15 1.57862e-15 1.20929e-16
 1079 7.10543e-15 1.58374e-15 1.20925e-16
 1080 7.10543e-15 1.58885e-15 1.20921e-16
 1081 7.10543e-15 1.59396e-15 1.20917e-16
 1082 0 1.59248e-15 1.20814e-16
 1083 7.10543e-15 1.59757e-15 1.2081e-16
 1084 0 1.5961e-15 1.20708e-16
 1085 0 1.59463e-15 1.20605e-16
 1086 0 1.59316e-15 1.20503e-16
 1087 0 1.59169e-15 1.20401e-16
 1088 -3.55271e-15 1.58697e-15 1.20383e-16
 1089 -3.55271e-15 1.58225e-15 1.20365e-16
 1090 -3.55271e-15 1.57754e-15 1.20347e-16
 1091 0 1.57609e-15 1.20245e-16
 1092 -3.55271e-15 1.57139e-15 1.20227e-16
 1093 0 1.56995e-15 1.20126e-16
 1094 0 1.56852e-15 1.20024e-16
 1095 -3.55271e-15 1.56384e-15 1.20006e-16
 1096 0 1.56242e-15 1.19905e-16
 1097 0 1.56099e-15 1.19804e-16
 1098 0 1.55957e-15 1.19703e-16
 1099 -3.55271e-15 1.55492e-15 1.19685e-16
 1100 -3.55271e-15 1.55028e-15 1.19666e-16
 1101 -3.55271e-15 1.54564e-15 1.19647e-16
 1102 7.10543e-15 1.55069e-15 1.19645e-16
 1103 7.10543e-15 1.55572e-15 1.19642e-16
 1104 7.10543e-15 1.56075e-15 1.19639e-16
 1105 7.10543e-15 1.56577e-15 1.19636e-16
 1106 -3.55271e-15 1.56114e-15 1.19618e-16
 1107 0 1.55973e-15 1.19518e-16
 1108 -3.55271e-15 1.55511e-15 1.19499e-16
 1109 0 1.55371e-15 1.194e-16
 1110 0 1.55231e-15 1.193e-16
 1111 0 1.55091e-15 1.19201e-16
 1112 0 1.54952e-15 1.19102e-16
 1113 0 1.54813e-15 1.19003e-16
 1114 0 1.54674e-15 1.18904e-16
 1115 -3.55271e-15 1.54216e-15 1.18886e-16
 1116 -3.55271e-15 1.5376e-15 1.18867e-16
 1117 0 1.53622e-15 1.18768e-16
 1118 0 1.53485e-15 1.1867e-16
 1119 7.10543e-15 1.53983e-15 1.18668e-16
 1120 -3.55271e-15 1.53528e-15 1.18649e-16
 1121 -3.55271e-15 1.53074e-15 1.1863e-16
 1122 -3.55271e-15 1.52621e-15 1.18611e-16
 1123 0 1.52485e-15 1.18513e-16
 1124 0 1.52349e-15 1.18416e-16
 1125 7.10543e-15 1.52846e-15 1.18414e-16
 1126 0 1.5271e-15 1.18317e-16
 1127 0 1.52574e-15 1.1822e-16
 1128 0 1.52439e-15 1.18122e-16
 1129 0 1.52304e-15 1.18025e-16
 1130 0 1.52169e-15 1.17929e-16
 1131 7.10543e-15 1.52663e-15 1.17928e-16
 1132 0 1.52528e-15 1.17831e-16
 1133 0 1.52394e-15 1.17735e-16
 1134 0 1.52259e-15 1.17639e-16
 1135 0 1.52125e-15 1.17543e-16
 1136 0 1.51991e-15 1.17447e-16
 1137 7.10543e-15 1.52482e-15 1.17446e-16
 1138 7.10543e-15 1.52973e-15 1.17445e-16
 1139 7.10543e-15 1.53462e-15 1.17444e-16
 1140 7.10543e-15 1.53951e-15 1.17443e-16
 1141 7.10543e-15 1.54439e-15 1.17441e-16
 1142 0 1.54304e-15 1.17346e-16
 1143 -3.55271e-15 1.53858e-15 1.17328e-16
 1144 -3.55271e-15 1.53413e-15 1.1731e-16
 1145 -3.55271e-15 1.52968e-15 1.17292e-16
 1146 7.10543e-15 1.53455e-15 1.1729e-16
 1147 7.10543e-15 1.53941e-15 1.17289e-16
 1148 7.10543e-15 1.54425e-15 1.17287e-16
 1149 0 1.54291e-15 1.17192e-16
 1150 0 1.54157e-15 1.17098e-16
 1151 0 1.54023e-15 1.17004e-16
 1152 0 1.53889e-15 1.1691e-16
 1153 7.10543e-15 1.54372e-15 1.16908e-16
 1154 7.10543e-15 1.54854e-15 1.16906e-16
 1155 0 1.5472e-15 1.16813e-16
 1156 -3.55271e-15 1.54279e-15 1.16795e-16
 1157 0 1.54145e-15 1.16702e-16
 1158 0 1.54012e-15 1.16608e-16
 1159 0 1.53879e-15 1.16515e-16
 1160 -3.55271e-15 1.5344e-15 1.16497e-16
 1161 -3.55271e-15 1.53002e-15 1.1648e-16
 1162 0 1.52871e-15 1.16387e-16
 1163 0 1.52739e-15 1.16294e-16
 1164 -3.55271e-15 1.52303e-15 1.16276e-16
 1165 -3.55271e-15 1.51867e-15 1.16258e-16
 1166 -3.55271e-15 1.51432e-15 1.16239e-16
 1167 -3.55271e-15 1.50998e-15 1.16221e-16
 1168 0 1.50869e-15 1.16129e-16
 1169 -3.55271e-15 1.50436e-15 1.1611e-16
 1170 -3.55271e-15 1.50003e-15 1.16091e-16
 1171 -3.55271e-15 1.49572e-15 1.16072e-16
 1172 -3.55271e-15 1.49141e-15 1.16053e-16
 1173 7.10543e-15 1.4962e-15 1.16053e-16
 1174 0 1.49492e-15 1.15961e-16
 1175 7.10543e-15 1.4997e-15 1.15961e-16
 1176 0 1.49842e-15 1.15869e-16
 1177 0 1.49715e-15 1.15777e-16
 1178 7.10543e-15 1.50191e-15 1.15777e-16
 1179 0 1.50064e-15 1.15686e-16
 1180 0 1.49937e-15 1.15595e-16
 1181 0 1.4981e-15 1.15504e-16
 1182 0 1.49683e-15 1.15413e-16
 1183 0 1.49556e-15 1.15322e-16
 1184 0 1.4943e-15 1.15232e-16
 1185 0 1.49304e-15 1.15141e-16
 1186 7.10543e-15 1.49777e-15 1.15142e-16
 1187 7.10543e-15 1.5025e-15 1.15142e-16
 1188 0 1.50123e-15 1.15052e-16
 1189 0 1.49997e-15 1.14962e-16
 1190 7.10543e-15 1.50468e-15 1.14962e-16
 1191 0 1.50342e-15 1.14872e-16
 1192 0 1.50215e-15 1.14782e-16
 1193 0 1.50089e-15 1.14693e-16
 1194 7.10543e-15 1.50559e-15 1.14693e-16
 1195 0 1.50433e-15 1.14604e-16
 1196 0 1.50307e-15 1.14515e-16
 1197 7.10543e-15 1.50775e-15 1.14515e-16
 1198 0 1.50649e-15 1.14426e-16
 1199 7.10543e-15 1.51116e-15 1.14426e-16
 1200 -3.55271e-15 1.50694e-15 1.14409e-16
 1201 -3.55271e-15 1.50273e-15 1.14391e-16
 1202 0 1.50148e-15 1.14303e-16
 1203 0 1.50023e-15 1.14214e-16
 1204 0 1.49899e-15 1.14126e-16
 1205 7.10543e-15 1.50364e-15 1.14126e-16
 1206 0 1.50239e-15 1.14039e-16
 1207 0 1.50115e-15 1.13951e-16
 1208 0 1.4999e-15 1.13863e-16
 1209 0 1.49866e-15 1.13776e-16
 1210 0 1.49742e-15 1.13688e-16
 1211 0 1.49619e-15 1.13601e-16
 1212 -3.55271e-15 1.49202e-15 1.13584e-16
 1213 0 1.49079e-15 1.13497e-16
 1214 7.10543e-15 1.49542e-15 1.13498e-16
 1215 0 1.49419e-15 1.13411e-16
 1216 7.10543e-15 1.4988e-15 1.13411e-16
 1217 0 1.49757e-15 1.13325e-16
 1218 0 1.49634e-15 1.13239e-16
 1219 7.10543e-15 1.50094e-15 1.13239e-16
 1220 7.10543e-15 1.50554e-15 1.13239e-16
 1221 7.10543e-15 1.51012e-15 1.1324e-16
 1222 7.10543e-15 1.5147e-15 1.1324e-16
 1223 7.10543e-15 1.51927e-15 1.13239e-16
 1224 0 1.51803e-15 1.13153e-16
 1225 7.10543e-15 1.52259e-15 1.13153e-16
 1226 7.10543e-15 1.52715e-15 1.13152e-16
 1227 7.10543e-15 1.53169e-15 1.13151e-16
 1228 7.10543e-15 1.53623e-15 1.1315e-16
 1229 7.10543e-15 1.54076e-15 1.13149e-16
 1230 7.10543e-15 1.54529e-15 1.13147e-16
 1231 7.10543e-15 1.5498e-15 1.13146e-16
 1232 7.10543e-15 1.55431e-15 1.13144e-16
 1233 -3.55271e-15 1.55017e-15 1.13128e-16
 1234 0 1.54891e-15 1.13043e-16
 1235 0 1.54766e-15 1.12958e-16
 1236 0 1.54641e-15 1.12874e-16
 1237 0 1.54516e-15 1.1279e-16
 1238 0 1.54391e-15 1.12705e-16
 1239 7.10543e-15 1.5484e-15 1.12704e-16
 1240 7.10543e-15 1.55288e-15 1.12702e-16
 1241 0 1.55163e-15 1.12618e-16
 1242 -3.55271e-15 1.54752e-15 1.12602e-16
 1243 -3.55271e-15 1.54342e-15 1.12587e-16
 1244 0 1.54217e-15 1.12503e-16
 1245 -3.55271e-15 1.53808e-15 1.12487e-16
 1246 -3.55271e-15 1.534e-15 1.12471e-16
 1247 -3.55271e-15 1.52992e-15 1.12455e-16
 1248 0 1.52869e-15 1.12371e-16
 1249 -3.55271e-15 1.52462e-15 1.12355e-16
 1250 -3.55271e-15 1.52056e-15 1.12338e-16
 1251 0 1.51935e-15 1.12255e-16
 1252 0 1.51813e-15 1.12172e-16
 1253 0 1.51692e-15 1.12089e-16
 1254 0 1.51571e-15 1.12006e-16
 1255 0 1.5145e-15 1.11923e-16
 1256 0 1.5133e-15 1.11841e-16
 1257 0 1.51209e-15 1.11758e-16
 1258 0 1.51089e-15 1.11676e-16
 1259 0 1.50969e-15 1.11593e-16
 1260 0 1.50849e-15 1.11511e-16
 1261 -3.55271e-15 1.50448e-15 1.11495e-16
 1262 -3.55271e-15 1.50047e-15 1.11479e-16
 1263 -1.77636e-15 1.49788e-15 1.11421e-16
 1264 -3.55271e-15 1.49388e-15 1.11404e-16
 1265 0 1.4927e-15 1.11322e-16
 1266 0 1.49152e-15 1.11241e-16
 1267 -3.55271e-15 1.48754e-15 1.11224e-16
 1268 0 1.48637e-15 1.11143e-16
 1269 -3.55271e-15 1.4824e-15 1.11126e-16
 1270 -3.55271e-15 1.47843e-15 1.11109e-16
 1271 0 1.47727e-15 1.11028e-16
 1272 0 1.47611e-15 1.10946e-16
 1273 0 1.47495e-15 1.10865e-16
 1274 0 1.47379e-15 1.10784e-16
 1275 0 1.47263e-15 1.10703e-16
 1276 -3.55271e-15 1.4687e-15 1.10687e-16
 1277 0 1.46755e-15 1.10606e-16
 1278 7.10543e-15 1.47196e-15 1.10607e-16
 1279 7.10543e-15 1.47636e-15 1.10609e-16
 1280 7.10543e-15 1.48076e-15 1.1061e-16
 1281 7.10543e-15 1.48515e-15 1.10611e-16
 1282 7.10543e-15 1.48953e-15 1.10611e-16
 1283 0 1.48837e-15 1.10531e-16
 1284 0 1.48721e-15 1.10451e-16
 1285 -3.55271e-15 1.48329e-15 1.10435e-16
 1286 -3.55271e-15 1.47938e-15 1.10418e-16
 1287 0 1.47823e-15 1.10338e-16
 1288 -3.55271e-15 1.47432e-15 1.10322e-16
 1289 -3.55271e-15 1.47042e-15 1.10305e-16
 1290 0 1.46928e-15 1.10225e-16
 1291 0 1.46814e-15 1.10146e-16
 1292 -3.55271e-15 1.46426e-15 1.10129e-16
 1293 -3.55271e-15 1.46038e-15 1.10112e-16
 1294 0 1.45925e-15 1.10033e-16
 1295 7.10543e-15 1.46361e-15 1.10035e-16
 1296 0 1.46248e-15 1.09955e-16
 1297 7.10543e-15 1.46683e-15 1.09957e-16
 1298 7.10543e-15 1.47117e-15 1.09958e-16
 1299 7.10543e-15 1.47551e-15 1.09959e-16
 1300 -3.55271e-15 1.47164e-15 1.09942e-16
 1301 -3.55271e-15 1.46778e-15 1.09925e-16
 1302 -3.55271e-15 1.46393e-15 1.09909e-16
 1303 7.10543e-15 1.46826e-15 1.0991e-16
 1304 0 1.46713e-15 1.09831e-16
 1305 0 1.466e-15 1.09753e-16
 1306 0 1.46488e-15 1.09674e-16
 1307 0 1.46376e-15 1.09596e-16
 1308 0 1.46264e-15 1.09518e-16
 1309 7.10543e-15 1.46695e-15 1.09519e-16
 1310 7.10543e-15 1.47126e-15 1.0952e-16
 1311 7.10543e-15 1.47555e-15 1.09521e-16
 1312 0 1.47443e-15 1.09443e-16
 1313 0 1.47331e-15 1.09366e-16
 1314 -3.55271e-15 1.46948e-15 1.09349e-16
 1315 0 1.46836e-15 1.09272e-16
 1316 0 1.46725e-15 1.09194e-16
 1317 0 1.46614e-15 1.09117e-16
 1318 7.10543e-15 1.47041e-15 1.09118e-16
 1319 0 1.4693e-15 1.09041e-16
 1320 0 1.46819e-15 1.08964e-16
 1321 0 1.46707e-15 1.08887e-16
 1322 0 1.46596e-15 1.08811e-16
 1323 0 1.46486e-15 1.08734e-16
 1324 0 1.46375e-15 1.08657e-16
 1325 -3.55271e-15 1.45996e-15 1.08641e-16
 1326 0 1.45886e-15 1.08565e-16
 1327 0 1.45776e-15 1.08489e-16
 1328 0 1.45667e-15 1.08413e-16
 1329 0 1.45557e-15 1.08336e-16
 1330 0 1.45448e-15 1.08261e-16
 1331 0 1.45338e-15 1.08185e-16
 1332 -3.55271e-15 1.44962e-15 1.08169e-16
 1333 -3.55271e-15 1.44587e-15 1.08153e-16
 1334 -3.55271e-15 1.44212e-15 1.08137e-16
 1335 0 1.44104e-15 1.08061e-16
 1336 -3.55271e-15 1.43731e-15 1.08045e-16
 1337 -3.55271e-15 1.43357e-15 1.08028e-16
 1338 -3.55271e-15 1.42985e-15 1.08012e-16
 1339 -1.77636e-15 1.42745e-15 1.07958e-16
 1340 -3.55271e-15 1.42374e-15 1.07941e-16
 1341 0 1.42268e-15 1.07866e-16
 1342 -3.55271e-15 1.41897e-15 1.07849e-16
 1343 -3.55271e-15 1.41527e-15 1.07832e-16
 1344 0 1.41421e-15 1.07757e-16
 1345 0 1.41316e-15 1.07682e-16
 1346 -3.55271e-15 1.40947e-15 1.07665e-16
 1347 0 1.40843e-15 1.07591e-16
 1348 0 1.40738e-15 1.07516e-16
 1349 0 1.40634e-15 1.07441e-16
 1350 0 1.4053e-15 1.07367e-16
 1351 -3.55271e-15 1.40163e-15 1.0735e-16
 1352 -3.55271e-15 1.39796e-15 1.07333e-16
 1353 0 1.39693e-15 1.07259e-16
 1354 -3.55271e-15 1.39327e-15 1.07242e-16
 1355 -3.55271e-15 1.38962e-15 1.07225e-16
 1356 -3.55271e-15 1.38598e-15 1.07208e-16
 1357 0 1.38496e-15 1.07133e-16
 1358 -3.55271e-15 1.38132e-15 1.07116e-16
 1359 0 1.3803e-15 1.07042e-16
 1360 -3.55271e-15 1.37668e-15 1.07025e-16
 1361 0 1.37567e-15 1.06951e-16
 1362 0 1.37465e-15 1.06877e-16
 1363 7.10543e-15 1.37886e-15 1.06882e-16
 1364 7.10543e-15 1.38306e-15 1.06886e-16
 1365 7.10543e-15 1.38725e-15 1.0689e-16
 1366 0 1.38623e-15 1.06816e-16
 1367 0 1.38522e-15 1.06743e-16
 1368 0 1.38421e-15 1.06669e-16
 1369 -3.55271e-15 1.3806e-15 1.06653e-16
 1370 0 1.37959e-15 1.06579e-16
 1371 0 1.37859e-15 1.06506e-16
 1372 0 1.37758e-15 1.06433e-16
 1373 0 1.37658e-15 1.06361e-16
 1374 0 1.37558e-15 1.06288e-16
 1375 0 1.37458e-15 1.06215e-16
 1376 -3.55271e-15 1.371e-15 1.06198e-16
 1377 7.10543e-15 1.37516e-15 1.06203e-16
 1378 -3.55271e-15 1.37158e-15 1.06186e-16
 1379 -3.55271e-15 1.36801e-15 1.06169e-16
 1380 0 1.36702e-15 1.06097e-16
 1381 7.10543e-15 1.37118e-15 1.06101e-16
 1382 0 1.37019e-15 1.06029e-16
 1383 0 1.36919e-15 1.05957e-16
 1384 0 1.36821e-15 1.05885e-16
 1385 0 1.36722e-15 1.05813e-16
 1386 0 1.36623e-15 1.05742e-16
 1387 -3.55271e-15 1.36268e-15 1.05725e-16
 1388 0 1.3617e-15 1.05653e-16
 1389 0 1.36072e-15 1.05582e-16
 1390 0 1.35974e-15 1.0551e-16
 1391 7.10543e-15 1.36387e-15 1.05515e-16
 1392 7.10543e-15 1.368e-15 1.0552e-16
 1393 0 1.36702e-15 1.05449e-16
 1394 0 1.36604e-15 1.05378e-16
 1395 0 1.36506e-15 1.05307e-16
 1396 -3.55271e-15 1.36153e-15 1.0529e-16
 1397 -3.55271e-15 1.35802e-15 1.05274e-16
 1398 0 1.35705e-15 1.05203e-16
 1399 0 1.35608e-15 1.05132e-16
 1400 -3.55271e-15 1.35257e-15 1.05115e-16
 1401 -3.55271e-15 1.34907e-15 1.05099e-16
 1402 0 1.34811e-15 1.05028e-16
 1403 0 1.34714e-15 1.04958e-16
 1404 -1.77636e-15 1.34492e-15 1.04906e-16
 1405 -3.55271e-15 1.34143e-15 1.0489e-16
 1406 -3.55271e-15 1.33795e-15 1.04873e-16
 1407 -3.55271e-15 1.33448e-15 1.04856e-16
 1408 0 1.33353e-15 1.04786e-16
 1409 0 1.33258e-15 1.04716e-16
 1410 0 1.33164e-15 1.04645e-16
 1411 0 1.33069e-15 1.04576e-16
 1412 0 1.32975e-15 1.04506e-16
 1413 7.10543e-15 1.33384e-15 1.04512e-16
 1414 7.10543e-15 1.33792e-15 1.04517e-16
 1415 7.10543e-15 1.342e-15 1.04523e-16
 1416 0 1.34105e-15 1.04454e-16
 1417 7.10543e-15 1.34512e-15 1.04459e-16
 1418 -3.55271e-15 1.34166e-15 1.04442e-16
 1419 7.10543e-15 1.34572e-15 1.04448e-16
 1420 7.10543e-15 1.34978e-15 1.04453e-16
 1421 7.10543e-15 1.35383e-15 1.04458e-16
 1422 7.10543e-15 1.35788e-15 1.04463e-16
 1423 0 1.35692e-15 1.04394e-16
 1424 7.10543e-15 1.36096e-15 1.04399e-16
 1425 0 1.36e-15 1.0433e-16
 1426 -3.55271e-15 1.35656e-15 1.04313e-16
 1427 0 1.35561e-15 1.04245e-16
 1428 7.10543e-15 1.35963e-15 1.04249e-16
 1429 -3.55271e-15 1.3562e-15 1.04233e-16
 1430 -3.55271e-15 1.35276e-15 1.04217e-16
 1431 0 1.35182e-15 1.04148e-16
 1432 7.10543e-15 1.35584e-15 1.04153e-16
 1433 7.10543e-15 1.35985e-15 1.04158e-16
 1434 0 1.3589e-15 1.04089e-16
 1435 7.10543e-15 1.36291e-15 1.04094e-16
 1436 7.10543e-15 1.3669e-15 1.04098e-16
 1437 7.10543e-15 1.3709e-15 1.04102e-16
 1438 7.10543e-15 1.37489e-15 1.04106e-16
 1439 7.10543e-15 1.37887e-15 1.0411e-16
 1440 -3.55271e-15 1.37544e-15 1.04094e-16
 1441 -3.55271e-15 1.37202e-15 1.04078e-16
 1442 -3.55271e-15 1.36861e-15 1.04062e-16
 1443 -3.55271e-15 1.3652e-15 1.04046e-16
 1444 7.10543e-15 1.36917e-15 1.04049e-16
 1445 7.10543e-15 1.37314e-15 1.04053e-16
 1446 7.10543e-15 1.37711e-15 1.04057e-16
 1447 7.10543e-15 1.38107e-15 1.0406e-16
 1448 7.10543e-15 1.38502e-15 1.04063e-16
 1449 7.10543e-15 1.38897e-15 1.04066e-16
 1450 7.10543e-15 1.39291e-15 1.04069e-16
 1451 7.10543e-15 1.39685e-15 1.04072e-16
 1452 7.10543e-15 1.40078e-15 1.04075e-16
 1453 0 1.39981e-15 1.04008e-16
 1454 7.10543e-15 1.40374e-15 1.0401e-16
 1455 7.10543e-15 1.40766e-15 1.04012e-16
 1456 0 1.40669e-15 1.03945e-16
 1457 7.10543e-15 1.4106e-15 1.03948e-16
 1458 7.10543e-15 1.41451e-15 1.0395e-16
 1459 7.10543e-15 1.41841e-15 1.03952e-16
 1460 7.10543e-15 1.4223e-15 1.03953e-16
 1461 7.10543e-15 1.42619e-15 1.03955e-16
 1462 0 1.42522e-15 1.03888e-16
 1463 0 1.42424e-15 1.03822e-16
 1464 0 1.42327e-15 1.03756e-16
 1465 0 1.4223e-15 1.03689e-16
 1466 0 1.42133e-15 1.03623e-16
 1467 -3.55271e-15 1.41794e-15 1.03608e-16
 1468 0 1.41697e-15 1.03542e-16
 1469 0 1.41601e-15 1.03476e-16
 1470 -3.55271e-15 1.41263e-15 1.03461e-16
 1471 -3.55271e-15 1.40925e-15 1.03445e-16
 1472 -3.55271e-15 1.40588e-15 1.0343e-16
 1473 0 1.40493e-15 1.03364e-16
 1474 0 1.40397e-15 1.03298e-16
 1475 0 1.40302e-15 1.03233e-16
 1476 0 1.40207e-15 1.03167e-16
 1477 0 1.40112e-15 1.03102e-16
 1478 0 1.40017e-15 1.03036e-16
 1479 0 1.39923e-15 1.02971e-16
 1480 -3.55271e-15 1.39588e-15 1.02956e-16
 1481 0 1.39494e-15 1.02891e-16
 1482 0 1.394e-15 1.02825e-16
 1483 -3.55271e-15 1.39066e-15 1.0281e-16
 1484 7.10543e-15 1.39451e-15 1.02813e-16
 1485 0 1.39357e-15 1.02748e-16
 1486 -3.55271e-15 1.39024e-15 1.02733e-16
 1487 0 1.38931e-15 1.02668e-16
 1488 0 1.38838e-15 1.02603e-16
 1489 0 1.38744e-15 1.02538e-16
 1490 0 1.38651e-15 1.02474e-16
 1491 0 1.38558e-15 1.02409e-16
 1492 0 1.38465e-15 1.02345e-16
 1493 0 1.38373e-15 1.02281e-16
 1494 0 1.3828e-15 1.02216e-16
 1495 0 1.38187e-15 1.02152e-16
 1496 -3.55271e-15 1.37858e-15 1.02137e-16
 1497 0 1.37766e-15 1.02073e-16
 1498 7.10543e-15 1.38148e-15 1.02076e-16
 1499 7.10543e-15 1.3853e-15 1.0208e-16
 1500 7.10543e-15 1.38911e-15 1.02083e-16
 1501 0 1.38819e-15 1.02019e-16
 1502 0 1.38726e-15 1.01955e-16
 1503 0 1.38634e-15 1.01892e-16
 1504 7.10543e-15 1.39014e-15 1.01895e-16
 1505 0 1.38922e-15 1.01831e-16
 1506 0 1.38829e-15 1.01768e-16
 1507 0 1.38737e-15 1.01704e-16
 1508 0 1.38645e-15 1.01641e-16
 1509 0 1.38553e-15 1.01578e-16
 1510 0 1.38462e-15 1.01515e-16
 1511 0 1.3837e-15 1.01452e-16
 1512 0 1.38279e-15 1.01389e-16
 1513 0 1.38187e-15 1.01326e-16
 1514 7.10543e-15 1.38565e-15 1.01329e-16
 1515 0 1.38474e-15 1.01267e-16
 1516 7.10543e-15 1.38851e-15 1.0127e-16
 1517 7.10543e-15 1.39228e-15 1.01273e-16
 1518 7.10543e-15 1.39604e-15 1.01277e-16
 1519 7.10543e-15 1.3998e-15 1.0128e-16
 1520 7.10543e-15 1.40356e-15 1.01283e-16
 1521 7.10543e-15 1.4073e-15 1.01285e-16
 1522 7.10543e-15 1.41105e-15 1.01288e-16
 1523 0 1.41012e-15 1.01226e-16
 1524 7.10543e-15 1.41386e-15 1.01228e-16
 1525 7.10543e-15 1.41759e-15 1.01231e-16
 1526 -3.55271e-15 1.41433e-15 1.01217e-16
 1527 -3.55271e-15 1.41108e-15 1.01203e-16
 1528 -3.55271e-15 1.40783e-15 1.01189e-16
 1529 -3.55271e-15 1.40459e-15 1.01175e-16
 1530 0 1.40367e-15 1.01113e-16
 1531 0 1.40275e-15 1.01051e-16
 1532 -3.55271e-15 1.39952e-15 1.01037e-16
 1533 7.10543e-15 1.40324e-15 1.01039e-16
 1534 0 1.40233e-15 1.00977e-16
 1535 0 1.40141e-15 1.00916e-16
 1536 7.10543e-15 1.40513e-15 1.00918e-16
 1537 7.10543e-15 1.40883e-15 1.00921e-16
 1538 7.10543e-15 1.41254e-15 1.00923e-16
 1539 0 1.41162e-15 1.00862e-16
 1540 0 1.4107e-15 1.008e-16
 1541 0 1.40979e-15 1.00739e-16
 1542 -3.55271e-15 1.40657e-15 1.00725e-16
 1543 0 1.40566e-15 1.00664e-16
 1544 0 1.40475e-15 1.00603e-16
 1545 0 1.40384e-15 1.00542e-16
 1546 0 1.40293e-15 1.00481e-16
 1547 -3.55271e-15 1.39973e-15 1.00467e-16
 1548 0 1.39882e-15 1.00406e-16
 1549 0 1.39792e-15 1.00345e-16
 1550 0 1.39702e-15 1.00285e-16
 1551 0 1.39612e-15 1.00224e-16
 1552 0 1.39522e-15 1.00164e-16
 1553 -3.55271e-15 1.39203e-15 1.0015e-16
 1554 0 1.39114e-15 1.00089e-16
 1555 -3.55271e-15 1.38796e-15 1.00075e-16
 1556 0 1.38707e-15 1.00015e-16
 1557 0 1.38617e-15 9.99548e-17
 1558 -3.55271e-15 1.383e-15 9.99409e-17
 1559 -3.55271e-15 1.37984e-15 9.9927e-17
 1560 -3.55271e-15 1.37668e-15 9.99129e-17
 1561 0 1.37579e-15 9.98528e-17
 1562 0 1.37491e-15 9.97927e-17
 1563 0 1.37403e-15 9.97327e-17
 1564 -3.55271e-15 1.37088e-15 9.97187e-17
 1565 0 1.37001e-15 9.96588e-17
 1566 0 1.36913e-15 9.9599e-17
 1567 -3.55271e-15 1.36599e-15 9.9585e-17
 1568 -3.55271e-15 1.36286e-15 9.95709e-17
 1569 0 1.36199e-15 9.95112e-17
 1570 7.10543e-15 1.36565e-15 9.9515e-17
 1571 -3.55271e-15 1.36251e-15 9.95009e-17
 1572 -3.55271e-15 1.35939e-15 9.94868e-17
 1573 0 1.35852e-15 9.94273e-17
 1574 7.10543e-15 1.36217e-15 9.94311e-17
 1575 7.10543e-15 1.36582e-15 9.94349e-17
 1576 7.10543e-15 1.36946e-15 9.94385e-17
 1577 7.10543e-15 1.3731e-15 9.94419e-17
 1578 0 1.37223e-15 9.93827e-17
 1579 0 1.37136e-15 9.93235e-17
 1580 0 1.37049e-15 9.92645e-17
 1581 0 1.36963e-15 9.92054e-17
 1582 0 1.36876e-15 9.91465e-17
 1583 0 1.3679e-15 9.90876e-17
 1584 0 1.36703e-15 9.90288e-17
 1585 7.10543e-15 1.37065e-15 9.90325e-17
 1586 0 1.36979e-15 9.89738e-17
 1587 7.10543e-15 1.3734e-15 9.89774e-17
 1588 0 1.37254e-15 9.89189e-17
 1589 0 1.37167e-15 9.88604e-17
 1590 7.10543e-15 1.37528e-15 9.8864e-17
 1591 7.10543e-15 1.37888e-15 9.88674e-17
 1592 7.10543e-15 1.38248e-15 9.88708e-17
 1593 7.10543e-15 1.38607e-15 9.8874e-17
 1594 0 1.3852e-15 9.88157e-17
 1595 7.10543e-15 1.38879e-15 9.88189e-17
 1596 7.10543e-15 1.39237e-15 9.88219e-17
 1597 7.10543e-15 1.39595e-15 9.88247e-17
 1598 0 1.39507e-15 9.87667e-17
 1599 7.10543e-15 1.39864e-15 9.87695e-17
 1600 0 1.39777e-15 9.87117e-17
 1601 0 1.3969e-15 9.86538e-17
 1602 0 1.39603e-15 9.85961e-17
 1603 7.10543e-15 1.39959e-15 9.85989e-17
 1604 7.10543e-15 1.40314e-15 9.86016e-17
 1605 7.10543e-15 1.4067e-15 9.86042e-17
 1606 7.10543e-15 1.41025e-15 9.86066e-17
 1607 0 1.40937e-15 9.85492e-17
 1608 7.10543e-15 1.41291e-15 9.85516e-17
 1609 7.10543e-15 1.41645e-15 9.85538e-17
 1610 7.10543e-15 1.41998e-15 9.85559e-17
 1611 7.10543e-15 1.42351e-15 9.85579e-17
 1612 0 1.42263e-15 9.85007e-17
 1613 7.10543e-15 1.42615e-15 9.85027e-17
 1614 7.10543e-15 1.42967e-15 9.85045e-17
 1615 7.10543e-15 1.43318e-15 9.85062e-17
 1616 7.10543e-15 1.43669e-15 9.85078e-17
 1617 0 1.43581e-15 9.84509e-17
 1618 0 1.43492e-15 9.8394e-17
 1619 0 1.43403e-15 9.83372e-17
 1620 0 1.43315e-15 9.82805e-17
 1621 0 1.43226e-15 9.82238e-17
 1622 0 1.43138e-15 9.81672e-17
 1623 0 1.4305e-15 9.81106e-17
 1624 7.10543e-15 1.43399e-15 9.81125e-17
 1625 0 1.43311e-15 9.8056e-17
 1626 7.10543e-15 1.4366e-15 9.80578e-17
 1627 7.10543e-15 1.44008e-15 9.80594e-17
 1628 0 1.4392e-15 9.80032e-17
 1629 7.10543e-15 1.44268e-15 9.80047e-17
 1630 7.10543e-15 1.44615e-15 9.80062e-17
 1631 0 1.44526e-15 9.79501e-17
 1632 0 1.44438e-15 9.7894e-17
 1633 0 1.44349e-15 9.78381e-17
 1634 0 1.44261e-15 9.77822e-17
 1635 0 1.44173e-15 9.77263e-17
 1636 0 1.44085e-15 9.76706e-17
 1637 0 1.43997e-15 9.76148e-17
 1638 0 1.43909e-15 9.75592e-17
 1639 0 1.43821e-15 9.75036e-17
 1640 0 1.43733e-15 9.74481e-17
 1641 0 1.43646e-15 9.73926e-17
 1642 -3.55271e-15 1.43342e-15 9.73807e-17
 1643 7.10543e-15 1.43687e-15 9.73826e-17
 1644 0 1.436e-15 9.73273e-17
 1645 0 1.43512e-15 9.7272e-17
 1646 0 1.43425e-15 9.72168e-17
 1647 -3.55271e-15 1.43122e-15 9.72049e-17
 1648 -3.55271e-15 1.4282e-15 9.7193e-17
 1649 -1.77636e-15 1.42626e-15 9.71535e-17
 1650 -3.55271e-15 1.42324e-15 9.71415e-17
 1651 0 1.42238e-15 9.70864e-17
 1652 0 1.42152e-15 9.70315e-17
 1653 -1.77636e-15 1.41958e-15 9.69921e-17
 1654 -3.55271e-15 1.41657e-15 9.698e-17
 1655 -3.55271e-15 1.41357e-15 9.69679e-17
 1656 -1.77636e-15 1.41165e-15 9.69285e-17
 1657 0 1.41079e-15 9.68737e-17
 1658 7.10543e-15 1.41423e-15 9.68761e-17
 1659 0 1.41338e-15 9.68215e-17
 1660 0 1.41252e-15 9.67669e-17
 1661 -3.55271e-15 1.40954e-15 9.67548e-17
 1662 -3.55271e-15 1.40655e-15 9.67426e-17
 1663 -3.55271e-15 1.40357e-15 9.67304e-17
 1664 -3.55271e-15 1.40059e-15 9.67182e-17
 1665 7.10543e-15 1.40402e-15 9.67208e-17
 1666 0 1.40317e-15 9.66664e-17
 1667 0 1.40233e-15 9.6612e-17
 1668 7.10543e-15 1.40575e-15 9.66146e-17
 1669 0 1.40491e-15 9.65604e-17
 1670 0 1.40407e-15 9.65062e-17
 1671 7.10543e-15 1.40748e-15 9.65088e-17
 1672 7.10543e-15 1.41089e-15 9.65112e-17
 1673 0 1.41004e-15 9.64572e-17
 1674 7.10543e-15 1.41345e-15 9.64596e-17
 1675 7.10543e-15 1.41684e-15 9.64618e-17
 1676 -3.55271e-15 1.41388e-15 9.64499e-17
 1677 -3.55271e-15 1.41092e-15 9.64378e-17
 1678 0 1.41008e-15 9.6384e-17
 1679 7.10543e-15 1.41347e-15 9.63863e-17
 1680 0 1.41263e-15 9.63326e-17
 1681 -3.55271e-15 1.40967e-15 9.63205e-17
 1682 -3.55271e-15 1.40672e-15 9.63085e-17
 1683 0 1.40589e-15 9.62548e-17
 1684 0 1.40505e-15 9.62013e-17
 1685 0 1.40422e-15 9.61478e-17
 1686 7.10543e-15 1.4076e-15 9.61502e-17
 1687 0 1.40677e-15 9.60968e-17
 1688 0 1.40593e-15 9.60435e-17
 1689 0 1.4051e-15 9.59902e-17
 1690 0 1.40427e-15 9.5937e-17
 1691 0 1.40344e-15 9.58839e-17
 1692 0 1.40261e-15 9.58308e-17
 1693 0 1.40178e-15 9.57777e-17
 1694 7.10543e-15 1.40515e-15 9.57804e-17
 1695 7.10543e-15 1.40851e-15 9.57829e-17
 1696 -3.55271e-15 1.40558e-15 9.57711e-17
 1697 0 1.40476e-15 9.57182e-17
 1698 0 1.40393e-15 9.56654e-17
 1699 0 1.4031e-15 9.56127e-17
 1700 0 1.40228e-15 9.556e-17
 1701 -3.55271e-15 1.39936e-15 9.55482e-17
 1702 0 1.39854e-15 9.54956e-17
 1703 0 1.39772e-15 9.5443e-17
 1704 0 1.3969e-15 9.53905e-17
 1705 -3.55271e-15 1.394e-15 9.53788e-17
 1706 0 1.39318e-15 9.53263e-17
 1707 7.10543e-15 1.39653e-15 9.53292e-17
 1708 7.10543e-15 1.39987e-15 9.5332e-17
 1709 0 1.39905e-15 9.52797e-17
 1710 -3.55271e-15 1.39615e-15 9.5268e-17
 1711 -3.55271e-15 1.39326e-15 9.52562e-17
 1712 7.10543e-15 1.3966e-15 9.5259e-17
 1713 0 1.39578e-15 9.52069e-17
 1714 0 1.39497e-15 9.51548e-17
 1715 0 1.39416e-15 9.51028e-17
 1716 7.10543e-15 1.39748e-15 9.51056e-17
 1717 0 1.39667e-15 9.50537e-17
 1718 7.10543e-15 1.39999e-15 9.50564e-17
 1719 7.10543e-15 1.40331e-15 9.50591e-17
 1720 7.10543e-15 1.40663e-15 9.50616e-17
 1721 -3.55271e-15 1.40375e-15 9.50501e-17
 1722 -3.55271e-15 1.40087e-15 9.50385e-17
 1723 0 1.40005e-15 9.49868e-17
 1724 0 1.39924e-15 9.49351e-17
 1725 0 1.39843e-15 9.48835e-17
 1726 0 1.39762e-15 9.4832e-17
 1727 7.10543e-15 1.40093e-15 9.48347e-17
 1728 7.10543e-15 1.40423e-15 9.48373e-17
 1729 0 1.40341e-15 9.47859e-17
 1730 -3.55271e-15 1.40055e-15 9.47744e-17
 1731 0 1.39974e-15 9.47231e-17
 1732 7.10543e-15 1.40303e-15 9.47257e-17
 1733 7.10543e-15 1.40633e-15 9.47282e-17
 1734 7.10543e-15 1.40961e-15 9.47305e-17
 1735 0 1.4088e-15 9.46794e-17
 1736 7.10543e-15 1.41208e-15 9.46817e-17
 1737 0 1.41127e-15 9.46307e-17
 1738 0 1.41046e-15 9.45797e-17
 1739 0 1.40964e-15 9.45288e-17
 1740 0 1.40883e-15 9.44779e-17
 1741 0 1.40803e-15 9.44271e-17
 1742 7.10543e-15 1.4113e-15 9.44296e-17
 1743 7.10543e-15 1.41456e-15 9.44319e-17
 1744 -3.55271e-15 1.41171e-15 9.44207e-17
 1745 7.10543e-15 1.41498e-15 9.4423e-17
 1746 7.10543e-15 1.41824e-15 9.44251e-17
 1747 0 1.41742e-15 9.43746e-17
 1748 0 1.41661e-15 9.4324e-17
 1749 -3.55271e-15 1.41377e-15 9.43129e-17
 1750 0 1.41296e-15 9.42625e-17
 1751 -3.55271e-15 1.41013e-15 9.42513e-17
 1752 0 1.40932e-15 9.42009e-17
 1753 0 1.40852e-15 9.41506e-17
 1754 0 1.40772e-15 9.41003e-17
 1755 0 1.40692e-15 9.40501e-17
 1756 0 1.40611e-15 9.4e-17
 1757 0 1.40531e-15 9.39498e-17
 1758 -3.55271e-15 1.40249e-15 9.39387e-17
 1759 -3.55271e-15 1.39968e-15 9.39276e-17
 1760 0 1.39888e-15 9.38776e-17
 1761 0 1.39809e-15 9.38276e-17
 1762 0 1.39729e-15 9.37777e-17
 1763 0 1.3965e-15 9.37278e-17
 1764 0 1.39571e-15 9.3678e-17
 1765 0 1.39492e-15 9.36283e-17
 1766 0 1.39413e-15 9.35786e-17
 1767 -3.55271e-15 1.39133e-15 9.35675e-17
 1768 0 1.39054e-15 9.35179e-17
 1769 0 1.38976e-15 9.34683e-17
 1770 0 1.38897e-15 9.34188e-17
 1771 0 1.38819e-15 9.33693e-17
 1772 0 1.3874e-15 9.33199e-17
 1773 0 1.38662e-15 9.32705e-17
 1774 0 1.38584e-15 9.32212e-17
 1775 0 1.38506e-15 9.31719e-17
 1776 0 1.38428e-15 9.31227e-17
 1777 7.10543e-15 1.3875e-15 9.3126e-17
 1778 7.10543e-15 1.39071e-15 9.31291e-17
 1779 0 1.38993e-15 9.308e-17
 1780 7.10543e-15 1.39314e-15 9.30831e-17
 1781 7.10543e-15 1.39635e-15 9.30861e-17
 1782 -3.55271e-15 1.39357e-15 9.30753e-17
 1783 7.10543e-15 1.39678e-15 9.30783e-17
 1784 0 1.39599e-15 9.30294e-17
 1785 0 1.39521e-15 9.29805e-17
 1786 7.10543e-15 1.39841e-15 9.29834e-17
 1787 0 1.39763e-15 9.29347e-17
 1788 0 1.39684e-15 9.2886e-17
 1789 0 1.39606e-15 9.28373e-17
 1790 7.10543e-15 1.39925e-15 9.28402e-17
 1791 7.10543e-15 1.40244e-15 9.28431e-17
 1792 7.10543e-15 1.40562e-15 9.28458e-17
 1793 0 1.40484e-15 9.27973e-17
 1794 7.10543e-15 1.40802e-15 9.28e-17
 1795 0 1.40723e-15 9.27516e-17
 1796 7.10543e-15 1.4104e-15 9.27542e-17
 1797 0 1.40962e-15 9.27059e-17
 1798 7.10543e-15 1.41279e-15 9.27085e-17
 1799 7.10543e-15 1.41595e-15 9.2711e-17
 1800 7.10543e-15 1.41911e-15 9.27133e-17
 1801 7.10543e-15 1.42227e-15 9.27156e-17
 1802 7.10543e-15 1.42542e-15 9.27178e-17
 1803 7.10543e-15 1.42857e-15 9.27199e-17
 1804 0 1.42778e-15 9.26719e-17
 1805 0 1.42699e-15 9.26239e-17
 1806 0 1.4262e-15 9.2576e-17
 1807 7.10543e-15 1.42934e-15 9.25781e-17
 1808 0 1.42855e-15 9.25302e-17
 1809 0 1.42776e-15 9.24824e-17
 1810 -3.55271e-15 1.42501e-15 9.24723e-17
 1811 0 1.42422e-15 9.24246e-17
 1812 0 1.42344e-15 9.23769e-17
 1813 7.10543e-15 1.42657e-15 9.23791e-17
 1814 7.10543e-15 1.4297e-15 9.23812e-17
 1815 0 1.42892e-15 9.23337e-17
 1816 -3.55271e-15 1.42617e-15 9.23236e-17
 1817 -3.55271e-15 1.42343e-15 9.23134e-17
 1818 -3.55271e-15 1.42069e-15 9.23032e-17
 1819 -3.55271e-15 1.41796e-15 9.2293e-17
 1820 -3.55271e-15 1.41523e-15 9.22827e-17
 1821 0 1.41445e-15 9.22352e-17
 1822 7.10543e-15 1.41758e-15 9.22375e-17
 1823 7.10543e-15 1.4207e-15 9.22397e-17
 1824 7.10543e-15 1.42381e-15 9.22418e-17
 1825 0 1.42303e-15 9.21945e-17
 1826 -1.77636e-15 1.42128e-15 9.21607e-17
 1827 -3.55271e-15 1.41856e-15 9.21504e-17
 1828 -3.55271e-15 1.41584e-15 9.21401e-17
 1829 -3.55271e-15 1.41312e-15 9.21298e-17
 1830 0 1.41235e-15 9.20827e-17
 1831 -3.55271e-15 1.40964e-15 9.20723e-17
 1832 -3.55271e-15 1.40693e-15 9.20619e-17
 1833 0 1.40616e-15 9.20149e-17
 1834 0 1.40539e-15 9.19679e-17
 1835 -3.55271e-15 1.40269e-15 9.19575e-17
 1836 -3.55271e-15 1.39999e-15 9.1947e-17
 1837 -3.55271e-15 1.3973e-15 9.19365e-17
 1838 0 1.39654e-15 9.18896e-17
 1839 0 1.39578e-15 9.18427e-17
 1840 -3.55271e-15 1.39309e-15 9.18322e-17
 1841 -3.55271e-15 1.3904e-15 9.18216e-17
 1842 -3.55271e-15 1.38772e-15 9.1811e-17
 1843 0 1.38697e-15 9.17642e-17
 1844 0 1.38621e-15 9.17175e-17
 1845 0 1.38546e-15 9.16709e-17
 1846 -3.55271e-15 1.38279e-15 9.16603e-17
 1847 -1.77636e-15 1.38108e-15 9.16266e-17
 1848 0 1.38033e-15 9.158e-17
 1849 7.10543e-15 1.38343e-15 9.15829e-17
 1850 7.10543e-15 1.38652e-15 9.15856e-17
 1851 7.10543e-15 1.38961e-15 9.15882e-17
 1852 0 1.38886e-15 9.15418e-17
 1853 -3.55271e-15 1.38619e-15 9.15313e-17
 1854 7.10543e-15 1.38928e-15 9.15339e-17
 1855 0 1.38853e-15 9.14876e-17
 1856 0 1.38778e-15 9.14413e-17
 1857 0 1.38703e-15 9.13951e-17
 1858 0 1.38628e-15 9.1349e-17
 1859 0 1.38554e-15 9.13029e-17
 1860 -3.55271e-15 1.38288e-15 9.12924e-17
 1861 0 1.38214e-15 9.12463e-17
 1862 7.10543e-15 1.38521e-15 9.12491e-17
 1863 7.10543e-15 1.38829e-15 9.12518e-17
 1864 7.10543e-15 1.39135e-15 9.12544e-17
 1865 7.10543e-15 1.39442e-15 9.12569e-17
 1866 0 1.39367e-15 9.1211e-17
 1867 0 1.39292e-15 9.11652e-17
 1868 7.10543e-15 1.39598e-15 9.11677e-17
 1869 7.10543e-15 1.39904e-15 9.11701e-17
 1870 7.10543e-15 1.40209e-15 9.11724e-17
 1871 7.10543e-15 1.40514e-15 9.11747e-17
 1872 0 1.40438e-15 9.1129e-17
 1873 0 1.40363e-15 9.10834e-17
 1874 0 1.40289e-15 9.10379e-17
 1875 0 1.40214e-15 9.09924e-17
 1876 7.10543e-15 1.40518e-15 9.09947e-17
 1877 0 1.40443e-15 9.09493e-17
 1878 -3.55271e-15 1.40179e-15 9.09392e-17
 1879 0 1.40104e-15 9.08938e-17
 1880 0 1.4003e-15 9.08485e-17
 1881 -3.55271e-15 1.39767e-15 9.08384e-17
 1882 -1.77636e-15 1.39598e-15 9.08058e-17
 1883 -3.55271e-15 1.39335e-15 9.07956e-17
 1884 7.10543e-15 1.39638e-15 9.0798e-17
 1885 7.10543e-15 1.39941e-15 9.08003e-17
 1886 0 1.39867e-15 9.07552e-17
 1887 0 1.39793e-15 9.07101e-17
 1888 0 1.39719e-15 9.06651e-17
 1889 0 1.39645e-15 9.06201e-17
 1890 0 1.39571e-15 9.05752e-17
 1891 0 1.39497e-15 9.05303e-17
 1892 0 1.39423e-15 9.04854e-17
 1893 0 1.3935e-15 9.04406e-17
 1894 0 1.39276e-15 9.03958e-17
 1895 0 1.39203e-15 9.03511e-17
 1896 0 1.39129e-15 9.03064e-17
 1897 7.10543e-15 1.3943e-15 9.0309e-17
 1898 7.10543e-15 1.39731e-15 9.03116e-17
 1899 0 1.39658e-15 9.0267e-17
 1900 0 1.39584e-15 9.02225e-17
 1901 0 1.39511e-15 9.0178e-17
 1902 0 1.39437e-15 9.01336e-17
 1903 0 1.39364e-15 9.00892e-17
 1904 0 1.39291e-15 9.00448e-17
 1905 7.10543e-15 1.39591e-15 9.00475e-17
 1906 7.10543e-15 1.3989e-15 9.00501e-17
 1907 -3.55271e-15 1.39631e-15 9.00403e-17
 1908 0 1.39558e-15 8.99961e-17
 1909 7.10543e-15 1.39857e-15 8.99986e-17
 1910 0 1.39783e-15 8.99545e-17
 1911 0 1.3971e-15 8.99104e-17
 1912 0 1.39637e-15 8.98663e-17
 1913 7.10543e-15 1.39936e-15 8.98689e-17
 1914 0 1.39863e-15 8.98249e-17
 1915 0 1.3979e-15 8.97809e-17
 1916 0 1.39717e-15 8.9737e-17
 1917 0 1.39644e-15 8.96932e-17
 1918 0 1.39571e-15 8.96493e-17
 1919 7.10543e-15 1.39868e-15 8.9652e-17
 1920 7.10543e-15 1.40166e-15 8.96546e-17
 1921 0 1.40093e-15 8.96109e-17
 1922 7.10543e-15 1.40389e-15 8.96134e-17
 1923 0 1.40316e-15 8.95698e-17
 1924 0 1.40244e-15 8.95262e-17
 1925 7.10543e-15 1.4054e-15 8.95287e-17
 1926 0 1.40467e-15 8.94851e-17
 1927 7.10543e-15 1.40763e-15 8.94876e-17
 1928 7.10543e-15 1.41058e-15 8.949e-17
 1929 0 1.40985e-15 8.94466e-17
 1930 -3.55271e-15 1.40728e-15 8.94372e-17
 1931 -3.55271e-15 1.40471e-15 8.94278e-17
 1932 -3.55271e-15 1.40215e-15 8.94183e-17
 1933 0 1.40142e-15 8.9375e-17
 1934 -3.55271e-15 1.39886e-15 8.93655e-17
 1935 -3.55271e-15 1.3963e-15 8.93559e-17
 1936 -3.55271e-15 1.39374e-15 8.93463e-17
 1937 0 1.39302e-15 8.93031e-17
 1938 0 1.3923e-15 8.92599e-17
 1939 -3.55271e-15 1.38975e-15 8.92503e-17
 1940 -3.55271e-15 1.38721e-15 8.92406e-17
 1941 0 1.38649e-15 8.91975e-17
 1942 0 1.38578e-15 8.91544e-17
 1943 -3.55271e-15 1.38324e-15 8.91448e-17
 1944 -3.55271e-15 1.3807e-15 8.91351e-17
 1945 0 1.37999e-15 8.90921e-17
 1946 0 1.37928e-15 8.90491e-17
 1947 -3.55271e-15 1.37674e-15 8.90394e-17
 1948 -1.77636e-15 1.37513e-15 8.90084e-17
 1949 0 1.37442e-15 8.89655e-17
 1950 0 1.37372e-15 8.89227e-17
 1951 -3.55271e-15 1.37119e-15 8.89129e-17
 1952 -3.55271e-15 1.36867e-15 8.89032e-17
 1953 -3.55271e-15 1.36615e-15 8.88934e-17
 1954 -3.55271e-15 1.36363e-15 8.88835e-17
 1955 -3.55271e-15 1.36112e-15 8.88736e-17
 1956 -3.55271e-15 1.3586e-15 8.88637e-17
 1957 0 1.35791e-15 8.8821e-17
 1958 0 1.35722e-15 8.87783e-17
 1959 7.10543e-15 1.36015e-15 8.87815e-17
 1960 7.10543e-15 1.36308e-15 8.87846e-17
 1961 0 1.36239e-15 8.8742e-17
 1962 0 1.36169e-15 8.86995e-17
 1963 0 1.361e-15 8.8657e-17
 1964 -3.55271e-15 1.3585e-15 8.86472e-17
 1965 -3.55271e-15 1.356e-15 8.86373e-17
 1966 -3.55271e-15 1.3535e-15 8.86274e-17
 1967 0 1.35281e-15 8.8585e-17
 1968 0 1.35213e-15 8.85426e-17
 1969 0 1.35144e-15 8.85003e-17
 1970 0 1.35075e-15 8.8458e-17
 1971 0 1.35007e-15 8.84158e-17
 1972 7.10543e-15 1.35299e-15 8.84191e-17
 1973 -3.55271e-15 1.3505e-15 8.84093e-17
 1974 -3.55271e-15 1.34802e-15 8.83994e-17
 1975 0 1.34733e-15 8.83572e-17
 1976 -1.77636e-15 1.34575e-15 8.83267e-17
 1977 0 1.34507e-15 8.82846e-17
 1978 -3.55271e-15 1.3426e-15 8.82747e-17
 1979 0 1.34192e-15 8.82327e-17
 1980 7.10543e-15 1.34483e-15 8.82361e-17
 1981 0 1.34415e-15 8.81942e-17
 1982 0 1.34347e-15 8.81523e-17
 1983 7.10543e-15 1.34638e-15 8.81557e-17
 1984 7.10543e-15 1.34928e-15 8.81591e-17
 1985 0 1.3486e-15 8.81173e-17
 1986 0 1.34792e-15 8.80755e-17
 1987 0 1.34724e-15 8.80338e-17
 1988 0 1.34656e-15 8.79921e-17
 1989 -3.55271e-15 1.3441e-15 8.79823e-17
 1990 -3.55271e-15 1.34164e-15 8.79725e-17
 1991 -3.55271e-15 1.33918e-15 8.79627e-17
 1992 -3.55271e-15 1.33673e-15 8.79528e-17
 1993 -3.55271e-15 1.33427e-15 8.79429e-17
 1994 0 1.3336e-15 8.79013e-17
 1995 0 1.33294e-15 8.78598e-17
 1996 -3.55271e-15 1.33049e-15 8.78499e-17
 1997 -3.55271e-15 1.32804e-15 8.78399e-17
 1998 0 1.32738e-15 8.77985e-17
 1999 0 1.32671e-15 8.7757e-17
 2000 0 1.32605e-15 8.77157e-17
