1.38249 0
1.38625 0.00376329
1.38436 0.00288016
1.38666 0.00307306
1.38688 0.00239056
1.3866 0.0019719
1.38709 0.0017364
1.38845 0.00202582
1.38779 0.00190535
1.38801 0.00171872
1.38815 0.0015608
1.38826 0.00142948
1.38811 0.00132338
1.38792 0.00124088
1.38823 0.00119658
1.38795 0.00115355
1.38837 0.00116075
1.38842 0.00109579
1.38881 0.00110753
1.38858 0.00107697
1.38828 0.00106671
1.38791 0.00108281
1.38796 0.00103586
1.38801 0.00099351
1.38769 0.00100819
1.38763 0.000970054
1.38776 0.000941638
1.38761 0.000918525
1.38771 0.000891847
1.38795 0.000892519
1.38779 0.000878072
1.38797 0.00087023
1.38798 0.000843454
1.38806 0.000822538
1.38806 0.000798709
1.38791 0.000792387
1.38796 0.000772471
1.38802 0.000754471
1.38794 0.000739265
1.38786 0.000724591
1.38782 0.000707916
1.38781 0.000690914
1.38781 0.000674656
1.38781 0.000659149
1.38777 0.000645825
1.38762 0.000649061
1.38741 0.000668032
1.38742 0.000654007
1.38748 0.000643279
1.38748 0.000630283
1.38736 0.000628708
1.38732 0.000617899
1.38734 0.0006063
1.38738 0.00059679
1.38746 0.000591289
1.38743 0.000581669
1.38752 0.000578084
1.38761 0.000575617
1.3876 0.000565837
1.38752 0.000562035
1.38764 0.000566265
1.38784 0.000589385
1.3877 0.000594969
1.38779 0.00059196
1.38763 0.000603626
1.38761 0.00059503
1.38765 0.000587851
1.38763 0.000579472
1.38763 0.000571012
1.38755 0.00056882
1.38748 0.000564715
1.38757 0.000563534
1.38772 0.000576532
1.38783 0.00057916
1.38787 0.000572628
1.38795 0.000570569
1.38789 0.000566358
1.3879 0.00055909
1.38791 0.00055211
1.38789 0.000545602
1.38784 0.000540698
1.38784 0.000534085
1.38789 0.000530719
1.38786 0.000525341
1.3879 0.000520853
1.3879 0.000514773
1.38786 0.000510131
1.388 0.000523525
1.38802 0.000517837
1.38803 0.000512271
1.38802 0.000506898
1.38805 0.000502629
1.38804 0.000497377
1.38811 0.000497636
1.3881 0.000492669
1.38808 0.000487861
1.38804 0.000484164
1.38803 0.00047929
1.38807 0.00047569
1.38804 0.000471597
