 1 10.8 10.8 0
 2 13.3333 12.0667 1.26667
 3 4.8 9.64444 2.53021
 4 0.533333 7.36667 2.89642
 5 0.533333 6 2.62704
 6 0 5 2.36662
 7 0.533333 4.3619 2.09948
 8 0.533333 3.88333 1.88013
 9 0.133333 3.46667 1.70967
 10 2.13333 3.33333 1.53497
 11 0.133333 3.04242 1.41859
 12 0.533333 2.83333 1.31176
 13 0.533333 2.65641 1.21954
 14 3.33333 2.70476 1.13011
 15 0.533333 2.56 1.06199
 16 2.13333 2.53333 0.993758
 17 4.8 2.66667 0.942948
 18 1.2 2.58519 0.892746
 19 2.13333 2.5614 0.844788
 20 8.53333 2.86 0.855254
 21 2.13333 2.8254 0.814245
 22 4.8 2.91515 0.781523
 23 10.8 3.25797 0.821701
 24 8.53333 3.47778 0.816848
 25 16.1333 3.984 0.932804
 26 8.53333 4.15897 0.91313
 27 10.8 4.40494 0.912437
 28 16.1333 4.82381 0.973923
 29 30 5.69195 1.27937
 30 26.1333 6.37333 1.41136
 31 22.5333 6.89462 1.46122
 32 19.2 7.27917 1.46615
 33 19.2 7.6404 1.46622
 34 22.5333 8.07843 1.48836
 35 16.1333 8.30857 1.46342
 36 19.2 8.61111 1.45401
 37 16.1333 8.81441 1.42871
 38 26.1333 9.27018 1.46338
 39 30 9.80171 1.52125
 40 38.5333 10.52 1.64755
 41 30 10.9951 1.67564
 42 30 11.4476 1.69671
 43 38.5333 12.0775 1.77248
 44 43.2 12.7848 1.87062
 45 43.2 13.4607 1.94949
 46 26.1333 13.7362 1.92644
 47 38.5333 14.2638 1.95745
 48 38.5333 14.7694 1.98182
 49 48.1333 15.4503 2.05692
 50 53.3333 16.208 2.15307
 51 53.3333 16.9359 2.23245
 52 58.8 17.741 2.33245
 53 58.8 18.5157 2.41561
 54 48.1333 19.0642 2.43308
 55 19.2 19.0667 2.38843
 56 3.33333 18.7857 2.36216
 57 0.533333 18.4655 2.34234
 58 0.133333 18.1494 2.3232
 59 0.133333 17.8441 2.30381
 60 0 17.5467 2.28453
 61 0.533333 17.2678 2.26401
 62 0.533333 16.9978 2.24349
 63 0.133333 16.7302 2.22377
 64 0.133333 16.4708 2.20405
 65 0.533333 16.2256 2.18369
 66 0.533333 15.9879 2.16345
 67 0.133333 15.7512 2.14402
 68 4.8 15.5902 2.11838
 69 8.53333 15.4879 2.08996
 70 10.8 15.421 2.06097
 71 10.8 15.3559 2.03278
 72 8.53333 15.2611 2.00659
 73 3.33333 15.0977 1.98564
 74 4.8 14.9586 1.96356
 75 0.533333 14.7662 1.94673
 76 2.13333 14.6 1.92812
 77 0.533333 14.4173 1.91167
 78 1.2 14.2479 1.89459
 79 0.133333 14.0692 1.87897
 80 1.2 13.9083 1.8623
 81 4.8 13.7959 1.84259
 82 4.8 13.6862 1.82329
 83 13.3333 13.6819 1.80119
 84 16.1333 13.7111 1.77986
 85 4.8 13.6063 1.76192
 86 4.8 13.5039 1.74432
 87 6.53333 13.4238 1.72601
 88 4.8 13.3258 1.7091
 89 3.33333 13.2135 1.69351
 90 0.533333 13.0726 1.6805
 91 0 12.9289 1.66813
 92 3.33333 12.8246 1.65319
 93 0.533333 12.6925 1.64065
 94 2.13333 12.5801 1.62699
 95 0.533333 12.4533 1.61476
 96 0.533333 12.3292 1.60267
 97 0.533333 12.2076 1.59071
 98 13.3333 12.219 1.57444
 99 16.1333 12.2586 1.55896
 100 19.2 12.328 1.54485
 101 13.3333 12.338 1.52951
 102 6.53333 12.281 1.51551
 103 6.53333 12.2252 1.50176
 104 4.8 12.1538 1.48896
 105 8.53333 12.1194 1.47512
 106 4.8 12.0503 1.46276
 107 10.8 12.0386 1.44908
 108 2.13333 11.9469 1.43852
 109 2.13333 11.8569 1.42811
 110 0.533333 11.7539 1.4188
 111 1.2 11.6589 1.40917
 112 0.533333 11.5595 1.40006
 113 10.8 11.5528 1.38763
 114 8.53333 11.5263 1.37566
 115 4.8 11.4678 1.3649
 116 6.53333 11.4253 1.35375
 117 4.8 11.3687 1.34333
 118 4.8 11.313 1.33306
 119 13.3333 11.33 1.32192
 120 22.5333 11.4233 1.31417
 121 8.53333 11.3994 1.30349
 122 4.8 11.3454 1.29389
 123 6.53333 11.3062 1.28392
 124 16.1333 11.3452 1.27412
 125 30 11.4944 1.27267
 126 19.2 11.5556 1.26401
 127 13.3333 11.5696 1.25409
 128 3.33333 11.5052 1.24592
 129 10.8 11.4997 1.23624
 130 13.3333 11.5138 1.22677
 131 10.8 11.5084 1.21738
 132 19.2 11.5667 1.20953
 133 8.53333 11.5439 1.20062
 134 10.8 11.5383 1.19164
 135 10.8 11.5328 1.18279
 136 6.53333 11.4961 1.17464
 137 1.2 11.4209 1.16845
 138 4.8 11.3729 1.16094
 139 6.53333 11.3381 1.15309
 140 2.13333 11.2724 1.14671
 141 1.2 11.2009 1.14078
 142 2.13333 11.1371 1.13452
 143 8.53333 11.1189 1.12671
 144 10.8 11.1167 1.11886
 145 8.53333 11.0989 1.11126
 146 2.13333 11.0374 1.10533
 147 3.33333 10.985 1.09903
 148 6.53333 10.955 1.09199
 149 16.1333 10.9897 1.0852
 150 10.8 10.9884 1.07794
 151 6.53333 10.9589 1.07118
 152 8.53333 10.943 1.06423
 153 2.13333 10.8854 1.05882
 154 4.8 10.8459 1.05266
 155 8.53333 10.831 1.04596
 156 8.53333 10.8162 1.03934
 157 3.33333 10.7686 1.03379
 158 1.2 10.708 1.02901
 159 0.533333 10.644 1.02452
 160 0.133333 10.5783 1.02021
 161 0 10.5126 1.01599
 162 3.33333 10.4683 1.01067
 163 3.33333 10.4245 1.0054
 164 1.2 10.3683 1.00083
 165 0.533333 10.3087 0.996533
 166 0.133333 10.2474 0.992406
 167 1.2 10.1932 0.987932
 168 0.533333 10.1357 0.983716
 169 1.2 10.0828 0.979306
 170 0.533333 10.0267 0.975148
 171 0 9.96803 0.9712
 172 0.533333 9.91318 0.967094
 173 0 9.85588 0.963193
 174 0.533333 9.8023 0.95914
 175 0.133333 9.74705 0.955242
 176 1.2 9.69848 0.95104
 177 0.133333 9.64444 0.947194
 178 0.133333 9.59101 0.943372
 179 0.533333 9.54041 0.939451
 180 0 9.48741 0.93572
 181 0 9.43499 0.932011
 182 0.133333 9.38388 0.928284
 183 0.133333 9.33333 0.92458
 184 0.533333 9.28551 0.920784
 185 1.2 9.2418 0.916836
 186 1.2 9.19857 0.912918
 187 1.2 9.15579 0.90903
 188 0.533333 9.10993 0.905344
 189 0.133333 9.06243 0.901792
 190 0.133333 9.01544 0.898264
 191 3.33333 8.98569 0.894044
 192 3.33333 8.95625 0.889862
 193 3.33333 8.92712 0.885719
 194 0.133333 8.88179 0.882306
 195 0.133333 8.83692 0.878916
 196 2.13333 8.80272 0.875089
 197 3.33333 8.77496 0.871078
 198 4.8 8.75488 0.8669
 199 6.53333 8.74372 0.862605
 200 4.8 8.724 0.858507
 201 10.8 8.73433 0.854288
 202 10.8 8.74455 0.85011
 203 3.33333 8.7179 0.846332
 204 4.8 8.69869 0.842392
 205 3.33333 8.67252 0.838681
 206 2.13333 8.64078 0.835203
 207 1.2 8.60483 0.831935
 208 2.13333 8.57372 0.82851
 209 8.53333 8.57352 0.824537
 210 6.53333 8.56381 0.820659
 211 10.8 8.57441 0.816829
 212 13.3333 8.59686 0.813276
 213 10.8 8.6072 0.809515
 214 6.53333 8.59751 0.805782
 215 10.8 8.60775 0.802091
 216 6.53333 8.59815 0.798427
 217 10.8 8.60829 0.794803
 218 8.53333 8.60795 0.791149
 219 10.8 8.61796 0.787592
 220 8.53333 8.61758 0.784004
 221 10.8 8.62745 0.780511
 222 8.53333 8.62703 0.776987
 223 10.8 8.63677 0.773556
 224 8.53333 8.63631 0.770095
 225 13.3333 8.65719 0.766949
 226 16.1333 8.69027 0.764264
 227 6.53333 8.68076 0.76095
 228 4.8 8.66374 0.757796
 229 6.53333 8.65444 0.754537
 230 4.8 8.63768 0.751436
 231 3.33333 8.61472 0.748528
 232 0.533333 8.57989 0.746108
 233 0.533333 8.54535 0.743702
 234 1.2 8.51396 0.741182
 235 6.53333 8.50553 0.738069
 236 8.53333 8.50565 0.734935
 237 4.8 8.49001 0.731994
 238 2.13333 8.46331 0.729401
 239 2.13333 8.43682 0.726826
 240 1.2 8.40667 0.724419
 241 1.2 8.37676 0.722026
 242 2.13333 8.35096 0.719499
 243 10.8 8.36104 0.716603
 244 8.53333 8.36175 0.71366
 245 4.8 8.34721 0.71089
 246 6.53333 8.33984 0.708033
 247 6.53333 8.33252 0.705198
 248 10.8 8.34247 0.70242
 249 16.1333 8.37376 0.700292
 250 3.33333 8.3536 0.697777
 251 1.2 8.3251 0.695575
 252 2.13333 8.30053 0.693245
 253 6.53333 8.29354 0.690535
 254 6.53333 8.28661 0.687846
 255 10.8 8.29647 0.685214
 256 16.1333 8.32708 0.683218
 257 10.8 8.33671 0.680623
 258 16.1333 8.36693 0.678653
 259 30 8.45045 0.681168
 260 26.1333 8.51846 0.681943
 261 19.2 8.55939 0.680557
 262 16.1333 8.5883 0.67857
 263 13.3333 8.60634 0.676226
 264 19.2 8.64646 0.674854
 265 16.1333 8.67472 0.672895
 266 13.3333 8.69223 0.67059
 267 16.1333 8.7201 0.668654
 268 19.2 8.7592 0.667302
 269 19.2 8.79802 0.665948
 270 30 8.87654 0.668108
 271 22.5333 8.92694 0.667543
 272 26.1333 8.9902 0.668086
 273 26.1333 9.05299 0.66859
 274 26.1333 9.11533 0.669055
 275 26.1333 9.17721 0.669484
 276 22.5333 9.2256 0.668807
 277 16.1333 9.25054 0.666855
 278 8.53333 9.24796 0.664457
 279 6.53333 9.23823 0.662142
 280 8.53333 9.23571 0.659778
 281 4.8 9.21993 0.657616
 282 2.13333 9.1948 0.655761
 283 3.33333 9.17409 0.653768
 284 0.533333 9.14366 0.652172
 285 3.33333 9.12327 0.650199
 286 19.2 9.15851 0.648879
 287 26.1333 9.21765 0.649314
 288 26.1333 9.27639 0.649716
 289 26.1333 9.33472 0.650086
 290 13.3333 9.34851 0.647987
 291 13.3333 9.3622 0.645901
 292 16.1333 9.38539 0.644103
 293 22.5333 9.43026 0.643468
 294 22.5333 9.47483 0.642822
 295 30 9.54441 0.644406
 296 16.1333 9.56667 0.642611
 297 13.3333 9.57935 0.64057
 298 3.33333 9.55839 0.63876
 299 8.53333 9.55496 0.63663
 300 1.2 9.52711 0.635115
 301 0.133333 9.4959 0.63377
 302 4.8 9.48035 0.63186
 303 1.2 9.45303 0.630363
 304 0.533333 9.42368 0.628971
 305 1.2 9.39672 0.627485
 306 0.533333 9.36776 0.626101
 307 0.533333 9.33898 0.624722
 308 0 9.30866 0.623428
 309 0.133333 9.27896 0.622116
 310 0.133333 9.24946 0.620808
 311 1.2 9.22358 0.619349
 312 1.2 9.19786 0.617896
 313 2.13333 9.17529 0.616332
 314 1.2 9.14989 0.614891
 315 3.33333 9.13143 0.613214
 316 4.8 9.11772 0.611424
 317 2.13333 9.09569 0.609891
 318 2.13333 9.07379 0.608364
 319 2.13333 9.05204 0.606844
 320 2.13333 9.03042 0.605331
 321 3.33333 9.01267 0.603703
 322 2.13333 8.9913 0.602204
 323 0.133333 8.96388 0.600963
 324 0.533333 8.93786 0.59967
 325 1.2 8.91405 0.598296
 326 3.33333 8.89693 0.596703
 327 3.33333 8.87992 0.595119
 328 8.53333 8.87886 0.593303
 329 6.53333 8.87173 0.59154
 330 10.8 8.87758 0.589773
 331 13.3333 8.89104 0.588143
 332 30 8.95462 0.589806
 333 26.1333 9.00621 0.590291
 334 16.1333 9.02754 0.588907
 335 10.8 9.03284 0.587171
 336 16.1333 9.05397 0.585802
 337 19.2 9.08408 0.584836
 338 22.5333 9.12387 0.58446
 339 38.5333 9.21062 0.589155
 340 38.5333 9.29686 0.593717
 341 26.1333 9.34624 0.594029
 342 34.1333 9.41871 0.596707
 343 48.1333 9.53158 0.605577
 344 70.5333 9.70891 0.629315
 345 70.5333 9.88522 0.651785
 346 83.3333 10.0975 0.683689
 347 83.3333 10.3085 0.713639
 348 83.3333 10.5184 0.74188
 349 83.3333 10.727 0.768611
 350 83.3333 10.9345 0.793991
 351 83.3333 11.1407 0.818153
 352 83.3333 11.3458 0.84121
 353 83.3333 11.5498 0.863257
 354 83.3333 11.7525 0.884376
 355 83.3333 11.9542 0.904639
 356 83.3333 12.1547 0.924108
 357 83.3333 12.3541 0.942838
 358 83.3333 12.5523 0.960878
 359 83.3333 12.7495 0.978272
 360 83.3333 12.9456 0.995058
 361 83.3333 13.1405 1.01127
 362 83.3333 13.3344 1.02695
 363 83.3333 13.5273 1.04211
 364 83.3333 13.719 1.05679
 365 83.3333 13.9098 1.07101
 366 83.3333 14.0995 1.08479
 367 83.3333 14.2881 1.09816
 368 83.3333 14.4757 1.11112
 369 83.3333 14.6623 1.12371
 370 83.3333 14.8479 1.13593
 371 83.3333 15.0325 1.14781
 372 83.3333 15.2161 1.15935
 373 76.8 15.3812 1.16797
 374 64.5333 15.5127 1.17223
 375 76.8 15.6761 1.18047
 376 70.5333 15.822 1.18633
 377 64.5333 15.9512 1.19021
 378 53.3333 16.0501 1.19117
 379 70.5333 16.1938 1.19669
 380 76.8 16.3533 1.20415
 381 64.5333 16.4798 1.20762
 382 76.8 16.6377 1.21476
 383 83.3333 16.8118 1.22404
 384 83.3333 16.9851 1.23308
 385 83.3333 17.1574 1.24188
 386 83.3333 17.3288 1.25047
 387 83.3333 17.4994 1.25884
 388 83.3333 17.6691 1.26701
 389 83.3333 17.8379 1.27497
 390 83.3333 18.0058 1.28274
 391 83.3333 18.1729 1.29031
 392 83.3333 18.3391 1.29771
 393 83.3333 18.5045 1.30492
 394 83.3333 18.669 1.31197
 395 83.3333 18.8327 1.31884
 396 83.3333 18.9956 1.32555
 397 83.3333 19.1577 1.3321
 398 83.3333 19.3189 1.3385
 399 53.3333 19.4042 1.33786
 400 70.5333 19.532 1.34062
 401 83.3333 19.6911 1.3467
 402 83.3333 19.8494 1.35265
 403 83.3333 20.0069 1.35845
 404 83.3333 20.1637 1.36412
 405 83.3333 20.3197 1.36966
 406 83.3333 20.4749 1.37507
 407 83.3333 20.6293 1.38035
 408 83.3333 20.783 1.38551
 409 83.3333 20.9359 1.39056
 410 83.3333 21.0881 1.39548
 411 83.3333 21.2396 1.4003
 412 83.3333 21.3903 1.405
 413 83.3333 21.5403 1.4096
 414 83.3333 21.6895 1.41409
 415 83.3333 21.8381 1.41848
 416 83.3333 21.9859 1.42276
 417 83.3333 22.133 1.42695
 418 83.3333 22.2794 1.43104
 419 83.3333 22.4251 1.43504
 420 76.8 22.5546 1.43746
 421 83.3333 22.699 1.44129
 422 83.3333 22.8427 1.44503
 423 83.3333 22.9857 1.44869
 424 83.3333 23.128 1.45226
 425 83.3333 23.2696 1.45575
 426 83.3333 23.4106 1.45915
 427 83.3333 23.551 1.46248
 428 83.3333 23.6907 1.46573
 429 83.3333 23.8297 1.4689
 430 83.3333 23.9681 1.472
 431 83.3333 24.1058 1.47503
 432 83.3333 24.2429 1.47798
 433 83.3333 24.3794 1.48087
 434 83.3333 24.5152 1.48368
 435 83.3333 24.6504 1.48643
 436 83.3333 24.785 1.48911
 437 83.3333 24.919 1.49173
 438 83.3333 25.0524 1.49428
 439 83.3333 25.1851 1.49677
 440 83.3333 25.3173 1.4992
 441 83.3333 25.4488 1.50158
 442 83.3333 25.5798 1.50389
 443 83.3333 25.7102 1.50614
 444 83.3333 25.8399 1.50834
 445 83.3333 25.9691 1.51048
 446 83.3333 26.0978 1.51257
 447 83.3333 26.2258 1.5146
 448 83.3333 26.3533 1.51659
 449 83.3333 26.4802 1.51852
 450 83.3333 26.6065 1.5204
 451 83.3333 26.7323 1.52223
 452 83.3333 26.8575 1.52401
 453 83.3333 26.9822 1.52574
 454 83.3333 27.1063 1.52743
 455 83.3333 27.2299 1.52907
 456 83.3333 27.3529 1.53067
 457 83.3333 27.4754 1.53222
 458 83.3333 27.5974 1.53373
 459 83.3333 27.7188 1.53519
 460 83.3333 27.8397 1.53661
 461 83.3333 27.9601 1.53799
 462 70.5333 28.0522 1.53743
 463 64.5333 28.131 1.53612
 464 70.5333 28.2224 1.53553
 465 76.8 28.3269 1.53578
 466 76.8 28.4309 1.53601
 467 70.5333 28.5211 1.53537
 468 76.8 28.6242 1.53555
 469 83.3333 28.7409 1.53671
 470 83.3333 28.857 1.53783
 471 83.3333 28.9727 1.53891
 472 83.3333 29.0879 1.53996
 473 83.3333 29.2025 1.54098
 474 83.3333 29.3167 1.54196
 475 83.3333 29.4305 1.5429
 476 83.3333 29.5437 1.54382
 477 83.3333 29.6565 1.5447
 478 83.3333 29.7688 1.54555
 479 83.3333 29.8806 1.54637
 480 83.3333 29.9919 1.54715
 481 83.3333 30.1028 1.54791
 482 83.3333 30.2133 1.54864
 483 83.3333 30.3233 1.54934
 484 83.3333 30.4328 1.55001
 485 83.3333 30.5419 1.55065
 486 83.3333 30.6505 1.55126
 487 83.3333 30.7587 1.55185
 488 70.5333 30.8402 1.55081
 489 58.8 30.8973 1.54869
 490 76.8 30.991 1.54836
 491 70.5333 31.0716 1.54731
 492 43.2 31.0962 1.54435
 493 38.5333 31.1113 1.54129
 494 43.2 31.1358 1.53836
 495 53.3333 31.1806 1.53591
 496 43.2 31.2048 1.533
 497 48.1333 31.2389 1.53029
 498 64.5333 31.3058 1.52868
 499 70.5333 31.3844 1.52763
 500 58.8 31.4392 1.52556
 501 26.1333 31.4286 1.52255
 502 22.5333 31.4109 1.51962
 503 22.5333 31.3932 1.5167
 504 19.2 31.369 1.51388
 505 26.1333 31.3587 1.51091
 506 22.5333 31.3412 1.50802
 507 10.8 31.3007 1.50559
 508 6.53333 31.252 1.50342
 509 8.53333 31.2073 1.50112
 510 13.3333 31.1723 1.49859
 511 6.53333 31.1241 1.49643
 512 2.13333 31.0674 1.49458
 513 2.13333 31.011 1.49273
 514 2.13333 30.9549 1.49088
 515 1.2 30.8971 1.4891
 516 0.133333 30.8375 1.48741
 517 1.2 30.7801 1.48563
 518 0.133333 30.721 1.48394
 519 2.13333 30.6659 1.48211
 520 0.533333 30.6079 1.48039
 521 2.13333 30.5533 1.47855
 522 0.133333 30.495 1.47687
 523 1.2 30.439 1.47511
 524 2.13333 30.385 1.47328
 525 3.33333 30.3335 1.47137
 526 2.13333 30.2798 1.46955
 527 1.2 30.2247 1.4678
 528 0.133333 30.1677 1.46612
 529 2.13333 30.1147 1.46431
 530 4.8 30.0669 1.46232
 531 3.33333 30.0166 1.46043
 532 4.8 29.9692 1.45846
 533 10.8 29.9332 1.45616
 534 19.2 29.9131 1.45357
 535 22.5333 29.8993 1.45092
 536 16.1333 29.8736 1.44844
 537 19.2 29.8538 1.44587
 538 30 29.854 1.44318
 539 26.1333 29.8471 1.44052
 540 34.1333 29.8551 1.43787
 541 48.1333 29.8888 1.43561
 542 48.1333 29.9225 1.43335
 543 58.8 29.9757 1.4317
 544 83.3333 30.0738 1.43243
 545 83.3333 30.1715 1.43313
 546 83.3333 30.2689 1.43381
 547 83.3333 30.3659 1.43447
 548 83.3333 30.4625 1.43511
 549 83.3333 30.5588 1.43573
 550 83.3333 30.6548 1.43633
 551 83.3333 30.7504 1.4369
 552 83.3333 30.8457 1.43746
 553 83.3333 30.9406 1.43799
 554 83.3333 31.0351 1.4385
 555 83.3333 31.1294 1.439
 556 83.3333 31.2233 1.43947
 557 83.3333 31.3168 1.43993
 558 83.3333 31.41 1.44037
 559 83.3333 31.5029 1.44078
 560 83.3333 31.5955 1.44118
 561 83.3333 31.6877 1.44157
 562 83.3333 31.7796 1.44193
 563 83.3333 31.8712 1.44228
 564 83.3333 31.9624 1.4426
 565 83.3333 32.0533 1.44292
 566 83.3333 32.1439 1.44321
 567 83.3333 32.2342 1.44349
 568 83.3333 32.3242 1.44375
 569 64.5333 32.3808 1.44232
 570 70.5333 32.4477 1.44135
 571 76.8 32.5254 1.44091
 572 83.3333 32.6142 1.44113
 573 83.3333 32.7027 1.44134
 574 83.3333 32.7909 1.44152
 575 83.3333 32.8788 1.4417
 576 83.3333 32.9664 1.44186
 577 83.3333 33.0537 1.442
 578 83.3333 33.1407 1.44213
 579 83.3333 33.2274 1.44224
 580 83.3333 33.3138 1.44234
 581 83.3333 33.3999 1.44243
 582 83.3333 33.4857 1.4425
 583 83.3333 33.5712 1.44256
 584 83.3333 33.6564 1.44261
 585 83.3333 33.7413 1.44264
 586 83.3333 33.8259 1.44266
 587 83.3333 33.9103 1.44267
 588 83.3333 33.9943 1.44267
 589 83.3333 34.0781 1.44265
 590 83.3333 34.1616 1.44262
 591 83.3333 34.2448 1.44258
 592 83.3333 34.3277 1.44252
 593 83.3333 34.4103 1.44246
 594 83.3333 34.4927 1.44238
 595 83.3333 34.5748 1.44229
 596 83.3333 34.6566 1.44219
 597 83.3333 34.7381 1.44208
 598 83.3333 34.8194 1.44196
 599 83.3333 34.9004 1.44183
 600 83.3333 34.9811 1.44168
 601 83.3333 35.0616 1.44153
 602 83.3333 35.1417 1.44137
 603 83.3333 35.2217 1.44119
 604 83.3333 35.3013 1.44101
 605 83.3333 35.3807 1.44081
 606 83.3333 35.4598 1.44061
 607 83.3333 35.5387 1.44039
 608 83.3333 35.6173 1.44017
 609 83.3333 35.6957 1.43993
 610 83.3333 35.7738 1.43969
 611 83.3333 35.8516 1.43944
 612 83.3333 35.9292 1.43918
 613 83.3333 36.0065 1.43891
 614 83.3333 36.0836 1.43863
 615 83.3333 36.1604 1.43834
 616 83.3333 36.237 1.43805
 617 83.3333 36.3133 1.43774
 618 83.3333 36.3894 1.43743
 619 83.3333 36.4653 1.43711
 620 83.3333 36.5409 1.43678
 621 83.3333 36.6162 1.43644
 622 83.3333 36.6913 1.43609
 623 83.3333 36.7662 1.43574
 624 83.3333 36.8408 1.43538
 625 83.3333 36.9152 1.43501
 626 83.3333 36.9894 1.43463
 627 83.3333 37.0633 1.43425
 628 83.3333 37.1369 1.43386
 629 83.3333 37.2104 1.43346
 630 83.3333 37.2836 1.43305
 631 76.8 37.3462 1.43215
 632 83.3333 37.419 1.43173
 633 83.3333 37.4915 1.43131
 634 83.3333 37.5638 1.43087
 635 83.3333 37.6359 1.43044
 636 83.3333 37.7078 1.42999
 637 83.3333 37.7794 1.42954
 638 83.3333 37.8508 1.42908
 639 83.3333 37.922 1.42862
 640 83.3333 37.9929 1.42815
 641 83.3333 38.0637 1.42767
 642 83.3333 38.1342 1.42719
 643 83.3333 38.2045 1.4267
 644 83.3333 38.2745 1.42621
 645 83.3333 38.3444 1.42571
 646 83.3333 38.414 1.4252
 647 83.3333 38.4835 1.42469
 648 83.3333 38.5527 1.42417
 649 83.3333 38.6217 1.42365
 650 83.3333 38.6905 1.42312
 651 83.3333 38.759 1.42259
 652 76.8 38.8174 1.4216
 653 76.8 38.8755 1.42061
 654 76.8 38.9335 1.41962
 655 70.5333 38.9818 1.41828
 656 76.8 39.0394 1.41728
 657 83.3333 39.1068 1.41673
 658 83.3333 39.1741 1.41617
 659 83.3333 39.2411 1.41561
 660 83.3333 39.3079 1.41504
 661 83.3333 39.3745 1.41447
 662 83.3333 39.4409 1.41389
 663 83.3333 39.5071 1.41331
 664 83.3333 39.5731 1.41272
 665 83.3333 39.6389 1.41213
 666 83.3333 39.7045 1.41153
 667 83.3333 39.7699 1.41093
 668 83.3333 39.8351 1.41032
 669 83.3333 39.9001 1.40971
 670 83.3333 39.965 1.4091
 671 83.3333 40.0296 1.40848
 672 83.3333 40.094 1.40786
 673 64.5333 40.1304 1.40624
 674 83.3333 40.1945 1.40561
 675 83.3333 40.2584 1.40498
 676 83.3333 40.3221 1.40435
 677 83.3333 40.3856 1.40371
 678 83.3333 40.449 1.40307
 679 83.3333 40.5121 1.40242
 680 83.3333 40.5751 1.40178
 681 83.3333 40.6379 1.40112
 682 83.3333 40.7005 1.40047
 683 83.3333 40.7629 1.39981
 684 83.3333 40.8251 1.39914
 685 83.3333 40.8872 1.39848
 686 76.8 40.9396 1.39742
 687 83.3333 41.0013 1.39675
 688 83.3333 41.0628 1.39607
 689 83.3333 41.1241 1.39539
 690 83.3333 41.1853 1.39471
 691 83.3333 41.2463 1.39403
 692 83.3333 41.3071 1.39334
 693 83.3333 41.3678 1.39265
 694 83.3333 41.4282 1.39195
 695 83.3333 41.4885 1.39126
 696 83.3333 41.5487 1.39056
 697 83.3333 41.6086 1.38985
 698 83.3333 41.6684 1.38915
 699 70.5333 41.7097 1.38777
 700 76.8 41.7598 1.3867
 701 76.8 41.8098 1.38562
 702 83.3333 41.8689 1.38491
 703 83.3333 41.9279 1.38419
 704 83.3333 41.9867 1.38348
 705 83.3333 42.0454 1.38276
 706 83.3333 42.1039 1.38203
 707 83.3333 42.1622 1.38131
 708 83.3333 42.2203 1.38058
 709 83.3333 42.2783 1.37985
 710 83.3333 42.3362 1.37912
 711 83.3333 42.3938 1.37839
 712 83.3333 42.4513 1.37765
 713 76.8 42.4995 1.37656
 714 83.3333 42.5567 1.37582
 715 83.3333 42.6137 1.37508
 716 83.3333 42.6706 1.37433
 717 83.3333 42.7273 1.37359
 718 83.3333 42.7838 1.37284
 719 83.3333 42.8402 1.37209
 720 83.3333 42.8965 1.37133
 721 83.3333 42.9526 1.37058
 722 83.3333 43.0085 1.36982
 723 83.3333 43.0643 1.36906
 724 83.3333 43.1199 1.3683
 725 83.3333 43.1754 1.36754
 726 83.3333 43.2307 1.36677
 727 83.3333 43.2858 1.366
 728 83.3333 43.3408 1.36523
 729 83.3333 43.3957 1.36446
 730 83.3333 43.4504 1.36369
 731 83.3333 43.505 1.36292
 732 83.3333 43.5594 1.36214
 733 83.3333 43.6136 1.36136
 734 83.3333 43.6678 1.36058
 735 83.3333 43.7217 1.3598
 736 83.3333 43.7755 1.35902
 737 83.3333 43.8292 1.35824
 738 83.3333 43.8827 1.35745
 739 83.3333 43.9361 1.35666
 740 83.3333 43.9894 1.35587
 741 70.5333 44.0252 1.35452
 742 64.5333 44.0528 1.35297
 743 64.5333 44.0804 1.35143
 744 70.5333 44.1159 1.35008
 745 53.3333 44.1283 1.34832
 746 48.1333 44.1337 1.34653
 747 38.5333 44.1262 1.34474
 748 38.5333 44.1187 1.34297
 749 22.5333 44.0899 1.34148
 750 22.5333 44.0612 1.34
 751 22.5333 44.0325 1.33852
 752 30 44.0138 1.33687
 753 22.5333 43.9853 1.3354
 754 16.1333 43.9484 1.33414
 755 19.2 43.9156 1.33277
 756 16.1333 43.8788 1.33152
 757 10.8 43.8351 1.33047
 758 19.2 43.8026 1.32911
 759 19.2 43.7702 1.32776
 760 16.1333 43.7339 1.32651
 761 19.2 43.7016 1.32516
 762 26.1333 43.6786 1.32362
 763 26.1333 43.6556 1.32208
 764 34.1333 43.6431 1.32041
 765 13.3333 43.6035 1.31928
 766 6.53333 43.5551 1.31844
 767 16.1333 43.5193 1.31721
 768 22.5333 43.492 1.31577
 769 22.5333 43.4648 1.31434
 770 22.5333 43.4376 1.31292
 771 19.2 43.4061 1.31159
 772 19.2 43.3748 1.31026
 773 19.2 43.3435 1.30894
 774 16.1333 43.3084 1.30772
 775 19.2 43.2772 1.3064
 776 22.5333 43.2505 1.30499
 777 22.5333 43.2239 1.30359
 778 22.5333 43.1973 1.30218
 779 30 43.1803 1.30062
 780 22.5333 43.1538 1.29922
 781 10.8 43.1124 1.29822
 782 8.53333 43.0682 1.29731
 783 6.53333 43.0215 1.29649
 784 16.1333 42.9872 1.29529
 785 10.8 42.9462 1.29429
 786 4.8 42.8977 1.29355
 787 8.53333 42.854 1.29265
 788 6.53333 42.808 1.29183
 789 2.13333 42.7564 1.29122
 790 0.533333 42.703 1.29069
 791 0.133333 42.6491 1.29018
 792 1.2 42.5968 1.28961
 793 2.13333 42.5458 1.28899
 794 3.33333 42.4964 1.28832
 795 2.13333 42.4456 1.2877
 796 2.13333 42.395 1.28707
 797 8.53333 42.3525 1.28616
 798 10.8 42.3129 1.28516
 799 10.8 42.2735 1.28415
 800 13.3333 42.2373 1.28306
 801 10.8 42.1981 1.28205
 802 8.53333 42.1561 1.28114
 803 4.8 42.1096 1.28039
 804 13.3333 42.0738 1.2793
 805 13.3333 42.0381 1.27821
 806 10.8 41.9993 1.27721
 807 8.53333 41.9579 1.2763
 808 6.53333 41.914 1.27547
 809 0.533333 41.8629 1.27492
 810 2.13333 41.8138 1.27429
 811 8.53333 41.7728 1.27338
 812 16.1333 41.7412 1.2722
 813 16.1333 41.7097 1.27103
 814 8.53333 41.669 1.27012
 815 8.53333 41.6283 1.26921
 816 10.8 41.5905 1.26822
 817 13.3333 41.5559 1.26714
 818 16.1333 41.5249 1.26597
 819 19.2 41.4976 1.26471
 820 26.1333 41.4789 1.26331
 821 38.5333 41.4753 1.26178
 822 38.5333 41.4717 1.26025
 823 64.5333 41.4997 1.25902
 824 76.8 41.5426 1.25823
 825 83.3333 41.5932 1.25772
 826 76.8 41.6358 1.25692
 827 70.5333 41.6708 1.25588
 828 83.3333 41.7211 1.25538
 829 83.3333 41.7713 1.25486
 830 83.3333 41.8214 1.25435
 831 83.3333 41.8713 1.25384
 832 83.3333 41.9212 1.25332
 833 83.3333 41.9709 1.2528
 834 83.3333 42.0205 1.25228
 835 83.3333 42.0699 1.25176
 836 83.3333 42.1193 1.25123
 837 83.3333 42.1685 1.25071
 838 83.3333 42.2177 1.25018
 839 83.3333 42.2667 1.24965
 840 83.3333 42.3156 1.24912
 841 76.8 42.3566 1.24831
 842 83.3333 42.4052 1.24777
 843 83.3333 42.4538 1.24724
 844 83.3333 42.5022 1.2467
 845 83.3333 42.5505 1.24616
 846 83.3333 42.5987 1.24562
 847 83.3333 42.6468 1.24508
 848 83.3333 42.6948 1.24453
 849 83.3333 42.7427 1.24399
 850 83.3333 42.7904 1.24344
 851 83.3333 42.8381 1.24289
 852 83.3333 42.8856 1.24234
 853 83.3333 42.933 1.24179
 854 83.3333 42.9803 1.24124
 855 83.3333 43.0275 1.24068
 856 83.3333 43.0746 1.24013
 857 83.3333 43.1216 1.23957
 858 83.3333 43.1685 1.23901
 859 83.3333 43.2152 1.23845
 860 70.5333 43.247 1.23742
 861 58.8 43.265 1.23611
 862 64.5333 43.2897 1.23492
 863 83.3333 43.3361 1.23436
 864 83.3333 43.3824 1.2338
 865 83.3333 43.4286 1.23324
 866 83.3333 43.4747 1.23268
 867 83.3333 43.5206 1.23211
 868 76.8 43.559 1.23129
 869 83.3333 43.6048 1.23072
 870 83.3333 43.6504 1.23016
 871 83.3333 43.696 1.22959
 872 83.3333 43.7414 1.22902
 873 83.3333 43.7868 1.22845
 874 83.3333 43.832 1.22787
 875 83.3333 43.8772 1.2273
 876 83.3333 43.9222 1.22672
 877 83.3333 43.9672 1.22615
 878 83.3333 44.012 1.22557
 879 83.3333 44.0567 1.22499
 880 70.5333 44.0868 1.22397
 881 83.3333 44.1314 1.22339
 882 83.3333 44.1758 1.22281
 883 83.3333 44.2202 1.22223
 884 83.3333 44.2644 1.22165
 885 83.3333 44.3085 1.22107
 886 83.3333 44.3526 1.22048
 887 83.3333 44.3965 1.2199
 888 83.3333 44.4404 1.21931
 889 64.5333 44.463 1.21815
 890 48.1333 44.4671 1.21679
 891 58.8 44.4832 1.21553
 892 43.2 44.4818 1.21416
 893 30 44.4655 1.21291
 894 22.5333 44.441 1.2118
 895 43.2 44.4396 1.21045
 896 48.1333 44.4437 1.2091
 897 58.8 44.4598 1.20786
 898 38.5333 44.4532 1.20653
 899 43.2 44.4518 1.20519
 900 48.1333 44.4559 1.20386
 901 48.1333 44.4599 1.20253
 902 43.2 44.4585 1.2012
 903 38.5333 44.452 1.19988
 904 30 44.436 1.19866
 905 26.1333 44.4158 1.19751
 906 26.1333 44.3956 1.19636
 907 38.5333 44.3891 1.19505
 908 48.1333 44.3932 1.19374
 909 53.3333 44.4031 1.19247
 910 58.8 44.4189 1.19126
 911 70.5333 44.4476 1.1903
 912 64.5333 44.4696 1.1892
 913 53.3333 44.4793 1.18794
 914 53.3333 44.489 1.18667
 915 43.2 44.4876 1.18538
 916 34.1333 44.4763 1.18414
 917 48.1333 44.4803 1.18285
 918 48.1333 44.4842 1.18157
 919 38.5333 44.4778 1.1803
 920 26.1333 44.4578 1.17919
 921 30 44.4421 1.17801
 922 16.1333 44.4114 1.17713
 923 6.53333 44.3704 1.17657
 924 13.3333 44.3368 1.17578
 925 13.3333 44.3033 1.17498
 926 8.53333 44.2647 1.17435
 927 10.8 44.2286 1.17364
 928 10.8 44.1925 1.17292
 929 1.2 44.1463 1.17258
 930 1.2 44.1001 1.17222
 931 0.133333 44.0528 1.17192
 932 0.533333 44.0062 1.17159
 933 0.533333 43.9596 1.17126
 934 0 43.9125 1.17095
 935 0.533333 43.8661 1.17062
 936 4.8 43.8244 1.17011
 937 0.533333 43.7782 1.16977
 938 0.533333 43.7321 1.16944
 939 6.53333 43.6924 1.16886
 940 13.3333 43.6601 1.16806
 941 26.1333 43.6415 1.16697
 942 26.1333 43.6229 1.16588
 943 30 43.6085 1.16473
 944 26.1333 43.59 1.16364
 945 22.5333 43.5677 1.16263
 946 16.1333 43.5387 1.16176
 947 8.53333 43.5017 1.16112
 948 8.53333 43.4648 1.16048
 949 2.13333 43.4213 1.16007
 950 2.13333 43.3778 1.15967
 951 8.53333 43.3412 1.15903
 952 6.53333 43.3025 1.15845
 953 4.8 43.2621 1.15794
 954 1.2 43.218 1.15757
 955 2.13333 43.175 1.15716
 956 1.2 43.1311 1.15678
 957 0.533333 43.0866 1.15643
 958 0 43.0416 1.15609
 959 2.13333 42.999 1.15567
 960 0.533333 42.9547 1.15532
 961 0.133333 42.9102 1.15497
 962 2.13333 42.8678 1.15455
 963 3.33333 42.8267 1.15408
 964 2.13333 42.7845 1.15366
 965 2.13333 42.7424 1.15323
 966 8.53333 42.707 1.15258
 967 8.53333 42.6716 1.15193
 968 6.53333 42.6343 1.15134
 969 8.53333 42.5991 1.15069
 970 19.2 42.575 1.14976
 971 22.5333 42.5543 1.14876
 972 13.3333 42.5243 1.14797
 973 13.3333 42.4943 1.14718
 974 10.8 42.4617 1.14647
 975 8.53333 42.4269 1.14582
 976 3.33333 42.3869 1.14535
 977 6.53333 42.3502 1.14476
 978 3.33333 42.3103 1.14429
 979 1.2 42.2683 1.14389
 980 3.33333 42.2286 1.14341
 981 2.13333 42.1877 1.14297
 982 0.533333 42.1453 1.1426
 983 0.533333 42.103 1.14222
 984 0.533333 42.0607 1.14184
 985 0 42.018 1.14148
 986 1.2 41.9766 1.14107
 987 0.133333 41.9342 1.1407
 988 0.533333 41.8923 1.14032
 989 0 41.8499 1.13995
 990 0.133333 41.8078 1.13958
 991 0.533333 41.7662 1.13919
 992 0.133333 41.7242 1.13882
 993 0.133333 41.6823 1.13844
 994 0.133333 41.6405 1.13806
 995 0.133333 41.5988 1.13768
 996 2.13333 41.5592 1.13723
 997 2.13333 41.5196 1.13678
 998 1.2 41.4792 1.13635
 999 1.2 41.4389 1.13593
 1000 0.533333 41.398 1.13553
 1001 4.8 41.3614 1.13499
 1002 4.8 41.325 1.13444
 1003 0.133333 41.2839 1.13405
 1004 0.133333 41.2429 1.13366
 1005 0.133333 41.202 1.13327
 1006 0.133333 41.1612 1.13288
 1007 0 41.1203 1.13249
 1008 1.2 41.0807 1.13206
 1009 1.2 41.0412 1.13163
 1010 2.13333 41.0026 1.13117
 1011 0.133333 40.9622 1.13077
 1012 0.133333 40.9219 1.13037
 1013 1.2 40.8827 1.12994
 1014 1.2 40.8435 1.1295
 1015 3.33333 40.8066 1.12899
 1016 4.8 40.7711 1.12844
 1017 8.53333 40.7394 1.12777
 1018 4.8 40.7041 1.12722
 1019 0.533333 40.6647 1.1268
 1020 2.13333 40.6269 1.12633
 1021 3.33333 40.5904 1.12582
 1022 3.33333 40.5539 1.12531
 1023 4.8 40.519 1.12475
 1024 4.8 40.4841 1.12419
 1025 13.3333 40.4576 1.12341
 1026 13.3333 40.4312 1.12262
 1027 10.8 40.4023 1.1219
 1028 10.8 40.3735 1.12118
 1029 13.3333 40.3473 1.12039
 1030 13.3333 40.321 1.11961
 1031 13.3333 40.2949 1.11883
 1032 13.3333 40.2687 1.11805
 1033 16.1333 40.2454 1.11722
 1034 13.3333 40.2193 1.11644
 1035 13.3333 40.1934 1.11566
 1036 13.3333 40.1674 1.11489
 1037 6.53333 40.135 1.11428
 1038 10.8 40.1067 1.11357
 1039 3.33333 40.0714 1.11306
 1040 3.33333 40.036 1.11255
 1041 2.13333 39.9996 1.11207
 1042 1.2 39.9624 1.11163
 1043 0 39.9241 1.11122
 1044 0 39.8858 1.11082
 1045 0.533333 39.8482 1.11039
 1046 0 39.8101 1.10999
 1047 0 39.772 1.10958
 1048 0.133333 39.7342 1.10916
 1049 0.133333 39.6965 1.10875
 1050 1.2 39.6598 1.1083
 1051 6.53333 39.6283 1.10769
 1052 10.8 39.6009 1.10698
 1053 16.1333 39.5786 1.10615
 1054 13.3333 39.5537 1.10538
 1055 6.53333 39.5224 1.10478
 1056 8.53333 39.4931 1.10412
 1057 10.8 39.4659 1.10341
 1058 10.8 39.4388 1.1027
 1059 10.8 39.4118 1.10199
 1060 10.8 39.3848 1.10128
 1061 10.8 39.3578 1.10057
 1062 10.8 39.3309 1.09986
 1063 16.1333 39.3091 1.09904
 1064 19.2 39.2902 1.09817
 1065 10.8 39.2635 1.09747
 1066 4.8 39.2311 1.09691
 1067 4.8 39.1989 1.09636
 1068 3.33333 39.1653 1.09585
 1069 3.33333 39.1318 1.09533
 1070 6.53333 39.1013 1.09473
 1071 8.53333 39.0728 1.09408
 1072 8.53333 39.0443 1.09343
 1073 10.8 39.018 1.09273
 1074 13.3333 38.994 1.09198
 1075 6.53333 38.9638 1.09138
 1076 6.53333 38.9337 1.09078
 1077 6.53333 38.9036 1.09018
 1078 16.1333 38.8825 1.08937
 1079 16.1333 38.8614 1.08857
 1080 19.2 38.8432 1.08771
 1081 16.1333 38.8222 1.08691
 1082 8.53333 38.7942 1.08626
 1083 8.53333 38.7663 1.08562
 1084 10.8 38.7405 1.08492
 1085 13.3333 38.7171 1.08418
 1086 8.53333 38.6893 1.08354
 1087 3.33333 38.6567 1.08303
 1088 1.2 38.6223 1.08258
 1089 2.13333 38.5888 1.0821
 1090 8.53333 38.5612 1.08146
 1091 8.53333 38.5337 1.08082
 1092 19.2 38.516 1.07997
 1093 19.2 38.4983 1.07913
 1094 19.2 38.4807 1.07829
 1095 19.2 38.4631 1.07745
 1096 13.3333 38.4401 1.07671
 1097 22.5333 38.4256 1.07582
 1098 38.5333 38.4257 1.07484
 1099 38.5333 38.4258 1.07386
 1100 30 38.4182 1.07292
 1101 26.1333 38.407 1.072
 1102 34.1333 38.4031 1.07103
 1103 34.1333 38.3993 1.07007
 1104 26.1333 38.3882 1.06916
 1105 19.2 38.3708 1.06833
 1106 30 38.3632 1.06739
 1107 53.3333 38.3768 1.06651
 1108 64.5333 38.4004 1.06581
 1109 83.3333 38.4409 1.06562
 1110 83.3333 38.4813 1.06543
 1111 83.3333 38.5217 1.06523
 1112 83.3333 38.562 1.06504
 1113 83.3333 38.6022 1.06484
 1114 83.3333 38.6424 1.06464
 1115 83.3333 38.6825 1.06444
 1116 83.3333 38.7225 1.06424
 1117 83.3333 38.7624 1.06403
 1118 83.3333 38.8023 1.06383
 1119 76.8 38.8362 1.06342
 1120 58.8 38.854 1.06262
 1121 70.5333 38.8823 1.06205
 1122 70.5333 38.9105 1.06148
 1123 64.5333 38.9333 1.06078
 1124 58.8 38.951 1.05998
 1125 53.3333 38.9638 1.05911
 1126 38.5333 38.9634 1.05817
 1127 43.2 38.9672 1.05724
 1128 43.2 38.9709 1.05631
 1129 48.1333 38.979 1.0554
 1130 30 38.9711 1.0545
 1131 48.1333 38.9792 1.0536
 1132 53.3333 38.9919 1.05274
 1133 53.3333 39.0045 1.05189
 1134 48.1333 39.0126 1.05099
 1135 48.1333 39.0206 1.0501
 1136 34.1333 39.0163 1.04918
 1137 38.5333 39.0159 1.04826
 1138 38.5333 39.0155 1.04734
 1139 30 39.0076 1.04645
 1140 34.1333 39.0033 1.04554
 1141 30 38.9954 1.04465
 1142 34.1333 38.9911 1.04374
 1143 30 38.9833 1.04286
 1144 22.5333 38.9689 1.04205
 1145 22.5333 38.9545 1.04123
 1146 16.1333 38.9346 1.04052
 1147 19.2 38.9174 1.03975
 1148 16.1333 38.8976 1.03903
 1149 22.5333 38.8833 1.03823
 1150 26.1333 38.8722 1.03738
 1151 43.2 38.876 1.03649
 1152 38.5333 38.8757 1.03559
 1153 38.5333 38.8754 1.03469
 1154 34.1333 38.8713 1.0338
 1155 34.1333 38.8672 1.03291
 1156 22.5333 38.8531 1.03212
 1157 26.1333 38.8421 1.03128
 1158 38.5333 38.8418 1.03039
 1159 34.1333 38.8377 1.02951
 1160 26.1333 38.8268 1.02868
 1161 19.2 38.8099 1.02793
 1162 19.2 38.793 1.02719
 1163 16.1333 38.7735 1.02649
 1164 26.1333 38.7627 1.02566
 1165 16.1333 38.7432 1.02497
 1166 10.8 38.7193 1.02437
 1167 16.1333 38.6999 1.02367
 1168 8.53333 38.6741 1.02312
 1169 10.8 38.6502 1.02252
 1170 8.53333 38.6245 1.02197
 1171 4.8 38.5956 1.02151
 1172 6.53333 38.5683 1.021
 1173 8.53333 38.5427 1.02045
 1174 22.5333 38.529 1.01968
 1175 22.5333 38.5154 1.0189
 1176 22.5333 38.5018 1.01812
 1177 26.1333 38.4913 1.01731
 1178 26.1333 38.4808 1.0165
 1179 26.1333 38.4703 1.01569
 1180 22.5333 38.4568 1.01492
 1181 13.3333 38.4356 1.01429
 1182 10.8 38.4122 1.0137
 1183 4.8 38.3838 1.01324
 1184 6.53333 38.3569 1.01274
 1185 16.1333 38.3381 1.01206
 1186 8.53333 38.313 1.01152
 1187 8.53333 38.2879 1.01098
 1188 6.53333 38.2612 1.01048
 1189 6.53333 38.2345 1.00998
 1190 4.8 38.2064 1.00952
 1191 4.8 38.1783 1.00906
 1192 3.33333 38.1491 1.00864
 1193 2.13333 38.1189 1.00825
 1194 4.8 38.091 1.00779
 1195 2.13333 38.0609 1.00739
 1196 0.533333 38.0295 1.00704
 1197 0.533333 37.9982 1.00669
 1198 2.13333 37.9683 1.00629
 1199 3.33333 37.9394 1.00587
 1200 2.13333 37.9096 1.00547
 1201 1.2 37.879 1.0051
 1202 4.8 37.8515 1.00464
 1203 0.533333 37.8204 1.00428
 1204 0.133333 37.7891 1.00394
 1205 0 37.7578 1.00359
 1206 0.133333 37.7266 1.00325
 1207 0.133333 37.6954 1.0029
 1208 1.2 37.6652 1.00252
 1209 0.133333 37.6342 1.00217
 1210 0 37.6031 1.00183
 1211 0 37.572 1.00148
 1212 0.533333 37.5415 1.00112
 1213 2.13333 37.5123 1.00072
 1214 4.8 37.4853 1.00026
 1215 6.53333 37.4599 0.999761
 1216 4.8 37.433 0.9993
 1217 3.33333 37.405 0.998871
 1218 10.8 37.3831 0.99829
 1219 8.53333 37.3595 0.997752
 1220 8.53333 37.3358 0.997213
 1221 13.3333 37.3162 0.99659
 1222 19.2 37.3014 0.995885
 1223 16.1333 37.2841 0.995221
 1224 16.1333 37.2668 0.994557
 1225 19.2 37.252 0.993854
 1226 26.1333 37.243 0.993085
 1227 22.5333 37.231 0.992348
 1228 19.2 37.2163 0.991648
 1229 22.5333 37.2043 0.990913
 1230 19.2 37.1897 0.990215
 1231 30 37.1839 0.989427
 1232 43.2 37.1887 0.988636
 1233 43.2 37.1936 0.987846
 1234 48.1333 37.2025 0.987085
 1235 34.1333 37.2 0.986289
 1236 34.1333 37.1975 0.985493
 1237 30 37.1917 0.984714
 1238 22.5333 37.1799 0.983989
 1239 19.2 37.1653 0.983302
 1240 6.53333 37.1406 0.982819
 1241 3.33333 37.1134 0.982404
 1242 6.53333 37.0888 0.981922
 1243 10.8 37.0676 0.981359
 1244 13.3333 37.0486 0.980756
 1245 13.3333 37.0295 0.980153
 1246 10.8 37.0085 0.979592
 1247 6.53333 36.984 0.979111
 1248 6.53333 36.9596 0.978631
 1249 3.33333 36.9327 0.978217
 1250 2.13333 36.9049 0.977831
 1251 1.2 36.8763 0.977466
 1252 3.33333 36.8495 0.977052
 1253 1.2 36.8211 0.976686
 1254 0 36.7917 0.976349
 1255 0 36.7624 0.976011
 1256 0.533333 36.7335 0.97566
 1257 0.533333 36.7047 0.975309
 1258 0.133333 36.6757 0.974967
 1259 0.533333 36.647 0.974615
 1260 0.533333 36.6183 0.974263
 1261 0.133333 36.5894 0.97392
 1262 0.533333 36.5608 0.973567
 1263 0.533333 36.5323 0.973214
 1264 0.133333 36.5035 0.97287
 1265 0.133333 36.4747 0.972526
 1266 0.533333 36.4463 0.972172
 1267 1.2 36.4185 0.971803
 1268 2.13333 36.3915 0.971412
 1269 0.133333 36.3629 0.971067
 1270 0.133333 36.3344 0.970721
 1271 0.533333 36.3062 0.970366
 1272 0.133333 36.2778 0.97002
 1273 0 36.2493 0.969676
 1274 2.13333 36.2225 0.969285
 1275 0 36.1941 0.968941
 1276 0.133333 36.1658 0.968594
 1277 0 36.1375 0.968249
 1278 0.133333 36.1093 0.967901
 1279 1.2 36.082 0.967529
 1280 0.133333 36.054 0.967181
 1281 1.2 36.0267 0.966809
 1282 6.53333 36.0037 0.966328
 1283 4.8 35.9794 0.965881
 1284 3.33333 35.954 0.965463
 1285 4.8 35.9298 0.965016
 1286 8.53333 35.9084 0.964501
 1287 16.1333 35.8931 0.963874
 1288 8.53333 35.8718 0.963359
 1289 16.1333 35.8565 0.962733
 1290 19.2 35.8436 0.962073
 1291 30 35.8391 0.961339
 1292 43.2 35.8448 0.960611
 1293 64.5333 35.867 0.960124
 1294 64.5333 35.8891 0.959638
 1295 64.5333 35.9112 0.959151
 1296 64.5333 35.9333 0.958666
 1297 53.3333 35.9467 0.95802
 1298 64.5333 35.9688 0.957535
 1299 76.8 36.0002 0.957314
 1300 76.8 36.0316 0.957092
 1301 76.8 36.0629 0.956869
 1302 64.5333 36.0848 0.956384
 1303 64.5333 36.1066 0.955899
 1304 58.8 36.124 0.955324
 1305 58.8 36.1414 0.95475
 1306 76.8 36.1725 0.954526
 1307 83.3333 36.2086 0.954478
 1308 83.3333 36.2446 0.954428
 1309 83.3333 36.2806 0.954377
 1310 83.3333 36.3165 0.954325
 1311 83.3333 36.3524 0.95427
 1312 83.3333 36.3882 0.954215
 1313 83.3333 36.424 0.954158
 1314 83.3333 36.4597 0.9541
 1315 83.3333 36.4953 0.95404
 1316 83.3333 36.5309 0.953979
 1317 83.3333 36.5664 0.953917
 1318 83.3333 36.6019 0.953853
 1319 83.3333 36.6374 0.953788
 1320 83.3333 36.6727 0.953721
 1321 83.3333 36.708 0.953653
 1322 83.3333 36.7433 0.953584
 1323 83.3333 36.7785 0.953513
 1324 83.3333 36.8137 0.953442
 1325 76.8 36.8439 0.9532
 1326 70.5333 36.8693 0.952819
 1327 64.5333 36.8901 0.952329
 1328 58.8 36.9066 0.951755
 1329 64.5333 36.9274 0.951266
 1330 70.5333 36.9527 0.950886
 1331 58.8 36.9691 0.950313
 1332 64.5333 36.9898 0.949825
 1333 64.5333 37.0105 0.949337
 1334 58.8 37.0268 0.948765
 1335 64.5333 37.0474 0.948278
 1336 83.3333 37.082 0.948201
 1337 83.3333 37.1166 0.948123
 1338 83.3333 37.1512 0.948044
 1339 83.3333 37.1857 0.947963
 1340 83.3333 37.2201 0.947881
 1341 83.3333 37.2545 0.947798
 1342 83.3333 37.2888 0.947714
 1343 83.3333 37.3231 0.947628
 1344 83.3333 37.3573 0.947542
 1345 83.3333 37.3915 0.947454
 1346 83.3333 37.4257 0.947365
 1347 83.3333 37.4597 0.947274
 1348 83.3333 37.4938 0.947183
 1349 83.3333 37.5277 0.94709
 1350 83.3333 37.5617 0.946996
 1351 83.3333 37.5956 0.946902
 1352 83.3333 37.6294 0.946806
 1353 83.3333 37.6632 0.946708
 1354 83.3333 37.6969 0.94661
 1355 83.3333 37.7306 0.946511
 1356 83.3333 37.7642 0.94641
 1357 83.3333 37.7978 0.946308
 1358 83.3333 37.8313 0.946206
 1359 83.3333 37.8648 0.946102
 1360 83.3333 37.8982 0.945997
 1361 76.8 37.9268 0.945733
 1362 70.5333 37.9508 0.945342
 1363 83.3333 37.9841 0.945235
 1364 83.3333 38.0173 0.945126
 1365 83.3333 38.0505 0.945017
 1366 83.3333 38.0837 0.944907
 1367 83.3333 38.1168 0.944795
 1368 83.3333 38.1498 0.944683
 1369 83.3333 38.1828 0.944569
 1370 83.3333 38.2158 0.944455
 1371 83.3333 38.2487 0.944339
 1372 83.3333 38.2815 0.944223
 1373 83.3333 38.3143 0.944105
 1374 83.3333 38.3471 0.943986
 1375 83.3333 38.3798 0.943867
 1376 83.3333 38.4125 0.943746
 1377 83.3333 38.4451 0.943625
 1378 83.3333 38.4777 0.943502
 1379 83.3333 38.5102 0.943379
 1380 83.3333 38.5427 0.943254
 1381 83.3333 38.5751 0.943129
 1382 83.3333 38.6075 0.943003
 1383 83.3333 38.6399 0.942875
 1384 83.3333 38.6722 0.942747
 1385 83.3333 38.7044 0.942618
 1386 83.3333 38.7366 0.942488
 1387 83.3333 38.7688 0.942357
 1388 83.3333 38.8009 0.942225
 1389 83.3333 38.8329 0.942092
 1390 83.3333 38.8649 0.941958
 1391 83.3333 38.8969 0.941823
 1392 83.3333 38.9288 0.941688
 1393 83.3333 38.9607 0.941551
 1394 83.3333 38.9925 0.941414
 1395 83.3333 39.0243 0.941275
 1396 83.3333 39.0561 0.941136
 1397 83.3333 39.0878 0.940996
 1398 83.3333 39.1194 0.940855
 1399 83.3333 39.151 0.940714
 1400 83.3333 39.1826 0.940571
 1401 83.3333 39.2141 0.940428
 1402 83.3333 39.2456 0.940283
 1403 83.3333 39.277 0.940138
 1404 70.5333 39.2992 0.939732
 1405 76.8 39.3259 0.939442
 1406 76.8 39.3526 0.939152
 1407 83.3333 39.3838 0.939005
 1408 83.3333 39.4151 0.938857
 1409 83.3333 39.4462 0.938708
 1410 83.3333 39.4774 0.938558
 1411 83.3333 39.5084 0.938408
 1412 83.3333 39.5395 0.938256
 1413 83.3333 39.5705 0.938104
 1414 83.3333 39.6014 0.937951
 1415 83.3333 39.6323 0.937797
 1416 83.3333 39.6632 0.937643
 1417 83.3333 39.694 0.937488
 1418 83.3333 39.7248 0.937332
 1419 83.3333 39.7555 0.937175
 1420 83.3333 39.7862 0.937017
 1421 83.3333 39.8168 0.936859
 1422 83.3333 39.8474 0.9367
 1423 83.3333 39.878 0.93654
 1424 83.3333 39.9085 0.93638
 1425 83.3333 39.939 0.936219
 1426 83.3333 39.9694 0.936057
 1427 83.3333 39.9998 0.935894
 1428 83.3333 40.0302 0.93573
 1429 83.3333 40.0605 0.935566
 1430 83.3333 40.0907 0.935401
 1431 83.3333 40.1209 0.935236
 1432 83.3333 40.1511 0.93507
 1433 83.3333 40.1813 0.934903
 1434 76.8 40.2068 0.934599
 1435 83.3333 40.2368 0.934431
 1436 83.3333 40.2669 0.934262
 1437 83.3333 40.2968 0.934093
 1438 83.3333 40.3268 0.933923
 1439 83.3333 40.3566 0.933752
 1440 83.3333 40.3865 0.93358
 1441 76.8 40.4118 0.933275
 1442 83.3333 40.4415 0.933102
 1443 83.3333 40.4712 0.932929
 1444 83.3333 40.5009 0.932755
 1445 83.3333 40.5306 0.93258
 1446 83.3333 40.5602 0.932405
 1447 83.3333 40.5897 0.932229
 1448 83.3333 40.6192 0.932053
 1449 83.3333 40.6487 0.931876
 1450 83.3333 40.6782 0.931698
 1451 83.3333 40.7076 0.93152
 1452 83.3333 40.7369 0.931341
 1453 83.3333 40.7662 0.931161
 1454 83.3333 40.7955 0.930981
 1455 83.3333 40.8247 0.9308
 1456 83.3333 40.8539 0.930619
 1457 83.3333 40.8831 0.930437
 1458 83.3333 40.9122 0.930254
 1459 83.3333 40.9413 0.930071
 1460 83.3333 40.9703 0.929887
 1461 83.3333 40.9993 0.929703
 1462 83.3333 41.0283 0.929518
 1463 83.3333 41.0572 0.929332
 1464 83.3333 41.0861 0.929146
 1465 83.3333 41.1149 0.928959
 1466 83.3333 41.1437 0.928772
 1467 83.3333 41.1725 0.928584
 1468 83.3333 41.2012 0.928395
 1469 83.3333 41.2299 0.928206
 1470 83.3333 41.2585 0.928017
 1471 83.3333 41.2871 0.927827
 1472 83.3333 41.3157 0.927636
 1473 83.3333 41.3442 0.927445
 1474 83.3333 41.3727 0.927253
 1475 83.3333 41.4011 0.927061
 1476 83.3333 41.4295 0.926868
 1477 83.3333 41.4579 0.926675
 1478 83.3333 41.4862 0.926481
 1479 83.3333 41.5145 0.926286
 1480 83.3333 41.5428 0.926092
 1481 83.3333 41.571 0.925896
 1482 83.3333 41.5992 0.9257
 1483 76.8 41.6229 0.92538
 1484 64.5333 41.6384 0.924885
 1485 48.1333 41.6427 0.924273
 1486 48.1333 41.6471 0.923661
 1487 48.1333 41.6515 0.92305
 1488 30 41.6436 0.922462
 1489 26.1333 41.6332 0.921902
 1490 26.1333 41.6228 0.921341
 1491 26.1333 41.6124 0.920782
 1492 38.5333 41.6104 0.920167
 1493 30 41.6026 0.919583
 1494 48.1333 41.607 0.918978
 1495 53.3333 41.6148 0.918396
 1496 38.5333 41.6127 0.917785
 1497 70.5333 41.6321 0.917375
 1498 58.8 41.6435 0.916834
 1499 58.8 41.655 0.916293
 1500 58.8 41.6664 0.915754
 1501 70.5333 41.6856 0.915345
 1502 70.5333 41.7048 0.914937
 1503 83.3333 41.7325 0.914748
 1504 83.3333 41.7602 0.914558
 1505 83.3333 41.7878 0.914367
 1506 83.3333 41.8154 0.914176
 1507 83.3333 41.843 0.913985
 1508 83.3333 41.8705 0.913793
 1509 83.3333 41.8979 0.9136
 1510 83.3333 41.9254 0.913407
 1511 83.3333 41.9528 0.913214
 1512 83.3333 41.9802 0.91302
 1513 83.3333 42.0075 0.912826
 1514 83.3333 42.0348 0.912631
 1515 83.3333 42.062 0.912436
 1516 83.3333 42.0893 0.91224
 1517 83.3333 42.1165 0.912044
 1518 83.3333 42.1436 0.911847
 1519 83.3333 42.1707 0.91165
 1520 83.3333 42.1978 0.911452
 1521 83.3333 42.2249 0.911254
 1522 83.3333 42.2519 0.911056
 1523 83.3333 42.2788 0.910857
 1524 83.3333 42.3058 0.910657
 1525 83.3333 42.3327 0.910458
 1526 83.3333 42.3595 0.910257
 1527 83.3333 42.3864 0.910057
 1528 83.3333 42.4132 0.909856
 1529 83.3333 42.4399 0.909654
 1530 83.3333 42.4667 0.909452
 1531 83.3333 42.4934 0.90925
 1532 83.3333 42.52 0.909047
 1533 83.3333 42.5466 0.908844
 1534 83.3333 42.5732 0.908641
 1535 83.3333 42.5998 0.908437
 1536 83.3333 42.6263 0.908232
 1537 83.3333 42.6528 0.908027
 1538 83.3333 42.6792 0.907822
 1539 83.3333 42.7057 0.907617
 1540 83.3333 42.732 0.907411
 1541 83.3333 42.7584 0.907204
 1542 83.3333 42.7847 0.906998
 1543 83.3333 42.811 0.90679
 1544 76.8 42.833 0.90647
 1545 64.5333 42.847 0.905992
 1546 53.3333 42.8538 0.905431
 1547 58.8 42.8641 0.904905
 1548 58.8 42.8744 0.904379
 1549 38.5333 42.8716 0.903799
 1550 34.1333 42.866 0.903233
 1551 26.1333 42.8552 0.902715
 1552 16.1333 42.838 0.902298
 1553 19.2 42.8228 0.901845
 1554 4.8 42.7983 0.901596
 1555 4.8 42.7738 0.901348
 1556 0.133333 42.7464 0.901185
 1557 0.133333 42.7191 0.901022
 1558 0.533333 42.692 0.90085
 1559 0.133333 42.6647 0.900686
 1560 0.533333 42.6377 0.900514
 1561 3.33333 42.6125 0.900289
 1562 4.8 42.5883 0.900038
 1563 0.133333 42.5611 0.899872
 1564 1.2 42.5347 0.899685
 1565 2.13333 42.5089 0.89948
 1566 6.53333 42.4859 0.899199
 1567 0.133333 42.4589 0.899032
 1568 0.133333 42.4319 0.898864
 1569 2.13333 42.4062 0.898658
 1570 8.53333 42.3846 0.898344
 1571 3.33333 42.3598 0.898116
 1572 19.2 42.345 0.897666
 1573 26.1333 42.3347 0.897154
 1574 30 42.3269 0.896618
 1575 26.1333 42.3166 0.896108
 1576 19.2 42.3019 0.895659
 1577 13.3333 42.2836 0.895279
 1578 8.53333 42.2622 0.894967
 1579 8.53333 42.2408 0.894655
 1580 4.8 42.2171 0.894403
 1581 1.2 42.1912 0.894213
 1582 0 42.1645 0.894046
 1583 2.13333 42.1392 0.893839
 1584 0.133333 42.1127 0.893668
 1585 1.2 42.0869 0.893477
 1586 6.53333 42.0645 0.893195
 1587 6.53333 42.0421 0.892912
 1588 4.8 42.0186 0.892658
 1589 6.53333 41.9963 0.892376
 1590 3.33333 41.972 0.892146
 1591 4.8 41.9486 0.891891
 1592 4.8 41.9253 0.891636
 1593 13.3333 41.9073 0.891257
 1594 8.53333 41.8864 0.890943
 1595 16.1333 41.8703 0.890531
 1596 13.3333 41.8524 0.890152
 1597 19.2 41.8382 0.889708
 1598 38.5333 41.8361 0.889153
 1599 48.1333 41.8401 0.888606
 1600 48.1333 41.844 0.888059
 1601 43.2 41.8448 0.887504
 1602 53.3333 41.852 0.886979
 1603 48.1333 41.8559 0.886434
 1604 53.3333 41.8631 0.885911
 1605 64.5333 41.8772 0.885471
 1606 53.3333 41.8844 0.884948
 1607 43.2 41.8852 0.884398
 1608 22.5333 41.8731 0.88393
 1609 13.3333 41.8554 0.883558
 1610 10.8 41.8361 0.88322
 1611 13.3333 41.8184 0.882849
 1612 3.33333 41.7945 0.882624
 1613 16.1333 41.7786 0.88222
 1614 8.53333 41.758 0.881914
 1615 6.53333 41.7362 0.881637
 1616 6.53333 41.7144 0.881361
 1617 6.53333 41.6927 0.881084
 1618 6.53333 41.671 0.880808
 1619 4.8 41.6482 0.880558
 1620 3.33333 41.6245 0.880332
 1621 16.1333 41.6088 0.879929
 1622 26.1333 41.5993 0.879438
 1623 10.8 41.5803 0.879101
 1624 8.53333 41.5599 0.878795
 1625 8.53333 41.5396 0.878489
 1626 8.53333 41.5193 0.878184
 1627 16.1333 41.5037 0.877782
 1628 8.53333 41.4835 0.877477
 1629 10.8 41.4646 0.87714
 1630 22.5333 41.453 0.876679
 1631 26.1333 41.4436 0.876192
 1632 19.2 41.43 0.875761
 1633 22.5333 41.4184 0.875301
 1634 22.5333 41.4069 0.874841
 1635 22.5333 41.3953 0.874382
 1636 19.2 41.3817 0.873953
 1637 10.8 41.3631 0.873619
 1638 8.53333 41.343 0.873315
 1639 13.3333 41.3259 0.872949
 1640 10.8 41.3073 0.872615
 1641 10.8 41.2887 0.872282
 1642 10.8 41.2702 0.871948
 1643 6.53333 41.249 0.871674
 1644 2.13333 41.2252 0.871468
 1645 2.13333 41.2015 0.871262
 1646 0.533333 41.1768 0.871083
 1647 0.533333 41.1521 0.870904
 1648 0.133333 41.1272 0.870731
 1649 0.133333 41.1023 0.870558
 1650 0 41.0774 0.870387
 1651 0.133333 41.0526 0.870213
 1652 2.13333 41.0291 0.870005
 1653 4.8 41.0071 0.869755
 1654 8.53333 40.9875 0.86945
 1655 4.8 40.9656 0.8692
 1656 4.8 40.9438 0.868949
 1657 8.53333 40.9242 0.868645
 1658 4.8 40.9025 0.868394
 1659 4.8 40.8807 0.868143
 1660 6.53333 40.86 0.867867
 1661 2.13333 40.8367 0.867658
 1662 1.2 40.8128 0.867463
 1663 6.53333 40.7922 0.867187
 1664 8.53333 40.7728 0.866882
 1665 8.53333 40.7535 0.866578
 1666 8.53333 40.7341 0.866273
 1667 4.8 40.7126 0.866022
 1668 3.33333 40.6902 0.865792
 1669 1.2 40.6665 0.865597
 1670 0 40.6422 0.865421
 1671 1.2 40.6186 0.865225
 1672 0.533333 40.5946 0.86504
 1673 0.133333 40.5704 0.864861
 1674 0.533333 40.5465 0.864675
 1675 0.533333 40.5226 0.864489
 1676 0 40.4984 0.864311
 1677 0 40.4743 0.864133
 1678 0.133333 40.4502 0.863952
 1679 0.133333 40.4262 0.863771
 1680 0.533333 40.4025 0.863584
 1681 0.533333 40.3787 0.863396
 1682 3.33333 40.3567 0.863163
 1683 8.53333 40.3378 0.862857
 1684 10.8 40.3203 0.862523
 1685 10.8 40.3027 0.862189
 1686 22.5333 40.2922 0.861742
 1687 22.5333 40.2817 0.861295
 1688 16.1333 40.2674 0.860904
 1689 6.53333 40.2474 0.860626
 1690 3.33333 40.2256 0.860394
 1691 2.13333 40.203 0.86018
 1692 3.33333 40.1812 0.859947
 1693 2.13333 40.1588 0.859733
 1694 3.33333 40.137 0.8595
 1695 2.13333 40.1146 0.859286
 1696 4.8 40.0938 0.859031
 1697 6.53333 40.074 0.858753
 1698 3.33333 40.0524 0.858519
 1699 3.33333 40.0308 0.858286
 1700 3.33333 40.0092 0.858053
 1701 10.8 39.992 0.85772
 1702 13.3333 39.9763 0.857359
 1703 8.53333 39.9579 0.857054
 1704 19.2 39.9457 0.856638
 1705 26.1333 39.9376 0.856174
 1706 34.1333 39.9342 0.855678
 1707 16.1333 39.9202 0.855291
 1708 6.53333 39.9007 0.855013
 1709 4.8 39.8802 0.85476
 1710 19.2 39.8681 0.854345
 1711 16.1333 39.8542 0.853958
 1712 8.53333 39.8359 0.853655
 1713 8.53333 39.8176 0.853353
 1714 10.8 39.8007 0.853023
 1715 6.53333 39.7813 0.852746
 1716 13.3333 39.7659 0.852388
 1717 16.1333 39.7521 0.852003
 1718 16.1333 39.7384 0.851618
 1719 16.1333 39.7246 0.851233
 1720 30 39.719 0.850756
 1721 8.53333 39.7009 0.850455
 1722 10.8 39.6841 0.850127
 1723 19.2 39.6722 0.849716
 1724 34.1333 39.669 0.849229
 1725 16.1333 39.6553 0.848847
 1726 4.8 39.6351 0.848595
 1727 6.53333 39.616 0.84832
 1728 1.2 39.5938 0.84812
 1729 0.533333 39.5712 0.847931
 1730 6.53333 39.5521 0.847656
 1731 3.33333 39.5311 0.847424
 1732 10.8 39.5145 0.847097
 1733 13.3333 39.4994 0.846743
 1734 10.8 39.4829 0.846416
 1735 19.2 39.4712 0.846009
 1736 16.1333 39.4578 0.845629
 1737 10.8 39.4413 0.845303
 1738 10.8 39.4248 0.844977
 1739 2.13333 39.4033 0.844763
 1740 1.2 39.3814 0.844563
 1741 1.2 39.3594 0.844362
 1742 0 39.3369 0.84418
 1743 0 39.3143 0.843997
 1744 0 39.2917 0.843814
 1745 3.33333 39.2711 0.843582
 1746 8.53333 39.2535 0.843283
 1747 13.3333 39.2387 0.842931
 1748 16.1333 39.2255 0.842552
 1749 26.1333 39.218 0.842103
 1750 30 39.2127 0.841639
 1751 30 39.2075 0.841174
 1752 26.1333 39.2 0.840727
 1753 30 39.1948 0.840264
 1754 30 39.1895 0.839801
 1755 38.5333 39.1891 0.839322
 1756 48.1333 39.1942 0.83886
 1757 48.1333 39.1993 0.838397
 1758 43.2 39.2016 0.837924
 1759 43.2 39.2039 0.83745
 1760 43.2 39.2061 0.836977
 1761 48.1333 39.2112 0.836517
 1762 64.5333 39.2256 0.836166
 1763 34.1333 39.2227 0.835696
 1764 30 39.2175 0.835239
 1765 26.1333 39.21 0.834798
 1766 22.5333 39.2006 0.834379
 1767 30 39.1954 0.833923
 1768 16.1333 39.1824 0.833553
 1769 16.1333 39.1693 0.833184
 1770 10.8 39.1533 0.832867
 1771 13.3333 39.1387 0.832524
 1772 13.3333 39.1242 0.832182
 1773 13.3333 39.1096 0.83184
 1774 22.5333 39.1003 0.831423
 1775 19.2 39.0891 0.83103
 1776 16.1333 39.0761 0.830663
 1777 30 39.071 0.830211
 1778 22.5333 39.0617 0.829796
 1779 30 39.0566 0.829345
 1780 30 39.0515 0.828894
 1781 22.5333 39.0423 0.828481
 1782 26.1333 39.035 0.828047
 1783 30 39.0299 0.827598
 1784 26.1333 39.0227 0.827166
 1785 48.1333 39.0278 0.826718
 1786 53.3333 39.0358 0.826294
 1787 38.5333 39.0356 0.825832
 1788 30 39.0305 0.825385
 1789 22.5333 39.0213 0.824975
 1790 30 39.0162 0.824529
 1791 34.1333 39.0135 0.824073
 1792 26.1333 39.0063 0.823645
 1793 26.1333 38.9991 0.823217
 1794 19.2 38.9881 0.822832
 1795 22.5333 38.9789 0.822424
 1796 34.1333 38.9762 0.821971
 1797 30 38.9712 0.821528
 1798 26.1333 38.9641 0.821102
 1799 19.2 38.9531 0.820719
 1800 26.1333 38.946 0.820294
 1801 22.5333 38.9369 0.819889
 1802 26.1333 38.9298 0.819465
 1803 19.2 38.9188 0.819083
 1804 30 38.9139 0.818644
 1805 53.3333 38.9219 0.818229
 1806 58.8 38.9329 0.81785
 1807 64.5333 38.9471 0.81752
 1808 64.5333 38.9612 0.817191
 1809 76.8 38.9821 0.817007
 1810 76.8 39.003 0.816822
 1811 64.5333 39.0171 0.816493
 1812 64.5333 39.0312 0.816164
 1813 53.3333 39.0391 0.815751
 1814 58.8 39.05 0.815374
 1815 58.8 39.0609 0.814998
 1816 76.8 39.0816 0.814814
 1817 83.3333 39.106 0.814729
 1818 83.3333 39.1303 0.814644
 1819 83.3333 39.1546 0.814559
 1820 83.3333 39.1789 0.814473
 1821 83.3333 39.2031 0.814387
 1822 83.3333 39.2274 0.8143
 1823 83.3333 39.2516 0.814213
 1824 83.3333 39.2757 0.814125
 1825 83.3333 39.2999 0.814037
 1826 83.3333 39.324 0.813948
 1827 83.3333 39.3481 0.813859
 1828 83.3333 39.3721 0.81377
 1829 83.3333 39.3962 0.81368
 1830 83.3333 39.4202 0.813589
 1831 83.3333 39.4442 0.813498
 1832 83.3333 39.4681 0.813407
 1833 83.3333 39.4921 0.813315
 1834 83.3333 39.516 0.813223
 1835 83.3333 39.5398 0.813131
 1836 83.3333 39.5637 0.813037
 1837 83.3333 39.5875 0.812944
 1838 83.3333 39.6113 0.81285
 1839 83.3333 39.6351 0.812756
 1840 83.3333 39.6588 0.812661
 1841 83.3333 39.6826 0.812566
 1842 83.3333 39.7063 0.81247
 1843 83.3333 39.7299 0.812374
 1844 83.3333 39.7536 0.812278
 1845 83.3333 39.7772 0.812181
 1846 83.3333 39.8008 0.812084
 1847 83.3333 39.8244 0.811986
 1848 83.3333 39.8479 0.811888
 1849 83.3333 39.8714 0.81179
 1850 83.3333 39.8949 0.811691
 1851 83.3333 39.9184 0.811591
 1852 83.3333 39.9418 0.811492
 1853 83.3333 39.9652 0.811392
 1854 83.3333 39.9886 0.811291
 1855 83.3333 40.012 0.81119
 1856 83.3333 40.0353 0.811089
 1857 83.3333 40.0587 0.810987
 1858 83.3333 40.082 0.810885
 1859 83.3333 40.1052 0.810783
 1860 83.3333 40.1285 0.81068
 1861 83.3333 40.1517 0.810577
 1862 83.3333 40.1749 0.810473
 1863 83.3333 40.198 0.810369
 1864 58.8 40.208 0.809996
 1865 48.1333 40.2123 0.809573
 1866 64.5333 40.2253 0.809244
 1867 64.5333 40.2383 0.808915
 1868 48.1333 40.2425 0.808493
 1869 48.1333 40.2468 0.808071
 1870 43.2 40.2483 0.807641
 1871 43.2 40.2499 0.80721
 1872 53.3333 40.2569 0.806809
 1873 38.5333 40.256 0.806379
 1874 43.2 40.2576 0.80595
 1875 30 40.2521 0.805539
 1876 26.1333 40.2446 0.805144
 1877 26.1333 40.237 0.80475
 1878 26.1333 40.2295 0.804357
 1879 19.2 40.2183 0.804007
 1880 16.1333 40.2055 0.803681
 1881 22.5333 40.1961 0.803308
 1882 22.5333 40.1868 0.802936
 1883 30 40.1813 0.802528
 1884 19.2 40.1702 0.802179
 1885 26.1333 40.1628 0.801788
 1886 16.1333 40.15 0.801464
 1887 8.53333 40.1333 0.801215
 1888 4.8 40.1145 0.801009
 1889 0.533333 40.0936 0.800859
 1890 1.2 40.073 0.800699
 1891 0.133333 40.0519 0.800555
 1892 0.133333 40.0308 0.800409
 1893 2.13333 40.0108 0.800237
 1894 1.2 39.9903 0.800077
 1895 0 39.9692 0.799933
 1896 0.133333 39.9482 0.799787
 1897 0 39.9271 0.799642
 1898 0.533333 39.9064 0.799491
 1899 0.533333 39.8856 0.799338
 1900 0 39.8646 0.799193
 1901 0 39.8437 0.799048
 1902 0.133333 39.8228 0.798901
 1903 0.533333 39.8021 0.798748
 1904 3.33333 39.783 0.798558
 1905 3.33333 39.7638 0.798368
 1906 2.13333 39.7441 0.798193
 1907 4.8 39.7258 0.797985
 1908 8.53333 39.7094 0.797734
 1909 1.2 39.6893 0.797571
 1910 1.2 39.6691 0.797408
 1911 3.33333 39.6501 0.797217
 1912 4.8 39.6319 0.797009
 1913 3.33333 39.6129 0.796818
 1914 2.13333 39.5933 0.796642
 1915 13.3333 39.5796 0.796344
 1916 22.5333 39.5707 0.795978
 1917 19.2 39.5601 0.795634
 1918 16.1333 39.5479 0.795313
 1919 26.1333 39.5409 0.794929
 1920 16.1333 39.5287 0.794608
 1921 30 39.5237 0.79421
 1922 34.1333 39.5209 0.793802
 1923 30 39.516 0.793404
 1924 30 39.511 0.793007
 1925 26.1333 39.5041 0.792626
 1926 53.3333 39.5112 0.792246
 1927 53.3333 39.5184 0.791868
 1928 53.3333 39.5256 0.791489
 1929 30 39.5206 0.791094
 1930 19.2 39.5101 0.790754
 1931 22.5333 39.5013 0.790394
 1932 22.5333 39.4925 0.790033
 1933 13.3333 39.479 0.78974
 1934 8.53333 39.463 0.789494
 1935 6.53333 39.446 0.78927
 1936 3.33333 39.4273 0.789082
 1937 0.533333 39.4073 0.78893
 1938 0.133333 39.387 0.788784
 1939 0.133333 39.3668 0.788637
 1940 0.533333 39.3467 0.788484
 1941 2.13333 39.3276 0.788311
 1942 3.33333 39.309 0.788123
 1943 6.53333 39.2922 0.787898
 1944 8.53333 39.2763 0.787651
 1945 13.3333 39.263 0.787359
 1946 8.53333 39.2472 0.787113
 1947 10.8 39.2326 0.786844
 1948 10.8 39.218 0.786576
 1949 8.53333 39.2023 0.78633
 1950 4.8 39.1846 0.786124
 1951 3.33333 39.1662 0.785936
 1952 1.2 39.1468 0.785774
 1953 1.2 39.1274 0.785612
 1954 1.2 39.1079 0.78545
 1955 0.533333 39.0882 0.785296
 1956 0.133333 39.0683 0.785147
 1957 1.2 39.049 0.784984
 1958 0.133333 39.0291 0.784835
 1959 0.133333 39.0092 0.784685
 1960 0 38.9893 0.784537
 1961 0.133333 38.9695 0.784387
 1962 0 38.9496 0.784239
 1963 0.533333 38.9301 0.784084
 1964 2.13333 38.9113 0.783908
 1965 2.13333 38.8926 0.783733
 1966 3.33333 38.8745 0.783543
 1967 4.8 38.8572 0.783336
 1968 8.53333 38.8418 0.783089
 1969 4.8 38.8245 0.782882
 1970 4.8 38.8072 0.782675
 1971 0 38.7876 0.782526
 1972 0.533333 38.7682 0.78237
 1973 0.533333 38.7488 0.782213
 1974 1.2 38.7298 0.782048
 1975 0.133333 38.7102 0.781896
 1976 0.133333 38.6907 0.781744
 1977 0 38.6711 0.781594
 1978 0 38.6516 0.781443
 1979 1.2 38.6326 0.781277
 1980 3.33333 38.6148 0.781086
 1981 2.13333 38.5964 0.780909
 1982 0.133333 38.577 0.780756
 1983 1.2 38.5581 0.78059
 1984 0 38.5387 0.780438
 1985 1.2 38.5199 0.780272
 1986 8.53333 38.5048 0.780025
 1987 6.53333 38.4887 0.779798
 1988 13.3333 38.4761 0.779509
 1989 16.1333 38.4648 0.779198
 1990 22.5333 38.4568 0.778847
 1991 22.5333 38.4488 0.778497
 1992 22.5333 38.4408 0.778147
 1993 26.1333 38.4347 0.777781
 1994 38.5333 38.4347 0.777391
 1995 43.2 38.4371 0.777005
 1996 30 38.4329 0.776627
 1997 30 38.4286 0.776249
 1998 19.2 38.419 0.775921
 1999 13.3333 38.4065 0.775634
 2000 19.2 38.3969 0.775305
