 1 -0.92 -0.92 0
 2 -0.92 -0.92 0
 3 -0.92 -0.92 0
 4 -0.92 -0.92 0
 5 -0.92 -0.92 nan
 6 -0.84 -0.906667 0.0133333
 7 -0.84 -0.897143 0.0147542
 8 -0.84 -0.89 0.0146385
 9 -0.84 -0.884444 0.0140546
 10 -0.84 -0.88 0.0133333
 11 -0.84 -0.876364 0.0125967
 12 -0.84 -0.873333 0.0118918
 13 -0.84 -0.870769 0.0112353
 14 -0.84 -0.868571 0.0106315
 15 -0.84 -0.866667 0.0100791
 16 -0.84 -0.865 0.00957427
 17 -0.84 -0.863529 0.0091129
 18 -0.84 -0.862222 0.0086906
 19 -0.84 -0.861053 0.00830327
 20 -0.84 -0.86 0.00794719
 21 -0.84 -0.859048 0.00761905
 22 -0.84 -0.858182 0.00731589
 23 -0.84 -0.857391 0.00703513
 24 -0.84 -0.856667 0.00677449
 25 -0.84 -0.856 0.00653197
 26 -0.84 -0.855385 0.00630582
 27 -0.84 -0.854815 0.00609447
 28 -0.84 -0.854286 0.00589656
 29 -0.84 -0.853793 0.00571089
 30 -0.92 -0.856 0.00594225
 31 -0.92 -0.858065 0.00610692
 32 -0.92 -0.86 0.00622171
 33 -0.92 -0.861818 0.00629837
 34 -0.92 -0.863529 0.00634541
 35 -0.92 -0.865143 0.00636919
 36 -0.92 -0.866667 0.00637455
 37 -0.92 -0.868108 0.00636523
 38 -0.92 -0.869474 0.00634418
 39 -0.92 -0.870769 0.00631371
 40 -0.92 -0.872 0.00627572
 41 -0.92 -0.873171 0.0062317
 42 -0.92 -0.874286 0.00618288
 43 -0.92 -0.875349 0.00613027
 44 -0.92 -0.876364 0.00607468
 45 -0.92 -0.877333 0.00601681
 46 -0.92 -0.878261 0.00595721
 47 -0.92 -0.879149 0.00589634
 48 -0.92 -0.88 0.0058346
 49 -0.92 -0.880816 0.0057723
 50 -0.92 -0.8816 0.00570971
 51 -0.92 -0.882353 0.00564706
 52 -0.92 -0.883077 0.00558452
 53 -0.84 -0.882264 0.00553811
 54 -0.84 -0.881481 0.00549065
 55 -0.84 -0.880727 0.00544241
 56 -0.84 -0.88 0.0053936
 57 -0.84 -0.879298 0.0053444
 58 -0.84 -0.878621 0.00529498
 59 -0.84 -0.877966 0.00524546
 60 -0.84 -0.877333 0.00519597
 61 -0.84 -0.876721 0.0051466
 62 -0.84 -0.876129 0.00509744
 63 -0.84 -0.875556 0.00504855
 64 -0.84 -0.875 0.005
 65 -0.84 -0.874462 0.00495184
 66 -0.84 -0.873939 0.00490411
 67 -0.84 -0.873433 0.00485685
 68 -0.84 -0.872941 0.00481008
 69 -0.84 -0.872464 0.00476384
 70 -0.84 -0.872 0.00471814
 71 -0.84 -0.871549 0.004673
 72 -0.84 -0.871111 0.00462843
 73 -0.84 -0.870685 0.00458444
 74 -0.84 -0.87027 0.00454103
 75 -0.84 -0.869867 0.00449822
 76 -0.84 -0.869474 0.004456
 77 -0.84 -0.869091 0.00441438
 78 -0.84 -0.868718 0.00437335
 79 -0.84 -0.868354 0.00433291
 80 -0.84 -0.868 0.00429306
 81 -0.84 -0.867654 0.0042538
 82 -0.84 -0.867317 0.00421512
 83 -0.84 -0.866988 0.00417701
 84 -0.84 -0.866667 0.00413947
 85 -0.84 -0.866353 0.00410249
 86 -0.84 -0.866047 0.00406607
 87 -0.84 -0.865747 0.0040302
 88 -0.84 -0.865455 0.00399487
 89 -0.84 -0.865169 0.00396007
 90 -0.84 -0.864889 0.00392579
 91 -0.84 -0.864615 0.00389203
 92 -0.84 -0.864348 0.00385878
 93 -0.84 -0.864086 0.00382603
 94 -0.84 -0.86383 0.00379378
 95 -0.84 -0.863579 0.003762
 96 -0.84 -0.863333 0.0037307
 97 -0.84 -0.863093 0.00369987
 98 -0.84 -0.862857 0.00366949
 99 -0.76 -0.861818 0.00377791
 100 -0.84 -0.8616 0.0037463
 101 -0.84 -0.861386 0.00371518
 102 -0.84 -0.861176 0.00368455
 103 -0.84 -0.860971 0.00365439
 104 -0.84 -0.860769 0.00362469
 105 -0.84 -0.860571 0.00359545
 106 -0.84 -0.860377 0.00356665
 107 -0.84 -0.860187 0.00353829
 108 -0.84 -0.86 0.00351036
 109 -0.76 -0.859083 0.00359697
 110 -0.76 -0.858182 0.00367618
 111 -0.76 -0.857297 0.00374876
 112 -0.84 -0.857143 0.00371834
 113 -0.92 -0.857699 0.00372703
 114 -0.92 -0.858246 0.0037344
 115 -0.84 -0.858087 0.00370518
 116 -0.84 -0.857931 0.00367641
 117 -0.84 -0.857778 0.00364807
 118 -0.84 -0.857627 0.00362016
 119 -0.84 -0.857479 0.00359267
 120 -0.84 -0.857333 0.00356558
 121 -0.84 -0.85719 0.00353889
 122 -0.76 -0.856393 0.00359904
 123 -0.76 -0.85561 0.00365467
 124 -0.76 -0.854839 0.00370617
 125 -0.84 -0.85472 0.00367832
 126 -0.84 -0.854603 0.00365088
 127 -0.84 -0.854488 0.00362384
 128 -0.84 -0.854375 0.0035972
 129 -0.84 -0.854264 0.00357094
 130 -0.84 -0.854154 0.00354507
 131 -0.84 -0.854046 0.00351956
 132 -0.84 -0.853939 0.00349442
 133 -0.84 -0.853835 0.00346963
 134 -0.84 -0.853731 0.00344518
 135 -0.84 -0.85363 0.00342108
 136 -0.84 -0.853529 0.00339731
 137 -0.84 -0.853431 0.00337387
 138 -0.84 -0.853333 0.00335074
 139 -0.76 -0.852662 0.00339364
 140 -0.84 -0.852571 0.00337053
 141 -0.84 -0.852482 0.00334772
 142 -0.84 -0.852394 0.00332523
 143 -0.84 -0.852308 0.00330303
 144 -0.84 -0.852222 0.00328112
 145 -0.84 -0.852138 0.00325951
 146 -0.84 -0.852055 0.00323817
 147 -0.84 -0.851973 0.00321711
 148 -0.84 -0.851892 0.00319633
 149 -0.84 -0.851812 0.00317581
 150 -0.84 -0.851733 0.00315555
 151 -0.84 -0.851656 0.00313554
 152 -0.84 -0.851579 0.00311579
 153 -0.84 -0.851503 0.00309628
 154 -0.84 -0.851429 0.00307702
 155 -0.84 -0.851355 0.00305799
 156 -0.84 -0.851282 0.0030392
 157 -0.84 -0.85121 0.00302063
 158 -0.84 -0.851139 0.00300229
 159 -0.84 -0.851069 0.00298417
 160 -0.84 -0.851 0.00296627
 161 -0.84 -0.850932 0.00294858
 162 -0.92 -0.851358 0.00296117
 163 -0.92 -0.851779 0.00297293
 164 -0.92 -0.852195 0.00298388
 165 -0.92 -0.852606 0.00299408
 166 -0.92 -0.853012 0.00300355
 167 -0.92 -0.853413 0.00301234
 168 -0.92 -0.85381 0.00302047
 169 -0.92 -0.854201 0.00302798
 170 -0.92 -0.854588 0.0030349
 171 -0.92 -0.854971 0.00304125
 172 -0.92 -0.855349 0.00304707
 173 -0.92 -0.855723 0.00305237
 174 -0.92 -0.856092 0.00305717
 175 -0.92 -0.856457 0.00306151
 176 -0.92 -0.856818 0.0030654
 177 -0.92 -0.857175 0.00306887
 178 -0.92 -0.857528 0.00307192
 179 -0.92 -0.857877 0.00307458
 180 -0.92 -0.858222 0.00307687
 181 -0.92 -0.858564 0.0030788
 182 -0.92 -0.858901 0.00308039
 183 -0.92 -0.859235 0.00308165
 184 -0.92 -0.859565 0.0030826
 185 -0.92 -0.859892 0.00308324
 186 -0.92 -0.860215 0.0030836
 187 -0.92 -0.860535 0.00308369
 188 -0.92 -0.860851 0.00308351
 189 -0.92 -0.861164 0.00308307
 190 -0.92 -0.861474 0.0030824
 191 -0.92 -0.86178 0.00308149
 192 -0.92 -0.862083 0.00308036
 193 -0.92 -0.862383 0.00307902
 194 -0.92 -0.86268 0.00307747
 195 -0.92 -0.862974 0.00307572
 196 -0.92 -0.863265 0.00307379
 197 -0.92 -0.863553 0.00307168
 198 -0.92 -0.863838 0.0030694
 199 -0.92 -0.864121 0.00306694
 200 -0.92 -0.8644 0.00306434
 201 -0.92 -0.864677 0.00306157
 202 -0.92 -0.86495 0.00305867
 203 -0.92 -0.865222 0.00305562
 204 -0.92 -0.86549 0.00305244
 205 -0.92 -0.865756 0.00304913
 206 -0.92 -0.866019 0.00304569
 207 -0.92 -0.86628 0.00304214
 208 -0.92 -0.866538 0.00303848
 209 -0.92 -0.866794 0.0030347
 210 -0.92 -0.867048 0.00303083
 211 -0.92 -0.867299 0.00302685
 212 -0.92 -0.867547 0.00302278
 213 -0.92 -0.867793 0.00301861
 214 -0.92 -0.868037 0.00301436
 215 -0.92 -0.868279 0.00301003
 216 -0.92 -0.868519 0.00300561
 217 -0.92 -0.868756 0.00300112
 218 -0.84 -0.868624 0.00299024
 219 -0.92 -0.868858 0.00298578
 220 -0.92 -0.869091 0.00298126
 221 -0.92 -0.869321 0.00297666
 222 -0.92 -0.86955 0.002972
 223 -0.92 -0.869776 0.00296728
 224 -0.92 -0.87 0.0029625
 225 -0.92 -0.870222 0.00295767
 226 -0.92 -0.870442 0.00295278
 227 -0.92 -0.870661 0.00294784
 228 -0.92 -0.870877 0.00294285
 229 -0.92 -0.871092 0.00293781
 230 -0.92 -0.871304 0.00293273
 231 -0.92 -0.871515 0.0029276
 232 -0.92 -0.871724 0.00292244
 233 -0.92 -0.871931 0.00291724
 234 -0.92 -0.872137 0.002912
 235 -0.92 -0.87234 0.00290672
 236 -0.92 -0.872542 0.00290142
 237 -0.92 -0.872743 0.00289608
 238 -0.92 -0.872941 0.00289071
 239 -0.92 -0.873138 0.00288532
 240 -0.92 -0.873333 0.0028799
 241 -0.92 -0.873527 0.00287445
 242 -0.92 -0.873719 0.00286899
 243 -0.92 -0.873909 0.0028635
 244 -0.92 -0.874098 0.00285798
 245 -0.92 -0.874286 0.00285246
 246 -0.92 -0.874472 0.00284691
 247 -0.92 -0.874656 0.00284134
 248 -0.92 -0.874839 0.00283576
 249 -0.92 -0.87502 0.00283017
 250 -0.84 -0.87488 0.0028223
 251 -0.84 -0.874741 0.00281447
 252 -0.84 -0.874603 0.00280667
 253 -0.92 -0.874783 0.0028013
 254 -0.92 -0.874961 0.00279593
 255 -0.84 -0.874824 0.00278831
 256 -0.84 -0.874687 0.00278073
 257 -0.92 -0.874864 0.00277549
 258 -0.92 -0.875039 0.00277025
 259 -0.92 -0.875212 0.00276498
 260 -0.92 -0.875385 0.00275971
 261 -0.92 -0.875556 0.00275443
 262 -0.92 -0.875725 0.00274913
 263 -0.92 -0.875894 0.00274383
 264 -0.92 -0.876061 0.00273852
 265 -0.92 -0.876226 0.0027332
 266 -0.92 -0.876391 0.00272787
 267 -0.92 -0.876554 0.00272254
 268 -0.92 -0.876716 0.0027172
 269 -0.92 -0.876877 0.00271186
 270 -0.92 -0.877037 0.00270651
 271 -0.92 -0.877196 0.00270116
 272 -0.92 -0.877353 0.00269581
 273 -0.92 -0.877509 0.00269046
 274 -0.92 -0.877664 0.0026851
 275 -0.92 -0.877818 0.00267975
 276 -0.92 -0.877971 0.00267439
 277 -0.92 -0.878123 0.00266903
 278 -0.92 -0.878273 0.00266368
 279 -0.92 -0.878423 0.00265832
 280 -0.92 -0.878571 0.00265297
 281 -0.92 -0.878719 0.00264762
 282 -0.92 -0.878865 0.00264227
 283 -0.92 -0.879011 0.00263693
 284 -0.92 -0.879155 0.00263159
 285 -0.92 -0.879298 0.00262625
 286 -0.92 -0.879441 0.00262092
 287 -0.92 -0.879582 0.00261559
 288 -0.92 -0.879722 0.00261027
 289 -0.92 -0.879862 0.00260495
 290 -0.84 -0.879724 0.00259959
 291 -0.92 -0.879863 0.00259434
 292 -0.92 -0.88 0.00258909
 293 -0.92 -0.880137 0.00258385
 294 -0.92 -0.880272 0.00257861
 295 -0.92 -0.880407 0.00257338
 296 -0.84 -0.88027 0.0025683
 297 -0.84 -0.880135 0.00256323
 298 -0.76 -0.879732 0.00258623
 299 -0.76 -0.879331 0.00260848
 300 -0.76 -0.878933 0.00263003
 301 -0.76 -0.878538 0.00265089
 302 -0.76 -0.878146 0.00267109
 303 -0.76 -0.877756 0.00269066
 304 -0.76 -0.877368 0.00270963
 305 -0.76 -0.876984 0.00272801
 306 -0.76 -0.876601 0.00274582
 307 -0.92 -0.876743 0.00274051
 308 -0.92 -0.876883 0.00273521
 309 -0.92 -0.877023 0.00272991
 310 -0.92 -0.877161 0.00272462
 311 -0.92 -0.877299 0.00271934
 312 -0.92 -0.877436 0.00271406
 313 -0.92 -0.877572 0.00270879
 314 -0.92 -0.877707 0.00270353
 315 -0.92 -0.877841 0.00269827
 316 -0.92 -0.877975 0.00269303
 317 -0.92 -0.878107 0.00268779
 318 -0.92 -0.878239 0.00268256
 319 -0.92 -0.87837 0.00267734
 320 -0.92 -0.8785 0.00267213
 321 -0.92 -0.878629 0.00266693
 322 -0.92 -0.878758 0.00266174
 323 -0.92 -0.878885 0.00265655
 324 -0.92 -0.879012 0.00265138
 325 -0.92 -0.879138 0.00264622
 326 -0.92 -0.879264 0.00264106
 327 -0.92 -0.879388 0.00263592
 328 -0.92 -0.879512 0.00263078
 329 -0.92 -0.879635 0.00262566
 330 -0.92 -0.879758 0.00262055
 331 -0.92 -0.879879 0.00261545
 332 -0.92 -0.88 0.00261036
 333 -0.92 -0.88012 0.00260528
 334 -0.92 -0.88024 0.00260021
 335 -0.92 -0.880358 0.00259515
 336 -0.92 -0.880476 0.0025901
 337 -0.92 -0.880593 0.00258507
 338 -0.92 -0.88071 0.00258004
 339 -0.92 -0.880826 0.00257503
 340 -0.92 -0.880941 0.00257003
 341 -0.84 -0.880821 0.00256529
 342 -0.92 -0.880936 0.00256035
 343 -0.92 -0.88105 0.00255541
 344 -0.92 -0.881163 0.00255049
 345 -0.92 -0.881275 0.00254557
 346 -1 -0.881618 0.00256129
 347 -1 -0.88196 0.00257659
 348 -1 -0.882299 0.00259147
 349 -1 -0.882636 0.00260595
 350 -1 -0.882971 0.00262004
 351 -1 -0.883305 0.00263375
 352 -1 -0.883636 0.0026471
 353 -1 -0.883966 0.00266009
 354 -1 -0.884294 0.00267274
 355 -1 -0.88462 0.00268506
 356 -1 -0.884944 0.00269705
 357 -1 -0.885266 0.00270873
 358 -1 -0.885587 0.0027201
 359 -1 -0.885905 0.00273117
 360 -1 -0.886222 0.00274195
 361 -1 -0.886537 0.00275245
 362 -1 -0.886851 0.00276267
 363 -1 -0.887163 0.00277263
 364 -1 -0.887473 0.00278232
 365 -1 -0.887781 0.00279176
 366 -1 -0.888087 0.00280096
 367 -1 -0.888392 0.00280991
 368 -1 -0.888696 0.00281863
 369 -1 -0.888997 0.00282712
 370 -1 -0.889297 0.00283538
 371 -1 -0.889596 0.00284343
 372 -1 -0.889892 0.00285126
 373 -0.92 -0.889973 0.00284475
 374 -0.92 -0.890053 0.00283827
 375 -0.92 -0.890133 0.00283182
 376 -0.92 -0.890213 0.0028254
 377 -0.92 -0.890292 0.002819
 378 -0.92 -0.89037 0.00281263
 379 -0.92 -0.890449 0.00280629
 380 -0.92 -0.890526 0.00279997
 381 -0.92 -0.890604 0.00279369
 382 -0.92 -0.890681 0.00278742
 383 -1 -0.890966 0.00279475
 384 -1 -0.89125 0.00280189
 385 -1 -0.891532 0.00280884
 386 -1 -0.891813 0.00281561
 387 -1 -0.892093 0.00282221
 388 -1 -0.892371 0.00282863
 389 -1 -0.892648 0.00283488
 390 -1 -0.892923 0.00284097
 391 -1 -0.893197 0.0028469
 392 -1 -0.893469 0.00285267
 393 -1 -0.89374 0.00285828
 394 -1 -0.89401 0.00286374
 395 -1 -0.894278 0.00286906
 396 -1 -0.894545 0.00287423
 397 -1 -0.894811 0.00287926
 398 -1 -0.895075 0.00288415
 399 -0.92 -0.895138 0.00287759
 400 -0.92 -0.8952 0.00287106
 401 -1 -0.895461 0.0028758
 402 -1 -0.895721 0.0028804
 403 -1 -0.89598 0.00288487
 404 -1 -0.896238 0.00288921
 405 -1 -0.896494 0.00289344
 406 -1 -0.896749 0.00289754
 407 -1 -0.897002 0.00290152
 408 -1 -0.897255 0.00290539
 409 -1 -0.897506 0.00290914
 410 -1 -0.897756 0.00291279
 411 -1 -0.898005 0.00291632
 412 -1 -0.898252 0.00291975
 413 -1 -0.898499 0.00292307
 414 -1 -0.898744 0.00292629
 415 -1 -0.898988 0.00292941
 416 -1 -0.899231 0.00293243
 417 -1 -0.899472 0.00293535
 418 -1 -0.899713 0.00293818
 419 -1 -0.899952 0.00294091
 420 -0.92 -0.9 0.00293429
 421 -1 -0.900238 0.00293693
 422 -1 -0.900474 0.00293949
 423 -1 -0.900709 0.00294196
 424 -1 -0.900943 0.00294434
 425 -1 -0.901176 0.00294663
 426 -1 -0.901408 0.00294885
 427 -1 -0.901639 0.00295098
 428 -1 -0.901869 0.00295303
 429 -1 -0.902098 0.00295501
 430 -1 -0.902326 0.00295691
 431 -1 -0.902552 0.00295873
 432 -1 -0.902778 0.00296048
 433 -1 -0.903002 0.00296215
 434 -1 -0.903226 0.00296376
 435 -1 -0.903448 0.0029653
 436 -1 -0.90367 0.00296676
 437 -1 -0.90389 0.00296816
 438 -1 -0.90411 0.0029695
 439 -1 -0.904328 0.00297077
 440 -1 -0.904545 0.00297197
 441 -1 -0.904762 0.00297312
 442 -1 -0.904977 0.0029742
 443 -1 -0.905192 0.00297522
 444 -1 -0.905405 0.00297618
 445 -1 -0.905618 0.00297708
 446 -1 -0.90583 0.00297793
 447 -1 -0.90604 0.00297872
 448 -1 -0.90625 0.00297945
 449 -1 -0.906459 0.00298013
 450 -1 -0.906667 0.00298076
 451 -1 -0.906874 0.00298133
 452 -1 -0.90708 0.00298186
 453 -1 -0.907285 0.00298233
 454 -1 -0.907489 0.00298275
 455 -1 -0.907692 0.00298313
 456 -1 -0.907895 0.00298345
 457 -1 -0.908096 0.00298373
 458 -1 -0.908297 0.00298397
 459 -1 -0.908497 0.00298415
 460 -1 -0.908696 0.0029843
 461 -1 -0.908894 0.00298439
 462 -0.92 -0.908918 0.00297802
 463 -0.92 -0.908942 0.00297168
 464 -0.92 -0.908966 0.00296537
 465 -0.92 -0.908989 0.00295908
 466 -0.92 -0.909013 0.00295282
 467 -0.92 -0.909036 0.00294658
 468 -0.92 -0.90906 0.00294037
 469 -1 -0.909254 0.00294049
 470 -1 -0.909447 0.00294058
 471 -1 -0.909639 0.00294062
 472 -1 -0.909831 0.00294062
 473 -1 -0.910021 0.00294058
 474 -1 -0.910211 0.00294051
 475 -1 -0.9104 0.00294039
 476 -1 -0.910588 0.00294024
 477 -1 -0.910776 0.00294005
 478 -1 -0.910962 0.00293982
 479 -1 -0.911148 0.00293956
 480 -1 -0.911333 0.00293927
 481 -1 -0.911518 0.00293894
 482 -1 -0.911701 0.00293857
 483 -1 -0.911884 0.00293818
 484 -1 -0.912066 0.00293775
 485 -1 -0.912247 0.00293728
 486 -1 -0.912428 0.00293679
 487 -1 -0.912608 0.00293626
 488 -0.92 -0.912623 0.00293028
 489 -0.92 -0.912638 0.00292432
 490 -0.92 -0.912653 0.00291838
 491 -0.92 -0.912668 0.00291247
 492 -0.92 -0.912683 0.00290659
 493 -0.92 -0.912698 0.00290072
 494 -0.92 -0.912713 0.00289488
 495 -0.92 -0.912727 0.00288907
 496 -0.92 -0.912742 0.00288327
 497 -0.92 -0.912757 0.0028775
 498 -0.92 -0.912771 0.00287175
 499 -0.92 -0.912786 0.00286603
 500 -0.92 -0.9128 0.00286033
 501 -0.92 -0.912814 0.00285465
 502 -0.92 -0.912829 0.00284899
 503 -0.92 -0.912843 0.00284336
 504 -0.92 -0.912857 0.00283775
 505 -0.92 -0.912871 0.00283216
 506 -0.92 -0.912885 0.00282659
 507 -0.92 -0.912899 0.00282105
 508 -0.92 -0.912913 0.00281552
 509 -0.92 -0.912927 0.00281002
 510 -0.92 -0.912941 0.00280454
 511 -0.92 -0.912955 0.00279908
 512 -0.92 -0.912969 0.00279364
 513 -0.92 -0.912982 0.00278822
 514 -0.92 -0.912996 0.00278283
 515 -0.92 -0.91301 0.00277745
 516 -0.92 -0.913023 0.0027721
 517 -0.92 -0.913037 0.00276676
 518 -0.92 -0.91305 0.00276145
 519 -0.92 -0.913064 0.00275616
 520 -0.92 -0.913077 0.00275088
 521 -0.92 -0.91309 0.00274563
 522 -0.92 -0.913103 0.0027404
 523 -0.92 -0.913117 0.00273518
 524 -0.92 -0.91313 0.00272999
 525 -0.92 -0.913143 0.00272482
 526 -0.92 -0.913156 0.00271966
 527 -0.92 -0.913169 0.00271453
 528 -0.92 -0.913182 0.00270941
 529 -0.92 -0.913195 0.00270432
 530 -0.92 -0.913208 0.00269924
 531 -0.92 -0.91322 0.00269418
 532 -0.92 -0.913233 0.00268914
 533 -0.92 -0.913246 0.00268412
 534 -0.92 -0.913258 0.00267912
 535 -0.92 -0.913271 0.00267414
 536 -0.92 -0.913284 0.00266918
 537 -0.92 -0.913296 0.00266423
 538 -0.92 -0.913309 0.0026593
 539 -0.92 -0.913321 0.00265439
 540 -0.92 -0.913333 0.0026495
 541 -0.92 -0.913346 0.00264463
 542 -0.92 -0.913358 0.00263977
 543 -0.92 -0.91337 0.00263494
 544 -1 -0.913529 0.0026349
 545 -1 -0.913688 0.00263485
 546 -1 -0.913846 0.00263476
 547 -1 -0.914004 0.00263465
 548 -1 -0.914161 0.00263452
 549 -1 -0.914317 0.00263436
 550 -1 -0.914473 0.00263418
 551 -1 -0.914628 0.00263397
 552 -1 -0.914783 0.00263374
 553 -1 -0.914937 0.00263348
 554 -1 -0.91509 0.00263321
 555 -1 -0.915243 0.00263291
 556 -1 -0.915396 0.00263258
 557 -1 -0.915548 0.00263224
 558 -1 -0.915699 0.00263187
 559 -1 -0.91585 0.00263149
 560 -1 -0.916 0.00263108
 561 -1 -0.91615 0.00263065
 562 -1 -0.916299 0.0026302
 563 -1 -0.916448 0.00262973
 564 -1 -0.916596 0.00262924
 565 -1 -0.916743 0.00262873
 566 -1 -0.91689 0.0026282
 567 -1 -0.917037 0.00262765
 568 -1 -0.917183 0.00262708
 569 -0.92 -0.917188 0.00262247
 570 -0.92 -0.917193 0.00261787
 571 -0.92 -0.917198 0.00261328
 572 -1 -0.917343 0.00261272
 573 -1 -0.917487 0.00261215
 574 -1 -0.917631 0.00261155
 575 -1 -0.917774 0.00261094
 576 -1 -0.917917 0.00261031
 577 -1 -0.918059 0.00260966
 578 -1 -0.918201 0.002609
 579 -1 -0.918342 0.00260831
 580 -1 -0.918483 0.00260762
 581 -1 -0.918623 0.0026069
 582 -1 -0.918763 0.00260617
 583 -1 -0.918902 0.00260543
 584 -1 -0.919041 0.00260467
 585 -1 -0.919179 0.00260389
 586 -1 -0.919317 0.0026031
 587 -1 -0.919455 0.0026023
 588 -1 -0.919592 0.00260147
 589 -1 -0.919728 0.00260064
 590 -1 -0.919864 0.00259979
 591 -1 -0.92 0.00259893
 592 -1 -0.920135 0.00259805
 593 -1 -0.92027 0.00259716
 594 -1 -0.920404 0.00259626
 595 -1 -0.920538 0.00259534
 596 -1 -0.920671 0.00259441
 597 -1 -0.920804 0.00259347
 598 -1 -0.920936 0.00259251
 599 -1 -0.921068 0.00259154
 600 -1 -0.9212 0.00259056
 601 -1 -0.921331 0.00258957
 602 -1 -0.921462 0.00258856
 603 -1 -0.921592 0.00258755
 604 -1 -0.921722 0.00258652
 605 -1 -0.921851 0.00258548
 606 -1 -0.92198 0.00258443
 607 -1 -0.922109 0.00258337
 608 -1 -0.922237 0.0025823
 609 -1 -0.922365 0.00258121
 610 -1 -0.922492 0.00258012
 611 -1 -0.922619 0.00257901
 612 -1 -0.922745 0.0025779
 613 -1 -0.922871 0.00257677
 614 -1 -0.922997 0.00257564
 615 -1 -0.923122 0.00257449
 616 -1 -0.923247 0.00257334
 617 -1 -0.923371 0.00257217
 618 -1 -0.923495 0.002571
 619 -1 -0.923619 0.00256982
 620 -1 -0.923742 0.00256863
 621 -1 -0.923865 0.00256742
 622 -1 -0.923987 0.00256621
 623 -1 -0.924109 0.002565
 624 -1 -0.924231 0.00256377
 625 -1 -0.924352 0.00256253
 626 -1 -0.924473 0.00256129
 627 -1 -0.924593 0.00256003
 628 -1 -0.924713 0.00255877
 629 -1 -0.924833 0.00255751
 630 -1 -0.924952 0.00255623
 631 -0.92 -0.924945 0.00255219
 632 -1 -0.925063 0.00255091
 633 -1 -0.925182 0.00254963
 634 -1 -0.9253 0.00254834
 635 -1 -0.925417 0.00254704
 636 -1 -0.925535 0.00254573
 637 -1 -0.925651 0.00254442
 638 -1 -0.925768 0.0025431
 639 -1 -0.925884 0.00254177
 640 -1 -0.926 0.00254044
 641 -1 -0.926115 0.0025391
 642 -1 -0.926231 0.00253775
 643 -1 -0.926345 0.0025364
 644 -1 -0.92646 0.00253504
 645 -1 -0.926574 0.00253367
 646 -1 -0.926687 0.0025323
 647 -1 -0.926801 0.00253092
 648 -1 -0.926914 0.00252953
 649 -1 -0.927026 0.00252814
 650 -1 -0.927138 0.00252675
 651 -1 -0.92725 0.00252534
 652 -0.92 -0.927239 0.00252149
 653 -0.92 -0.927228 0.00251765
 654 -0.92 -0.927217 0.00251382
 655 -0.92 -0.927206 0.00251001
 656 -0.92 -0.927195 0.0025062
 657 -1 -0.927306 0.00250484
 658 -1 -0.927416 0.00250347
 659 -1 -0.927527 0.00250209
 660 -1 -0.927636 0.00250071
 661 -1 -0.927746 0.00249932
 662 -1 -0.927855 0.00249793
 663 -1 -0.927964 0.00249653
 664 -1 -0.928072 0.00249513
 665 -1 -0.92818 0.00249372
 666 -1 -0.928288 0.00249231
 667 -1 -0.928396 0.00249089
 668 -1 -0.928503 0.00248946
 669 -1 -0.92861 0.00248804
 670 -1 -0.928716 0.0024866
 671 -1 -0.928823 0.00248517
 672 -1 -0.928929 0.00248373
 673 -0.92 -0.928915 0.00248007
 674 -1 -0.929021 0.00247863
 675 -1 -0.929126 0.00247719
 676 -1 -0.929231 0.00247574
 677 -1 -0.929335 0.00247429
 678 -1 -0.92944 0.00247284
 679 -1 -0.929543 0.00247138
 680 -1 -0.929647 0.00246992
 681 -1 -0.92975 0.00246845
 682 -1 -0.929853 0.00246698
 683 -1 -0.929956 0.0024655
 684 -1 -0.930058 0.00246403
 685 -1 -0.930161 0.00246254
 686 -0.92 -0.930146 0.002459
 687 -1 -0.930247 0.00245752
 688 -1 -0.930349 0.00245604
 689 -1 -0.93045 0.00245455
 690 -1 -0.930551 0.00245306
 691 -1 -0.930651 0.00245157
 692 -1 -0.930751 0.00245008
 693 -1 -0.930851 0.00244858
 694 -1 -0.930951 0.00244708
 695 -1 -0.93105 0.00244557
 696 -1 -0.931149 0.00244407
 697 -1 -0.931248 0.00244255
 698 -1 -0.931347 0.00244104
 699 -0.92 -0.93133 0.0024376
 700 -0.92 -0.931314 0.00243417
 701 -0.92 -0.931298 0.00243075
 702 -1 -0.931396 0.00242926
 703 -1 -0.931494 0.00242776
 704 -1 -0.931591 0.00242626
 705 -1 -0.931688 0.00242476
 706 -1 -0.931785 0.00242325
 707 -1 -0.931881 0.00242175
 708 -1 -0.931977 0.00242024
 709 -1 -0.932073 0.00241873
 710 -1 -0.932169 0.00241721
 711 -1 -0.932264 0.00241569
 712 -1 -0.93236 0.00241417
 713 -0.92 -0.932342 0.00241085
 714 -1 -0.932437 0.00240933
 715 -1 -0.932531 0.00240781
 716 -1 -0.932626 0.0024063
 717 -1 -0.93272 0.00240477
 718 -1 -0.932813 0.00240325
 719 -1 -0.932907 0.00240172
 720 -1 -0.933 0.00240019
 721 -1 -0.933093 0.00239866
 722 -1 -0.933186 0.00239713
 723 -1 -0.933278 0.0023956
 724 -1 -0.93337 0.00239406
 725 -1 -0.933462 0.00239252
 726 -1 -0.933554 0.00239098
 727 -1 -0.933645 0.00238944
 728 -1 -0.933736 0.00238789
 729 -1 -0.933827 0.00238635
 730 -1 -0.933918 0.0023848
 731 -1 -0.934008 0.00238325
 732 -1 -0.934098 0.0023817
 733 -1 -0.934188 0.00238015
 734 -1 -0.934278 0.00237859
 735 -1 -0.934367 0.00237704
 736 -1 -0.934457 0.00237548
 737 -1 -0.934545 0.00237392
 738 -1 -0.934634 0.00237236
 739 -1 -0.934723 0.0023708
 740 -1 -0.934811 0.00236923
 741 -0.92 -0.934791 0.00236612
 742 -0.92 -0.934771 0.00236301
 743 -0.92 -0.934751 0.00235991
 744 -0.92 -0.934731 0.00235682
 745 -0.92 -0.934711 0.00235374
 746 -0.92 -0.934692 0.00235067
 747 -0.92 -0.934672 0.0023476
 748 -0.92 -0.934652 0.00234454
 749 -0.92 -0.934633 0.00234149
 750 -0.92 -0.934613 0.00233845
 751 -0.92 -0.934594 0.00233541
 752 -0.92 -0.934574 0.00233239
 753 -0.92 -0.934555 0.00232937
 754 -0.92 -0.934536 0.00232636
 755 -0.92 -0.934517 0.00232335
 756 -0.92 -0.934497 0.00232036
 757 -0.92 -0.934478 0.00231737
 758 -0.92 -0.934459 0.00231439
 759 -0.92 -0.93444 0.00231141
 760 -0.92 -0.934421 0.00230845
 761 -0.92 -0.934402 0.00230549
 762 -0.92 -0.934383 0.00230254
 763 -0.92 -0.934364 0.0022996
 764 -0.92 -0.934346 0.00229666
 765 -0.92 -0.934327 0.00229374
 766 -0.92 -0.934308 0.00229082
 767 -0.92 -0.934289 0.0022879
 768 -0.92 -0.934271 0.002285
 769 -0.92 -0.934252 0.0022821
 770 -0.92 -0.934234 0.00227921
 771 -0.92 -0.934215 0.00227633
 772 -0.92 -0.934197 0.00227345
 773 -0.92 -0.934179 0.00227058
 774 -0.92 -0.93416 0.00226772
 775 -0.92 -0.934142 0.00226487
 776 -0.92 -0.934124 0.00226202
 777 -0.92 -0.934106 0.00225918
 778 -0.92 -0.934087 0.00225635
 779 -0.92 -0.934069 0.00225352
 780 -0.84 -0.933949 0.00225386
 781 -0.84 -0.933828 0.00225418
 782 -0.84 -0.933708 0.00225449
 783 -0.92 -0.933691 0.00225168
 784 -0.92 -0.933673 0.00224888
 785 -0.92 -0.933656 0.00224608
 786 -0.92 -0.933639 0.00224328
 787 -0.92 -0.933621 0.0022405
 788 -0.92 -0.933604 0.00223772
 789 -0.92 -0.933587 0.00223495
 790 -0.92 -0.93357 0.00223218
 791 -0.92 -0.933552 0.00222943
 792 -0.92 -0.933535 0.00222668
 793 -0.92 -0.933518 0.00222393
 794 -0.92 -0.933501 0.00222119
 795 -0.92 -0.933484 0.00221846
 796 -0.92 -0.933467 0.00221574
 797 -0.92 -0.93345 0.00221302
 798 -0.92 -0.933434 0.00221031
 799 -0.92 -0.933417 0.00220761
 800 -0.92 -0.9334 0.00220491
 801 -0.92 -0.933383 0.00220222
 802 -0.92 -0.933367 0.00219953
 803 -0.92 -0.93335 0.00219686
 804 -0.92 -0.933333 0.00219419
 805 -0.92 -0.933317 0.00219152
 806 -0.84 -0.933201 0.00219186
 807 -0.84 -0.933086 0.00219219
 808 -0.92 -0.933069 0.00218953
 809 -0.92 -0.933053 0.00218688
 810 -0.92 -0.933037 0.00218424
 811 -0.92 -0.933021 0.00218161
 812 -0.92 -0.933005 0.00217898
 813 -0.92 -0.932989 0.00217635
 814 -0.92 -0.932973 0.00217374
 815 -0.92 -0.932957 0.00217113
 816 -0.92 -0.932941 0.00216852
 817 -0.92 -0.932925 0.00216592
 818 -0.92 -0.93291 0.00216333
 819 -0.92 -0.932894 0.00216075
 820 -0.92 -0.932878 0.00215817
 821 -0.92 -0.932862 0.00215559
 822 -0.92 -0.932847 0.00215303
 823 -0.92 -0.932831 0.00215047
 824 -0.92 -0.932816 0.00214791
 825 -1 -0.932897 0.00214685
 826 -0.92 -0.932881 0.00214431
 827 -0.92 -0.932866 0.00214177
 828 -1 -0.932947 0.00214072
 829 -1 -0.933028 0.00213966
 830 -1 -0.933108 0.00213861
 831 -1 -0.933189 0.00213755
 832 -1 -0.933269 0.00213649
 833 -1 -0.933349 0.00213542
 834 -1 -0.933429 0.00213436
 835 -1 -0.933509 0.00213329
 836 -1 -0.933589 0.00213222
 837 -1 -0.933668 0.00213115
 838 -1 -0.933747 0.00213008
 839 -1 -0.933826 0.002129
 840 -1 -0.933905 0.00212792
 841 -0.92 -0.933888 0.00212546
 842 -1 -0.933967 0.00212438
 843 -1 -0.934045 0.0021233
 844 -1 -0.934123 0.00212223
 845 -1 -0.934201 0.00212115
 846 -1 -0.934279 0.00212007
 847 -1 -0.934357 0.00211898
 848 -1 -0.934434 0.0021179
 849 -1 -0.934511 0.00211681
 850 -1 -0.934588 0.00211572
 851 -1 -0.934665 0.00211463
 852 -1 -0.934742 0.00211354
 853 -1 -0.934818 0.00211245
 854 -1 -0.934895 0.00211135
 855 -1 -0.934971 0.00211025
 856 -1 -0.935047 0.00210916
 857 -1 -0.935123 0.00210806
 858 -1 -0.935198 0.00210696
 859 -1 -0.935274 0.00210585
 860 -0.92 -0.935256 0.00210348
 861 -0.92 -0.935238 0.00210111
 862 -0.92 -0.93522 0.00209874
 863 -1 -0.935295 0.00209765
 864 -1 -0.93537 0.00209656
 865 -1 -0.935445 0.00209547
 866 -1 -0.93552 0.00209438
 867 -1 -0.935594 0.00209328
 868 -0.92 -0.935576 0.00209094
 869 -1 -0.93565 0.00208985
 870 -1 -0.935724 0.00208876
 871 -1 -0.935798 0.00208766
 872 -1 -0.935872 0.00208657
 873 -1 -0.935945 0.00208547
 874 -1 -0.936018 0.00208437
 875 -1 -0.936091 0.00208327
 876 -1 -0.936164 0.00208217
 877 -1 -0.936237 0.00208107
 878 -1 -0.93631 0.00207997
 879 -1 -0.936382 0.00207886
 880 -0.92 -0.936364 0.00207658
 881 -1 -0.936436 0.00207548
 882 -1 -0.936508 0.00207438
 883 -1 -0.93658 0.00207327
 884 -1 -0.936652 0.00207217
 885 -1 -0.936723 0.00207106
 886 -1 -0.936795 0.00206996
 887 -1 -0.936866 0.00206885
 888 -1 -0.936937 0.00206774
 889 -0.92 -0.936918 0.0020655
 890 -0.92 -0.936899 0.00206327
 891 -0.92 -0.93688 0.00206104
 892 -0.84 -0.936771 0.00206159
 893 -0.84 -0.936663 0.00206213
 894 -0.84 -0.936555 0.00206266
 895 -0.84 -0.936447 0.00206317
 896 -0.84 -0.936339 0.00206368
 897 -0.92 -0.936321 0.00206146
 898 -0.92 -0.936303 0.00205924
 899 -0.92 -0.936285 0.00205703
 900 -0.92 -0.936267 0.00205482
 901 -0.92 -0.936249 0.00205262
 902 -0.92 -0.936231 0.00205042
 903 -0.92 -0.936213 0.00204823
 904 -0.92 -0.936195 0.00204604
 905 -0.92 -0.936177 0.00204386
 906 -0.92 -0.936159 0.00204168
 907 -0.92 -0.936141 0.0020395
 908 -0.92 -0.936123 0.00203733
 909 -0.92 -0.936106 0.00203517
 910 -0.92 -0.936088 0.00203301
 911 -0.92 -0.93607 0.00203085
 912 -0.92 -0.936053 0.0020287
 913 -0.92 -0.936035 0.00202655
 914 -0.92 -0.936018 0.00202441
 915 -0.92 -0.936 0.00202227
 916 -0.92 -0.935983 0.00202014
 917 -0.92 -0.935965 0.00201801
 918 -0.92 -0.935948 0.00201589
 919 -0.92 -0.93593 0.00201377
 920 -0.92 -0.935913 0.00201165
 921 -0.92 -0.935896 0.00200954
 922 -0.92 -0.935879 0.00200743
 923 -0.84 -0.935775 0.00200794
 924 -0.76 -0.935584 0.00201477
 925 -0.84 -0.935481 0.00201524
 926 -0.84 -0.935378 0.0020157
 927 -0.84 -0.935275 0.00201616
 928 -0.84 -0.935172 0.0020166
 929 -0.84 -0.93507 0.00201703
 930 -0.84 -0.934968 0.00201745
 931 -0.84 -0.934866 0.00201786
 932 -0.84 -0.934764 0.00201826
 933 -0.84 -0.934662 0.00201866
 934 -0.84 -0.934561 0.00201904
 935 -0.84 -0.93446 0.00201941
 936 -0.84 -0.934359 0.00201978
 937 -0.84 -0.934258 0.00202013
 938 -0.76 -0.934072 0.00202651
 939 -0.76 -0.933887 0.00203282
 940 -0.84 -0.933787 0.00203311
 941 -0.84 -0.933688 0.0020334
 942 -0.92 -0.933673 0.00203129
 943 -0.92 -0.933659 0.00202918
 944 -0.92 -0.933644 0.00202708
 945 -0.92 -0.93363 0.00202499
 946 -0.92 -0.933615 0.0020229
 947 -0.92 -0.933601 0.00202081
 948 -0.92 -0.933586 0.00201873
 949 -0.92 -0.933572 0.00201665
 950 -0.92 -0.933558 0.00201458
 951 -0.92 -0.933544 0.00201251
 952 -0.92 -0.933529 0.00201045
 953 -0.92 -0.933515 0.00200839
 954 -0.92 -0.933501 0.00200633
 955 -0.92 -0.933487 0.00200428
 956 -0.92 -0.933473 0.00200223
 957 -0.92 -0.933459 0.00200019
 958 -0.92 -0.933445 0.00199815
 959 -0.92 -0.933431 0.00199611
 960 -0.92 -0.933417 0.00199408
 961 -0.92 -0.933403 0.00199205
 962 -0.92 -0.933389 0.00199003
 963 -0.92 -0.933375 0.00198801
 964 -0.92 -0.933361 0.001986
 965 -0.92 -0.933347 0.00198399
 966 -0.92 -0.933333 0.00198198
 967 -0.92 -0.93332 0.00197998
 968 -0.84 -0.933223 0.00198028
 969 -0.92 -0.933209 0.00197828
 970 -0.84 -0.933113 0.00197857
 971 -0.92 -0.9331 0.00197658
 972 -0.92 -0.933086 0.00197459
 973 -0.92 -0.933073 0.00197261
 974 -0.92 -0.93306 0.00197063
 975 -0.92 -0.933046 0.00196865
 976 -0.92 -0.933033 0.00196668
 977 -0.92 -0.933019 0.00196471
 978 -0.92 -0.933006 0.00196275
 979 -0.92 -0.932993 0.00196078
 980 -0.92 -0.93298 0.00195883
 981 -0.92 -0.932966 0.00195687
 982 -0.92 -0.932953 0.00195493
 983 -0.92 -0.93294 0.00195298
 984 -0.92 -0.932927 0.00195104
 985 -0.92 -0.932914 0.0019491
 986 -0.92 -0.932901 0.00194717
 987 -0.92 -0.932888 0.00194524
 988 -0.92 -0.932874 0.00194331
 989 -0.92 -0.932861 0.00194139
 990 -0.92 -0.932848 0.00193947
 991 -0.92 -0.932836 0.00193756
 992 -0.92 -0.932823 0.00193564
 993 -0.92 -0.93281 0.00193374
 994 -0.92 -0.932797 0.00193183
 995 -0.92 -0.932784 0.00192993
 996 -0.92 -0.932771 0.00192804
 997 -0.92 -0.932758 0.00192615
 998 -0.92 -0.932745 0.00192426
 999 -0.84 -0.932653 0.00192457
 1000 -0.84 -0.93256 0.00192488
 1001 -0.84 -0.932468 0.00192518
 1002 -0.84 -0.932375 0.00192547
 1003 -0.84 -0.932283 0.00192575
 1004 -0.92 -0.932271 0.00192387
 1005 -0.92 -0.932259 0.00192199
 1006 -0.92 -0.932247 0.00192012
 1007 -0.92 -0.932234 0.00191825
 1008 -0.92 -0.932222 0.00191638
 1009 -0.92 -0.93221 0.00191452
 1010 -0.92 -0.932198 0.00191266
 1011 -0.92 -0.932186 0.00191081
 1012 -0.92 -0.932174 0.00190896
 1013 -0.92 -0.932162 0.00190711
 1014 -0.92 -0.93215 0.00190527
 1015 -0.92 -0.932138 0.00190343
 1016 -0.92 -0.932126 0.00190159
 1017 -0.92 -0.932114 0.00189976
 1018 -0.92 -0.932102 0.00189793
 1019 -0.92 -0.93209 0.0018961
 1020 -0.92 -0.932078 0.00189428
 1021 -0.84 -0.931988 0.00189457
 1022 -0.84 -0.931898 0.00189485
 1023 -0.84 -0.931808 0.00189513
 1024 -0.84 -0.931719 0.0018954
 1025 -0.92 -0.931707 0.00189358
 1026 -0.92 -0.931696 0.00189177
 1027 -0.92 -0.931685 0.00188996
 1028 -0.92 -0.931673 0.00188816
 1029 -0.92 -0.931662 0.00188636
 1030 -0.92 -0.93165 0.00188456
 1031 -0.92 -0.931639 0.00188276
 1032 -0.92 -0.931628 0.00188097
 1033 -0.92 -0.931617 0.00187918
 1034 -0.92 -0.931605 0.0018774
 1035 -0.92 -0.931594 0.00187562
 1036 -0.92 -0.931583 0.00187384
 1037 -0.92 -0.931572 0.00187207
 1038 -0.92 -0.931561 0.00187029
 1039 -0.92 -0.93155 0.00186853
 1040 -0.92 -0.931538 0.00186676
 1041 -0.92 -0.931527 0.001865
 1042 -0.92 -0.931516 0.00186324
 1043 -0.92 -0.931505 0.00186149
 1044 -0.92 -0.931494 0.00185974
 1045 -0.92 -0.931483 0.00185799
 1046 -0.92 -0.931472 0.00185625
 1047 -0.92 -0.931461 0.0018545
 1048 -0.92 -0.93145 0.00185277
 1049 -0.92 -0.931439 0.00185103
 1050 -0.92 -0.931429 0.0018493
 1051 -0.92 -0.931418 0.00184757
 1052 -0.92 -0.931407 0.00184585
 1053 -0.92 -0.931396 0.00184412
 1054 -0.92 -0.931385 0.0018424
 1055 -0.92 -0.931374 0.00184069
 1056 -0.92 -0.931364 0.00183898
 1057 -0.92 -0.931353 0.00183727
 1058 -0.92 -0.931342 0.00183556
 1059 -0.92 -0.931331 0.00183386
 1060 -0.92 -0.931321 0.00183216
 1061 -0.92 -0.93131 0.00183046
 1062 -0.92 -0.931299 0.00182877
 1063 -0.92 -0.931289 0.00182708
 1064 -0.92 -0.931278 0.00182539
 1065 -0.92 -0.931268 0.00182371
 1066 -0.92 -0.931257 0.00182203
 1067 -0.92 -0.931246 0.00182035
 1068 -0.92 -0.931236 0.00181867
 1069 -0.92 -0.931225 0.001817
 1070 -0.92 -0.931215 0.00181533
 1071 -0.92 -0.931204 0.00181367
 1072 -0.92 -0.931194 0.00181201
 1073 -0.92 -0.931184 0.00181035
 1074 -0.92 -0.931173 0.00180869
 1075 -0.92 -0.931163 0.00180704
 1076 -0.92 -0.931152 0.00180539
 1077 -0.84 -0.931068 0.00180569
 1078 -0.92 -0.931058 0.00180405
 1079 -0.92 -0.931047 0.0018024
 1080 -0.92 -0.931037 0.00180076
 1081 -0.92 -0.931027 0.00179913
 1082 -0.92 -0.931017 0.00179749
 1083 -0.92 -0.931006 0.00179586
 1084 -0.92 -0.930996 0.00179423
 1085 -0.92 -0.930986 0.0017926
 1086 -0.92 -0.930976 0.00179098
 1087 -0.92 -0.930966 0.00178936
 1088 -0.92 -0.930956 0.00178774
 1089 -0.92 -0.930946 0.00178613
 1090 -0.92 -0.930936 0.00178452
 1091 -0.92 -0.930926 0.00178291
 1092 -0.92 -0.930916 0.00178131
 1093 -0.92 -0.930906 0.0017797
 1094 -0.92 -0.930896 0.0017781
 1095 -0.92 -0.930886 0.00177651
 1096 -0.92 -0.930876 0.00177491
 1097 -0.92 -0.930866 0.00177332
 1098 -0.92 -0.930856 0.00177173
 1099 -0.92 -0.930846 0.00177015
 1100 -0.92 -0.930836 0.00176857
 1101 -0.92 -0.930827 0.00176699
 1102 -0.92 -0.930817 0.00176541
 1103 -0.92 -0.930807 0.00176384
 1104 -0.92 -0.930797 0.00176226
 1105 -0.92 -0.930787 0.0017607
 1106 -0.84 -0.930705 0.00176102
 1107 -0.84 -0.930623 0.00176133
 1108 -0.92 -0.930614 0.00175977
 1109 -1 -0.930676 0.00175929
 1110 -1 -0.930739 0.00175882
 1111 -1 -0.930801 0.00175834
 1112 -1 -0.930863 0.00175786
 1113 -1 -0.930925 0.00175738
 1114 -1 -0.930987 0.00175689
 1115 -1 -0.931049 0.00175641
 1116 -1 -0.931111 0.00175592
 1117 -1 -0.931173 0.00175543
 1118 -1 -0.931234 0.00175494
 1119 -0.92 -0.931224 0.0017534
 1120 -0.92 -0.931214 0.00175186
 1121 -0.84 -0.931133 0.00175219
 1122 -0.92 -0.931123 0.00175066
 1123 -0.92 -0.931113 0.00174912
 1124 -0.92 -0.931103 0.0017476
 1125 -0.92 -0.931093 0.00174607
 1126 -0.92 -0.931083 0.00174455
 1127 -0.92 -0.931074 0.00174303
 1128 -0.92 -0.931064 0.00174151
 1129 -0.92 -0.931054 0.00173999
 1130 -0.92 -0.931044 0.00173848
 1131 -0.92 -0.931034 0.00173697
 1132 -0.92 -0.931025 0.00173546
 1133 -0.92 -0.931015 0.00173395
 1134 -0.92 -0.931005 0.00173245
 1135 -0.92 -0.930996 0.00173095
 1136 -0.92 -0.930986 0.00172946
 1137 -0.92 -0.930976 0.00172796
 1138 -0.92 -0.930967 0.00172647
 1139 -0.92 -0.930957 0.00172498
 1140 -0.92 -0.930947 0.00172349
 1141 -0.92 -0.930938 0.00172201
 1142 -0.92 -0.930928 0.00172053
 1143 -0.92 -0.930919 0.00171905
 1144 -0.92 -0.930909 0.00171757
 1145 -0.92 -0.9309 0.0017161
 1146 -0.92 -0.93089 0.00171462
 1147 -0.92 -0.930881 0.00171315
 1148 -0.92 -0.930871 0.00171169
 1149 -0.92 -0.930862 0.00171022
 1150 -0.84 -0.930783 0.00171056
 1151 -0.92 -0.930773 0.0017091
 1152 -0.92 -0.930764 0.00170764
 1153 -0.92 -0.930755 0.00170619
 1154 -0.92 -0.930745 0.00170473
 1155 -0.92 -0.930736 0.00170328
 1156 -0.92 -0.930727 0.00170183
 1157 -0.92 -0.930717 0.00170039
 1158 -0.92 -0.930708 0.00169894
 1159 -0.92 -0.930699 0.0016975
 1160 -0.92 -0.93069 0.00169606
 1161 -0.92 -0.93068 0.00169462
 1162 -0.92 -0.930671 0.00169319
 1163 -0.92 -0.930662 0.00169176
 1164 -0.92 -0.930653 0.00169033
 1165 -0.92 -0.930644 0.0016889
 1166 -0.92 -0.930635 0.00168748
 1167 -0.92 -0.930626 0.00168606
 1168 -0.92 -0.930616 0.00168464
 1169 -0.92 -0.930607 0.00168322
 1170 -0.92 -0.930598 0.00168181
 1171 -0.92 -0.930589 0.00168039
 1172 -0.92 -0.93058 0.00167898
 1173 -0.92 -0.930571 0.00167757
 1174 -0.92 -0.930562 0.00167617
 1175 -0.92 -0.930553 0.00167477
 1176 -0.92 -0.930544 0.00167337
 1177 -0.92 -0.930535 0.00167197
 1178 -0.92 -0.930526 0.00167057
 1179 -0.92 -0.930517 0.00166918
 1180 -0.92 -0.930508 0.00166779
 1181 -0.92 -0.9305 0.0016664
 1182 -0.92 -0.930491 0.00166501
 1183 -0.92 -0.930482 0.00166363
 1184 -0.92 -0.930473 0.00166224
 1185 -0.92 -0.930464 0.00166086
 1186 -0.92 -0.930455 0.00165949
 1187 -0.92 -0.930447 0.00165811
 1188 -0.92 -0.930438 0.00165674
 1189 -0.92 -0.930429 0.00165537
 1190 -0.92 -0.93042 0.001654
 1191 -0.92 -0.930411 0.00165263
 1192 -0.92 -0.930403 0.00165127
 1193 -0.92 -0.930394 0.00164991
 1194 -0.92 -0.930385 0.00164855
 1195 -0.92 -0.930377 0.00164719
 1196 -0.92 -0.930368 0.00164584
 1197 -0.92 -0.930359 0.00164448
 1198 -0.92 -0.930351 0.00164313
 1199 -0.92 -0.930342 0.00164178
 1200 -0.92 -0.930333 0.00164044
 1201 -0.92 -0.930325 0.00163909
 1202 -0.92 -0.930316 0.00163775
 1203 -0.92 -0.930308 0.00163641
 1204 -0.84 -0.930233 0.00163677
 1205 -0.92 -0.930224 0.00163544
 1206 -0.92 -0.930216 0.0016341
 1207 -0.92 -0.930207 0.00163277
 1208 -0.92 -0.930199 0.00163144
 1209 -0.92 -0.93019 0.00163011
 1210 -0.92 -0.930182 0.00162878
 1211 -0.92 -0.930173 0.00162746
 1212 -0.92 -0.930165 0.00162614
 1213 -0.92 -0.930157 0.00162482
 1214 -0.92 -0.930148 0.0016235
 1215 -0.92 -0.93014 0.00162219
 1216 -0.92 -0.930132 0.00162087
 1217 -0.92 -0.930123 0.00161956
 1218 -0.92 -0.930115 0.00161825
 1219 -0.92 -0.930107 0.00161695
 1220 -0.92 -0.930098 0.00161564
 1221 -0.92 -0.93009 0.00161434
 1222 -0.92 -0.930082 0.00161304
 1223 -0.92 -0.930074 0.00161174
 1224 -0.92 -0.930065 0.00161045
 1225 -0.92 -0.930057 0.00160915
 1226 -0.92 -0.930049 0.00160786
 1227 -0.92 -0.930041 0.00160657
 1228 -0.92 -0.930033 0.00160528
 1229 -0.92 -0.930024 0.00160399
 1230 -0.92 -0.930016 0.00160271
 1231 -0.92 -0.930008 0.00160143
 1232 -0.84 -0.929935 0.0016018
 1233 -0.92 -0.929927 0.00160052
 1234 -0.92 -0.929919 0.00159924
 1235 -0.92 -0.929911 0.00159796
 1236 -0.92 -0.929903 0.00159669
 1237 -0.92 -0.929895 0.00159542
 1238 -0.92 -0.929887 0.00159415
 1239 -0.84 -0.929814 0.00159451
 1240 -0.84 -0.929742 0.00159487
 1241 -0.84 -0.92967 0.00159523
 1242 -0.84 -0.929597 0.00159558
 1243 -0.92 -0.92959 0.00159431
 1244 -0.92 -0.929582 0.00159305
 1245 -0.92 -0.929574 0.00159179
 1246 -0.92 -0.929567 0.00159053
 1247 -0.92 -0.929559 0.00158927
 1248 -0.92 -0.929551 0.00158801
 1249 -0.92 -0.929544 0.00158676
 1250 -0.92 -0.929536 0.00158551
 1251 -0.92 -0.929528 0.00158426
 1252 -0.92 -0.929521 0.00158301
 1253 -0.92 -0.929513 0.00158177
 1254 -0.92 -0.929506 0.00158052
 1255 -0.92 -0.929498 0.00157928
 1256 -0.92 -0.92949 0.00157804
 1257 -0.92 -0.929483 0.0015768
 1258 -0.92 -0.929475 0.00157557
 1259 -0.92 -0.929468 0.00157433
 1260 -0.92 -0.92946 0.0015731
 1261 -0.92 -0.929453 0.00157187
 1262 -0.92 -0.929445 0.00157064
 1263 -0.92 -0.929438 0.00156942
 1264 -0.92 -0.92943 0.00156819
 1265 -0.92 -0.929423 0.00156697
 1266 -0.92 -0.929415 0.00156575
 1267 -0.92 -0.929408 0.00156453
 1268 -0.92 -0.929401 0.00156331
 1269 -0.92 -0.929393 0.0015621
 1270 -0.92 -0.929386 0.00156089
 1271 -0.92 -0.929378 0.00155968
 1272 -0.92 -0.929371 0.00155847
 1273 -0.92 -0.929364 0.00155726
 1274 -0.92 -0.929356 0.00155605
 1275 -0.92 -0.929349 0.00155485
 1276 -0.92 -0.929342 0.00155365
 1277 -0.92 -0.929334 0.00155245
 1278 -0.92 -0.929327 0.00155125
 1279 -0.92 -0.92932 0.00155005
 1280 -0.92 -0.929313 0.00154886
 1281 -0.92 -0.929305 0.00154767
 1282 -0.92 -0.929298 0.00154648
 1283 -0.92 -0.929291 0.00154529
 1284 -0.92 -0.929283 0.0015441
 1285 -0.92 -0.929276 0.00154292
 1286 -0.92 -0.929269 0.00154173
 1287 -0.92 -0.929262 0.00154055
 1288 -0.84 -0.929193 0.00154091
 1289 -0.84 -0.929123 0.00154127
 1290 -0.84 -0.929054 0.00154162
 1291 -0.92 -0.929047 0.00154045
 1292 -0.92 -0.92904 0.00153927
 1293 -0.92 -0.929033 0.00153809
 1294 -0.92 -0.929026 0.00153692
 1295 -0.92 -0.929019 0.00153575
 1296 -0.92 -0.929012 0.00153458
 1297 -0.92 -0.929005 0.00153341
 1298 -0.92 -0.928998 0.00153225
 1299 -0.92 -0.928992 0.00153108
 1300 -0.92 -0.928985 0.00152992
 1301 -0.92 -0.928978 0.00152876
 1302 -0.84 -0.928909 0.00152911
 1303 -0.84 -0.928841 0.00152946
 1304 -0.84 -0.928773 0.0015298
 1305 -0.92 -0.928766 0.00152865
 1306 -0.92 -0.92876 0.00152749
 1307 -1 -0.928814 0.00152729
 1308 -1 -0.928869 0.0015271
 1309 -1 -0.928923 0.0015269
 1310 -1 -0.928977 0.0015267
 1311 -1 -0.929031 0.00152649
 1312 -1 -0.929085 0.00152629
 1313 -1 -0.929139 0.00152608
 1314 -1 -0.929193 0.00152587
 1315 -1 -0.929247 0.00152566
 1316 -1 -0.929301 0.00152545
 1317 -1 -0.929355 0.00152524
 1318 -1 -0.929408 0.00152502
 1319 -1 -0.929462 0.0015248
 1320 -1 -0.929515 0.00152458
 1321 -1 -0.929569 0.00152436
 1322 -1 -0.929622 0.00152414
 1323 -1 -0.929675 0.00152392
 1324 -1 -0.929728 0.00152369
 1325 -0.92 -0.929721 0.00152256
 1326 -0.92 -0.929713 0.00152143
 1327 -0.92 -0.929706 0.0015203
 1328 -0.92 -0.929699 0.00151917
 1329 -0.92 -0.929691 0.00151805
 1330 -0.92 -0.929684 0.00151692
 1331 -0.92 -0.929677 0.0015158
 1332 -0.92 -0.92967 0.00151468
 1333 -0.92 -0.929662 0.00151356
 1334 -0.92 -0.929655 0.00151244
 1335 -0.92 -0.929648 0.00151132
 1336 -1 -0.929701 0.00151111
 1337 -1 -0.929753 0.0015109
 1338 -1 -0.929806 0.00151068
 1339 -1 -0.929858 0.00151046
 1340 -1 -0.92991 0.00151024
 1341 -1 -0.929963 0.00151002
 1342 -1 -0.930015 0.00150979
 1343 -1 -0.930067 0.00150957
 1344 -1 -0.930119 0.00150934
 1345 -1 -0.930171 0.00150911
 1346 -1 -0.930223 0.00150889
 1347 -1 -0.930275 0.00150865
 1348 -1 -0.930326 0.00150842
 1349 -1 -0.930378 0.00150819
 1350 -1 -0.93043 0.00150795
 1351 -1 -0.930481 0.00150772
 1352 -1 -0.930533 0.00150748
 1353 -1 -0.930584 0.00150724
 1354 -1 -0.930635 0.001507
 1355 -1 -0.930686 0.00150675
 1356 -1 -0.930737 0.00150651
 1357 -1 -0.930789 0.00150626
 1358 -1 -0.930839 0.00150602
 1359 -1 -0.93089 0.00150577
 1360 -1 -0.930941 0.00150552
 1361 -0.92 -0.930933 0.00150443
 1362 -0.92 -0.930925 0.00150335
 1363 -1 -0.930976 0.0015031
 1364 -1 -0.931026 0.00150285
 1365 -1 -0.931077 0.0015026
 1366 -1 -0.931127 0.00150235
 1367 -1 -0.931178 0.00150209
 1368 -1 -0.931228 0.00150184
 1369 -1 -0.931278 0.00150158
 1370 -1 -0.931328 0.00150132
 1371 -1 -0.931379 0.00150106
 1372 -1 -0.931429 0.0015008
 1373 -1 -0.931479 0.00150054
 1374 -1 -0.931528 0.00150028
 1375 -1 -0.931578 0.00150001
 1376 -1 -0.931628 0.00149975
 1377 -1 -0.931678 0.00149948
 1378 -1 -0.931727 0.00149921
 1379 -1 -0.931777 0.00149894
 1380 -1 -0.931826 0.00149867
 1381 -1 -0.931875 0.0014984
 1382 -1 -0.931925 0.00149812
 1383 -1 -0.931974 0.00149785
 1384 -1 -0.932023 0.00149757
 1385 -1 -0.932072 0.0014973
 1386 -1 -0.932121 0.00149702
 1387 -1 -0.93217 0.00149674
 1388 -1 -0.932219 0.00149646
 1389 -1 -0.932268 0.00149618
 1390 -1 -0.932317 0.00149589
 1391 -1 -0.932365 0.00149561
 1392 -1 -0.932414 0.00149532
 1393 -1 -0.932462 0.00149504
 1394 -1 -0.932511 0.00149475
 1395 -1 -0.932559 0.00149446
 1396 -1 -0.932607 0.00149417
 1397 -1 -0.932656 0.00149388
 1398 -1 -0.932704 0.00149359
 1399 -1 -0.932752 0.0014933
 1400 -1 -0.9328 0.001493
 1401 -1 -0.932848 0.00149271
 1402 -1 -0.932896 0.00149241
 1403 -1 -0.932944 0.00149211
 1404 -0.92 -0.932934 0.00149108
 1405 -0.92 -0.932925 0.00149004
 1406 -0.92 -0.932916 0.00148901
 1407 -1 -0.932964 0.00148872
 1408 -1 -0.933011 0.00148842
 1409 -1 -0.933059 0.00148812
 1410 -1 -0.933106 0.00148783
 1411 -1 -0.933154 0.00148753
 1412 -1 -0.933201 0.00148723
 1413 -1 -0.933248 0.00148693
 1414 -1 -0.933296 0.00148662
 1415 -1 -0.933343 0.00148632
 1416 -1 -0.93339 0.00148602
 1417 -1 -0.933437 0.00148571
 1418 -1 -0.933484 0.00148541
 1419 -1 -0.933531 0.0014851
 1420 -1 -0.933577 0.00148479
 1421 -1 -0.933624 0.00148448
 1422 -1 -0.933671 0.00148417
 1423 -1 -0.933717 0.00148386
 1424 -1 -0.933764 0.00148355
 1425 -1 -0.933811 0.00148323
 1426 -1 -0.933857 0.00148292
 1427 -1 -0.933903 0.00148261
 1428 -1 -0.93395 0.00148229
 1429 -1 -0.933996 0.00148197
 1430 -1 -0.934042 0.00148166
 1431 -1 -0.934088 0.00148134
 1432 -1 -0.934134 0.00148102
 1433 -1 -0.93418 0.0014807
 1434 -0.92 -0.93417 0.0014797
 1435 -1 -0.934216 0.00147938
 1436 -1 -0.934262 0.00147906
 1437 -1 -0.934308 0.00147873
 1438 -1 -0.934353 0.00147841
 1439 -1 -0.934399 0.00147809
 1440 -1 -0.934444 0.00147776
 1441 -0.92 -0.934434 0.00147677
 1442 -1 -0.93448 0.00147645
 1443 -1 -0.934525 0.00147612
 1444 -1 -0.934571 0.0014758
 1445 -1 -0.934616 0.00147547
 1446 -1 -0.934661 0.00147514
 1447 -1 -0.934706 0.00147481
 1448 -1 -0.934751 0.00147449
 1449 -1 -0.934796 0.00147416
 1450 -1 -0.934841 0.00147382
 1451 -1 -0.934886 0.00147349
 1452 -1 -0.934931 0.00147316
 1453 -1 -0.934976 0.00147283
 1454 -1 -0.935021 0.00147249
 1455 -1 -0.935065 0.00147216
 1456 -1 -0.93511 0.00147182
 1457 -1 -0.935154 0.00147149
 1458 -1 -0.935199 0.00147115
 1459 -1 -0.935243 0.00147081
 1460 -1 -0.935288 0.00147047
 1461 -1 -0.935332 0.00147013
 1462 -1 -0.935376 0.00146979
 1463 -1 -0.93542 0.00146945
 1464 -1 -0.935464 0.00146911
 1465 -1 -0.935509 0.00146877
 1466 -1 -0.935553 0.00146842
 1467 -1 -0.935596 0.00146808
 1468 -1 -0.93564 0.00146774
 1469 -1 -0.935684 0.00146739
 1470 -1 -0.935728 0.00146705
 1471 -1 -0.935772 0.0014667
 1472 -1 -0.935815 0.00146635
 1473 -1 -0.935859 0.001466
 1474 -1 -0.935902 0.00146565
 1475 -1 -0.935946 0.0014653
 1476 -1 -0.935989 0.00146495
 1477 -1 -0.936032 0.0014646
 1478 -1 -0.936076 0.00146425
 1479 -1 -0.936119 0.0014639
 1480 -1 -0.936162 0.00146355
 1481 -1 -0.936205 0.00146319
 1482 -1 -0.936248 0.00146284
 1483 -0.92 -0.936237 0.00146189
 1484 -0.92 -0.936226 0.00146095
 1485 -0.84 -0.936162 0.0014614
 1486 -0.84 -0.936097 0.00146185
 1487 -0.84 -0.936032 0.0014623
 1488 -0.84 -0.935968 0.00146274
 1489 -0.84 -0.935903 0.00146318
 1490 -0.84 -0.935839 0.00146361
 1491 -0.84 -0.935775 0.00146404
 1492 -0.92 -0.935764 0.0014631
 1493 -0.92 -0.935754 0.00146215
 1494 -0.92 -0.935743 0.00146121
 1495 -0.84 -0.935679 0.00146164
 1496 -0.84 -0.935615 0.00146206
 1497 -0.92 -0.935605 0.00146112
 1498 -0.92 -0.935594 0.00146018
 1499 -0.92 -0.935584 0.00145925
 1500 -0.92 -0.935573 0.00145831
 1501 -0.92 -0.935563 0.00145737
 1502 -0.92 -0.935553 0.00145644
 1503 -1 -0.935595 0.0014561
 1504 -1 -0.935638 0.00145576
 1505 -1 -0.935681 0.00145542
 1506 -1 -0.935724 0.00145508
 1507 -1 -0.935766 0.00145474
 1508 -1 -0.935809 0.0014544
 1509 -1 -0.935852 0.00145406
 1510 -1 -0.935894 0.00145372
 1511 -1 -0.935936 0.00145338
 1512 -1 -0.935979 0.00145303
 1513 -1 -0.936021 0.00145269
 1514 -1 -0.936063 0.00145234
 1515 -1 -0.936106 0.001452
 1516 -1 -0.936148 0.00145165
 1517 -1 -0.93619 0.0014513
 1518 -1 -0.936232 0.00145096
 1519 -1 -0.936274 0.00145061
 1520 -1 -0.936316 0.00145026
 1521 -1 -0.936358 0.00144991
 1522 -1 -0.936399 0.00144956
 1523 -1 -0.936441 0.00144921
 1524 -1 -0.936483 0.00144886
 1525 -1 -0.936525 0.00144851
 1526 -1 -0.936566 0.00144816
 1527 -1 -0.936608 0.0014478
 1528 -1 -0.936649 0.00144745
 1529 -1 -0.936691 0.0014471
 1530 -1 -0.936732 0.00144674
 1531 -1 -0.936773 0.00144639
 1532 -1 -0.936815 0.00144603
 1533 -1 -0.936856 0.00144568
 1534 -1 -0.936897 0.00144532
 1535 -1 -0.936938 0.00144496
 1536 -1 -0.936979 0.00144461
 1537 -1 -0.93702 0.00144425
 1538 -1 -0.937061 0.00144389
 1539 -1 -0.937102 0.00144353
 1540 -1 -0.937143 0.00144317
 1541 -1 -0.937184 0.00144281
 1542 -1 -0.937224 0.00144245
 1543 -1 -0.937265 0.00144209
 1544 -0.92 -0.937254 0.0014412
 1545 -0.92 -0.937243 0.00144031
 1546 -0.92 -0.937232 0.00143942
 1547 -0.92 -0.93722 0.00143853
 1548 -0.92 -0.937209 0.00143765
 1549 -0.92 -0.937198 0.00143676
 1550 -0.92 -0.937187 0.00143588
 1551 -0.92 -0.937176 0.00143499
 1552 -0.84 -0.937113 0.00143543
 1553 -0.92 -0.937102 0.00143455
 1554 -0.92 -0.937091 0.00143367
 1555 -0.92 -0.93708 0.00143279
 1556 -0.84 -0.937018 0.00143323
 1557 -0.84 -0.936956 0.00143366
 1558 -0.84 -0.936893 0.00143409
 1559 -0.84 -0.936831 0.00143452
 1560 -0.84 -0.936769 0.00143494
 1561 -0.84 -0.936707 0.00143536
 1562 -0.84 -0.936645 0.00143578
 1563 -0.84 -0.936583 0.00143619
 1564 -0.84 -0.936522 0.0014366
 1565 -0.92 -0.936511 0.00143572
 1566 -0.92 -0.936501 0.00143484
 1567 -0.92 -0.93649 0.00143397
 1568 -0.92 -0.93648 0.00143309
 1569 -0.92 -0.936469 0.00143221
 1570 -0.92 -0.936459 0.00143134
 1571 -0.92 -0.936448 0.00143047
 1572 -0.92 -0.936438 0.0014296
 1573 -0.92 -0.936427 0.00142872
 1574 -0.92 -0.936417 0.00142785
 1575 -0.92 -0.936406 0.00142699
 1576 -0.92 -0.936396 0.00142612
 1577 -0.92 -0.936386 0.00142525
 1578 -0.92 -0.936375 0.00142439
 1579 -0.92 -0.936365 0.00142352
 1580 -0.92 -0.936354 0.00142266
 1581 -0.84 -0.936293 0.00142306
 1582 -0.84 -0.936233 0.00142347
 1583 -0.84 -0.936172 0.00142386
 1584 -0.84 -0.936111 0.00142426
 1585 -0.84 -0.93605 0.00142465
 1586 -0.84 -0.93599 0.00142504
 1587 -0.84 -0.935929 0.00142543
 1588 -0.84 -0.935869 0.00142581
 1589 -0.84 -0.935809 0.00142619
 1590 -0.84 -0.935748 0.00142656
 1591 -0.84 -0.935688 0.00142694
 1592 -0.84 -0.935628 0.00142731
 1593 -0.92 -0.935618 0.00142644
 1594 -0.92 -0.935609 0.00142558
 1595 -0.92 -0.935599 0.00142472
 1596 -0.92 -0.935589 0.00142386
 1597 -0.92 -0.935579 0.001423
 1598 -0.92 -0.935569 0.00142215
 1599 -0.92 -0.93556 0.00142129
 1600 -0.92 -0.93555 0.00142043
 1601 -0.84 -0.93549 0.0014208
 1602 -0.92 -0.935481 0.00141995
 1603 -0.92 -0.935471 0.00141909
 1604 -0.92 -0.935461 0.00141824
 1605 -0.92 -0.935452 0.00141739
 1606 -0.84 -0.935392 0.00141775
 1607 -0.84 -0.935333 0.00141811
 1608 -0.84 -0.935274 0.00141847
 1609 -0.84 -0.935214 0.00141883
 1610 -0.84 -0.935155 0.00141918
 1611 -0.84 -0.935096 0.00141953
 1612 -0.84 -0.935037 0.00141987
 1613 -0.84 -0.934978 0.00142021
 1614 -0.84 -0.934919 0.00142055
 1615 -0.84 -0.934861 0.00142089
 1616 -0.84 -0.934802 0.00142122
 1617 -0.84 -0.934743 0.00142155
 1618 -0.76 -0.934635 0.00142477
 1619 -0.76 -0.934527 0.00142797
 1620 -0.84 -0.934469 0.00142828
 1621 -0.84 -0.934411 0.00142859
 1622 -0.84 -0.934353 0.00142889
 1623 -0.84 -0.934295 0.0014292
 1624 -0.84 -0.934236 0.0014295
 1625 -0.84 -0.934178 0.00142979
 1626 -0.84 -0.934121 0.00143009
 1627 -0.84 -0.934063 0.00143038
 1628 -0.84 -0.934005 0.00143067
 1629 -0.84 -0.933947 0.00143095
 1630 -0.92 -0.933939 0.0014301
 1631 -0.92 -0.93393 0.00142925
 1632 -0.92 -0.933922 0.0014284
 1633 -0.92 -0.933913 0.00142755
 1634 -0.92 -0.933905 0.0014267
 1635 -0.84 -0.933847 0.00142698
 1636 -0.84 -0.93379 0.00142726
 1637 -0.84 -0.933732 0.00142754
 1638 -0.84 -0.933675 0.00142782
 1639 -0.84 -0.933618 0.00142809
 1640 -0.92 -0.93361 0.00142724
 1641 -0.92 -0.933601 0.0014264
 1642 -0.92 -0.933593 0.00142555
 1643 -0.92 -0.933585 0.00142471
 1644 -0.92 -0.933577 0.00142386
 1645 -0.92 -0.933568 0.00142302
 1646 -0.92 -0.93356 0.00142218
 1647 -0.92 -0.933552 0.00142134
 1648 -0.92 -0.933544 0.0014205
 1649 -0.92 -0.933535 0.00141967
 1650 -0.92 -0.933527 0.00141883
 1651 -0.92 -0.933519 0.00141799
 1652 -0.92 -0.933511 0.00141716
 1653 -0.92 -0.933503 0.00141632
 1654 -0.92 -0.933495 0.00141549
 1655 -0.92 -0.933486 0.00141466
 1656 -0.92 -0.933478 0.00141383
 1657 -0.92 -0.93347 0.001413
 1658 -0.92 -0.933462 0.00141217
 1659 -0.92 -0.933454 0.00141134
 1660 -0.92 -0.933446 0.00141051
 1661 -0.92 -0.933438 0.00140969
 1662 -0.92 -0.93343 0.00140886
 1663 -0.92 -0.933422 0.00140804
 1664 -0.92 -0.933413 0.00140721
 1665 -0.92 -0.933405 0.00140639
 1666 -0.92 -0.933397 0.00140557
 1667 -0.92 -0.933389 0.00140475
 1668 -0.92 -0.933381 0.00140393
 1669 -0.92 -0.933373 0.00140311
 1670 -0.92 -0.933365 0.00140229
 1671 -0.92 -0.933357 0.00140148
 1672 -0.92 -0.933349 0.00140066
 1673 -0.92 -0.933341 0.00139985
 1674 -0.92 -0.933333 0.00139903
 1675 -0.92 -0.933325 0.00139822
 1676 -0.92 -0.933317 0.00139741
 1677 -0.92 -0.933309 0.0013966
 1678 -0.92 -0.933302 0.00139579
 1679 -0.92 -0.933294 0.00139498
 1680 -0.92 -0.933286 0.00139417
 1681 -0.92 -0.933278 0.00139336
 1682 -0.92 -0.93327 0.00139256
 1683 -0.92 -0.933262 0.00139175
 1684 -0.92 -0.933254 0.00139095
 1685 -0.92 -0.933246 0.00139014
 1686 -0.84 -0.933191 0.00139042
 1687 -0.84 -0.933136 0.00139069
 1688 -0.84 -0.933081 0.00139096
 1689 -0.92 -0.933073 0.00139016
 1690 -0.92 -0.933065 0.00138936
 1691 -0.92 -0.933057 0.00138856
 1692 -0.92 -0.93305 0.00138776
 1693 -0.92 -0.933042 0.00138696
 1694 -0.92 -0.933034 0.00138616
 1695 -0.84 -0.932979 0.00138643
 1696 -0.84 -0.932925 0.0013867
 1697 -0.84 -0.93287 0.00138696
 1698 -0.84 -0.932815 0.00138722
 1699 -0.84 -0.93276 0.00138748
 1700 -0.84 -0.932706 0.00138774
 1701 -0.84 -0.932651 0.00138799
 1702 -0.84 -0.932597 0.00138825
 1703 -0.84 -0.932543 0.0013885
 1704 -0.84 -0.932488 0.00138874
 1705 -0.84 -0.932434 0.00138899
 1706 -0.84 -0.93238 0.00138923
 1707 -0.84 -0.932326 0.00138947
 1708 -0.84 -0.932272 0.00138971
 1709 -0.84 -0.932218 0.00138994
 1710 -0.84 -0.932164 0.00139018
 1711 -0.84 -0.93211 0.00139041
 1712 -0.84 -0.932056 0.00139064
 1713 -0.84 -0.932002 0.00139086
 1714 -0.84 -0.931949 0.00139109
 1715 -0.84 -0.931895 0.00139131
 1716 -0.84 -0.931841 0.00139153
 1717 -0.84 -0.931788 0.00139175
 1718 -0.84 -0.931735 0.00139196
 1719 -0.84 -0.931681 0.00139218
 1720 -0.84 -0.931628 0.00139239
 1721 -0.84 -0.931575 0.0013926
 1722 -0.84 -0.931521 0.0013928
 1723 -0.84 -0.931468 0.00139301
 1724 -0.84 -0.931415 0.00139321
 1725 -0.84 -0.931362 0.00139341
 1726 -0.84 -0.931309 0.00139361
 1727 -0.84 -0.931257 0.0013938
 1728 -0.84 -0.931204 0.001394
 1729 -0.84 -0.931151 0.00139419
 1730 -0.84 -0.931098 0.00139438
 1731 -0.84 -0.931046 0.00139457
 1732 -0.84 -0.930993 0.00139475
 1733 -0.84 -0.930941 0.00139494
 1734 -0.84 -0.930888 0.00139512
 1735 -0.84 -0.930836 0.0013953
 1736 -0.84 -0.930783 0.00139547
 1737 -0.84 -0.930731 0.00139565
 1738 -0.84 -0.930679 0.00139582
 1739 -0.84 -0.930627 0.00139599
 1740 -0.84 -0.930575 0.00139616
 1741 -0.84 -0.930523 0.00139633
 1742 -0.84 -0.930471 0.0013965
 1743 -0.84 -0.930419 0.00139666
 1744 -0.84 -0.930367 0.00139682
 1745 -0.92 -0.930361 0.00139603
 1746 -0.92 -0.930355 0.00139525
 1747 -0.92 -0.930349 0.00139446
 1748 -0.92 -0.930343 0.00139367
 1749 -0.92 -0.930337 0.00139289
 1750 -0.92 -0.930331 0.00139211
 1751 -0.92 -0.930326 0.00139132
 1752 -0.92 -0.93032 0.00139054
 1753 -0.92 -0.930314 0.00138976
 1754 -0.92 -0.930308 0.00138898
 1755 -0.92 -0.930302 0.0013882
 1756 -0.92 -0.930296 0.00138742
 1757 -0.92 -0.93029 0.00138665
 1758 -0.92 -0.930284 0.00138587
 1759 -0.92 -0.930279 0.00138509
 1760 -0.92 -0.930273 0.00138432
 1761 -0.92 -0.930267 0.00138354
 1762 -0.92 -0.930261 0.00138277
 1763 -0.92 -0.930255 0.001382
 1764 -0.92 -0.930249 0.00138123
 1765 -0.92 -0.930244 0.00138046
 1766 -0.92 -0.930238 0.00137969
 1767 -0.92 -0.930232 0.00137892
 1768 -0.92 -0.930226 0.00137815
 1769 -0.92 -0.93022 0.00137738
 1770 -0.92 -0.930215 0.00137662
 1771 -0.92 -0.930209 0.00137585
 1772 -0.92 -0.930203 0.00137509
 1773 -0.92 -0.930197 0.00137432
 1774 -0.92 -0.930192 0.00137356
 1775 -0.92 -0.930186 0.0013728
 1776 -0.92 -0.93018 0.00137204
 1777 -0.92 -0.930174 0.00137128
 1778 -0.92 -0.930169 0.00137052
 1779 -0.92 -0.930163 0.00136976
 1780 -0.92 -0.930157 0.001369
 1781 -0.92 -0.930152 0.00136824
 1782 -0.92 -0.930146 0.00136749
 1783 -0.92 -0.93014 0.00136673
 1784 -0.92 -0.930135 0.00136598
 1785 -0.92 -0.930129 0.00136522
 1786 -0.92 -0.930123 0.00136447
 1787 -0.92 -0.930118 0.00136372
 1788 -0.92 -0.930112 0.00136297
 1789 -0.92 -0.930106 0.00136222
 1790 -0.84 -0.930056 0.00136239
 1791 -0.84 -0.930006 0.00136255
 1792 -0.84 -0.929955 0.00136272
 1793 -0.84 -0.929905 0.00136288
 1794 -0.84 -0.929855 0.00136304
 1795 -0.84 -0.929805 0.0013632
 1796 -0.84 -0.929755 0.00136336
 1797 -0.84 -0.929705 0.00136352
 1798 -0.84 -0.929655 0.00136367
 1799 -0.84 -0.929605 0.00136382
 1800 -0.84 -0.929556 0.00136398
 1801 -0.84 -0.929506 0.00136412
 1802 -0.84 -0.929456 0.00136427
 1803 -0.84 -0.929407 0.00136442
 1804 -0.92 -0.929401 0.00136367
 1805 -0.92 -0.929396 0.00136293
 1806 -0.92 -0.929391 0.00136218
 1807 -0.92 -0.929386 0.00136144
 1808 -0.92 -0.929381 0.00136069
 1809 -0.92 -0.929375 0.00135995
 1810 -0.92 -0.92937 0.00135921
 1811 -0.92 -0.929365 0.00135847
 1812 -0.92 -0.92936 0.00135773
 1813 -0.92 -0.929355 0.00135699
 1814 -0.92 -0.92935 0.00135625
 1815 -0.92 -0.929344 0.00135551
 1816 -0.92 -0.929339 0.00135478
 1817 -1 -0.929378 0.00135459
 1818 -1 -0.929417 0.0013544
 1819 -1 -0.929456 0.00135421
 1820 -1 -0.929495 0.00135402
 1821 -1 -0.929533 0.00135383
 1822 -1 -0.929572 0.00135364
 1823 -1 -0.929611 0.00135345
 1824 -1 -0.929649 0.00135326
 1825 -1 -0.929688 0.00135307
 1826 -1 -0.929726 0.00135287
 1827 -1 -0.929765 0.00135268
 1828 -1 -0.929803 0.00135248
 1829 -1 -0.929841 0.00135229
 1830 -1 -0.92988 0.00135209
 1831 -1 -0.929918 0.0013519
 1832 -1 -0.929956 0.0013517
 1833 -1 -0.929995 0.0013515
 1834 -1 -0.930033 0.00135131
 1835 -1 -0.930071 0.00135111
 1836 -1 -0.930109 0.00135091
 1837 -1 -0.930147 0.00135071
 1838 -1 -0.930185 0.00135051
 1839 -1 -0.930223 0.00135031
 1840 -1 -0.930261 0.00135011
 1841 -1 -0.930299 0.0013499
 1842 -1 -0.930337 0.0013497
 1843 -1 -0.930374 0.0013495
 1844 -1 -0.930412 0.0013493
 1845 -1 -0.93045 0.00134909
 1846 -1 -0.930488 0.00134889
 1847 -1 -0.930525 0.00134868
 1848 -1 -0.930563 0.00134848
 1849 -1 -0.9306 0.00134827
 1850 -1 -0.930638 0.00134806
 1851 -1 -0.930675 0.00134785
 1852 -1 -0.930713 0.00134765
 1853 -1 -0.93075 0.00134744
 1854 -1 -0.930787 0.00134723
 1855 -1 -0.930825 0.00134702
 1856 -1 -0.930862 0.00134681
 1857 -1 -0.930899 0.0013466
 1858 -1 -0.930936 0.00134639
 1859 -1 -0.930974 0.00134618
 1860 -1 -0.931011 0.00134596
 1861 -1 -0.931048 0.00134575
 1862 -1 -0.931085 0.00134554
 1863 -1 -0.931122 0.00134532
 1864 -0.92 -0.931116 0.00134461
 1865 -0.92 -0.93111 0.00134391
 1866 -0.92 -0.931104 0.0013432
 1867 -0.92 -0.931098 0.00134249
 1868 -0.92 -0.931092 0.00134179
 1869 -0.92 -0.931086 0.00134108
 1870 -0.92 -0.93108 0.00134038
 1871 -0.92 -0.931074 0.00133967
 1872 -0.92 -0.931068 0.00133897
 1873 -0.92 -0.931062 0.00133827
 1874 -0.92 -0.931057 0.00133757
 1875 -0.92 -0.931051 0.00133687
 1876 -0.92 -0.931045 0.00133617
 1877 -0.92 -0.931039 0.00133547
 1878 -0.92 -0.931033 0.00133477
 1879 -0.92 -0.931027 0.00133407
 1880 -0.92 -0.931021 0.00133338
 1881 -0.92 -0.931015 0.00133268
 1882 -0.92 -0.93101 0.00133198
 1883 -0.92 -0.931004 0.00133129
 1884 -0.92 -0.930998 0.0013306
 1885 -0.92 -0.930992 0.0013299
 1886 -0.84 -0.930944 0.00133007
 1887 -0.84 -0.930896 0.00133024
 1888 -0.84 -0.930847 0.00133041
 1889 -0.84 -0.930799 0.00133057
 1890 -0.84 -0.930751 0.00133074
 1891 -0.84 -0.930703 0.0013309
 1892 -0.84 -0.930655 0.00133106
 1893 -0.84 -0.930608 0.00133122
 1894 -0.92 -0.930602 0.00133052
 1895 -0.92 -0.930596 0.00132983
 1896 -0.92 -0.930591 0.00132914
 1897 -0.92 -0.930585 0.00132845
 1898 -0.92 -0.93058 0.00132777
 1899 -0.92 -0.930574 0.00132708
 1900 -0.92 -0.930568 0.00132639
 1901 -0.92 -0.930563 0.00132571
 1902 -0.92 -0.930557 0.00132502
 1903 -0.92 -0.930552 0.00132434
 1904 -0.92 -0.930546 0.00132365
 1905 -0.92 -0.930541 0.00132297
 1906 -0.92 -0.930535 0.00132228
 1907 -0.92 -0.93053 0.0013216
 1908 -0.76 -0.93044 0.00132393
 1909 -0.84 -0.930393 0.00132408
 1910 -0.84 -0.930346 0.00132424
 1911 -0.84 -0.930298 0.00132439
 1912 -0.84 -0.930251 0.00132454
 1913 -0.84 -0.930204 0.00132469
 1914 -0.84 -0.930157 0.00132483
 1915 -0.84 -0.93011 0.00132498
 1916 -0.84 -0.930063 0.00132512
 1917 -0.84 -0.930016 0.00132526
 1918 -0.84 -0.929969 0.0013254
 1919 -0.84 -0.929922 0.00132554
 1920 -0.84 -0.929875 0.00132568
 1921 -0.84 -0.929828 0.00132581
 1922 -0.84 -0.929781 0.00132595
 1923 -0.84 -0.929735 0.00132608
 1924 -0.84 -0.929688 0.00132621
 1925 -0.84 -0.929642 0.00132634
 1926 -0.84 -0.929595 0.00132647
 1927 -0.92 -0.92959 0.00132579
 1928 -0.92 -0.929585 0.00132511
 1929 -0.92 -0.92958 0.00132443
 1930 -0.92 -0.929575 0.00132375
 1931 -0.92 -0.92957 0.00132308
 1932 -0.92 -0.929565 0.0013224
 1933 -0.92 -0.92956 0.00132173
 1934 -0.92 -0.929555 0.00132105
 1935 -0.92 -0.92955 0.00132038
 1936 -0.92 -0.929545 0.00131971
 1937 -0.92 -0.929541 0.00131903
 1938 -0.92 -0.929536 0.00131836
 1939 -0.92 -0.929531 0.00131769
 1940 -0.92 -0.929526 0.00131702
 1941 -0.92 -0.929521 0.00131635
 1942 -0.92 -0.929516 0.00131568
 1943 -0.92 -0.929511 0.00131501
 1944 -0.92 -0.929506 0.00131435
 1945 -0.92 -0.929501 0.00131368
 1946 -0.92 -0.929496 0.00131301
 1947 -0.92 -0.929492 0.00131235
 1948 -0.92 -0.929487 0.00131168
 1949 -0.92 -0.929482 0.00131102
 1950 -0.92 -0.929477 0.00131036
 1951 -0.92 -0.929472 0.00130969
 1952 -0.92 -0.929467 0.00130903
 1953 -0.92 -0.929462 0.00130837
 1954 -0.92 -0.929458 0.00130771
 1955 -0.92 -0.929453 0.00130705
 1956 -0.92 -0.929448 0.00130639
 1957 -0.92 -0.929443 0.00130573
 1958 -0.92 -0.929438 0.00130507
 1959 -0.92 -0.929433 0.00130441
 1960 -0.92 -0.929429 0.00130376
 1961 -0.92 -0.929424 0.0013031
 1962 -0.92 -0.929419 0.00130245
 1963 -0.92 -0.929414 0.00130179
 1964 -0.92 -0.929409 0.00130114
 1965 -0.92 -0.929405 0.00130048
 1966 -0.92 -0.9294 0.00129983
 1967 -0.92 -0.929395 0.00129918
 1968 -0.92 -0.92939 0.00129853
 1969 -0.92 -0.929385 0.00129788
 1970 -0.92 -0.929381 0.00129723
 1971 -0.92 -0.929376 0.00129658
 1972 -0.92 -0.929371 0.00129593
 1973 -0.92 -0.929366 0.00129528
 1974 -0.92 -0.929362 0.00129463
 1975 -0.92 -0.929357 0.00129398
 1976 -0.92 -0.929352 0.00129334
 1977 -0.92 -0.929347 0.00129269
 1978 -0.92 -0.929343 0.00129205
 1979 -0.92 -0.929338 0.0012914
 1980 -0.92 -0.929333 0.00129076
 1981 -0.92 -0.929329 0.00129012
 1982 -0.92 -0.929324 0.00128947
 1983 -0.92 -0.929319 0.00128883
 1984 -0.92 -0.929315 0.00128819
 1985 -0.92 -0.92931 0.00128755
 1986 -0.92 -0.929305 0.00128691
 1987 -0.92 -0.9293 0.00128627
 1988 -0.92 -0.929296 0.00128563
 1989 -0.92 -0.929291 0.00128499
 1990 -0.92 -0.929286 0.00128436
 1991 -0.92 -0.929282 0.00128372
 1992 -0.92 -0.929277 0.00128308
 1993 -0.92 -0.929272 0.00128245
 1994 -0.92 -0.929268 0.00128181
 1995 -0.92 -0.929263 0.00128118
 1996 -0.92 -0.929259 0.00128055
 1997 -0.92 -0.929254 0.00127991
 1998 -0.92 -0.929249 0.00127928
 1999 -0.92 -0.929245 0.00127865
 2000 -0.92 -0.92924 0.00127802
