 1 35.5556 35.5556 0
 2 32.0889 33.8222 1.73333
 3 25.6889 31.1111 2.88991
 4 20 28.3333 3.44846
 5 25.6889 27.8044 2.72302
 6 28.8 27.9704 2.22952
 7 32.0889 28.5587 1.97401
 8 35.5556 29.4333 1.92028
 9 25.6889 29.0173 1.74388
 10 22.7556 28.3911 1.68077
 11 10.7556 26.7879 2.20946
 12 7.2 25.1556 2.59472
 13 7.2 23.7744 2.75762
 14 5.68889 22.4825 2.86128
 15 5.68889 21.363 2.88943
 16 8.88889 20.5833 2.81301
 17 4.35556 19.6288 2.8095
 18 3.2 18.716 2.80166
 19 3.2 17.8994 2.77307
 20 5.68889 17.2889 2.70068
 21 10.7556 16.9778 2.58763
 22 5.68889 16.4646 2.52001
 23 3.2 15.8879 2.47605
 24 5.68889 15.463 2.40843
 25 4.35556 15.0187 2.35242
 26 2.22222 14.5265 2.3131
 27 0.355556 14.0016 2.28682
 28 2.22222 13.581 2.24344
 29 2.22222 13.1893 2.19985
 30 0.355556 12.7615 2.16788
 31 1.42222 12.3957 2.12845
 32 4.35556 12.1444 2.07612
 33 10.7556 12.1024 2.01267
 34 10.7556 12.0627 1.95297
 35 7.2 11.9238 1.90144
 36 4.35556 11.7136 1.85978
 37 12.8 11.7429 1.80906
 38 15.0222 11.8292 1.76292
 39 10.7556 11.8017 1.71735
 40 12.8 11.8267 1.67405
 41 17.4222 11.9631 1.6384
 42 17.4222 12.0931 1.60419
 43 22.7556 12.3411 1.58594
 44 25.6889 12.6444 1.5789
 45 25.6889 12.9343 1.5704
 46 20 13.0879 1.54354
 47 17.4222 13.1801 1.51316
 48 17.4222 13.2685 1.48393
 49 25.6889 13.522 1.47527
 50 25.6889 13.7653 1.4658
 51 17.4222 13.837 1.43856
 52 15.0222 13.8598 1.41081
 53 15.0222 13.8818 1.38411
 54 12.8 13.8617 1.35838
 55 15.0222 13.8828 1.33362
 56 22.7556 14.0413 1.31914
 57 15.0222 14.0585 1.29591
 58 10.7556 14.0015 1.27464
 59 15.0222 14.0188 1.25297
 60 10.7556 13.9644 1.23311
 61 12.8 13.9454 1.21288
 62 12.8 13.9269 1.1933
 63 12.8 13.909 1.17434
 64 10.7556 13.8597 1.15689
 65 17.4222 13.9145 1.14027
 66 20 14.0067 1.12664
 67 17.4222 14.0577 1.11087
 68 22.7556 14.1856 1.10186
 69 28.8 14.3974 1.10624
 70 20 14.4775 1.09326
 71 20 14.5552 1.08055
 72 20 14.6309 1.06812
 73 17.4222 14.6691 1.05408
 74 15.0222 14.6739 1.03975
 75 25.6889 14.8207 1.03625
 76 22.7556 14.9251 1.02784
 77 32.0889 15.1481 1.03861
 78 39.2 15.4564 1.07058
 79 39.2 15.757 1.09884
 80 39.2 16.05 1.12389
 81 39.2 16.3358 1.14614
 82 35.5556 16.5702 1.15608
 83 22.7556 16.6447 1.1445
 84 20 16.6847 1.13149
 85 17.4222 16.6933 1.11814
 86 28.8 16.8341 1.11399
 87 32.0889 17.0095 1.11498
 88 28.8 17.1434 1.11035
 89 25.6889 17.2395 1.102
 90 25.6889 17.3333 1.09372
 91 20 17.3626 1.08203
 92 22.7556 17.4213 1.07181
 93 22.7556 17.4786 1.06177
 94 20 17.5054 1.05076
 95 28.8 17.6243 1.04642
 96 43.0222 17.8889 1.06872
 97 51.2 18.2323 1.112
 98 51.2 18.5687 1.15086
 99 55.5556 18.9423 1.19888
 100 55.5556 19.3084 1.24202
 101 55.5556 19.6673 1.28096
 102 55.5556 20.0192 1.31624
 103 55.5556 20.3642 1.34829
 104 55.5556 20.7026 1.37747
 105 51.2 20.993 1.39486
 106 43.0222 21.2008 1.39718
 107 43.0222 21.4048 1.39901
 108 47.0222 21.642 1.40614
 109 39.2 21.8031 1.40247
 110 22.7556 21.8117 1.38968
 111 22.7556 21.8202 1.37713
 112 28.8 21.8825 1.36621
 113 39.2 22.0358 1.36271
 114 39.2 22.1864 1.35907
 115 39.2 22.3343 1.35529
 116 43.0222 22.5126 1.35535
 117 47.0222 22.7221 1.35994
 118 55.5556 23.0004 1.37678
 119 55.5556 23.2739 1.3923
 120 55.5556 23.543 1.40661
 121 55.5556 23.8075 1.41981
 122 51.2 24.0321 1.42591
 123 55.5556 24.2883 1.4373
 124 55.5556 24.5405 1.44779
 125 55.5556 24.7886 1.45744
 126 55.5556 25.0328 1.4663
 127 47.0222 25.2059 1.46498
 128 32.0889 25.2597 1.45448
 129 22.7556 25.2403 1.44329
 130 32.0889 25.293 1.43312
 131 32.0889 25.3449 1.42308
 132 28.8 25.371 1.4125
 133 22.7556 25.3514 1.40198
 134 17.4222 25.2922 1.39273
 135 15.0222 25.2161 1.38447
 136 20 25.1778 1.37479
 137 17.4222 25.1212 1.36589
 138 12.8 25.0319 1.35889
 139 15.0222 24.9599 1.351
 140 10.7556 24.8584 1.34515
 141 8.88889 24.7452 1.34037
 142 4.35556 24.6016 1.33862
 143 3.2 24.4519 1.33762
 144 5.68889 24.3216 1.33468
 145 1.42222 24.1637 1.33482
 146 3.2 24.0201 1.3334
 147 0.8 23.8621 1.33368
 148 0 23.7009 1.33442
 149 0.355556 23.5442 1.33466
 150 0.355556 23.3896 1.33471
 151 0.0888889 23.2353 1.33479
 152 0.355556 23.0848 1.3345
 153 0.8 22.9391 1.33373
 154 0.8 22.7954 1.33281
 155 0.8 22.6535 1.33177
 156 0.0888889 22.5088 1.33109
 157 0.8 22.3706 1.32979
 158 0.355556 22.2312 1.32867
 159 0 22.0914 1.32767
 160 0 21.9533 1.32655
 161 0 21.817 1.32532
 162 0.0888889 21.6829 1.32393
 163 0.8 21.5547 1.322
 164 2.22222 21.4369 1.31919
 165 2.22222 21.3204 1.31634
 166 1.42222 21.2005 1.31386
 167 5.68889 21.1077 1.30927
 168 5.68889 21.0159 1.30468
 169 7.2 20.9341 1.29951
 170 2.22222 20.8241 1.29653
 171 4.35556 20.7277 1.29252
 172 0.355556 20.6093 1.29043
 173 0 20.4902 1.28847
 174 0.355556 20.3745 1.28626
 175 0 20.258 1.28417
 176 0.355556 20.1449 1.28185
 177 0.355556 20.0331 1.27948
 178 0.0888889 19.9211 1.2772
 179 0.8 19.8143 1.27453
 180 0.0888889 19.7047 1.27216
 181 0.8 19.6002 1.26941
 182 3.2 19.5101 1.26563
 183 4.35556 19.4273 1.26142
 184 7.2 19.3609 1.2563
 185 7.2 19.2951 1.25122
 186 7.2 19.2301 1.24617
 187 3.2 19.1444 1.24245
 188 1.42222 19.0501 1.23942
 189 0.8 18.9536 1.23662
 190 0.0888889 18.8543 1.23409
 191 0 18.7556 1.23158
 192 0.355556 18.6597 1.22889
 193 0.0888889 18.5635 1.22628
 194 0.0888889 18.4683 1.22366
 195 0 18.3736 1.22105
 196 0.355556 18.2816 1.21827
 197 1.42222 18.1961 1.21509
 198 2.22222 18.1154 1.21163
 199 0.0888889 18.0248 1.20892
 200 0 17.9347 1.20623
 201 1.42222 17.8525 1.20303
 202 1.42222 17.7712 1.19982
 203 0.8 17.6876 1.19681
 204 1.42222 17.6078 1.1936
 205 0.8 17.5259 1.19059
 206 0.355556 17.4425 1.18772
 207 1.42222 17.3651 1.1845
 208 0.355556 17.2833 1.18163
 209 0.355556 17.2023 1.17875
 210 0 17.1204 1.17598
 211 0.0888889 17.0397 1.17317
 212 0 16.9593 1.17039
 213 0.0888889 16.8801 1.16757
 214 1.42222 16.8079 1.16434
 215 4.35556 16.75 1.16036
 216 3.2 16.6872 1.15668
 217 7.2 16.6435 1.15216
 218 0 16.5672 1.14941
 219 0.0888889 16.4919 1.14662
 220 1.42222 16.4234 1.14345
 221 1.42222 16.3556 1.14028
 222 4.35556 16.3015 1.13642
 223 3.2 16.2428 1.13284
 224 4.35556 16.1897 1.12902
 225 2.22222 16.1276 1.1257
 226 1.42222 16.0625 1.1226
 227 0.0888889 15.9922 1.11985
 228 0.0888889 15.9224 1.11711
 229 2.22222 15.8626 1.11383
 230 0.8 15.7971 1.11091
 231 1.42222 15.7349 1.10784
 232 0.0888889 15.6674 1.10511
 233 0 15.6002 1.10241
 234 2.22222 15.543 1.09918
 235 2.22222 15.4863 1.09596
 236 1.42222 15.4267 1.09293
 237 0.8 15.365 1.09006
 238 0.0888889 15.3008 1.08736
 239 0.8 15.2402 1.0845
 240 1.42222 15.1826 1.08151
 241 1.42222 15.1255 1.07852
 242 5.68889 15.0865 1.07476
 243 5.68889 15.0478 1.07103
 244 10.7556 15.0302 1.06678
 245 15.0222 15.0302 1.06241
 246 12.8 15.0211 1.05813
 247 10.7556 15.0039 1.05397
 248 15.0222 15.0039 1.04972
 249 17.4222 15.0137 1.04554
 250 25.6889 15.0564 1.04222
 251 28.8 15.1111 1.0395
 252 25.6889 15.1531 1.03622
 253 25.6889 15.1947 1.03296
 254 22.7556 15.2245 1.02931
 255 15.0222 15.2237 1.02527
 256 12.8 15.2142 1.0213
 257 10.7556 15.1969 1.01747
 258 10.7556 15.1797 1.01366
 259 12.8 15.1705 1.00978
 260 7.2 15.1398 1.00636
 261 12.8 15.1309 1.00253
 262 10.7556 15.1142 0.99884
 263 10.7556 15.0976 0.995173
 264 12.8 15.0889 0.991434
 265 17.4222 15.0977 0.987725
 266 22.7556 15.1265 0.984426
 267 25.6889 15.166 0.98153
 268 20 15.1841 0.978027
 269 20 15.202 0.974548
 270 25.6889 15.2408 0.971709
 271 20 15.2584 0.968276
 272 7.2 15.2288 0.965164
 273 10.7556 15.2124 0.961762
 274 3.2 15.1685 0.959248
 275 4.35556 15.1292 0.956562
 276 7.2 15.1005 0.953523
 277 4.35556 15.0617 0.950866
 278 3.2 15.019 0.948399
 279 0.0888889 14.9655 0.946508
 280 2.22222 14.92 0.944219
 281 4.35556 14.8824 0.941604
 282 3.2 14.841 0.939173
 283 3.2 14.7998 0.936752
 284 2.22222 14.7556 0.934498
 285 0.355556 14.705 0.932583
 286 1.42222 14.6586 0.930476
 287 0 14.6075 0.928634
 288 0 14.5568 0.926793
 289 0.0888889 14.5067 0.924936
 290 0.355556 14.4579 0.923032
 291 0.8 14.411 0.921051
 292 2.22222 14.3693 0.91884
 293 0.0888889 14.3205 0.916995
 294 0.0888889 14.2721 0.915152
 295 0 14.2237 0.913326
 296 0.8 14.1784 0.911365
 297 0.0888889 14.1309 0.909529
 298 0.355556 14.0847 0.907649
 299 1.42222 14.0424 0.9056
 300 4.35556 14.0101 0.903153
 301 3.2 13.9742 0.900864
 302 7.2 13.9517 0.898156
 303 2.22222 13.913 0.896024
 304 3.2 13.8778 0.893766
 305 7.2 13.8559 0.8911
 306 5.68889 13.8292 0.888584
 307 7.2 13.8076 0.885948
 308 10.7556 13.7977 0.883123
 309 10.7556 13.7878 0.880315
 310 10.7556 13.7781 0.877525
 311 10.7556 13.7683 0.874753
 312 7.2 13.7473 0.872199
 313 12.8 13.7443 0.869413
 314 17.4222 13.756 0.866719
 315 22.7556 13.7846 0.864435
 316 15.0222 13.7885 0.861704
 317 20 13.8081 0.859205
 318 17.4222 13.8194 0.856575
 319 22.7556 13.8474 0.854345
 320 25.6889 13.8844 0.852474
 321 20 13.9035 0.850028
 322 20 13.9224 0.847595
 323 15.0222 13.9258 0.844974
 324 17.4222 13.9366 0.842431
 325 15.0222 13.94 0.839842
 326 10.7556 13.9302 0.837318
 327 7.2 13.9096 0.835008
 328 3.2 13.877 0.833098
 329 4.35556 13.848 0.831066
 330 3.2 13.8158 0.829172
 331 0.0888889 13.7743 0.827703
 332 1.42222 13.7371 0.826044
 333 1.42222 13.7001 0.82439
 334 3.2 13.6687 0.822519
 335 3.2 13.6374 0.820655
 336 3.2 13.6063 0.818798
 337 5.68889 13.5829 0.816703
 338 5.68889 13.5595 0.814618
 339 8.88889 13.5457 0.812328
 340 5.68889 13.5226 0.810265
 341 1.42222 13.4871 0.808664
 342 0.355556 13.4487 0.80721
 343 0.355556 13.4106 0.805758
 344 0.8 13.3739 0.804248
 345 0.0888889 13.3354 0.802838
 346 0.8 13.2992 0.801333
 347 0.8 13.2631 0.799832
 348 0.0888889 13.2253 0.798429
 349 0.0888889 13.1876 0.797027
 350 0.355556 13.151 0.795592
 351 0.8 13.1158 0.794102
 352 0.8 13.0808 0.792615
 353 0.8 13.046 0.791132
 354 0.0888889 13.0094 0.789742
 355 0 12.9728 0.788367
 356 1.42222 12.9403 0.786818
 357 0.0888889 12.9043 0.785437
 358 0.8 12.8705 0.783969
 359 0.355556 12.8357 0.782559
 360 0.0888889 12.8002 0.781185
 361 0.355556 12.7658 0.779781
 362 1.42222 12.7344 0.778255
 363 1.42222 12.7033 0.776733
 364 1.42222 12.6723 0.775216
 365 0.0888889 12.6378 0.773858
 366 0 12.6033 0.772512
 367 0.8 12.5711 0.771076
 368 3.2 12.5457 0.769399
 369 3.2 12.5203 0.767729
 370 2.22222 12.4925 0.766157
 371 3.2 12.4674 0.764499
 372 0.8 12.4361 0.763086
 373 0.0888889 12.403 0.761757
 374 0 12.3698 0.760441
 375 0.355556 12.3378 0.759087
 376 0.355556 12.3059 0.757736
 377 0.8 12.2754 0.75634
 378 0.8 12.245 0.754947
 379 0 12.2127 0.753645
 380 0.0888889 12.1808 0.752336
 381 0 12.1488 0.751039
 382 0 12.117 0.749746
 383 0.355556 12.0863 0.748416
 384 0 12.0549 0.747127
 385 0.355556 12.0245 0.745804
 386 0.355556 11.9942 0.744483
 387 0.355556 11.9642 0.743166
 388 3.2 11.9416 0.741592
 389 4.35556 11.9221 0.73994
 390 5.68889 11.9061 0.738213
 391 10.7556 11.9032 0.736329
 392 7.2 11.8912 0.734546
 393 3.2 11.869 0.733008
 394 3.2 11.847 0.731476
 395 2.22222 11.8227 0.730029
 396 8.88889 11.8153 0.728221
 397 7.2 11.8036 0.726477
 398 5.68889 11.7883 0.724812
 399 7.2 11.7768 0.723085
 400 5.68889 11.7616 0.721436
 401 1.42222 11.7358 0.720096
 402 2.22222 11.7121 0.718692
 403 2.22222 11.6886 0.717293
 404 4.35556 11.6704 0.715746
 405 7.2 11.6594 0.714062
 406 5.68889 11.6447 0.712452
 407 2.22222 11.6215 0.711077
 408 2.22222 11.5985 0.709706
 409 7.2 11.5877 0.70805
 410 15.0222 11.5961 0.706371
 411 10.7556 11.5941 0.704653
 412 10.7556 11.592 0.702944
 413 5.68889 11.5777 0.701385
 414 3.2 11.5575 0.699981
 415 8.88889 11.5511 0.698322
 416 10.7556 11.5491 0.696644
 417 8.88889 11.5428 0.695001
 418 2.22222 11.5205 0.693695
 419 3.2 11.5006 0.692322
 420 4.35556 11.4836 0.690881
 421 3.2 11.4639 0.689519
 422 3.2 11.4443 0.688162
 423 0.8 11.4192 0.686994
 424 1.42222 11.3956 0.685777
 425 3.2 11.3763 0.684433
 426 3.2 11.3571 0.683095
 427 0 11.3305 0.682012
 428 0.0888889 11.3043 0.680923
 429 0.8 11.2798 0.679775
 430 3.2 11.261 0.678453
 431 1.42222 11.2382 0.677262
 432 1.42222 11.2154 0.676074
 433 0 11.1895 0.675008
 434 0 11.1637 0.673944
 435 0 11.1381 0.672883
 436 0.8 11.1144 0.671756
 437 1.42222 11.0922 0.670584
 438 5.68889 11.0799 0.669165
 439 3.2 11.0619 0.66788
 440 1.42222 11.04 0.666721
 441 2.22222 11.02 0.665508
 442 2.22222 11.0001 0.664298
 443 4.35556 10.9851 0.662967
 444 4.35556 10.9702 0.661641
 445 12.8 10.9743 0.660165
 446 25.6889 11.0073 0.659509
 447 25.6889 11.0401 0.658851
 448 28.8 11.0798 0.658573
 449 28.8 11.1192 0.658289
 450 32.0889 11.1658 0.658475
 451 25.6889 11.198 0.657802
 452 28.8 11.237 0.657499
 453 28.8 11.2757 0.657191
 454 22.7556 11.301 0.656229
 455 20 11.3201 0.655064
 456 22.7556 11.3452 0.654107
 457 17.4222 11.3585 0.65281
 458 10.7556 11.3572 0.651384
 459 8.88889 11.3518 0.649986
 460 8.88889 11.3465 0.648593
 461 10.7556 11.3452 0.647186
 462 8.88889 11.3399 0.645805
 463 4.35556 11.3248 0.644586
 464 4.35556 11.3098 0.64337
 465 4.35556 11.2948 0.642159
 466 3.2 11.2774 0.641015
 467 0 11.2533 0.640097
 468 0.8 11.231 0.639118
 469 0.0888889 11.2072 0.638196
 470 2.22222 11.1881 0.637124
 471 0.0888889 11.1645 0.636206
 472 0 11.1409 0.635297
 473 0.0888889 11.1175 0.634383
 474 0.8 11.0957 0.633418
 475 2.22222 11.0771 0.632359
 476 2.22222 11.0585 0.631303
 477 5.68889 11.0472 0.630079
 478 5.68889 11.036 0.628859
 479 7.2 11.028 0.627596
 480 5.68889 11.0169 0.626386
 481 4.35556 11.003 0.625236
 482 7.2 10.9951 0.623987
 483 10.7556 10.9946 0.622694
 484 17.4222 11.0079 0.621548
 485 15.0222 11.0162 0.62032
 486 12.8 11.0198 0.619054
 487 20 11.0383 0.618056
 488 10.7556 11.0377 0.616789
 489 5.68889 11.0268 0.615623
 490 5.68889 11.0159 0.614462
 491 3.2 11 0.613416
 492 5.68889 10.9892 0.612263
 493 5.68889 10.9784 0.611115
 494 5.68889 10.9677 0.60997
 495 3.2 10.952 0.608939
 496 1.42222 10.9328 0.608014
 497 1.42222 10.9137 0.607091
 498 1.42222 10.8946 0.60617
 499 1.42222 10.8756 0.605252
 500 0.8 10.8555 0.604376
 501 0.8 10.8354 0.603502
 502 1.42222 10.8166 0.602591
 503 2.22222 10.7996 0.601634
 504 1.42222 10.781 0.600728
 505 4.35556 10.7682 0.599672
 506 2.22222 10.7513 0.598724
 507 3.2 10.7364 0.597727
 508 5.68889 10.7265 0.596632
 509 8.88889 10.7229 0.59547
 510 17.4222 10.736 0.594446
 511 20 10.7542 0.593559
 512 22.7556 10.7776 0.592862
 513 22.7556 10.801 0.592166
 514 22.7556 10.8242 0.59147
 515 17.4222 10.837 0.590459
 516 15.0222 10.8451 0.58937
 517 15.0222 10.8532 0.588284
 518 17.4222 10.8659 0.587284
 519 15.0222 10.8739 0.586206
 520 17.4222 10.8865 0.585213
 521 20 10.904 0.584351
 522 22.7556 10.9267 0.583672
 523 20 10.944 0.582813
 524 17.4222 10.9564 0.581832
 525 17.4222 10.9687 0.580853
 526 17.4222 10.981 0.579877
 527 17.4222 10.9932 0.578905
 528 15.0222 11.0008 0.577858
 529 5.68889 10.9908 0.576852
 530 5.68889 10.9808 0.575849
 531 7.2 10.9737 0.574808
 532 4.35556 10.9612 0.573861
 533 0.8 10.9422 0.573101
 534 2.22222 10.9258 0.57226
 535 2.22222 10.9096 0.571421
 536 7.2 10.9027 0.570396
 537 4.35556 10.8905 0.569463
 538 3.2 10.8762 0.568583
 539 3.2 10.8619 0.567706
 540 0.8 10.8433 0.56696
 541 2.22222 10.8274 0.566135
 542 0.8 10.8089 0.565393
 543 0.8 10.7904 0.564651
 544 1.42222 10.7732 0.563875
 545 1.42222 10.756 0.563101
 546 2.22222 10.7404 0.562286
 547 2.22222 10.7248 0.561473
 548 2.22222 10.7093 0.560663
 549 0.0888889 10.69 0.559975
 550 0.0888889 10.6707 0.559288
 551 0.355556 10.652 0.558586
 552 0.355556 10.6333 0.557885
 553 3.2 10.6199 0.557037
 554 8.88889 10.6168 0.55604
 555 3.2 10.6034 0.555198
 556 3.2 10.5901 0.554358
 557 8.88889 10.587 0.55337
 558 8.88889 10.584 0.552386
 559 4.35556 10.5728 0.55151
 560 5.68889 10.5641 0.550593
 561 15.0222 10.5721 0.549668
 562 12.8 10.576 0.548704
 563 7.2 10.57 0.547761
 564 10.7556 10.5704 0.546789
 565 17.4222 10.5825 0.545955
 566 17.4222 10.5946 0.545124
 567 15.0222 10.6024 0.544217
 568 12.8 10.6063 0.543272
 569 17.4222 10.6182 0.542449
 570 15.0222 10.626 0.541551
 571 15.0222 10.6337 0.540657
 572 15.0222 10.6413 0.539765
 573 17.4222 10.6532 0.538953
 574 17.4222 10.665 0.538142
 575 15.0222 10.6725 0.537259
 576 7.2 10.6665 0.536359
 577 7.2 10.6605 0.535462
 578 5.68889 10.6519 0.534604
 579 5.68889 10.6433 0.533749
 580 8.88889 10.6403 0.532837
 581 10.7556 10.6405 0.531919
 582 10.7556 10.6407 0.531004
 583 15.0222 10.6482 0.530146
 584 8.88889 10.6452 0.529246
 585 7.2 10.6393 0.528373
 586 3.2 10.6266 0.527623
 587 3.2 10.614 0.526876
 588 1.42222 10.5983 0.526211
 589 0.8 10.5817 0.52558
 590 0.8 10.5651 0.524951
 591 0.8 10.5486 0.524322
 592 0.355556 10.5314 0.523719
 593 0.0888889 10.5138 0.523131
 594 0.8 10.4974 0.522506
 595 2.22222 10.4835 0.521812
 596 1.42222 10.4683 0.521158
 597 0.0888889 10.4509 0.520575
 598 0.0888889 10.4336 0.519992
 599 0.355556 10.4168 0.519396
 600 2.22222 10.4031 0.518709
 601 4.35556 10.393 0.517943
 602 1.42222 10.3781 0.517297
 603 0.355556 10.3615 0.516706
 604 1.42222 10.3467 0.516062
 605 0.355556 10.3302 0.515473
 606 1.42222 10.3155 0.514831
 607 2.22222 10.3022 0.514155
 608 4.35556 10.2924 0.513402
 609 5.68889 10.2848 0.512614
 610 8.88889 10.2826 0.511778
 611 12.8 10.2867 0.510957
 612 10.7556 10.2874 0.510122
 613 10.7556 10.2882 0.509289
 614 7.2 10.2832 0.508484
 615 10.7556 10.2839 0.507657
 616 7.2 10.2789 0.506857
 617 7.2 10.2739 0.50606
 618 8.88889 10.2717 0.505245
 619 12.8 10.2758 0.504445
 620 17.4222 10.2873 0.503762
 621 17.4222 10.2988 0.503082
 622 17.4222 10.3103 0.502403
 623 7.2 10.3053 0.50162
 624 7.2 10.3003 0.500841
 625 12.8 10.3043 0.500055
 626 12.8 10.3083 0.499271
 627 12.8 10.3122 0.49849
 628 17.4222 10.3236 0.497824
 629 15.0222 10.331 0.497088
 630 25.6889 10.3554 0.496897
 631 39.2 10.4011 0.498211
 632 47.0222 10.4591 0.500785
 633 47.0222 10.5168 0.503319
 634 55.5556 10.5879 0.507521
 635 47.0222 10.6452 0.509959
 636 28.8 10.6738 0.509956
 637 25.6889 10.6974 0.5097
 638 32.0889 10.7309 0.510004
 639 28.8 10.7592 0.50999
 640 32.0889 10.7925 0.510282
 641 28.8 10.8206 0.510259
 642 28.8 10.8486 0.510233
 643 28.8 10.8765 0.510203
 644 20 10.8907 0.509607
 645 28.8 10.9184 0.509574
 646 28.8 10.9461 0.509537
 647 28.8 10.9737 0.509496
 648 32.0889 11.0063 0.509752
 649 22.7556 11.0244 0.509288
 650 43.0222 11.0736 0.510881
 651 51.2 11.1353 0.513806
 652 55.5556 11.2034 0.517521
 653 51.2 11.2647 0.520346
 654 55.5556 11.3324 0.523945
 655 55.5556 11.3999 0.527483
 656 55.5556 11.4672 0.530962
 657 47.0222 11.5213 0.532908
 658 43.0222 11.5692 0.534247
 659 47.0222 11.623 0.536142
 660 47.0222 11.6766 0.538009
 661 43.0222 11.7241 0.539283
 662 32.0889 11.7548 0.539346
 663 35.5556 11.7907 0.539727
 664 35.5556 11.8265 0.540101
 665 32.0889 11.857 0.540148
 666 17.4222 11.8653 0.539401
 667 28.8 11.8907 0.53919
 668 32.0889 11.921 0.539231
 669 35.5556 11.9563 0.539582
 670 35.5556 11.9915 0.539926
 671 39.2 12.0321 0.540644
 672 28.8 12.057 0.540415
 673 25.6889 12.0773 0.539991
 674 25.6889 12.0975 0.539568
 675 20 12.1092 0.538895
 676 20 12.1208 0.538224
 677 20 12.1325 0.537554
 678 17.4222 12.1403 0.536817
 679 12.8 12.1413 0.536027
 680 15.0222 12.1455 0.535255
 681 15.0222 12.1497 0.534485
 682 20 12.1612 0.533825
 683 17.4222 12.1689 0.533098
 684 8.88889 12.1641 0.53234
 685 4.35556 12.1527 0.531685
 686 5.68889 12.1433 0.530993
 687 4.35556 12.132 0.53034
 688 7.2 12.1248 0.529617
 689 5.68889 12.1155 0.528931
 690 0.8 12.0991 0.528418
 691 1.42222 12.0836 0.527879
 692 4.35556 12.0724 0.527234
 693 4.35556 12.0613 0.52659
 694 0.8 12.0451 0.526081
 695 0.0888889 12.0279 0.525605
 696 0.0888889 12.0107 0.52513
 697 0.0888889 11.9936 0.524655
 698 0.8 11.9776 0.524148
 699 0.0888889 11.9606 0.523674
 700 0.8 11.9446 0.523168
 701 1.42222 11.9296 0.522637
 702 4.35556 11.9188 0.522003
 703 7.2 11.9121 0.521304
 704 7.2 11.9054 0.520606
 705 3.2 11.8931 0.520013
 706 0.8 11.8774 0.519514
 707 0.8 11.8617 0.519015
 708 0.355556 11.8454 0.518536
 709 0 11.8287 0.518074
 710 0.0888889 11.8122 0.517608
 711 2.22222 11.7987 0.517055
 712 1.42222 11.7841 0.516534
 713 0.8 11.7687 0.516039
 714 0.8 11.7534 0.515545
 715 0.355556 11.7374 0.51507
 716 0.0888889 11.7212 0.514607
 717 0.355556 11.7053 0.514134
 718 0.355556 11.6895 0.51366
 719 2.22222 11.6763 0.513114
 720 0.8 11.6612 0.512624
 721 0.355556 11.6456 0.512152
 722 0.355556 11.6299 0.511682
 723 0.0888889 11.614 0.511223
 724 0 11.5979 0.510768
 725 0.0888889 11.582 0.51031
 726 0.0888889 11.5662 0.509852
 727 0.0888889 11.5504 0.509395
 728 0 11.5346 0.508943
 729 0.0888889 11.5189 0.508486
 730 0.0888889 11.5032 0.508031
 731 0 11.4875 0.507579
 732 0.355556 11.4723 0.507113
 733 0.8 11.4577 0.50663
 734 3.2 11.4464 0.506065
 735 5.68889 11.4386 0.505436
 736 5.68889 11.4308 0.50481
 737 4.35556 11.4212 0.504216
 738 0.8 11.4068 0.503738
 739 0.8 11.3925 0.50326
 740 0.0888889 11.3772 0.502812
 741 0 11.3618 0.502367
 742 0 11.3465 0.501924
 743 0.355556 11.3317 0.501466
 744 1.42222 11.3184 0.500968
 745 0.8 11.3043 0.500495
 746 0.8 11.2902 0.500022
 747 0.8 11.2762 0.499549
 748 1.42222 11.263 0.499055
 749 5.68889 11.2555 0.498444
 750 4.35556 11.2463 0.497864
 751 7.2 11.241 0.497229
 752 8.88889 11.2378 0.496578
 753 5.68889 11.2305 0.495973
 754 5.68889 11.2231 0.495369
 755 3.2 11.2125 0.494826
 756 4.35556 11.2034 0.494255
 757 5.68889 11.1961 0.493655
 758 4.35556 11.1871 0.493086
 759 7.2 11.1818 0.492464
 760 7.2 11.1766 0.491843
 761 3.2 11.1661 0.491308
 762 0.0888889 11.1516 0.490879
 763 1.42222 11.1388 0.490401
 764 0 11.1243 0.489975
 765 0.355556 11.1102 0.489537
 766 3.2 11.0999 0.489006
 767 4.35556 11.0911 0.488448
 768 5.68889 11.084 0.487862
 769 8.88889 11.0812 0.487235
 770 10.7556 11.0808 0.486602
 771 25.6889 11.0997 0.48634
 772 20 11.1112 0.485846
 773 39.2 11.1476 0.486576
 774 39.2 11.1838 0.487297
 775 39.2 11.22 0.488009
 776 25.6889 11.2386 0.487736
 777 28.8 11.2612 0.487632
 778 28.8 11.2837 0.487526
 779 28.8 11.3062 0.487419
 780 22.7556 11.3209 0.487015
 781 25.6889 11.3393 0.486738
 782 25.6889 11.3577 0.486462
 783 12.8 11.3595 0.485844
 784 10.7556 11.3587 0.485224
 785 15.0222 11.3634 0.484628
 786 15.0222 11.3681 0.484034
 787 15.0222 11.3727 0.48344
 788 20 11.3836 0.482951
 789 20 11.3946 0.482462
 790 17.4222 11.4022 0.481911
 791 12.8 11.404 0.481305
 792 17.4222 11.4116 0.480757
 793 28.8 11.4335 0.48065
 794 17.4222 11.441 0.480104
 795 22.7556 11.4553 0.479711
 796 25.6889 11.4731 0.479441
 797 32.0889 11.499 0.479538
 798 17.4222 11.5064 0.478994
 799 20 11.5171 0.478512
 800 15.0222 11.5214 0.477934
 801 17.4222 11.5288 0.477393
 802 15.0222 11.5332 0.476818
 803 15.0222 11.5375 0.476243
 804 25.6889 11.5551 0.475976
 805 12.8 11.5567 0.475387
 806 4.35556 11.5477 0.474881
 807 2.22222 11.5362 0.474433
 808 0.8 11.5229 0.474032
 809 0.355556 11.5091 0.473646
 810 2.22222 11.4976 0.4732
 811 0.355556 11.4839 0.472816
 812 0.355556 11.4702 0.472432
 813 0.355556 11.4565 0.472049
 814 0.0888889 11.4425 0.471675
 815 0.0888889 11.4286 0.471302
 816 0.0888889 11.4147 0.470929
 817 3.2 11.4047 0.47046
 818 7.2 11.3995 0.469913
 819 8.88889 11.3964 0.469349
 820 10.7556 11.3957 0.468776
 821 10.7556 11.3949 0.468206
 822 7.2 11.3898 0.467664
 823 3.2 11.3798 0.467201
 824 0.0888889 11.3661 0.466835
 825 0.0888889 11.3525 0.466469
 826 0 11.3387 0.466107
 827 0.0888889 11.3251 0.465741
 828 0.0888889 11.3115 0.465376
 829 1.42222 11.2996 0.464968
 830 2.22222 11.2887 0.464536
 831 1.42222 11.2768 0.464129
 832 0.0888889 11.2634 0.463765
 833 2.22222 11.2525 0.463335
 834 2.22222 11.2417 0.462906
 835 2.22222 11.2309 0.462478
 836 0.0888889 11.2175 0.462116
 837 0.355556 11.2046 0.461746
 838 0.8 11.1922 0.461362
 839 0.8 11.1798 0.460978
 840 0.0888889 11.1666 0.460618
 841 0.0888889 11.1534 0.460259
 842 0.0888889 11.1402 0.4599
 843 0.0888889 11.1271 0.459541
 844 0.355556 11.1144 0.459173
 845 0.8 11.1022 0.458792
 846 2.22222 11.0917 0.45837
 847 7.2 11.0871 0.457851
 848 5.68889 11.0807 0.457355
 849 10.7556 11.0803 0.456816
 850 10.7556 11.0799 0.456279
 851 12.8 11.082 0.455747
 852 12.8 11.084 0.455216
 853 15.0222 11.0886 0.454706
 854 12.8 11.0906 0.454177
 855 5.68889 11.0843 0.45369
 856 7.2 11.0798 0.453182
 857 7.2 11.0752 0.452676
 858 3.2 11.066 0.452241
 859 5.68889 11.0598 0.451758
 860 12.8 11.0618 0.451236
 861 10.7556 11.0615 0.450712
 862 10.7556 11.0611 0.450189
 863 7.2 11.0566 0.449689
 864 10.7556 11.0563 0.449169
 865 28.8 11.0768 0.449118
 866 15.0222 11.0813 0.448622
 867 7.2 11.0769 0.448127
 868 7.2 11.0724 0.447633
 869 7.2 11.0679 0.447139
 870 8.88889 11.0654 0.446632
 871 5.68889 11.0593 0.446162
 872 4.35556 11.0516 0.445716
 873 5.68889 11.0454 0.445248
 874 8.88889 11.043 0.444745
 875 8.88889 11.0405 0.444243
 876 4.35556 11.0329 0.443801
 877 4.35556 11.0253 0.44336
 878 5.68889 11.0192 0.442897
 879 7.2 11.0148 0.442414
 880 10.7556 11.0145 0.441911
 881 10.7556 11.0143 0.441409
 882 5.68889 11.0082 0.44095
 883 1.42222 10.9974 0.440584
 884 1.42222 10.9865 0.440218
 885 3.2 10.9777 0.439809
 886 3.2 10.9689 0.4394
 887 0.8 10.9575 0.439054
 888 1.42222 10.9467 0.438691
 889 0.355556 10.9348 0.438359
 890 0.355556 10.9229 0.438027
 891 0.8 10.9116 0.437683
 892 3.2 10.9029 0.437277
 893 8.88889 10.9007 0.436793
 894 10.7556 10.9005 0.436304
 895 8.88889 10.8983 0.435822
 896 4.35556 10.891 0.435397
 897 5.68889 10.8852 0.43495
 898 7.2 10.8811 0.434485
 899 7.2 10.877 0.43402
 900 7.2 10.8729 0.433557
 901 15.0222 10.8775 0.4331
 902 12.8 10.8796 0.432625
 903 15.0222 10.8842 0.43217
 904 15.0222 10.8888 0.431716
 905 3.2 10.8803 0.431322
 906 3.2 10.8718 0.430929
 907 10.7556 10.8717 0.430454
 908 8.88889 10.8695 0.429985
 909 20 10.8796 0.429629
 910 22.7556 10.8926 0.429355
 911 35.5556 10.9197 0.429737
 912 22.7556 10.9327 0.429462
 913 22.7556 10.9456 0.429187
 914 17.4222 10.9527 0.428776
 915 20 10.9626 0.428421
 916 15.0222 10.967 0.427976
 917 5.68889 10.9613 0.427548
 918 7.2 10.9572 0.427101
 919 5.68889 10.9514 0.426675
 920 7.2 10.9473 0.42623
 921 8.88889 10.9451 0.425773
 922 4.35556 10.938 0.425371
 923 1.42222 10.9277 0.425035
 924 3.2 10.9193 0.424657
 925 0.8 10.9083 0.424339
 926 2.22222 10.899 0.423984
 927 0.8 10.8881 0.423667
 928 0 10.8763 0.423372
 929 0.0888889 10.8647 0.423076
 930 0 10.853 0.422782
 931 0.8 10.8422 0.422466
 932 0.8 10.8315 0.42215
 933 0.0888889 10.82 0.421854
 934 0.355556 10.8088 0.421551
 935 1.42222 10.7987 0.42122
 936 3.2 10.7906 0.420848
 937 0.8 10.7799 0.420534
 938 0 10.7684 0.420242
 939 0.0888889 10.7571 0.419949
 940 0.0888889 10.7457 0.419655
 941 0.355556 10.7347 0.419354
 942 0.8 10.7241 0.419042
 943 1.42222 10.7143 0.418713
 944 0.8 10.7038 0.418401
 945 0.0888889 10.6925 0.418109
 946 0 10.6812 0.41782
 947 0 10.67 0.417531
 948 0.8 10.6595 0.41722
 949 3.2 10.6517 0.416854
 950 4.35556 10.6451 0.416468
 951 4.35556 10.6384 0.416082
 952 8.88889 10.6366 0.415649
 953 3.2 10.6288 0.415286
 954 7.2 10.6252 0.414866
 955 5.68889 10.62 0.414464
 956 7.2 10.6165 0.414045
 957 4.35556 10.6099 0.413664
 958 8.88889 10.6081 0.413236
 959 15.0222 10.6127 0.412831
 960 22.7556 10.6254 0.412594
 961 22.7556 10.638 0.412358
 962 22.7556 10.6506 0.412122
 963 15.0222 10.6551 0.411719
 964 8.88889 10.6533 0.411295
 965 0.355556 10.6426 0.411007
 966 0 10.6316 0.410729
 967 2.22222 10.6229 0.410397
 968 15.0222 10.6275 0.409998
 969 10.7556 10.6276 0.409574
 970 10.7556 10.6277 0.409152
 971 12.8 10.63 0.408736
 972 12.8 10.6322 0.408322
 973 15.0222 10.6367 0.407927
 974 15.0222 10.6412 0.407533
 975 17.4222 10.6482 0.407174
 976 20 10.6577 0.406869
 977 17.4222 10.6647 0.406512
 978 10.7556 10.6648 0.406096
 979 5.68889 10.6597 0.405713
 980 3.2 10.6521 0.40537
 981 5.68889 10.647 0.404988
 982 7.2 10.6435 0.404591
 983 4.35556 10.6371 0.40423
 984 5.68889 10.6321 0.40385
 985 1.42222 10.6227 0.403548
 986 1.42222 10.6134 0.403246
 987 2.22222 10.6049 0.402927
 988 0.355556 10.5945 0.402653
 989 0.0888889 10.5839 0.402386
 990 1.42222 10.5746 0.402086
 991 0.0888889 10.5641 0.401819
 992 0.8 10.5542 0.401535
 993 0.355556 10.5439 0.401261
 994 0.355556 10.5337 0.400989
 995 1.42222 10.5245 0.40069
 996 4.35556 10.5183 0.400335
 997 3.2 10.511 0.400001
 998 3.2 10.5037 0.399667
 999 4.35556 10.4975 0.399314
 1000 5.68889 10.4927 0.398944
 1001 5.68889 10.4879 0.398574
 1002 4.35556 10.4818 0.398223
 1003 0.0888889 10.4714 0.397961
 1004 1.42222 10.4624 0.397666
 1005 2.22222 10.4542 0.397355
 1006 1.42222 10.4452 0.397061
 1007 2.22222 10.4371 0.396751
 1008 2.22222 10.4289 0.396441
 1009 1.42222 10.42 0.396148
 1010 2.22222 10.4119 0.395839
 1011 0.8 10.4024 0.395562
 1012 2.22222 10.3943 0.395253
 1013 1.42222 10.3854 0.394962
 1014 0.8 10.376 0.394686
 1015 0.8 10.3665 0.39441
 1016 4.35556 10.3606 0.394066
 1017 4.35556 10.3547 0.393722
 1018 4.35556 10.3488 0.393379
 1019 5.68889 10.3443 0.39302
 1020 5.68889 10.3397 0.392661
 1021 10.7556 10.3401 0.392276
 1022 15.0222 10.3447 0.391919
 1023 10.7556 10.3451 0.391536
 1024 10.7556 10.3455 0.391154
 1025 17.4222 10.3524 0.390833
 1026 12.8 10.3548 0.390459
 1027 20 10.3642 0.390192
 1028 17.4222 10.371 0.389872
 1029 20 10.3804 0.389606
 1030 22.7556 10.3924 0.389413
 1031 25.6889 10.4072 0.389318
 1032 28.8 10.4251 0.389348
 1033 25.6889 10.4398 0.389252
 1034 17.4222 10.4466 0.388934
 1035 12.8 10.4489 0.388564
 1036 15.0222 10.4533 0.388214
 1037 20 10.4625 0.387949
 1038 25.6889 10.4772 0.387852
 1039 25.6889 10.4918 0.387756
 1040 17.4222 10.4985 0.38744
 1041 17.4222 10.5051 0.387125
 1042 20 10.5142 0.38686
 1043 15.0222 10.5185 0.386513
 1044 25.6889 10.5331 0.386416
 1045 22.7556 10.5448 0.386223
 1046 25.6889 10.5593 0.386125
 1047 17.4222 10.5658 0.385812
 1048 22.7556 10.5774 0.385619
 1049 28.8 10.5948 0.385643
 1050 22.7556 10.6064 0.38545
 1051 25.6889 10.6207 0.38535
 1052 32.0889 10.6411 0.385524
 1053 39.2 10.6683 0.386111
 1054 39.2 10.6953 0.386694
 1055 32.0889 10.7156 0.386859
 1056 22.7556 10.727 0.38666
 1057 22.7556 10.7384 0.386462
 1058 28.8 10.7555 0.386474
 1059 20 10.7642 0.386207
 1060 12.8 10.7661 0.385848
 1061 10.7556 10.7661 0.385484
 1062 15.0222 10.7701 0.385141
 1063 12.8 10.772 0.384784
 1064 10.7556 10.772 0.384422
 1065 10.7556 10.772 0.384061
 1066 10.7556 10.772 0.3837
 1067 5.68889 10.7672 0.38337
 1068 4.35556 10.7612 0.383058
 1069 5.68889 10.7565 0.382729
 1070 2.22222 10.7485 0.382454
 1071 3.2 10.7414 0.382162
 1072 2.22222 10.7335 0.381888
 1073 1.42222 10.7248 0.381631
 1074 0.0888889 10.7149 0.381404
 1075 0.355556 10.7053 0.381171
 1076 0.0888889 10.6954 0.380944
 1077 0.0888889 10.6856 0.380717
 1078 0.0888889 10.6757 0.380491
 1079 0.0888889 10.6659 0.380265
 1080 0.0888889 10.6561 0.380039
 1081 4.35556 10.6503 0.379732
 1082 3.2 10.6434 0.379443
 1083 3.2 10.6365 0.379155
 1084 1.42222 10.628 0.3789
 1085 0.0888889 10.6183 0.378676
 1086 1.42222 10.6099 0.378422
 1087 4.35556 10.6041 0.378117
 1088 7.2 10.601 0.377782
 1089 7.2 10.5979 0.377448
 1090 2.22222 10.5902 0.37718
 1091 5.68889 10.5857 0.376861
 1092 5.68889 10.5812 0.376542
 1093 5.68889 10.5767 0.376224
 1094 5.68889 10.5723 0.375907
 1095 5.68889 10.5678 0.37559
 1096 5.68889 10.5633 0.375273
 1097 7.2 10.5603 0.374944
 1098 4.35556 10.5546 0.374645
 1099 2.22222 10.547 0.37438
 1100 1.42222 10.5387 0.374132
 1101 4.35556 10.5331 0.373834
 1102 5.68889 10.5287 0.373521
 1103 8.88889 10.5272 0.373185
 1104 7.2 10.5242 0.372859
 1105 2.22222 10.5167 0.372597
 1106 2.22222 10.5092 0.372335
 1107 1.42222 10.501 0.372089
 1108 0.8 10.4923 0.371857
 1109 0.0888889 10.4829 0.37164
 1110 0.0888889 10.4735 0.371423
 1111 0.8 10.4648 0.37119
 1112 0.0888889 10.4555 0.370974
 1113 0.8 10.4468 0.370742
 1114 2.22222 10.4394 0.370482
 1115 2.22222 10.432 0.370223
 1116 2.22222 10.4247 0.369965
 1117 0.355556 10.4157 0.369743
 1118 0.355556 10.4067 0.369522
 1119 0.8 10.3981 0.369291
 1120 1.42222 10.3901 0.369048
 1121 8.88889 10.3887 0.368721
 1122 12.8 10.3909 0.368399
 1123 12.8 10.393 0.368077
 1124 8.88889 10.3917 0.367752
 1125 8.88889 10.3904 0.367427
 1126 3.2 10.384 0.367156
 1127 3.2 10.3776 0.366886
 1128 7.2 10.3748 0.366571
 1129 4.35556 10.3695 0.366285
 1130 5.68889 10.3653 0.365984
 1131 10.7556 10.3657 0.365661
 1132 10.7556 10.366 0.365338
 1133 5.68889 10.3619 0.365038
 1134 7.2 10.3591 0.364727
 1135 12.8 10.3612 0.364412
 1136 7.2 10.3585 0.364102
 1137 7.2 10.3557 0.363792
 1138 22.7556 10.3666 0.363635
 1139 20 10.375 0.363414
 1140 20 10.3835 0.363194
 1141 22.7556 10.3943 0.363037
 1142 22.7556 10.4051 0.362881
 1143 17.4222 10.4113 0.362615
 1144 15.0222 10.4153 0.36232
 1145 15.0222 10.4193 0.362026
 1146 12.8 10.4214 0.361716
 1147 10.7556 10.4217 0.361401
 1148 7.2 10.4189 0.361097
 1149 2.22222 10.4118 0.360853
 1150 2.22222 10.4046 0.360609
 1151 1.42222 10.3968 0.36038
 1152 0.8 10.3885 0.360164
 1153 0.355556 10.3798 0.359956
 1154 0.355556 10.3711 0.359749
 1155 0.8 10.3628 0.359533
 1156 3.2 10.3566 0.359275
 1157 1.42222 10.3489 0.359048
 1158 2.22222 10.3419 0.358806
 1159 0.355556 10.3333 0.3586
 1160 0.355556 10.3247 0.358394
 1161 2.22222 10.3177 0.358153
 1162 7.2 10.315 0.357855
 1163 7.2 10.3123 0.357557
 1164 10.7556 10.3127 0.35725
 1165 7.2 10.31 0.356953
 1166 22.7556 10.3207 0.356806
 1167 25.6889 10.3339 0.356744
 1168 17.4222 10.34 0.35649
 1169 12.8 10.3421 0.356191
 1170 22.7556 10.3527 0.356044
 1171 22.7556 10.3633 0.355898
 1172 20 10.3715 0.355689
 1173 15.0222 10.3754 0.355408
 1174 10.7556 10.3758 0.355105
 1175 10.7556 10.3761 0.354803
 1176 10.7556 10.3764 0.354501
 1177 12.8 10.3785 0.354206
 1178 7.2 10.3758 0.353916
 1179 12.8 10.3778 0.353621
 1180 7.2 10.3751 0.353332
 1181 2.22222 10.3682 0.3531
 1182 3.2 10.3622 0.352853
 1183 3.2 10.3561 0.352607
 1184 3.2 10.3501 0.352361
 1185 7.2 10.3474 0.352073
 1186 7.2 10.3448 0.351786
 1187 5.68889 10.3408 0.351512
 1188 4.35556 10.3358 0.351252
 1189 4.35556 10.3308 0.350992
 1190 4.35556 10.3258 0.350733
 1191 5.68889 10.3219 0.35046
 1192 5.68889 10.318 0.350187
 1193 5.68889 10.3141 0.349915
 1194 3.2 10.3081 0.349673
 1195 5.68889 10.3043 0.349402
 1196 10.7556 10.3046 0.34911
 1197 10.7556 10.305 0.348818
 1198 5.68889 10.3012 0.348548
 1199 4.35556 10.2962 0.348292
 1200 1.42222 10.2888 0.348081
 1201 0.8 10.2809 0.34788
 1202 3.2 10.275 0.347641
 1203 0.8 10.2671 0.347441
 1204 2.22222 10.2605 0.347217
 1205 3.2 10.2546 0.346978
 1206 1.42222 10.2473 0.346767
 1207 2.22222 10.2406 0.346544
 1208 1.42222 10.2333 0.346334
 1209 0.355556 10.2252 0.346143
 1210 3.2 10.2194 0.345906
 1211 3.2 10.2136 0.345669
 1212 2.22222 10.207 0.345446
 1213 3.2 10.2012 0.34521
 1214 8.88889 10.2001 0.344927
 1215 4.35556 10.1953 0.344677
 1216 5.68889 10.1916 0.344413
 1217 7.2 10.1891 0.344139
 1218 8.88889 10.1881 0.343858
 1219 10.7556 10.1885 0.343576
 1220 15.0222 10.1925 0.343317
 1221 12.8 10.1946 0.343042
 1222 8.88889 10.1936 0.342763
 1223 10.7556 10.194 0.342483
 1224 12.8 10.1962 0.34221
 1225 10.7556 10.1966 0.341931
 1226 10.7556 10.1971 0.341652
 1227 10.7556 10.1975 0.341374
 1228 12.8 10.1996 0.341102
 1229 22.7556 10.2099 0.340978
 1230 28.8 10.225 0.341035
 1231 17.4222 10.2308 0.340808
 1232 22.7556 10.241 0.340683
 1233 17.4222 10.2468 0.340457
 1234 12.8 10.2489 0.340187
 1235 17.4222 10.2547 0.339961
 1236 12.8 10.2567 0.339692
 1237 15.0222 10.2606 0.339439
 1238 7.2 10.2581 0.339174
 1239 7.2 10.2557 0.338909
 1240 10.7556 10.2561 0.338636
 1241 17.4222 10.2618 0.338412
 1242 17.4222 10.2676 0.338189
 1243 22.7556 10.2776 0.338066
 1244 28.8 10.2925 0.338122
 1245 28.8 10.3074 0.338177
 1246 20 10.3152 0.337995
 1247 15.0222 10.319 0.337745
 1248 12.8 10.3209 0.33748
 1249 12.8 10.3229 0.337216
 1250 20 10.3307 0.337035
 1251 22.7556 10.3406 0.336912
 1252 17.4222 10.3463 0.33669
 1253 17.4222 10.3519 0.336469
 1254 25.6889 10.3641 0.336423
 1255 15.0222 10.3678 0.336175
 1256 8.88889 10.3667 0.335909
 1257 12.8 10.3686 0.335647
 1258 15.0222 10.3723 0.335401
 1259 15.0222 10.376 0.335155
 1260 12.8 10.3779 0.334894
 1261 12.8 10.3798 0.334634
 1262 15.0222 10.3835 0.334389
 1263 17.4222 10.3891 0.334171
 1264 12.8 10.391 0.333912
 1265 15.0222 10.3947 0.333668
 1266 12.8 10.3966 0.333409
 1267 8.88889 10.3954 0.333148
 1268 15.0222 10.399 0.332905
 1269 17.4222 10.4046 0.332689
 1270 15.0222 10.4082 0.332447
 1271 10.7556 10.4085 0.332185
 1272 17.4222 10.414 0.33197
 1273 25.6889 10.426 0.331926
 1274 17.4222 10.4315 0.331711
 1275 12.8 10.4333 0.331456
 1276 7.2 10.4308 0.331205
 1277 15.0222 10.4344 0.330966
 1278 10.7556 10.4346 0.330707
 1279 12.8 10.4365 0.330453
 1280 22.7556 10.4461 0.330335
 1281 10.7556 10.4464 0.330077
 1282 12.8 10.4482 0.329825
 1283 10.7556 10.4484 0.329568
 1284 17.4222 10.4539 0.329356
 1285 20 10.4613 0.329183
 1286 8.88889 10.4601 0.328929
 1287 8.88889 10.4588 0.328676
 1288 7.2 10.4563 0.32843
 1289 10.7556 10.4565 0.328175
 1290 15.0222 10.4601 0.32794
 1291 17.4222 10.4655 0.32773
 1292 17.4222 10.4709 0.327521
 1293 10.7556 10.4711 0.327268
 1294 15.0222 10.4746 0.327033
 1295 22.7556 10.4841 0.326918
 1296 15.0222 10.4876 0.326685
 1297 17.4222 10.4929 0.326477
 1298 15.0222 10.4964 0.326244
 1299 17.4222 10.5018 0.326036
 1300 25.6889 10.5134 0.325994
 1301 32.0889 10.53 0.326166
 1302 39.2 10.552 0.326658
 1303 25.6889 10.5637 0.326614
 1304 32.0889 10.5802 0.326781
 1305 25.6889 10.5917 0.326735
 1306 17.4222 10.597 0.326527
 1307 15.0222 10.6004 0.326295
 1308 20 10.6075 0.326124
 1309 32.0889 10.624 0.326288
 1310 35.5556 10.643 0.326594
 1311 35.5556 10.662 0.326897
 1312 39.2 10.6837 0.327371
 1313 43.0222 10.7084 0.328048
 1314 32.0889 10.7246 0.328202
 1315 35.5556 10.7435 0.328495
 1316 43.0222 10.7681 0.329161
 1317 43.0222 10.7925 0.329821
 1318 47.0222 10.82 0.330715
 1319 55.5556 10.8539 0.3322
 1320 43.0222 10.8783 0.332842
 1321 32.0889 10.8944 0.332977
 1322 35.5556 10.913 0.333248
 1323 32.0889 10.929 0.33338
 1324 32.0889 10.945 0.333511
 1325 28.8 10.9585 0.333532
 1326 25.6889 10.9696 0.333465
 1327 17.4222 10.9745 0.333249
 1328 20 10.9813 0.333068
 1329 17.4222 10.9861 0.332852
 1330 28.8 10.9995 0.332872
 1331 28.8 11.0129 0.33289
 1332 32.0889 11.0287 0.333016
 1333 35.5556 11.0471 0.333275
 1334 32.0889 11.0629 0.333398
 1335 32.0889 11.0786 0.33352
 1336 22.7556 11.0874 0.333385
 1337 28.8 11.1006 0.333399
 1338 47.0222 11.1275 0.33423
 1339 55.5556 11.1606 0.335624
 1340 55.5556 11.1938 0.337006
 1341 55.5556 11.2268 0.338376
 1342 55.5556 11.2599 0.339733
 1343 55.5556 11.2929 0.341078
 1344 43.0222 11.3165 0.341641
 1345 43.0222 11.34 0.3422
 1346 28.8 11.353 0.342192
 1347 20 11.3594 0.341998
 1348 15.0222 11.3621 0.341755
 1349 25.6889 11.3728 0.341666
 1350 22.7556 11.3812 0.341517
 1351 25.6889 11.3918 0.341429
 1352 17.4222 11.3963 0.341205
 1353 22.7556 11.4046 0.341056
 1354 12.8 11.4057 0.340806
 1355 17.4222 11.4101 0.340583
 1356 25.6889 11.4206 0.340495
 1357 22.7556 11.429 0.340346
 1358 12.8 11.43 0.340097
 1359 7.2 11.4269 0.339861
 1360 12.8 11.4279 0.339613
 1361 10.7556 11.4274 0.339363
 1362 10.7556 11.4269 0.339114
 1363 10.7556 11.4264 0.338866
 1364 8.88889 11.4246 0.338622
 1365 7.2 11.4215 0.338388
 1366 2.22222 11.4147 0.338208
 1367 0.8 11.407 0.338049
 1368 0.355556 11.3989 0.337899
 1369 1.42222 11.3916 0.337731
 1370 0.8 11.3839 0.337572
 1371 0.355556 11.3758 0.337422
 1372 0.8 11.3681 0.337264
 1373 0.8 11.3604 0.337106
 1374 0.0888889 11.3522 0.336961
 1375 0.355556 11.3442 0.336811
 1376 0.8 11.3366 0.336653
 1377 0.355556 11.3286 0.336503
 1378 1.42222 11.3214 0.336335
 1379 2.22222 11.3148 0.336156
 1380 1.42222 11.3076 0.335989
 1381 1.42222 11.3005 0.335822
 1382 0.8 11.2929 0.335665
 1383 1.42222 11.2857 0.335498
 1384 0.8 11.2782 0.335341
 1385 0.355556 11.2703 0.335192
 1386 2.22222 11.2637 0.335013
 1387 1.42222 11.2567 0.334847
 1388 0.355556 11.2488 0.334698
 1389 0.8 11.2413 0.334541
 1390 0.0888889 11.2333 0.334397
 1391 0.8 11.2258 0.33424
 1392 0.8 11.2183 0.334084
 1393 3.2 11.2125 0.333894
 1394 4.35556 11.2076 0.33369
 1395 5.68889 11.2036 0.333475
 1396 7.2 11.2008 0.333248
 1397 8.88889 11.1991 0.333014
 1398 3.2 11.1934 0.332824
 1399 4.35556 11.1885 0.332622
 1400 3.2 11.1828 0.332434
 1401 4.35556 11.1779 0.332232
 1402 3.2 11.1722 0.332044
 1403 3.2 11.1665 0.331856
 1404 4.35556 11.1617 0.331655
 1405 5.68889 11.1578 0.331441
 1406 5.68889 11.1539 0.331228
 1407 5.68889 11.15 0.331016
 1408 5.68889 11.1461 0.330803
 1409 7.2 11.1433 0.33058
 1410 10.7556 11.1431 0.330346
 1411 8.88889 11.1415 0.330116
 1412 7.2 11.1387 0.329893
 1413 12.8 11.1399 0.329662
 1414 8.88889 11.1383 0.329433
 1415 4.35556 11.1335 0.329235
 1416 3.2 11.1279 0.32905
 1417 5.68889 11.124 0.32884
 1418 5.68889 11.1202 0.32863
 1419 3.2 11.1146 0.328446
 1420 3.2 11.109 0.328262
 1421 4.35556 11.1043 0.328065
 1422 7.2 11.1015 0.327846
 1423 8.88889 11.1 0.327619
 1424 5.68889 11.0962 0.327411
 1425 8.88889 11.0946 0.327185
 1426 7.2 11.0919 0.326967
 1427 7.2 11.0892 0.326749
 1428 4.35556 11.0845 0.326554
 1429 1.42222 11.0777 0.326396
 1430 0.355556 11.0702 0.326253
 1431 0 11.0625 0.326117
 1432 0.0888889 11.0548 0.325979
 1433 2.22222 11.0486 0.32581
 1434 2.22222 11.0425 0.325641
 1435 3.2 11.037 0.32546
 1436 0.8 11.0299 0.325311
 1437 0.355556 11.0225 0.32517
 1438 3.2 11.017 0.324989
 1439 8.88889 11.0156 0.324766
 1440 12.8 11.0168 0.324543
 1441 12.8 11.018 0.32432
 1442 12.8 11.0193 0.324098
 1443 7.2 11.0166 0.323884
 1444 10.7556 11.0164 0.323659
 1445 4.35556 11.0118 0.323468
 1446 5.68889 11.0081 0.323265
 1447 7.2 11.0055 0.323053
 1448 5.68889 11.0018 0.32285
 1449 7.2 10.9992 0.322638
 1450 5.68889 10.9956 0.322436
 1451 15.0222 10.9983 0.322226
 1452 7.2 10.9957 0.322015
 1453 5.68889 10.9921 0.321814
 1454 2.22222 10.986 0.321649
 1455 7.2 10.9834 0.321438
 1456 3.2 10.9781 0.321262
 1457 7.2 10.9755 0.321052
 1458 10.7556 10.9753 0.320831
 1459 5.68889 10.9717 0.320632
 1460 5.68889 10.9681 0.320433
 1461 8.88889 10.9667 0.320216
 1462 7.2 10.9641 0.320008
 1463 4.35556 10.9596 0.319821
 1464 0.8 10.9526 0.319678
 1465 0.355556 10.9454 0.319541
 1466 2.22222 10.9395 0.319379
 1467 0.8 10.9325 0.319236
 1468 1.42222 10.9261 0.319084
 1469 0 10.9186 0.318953
 1470 0.355556 10.9114 0.318817
 1471 0.0888889 10.9041 0.318685
 1472 0.8 10.8972 0.318543
 1473 0.355556 10.8901 0.318407
 1474 1.42222 10.8836 0.318256
 1475 2.22222 10.8778 0.318094
 1476 1.42222 10.8714 0.317943
 1477 4.35556 10.867 0.317758
 1478 4.35556 10.8625 0.317574
 1479 5.68889 10.859 0.317378
 1480 2.22222 10.8532 0.317217
 1481 0.355556 10.8461 0.317082
 1482 1.42222 10.8398 0.316932
 1483 1.42222 10.8334 0.316782
 1484 7.2 10.831 0.316578
 1485 12.8 10.8323 0.316368
 1486 12.8 10.8336 0.316157
 1487 8.88889 10.8323 0.315947
 1488 5.68889 10.8289 0.315754
 1489 1.42222 10.8225 0.315605
 1490 5.68889 10.8191 0.315412
 1491 5.68889 10.8156 0.315219
 1492 3.2 10.8105 0.315049
 1493 4.35556 10.8062 0.314868
 1494 4.35556 10.8019 0.314686
 1495 7.2 10.7995 0.314485
 1496 4.35556 10.7952 0.314304
 1497 4.35556 10.7909 0.314124
 1498 5.68889 10.7875 0.313933
 1499 5.68889 10.7841 0.313741
 1500 8.88889 10.7828 0.313535
 1501 12.8 10.7842 0.313329
 1502 12.8 10.7855 0.313123
 1503 5.68889 10.7821 0.312933
 1504 2.22222 10.7764 0.312777
 1505 1.42222 10.7702 0.31263
 1506 3.2 10.7652 0.312463
 1507 0.0888889 10.7581 0.312336
 1508 0.0888889 10.751 0.312209
 1509 2.22222 10.7454 0.312053
 1510 0.8 10.7388 0.311916
 1511 0.0888889 10.7317 0.311789
 1512 0.0888889 10.7247 0.311663
 1513 0 10.7176 0.311537
 1514 2.22222 10.712 0.311382
 1515 2.22222 10.7064 0.311227
 1516 3.2 10.7014 0.311061
 1517 7.2 10.6991 0.310864
 1518 8.88889 10.6979 0.310662
 1519 8.88889 10.6967 0.310459
 1520 10.7556 10.6968 0.310255
 1521 20 10.7029 0.310111
 1522 12.8 10.7043 0.309911
 1523 12.8 10.7057 0.30971
 1524 7.2 10.7034 0.309515
 1525 10.7556 10.7034 0.309312
 1526 4.35556 10.6992 0.309138
 1527 2.22222 10.6937 0.308985
 1528 0.8 10.6872 0.30885
 1529 1.42222 10.6811 0.308708
 1530 0.8 10.6747 0.308574
 1531 1.42222 10.6686 0.308431
 1532 0.0888889 10.6617 0.308307
 1533 0.355556 10.655 0.308179
 1534 0.0888889 10.6481 0.308055
 1535 3.2 10.6433 0.307893
 1536 2.22222 10.6378 0.307741
 1537 3.2 10.633 0.307579
 1538 0.8 10.6266 0.307445
 1539 2.22222 10.6211 0.307294
 1540 0.8 10.6147 0.307161
 1541 0.355556 10.6081 0.307034
 1542 2.22222 10.6026 0.306883
 1543 2.22222 10.5972 0.306732
 1544 3.2 10.5924 0.30657
 1545 2.22222 10.587 0.30642
 1546 1.42222 10.5811 0.306279
 1547 0.355556 10.5744 0.306152
 1548 0 10.5676 0.306031
 1549 0.0888889 10.5608 0.305908
 1550 1.42222 10.555 0.305767
 1551 1.42222 10.5491 0.305627
 1552 4.35556 10.5451 0.305456
 1553 1.42222 10.5392 0.305316
 1554 0.0888889 10.5325 0.305193
 1555 0 10.5257 0.305072
 1556 0.355556 10.5192 0.304946
 1557 0.355556 10.5126 0.30482
 1558 0 10.5059 0.304699
 1559 0.8 10.4997 0.304567
 1560 0.355556 10.4932 0.304441
 1561 0.0888889 10.4865 0.304319
 1562 0.0888889 10.4798 0.304197
 1563 0 10.4731 0.304076
 1564 0.0888889 10.4665 0.303954
 1565 0.0888889 10.4599 0.303832
 1566 0.8 10.4537 0.303701
 1567 0.8 10.4475 0.30357
 1568 3.2 10.4429 0.303411
 1569 5.68889 10.4399 0.303233
 1570 7.2 10.4378 0.303047
 1571 0.8 10.4317 0.302916
 1572 0.355556 10.4253 0.302791
 1573 0.355556 10.4189 0.302666
 1574 0.355556 10.4125 0.302541
 1575 0.0888889 10.4059 0.30242
 1576 0.355556 10.3995 0.302296
 1577 2.22222 10.3944 0.302148
 1578 0.8 10.3883 0.302018
 1579 1.42222 10.3826 0.30188
 1580 4.35556 10.3788 0.301713
 1581 5.68889 10.3758 0.301537
 1582 5.68889 10.3729 0.301361
 1583 8.88889 10.3719 0.301172
 1584 12.8 10.3735 0.300985
 1585 10.7556 10.3737 0.300796
 1586 7.2 10.3717 0.300613
 1587 3.2 10.3672 0.300457
 1588 5.68889 10.3642 0.300282
 1589 1.42222 10.3586 0.300146
 1590 0.355556 10.3523 0.300023
 1591 0 10.3458 0.299905
 1592 0.0888889 10.3394 0.299786
 1593 0.0888889 10.3329 0.299667
 1594 0.0888889 10.3265 0.299548
 1595 0 10.32 0.29943
 1596 0 10.3136 0.299312
 1597 0 10.3071 0.299194
 1598 0.355556 10.3009 0.299072
 1599 0 10.2944 0.298954
 1600 0.8 10.2885 0.298826
 1601 2.22222 10.2835 0.298682
 1602 0.8 10.2775 0.298554
 1603 1.42222 10.272 0.298419
 1604 0.8 10.2661 0.298291
 1605 1.42222 10.2606 0.298156
 1606 7.2 10.2587 0.297977
 1607 10.7556 10.259 0.297791
 1608 8.88889 10.2582 0.297607
 1609 12.8 10.2597 0.297426
 1610 10.7556 10.26 0.297242
 1611 2.22222 10.2551 0.297099
 1612 2.22222 10.2501 0.296957
 1613 0.355556 10.2439 0.296836
 1614 2.22222 10.239 0.296693
 1615 1.42222 10.2335 0.29656
 1616 3.2 10.2292 0.296408
 1617 0.8 10.2233 0.296282
 1618 1.42222 10.2179 0.296149
 1619 0.355556 10.2118 0.296029
 1620 0.0888889 10.2055 0.295912
 1621 0.355556 10.1995 0.295792
 1622 0.8 10.1937 0.295666
 1623 0.355556 10.1876 0.295546
 1624 0.8 10.1818 0.295421
 1625 0.8 10.1761 0.295295
 1626 0.355556 10.17 0.295175
 1627 3.2 10.1657 0.295025
 1628 2.22222 10.1609 0.294884
 1629 0.8 10.1551 0.294759
 1630 0.355556 10.1491 0.294639
 1631 0.0888889 10.1429 0.294523
 1632 0.0888889 10.1368 0.294407
 1633 0.355556 10.1308 0.294288
 1634 0.8 10.1251 0.294163
 1635 0.8 10.1194 0.294039
 1636 1.42222 10.114 0.293907
 1637 3.2 10.1098 0.293758
 1638 3.2 10.1056 0.293609
 1639 4.35556 10.1021 0.29345
 1640 1.42222 10.0968 0.293319
 1641 5.68889 10.0941 0.293153
 1642 4.35556 10.0906 0.292995
 1643 1.42222 10.0853 0.292864
 1644 2.22222 10.0806 0.292725
 1645 0.8 10.0749 0.292601
 1646 0.8 10.0693 0.292478
 1647 1.42222 10.064 0.292347
 1648 0.355556 10.0581 0.292229
 1649 3.2 10.054 0.292082
 1650 3.2 10.0498 0.291934
 1651 3.2 10.0457 0.291787
 1652 3.2 10.0415 0.291639
 1653 0.355556 10.0357 0.291522
 1654 1.42222 10.0305 0.291392
 1655 0.8 10.0249 0.291269
 1656 3.2 10.0208 0.291123
 1657 1.42222 10.0156 0.290993
 1658 0.0888889 10.0096 0.290879
 1659 0.0888889 10.0036 0.290765
 1660 0.0888889 9.99764 0.290651
 1661 1.42222 9.99248 0.290522
 1662 2.22222 9.98781 0.290385
 1663 7.2 9.98613 0.290215
 1664 5.68889 9.98355 0.290052
 1665 5.68889 9.98097 0.289889
 1666 7.2 9.9793 0.28972
 1667 12.8 9.98099 0.289551
 1668 15.0222 9.98401 0.289393
 1669 28.8 9.99529 0.28944
 1670 20 10.0013 0.289328
 1671 22.7556 10.0089 0.289256
 1672 25.6889 10.0183 0.289235
 1673 20 10.0243 0.289123
 1674 20 10.0302 0.289012
 1675 15.0222 10.0332 0.288855
 1676 17.4222 10.0376 0.288716
 1677 17.4222 10.042 0.288578
 1678 25.6889 10.0513 0.288556
 1679 22.7556 10.0589 0.288484
 1680 17.4222 10.0633 0.288345
 1681 20 10.0692 0.288234
 1682 20 10.0751 0.288123
 1683 17.4222 10.0795 0.287985
 1684 12.8 10.0811 0.287819
 1685 12.8 10.0827 0.287652
 1686 15.0222 10.0856 0.287497
 1687 22.7556 10.0931 0.287424
 1688 25.6889 10.1024 0.287402
 1689 28.8 10.1134 0.287445
 1690 32.0889 10.1264 0.287569
 1691 20 10.1323 0.287459
 1692 12.8 10.1339 0.287293
 1693 10.7556 10.1342 0.287124
 1694 10.7556 10.1346 0.286954
 1695 10.7556 10.135 0.286785
 1696 10.7556 10.1353 0.286616
 1697 7.2 10.1336 0.286452
 1698 3.2 10.1295 0.286313
 1699 8.88889 10.1288 0.286145
 1700 7.2 10.1271 0.285982
 1701 4.35556 10.1237 0.285834
 1702 4.35556 10.1203 0.285686
 1703 2.22222 10.1156 0.285556
 1704 0.355556 10.1099 0.285446
 1705 0.355556 10.1042 0.285336
 1706 0.8 10.0987 0.285221
 1707 1.42222 10.0937 0.285099
 1708 5.68889 10.0911 0.284943
 1709 4.35556 10.0877 0.284796
 1710 0.8 10.0823 0.284682
 1711 0.8 10.0769 0.284567
 1712 7.2 10.0752 0.284406
 1713 7.2 10.0735 0.284244
 1714 8.88889 10.0728 0.284079
 1715 8.88889 10.0721 0.283915
 1716 5.68889 10.0696 0.283761
 1717 8.88889 10.0689 0.283596
 1718 10.7556 10.0693 0.283431
 1719 5.68889 10.0667 0.283278
 1720 10.7556 10.0671 0.283113
 1721 10.7556 10.0675 0.282949
 1722 5.68889 10.065 0.282796
 1723 7.2 10.0633 0.282637
 1724 4.35556 10.06 0.282492
 1725 2.22222 10.0555 0.282365
 1726 0.0888889 10.0497 0.28226
 1727 0.355556 10.0441 0.282153
 1728 0.8 10.0387 0.28204
 1729 2.22222 10.0342 0.281913
 1730 4.35556 10.0309 0.281769
 1731 8.88889 10.0303 0.281607
 1732 4.35556 10.027 0.281464
 1733 2.22222 10.0225 0.281337
 1734 2.22222 10.018 0.281211
 1735 0.8 10.0127 0.281099
 1736 3.2 10.0088 0.280965
 1737 0.8 10.0035 0.280853
 1738 3.2 9.99954 0.280718
 1739 0.0888889 9.99384 0.280615
 1740 1.42222 9.98891 0.280497
 1741 0.0888889 9.98323 0.280393
 1742 0.355556 9.9777 0.280287
 1743 0.8 9.97244 0.280175
 1744 2.22222 9.96799 0.28005
 1745 0.8 9.96274 0.279939
 1746 0.8 9.95749 0.279828
 1747 0.355556 9.95199 0.279721
 1748 2.22222 9.94757 0.279596
 1749 1.42222 9.9427 0.279479
 1750 2.22222 9.93829 0.279354
 1751 0.355556 9.93281 0.279248
 1752 0.8 9.9276 0.279137
 1753 1.42222 9.92275 0.27902
 1754 1.42222 9.9179 0.278903
 1755 0.0888889 9.9123 0.2788
 1756 0.0888889 9.90671 0.278698
 1757 0.0888889 9.90112 0.278595
 1758 0.0888889 9.89554 0.278493
 1759 0.0888889 9.88996 0.27839
 1760 0.8 9.8848 0.27828
 1761 2.22222 9.88045 0.278156
 1762 1.42222 9.87565 0.278039
 1763 0.8 9.8705 0.277929
 1764 0.8 9.86536 0.277819
 1765 2.22222 9.86103 0.277696
 1766 1.42222 9.85625 0.277579
 1767 0.355556 9.85087 0.277474
 1768 2.22222 9.84656 0.277351
 1769 0.8 9.84144 0.277241
 1770 0.8 9.83633 0.277132
 1771 3.2 9.83259 0.277
 1772 4.35556 9.8295 0.276861
 1773 3.2 9.82576 0.27673
 1774 0.8 9.82067 0.276621
 1775 0.8 9.81559 0.276512
 1776 5.68889 9.81326 0.276366
 1777 2.22222 9.80899 0.276243
 1778 5.68889 9.80667 0.276098
 1779 17.4222 9.81095 0.275976
 1780 17.4222 9.81523 0.275854
 1781 20 9.82095 0.275758
 1782 28.8 9.8316 0.275809
 1783 35.5556 9.84603 0.276032
 1784 22.7556 9.85326 0.275972
 1785 25.6889 9.86214 0.27596
 1786 8.88889 9.86159 0.275806
 1787 4.35556 9.85851 0.275669
 1788 8.88889 9.85797 0.275515
 1789 15.0222 9.86085 0.275376
 1790 10.7556 9.86135 0.275223
 1791 4.35556 9.85828 0.275086
 1792 4.35556 9.85521 0.27495
 1793 8.88889 9.85467 0.274797
 1794 8.88889 9.85413 0.274644
 1795 8.88889 9.85359 0.274492
 1796 5.68889 9.85127 0.274348
 1797 12.8 9.85292 0.274201
 1798 20 9.85856 0.274106
 1799 20 9.8642 0.274012
 1800 35.5556 9.87847 0.274231
 1801 20 9.88409 0.274137
 1802 17.4222 9.88827 0.274016
 1803 22.7556 9.89541 0.273957
 1804 32.0889 9.90771 0.274082
 1805 35.5556 9.92192 0.274298
 1806 35.5556 9.93611 0.274513
 1807 39.2 9.95231 0.274839
 1808 28.8 9.96273 0.274885
 1809 35.5556 9.97688 0.275097
 1810 43.0222 9.99514 0.27555
 1811 39.2 10.0113 0.27587
 1812 32.0889 10.0234 0.275986
 1813 25.6889 10.0321 0.275969
 1814 25.6889 10.0407 0.275952
 1815 15.0222 10.0435 0.275814
 1816 8.88889 10.0428 0.275663
 1817 0.8 10.0377 0.275558
 1818 0.0888889 10.0323 0.275461
 1819 0.8 10.0272 0.275356
 1820 1.42222 10.0225 0.275245
 1821 3.2 10.0187 0.275119
 1822 4.35556 10.0156 0.274986
 1823 5.68889 10.0132 0.274845
 1824 4.35556 10.0101 0.274712
 1825 3.2 10.0064 0.274587
 1826 3.2 10.0027 0.274462
 1827 5.68889 10.0003 0.274322
 1828 1.42222 9.99562 0.274212
 1829 7.2 9.9941 0.274066
 1830 12.8 9.99563 0.273921
 1831 17.4222 9.99968 0.273801
 1832 17.4222 10.0037 0.273681
 1833 7.2 10.0022 0.273536
 1834 7.2 10.0007 0.273391
 1835 7.2 9.99915 0.273247
 1836 8.88889 9.99855 0.273098
 1837 22.7556 10.0055 0.273038
 1838 25.6889 10.014 0.273023
 1839 20 10.0195 0.272928
 1840 20 10.0249 0.272834
 1841 32.0889 10.0369 0.272949
 1842 15.0222 10.0396 0.272814
 1843 15.0222 10.0423 0.27268
 1844 22.7556 10.0492 0.272619
 1845 17.4222 10.0532 0.2725
 1846 10.7556 10.0535 0.272353
 1847 10.7556 10.0539 0.272206
 1848 12.8 10.0554 0.272062
 1849 15.0222 10.0581 0.271928
 1850 5.68889 10.0557 0.271792
 1851 7.2 10.0542 0.271649
 1852 7.2 10.0527 0.271507
 1853 2.22222 10.0484 0.271393
 1854 3.2 10.0447 0.271272
 1855 8.88889 10.0441 0.271126
 1856 10.7556 10.0445 0.270981
 1857 10.7556 10.0449 0.270835
 1858 15.0222 10.0476 0.270702
 1859 17.4222 10.0515 0.270586
 1860 20 10.0569 0.270493
 1861 20 10.0622 0.2704
 1862 12.8 10.0637 0.270259
 1863 17.4222 10.0676 0.270143
 1864 15.0222 10.0703 0.270011
 1865 15.0222 10.0729 0.269879
 1866 8.88889 10.0723 0.269735
 1867 15.0222 10.075 0.269604
 1868 12.8 10.0764 0.269464
 1869 12.8 10.0779 0.269323
 1870 4.35556 10.0748 0.269197
 1871 7.2 10.0733 0.269057
 1872 22.7556 10.0801 0.268999
 1873 25.6889 10.0884 0.268984
 1874 20 10.0937 0.268893
 1875 22.7556 10.1004 0.268834
 1876 20 10.1057 0.268742
 1877 15.0222 10.1083 0.268612
 1878 15.0222 10.1109 0.268482
 1879 17.4222 10.1148 0.268367
 1880 17.4222 10.1187 0.268252
 1881 17.4222 10.1226 0.268138
 1882 17.4222 10.1265 0.268023
 1883 12.8 10.1279 0.267885
 1884 17.4222 10.1318 0.26777
 1885 20 10.137 0.26768
 1886 22.7556 10.1437 0.267621
 1887 15.0222 10.1463 0.267492
 1888 22.7556 10.153 0.267434
 1889 20 10.1582 0.267343
 1890 17.4222 10.162 0.267229
 1891 12.8 10.1634 0.267091
 1892 12.8 10.1648 0.266954
 1893 5.68889 10.1624 0.266823
 1894 8.88889 10.1618 0.266683
 1895 8.88889 10.1611 0.266543
 1896 8.88889 10.1604 0.266403
 1897 15.0222 10.163 0.266275
 1898 10.7556 10.1633 0.266135
 1899 12.8 10.1647 0.265998
 1900 8.88889 10.164 0.265859
 1901 17.4222 10.1678 0.265747
 1902 28.8 10.1776 0.265788
 1903 28.8 10.1874 0.265828
 1904 32.0889 10.1989 0.265937
 1905 32.0889 10.2104 0.266046
 1906 35.5556 10.2237 0.266239
 1907 32.0889 10.2352 0.266346
 1908 28.8 10.2449 0.266384
 1909 25.6889 10.253 0.266367
 1910 25.6889 10.2611 0.266351
 1911 20 10.2662 0.26626
 1912 12.8 10.2675 0.266124
 1913 7.2 10.2659 0.26599
 1914 4.35556 10.2628 0.265868
 1915 5.68889 10.2604 0.26574
 1916 8.88889 10.2597 0.265603
 1917 7.2 10.2581 0.265469
 1918 5.68889 10.2557 0.265341
 1919 3.2 10.2521 0.265228
 1920 7.2 10.2505 0.265095
 1921 10.7556 10.2507 0.264957
 1922 8.88889 10.25 0.26482
 1923 15.0222 10.2525 0.264694
 1924 15.0222 10.255 0.264568
 1925 12.8 10.2563 0.264434
 1926 10.7556 10.2566 0.264296
 1927 20 10.2616 0.264208
 1928 15.0222 10.2641 0.264082
 1929 15.0222 10.2666 0.263957
 1930 15.0222 10.269 0.263831
 1931 8.88889 10.2683 0.263696
 1932 7.2 10.2667 0.263564
 1933 5.68889 10.2643 0.263438
 1934 8.88889 10.2636 0.263303
 1935 17.4222 10.2673 0.263193
 1936 20 10.2724 0.263105
 1937 17.4222 10.2761 0.262995
 1938 20 10.2811 0.262907
 1939 15.0222 10.2835 0.262783
 1940 22.7556 10.2899 0.262726
 1941 12.8 10.2912 0.262594
 1942 20 10.2962 0.262506
 1943 15.0222 10.2987 0.262382
 1944 17.4222 10.3023 0.262273
 1945 20 10.3073 0.262185
 1946 17.4222 10.311 0.262076
 1947 20 10.316 0.261989
 1948 22.7556 10.3223 0.261932
 1949 28.8 10.3318 0.261969
 1950 17.4222 10.3355 0.26186
 1951 22.7556 10.3418 0.261803
 1952 25.6889 10.3497 0.261787
 1953 32.0889 10.3608 0.26189
 1954 39.2 10.3756 0.262172
 1955 25.6889 10.3834 0.262154
 1956 32.0889 10.3945 0.262255
 1957 35.5556 10.4074 0.262436
 1958 39.2 10.4221 0.262714
 1959 47.0222 10.4407 0.263244
 1960 35.5556 10.4536 0.263421
 1961 32.0889 10.4646 0.263518
 1962 32.0889 10.4756 0.263614
 1963 35.5556 10.4884 0.263789
 1964 35.5556 10.5012 0.263964
 1965 39.2 10.5158 0.264233
 1966 51.2 10.5365 0.264909
 1967 47.0222 10.555 0.265423
 1968 51.2 10.5757 0.266091
 1969 39.2 10.5902 0.266352
 1970 35.5556 10.6029 0.266519
 1971 39.2 10.6174 0.266778
 1972 47.0222 10.6358 0.267281
 1973 51.2 10.6564 0.267936
 1974 47.0222 10.6748 0.268433
 1975 43.0222 10.6912 0.268796
 1976 47.0222 10.7096 0.269289
 1977 39.2 10.724 0.269538
 1978 25.6889 10.7316 0.269508
 1979 28.8 10.7407 0.269526
 1980 39.2 10.7551 0.269773
 1981 22.7556 10.7611 0.269705
 1982 22.7556 10.7672 0.269637
 1983 20 10.7718 0.269541
 1984 22.7556 10.7779 0.269473
 1985 35.5556 10.7903 0.269626
 1986 32.0889 10.8011 0.269704
 1987 22.7556 10.8071 0.269635
 1988 28.8 10.8161 0.269651
 1989 32.0889 10.8268 0.269728
 1990 35.5556 10.8393 0.269879
 1991 28.8 10.8483 0.269894
 1992 28.8 10.8573 0.269909
 1993 28.8 10.8663 0.269923
 1994 28.8 10.8753 0.269938
 1995 28.8 10.8843 0.269952
 1996 25.6889 10.8917 0.269919
 1997 15.0222 10.8938 0.269792
 1998 15.0222 10.8958 0.269664
 1999 8.88889 10.8948 0.269531
 2000 1.42222 10.8901 0.269438
