 1 0.8 0.8 0
 2 0.76 0.78 0.02
 3 0.68 0.746667 0.0352767
 4 0.6 0.71 0.0443471
 5 0.68 0.704 0.0348712
 6 0.72 0.706667 0.0285968
 7 0.76 0.714286 0.0253412
 8 0.8 0.725 0.0244219
 9 0.68 0.72 0.0221108
 10 0.64 0.712 0.0213333
 11 0.44 0.687273 0.0313656
 12 0.36 0.66 0.0395428
 13 0.36 0.636923 0.0430769
 14 0.32 0.614286 0.0458583
 15 0.32 0.594667 0.046984
 16 0.4 0.5825 0.0456024
 17 0.36 0.569412 0.0447909
 18 0.4 0.56 0.0432654
 19 0.48 0.555789 0.041141
 20 0.48 0.552 0.0392133
 21 0.6 0.554286 0.0373693
 22 0.4 0.547273 0.0363138
 23 0.28 0.535652 0.0365932
 24 0.32 0.526667 0.0361692
 25 0.28 0.5168 0.0360681
 26 0.2 0.504615 0.0367328
 27 0.08 0.488889 0.0386869
 28 0.2 0.478571 0.038681
 29 0.2 0.468966 0.0385397
 30 0.08 0.456 0.0394258
 31 0.16 0.446452 0.03931
 32 0.28 0.44125 0.0384156
 33 0.44 0.441212 0.0372333
 34 0.44 0.441176 0.0361216
 35 0.36 0.438857 0.035151
 36 0.28 0.434444 0.0344444
 37 0.48 0.435676 0.0335232
 38 0.52 0.437895 0.0327045
 39 0.44 0.437949 0.0318549
 40 0.56 0.441 0.0311979
 41 0.64 0.445854 0.0308121
 42 0.76 0.453333 0.0309859
 43 0.96 0.465116 0.0324701
 44 0.92 0.475455 0.0333656
 45 0.92 0.485333 0.0340789
 46 0.88 0.493913 0.0344164
 47 0.8 0.500426 0.0343001
 48 0.72 0.505 0.0338881
 49 0.8 0.51102 0.0337309
 50 0.84 0.5176 0.033698
 51 0.68 0.520784 0.0331838
 52 0.64 0.523077 0.0326201
 53 0.68 0.526038 0.0321353
 54 0.64 0.528148 0.0316052
 55 0.64 0.530182 0.0310918
 56 0.68 0.532857 0.0306485
 57 0.64 0.534737 0.0301647
 58 0.64 0.536552 0.0296955
 59 0.64 0.538305 0.0292405
 60 0.56 0.538667 0.0287513
 61 0.6 0.539672 0.0282939
 62 0.6 0.540645 0.0278508
 63 0.56 0.540952 0.0274069
 64 0.52 0.540625 0.0269772
 65 0.6 0.541538 0.0265747
 66 0.6 0.542424 0.0261839
 67 0.56 0.542687 0.0257915
 68 0.64 0.544118 0.0254496
 69 0.72 0.546667 0.0252073
 70 0.6 0.547429 0.0248563
 71 0.6 0.548169 0.0245149
 72 0.6 0.548889 0.0241827
 73 0.56 0.549041 0.0238496
 74 0.52 0.548649 0.0235284
 75 0.68 0.5504 0.0232785
 76 0.64 0.551579 0.0230004
 77 0.76 0.554286 0.0228606
 78 0.84 0.557949 0.0228609
 79 0.84 0.561519 0.0228504
 80 0.84 0.565 0.0228299
 81 0.84 0.568395 0.0228004
 82 0.8 0.57122 0.0226971
 83 0.64 0.572048 0.0224373
 84 0.6 0.572381 0.022171
 85 0.56 0.572235 0.0219091
 86 0.72 0.573953 0.021721
 87 0.76 0.576092 0.0215761
 88 0.72 0.577727 0.0213921
 89 0.68 0.578876 0.0211815
 90 0.68 0.58 0.020975
 91 0.6 0.58022 0.0207444
 92 0.64 0.58087 0.0205279
 93 0.64 0.581505 0.020316
 94 0.6 0.581702 0.0200996
 95 0.72 0.583158 0.0199401
 96 0.88 0.58625 0.0199722
 97 0.96 0.590103 0.0201373
 98 0.96 0.593878 0.020285
 99 1 0.59798 0.0204938
 100 1 0.602 0.0206823
 101 1 0.605941 0.0208522
 102 1 0.609804 0.0210051
 103 1 0.613592 0.0211423
 104 1 0.617308 0.0212652
 105 0.96 0.620571 0.021313
 106 0.88 0.623019 0.0212524
 107 0.92 0.625794 0.021235
 108 1 0.629259 0.0213209
 109 0.92 0.631927 0.0212921
 110 0.84 0.633818 0.0211823
 111 0.8 0.635315 0.0210439
 112 0.88 0.6375 0.0209693
 113 1 0.640708 0.021029
 114 0.96 0.643509 0.0210311
 115 0.96 0.646261 0.0210283
 116 0.96 0.648966 0.0210209
 117 0.92 0.651282 0.0209688
 118 1 0.654237 0.0209994
 119 1 0.657143 0.0210239
 120 1 0.66 0.0210428
 121 1 0.66281 0.0210565
 122 0.96 0.665246 0.0210248
 123 1 0.667967 0.02103
 124 1 0.670645 0.0210309
 125 1 0.67328 0.0210277
 126 1 0.675873 0.0210207
 127 0.92 0.677795 0.0209429
 128 0.76 0.678438 0.0207886
 129 0.64 0.67814 0.020629
 130 0.76 0.678769 0.0204794
 131 0.76 0.679389 0.0203319
 132 0.72 0.679697 0.0201796
 133 0.64 0.679398 0.0200295
 134 0.56 0.678507 0.0198995
 135 0.52 0.677333 0.0197864
 136 0.6 0.676765 0.0196486
 137 0.56 0.675912 0.0195232
 138 0.48 0.674493 0.0194332
 139 0.52 0.673381 0.0193248
 140 0.44 0.671714 0.0192586
 141 0.4 0.669787 0.0192184
 142 0.28 0.667042 0.019279
 143 0.24 0.664056 0.0193752
 144 0.32 0.661667 0.019388
 145 0.16 0.658207 0.0195622
 146 0.24 0.655342 0.0196378
 147 0.12 0.651701 0.0198408
 148 0 0.647297 0.0201923
 149 0.12 0.643758 0.0203661
 150 0.08 0.64 0.020576
 151 0.08 0.636291 0.0207731
 152 0.12 0.632895 0.0209136
 153 0.12 0.629542 0.0210452
 154 0.12 0.626234 0.0211683
 155 0.12 0.622968 0.0212833
 156 0.12 0.619744 0.0213908
 157 0.12 0.616561 0.0214912
 158 0.08 0.613165 0.0216231
 159 0 0.609308 0.02183
 160 0 0.6055 0.0220248
 161 0 0.601739 0.0222084
 162 0.04 0.598272 0.0223416
 163 0.12 0.595337 0.0223971
 164 0.2 0.592927 0.0223903
 165 0.2 0.590545 0.0223812
 166 0.16 0.587952 0.0223967
 167 0.32 0.586347 0.0223199
 168 0.32 0.584762 0.0222432
 169 0.36 0.583432 0.0221512
 170 0.2 0.581176 0.0221357
 171 0.28 0.579415 0.0220762
 172 0.12 0.576744 0.0221094
 173 0.08 0.573873 0.022168
 174 0.08 0.571034 0.0222222
 175 0.08 0.568229 0.0222723
 176 0.16 0.565909 0.0222666
 177 0.12 0.56339 0.0222833
 178 0.16 0.561124 0.0222733
 179 0.12 0.558659 0.0222852
 180 0.04 0.555778 0.0223476
 181 -0.08 0.552265 0.0224997
 182 -0.2 0.548132 0.0227543
 183 -0.28 0.543607 0.0230776
 184 -0.36 0.538696 0.0234714
 185 -0.36 0.533838 0.0238442
 186 -0.36 0.529032 0.0241977
 187 -0.24 0.52492 0.0244168
 188 -0.16 0.521277 0.0245583
 189 0 0.518519 0.0245832
 190 0.16 0.516632 0.0245262
 191 0.12 0.514555 0.0244856
 192 0.08 0.512292 0.0244627
 193 0 0.509637 0.02448
 194 -0.04 0.506804 0.0245177
 195 0 0.504205 0.0245297
 196 -0.08 0.501224 0.0245856
 197 -0.16 0.497868 0.0246897
 198 -0.2 0.494343 0.0248162
 199 -0.04 0.491658 0.0248368
 200 0.04 0.4894 0.0248153
 201 -0.16 0.486169 0.024902
 202 -0.16 0.48297 0.024984
 203 -0.12 0.48 0.0250375
 204 -0.16 0.476863 0.0251112
 205 -0.12 0.473951 0.0251574
 206 -0.08 0.471262 0.025179
 207 -0.16 0.468213 0.025242
 208 -0.08 0.465577 0.0252582
 209 -0.08 0.462967 0.0252722
 210 0 0.460762 0.025248
 211 -0.04 0.458389 0.0252399
 212 0 0.456226 0.0252135
 213 -0.04 0.453897 0.0252027
 214 -0.12 0.451215 0.0252276
 215 -0.24 0.448 0.025315
 216 -0.16 0.445185 0.0253542
 217 -0.16 0.442396 0.0253908
 218 0.08 0.440734 0.0253286
 219 0.04 0.438904 0.025279
 220 0.16 0.437636 0.0251958
 221 0.16 0.43638 0.025113
 222 0.28 0.435676 0.0250095
 223 0.32 0.435157 0.0249025
 224 0.44 0.435179 0.0247911
 225 0.36 0.434844 0.0246829
 226 0.28 0.434159 0.024583
 227 0.12 0.432775 0.0245136
 228 0.24 0.43193 0.0244205
 229 0.28 0.431266 0.0243226
 230 0.2 0.430261 0.0242375
 231 0.32 0.429784 0.0241371
 232 0.16 0.428621 0.0240609
 233 0.08 0.427124 0.0240041
 234 -0.12 0.424786 0.0240154
 235 -0.12 0.422468 0.0240251
 236 -0.04 0.420508 0.0240032
 237 -0.08 0.418397 0.0239948
 238 -0.04 0.416471 0.0239713
 239 -0.12 0.414226 0.0239761
 240 -0.16 0.411833 0.0239956
 241 -0.16 0.409461 0.0240133
 242 -0.32 0.406446 0.0241031
 243 -0.32 0.403457 0.0241892
 244 -0.44 0.4 0.0243366
 245 -0.52 0.396245 0.0245262
 246 -0.48 0.392683 0.0246846
 247 -0.44 0.389312 0.0248146
 248 -0.52 0.385645 0.0249848
 249 -0.56 0.381847 0.0251724
 250 -0.68 0.3776 0.0254287
 251 -0.72 0.373227 0.025702
 252 -0.68 0.369048 0.0259387
 253 -0.68 0.364901 0.0261666
 254 -0.64 0.360945 0.0263619
 255 -0.52 0.35749 0.0264846
 256 -0.48 0.354219 0.026583
 257 -0.44 0.351128 0.0266591
 258 -0.44 0.348062 0.026732
 259 -0.48 0.344865 0.0268199
 260 -0.36 0.342154 0.0268537
 261 -0.48 0.339004 0.0269355
 262 -0.44 0.336031 0.0269967
 263 -0.44 0.33308 0.0270552
 264 -0.48 0.33 0.027128
 265 -0.56 0.326642 0.0272333
 266 -0.64 0.323008 0.027373
 267 -0.68 0.319251 0.0275278
 268 -0.6 0.315821 0.0276386
 269 -0.6 0.312416 0.0277453
 270 -0.64 0.308889 0.0278665
 271 -0.52 0.30583 0.0279315
 272 -0.28 0.303676 0.0279118
 273 -0.32 0.301392 0.0279031
 274 -0.16 0.299708 0.027852
 275 -0.24 0.297745 0.0278198
 276 -0.36 0.295362 0.0278211
 277 -0.28 0.293285 0.0277982
 278 -0.24 0.291367 0.0277644
 279 -0.04 0.290179 0.0276902
 280 -0.2 0.288429 0.0276466
 281 -0.28 0.286406 0.0276222
 282 -0.24 0.284539 0.0275873
 283 -0.24 0.282686 0.027552
 284 -0.2 0.280986 0.0275074
 285 -0.08 0.279719 0.02744
 286 -0.16 0.278182 0.0273871
 287 0 0.277213 0.0273087
 288 0 0.27625 0.0272307
 289 0.04 0.275433 0.0271486
 290 0.08 0.274759 0.0270632
 291 0.12 0.274227 0.0269753
 292 0.24 0.27411 0.026883
 293 0.12 0.273584 0.0267963
 294 0.08 0.272925 0.0267131
 295 0 0.272 0.0266385
 296 0.12 0.271486 0.0265533
 297 -0.04 0.270438 0.0264845
 298 -0.08 0.269262 0.0264217
 299 -0.12 0.26796 0.0263653
 300 -0.28 0.266133 0.0263407
 301 -0.24 0.264452 0.0263068
 302 -0.36 0.262384 0.026301
 303 -0.2 0.260858 0.0262584
 304 -0.24 0.259211 0.0262237
 305 -0.36 0.25718 0.0262163
 306 -0.32 0.255294 0.0261985
 307 -0.36 0.25329 0.0261898
 308 -0.44 0.251039 0.0262015
 309 -0.44 0.248803 0.0262121
 310 -0.44 0.246581 0.0262218
 311 -0.44 0.244373 0.0262304
 312 -0.36 0.242436 0.0262178
 313 -0.48 0.240128 0.0262357
 314 -0.44 0.237962 0.0262415
 315 -0.56 0.235429 0.0262805
 316 -0.48 0.233165 0.0262948
 317 -0.6 0.230536 0.0263432
 318 -0.56 0.22805 0.0263776
 319 -0.64 0.225329 0.0264352
 320 -0.68 0.2225 0.0265039
 321 -0.6 0.219938 0.0265452
 322 -0.6 0.217391 0.0265848
 323 -0.52 0.215108 0.0266005
 324 -0.56 0.212716 0.026626
 325 -0.52 0.210462 0.0266395
 326 -0.4 0.208589 0.0266236
 327 -0.28 0.207095 0.0265841
 328 -0.16 0.205976 0.0265265
 329 -0.2 0.204742 0.0264746
 330 -0.16 0.203636 0.0264173
 331 0.04 0.203142 0.0263421
 332 -0.08 0.202289 0.0262764
 333 -0.08 0.201441 0.0262111
 334 -0.16 0.200359 0.0261549
 335 -0.16 0.199284 0.0260989
 336 -0.2 0.198095 0.0260482
 337 -0.32 0.196558 0.0260163
 338 -0.24 0.195266 0.0259713
 339 -0.28 0.193864 0.0259325
 340 -0.08 0.193059 0.0258687
 341 0 0.192493 0.0257989
 342 0.12 0.192281 0.0257243
 343 0.08 0.191953 0.0256513
 344 0 0.191395 0.0255827
 345 0 0.190841 0.0255144
 346 0 0.190289 0.0254466
 347 -0.12 0.189395 0.0253889
 348 -0.04 0.188736 0.0253244
 349 0.04 0.188309 0.0252553
 350 0.08 0.188 0.025185
 351 0.12 0.187806 0.0251139
 352 0.12 0.187614 0.0250432
 353 0.12 0.187422 0.0249728
 354 0.04 0.187006 0.0249057
 355 0 0.186479 0.024841
 356 0.24 0.186629 0.0247716
 357 0.16 0.186555 0.0247022
 358 0.12 0.186369 0.0246338
 359 0.2 0.186407 0.0245651
 360 0.32 0.186778 0.0244996
 361 0.36 0.187258 0.0244364
 362 0.44 0.187956 0.0243788
 363 0.44 0.18865 0.0243214
 364 0.48 0.189451 0.0242677
 365 0.28 0.189699 0.0242024
 366 0.28 0.189945 0.0241375
 367 0.48 0.190736 0.0240846
 368 0.68 0.192065 0.0240558
 369 0.68 0.193388 0.0240269
 370 0.56 0.194378 0.0239824
 371 0.6 0.195472 0.0239426
 372 0.48 0.196237 0.0238904
 373 0.4 0.196783 0.0238326
 374 0.44 0.197433 0.0237776
 375 0.52 0.198293 0.0237297
 376 0.56 0.199255 0.0236861
 377 0.56 0.200212 0.0236426
 378 0.32 0.200529 0.0235821
 379 0.48 0.201266 0.0235313
 380 0.36 0.201684 0.023473
 381 0.32 0.201995 0.0234134
 382 0.48 0.202723 0.0233634
 383 0.36 0.203133 0.0233059
 384 0.32 0.203438 0.0232471
 385 0.28 0.203636 0.0231875
 386 0.4 0.204145 0.0231329
 387 0.36 0.204548 0.0230766
 388 0.2 0.204536 0.0230171
 389 0.12 0.204319 0.0229588
 390 0.04 0.203897 0.0229038
 391 -0.12 0.203069 0.0228601
 392 0 0.202551 0.0228076
 393 0.04 0.202137 0.0227533
 394 0.16 0.20203 0.0226957
 395 0.12 0.201823 0.0226391
 396 0 0.201313 0.0225876
 397 0 0.200806 0.0225364
 398 0 0.200302 0.0224853
 399 -0.12 0.199499 0.0224433
 400 -0.04 0.1989 0.0223951
 401 0.08 0.198603 0.0223412
 402 0 0.198109 0.022291
 403 0.04 0.197717 0.0222391
 404 0 0.197228 0.0221893
 405 -0.12 0.196444 0.0221483
 406 -0.08 0.195764 0.0221042
 407 0.08 0.195479 0.0220517
 408 0.04 0.195098 0.0220009
 409 0.08 0.194817 0.0219488
 410 -0.12 0.194049 0.0219087
 411 -0.04 0.193479 0.0218627
 412 -0.08 0.192816 0.0218197
 413 -0.08 0.192155 0.0217768
 414 -0.04 0.191594 0.0217314
 415 -0.2 0.190651 0.0216995
 416 -0.24 0.189615 0.021672
 417 -0.28 0.188489 0.0216493
 418 -0.12 0.187751 0.02161
 419 -0.08 0.187112 0.0215679
 420 -0.16 0.186286 0.0215323
 421 -0.16 0.185463 0.0214968
 422 -0.16 0.184645 0.0214615
 423 -0.04 0.184113 0.0214172
 424 -0.08 0.183491 0.0213758
 425 -0.2 0.182588 0.0213445
 426 -0.16 0.181784 0.0213095
 427 0 0.181358 0.0212638
 428 0.04 0.181028 0.0212166
 429 -0.12 0.180326 0.0211787
 430 -0.24 0.179349 0.021152
 431 -0.16 0.178561 0.0211176
 432 -0.16 0.177778 0.0210832
 433 0 0.177367 0.0210385
 434 0.04 0.177051 0.0209923
 435 0 0.176644 0.020948
 436 -0.08 0.176055 0.0209082
 437 -0.08 0.175469 0.0208685
 438 -0.28 0.174429 0.0208467
 439 -0.16 0.173667 0.0208131
 440 -0.12 0.173 0.0207765
 441 -0.2 0.172154 0.0207466
 442 -0.2 0.171312 0.0207167
 443 -0.28 0.170293 0.020695
 444 -0.2 0.169459 0.0206652
 445 -0.4 0.16818 0.0206583
 446 -0.52 0.166637 0.0206696
 447 -0.44 0.16528 0.020668
 448 -0.52 0.16375 0.0206784
 449 -0.64 0.16196 0.0207098
 450 -0.68 0.160089 0.0207483
 451 -0.6 0.158404 0.0207707
 452 -0.68 0.156549 0.0208076
 453 -0.72 0.154614 0.0208515
 454 -0.64 0.152863 0.0208791
 455 -0.6 0.151209 0.0208987
 456 -0.64 0.149474 0.0209249
 457 -0.56 0.147921 0.0209367
 458 -0.44 0.146638 0.0209303
 459 -0.4 0.145447 0.0209186
 460 -0.4 0.144261 0.0209068
 461 -0.44 0.142993 0.0208998
 462 -0.4 0.141818 0.0208876
 463 -0.28 0.140907 0.0208624
 464 -0.28 0.14 0.0208371
 465 -0.28 0.139097 0.0208119
 466 -0.24 0.138283 0.0207831
 467 0 0.137987 0.0207406
 468 0.12 0.137949 0.0206963
 469 -0.04 0.137569 0.0206556
 470 -0.16 0.136936 0.0206213
 471 0.08 0.136815 0.0205779
 472 0 0.136525 0.0205363
 473 0 0.136237 0.0204948
 474 0 0.135949 0.0204536
 475 -0.08 0.135495 0.0204155
 476 -0.12 0.134958 0.0203797
 477 -0.28 0.134088 0.0203555
 478 -0.24 0.133305 0.0203279
 479 -0.12 0.132777 0.0202923
 480 -0.04 0.132417 0.0202532
 481 -0.04 0.132058 0.0202143
 482 -0.04 0.131701 0.0201754
 483 -0.08 0.131263 0.0201384
 484 -0.16 0.130661 0.0201057
 485 -0.08 0.130227 0.0200689
 486 0 0.129959 0.0200294
 487 -0.08 0.129528 0.0199929
 488 0.12 0.129508 0.0199519
 489 0.08 0.129407 0.0199113
 490 0.04 0.129224 0.0198715
 491 0.04 0.129043 0.0198318
 492 0 0.12878 0.0197932
 493 0.04 0.1286 0.0197538
 494 0 0.12834 0.0197155
 495 0.04 0.128162 0.0196764
 496 0.08 0.128065 0.019637
 497 0.08 0.127968 0.0195976
 498 0.12 0.127952 0.0195583
 499 0.12 0.127936 0.019519
 500 0.16 0.128 0.0194801
 501 0.16 0.128064 0.0194412
 502 0.2 0.128207 0.019403
 503 0.16 0.12827 0.0193645
 504 0.2 0.128413 0.0193266
 505 0.12 0.128396 0.0192883
 506 0.12 0.128379 0.0192501
 507 0.08 0.128284 0.0192123
 508 0.08 0.128189 0.0191747
 509 0.04 0.128016 0.0191378
 510 -0.12 0.127529 0.0191064
 511 -0.12 0.127045 0.0190751
 512 -0.12 0.126563 0.019044
 513 -0.08 0.12616 0.0190111
 514 -0.08 0.125759 0.0189783
 515 -0.2 0.125126 0.018952
 516 -0.2 0.124496 0.0189257
 517 -0.32 0.123636 0.0189086
 518 -0.36 0.122703 0.0188951
 519 -0.36 0.121773 0.0188816
 520 -0.36 0.120846 0.018868
 521 -0.4 0.119846 0.0188583
 522 -0.44 0.118774 0.0188527
 523 -0.48 0.117629 0.0188514
 524 -0.4 0.116641 0.0188413
 525 -0.4 0.115657 0.0188311
 526 -0.44 0.114601 0.0188249
 527 -0.48 0.113472 0.018823
 528 -0.36 0.112576 0.0188087
 529 -0.2 0.111985 0.0187824
 530 -0.2 0.111396 0.0187562
 531 -0.2 0.11081 0.01873
 532 -0.12 0.110376 0.0186998
 533 0.04 0.110244 0.0186652
 534 0.04 0.110112 0.0186306
 535 0 0.109907 0.0185969
 536 -0.2 0.109328 0.0185712
 537 -0.16 0.108827 0.0185434
 538 -0.08 0.108476 0.0185122
 539 -0.08 0.108126 0.0184811
 540 0.04 0.108 0.0184473
 541 -0.08 0.107652 0.0184165
 542 -0.04 0.10738 0.0183845
 543 -0.08 0.107035 0.0183538
 544 -0.04 0.106765 0.018322
 545 0.04 0.106642 0.0182888
 546 0.08 0.106593 0.0182553
 547 0.12 0.106618 0.018222
 548 0.08 0.106569 0.0181887
 549 0.4 0.107104 0.0181634
 550 0.24 0.107345 0.018132
 551 0.28 0.107659 0.0181018
 552 0.2 0.107826 0.0180697
 553 0.16 0.10792 0.0180373
 554 -0.04 0.107653 0.0180067
 555 0.16 0.107748 0.0179744
 556 0.24 0.107986 0.0179437
 557 0 0.107792 0.0179125
 558 -0.04 0.107527 0.0178823
 559 0 0.107335 0.0178513
 560 0.04 0.107214 0.0178198
 561 -0.08 0.106881 0.0177911
 562 0 0.10669 0.0177605
 563 0.08 0.106643 0.017729
 564 0 0.106454 0.0176985
 565 0.04 0.106336 0.0176676
 566 -0.16 0.105866 0.0176426
 567 -0.12 0.105467 0.0176159
 568 0.04 0.105352 0.0175853
 569 -0.08 0.105026 0.0175574
 570 -0.04 0.104772 0.0175284
 571 -0.04 0.104518 0.0174995
 572 -0.16 0.104056 0.017475
 573 -0.2 0.103525 0.0174525
 574 -0.2 0.102997 0.0174301
 575 -0.16 0.102539 0.0174058
 576 -0.12 0.102153 0.0173799
 577 -0.2 0.101629 0.0173576
 578 -0.16 0.101176 0.0173335
 579 -0.2 0.100656 0.0173113
 580 -0.24 0.100069 0.0172914
 581 -0.16 0.0996213 0.0172674
 582 -0.16 0.0991753 0.0172435
 583 -0.24 0.0985935 0.0172237
 584 -0.2 0.0980822 0.0172018
 585 -0.28 0.0974359 0.0171846
 586 -0.16 0.0969966 0.0171608
 587 -0.16 0.0965588 0.0171372
 588 -0.04 0.0963265 0.0171096
 589 0.04 0.0962309 0.0170808
 590 0.16 0.096339 0.0170521
 591 0.2 0.0965144 0.0170242
 592 0.24 0.0967568 0.0169971
 593 0.2 0.0969309 0.0169693
 594 0.08 0.0969024 0.0169407
 595 0 0.0967395 0.016913
 596 0 0.0965772 0.0168854
 597 0.12 0.0966164 0.0168571
 598 0.12 0.0966555 0.016829
 599 0.16 0.0967613 0.0168012
 600 0.24 0.097 0.0167749
 601 0.28 0.0973045 0.0167497
 602 0.16 0.0974086 0.0167222
 603 0.08 0.0973798 0.0166944
 604 0.2 0.0975497 0.0166677
 605 0.12 0.0975868 0.0166401
 606 0.2 0.0977558 0.0166135
 607 0.2 0.0979242 0.016587
 608 0.28 0.0982237 0.0165624
 609 0.32 0.0985878 0.0165392
 610 0.4 0.099082 0.0165194
 611 0.48 0.0997054 0.0165041
 612 0.48 0.100327 0.0164889
 613 0.44 0.100881 0.0164713
 614 0.4 0.101368 0.0164516
 615 0.44 0.101919 0.0164341
 616 0.36 0.102338 0.0164127
 617 0.36 0.102755 0.0163914
 618 0.4 0.103236 0.0163719
 619 0.48 0.103845 0.0163568
 620 0.56 0.104581 0.016347
 621 0.56 0.105314 0.0163371
 622 0.56 0.106045 0.0163272
 623 0.36 0.106453 0.016306
 624 0.36 0.106859 0.016285
 625 0.48 0.107456 0.0162698
 626 0.48 0.108051 0.0162547
 627 0.48 0.108644 0.0162396
 628 0.56 0.109363 0.0162297
 629 0.52 0.110016 0.016217
 630 0.68 0.110921 0.0162165
 631 0.84 0.112076 0.0162319
 632 0.92 0.113354 0.0162566
 633 0.92 0.114629 0.0162808
 634 1 0.116025 0.016315
 635 0.96 0.117354 0.0163434
 636 0.72 0.118302 0.0163452
 637 0.68 0.119184 0.0163433
 638 0.76 0.120188 0.0163486
 639 0.72 0.121127 0.0163499
 640 0.76 0.122125 0.0163549
 641 0.72 0.123058 0.0163559
 642 0.72 0.123988 0.0163569
 643 0.72 0.124914 0.0163577
 644 0.6 0.125652 0.0163489
 645 0.72 0.126574 0.0163496
 646 0.72 0.127492 0.0163501
 647 0.72 0.128408 0.0163504
 648 0.76 0.129383 0.0163543
 649 0.64 0.130169 0.016348
 650 0.88 0.131323 0.0163635
 651 0.96 0.132596 0.0163879
 652 1 0.133926 0.0164167
 653 0.96 0.135191 0.0164403
 654 1 0.136514 0.0164683
 655 1 0.137832 0.0164959
 656 1 0.139146 0.0165231
 657 0.92 0.140335 0.0165407
 658 0.88 0.141459 0.0165538
 659 0.92 0.14264 0.0165708
 660 0.92 0.143818 0.0165875
 661 0.88 0.144932 0.0165998
 662 0.76 0.145861 0.0166007
 663 0.8 0.146848 0.016605
 664 0.8 0.147831 0.0166091
 665 0.76 0.148752 0.0166097
 666 0.56 0.149369 0.0165962
 667 0.72 0.150225 0.0165934
 668 0.76 0.151138 0.0165937
 669 0.8 0.152108 0.0165972
 670 0.8 0.153075 0.0166006
 671 0.84 0.154098 0.0166074
 672 0.72 0.15494 0.0166041
 673 0.72 0.15578 0.0166006
 674 0.68 0.156558 0.0165942
 675 0.6 0.157215 0.0165826
 676 0.6 0.15787 0.016571
 677 0.64 0.158582 0.0165618
 678 0.56 0.159174 0.016548
 679 0.52 0.159705 0.0165321
 680 0.52 0.160235 0.0165163
 681 0.52 0.160764 0.0165005
 682 0.6 0.161408 0.0164889
 683 0.56 0.161991 0.0164751
 684 0.4 0.162339 0.0164546
 685 0.28 0.162511 0.0164315
 686 0.32 0.162741 0.0164091
 687 0.28 0.162911 0.0163861
 688 0.36 0.163198 0.0163648
 689 0.32 0.163425 0.0163426
 690 0.2 0.163478 0.016319
 691 0.24 0.163589 0.0162957
 692 0.36 0.163873 0.0162746
 693 0.36 0.164156 0.0162536
 694 0.28 0.164323 0.016231
 695 0.28 0.164489 0.0162085
 696 0.24 0.164598 0.0161856
 697 0.2 0.164648 0.0161624
 698 0.16 0.164642 0.0161392
 699 0.32 0.164864 0.0161177
 700 0.32 0.165086 0.0160961
 701 0.48 0.165535 0.0160794
 702 0.56 0.166097 0.0160663
 703 0.56 0.166657 0.0160533
 704 0.56 0.167216 0.0160402
 705 0.44 0.167603 0.0160221
 706 0.44 0.167989 0.016004
 707 0.52 0.168487 0.0159891
 708 0.36 0.168757 0.0159688
 709 0.44 0.16914 0.0159509
 710 0.44 0.169521 0.015933
 711 0.52 0.170014 0.0159182
 712 0.48 0.170449 0.0159017
 713 0.4 0.170771 0.0158827
 714 0.36 0.171036 0.0158626
 715 0.4 0.171357 0.0158437
 716 0.32 0.171564 0.0158229
 717 0.24 0.17166 0.0158011
 718 0.28 0.171811 0.0157798
 719 0.44 0.172184 0.0157623
 720 0.28 0.172333 0.0157411
 721 0.36 0.172594 0.0157214
 722 0.28 0.172742 0.0157003
 723 0.24 0.172835 0.0156788
 724 0.16 0.172818 0.0156572
 725 0.04 0.172634 0.0156366
 726 0.04 0.172452 0.0156161
 727 0.04 0.17227 0.0155957
 728 0.2 0.172308 0.0155743
 729 0.2 0.172346 0.015553
 730 0.2 0.172384 0.0155317
 731 0.08 0.172257 0.015511
 732 0.16 0.17224 0.0154898
 733 0.36 0.172497 0.0154708
 734 0.56 0.173025 0.0154587
 735 0.64 0.17366 0.0154507
 736 0.6 0.174239 0.0154406
 737 0.56 0.174763 0.0154285
 738 0.48 0.175176 0.0154131
 739 0.4 0.17548 0.0153952
 740 0.36 0.17573 0.0153764
 741 0.32 0.175924 0.0153569
 742 0.32 0.176119 0.0153374
 743 0.2 0.176151 0.0153168
 744 0.08 0.176022 0.0152968
 745 0.2 0.176054 0.0152762
 746 0.2 0.176086 0.0152558
 747 0.32 0.176278 0.0152366
 748 0.2 0.17631 0.0152162
 749 0.24 0.176395 0.0151961
 750 0.24 0.17648 0.0151761
 751 0.2 0.176511 0.0151559
 752 0.2 0.176543 0.0151358
 753 0.24 0.176627 0.0151159
 754 0.36 0.17687 0.0150978
 755 0.32 0.17706 0.015079
 756 0.24 0.177143 0.0150592
 757 0.28 0.177279 0.0150399
 758 0.32 0.177467 0.0150213
 759 0.28 0.177602 0.0150021
 760 0.28 0.177737 0.0149829
 761 0.28 0.177871 0.0149638
 762 0.56 0.178373 0.0149526
 763 0.4 0.178663 0.0149358
 764 0.48 0.179058 0.0149215
 765 0.44 0.179399 0.0149058
 766 0.48 0.179791 0.0148915
 767 0.56 0.180287 0.0148804
 768 0.48 0.180677 0.0148661
 769 0.56 0.18117 0.014855
 770 0.6 0.181714 0.0148456
 771 0.84 0.182568 0.0148509
 772 0.8 0.183368 0.0148532
 773 0.88 0.184269 0.0148613
 774 0.84 0.185116 0.0148663
 775 0.84 0.185961 0.0148711
 776 0.72 0.186649 0.0148679
 777 0.72 0.187336 0.0148646
 778 0.72 0.188021 0.0148612
 779 0.72 0.188703 0.0148579
 780 0.64 0.189282 0.0148501
 781 0.68 0.18991 0.0148444
 782 0.68 0.190537 0.0148386
 783 0.48 0.190907 0.0148242
 784 0.44 0.191224 0.0148087
 785 0.52 0.191643 0.0147958
 786 0.52 0.192061 0.0147829
 787 0.52 0.192478 0.0147699
 788 0.6 0.192995 0.0147602
 789 0.6 0.193511 0.0147505
 790 0.56 0.193975 0.0147392
 791 0.48 0.194336 0.014725
 792 0.6 0.194848 0.0147153
 793 0.72 0.195511 0.0147116
 794 0.56 0.19597 0.0147002
 795 0.64 0.196528 0.0146924
 796 0.68 0.197136 0.0146865
 797 0.76 0.197842 0.014685
 798 0.56 0.198296 0.0146736
 799 0.6 0.198798 0.0146639
 800 0.52 0.1992 0.014651
 801 0.56 0.19965 0.0146397
 802 0.52 0.20005 0.0146268
 803 0.52 0.200448 0.014614
 804 0.68 0.201045 0.014608
 805 0.48 0.201391 0.014594
 806 0.28 0.201489 0.0145762
 807 0.28 0.201586 0.0145585
 808 0.24 0.201634 0.0145405
 809 0.28 0.201731 0.0145228
 810 0.36 0.201926 0.0145062
 811 0.16 0.201874 0.0144884
 812 0.08 0.201724 0.0144713
 813 0.08 0.201574 0.0144543
 814 -0.04 0.201278 0.0144396
 815 -0.04 0.200982 0.0144249
 816 0.04 0.200784 0.0144086
 817 0.24 0.200832 0.014391
 818 0.36 0.201027 0.0143747
 819 0.4 0.20127 0.0143592
 820 0.44 0.201561 0.0143446
 821 0.44 0.201851 0.0143301
 822 0.36 0.202044 0.0143139
 823 0.32 0.202187 0.0142973
 824 0.12 0.202087 0.0142802
 825 0.16 0.202036 0.014263
 826 0.28 0.202131 0.0142461
 827 0.36 0.202322 0.0142301
 828 0.36 0.202512 0.0142142
 829 0.44 0.202799 0.0141999
 830 0.56 0.203229 0.0141893
 831 0.6 0.203706 0.0141803
 832 0.56 0.204135 0.0141697
 833 0.8 0.20485 0.0141707
 834 0.76 0.205516 0.0141694
 835 0.68 0.206084 0.0141638
 836 0.44 0.206364 0.0141496
 837 0.24 0.206404 0.0141328
 838 0.2 0.206396 0.0141159
 839 0.24 0.206436 0.0140991
 840 0.4 0.206667 0.0140842
 841 0.52 0.207039 0.0140724
 842 0.56 0.207458 0.0140619
 843 0.56 0.207877 0.0140514
 844 0.68 0.208436 0.0140459
 845 0.64 0.208947 0.0140386
 846 0.68 0.209504 0.014033
 847 0.52 0.20987 0.0140212
 848 0.4 0.210094 0.0140065
 849 0.48 0.210412 0.0139936
 850 0.44 0.210682 0.0139797
 851 0.48 0.210999 0.0139669
 852 0.48 0.211315 0.0139541
 853 0.52 0.211676 0.0139424
 854 0.48 0.211991 0.0139296
 855 0.32 0.212117 0.0139139
 856 0.36 0.21229 0.0138987
 857 0.36 0.212462 0.0138835
 858 0.24 0.212494 0.0138674
 859 0.32 0.212619 0.0138518
 860 0.48 0.21293 0.0138391
 861 0.44 0.213194 0.0138256
 862 0.44 0.213457 0.013812
 863 0.36 0.213627 0.0137971
 864 0.44 0.213889 0.0137836
 865 0.72 0.214474 0.0137801
 866 0.6 0.214919 0.0137713
 867 0.6 0.215363 0.0137626
 868 0.64 0.215853 0.0137555
 869 0.6 0.216295 0.0137467
 870 0.56 0.21669 0.0137366
 871 0.44 0.216946 0.0137232
 872 0.48 0.217248 0.0137108
 873 0.48 0.217549 0.0136984
 874 0.6 0.217986 0.0136897
 875 0.56 0.218377 0.0136796
 876 0.44 0.21863 0.0136663
 877 0.44 0.218883 0.0136531
 878 0.6 0.219317 0.0136444
 879 0.68 0.219841 0.013639
 880 0.68 0.220364 0.0136335
 881 0.68 0.220885 0.013628
 882 0.56 0.22127 0.013618
 883 0.48 0.221563 0.0136057
 884 0.48 0.221855 0.0135934
 885 0.52 0.222192 0.0135823
 886 0.56 0.222573 0.0135723
 887 0.52 0.222909 0.0135611
 888 0.52 0.223243 0.01355
 889 0.44 0.223487 0.0135369
 890 0.4 0.223685 0.0135231
 891 0.36 0.223838 0.0135088
 892 0.28 0.223901 0.0134938
 893 0.24 0.223919 0.0134787
 894 0.32 0.224027 0.013464
 895 0.36 0.224179 0.0134499
 896 0.48 0.224464 0.0134379
 897 0.48 0.224749 0.0134259
 898 0.48 0.225033 0.013414
 899 0.4 0.225228 0.0134004
 900 0.32 0.225333 0.013386
 901 0.36 0.225483 0.0133719
 902 0.36 0.225632 0.0133579
 903 0.28 0.225692 0.0133433
 904 0.16 0.225619 0.0133287
 905 0.28 0.22568 0.0133141
 906 0.24 0.225695 0.0132994
 907 0.12 0.225579 0.0132852
 908 0.2 0.225551 0.0132706
 909 0.04 0.225347 0.0132576
 910 0.04 0.225143 0.0132446
 911 -0.12 0.224764 0.0132355
 912 -0.04 0.224474 0.0132241
 913 -0.16 0.224053 0.0132163
 914 -0.12 0.223676 0.0132072
 915 -0.24 0.223169 0.0132025
 916 -0.24 0.222664 0.0131978
 917 -0.08 0.222334 0.0131875
 918 -0.04 0.222048 0.0131763
 919 -0.04 0.221763 0.013165
 920 0 0.221522 0.0131529
 921 -0.04 0.221238 0.0131417
 922 -0.16 0.220824 0.0131339
 923 -0.08 0.220498 0.0131237
 924 -0.12 0.22013 0.0131147
 925 0 0.219892 0.0131027
 926 -0.12 0.219525 0.0130937
 927 -0.08 0.219202 0.0130835
 928 0 0.218966 0.0130715
 929 -0.04 0.218687 0.0130604
 930 0 0.218452 0.0130485
 931 0.12 0.218346 0.0130349
 932 0.12 0.21824 0.0130213
 933 0.04 0.218049 0.0130088
 934 0.08 0.217901 0.0129957
 935 0.16 0.21784 0.0129819
 936 0.24 0.217863 0.0129681
 937 0.12 0.217759 0.0129546
 938 0 0.217527 0.0129429
 939 0.04 0.217338 0.0129305
 940 -0.04 0.217064 0.0129196
 941 -0.08 0.216748 0.0129098
 942 0.12 0.216645 0.0128965
 943 0.16 0.216585 0.0128829
 944 0.12 0.216483 0.0128697
 945 0 0.216254 0.0128581
 946 0 0.216025 0.0128465
 947 0 0.215797 0.012835
 948 -0.12 0.215443 0.0128263
 949 -0.24 0.214963 0.0128218
 950 -0.28 0.214442 0.0128189
 951 -0.28 0.213922 0.0128159
 952 -0.36 0.213319 0.0128167
 953 -0.2 0.212886 0.0128105
 954 -0.2 0.212453 0.0128044
 955 -0.16 0.212063 0.012797
 956 -0.2 0.211632 0.0127908
 957 -0.12 0.211285 0.0127821
 958 -0.24 0.210814 0.0127775
 959 -0.36 0.210219 0.012778
 960 -0.44 0.209542 0.0127827
 961 -0.44 0.208866 0.0127872
 962 -0.4 0.208233 0.0127896
 963 -0.24 0.207767 0.0127848
 964 -0.16 0.207386 0.0127772
 965 0.16 0.207337 0.0127641
 966 0.24 0.207371 0.0127509
 967 0.2 0.207363 0.0127377
 968 0.04 0.20719 0.0127257
 969 0.12 0.2071 0.0127129
 970 0.12 0.20701 0.0127001
 971 0.2 0.207003 0.012687
 972 0.2 0.206996 0.012674
 973 0.16 0.206948 0.012661
 974 0 0.206735 0.0126498
 975 0.08 0.206605 0.0126375
 976 -0.12 0.20627 0.012629
 977 -0.04 0.206018 0.0126185
 978 0.08 0.20589 0.0126063
 979 0.2 0.205884 0.0125934
 980 0.16 0.205837 0.0125806
 981 0.08 0.205708 0.0125685
 982 0.04 0.20554 0.0125568
 983 0 0.205331 0.0125458
 984 0.04 0.205163 0.0125341
 985 0.28 0.205239 0.0125216
 986 0.16 0.205193 0.012509
 987 0.16 0.205147 0.0124964
 988 0.2 0.205142 0.0124838
 989 0.24 0.205177 0.0124712
 990 0.24 0.205212 0.0124586
 991 0.44 0.205449 0.0124483
 992 0.4 0.205645 0.0124373
 993 0.44 0.205881 0.012427
 994 0.48 0.206157 0.0124176
 995 0.44 0.206392 0.0124073
 996 0.32 0.206506 0.0123954
 997 0.36 0.20666 0.0123839
 998 0.32 0.206774 0.012372
 999 0.32 0.206887 0.0123601
 1000 0.24 0.20692 0.0123478
 1001 0.24 0.206953 0.0123355
 1002 0.36 0.207106 0.0123241
 1003 0.52 0.207418 0.0123158
 1004 0.48 0.207689 0.0123065
 1005 0.52 0.208 0.0122982
 1006 0.6 0.20839 0.0122921
 1007 0.64 0.208818 0.0122874
 1008 0.72 0.209325 0.0122857
 1009 0.64 0.209752 0.0122809
 1010 0.68 0.210218 0.0122776
 1011 0.76 0.210762 0.0122775
 1012 0.64 0.211186 0.0122727
 1013 0.68 0.211649 0.0122693
 1014 0.68 0.21211 0.0122659
 1015 0.64 0.212532 0.012261
 1016 0.52 0.212835 0.0122527
 1017 0.56 0.213176 0.0122454
 1018 0.6 0.213556 0.0122393
 1019 0.64 0.213974 0.0122344
 1020 0.6 0.214353 0.0122283
 1021 0.44 0.214574 0.0122183
 1022 0.4 0.214755 0.0122077
 1023 0.48 0.215015 0.0121985
 1024 0.52 0.215313 0.0121902
 1025 0.4 0.215493 0.0121796
 1026 0.48 0.21575 0.0121705
 1027 0.4 0.21593 0.0121599
 1028 0.4 0.216109 0.0121494
 1029 0.24 0.216132 0.0121376
 1030 0.08 0.216 0.0121266
 1031 0.12 0.215907 0.0121152
 1032 0.24 0.21593 0.0121034
 1033 0.32 0.216031 0.0120921
 1034 0.4 0.216209 0.0120817
 1035 0.48 0.216464 0.0120728
 1036 0.4 0.216641 0.0120624
 1037 0.48 0.216895 0.0120534
 1038 0.48 0.217148 0.0120445
 1039 0.48 0.217401 0.0120356
 1040 0.64 0.217808 0.0120308
 1041 0.6 0.218175 0.0120249
 1042 0.68 0.218618 0.0120215
 1043 0.72 0.219099 0.0120196
 1044 0.72 0.219579 0.0120177
 1045 0.76 0.220096 0.0120173
 1046 0.76 0.220612 0.0120169
 1047 0.8 0.221165 0.0120181
 1048 0.88 0.221794 0.0120231
 1049 0.96 0.222498 0.0120322
 1050 1 0.223238 0.0120436
 1051 1 0.223977 0.0120548
 1052 0.92 0.224639 0.0120615
 1053 0.84 0.225223 0.0120642
 1054 0.88 0.225844 0.0120687
 1055 0.92 0.226502 0.0120752
 1056 0.96 0.227197 0.0120838
 1057 1 0.227928 0.0120944
 1058 1 0.228658 0.012105
 1059 1 0.229386 0.0121155
 1060 1 0.230113 0.0121259
 1061 0.96 0.230801 0.012134
 1062 1 0.231525 0.0121441
 1063 0.92 0.232173 0.01215
 1064 1 0.232895 0.01216
 1065 1 0.233615 0.0121699
 1066 0.96 0.234296 0.0121776
 1067 0.88 0.234902 0.0121812
 1068 0.8 0.235431 0.0121813
 1069 0.76 0.235921 0.0121798
 1070 0.76 0.236411 0.0121782
 1071 0.76 0.2369 0.0121767
 1072 0.76 0.237388 0.0121751
 1073 0.76 0.237875 0.0121735
 1074 0.76 0.238361 0.0121719
 1075 0.64 0.238735 0.0121663
 1076 0.64 0.239108 0.0121607
 1077 0.6 0.239443 0.012154
 1078 0.64 0.239814 0.0121484
 1079 0.68 0.240222 0.012144
 1080 0.72 0.240667 0.0121409
 1081 0.72 0.24111 0.0121377
 1082 0.84 0.241664 0.0121391
 1083 0.8 0.242179 0.0121389
 1084 0.96 0.242841 0.0121457
 1085 0.8 0.243355 0.0121454
 1086 0.8 0.243867 0.012145
 1087 0.88 0.244453 0.012148
 1088 0.84 0.245 0.0121491
 1089 0.84 0.245546 0.0121503
 1090 0.72 0.245982 0.0121469
 1091 0.8 0.246489 0.0121464
 1092 0.76 0.24696 0.0121444
 1093 0.84 0.247502 0.0121454
 1094 0.84 0.248044 0.0121464
 1095 0.84 0.248584 0.0121473
 1096 0.84 0.249124 0.0121482
 1097 0.76 0.24959 0.012146
 1098 0.68 0.249982 0.0121413
 1099 0.56 0.250264 0.0121335
 1100 0.56 0.250545 0.0121258
 1101 0.72 0.250972 0.0121222
 1102 0.76 0.251434 0.01212
 1103 0.76 0.251895 0.0121178
 1104 0.72 0.252319 0.0121143
 1105 0.64 0.25267 0.0121084
 1106 0.68 0.253056 0.0121036
 1107 0.72 0.253478 0.0121
 1108 0.72 0.253899 0.0120964
 1109 0.76 0.254355 0.0120941
 1110 0.68 0.254739 0.0120893
 1111 0.68 0.255122 0.0120845
 1112 0.64 0.255468 0.0120786
 1113 0.4 0.255597 0.0120684
 1114 0.4 0.255727 0.0120583
 1115 0.4 0.255857 0.0120481
 1116 0.44 0.256022 0.0120385
 1117 0.44 0.256186 0.0120288
 1118 0.4 0.256315 0.0120187
 1119 0.24 0.2563 0.012008
 1120 0.28 0.256321 0.0119973
 1121 0.2 0.256271 0.0119867
 1122 0.12 0.25615 0.0119766
 1123 0.2 0.2561 0.0119661
 1124 0.2 0.25605 0.0119555
 1125 0.16 0.255964 0.0119452
 1126 0.32 0.256021 0.0119347
 1127 0.32 0.256078 0.0119243
 1128 0.2 0.256028 0.0119138
 1129 0.28 0.25605 0.0119032
 1130 0.32 0.256106 0.0118928
 1131 0.08 0.25595 0.0118833
 1132 0.16 0.255866 0.0118731
 1133 0.24 0.255852 0.0118627
 1134 0.24 0.255838 0.0118522
 1135 0.2 0.255789 0.0118419
 1136 0.24 0.255775 0.0118314
 1137 0.16 0.25569 0.0118213
 1138 -0.16 0.255325 0.0118166
 1139 -0.12 0.254996 0.0118108
 1140 -0.12 0.254667 0.011805
 1141 -0.12 0.254338 0.0117992
 1142 -0.12 0.254011 0.0117935
 1143 0 0.253788 0.0117852
 1144 0.08 0.253636 0.0117759
 1145 0.08 0.253485 0.0117666
 1146 0.16 0.253403 0.0117566
 1147 0.16 0.253322 0.0117466
 1148 0.24 0.25331 0.0117364
 1149 0.4 0.253438 0.0117269
 1150 0.4 0.253565 0.0117174
 1151 0.56 0.253831 0.0117102
 1152 0.6 0.254132 0.0117039
 1153 0.64 0.254467 0.0116985
 1154 0.6 0.254766 0.0116922
 1155 0.44 0.254926 0.0116832
 1156 0.2 0.254879 0.0116732
 1157 0.24 0.254866 0.0116631
 1158 0.24 0.254853 0.011653
 1159 0.36 0.254944 0.0116433
 1160 0.36 0.255034 0.0116336
 1161 0.24 0.255022 0.0116236
 1162 0.2 0.254974 0.0116137
 1163 0.2 0.254927 0.0116038
 1164 0.24 0.254914 0.0115939
 1165 0.36 0.255004 0.0115842
 1166 0.12 0.254889 0.0115749
 1167 0 0.25467 0.011567
 1168 0.2 0.254623 0.0115572
 1169 0.24 0.254611 0.0115473
 1170 0.12 0.254496 0.011538
 1171 0.2 0.254449 0.0115283
 1172 0.28 0.254471 0.0115184
 1173 0.52 0.254697 0.0115108
 1174 0.52 0.254923 0.0115033
 1175 0.56 0.255183 0.0114964
 1176 0.56 0.255442 0.0114895
 1177 0.48 0.255633 0.0114814
 1178 0.56 0.255891 0.0114745
 1179 0.28 0.255912 0.0114648
 1180 0.24 0.255898 0.0114551
 1181 0.36 0.255986 0.0114457
 1182 0.28 0.256007 0.0114361
 1183 0.28 0.256027 0.0114264
 1184 0.32 0.256081 0.0114169
 1185 0.16 0.256 0.0114075
 1186 0.16 0.255919 0.0113982
 1187 0.12 0.255805 0.0113892
 1188 0 0.255589 0.0113816
 1189 -0.08 0.255307 0.0113755
 1190 -0.12 0.254992 0.0113703
 1191 -0.2 0.25461 0.0113672
 1192 -0.12 0.254295 0.011362
 1193 -0.04 0.254049 0.0113552
 1194 0.04 0.253869 0.0113471
 1195 0 0.253657 0.0113396
 1196 -0.08 0.253378 0.0113335
 1197 0 0.253166 0.011326
 1198 0 0.252955 0.0113185
 1199 -0.04 0.252711 0.0113117
 1200 0.12 0.2526 0.0113028
 1201 0.2 0.252556 0.0112935
 1202 0.08 0.252413 0.011285
 1203 0.16 0.252336 0.0112759
 1204 0.12 0.252226 0.0112671
 1205 0.08 0.252083 0.0112586
 1206 0.2 0.25204 0.0112494
 1207 0.28 0.252063 0.0112401
 1208 0.32 0.252119 0.0112309
 1209 0.36 0.252208 0.011222
 1210 0.32 0.252264 0.0112128
 1211 0.36 0.252353 0.0112039
 1212 0.4 0.252475 0.0111953
 1213 0.32 0.252531 0.0111862
 1214 0.28 0.252554 0.011177
 1215 0.24 0.252543 0.0111678
 1216 0.2 0.2525 0.0111587
 1217 0.16 0.252424 0.0111498
 1218 0.2 0.252381 0.0111407
 1219 0.24 0.252371 0.0111316
 1220 0.2 0.252328 0.0111226
 1221 0.24 0.252318 0.0111135
 1222 0.2 0.252275 0.0111044
 1223 0.12 0.252167 0.0110959
 1224 0.12 0.252059 0.0110873
 1225 0.08 0.251918 0.0110792
 1226 0.04 0.251746 0.0110715
 1227 0.12 0.251638 0.011063
 1228 0.2 0.251596 0.011054
 1229 0.08 0.251456 0.0110459
 1230 0.04 0.251285 0.0110383
 1231 0.12 0.251178 0.0110298
 1232 0.08 0.251039 0.0110217
 1233 0.16 0.250965 0.011013
 1234 0.2 0.250924 0.0110042
 1235 0.16 0.25085 0.0109955
 1236 0.28 0.250874 0.0109867
 1237 0.24 0.250865 0.0109778
 1238 0.4 0.250985 0.0109696
 1239 0.36 0.251073 0.0109611
 1240 0.32 0.251129 0.0109524
 1241 0.2 0.251088 0.0109436
 1242 0.16 0.251014 0.010935
 1243 0.08 0.250877 0.0109271
 1244 0.04 0.250707 0.0109196
 1245 0.04 0.250538 0.0109122
 1246 0.08 0.250401 0.0109043
 1247 -0.08 0.250136 0.0108987
 1248 -0.08 0.249872 0.0108932
 1249 -0.04 0.24964 0.010887
 1250 -0.12 0.249344 0.0108823
 1251 -0.12 0.249049 0.0108776
 1252 -0.08 0.248786 0.0108721
 1253 -0.08 0.248524 0.0108666
 1254 -0.2 0.248166 0.0108638
 1255 -0.12 0.247873 0.0108591
 1256 -0.04 0.247643 0.0108528
 1257 0.04 0.247478 0.0108455
 1258 -0.04 0.24725 0.0108393
 1259 -0.08 0.24699 0.0108338
 1260 0 0.246794 0.0108269
 1261 0.08 0.246661 0.0108192
 1262 0.04 0.246498 0.0108118
 1263 0.08 0.246366 0.0108041
 1264 0.12 0.246266 0.010796
 1265 0.16 0.246198 0.0107876
 1266 0.2 0.246161 0.0107792
 1267 0.28 0.246188 0.0107707
 1268 0.24 0.246183 0.0107622
 1269 0.16 0.246115 0.0107539
 1270 0.2 0.246079 0.0107455
 1271 0.28 0.246105 0.0107371
 1272 0.2 0.246069 0.0107287
 1273 0.16 0.246002 0.0107205
 1274 0.16 0.245934 0.0107123
 1275 0.04 0.245773 0.0107051
 1276 0.12 0.245674 0.0106972
 1277 0.04 0.245513 0.01069
 1278 0.2 0.245477 0.0106817
 1279 0.24 0.245473 0.0106733
 1280 0.16 0.245406 0.0106652
 1281 0.2 0.245371 0.0106569
 1282 0.12 0.245273 0.0106491
 1283 0.08 0.245144 0.0106415
 1284 -0.04 0.244922 0.0106356
 1285 -0.12 0.244638 0.0106311
 1286 -0.08 0.244386 0.0106258
 1287 0 0.244196 0.0106193
 1288 0.24 0.244193 0.010611
 1289 0.24 0.244189 0.0106028
 1290 0.24 0.244186 0.0105946
 1291 0.2 0.244152 0.0105864
 1292 0.2 0.244118 0.0105783
 1293 0.2 0.244084 0.0105701
 1294 0.28 0.244111 0.010562
 1295 0.36 0.244201 0.0105542
 1296 0.48 0.244383 0.0105476
 1297 0.4 0.244503 0.0105402
 1298 0.48 0.244684 0.0105336
 1299 0.48 0.244865 0.0105271
 1300 0.44 0.245015 0.01052
 1301 0.44 0.245165 0.010513
 1302 0.44 0.245315 0.010506
 1303 0.52 0.245526 0.0105001
 1304 0.56 0.245767 0.0104948
 1305 0.56 0.246008 0.0104895
 1306 0.6 0.246279 0.010485
 1307 0.6 0.246549 0.0104804
 1308 0.64 0.24685 0.0104767
 1309 0.56 0.247089 0.0104715
 1310 0.56 0.247328 0.0104662
 1311 0.48 0.247506 0.0104597
 1312 0.44 0.247652 0.0104528
 1313 0.4 0.247768 0.0104454
 1314 0.32 0.247823 0.0104376
 1315 0.36 0.247909 0.01043
 1316 0.16 0.247842 0.0104223
 1317 0.36 0.247927 0.0104148
 1318 0.32 0.247982 0.010407
 1319 0.28 0.248006 0.0103991
 1320 0.28 0.24803 0.0103913
 1321 0.32 0.248085 0.0103836
 1322 0.36 0.248169 0.010376
 1323 0.44 0.248314 0.0103692
 1324 0.36 0.248399 0.0103617
 1325 0.32 0.248453 0.010354
 1326 0.28 0.248477 0.0103463
 1327 0.4 0.248591 0.0103391
 1328 0.36 0.248675 0.0103316
 1329 0.24 0.248668 0.0103239
 1330 0.2 0.248632 0.0103162
 1331 0.24 0.248625 0.0103084
 1332 0.16 0.248559 0.0103009
 1333 0.16 0.248492 0.0102934
 1334 0.2 0.248456 0.0102857
 1335 0.2 0.248419 0.0102781
 1336 0.36 0.248503 0.0102707
 1337 0.28 0.248527 0.0102631
 1338 0.28 0.24855 0.0102554
 1339 0.28 0.248574 0.0102478
 1340 0.08 0.248448 0.0102409
 1341 0.12 0.248352 0.0102337
 1342 0.16 0.248286 0.0102263
 1343 0.12 0.248191 0.0102191
 1344 0.16 0.248125 0.0102117
 1345 0.04 0.24797 0.0102053
 1346 0.16 0.247905 0.0101979
 1347 0.08 0.24778 0.0101911
 1348 0.24 0.247774 0.0101836
 1349 0.24 0.247769 0.010176
 1350 0.32 0.247822 0.0101686
 1351 0.44 0.247964 0.0101621
 1352 0.4 0.248077 0.0101552
 1353 0.56 0.248307 0.0101503
 1354 0.64 0.248597 0.0101469
 1355 0.6 0.248856 0.0101427
 1356 0.52 0.249056 0.0101372
 1357 0.4 0.249167 0.0101304
 1358 0.36 0.249249 0.0101232
 1359 0.44 0.249389 0.0101167
 1360 0.48 0.249559 0.0101107
 1361 0.48 0.249728 0.0101047
 1362 0.56 0.249956 0.0100999
 1363 0.6 0.250213 0.0100957
 1364 0.6 0.250469 0.0100916
 1365 0.6 0.250725 0.0100874
 1366 0.6 0.250981 0.0100833
 1367 0.6 0.251236 0.0100791
 1368 0.56 0.251462 0.0100743
 1369 0.48 0.251629 0.0100683
 1370 0.56 0.251854 0.0100635
 1371 0.56 0.252079 0.0100587
 1372 0.6 0.252332 0.0100545
 1373 0.6 0.252586 0.0100504
 1374 0.6 0.252838 0.0100462
 1375 0.52 0.253033 0.0100408
 1376 0.48 0.253198 0.0100349
 1377 0.48 0.253362 0.0100289
 1378 0.48 0.253527 0.010023
 1379 0.52 0.25372 0.0100176
 1380 0.48 0.253884 0.0100117
 1381 0.48 0.254048 0.0100058
 1382 0.48 0.254211 0.00999986
 1383 0.4 0.254317 0.00999318
 1384 0.44 0.254451 0.00998686
 1385 0.52 0.254643 0.00998149
 1386 0.36 0.254719 0.00997458
 1387 0.36 0.254795 0.00996767
 1388 0.56 0.255014 0.00996291
 1389 0.6 0.255263 0.00995884
 1390 0.64 0.25554 0.00995552
 1391 0.6 0.255787 0.00995144
 1392 0.56 0.256006 0.00994669
 1393 0.6 0.256253 0.00994261
 1394 0.64 0.256528 0.00993929
 1395 0.72 0.25686 0.00993772
 1396 0.84 0.257278 0.00993938
 1397 0.84 0.257695 0.00994102
 1398 0.8 0.258083 0.00994147
 1399 0.8 0.25847 0.00994191
 1400 0.76 0.258829 0.00994127
 1401 0.84 0.259243 0.00994283
 1402 0.8 0.259629 0.00994322
 1403 0.76 0.259986 0.00994252
 1404 0.76 0.260342 0.00994182
 1405 0.76 0.260698 0.00994111
 1406 0.76 0.261053 0.00994038
 1407 0.76 0.261407 0.00993964
 1408 0.76 0.261761 0.00993889
 1409 0.84 0.262172 0.00994031
 1410 0.84 0.262582 0.0099417
 1411 0.76 0.262934 0.00994091
 1412 0.72 0.263258 0.00993914
 1413 0.84 0.263666 0.00994048
 1414 0.76 0.264017 0.00993965
 1415 0.68 0.264311 0.00993697
 1416 0.68 0.264605 0.00993429
 1417 0.8 0.264982 0.00993447
 1418 0.76 0.265331 0.00993359
 1419 0.68 0.265624 0.00993089
 1420 0.76 0.265972 0.00993
 1421 0.92 0.266432 0.00993368
 1422 0.88 0.266864 0.00993606
 1423 0.88 0.267294 0.00993842
 1424 0.84 0.267697 0.00993958
 1425 0.76 0.268042 0.00993861
 1426 0.76 0.268387 0.00993763
 1427 0.72 0.268704 0.0099357
 1428 0.68 0.268992 0.00993292
 1429 0.6 0.269223 0.00992867
 1430 0.56 0.269427 0.00992381
 1431 0.48 0.269574 0.00991796
 1432 0.56 0.269777 0.00991311
 1433 0.52 0.269951 0.00990773
 1434 0.4 0.270042 0.00990123
 1435 0.4 0.270132 0.00989474
 1436 0.48 0.270279 0.00988893
 1437 0.48 0.270424 0.00988312
 1438 0.72 0.270737 0.0098812
 1439 0.8 0.271105 0.00988117
 1440 0.84 0.2715 0.00988221
 1441 0.88 0.271922 0.00988437
 1442 0.8 0.272288 0.0098843
 1443 0.76 0.272626 0.00988323
 1444 0.8 0.272992 0.00988314
 1445 0.64 0.273246 0.00987956
 1446 0.6 0.273472 0.00987531
 1447 0.6 0.273697 0.00987106
 1448 0.52 0.273867 0.00986571
 1449 0.56 0.274065 0.00986088
 1450 0.56 0.274262 0.00985605
 1451 0.68 0.274542 0.00985322
 1452 0.52 0.274711 0.00984788
 1453 0.56 0.274907 0.00984306
 1454 0.4 0.274993 0.00983667
 1455 0.56 0.275189 0.00983185
 1456 0.44 0.275302 0.00982575
 1457 0.48 0.275443 0.00982001
 1458 0.44 0.275556 0.00981392
 1459 0.32 0.275586 0.00980724
 1460 0.32 0.275616 0.00980057
 1461 0.4 0.275702 0.00979423
 1462 0.36 0.275759 0.0097877
 1463 0.28 0.275762 0.009781
 1464 0.12 0.275656 0.0097749
 1465 0.12 0.275549 0.0097688
 1466 0.2 0.275498 0.00976227
 1467 0.12 0.275392 0.00975619
 1468 0.16 0.275313 0.00974986
 1469 0 0.275126 0.00974502
 1470 0.08 0.274993 0.0097393
 1471 0.04 0.274833 0.00973398
 1472 -0.04 0.27462 0.00972972
 1473 0.04 0.27446 0.00972442
 1474 -0.16 0.274166 0.00972229
 1475 -0.2 0.273844 0.00972101
 1476 -0.16 0.27355 0.00971887
 1477 -0.28 0.273175 0.00971951
 1478 -0.28 0.272801 0.00972014
 1479 -0.32 0.2724 0.00972184
 1480 -0.2 0.272081 0.00972051
 1481 -0.08 0.271843 0.00971685
 1482 -0.16 0.271552 0.00971466
 1483 -0.16 0.271261 0.00971247
 1484 -0.36 0.270836 0.00971524
 1485 -0.48 0.27033 0.00972185
 1486 -0.48 0.269825 0.00972842
 1487 -0.4 0.269375 0.0097323
 1488 -0.32 0.268978 0.00973382
 1489 -0.12 0.268717 0.00973079
 1490 -0.24 0.268376 0.00973025
 1491 -0.24 0.268035 0.0097297
 1492 -0.16 0.267748 0.00972741
 1493 -0.2 0.267435 0.00972594
 1494 -0.08 0.267202 0.00972221
 1495 -0.16 0.266916 0.0097199
 1496 -0.16 0.266631 0.00971759
 1497 -0.08 0.266399 0.00971386
 1498 -0.2 0.266088 0.00971237
 1499 -0.24 0.265751 0.00971175
 1500 -0.4 0.265307 0.00971542
 1501 -0.48 0.26481 0.00972163
 1502 -0.48 0.264314 0.00972781
 1503 -0.32 0.263925 0.0097291
 1504 -0.2 0.263617 0.00972752
 1505 0.16 0.263548 0.0097213
 1506 0.24 0.263533 0.00971486
 1507 0.04 0.263384 0.00970954
 1508 -0.04 0.263183 0.00970519
 1509 -0.2 0.262876 0.00970361
 1510 -0.12 0.262623 0.00970049
 1511 -0.04 0.262422 0.00969614
 1512 0.08 0.262302 0.00969048
 1513 0.04 0.262155 0.00968519
 1514 0.28 0.262166 0.00967879
 1515 0.2 0.262125 0.00967249
 1516 0.24 0.262111 0.00966612
 1517 0.36 0.262175 0.00965996
 1518 0.4 0.262266 0.00965402
 1519 0.4 0.262357 0.00964809
 1520 0.44 0.262474 0.00964245
 1521 0.6 0.262696 0.00963866
 1522 0.48 0.262838 0.00963338
 1523 0.48 0.262981 0.00962811
 1524 0.4 0.263071 0.00962221
 1525 0.44 0.263187 0.0096166
 1526 0.28 0.263198 0.0096103
 1527 0.2 0.263157 0.0096041
 1528 0.16 0.263089 0.00959805
 1529 0.2 0.263048 0.00959186
 1530 0.2 0.263007 0.00958567
 1531 0.24 0.262992 0.00957942
 1532 0.04 0.262846 0.00957427
 1533 0.08 0.262727 0.00956877
 1534 0.04 0.262581 0.00956363
 1535 0.24 0.262567 0.00955741
 1536 0.2 0.262526 0.00955127
 1537 0.24 0.262511 0.00954507
 1538 0.16 0.262445 0.00953909
 1539 0.2 0.262404 0.00953298
 1540 0.12 0.262312 0.00952724
 1541 0.08 0.262193 0.00952179
 1542 0.2 0.262153 0.0095157
 1543 0.2 0.262113 0.00950961
 1544 0.24 0.262098 0.00950346
 1545 0.2 0.262058 0.00949739
 1546 0.16 0.261992 0.00949148
 1547 0.08 0.261875 0.00948607
 1548 0 0.261705 0.00948145
 1549 -0.04 0.261511 0.00947733
 1550 0.16 0.261445 0.00947144
 1551 0.16 0.26138 0.00946556
 1552 0.28 0.261392 0.00945946
 1553 0.16 0.261326 0.00945359
 1554 0.16 0.261261 0.00944773
 1555 0.04 0.261119 0.00944273
 1556 0.08 0.261003 0.00943738
 1557 -0.08 0.260784 0.00943386
 1558 0 0.260616 0.00942928
 1559 -0.12 0.260372 0.0094264
 1560 -0.08 0.260154 0.00942288
 1561 0.04 0.260013 0.0094179
 1562 0.04 0.259872 0.00941292
 1563 0 0.259706 0.00940836
 1564 -0.04 0.259514 0.0094043
 1565 -0.04 0.259323 0.00940024
 1566 -0.08 0.259106 0.00939673
 1567 -0.08 0.25889 0.00939322
 1568 -0.16 0.258622 0.00939103
 1569 -0.28 0.258279 0.00939132
 1570 -0.36 0.257885 0.0093936
 1571 -0.12 0.257645 0.0093907
 1572 -0.08 0.25743 0.00938718
 1573 -0.08 0.257216 0.00938366
 1574 0.08 0.257103 0.00937837
 1575 -0.04 0.256914 0.00937431
 1576 0.08 0.256802 0.00936904
 1577 0.2 0.256766 0.00936316
 1578 0.2 0.25673 0.0093573
 1579 0.28 0.256745 0.00935138
 1580 0.44 0.256861 0.00934618
 1581 0.48 0.257002 0.00934133
 1582 0.44 0.257118 0.00933614
 1583 0.48 0.257258 0.00933131
 1584 0.6 0.257475 0.00932792
 1585 0.52 0.25764 0.00932351
 1586 0.36 0.257705 0.00931785
 1587 0.24 0.257694 0.00931198
 1588 0.32 0.257733 0.0093062
 1589 0.16 0.257671 0.00930055
 1590 0.08 0.25756 0.00929537
 1591 0 0.257398 0.00929093
 1592 -0.04 0.257211 0.00928697
 1593 -0.04 0.257024 0.00928302
 1594 0.04 0.256888 0.00927819
 1595 0 0.256727 0.00927377
 1596 0 0.256566 0.00926935
 1597 0 0.256406 0.00926494
 1598 0.08 0.256295 0.0092598
 1599 0 0.256135 0.00925539
 1600 0.12 0.25605 0.00925
 1601 0.2 0.256015 0.00924429
 1602 0.12 0.25593 0.0092389
 1603 0.16 0.25587 0.00923333
 1604 0.12 0.255786 0.00922796
 1605 0.16 0.255726 0.0092224
 1606 0.36 0.255791 0.00921689
 1607 0.44 0.255905 0.00921186
 1608 0.4 0.255995 0.00920657
 1609 0.48 0.256134 0.0092019
 1610 0.44 0.256248 0.00919689
 1611 0.2 0.256214 0.00919125
 1612 0.2 0.256179 0.00918561
 1613 0.08 0.256069 0.00918056
 1614 0.2 0.256035 0.00917494
 1615 0.16 0.255975 0.00916945
 1616 0.24 0.255965 0.00916378
 1617 0.12 0.255881 0.0091585
 1618 0.16 0.255822 0.00915303
 1619 0.08 0.255713 0.00914801
 1620 0.04 0.25558 0.00914334
 1621 0.08 0.255472 0.00913834
 1622 0.12 0.255388 0.00913308
 1623 -0.04 0.255206 0.00912927
 1624 -0.12 0.254975 0.00912657
 1625 -0.12 0.254745 0.00912387
 1626 -0.04 0.254563 0.00912006
 1627 -0.24 0.254259 0.00911952
 1628 -0.2 0.25398 0.00911818
 1629 -0.12 0.253751 0.00911548
 1630 -0.08 0.253546 0.00911218
 1631 0.04 0.253415 0.00910754
 1632 -0.04 0.253235 0.00910373
 1633 -0.08 0.253031 0.00910044
 1634 -0.12 0.252803 0.00909774
 1635 -0.12 0.252575 0.00909503
 1636 -0.16 0.252323 0.00909296
 1637 -0.24 0.252022 0.00909238
 1638 -0.24 0.251722 0.00909179
 1639 -0.28 0.251397 0.00909203
 1640 -0.16 0.251146 0.00908995
 1641 -0.32 0.250798 0.00909108
 1642 -0.28 0.250475 0.00909129
 1643 -0.16 0.250225 0.00908919
 1644 -0.2 0.249951 0.00908778
 1645 -0.12 0.249726 0.00908504
 1646 -0.12 0.249502 0.0090823
 1647 -0.16 0.249253 0.00908019
 1648 -0.08 0.249053 0.00907687
 1649 -0.24 0.248757 0.00907621
 1650 -0.24 0.248461 0.00907555
 1651 -0.24 0.248165 0.00907487
 1652 -0.24 0.247869 0.00907419
 1653 -0.08 0.247671 0.00907087
 1654 -0.16 0.247424 0.00906873
 1655 -0.12 0.247202 0.00906597
 1656 -0.24 0.246908 0.00906527
 1657 -0.08 0.246711 0.00906194
 1658 0.16 0.246659 0.00905663
 1659 0.08 0.246558 0.00905172
 1660 0.12 0.246482 0.00904659
 1661 0.28 0.246502 0.00904116
 1662 0.32 0.246546 0.00903583
 1663 0.4 0.246639 0.00903087
 1664 0.48 0.246779 0.00902653
 1665 0.56 0.246967 0.00902307
 1666 0.64 0.247203 0.00902073
 1667 0.76 0.24751 0.00902057
 1668 0.68 0.24777 0.00901889
 1669 0.84 0.248125 0.00902046
 1670 0.76 0.248431 0.00902027
 1671 0.72 0.248713 0.00901929
 1672 0.8 0.249043 0.00901992
 1673 0.8 0.249372 0.00902054
 1674 0.76 0.249677 0.00902031
 1675 0.72 0.249958 0.00901929
 1676 0.64 0.250191 0.00901691
 1677 0.64 0.250423 0.00901453
 1678 0.76 0.250727 0.00901427
 1679 0.8 0.251054 0.00901484
 1680 0.72 0.251333 0.0090138
 1681 0.68 0.251588 0.00901204
 1682 0.64 0.251819 0.00900964
 1683 0.56 0.252002 0.00900615
 1684 0.48 0.252138 0.00900182
 1685 0.48 0.252273 0.00899749
 1686 0.52 0.252432 0.00899355
 1687 0.64 0.252662 0.00899116
 1688 0.68 0.252915 0.00898939
 1689 0.72 0.253191 0.00898833
 1690 0.76 0.253491 0.00898801
 1691 0.6 0.253696 0.00898503
 1692 0.48 0.25383 0.00898071
 1693 0.44 0.25394 0.00897608
 1694 0.52 0.254097 0.00897216
 1695 0.52 0.254254 0.00896823
 1696 0.52 0.25441 0.00896431
 1697 0.52 0.254567 0.0089604
 1698 0.4 0.254653 0.00895553
 1699 0.52 0.254809 0.00895162
 1700 0.44 0.254918 0.00894701
 1701 0.52 0.255073 0.00894311
 1702 0.44 0.255182 0.00893851
 1703 0.44 0.255291 0.00893392
 1704 0.4 0.255376 0.00892908
 1705 0.28 0.25539 0.00892386
 1706 0.28 0.255404 0.00891864
 1707 0.28 0.255419 0.00891342
 1708 0.32 0.255457 0.00890828
 1709 0.28 0.255471 0.00890308
 1710 0.12 0.255392 0.00889822
 1711 0.12 0.255313 0.00889337
 1712 0.36 0.255374 0.00888839
 1713 0.36 0.255435 0.00888341
 1714 0.4 0.255519 0.00887862
 1715 0.4 0.255603 0.00887384
 1716 0.4 0.255688 0.00886907
 1717 0.56 0.255865 0.00886568
 1718 0.6 0.256065 0.00886278
 1719 0.48 0.256195 0.00885858
 1720 0.56 0.256372 0.00885519
 1721 0.68 0.256618 0.00885346
 1722 0.72 0.256887 0.00885241
 1723 0.76 0.257179 0.00885209
 1724 0.72 0.257448 0.00885103
 1725 0.68 0.257693 0.00884928
 1726 0.64 0.257914 0.00884693
 1727 0.64 0.258135 0.00884457
 1728 0.76 0.258426 0.00884422
 1729 0.72 0.258693 0.00884314
 1730 0.68 0.258936 0.00884138
 1731 0.76 0.259226 0.00884101
 1732 0.72 0.259492 0.00883991
 1733 0.8 0.259804 0.00884031
 1734 0.8 0.260115 0.0088407
 1735 0.76 0.260403 0.0088403
 1736 0.84 0.260737 0.00884151
 1737 0.72 0.261002 0.00884037
 1738 0.8 0.261312 0.00884073
 1739 0.72 0.261576 0.00883958
 1740 0.84 0.261908 0.00884075
 1741 0.8 0.262217 0.00884107
 1742 0.88 0.262572 0.00884311
 1743 0.84 0.262903 0.00884424
 1744 0.8 0.263211 0.00884453
 1745 0.76 0.263496 0.00884405
 1746 0.84 0.263826 0.00884514
 1747 0.88 0.264179 0.00884711
 1748 0.84 0.264508 0.00884818
 1749 0.76 0.264791 0.00884766
 1750 0.76 0.265074 0.00884713
 1751 0.6 0.265266 0.00884414
 1752 0.56 0.265434 0.0088407
 1753 0.44 0.265533 0.00883621
 1754 0.48 0.265656 0.00883202
 1755 0.52 0.265801 0.00882818
 1756 0.44 0.2659 0.0088237
 1757 0.48 0.266022 0.00881952
 1758 0.44 0.266121 0.00881506
 1759 0.48 0.266242 0.00881089
 1760 0.56 0.266409 0.00880746
 1761 0.64 0.266621 0.00880501
 1762 0.64 0.266833 0.00880257
 1763 0.64 0.267045 0.00880012
 1764 0.64 0.267256 0.00879767
 1765 0.6 0.267445 0.0087947
 1766 0.6 0.267633 0.00879174
 1767 0.44 0.267731 0.0087873
 1768 0.44 0.267828 0.00878287
 1769 0.4 0.267903 0.00877822
 1770 0.48 0.268023 0.00877408
 1771 0.6 0.26821 0.00877113
 1772 0.52 0.268352 0.00876733
 1773 0.44 0.268449 0.00876292
 1774 0.36 0.268501 0.00875813
 1775 0.32 0.26853 0.00875324
 1776 0.32 0.268559 0.00874836
 1777 0.2 0.26852 0.00874352
 1778 0.32 0.268549 0.00873865
 1779 0.56 0.268713 0.00873527
 1780 0.56 0.268876 0.0087319
 1781 0.6 0.269062 0.00872897
 1782 0.72 0.269315 0.00872774
 1783 0.8 0.269613 0.00872792
 1784 0.64 0.269821 0.0087255
 1785 0.68 0.27005 0.00872364
 1786 0.4 0.270123 0.00871905
 1787 0.28 0.270129 0.00871417
 1788 0.4 0.270201 0.0087096
 1789 0.52 0.270341 0.00870585
 1790 0.44 0.270436 0.0087015
 1791 0.28 0.270441 0.00869665
 1792 0.28 0.270446 0.00869179
 1793 0.4 0.270519 0.00868724
 1794 0.4 0.270591 0.0086827
 1795 0.4 0.270663 0.00867816
 1796 0.44 0.270757 0.00867384
 1797 0.6 0.27094 0.00867095
 1798 0.76 0.271212 0.00867039
 1799 0.84 0.271529 0.00867134
 1800 0.92 0.271889 0.008674
 1801 0.68 0.272115 0.00867215
 1802 0.64 0.27232 0.00866974
 1803 0.68 0.272546 0.00866788
 1804 0.8 0.272838 0.008668
 1805 0.84 0.273152 0.0086689
 1806 0.88 0.273488 0.00867061
 1807 0.92 0.273846 0.00867319
 1808 0.92 0.274204 0.00867576
 1809 0.96 0.274583 0.00867924
 1810 0.96 0.274961 0.00868271
 1811 0.92 0.275318 0.00868522
 1812 0.88 0.275651 0.00868684
 1813 0.8 0.27594 0.00868686
 1814 0.8 0.276229 0.00868688
 1815 0.68 0.276452 0.00868494
 1816 0.52 0.276586 0.00868119
 1817 0.24 0.276566 0.00867643
 1818 0.24 0.276546 0.00867168
 1819 0.36 0.276592 0.00866704
 1820 0.36 0.276637 0.00866239
 1821 0.48 0.276749 0.00865836
 1822 0.6 0.276926 0.00865542
 1823 0.72 0.27717 0.00865409
 1824 0.64 0.277368 0.00865163
 1825 0.48 0.277479 0.0086476
 1826 0.36 0.277525 0.00864298
 1827 0.44 0.277614 0.0086387
 1828 0.32 0.277637 0.00863401
 1829 0.52 0.277769 0.0086303
 1830 0.64 0.277967 0.00862786
 1831 0.68 0.278187 0.00862594
 1832 0.68 0.278406 0.00862402
 1833 0.52 0.278538 0.00862032
 1834 0.48 0.278648 0.00861632
 1835 0.52 0.278779 0.00861263
 1836 0.52 0.278911 0.00860894
 1837 0.76 0.279173 0.00860823
 1838 0.72 0.279412 0.00860689
 1839 0.68 0.27963 0.00860497
 1840 0.68 0.279848 0.00860304
 1841 0.92 0.280196 0.0086054
 1842 0.72 0.280434 0.00860404
 1843 0.76 0.280695 0.0086033
 1844 0.84 0.280998 0.00860398
 1845 0.72 0.281236 0.00860261
 1846 0.6 0.281408 0.00859968
 1847 0.64 0.281603 0.00859722
 1848 0.68 0.281818 0.00859527
 1849 0.68 0.282034 0.00859332
 1850 0.56 0.282184 0.00858998
 1851 0.48 0.282291 0.00858601
 1852 0.4 0.282354 0.00858161
 1853 0.24 0.282331 0.008577
 1854 0.24 0.282309 0.00857241
 1855 0.4 0.282372 0.00856802
 1856 0.44 0.282457 0.00856382
 1857 0.44 0.282542 0.00855963
 1858 0.56 0.282691 0.00855633
 1859 0.56 0.28284 0.00855302
 1860 0.6 0.283011 0.00855012
 1861 0.6 0.283181 0.00854723
 1862 0.48 0.283287 0.00854329
 1863 0.56 0.283435 0.00853999
 1864 0.52 0.283562 0.00853635
 1865 0.52 0.283689 0.00853272
 1866 0.4 0.283751 0.00852837
 1867 0.52 0.283878 0.00852474
 1868 0.52 0.284004 0.00852111
 1869 0.48 0.284109 0.0085172
 1870 0.36 0.28415 0.00851274
 1871 0.36 0.28419 0.00850828
 1872 0.64 0.28438 0.00850586
 1873 0.68 0.284592 0.00850394
 1874 0.6 0.28476 0.00850107
 1875 0.64 0.284949 0.00849865
 1876 0.6 0.285117 0.00849578
 1877 0.52 0.285242 0.00849217
 1878 0.52 0.285367 0.00848857
 1879 0.56 0.285514 0.00848531
 1880 0.6 0.285681 0.00848244
 1881 0.6 0.285848 0.00847958
 1882 0.56 0.285994 0.00847632
 1883 0.48 0.286097 0.00847245
 1884 0.56 0.286242 0.0084692
 1885 0.6 0.286408 0.00846634
 1886 0.64 0.286596 0.00846393
 1887 0.52 0.28672 0.00846034
 1888 0.64 0.286907 0.00845793
 1889 0.6 0.287073 0.00845508
 1890 0.56 0.287217 0.00845184
 1891 0.48 0.287319 0.00844798
 1892 0.48 0.287421 0.00844413
 1893 0.32 0.287438 0.00843968
 1894 0.44 0.287518 0.00843561
 1895 0.48 0.28762 0.00843177
 1896 0.52 0.287743 0.00842821
 1897 0.6 0.287907 0.00842538
 1898 0.52 0.28803 0.00842183
 1899 0.48 0.288131 0.008418
 1900 0.4 0.288189 0.00841377
 1901 0.56 0.288332 0.00841056
 1902 0.72 0.288559 0.0084092
 1903 0.72 0.288786 0.00840784
 1904 0.76 0.289034 0.00840706
 1905 0.76 0.289281 0.00840629
 1906 0.8 0.289549 0.00840615
 1907 0.76 0.289795 0.00840536
 1908 0.72 0.290021 0.00840398
 1909 0.68 0.290225 0.00840206
 1910 0.68 0.290429 0.00840014
 1911 0.6 0.290591 0.0083973
 1912 0.48 0.29069 0.00839349
 1913 0.36 0.290727 0.00838918
 1914 0.28 0.290721 0.0083848
 1915 0.32 0.290736 0.00838043
 1916 0.4 0.290793 0.00837625
 1917 0.36 0.290829 0.00837196
 1918 0.32 0.290845 0.00836761
 1919 0.24 0.290818 0.00836329
 1920 0.36 0.290854 0.00835901
 1921 0.44 0.290932 0.00835502
 1922 0.4 0.290989 0.00835086
 1923 0.52 0.291108 0.00834737
 1924 0.56 0.291247 0.0083442
 1925 0.52 0.291366 0.00834071
 1926 0.44 0.291443 0.00833673
 1927 0.6 0.291604 0.00833395
 1928 0.52 0.291722 0.00833046
 1929 0.56 0.291861 0.00832731
 1930 0.6 0.292021 0.00832452
 1931 0.52 0.292139 0.00832105
 1932 0.56 0.292277 0.00831789
 1933 0.52 0.292395 0.00831443
 1934 0.56 0.292534 0.00831128
 1935 0.68 0.292734 0.00830939
 1936 0.64 0.292913 0.00830704
 1937 0.6 0.293072 0.00830426
 1938 0.68 0.293271 0.00830238
 1939 0.52 0.293388 0.00829892
 1940 0.64 0.293567 0.00829656
 1941 0.48 0.293663 0.00829284
 1942 0.6 0.293821 0.00829007
 1943 0.52 0.293937 0.00828662
 1944 0.56 0.294074 0.00828349
 1945 0.68 0.294272 0.00828161
 1946 0.68 0.294471 0.00827972
 1947 0.88 0.294771 0.00828093
 1948 0.84 0.295051 0.00828141
 1949 0.88 0.295351 0.0082826
 1950 0.72 0.295569 0.00828122
 1951 0.8 0.295828 0.00828101
 1952 0.76 0.296066 0.00828018
 1953 0.84 0.296344 0.00828062
 1954 0.84 0.296622 0.00828106
 1955 0.72 0.296839 0.00827966
 1956 0.88 0.297137 0.00828079
 1957 0.88 0.297435 0.00828191
 1958 0.88 0.297732 0.00828303
 1959 0.92 0.29805 0.00828489
 1960 0.8 0.298306 0.00828462
 1961 0.76 0.298542 0.00828374
 1962 0.76 0.298777 0.00828286
 1963 0.8 0.299032 0.00828258
 1964 0.8 0.299287 0.00828229
 1965 0.84 0.299562 0.00828264
 1966 0.96 0.299898 0.00828524
 1967 0.92 0.300214 0.00828703
 1968 0.96 0.300549 0.0082896
 1969 0.84 0.300823 0.00828991
 1970 0.8 0.301076 0.00828958
 1971 0.84 0.30135 0.00828988
 1972 0.92 0.301663 0.00829162
 1973 0.96 0.301997 0.00829413
 1974 0.92 0.30231 0.00829583
 1975 0.88 0.302603 0.00829679
 1976 0.92 0.302915 0.00829847
 1977 0.84 0.303187 0.00829872
 1978 0.68 0.303377 0.00829671
 1979 0.72 0.303588 0.00829519
 1980 0.84 0.303859 0.00829543
 1981 0.64 0.304028 0.00829297
 1982 0.64 0.304198 0.00829052
 1983 0.6 0.304347 0.00828768
 1984 0.64 0.304516 0.00828523
 1985 0.8 0.304766 0.00828482
 1986 0.76 0.304995 0.00828382
 1987 0.64 0.305164 0.00828136
 1988 0.72 0.305372 0.00827983
 1989 0.76 0.305601 0.00827882
 1990 0.8 0.305849 0.00827839
 1991 0.76 0.306077 0.00827737
 1992 0.72 0.306285 0.00827582
 1993 0.72 0.306493 0.00827427
 1994 0.8 0.30674 0.00827383
 1995 0.84 0.307008 0.008274
 1996 0.8 0.307255 0.00827354
 1997 0.76 0.307481 0.0082725
 1998 0.76 0.307708 0.00827146
 1999 0.56 0.307834 0.00826829
 2000 0.32 0.30784 0.00826415
