 1 0 0 0
 2 8.77213e-15 4.38607e-15 4.38607e-15
 3 8.77213e-15 5.84809e-15 2.92404e-15
 4 8.77213e-15 6.5791e-15 2.19303e-15
 5 0 5.26328e-15 2.14872e-15
 6 0 4.38607e-15 1.96151e-15
 7 0 3.75949e-15 1.77224e-15
 8 0 3.28955e-15 1.60514e-15
 9 0 2.92404e-15 1.46202e-15
 10 0 2.63164e-15 1.33997e-15
 11 0 2.3924e-15 1.23543e-15
 12 0 2.19303e-15 1.14527e-15
 13 0 2.02434e-15 1.06692e-15
 14 0 1.87974e-15 9.98303e-16
 15 8.77213e-15 2.33924e-15 1.03676e-15
 16 8.77213e-15 2.74129e-15 1.04983e-15
 17 8.77213e-15 3.09605e-15 1.04802e-15
 18 8.77213e-15 3.41138e-15 1.03718e-15
 19 8.77213e-15 3.69353e-15 1.02084e-15
 20 8.77213e-15 3.94746e-15 1.00119e-15
 21 8.77213e-15 4.17721e-15 9.79642e-16
 22 0 3.98733e-15 9.53155e-16
 23 8.77213e-15 4.19537e-15 9.34228e-16
 24 8.77213e-15 4.38607e-15 9.14558e-16
 25 8.77213e-15 4.56151e-15 8.94585e-16
 26 8.77213e-15 4.72346e-15 8.74614e-16
 27 0 4.54851e-15 8.59588e-16
 28 8.77213e-15 4.69936e-15 8.41943e-16
 29 8.77213e-15 4.8398e-15 8.24441e-16
 30 0 4.67847e-15 8.1266e-16
 31 8.77213e-15 4.81052e-15 7.97024e-16
 32 0 4.6602e-15 7.86221e-16
 33 8.77213e-15 4.7848e-15 7.72144e-16
 34 8.77213e-15 4.90207e-15 7.58214e-16
 35 0 4.76201e-15 7.49436e-16
 36 0 4.62974e-15 7.40236e-16
 37 0 4.50461e-15 7.30744e-16
 38 0 4.38607e-15 7.21065e-16
 39 0 4.2736e-15 7.1128e-16
 40 0 4.16676e-15 7.01454e-16
 41 0 4.06513e-15 6.91639e-16
 42 0 3.96835e-15 6.81875e-16
 43 0 3.87606e-15 6.72194e-16
 44 8.77213e-15 3.98733e-15 6.66099e-16
 45 8.77213e-15 4.09366e-15 6.59753e-16
 46 0 4.00467e-15 6.51359e-16
 47 0 3.91946e-15 6.4302e-16
 48 0 3.83781e-15 6.34756e-16
 49 8.77213e-15 3.93851e-15 6.2977e-16
 50 8.77213e-15 4.03518e-15 6.24573e-16
 51 0 3.95606e-15 6.17295e-16
 52 0 3.87998e-15 6.1007e-16
 53 0 3.80677e-15 6.0291e-16
 54 0 3.73628e-15 5.95824e-16
 55 0 3.66835e-15 5.88823e-16
 56 0 3.60284e-15 5.81911e-16
 57 8.77213e-15 3.69353e-15 5.78761e-16
 58 8.77213e-15 3.78109e-15 5.75396e-16
 59 8.77213e-15 3.86569e-15 5.71851e-16
 60 8.77213e-15 3.94746e-15 5.68155e-16
 61 8.77213e-15 4.02655e-15 5.64333e-16
 62 8.77213e-15 4.10309e-15 5.60408e-16
 63 0 4.03797e-15 5.55274e-16
 64 8.77213e-15 4.11194e-15 5.51512e-16
 65 8.77213e-15 4.18363e-15 5.47674e-16
 66 -4.38607e-15 4.05379e-15 5.54722e-16
 67 -4.38607e-15 3.92782e-15 5.60713e-16
 68 -4.38607e-15 3.80556e-15 5.65774e-16
 69 0 3.7504e-15 5.60236e-16
 70 0 3.69683e-15 5.54768e-16
 71 8.77213e-15 3.76831e-15 5.5155e-16
 72 0 3.71597e-15 5.46348e-16
 73 0 3.66507e-15 5.41211e-16
 74 0 3.61554e-15 5.3614e-16
 75 0 3.56733e-15 5.31135e-16
 76 8.77213e-15 3.63582e-15 5.28556e-16
 77 0 3.5886e-15 5.23779e-16
 78 0 3.54259e-15 5.19063e-16
 79 0 3.49775e-15 5.14409e-16
 80 8.77213e-15 3.56368e-15 5.12199e-16
 81 8.77213e-15 3.62798e-15 5.09907e-16
 82 0 3.58374e-15 5.0559e-16
 83 0 3.54056e-15 5.01324e-16
 84 0 3.49841e-15 4.9711e-16
 85 8.77213e-15 3.56045e-15 4.95129e-16
 86 8.77213e-15 3.62105e-15 4.93076e-16
 87 0 3.57943e-15 4.8915e-16
 88 8.77213e-15 3.63844e-15 4.87146e-16
 89 8.77213e-15 3.69612e-15 4.85084e-16
 90 0 3.65506e-15 4.81418e-16
 91 8.77213e-15 3.71129e-15 4.79408e-16
 92 8.77213e-15 3.7663e-15 4.77348e-16
 93 8.77213e-15 3.82012e-15 4.75246e-16
 94 0 3.77948e-15 4.71916e-16
 95 8.77213e-15 3.83204e-15 4.6987e-16
 96 8.77213e-15 3.8835e-15 4.67789e-16
 97 0 3.84346e-15 4.64669e-16
 98 0 3.80424e-15 4.61573e-16
 99 0 3.76581e-15 4.585e-16
 100 0 3.72816e-15 4.55451e-16
 101 0 3.69124e-15 4.52427e-16
 102 0 3.65506e-15 4.49429e-16
 103 0 3.61957e-15 4.46457e-16
 104 0 3.58477e-15 4.43511e-16
 105 0 3.55063e-15 4.40591e-16
 106 0 3.51713e-15 4.37699e-16
 107 8.77213e-15 3.56624e-15 4.36361e-16
 108 0 3.53322e-15 4.33561e-16
 109 8.77213e-15 3.58128e-15 4.32246e-16
 110 8.77213e-15 3.62847e-15 4.3089e-16
 111 8.77213e-15 3.67481e-15 4.29498e-16
 112 8.77213e-15 3.72032e-15 4.28072e-16
 113 0 3.6874e-15 4.25542e-16
 114 8.77213e-15 3.732e-15 4.24144e-16
 115 8.77213e-15 3.77583e-15 4.22718e-16
 116 8.77213e-15 3.8189e-15 4.21266e-16
 117 0 3.78626e-15 4.18923e-16
 118 0 3.75418e-15 4.16596e-16
 119 0 3.72263e-15 4.14283e-16
 120 0 3.69161e-15 4.11986e-16
 121 0 3.6611e-15 4.09704e-16
 122 0 3.63109e-15 4.07439e-16
 123 0 3.60157e-15 4.05189e-16
 124 0 3.57252e-15 4.02957e-16
 125 0 3.54394e-15 4.0074e-16
 126 0 3.51582e-15 3.98541e-16
 127 0 3.48813e-15 3.96358e-16
 128 8.77213e-15 3.52941e-15 3.9541e-16
 129 8.77213e-15 3.57005e-15 3.94433e-16
 130 8.77213e-15 3.61007e-15 3.93427e-16
 131 8.77213e-15 3.64947e-15 3.92396e-16
 132 8.77213e-15 3.68828e-15 3.91341e-16
 133 0 3.66055e-15 3.89376e-16
 134 8.77213e-15 3.6987e-15 3.88337e-16
 135 0 3.6713e-15 3.86422e-16
 136 8.77213e-15 3.70881e-15 3.854e-16
 137 0 3.68173e-15 3.83533e-16
 138 8.77213e-15 3.71862e-15 3.82526e-16
 139 0 3.69187e-15 3.80706e-16
 140 0 3.6655e-15 3.78895e-16
 141 0 3.6395e-15 3.77096e-16
 142 0 3.61387e-15 3.75307e-16
 143 8.77213e-15 3.64994e-15 3.74415e-16
 144 8.77213e-15 3.68551e-15 3.73503e-16
 145 0 3.6601e-15 3.71788e-16
 146 0 3.63503e-15 3.70083e-16
 147 0 3.6103e-15 3.68388e-16
 148 0 3.58591e-15 3.66702e-16
 149 8.77213e-15 3.62071e-15 3.65892e-16
 150 0 3.59657e-15 3.64245e-16
 151 8.77213e-15 3.63085e-15 3.63445e-16
 152 0 3.60696e-15 3.61835e-16
 153 8.77213e-15 3.64072e-15 3.61044e-16
 154 0 3.61708e-15 3.5947e-16
 155 -4.38607e-15 3.56545e-15 3.60857e-16
 156 0 3.54259e-15 3.59264e-16
 157 8.77213e-15 3.5759e-15 3.58519e-16
 158 8.77213e-15 3.60879e-15 3.57758e-16
 159 8.77213e-15 3.64126e-15 3.5698e-16
 160 8.77213e-15 3.67333e-15 3.56189e-16
 161 8.77213e-15 3.705e-15 3.55383e-16
 162 8.77213e-15 3.73628e-15 3.54565e-16
 163 0 3.71336e-15 3.53128e-16
 164 8.77213e-15 3.7442e-15 3.52321e-16
 165 0 3.72151e-15 3.50914e-16
 166 0 3.69909e-15 3.49513e-16
 167 0 3.67694e-15 3.48119e-16
 168 0 3.65506e-15 3.46733e-16
 169 -4.38607e-15 3.60747e-15 3.47943e-16
 170 0 3.58625e-15 3.46541e-16
 171 0 3.56528e-15 3.45146e-16
 172 0 3.54455e-15 3.43759e-16
 173 0 3.52406e-15 3.4238e-16
 174 -4.38607e-15 3.4786e-15 3.43429e-16
 175 0 3.45873e-15 3.42039e-16
 176 0 3.43907e-15 3.40657e-16
 177 0 3.41964e-15 3.39284e-16
 178 0 3.40043e-15 3.37919e-16
 179 0 3.38144e-15 3.36562e-16
 180 8.77213e-15 3.41138e-15 3.36025e-16
 181 -4.38607e-15 3.36831e-15 3.36928e-16
 182 -4.38607e-15 3.3257e-15 3.3777e-16
 183 8.77213e-15 3.35546e-15 3.37235e-16
 184 8.77213e-15 3.3849e-15 3.36687e-16
 185 8.77213e-15 3.41402e-15 3.36126e-16
 186 0 3.39566e-15 3.34817e-16
 187 8.77213e-15 3.42442e-15 3.34261e-16
 188 0 3.4062e-15 3.32976e-16
 189 0 3.38818e-15 3.317e-16
 190 0 3.37035e-15 3.30431e-16
 191 0 3.3527e-15 3.2917e-16
 192 0 3.33524e-15 3.27916e-16
 193 8.77213e-15 3.36341e-15 3.27427e-16
 194 8.77213e-15 3.39129e-15 3.26926e-16
 195 0 3.3739e-15 3.25709e-16
 196 0 3.35668e-15 3.245e-16
 197 0 3.33964e-15 3.23298e-16
 198 0 3.32278e-15 3.22103e-16
 199 8.77213e-15 3.35016e-15 3.21648e-16
 200 8.77213e-15 3.37727e-15 3.21182e-16
 201 0 3.36047e-15 3.20021e-16
 202 0 3.34383e-15 3.18868e-16
 203 0 3.32736e-15 3.1772e-16
 204 0 3.31105e-15 3.16579e-16
 205 0 3.2949e-15 3.15445e-16
 206 0 3.2789e-15 3.14317e-16
 207 0 3.26306e-15 3.13196e-16
 208 0 3.24738e-15 3.12081e-16
 209 0 3.23184e-15 3.10973e-16
 210 0 3.21645e-15 3.09871e-16
 211 0 3.2012e-15 3.08775e-16
 212 0 3.1861e-15 3.07686e-16
 213 8.77213e-15 3.21233e-15 3.07359e-16
 214 8.77213e-15 3.23831e-15 3.07021e-16
 215 8.77213e-15 3.26405e-15 3.06671e-16
 216 8.77213e-15 3.28955e-15 3.06311e-16
 217 0 3.27439e-15 3.05273e-16
 218 0 3.25937e-15 3.04241e-16
 219 8.77213e-15 3.28454e-15 3.03893e-16
 220 8.77213e-15 3.30949e-15 3.03535e-16
 221 8.77213e-15 3.3342e-15 3.03167e-16
 222 8.77213e-15 3.3587e-15 3.02791e-16
 223 0 3.34364e-15 3.01806e-16
 224 0 3.32871e-15 3.00827e-16
 225 -4.38607e-15 3.29442e-15 3.01443e-16
 226 0 3.27985e-15 3.0046e-16
 227 8.77213e-15 3.30404e-15 3.0011e-16
 228 8.77213e-15 3.32802e-15 2.99752e-16
 229 8.77213e-15 3.3518e-15 2.99386e-16
 230 0 3.33722e-15 2.98437e-16
 231 -4.38607e-15 3.30379e-15 2.99018e-16
 232 0 3.28955e-15 2.98066e-16
 233 8.77213e-15 3.31308e-15 2.97716e-16
 234 8.77213e-15 3.33641e-15 2.97357e-16
 235 8.77213e-15 3.35954e-15 2.96991e-16
 236 8.77213e-15 3.38247e-15 2.96618e-16
 237 8.77213e-15 3.40522e-15 2.96238e-16
 238 8.77213e-15 3.42777e-15 2.95851e-16
 239 8.77213e-15 3.45013e-15 2.95458e-16
 240 8.77213e-15 3.4723e-15 2.95059e-16
 241 0 3.45789e-15 2.94185e-16
 242 8.77213e-15 3.47985e-15 2.93789e-16
 243 8.77213e-15 3.50163e-15 2.93387e-16
 244 8.77213e-15 3.52323e-15 2.92979e-16
 245 8.77213e-15 3.54466e-15 2.92567e-16
 246 8.77213e-15 3.56591e-15 2.92149e-16
 247 0 3.55147e-15 2.91321e-16
 248 8.77213e-15 3.57252e-15 2.90907e-16
 249 0 3.55817e-15 2.90091e-16
 250 8.77213e-15 3.57903e-15 2.8968e-16
 251 0 3.56477e-15 2.88876e-16
 252 8.77213e-15 3.58544e-15 2.88469e-16
 253 8.77213e-15 3.60594e-15 2.88057e-16
 254 8.77213e-15 3.62628e-15 2.8764e-16
 255 8.77213e-15 3.64646e-15 2.8722e-16
 256 8.77213e-15 3.66648e-15 2.86795e-16
 257 0 3.65221e-15 2.86033e-16
 258 0 3.63805e-15 2.85274e-16
 259 0 3.62401e-15 2.84517e-16
 260 8.77213e-15 3.64381e-15 2.84112e-16
 261 8.77213e-15 3.66346e-15 2.83702e-16
 262 8.77213e-15 3.68296e-15 2.83289e-16
 263 8.77213e-15 3.70231e-15 2.82873e-16
 264 8.77213e-15 3.72151e-15 2.82453e-16
 265 0 3.70747e-15 2.81735e-16
 266 8.77213e-15 3.72651e-15 2.81319e-16
 267 0 3.71255e-15 2.80611e-16
 268 8.77213e-15 3.73143e-15 2.80198e-16
 269 8.77213e-15 3.75017e-15 2.79783e-16
 270 0 3.73628e-15 2.79091e-16
 271 -4.38607e-15 3.70631e-15 2.7967e-16
 272 8.77213e-15 3.72493e-15 2.79261e-16
 273 -4.38607e-15 3.69522e-15 2.79818e-16
 274 8.77213e-15 3.71375e-15 2.7941e-16
 275 8.77213e-15 3.73214e-15 2.78999e-16
 276 0 3.71862e-15 2.78315e-16
 277 0 3.7052e-15 2.77634e-16
 278 -4.38607e-15 3.67609e-15 2.7816e-16
 279 0 3.66292e-15 2.77474e-16
 280 0 3.64983e-15 2.76791e-16
 281 0 3.63684e-15 2.7611e-16
 282 8.77213e-15 3.65506e-15 2.75731e-16
 283 8.77213e-15 3.67314e-15 2.75349e-16
 284 8.77213e-15 3.69109e-15 2.74965e-16
 285 8.77213e-15 3.70892e-15 2.74578e-16
 286 0 3.69595e-15 2.73923e-16
 287 8.77213e-15 3.71364e-15 2.73539e-16
 288 8.77213e-15 3.7312e-15 2.73153e-16
 289 8.77213e-15 3.74864e-15 2.72765e-16
 290 8.77213e-15 3.76597e-15 2.72374e-16
 291 0 3.75303e-15 2.71744e-16
 292 0 3.74017e-15 2.71117e-16
 293 0 3.72741e-15 2.70492e-16
 294 8.77213e-15 3.74457e-15 2.70116e-16
 295 8.77213e-15 3.76161e-15 2.69737e-16
 296 8.77213e-15 3.77854e-15 2.69357e-16
 297 8.77213e-15 3.79535e-15 2.68974e-16
 298 8.77213e-15 3.81205e-15 2.6859e-16
 299 0 3.7993e-15 2.67994e-16
 300 8.77213e-15 3.81588e-15 2.67613e-16
 301 8.77213e-15 3.83234e-15 2.6723e-16
 302 0 3.81965e-15 2.66646e-16
 303 0 3.80705e-15 2.66063e-16
 304 8.77213e-15 3.82338e-15 2.65689e-16
 305 8.77213e-15 3.83961e-15 2.65313e-16
 306 8.77213e-15 3.85572e-15 2.64935e-16
 307 8.77213e-15 3.87174e-15 2.64556e-16
 308 0 3.85917e-15 2.63995e-16
 309 -4.38607e-15 3.83249e-15 2.64489e-16
 310 0 3.82012e-15 2.63924e-16
 311 0 3.80784e-15 2.63361e-16
 312 0 3.79563e-15 2.62799e-16
 313 0 3.78351e-15 2.62238e-16
 314 0 3.77146e-15 2.61679e-16
 315 0 3.75949e-15 2.61122e-16
 316 0 3.74759e-15 2.60566e-16
 317 0 3.73577e-15 2.60012e-16
 318 0 3.72402e-15 2.59459e-16
 319 0 3.71234e-15 2.58907e-16
 320 8.77213e-15 3.72816e-15 2.58581e-16
 321 8.77213e-15 3.74387e-15 2.58253e-16
 322 8.77213e-15 3.75949e-15 2.57923e-16
 323 0 3.74785e-15 2.57386e-16
 324 0 3.73628e-15 2.56851e-16
 325 0 3.72478e-15 2.56318e-16
 326 8.77213e-15 3.74027e-15 2.55999e-16
 327 8.77213e-15 3.75565e-15 2.55678e-16
 328 0 3.7442e-15 2.55154e-16
 329 8.77213e-15 3.75949e-15 2.54836e-16
 330 8.77213e-15 3.77468e-15 2.54517e-16
 331 -4.38607e-15 3.75002e-15 2.54941e-16
 332 8.77213e-15 3.76515e-15 2.54622e-16
 333 8.77213e-15 3.78018e-15 2.54301e-16
 334 -4.38607e-15 3.75573e-15 2.54715e-16
 335 0 3.74452e-15 2.54201e-16
 336 0 3.73338e-15 2.53688e-16
 337 0 3.7223e-15 2.53177e-16
 338 -4.38607e-15 3.69831e-15 2.53564e-16
 339 0 3.6874e-15 2.5305e-16
 340 0 3.67656e-15 2.52538e-16
 341 -4.38607e-15 3.65291e-15 2.52904e-16
 342 -4.38607e-15 3.62941e-15 2.53256e-16
 343 -4.38607e-15 3.60604e-15 2.53596e-16
 344 0 3.59555e-15 2.53075e-16
 345 0 3.58513e-15 2.52555e-16
 346 0 3.57477e-15 2.52037e-16
 347 8.77213e-15 3.58975e-15 2.51756e-16
 348 8.77213e-15 3.60464e-15 2.51473e-16
 349 8.77213e-15 3.61945e-15 2.51188e-16
 350 8.77213e-15 3.63417e-15 2.50902e-16
 351 0 3.62382e-15 2.504e-16
 352 8.77213e-15 3.63844e-15 2.50115e-16
 353 0 3.62813e-15 2.49619e-16
 354 0 3.61789e-15 2.49124e-16
 355 8.77213e-15 3.6324e-15 2.48845e-16
 356 0 3.6222e-15 2.48354e-16
 357 8.77213e-15 3.63663e-15 2.48078e-16
 358 8.77213e-15 3.65097e-15 2.47799e-16
 359 0 3.6408e-15 2.47317e-16
 360 0 3.63069e-15 2.46836e-16
 361 0 3.62063e-15 2.46357e-16
 362 0 3.61063e-15 2.45879e-16
 363 0 3.60068e-15 2.45403e-16
 364 8.77213e-15 3.61489e-15 2.45139e-16
 365 0 3.60499e-15 2.44667e-16
 366 0 3.59514e-15 2.44197e-16
 367 8.77213e-15 3.60924e-15 2.43939e-16
 368 8.77213e-15 3.62327e-15 2.43679e-16
 369 8.77213e-15 3.63723e-15 2.43418e-16
 370 8.77213e-15 3.6511e-15 2.43156e-16
 371 8.77213e-15 3.66491e-15 2.42892e-16
 372 8.77213e-15 3.67864e-15 2.42627e-16
 373 0 3.66877e-15 2.42176e-16
 374 8.77213e-15 3.68242e-15 2.41913e-16
 375 0 3.6726e-15 2.41467e-16
 376 8.77213e-15 3.68616e-15 2.41206e-16
 377 8.77213e-15 3.69965e-15 2.40943e-16
 378 -4.38607e-15 3.67826e-15 2.41255e-16
 379 8.77213e-15 3.6917e-15 2.40992e-16
 380 8.77213e-15 3.70507e-15 2.40729e-16
 381 8.77213e-15 3.71837e-15 2.40464e-16
 382 8.77213e-15 3.7316e-15 2.40199e-16
 383 8.77213e-15 3.74476e-15 2.39932e-16
 384 8.77213e-15 3.75785e-15 2.39664e-16
 385 8.77213e-15 3.77088e-15 2.39395e-16
 386 8.77213e-15 3.78383e-15 2.39126e-16
 387 8.77213e-15 3.79672e-15 2.38855e-16
 388 8.77213e-15 3.80955e-15 2.38583e-16
 389 8.77213e-15 3.8223e-15 2.38311e-16
 390 8.77213e-15 3.835e-15 2.38038e-16
 391 8.77213e-15 3.84762e-15 2.37764e-16
 392 0 3.83781e-15 2.37359e-16
 393 0 3.82804e-15 2.36956e-16
 394 0 3.81833e-15 2.36553e-16
 395 0 3.80866e-15 2.36152e-16
 396 0 3.79904e-15 2.35751e-16
 397 0 3.78947e-15 2.35351e-16
 398 0 3.77995e-15 2.34952e-16
 399 -4.38607e-15 3.75949e-15 2.35254e-16
 400 0 3.75009e-15 2.34853e-16
 401 0 3.74073e-15 2.34454e-16
 402 8.77213e-15 3.75325e-15 2.34204e-16
 403 8.77213e-15 3.7657e-15 2.33954e-16
 404 8.77213e-15 3.7781e-15 2.33703e-16
 405 0 3.76877e-15 2.33312e-16
 406 -4.38607e-15 3.74868e-15 2.33602e-16
 407 -4.38607e-15 3.7287e-15 2.33883e-16
 408 0 3.71956e-15 2.33488e-16
 409 0 3.71046e-15 2.33094e-16
 410 0 3.70141e-15 2.327e-16
 411 0 3.69241e-15 2.32308e-16
 412 0 3.68344e-15 2.31917e-16
 413 0 3.67453e-15 2.31526e-16
 414 0 3.66565e-15 2.31137e-16
 415 0 3.65682e-15 2.30748e-16
 416 0 3.64803e-15 2.30361e-16
 417 0 3.63928e-15 2.29974e-16
 418 0 3.63057e-15 2.29589e-16
 419 0 3.62191e-15 2.29204e-16
 420 8.77213e-15 3.63417e-15 2.28986e-16
 421 8.77213e-15 3.64637e-15 2.28767e-16
 422 8.77213e-15 3.65852e-15 2.28547e-16
 423 0 3.64987e-15 2.28171e-16
 424 0 3.64126e-15 2.27794e-16
 425 8.77213e-15 3.65334e-15 2.27578e-16
 426 8.77213e-15 3.66535e-15 2.27361e-16
 427 0 3.65677e-15 2.2699e-16
 428 -4.38607e-15 3.63798e-15 2.27238e-16
 429 8.77213e-15 3.64994e-15 2.27023e-16
 430 8.77213e-15 3.66186e-15 2.26808e-16
 431 -4.38607e-15 3.64318e-15 2.2705e-16
 432 -4.38607e-15 3.6246e-15 2.27285e-16
 433 -4.38607e-15 3.6061e-15 2.27513e-16
 434 -4.38607e-15 3.58768e-15 2.27734e-16
 435 -4.38607e-15 3.56935e-15 2.27948e-16
 436 -4.38607e-15 3.5511e-15 2.28155e-16
 437 0 3.54298e-15 2.27778e-16
 438 0 3.53489e-15 2.27401e-16
 439 8.77213e-15 3.54682e-15 2.27196e-16
 440 0 3.53876e-15 2.26822e-16
 441 -4.38607e-15 3.52079e-15 2.27019e-16
 442 0 3.51282e-15 2.26645e-16
 443 -4.38607e-15 3.49499e-15 2.26835e-16
 444 0 3.48712e-15 2.2646e-16
 445 0 3.47928e-15 2.26087e-16
 446 8.77213e-15 3.49115e-15 2.25891e-16
 447 0 3.48334e-15 2.25521e-16
 448 0 3.47557e-15 2.25151e-16
 449 -4.38607e-15 3.45806e-15 2.2533e-16
 450 8.77213e-15 3.46987e-15 2.25139e-16
 451 8.77213e-15 3.48162e-15 2.24946e-16
 452 8.77213e-15 3.49333e-15 2.24753e-16
 453 0 3.48562e-15 2.24389e-16
 454 0 3.47794e-15 2.24026e-16
 455 0 3.47029e-15 2.23664e-16
 456 8.77213e-15 3.48192e-15 2.23475e-16
 457 0 3.4743e-15 2.23116e-16
 458 0 3.46672e-15 2.22757e-16
 459 0 3.45916e-15 2.224e-16
 460 0 3.45164e-15 2.22043e-16
 461 0 3.44416e-15 2.21687e-16
 462 0 3.4367e-15 2.21333e-16
 463 0 3.42928e-15 2.20979e-16
 464 0 3.42189e-15 2.20626e-16
 465 8.77213e-15 3.43339e-15 2.20451e-16
 466 8.77213e-15 3.44485e-15 2.20276e-16
 467 8.77213e-15 3.45626e-15 2.201e-16
 468 8.77213e-15 3.46762e-15 2.19922e-16
 469 8.77213e-15 3.47893e-15 2.19744e-16
 470 8.77213e-15 3.49019e-15 2.19565e-16
 471 8.77213e-15 3.5014e-15 2.19385e-16
 472 0 3.49398e-15 2.19046e-16
 473 0 3.4866e-15 2.18707e-16
 474 0 3.47924e-15 2.18369e-16
 475 0 3.47192e-15 2.18032e-16
 476 0 3.46462e-15 2.17695e-16
 477 8.77213e-15 3.47575e-15 2.17523e-16
 478 8.77213e-15 3.48683e-15 2.1735e-16
 479 8.77213e-15 3.49786e-15 2.17177e-16
 480 8.77213e-15 3.50885e-15 2.17002e-16
 481 0 3.50156e-15 2.16673e-16
 482 0 3.49429e-15 2.16345e-16
 483 0 3.48706e-15 2.16018e-16
 484 8.77213e-15 3.49798e-15 2.15848e-16
 485 0 3.49077e-15 2.15523e-16
 486 0 3.48358e-15 2.15199e-16
 487 0 3.47643e-15 2.14876e-16
 488 0 3.46931e-15 2.14553e-16
 489 0 3.46221e-15 2.14231e-16
 490 0 3.45515e-15 2.13911e-16
 491 0 3.44811e-15 2.1359e-16
 492 8.77213e-15 3.45893e-15 2.1343e-16
 493 8.77213e-15 3.46971e-15 2.13269e-16
 494 8.77213e-15 3.48044e-15 2.13108e-16
 495 8.77213e-15 3.49113e-15 2.12945e-16
 496 0 3.48409e-15 2.12632e-16
 497 0 3.47708e-15 2.1232e-16
 498 8.77213e-15 3.48772e-15 2.12159e-16
 499 8.77213e-15 3.49831e-15 2.11998e-16
 500 8.77213e-15 3.50885e-15 2.11837e-16
 501 -4.38607e-15 3.49309e-15 2.12e-16
 502 -4.38607e-15 3.4774e-15 2.12159e-16
 503 -4.38607e-15 3.46177e-15 2.12313e-16
 504 -4.38607e-15 3.44619e-15 2.12462e-16
 505 -4.38607e-15 3.43069e-15 2.12608e-16
 506 -4.38607e-15 3.41524e-15 2.12749e-16
 507 -4.38607e-15 3.39985e-15 2.12886e-16
 508 -4.38607e-15 3.38452e-15 2.13018e-16
 509 0 3.37787e-15 2.12703e-16
 510 8.77213e-15 3.38845e-15 2.12549e-16
 511 8.77213e-15 3.39899e-15 2.12394e-16
 512 0 3.39235e-15 2.12083e-16
 513 0 3.38574e-15 2.11772e-16
 514 0 3.37915e-15 2.11463e-16
 515 0 3.37259e-15 2.11154e-16
 516 0 3.36605e-15 2.10845e-16
 517 0 3.35954e-15 2.10538e-16
 518 0 3.35305e-15 2.10231e-16
 519 0 3.34659e-15 2.09925e-16
 520 0 3.34016e-15 2.0962e-16
 521 0 3.33375e-15 2.09315e-16
 522 0 3.32736e-15 2.09011e-16
 523 8.77213e-15 3.33777e-15 2.08871e-16
 524 8.77213e-15 3.34814e-15 2.0873e-16
 525 8.77213e-15 3.35847e-15 2.08588e-16
 526 8.77213e-15 3.36877e-15 2.08445e-16
 527 8.77213e-15 3.37902e-15 2.08302e-16
 528 0 3.37262e-15 2.08005e-16
 529 8.77213e-15 3.38283e-15 2.07862e-16
 530 8.77213e-15 3.39299e-15 2.07719e-16
 531 0 3.3866e-15 2.07426e-16
 532 8.77213e-15 3.39673e-15 2.07283e-16
 533 8.77213e-15 3.40681e-15 2.07139e-16
 534 8.77213e-15 3.41686e-15 2.06995e-16
 535 0 3.41047e-15 2.06706e-16
 536 8.77213e-15 3.42048e-15 2.06563e-16
 537 8.77213e-15 3.43044e-15 2.06418e-16
 538 0 3.42407e-15 2.06133e-16
 539 0 3.41771e-15 2.05848e-16
 540 8.77213e-15 3.42763e-15 2.05706e-16
 541 8.77213e-15 3.43751e-15 2.05563e-16
 542 8.77213e-15 3.44735e-15 2.05419e-16
 543 0 3.441e-15 2.05139e-16
 544 0 3.43468e-15 2.04859e-16
 545 0 3.42837e-15 2.0458e-16
 546 0 3.4221e-15 2.04301e-16
 547 0 3.41584e-15 2.04023e-16
 548 0 3.40961e-15 2.03746e-16
 549 0 3.4034e-15 2.0347e-16
 550 -4.38607e-15 3.38923e-15 2.03592e-16
 551 0 3.38308e-15 2.03316e-16
 552 0 3.37695e-15 2.0304e-16
 553 0 3.37085e-15 2.02764e-16
 554 -4.38607e-15 3.35684e-15 2.02881e-16
 555 0 3.3508e-15 2.02606e-16
 556 0 3.34477e-15 2.02331e-16
 557 0 3.33876e-15 2.02057e-16
 558 0 3.33278e-15 2.01783e-16
 559 -4.38607e-15 3.31897e-15 2.01894e-16
 560 -4.38607e-15 3.30521e-15 2.02003e-16
 561 -4.38607e-15 3.2915e-15 2.02108e-16
 562 -4.38607e-15 3.27784e-15 2.0221e-16
 563 -4.38607e-15 3.26423e-15 2.02309e-16
 564 -4.38607e-15 3.25067e-15 2.02405e-16
 565 0 3.24491e-15 2.02128e-16
 566 0 3.23918e-15 2.01852e-16
 567 0 3.23347e-15 2.01577e-16
 568 0 3.22777e-15 2.01302e-16
 569 0 3.2221e-15 2.01028e-16
 570 -4.38607e-15 3.20875e-15 2.01119e-16
 571 0 3.20313e-15 2.00845e-16
 572 0 3.19753e-15 2.00571e-16
 573 0 3.19195e-15 2.00299e-16
 574 0 3.18639e-15 2.00027e-16
 575 0 3.18085e-15 1.99756e-16
 576 0 3.17533e-15 1.99485e-16
 577 0 3.16983e-15 1.99215e-16
 578 8.77213e-15 3.17952e-15 1.99106e-16
 579 8.77213e-15 3.18918e-15 1.98996e-16
 580 8.77213e-15 3.1988e-15 1.98886e-16
 581 8.77213e-15 3.2084e-15 1.98775e-16
 582 8.77213e-15 3.21796e-15 1.98663e-16
 583 0 3.21244e-15 1.98399e-16
 584 0 3.20694e-15 1.98135e-16
 585 0 3.20145e-15 1.97872e-16
 586 8.77213e-15 3.21096e-15 1.97763e-16
 587 8.77213e-15 3.22043e-15 1.97653e-16
 588 0 3.21496e-15 1.97393e-16
 589 0 3.2095e-15 1.97133e-16
 590 8.77213e-15 3.21893e-15 1.97024e-16
 591 8.77213e-15 3.22832e-15 1.96915e-16
 592 8.77213e-15 3.23769e-15 1.96805e-16
 593 8.77213e-15 3.24702e-15 1.96694e-16
 594 8.77213e-15 3.25632e-15 1.96583e-16
 595 8.77213e-15 3.26559e-15 1.96471e-16
 596 -4.38607e-15 3.25275e-15 1.96561e-16
 597 0 3.24731e-15 1.96307e-16
 598 0 3.24188e-15 1.96054e-16
 599 8.77213e-15 3.25111e-15 1.95944e-16
 600 8.77213e-15 3.26031e-15 1.95833e-16
 601 0 3.25488e-15 1.95582e-16
 602 8.77213e-15 3.26405e-15 1.95472e-16
 603 0 3.25864e-15 1.95223e-16
 604 8.77213e-15 3.26776e-15 1.95113e-16
 605 8.77213e-15 3.27686e-15 1.95002e-16
 606 0 3.27146e-15 1.94755e-16
 607 8.77213e-15 3.28052e-15 1.94645e-16
 608 8.77213e-15 3.28955e-15 1.94535e-16
 609 0 3.28415e-15 1.9429e-16
 610 0 3.27876e-15 1.94046e-16
 611 8.77213e-15 3.28776e-15 1.93937e-16
 612 8.77213e-15 3.29672e-15 1.93827e-16
 613 8.77213e-15 3.30565e-15 1.93717e-16
 614 8.77213e-15 3.31455e-15 1.93606e-16
 615 8.77213e-15 3.32343e-15 1.93494e-16
 616 0 3.31803e-15 1.93255e-16
 617 0 3.31265e-15 1.93017e-16
 618 8.77213e-15 3.32149e-15 1.92906e-16
 619 8.77213e-15 3.33029e-15 1.92796e-16
 620 8.77213e-15 3.33907e-15 1.92684e-16
 621 8.77213e-15 3.34782e-15 1.92573e-16
 622 8.77213e-15 3.35654e-15 1.92461e-16
 623 8.77213e-15 3.36523e-15 1.92348e-16
 624 0 3.35984e-15 1.92115e-16
 625 8.77213e-15 3.3685e-15 1.92003e-16
 626 8.77213e-15 3.37713e-15 1.9189e-16
 627 8.77213e-15 3.38574e-15 1.91777e-16
 628 8.77213e-15 3.39431e-15 1.91663e-16
 629 -4.38607e-15 3.38194e-15 1.91758e-16
 630 -4.38607e-15 3.36961e-15 1.9185e-16
 631 8.77213e-15 3.37817e-15 1.91737e-16
 632 0 3.37283e-15 1.91508e-16
 633 0 3.3675e-15 1.91279e-16
 634 0 3.36219e-15 1.91051e-16
 635 8.77213e-15 3.37071e-15 1.9094e-16
 636 8.77213e-15 3.3792e-15 1.90829e-16
 637 0 3.3739e-15 1.90603e-16
 638 0 3.36861e-15 1.90377e-16
 639 0 3.36334e-15 1.90152e-16
 640 0 3.35808e-15 1.89928e-16
 641 0 3.35284e-15 1.89703e-16
 642 0 3.34762e-15 1.8948e-16
 643 0 3.34241e-15 1.89256e-16
 644 8.77213e-15 3.35085e-15 1.8915e-16
 645 0 3.34565e-15 1.88928e-16
 646 0 3.34047e-15 1.88707e-16
 647 0 3.33531e-15 1.88486e-16
 648 0 3.33016e-15 1.88265e-16
 649 8.77213e-15 3.33855e-15 1.88161e-16
 650 0 3.33341e-15 1.87942e-16
 651 0 3.32829e-15 1.87723e-16
 652 0 3.32319e-15 1.87504e-16
 653 0 3.3181e-15 1.87286e-16
 654 0 3.31302e-15 1.87068e-16
 655 0 3.30796e-15 1.86851e-16
 656 0 3.30292e-15 1.86634e-16
 657 0 3.29789e-15 1.86417e-16
 658 8.77213e-15 3.30621e-15 1.8632e-16
 659 0 3.3012e-15 1.86104e-16
 660 0 3.2962e-15 1.8589e-16
 661 0 3.29121e-15 1.85675e-16
 662 8.77213e-15 3.29949e-15 1.85579e-16
 663 8.77213e-15 3.30774e-15 1.85483e-16
 664 8.77213e-15 3.31597e-15 1.85386e-16
 665 8.77213e-15 3.32418e-15 1.85289e-16
 666 0 3.31919e-15 1.85078e-16
 667 0 3.31421e-15 1.84867e-16
 668 0 3.30925e-15 1.84657e-16
 669 0 3.3043e-15 1.84447e-16
 670 0 3.29937e-15 1.84237e-16
 671 0 3.29445e-15 1.84028e-16
 672 0 3.28955e-15 1.8382e-16
 673 8.77213e-15 3.2977e-15 1.83727e-16
 674 0 3.2928e-15 1.83519e-16
 675 8.77213e-15 3.30092e-15 1.83427e-16
 676 8.77213e-15 3.30901e-15 1.83334e-16
 677 8.77213e-15 3.31708e-15 1.83241e-16
 678 8.77213e-15 3.32513e-15 1.83147e-16
 679 8.77213e-15 3.33315e-15 1.83053e-16
 680 8.77213e-15 3.34115e-15 1.82959e-16
 681 8.77213e-15 3.34913e-15 1.82864e-16
 682 8.77213e-15 3.35708e-15 1.82769e-16
 683 0 3.35216e-15 1.82567e-16
 684 0 3.34726e-15 1.82366e-16
 685 0 3.34237e-15 1.82165e-16
 686 0 3.3375e-15 1.81964e-16
 687 -4.38607e-15 3.32626e-15 1.82047e-16
 688 -4.38607e-15 3.31505e-15 1.82127e-16
 689 8.77213e-15 3.32297e-15 1.82035e-16
 690 8.77213e-15 3.33087e-15 1.81943e-16
 691 8.77213e-15 3.33874e-15 1.8185e-16
 692 8.77213e-15 3.34659e-15 1.81756e-16
 693 8.77213e-15 3.35442e-15 1.81663e-16
 694 8.77213e-15 3.36223e-15 1.81569e-16
 695 0 3.35739e-15 1.81372e-16
 696 0 3.35257e-15 1.81175e-16
 697 8.77213e-15 3.36034e-15 1.81082e-16
 698 8.77213e-15 3.3681e-15 1.80989e-16
 699 8.77213e-15 3.37583e-15 1.80895e-16
 700 0 3.37101e-15 1.80701e-16
 701 0 3.3662e-15 1.80507e-16
 702 8.77213e-15 3.3739e-15 1.80414e-16
 703 8.77213e-15 3.38158e-15 1.80321e-16
 704 8.77213e-15 3.38923e-15 1.80227e-16
 705 0 3.38443e-15 1.80035e-16
 706 8.77213e-15 3.39206e-15 1.79942e-16
 707 8.77213e-15 3.39967e-15 1.79848e-16
 708 -4.38607e-15 3.38867e-15 1.79931e-16
 709 0 3.38389e-15 1.7974e-16
 710 0 3.37912e-15 1.7955e-16
 711 0 3.37437e-15 1.7936e-16
 712 0 3.36963e-15 1.79171e-16
 713 8.77213e-15 3.37721e-15 1.7908e-16
 714 8.77213e-15 3.38477e-15 1.78988e-16
 715 8.77213e-15 3.3923e-15 1.78897e-16
 716 8.77213e-15 3.39981e-15 1.78805e-16
 717 8.77213e-15 3.40731e-15 1.78712e-16
 718 0 3.40256e-15 1.78526e-16
 719 -4.38607e-15 3.39173e-15 1.78607e-16
 720 0 3.38702e-15 1.78421e-16
 721 0 3.38232e-15 1.78235e-16
 722 0 3.37764e-15 1.78049e-16
 723 8.77213e-15 3.3851e-15 1.77959e-16
 724 8.77213e-15 3.39254e-15 1.77869e-16
 725 8.77213e-15 3.39996e-15 1.77779e-16
 726 -4.38607e-15 3.38923e-15 1.77857e-16
 727 0 3.38457e-15 1.77674e-16
 728 8.77213e-15 3.39197e-15 1.77584e-16
 729 8.77213e-15 3.39935e-15 1.77493e-16
 730 8.77213e-15 3.40671e-15 1.77403e-16
 731 8.77213e-15 3.41405e-15 1.77312e-16
 732 0 3.40939e-15 1.77131e-16
 733 8.77213e-15 3.4167e-15 1.7704e-16
 734 8.77213e-15 3.424e-15 1.76949e-16
 735 8.77213e-15 3.43128e-15 1.76858e-16
 736 8.77213e-15 3.43853e-15 1.76767e-16
 737 8.77213e-15 3.44577e-15 1.76675e-16
 738 8.77213e-15 3.45299e-15 1.76583e-16
 739 8.77213e-15 3.46018e-15 1.76491e-16
 740 0 3.45551e-15 1.76314e-16
 741 0 3.45085e-15 1.76138e-16
 742 0 3.44619e-15 1.75962e-16
 743 8.77213e-15 3.45336e-15 1.75871e-16
 744 8.77213e-15 3.46051e-15 1.7578e-16
 745 8.77213e-15 3.46764e-15 1.75688e-16
 746 8.77213e-15 3.47475e-15 1.75597e-16
 747 8.77213e-15 3.48184e-15 1.75505e-16
 748 0 3.47719e-15 1.75332e-16
 749 8.77213e-15 3.48426e-15 1.7524e-16
 750 0 3.47961e-15 1.75068e-16
 751 0 3.47498e-15 1.74896e-16
 752 8.77213e-15 3.48202e-15 1.74805e-16
 753 0 3.4774e-15 1.74634e-16
 754 0 3.47279e-15 1.74464e-16
 755 8.77213e-15 3.47981e-15 1.74374e-16
 756 8.77213e-15 3.48681e-15 1.74284e-16
 757 8.77213e-15 3.49379e-15 1.74193e-16
 758 8.77213e-15 3.50075e-15 1.74103e-16
 759 8.77213e-15 3.5077e-15 1.74012e-16
 760 8.77213e-15 3.51462e-15 1.73921e-16
 761 0 3.51001e-15 1.73753e-16
 762 8.77213e-15 3.51691e-15 1.73662e-16
 763 8.77213e-15 3.5238e-15 1.73571e-16
 764 0 3.51919e-15 1.73405e-16
 765 0 3.51459e-15 1.7324e-16
 766 0 3.51e-15 1.73074e-16
 767 0 3.50542e-15 1.72909e-16
 768 0 3.50086e-15 1.72744e-16
 769 0 3.49631e-15 1.72579e-16
 770 -4.38607e-15 3.48607e-15 1.72659e-16
 771 0 3.48155e-15 1.72494e-16
 772 -4.38607e-15 3.47136e-15 1.72571e-16
 773 8.77213e-15 3.47821e-15 1.72484e-16
 774 8.77213e-15 3.48505e-15 1.72397e-16
 775 0 3.48056e-15 1.72233e-16
 776 0 3.47607e-15 1.7207e-16
 777 8.77213e-15 3.48289e-15 1.71983e-16
 778 8.77213e-15 3.48969e-15 1.71897e-16
 779 8.77213e-15 3.49647e-15 1.7181e-16
 780 0 3.49198e-15 1.71648e-16
 781 8.77213e-15 3.49874e-15 1.71561e-16
 782 8.77213e-15 3.50549e-15 1.71474e-16
 783 8.77213e-15 3.51221e-15 1.71387e-16
 784 8.77213e-15 3.51892e-15 1.713e-16
 785 0 3.51444e-15 1.7114e-16
 786 8.77213e-15 3.52113e-15 1.71053e-16
 787 0 3.51666e-15 1.70894e-16
 788 8.77213e-15 3.52332e-15 1.70807e-16
 789 8.77213e-15 3.52998e-15 1.7072e-16
 790 0 3.52551e-15 1.70563e-16
 791 -4.38607e-15 3.51551e-15 1.7064e-16
 792 0 3.51107e-15 1.70483e-16
 793 0 3.50664e-15 1.70325e-16
 794 -4.38607e-15 3.4967e-15 1.70401e-16
 795 -4.38607e-15 3.48678e-15 1.70475e-16
 796 0 3.4824e-15 1.70317e-16
 797 0 3.47803e-15 1.70159e-16
 798 0 3.47368e-15 1.70002e-16
 799 0 3.46933e-15 1.69844e-16
 800 0 3.46499e-15 1.69687e-16
 801 -4.38607e-15 3.45519e-15 1.69758e-16
 802 -4.38607e-15 3.44541e-15 1.69828e-16
 803 0 3.44112e-15 1.69671e-16
 804 0 3.43684e-15 1.69514e-16
 805 0 3.43257e-15 1.69357e-16
 806 8.77213e-15 3.4392e-15 1.69276e-16
 807 0 3.43494e-15 1.6912e-16
 808 0 3.43069e-15 1.68964e-16
 809 -4.38607e-15 3.42102e-15 1.69032e-16
 810 0 3.4168e-15 1.68876e-16
 811 0 3.41259e-15 1.6872e-16
 812 8.77213e-15 3.41919e-15 1.68641e-16
 813 8.77213e-15 3.42577e-15 1.68562e-16
 814 8.77213e-15 3.43234e-15 1.68483e-16
 815 8.77213e-15 3.43889e-15 1.68404e-16
 816 0 3.43468e-15 1.6825e-16
 817 0 3.43047e-15 1.68097e-16
 818 -4.38607e-15 3.42092e-15 1.68163e-16
 819 0 3.41674e-15 1.68009e-16
 820 0 3.41257e-15 1.67856e-16
 821 0 3.40842e-15 1.67703e-16
 822 0 3.40427e-15 1.6755e-16
 823 -4.38607e-15 3.3948e-15 1.67614e-16
 824 0 3.39068e-15 1.67461e-16
 825 8.77213e-15 3.39721e-15 1.67385e-16
 826 0 3.39309e-15 1.67233e-16
 827 0 3.38899e-15 1.67081e-16
 828 8.77213e-15 3.39549e-15 1.67006e-16
 829 0 3.3914e-15 1.66854e-16
 830 0 3.38731e-15 1.66703e-16
 831 8.77213e-15 3.39379e-15 1.66629e-16
 832 0 3.38971e-15 1.66478e-16
 833 8.77213e-15 3.39617e-15 1.66404e-16
 834 8.77213e-15 3.40262e-15 1.66329e-16
 835 8.77213e-15 3.40905e-15 1.66254e-16
 836 8.77213e-15 3.41547e-15 1.66179e-16
 837 0 3.41138e-15 1.6603e-16
 838 0 3.40731e-15 1.65882e-16
 839 0 3.40325e-15 1.65734e-16
 840 -4.38607e-15 3.39398e-15 1.65796e-16
 841 0 3.38994e-15 1.65648e-16
 842 8.77213e-15 3.39634e-15 1.65575e-16
 843 8.77213e-15 3.40271e-15 1.65501e-16
 844 0 3.39868e-15 1.65354e-16
 845 0 3.39466e-15 1.65207e-16
 846 8.77213e-15 3.40102e-15 1.65134e-16
 847 8.77213e-15 3.40736e-15 1.65061e-16
 848 8.77213e-15 3.41368e-15 1.64987e-16
 849 0 3.40966e-15 1.64842e-16
 850 0 3.40565e-15 1.64697e-16
 851 0 3.40165e-15 1.64552e-16
 852 0 3.39766e-15 1.64407e-16
 853 0 3.39367e-15 1.64263e-16
 854 8.77213e-15 3.39997e-15 1.64191e-16
 855 0 3.396e-15 1.64047e-16
 856 0 3.39203e-15 1.63903e-16
 857 0 3.38807e-15 1.6376e-16
 858 0 3.38412e-15 1.63616e-16
 859 0 3.38018e-15 1.63473e-16
 860 -4.38607e-15 3.37115e-15 1.63533e-16
 861 0 3.36724e-15 1.6339e-16
 862 0 3.36333e-15 1.63247e-16
 863 0 3.35943e-15 1.63104e-16
 864 0 3.35554e-15 1.62961e-16
 865 8.77213e-15 3.36181e-15 1.62893e-16
 866 8.77213e-15 3.36805e-15 1.62825e-16
 867 8.77213e-15 3.37429e-15 1.62757e-16
 868 8.77213e-15 3.3805e-15 1.62688e-16
 869 8.77213e-15 3.38671e-15 1.62619e-16
 870 8.77213e-15 3.3929e-15 1.6255e-16
 871 0 3.389e-15 1.6241e-16
 872 8.77213e-15 3.39518e-15 1.62341e-16
 873 0 3.39129e-15 1.62201e-16
 874 8.77213e-15 3.39744e-15 1.62133e-16
 875 8.77213e-15 3.40359e-15 1.62064e-16
 876 8.77213e-15 3.40972e-15 1.61995e-16
 877 8.77213e-15 3.41583e-15 1.61925e-16
 878 0 3.41194e-15 1.61787e-16
 879 0 3.40806e-15 1.6165e-16
 880 8.77213e-15 3.41415e-15 1.61581e-16
 881 0 3.41028e-15 1.61444e-16
 882 8.77213e-15 3.41636e-15 1.61376e-16
 883 8.77213e-15 3.42242e-15 1.61307e-16
 884 8.77213e-15 3.42847e-15 1.61238e-16
 885 8.77213e-15 3.43451e-15 1.61169e-16
 886 8.77213e-15 3.44054e-15 1.61099e-16
 887 8.77213e-15 3.44655e-15 1.6103e-16
 888 8.77213e-15 3.45255e-15 1.6096e-16
 889 8.77213e-15 3.45853e-15 1.6089e-16
 890 8.77213e-15 3.4645e-15 1.6082e-16
 891 0 3.46061e-15 1.60687e-16
 892 0 3.45673e-15 1.60553e-16
 893 0 3.45286e-15 1.6042e-16
 894 8.77213e-15 3.45881e-15 1.60351e-16
 895 0 3.45495e-15 1.60218e-16
 896 0 3.45109e-15 1.60086e-16
 897 0 3.44724e-15 1.59954e-16
 898 -4.38607e-15 3.43852e-15 1.60013e-16
 899 0 3.43469e-15 1.59881e-16
 900 -4.38607e-15 3.42601e-15 1.5994e-16
 901 0 3.4222e-15 1.59807e-16
 902 0 3.41841e-15 1.59675e-16
 903 -4.38607e-15 3.40977e-15 1.59732e-16
 904 -4.38607e-15 3.40114e-15 1.59788e-16
 905 -4.38607e-15 3.39254e-15 1.59843e-16
 906 -4.38607e-15 3.38395e-15 1.59897e-16
 907 -4.38607e-15 3.37539e-15 1.59951e-16
 908 8.77213e-15 3.38133e-15 1.59885e-16
 909 8.77213e-15 3.38726e-15 1.59819e-16
 910 8.77213e-15 3.39318e-15 1.59753e-16
 911 8.77213e-15 3.39908e-15 1.59687e-16
 912 8.77213e-15 3.40497e-15 1.5962e-16
 913 8.77213e-15 3.41085e-15 1.59554e-16
 914 8.77213e-15 3.41672e-15 1.59487e-16
 915 0 3.41298e-15 1.59356e-16
 916 8.77213e-15 3.41883e-15 1.5929e-16
 917 0 3.41511e-15 1.59159e-16
 918 0 3.41138e-15 1.59029e-16
 919 8.77213e-15 3.41722e-15 1.58963e-16
 920 8.77213e-15 3.42304e-15 1.58897e-16
 921 0 3.41932e-15 1.58768e-16
 922 8.77213e-15 3.42513e-15 1.58702e-16
 923 8.77213e-15 3.43092e-15 1.58636e-16
 924 8.77213e-15 3.4367e-15 1.58569e-16
 925 0 3.43299e-15 1.58441e-16
 926 0 3.42928e-15 1.58314e-16
 927 0 3.42558e-15 1.58186e-16
 928 0 3.42189e-15 1.58059e-16
 929 8.77213e-15 3.42765e-15 1.57993e-16
 930 0 3.42396e-15 1.57866e-16
 931 8.77213e-15 3.42971e-15 1.57801e-16
 932 8.77213e-15 3.43544e-15 1.57736e-16
 933 0 3.43176e-15 1.5761e-16
 934 8.77213e-15 3.43747e-15 1.57545e-16
 935 -4.38607e-15 3.42911e-15 1.57599e-16
 936 0 3.42544e-15 1.57473e-16
 937 -4.38607e-15 3.41711e-15 1.57525e-16
 938 0 3.41346e-15 1.574e-16
 939 0 3.40983e-15 1.57274e-16
 940 0 3.4062e-15 1.57148e-16
 941 0 3.40258e-15 1.57023e-16
 942 0 3.39897e-15 1.56898e-16
 943 8.77213e-15 3.40467e-15 1.56835e-16
 944 8.77213e-15 3.41035e-15 1.56772e-16
 945 0 3.40674e-15 1.56647e-16
 946 8.77213e-15 3.41242e-15 1.56584e-16
 947 0 3.40881e-15 1.5646e-16
 948 0 3.40522e-15 1.56337e-16
 949 0 3.40163e-15 1.56213e-16
 950 0 3.39805e-15 1.5609e-16
 951 0 3.39447e-15 1.55966e-16
 952 0 3.39091e-15 1.55843e-16
 953 0 3.38735e-15 1.5572e-16
 954 -4.38607e-15 3.3792e-15 1.5577e-16
 955 -4.38607e-15 3.37107e-15 1.55819e-16
 956 -4.38607e-15 3.36296e-15 1.55868e-16
 957 -4.38607e-15 3.35486e-15 1.55915e-16
 958 8.77213e-15 3.36051e-15 1.55855e-16
 959 0 3.35701e-15 1.55732e-16
 960 0 3.35351e-15 1.55609e-16
 961 8.77213e-15 3.35915e-15 1.55549e-16
 962 0 3.35566e-15 1.55426e-16
 963 0 3.35218e-15 1.55304e-16
 964 0 3.3487e-15 1.55182e-16
 965 -4.38607e-15 3.34068e-15 1.55228e-16
 966 -4.38607e-15 3.33268e-15 1.55273e-16
 967 -4.38607e-15 3.3247e-15 1.55318e-16
 968 0 3.32127e-15 1.55195e-16
 969 0 3.31784e-15 1.55073e-16
 970 8.77213e-15 3.32346e-15 1.55015e-16
 971 0 3.32004e-15 1.54893e-16
 972 0 3.31662e-15 1.54771e-16
 973 0 3.31322e-15 1.5465e-16
 974 0 3.30981e-15 1.54528e-16
 975 0 3.30642e-15 1.54407e-16
 976 0 3.30303e-15 1.54286e-16
 977 0 3.29965e-15 1.54165e-16
 978 8.77213e-15 3.30525e-15 1.54109e-16
 979 0 3.30187e-15 1.53989e-16
 980 0 3.2985e-15 1.53868e-16
 981 0 3.29514e-15 1.53748e-16
 982 8.77213e-15 3.30072e-15 1.53693e-16
 983 8.77213e-15 3.30628e-15 1.53637e-16
 984 8.77213e-15 3.31184e-15 1.53581e-16
 985 0 3.30847e-15 1.53462e-16
 986 0 3.30512e-15 1.53343e-16
 987 8.77213e-15 3.31066e-15 1.53288e-16
 988 8.77213e-15 3.31619e-15 1.53232e-16
 989 8.77213e-15 3.3217e-15 1.53177e-16
 990 8.77213e-15 3.32721e-15 1.53121e-16
 991 0 3.32385e-15 1.53003e-16
 992 -4.38607e-15 3.31608e-15 1.53046e-16
 993 0 3.31274e-15 1.52929e-16
 994 8.77213e-15 3.31823e-15 1.52873e-16
 995 0 3.3149e-15 1.52756e-16
 996 0 3.31157e-15 1.52639e-16
 997 0 3.30825e-15 1.52522e-16
 998 0 3.30493e-15 1.52405e-16
 999 0 3.30162e-15 1.52288e-16
 1000 8.77213e-15 3.30709e-15 1.52234e-16
 1001 0 3.30379e-15 1.52118e-16
 1002 0 3.30049e-15 1.52002e-16
 1003 0 3.2972e-15 1.51886e-16
 1004 0 3.29392e-15 1.5177e-16
 1005 0 3.29064e-15 1.51654e-16
 1006 8.77213e-15 3.29609e-15 1.51602e-16
 1007 8.77213e-15 3.30153e-15 1.51549e-16
 1008 8.77213e-15 3.30695e-15 1.51495e-16
 1009 8.77213e-15 3.31237e-15 1.51442e-16
 1010 8.77213e-15 3.31778e-15 1.51389e-16
 1011 8.77213e-15 3.32317e-15 1.51335e-16
 1012 8.77213e-15 3.32856e-15 1.51281e-16
 1013 0 3.32527e-15 1.51168e-16
 1014 8.77213e-15 3.33064e-15 1.51114e-16
 1015 8.77213e-15 3.336e-15 1.5106e-16
 1016 0 3.33272e-15 1.50947e-16
 1017 0 3.32944e-15 1.50834e-16
 1018 0 3.32617e-15 1.50721e-16
 1019 8.77213e-15 3.33152e-15 1.50668e-16
 1020 8.77213e-15 3.33685e-15 1.50615e-16
 1021 8.77213e-15 3.34217e-15 1.50561e-16
 1022 8.77213e-15 3.34749e-15 1.50508e-16
 1023 8.77213e-15 3.35279e-15 1.50454e-16
 1024 8.77213e-15 3.35808e-15 1.504e-16
 1025 8.77213e-15 3.36336e-15 1.50346e-16
 1026 0 3.36009e-15 1.50235e-16
 1027 0 3.35681e-15 1.50125e-16
 1028 8.77213e-15 3.36208e-15 1.50071e-16
 1029 0 3.35881e-15 1.49961e-16
 1030 0 3.35555e-15 1.49851e-16
 1031 0 3.3523e-15 1.49741e-16
 1032 0 3.34905e-15 1.49631e-16
 1033 0 3.34581e-15 1.49521e-16
 1034 -4.38607e-15 3.33833e-15 1.49563e-16
 1035 0 3.33511e-15 1.49454e-16
 1036 0 3.33189e-15 1.49344e-16
 1037 0 3.32867e-15 1.49234e-16
 1038 0 3.32547e-15 1.49125e-16
 1039 0 3.32227e-15 1.49016e-16
 1040 8.77213e-15 3.32751e-15 1.48965e-16
 1041 0 3.32431e-15 1.48856e-16
 1042 0 3.32112e-15 1.48747e-16
 1043 0 3.31794e-15 1.48639e-16
 1044 0 3.31476e-15 1.4853e-16
 1045 0 3.31158e-15 1.48422e-16
 1046 0 3.30842e-15 1.48314e-16
 1047 0 3.30526e-15 1.48206e-16
 1048 0 3.30211e-15 1.48098e-16
 1049 0 3.29896e-15 1.4799e-16
 1050 8.77213e-15 3.30417e-15 1.47941e-16
 1051 8.77213e-15 3.30937e-15 1.47892e-16
 1052 8.77213e-15 3.31457e-15 1.47842e-16
 1053 8.77213e-15 3.31975e-15 1.47793e-16
 1054 0 3.3166e-15 1.47686e-16
 1055 0 3.31345e-15 1.47579e-16
 1056 8.77213e-15 3.31862e-15 1.4753e-16
 1057 8.77213e-15 3.32378e-15 1.47481e-16
 1058 8.77213e-15 3.32893e-15 1.47431e-16
 1059 0 3.32579e-15 1.47325e-16
 1060 0 3.32265e-15 1.4722e-16
 1061 0 3.31952e-15 1.47114e-16
 1062 8.77213e-15 3.32465e-15 1.47065e-16
 1063 0 3.32153e-15 1.4696e-16
 1064 -4.38607e-15 3.31428e-15 1.47001e-16
 1065 -4.38607e-15 3.30705e-15 1.4704e-16
 1066 -4.38607e-15 3.29984e-15 1.4708e-16
 1067 -4.38607e-15 3.29263e-15 1.47118e-16
 1068 -4.38607e-15 3.28544e-15 1.47156e-16
 1069 8.77213e-15 3.29058e-15 1.47108e-16
 1070 8.77213e-15 3.2957e-15 1.4706e-16
 1071 8.77213e-15 3.30081e-15 1.47011e-16
 1072 8.77213e-15 3.30592e-15 1.46963e-16
 1073 0 3.30283e-15 1.46858e-16
 1074 0 3.29976e-15 1.46753e-16
 1075 0 3.29669e-15 1.46649e-16
 1076 0 3.29363e-15 1.46545e-16
 1077 8.77213e-15 3.29871e-15 1.46497e-16
 1078 0 3.29565e-15 1.46393e-16
 1079 0 3.2926e-15 1.46289e-16
 1080 0 3.28955e-15 1.46185e-16
 1081 8.77213e-15 3.29462e-15 1.46138e-16
 1082 8.77213e-15 3.29968e-15 1.46091e-16
 1083 0 3.29664e-15 1.45987e-16
 1084 0 3.2936e-15 1.45884e-16
 1085 0 3.29056e-15 1.45782e-16
 1086 -4.38607e-15 3.28349e-15 1.45819e-16
 1087 0 3.28047e-15 1.45716e-16
 1088 8.77213e-15 3.28552e-15 1.45669e-16
 1089 8.77213e-15 3.29056e-15 1.45623e-16
 1090 0 3.28754e-15 1.4552e-16
 1091 0 3.28452e-15 1.45418e-16
 1092 8.77213e-15 3.28955e-15 1.45372e-16
 1093 0 3.28654e-15 1.4527e-16
 1094 0 3.28354e-15 1.45168e-16
 1095 0 3.28054e-15 1.45066e-16
 1096 8.77213e-15 3.28555e-15 1.45021e-16
 1097 8.77213e-15 3.29055e-15 1.44975e-16
 1098 8.77213e-15 3.29554e-15 1.44929e-16
 1099 0 3.29254e-15 1.44828e-16
 1100 0 3.28955e-15 1.44727e-16
 1101 8.77213e-15 3.29453e-15 1.44681e-16
 1102 8.77213e-15 3.2995e-15 1.44635e-16
 1103 0 3.29651e-15 1.44535e-16
 1104 -4.38607e-15 3.28955e-15 1.44572e-16
 1105 0 3.28657e-15 1.44471e-16
 1106 0 3.2836e-15 1.44371e-16
 1107 0 3.28063e-15 1.44271e-16
 1108 0 3.27767e-15 1.44171e-16
 1109 8.77213e-15 3.28263e-15 1.44127e-16
 1110 8.77213e-15 3.28757e-15 1.44082e-16
 1111 8.77213e-15 3.29251e-15 1.44036e-16
 1112 8.77213e-15 3.29744e-15 1.43991e-16
 1113 0 3.29448e-15 1.43892e-16
 1114 -4.38607e-15 3.28758e-15 1.43928e-16
 1115 0 3.28463e-15 1.43829e-16
 1116 0 3.28169e-15 1.4373e-16
 1117 -2.19303e-15 3.27679e-15 1.43685e-16
 1118 0 3.27386e-15 1.43587e-16
 1119 0 3.27093e-15 1.43488e-16
 1120 -4.38607e-15 3.26409e-15 1.43523e-16
 1121 0 3.26118e-15 1.43424e-16
 1122 0 3.25828e-15 1.43326e-16
 1123 8.77213e-15 3.26319e-15 1.43282e-16
 1124 0 3.26028e-15 1.43184e-16
 1125 0 3.25739e-15 1.43086e-16
 1126 8.77213e-15 3.26228e-15 1.43043e-16
 1127 8.77213e-15 3.26717e-15 1.43e-16
 1128 0 3.26428e-15 1.42902e-16
 1129 8.77213e-15 3.26915e-15 1.42859e-16
 1130 8.77213e-15 3.27402e-15 1.42816e-16
 1131 8.77213e-15 3.27889e-15 1.42772e-16
 1132 0 3.27599e-15 1.42675e-16
 1133 -4.38607e-15 3.26923e-15 1.4271e-16
 1134 0 3.26634e-15 1.42613e-16
 1135 0 3.26347e-15 1.42516e-16
 1136 0 3.26059e-15 1.4242e-16
 1137 0 3.25772e-15 1.42323e-16
 1138 8.77213e-15 3.26257e-15 1.42281e-16
 1139 0 3.25971e-15 1.42184e-16
 1140 0 3.25685e-15 1.42088e-16
 1141 0 3.25399e-15 1.41993e-16
 1142 0 3.25114e-15 1.41897e-16
 1143 8.77213e-15 3.25597e-15 1.41855e-16
 1144 8.77213e-15 3.26079e-15 1.41813e-16
 1145 8.77213e-15 3.26561e-15 1.41771e-16
 1146 0 3.26276e-15 1.41676e-16
 1147 0 3.25991e-15 1.41581e-16
 1148 -4.38607e-15 3.25325e-15 1.41614e-16
 1149 0 3.25042e-15 1.41519e-16
 1150 -4.38607e-15 3.24378e-15 1.41552e-16
 1151 -4.38607e-15 3.23715e-15 1.41584e-16
 1152 0 3.23434e-15 1.41489e-16
 1153 0 3.23154e-15 1.41394e-16
 1154 0 3.22874e-15 1.41299e-16
 1155 -4.38607e-15 3.22214e-15 1.41331e-16
 1156 0 3.21936e-15 1.41236e-16
 1157 0 3.21657e-15 1.41141e-16
 1158 0 3.2138e-15 1.41046e-16
 1159 0 3.21102e-15 1.40952e-16
 1160 0 3.20826e-15 1.40858e-16
 1161 0 3.20549e-15 1.40763e-16
 1162 0 3.20273e-15 1.40669e-16
 1163 0 3.19998e-15 1.40575e-16
 1164 8.77213e-15 3.20477e-15 1.40536e-16
 1165 0 3.20202e-15 1.40442e-16
 1166 -4.38607e-15 3.19551e-15 1.40473e-16
 1167 0 3.19277e-15 1.40379e-16
 1168 -4.38607e-15 3.18628e-15 1.40409e-16
 1169 -4.38607e-15 3.1798e-15 1.40438e-16
 1170 0 3.17709e-15 1.40344e-16
 1171 8.77213e-15 3.18186e-15 1.40306e-16
 1172 8.77213e-15 3.18663e-15 1.40267e-16
 1173 8.77213e-15 3.1914e-15 1.40228e-16
 1174 8.77213e-15 3.19615e-15 1.40189e-16
 1175 8.77213e-15 3.2009e-15 1.4015e-16
 1176 8.77213e-15 3.20563e-15 1.40111e-16
 1177 8.77213e-15 3.21036e-15 1.40072e-16
 1178 8.77213e-15 3.21508e-15 1.40033e-16
 1179 8.77213e-15 3.2198e-15 1.39993e-16
 1180 8.77213e-15 3.2245e-15 1.39954e-16
 1181 0 3.22177e-15 1.39862e-16
 1182 8.77213e-15 3.22647e-15 1.39822e-16
 1183 0 3.22374e-15 1.39731e-16
 1184 -4.38607e-15 3.21731e-15 1.3976e-16
 1185 0 3.2146e-15 1.39669e-16
 1186 -4.38607e-15 3.20819e-15 1.39698e-16
 1187 0 3.20549e-15 1.39606e-16
 1188 0 3.20279e-15 1.39515e-16
 1189 0 3.20009e-15 1.39424e-16
 1190 0 3.19741e-15 1.39332e-16
 1191 0 3.19472e-15 1.39241e-16
 1192 0 3.19204e-15 1.3915e-16
 1193 0 3.18937e-15 1.39059e-16
 1194 0 3.18669e-15 1.38968e-16
 1195 0 3.18403e-15 1.38878e-16
 1196 8.77213e-15 3.1887e-15 1.3884e-16
 1197 8.77213e-15 3.19336e-15 1.38802e-16
 1198 0 3.1907e-15 1.38712e-16
 1199 0 3.18804e-15 1.38622e-16
 1200 -4.38607e-15 3.18173e-15 1.3865e-16
 1201 0 3.17908e-15 1.3856e-16
 1202 8.77213e-15 3.18373e-15 1.38523e-16
 1203 0 3.18108e-15 1.38433e-16
 1204 8.77213e-15 3.18573e-15 1.38396e-16
 1205 0 3.18308e-15 1.38306e-16
 1206 8.77213e-15 3.18772e-15 1.38269e-16
 1207 8.77213e-15 3.19234e-15 1.38232e-16
 1208 -4.38607e-15 3.18607e-15 1.3826e-16
 1209 -4.38607e-15 3.17981e-15 1.38287e-16
 1210 8.77213e-15 3.18443e-15 1.3825e-16
 1211 8.77213e-15 3.18904e-15 1.38213e-16
 1212 0 3.18641e-15 1.38124e-16
 1213 8.77213e-15 3.19102e-15 1.38087e-16
 1214 8.77213e-15 3.19561e-15 1.3805e-16
 1215 8.77213e-15 3.2002e-15 1.38013e-16
 1216 8.77213e-15 3.20479e-15 1.37975e-16
 1217 8.77213e-15 3.20936e-15 1.37938e-16
 1218 8.77213e-15 3.21393e-15 1.379e-16
 1219 8.77213e-15 3.21849e-15 1.37862e-16
 1220 8.77213e-15 3.22304e-15 1.37824e-16
 1221 8.77213e-15 3.22758e-15 1.37786e-16
 1222 0 3.22494e-15 1.37699e-16
 1223 0 3.22231e-15 1.37612e-16
 1224 0 3.21967e-15 1.37524e-16
 1225 0 3.21705e-15 1.37437e-16
 1226 0 3.21442e-15 1.3735e-16
 1227 8.77213e-15 3.21895e-15 1.37313e-16
 1228 8.77213e-15 3.22347e-15 1.37275e-16
 1229 8.77213e-15 3.22799e-15 1.37238e-16
 1230 8.77213e-15 3.2325e-15 1.372e-16
 1231 0 3.22987e-15 1.37114e-16
 1232 8.77213e-15 3.23437e-15 1.37077e-16
 1233 8.77213e-15 3.23886e-15 1.37039e-16
 1234 8.77213e-15 3.24334e-15 1.37001e-16
 1235 8.77213e-15 3.24782e-15 1.36963e-16
 1236 8.77213e-15 3.25229e-15 1.36926e-16
 1237 0 3.24966e-15 1.3684e-16
 1238 0 3.24704e-15 1.36755e-16
 1239 8.77213e-15 3.25149e-15 1.36717e-16
 1240 0 3.24887e-15 1.36632e-16
 1241 8.77213e-15 3.25332e-15 1.36594e-16
 1242 0 3.2507e-15 1.36509e-16
 1243 0 3.24809e-15 1.36425e-16
 1244 0 3.24548e-15 1.3634e-16
 1245 0 3.24287e-15 1.36255e-16
 1246 8.77213e-15 3.24731e-15 1.36218e-16
 1247 8.77213e-15 3.25174e-15 1.36181e-16
 1248 8.77213e-15 3.25616e-15 1.36144e-16
 1249 0 3.25356e-15 1.3606e-16
 1250 8.77213e-15 3.25797e-15 1.36022e-16
 1251 8.77213e-15 3.26238e-15 1.35985e-16
 1252 -4.38607e-15 3.25627e-15 1.36014e-16
 1253 -4.38607e-15 3.25017e-15 1.36042e-16
 1254 0 3.24758e-15 1.35958e-16
 1255 0 3.24499e-15 1.35874e-16
 1256 0 3.24241e-15 1.35791e-16
 1257 0 3.23983e-15 1.35707e-16
 1258 0 3.23725e-15 1.35624e-16
 1259 8.77213e-15 3.24165e-15 1.35587e-16
 1260 -4.38607e-15 3.23559e-15 1.35615e-16
 1261 8.77213e-15 3.23998e-15 1.35578e-16
 1262 8.77213e-15 3.24437e-15 1.35542e-16
 1263 8.77213e-15 3.24875e-15 1.35505e-16
 1264 8.77213e-15 3.25311e-15 1.35468e-16
 1265 8.77213e-15 3.25748e-15 1.35431e-16
 1266 8.77213e-15 3.26183e-15 1.35394e-16
 1267 8.77213e-15 3.26618e-15 1.35357e-16
 1268 8.77213e-15 3.27052e-15 1.3532e-16
 1269 8.77213e-15 3.27486e-15 1.35283e-16
 1270 8.77213e-15 3.27919e-15 1.35246e-16
 1271 8.77213e-15 3.28351e-15 1.35209e-16
 1272 0 3.28093e-15 1.35127e-16
 1273 0 3.27835e-15 1.35045e-16
 1274 0 3.27578e-15 1.34964e-16
 1275 8.77213e-15 3.28009e-15 1.34927e-16
 1276 8.77213e-15 3.28439e-15 1.3489e-16
 1277 0 3.28182e-15 1.34808e-16
 1278 0 3.27925e-15 1.34727e-16
 1279 -4.38607e-15 3.27326e-15 1.34755e-16
 1280 0 3.2707e-15 1.34674e-16
 1281 -4.38607e-15 3.26473e-15 1.34702e-16
 1282 -4.38607e-15 3.25876e-15 1.34729e-16
 1283 0 3.25622e-15 1.34648e-16
 1284 0 3.25368e-15 1.34567e-16
 1285 8.77213e-15 3.25798e-15 1.34531e-16
 1286 8.77213e-15 3.26226e-15 1.34494e-16
 1287 0 3.25973e-15 1.34414e-16
 1288 8.77213e-15 3.26401e-15 1.34378e-16
 1289 8.77213e-15 3.26828e-15 1.34341e-16
 1290 8.77213e-15 3.27255e-15 1.34305e-16
 1291 8.77213e-15 3.27681e-15 1.34268e-16
 1292 8.77213e-15 3.28106e-15 1.34232e-16
 1293 0 3.27853e-15 1.34152e-16
 1294 8.77213e-15 3.28277e-15 1.34115e-16
 1295 8.77213e-15 3.28701e-15 1.34079e-16
 1296 8.77213e-15 3.29124e-15 1.34042e-16
 1297 8.77213e-15 3.29547e-15 1.34005e-16
 1298 8.77213e-15 3.29969e-15 1.33969e-16
 1299 0 3.29715e-15 1.3389e-16
 1300 8.77213e-15 3.30136e-15 1.33853e-16
 1301 8.77213e-15 3.30556e-15 1.33816e-16
 1302 8.77213e-15 3.30976e-15 1.33779e-16
 1303 8.77213e-15 3.31395e-15 1.33742e-16
 1304 8.77213e-15 3.31814e-15 1.33705e-16
 1305 8.77213e-15 3.32232e-15 1.33668e-16
 1306 8.77213e-15 3.32649e-15 1.33631e-16
 1307 8.77213e-15 3.33066e-15 1.33593e-16
 1308 0 3.32811e-15 1.33515e-16
 1309 8.77213e-15 3.33227e-15 1.33478e-16
 1310 8.77213e-15 3.33642e-15 1.33441e-16
 1311 8.77213e-15 3.34057e-15 1.33404e-16
 1312 8.77213e-15 3.34471e-15 1.33366e-16
 1313 8.77213e-15 3.34884e-15 1.33329e-16
 1314 8.77213e-15 3.35297e-15 1.33291e-16
 1315 0 3.35042e-15 1.33214e-16
 1316 0 3.34788e-15 1.33137e-16
 1317 0 3.34533e-15 1.3306e-16
 1318 0 3.34279e-15 1.32983e-16
 1319 0 3.34026e-15 1.32907e-16
 1320 0 3.33773e-15 1.3283e-16
 1321 0 3.3352e-15 1.32754e-16
 1322 0 3.33268e-15 1.32677e-16
 1323 0 3.33016e-15 1.32601e-16
 1324 0 3.32765e-15 1.32524e-16
 1325 8.77213e-15 3.33176e-15 1.32488e-16
 1326 8.77213e-15 3.33586e-15 1.32452e-16
 1327 -4.38607e-15 3.33004e-15 1.3248e-16
 1328 0 3.32753e-15 1.32404e-16
 1329 0 3.32503e-15 1.32328e-16
 1330 8.77213e-15 3.32912e-15 1.32292e-16
 1331 8.77213e-15 3.33321e-15 1.32255e-16
 1332 8.77213e-15 3.3373e-15 1.32219e-16
 1333 8.77213e-15 3.34137e-15 1.32183e-16
 1334 8.77213e-15 3.34544e-15 1.32146e-16
 1335 8.77213e-15 3.34951e-15 1.3211e-16
 1336 0 3.347e-15 1.32035e-16
 1337 8.77213e-15 3.35106e-15 1.31998e-16
 1338 0 3.34856e-15 1.31923e-16
 1339 0 3.34605e-15 1.31849e-16
 1340 0 3.34356e-15 1.31774e-16
 1341 0 3.34106e-15 1.31699e-16
 1342 0 3.33857e-15 1.31625e-16
 1343 0 3.33609e-15 1.3155e-16
 1344 8.77213e-15 3.34013e-15 1.31514e-16
 1345 8.77213e-15 3.34417e-15 1.31479e-16
 1346 0 3.34169e-15 1.31404e-16
 1347 -4.38607e-15 3.33595e-15 1.31432e-16
 1348 0 3.33348e-15 1.31358e-16
 1349 0 3.331e-15 1.31284e-16
 1350 0 3.32854e-15 1.31209e-16
 1351 0 3.32607e-15 1.31135e-16
 1352 8.77213e-15 3.3301e-15 1.311e-16
 1353 8.77213e-15 3.33412e-15 1.31065e-16
 1354 -4.38607e-15 3.32842e-15 1.31092e-16
 1355 0 3.32597e-15 1.31019e-16
 1356 0 3.32351e-15 1.30945e-16
 1357 8.77213e-15 3.32753e-15 1.3091e-16
 1358 0 3.32508e-15 1.30837e-16
 1359 0 3.32263e-15 1.30763e-16
 1360 0 3.32019e-15 1.3069e-16
 1361 0 3.31775e-15 1.30616e-16
 1362 8.77213e-15 3.32175e-15 1.30582e-16
 1363 8.77213e-15 3.32575e-15 1.30547e-16
 1364 8.77213e-15 3.32974e-15 1.30513e-16
 1365 8.77213e-15 3.33373e-15 1.30478e-16
 1366 8.77213e-15 3.33771e-15 1.30443e-16
 1367 0 3.33527e-15 1.30371e-16
 1368 0 3.33283e-15 1.30298e-16
 1369 0 3.3304e-15 1.30226e-16
 1370 0 3.32797e-15 1.30153e-16
 1371 0 3.32554e-15 1.30081e-16
 1372 0 3.32312e-15 1.30009e-16
 1373 0 3.3207e-15 1.29937e-16
 1374 8.77213e-15 3.32466e-15 1.29903e-16
 1375 0 3.32225e-15 1.29831e-16
 1376 8.77213e-15 3.32621e-15 1.29797e-16
 1377 8.77213e-15 3.33016e-15 1.29763e-16
 1378 8.77213e-15 3.33411e-15 1.29729e-16
 1379 0 3.33169e-15 1.29657e-16
 1380 0 3.32928e-15 1.29585e-16
 1381 0 3.32687e-15 1.29514e-16
 1382 0 3.32446e-15 1.29443e-16
 1383 0 3.32206e-15 1.29371e-16
 1384 0 3.31966e-15 1.293e-16
 1385 0 3.31726e-15 1.29229e-16
 1386 0 3.31487e-15 1.29158e-16
 1387 8.77213e-15 3.3188e-15 1.29125e-16
 1388 8.77213e-15 3.32273e-15 1.29091e-16
 1389 8.77213e-15 3.32665e-15 1.29058e-16
 1390 8.77213e-15 3.33057e-15 1.29025e-16
 1391 8.77213e-15 3.33448e-15 1.28991e-16
 1392 0 3.33209e-15 1.28921e-16
 1393 8.77213e-15 3.33599e-15 1.28887e-16
 1394 8.77213e-15 3.33989e-15 1.28854e-16
 1395 0 3.3375e-15 1.28784e-16
 1396 8.77213e-15 3.34139e-15 1.2875e-16
 1397 8.77213e-15 3.34528e-15 1.28717e-16
 1398 8.77213e-15 3.34916e-15 1.28683e-16
 1399 8.77213e-15 3.35304e-15 1.2865e-16
 1400 8.77213e-15 3.35691e-15 1.28616e-16
 1401 0 3.35451e-15 1.28547e-16
 1402 0 3.35212e-15 1.28477e-16
 1403 0 3.34973e-15 1.28408e-16
 1404 0 3.34734e-15 1.28338e-16
 1405 0 3.34496e-15 1.28269e-16
 1406 0 3.34258e-15 1.282e-16
 1407 0 3.34021e-15 1.28131e-16
 1408 8.77213e-15 3.34406e-15 1.28098e-16
 1409 0 3.34169e-15 1.28029e-16
 1410 8.77213e-15 3.34554e-15 1.27996e-16
 1411 0 3.34317e-15 1.27927e-16
 1412 0 3.3408e-15 1.27859e-16
 1413 0 3.33844e-15 1.2779e-16
 1414 0 3.33608e-15 1.27721e-16
 1415 0 3.33372e-15 1.27653e-16
 1416 0 3.33137e-15 1.27584e-16
 1417 0 3.32902e-15 1.27516e-16
 1418 -4.38607e-15 3.32357e-15 1.27542e-16
 1419 -4.38607e-15 3.31814e-15 1.27568e-16
 1420 0 3.3158e-15 1.275e-16
 1421 0 3.31347e-15 1.27431e-16
 1422 0 3.31114e-15 1.27363e-16
 1423 0 3.30881e-15 1.27295e-16
 1424 8.77213e-15 3.31265e-15 1.27263e-16
 1425 0 3.31033e-15 1.27195e-16
 1426 0 3.308e-15 1.27127e-16
 1427 0 3.30569e-15 1.27059e-16
 1428 0 3.30337e-15 1.26991e-16
 1429 0 3.30106e-15 1.26923e-16
 1430 0 3.29875e-15 1.26855e-16
 1431 8.77213e-15 3.30258e-15 1.26824e-16
 1432 8.77213e-15 3.3064e-15 1.26793e-16
 1433 8.77213e-15 3.31021e-15 1.26762e-16
 1434 -4.38607e-15 3.30484e-15 1.26787e-16
 1435 -4.38607e-15 3.29948e-15 1.26812e-16
 1436 -4.38607e-15 3.29413e-15 1.26837e-16
 1437 -4.38607e-15 3.28879e-15 1.26861e-16
 1438 0 3.2865e-15 1.26794e-16
 1439 8.77213e-15 3.29031e-15 1.26763e-16
 1440 8.77213e-15 3.29412e-15 1.26732e-16
 1441 8.77213e-15 3.29792e-15 1.26701e-16
 1442 0 3.29563e-15 1.26634e-16
 1443 0 3.29335e-15 1.26567e-16
 1444 8.77213e-15 3.29714e-15 1.26536e-16
 1445 0 3.29486e-15 1.26469e-16
 1446 0 3.29258e-15 1.26402e-16
 1447 0 3.29031e-15 1.26335e-16
 1448 0 3.28804e-15 1.26268e-16
 1449 0 3.28577e-15 1.26201e-16
 1450 -4.38607e-15 3.28048e-15 1.26225e-16
 1451 -4.38607e-15 3.27519e-15 1.26249e-16
 1452 -4.38607e-15 3.26992e-15 1.26272e-16
 1453 0 3.26766e-15 1.26205e-16
 1454 -4.38607e-15 3.2624e-15 1.26228e-16
 1455 -4.38607e-15 3.25714e-15 1.26251e-16
 1456 -4.38607e-15 3.25189e-15 1.26273e-16
 1457 0 3.24966e-15 1.26206e-16
 1458 0 3.24743e-15 1.2614e-16
 1459 0 3.24521e-15 1.26073e-16
 1460 0 3.24299e-15 1.26006e-16
 1461 8.77213e-15 3.24677e-15 1.25977e-16
 1462 8.77213e-15 3.25055e-15 1.25947e-16
 1463 8.77213e-15 3.25432e-15 1.25918e-16
 1464 8.77213e-15 3.25809e-15 1.25888e-16
 1465 8.77213e-15 3.26186e-15 1.25858e-16
 1466 8.77213e-15 3.26561e-15 1.25829e-16
 1467 0 3.26339e-15 1.25762e-16
 1468 8.77213e-15 3.26714e-15 1.25733e-16
 1469 8.77213e-15 3.27089e-15 1.25703e-16
 1470 0 3.26866e-15 1.25637e-16
 1471 8.77213e-15 3.2724e-15 1.25607e-16
 1472 8.77213e-15 3.27614e-15 1.25578e-16
 1473 8.77213e-15 3.27987e-15 1.25548e-16
 1474 8.77213e-15 3.2836e-15 1.25518e-16
 1475 8.77213e-15 3.28732e-15 1.25488e-16
 1476 0 3.28509e-15 1.25423e-16
 1477 8.77213e-15 3.28881e-15 1.25393e-16
 1478 8.77213e-15 3.29252e-15 1.25363e-16
 1479 0 3.29029e-15 1.25298e-16
 1480 0 3.28807e-15 1.25233e-16
 1481 0 3.28585e-15 1.25168e-16
 1482 0 3.28363e-15 1.25103e-16
 1483 -2.19303e-15 3.27994e-15 1.25073e-16
 1484 -4.38607e-15 3.27477e-15 1.25096e-16
 1485 0 3.27257e-15 1.25031e-16
 1486 -4.38607e-15 3.26741e-15 1.25053e-16
 1487 -4.38607e-15 3.26227e-15 1.25075e-16
 1488 -4.38607e-15 3.25713e-15 1.25096e-16
 1489 -4.38607e-15 3.25199e-15 1.25118e-16
 1490 -4.38607e-15 3.24687e-15 1.25139e-16
 1491 -4.38607e-15 3.24175e-15 1.25159e-16
 1492 -4.38607e-15 3.23663e-15 1.2518e-16
 1493 -4.38607e-15 3.23153e-15 1.252e-16
 1494 -4.38607e-15 3.22643e-15 1.2522e-16
 1495 -4.38607e-15 3.22134e-15 1.2524e-16
 1496 0 3.21919e-15 1.25175e-16
 1497 -4.38607e-15 3.2141e-15 1.25194e-16
 1498 0 3.21196e-15 1.25129e-16
 1499 0 3.20982e-15 1.25064e-16
 1500 0 3.20768e-15 1.24999e-16
 1501 -4.38607e-15 3.20262e-15 1.25018e-16
 1502 -4.38607e-15 3.19756e-15 1.25037e-16
 1503 -4.38607e-15 3.19252e-15 1.25055e-16
 1504 -4.38607e-15 3.18748e-15 1.25074e-16
 1505 -4.38607e-15 3.18245e-15 1.25092e-16
 1506 0 3.18033e-15 1.25027e-16
 1507 -4.38607e-15 3.17531e-15 1.25045e-16
 1508 0 3.17321e-15 1.24979e-16
 1509 0 3.17111e-15 1.24914e-16
 1510 -4.38607e-15 3.1661e-15 1.24932e-16
 1511 0 3.16401e-15 1.24867e-16
 1512 -4.38607e-15 3.15901e-15 1.24884e-16
 1513 -4.38607e-15 3.15403e-15 1.24901e-16
 1514 -4.38607e-15 3.14904e-15 1.24918e-16
 1515 0 3.14697e-15 1.24853e-16
 1516 0 3.14489e-15 1.24787e-16
 1517 0 3.14282e-15 1.24722e-16
 1518 0 3.14075e-15 1.24657e-16
 1519 -4.38607e-15 3.13579e-15 1.24674e-16
 1520 0 3.13373e-15 1.24609e-16
 1521 0 3.13167e-15 1.24544e-16
 1522 0 3.12961e-15 1.24479e-16
 1523 0 3.12756e-15 1.24414e-16
 1524 0 3.1255e-15 1.2435e-16
 1525 0 3.12345e-15 1.24285e-16
 1526 -4.38607e-15 3.11853e-15 1.24301e-16
 1527 -4.38607e-15 3.11362e-15 1.24317e-16
 1528 0 3.11158e-15 1.24252e-16
 1529 -4.38607e-15 3.10668e-15 1.24267e-16
 1530 -4.38607e-15 3.10178e-15 1.24283e-16
 1531 0 3.09975e-15 1.24218e-16
 1532 0 3.09773e-15 1.24153e-16
 1533 0 3.09571e-15 1.24089e-16
 1534 0 3.09369e-15 1.24024e-16
 1535 8.77213e-15 3.09739e-15 1.23999e-16
 1536 8.77213e-15 3.10109e-15 1.23973e-16
 1537 8.77213e-15 3.10478e-15 1.23947e-16
 1538 8.77213e-15 3.10846e-15 1.23921e-16
 1539 0 3.10644e-15 1.23857e-16
 1540 8.77213e-15 3.11012e-15 1.23832e-16
 1541 8.77213e-15 3.11379e-15 1.23806e-16
 1542 0 3.11177e-15 1.23742e-16
 1543 8.77213e-15 3.11544e-15 1.23716e-16
 1544 0 3.11343e-15 1.23652e-16
 1545 8.77213e-15 3.11709e-15 1.23627e-16
 1546 0 3.11507e-15 1.23563e-16
 1547 8.77213e-15 3.11873e-15 1.23537e-16
 1548 8.77213e-15 3.12238e-15 1.23511e-16
 1549 0 3.12036e-15 1.23448e-16
 1550 0 3.11835e-15 1.23385e-16
 1551 0 3.11634e-15 1.23322e-16
 1552 0 3.11433e-15 1.23259e-16
 1553 0 3.11233e-15 1.23196e-16
 1554 0 3.11032e-15 1.23132e-16
 1555 0 3.10832e-15 1.2307e-16
 1556 -4.38607e-15 3.10351e-15 1.23085e-16
 1557 8.77213e-15 3.10715e-15 1.23059e-16
 1558 0 3.10515e-15 1.22997e-16
 1559 0 3.10316e-15 1.22934e-16
 1560 8.77213e-15 3.1068e-15 1.22909e-16
 1561 8.77213e-15 3.11043e-15 1.22884e-16
 1562 8.77213e-15 3.11405e-15 1.22858e-16
 1563 8.77213e-15 3.11767e-15 1.22833e-16
 1564 0 3.11568e-15 1.22771e-16
 1565 0 3.11369e-15 1.22708e-16
 1566 -4.38607e-15 3.1089e-15 1.22724e-16
 1567 8.77213e-15 3.11251e-15 1.22698e-16
 1568 8.77213e-15 3.11612e-15 1.22673e-16
 1569 0 3.11414e-15 1.22611e-16
 1570 0 3.11215e-15 1.22549e-16
 1571 0 3.11017e-15 1.22487e-16
 1572 -4.38607e-15 3.1054e-15 1.22502e-16
 1573 8.77213e-15 3.109e-15 1.22477e-16
 1574 0 3.10703e-15 1.22415e-16
 1575 -4.38607e-15 3.10227e-15 1.2243e-16
 1576 0 3.1003e-15 1.22368e-16
 1577 8.77213e-15 3.1039e-15 1.22343e-16
 1578 8.77213e-15 3.10749e-15 1.22318e-16
 1579 8.77213e-15 3.11108e-15 1.22294e-16
 1580 8.77213e-15 3.11466e-15 1.22269e-16
 1581 8.77213e-15 3.11824e-15 1.22244e-16
 1582 8.77213e-15 3.12181e-15 1.22219e-16
 1583 0 3.11984e-15 1.22157e-16
 1584 -4.38607e-15 3.1151e-15 1.22172e-16
 1585 -4.38607e-15 3.11037e-15 1.22187e-16
 1586 -4.38607e-15 3.10564e-15 1.22201e-16
 1587 0 3.10369e-15 1.2214e-16
 1588 8.77213e-15 3.10726e-15 1.22115e-16
 1589 8.77213e-15 3.11082e-15 1.2209e-16
 1590 8.77213e-15 3.11438e-15 1.22065e-16
 1591 0 3.11243e-15 1.22004e-16
 1592 0 3.11047e-15 1.21943e-16
 1593 0 3.10852e-15 1.21882e-16
 1594 8.77213e-15 3.11207e-15 1.21858e-16
 1595 0 3.11012e-15 1.21797e-16
 1596 0 3.10817e-15 1.21736e-16
 1597 0 3.10622e-15 1.21675e-16
 1598 0 3.10428e-15 1.21615e-16
 1599 0 3.10234e-15 1.21554e-16
 1600 0 3.1004e-15 1.21494e-16
 1601 0 3.09846e-15 1.21433e-16
 1602 0 3.09653e-15 1.21373e-16
 1603 -4.38607e-15 3.09186e-15 1.21387e-16
 1604 0 3.08993e-15 1.21326e-16
 1605 0 3.08801e-15 1.21266e-16
 1606 8.77213e-15 3.09155e-15 1.21242e-16
 1607 8.77213e-15 3.09508e-15 1.21218e-16
 1608 0 3.09316e-15 1.21158e-16
 1609 0 3.09124e-15 1.21098e-16
 1610 -4.38607e-15 3.08659e-15 1.21112e-16
 1611 0 3.08468e-15 1.21052e-16
 1612 0 3.08276e-15 1.20992e-16
 1613 0 3.08085e-15 1.20932e-16
 1614 0 3.07894e-15 1.20872e-16
 1615 -4.38607e-15 3.07432e-15 1.20886e-16
 1616 -4.38607e-15 3.0697e-15 1.20899e-16
 1617 -4.38607e-15 3.06509e-15 1.20912e-16
 1618 -4.38607e-15 3.06049e-15 1.20925e-16
 1619 -4.38607e-15 3.05589e-15 1.20938e-16
 1620 -4.38607e-15 3.05129e-15 1.20951e-16
 1621 -2.19303e-15 3.04806e-15 1.20919e-16
 1622 0 3.04618e-15 1.20859e-16
 1623 0 3.0443e-15 1.20799e-16
 1624 0 3.04243e-15 1.2074e-16
 1625 0 3.04056e-15 1.2068e-16
 1626 0 3.03869e-15 1.2062e-16
 1627 -4.38607e-15 3.03412e-15 1.20632e-16
 1628 -4.38607e-15 3.02956e-15 1.20644e-16
 1629 8.77213e-15 3.03309e-15 1.20622e-16
 1630 8.77213e-15 3.03661e-15 1.20599e-16
 1631 8.77213e-15 3.04013e-15 1.20576e-16
 1632 8.77213e-15 3.04364e-15 1.20554e-16
 1633 8.77213e-15 3.04715e-15 1.20531e-16
 1634 8.77213e-15 3.05065e-15 1.20508e-16
 1635 8.77213e-15 3.05415e-15 1.20485e-16
 1636 8.77213e-15 3.05765e-15 1.20462e-16
 1637 0 3.05578e-15 1.20403e-16
 1638 0 3.05391e-15 1.20344e-16
 1639 0 3.05205e-15 1.20285e-16
 1640 0 3.05019e-15 1.20226e-16
 1641 -4.38607e-15 3.04566e-15 1.20238e-16
 1642 0 3.0438e-15 1.20179e-16
 1643 0 3.04195e-15 1.2012e-16
 1644 8.77213e-15 3.04543e-15 1.20098e-16
 1645 8.77213e-15 3.04892e-15 1.20075e-16
 1646 8.77213e-15 3.05239e-15 1.20053e-16
 1647 0 3.05054e-15 1.19994e-16
 1648 8.77213e-15 3.05401e-15 1.19971e-16
 1649 8.77213e-15 3.05748e-15 1.19949e-16
 1650 8.77213e-15 3.06094e-15 1.19926e-16
 1651 8.77213e-15 3.0644e-15 1.19903e-16
 1652 8.77213e-15 3.06786e-15 1.19881e-16
 1653 8.77213e-15 3.07131e-15 1.19858e-16
 1654 8.77213e-15 3.07475e-15 1.19835e-16
 1655 0 3.0729e-15 1.19777e-16
 1656 0 3.07104e-15 1.19719e-16
 1657 -4.38607e-15 3.06654e-15 1.19731e-16
 1658 -4.38607e-15 3.06205e-15 1.19743e-16
 1659 -4.38607e-15 3.05756e-15 1.19755e-16
 1660 0 3.05571e-15 1.19697e-16
 1661 0 3.05387e-15 1.19639e-16
 1662 8.77213e-15 3.05732e-15 1.19617e-16
 1663 0 3.05548e-15 1.19559e-16
 1664 0 3.05364e-15 1.19501e-16
 1665 0 3.05181e-15 1.19443e-16
 1666 0 3.04997e-15 1.19386e-16
 1667 -4.38607e-15 3.04551e-15 1.19398e-16
 1668 0 3.04369e-15 1.1934e-16
 1669 0 3.04186e-15 1.19282e-16
 1670 0 3.04004e-15 1.19225e-16
 1671 8.77213e-15 3.04347e-15 1.19203e-16
 1672 8.77213e-15 3.0469e-15 1.19181e-16
 1673 8.77213e-15 3.05032e-15 1.19159e-16
 1674 0 3.0485e-15 1.19101e-16
 1675 0 3.04668e-15 1.19044e-16
 1676 0 3.04486e-15 1.18987e-16
 1677 0 3.04305e-15 1.1893e-16
 1678 0 3.04123e-15 1.18873e-16
 1679 8.77213e-15 3.04465e-15 1.18851e-16
 1680 -4.38607e-15 3.04022e-15 1.18863e-16
 1681 -4.38607e-15 3.0358e-15 1.18874e-16
 1682 -4.38607e-15 3.03139e-15 1.18885e-16
 1683 0 3.02959e-15 1.18828e-16
 1684 0 3.02779e-15 1.18771e-16
 1685 0 3.026e-15 1.18714e-16
 1686 -4.38607e-15 3.0216e-15 1.18725e-16
 1687 0 3.01981e-15 1.18668e-16
 1688 8.77213e-15 3.02322e-15 1.18647e-16
 1689 8.77213e-15 3.02662e-15 1.18626e-16
 1690 0 3.02483e-15 1.18569e-16
 1691 8.77213e-15 3.02823e-15 1.18548e-16
 1692 8.77213e-15 3.03162e-15 1.18526e-16
 1693 8.77213e-15 3.03501e-15 1.18505e-16
 1694 -4.38607e-15 3.03063e-15 1.18516e-16
 1695 -4.38607e-15 3.02626e-15 1.18526e-16
 1696 0 3.02447e-15 1.1847e-16
 1697 -4.38607e-15 3.02011e-15 1.18481e-16
 1698 0 3.01833e-15 1.18424e-16
 1699 0 3.01655e-15 1.18368e-16
 1700 0 3.01478e-15 1.18311e-16
 1701 0 3.013e-15 1.18255e-16
 1702 0 3.01123e-15 1.18199e-16
 1703 0 3.00946e-15 1.18143e-16
 1704 0 3.0077e-15 1.18087e-16
 1705 0 3.00593e-15 1.1803e-16
 1706 -4.38607e-15 3.0016e-15 1.18041e-16
 1707 0 2.99984e-15 1.17985e-16
 1708 0 2.99809e-15 1.17929e-16
 1709 0 2.99633e-15 1.17873e-16
 1710 0 2.99458e-15 1.17817e-16
 1711 0 2.99283e-15 1.17761e-16
 1712 0 2.99108e-15 1.17705e-16
 1713 0 2.98934e-15 1.17649e-16
 1714 0 2.98759e-15 1.17594e-16
 1715 -4.38607e-15 2.98329e-15 1.17604e-16
 1716 0 2.98155e-15 1.17548e-16
 1717 8.77213e-15 2.98493e-15 1.17528e-16
 1718 8.77213e-15 2.98829e-15 1.17508e-16
 1719 8.77213e-15 2.99166e-15 1.17488e-16
 1720 0 2.98992e-15 1.17432e-16
 1721 0 2.98818e-15 1.17377e-16
 1722 0 2.98645e-15 1.17321e-16
 1723 0 2.98471e-15 1.17266e-16
 1724 0 2.98298e-15 1.17211e-16
 1725 -4.38607e-15 2.97871e-15 1.17221e-16
 1726 0 2.97699e-15 1.17166e-16
 1727 0 2.97526e-15 1.1711e-16
 1728 0 2.97354e-15 1.17055e-16
 1729 0 2.97182e-15 1.17e-16
 1730 0 2.9701e-15 1.16945e-16
 1731 -4.38607e-15 2.96585e-15 1.16955e-16
 1732 0 2.96414e-15 1.169e-16
 1733 0 2.96243e-15 1.16845e-16
 1734 0 2.96072e-15 1.1679e-16
 1735 0 2.95901e-15 1.16735e-16
 1736 0 2.95731e-15 1.1668e-16
 1737 0 2.95561e-15 1.16625e-16
 1738 0 2.95391e-15 1.16571e-16
 1739 0 2.95221e-15 1.16516e-16
 1740 -4.38607e-15 2.94799e-15 1.16525e-16
 1741 -4.38607e-15 2.94378e-15 1.16535e-16
 1742 -4.38607e-15 2.93957e-15 1.16544e-16
 1743 -4.38607e-15 2.93537e-15 1.16553e-16
 1744 -4.38607e-15 2.93117e-15 1.16561e-16
 1745 0 2.92949e-15 1.16507e-16
 1746 0 2.92781e-15 1.16452e-16
 1747 0 2.92614e-15 1.16397e-16
 1748 0 2.92446e-15 1.16343e-16
 1749 8.77213e-15 2.92781e-15 1.16324e-16
 1750 8.77213e-15 2.93115e-15 1.16306e-16
 1751 8.77213e-15 2.93448e-15 1.16287e-16
 1752 8.77213e-15 2.93781e-15 1.16269e-16
 1753 8.77213e-15 2.94114e-15 1.1625e-16
 1754 8.77213e-15 2.94447e-15 1.16231e-16
 1755 -4.38607e-15 2.94029e-15 1.1624e-16
 1756 0 2.93861e-15 1.16186e-16
 1757 8.77213e-15 2.94193e-15 1.16167e-16
 1758 8.77213e-15 2.94525e-15 1.16148e-16
 1759 8.77213e-15 2.94856e-15 1.1613e-16
 1760 0 2.94689e-15 1.16076e-16
 1761 8.77213e-15 2.9502e-15 1.16057e-16
 1762 8.77213e-15 2.9535e-15 1.16038e-16
 1763 8.77213e-15 2.9568e-15 1.16019e-16
 1764 8.77213e-15 2.9601e-15 1.16e-16
 1765 8.77213e-15 2.96339e-15 1.15981e-16
 1766 8.77213e-15 2.96668e-15 1.15962e-16
 1767 8.77213e-15 2.96997e-15 1.15943e-16
 1768 8.77213e-15 2.97325e-15 1.15924e-16
 1769 8.77213e-15 2.97652e-15 1.15905e-16
 1770 8.77213e-15 2.9798e-15 1.15886e-16
 1771 8.77213e-15 2.98307e-15 1.15866e-16
 1772 8.77213e-15 2.98634e-15 1.15847e-16
 1773 8.77213e-15 2.9896e-15 1.15828e-16
 1774 8.77213e-15 2.99286e-15 1.15808e-16
 1775 8.77213e-15 2.99612e-15 1.15789e-16
 1776 8.77213e-15 2.99937e-15 1.15769e-16
 1777 0 2.99768e-15 1.15716e-16
 1778 0 2.99599e-15 1.15664e-16
 1779 8.77213e-15 2.99924e-15 1.15644e-16
 1780 8.77213e-15 3.00248e-15 1.15625e-16
 1781 8.77213e-15 3.00572e-15 1.15605e-16
 1782 8.77213e-15 3.00896e-15 1.15585e-16
 1783 0 3.00727e-15 1.15533e-16
 1784 -4.38607e-15 3.00313e-15 1.15543e-16
 1785 0 3.00145e-15 1.1549e-16
 1786 0 2.99976e-15 1.15438e-16
 1787 -4.38607e-15 2.99563e-15 1.15447e-16
 1788 0 2.99396e-15 1.15395e-16
 1789 -4.38607e-15 2.98983e-15 1.15404e-16
 1790 -4.38607e-15 2.98571e-15 1.15413e-16
 1791 -4.38607e-15 2.98159e-15 1.15422e-16
 1792 0 2.97993e-15 1.15369e-16
 1793 0 2.97827e-15 1.15317e-16
 1794 0 2.97661e-15 1.15265e-16
 1795 0 2.97495e-15 1.15212e-16
 1796 0 2.97329e-15 1.1516e-16
 1797 8.77213e-15 2.97652e-15 1.15141e-16
 1798 8.77213e-15 2.97974e-15 1.15122e-16
 1799 8.77213e-15 2.98296e-15 1.15103e-16
 1800 8.77213e-15 2.98618e-15 1.15084e-16
 1801 0 2.98452e-15 1.15032e-16
 1802 0 2.98287e-15 1.1498e-16
 1803 0 2.98121e-15 1.14929e-16
 1804 8.77213e-15 2.98442e-15 1.1491e-16
 1805 8.77213e-15 2.98763e-15 1.14891e-16
 1806 8.77213e-15 2.99083e-15 1.14872e-16
 1807 0 2.98918e-15 1.1482e-16
 1808 8.77213e-15 2.99237e-15 1.14801e-16
 1809 0 2.99072e-15 1.1475e-16
 1810 0 2.98907e-15 1.14698e-16
 1811 0 2.98742e-15 1.14647e-16
 1812 0 2.98577e-15 1.14595e-16
 1813 8.77213e-15 2.98896e-15 1.14576e-16
 1814 0 2.98731e-15 1.14525e-16
 1815 -4.38607e-15 2.98325e-15 1.14534e-16
 1816 0 2.98161e-15 1.14483e-16
 1817 0 2.97997e-15 1.14432e-16
 1818 8.77213e-15 2.98315e-15 1.14413e-16
 1819 8.77213e-15 2.98633e-15 1.14394e-16
 1820 8.77213e-15 2.98951e-15 1.14376e-16
 1821 8.77213e-15 2.99269e-15 1.14357e-16
 1822 8.77213e-15 2.99586e-15 1.14338e-16
 1823 0 2.99422e-15 1.14287e-16
 1824 0 2.99258e-15 1.14236e-16
 1825 0 2.99094e-15 1.14185e-16
 1826 -4.38607e-15 2.9869e-15 1.14194e-16
 1827 -4.38607e-15 2.98286e-15 1.14203e-16
 1828 -4.38607e-15 2.97883e-15 1.14212e-16
 1829 -4.38607e-15 2.9748e-15 1.1422e-16
 1830 0 2.97318e-15 1.1417e-16
 1831 0 2.97155e-15 1.14119e-16
 1832 0 2.96993e-15 1.14068e-16
 1833 0 2.96831e-15 1.14017e-16
 1834 0 2.96669e-15 1.13967e-16
 1835 0 2.96508e-15 1.13916e-16
 1836 0 2.96346e-15 1.13865e-16
 1837 0 2.96185e-15 1.13815e-16
 1838 -4.38607e-15 2.95785e-15 1.13823e-16
 1839 0 2.95624e-15 1.13772e-16
 1840 0 2.95464e-15 1.13722e-16
 1841 8.77213e-15 2.9578e-15 1.13704e-16
 1842 8.77213e-15 2.96095e-15 1.13686e-16
 1843 8.77213e-15 2.96411e-15 1.13668e-16
 1844 8.77213e-15 2.96725e-15 1.1365e-16
 1845 0 2.96565e-15 1.136e-16
 1846 0 2.96404e-15 1.1355e-16
 1847 -4.38607e-15 2.96006e-15 1.13558e-16
 1848 0 2.95846e-15 1.13508e-16
 1849 0 2.95686e-15 1.13458e-16
 1850 0 2.95526e-15 1.13408e-16
 1851 -4.38607e-15 2.95129e-15 1.13416e-16
 1852 -4.38607e-15 2.94733e-15 1.13424e-16
 1853 0 2.94574e-15 1.13374e-16
 1854 0 2.94415e-15 1.13324e-16
 1855 0 2.94257e-15 1.13274e-16
 1856 0 2.94098e-15 1.13224e-16
 1857 0 2.9394e-15 1.13174e-16
 1858 0 2.93781e-15 1.13124e-16
 1859 8.77213e-15 2.94095e-15 1.13107e-16
 1860 8.77213e-15 2.94409e-15 1.13089e-16
 1861 8.77213e-15 2.94722e-15 1.13072e-16
 1862 8.77213e-15 2.95035e-15 1.13054e-16
 1863 8.77213e-15 2.95347e-15 1.13037e-16
 1864 8.77213e-15 2.95659e-15 1.13019e-16
 1865 8.77213e-15 2.95971e-15 1.13002e-16
 1866 8.77213e-15 2.96283e-15 1.12984e-16
 1867 8.77213e-15 2.96594e-15 1.12966e-16
 1868 8.77213e-15 2.96905e-15 1.12949e-16
 1869 8.77213e-15 2.97215e-15 1.12931e-16
 1870 -4.38607e-15 2.96822e-15 1.12939e-16
 1871 0 2.96663e-15 1.1289e-16
 1872 -4.38607e-15 2.9627e-15 1.12898e-16
 1873 8.77213e-15 2.96581e-15 1.1288e-16
 1874 8.77213e-15 2.9689e-15 1.12863e-16
 1875 8.77213e-15 2.972e-15 1.12845e-16
 1876 0 2.97041e-15 1.12796e-16
 1877 0 2.96883e-15 1.12747e-16
 1878 0 2.96725e-15 1.12698e-16
 1879 0 2.96567e-15 1.12649e-16
 1880 8.77213e-15 2.96876e-15 1.12631e-16
 1881 8.77213e-15 2.97185e-15 1.12614e-16
 1882 0 2.97027e-15 1.12565e-16
 1883 0 2.96869e-15 1.12516e-16
 1884 0 2.96711e-15 1.12467e-16
 1885 8.77213e-15 2.97019e-15 1.1245e-16
 1886 8.77213e-15 2.97327e-15 1.12432e-16
 1887 0 2.97169e-15 1.12384e-16
 1888 0 2.97012e-15 1.12335e-16
 1889 0 2.96855e-15 1.12287e-16
 1890 0 2.96698e-15 1.12238e-16
 1891 0 2.96541e-15 1.1219e-16
 1892 8.77213e-15 2.96848e-15 1.12173e-16
 1893 -4.38607e-15 2.96459e-15 1.12181e-16
 1894 0 2.96303e-15 1.12132e-16
 1895 8.77213e-15 2.96609e-15 1.12115e-16
 1896 0 2.96453e-15 1.12067e-16
 1897 8.77213e-15 2.96759e-15 1.1205e-16
 1898 8.77213e-15 2.97065e-15 1.12032e-16
 1899 0 2.96908e-15 1.11984e-16
 1900 0 2.96752e-15 1.11936e-16
 1901 -4.38607e-15 2.96365e-15 1.11944e-16
 1902 0 2.96209e-15 1.11896e-16
 1903 0 2.96054e-15 1.11848e-16
 1904 0 2.95898e-15 1.118e-16
 1905 0 2.95743e-15 1.11752e-16
 1906 0 2.95588e-15 1.11704e-16
 1907 0 2.95433e-15 1.11657e-16
 1908 0 2.95278e-15 1.11609e-16
 1909 0 2.95123e-15 1.11561e-16
 1910 8.77213e-15 2.95428e-15 1.11544e-16
 1911 0 2.95273e-15 1.11497e-16
 1912 8.77213e-15 2.95578e-15 1.1148e-16
 1913 8.77213e-15 2.95882e-15 1.11463e-16
 1914 0 2.95727e-15 1.11415e-16
 1915 0 2.95573e-15 1.11368e-16
 1916 0 2.95419e-15 1.11321e-16
 1917 0 2.95264e-15 1.11273e-16
 1918 8.77213e-15 2.95568e-15 1.11256e-16
 1919 -4.38607e-15 2.95185e-15 1.11264e-16
 1920 0 2.95031e-15 1.11217e-16
 1921 0 2.94878e-15 1.1117e-16
 1922 8.77213e-15 2.95181e-15 1.11153e-16
 1923 8.77213e-15 2.95484e-15 1.11136e-16
 1924 8.77213e-15 2.95786e-15 1.1112e-16
 1925 0 2.95632e-15 1.11073e-16
 1926 0 2.95479e-15 1.11026e-16
 1927 8.77213e-15 2.95781e-15 1.11009e-16
 1928 0 2.95627e-15 1.10962e-16
 1929 0 2.95474e-15 1.10915e-16
 1930 8.77213e-15 2.95775e-15 1.10899e-16
 1931 8.77213e-15 2.96077e-15 1.10882e-16
 1932 8.77213e-15 2.96377e-15 1.10865e-16
 1933 8.77213e-15 2.96678e-15 1.10849e-16
 1934 8.77213e-15 2.96978e-15 1.10832e-16
 1935 0 2.96824e-15 1.10786e-16
 1936 0 2.96671e-15 1.10739e-16
 1937 0 2.96518e-15 1.10692e-16
 1938 0 2.96365e-15 1.10646e-16
 1939 0 2.96212e-15 1.10599e-16
 1940 0 2.96059e-15 1.10553e-16
 1941 0 2.95907e-15 1.10506e-16
 1942 0 2.95755e-15 1.1046e-16
 1943 0 2.95602e-15 1.10414e-16
 1944 8.77213e-15 2.95902e-15 1.10397e-16
 1945 0 2.95749e-15 1.10351e-16
 1946 0 2.95597e-15 1.10305e-16
 1947 0 2.95446e-15 1.10259e-16
 1948 0 2.95294e-15 1.10212e-16
 1949 0 2.95142e-15 1.10166e-16
 1950 0 2.94991e-15 1.1012e-16
 1951 0 2.9484e-15 1.10074e-16
 1952 0 2.94689e-15 1.10028e-16
 1953 0 2.94538e-15 1.09982e-16
 1954 0 2.94387e-15 1.09936e-16
 1955 8.77213e-15 2.94685e-15 1.0992e-16
 1956 8.77213e-15 2.94983e-15 1.09904e-16
 1957 8.77213e-15 2.95281e-15 1.09888e-16
 1958 8.77213e-15 2.95578e-15 1.09873e-16
 1959 0 2.95427e-15 1.09827e-16
 1960 0 2.95276e-15 1.09781e-16
 1961 0 2.95126e-15 1.09735e-16
 1962 0 2.94975e-15 1.0969e-16
 1963 0 2.94825e-15 1.09644e-16
 1964 0 2.94675e-15 1.09599e-16
 1965 8.77213e-15 2.94971e-15 1.09583e-16
 1966 0 2.94821e-15 1.09537e-16
 1967 0 2.94671e-15 1.09492e-16
 1968 0 2.94522e-15 1.09447e-16
 1969 0 2.94372e-15 1.09401e-16
 1970 8.77213e-15 2.94668e-15 1.09386e-16
 1971 8.77213e-15 2.94964e-15 1.0937e-16
 1972 8.77213e-15 2.95259e-15 1.09355e-16
 1973 0 2.95109e-15 1.09309e-16
 1974 0 2.9496e-15 1.09264e-16
 1975 0 2.9481e-15 1.09219e-16
 1976 8.77213e-15 2.95105e-15 1.09204e-16
 1977 8.77213e-15 2.95399e-15 1.09188e-16
 1978 8.77213e-15 2.95694e-15 1.09172e-16
 1979 8.77213e-15 2.95987e-15 1.09157e-16
 1980 8.77213e-15 2.96281e-15 1.09141e-16
 1981 0 2.96131e-15 1.09096e-16
 1982 0 2.95982e-15 1.09051e-16
 1983 -4.38607e-15 2.95612e-15 1.09059e-16
 1984 8.77213e-15 2.95905e-15 1.09044e-16
 1985 0 2.95756e-15 1.08999e-16
 1986 8.77213e-15 2.96048e-15 1.08984e-16
 1987 8.77213e-15 2.96341e-15 1.08968e-16
 1988 0 2.96192e-15 1.08923e-16
 1989 0 2.96043e-15 1.08879e-16
 1990 0 2.95894e-15 1.08834e-16
 1991 8.77213e-15 2.96186e-15 1.08819e-16
 1992 0 2.96037e-15 1.08774e-16
 1993 0 2.95889e-15 1.0873e-16
 1994 0 2.95741e-15 1.08685e-16
 1995 0 2.95592e-15 1.08641e-16
 1996 8.77213e-15 2.95884e-15 1.08626e-16
 1997 0 2.95736e-15 1.08581e-16
 1998 0 2.95587e-15 1.08537e-16
 1999 0 2.9544e-15 1.08493e-16
 2000 -4.38607e-15 2.95073e-15 1.08501e-16
