 1 0.028464 0.028464 0
 2 0.038176 0.03332 0.004856
 3 0.037586 0.034742 0.00314362
 4 0.031532 0.0339395 0.0023633
 5 0.034848 0.0341212 0.0018396
 6 0.036396 0.0345003 0.00154914
 7 0.028446 0.0336354 0.00156915
 8 0.028484 0.0329915 0.00150376
 9 0.029848 0.0326422 0.00137142
 10 0.03656 0.033034 0.00128768
 11 0.02995 0.0327536 0.00119802
 12 0.034582 0.032906 0.0011042
 13 0.021758 0.0320485 0.0013293
 14 0.023984 0.0314724 0.00135883
 15 0.03422 0.0316556 0.0012782
 16 0.026966 0.0313625 0.00123105
 17 0.033214 0.0314714 0.00116148
 18 0.027476 0.0312494 0.00111733
 19 0.035224 0.0314586 0.00107739
 20 0.026342 0.0312028 0.00105363
 21 0.03111 0.0311984 0.00100221
 22 0.03028 0.0311566 0.000956484
 23 0.041608 0.031611 0.00102068
 24 0.036374 0.0318095 0.000997178
 25 0.029692 0.0317248 0.000960202
 26 0.025872 0.0314997 0.0009496
 27 0.035368 0.031643 0.000924917
 28 0.037058 0.0318364 0.000912013
 29 0.02955 0.0317575 0.000883527
 30 0.027996 0.0316321 0.000862728
 1 0.037672 0.037672 0
 2 0.027172 0.032422 0.00525
 3 0.03159 0.0321447 0.00304375
 4 0.046486 0.03573 0.00418172
 5 0.041244 0.0368328 0.00342173
 6 0.038576 0.0371233 0.0028089
 7 0.033772 0.0366446 0.00242175
 8 0.037618 0.0367663 0.00210082
 9 0.028942 0.0358969 0.00204658
 10 0.030244 0.0353316 0.00191581
 11 0.038318 0.0356031 0.00175405
 12 0.039658 0.035941 0.00163649
 13 0.031474 0.0355974 0.00154407
 14 0.033102 0.0354191 0.0014406
 15 0.03703 0.0355265 0.00134542
 16 0.03716 0.0356286 0.00126266
 17 0.029432 0.0352641 0.00124081
 18 0.032736 0.0351237 0.00117825
 19 0.035252 0.0351304 0.00111453
 20 0.036038 0.0351758 0.00105831
 21 0.028946 0.0348791 0.00104946
 22 0.036032 0.0349315 0.00100199
 23 0.039896 0.0351474 0.000981462
 24 0.035698 0.0351703 0.000939959
 25 0.038466 0.0353022 0.000911163
 26 0.03437 0.0352663 0.000876151
 27 0.03262 0.0351683 0.000848755
 28 0.033672 0.0351149 0.000819625
 29 0.040744 0.035309 0.00081433
 30 0.041756 0.0355239 0.000815541
