 1 0.232562 0.232562 0
 2 0.228102 0.230332 0.00222978
 3 0.228383 0.229682 0.00144201
 4 0.231658 0.230176 0.00113299
 5 0.234161 0.230973 0.00118547
 6 0.227826 0.230449 0.00110094
 7 0.231921 0.230659 0.000953921
 8 0.23117 0.230723 0.000828589
 9 0.229275 0.230562 0.000748243
 10 0.230613 0.230567 0.000669268
 11 0.230657 0.230575 0.000605431
 12 0.233814 0.230845 0.000615066
 13 0.228906 0.230696 0.00058511
 14 0.231302 0.230739 0.000543434
 15 0.233366 0.230914 0.000535357
 16 0.22913 0.230803 0.000513047
 17 0.229412 0.230721 0.000488822
 18 0.227971 0.230568 0.000485535
 19 0.227166 0.230389 0.000492939
 20 0.228538 0.230297 0.00047672
 21 0.238377 0.230681 0.000594711
 22 0.227564 0.23054 0.000584474
 23 0.230403 0.230534 0.000558516
 24 0.229247 0.23048 0.000537419
 25 0.230236 0.23047 0.000515566
 26 0.227382 0.230352 0.000509388
 27 0.226139 0.230196 0.000514388
 28 0.228033 0.230118 0.000501659
 29 0.228135 0.23005 0.00048886
 30 0.230144 0.230053 0.000472294
 1 0.230242 0.230242 0
 2 0.229176 0.229709 0.000533395
 3 0.231404 0.230274 0.000643515
 4 0.226256 0.22927 0.00110273
 5 0.233338 0.230083 0.00117963
 6 0.233032 0.230575 0.00108126
 7 0.231487 0.230705 0.000923085
 8 0.227166 0.230263 0.000913661
 9 0.226032 0.229793 0.000932838
 10 0.225657 0.229379 0.000931217
 11 0.227953 0.229249 0.00085223
 12 0.233017 0.229563 0.000838942
 13 0.22656 0.229332 0.000805544
 14 0.228183 0.22925 0.000750298
 15 0.228334 0.229189 0.000701154
 16 0.232363 0.229388 0.000685219
 17 0.231441 0.229508 0.000654882
 18 0.230911 0.229586 0.000622324
 19 0.231168 0.22967 0.00059452
 20 0.225792 0.229476 0.000596402
 21 0.228452 0.229427 0.000569381
 22 0.227772 0.229352 0.000548071
 23 0.228426 0.229311 0.000525245
 24 0.227013 0.229216 0.000511925
 25 0.231177 0.229294 0.000497247
 26 0.230592 0.229344 0.000480341
 27 0.232965 0.229478 0.000481271
 28 0.227133 0.229394 0.000471265
 29 0.229878 0.229411 0.00045503
 30 0.229197 0.229404 0.000439659
