 1 0.158254 0.158254 0
 2 0.123578 0.140916 0.017338
 3 0.146262 0.142698 0.0101675
 4 0.131878 0.139993 0.00768153
 5 0.163148 0.144624 0.00753987
 6 0.159714 0.147139 0.00665019
 7 0.16168 0.149216 0.00599203
 8 0.157176 0.150211 0.00528377
 9 0.161054 0.151416 0.00481307
 10 0.140214 0.150296 0.0044483
 11 0.133498 0.148769 0.00430367
 12 0.13208 0.147378 0.00416759
 13 0.145948 0.147268 0.0038352
 14 0.167036 0.14868 0.00382116
 15 0.140646 0.148144 0.0035974
 16 0.1379 0.147504 0.00342543
 17 0.118906 0.145822 0.00363085
 18 0.17228 0.147292 0.00372544
 19 0.142672 0.147049 0.00353229
 20 0.112716 0.145332 0.00376513
 21 0.137296 0.144949 0.00360174
 22 0.17686 0.1464 0.00372788
 23 0.174326 0.147614 0.00376336
 24 0.12506 0.146674 0.00372368
 25 0.151706 0.146876 0.00357729
 26 0.14343 0.146743 0.00343951
 27 0.152666 0.146962 0.00331693
 28 0.140218 0.146722 0.00320534
 29 0.125784 0.146 0.00317598
 30 0.150694 0.146156 0.00307228
 1 0.097008 0.097008 0
 2 0.151104 0.124056 0.027048
 3 0.128182 0.125431 0.0156766
 4 0.148608 0.131225 0.012508
 5 0.173184 0.139617 0.0128176
 6 0.12187 0.136659 0.0108755
 7 0.156724 0.139526 0.00962804
 8 0.138144 0.139353 0.00833992
 9 0.13209 0.138546 0.00739926
 10 0.130316 0.137723 0.00666907
 11 0.161536 0.139888 0.00640908
 12 0.173818 0.142715 0.00649808
 13 0.158274 0.143912 0.00609601
 14 0.102912 0.140984 0.00635839
 15 0.142386 0.141077 0.00592008
 16 0.138382 0.140909 0.00554029
 17 0.156778 0.141842 0.00528725
 18 0.16021 0.142863 0.00508824
 19 0.133064 0.142347 0.00484055
 20 0.159862 0.143223 0.00467491
 21 0.147986 0.143449 0.00445251
 22 0.156842 0.144058 0.00428872
 23 0.179 0.145577 0.00437055
 24 0.1415 0.145408 0.00418793
 25 0.164638 0.146177 0.00408991
 26 0.171208 0.147139 0.00404568
 27 0.12277 0.146237 0.00399622
 28 0.165162 0.146913 0.00390972
 29 0.138406 0.146619 0.00378388
 30 0.136274 0.146275 0.0036718
