 1 -0.6 -0.6 0
 2 -0.44 -0.52 0.08
 3 -0.52 -0.52 0.046188
 4 -0.6 -0.54 0.0382971
 5 -0.6 -0.552 0.032
 6 -0.6 -0.56 0.0273252
 7 -0.68 -0.577143 0.0287613
 8 -0.76 -0.6 0.0338062
 9 -0.76 -0.617778 0.0347122
 10 -0.68 -0.624 0.0316649
 11 -0.6 -0.621818 0.028725
 12 -0.6 -0.62 0.0262851
 13 -0.52 -0.612308 0.025373
 14 -0.44 -0.6 0.0265197
 15 -0.68 -0.605333 0.025258
 16 -0.6 -0.605 0.0236291
 17 -0.52 -0.6 0.0227519
 18 -0.52 -0.595556 0.0219063
 19 -0.68 -0.6 0.0211925
 20 -0.68 -0.604 0.020499
 21 -0.68 -0.607619 0.0198315
 22 -0.68 -0.610909 0.0191927
 23 -0.76 -0.617391 0.0194511
 24 -0.76 -0.623333 0.019548
 25 -0.76 -0.6288 0.0195305
 26 -0.76 -0.633846 0.019431
 27 -0.68 -0.635556 0.0187754
 28 -0.68 -0.637143 0.0181619
 29 -0.52 -0.633103 0.017984
 30 -0.6 -0.632 0.0174092
 31 -0.6 -0.630968 0.0168699
 32 -0.44 -0.625 0.0173902
 33 -0.6 -0.624242 0.016872
 34 -0.68 -0.625882 0.0164502
 35 -0.68 -0.627429 0.0160479
 36 -0.6 -0.626667 0.0156144
 37 -0.68 -0.628108 0.0152548
 38 -0.68 -0.629474 0.0149106
 39 -0.68 -0.630769 0.0145809
 40 -0.6 -0.63 0.0142325
 41 -0.6 -0.629268 0.0139003
 42 -0.76 -0.632381 0.0139178
 43 -0.76 -0.635349 0.0139106
 44 -0.6 -0.634545 0.0136145
 45 -0.68 -0.635556 0.0133468
 46 -0.68 -0.636522 0.0130891
 47 -0.68 -0.637447 0.012841
 48 -0.52 -0.635 0.0128065
 49 -0.76 -0.637551 0.0127992
 50 -0.52 -0.6352 0.0127591
 51 -0.44 -0.631373 0.013079
 52 -0.44 -0.627692 0.0133426
 53 -0.68 -0.628679 0.0131256
 54 -0.6 -0.628148 0.0128912
 55 -0.76 -0.630545 0.0128797
 56 -0.76 -0.632857 0.0128571
 57 -0.68 -0.633684 0.0126566
 58 -0.6 -0.633103 0.01245
 59 -0.6 -0.632542 0.0122501
 60 -0.68 -0.633333 0.0120701
 61 -0.76 -0.63541 0.0120508
 62 -0.84 -0.63871 0.0123056
 63 -0.76 -0.640635 0.0122608
 64 -0.76 -0.6425 0.0122109
 65 -0.84 -0.645538 0.0123997
 66 -0.68 -0.646061 0.0122215
 67 -0.84 -0.648955 0.0123808
 68 -0.76 -0.650588 0.0123062
 69 -0.68 -0.651014 0.0121341
 70 -0.6 -0.650286 0.0119816
 71 -0.52 -0.648451 0.0119534
 72 -0.68 -0.648889 0.0117943
 73 -0.76 -0.650411 0.0117308
 74 -0.6 -0.64973 0.0115912
 75 -0.68 -0.650133 0.0114428
 76 -0.76 -0.651579 0.0113834
 77 -0.6 -0.650909 0.0112545
 78 -0.6 -0.650256 0.0111284
 79 -0.6 -0.64962 0.0110051
 80 -0.68 -0.65 0.0108733
 81 -0.44 -0.647407 0.0110467
 82 -0.44 -0.644878 0.0112005
 83 -0.44 -0.64241 0.0113367
 84 -0.6 -0.641905 0.0112123
 85 -0.68 -0.642353 0.0110887
 86 -0.6 -0.64186 0.0109701
 87 -0.68 -0.642299 0.0108521
 88 -0.6 -0.641818 0.0107388
 89 -0.68 -0.642247 0.0106261
 90 -0.52 -0.640889 0.0105948
 91 -0.52 -0.63956 0.0105617
 92 -0.6 -0.63913 0.0104551
 93 -0.68 -0.63957 0.0103514
 94 -0.68 -0.64 0.0102497
 95 -0.68 -0.640421 0.01015
 96 -0.68 -0.640833 0.0100521
 97 -0.68 -0.641237 0.00995615
 98 -0.68 -0.641633 0.00986197
 99 -0.68 -0.64202 0.00976954
 100 -0.68 -0.6424 0.0096788
 101 -0.6 -0.64198 0.00959168
 102 -0.68 -0.642353 0.00950449
 103 -0.68 -0.642718 0.00941886
 104 -0.76 -0.643846 0.00939577
 105 -0.76 -0.644952 0.00937138
 106 -0.76 -0.646038 0.00934579
 107 -0.76 -0.647103 0.00931909
 108 -0.68 -0.647407 0.00923743
 109 -0.68 -0.647706 0.00915717
 110 -0.6 -0.647273 0.0090839
 111 -0.76 -0.648288 0.0090588
 112 -0.84 -0.65 0.00913928
 113 -0.84 -0.651681 0.00921277
 114 -0.6 -0.651228 0.00914285
 115 -0.6 -0.650783 0.00907394
 116 -0.68 -0.651034 0.0089989
 117 -0.84 -0.65265 0.00906667
 118 -0.84 -0.654237 0.00912864
 119 -0.76 -0.655126 0.00909513
 120 -0.76 -0.656 0.00906126
 121 -0.76 -0.65686 0.00902707
 122 -0.76 -0.657705 0.0089926
 123 -0.68 -0.657886 0.00892103
 124 -0.44 -0.656129 0.00902157
 125 -0.52 -0.65504 0.00901513
 126 -0.6 -0.654603 0.00895396
 127 -0.52 -0.653543 0.00894618
 128 -0.44 -0.651875 0.00903143
 129 -0.52 -0.650853 0.00901927
 130 -0.68 -0.651077 0.00895243
 131 -0.6 -0.650687 0.00889238
 132 -0.52 -0.649697 0.00888012
 133 -0.52 -0.648722 0.00886689
 134 -0.6 -0.648358 0.00880798
 135 -0.44 -0.646815 0.00887768
 136 -0.52 -0.645882 0.00886136
 137 -0.76 -0.646715 0.00883579
 138 -0.6 -0.646377 0.00877806
 139 -0.6 -0.646043 0.00872106
 140 -0.68 -0.646286 0.00866194
 141 -0.76 -0.647092 0.00863802
 142 -0.6 -0.646761 0.00858338
 143 -0.6 -0.646434 0.00852942
 144 -0.6 -0.646111 0.00847611
 145 -0.68 -0.646345 0.0084207
 146 -0.68 -0.646575 0.008366
 147 -0.68 -0.646803 0.008312
 148 -0.76 -0.647568 0.00829101
 149 -0.76 -0.648322 0.00826967
 150 -0.76 -0.649067 0.00824803
 151 -0.76 -0.649801 0.00822609
 152 -0.6 -0.649474 0.00817836
 153 -0.6 -0.64915 0.00813116
 154 -0.6 -0.648831 0.00808449
 155 -0.44 -0.647484 0.00814438
 156 -0.44 -0.646154 0.00820058
 157 -0.52 -0.64535 0.0081877
 158 -0.76 -0.646076 0.00816801
 159 -0.68 -0.646289 0.00811928
 160 -0.76 -0.647 0.00809962
 161 -0.68 -0.647205 0.00805176
 162 -0.68 -0.647407 0.00800446
 163 -0.68 -0.647607 0.00795772
 164 -0.68 -0.647805 0.00791151
 165 -0.6 -0.647515 0.00786875
 166 -0.6 -0.647229 0.00782644
 167 -0.6 -0.646946 0.00778458
 168 -0.52 -0.64619 0.00777491
 169 -0.36 -0.644497 0.00791211
 170 -0.6 -0.644235 0.00786979
 171 -0.76 -0.644912 0.00785286
 172 -0.68 -0.645116 0.00780974
 173 -0.68 -0.645318 0.00776708
 174 -0.44 -0.644138 0.00781195
 175 -0.68 -0.644343 0.00776988
 176 -0.76 -0.645 0.00775351
 177 -0.68 -0.645198 0.00771211
 178 -0.68 -0.645393 0.00767116
 179 -0.6 -0.64514 0.00763239
 180 -0.6 -0.644889 0.00759402
 181 -0.52 -0.644199 0.0075834
 182 -0.6 -0.643956 0.00754553
 183 -0.6 -0.643716 0.00750802
 184 -0.68 -0.643913 0.00746971
 185 -0.52 -0.643243 0.00745936
 186 -0.68 -0.643441 0.00742178
 187 -0.6 -0.643209 0.00738564
 188 -0.6 -0.642979 0.00734984
 189 -0.6 -0.642751 0.00731438
 190 -0.52 -0.642105 0.00730441
 191 -0.44 -0.641047 0.00734271
 192 -0.52 -0.640417 0.00733153
 193 -0.6 -0.640207 0.00729645
 194 -0.52 -0.639588 0.00728514
 195 -0.44 -0.638564 0.0073196
 196 -0.52 -0.637959 0.00730724
 197 -0.68 -0.638173 0.00727318
 198 -0.6 -0.63798 0.00723892
 199 -0.6 -0.637789 0.00720498
 200 -0.52 -0.6372 0.00719302
 201 -0.68 -0.637413 0.00716031
 202 -0.52 -0.636832 0.00714844
 203 -0.6 -0.63665 0.00711546
 204 -0.52 -0.636078 0.00710354
 205 -0.44 -0.635122 0.00713322
 206 -0.52 -0.634563 0.00712048
 207 -0.6 -0.634396 0.00708796
 208 -0.6 -0.634231 0.00705574
 209 -0.6 -0.634067 0.00702381
 210 -0.76 -0.634667 0.00701596
 211 -0.76 -0.635261 0.00700785
 212 -0.76 -0.635849 0.00699949
 213 -0.44 -0.63493 0.00702697
 214 -0.52 -0.634393 0.00701464
 215 -0.44 -0.633488 0.00704024
 216 -0.52 -0.632963 0.00702724
 217 -0.28 -0.631336 0.00718141
 218 -0.36 -0.630092 0.00725594
 219 -0.44 -0.629224 0.0072747
 220 -0.52 -0.628727 0.00725856
 221 -0.68 -0.628959 0.00722936
 222 -0.76 -0.62955 0.00722089
 223 -0.6 -0.629417 0.00718966
 224 -0.6 -0.629286 0.00715869
 225 -0.44 -0.628444 0.00717629
 226 -0.76 -0.629027 0.00716814
 227 -0.6 -0.628899 0.00713764
 228 -0.76 -0.629474 0.00712949
 229 -0.68 -0.629694 0.00710172
 230 -0.6 -0.629565 0.00707195
 231 -0.6 -0.629437 0.00704243
 232 -0.52 -0.628966 0.00702786
 233 -0.44 -0.628155 0.00704447
 234 -0.6 -0.628034 0.00701533
 235 -0.76 -0.628596 0.00700795
 236 -0.76 -0.629153 0.00700037
 237 -0.68 -0.629367 0.00697407
 238 -0.68 -0.62958 0.00694797
 239 -0.52 -0.629121 0.00693401
 240 -0.6 -0.629 0.00690612
 241 -0.52 -0.628548 0.00689226
 242 -0.52 -0.628099 0.00687837
 243 -0.6 -0.627984 0.00685098
 244 -0.44 -0.627213 0.0068662
 245 -0.6 -0.627102 0.00683902
 246 -0.52 -0.626667 0.00682506
 247 -0.52 -0.626235 0.00681108
 248 -0.6 -0.626129 0.00678439
 249 -0.6 -0.626024 0.0067579
 250 -0.68 -0.62624 0.00673427
 251 -0.6 -0.626135 0.00670821
 252 -0.68 -0.626349 0.00668495
 253 -0.76 -0.626877 0.0066794
 254 -0.76 -0.627402 0.00667366
 255 -0.76 -0.627922 0.00666775
 256 -0.68 -0.628125 0.00664476
 257 -0.68 -0.628327 0.00662193
 258 -0.6 -0.628217 0.00659713
 259 -0.44 -0.62749 0.00661167
 260 -0.44 -0.626769 0.00662555
 261 -0.6 -0.626667 0.00660091
 262 -0.76 -0.627176 0.00659533
 263 -0.84 -0.627985 0.00661986
 264 -0.84 -0.628788 0.00664345
 265 -0.92 -0.629887 0.00670895
 266 -0.92 -0.630977 0.00677208
 267 -0.84 -0.63176 0.00679194
 268 -0.76 -0.632239 0.00678344
 269 -0.6 -0.632119 0.00675924
 270 -0.68 -0.632296 0.0067365
 271 -0.68 -0.632472 0.0067139
 272 -0.6 -0.632353 0.00669024
 273 -0.44 -0.631648 0.00670282
 274 -0.52 -0.631241 0.00669073
 275 -0.28 -0.629964 0.00678761
 276 -0.44 -0.629275 0.00679791
 277 -0.6 -0.62917 0.00677415
 278 -0.52 -0.628777 0.00676115
 279 -0.68 -0.628961 0.00673937
 280 -0.68 -0.629143 0.00671773
 281 -0.6 -0.629039 0.00669459
 282 -0.52 -0.628652 0.006682
 283 -0.6 -0.628551 0.00665912
 284 -0.6 -0.628451 0.00663639
 285 -0.44 -0.627789 0.00664604
 286 -0.44 -0.627133 0.00665523
 287 -0.52 -0.62676 0.0066425
 288 -0.52 -0.626389 0.00662977
 289 -0.68 -0.626574 0.00660939
 290 -0.68 -0.626759 0.00658913
 291 -0.68 -0.626942 0.006569
 292 -0.68 -0.627123 0.00654899
 293 -0.6 -0.627031 0.00652725
 294 -0.6 -0.626939 0.00650566
 295 -0.6 -0.626847 0.00648422
 296 -0.6 -0.626757 0.00646291
 297 -0.6 -0.626667 0.00644174
 298 -0.68 -0.626846 0.00642258
 299 -0.6 -0.626756 0.0064017
 300 -0.76 -0.6272 0.00639576
 301 -0.76 -0.627641 0.00638973
 302 -0.92 -0.628609 0.00644169
 303 -0.84 -0.629307 0.00645819
 304 -0.76 -0.629737 0.00645125
 305 -0.76 -0.630164 0.00644424
 306 -0.76 -0.630588 0.00643714
 307 -0.76 -0.63101 0.00642997
 308 -0.6 -0.630909 0.00640985
 309 -0.6 -0.630809 0.00638986
 310 -0.68 -0.630968 0.00637119
 311 -0.76 -0.631383 0.00636421
 312 -0.68 -0.631538 0.00634569
 313 -0.76 -0.631949 0.00633868
 314 -0.68 -0.632102 0.00632032
 315 -0.68 -0.632254 0.00630206
 316 -0.44 -0.631646 0.00631147
 317 -0.52 -0.631293 0.00630138
 318 -0.6 -0.631195 0.0062823
 319 -0.76 -0.631599 0.00627558
 320 -0.76 -0.632 0.0062688
 321 -0.76 -0.632399 0.00626195
 322 -0.76 -0.632795 0.00625503
 323 -0.6 -0.632693 0.00623646
 324 -0.68 -0.63284 0.0062189
 325 -0.68 -0.632985 0.00620143
 326 -0.6 -0.632883 0.00618321
 327 -0.68 -0.633028 0.00616596
 328 -0.76 -0.633415 0.00615931
 329 -0.76 -0.633799 0.0061526
 330 -0.68 -0.633939 0.00613552
 331 -0.68 -0.634079 0.00611854
 332 -0.68 -0.634217 0.00610165
 333 -0.6 -0.634114 0.00608417
 334 -0.68 -0.634251 0.00606748
 335 -0.6 -0.634149 0.00605021
 336 -0.68 -0.634286 0.00603372
 337 -0.6 -0.634184 0.00601665
 338 -0.76 -0.634556 0.00601036
 339 -0.68 -0.63469 0.0059941
 340 -0.68 -0.634824 0.00597793
 341 -0.52 -0.634487 0.00596988
 342 -0.6 -0.634386 0.00595325
 343 -0.52 -0.634052 0.00594523
 344 -0.52 -0.633721 0.00593718
 345 -0.6 -0.633623 0.00592076
 346 -0.76 -0.633988 0.00591491
 347 -0.52 -0.63366 0.00590698
 348 -0.52 -0.633333 0.00589903
 349 -0.52 -0.633009 0.00589106
 350 -0.52 -0.632686 0.00588307
 351 -0.6 -0.632593 0.00586703
 352 -0.68 -0.632727 0.00585188
 353 -0.68 -0.632861 0.00583682
 354 -0.68 -0.632994 0.00582183
 355 -0.68 -0.633127 0.00580692
 356 -0.52 -0.632809 0.0057993
 357 -0.36 -0.632045 0.0058333
 358 -0.68 -0.632179 0.00581852
 359 -0.68 -0.632312 0.00580382
 360 -0.6 -0.632222 0.00578837
 361 -0.6 -0.632133 0.00577301
 362 -0.76 -0.632486 0.00576786
 363 -0.6 -0.632397 0.00575265
 364 -0.68 -0.632527 0.00573831
 365 -0.68 -0.632658 0.00572405
 366 -0.52 -0.63235 0.00571668
 367 -0.52 -0.632044 0.0057093
 368 -0.6 -0.631957 0.00569443
 369 -0.6 -0.63187 0.00567963
 370 -0.52 -0.631568 0.00567233
 371 -0.52 -0.631267 0.005665
 372 -0.52 -0.630968 0.00565767
 373 -0.44 -0.630456 0.00566566
 374 -0.6 -0.630374 0.00565108
 375 -0.52 -0.63008 0.00564367
 376 -0.68 -0.630213 0.0056302
 377 -0.84 -0.630769 0.00564275
 378 -0.84 -0.631323 0.00565496
 379 -0.84 -0.631873 0.00566683
 380 -0.84 -0.632421 0.00567838
 381 -0.84 -0.632966 0.0056896
 382 -0.84 -0.633508 0.00570051
 383 -0.92 -0.634256 0.0057346
 384 -0.76 -0.634583 0.00572901
 385 -0.68 -0.634701 0.00571533
 386 -0.6 -0.634611 0.00570121
 387 -0.6 -0.634522 0.00568716
 388 -0.6 -0.634433 0.00567319
 389 -0.6 -0.634344 0.00565927
 390 -0.68 -0.634462 0.00564596
 391 -0.36 -0.63376 0.00567508
 392 -0.6 -0.633673 0.00566124
 393 -0.52 -0.633384 0.00565422
 394 -0.68 -0.633503 0.00564109
 395 -0.68 -0.63362 0.00562802
 396 -0.52 -0.633333 0.00562112
 397 -0.44 -0.632846 0.00562805
 398 -0.76 -0.633166 0.00562298
 399 -0.76 -0.633484 0.00561787
 400 -0.68 -0.6336 0.00560501
 401 -0.68 -0.633716 0.00559221
 402 -0.68 -0.633831 0.00557947
 403 -0.68 -0.633945 0.00556679
 404 -0.6 -0.633861 0.00555363
 405 -0.68 -0.633975 0.00554107
 406 -0.6 -0.633892 0.00552804
 407 -0.76 -0.634201 0.00552314
 408 -0.6 -0.634118 0.00551022
 409 -0.6 -0.634034 0.00549737
 410 -0.68 -0.634146 0.00548509
 411 -0.76 -0.634453 0.00548029
 412 -0.68 -0.634563 0.00546809
 413 -0.76 -0.634867 0.00546328
 414 -0.76 -0.635169 0.00545844
 415 -0.84 -0.635663 0.0054676
 416 -0.84 -0.636154 0.00547651
 417 -0.76 -0.636451 0.00547143
 418 -0.76 -0.636746 0.00546632
 419 -0.68 -0.63685 0.00545423
 420 -0.6 -0.636762 0.00544194
 421 -0.6 -0.636675 0.0054297
 422 -0.52 -0.636398 0.00542387
 423 -0.84 -0.636879 0.0054324
 424 -0.76 -0.63717 0.00542734
 425 -0.68 -0.637271 0.0054155
 426 -0.6 -0.637183 0.00540348
 427 -0.68 -0.637283 0.00539174
 428 -0.52 -0.637009 0.0053861
 429 -0.84 -0.637483 0.00539433
 430 -0.84 -0.637953 0.00540234
 431 -0.52 -0.63768 0.00539673
 432 -0.6 -0.637593 0.00538493
 433 -0.6 -0.637506 0.00537318
 434 -0.6 -0.637419 0.00536148
 435 -0.44 -0.636966 0.00536836
 436 -0.52 -0.636697 0.00536275
 437 -0.52 -0.63643 0.00535712
 438 -0.68 -0.63653 0.0053458
 439 -0.76 -0.636811 0.00534102
 440 -0.76 -0.637091 0.00533622
 441 -0.6 -0.637007 0.00532477
 442 -0.52 -0.636742 0.0053193
 443 -0.6 -0.636659 0.00530793
 444 -0.36 -0.636036 0.00533249
 445 -0.6 -0.635955 0.00532111
 446 -0.68 -0.636054 0.00531008
 447 -0.44 -0.635615 0.00531631
 448 -0.52 -0.635357 0.00531071
 449 -0.52 -0.6351 0.00530509
 450 -0.68 -0.6352 0.00529423
 451 -0.76 -0.635477 0.00528972
 452 -0.68 -0.635575 0.00527892
 453 -0.6 -0.635497 0.00526784
 454 -0.6 -0.635419 0.00525681
 455 -0.68 -0.635516 0.00524616
 456 -0.6 -0.635439 0.00523522
 457 -0.68 -0.635536 0.00522466
 458 -0.6 -0.635459 0.00521382
 459 -0.44 -0.635033 0.00521985
 460 -0.36 -0.634435 0.00524269
 461 -0.52 -0.634187 0.00523719
 462 -0.52 -0.633939 0.00523169
 463 -0.52 -0.633693 0.00522617
 464 -0.52 -0.633448 0.00522065
 465 -0.52 -0.633204 0.00521512
 466 -0.68 -0.633305 0.00520488
 467 -0.76 -0.633576 0.00520081
 468 -0.6 -0.633504 0.00519018
 469 -0.6 -0.633433 0.00517959
 470 -0.68 -0.633532 0.00516951
 471 -0.76 -0.6338 0.00516551
 472 -0.68 -0.633898 0.00515548
 473 -0.68 -0.633996 0.00514549
 474 -0.68 -0.634093 0.00513554
 475 -0.68 -0.634189 0.00512563
 476 -0.84 -0.634622 0.00513309
 477 -0.6 -0.634549 0.00512284
 478 -0.52 -0.63431 0.00511772
 479 -0.6 -0.634238 0.00510753
 480 -0.52 -0.634 0.00510243
 481 -0.6 -0.633929 0.0050923
 482 -0.68 -0.634025 0.00508262
 483 -0.76 -0.634286 0.00507879
 484 -0.6 -0.634215 0.00506878
 485 -0.68 -0.634309 0.0050592
 486 -0.6 -0.634239 0.00504927
 487 -0.6 -0.634168 0.00503939
 488 -0.6 -0.634098 0.00502954
 489 -0.52 -0.633865 0.00502466
 490 -0.76 -0.634122 0.005021
 491 -0.6 -0.634053 0.00501124
 492 -0.76 -0.634309 0.0050076
 493 -0.76 -0.634564 0.00500393
 494 -0.68 -0.634656 0.00499464
 495 -0.6 -0.634586 0.00498503
 496 -0.68 -0.634677 0.00497581
 497 -0.6 -0.634608 0.00496628
 498 -0.6 -0.634538 0.00495678
 499 -0.68 -0.634629 0.00494768
 500 -0.6 -0.63456 0.00493826
 501 -0.6 -0.634491 0.00492887
 502 -0.6 -0.634422 0.00491952
 503 -0.68 -0.634513 0.00491057
 504 -0.68 -0.634603 0.00490165
 505 -0.6 -0.634535 0.00489241
 506 -0.6 -0.634466 0.00488321
 507 -0.52 -0.634241 0.0048788
 508 -0.52 -0.634016 0.00487437
 509 -0.68 -0.634106 0.00486563
 510 -0.6 -0.634039 0.00485654
 511 -0.68 -0.634129 0.00484786
 512 -0.68 -0.634219 0.00483921
 513 -0.76 -0.634464 0.00483599
 514 -0.6 -0.634397 0.00482704
 515 -0.6 -0.63433 0.00481812
 516 -0.6 -0.634264 0.00480923
 517 -0.68 -0.634352 0.00480073
 518 -0.76 -0.634595 0.00479759
 519 -0.52 -0.634374 0.00479343
 520 -0.44 -0.634 0.00479878
 521 -0.52 -0.633781 0.00479456
 522 -0.6 -0.633716 0.0047858
 523 -0.76 -0.633958 0.00478274
 524 -0.68 -0.634046 0.00477441
 525 -0.68 -0.634133 0.00476611
 526 -0.76 -0.634373 0.00476306
 527 -0.76 -0.634611 0.00475999
 528 -0.68 -0.634697 0.00475174
 529 -0.68 -0.634783 0.00474352
 530 -0.52 -0.634566 0.00473951
 531 -0.68 -0.634652 0.00473135
 532 -0.6 -0.634586 0.0047229
 533 -0.68 -0.634672 0.0047148
 534 -0.6 -0.634607 0.00470641
 535 -0.68 -0.634692 0.00469837
 536 -0.6 -0.634627 0.00469005
 537 -0.52 -0.634413 0.00468617
 538 -0.68 -0.634498 0.00467822
 539 -0.68 -0.634583 0.00467029
 540 -0.52 -0.63437 0.00466646
 541 -0.52 -0.634159 0.00466262
 542 -0.52 -0.633948 0.00465878
 543 -0.76 -0.63418 0.00465598
 544 -0.76 -0.634412 0.00465317
 545 -0.6 -0.634349 0.00464505
 546 -0.52 -0.634139 0.00464126
 547 -0.52 -0.633931 0.00463747
 548 -0.68 -0.634015 0.00462976
 549 -0.68 -0.634098 0.00462208
 550 -0.6 -0.634036 0.00461408
 551 -0.6 -0.633975 0.00460611
 552 -0.52 -0.633768 0.0046024
 553 -0.76 -0.633996 0.00459973
 554 -0.68 -0.634079 0.00459217
 555 -0.76 -0.634306 0.0045895
 556 -0.76 -0.634532 0.00458682
 557 -0.76 -0.634758 0.00458411
 558 -0.68 -0.634839 0.00457661
 559 -0.76 -0.635063 0.0045739
 560 -0.68 -0.635143 0.00456643
 561 -0.52 -0.634938 0.0045629
 562 -0.52 -0.634733 0.00455936
 563 -0.76 -0.634956 0.00455669
 564 -0.6 -0.634894 0.00454903
 565 -0.52 -0.63469 0.00454552
 566 -0.6 -0.634629 0.00453789
 567 -0.6 -0.634568 0.0045303
 568 -0.52 -0.634366 0.00452681
 569 -0.44 -0.634025 0.00453174
 570 -0.6 -0.633965 0.00452418
 571 -0.76 -0.634186 0.00452164
 572 -0.76 -0.634406 0.00451908
 573 -0.76 -0.634625 0.00451651
 574 -0.6 -0.634564 0.00450904
 575 -0.76 -0.634783 0.00450647
 576 -0.84 -0.635139 0.00451273
 577 -0.76 -0.635355 0.00451009
 578 -0.52 -0.635156 0.0045067
 579 -0.6 -0.635095 0.00449932
 580 -0.76 -0.63531 0.00449672
 581 -0.68 -0.635387 0.00448963
 582 -0.6 -0.635326 0.00448232
 583 -0.52 -0.635129 0.004479
 584 -0.44 -0.634795 0.00448379
 585 -0.52 -0.634598 0.00448042
 586 -0.6 -0.634539 0.00447316
 587 -0.6 -0.63448 0.00446592
 588 -0.52 -0.634286 0.00446256
 589 -0.68 -0.634363 0.00445566
 590 -0.6 -0.634305 0.00444848
 591 -0.68 -0.634382 0.00444162
 592 -0.68 -0.634459 0.00443478
 593 -0.68 -0.634536 0.00442796
 594 -0.68 -0.634613 0.00442116
 595 -0.6 -0.634555 0.00441411
 596 -0.44 -0.634228 0.00441877
 597 -0.52 -0.634037 0.00441551
 598 -0.68 -0.634114 0.00440879
 599 -0.84 -0.634457 0.00441482
 600 -0.68 -0.634533 0.00440811
 601 -0.44 -0.63421 0.00441266
 602 -0.6 -0.634153 0.00440569
 603 -0.6 -0.634096 0.00439874
 604 -0.52 -0.633907 0.00439552
 605 -0.76 -0.634116 0.00439319
 606 -0.84 -0.634455 0.00439907
 607 -0.68 -0.63453 0.00439246
 608 -0.68 -0.634605 0.00438587
 609 -0.52 -0.634417 0.0043827
 610 -0.36 -0.633967 0.00439858
 611 -0.76 -0.634173 0.00439622
 612 -0.6 -0.634118 0.00438938
 613 -0.52 -0.633931 0.00438617
 614 -0.6 -0.633876 0.00437937
 615 -0.68 -0.633951 0.00437288
 616 -0.68 -0.634026 0.00436642
 617 -0.68 -0.6341 0.00435997
 618 -0.68 -0.634175 0.00435355
 619 -0.6 -0.63412 0.00434686
 620 -0.76 -0.634323 0.00434459
 621 -0.68 -0.634396 0.00433821
 622 -0.6 -0.634341 0.00433158
 623 -0.6 -0.634286 0.00432497
 624 -0.6 -0.634231 0.00431839
 625 -0.6 -0.634176 0.00431182
 626 -0.6 -0.634121 0.00430527
 627 -0.76 -0.634322 0.00430309
 628 -0.68 -0.634395 0.00429685
 629 -0.84 -0.634722 0.00430244
 630 -0.68 -0.634794 0.00429621
 631 -0.76 -0.634992 0.00429398
 632 -0.6 -0.634937 0.00428754
 633 -0.68 -0.635008 0.00428135
 634 -0.44 -0.6347 0.00428565
 635 -0.52 -0.63452 0.0042827
 636 -0.52 -0.63434 0.00427976
 637 -0.76 -0.634537 0.00427758
 638 -0.52 -0.634357 0.00427464
 639 -0.44 -0.634053 0.00427877
 640 -0.68 -0.634125 0.00427269
 641 -0.68 -0.634197 0.00426662
 642 -0.6 -0.634143 0.0042603
 643 -0.52 -0.633966 0.00425737
 644 -0.6 -0.633913 0.00425108
 645 -0.68 -0.633984 0.00424509
 646 -0.52 -0.633808 0.00424218
 647 -0.52 -0.633632 0.00423927
 648 -0.6 -0.63358 0.00423304
 649 -0.76 -0.633775 0.004231
 650 -0.68 -0.633846 0.00422508
 651 -0.76 -0.63404 0.00422304
 652 -0.52 -0.633865 0.00422018
 653 -0.6 -0.633813 0.00421403
 654 -0.6 -0.633761 0.0042079
 655 -0.52 -0.633588 0.00420506
 656 -0.44 -0.633293 0.004209
 657 -0.68 -0.633364 0.00420319
 658 -0.68 -0.633435 0.0041974
 659 -0.68 -0.633505 0.00419162
 660 -0.76 -0.633697 0.00418965
 661 -0.68 -0.633767 0.00418389
 662 -0.68 -0.633837 0.00417815
 663 -0.68 -0.633906 0.00417243
 664 -0.6 -0.633855 0.00416645
 665 -0.6 -0.633805 0.00416049
 666 -0.52 -0.633634 0.00415775
 667 -0.6 -0.633583 0.00415182
 668 -0.52 -0.633413 0.00414909
 669 -0.52 -0.633244 0.00414635
 670 -0.6 -0.633194 0.00414045
 671 -0.6 -0.633145 0.00413457
 672 -0.6 -0.633095 0.00412871
 673 -0.44 -0.632808 0.00413254
 674 -0.36 -0.632404 0.00414621
 675 -0.44 -0.632119 0.00414987
 676 -0.52 -0.631953 0.00414704
 677 -0.68 -0.632024 0.00414152
 678 -0.68 -0.632094 0.00413601
 679 -0.68 -0.632165 0.00413052
 680 -0.76 -0.632353 0.00412872
 681 -0.68 -0.632423 0.00412325
 682 -0.76 -0.63261 0.00412144
 683 -0.84 -0.632914 0.00412659
 684 -0.84 -0.633216 0.00413166
 685 -0.84 -0.633518 0.00413666
 686 -0.76 -0.633703 0.00413473
 687 -0.84 -0.634003 0.00413962
 688 -0.92 -0.634419 0.00415445
 689 -0.76 -0.634601 0.00415241
 690 -0.92 -0.635014 0.00416697
 691 -0.84 -0.635311 0.0041715
 692 -0.84 -0.635607 0.00417595
 693 -0.84 -0.635902 0.00418034
 694 -0.76 -0.636081 0.00417814
 695 -0.84 -0.636374 0.00418243
 696 -0.68 -0.636437 0.00417689
 697 -0.6 -0.636385 0.00417122
 698 -0.68 -0.636447 0.00416571
 699 -0.6 -0.636395 0.00416007
 700 -0.6 -0.636343 0.00415445
 701 -0.44 -0.636063 0.00415796
 702 -0.52 -0.635897 0.00415532
 703 -0.68 -0.63596 0.00414988
 704 -0.68 -0.636023 0.00414446
 705 -0.6 -0.635972 0.00413889
 706 -0.52 -0.635807 0.00413629
 707 -0.6 -0.635757 0.00413074
 708 -0.76 -0.635932 0.00412863
 709 -0.6 -0.635882 0.00412312
 710 -0.68 -0.635944 0.00411778
 711 -0.68 -0.636006 0.00411245
 712 -0.68 -0.636067 0.00410713
 713 -0.76 -0.636241 0.00410505
 714 -0.6 -0.63619 0.00409961
 715 -0.76 -0.636364 0.00409753
 716 -0.68 -0.636425 0.00409226
 717 -0.68 -0.636485 0.004087
 718 -0.76 -0.636657 0.00408493
 719 -0.6 -0.636606 0.00407956
 720 -0.44 -0.636333 0.00408303
 721 -0.44 -0.636061 0.00408645
 722 -0.68 -0.636122 0.00408124
 723 -0.6 -0.636072 0.0040759
 724 -0.68 -0.636133 0.00407071
 725 -0.76 -0.636303 0.00406868
 726 -0.6 -0.636253 0.00406338
 727 -0.6 -0.636204 0.0040581
 728 -0.6 -0.636154 0.00405282
 729 -0.68 -0.636214 0.00404771
 730 -0.76 -0.636384 0.00404571
 731 -0.76 -0.636553 0.00404371
 732 -0.68 -0.636612 0.00403862
 733 -0.68 -0.636671 0.00403354
 734 -0.68 -0.63673 0.00402848
 735 -0.76 -0.636898 0.00402649
 736 -0.76 -0.637065 0.00402449
 737 -0.76 -0.637232 0.00402248
 738 -0.76 -0.637398 0.00402047
 739 -0.68 -0.637456 0.00401544
 740 -0.76 -0.637622 0.00401343
 741 -0.68 -0.637679 0.00400842
 742 -0.6 -0.637628 0.00400333
 743 -0.52 -0.63747 0.00400108
 744 -0.6 -0.637419 0.00399601
 745 -0.68 -0.637477 0.00399105
 746 -0.68 -0.637534 0.00398611
 747 -0.68 -0.63759 0.00398117
 748 -0.76 -0.637754 0.00397921
 749 -0.68 -0.63781 0.0039743
 750 -0.52 -0.637653 0.0039721
 751 -0.6 -0.637603 0.00396713
 752 -0.68 -0.63766 0.00396225
 753 -0.84 -0.637928 0.0039661
 754 -0.84 -0.638196 0.00396989
 755 -0.76 -0.638358 0.00396791
 756 -0.84 -0.638624 0.00397162
 757 -0.76 -0.638785 0.00396961
 758 -0.84 -0.63905 0.00397325
 759 -0.84 -0.639315 0.00397684
 760 -0.92 -0.639684 0.00398873
 761 -0.92 -0.640053 0.00400048
 762 -0.68 -0.640105 0.00399557
 763 -0.68 -0.640157 0.00399068
 764 -0.6 -0.640105 0.0039858
 765 -0.52 -0.639948 0.00398368
 766 -0.6 -0.639896 0.00397882
 767 -0.6 -0.639844 0.00397397
 768 -0.6 -0.639792 0.00396913
 769 -0.68 -0.639844 0.00396431
 770 -0.6 -0.639792 0.00395949
 771 -0.68 -0.639844 0.0039547
 772 -0.6 -0.639793 0.00394991
 773 -0.52 -0.639638 0.00394784
 774 -0.52 -0.639483 0.00394576
 775 -0.52 -0.639329 0.00394368
 776 -0.52 -0.639175 0.0039416
 777 -0.68 -0.639228 0.00393687
 778 -0.68 -0.63928 0.00393216
 779 -0.76 -0.639435 0.00393016
 780 -0.76 -0.63959 0.00392817
 781 -0.76 -0.639744 0.00392616
 782 -0.68 -0.639795 0.00392147
 783 -0.68 -0.639847 0.0039168
 784 -0.68 -0.639898 0.00391214
 785 -0.44 -0.639643 0.00391544
 786 -0.44 -0.639389 0.00391869
 787 -0.6 -0.639339 0.00391403
 788 -0.68 -0.639391 0.0039094
 789 -0.52 -0.63924 0.00390738
 790 -0.52 -0.639089 0.00390534
 791 -0.6 -0.639039 0.00390072
 792 -0.68 -0.639091 0.00389613
 793 -0.6 -0.639042 0.00389153
 794 -0.6 -0.638992 0.00388693
 795 -0.6 -0.638943 0.00388235
 796 -0.52 -0.638794 0.00388035
 797 -0.52 -0.638645 0.00387834
 798 -0.52 -0.638496 0.00387633
 799 -0.52 -0.638348 0.00387432
 800 -0.52 -0.6382 0.0038723
 801 -0.44 -0.637953 0.00387537
 802 -0.6 -0.637905 0.00387082
 803 -0.76 -0.638057 0.00386899
 804 -0.6 -0.63801 0.00386446
 805 -0.44 -0.637764 0.00386749
 806 -0.44 -0.637519 0.00387047
 807 -0.52 -0.637373 0.00386842
 808 -0.36 -0.63703 0.00387885
 809 -0.52 -0.636885 0.00387675
 810 -0.6 -0.63684 0.00387223
 811 -0.6 -0.636794 0.00386772
 812 -0.44 -0.636552 0.00387054
 813 -0.6 -0.636507 0.00386604
 814 -0.52 -0.636364 0.00386394
 815 -0.6 -0.636319 0.00385946
 816 -0.68 -0.636373 0.00385509
 817 -0.76 -0.636524 0.00385335
 818 -0.68 -0.636577 0.003849
 819 -0.76 -0.636728 0.00384725
 820 -0.68 -0.63678 0.00384292
 821 -0.68 -0.636833 0.00383859
 822 -0.68 -0.636886 0.00383428
 823 -0.68 -0.636938 0.00382998
 824 -0.6 -0.636893 0.00382559
 825 -0.68 -0.636945 0.00382131
 826 -0.76 -0.637094 0.00381958
 827 -0.76 -0.637243 0.00381786
 828 -0.76 -0.637391 0.00381612
 829 -0.84 -0.637636 0.00381935
 830 -0.76 -0.637783 0.00381759
 831 -0.92 -0.638123 0.00382809
 832 -0.84 -0.638365 0.00383117
 833 -0.84 -0.638607 0.00383422
 834 -0.68 -0.638657 0.00382994
 835 -0.52 -0.638515 0.00382799
 836 -0.6 -0.638469 0.00382369
 837 -0.52 -0.638327 0.00382174
 838 -0.6 -0.638282 0.00381745
 839 -0.76 -0.638427 0.00381565
 840 -0.68 -0.638476 0.00381143
 841 -0.68 -0.638526 0.00380722
 842 -0.6 -0.63848 0.00380297
 843 -0.84 -0.638719 0.00380597
 844 -0.76 -0.638863 0.00380417
 845 -0.76 -0.639006 0.00380237
 846 -0.84 -0.639243 0.0038053
 847 -0.76 -0.639386 0.00380347
 848 -0.84 -0.639623 0.00380634
 849 -0.84 -0.639859 0.00380918
 850 -0.68 -0.639906 0.00380499
 851 -0.68 -0.639953 0.0038008
 852 -0.6 -0.639906 0.00379663
 853 -0.68 -0.639953 0.00379247
 854 -0.6 -0.639906 0.00378831
 855 -0.68 -0.639953 0.00378417
 856 -0.6 -0.639907 0.00378004
 857 -0.6 -0.63986 0.00377591
 858 -0.44 -0.639627 0.00377869
 859 -0.6 -0.639581 0.00377457
 860 -0.52 -0.639442 0.00377274
 861 -0.68 -0.639489 0.00376865
 862 -0.76 -0.639629 0.00376688
 863 -0.76 -0.639768 0.00376509
 864 -0.68 -0.639815 0.00376102
 865 -0.6 -0.639769 0.00375695
 866 -0.6 -0.639723 0.00375289
 867 -0.6 -0.639677 0.00374884
 868 -0.68 -0.639724 0.00374481
 869 -0.68 -0.63977 0.00374078
 870 -0.68 -0.639816 0.00373677
 871 -0.52 -0.639679 0.00373501
 872 -0.52 -0.639541 0.00373325
 873 -0.52 -0.639404 0.00373148
 874 -0.76 -0.639542 0.00372976
 875 -0.68 -0.639589 0.00372578
 876 -0.52 -0.639452 0.00372403
 877 -0.6 -0.639407 0.00372005
 878 -0.6 -0.639362 0.00371609
 879 -0.6 -0.639317 0.00371213
 880 -0.52 -0.639182 0.00371038
 881 -0.52 -0.639047 0.00370864
 882 -0.52 -0.638912 0.00370689
 883 -0.6 -0.638867 0.00370295
 884 -0.68 -0.638914 0.00369905
 885 -0.68 -0.63896 0.00369516
 886 -0.68 -0.639007 0.00369128
 887 -0.6 -0.638963 0.00368738
 888 -0.52 -0.638829 0.00368566
 889 -0.6 -0.638785 0.00368177
 890 -0.6 -0.638742 0.00367789
 891 -0.52 -0.638608 0.00367617
 892 -0.68 -0.638655 0.00367234
 893 -0.76 -0.638791 0.00367075
 894 -0.68 -0.638837 0.00366693
 895 -0.6 -0.638793 0.00366308
 896 -0.68 -0.638839 0.00365928
 897 -0.6 -0.638796 0.00365546
 898 -0.6 -0.638753 0.00365164
 899 -0.52 -0.638621 0.00364997
 900 -0.36 -0.638311 0.00365903
 901 -0.52 -0.63818 0.00365732
 902 -0.68 -0.638226 0.00365356
 903 -0.6 -0.638184 0.00364976
 904 -0.6 -0.638142 0.00364596
 905 -0.6 -0.638099 0.00364218
 906 -0.6 -0.638057 0.0036384
 907 -0.52 -0.637927 0.00363671
 908 -0.76 -0.638062 0.00363519
 909 -0.68 -0.638108 0.00363149
 910 -0.68 -0.638154 0.00362778
 911 -0.68 -0.6382 0.00362409
 912 -0.68 -0.638246 0.00362041
 913 -0.6 -0.638204 0.00361668
 914 -0.6 -0.638162 0.00361296
 915 -0.6 -0.63812 0.00360925
 916 -0.6 -0.638079 0.00360555
 917 -0.52 -0.63795 0.00360392
 918 -0.52 -0.637821 0.00360228
 919 -0.6 -0.63778 0.0035986
 920 -0.68 -0.637826 0.00359497
 921 -0.6 -0.637785 0.0035913
 922 -0.52 -0.637657 0.00358968
 923 -0.52 -0.63753 0.00358805
 924 -0.44 -0.637316 0.00359054
 925 -0.44 -0.637103 0.00359299
 926 -0.68 -0.637149 0.00358941
 927 -0.68 -0.637195 0.00358583
 928 -0.6 -0.637155 0.00358219
 929 -0.68 -0.637201 0.00357863
 930 -0.76 -0.637333 0.00357722
 931 -0.6 -0.637293 0.0035736
 932 -0.6 -0.637253 0.00356999
 933 -0.76 -0.637385 0.00356858
 934 -0.6 -0.637345 0.00356499
 935 -0.6 -0.637305 0.0035614
 936 -0.68 -0.63735 0.00355788
 937 -0.6 -0.637311 0.00355431
 938 -0.68 -0.637356 0.00355081
 939 -0.6 -0.637316 0.00354725
 940 -0.76 -0.637447 0.00354587
 941 -0.6 -0.637407 0.00354233
 942 -0.52 -0.637282 0.00354076
 943 -0.52 -0.637158 0.00353919
 944 -0.52 -0.637034 0.00353761
 945 -0.68 -0.637079 0.00353416
 946 -0.76 -0.637209 0.00353281
 947 -0.76 -0.637339 0.00353146
 948 -0.76 -0.637468 0.00353011
 949 -0.68 -0.637513 0.00352667
 950 -0.68 -0.637558 0.00352324
 951 -0.68 -0.637603 0.00351982
 952 -0.76 -0.637731 0.00351847
 953 -0.76 -0.637859 0.00351711
 954 -0.76 -0.637987 0.00351576
 955 -0.68 -0.638031 0.00351235
 956 -0.76 -0.638159 0.00351099
 957 -0.76 -0.638286 0.00350963
 958 -0.68 -0.63833 0.00350624
 959 -0.68 -0.638373 0.00350285
 960 -0.68 -0.638417 0.00349947
 961 -0.76 -0.638543 0.00349811
 962 -0.68 -0.638586 0.00349474
 963 -0.68 -0.638629 0.00349137
 964 -0.6 -0.638589 0.00348798
 965 -0.6 -0.638549 0.00348459
 966 -0.52 -0.638427 0.00348315
 967 -0.52 -0.638304 0.0034817
 968 -0.52 -0.638182 0.00348024
 969 -0.76 -0.638308 0.00347892
 970 -0.68 -0.638351 0.0034756
 971 -0.6 -0.638311 0.00347224
 972 -0.6 -0.638272 0.00346889
 973 -0.76 -0.638397 0.00346758
 974 -0.68 -0.638439 0.00346428
 975 -0.6 -0.6384 0.00346095
 976 -0.6 -0.638361 0.00345763
 977 -0.68 -0.638403 0.00345435
 978 -0.52 -0.638282 0.00345294
 979 -0.6 -0.638243 0.00344963
 980 -0.76 -0.638367 0.00344835
 981 -0.76 -0.638491 0.00344707
 982 -0.84 -0.638697 0.00344966
 983 -0.76 -0.63882 0.00344836
 984 -0.84 -0.639024 0.00345092
 985 -0.84 -0.639228 0.00345344
 986 -0.44 -0.639026 0.00345585
 987 -0.36 -0.638744 0.0034639
 988 -0.6 -0.638704 0.00346062
 989 -0.6 -0.638665 0.00345734
 990 -0.52 -0.638545 0.00345592
 991 -0.52 -0.638426 0.00345451
 992 -0.6 -0.638387 0.00345124
 993 -0.6 -0.638348 0.00344798
 994 -0.68 -0.63839 0.00344476
 995 -0.68 -0.638432 0.00344155
 996 -0.76 -0.638554 0.00344026
 997 -0.6 -0.638516 0.00343703
 998 -0.6 -0.638477 0.0034338
 999 -0.6 -0.638438 0.00343058
 1000 -0.68 -0.63848 0.0034274
 1001 -0.68 -0.638521 0.00342422
 1002 -0.52 -0.638403 0.00342285
 1003 -0.6 -0.638365 0.00341965
 1004 -0.68 -0.638406 0.00341649
 1005 -0.68 -0.638448 0.00341334
 1006 -0.52 -0.63833 0.00341198
 1007 -0.68 -0.638371 0.00340884
 1008 -0.68 -0.638413 0.00340571
 1009 -0.6 -0.638375 0.00340254
 1010 -0.68 -0.638416 0.00339942
 1011 -0.76 -0.638536 0.00339819
 1012 -0.84 -0.638735 0.00340066
 1013 -0.76 -0.638855 0.00339941
 1014 -0.6 -0.638817 0.00339627
 1015 -0.68 -0.638857 0.00339316
 1016 -0.6 -0.638819 0.00339004
 1017 -0.6 -0.638781 0.00338692
 1018 -0.6 -0.638743 0.0033838
 1019 -0.6 -0.638705 0.0033807
 1020 -0.52 -0.638588 0.00337938
 1021 -0.6 -0.63855 0.00337628
 1022 -0.6 -0.638513 0.00337319
 1023 -0.52 -0.638397 0.00337188
 1024 -0.6 -0.638359 0.0033688
 1025 -0.68 -0.6384 0.00336575
 1026 -0.68 -0.638441 0.00336272
 1027 -0.76 -0.638559 0.00336152
 1028 -0.76 -0.638677 0.00336033
 1029 -0.76 -0.638795 0.00335913
 1030 -0.68 -0.638835 0.00335611
 1031 -0.52 -0.63872 0.00335483
 1032 -0.52 -0.638605 0.00335355
 1033 -0.6 -0.638567 0.00335051
 1034 -0.6 -0.63853 0.00334748
 1035 -0.6 -0.638493 0.00334445
 1036 -0.68 -0.638533 0.00334146
 1037 -0.52 -0.638419 0.00334019
 1038 -0.52 -0.638304 0.00333892
 1039 -0.52 -0.638191 0.00333765
 1040 -0.6 -0.638154 0.00333464
 1041 -0.68 -0.638194 0.00333168
 1042 -0.68 -0.638234 0.00332872
 1043 -0.76 -0.638351 0.00332758
 1044 -0.76 -0.638467 0.00332643
 1045 -0.76 -0.638584 0.00332528
 1046 -0.76 -0.6387 0.00332413
 1047 -0.84 -0.638892 0.00332651
 1048 -0.44 -0.638702 0.00332875
 1049 -0.6 -0.638665 0.00332578
 1050 -0.76 -0.638781 0.00332462
 1051 -0.76 -0.638896 0.00332346
 1052 -0.68 -0.638935 0.00332053
 1053 -0.6 -0.638898 0.00331758
 1054 -0.6 -0.638861 0.00331463
 1055 -0.68 -0.6389 0.00331172
 1056 -0.92 -0.639167 0.00331927
 1057 -0.84 -0.639357 0.00332157
 1058 -0.84 -0.639546 0.00332384
 1059 -0.76 -0.63966 0.00332265
 1060 -0.68 -0.639698 0.00331973
 1061 -0.6 -0.639661 0.00331681
 1062 -0.52 -0.639548 0.00331561
 1063 -0.6 -0.639511 0.00331269
 1064 -0.36 -0.639248 0.00331999
 1065 -0.36 -0.638986 0.00332722
 1066 -0.52 -0.638874 0.00332597
 1067 -0.52 -0.638763 0.00332472
 1068 -0.68 -0.638801 0.00332183
 1069 -0.68 -0.63884 0.00331894
 1070 -0.6 -0.638804 0.00331604
 1071 -0.6 -0.638768 0.00331314
 1072 -0.6 -0.638731 0.00331024
 1073 -0.68 -0.63877 0.00330738
 1074 -0.6 -0.638734 0.0033045
 1075 -0.68 -0.638772 0.00330164
 1076 -0.76 -0.638885 0.0033005
 1077 -0.6 -0.638849 0.00329763
 1078 -0.52 -0.638738 0.00329641
 1079 -0.6 -0.638703 0.00329355
 1080 -0.6 -0.638667 0.0032907
 1081 -0.6 -0.638631 0.00328785
 1082 -0.6 -0.638595 0.003285
 1083 -0.52 -0.638486 0.00328379
 1084 -0.6 -0.63845 0.00328095
 1085 -0.6 -0.638415 0.00327812
 1086 -0.52 -0.638306 0.00327691
 1087 -0.44 -0.638123 0.00327898
 1088 -0.52 -0.638015 0.00327776
 1089 -0.6 -0.63798 0.00327493
 1090 -0.52 -0.637872 0.00327372
 1091 -0.6 -0.637837 0.0032709
 1092 -0.68 -0.637875 0.00326813
 1093 -0.76 -0.637987 0.00326705
 1094 -0.68 -0.638026 0.00326429
 1095 -0.68 -0.638064 0.00326153
 1096 -0.76 -0.638175 0.00326045
 1097 -0.84 -0.638359 0.00326267
 1098 -0.84 -0.638543 0.00326487
 1099 -0.68 -0.638581 0.00326211
 1100 -0.76 -0.638691 0.00326102
 1101 -0.6 -0.638656 0.00325824
 1102 -0.6 -0.638621 0.00325547
 1103 -0.84 -0.638803 0.00325764
 1104 -0.76 -0.638913 0.00325654
 1105 -0.68 -0.63895 0.0032538
 1106 -0.68 -0.638987 0.00325107
 1107 -0.68 -0.639024 0.00324835
 1108 -0.6 -0.638989 0.0032456
 1109 -0.44 -0.63881 0.00324764
 1110 -0.68 -0.638847 0.00324492
 1111 -0.68 -0.638884 0.00324221
 1112 -0.76 -0.638993 0.00324112
 1113 -0.92 -0.639245 0.00324804
 1114 -0.76 -0.639354 0.00324693
 1115 -0.68 -0.63939 0.00324422
 1116 -0.6 -0.639355 0.00324151
 1117 -0.68 -0.639391 0.00323881
 1118 -0.6 -0.639356 0.0032361
 1119 -0.68 -0.639392 0.00323341
 1120 -0.6 -0.639357 0.00323072
 1121 -0.6 -0.639322 0.00322802
 1122 -0.52 -0.639216 0.0032269
 1123 -0.68 -0.639252 0.00322423
 1124 -0.6 -0.639217 0.00322155
 1125 -0.6 -0.639182 0.00321887
 1126 -0.52 -0.639076 0.00321775
 1127 -0.52 -0.638971 0.00321663
 1128 -0.52 -0.638865 0.00321551
 1129 -0.52 -0.63876 0.00321438
 1130 -0.44 -0.638584 0.00321635
 1131 -0.68 -0.638621 0.00321372
 1132 -0.52 -0.638516 0.00321258
 1133 -0.68 -0.638553 0.00320996
 1134 -0.84 -0.63873 0.00321204
 1135 -0.84 -0.638907 0.0032141
 1136 -0.84 -0.639085 0.00321615
 1137 -0.76 -0.639191 0.00321508
 1138 -0.84 -0.639367 0.0032171
 1139 -0.76 -0.639473 0.00321601
 1140 -0.68 -0.639509 0.00321339
 1141 -0.68 -0.639544 0.00321077
 1142 -0.52 -0.63944 0.00320966
 1143 -0.36 -0.639195 0.00321616
 1144 -0.52 -0.639091 0.00321503
 1145 -0.6 -0.639057 0.00321241
 1146 -0.68 -0.639092 0.0032098
 1147 -0.6 -0.639058 0.00320718
 1148 -0.68 -0.639094 0.00320459
 1149 -0.68 -0.63913 0.00320199
 1150 -0.6 -0.639096 0.00319939
 1151 -0.6 -0.639062 0.00319679
 1152 -0.6 -0.639028 0.00319419
 1153 -0.52 -0.638925 0.00319309
 1154 -0.6 -0.638891 0.0031905
 1155 -0.68 -0.638926 0.00318794
 1156 -0.52 -0.638824 0.00318684
 1157 -0.76 -0.638928 0.0031858
 1158 -0.68 -0.638964 0.00318325
 1159 -0.76 -0.639068 0.00318222
 1160 -0.76 -0.639172 0.00318118
 1161 -0.84 -0.639345 0.00318314
 1162 -0.84 -0.639518 0.00318509
 1163 -0.76 -0.639622 0.00318403
 1164 -0.6 -0.639588 0.00318148
 1165 -0.84 -0.63976 0.0031834
 1166 -0.76 -0.639863 0.00318234
 1167 -0.6 -0.639829 0.00317979
 1168 -0.52 -0.639726 0.00317872
 1169 -0.6 -0.639692 0.00317619
 1170 -0.68 -0.639726 0.00317366
 1171 -0.76 -0.639829 0.00317261
 1172 -0.6 -0.639795 0.00317008
 1173 -0.68 -0.639829 0.00316756
 1174 -0.6 -0.639796 0.00316505
 1175 -0.52 -0.639694 0.003164
 1176 -0.68 -0.639728 0.00316149
 1177 -0.68 -0.639762 0.00315899
 1178 -0.6 -0.639728 0.00315649
 1179 -0.92 -0.639966 0.00316275
 1180 -0.92 -0.640203 0.00316897
 1181 -0.68 -0.640237 0.00316647
 1182 -0.76 -0.640338 0.00316541
 1183 -0.76 -0.64044 0.00316435
 1184 -0.76 -0.640541 0.00316329
 1185 -0.6 -0.640506 0.0031608
 1186 -0.68 -0.64054 0.00315831
 1187 -0.6 -0.640505 0.00315583
 1188 -0.68 -0.640539 0.00315335
 1189 -0.68 -0.640572 0.00315087
 1190 -0.6 -0.640538 0.00314841
 1191 -0.68 -0.640571 0.00314594
 1192 -0.52 -0.64047 0.00314492
 1193 -0.52 -0.640369 0.00314391
 1194 -0.76 -0.640469 0.00314287
 1195 -0.76 -0.640569 0.00314183
 1196 -0.84 -0.640736 0.00314363
 1197 -0.76 -0.640835 0.00314258
 1198 -0.6 -0.640801 0.00314014
 1199 -0.68 -0.640834 0.0031377
 1200 -0.76 -0.640933 0.00313665
 1201 -0.76 -0.641032 0.00313561
 1202 -0.6 -0.640998 0.00313318
 1203 -0.68 -0.641031 0.00313075
 1204 -0.68 -0.641063 0.00312831
 1205 -0.76 -0.641162 0.00312727
 1206 -0.6 -0.641128 0.00312486
 1207 -0.52 -0.641027 0.00312389
 1208 -0.68 -0.64106 0.00312147
 1209 -0.6 -0.641026 0.00311907
 1210 -0.68 -0.641058 0.00311666
 1211 -0.52 -0.640958 0.00311569
 1212 -0.6 -0.640924 0.0031133
 1213 -0.6 -0.64089 0.00311091
 1214 -0.52 -0.640791 0.00310994
 1215 -0.68 -0.640823 0.00310755
 1216 -0.68 -0.640855 0.00310516
 1217 -0.6 -0.640822 0.00310279
 1218 -0.6 -0.640788 0.00310042
 1219 -0.6 -0.640755 0.00309806
 1220 -0.6 -0.640721 0.0030957
 1221 -0.6 -0.640688 0.00309334
 1222 -0.6 -0.640655 0.00309099
 1223 -0.52 -0.640556 0.00309004
 1224 -0.6 -0.640523 0.00308769
 1225 -0.76 -0.64062 0.00308671
 1226 -0.76 -0.640718 0.00308573
 1227 -0.68 -0.64075 0.00308338
 1228 -0.76 -0.640847 0.00308239
 1229 -0.84 -0.641009 0.00308414
 1230 -0.76 -0.641106 0.00308315
 1231 -0.76 -0.641202 0.00308216
 1232 -0.68 -0.641234 0.00307982
 1233 -0.68 -0.641265 0.00307748
 1234 -0.6 -0.641232 0.00307517
 1235 -0.68 -0.641263 0.00307284
 1236 -0.6 -0.64123 0.00307053
 1237 -0.52 -0.641132 0.00306961
 1238 -0.6 -0.641099 0.00306731
 1239 -0.44 -0.640936 0.00306913
 1240 -0.52 -0.640839 0.00306821
 1241 -0.68 -0.64087 0.0030659
 1242 -0.76 -0.640966 0.00306493
 1243 -0.6 -0.640933 0.00306264
 1244 -0.6 -0.6409 0.00306035
 1245 -0.44 -0.640739 0.00306215
 1246 -0.52 -0.640642 0.00306122
 1247 -0.6 -0.640609 0.00305894
 1248 -0.68 -0.640641 0.00305665
 1249 -0.44 -0.64048 0.00305843
 1250 -0.6 -0.640448 0.00305615
 1251 -0.6 -0.640416 0.00305388
 1252 -0.68 -0.640447 0.0030516
 1253 -0.6 -0.640415 0.00304933
 1254 -0.52 -0.640319 0.00304841
 1255 -0.68 -0.640351 0.00304615
 1256 -0.76 -0.640446 0.00304521
 1257 -0.76 -0.640541 0.00304428
 1258 -0.44 -0.640382 0.00304603
 1259 -0.52 -0.640286 0.00304511
 1260 -0.52 -0.64019 0.00304419
 1261 -0.52 -0.640095 0.00304327
 1262 -0.68 -0.640127 0.00304102
 1263 -0.76 -0.640222 0.00304009
 1264 -0.6 -0.64019 0.00303785
 1265 -0.68 -0.640221 0.00303561
 1266 -0.6 -0.64019 0.00303338
 1267 -0.6 -0.640158 0.00303115
 1268 -0.6 -0.640126 0.00302893
 1269 -0.52 -0.640032 0.00302802
 1270 -0.2 -0.639685 0.00304541
 1271 -0.44 -0.639528 0.00304706
 1272 -0.6 -0.639497 0.00304483
 1273 -0.6 -0.639466 0.00304259
 1274 -0.44 -0.639309 0.00304423
 1275 -0.6 -0.639278 0.003042
 1276 -0.68 -0.63931 0.00303978
 1277 -0.68 -0.639342 0.00303757
 1278 -0.52 -0.639249 0.00303663
 1279 -0.6 -0.639218 0.00303441
 1280 -0.68 -0.63925 0.0030322
 1281 -0.68 -0.639282 0.00303
 1282 -0.6 -0.639251 0.00302779
 1283 -0.68 -0.639283 0.0030256
 1284 -0.68 -0.639315 0.00302341
 1285 -0.76 -0.639409 0.00302251
 1286 -0.6 -0.639378 0.00302032
 1287 -0.76 -0.639472 0.00301942
 1288 -0.84 -0.639627 0.00302109
 1289 -0.92 -0.639845 0.00302657
 1290 -0.84 -0.64 0.0030282
 1291 -0.52 -0.639907 0.00302728
 1292 -0.76 -0.64 0.00302637
 1293 -0.84 -0.640155 0.00302798
 1294 -0.84 -0.640309 0.00302958
 1295 -0.84 -0.640463 0.00303116
 1296 -0.68 -0.640494 0.00302898
 1297 -0.84 -0.640648 0.00303055
 1298 -0.92 -0.640863 0.00303585
 1299 -0.68 -0.640893 0.00303366
 1300 -0.76 -0.640985 0.00303271
 1301 -0.84 -0.641138 0.00303424
 1302 -0.76 -0.641229 0.00303328
 1303 -0.76 -0.64132 0.00303232
 1304 -0.68 -0.64135 0.00303014
 1305 -0.76 -0.641441 0.00302918
 1306 -0.52 -0.641348 0.00302829
 1307 -0.6 -0.641316 0.00302614
 1308 -0.6 -0.641284 0.00302399
 1309 -0.76 -0.641375 0.00302304
 1310 -0.76 -0.641466 0.00302209
 1311 -0.68 -0.641495 0.00301992
 1312 -0.68 -0.641524 0.00301776
 1313 -0.68 -0.641554 0.00301561
 1314 -0.76 -0.641644 0.00301466
 1315 -0.6 -0.641612 0.00301253
 1316 -0.6 -0.641581 0.00301041
 1317 -0.68 -0.64161 0.00300826
 1318 -0.6 -0.641578 0.00300614
 1319 -0.6 -0.641547 0.00300403
 1320 -0.6 -0.641515 0.00300192
 1321 -0.6 -0.641484 0.00299981
 1322 -0.6 -0.641452 0.0029977
 1323 -0.68 -0.641481 0.00299558
 1324 -0.52 -0.64139 0.00299472
 1325 -0.76 -0.641479 0.0029938
 1326 -0.76 -0.641569 0.00299288
 1327 -0.76 -0.641658 0.00299195
 1328 -0.68 -0.641687 0.00298984
 1329 -0.76 -0.641776 0.00298891
 1330 -0.76 -0.641865 0.00298799
 1331 -0.68 -0.641893 0.00298588
 1332 -0.68 -0.641922 0.00298377
 1333 -0.76 -0.642011 0.00298285
 1334 -0.84 -0.642159 0.00298431
 1335 -0.76 -0.642247 0.00298337
 1336 -0.84 -0.642395 0.00298481
 1337 -0.92 -0.642603 0.0029898
 1338 -0.92 -0.64281 0.00299475
 1339 -0.52 -0.642718 0.00299392
 1340 -0.6 -0.642687 0.00299185
 1341 -0.68 -0.642714 0.00298975
 1342 -0.52 -0.642623 0.00298892
 1343 -0.6 -0.642591 0.00298686
 1344 -0.68 -0.642619 0.00298477
 1345 -0.68 -0.642647 0.00298268
 1346 -0.76 -0.642734 0.00298174
 1347 -0.76 -0.642821 0.00298079
 1348 -0.76 -0.642908 0.00297985
 1349 -0.92 -0.643113 0.00298472
 1350 -0.92 -0.643319 0.00298955
 1351 -0.92 -0.643523 0.00299435
 1352 -0.92 -0.643728 0.00299911
 1353 -0.84 -0.643873 0.0030004
 1354 -0.84 -0.644018 0.00300168
 1355 -0.76 -0.644103 0.00300069
 1356 -0.76 -0.644189 0.00299969
 1357 -0.68 -0.644215 0.0029976
 1358 -0.6 -0.644183 0.00299556
 1359 -0.6 -0.64415 0.00299354
 1360 -0.44 -0.644 0.0029951
 1361 -0.6 -0.643968 0.00299307
 1362 -0.52 -0.643877 0.00299226
 1363 -0.52 -0.643786 0.00299144
 1364 -0.6 -0.643754 0.00298942
 1365 -0.68 -0.64378 0.00298735
 1366 -0.6 -0.643748 0.00298533
 1367 -0.6 -0.643716 0.00298332
 1368 -0.68 -0.643743 0.00298126
 1369 -0.76 -0.643828 0.00298029
 1370 -0.84 -0.643971 0.00298155
 1371 -0.68 -0.643997 0.00297949
 1372 -0.6 -0.643965 0.00297749
 1373 -0.76 -0.64405 0.00297652
 1374 -0.52 -0.643959 0.00297573
 1375 -0.52 -0.643869 0.00297493
 1376 -0.68 -0.643895 0.00297288
 1377 -0.44 -0.643747 0.00297441
 1378 -0.44 -0.643599 0.00297592
 1379 -0.44 -0.643452 0.00297743
 1380 -0.52 -0.643362 0.00297661
 1381 -0.68 -0.643389 0.00297458
 1382 -0.68 -0.643415 0.00297254
 1383 -0.76 -0.6435 0.00297159
 1384 -0.84 -0.643642 0.00297283
 1385 -0.68 -0.643668 0.0029708
 1386 -0.52 -0.643579 0.00297
 1387 -0.76 -0.643663 0.00296904
 1388 -0.68 -0.643689 0.00296702
 1389 -0.76 -0.643772 0.00296606
 1390 -0.68 -0.643799 0.00296404
 1391 -0.68 -0.643825 0.00296203
 1392 -0.68 -0.643851 0.00296001
 1393 -0.6 -0.643819 0.00295805
 1394 -0.52 -0.64373 0.00295726
 1395 -0.68 -0.643756 0.00295526
 1396 -0.68 -0.643782 0.00295325
 1397 -0.6 -0.643751 0.00295131
 1398 -0.68 -0.643777 0.00294931
 1399 -0.6 -0.643746 0.00294736
 1400 -0.44 -0.6436 0.00294885
 1401 -0.6 -0.643569 0.00294691
 1402 -0.76 -0.643652 0.00294598
 1403 -0.6 -0.643621 0.00294404
 1404 -0.68 -0.643647 0.00294206
 1405 -0.68 -0.643673 0.00294008
 1406 -0.76 -0.643755 0.00293915
 1407 -0.6 -0.643724 0.00293723
 1408 -0.6 -0.643693 0.0029353
 1409 -0.68 -0.643719 0.00293333
 1410 -0.76 -0.643801 0.00293241
 1411 -0.76 -0.643884 0.00293149
 1412 -0.6 -0.643853 0.00292958
 1413 -0.68 -0.643878 0.00292762
 1414 -0.68 -0.643904 0.00292566
 1415 -0.84 -0.644042 0.00292687
 1416 -0.68 -0.644068 0.00292491
 1417 -0.76 -0.64415 0.00292399
 1418 -0.68 -0.644175 0.00292204
 1419 -0.76 -0.644257 0.00292112
 1420 -0.6 -0.644225 0.00291923
 1421 -0.68 -0.644251 0.00291728
 1422 -0.6 -0.644219 0.0029154
 1423 -0.52 -0.644132 0.00291465
 1424 -0.44 -0.643989 0.00291613
 1425 -0.52 -0.643902 0.00291538
 1426 -0.44 -0.643759 0.00291685
 1427 -0.68 -0.643784 0.00291491
 1428 -0.76 -0.643866 0.00291401
 1429 -0.68 -0.643891 0.00291208
 1430 -0.68 -0.643916 0.00291015
 1431 -0.76 -0.643997 0.00290924
 1432 -0.76 -0.644078 0.00290834
 1433 -0.76 -0.644159 0.00290744
 1434 -0.76 -0.64424 0.00290653
 1435 -0.92 -0.644432 0.00291085
 1436 -0.84 -0.644568 0.00291201
 1437 -0.76 -0.644649 0.00291109
 1438 -0.68 -0.644673 0.00290917
 1439 -0.52 -0.644587 0.00290844
 1440 -0.52 -0.6445 0.00290771
 1441 -0.52 -0.644414 0.00290697
 1442 -0.52 -0.644327 0.00290624
 1443 -0.68 -0.644352 0.00290433
 1444 -0.76 -0.644432 0.00290342
 1445 -0.76 -0.644512 0.00290251
 1446 -0.76 -0.644592 0.00290161
 1447 -0.6 -0.644561 0.00289976
 1448 -0.6 -0.64453 0.00289792
 1449 -0.68 -0.644555 0.00289603
 1450 -0.6 -0.644524 0.00289419
 1451 -0.6 -0.644493 0.00289236
 1452 -0.68 -0.644518 0.00289047
 1453 -0.28 -0.644267 0.00289935
 1454 -0.44 -0.644127 0.00290076
 1455 -0.68 -0.644151 0.00289887
 1456 -0.68 -0.644176 0.00289699
 1457 -0.76 -0.644255 0.00289609
 1458 -0.6 -0.644225 0.00289426
 1459 -0.6 -0.644195 0.00289244
 1460 -0.68 -0.644219 0.00289056
 1461 -0.68 -0.644244 0.00288868
 1462 -0.6 -0.644213 0.00288686
 1463 -0.6 -0.644183 0.00288505
 1464 -0.68 -0.644208 0.00288318
 1465 -0.52 -0.644123 0.00288246
 1466 -0.68 -0.644147 0.0028806
 1467 -0.6 -0.644117 0.00287879
 1468 -0.6 -0.644087 0.00287699
 1469 -0.6 -0.644057 0.00287518
 1470 -0.6 -0.644027 0.00287338
 1471 -0.44 -0.643889 0.00287478
 1472 -0.52 -0.643804 0.00287406
 1473 -0.52 -0.64372 0.00287333
 1474 -0.6 -0.643691 0.00287154
 1475 -0.76 -0.643769 0.00287067
 1476 -0.68 -0.643794 0.00286883
 1477 -0.68 -0.643819 0.00286699
 1478 -0.52 -0.643735 0.00286628
 1479 -0.52 -0.643651 0.00286556
 1480 -0.68 -0.643676 0.00286373
 1481 -0.6 -0.643646 0.00286195
 1482 -0.68 -0.643671 0.00286012
 1483 -0.76 -0.643749 0.00285927
 1484 -0.6 -0.64372 0.00285749
 1485 -0.52 -0.643636 0.00285678
 1486 -0.52 -0.643553 0.00285607
 1487 -0.68 -0.643578 0.00285425
 1488 -0.76 -0.643656 0.00285341
 1489 -0.76 -0.643734 0.00285256
 1490 -0.68 -0.643758 0.00285075
 1491 -0.68 -0.643783 0.00284894
 1492 -0.68 -0.643807 0.00284714
 1493 -0.6 -0.643778 0.00284538
 1494 -0.68 -0.643802 0.00284358
 1495 -0.76 -0.64388 0.00284274
 1496 -0.6 -0.64385 0.00284099
 1497 -0.76 -0.643928 0.00284015
 1498 -0.76 -0.644005 0.00283931
 1499 -0.68 -0.644029 0.00283752
 1500 -0.6 -0.644 0.00283578
 1501 -0.6 -0.643971 0.00283404
 1502 -0.6 -0.643941 0.0028323
 1503 -0.52 -0.643859 0.00283162
 1504 -0.6 -0.64383 0.00282988
 1505 -0.6 -0.643801 0.00282815
 1506 -0.68 -0.643825 0.00282638
 1507 -0.52 -0.643743 0.0028257
 1508 -0.52 -0.64366 0.00282501
 1509 -0.68 -0.643685 0.00282324
 1510 -0.68 -0.643709 0.00282148
 1511 -0.68 -0.643733 0.00281971
 1512 -0.6 -0.643704 0.00281799
 1513 -0.52 -0.643622 0.00281732
 1514 -0.52 -0.64354 0.00281664
 1515 -0.6 -0.643512 0.00281493
 1516 -0.76 -0.643588 0.00281412
 1517 -0.68 -0.643612 0.00281236
 1518 -0.6 -0.643584 0.00281066
 1519 -0.6 -0.643555 0.00280895
 1520 -0.52 -0.643474 0.00280828
 1521 -0.44 -0.64334 0.00280962
 1522 -0.6 -0.643311 0.00280792
 1523 -0.36 -0.643125 0.00281223
 1524 -0.36 -0.64294 0.00281652
 1525 -0.52 -0.642859 0.00281583
 1526 -0.44 -0.642726 0.00281712
 1527 -0.44 -0.642593 0.0028184
 1528 -0.28 -0.642356 0.00282654
 1529 -0.44 -0.642224 0.00282779
 1530 -0.6 -0.642196 0.00282607
 1531 -0.52 -0.642116 0.00282535
 1532 -0.6 -0.642089 0.00282364
 1533 -0.52 -0.642009 0.00282292
 1534 -0.68 -0.642034 0.00282119
 1535 -0.68 -0.642059 0.00281946
 1536 -0.6 -0.642031 0.00281776
 1537 -0.36 -0.641848 0.0028219
 1538 -0.68 -0.641873 0.00282017
 1539 -0.76 -0.641949 0.00281938
 1540 -0.68 -0.641974 0.00281766
 1541 -0.6 -0.641947 0.00281596
 1542 -0.52 -0.641868 0.00281525
 1543 -0.44 -0.641737 0.00281646
 1544 -0.52 -0.641658 0.00281574
 1545 -0.6 -0.641631 0.00281405
 1546 -0.52 -0.641552 0.00281333
 1547 -0.6 -0.641526 0.00281164
 1548 -0.6 -0.641499 0.00280995
 1549 -0.68 -0.641524 0.00280824
 1550 -0.84 -0.641652 0.00280935
 1551 -0.76 -0.641728 0.00280857
 1552 -0.76 -0.641804 0.0028078
 1553 -0.84 -0.641932 0.00280889
 1554 -0.76 -0.642008 0.00280811
 1555 -0.76 -0.642084 0.00280733
 1556 -0.68 -0.642108 0.00280563
 1557 -0.68 -0.642132 0.00280393
 1558 -0.68 -0.642157 0.00280224
 1559 -0.68 -0.642181 0.00280055
 1560 -0.68 -0.642205 0.00279886
 1561 -0.68 -0.642229 0.00279717
 1562 -0.68 -0.642254 0.00279548
 1563 -0.68 -0.642278 0.0027938
 1564 -0.44 -0.642148 0.002795
 1565 -0.68 -0.642173 0.00279332
 1566 -0.68 -0.642197 0.00279164
 1567 -0.6 -0.64217 0.00278999
 1568 -0.6 -0.642143 0.00278834
 1569 -0.76 -0.642218 0.00278757
 1570 -0.68 -0.642242 0.0027859
 1571 -0.68 -0.642266 0.00278423
 1572 -0.68 -0.64229 0.00278256
 1573 -0.6 -0.642263 0.00278092
 1574 -0.44 -0.642135 0.00278213
 1575 -0.2 -0.641854 0.00279449
 1576 -0.6 -0.641827 0.00279285
 1577 -0.52 -0.64175 0.00279214
 1578 -0.52 -0.641673 0.00279144
 1579 -0.6 -0.641647 0.0027898
 1580 -0.6 -0.64162 0.00278815
 1581 -0.44 -0.641493 0.00278931
 1582 -0.6 -0.641466 0.00278767
 1583 -0.68 -0.641491 0.00278601
 1584 -0.76 -0.641566 0.00278526
 1585 -0.76 -0.64164 0.0027845
 1586 -0.76 -0.641715 0.00278375
 1587 -0.6 -0.641689 0.00278212
 1588 -0.68 -0.641713 0.00278047
 1589 -0.6 -0.641687 0.00277884
 1590 -0.68 -0.641711 0.0027772
 1591 -0.68 -0.641735 0.00277556
 1592 -0.6 -0.641709 0.00277394
 1593 -0.6 -0.641682 0.00277232
 1594 -0.44 -0.641556 0.00277347
 1595 -0.44 -0.641429 0.00277461
 1596 -0.6 -0.641404 0.00277299
 1597 -0.68 -0.641428 0.00277136
 1598 -0.76 -0.641502 0.00277062
 1599 -0.52 -0.641426 0.00276993
 1600 -0.6 -0.6414 0.00276831
 1601 -0.52 -0.641324 0.00276762
 1602 -0.6 -0.641298 0.00276602
 1603 -0.68 -0.641323 0.0027644
 1604 -0.76 -0.641397 0.00276366
 1605 -0.68 -0.641421 0.00276204
 1606 -0.52 -0.641345 0.00276136
 1607 -0.6 -0.641319 0.00275976
 1608 -0.44 -0.641194 0.00276088
 1609 -0.68 -0.641218 0.00275927
 1610 -0.68 -0.641242 0.00275766
 1611 -0.6 -0.641217 0.00275607
 1612 -0.44 -0.641092 0.00275719
 1613 -0.44 -0.640967 0.0027583
 1614 -0.6 -0.640942 0.0027567
 1615 -0.6 -0.640916 0.00275511
 1616 -0.68 -0.640941 0.00275351
 1617 -0.76 -0.641014 0.00275279
 1618 -0.68 -0.641038 0.0027512
 1619 -0.68 -0.641062 0.0027496
 1620 -0.6 -0.641037 0.00274802
 1621 -0.52 -0.640962 0.00274734
 1622 -0.6 -0.640937 0.00274576
 1623 -0.6 -0.640912 0.00274419
 1624 -0.68 -0.640936 0.0027426
 1625 -0.68 -0.64096 0.00274102
 1626 -0.76 -0.641033 0.00274031
 1627 -0.68 -0.641057 0.00273873
 1628 -0.6 -0.641032 0.00273716
 1629 -0.68 -0.641056 0.00273559
 1630 -0.52 -0.640982 0.00273492
 1631 -0.44 -0.640858 0.00273602
 1632 -0.52 -0.640784 0.00273534
 1633 -0.52 -0.64071 0.00273467
 1634 -0.52 -0.640636 0.00273399
 1635 -0.52 -0.640563 0.00273332
 1636 -0.68 -0.640587 0.00273175
 1637 -0.76 -0.64066 0.00273106
 1638 -0.76 -0.640733 0.00273036
 1639 -0.68 -0.640757 0.0027288
 1640 -0.52 -0.640683 0.00272813
 1641 -0.6 -0.640658 0.00272658
 1642 -0.68 -0.640682 0.00272502
 1643 -0.76 -0.640755 0.00272433
 1644 -0.84 -0.640876 0.00272537
 1645 -0.92 -0.641046 0.00272899
 1646 -0.84 -0.641166 0.00273001
 1647 -0.76 -0.641239 0.00272931
 1648 -0.6 -0.641214 0.00272777
 1649 -0.6 -0.641189 0.00272623
 1650 -0.76 -0.641261 0.00272552
 1651 -0.76 -0.641333 0.00272482
 1652 -0.76 -0.641404 0.00272412
 1653 -0.68 -0.641428 0.00272257
 1654 -0.68 -0.641451 0.00272102
 1655 -0.68 -0.641474 0.00271948
 1656 -0.76 -0.641546 0.00271878
 1657 -0.68 -0.641569 0.00271724
 1658 -0.68 -0.641592 0.0027157
 1659 -0.76 -0.641664 0.002715
 1660 -0.76 -0.641735 0.0027143
 1661 -0.76 -0.641806 0.0027136
 1662 -0.6 -0.641781 0.00271208
 1663 -0.52 -0.641708 0.00271144
 1664 -0.52 -0.641635 0.00271079
 1665 -0.6 -0.64161 0.00270928
 1666 -0.76 -0.641681 0.00270859
 1667 -0.76 -0.641752 0.00270789
 1668 -0.6 -0.641727 0.00270638
 1669 -0.76 -0.641797 0.00270569
 1670 -0.6 -0.641772 0.00270419
 1671 -0.6 -0.641747 0.00270268
 1672 -0.6 -0.641722 0.00270118
 1673 -0.52 -0.64165 0.00270055
 1674 -0.52 -0.641577 0.00269991
 1675 -0.52 -0.641504 0.00269927
 1676 -0.76 -0.641575 0.00269859
 1677 -0.6 -0.64155 0.00269709
 1678 -0.68 -0.641573 0.00269558
 1679 -0.6 -0.641549 0.00269409
 1680 -0.68 -0.641571 0.00269258
 1681 -0.6 -0.641547 0.0026911
 1682 -0.76 -0.641617 0.00269042
 1683 -0.68 -0.64164 0.00268891
 1684 -0.6 -0.641615 0.00268743
 1685 -0.76 -0.641685 0.00268675
 1686 -0.68 -0.641708 0.00268526
 1687 -0.44 -0.641589 0.00268633
 1688 -0.76 -0.641659 0.00268565
 1689 -0.68 -0.641681 0.00268416
 1690 -0.52 -0.641609 0.00268353
 1691 -0.36 -0.641443 0.00268711
 1692 -0.44 -0.641324 0.00268816
 1693 -0.6 -0.641299 0.00268668
 1694 -0.52 -0.641228 0.00268605
 1695 -0.6 -0.641204 0.00268458
 1696 -0.6 -0.641179 0.0026831
 1697 -0.6 -0.641155 0.00268163
 1698 -0.68 -0.641178 0.00268015
 1699 -0.6 -0.641154 0.00267868
 1700 -0.76 -0.641224 0.00267802
 1701 -0.68 -0.641246 0.00267654
 1702 -0.68 -0.641269 0.00267506
 1703 -0.6 -0.641245 0.0026736
 1704 -0.68 -0.641268 0.00267213
 1705 -0.6 -0.641243 0.00267067
 1706 -0.68 -0.641266 0.0026692
 1707 -0.76 -0.641336 0.00266855
 1708 -0.68 -0.641358 0.00266708
 1709 -0.68 -0.641381 0.00266561
 1710 -0.68 -0.641404 0.00266415
 1711 -0.6 -0.641379 0.0026627
 1712 -0.52 -0.641308 0.00266209
 1713 -0.6 -0.641284 0.00266065
 1714 -0.44 -0.641167 0.00266168
 1715 -0.6 -0.641143 0.00266024
 1716 -0.6 -0.641119 0.0026588
 1717 -0.68 -0.641142 0.00265735
 1718 -0.68 -0.641164 0.00265589
 1719 -0.76 -0.641233 0.00265525
 1720 -0.84 -0.641349 0.00265622
 1721 -0.68 -0.641371 0.00265477
 1722 -0.68 -0.641394 0.00265332
 1723 -0.68 -0.641416 0.00265188
 1724 -0.76 -0.641485 0.00265123
 1725 -0.6 -0.641461 0.0026498
 1726 -0.6 -0.641437 0.00264838
 1727 -0.68 -0.641459 0.00264694
 1728 -0.52 -0.641389 0.00264634
 1729 -0.68 -0.641411 0.0026449
 1730 -0.76 -0.64148 0.00264426
 1731 -0.68 -0.641502 0.00264283
 1732 -0.84 -0.641617 0.00264379
 1733 -0.68 -0.641639 0.00264235
 1734 -0.6 -0.641615 0.00264094
 1735 -0.52 -0.641545 0.00264035
 1736 -0.6 -0.641521 0.00263893
 1737 -0.44 -0.641405 0.00263996
 1738 -0.6 -0.641381 0.00263855
 1739 -0.6 -0.641357 0.00263714
 1740 -0.68 -0.641379 0.00263572
 1741 -0.76 -0.641447 0.00263509
 1742 -0.68 -0.64147 0.00263367
 1743 -0.76 -0.641538 0.00263303
 1744 -0.68 -0.64156 0.00263161
 1745 -0.68 -0.641582 0.0026302
 1746 -0.84 -0.641695 0.00263115
 1747 -0.76 -0.641763 0.00263051
 1748 -0.84 -0.641876 0.00263145
 1749 -0.76 -0.641944 0.00263081
 1750 -0.68 -0.641966 0.0026294
 1751 -0.76 -0.642033 0.00262876
 1752 -0.84 -0.642146 0.00262969
 1753 -0.84 -0.642259 0.00263061
 1754 -0.76 -0.642326 0.00262997
 1755 -0.76 -0.642393 0.00262932
 1756 -0.76 -0.64246 0.00262868
 1757 -0.6 -0.642436 0.00262729
 1758 -0.68 -0.642457 0.00262589
 1759 -0.52 -0.642388 0.00262532
 1760 -0.6 -0.642364 0.00262394
 1761 -0.68 -0.642385 0.00262253
 1762 -0.52 -0.642316 0.00262196
 1763 -0.52 -0.642246 0.00262139
 1764 -0.52 -0.642177 0.00262082
 1765 -0.52 -0.642108 0.00262025
 1766 -0.52 -0.642039 0.00261968
 1767 -0.76 -0.642105 0.00261905
 1768 -0.68 -0.642127 0.00261766
 1769 -0.68 -0.642148 0.00261626
 1770 -0.68 -0.642169 0.00261487
 1771 -0.68 -0.642191 0.00261348
 1772 -0.6 -0.642167 0.00261212
 1773 -0.52 -0.642098 0.00261155
 1774 -0.6 -0.642074 0.00261019
 1775 -0.6 -0.642051 0.00260882
 1776 -0.6 -0.642027 0.00260746
 1777 -0.68 -0.642048 0.00260608
 1778 -0.68 -0.64207 0.0026047
 1779 -0.6 -0.642046 0.00260334
 1780 -0.6 -0.642022 0.00260199
 1781 -0.6 -0.641999 0.00260063
 1782 -0.76 -0.642065 0.00260002
 1783 -0.68 -0.642086 0.00259865
 1784 -0.68 -0.642108 0.00259728
 1785 -0.6 -0.642084 0.00259593
 1786 -0.84 -0.642195 0.00259684
 1787 -0.76 -0.642261 0.00259622
 1788 -0.76 -0.642327 0.00259561
 1789 -0.68 -0.642348 0.00259424
 1790 -0.76 -0.642413 0.00259362
 1791 -0.6 -0.64239 0.00259228
 1792 -0.6 -0.642366 0.00259094
 1793 -0.68 -0.642387 0.00258958
 1794 -0.68 -0.642408 0.00258823
 1795 -0.68 -0.642429 0.00258687
 1796 -0.68 -0.64245 0.00258551
 1797 -0.68 -0.642471 0.00258416
 1798 -0.92 -0.642625 0.00258733
 1799 -0.68 -0.642646 0.00258597
 1800 -0.6 -0.642622 0.00258464
 1801 -0.68 -0.642643 0.00258329
 1802 -0.6 -0.642619 0.00258197
 1803 -0.6 -0.642596 0.00258064
 1804 -0.6 -0.642572 0.00257932
 1805 -0.6 -0.642548 0.002578
 1806 -0.76 -0.642614 0.00257739
 1807 -0.76 -0.642678 0.00257678
 1808 -0.68 -0.642699 0.00257544
 1809 -0.68 -0.64272 0.0025741
 1810 -0.6 -0.642696 0.00257278
 1811 -0.6 -0.642673 0.00257147
 1812 -0.68 -0.642693 0.00257013
 1813 -0.68 -0.642714 0.0025688
 1814 -0.68 -0.642734 0.00256746
 1815 -0.6 -0.642711 0.00256616
 1816 -0.52 -0.642643 0.00256563
 1817 -0.52 -0.642576 0.00256511
 1818 -0.52 -0.642508 0.00256459
 1819 -0.28 -0.642309 0.00257091
 1820 -0.6 -0.642286 0.0025696
 1821 -0.52 -0.642219 0.00256907
 1822 -0.76 -0.642283 0.00256847
 1823 -0.68 -0.642304 0.00256715
 1824 -0.76 -0.642368 0.00256655
 1825 -0.76 -0.642433 0.00256595
 1826 -0.6 -0.64241 0.00256465
 1827 -0.6 -0.642386 0.00256335
 1828 -0.6 -0.642363 0.00256206
 1829 -0.6 -0.64234 0.00256076
 1830 -0.6 -0.642317 0.00255946
 1831 -0.76 -0.642381 0.00255887
 1832 -0.68 -0.642402 0.00255756
 1833 -0.6 -0.642379 0.00255627
 1834 -0.6 -0.642356 0.00255498
 1835 -0.6 -0.642332 0.00255369
 1836 -0.52 -0.642266 0.00255317
 1837 -0.52 -0.642199 0.00255265
 1838 -0.68 -0.64222 0.00255134
 1839 -0.6 -0.642197 0.00255005
 1840 -0.76 -0.642261 0.00254947
 1841 -0.6 -0.642238 0.00254819
 1842 -0.84 -0.642345 0.00254907
 1843 -0.92 -0.642496 0.00255214
 1844 -0.6 -0.642473 0.00255086
 1845 -0.76 -0.642537 0.00255027
 1846 -0.84 -0.642644 0.00255113
 1847 -0.6 -0.64262 0.00254985
 1848 -0.6 -0.642597 0.00254858
 1849 -0.68 -0.642618 0.00254728
 1850 -0.6 -0.642595 0.00254601
 1851 -0.76 -0.642658 0.00254542
 1852 -0.68 -0.642678 0.00254413
 1853 -0.68 -0.642698 0.00254283
 1854 -0.52 -0.642632 0.00254232
 1855 -0.68 -0.642652 0.00254103
 1856 -0.76 -0.642716 0.00254045
 1857 -0.68 -0.642736 0.00253916
 1858 -0.52 -0.64267 0.00253865
 1859 -0.52 -0.642604 0.00253814
 1860 -0.76 -0.642667 0.00253756
 1861 -0.68 -0.642687 0.00253628
 1862 -0.68 -0.642707 0.002535
 1863 -0.76 -0.64277 0.00253442
 1864 -0.6 -0.642747 0.00253316
 1865 -0.6 -0.642724 0.00253191
 1866 -0.52 -0.642658 0.0025314
 1867 -0.44 -0.64255 0.00253237
 1868 -0.52 -0.642484 0.00253187
 1869 -0.52 -0.642418 0.00253136
 1870 -0.6 -0.642396 0.00253011
 1871 -0.44 -0.642288 0.00253107
 1872 -0.44 -0.642179 0.00253202
 1873 -0.52 -0.642114 0.00253151
 1874 -0.6 -0.642092 0.00253026
 1875 -0.68 -0.642112 0.00252899
 1876 -0.6 -0.64209 0.00252774
 1877 -0.68 -0.64211 0.00252648
 1878 -0.52 -0.642045 0.00252597
 1879 -0.68 -0.642065 0.0025247
 1880 -0.68 -0.642085 0.00252344
 1881 -0.6 -0.642063 0.0025222
 1882 -0.76 -0.642125 0.00252164
 1883 -0.52 -0.642061 0.00252113
 1884 -0.52 -0.641996 0.00252063
 1885 -0.6 -0.641973 0.00251939
 1886 -0.76 -0.642036 0.00251883
 1887 -0.76 -0.642099 0.00251827
 1888 -0.44 -0.641992 0.00251921
 1889 -0.52 -0.641927 0.0025187
 1890 -0.52 -0.641862 0.0025182
 1891 -0.76 -0.641925 0.00251764
 1892 -0.76 -0.641987 0.00251708
 1893 -0.76 -0.64205 0.00251653
 1894 -0.76 -0.642112 0.00251597
 1895 -0.84 -0.642216 0.00251681
 1896 -0.68 -0.642236 0.00251556
 1897 -0.68 -0.642256 0.00251431
 1898 -0.92 -0.642403 0.00251724
 1899 -0.68 -0.642422 0.00251599
 1900 -0.6 -0.6424 0.00251477
 1901 -0.44 -0.642294 0.0025157
 1902 -0.68 -0.642313 0.00251446
 1903 -0.6 -0.642291 0.00251323
 1904 -0.68 -0.642311 0.00251199
 1905 -0.68 -0.642331 0.00251075
 1906 -0.76 -0.642392 0.00251019
 1907 -0.68 -0.642412 0.00250895
 1908 -0.68 -0.642432 0.00250771
 1909 -0.36 -0.642284 0.00251076
 1910 -0.6 -0.642262 0.00250954
 1911 -0.52 -0.642198 0.00250905
 1912 -0.6 -0.642176 0.00250783
 1913 -0.76 -0.642237 0.00250728
 1914 -0.84 -0.642341 0.0025081
 1915 -0.76 -0.642402 0.00250754
 1916 -0.76 -0.642463 0.00250698
 1917 -0.68 -0.642483 0.00250575
 1918 -0.52 -0.642419 0.00250526
 1919 -0.6 -0.642397 0.00250405
 1920 -0.6 -0.642375 0.00250284
 1921 -0.68 -0.642395 0.00250161
 1922 -0.6 -0.642373 0.00250041
 1923 -0.6 -0.64235 0.00249921
 1924 -0.68 -0.64237 0.00249798
 1925 -0.52 -0.642306 0.00249749
 1926 -0.68 -0.642326 0.00249627
 1927 -0.76 -0.642387 0.00249573
 1928 -0.76 -0.642448 0.00249518
 1929 -0.76 -0.642509 0.00249463
 1930 -0.76 -0.64257 0.00249408
 1931 -0.68 -0.642589 0.00249286
 1932 -0.52 -0.642526 0.00249238
 1933 -0.6 -0.642504 0.00249119
 1934 -0.68 -0.642523 0.00248997
 1935 -0.76 -0.642584 0.00248943
 1936 -0.68 -0.642603 0.00248822
 1937 -0.52 -0.64254 0.00248774
 1938 -0.6 -0.642518 0.00248655
 1939 -0.6 -0.642496 0.00248536
 1940 -0.76 -0.642557 0.00248482
 1941 -0.68 -0.642576 0.00248361
 1942 -0.68 -0.642595 0.00248241
 1943 -0.68 -0.642615 0.00248121
 1944 -0.6 -0.642593 0.00248003
 1945 -0.68 -0.642612 0.00247883
 1946 -0.52 -0.642549 0.00247835
 1947 -0.68 -0.642568 0.00247715
 1948 -0.52 -0.642505 0.00247668
 1949 -0.52 -0.642442 0.00247621
 1950 -0.6 -0.642421 0.00247503
 1951 -0.76 -0.642481 0.0024745
 1952 -0.68 -0.6425 0.00247331
 1953 -0.68 -0.642519 0.00247211
 1954 -0.6 -0.642497 0.00247094
 1955 -0.84 -0.642598 0.00247174
 1956 -0.6 -0.642577 0.00247058
 1957 -0.52 -0.642514 0.00247011
 1958 -0.44 -0.642411 0.00247101
 1959 -0.6 -0.642389 0.00246985
 1960 -0.52 -0.642327 0.00246937
 1961 -0.68 -0.642346 0.00246819
 1962 -0.6 -0.642324 0.00246703
 1963 -0.52 -0.642262 0.00246656
 1964 -0.76 -0.642322 0.00246603
 1965 -0.76 -0.642382 0.0024655
 1966 -0.76 -0.642442 0.00246497
 1967 -0.76 -0.642501 0.00246444
 1968 -0.68 -0.64252 0.00246326
 1969 -0.76 -0.64258 0.00246274
 1970 -0.76 -0.64264 0.00246221
 1971 -0.6 -0.642618 0.00246105
 1972 -0.6 -0.642596 0.0024599
 1973 -0.6 -0.642575 0.00245875
 1974 -0.6 -0.642553 0.0024576
 1975 -0.6 -0.642532 0.00245645
 1976 -0.6 -0.64251 0.0024553
 1977 -0.68 -0.642529 0.00245413
 1978 -0.68 -0.642548 0.00245296
 1979 -0.6 -0.642527 0.00245181
 1980 -0.68 -0.642545 0.00245065
 1981 -0.68 -0.642564 0.00244948
 1982 -0.68 -0.642583 0.00244832
 1983 -0.68 -0.642602 0.00244716
 1984 -0.68 -0.642621 0.002446
 1985 -0.6 -0.642599 0.00244486
 1986 -0.52 -0.642538 0.00244441
 1987 -0.36 -0.642396 0.00244731
 1988 -0.6 -0.642374 0.00244617
 1989 -0.6 -0.642353 0.00244504
 1990 -0.52 -0.642291 0.00244458
 1991 -0.36 -0.64215 0.00244746
 1992 -0.52 -0.642088 0.002447
 1993 -0.6 -0.642067 0.00244586
 1994 -0.44 -0.641966 0.00244674
 1995 -0.52 -0.641905 0.00244627
 1996 -0.6 -0.641884 0.00244514
 1997 -0.52 -0.641823 0.00244468
 1998 -0.6 -0.641802 0.00244354
 1999 -0.6 -0.641781 0.00244241
 2000 -0.52 -0.64172 0.00244195
