 1 -0.6 -0.6 0
 2 -0.68 -0.64 0.04
 3 -0.6 -0.626667 0.0266667
 4 -0.76 -0.66 0.0382971
 5 -0.76 -0.68 0.0357771
 6 -0.6 -0.666667 0.0321109
 7 -0.44 -0.634286 0.0422497
 8 -0.6 -0.63 0.0368394
 9 -0.68 -0.635556 0.0329609
 10 -0.6 -0.632 0.0296947
 11 -0.52 -0.621818 0.028725
 12 -0.6 -0.62 0.0262851
 13 -0.44 -0.606154 0.0278627
 14 -0.76 -0.617143 0.028039
 15 -0.52 -0.610667 0.0268943
 16 -0.52 -0.605 0.0257876
 17 -0.68 -0.609412 0.0246217
 18 -0.68 -0.613333 0.0235425
 19 -0.68 -0.616842 0.0225437
 20 -0.68 -0.62 0.0216187
 21 -0.68 -0.622857 0.020761
 22 -0.68 -0.625455 0.0199645
 23 -0.76 -0.631304 0.0199535
 24 -0.68 -0.633333 0.0192115
 25 -0.76 -0.6384 0.0191109
 26 -0.76 -0.643077 0.0189475
 27 -0.84 -0.65037 0.0196369
 28 -0.84 -0.657143 0.020098
 29 -0.76 -0.66069 0.0197143
 30 -0.6 -0.658667 0.0191529
 31 -0.68 -0.659355 0.0185376
 32 -0.68 -0.66 0.0179605
 33 -0.68 -0.660606 0.0174183
 34 -0.76 -0.663529 0.0171492
 35 -0.52 -0.659429 0.0171496
 36 -0.68 -0.66 0.0166762
 37 -0.6 -0.658378 0.0163001
 38 -0.6 -0.656842 0.0159395
 39 -0.6 -0.655385 0.0155937
 40 -0.52 -0.652 0.0155712
 41 -0.68 -0.652683 0.015202
 42 -0.6 -0.651429 0.0148886
 43 -0.68 -0.652093 0.0145534
 44 -0.52 -0.649091 0.0145322
 45 -0.6 -0.648 0.0142475
 46 -0.6 -0.646957 0.0139733
 47 -0.68 -0.64766 0.0136908
 48 -0.68 -0.648333 0.0134195
 49 -0.68 -0.64898 0.0131587
 50 -0.68 -0.6496 0.0129077
 51 -0.52 -0.647059 0.0129048
 52 -0.52 -0.644615 0.0128879
 53 -0.6 -0.643774 0.0126704
 54 -0.6 -0.642963 0.0124599
 55 -0.68 -0.643636 0.0122498
 56 -0.76 -0.645714 0.0122072
 57 -0.76 -0.647719 0.0121576
 58 -0.52 -0.645517 0.0121474
 59 -0.6 -0.644746 0.0119647
 60 -0.76 -0.646667 0.0119194
 61 -0.76 -0.648525 0.0118687
 62 -0.52 -0.646452 0.0118583
 63 -0.76 -0.648254 0.0118069
 64 -0.6 -0.6475 0.0116454
 65 -0.84 -0.650462 0.0118412
 66 -0.76 -0.652121 0.0117779
 67 -0.84 -0.654925 0.0119349
 68 -0.84 -0.657647 0.0120689
 69 -0.76 -0.65913 0.0119849
 70 -0.76 -0.660571 0.0119
 71 -0.76 -0.661972 0.0118145
 72 -0.68 -0.662222 0.0116519
 73 -0.6 -0.66137 0.0115228
 74 -0.6 -0.660541 0.0113962
 75 -0.84 -0.662933 0.011495
 76 -0.84 -0.665263 0.0115796
 77 -0.76 -0.666494 0.0114942
 78 -0.68 -0.666667 0.0113473
 79 -0.68 -0.666835 0.011204
 80 -0.6 -0.666 0.0110945
 81 -0.6 -0.665185 0.010987
 82 -0.68 -0.665366 0.0108537
 83 -0.6 -0.664578 0.010751
 84 -0.6 -0.66381 0.01065
 85 -0.6 -0.663059 0.0105507
 86 -0.76 -0.664186 0.010488
 87 -0.68 -0.664368 0.0103684
 88 -0.68 -0.664545 0.0102514
 89 -0.76 -0.665618 0.0101922
 90 -0.68 -0.665778 0.0100796
 91 -0.6 -0.665055 0.00999435
 92 -0.6 -0.664348 0.00991038
 93 -0.6 -0.663656 0.00982762
 94 -0.68 -0.66383 0.00972407
 95 -0.6 -0.663158 0.00964459
 96 -0.52 -0.661667 0.0096594
 97 -0.44 -0.659381 0.00982866
 98 -0.68 -0.659592 0.00973012
 99 -0.76 -0.660606 0.00968459
 100 -0.68 -0.6608 0.00958922
 101 -0.68 -0.66099 0.00949571
 102 -0.68 -0.661176 0.009404
 103 -0.76 -0.662136 0.00936154
 104 -0.68 -0.662308 0.00927268
 105 -0.68 -0.662476 0.00918549
 106 -0.68 -0.662642 0.00909993
 107 -0.68 -0.662804 0.00901594
 108 -0.52 -0.661481 0.00902941
 109 -0.68 -0.661651 0.0089478
 110 -0.6 -0.661091 0.00888378
 111 -0.68 -0.661261 0.00880503
 112 -0.6 -0.660714 0.00874318
 113 -0.6 -0.660177 0.00868211
 114 -0.52 -0.658947 0.00869302
 115 -0.52 -0.657739 0.00870139
 116 -0.68 -0.657931 0.00862818
 117 -0.68 -0.65812 0.0085562
 118 -0.68 -0.658305 0.00848541
 119 -0.68 -0.658487 0.00841577
 120 -0.68 -0.658667 0.00834727
 121 -0.6 -0.658182 0.00829218
 122 -0.68 -0.658361 0.00822588
 123 -0.6 -0.657886 0.00817251
 124 -0.6 -0.657419 0.00811977
 125 -0.52 -0.65632 0.00812923
 126 -0.68 -0.656508 0.00806664
 127 -0.6 -0.656063 0.00801523
 128 -0.6 -0.655625 0.00796442
 129 -0.68 -0.655814 0.0079047
 130 -0.76 -0.656615 0.00788449
 131 -0.68 -0.656794 0.00782611
 132 -0.76 -0.657576 0.00780585
 133 -0.84 -0.658947 0.00786742
 134 -0.84 -0.660299 0.00792453
 135 -0.52 -0.659259 0.00793397
 136 -0.52 -0.658235 0.0079417
 137 -0.6 -0.65781 0.00789497
 138 -0.6 -0.657391 0.00784874
 139 -0.68 -0.657554 0.00779377
 140 -0.68 -0.657714 0.00773956
 141 -0.68 -0.657872 0.0076861
 142 -0.52 -0.656901 0.00769329
 143 -0.44 -0.655385 0.00778843
 144 -0.52 -0.654444 0.00779109
 145 -0.52 -0.653517 0.00779253
 146 -0.44 -0.652055 0.00787594
 147 -0.52 -0.651156 0.00787359
 148 -0.44 -0.64973 0.00794929
 149 -0.44 -0.648322 0.00802025
 150 -0.44 -0.646933 0.00808675
 151 -0.44 -0.645563 0.00814907
 152 -0.6 -0.645263 0.00810083
 153 -0.52 -0.644444 0.00808925
 154 -0.6 -0.644156 0.00804173
 155 -0.6 -0.643871 0.00799475
 156 -0.76 -0.644615 0.00797815
 157 -0.68 -0.644841 0.00793037
 158 -0.68 -0.645063 0.00788316
 159 -0.52 -0.644277 0.00787281
 160 -0.68 -0.6445 0.00782664
 161 -0.6 -0.644224 0.00778278
 162 -0.44 -0.642963 0.00783665
 163 -0.6 -0.642699 0.00779289
 164 -0.44 -0.641463 0.00784322
 165 -0.68 -0.641697 0.00779904
 166 -0.52 -0.640964 0.0077865
 167 -0.52 -0.64024 0.00777356
 168 -0.44 -0.639048 0.00781853
 169 -0.6 -0.638817 0.00777556
 170 -0.6 -0.638588 0.00773306
 171 -0.6 -0.638363 0.00769102
 172 -0.6 -0.63814 0.00764942
 173 -0.76 -0.638844 0.00763763
 174 -0.84 -0.64 0.00768111
 175 -0.68 -0.640229 0.00764051
 176 -0.68 -0.640455 0.00760033
 177 -0.6 -0.640226 0.00756073
 178 -0.6 -0.64 0.00752153
 179 -0.52 -0.63933 0.00750937
 180 -0.6 -0.639111 0.00747073
 181 -0.52 -0.638453 0.00745843
 182 -0.6 -0.638242 0.00742035
 183 -0.6 -0.638033 0.00738264
 184 -0.68 -0.638261 0.00734595
 185 -0.68 -0.638486 0.00730962
 186 -0.68 -0.63871 0.00727364
 187 -0.6 -0.638503 0.0072376
 188 -0.68 -0.638723 0.00720238
 189 -0.68 -0.638942 0.0071675
 190 -0.6 -0.638737 0.00713262
 191 -0.52 -0.638115 0.00712236
 192 -0.6 -0.637917 0.00708795
 193 -0.6 -0.63772 0.00705387
 194 -0.6 -0.637526 0.00702011
 195 -0.6 -0.637333 0.00698666
 196 -0.52 -0.636735 0.00697666
 197 -0.6 -0.636548 0.00694366
 198 -0.6 -0.636364 0.00691096
 199 -0.52 -0.635779 0.00690097
 200 -0.6 -0.6356 0.0068687
 201 -0.76 -0.636219 0.00686241
 202 -0.68 -0.636436 0.00683179
 203 -0.6 -0.636256 0.00680043
 204 -0.6 -0.636078 0.00676934
 205 -0.52 -0.635512 0.00676
 206 -0.68 -0.635728 0.00673057
 207 -0.68 -0.635942 0.00670139
 208 -0.6 -0.635769 0.00667133
 209 -0.6 -0.635598 0.00664154
 210 -0.76 -0.63619 0.00663633
 211 -0.68 -0.636398 0.00660806
 212 -0.6 -0.636226 0.00657906
 213 -0.76 -0.636808 0.00657383
 214 -0.6 -0.636636 0.0065453
 215 -0.6 -0.636465 0.00651702
 216 -0.76 -0.637037 0.00651194
 217 -0.52 -0.636498 0.00650426
 218 -0.68 -0.636697 0.00647743
 219 -0.84 -0.637626 0.00651427
 220 -0.68 -0.637818 0.00648745
 221 -0.68 -0.638009 0.00646085
 222 -0.6 -0.637838 0.00643396
 223 -0.6 -0.637668 0.00640729
 224 -0.6 -0.6375 0.00638084
 225 -0.68 -0.637689 0.00635522
 226 -0.68 -0.637876 0.00632981
 227 -0.76 -0.638414 0.00632479
 228 -0.68 -0.638596 0.00629962
 229 -0.6 -0.638428 0.00627432
 230 -0.52 -0.637913 0.00626816
 231 -0.76 -0.638442 0.00626331
 232 -0.76 -0.638966 0.00625823
 233 -0.52 -0.638455 0.00625219
 234 -0.52 -0.637949 0.00624596
 235 -0.68 -0.638128 0.0062219
 236 -0.6 -0.637966 0.00619759
 237 -0.68 -0.638143 0.00617393
 238 -0.52 -0.637647 0.00616794
 239 -0.6 -0.63749 0.0061441
 240 -0.68 -0.637667 0.00612101
 241 -0.68 -0.637842 0.00609809
 242 -0.68 -0.638017 0.00607534
 243 -0.76 -0.638519 0.00607107
 244 -0.68 -0.638689 0.00604853
 245 -0.6 -0.638531 0.00602586
 246 -0.68 -0.638699 0.00600368
 247 -0.76 -0.63919 0.00599946
 248 -0.76 -0.639677 0.00599504
 249 -0.6 -0.639518 0.00597304
 250 -0.76 -0.64 0.00596859
 251 -0.84 -0.640797 0.00599793
 252 -0.6 -0.640635 0.00597627
 253 -0.84 -0.641423 0.00600454
 254 -0.68 -0.641575 0.00598278
 255 -0.6 -0.641412 0.0059615
 256 -0.68 -0.641563 0.00594008
 257 -0.6 -0.641401 0.00591913
 258 -0.6 -0.64124 0.00589833
 259 -0.68 -0.64139 0.00587741
 260 -0.68 -0.641538 0.00585665
 261 -0.6 -0.641379 0.00583634
 262 -0.6 -0.641221 0.00581616
 263 -0.6 -0.641065 0.00579613
 264 -0.68 -0.641212 0.00577601
 265 -0.44 -0.640453 0.00580405
 266 -0.68 -0.640602 0.0057841
 267 -0.6 -0.640449 0.00576441
 268 -0.6 -0.640299 0.00574484
 269 -0.68 -0.640446 0.00572535
 270 -0.76 -0.640889 0.00572126
 271 -0.76 -0.641328 0.00571703
 272 -0.76 -0.641765 0.00571266
 273 -0.76 -0.642198 0.00570815
 274 -0.68 -0.642336 0.00568895
 275 -0.84 -0.643055 0.00571362
 276 -0.76 -0.643478 0.00570863
 277 -0.6 -0.643321 0.00569015
 278 -0.76 -0.643741 0.00568515
 279 -0.6 -0.643584 0.00566691
 280 -0.52 -0.643143 0.00566386
 281 -0.6 -0.642989 0.00564575
 282 -0.36 -0.641986 0.0057145
 283 -0.6 -0.641837 0.0056962
 284 -0.52 -0.641408 0.0056923
 285 -0.6 -0.641263 0.00567415
 286 -0.76 -0.641678 0.0056695
 287 -0.6 -0.641533 0.00565158
 288 -0.76 -0.641944 0.00564692
 289 -0.68 -0.642076 0.00562889
 290 -0.52 -0.641655 0.00562522
 291 -0.6 -0.641512 0.00560768
 292 -0.52 -0.641096 0.00560392
 293 -0.44 -0.64041 0.00562677
 294 -0.52 -0.64 0.00562254
 295 -0.68 -0.640136 0.00560509
 296 -0.68 -0.64027 0.00558774
 297 -0.68 -0.640404 0.0055705
 298 -0.6 -0.640268 0.00555343
 299 -0.76 -0.640669 0.00554929
 300 -0.68 -0.6408 0.00553232
 301 -0.68 -0.64093 0.00551545
 302 -0.76 -0.641325 0.00551127
 303 -0.76 -0.641716 0.005507
 304 -0.84 -0.642368 0.00552747
 305 -0.76 -0.642754 0.0055228
 306 -0.84 -0.643399 0.00554234
 307 -0.68 -0.643518 0.00552554
 308 -0.68 -0.643636 0.00550885
 309 -0.68 -0.643754 0.00549225
 310 -0.76 -0.644129 0.00548733
 311 -0.76 -0.644502 0.00548233
 312 -0.76 -0.644872 0.00547726
 313 -0.68 -0.644984 0.00546088
 314 -0.76 -0.64535 0.00545578
 315 -0.68 -0.64546 0.00543954
 316 -0.6 -0.645316 0.00542421
 317 -0.44 -0.644669 0.00544572
 318 -0.6 -0.644528 0.00543039
 319 -0.76 -0.64489 0.00542543
 320 -0.76 -0.64525 0.00542039
 321 -0.68 -0.645358 0.00540457
 322 -0.84 -0.645963 0.00542156
 323 -0.84 -0.646563 0.00543803
 324 -0.84 -0.64716 0.005454
 325 -0.76 -0.647508 0.00544826
 326 -0.6 -0.647362 0.00543348
 327 -0.68 -0.647462 0.00541776
 328 -0.6 -0.647317 0.00540315
 329 -0.68 -0.647416 0.00538762
 330 -0.76 -0.647758 0.00538209
 331 -0.84 -0.648338 0.00539715
 332 -0.92 -0.649157 0.00544273
 333 -0.92 -0.64997 0.00548698
 334 -0.92 -0.650778 0.00552994
 335 -0.92 -0.651582 0.00557167
 336 -0.84 -0.652143 0.0055833
 337 -0.76 -0.652463 0.0055759
 338 -0.52 -0.652071 0.00557317
 339 -0.6 -0.651917 0.00555883
 340 -0.6 -0.651765 0.00554456
 341 -0.6 -0.651613 0.00553036
 342 -0.76 -0.65193 0.00552327
 343 -0.6 -0.651778 0.00550922
 344 -0.6 -0.651628 0.00549524
 345 -0.68 -0.65171 0.00547991
 346 -0.6 -0.651561 0.00546609
 347 -0.6 -0.651412 0.00545234
 348 -0.52 -0.651034 0.00544975
 349 -0.52 -0.650659 0.00544707
 350 -0.6 -0.650514 0.00543341
 351 -0.68 -0.650598 0.00541856
 352 -0.76 -0.650909 0.00541208
 353 -0.84 -0.651445 0.00542324
 354 -0.6 -0.651299 0.00540985
 355 -0.68 -0.65138 0.0053952
 356 -0.68 -0.651461 0.00538062
 357 -0.68 -0.651541 0.00536613
 358 -0.52 -0.651173 0.00536372
 359 -0.68 -0.651253 0.00534936
 360 -0.68 -0.651333 0.00533507
 361 -0.68 -0.651413 0.00532087
 362 -0.76 -0.651713 0.00531462
 363 -0.76 -0.652011 0.00530835
 364 -0.68 -0.652088 0.0052943
 365 -0.68 -0.652164 0.00528033
 366 -0.6 -0.652022 0.00526781
 367 -0.68 -0.652098 0.00525399
 368 -0.52 -0.651739 0.00525198
 369 -0.52 -0.651382 0.00524988
 370 -0.52 -0.651027 0.0052477
 371 -0.52 -0.650674 0.00524544
 372 -0.6 -0.650538 0.00523309
 373 -0.6 -0.650402 0.0052208
 374 -0.44 -0.64984 0.00523713
 375 -0.6 -0.649707 0.00522483
 376 -0.68 -0.649787 0.00521154
 377 -0.76 -0.65008 0.00520591
 378 -0.68 -0.650159 0.00519273
 379 -0.52 -0.649815 0.00519038
 380 -0.52 -0.649474 0.00518796
 381 -0.6 -0.649344 0.00517596
 382 -0.6 -0.649215 0.00516401
 383 -0.52 -0.648877 0.00516154
 384 -0.6 -0.64875 0.00514966
 385 -0.44 -0.648208 0.00516481
 386 -0.52 -0.647876 0.0051621
 387 -0.6 -0.647752 0.00515023
 388 -0.52 -0.647423 0.00514748
 389 -0.52 -0.647095 0.00514467
 390 -0.52 -0.646769 0.0051418
 391 -0.76 -0.647059 0.0051368
 392 -0.84 -0.647551 0.00514727
 393 -0.84 -0.648041 0.00515746
 394 -0.76 -0.648325 0.00515219
 395 -0.68 -0.648405 0.00513976
 396 -0.6 -0.648283 0.00512822
 397 -0.68 -0.648363 0.00511591
 398 -0.6 -0.648241 0.00510449
 399 -0.68 -0.648321 0.0050923
 400 -0.68 -0.6484 0.00508017
 401 -0.68 -0.648479 0.0050681
 402 -0.6 -0.648358 0.00505691
 403 -0.6 -0.648238 0.00504578
 404 -0.68 -0.648317 0.00503388
 405 -0.6 -0.648198 0.00502286
 406 -0.6 -0.648079 0.00501188
 407 -0.6 -0.647961 0.00500094
 408 -0.52 -0.647647 0.00499852
 409 -0.6 -0.647531 0.00498764
 410 -0.52 -0.64722 0.00498518
 411 -0.68 -0.647299 0.00497367
 412 -0.76 -0.647573 0.00496912
 413 -0.68 -0.647651 0.0049577
 414 -0.6 -0.647536 0.00494705
 415 -0.52 -0.647229 0.00494467
 416 -0.6 -0.647115 0.00493408
 417 -0.6 -0.647002 0.00492353
 418 -0.52 -0.646699 0.00492112
 419 -0.44 -0.646205 0.00493409
 420 -0.6 -0.646095 0.00492355
 421 -0.6 -0.645986 0.00491306
 422 -0.68 -0.646066 0.00490207
 423 -0.6 -0.645957 0.00489168
 424 -0.6 -0.645849 0.00488133
 425 -0.68 -0.645929 0.0048705
 426 -0.52 -0.645634 0.00486803
 427 -0.6 -0.645527 0.0048578
 428 -0.68 -0.645607 0.0048471
 429 -0.68 -0.645688 0.00483645
 430 -0.44 -0.645209 0.00484885
 431 -0.36 -0.644548 0.00488263
 432 -0.52 -0.644259 0.00487984
 433 -0.52 -0.643972 0.00487701
 434 -0.68 -0.644055 0.00486647
 435 -0.68 -0.644138 0.00485597
 436 -0.84 -0.644587 0.0048656
 437 -0.68 -0.644668 0.00485513
 438 -0.6 -0.644566 0.00484511
 439 -0.68 -0.644647 0.00483473
 440 -0.76 -0.644909 0.00483085
 441 -0.76 -0.64517 0.00482694
 442 -0.68 -0.645249 0.00481665
 443 -0.6 -0.645147 0.00480686
 444 -0.6 -0.645045 0.00479709
 445 -0.6 -0.644944 0.00478737
 446 -0.68 -0.645022 0.00477727
 447 -0.6 -0.644922 0.00476764
 448 -0.6 -0.644821 0.00475804
 449 -0.76 -0.645078 0.00475436
 450 -0.76 -0.645333 0.00475065
 451 -0.76 -0.645588 0.00474692
 452 -0.76 -0.645841 0.00474316
 453 -0.84 -0.646269 0.00475205
 454 -0.76 -0.64652 0.00474818
 455 -0.68 -0.646593 0.00473831
 456 -0.76 -0.646842 0.00473444
 457 -0.68 -0.646915 0.00472463
 458 -0.68 -0.646987 0.00471485
 459 -0.76 -0.647233 0.00471101
 460 -0.76 -0.647478 0.00470715
 461 -0.68 -0.647549 0.00469745
 462 -0.52 -0.647273 0.0046954
 463 -0.52 -0.646998 0.0046933
 464 -0.6 -0.646897 0.00468427
 465 -0.6 -0.646796 0.00467528
 466 -0.68 -0.646867 0.00466578
 467 -0.68 -0.646938 0.00465631
 468 -0.44 -0.646496 0.00466735
 469 -0.36 -0.645885 0.00469728
 470 -0.6 -0.645787 0.00468829
 471 -0.6 -0.64569 0.00467933
 472 -0.76 -0.645932 0.00467568
 473 -0.68 -0.646004 0.00466634
 474 -0.68 -0.646076 0.00465704
 475 -0.76 -0.646316 0.00465341
 476 -0.6 -0.646218 0.00464464
 477 -0.76 -0.646457 0.00464103
 478 -0.84 -0.646862 0.00464898
 479 -0.68 -0.646931 0.00463978
 480 -0.6 -0.646833 0.00463113
 481 -0.52 -0.64657 0.00462901
 482 -0.68 -0.646639 0.00461992
 483 -0.6 -0.646542 0.00461136
 484 -0.6 -0.646446 0.00460282
 485 -0.52 -0.646186 0.00460072
 486 -0.6 -0.646091 0.00459222
 487 -0.6 -0.645996 0.00458376
 488 -0.76 -0.64623 0.00458032
 489 -0.84 -0.646626 0.00458809
 490 -0.76 -0.646857 0.00458456
 491 -0.76 -0.647088 0.00458101
 492 -0.6 -0.646992 0.00457269
 493 -0.44 -0.646572 0.00458268
 494 -0.6 -0.646478 0.00457436
 495 -0.68 -0.646545 0.00456562
 496 -0.6 -0.646452 0.00455737
 497 -0.68 -0.646519 0.00454869
 498 -0.68 -0.646586 0.00454005
 499 -0.68 -0.646653 0.00453143
 500 -0.68 -0.64672 0.00452285
 501 -0.68 -0.646786 0.0045143
 502 -0.68 -0.646853 0.00450579
 503 -0.6 -0.646759 0.00449779
 504 -0.6 -0.646667 0.00448981
 505 -0.68 -0.646733 0.0044814
 506 -0.6 -0.64664 0.00447349
 507 -0.68 -0.646706 0.00446514
 508 -0.6 -0.646614 0.00445729
 509 -0.44 -0.646208 0.00446701
 510 -0.52 -0.645961 0.0044651
 511 -0.6 -0.645871 0.00445726
 512 -0.52 -0.645625 0.00445534
 513 -0.52 -0.64538 0.00445338
 514 -0.52 -0.645136 0.0044514
 515 -0.52 -0.644893 0.00444938
 516 -0.6 -0.644806 0.00444161
 517 -0.6 -0.64472 0.00443385
 518 -0.6 -0.644633 0.00442613
 519 -0.68 -0.644701 0.00441812
 520 -0.6 -0.644615 0.00441045
 521 -0.76 -0.644837 0.00440754
 522 -0.84 -0.645211 0.00441495
 523 -0.76 -0.64543 0.00441196
 524 -0.6 -0.645344 0.00440439
 525 -0.68 -0.64541 0.00439649
 526 -0.76 -0.645627 0.00439353
 527 -0.68 -0.645693 0.00438567
 528 -0.44 -0.645303 0.00439465
 529 -0.52 -0.645066 0.00439273
 530 -0.6 -0.644981 0.00438526
 531 -0.76 -0.645198 0.00438235
 532 -0.52 -0.644962 0.00438043
 533 -0.6 -0.644878 0.00437302
 534 -0.6 -0.644794 0.00436563
 535 -0.36 -0.644262 0.00438986
 536 -0.52 -0.64403 0.00438779
 537 -0.28 -0.643352 0.00443176
 538 -0.44 -0.642974 0.00443964
 539 -0.52 -0.642746 0.00443726
 540 -0.52 -0.642519 0.00443486
 541 -0.44 -0.642144 0.00444246
 542 -0.52 -0.641919 0.00443998
 543 -0.52 -0.641694 0.00443748
 544 -0.52 -0.641471 0.00443496
 545 -0.52 -0.641248 0.00443242
 546 -0.52 -0.641026 0.00442987
 547 -0.6 -0.640951 0.0044224
 548 -0.84 -0.641314 0.00442924
 549 -0.6 -0.641239 0.0044218
 550 -0.52 -0.641018 0.00441926
 551 -0.68 -0.641089 0.0044118
 552 -0.68 -0.641159 0.00440436
 553 -0.6 -0.641085 0.00439702
 554 -0.52 -0.640866 0.00439451
 555 -0.52 -0.640649 0.00439199
 556 -0.6 -0.640576 0.00438469
 557 -0.52 -0.640359 0.00438216
 558 -0.52 -0.640143 0.00437962
 559 -0.44 -0.639785 0.00438641
 560 -0.36 -0.639286 0.00440699
 561 -0.36 -0.638788 0.0044272
 562 -0.6 -0.638719 0.00441986
 563 -0.6 -0.63865 0.00441254
 564 -0.6 -0.638582 0.00440524
 565 -0.52 -0.638372 0.00440244
 566 -0.52 -0.638163 0.00439963
 567 -0.44 -0.637813 0.00440575
 568 -0.6 -0.637746 0.00439849
 569 -0.36 -0.637258 0.0044178
 570 -0.6 -0.637193 0.00441053
 571 -0.6 -0.637128 0.00440328
 572 -0.6 -0.637063 0.00439605
 573 -0.6 -0.636998 0.00438885
 574 -0.52 -0.636794 0.00438594
 575 -0.52 -0.636591 0.00438301
 576 -0.6 -0.636528 0.00437586
 577 -0.6 -0.636464 0.00436872
 578 -0.6 -0.636401 0.00436162
 579 -0.6 -0.636339 0.00435453
 580 -0.68 -0.636414 0.00434767
 581 -0.76 -0.636627 0.00434539
 582 -0.76 -0.636838 0.00434309
 583 -0.68 -0.636913 0.00433627
 584 -0.76 -0.637123 0.00433396
 585 -0.84 -0.63747 0.00434043
 586 -0.84 -0.637816 0.00434677
 587 -0.76 -0.638024 0.00434435
 588 -0.76 -0.638231 0.00434192
 589 -0.76 -0.638438 0.00433947
 590 -0.68 -0.638508 0.00433268
 591 -0.84 -0.638849 0.00433875
 592 -0.84 -0.639189 0.00434473
 593 -0.68 -0.639258 0.00433794
 594 -0.68 -0.639327 0.00433117
 595 -0.6 -0.639261 0.00432439
 596 -0.68 -0.639329 0.00431767
 597 -0.6 -0.639263 0.00431094
 598 -0.68 -0.639331 0.00430426
 599 -0.76 -0.639533 0.00430179
 600 -0.76 -0.639733 0.0042993
 601 -0.68 -0.6398 0.00429267
 602 -0.6 -0.639734 0.00428604
 603 -0.6 -0.639668 0.00427944
 604 -0.6 -0.639603 0.00427285
 605 -0.6 -0.639537 0.00426628
 606 -0.68 -0.639604 0.00425976
 607 -0.76 -0.639802 0.00425736
 608 -0.84 -0.640132 0.00426309
 609 -0.84 -0.64046 0.00426872
 610 -0.76 -0.640656 0.00426622
 611 -0.76 -0.640851 0.0042637
 612 -0.68 -0.640915 0.00425721
 613 -0.6 -0.640848 0.00425079
 614 -0.76 -0.641042 0.00424829
 615 -0.68 -0.641106 0.00424185
 616 -0.6 -0.641039 0.00423548
 617 -0.6 -0.640972 0.00422914
 618 -0.6 -0.640906 0.00422281
 619 -0.76 -0.641099 0.00422037
 620 -0.76 -0.64129 0.00421792
 621 -0.84 -0.64161 0.00422326
 622 -0.76 -0.641801 0.00422076
 623 -0.76 -0.64199 0.00421825
 624 -0.76 -0.642179 0.00421573
 625 -0.68 -0.64224 0.00420941
 626 -0.68 -0.6423 0.00420311
 627 -0.76 -0.642488 0.0042006
 628 -0.76 -0.642675 0.00419808
 629 -0.84 -0.642989 0.00420312
 630 -0.76 -0.643175 0.00420056
 631 -0.76 -0.64336 0.00419798
 632 -0.68 -0.643418 0.00419173
 633 -0.84 -0.643728 0.00419661
 634 -0.84 -0.644038 0.00420141
 635 -0.68 -0.644094 0.00419517
 636 -0.6 -0.644025 0.00418914
 637 -0.84 -0.644333 0.00419386
 638 -0.76 -0.644514 0.0041912
 639 -0.76 -0.644695 0.00418854
 640 -0.76 -0.644875 0.00418587
 641 -0.76 -0.645055 0.00418319
 642 -0.76 -0.645234 0.00418051
 643 -0.68 -0.645288 0.00417435
 644 -0.68 -0.645342 0.00416821
 645 -0.68 -0.645395 0.00416209
 646 -0.68 -0.645449 0.00415599
 647 -0.76 -0.645626 0.00415333
 648 -0.76 -0.645802 0.00415067
 649 -0.6 -0.645732 0.00414487
 650 -0.52 -0.645538 0.00414301
 651 -0.68 -0.645591 0.00413698
 652 -0.6 -0.645521 0.00413122
 653 -0.6 -0.645452 0.00412548
 654 -0.6 -0.645382 0.00411975
 655 -0.52 -0.645191 0.00411791
 656 -0.52 -0.645 0.00411606
 657 -0.68 -0.645053 0.00411013
 658 -0.76 -0.645228 0.0041076
 659 -0.76 -0.645402 0.00410505
 660 -0.6 -0.645333 0.00409941
 661 -0.6 -0.645265 0.00409378
 662 -0.68 -0.645317 0.00408792
 663 -0.68 -0.64537 0.00408209
 664 -0.6 -0.645301 0.00407651
 665 -0.6 -0.645233 0.00407094
 666 -0.52 -0.645045 0.00406917
 667 -0.68 -0.645097 0.00406341
 668 -0.52 -0.64491 0.00406164
 669 -0.6 -0.644843 0.00405612
 670 -0.52 -0.644657 0.00405434
 671 -0.52 -0.644471 0.00405256
 672 -0.6 -0.644405 0.00404706
 673 -0.68 -0.644458 0.00404139
 674 -0.76 -0.644629 0.00403903
 675 -0.84 -0.644919 0.00404341
 676 -0.76 -0.645089 0.00404102
 677 -0.84 -0.645377 0.0040453
 678 -0.84 -0.645664 0.00404952
 679 -0.76 -0.645832 0.00404705
 680 -0.76 -0.646 0.00404458
 681 -0.68 -0.64605 0.00403895
 682 -0.68 -0.6461 0.00403333
 683 -0.76 -0.646266 0.00403087
 684 -0.84 -0.64655 0.00403493
 685 -0.76 -0.646715 0.00403243
 686 -0.68 -0.646764 0.00402684
 687 -0.76 -0.646929 0.00402436
 688 -0.52 -0.646744 0.00402273
 689 -0.68 -0.646792 0.00401718
 690 -0.76 -0.646957 0.00401471
 691 -0.76 -0.64712 0.00401223
 692 -0.6 -0.647052 0.00400701
 693 -0.68 -0.6471 0.0040015
 694 -0.6 -0.647032 0.00399631
 695 -0.68 -0.647079 0.00399084
 696 -0.68 -0.647126 0.00398538
 697 -0.76 -0.647288 0.00398295
 698 -0.68 -0.647335 0.00397752
 699 -0.44 -0.647039 0.00398288
 700 -0.52 -0.646857 0.00398133
 701 -0.44 -0.646562 0.00398658
 702 -0.6 -0.646496 0.00398145
 703 -0.52 -0.646316 0.00397985
 704 -0.52 -0.646136 0.00397824
 705 -0.6 -0.646071 0.00397314
 706 -0.68 -0.646119 0.0039678
 707 -0.68 -0.646167 0.00396247
 708 -0.6 -0.646102 0.00395741
 709 -0.44 -0.645811 0.0039625
 710 -0.52 -0.645634 0.00396088
 711 -0.6 -0.64557 0.00395582
 712 -0.6 -0.645506 0.00395078
 713 -0.68 -0.645554 0.00394554
 714 -0.6 -0.64549 0.00394052
 715 -0.76 -0.64565 0.00393826
 716 -0.68 -0.645698 0.00393305
 717 -0.68 -0.645746 0.00392785
 718 -0.76 -0.645905 0.00392561
 719 -0.68 -0.645953 0.00392043
 720 -0.68 -0.646 0.00391527
 721 -0.6 -0.645936 0.00391035
 722 -0.68 -0.645983 0.00390522
 723 -0.68 -0.64603 0.0039001
 724 -0.68 -0.646077 0.00389499
 725 -0.52 -0.645903 0.0038935
 726 -0.36 -0.64551 0.00390802
 727 -0.52 -0.645337 0.00390646
 728 -0.44 -0.645055 0.00391128
 729 -0.6 -0.644993 0.0039064
 730 -0.68 -0.645041 0.00390134
 731 -0.68 -0.645089 0.00389629
 732 -0.68 -0.645137 0.00389125
 733 -0.68 -0.645184 0.00388623
 734 -0.6 -0.645123 0.00388142
 735 -0.68 -0.64517 0.00387643
 736 -0.44 -0.644891 0.00388118
 737 -0.52 -0.644722 0.00387962
 738 -0.52 -0.644553 0.00387804
 739 -0.68 -0.644601 0.00387308
 740 -0.6 -0.644541 0.00386832
 741 -0.52 -0.644372 0.00386675
 742 -0.52 -0.644205 0.00386517
 743 -0.6 -0.644145 0.00386042
 744 -0.6 -0.644086 0.00385569
 745 -0.68 -0.644134 0.00385081
 746 -0.6 -0.644075 0.0038461
 747 -0.6 -0.644016 0.0038414
 748 -0.52 -0.64385 0.00383984
 749 -0.6 -0.643792 0.00383516
 750 -0.6 -0.643733 0.00383049
 751 -0.52 -0.643569 0.00382893
 752 -0.68 -0.643617 0.00382414
 753 -0.6 -0.643559 0.0038195
 754 -0.68 -0.643607 0.00381473
 755 -0.44 -0.643338 0.00381921
 756 -0.44 -0.643069 0.00382363
 757 -0.52 -0.642906 0.00382203
 758 -0.68 -0.642955 0.0038173
 759 -0.68 -0.643004 0.00381258
 760 -0.84 -0.643263 0.00381637
 761 -0.68 -0.643311 0.00381166
 762 -0.68 -0.64336 0.00380696
 763 -0.68 -0.643408 0.00380227
 764 -0.84 -0.643665 0.003806
 765 -0.76 -0.643817 0.00380406
 766 -0.68 -0.643864 0.00379939
 767 -0.68 -0.643911 0.00379472
 768 -0.84 -0.644167 0.00379837
 769 -0.92 -0.644525 0.00381035
 770 -0.76 -0.644675 0.00380835
 771 -0.84 -0.644929 0.00381183
 772 -0.76 -0.645078 0.00380981
 773 -0.76 -0.645226 0.00380778
 774 -0.68 -0.645271 0.00380312
 775 -0.76 -0.645419 0.0038011
 776 -0.68 -0.645464 0.00379646
 777 -0.76 -0.645611 0.00379443
 778 -0.6 -0.645553 0.00379001
 779 -0.76 -0.6457 0.00378799
 780 -0.68 -0.645744 0.00378338
 781 -0.84 -0.645992 0.00378671
 782 -0.84 -0.64624 0.00379
 783 -0.84 -0.646488 0.00379323
 784 -0.76 -0.646633 0.00379116
 785 -0.68 -0.646675 0.00378656
 786 -0.6 -0.646616 0.00378221
 787 -0.68 -0.646658 0.00377764
 788 -0.76 -0.646802 0.00377558
 789 -0.6 -0.646743 0.00377126
 790 -0.6 -0.646684 0.00376695
 791 -0.6 -0.646625 0.00376265
 792 -0.6 -0.646566 0.00375835
 793 -0.68 -0.646608 0.00375385
 794 -0.6 -0.646549 0.00374958
 795 -0.76 -0.646692 0.00374758
 796 -0.76 -0.646834 0.00374557
 797 -0.52 -0.646675 0.00374425
 798 -0.6 -0.646617 0.00374001
 799 -0.76 -0.646758 0.00373802
 800 -0.76 -0.6469 0.00373603
 801 -0.76 -0.647041 0.00373404
 802 -0.6 -0.646983 0.00372984
 803 -0.52 -0.646824 0.00372855
 804 -0.6 -0.646766 0.00372436
 805 -0.6 -0.646708 0.00372018
 806 -0.44 -0.646452 0.00372441
 807 -0.68 -0.646493 0.00372002
 808 -0.68 -0.646535 0.00371565
 809 -0.68 -0.646576 0.00371128
 810 -0.6 -0.646519 0.00370714
 811 -0.6 -0.646461 0.00370301
 812 -0.68 -0.646502 0.00369868
 813 -0.68 -0.646544 0.00369436
 814 -0.6 -0.646486 0.00369026
 815 -0.68 -0.646528 0.00368596
 816 -0.6 -0.646471 0.00368188
 817 -0.52 -0.646316 0.00368063
 818 -0.52 -0.646161 0.00367937
 819 -0.52 -0.646007 0.0036781
 820 -0.6 -0.645951 0.00367404
 821 -0.68 -0.645993 0.00366979
 822 -0.76 -0.646131 0.00366795
 823 -0.68 -0.646173 0.00366372
 824 -0.68 -0.646214 0.0036595
 825 -0.6 -0.646158 0.00365549
 826 -0.6 -0.646102 0.00365149
 827 -0.6 -0.646046 0.0036475
 828 -0.44 -0.645797 0.00365158
 829 -0.52 -0.645645 0.00365033
 830 -0.68 -0.645687 0.00364616
 831 -0.6 -0.645632 0.00364219
 832 -0.84 -0.645865 0.0036453
 833 -0.68 -0.645906 0.00364115
 834 -0.76 -0.646043 0.00363936
 835 -0.52 -0.645892 0.00363813
 836 -0.6 -0.645837 0.00363419
 837 -0.76 -0.645974 0.00363241
 838 -0.76 -0.64611 0.00363062
 839 -0.76 -0.646246 0.00362883
 840 -0.76 -0.646381 0.00362704
 841 -0.76 -0.646516 0.00362524
 842 -0.6 -0.646461 0.00362135
 843 -0.6 -0.646406 0.00361747
 844 -0.6 -0.646351 0.0036136
 845 -0.6 -0.646296 0.00360974
 846 -0.6 -0.646241 0.00360589
 847 -0.68 -0.646281 0.00360185
 848 -0.68 -0.646321 0.00359782
 849 -0.6 -0.646266 0.00359399
 850 -0.68 -0.646306 0.00358998
 851 -0.6 -0.646251 0.00358617
 852 -0.6 -0.646197 0.00358237
 853 -0.68 -0.646237 0.00357839
 854 -0.52 -0.646089 0.00357725
 855 -0.68 -0.646129 0.00357329
 856 -0.6 -0.646075 0.00356952
 857 -0.6 -0.646021 0.00356575
 858 -0.76 -0.646154 0.00356407
 859 -0.76 -0.646286 0.00356239
 860 -0.76 -0.646419 0.0035607
 861 -0.76 -0.646551 0.00355901
 862 -0.6 -0.646497 0.00355529
 863 -0.28 -0.646072 0.00357647
 864 -0.52 -0.645926 0.0035753
 865 -0.6 -0.645873 0.00357156
 866 -0.6 -0.64582 0.00356783
 867 -0.52 -0.645675 0.00356666
 868 -0.6 -0.645622 0.00356294
 869 -0.6 -0.64557 0.00355923
 870 -0.68 -0.645609 0.00355535
 871 -0.76 -0.645741 0.0035537
 872 -0.84 -0.645963 0.0035566
 873 -0.76 -0.646094 0.00355493
 874 -0.84 -0.646316 0.00355778
 875 -0.84 -0.646537 0.0035606
 876 -0.76 -0.646667 0.00355889
 877 -0.76 -0.646796 0.00355718
 878 -0.76 -0.646925 0.00355546
 879 -0.68 -0.646962 0.00355162
 880 -0.68 -0.647 0.00354778
 881 -0.68 -0.647037 0.00354395
 882 -0.68 -0.647075 0.00354012
 883 -0.52 -0.646931 0.00353904
 884 -0.68 -0.646968 0.00353523
 885 -0.76 -0.647096 0.00353354
 886 -0.76 -0.647223 0.00353185
 887 -0.84 -0.647441 0.00353456
 888 -0.84 -0.647658 0.00353723
 889 -0.76 -0.647784 0.0035355
 890 -0.68 -0.64782 0.00353172
 891 -0.6 -0.647767 0.00352816
 892 -0.6 -0.647713 0.00352461
 893 -0.6 -0.64766 0.00352106
 894 -0.52 -0.647517 0.00352002
 895 -0.6 -0.647464 0.00351649
 896 -0.6 -0.647411 0.00351296
 897 -0.68 -0.647447 0.00350923
 898 -0.6 -0.647394 0.00350572
 899 -0.68 -0.64743 0.003502
 900 -0.6 -0.647378 0.00349851
 901 -0.68 -0.647414 0.00349481
 902 -0.76 -0.647539 0.00349316
 903 -0.76 -0.647663 0.00349151
 904 -0.68 -0.647699 0.00348783
 905 -0.76 -0.647823 0.00348619
 906 -0.84 -0.648035 0.00348879
 907 -0.84 -0.648247 0.00349136
 908 -0.76 -0.64837 0.00348969
 909 -0.76 -0.648493 0.00348801
 910 -0.84 -0.648703 0.00349052
 911 -0.68 -0.648738 0.00348686
 912 -0.6 -0.648684 0.00348344
 913 -0.76 -0.648806 0.00348176
 914 -0.68 -0.64884 0.00347812
 915 -0.68 -0.648874 0.00347448
 916 -0.6 -0.648821 0.00347109
 917 -0.6 -0.648768 0.00346772
 918 -0.68 -0.648802 0.0034641
 919 -0.76 -0.648923 0.00346245
 920 -0.68 -0.648957 0.00345885
 921 -0.68 -0.64899 0.00345525
 922 -0.68 -0.649024 0.00345167
 923 -0.68 -0.649057 0.00344809
 924 -0.76 -0.649177 0.00344645
 925 -0.68 -0.649211 0.00344288
 926 -0.68 -0.649244 0.00343932
 927 -0.44 -0.649018 0.00344302
 928 -0.52 -0.648879 0.00344211
 929 -0.68 -0.648913 0.00343857
 930 -0.68 -0.648946 0.00343503
 931 -0.68 -0.64898 0.0034315
 932 -0.68 -0.649013 0.00342798
 933 -0.76 -0.649132 0.00342637
 934 -0.76 -0.649251 0.00342476
 935 -0.84 -0.649455 0.00342717
 936 -0.76 -0.649573 0.00342554
 937 -0.6 -0.64952 0.00342229
 938 -0.6 -0.649467 0.00341905
 939 -0.6 -0.649414 0.00341581
 940 -0.52 -0.649277 0.00341495
 941 -0.68 -0.649309 0.00341148
 942 -0.6 -0.649257 0.00340826
 943 -0.68 -0.64929 0.0034048
 944 -0.68 -0.649322 0.00340135
 945 -0.84 -0.649524 0.00340373
 946 -0.84 -0.649725 0.00340609
 947 -0.68 -0.649757 0.00340264
 948 -0.76 -0.649873 0.00340104
 949 -0.6 -0.649821 0.00339786
 950 -0.6 -0.649768 0.00339468
 951 -0.84 -0.649968 0.00339701
 952 -0.68 -0.65 0.00339358
 953 -0.68 -0.650031 0.00339017
 954 -0.76 -0.650147 0.00338857
 955 -0.6 -0.650094 0.00338543
 956 -0.52 -0.649958 0.00338462
 957 -0.68 -0.64999 0.00338123
 958 -0.76 -0.650104 0.00337965
 959 -0.68 -0.650136 0.00337627
 960 -0.6 -0.650083 0.00337315
 961 -0.68 -0.650114 0.00336979
 962 -0.52 -0.649979 0.003369
 963 -0.76 -0.650093 0.00336744
 964 -0.6 -0.650041 0.00336434
 965 -0.84 -0.650238 0.00336661
 966 -0.76 -0.650352 0.00336505
 967 -0.68 -0.650383 0.0033617
 968 -0.6 -0.650331 0.00335863
 969 -0.52 -0.650196 0.00335786
 970 -0.6 -0.650144 0.00335479
 971 -0.76 -0.650257 0.00335325
 972 -0.84 -0.650453 0.00335548
 973 -0.84 -0.650647 0.00335768
 974 -0.68 -0.650678 0.00335437
 975 -0.6 -0.650626 0.00335133
 976 -0.76 -0.650738 0.00334977
 977 -0.76 -0.65085 0.00334821
 978 -0.68 -0.650879 0.00334492
 979 -0.68 -0.650909 0.00334163
 980 -0.76 -0.65102 0.00334007
 981 -0.68 -0.65105 0.0033368
 982 -0.6 -0.650998 0.0033338
 983 -0.6 -0.650946 0.00333081
 984 -0.68 -0.650976 0.00332756
 985 -0.68 -0.651005 0.00332431
 986 -0.76 -0.651116 0.00332278
 987 -0.76 -0.651226 0.00332124
 988 -0.76 -0.651336 0.0033197
 989 -0.76 -0.651446 0.00331816
 990 -0.68 -0.651475 0.00331494
 991 -0.6 -0.651423 0.003312
 992 -0.44 -0.65121 0.00331551
 993 -0.76 -0.651319 0.00331398
 994 -0.76 -0.651429 0.00331245
 995 -0.68 -0.651457 0.00330925
 996 -0.76 -0.651566 0.00330772
 997 -0.6 -0.651515 0.0033048
 998 -0.68 -0.651543 0.00330161
 999 -0.44 -0.651331 0.0033051
 1000 -0.68 -0.65136 0.00330192
 1001 -0.76 -0.651469 0.0033004
 1002 -0.6 -0.651417 0.00329751
 1003 -0.68 -0.651446 0.00329434
 1004 -0.76 -0.651554 0.00329283
 1005 -0.76 -0.651662 0.00329132
 1006 -0.68 -0.65169 0.00328817
 1007 -0.52 -0.651559 0.00328751
 1008 -0.68 -0.651587 0.00328436
 1009 -0.68 -0.651615 0.00328123
 1010 -0.84 -0.651802 0.00328328
 1011 -0.76 -0.651909 0.00328178
 1012 -0.68 -0.651937 0.00327865
 1013 -0.76 -0.652043 0.00327715
 1014 -0.68 -0.652071 0.00327403
 1015 -0.68 -0.652099 0.00327092
 1016 -0.6 -0.652047 0.0032681
 1017 -0.6 -0.651996 0.00326529
 1018 -0.52 -0.651866 0.00326465
 1019 -0.52 -0.651737 0.00326401
 1020 -0.52 -0.651608 0.00326337
 1021 -0.44 -0.651401 0.00326675
 1022 -0.52 -0.651272 0.00326609
 1023 -0.6 -0.651222 0.00326328
 1024 -0.6 -0.651172 0.00326047
 1025 -0.6 -0.651122 0.00325767
 1026 -0.76 -0.651228 0.00325623
 1027 -0.68 -0.651256 0.00325317
 1028 -0.68 -0.651284 0.00325013
 1029 -0.68 -0.651312 0.00324709
 1030 -0.68 -0.65134 0.00324405
 1031 -0.76 -0.651445 0.00324262
 1032 -0.76 -0.65155 0.00324118
 1033 -0.68 -0.651578 0.00323816
 1034 -0.76 -0.651683 0.00323673
 1035 -0.76 -0.651787 0.00323529
 1036 -0.68 -0.651815 0.00323228
 1037 -0.68 -0.651842 0.00322928
 1038 -0.68 -0.651869 0.00322628
 1039 -0.68 -0.651896 0.00322329
 1040 -0.68 -0.651923 0.0032203
 1041 -0.68 -0.65195 0.00321732
 1042 -0.84 -0.652131 0.00321929
 1043 -0.84 -0.652311 0.00322124
 1044 -0.68 -0.652337 0.00321826
 1045 -0.84 -0.652517 0.00322019
 1046 -0.84 -0.652696 0.0032221
 1047 -0.84 -0.652875 0.00322399
 1048 -0.92 -0.65313 0.00323098
 1049 -0.84 -0.653308 0.00323281
 1050 -0.76 -0.65341 0.00323133
 1051 -0.68 -0.653435 0.00322835
 1052 -0.84 -0.653612 0.00323016
 1053 -0.76 -0.653713 0.00322867
 1054 -0.68 -0.653738 0.0032257
 1055 -0.84 -0.653915 0.00322747
 1056 -0.76 -0.654015 0.00322598
 1057 -0.76 -0.654115 0.00322449
 1058 -0.44 -0.653913 0.00322779
 1059 -0.6 -0.653862 0.00322514
 1060 -0.6 -0.653811 0.0032225
 1061 -0.76 -0.653911 0.00322101
 1062 -0.6 -0.653861 0.00321838
 1063 -0.68 -0.653885 0.00321544
 1064 -0.76 -0.653985 0.00321397
 1065 -0.84 -0.65416 0.0032157
 1066 -0.76 -0.654259 0.00321421
 1067 -0.76 -0.654358 0.00321273
 1068 -0.68 -0.654382 0.00320981
 1069 -0.6 -0.654331 0.00320721
 1070 -0.6 -0.65428 0.00320461
 1071 -0.68 -0.654304 0.00320171
 1072 -0.68 -0.654328 0.00319881
 1073 -0.52 -0.654203 0.00319828
 1074 -0.52 -0.654078 0.00319774
 1075 -0.68 -0.654102 0.00319486
 1076 -0.68 -0.654126 0.00319198
 1077 -0.68 -0.65415 0.0031891
 1078 -0.52 -0.654026 0.00318857
 1079 -0.52 -0.653902 0.00318803
 1080 -0.68 -0.653926 0.00318517
 1081 -0.6 -0.653876 0.00318262
 1082 -0.52 -0.653752 0.00318208
 1083 -0.76 -0.65385 0.00318065
 1084 -0.84 -0.654022 0.00318235
 1085 -0.84 -0.654194 0.00318404
 1086 -0.76 -0.654291 0.0031826
 1087 -0.84 -0.654462 0.00318425
 1088 -0.84 -0.654632 0.00318589
 1089 -0.76 -0.654729 0.00318444
 1090 -0.76 -0.654826 0.00318298
 1091 -0.68 -0.654849 0.00318014
 1092 -0.6 -0.654799 0.00317763
 1093 -0.6 -0.654748 0.00317511
 1094 -0.68 -0.654771 0.00317229
 1095 -0.6 -0.654721 0.00316979
 1096 -0.52 -0.654599 0.00316928
 1097 -0.6 -0.654549 0.00316678
 1098 -0.52 -0.654426 0.00316627
 1099 -0.68 -0.654449 0.00316347
 1100 -0.44 -0.654255 0.0031666
 1101 -0.44 -0.65406 0.0031697
 1102 -0.44 -0.653866 0.00317278
 1103 -0.44 -0.653672 0.00317583
 1104 -0.6 -0.653623 0.00317332
 1105 -0.68 -0.653647 0.00317054
 1106 -0.6 -0.653599 0.00316804
 1107 -0.44 -0.653406 0.00317105
 1108 -0.36 -0.653141 0.00317924
 1109 -0.44 -0.652949 0.00318218
 1110 -0.6 -0.652901 0.00317967
 1111 -0.68 -0.652925 0.0031769
 1112 -0.76 -0.653022 0.0031755
 1113 -0.68 -0.653046 0.00317274
 1114 -0.76 -0.653142 0.00317134
 1115 -0.76 -0.653238 0.00316995
 1116 -0.68 -0.653262 0.00316719
 1117 -0.6 -0.653214 0.00316472
 1118 -0.44 -0.653023 0.00316763
 1119 -0.6 -0.652976 0.00316515
 1120 -0.6 -0.652929 0.00316268
 1121 -0.52 -0.65281 0.00316208
 1122 -0.6 -0.652763 0.00315961
 1123 -0.52 -0.652645 0.00315901
 1124 -0.6 -0.652598 0.00315655
 1125 -0.68 -0.652622 0.00315383
 1126 -0.52 -0.652504 0.00315323
 1127 -0.52 -0.652387 0.00315263
 1128 -0.68 -0.652411 0.00314993
 1129 -0.76 -0.652507 0.00314858
 1130 -0.76 -0.652602 0.00314723
 1131 -0.6 -0.652555 0.00314479
 1132 -0.68 -0.65258 0.0031421
 1133 -0.52 -0.652462 0.00314151
 1134 -0.28 -0.652134 0.00315587
 1135 -0.44 -0.651947 0.00315863
 1136 -0.6 -0.651901 0.00315618
 1137 -0.68 -0.651926 0.0031535
 1138 -0.68 -0.651951 0.00315082
 1139 -0.6 -0.651905 0.00314838
 1140 -0.6 -0.65186 0.00314595
 1141 -0.6 -0.651814 0.00314352
 1142 -0.76 -0.651909 0.00314219
 1143 -0.76 -0.652003 0.00314087
 1144 -0.68 -0.652028 0.00313822
 1145 -0.68 -0.652052 0.00313557
 1146 -0.76 -0.652147 0.00313425
 1147 -0.76 -0.652241 0.00313293
 1148 -0.68 -0.652265 0.00313029
 1149 -0.6 -0.652219 0.00312789
 1150 -0.68 -0.652243 0.00312527
 1151 -0.68 -0.652268 0.00312264
 1152 -0.68 -0.652292 0.00312002
 1153 -0.44 -0.652108 0.00312275
 1154 -0.52 -0.651993 0.00312214
 1155 -0.68 -0.652017 0.00311953
 1156 -0.68 -0.652042 0.00311693
 1157 -0.76 -0.652135 0.00311563
 1158 -0.76 -0.652228 0.00311433
 1159 -0.76 -0.652321 0.00311303
 1160 -0.6 -0.652276 0.00311067
 1161 -0.76 -0.652369 0.00310938
 1162 -0.76 -0.652461 0.00310808
 1163 -0.76 -0.652554 0.00310678
 1164 -0.76 -0.652646 0.00310549
 1165 -0.76 -0.652738 0.00310419
 1166 -0.68 -0.652762 0.00310161
 1167 -0.36 -0.652511 0.00310909
 1168 -0.6 -0.652466 0.00310675
 1169 -0.68 -0.652489 0.00310418
 1170 -0.6 -0.652444 0.00310185
 1171 -0.6 -0.6524 0.00309953
 1172 -0.52 -0.652287 0.00309894
 1173 -0.52 -0.652174 0.00309835
 1174 -0.6 -0.652129 0.00309603
 1175 -0.6 -0.652085 0.00309371
 1176 -0.6 -0.652041 0.0030914
 1177 -0.68 -0.652065 0.00308886
 1178 -0.6 -0.65202 0.00308655
 1179 -0.52 -0.651908 0.00308597
 1180 -0.6 -0.651864 0.00308367
 1181 -0.6 -0.65182 0.00308137
 1182 -0.68 -0.651844 0.00307885
 1183 -0.6 -0.651801 0.00307656
 1184 -0.68 -0.651824 0.00307405
 1185 -0.68 -0.651848 0.00307155
 1186 -0.68 -0.651872 0.00306905
 1187 -0.68 -0.651896 0.00306655
 1188 -0.68 -0.651919 0.00306406
 1189 -0.68 -0.651943 0.00306158
 1190 -0.52 -0.651832 0.00306101
 1191 -0.52 -0.651721 0.00306044
 1192 -0.52 -0.651611 0.00305987
 1193 -0.68 -0.651635 0.0030574
 1194 -0.68 -0.651658 0.00305493
 1195 -0.76 -0.651749 0.00305372
 1196 -0.68 -0.651773 0.00305125
 1197 -0.76 -0.651863 0.00305004
 1198 -0.84 -0.65202 0.00305154
 1199 -0.92 -0.652244 0.00305717
 1200 -0.76 -0.652333 0.00305595
 1201 -0.68 -0.652356 0.00305349
 1202 -0.76 -0.652446 0.00305226
 1203 -0.84 -0.652602 0.0030537
 1204 -0.52 -0.652492 0.00305315
 1205 -0.52 -0.652382 0.0030526
 1206 -0.76 -0.652471 0.00305137
 1207 -0.68 -0.652494 0.00304893
 1208 -0.6 -0.65245 0.00304671
 1209 -0.6 -0.652407 0.0030445
 1210 -0.68 -0.65243 0.00304207
 1211 -0.6 -0.652386 0.00303986
 1212 -0.68 -0.652409 0.00303744
 1213 -0.52 -0.6523 0.0030369
 1214 -0.52 -0.652191 0.00303635
 1215 -0.6 -0.652148 0.00303416
 1216 -0.52 -0.652039 0.00303361
 1217 -0.68 -0.652062 0.0030312
 1218 -0.68 -0.652085 0.0030288
 1219 -0.6 -0.652043 0.00302661
 1220 -0.52 -0.651934 0.00302607
 1221 -0.6 -0.651892 0.00302389
 1222 -0.6 -0.651849 0.00302171
 1223 -0.44 -0.651676 0.0030242
 1224 -0.44 -0.651503 0.00302668
 1225 -0.52 -0.651396 0.00302611
 1226 -0.6 -0.651354 0.00302393
 1227 -0.76 -0.651443 0.00302276
 1228 -0.68 -0.651466 0.00302039
 1229 -0.76 -0.651554 0.00301922
 1230 -0.6 -0.651512 0.00301706
 1231 -0.68 -0.651535 0.0030147
 1232 -0.76 -0.651623 0.00301353
 1233 -0.68 -0.651646 0.00301118
 1234 -0.6 -0.651605 0.00300903
 1235 -0.44 -0.651433 0.00301147
 1236 -0.76 -0.651521 0.00301031
 1237 -0.76 -0.651609 0.00300915
 1238 -0.76 -0.651696 0.003008
 1239 -0.76 -0.651784 0.00300684
 1240 -0.76 -0.651871 0.00300568
 1241 -0.68 -0.651894 0.00300334
 1242 -0.6 -0.651852 0.00300122
 1243 -0.68 -0.651874 0.00299889
 1244 -0.76 -0.651961 0.00299773
 1245 -0.68 -0.651984 0.00299541
 1246 -0.6 -0.651942 0.0029933
 1247 -0.44 -0.651772 0.00299572
 1248 -0.44 -0.651603 0.00299812
 1249 -0.68 -0.651625 0.00299581
 1250 -0.76 -0.651712 0.00299467
 1251 -0.68 -0.651735 0.00299236
 1252 -0.6 -0.651693 0.00299025
 1253 -0.6 -0.651652 0.00298815
 1254 -0.68 -0.651675 0.00298585
 1255 -0.6 -0.651633 0.00298376
 1256 -0.68 -0.651656 0.00298146
 1257 -0.84 -0.651806 0.00298286
 1258 -0.68 -0.651828 0.00298057
 1259 -0.76 -0.651914 0.00297944
 1260 -0.76 -0.652 0.00297831
 1261 -0.68 -0.652022 0.00297603
 1262 -0.84 -0.652171 0.0029774
 1263 -0.44 -0.652003 0.00297978
 1264 -0.52 -0.651899 0.00297925
 1265 -0.68 -0.651921 0.00297698
 1266 -0.76 -0.652006 0.00297585
 1267 -0.76 -0.652092 0.00297472
 1268 -0.68 -0.652114 0.00297246
 1269 -0.6 -0.652072 0.0029704
 1270 -0.68 -0.652094 0.00296814
 1271 -0.68 -0.652116 0.00296589
 1272 -0.6 -0.652075 0.00296384
 1273 -0.28 -0.651783 0.0029759
 1274 -0.52 -0.65168 0.00297536
 1275 -0.52 -0.651576 0.00297482
 1276 -0.68 -0.651599 0.00297257
 1277 -0.76 -0.651684 0.00297145
 1278 -0.84 -0.651831 0.00297278
 1279 -0.84 -0.651978 0.0029741
 1280 -0.68 -0.652 0.00297185
 1281 -0.6 -0.651959 0.00296981
 1282 -0.84 -0.652106 0.00297111
 1283 -0.6 -0.652065 0.00296907
 1284 -0.52 -0.651963 0.00296854
 1285 -0.68 -0.651984 0.00296631
 1286 -0.68 -0.652006 0.00296409
 1287 -0.76 -0.65209 0.00296297
 1288 -0.6 -0.65205 0.00296094
 1289 -0.68 -0.652071 0.00295873
 1290 -0.76 -0.652155 0.00295762
 1291 -0.68 -0.652177 0.0029554
 1292 -0.6 -0.652136 0.00295339
 1293 -0.6 -0.652096 0.00295138
 1294 -0.6 -0.652056 0.00294937
 1295 -0.68 -0.652077 0.00294717
 1296 -0.68 -0.652099 0.00294498
 1297 -0.6 -0.652059 0.00294298
 1298 -0.6 -0.652018 0.00294099
 1299 -0.68 -0.65204 0.0029388
 1300 -0.76 -0.652123 0.00293771
 1301 -0.68 -0.652145 0.00293553
 1302 -0.52 -0.652043 0.00293503
 1303 -0.6 -0.652003 0.00293305
 1304 -0.52 -0.651902 0.00293255
 1305 -0.52 -0.651801 0.00293204
 1306 -0.68 -0.651822 0.00292988
 1307 -0.6 -0.651783 0.0029279
 1308 -0.6 -0.651743 0.00292593
 1309 -0.52 -0.651642 0.00292543
 1310 -0.68 -0.651664 0.00292327
 1311 -0.68 -0.651686 0.00292112
 1312 -0.6 -0.651646 0.00291916
 1313 -0.76 -0.651729 0.0029181
 1314 -0.84 -0.651872 0.0029194
 1315 -0.84 -0.652015 0.00292068
 1316 -0.68 -0.652036 0.00291854
 1317 -0.76 -0.652118 0.00291748
 1318 -0.76 -0.6522 0.00291641
 1319 -0.76 -0.652282 0.00291535
 1320 -0.76 -0.652364 0.00291428
 1321 -0.68 -0.652385 0.00291215
 1322 -0.76 -0.652466 0.00291108
 1323 -0.68 -0.652487 0.00290895
 1324 -0.6 -0.652447 0.00290703
 1325 -0.68 -0.652468 0.00290491
 1326 -0.6 -0.652428 0.00290298
 1327 -0.6 -0.652389 0.00290107
 1328 -0.6 -0.652349 0.00289915
 1329 -0.6 -0.65231 0.00289723
 1330 -0.6 -0.652271 0.00289532
 1331 -0.6 -0.652231 0.00289341
 1332 -0.68 -0.652252 0.00289131
 1333 -0.76 -0.652333 0.00289028
 1334 -0.68 -0.652354 0.00288818
 1335 -0.76 -0.652434 0.00288714
 1336 -0.68 -0.652455 0.00288506
 1337 -0.76 -0.652536 0.00288402
 1338 -0.76 -0.652616 0.00288298
 1339 -0.6 -0.652577 0.0028811
 1340 -0.6 -0.652537 0.00287921
 1341 -0.52 -0.652438 0.00287876
 1342 -0.52 -0.65234 0.00287831
 1343 -0.6 -0.652301 0.00287643
 1344 -0.6 -0.652262 0.00287455
 1345 -0.6 -0.652223 0.00287268
 1346 -0.68 -0.652244 0.00287061
 1347 -0.6 -0.652205 0.00286874
 1348 -0.68 -0.652226 0.00286669
 1349 -0.68 -0.652246 0.00286464
 1350 -0.76 -0.652326 0.00286363
 1351 -0.68 -0.652346 0.00286158
 1352 -0.68 -0.652367 0.00285954
 1353 -0.68 -0.652387 0.0028575
 1354 -0.68 -0.652408 0.00285546
 1355 -0.68 -0.652428 0.00285342
 1356 -0.68 -0.652448 0.00285139
 1357 -0.76 -0.652528 0.00285039
 1358 -0.68 -0.652548 0.00284836
 1359 -0.6 -0.652509 0.00284653
 1360 -0.52 -0.652412 0.0028461
 1361 -0.6 -0.652373 0.00284427
 1362 -0.6 -0.652335 0.00284244
 1363 -0.68 -0.652355 0.00284043
 1364 -0.52 -0.652258 0.00284
 1365 -0.52 -0.652161 0.00283958
 1366 -0.52 -0.652064 0.00283914
 1367 -0.6 -0.652026 0.00283732
 1368 -0.6 -0.651988 0.0028355
 1369 -0.44 -0.651833 0.00283766
 1370 -0.6 -0.651796 0.00283584
 1371 -0.6 -0.651758 0.00283402
 1372 -0.6 -0.65172 0.00283221
 1373 -0.6 -0.651682 0.00283039
 1374 -0.76 -0.651761 0.00282943
 1375 -0.68 -0.651782 0.00282745
 1376 -0.68 -0.651802 0.00282547
 1377 -0.68 -0.651823 0.00282349
 1378 -0.6 -0.651785 0.00282169
 1379 -0.68 -0.651806 0.00281972
 1380 -0.6 -0.651768 0.00281792
 1381 -0.6 -0.651731 0.00281613
 1382 -0.68 -0.651751 0.00281417
 1383 -0.44 -0.651598 0.0028163
 1384 -0.6 -0.651561 0.00281451
 1385 -0.68 -0.651581 0.00281255
 1386 -0.52 -0.651486 0.00281212
 1387 -0.6 -0.651449 0.00281034
 1388 -0.6 -0.651412 0.00280856
 1389 -0.68 -0.651433 0.00280661
 1390 -0.6 -0.651396 0.00280484
 1391 -0.44 -0.651244 0.00280694
 1392 -0.44 -0.651092 0.00280902
 1393 -0.44 -0.65094 0.00281109
 1394 -0.44 -0.650789 0.00281315
 1395 -0.6 -0.650753 0.00281136
 1396 -0.52 -0.650659 0.00281091
 1397 -0.44 -0.650508 0.00281294
 1398 -0.52 -0.650415 0.00281248
 1399 -0.52 -0.650322 0.00281201
 1400 -0.52 -0.650229 0.00281155
 1401 -0.68 -0.65025 0.00280962
 1402 -0.76 -0.650328 0.00280871
 1403 -0.76 -0.650406 0.00280779
 1404 -0.76 -0.650484 0.00280688
 1405 -0.68 -0.650505 0.00280496
 1406 -0.6 -0.650469 0.00280319
 1407 -0.68 -0.65049 0.00280128
 1408 -0.52 -0.650398 0.00280082
 1409 -0.68 -0.650419 0.00279891
 1410 -0.68 -0.65044 0.002797
 1411 -0.6 -0.650404 0.00279525
 1412 -0.68 -0.650425 0.00279335
 1413 -0.6 -0.650389 0.0027916
 1414 -0.68 -0.65041 0.0027897
 1415 -0.68 -0.650431 0.00278781
 1416 -0.6 -0.650395 0.00278607
 1417 -0.68 -0.650416 0.00278418
 1418 -0.76 -0.650494 0.00278329
 1419 -0.68 -0.650514 0.0027814
 1420 -0.68 -0.650535 0.00277952
 1421 -0.68 -0.650556 0.00277764
 1422 -0.52 -0.650464 0.0027772
 1423 -0.6 -0.650429 0.00277548
 1424 -0.68 -0.650449 0.00277361
 1425 -0.68 -0.65047 0.00277174
 1426 -0.6 -0.650435 0.00277002
 1427 -0.6 -0.650399 0.0027683
 1428 -0.44 -0.650252 0.00277028
 1429 -0.44 -0.650105 0.00277225
 1430 -0.44 -0.649958 0.00277421
 1431 -0.6 -0.649923 0.00277249
 1432 -0.68 -0.649944 0.00277063
 1433 -0.6 -0.649909 0.00276892
 1434 -0.6 -0.649874 0.0027672
 1435 -0.52 -0.649784 0.00276675
 1436 -0.6 -0.649749 0.00276504
 1437 -0.68 -0.64977 0.0027632
 1438 -0.68 -0.649791 0.00276136
 1439 -0.68 -0.649812 0.00275952
 1440 -0.6 -0.649778 0.00275782
 1441 -0.68 -0.649799 0.00275598
 1442 -0.68 -0.64982 0.00275415
 1443 -0.68 -0.649841 0.00275232
 1444 -0.76 -0.649917 0.00275147
 1445 -0.76 -0.649993 0.00275062
 1446 -0.84 -0.650124 0.00275186
 1447 -0.84 -0.650256 0.00275308
 1448 -0.84 -0.650387 0.0027543
 1449 -0.68 -0.650407 0.00275248
 1450 -0.76 -0.650483 0.00275162
 1451 -0.68 -0.650503 0.00274979
 1452 -0.6 -0.650468 0.00274812
 1453 -0.68 -0.650489 0.0027463
 1454 -0.68 -0.650509 0.00274449
 1455 -0.52 -0.650419 0.00274407
 1456 -0.6 -0.650385 0.0027424
 1457 -0.68 -0.650405 0.00274059
 1458 -0.52 -0.650316 0.00274017
 1459 -0.36 -0.650117 0.00274551
 1460 -0.44 -0.649973 0.00274741
 1461 -0.44 -0.649829 0.00274928
 1462 -0.52 -0.64974 0.00274884
 1463 -0.36 -0.649542 0.00275409
 1464 -0.6 -0.649508 0.00275241
 1465 -0.6 -0.649474 0.00275074
 1466 -0.6 -0.649441 0.00274907
 1467 -0.68 -0.649461 0.00274728
 1468 -0.76 -0.649537 0.00274644
 1469 -0.84 -0.649666 0.00274763
 1470 -0.6 -0.649633 0.00274597
 1471 -0.44 -0.64949 0.0027478
 1472 -0.6 -0.649457 0.00274613
 1473 -0.68 -0.649477 0.00274435
 1474 -0.52 -0.649389 0.00274389
 1475 -0.6 -0.649356 0.00274224
 1476 -0.52 -0.649268 0.00274178
 1477 -0.68 -0.649289 0.00274
 1478 -0.6 -0.649256 0.00273835
 1479 -0.68 -0.649277 0.00273658
 1480 -0.68 -0.649297 0.0027348
 1481 -0.52 -0.64921 0.00273435
 1482 -0.52 -0.649123 0.0027339
 1483 -0.68 -0.649144 0.00273213
 1484 -0.68 -0.649164 0.00273037
 1485 -0.68 -0.649185 0.00272861
 1486 -0.44 -0.649044 0.0027304
 1487 -0.6 -0.649011 0.00272877
 1488 -0.6 -0.648978 0.00272713
 1489 -0.52 -0.648892 0.00272667
 1490 -0.68 -0.648913 0.00272492
 1491 -0.76 -0.648987 0.00272411
 1492 -0.76 -0.649062 0.0027233
 1493 -0.76 -0.649136 0.00272249
 1494 -0.6 -0.649103 0.00272087
 1495 -0.68 -0.649124 0.00271913
 1496 -0.6 -0.649091 0.00271751
 1497 -0.6 -0.649058 0.00271589
 1498 -0.6 -0.649025 0.00271427
 1499 -0.76 -0.649099 0.00271347
 1500 -0.52 -0.649013 0.00271303
 1501 -0.6 -0.648981 0.00271142
 1502 -0.68 -0.649001 0.00270969
 1503 -0.6 -0.648969 0.00270808
 1504 -0.52 -0.648883 0.00270764
 1505 -0.6 -0.64885 0.00270604
 1506 -0.68 -0.648871 0.00270432
 1507 -0.68 -0.648892 0.0027026
 1508 -0.6 -0.648859 0.002701
 1509 -0.68 -0.64888 0.00269929
 1510 -0.76 -0.648954 0.00269851
 1511 -0.52 -0.648868 0.00269807
 1512 -0.6 -0.648836 0.00269648
 1513 -0.84 -0.648962 0.00269766
 1514 -0.84 -0.649089 0.00269883
 1515 -0.76 -0.649162 0.00269804
 1516 -0.68 -0.649182 0.00269633
 1517 -0.52 -0.649097 0.0026959
 1518 -0.6 -0.649065 0.00269432
 1519 -0.6 -0.649032 0.00269274
 1520 -0.68 -0.649053 0.00269104
 1521 -0.6 -0.64902 0.00268947
 1522 -0.52 -0.648936 0.00268903
 1523 -0.76 -0.649009 0.00268826
 1524 -0.6 -0.648976 0.00268669
 1525 -0.68 -0.648997 0.002685
 1526 -0.68 -0.649017 0.00268332
 1527 -0.76 -0.64909 0.00268254
 1528 -0.68 -0.64911 0.00268086
 1529 -0.6 -0.649078 0.0026793
 1530 -0.52 -0.648993 0.00267888
 1531 -0.68 -0.649014 0.00267721
 1532 -0.76 -0.649086 0.00267644
 1533 -0.36 -0.648898 0.00268133
 1534 -0.6 -0.648866 0.00267977
 1535 -0.6 -0.648834 0.00267822
 1536 -0.6 -0.648802 0.00267666
 1537 -0.44 -0.648666 0.00267837
 1538 -0.6 -0.648635 0.00267681
 1539 -0.6 -0.648603 0.00267526
 1540 -0.6 -0.648571 0.00267371
 1541 -0.84 -0.648696 0.00267486
 1542 -0.76 -0.648768 0.0026741
 1543 -0.84 -0.648892 0.00267523
 1544 -0.84 -0.649016 0.00267636
 1545 -0.84 -0.649139 0.00267749
 1546 -0.68 -0.649159 0.00267583
 1547 -0.68 -0.649179 0.00267417
 1548 -0.68 -0.649199 0.00267252
 1549 -0.68 -0.649219 0.00267087
 1550 -0.84 -0.649342 0.00267198
 1551 -0.84 -0.649465 0.00267308
 1552 -0.84 -0.649588 0.00267418
 1553 -0.68 -0.649607 0.00267253
 1554 -0.76 -0.649678 0.00267175
 1555 -0.68 -0.649698 0.00267011
 1556 -0.68 -0.649717 0.00266846
 1557 -0.68 -0.649737 0.00266682
 1558 -0.76 -0.649807 0.00266605
 1559 -0.76 -0.649878 0.00266527
 1560 -0.6 -0.649846 0.00266376
 1561 -0.68 -0.649865 0.00266212
 1562 -0.68 -0.649885 0.00266048
 1563 -0.44 -0.64975 0.00266217
 1564 -0.12 -0.649412 0.00268194
 1565 -0.44 -0.649278 0.00268357
 1566 -0.44 -0.649144 0.00268518
 1567 -0.44 -0.649011 0.00268678
 1568 -0.52 -0.648929 0.00268633
 1569 -0.52 -0.648846 0.00268587
 1570 -0.6 -0.648815 0.00268434
 1571 -0.76 -0.648886 0.00268357
 1572 -0.6 -0.648855 0.00268204
 1573 -0.68 -0.648875 0.00268041
 1574 -0.76 -0.648945 0.00267963
 1575 -0.68 -0.648965 0.002678
 1576 -0.68 -0.648985 0.00267638
 1577 -0.68 -0.649004 0.00267475
 1578 -0.76 -0.649075 0.00267398
 1579 -0.84 -0.649196 0.00267502
 1580 -0.76 -0.649266 0.00267425
 1581 -0.6 -0.649235 0.00267274
 1582 -0.68 -0.649254 0.00267112
 1583 -0.6 -0.649223 0.00266961
 1584 -0.6 -0.649192 0.00266811
 1585 -0.6 -0.649161 0.0026666
 1586 -0.6 -0.64913 0.0026651
 1587 -0.68 -0.649149 0.00266349
 1588 -0.6 -0.649118 0.00266199
 1589 -0.68 -0.649138 0.00266039
 1590 -0.68 -0.649157 0.00265879
 1591 -0.76 -0.649227 0.00265803
 1592 -0.6 -0.649196 0.00265654
 1593 -0.68 -0.649215 0.00265494
 1594 -0.76 -0.649285 0.00265418
 1595 -0.6 -0.649254 0.0026527
 1596 -0.6 -0.649223 0.00265122
 1597 -0.52 -0.649142 0.00265079
 1598 -0.6 -0.649111 0.00264931
 1599 -0.6 -0.649081 0.00264783
 1600 -0.68 -0.6491 0.00264625
 1601 -0.76 -0.649169 0.0026455
 1602 -0.68 -0.649189 0.00264392
 1603 -0.84 -0.649308 0.00264495
 1604 -0.84 -0.649426 0.00264597
 1605 -0.92 -0.649595 0.00264969
 1606 -0.68 -0.649614 0.00264811
 1607 -0.68 -0.649633 0.00264653
 1608 -0.6 -0.649602 0.00264506
 1609 -0.6 -0.649571 0.0026436
 1610 -0.84 -0.649689 0.0026446
 1611 -0.84 -0.649808 0.0026456
 1612 -0.76 -0.649876 0.00264484
 1613 -0.68 -0.649895 0.00264326
 1614 -0.68 -0.649913 0.00264169
 1615 -0.68 -0.649932 0.00264012
 1616 -0.76 -0.65 0.00263937
 1617 -0.6 -0.649969 0.00263791
 1618 -0.6 -0.649938 0.00263646
 1619 -0.84 -0.650056 0.00263745
 1620 -0.6 -0.650025 0.002636
 1621 -0.6 -0.649994 0.00263456
 1622 -0.6 -0.649963 0.00263311
 1623 -0.52 -0.649883 0.00263271
 1624 -0.6 -0.649852 0.00263126
 1625 -0.76 -0.64992 0.00263052
 1626 -0.76 -0.649988 0.00262977
 1627 -0.6 -0.649957 0.00262833
 1628 -0.6 -0.649926 0.0026269
 1629 -0.44 -0.649797 0.00262845
 1630 -0.44 -0.649669 0.00262998
 1631 -0.44 -0.64954 0.00263151
 1632 -0.6 -0.64951 0.00263008
 1633 -0.68 -0.649528 0.00262853
 1634 -0.68 -0.649547 0.00262699
 1635 -0.6 -0.649517 0.00262556
 1636 -0.68 -0.649535 0.00262402
 1637 -0.76 -0.649603 0.00262328
 1638 -0.68 -0.649621 0.00262174
 1639 -0.68 -0.64964 0.00262021
 1640 -0.76 -0.649707 0.00261948
 1641 -0.68 -0.649726 0.00261794
 1642 -0.6 -0.649695 0.00261653
 1643 -0.44 -0.649568 0.00261805
 1644 -0.44 -0.64944 0.00261956
 1645 -0.6 -0.64941 0.00261814
 1646 -0.68 -0.649429 0.00261661
 1647 -0.76 -0.649496 0.00261588
 1648 -0.76 -0.649563 0.00261515
 1649 -0.76 -0.64963 0.00261443
 1650 -0.6 -0.6496 0.00261301
 1651 -0.76 -0.649667 0.00261229
 1652 -0.84 -0.649782 0.00261325
 1653 -0.76 -0.649849 0.00261252
 1654 -0.6 -0.649819 0.00261111
 1655 -0.52 -0.64974 0.00261071
 1656 -0.44 -0.649614 0.00261221
 1657 -0.6 -0.649584 0.0026108
 1658 -0.76 -0.64965 0.00261007
 1659 -0.68 -0.649668 0.00260857
 1660 -0.84 -0.649783 0.00260951
 1661 -0.76 -0.649849 0.00260879
 1662 -0.84 -0.649964 0.00260972
 1663 -0.68 -0.649982 0.00260822
 1664 -0.84 -0.650096 0.00260915
 1665 -0.84 -0.65021 0.00261008
 1666 -0.6 -0.65018 0.00260868
 1667 -0.68 -0.650198 0.00260718
 1668 -0.68 -0.650216 0.00260568
 1669 -0.68 -0.650234 0.00260418
 1670 -0.6 -0.650204 0.00260279
 1671 -0.6 -0.650174 0.00260141
 1672 -0.68 -0.650191 0.00259991
 1673 -0.52 -0.650114 0.00259952
 1674 -0.6 -0.650084 0.00259814
 1675 -0.68 -0.650101 0.00259665
 1676 -0.6 -0.650072 0.00259527
 1677 -0.6 -0.650042 0.0025939
 1678 -0.68 -0.65006 0.00259241
 1679 -0.68 -0.650077 0.00259093
 1680 -0.6 -0.650048 0.00258956
 1681 -0.6 -0.650018 0.00258819
 1682 -0.76 -0.650083 0.00258747
 1683 -0.76 -0.650149 0.00258676
 1684 -0.76 -0.650214 0.00258605
 1685 -0.52 -0.650136 0.00258567
 1686 -0.68 -0.650154 0.00258419
 1687 -0.76 -0.650219 0.00258348
 1688 -0.76 -0.650284 0.00258277
 1689 -0.76 -0.650349 0.00258206
 1690 -0.68 -0.650367 0.00258059
 1691 -0.6 -0.650337 0.00257923
 1692 -0.68 -0.650355 0.00257777
 1693 -0.6 -0.650325 0.00257642
 1694 -0.52 -0.650248 0.00257605
 1695 -0.52 -0.650171 0.00257567
 1696 -0.68 -0.650189 0.00257421
 1697 -0.68 -0.650206 0.00257276
 1698 -0.52 -0.65013 0.00257238
 1699 -0.44 -0.650006 0.00257384
 1700 -0.68 -0.650024 0.00257239
 1701 -0.52 -0.649947 0.00257201
 1702 -0.68 -0.649965 0.00257056
 1703 -0.6 -0.649935 0.00256922
 1704 -0.6 -0.649906 0.00256788
 1705 -0.44 -0.649783 0.00256932
 1706 -0.6 -0.649754 0.00256798
 1707 -0.44 -0.649631 0.00256942
 1708 -0.52 -0.649555 0.00256903
 1709 -0.44 -0.649432 0.00257046
 1710 -0.44 -0.64931 0.00257187
 1711 -0.44 -0.649188 0.00257328
 1712 -0.52 -0.649112 0.00257288
 1713 -0.44 -0.64899 0.00257427
 1714 -0.76 -0.649055 0.00257359
 1715 -0.76 -0.64912 0.0025729
 1716 -0.76 -0.649184 0.00257221
 1717 -0.84 -0.649295 0.00257311
 1718 -0.68 -0.649313 0.00257168
 1719 -0.76 -0.649378 0.00257099
 1720 -0.68 -0.649395 0.00256955
 1721 -0.68 -0.649413 0.00256812
 1722 -0.76 -0.649477 0.00256743
 1723 -0.76 -0.649541 0.00256674
 1724 -0.76 -0.649606 0.00256605
 1725 -0.68 -0.649623 0.00256463
 1726 -0.44 -0.649502 0.00256602
 1727 -0.6 -0.649473 0.00256469
 1728 -0.76 -0.649537 0.002564
 1729 -0.68 -0.649555 0.00256258
 1730 -0.84 -0.649665 0.00256346
 1731 -0.84 -0.649775 0.00256434
 1732 -0.44 -0.649654 0.00256572
 1733 -0.52 -0.649579 0.00256533
 1734 -0.36 -0.649412 0.00256928
 1735 -0.6 -0.649383 0.00256796
 1736 -0.68 -0.649401 0.00256654
 1737 -0.68 -0.649419 0.00256512
 1738 -0.6 -0.64939 0.0025638
 1739 -0.76 -0.649454 0.00256312
 1740 -0.76 -0.649517 0.00256243
 1741 -0.76 -0.649581 0.00256175
 1742 -0.76 -0.649644 0.00256106
 1743 -0.76 -0.649707 0.00256037
 1744 -0.76 -0.649771 0.00255969
 1745 -0.76 -0.649834 0.002559
 1746 -0.44 -0.649714 0.00256036
 1747 -0.44 -0.649594 0.0025617
 1748 -0.76 -0.649657 0.00256102
 1749 -0.76 -0.64972 0.00256033
 1750 -0.76 -0.649783 0.00255964
 1751 -0.84 -0.649891 0.00256049
 1752 -0.68 -0.649909 0.00255908
 1753 -0.6 -0.64988 0.00255778
 1754 -0.68 -0.649897 0.00255638
 1755 -0.68 -0.649915 0.00255498
 1756 -0.6 -0.649886 0.00255368
 1757 -0.52 -0.649812 0.0025533
 1758 -0.76 -0.649875 0.00255261
 1759 -0.6 -0.649847 0.00255132
 1760 -0.6 -0.649818 0.00255003
 1761 -0.76 -0.649881 0.00254935
 1762 -0.6 -0.649852 0.00254806
 1763 -0.52 -0.649779 0.00254768
 1764 -0.6 -0.649751 0.00254639
 1765 -0.68 -0.649768 0.002545
 1766 -0.68 -0.649785 0.00254362
 1767 -0.44 -0.649666 0.00254495
 1768 -0.44 -0.649548 0.00254627
 1769 -0.28 -0.649339 0.00255339
 1770 -0.36 -0.649175 0.00255718
 1771 -0.52 -0.649102 0.00255678
 1772 -0.68 -0.64912 0.00255539
 1773 -0.6 -0.649092 0.0025541
 1774 -0.68 -0.649109 0.00255272
 1775 -0.6 -0.649082 0.00255143
 1776 -0.68 -0.649099 0.00255005
 1777 -0.6 -0.649071 0.00254877
 1778 -0.6 -0.649044 0.00254748
 1779 -0.68 -0.649061 0.00254611
 1780 -0.76 -0.649124 0.00254544
 1781 -0.68 -0.649141 0.00254407
 1782 -0.68 -0.649158 0.0025427
 1783 -0.68 -0.649176 0.00254134
 1784 -0.76 -0.649238 0.00254067
 1785 -0.84 -0.649345 0.0025415
 1786 -0.68 -0.649362 0.00254013
 1787 -0.76 -0.649424 0.00253946
 1788 -0.76 -0.649485 0.0025388
 1789 -0.76 -0.649547 0.00253813
 1790 -0.68 -0.649564 0.00253677
 1791 -0.44 -0.649447 0.00253805
 1792 -0.52 -0.649375 0.00253766
 1793 -0.52 -0.649303 0.00253727
 1794 -0.6 -0.649275 0.002536
 1795 -0.68 -0.649292 0.00253465
 1796 -0.6 -0.649265 0.00253339
 1797 -0.6 -0.649238 0.00253212
 1798 -0.68 -0.649255 0.00253077
 1799 -0.68 -0.649272 0.00252942
 1800 -0.44 -0.649156 0.00253069
 1801 -0.52 -0.649084 0.0025303
 1802 -0.6 -0.649057 0.00252904
 1803 -0.68 -0.649074 0.0025277
 1804 -0.68 -0.649091 0.00252636
 1805 -0.76 -0.649152 0.0025257
 1806 -0.68 -0.649169 0.00252436
 1807 -0.68 -0.649186 0.00252302
 1808 -0.6 -0.649159 0.00252177
 1809 -0.68 -0.649176 0.00252044
 1810 -0.6 -0.649149 0.00251919
 1811 -0.6 -0.649122 0.00251795
 1812 -0.52 -0.649051 0.00251756
 1813 -0.44 -0.648935 0.00251882
 1814 -0.68 -0.648953 0.00251748
 1815 -0.68 -0.64897 0.00251616
 1816 -0.6 -0.648943 0.00251491
 1817 -0.68 -0.64896 0.00251359
 1818 -0.52 -0.648889 0.00251321
 1819 -0.6 -0.648862 0.00251197
 1820 -0.68 -0.648879 0.00251065
 1821 -0.76 -0.64894 0.00251001
 1822 -0.76 -0.649001 0.00250937
 1823 -0.68 -0.649018 0.00250805
 1824 -0.68 -0.649035 0.00250673
 1825 -0.84 -0.64914 0.00250754
 1826 -0.68 -0.649157 0.00250623
 1827 -0.76 -0.649217 0.00250559
 1828 -0.6 -0.64919 0.00250436
 1829 -0.76 -0.649251 0.00250373
 1830 -0.68 -0.649268 0.00250241
 1831 -0.52 -0.649197 0.00250204
 1832 -0.68 -0.649214 0.00250073
 1833 -0.68 -0.649231 0.00249943
 1834 -0.6 -0.649204 0.00249821
 1835 -0.6 -0.649177 0.00249699
 1836 -0.76 -0.649237 0.00249636
 1837 -0.6 -0.649211 0.00249514
 1838 -0.76 -0.649271 0.00249451
 1839 -0.68 -0.649288 0.00249321
 1840 -0.76 -0.649348 0.00249258
 1841 -0.6 -0.649321 0.00249137
 1842 -0.68 -0.649338 0.00249008
 1843 -0.68 -0.649354 0.00248878
 1844 -0.6 -0.649328 0.00248757
 1845 -0.6 -0.649301 0.00248637
 1846 -0.68 -0.649317 0.00248508
 1847 -0.68 -0.649334 0.00248379
 1848 -0.6 -0.649307 0.00248259
 1849 -0.68 -0.649324 0.0024813
 1850 -0.68 -0.649341 0.00248001
 1851 -0.6 -0.649314 0.00247882
 1852 -0.6 -0.649287 0.00247762
 1853 -0.6 -0.649261 0.00247643
 1854 -0.6 -0.649234 0.00247523
 1855 -0.44 -0.649121 0.00247647
 1856 -0.36 -0.648966 0.00248003
 1857 -0.36 -0.64881 0.00248357
 1858 -0.52 -0.648741 0.00248321
 1859 -0.52 -0.648671 0.00248284
 1860 -0.6 -0.648645 0.00248164
 1861 -0.6 -0.648619 0.00248044
 1862 -0.6 -0.648593 0.00247925
 1863 -0.6 -0.648567 0.00247805
 1864 -0.52 -0.648498 0.00247768
 1865 -0.68 -0.648515 0.00247641
 1866 -0.76 -0.648574 0.00247581
 1867 -0.84 -0.648677 0.0024766
 1868 -0.76 -0.648737 0.00247599
 1869 -0.76 -0.648796 0.00247538
 1870 -0.84 -0.648898 0.00247617
 1871 -0.6 -0.648872 0.00247499
 1872 -0.52 -0.648803 0.00247462
 1873 -0.52 -0.648735 0.00247426
 1874 -0.68 -0.648751 0.00247299
 1875 -0.52 -0.648683 0.00247263
 1876 -0.68 -0.648699 0.00247136
 1877 -0.68 -0.648716 0.0024701
 1878 -0.76 -0.648775 0.0024695
 1879 -0.68 -0.648792 0.00246824
 1880 -0.76 -0.648851 0.00246764
 1881 -0.68 -0.648868 0.00246638
 1882 -0.68 -0.648884 0.00246512
 1883 -0.52 -0.648816 0.00246477
 1884 -0.52 -0.648747 0.00246441
 1885 -0.6 -0.648721 0.00246323
 1886 -0.6 -0.648696 0.00246206
 1887 -0.52 -0.648627 0.0024617
 1888 -0.52 -0.648559 0.00246134
 1889 -0.52 -0.648491 0.00246098
 1890 -0.68 -0.648508 0.00245973
 1891 -0.76 -0.648567 0.00245914
 1892 -0.76 -0.648626 0.00245854
 1893 -0.68 -0.648642 0.0024573
 1894 -0.68 -0.648659 0.00245606
 1895 -0.6 -0.648633 0.0024549
 1896 -0.6 -0.648608 0.00245374
 1897 -0.52 -0.64854 0.00245338
 1898 -0.44 -0.64843 0.00245455
 1899 -0.52 -0.648362 0.00245419
 1900 -0.36 -0.648211 0.00245758
 1901 -0.52 -0.648143 0.00245722
 1902 -0.52 -0.648076 0.00245685
 1903 -0.6 -0.64805 0.00245569
 1904 -0.68 -0.648067 0.00245445
 1905 -0.76 -0.648126 0.00245387
 1906 -0.76 -0.648185 0.00245328
 1907 -0.44 -0.648076 0.00245443
 1908 -0.6 -0.64805 0.00245327
 1909 -0.6 -0.648025 0.00245211
 1910 -0.6 -0.648 0.00245096
 1911 -0.6 -0.647975 0.0024498
 1912 -0.68 -0.647992 0.00244858
 1913 -0.52 -0.647925 0.00244821
 1914 -0.52 -0.647858 0.00244785
 1915 -0.6 -0.647833 0.0024467
 1916 -0.52 -0.647766 0.00244633
 1917 -0.76 -0.647825 0.00244575
 1918 -0.92 -0.647967 0.00244859
 1919 -0.76 -0.648025 0.00244801
 1920 -0.76 -0.648083 0.00244743
 1921 -0.6 -0.648058 0.00244629
 1922 -0.52 -0.647992 0.00244592
 1923 -0.68 -0.648008 0.0024447
 1924 -0.68 -0.648025 0.00244349
 1925 -0.6 -0.648 0.00244235
 1926 -0.76 -0.648058 0.00244177
 1927 -0.84 -0.648158 0.00244254
 1928 -0.92 -0.648299 0.00244534
 1929 -0.76 -0.648357 0.00244476
 1930 -0.84 -0.648456 0.0024455
 1931 -0.92 -0.648597 0.00244828
 1932 -0.92 -0.648737 0.00245104
 1933 -0.92 -0.648877 0.00245379
 1934 -0.92 -0.649018 0.00245652
 1935 -0.76 -0.649075 0.00245592
 1936 -0.68 -0.649091 0.00245471
 1937 -0.68 -0.649107 0.00245349
 1938 -0.6 -0.649082 0.00245236
 1939 -0.52 -0.649015 0.00245199
 1940 -0.68 -0.649031 0.00245078
 1941 -0.6 -0.649006 0.00244965
 1942 -0.68 -0.649022 0.00244844
 1943 -0.76 -0.649079 0.00244785
 1944 -0.68 -0.649095 0.00244664
 1945 -0.6 -0.649069 0.00244551
 1946 -0.6 -0.649044 0.00244438
 1947 -0.6 -0.649019 0.00244326
 1948 -0.6 -0.648994 0.00244213
 1949 -0.52 -0.648928 0.00244178
 1950 -0.52 -0.648862 0.00244142
 1951 -0.44 -0.648754 0.00244251
 1952 -0.44 -0.648648 0.0024436
 1953 -0.6 -0.648623 0.00244248
 1954 -0.52 -0.648557 0.00244212
 1955 -0.52 -0.648491 0.00244175
 1956 -0.6 -0.648466 0.00244063
 1957 -0.6 -0.648441 0.00243951
 1958 -0.68 -0.648458 0.00243831
 1959 -0.76 -0.648515 0.00243774
 1960 -0.76 -0.648571 0.00243715
 1961 -0.68 -0.648587 0.00243596
 1962 -0.52 -0.648522 0.0024356
 1963 -0.6 -0.648497 0.00243449
 1964 -0.68 -0.648513 0.0024333
 1965 -0.52 -0.648448 0.00243294
 1966 -0.6 -0.648423 0.00243183
 1967 -0.68 -0.648439 0.00243065
 1968 -0.52 -0.648374 0.00243029
 1969 -0.68 -0.64839 0.00242911
 1970 -0.6 -0.648365 0.002428
 1971 -0.6 -0.648341 0.00242689
 1972 -0.44 -0.648235 0.00242796
 1973 -0.6 -0.648211 0.00242685
 1974 -0.52 -0.648146 0.00242649
 1975 -0.6 -0.648122 0.00242538
 1976 -0.6 -0.648097 0.00242428
 1977 -0.52 -0.648032 0.00242392
 1978 -0.6 -0.648008 0.00242281
 1979 -0.68 -0.648024 0.00242164
 1980 -0.68 -0.64804 0.00242047
 1981 -0.68 -0.648057 0.0024193
 1982 -0.6 -0.648032 0.0024182
 1983 -0.68 -0.648048 0.00241704
 1984 -0.6 -0.648024 0.00241594
 1985 -0.84 -0.648121 0.00241666
 1986 -0.76 -0.648177 0.0024161
 1987 -0.84 -0.648274 0.00241681
 1988 -0.84 -0.64837 0.00241752
 1989 -0.76 -0.648426 0.00241696
 1990 -0.6 -0.648402 0.00241586
 1991 -0.68 -0.648418 0.0024147
 1992 -0.68 -0.648434 0.00241354
 1993 -0.68 -0.64845 0.00241238
 1994 -0.76 -0.648506 0.00241182
 1995 -0.76 -0.648561 0.00241126
 1996 -0.76 -0.648617 0.0024107
 1997 -0.68 -0.648633 0.00240954
 1998 -0.6 -0.648609 0.00240846
 1999 -0.52 -0.648544 0.00240811
 2000 -0.52 -0.64848 0.00240777
