 1 -0.482024 -0.482024 0
 2 -0.4831 -0.482562 0.000538
 3 -0.481976 -0.482367 0.000366928
 4 -0.48174 -0.48221 0.000303089
 5 -0.484268 -0.482622 0.000473848
 6 -0.483384 -0.482749 0.000407227
 7 -0.482836 -0.482761 0.000344396
 8 -0.48404 -0.482921 0.000338394
 9 -0.483716 -0.483009 0.000311234
 10 -0.485552 -0.483264 0.000377021
 11 -0.482732 -0.483215 0.000344436
 12 -0.479048 -0.482868 0.000468467
 13 -0.482732 -0.482858 0.000431054
 14 -0.479532 -0.48262 0.000464423
 15 -0.48548 -0.482811 0.000472529
 16 -0.483908 -0.482879 0.000447299
 17 -0.484204 -0.482957 0.00042733
 18 -0.482748 -0.482946 0.000403058
 19 -0.483348 -0.482967 0.000381843
 20 -0.482052 -0.482921 0.000365124
 21 -0.481672 -0.482862 0.000352358
 22 -0.482312 -0.482837 0.000336887
 23 -0.481352 -0.482772 0.000328314
 24 -0.481412 -0.482715 0.000319404
 25 -0.481804 -0.482679 0.000308523
 26 -0.48254 -0.482674 0.000296467
 27 -0.482592 -0.482671 0.000285291
 28 -0.483732 -0.482708 0.000277515
 29 -0.481552 -0.482669 0.000270728
 30 -0.480928 -0.482611 0.000267906
 1 -0.483208 -0.483208 0
 2 -0.481012 -0.48211 0.001098
 3 -0.482256 -0.482159 0.000635796
 4 -0.482864 -0.482335 0.00048292
 5 -0.481964 -0.482261 0.000381356
 6 -0.48288 -0.482364 0.000328033
 7 -0.479548 -0.481962 0.000488564
 8 -0.483356 -0.482136 0.000457599
 9 -0.482276 -0.482152 0.000403864
 10 -0.483708 -0.482307 0.000393332
 11 -0.484432 -0.4825 0.000404837
 12 -0.482512 -0.482501 0.000369565
 13 -0.482384 -0.482492 0.00034007
 14 -0.481608 -0.482429 0.000321118
 15 -0.480064 -0.482271 0.000337978
 16 -0.481656 -0.482233 0.000318482
 17 -0.481864 -0.482211 0.000299948
 18 -0.484832 -0.482357 0.000318072
 19 -0.481764 -0.482326 0.00030248
 20 -0.483596 -0.482389 0.000293903
 21 -0.480456 -0.482297 0.000294325
 22 -0.481376 -0.482255 0.000283734
 23 -0.480812 -0.482193 0.000278284
 24 -0.48424 -0.482278 0.000279762
 25 -0.481852 -0.482261 0.000268878
 26 -0.481584 -0.482235 0.000259638
 27 -0.481428 -0.482205 0.000251617
 28 -0.48256 -0.482218 0.000242796
 29 -0.480812 -0.482169 0.000239235
 30 -0.480596 -0.482117 0.000236997
