-0.596117   -1.66557   -1.49777
0.0727026   -0.123705   0.52035
-1.61932   -0.221729   0.275582
-0.901289   0.473782   -2.48033
-1.94124   -1.47027   1.4078
-0.541533   -0.0936997   -0.992771
-0.0456885   -0.145617   0.407036
0.510432   -0.400412   0.674558
0.307546   1.07101   1.73368
-1.01191   0.551037   0.119504
0.417557   0.538079   -1.41333
-1.16827   0.798403   1.28675
-0.0946339   0.237283   -0.413685
1.23873   -0.012853   -0.285045
0.721223   -0.954813   -0.130116
-0.924447   1.08677   -0.0794017
0.803099   0.373862   -0.0400072
-0.103791   0.677382   -1.69207
1.7571   1.2841   1.15081
-0.261096   0.138448   -0.681165
-0.447166   -0.275235   -0.223305
0.0185249   0.514095   0.704234
-0.606281   -0.868429   -0.269602
-0.0556294   0.806344   -0.269042
1.13844   1.26466   -0.162439
0.204293   -1.07193   0.469372
0.831166   0.102215   -1.6055
-0.262596   0.812658   -0.871733
0.310867   1.04932   -2.00854
1.25311   -0.92658   1.10064
-1.77396   -1.3087   0.609992
-2.25678   -0.751154   -1.90209
-0.548466   -0.827682   -0.986598
0.0476333   0.0257684   0.202402
0.747593   0.907581   0.548935
1.40198   1.01969   1.10322
0.214717   -1.29888   0.554197
-0.383219   0.431492   -1.27097
-0.164617   -1.8256   -0.951812
-0.290801   0.361668   0.397161
-0.0403853   -0.53938   -0.742863
0.695535   0.490259   0.0141595
-0.40124   -0.139275   -0.160313
0.0766213   0.621369   -0.259108
-1.21036   -0.602337   -0.103089
0.402352   -0.632181   0.434094
-0.54037   -0.254064   1.35505
-0.589645   -0.71172   0.105471
-0.612378   0.452423   0.317741
-0.536185   0.404038   -0.577597
-1.06503   -1.5819   -1.22786
-1.18435   -0.633329   0.0457112
2.88461   -0.764386   0.132079
-1.51978   -0.959322   -0.901843
0.453479   -0.296328   0.355048
-1.88507   -0.58392   -0.86278
0.539356   -0.342132   0.163488
1.06746   0.176034   0.140414
-0.194454   -0.133934   0.187158
-0.0686498   0.913059   -0.476795
0.764544   0.0176254   0.590291
-0.169388   1.55095   0.197319
2.16555   1.17334   0.647793
0.119525   0.589607   -0.000435618
-0.467788   -0.567162   -1.76694
0.34465   -0.536723   -0.145495
-0.96647   -0.863926   0.0260063
0.962813   1.61193   0.349446
0.77482   1.15815   -0.165926
0.490081   -0.589449   0.743517
-0.0882127   0.879591   -0.432693
0.442609   0.218181   2.37649
-2.02888   -0.703715   -0.163386
-0.413257   0.966912   1.54496
-0.43929   -0.518032   -0.85068
0.0829775   0.131961   -0.721895
-0.00093646   -1.81013   -0.203219
1.0593   -1.53935   1.76633
0.692089   0.247206   0.836697
-0.0923749   -0.621302   -0.97996
-0.026643   -1.56357   -0.149531
-0.818993   -0.190701   -0.287849
1.08058   0.375183   0.841867
-0.686281   0.0290984   -2.39931
0.211961   0.242427   -0.915035
-1.96133   -0.6707   0.444057
-0.727577   1.2216   0.233342
0.0878633   -1.19285   1.71583
0.44991   0.324932   2.08537
-0.341953   0.0484502   1.5353
0.706812   -1.0453   1.55975
-0.244738   0.485482   0.434216
-0.215883   0.621005   -1.3251
0.666734   1.52653   0.143513
1.13942   0.426862   -0.192614
-0.0863248   1.84948   -1.62443
0.38549   0.355818   -1.698
1.41037   0.819576   -0.185044
0.698026   -0.631375   0.64003
0.424086   0.949434   0.576255
0.271596   0.601776   -0.476933
0.243801   0.0748682   -0.0331644
0.538788   -0.0785394   2.26884
-0.477035   -0.599047   0.793563
1.26706   -0.759782   0.231228
0.790007   0.192025   0.466308
0.099948   -0.497809   1.05208
-0.387443   1.1237   -0.359824
