 1 -0.613136 -0.613136 0
 2 -0.614756 -0.613946 0.00081
 3 -0.61384 -0.613911 0.000468987
 4 -0.613588 -0.61383 0.000341294
 5 -0.613836 -0.613831 0.000264368
 6 -0.614852 -0.614001 0.000274843
 7 -0.612816 -0.613832 0.000287455
 8 -0.611972 -0.613599 0.00034063
 9 -0.615812 -0.613845 0.000388174
 10 -0.611364 -0.613597 0.000426747
 11 -0.61378 -0.613614 0.000386365
 12 -0.613512 -0.613605 0.000352803
 13 -0.613884 -0.613627 0.000325239
 14 -0.613232 -0.613599 0.00030243
 15 -0.612908 -0.613553 0.000285286
 16 -0.613084 -0.613523 0.000268463
 17 -0.616352 -0.61369 0.000302128
 18 -0.614412 -0.61373 0.000287662
 19 -0.616368 -0.613869 0.000305482
 20 -0.609872 -0.613669 0.000352023
 21 -0.6107 -0.613527 0.000363461
 22 -0.612148 -0.613465 0.000352173
 23 -0.611784 -0.613392 0.000344356
 24 -0.612468 -0.613353 0.000331934
 25 -0.613576 -0.613362 0.000318505
 26 -0.611644 -0.613296 0.000313063
 27 -0.613388 -0.613299 0.000301264
 28 -0.612596 -0.613274 0.000291391
 29 -0.613104 -0.613268 0.000281224
 30 -0.614084 -0.613296 0.000273045
 1 -0.611364 -0.611364 0
 2 -0.616388 -0.613876 0.002512
 3 -0.615172 -0.614308 0.00151328
 4 -0.613692 -0.614154 0.00108107
 5 -0.61552 -0.614427 0.000880835
 6 -0.611668 -0.613967 0.000853653
 7 -0.614068 -0.613982 0.000721612
 8 -0.61106 -0.613617 0.000723826
 9 -0.613992 -0.613658 0.000639717
 10 -0.611572 -0.61345 0.000609026
 11 -0.614064 -0.613505 0.000553709
 12 -0.612776 -0.613445 0.000509107
 13 -0.613952 -0.613484 0.000469934
 14 -0.611432 -0.613337 0.000459093
 15 -0.611736 -0.61323 0.00044052
 16 -0.6106 -0.613066 0.000443653
 17 -0.614084 -0.613126 0.00042102
 18 -0.61454 -0.613204 0.000404641
 19 -0.616768 -0.613392 0.000426235
 20 -0.611904 -0.613318 0.00041115
 21 -0.613604 -0.613331 0.000391319
 22 -0.612828 -0.613308 0.000373809
 23 -0.611452 -0.613228 0.000366192
 24 -0.613428 -0.613236 0.000350702
 25 -0.614524 -0.613288 0.000340304
 26 -0.612528 -0.613258 0.000328256
 27 -0.612992 -0.613248 0.000316018
 28 -0.612152 -0.613209 0.00030703
 29 -0.610108 -0.613102 0.000314964
 30 -0.61228 -0.613075 0.000305517
