 1 0.32159 0.32159 0
 2 0.313131 0.317361 0.0042294
 3 0.31882 0.317847 0.00248982
 4 0.312441 0.316495 0.00221949
 5 0.317753 0.316747 0.00173751
 6 0.317875 0.316935 0.00143108
 7 0.329263 0.318696 0.00213646
 8 0.314654 0.318191 0.00191799
 9 0.31874 0.318252 0.00169261
 10 0.317008 0.318127 0.00151902
 11 0.318919 0.318199 0.00137589
 12 0.309971 0.317514 0.00143099
 13 0.32585 0.318155 0.0014642
 14 0.31795 0.31814 0.00135567
 15 0.318566 0.318169 0.00126238
 16 0.309388 0.31762 0.00130214
 17 0.320183 0.317771 0.00123241
 18 0.319395 0.317861 0.00116542
 19 0.315941 0.31776 0.001107
 20 0.316665 0.317705 0.00105162
 21 0.313561 0.317508 0.00101957
 22 0.318301 0.317544 0.00097279
 23 0.32098 0.317693 0.000941462
 24 0.312157 0.317463 0.000930432
 25 0.314629 0.317349 0.000899608
 26 0.314002 0.31722 0.000873848
 27 0.327877 0.317615 0.000928876
 28 0.317234 0.317602 0.000895191
 29 0.313905 0.317474 0.000873124
 30 0.324042 0.317693 0.000871465
 1 0.320273 0.320273 0
 2 0.315132 0.317703 0.00257023
 3 0.318185 0.317863 0.0014926
 4 0.314377 0.316992 0.00136885
 5 0.318215 0.317236 0.00108814
 6 0.316617 0.317133 0.000894445
 7 0.320821 0.31766 0.000921397
 8 0.315565 0.317398 0.000839813
 9 0.321422 0.317845 0.000865138
 10 0.3178 0.317841 0.000773816
 11 0.320375 0.318071 0.000736875
 12 0.316081 0.317905 0.000692812
 13 0.311802 0.317436 0.00079157
 14 0.316274 0.317353 0.000737532
 15 0.316944 0.317325 0.000687147
 16 0.318472 0.317397 0.000646752
 17 0.316728 0.317358 0.000608793
 18 0.320101 0.31751 0.000593861
 19 0.317709 0.317521 0.000561833
 20 0.30672 0.316981 0.000758773
 21 0.30972 0.316635 0.000800282
 22 0.321525 0.316857 0.000794751
 23 0.317005 0.316864 0.000759438
 24 0.321825 0.31707 0.00075592
 25 0.315884 0.317023 0.000726604
 26 0.313923 0.316904 0.000708208
 27 0.314861 0.316828 0.000685658
 28 0.309866 0.316579 0.000705958
 29 0.315769 0.316551 0.000681752
 30 0.313459 0.316448 0.000666651
