 1 0.654545 0.654545 0
 2 0.654545 0.654545 0
 3 0 0.436364 0.218182
 4 1.16364 0.618182 0.238452
 5 1.81818 0.858182 0.302846
 6 0 0.715152 0.28566
 7 0 0.612987 0.262153
 8 0.0727273 0.545455 0.236863
 9 0 0.484848 0.217507
 10 1.81818 0.618182 0.23585
 11 0.0727273 0.568595 0.219022
 12 10.4727 1.39394 0.849217
 13 5.89091 1.73986 0.854331
 14 3.56364 1.87013 0.801612
 15 4.65455 2.05576 0.769001
 16 5.89091 2.29545 0.758219
 17 8.8 2.67807 0.808492
 18 2.61818 2.67475 0.762261
 19 0.290909 2.54928 0.731862
 20 0.290909 2.43636 0.703427
 21 0.0727273 2.32381 0.678494
 22 0.654545 2.24793 0.651353
 23 1.81818 2.22925 0.622669
 24 1.16364 2.18485 0.597812
 25 1.81818 2.17018 0.573588
 26 0.290909 2.0979 0.555806
 27 4.65455 2.19259 0.543142
 28 2.61818 2.20779 0.523606
 29 1.81818 2.19436 0.505406
 30 0 2.12121 0.493717
 31 1.16364 2.09032 0.478523
 32 0.0727273 2.02727 0.467599
 33 0 1.96584 0.457352
 34 0.0727273 1.91016 0.447177
 35 2.61818 1.93039 0.434683
 36 0.654545 1.89495 0.42392
 37 0.654545 1.86143 0.413664
 38 0.0727273 1.81435 0.405374
 39 0 1.76783 0.397574
 40 0.654545 1.74 0.388505
 41 0.0727273 1.69933 0.381087
 42 2.61818 1.72121 0.372546
 43 5.89091 1.81818 0.376481
 44 2.61818 1.83636 0.368274
 45 4.65455 1.89899 0.365404
 46 4.65455 1.95889 0.362358
 47 7.27273 2.07195 0.372154
 48 8.8 2.21212 0.390352
 49 5.89091 2.2872 0.389605
 50 7.27273 2.38691 0.394541
 51 8.8 2.51266 0.406658
 52 3.56364 2.53287 0.399272
 53 10.4727 2.68268 0.419339
 54 14.2545 2.89697 0.463955
 55 21.0182 3.22645 0.562123
 56 35.2 3.7974 0.794159
 57 29.0909 4.24115 0.897479
 58 26.2545 4.62069 0.960076
 59 29.0909 5.03544 1.03078
 60 32.0727 5.48606 1.10913
 61 21.0182 5.74069 1.12012
 62 10.4727 5.81701 1.10454
 63 7.27273 5.84012 1.08711
 64 5.89091 5.84091 1.06999
 65 8.8 5.88643 1.05439
 66 10.4727 5.95592 1.04061
 67 7.27273 5.97558 1.02515
 68 5.89091 5.97433 1.00996
 69 14.2545 6.09433 1.00243
 70 23.5636 6.3439 1.01903
 71 21.0182 6.55058 1.02562
 72 18.6182 6.71818 1.02507
 73 14.2545 6.82142 1.01619
 74 4.65455 6.79214 1.00279
 75 16.3636 6.91976 0.997525
 76 8.8 6.9445 0.984623
 77 2.61818 6.88831 0.973375
 78 1.81818 6.82331 0.963011
 79 1.16364 6.75167 0.953438
 80 0.290909 6.67091 0.944902
 81 1.81818 6.611 0.935085
 82 3.56364 6.57384 0.924358
 83 4.65455 6.55071 0.913446
 84 4.65455 6.52814 0.902789
 85 7.27273 6.5369 0.892147
 86 18.6182 6.67738 0.892834
 87 23.5636 6.87147 0.903603
 88 35.2 7.19339 0.949511
 89 38.4727 7.54484 1.00241
 90 26.2545 7.75273 1.01278
 91 23.5636 7.92647 1.01654
 92 21.0182 8.06877 1.01545
 93 32.0727 8.32688 1.03711
 94 41.8909 8.68395 1.08637
 95 23.5636 8.84057 1.08623
 96 23.5636 8.99394 1.08574
 97 21.0182 9.1179 1.08161
 98 4.65455 9.07236 1.07149
 99 7.27273 9.05418 1.06077
 100 1.81818 8.98182 1.05259
 101 2.61818 8.91881 1.04402
 102 1.81818 8.8492 1.03608
 103 0.654545 8.76964 1.02905
 104 3.56364 8.71958 1.02034
 105 3.56364 8.67048 1.01176
 106 0.0727273 8.58937 1.00545
 107 0.0727273 8.50977 0.999185
 108 0.290909 8.43367 0.992811
 109 8.8 8.43703 0.983667
 110 5.89091 8.41388 0.974958
 111 3.56364 8.37019 0.967122
 112 7.27273 8.36039 0.958498
 113 4.65455 8.32759 0.950544
 114 0.290909 8.2571 0.944803
 115 1.81818 8.20111 0.938223
 116 0.654545 8.13605 0.932373
 117 0 8.06651 0.926981
 118 1.16364 8.00801 0.920952
 119 4.65455 7.97983 0.913614
 120 7.27273 7.97394 0.905988
 121 7.27273 7.96814 0.898488
 122 7.27273 7.96244 0.891111
 123 12.2909 7.99763 0.884537
 124 7.27273 7.99179 0.877394
 125 5.89091 7.97498 0.870509
 126 10.4727 7.99481 0.8638
 127 21.0182 8.09735 0.863085
 128 38.4727 8.33466 0.88859
 129 45.4545 8.62241 0.927443
 130 41.8909 8.87832 0.955201
 131 35.2 9.07925 0.968943
 132 29.0909 9.23085 0.973452
 133 29.0909 9.38018 0.977577
 134 32.0727 9.54953 0.984922
 135 32.0727 9.71636 0.991734
 136 35.2 9.90374 1.00209
 137 16.3636 9.9509 0.995865
 138 16.3636 9.99736 0.989714
 139 10.4727 10.0008 0.982574
 140 10.4727 10.0042 0.975536
 141 5.89091 9.97498 0.969032
 142 5.89091 9.94622 0.962613
 143 1.81818 9.88938 0.957546
 144 1.81818 9.83333 0.952524
 145 2.61818 9.78357 0.94724
 146 2.61818 9.7345 0.942009
 147 1.81818 9.68064 0.937127
 148 2.61818 9.63292 0.931996
 149 2.61818 9.58585 0.926916
 150 2.61818 9.53939 0.921887
 151 1.16364 9.48393 0.91744
 152 0.654545 9.42584 0.913233
 153 0.0727273 9.36471 0.909302
 154 0 9.3039 0.905423
 155 0.654545 9.24809 0.901291
 156 0.290909 9.19068 0.897334
 157 1.81818 9.14372 0.892836
 158 0.0727273 9.08631 0.889023
 159 1.81818 9.04059 0.884596
 160 1.16364 8.99136 0.880427
 161 0 8.93552 0.876722
 162 1.16364 8.88754 0.872613
 163 3.56364 8.85488 0.867858
 164 5.89091 8.83681 0.862739
 165 5.89091 8.81895 0.857681
 166 0.654545 8.76977 0.853916
 167 1.16364 8.72422 0.850008
 168 1.81818 8.68312 0.845933
 169 2.61818 8.64723 0.841678
 170 3.56364 8.61733 0.837246
 171 4.65455 8.59415 0.832658
 172 7.27273 8.58647 0.827839
 173 21.0182 8.65833 0.826171
 174 10.4727 8.66876 0.821475
 175 12.2909 8.68945 0.81703
 176 14.2545 8.72107 0.812989
 177 18.6182 8.77699 0.810315
 178 10.4727 8.78652 0.805806
 179 0.654545 8.74109 0.802578
 180 1.81818 8.70263 0.799033
 181 1.81818 8.66459 0.795516
 182 4.65455 8.64256 0.79144
 183 1.81818 8.60527 0.787986
 184 0.290909 8.56008 0.784993
 185 3.56364 8.53307 0.781206
 186 1.81818 8.49697 0.777833
 187 0.290909 8.45309 0.774905
 188 0.290909 8.40967 0.771994
 189 1.16364 8.37133 0.768855
 190 1.16364 8.3334 0.765738
 191 2.61818 8.30347 0.762306
 192 0.0727273 8.26061 0.759536
 193 0.0727273 8.21818 0.75678
 194 0.654545 8.17919 0.753878
 195 1.16364 8.14322 0.750865
 196 1.16364 8.10761 0.747872
 197 5.89091 8.09635 0.744151
 198 10.4727 8.10836 0.740481
 199 14.2545 8.13924 0.737397
 200 21.0182 8.20364 0.736522
 201 12.2909 8.22397 0.73313
 202 14.2545 8.25383 0.730102
 203 12.2909 8.27371 0.726769
 204 21.0182 8.33619 0.725891
 205 7.27273 8.331 0.72236
 206 12.2909 8.35022 0.719102
 207 3.56364 8.3271 0.715993
 208 1.16364 8.29266 0.713374
 209 1.81818 8.26168 0.710628
 210 3.56364 8.23931 0.70759
 211 0.654545 8.20336 0.705145
 212 0.0727273 8.16501 0.702858
 213 0.290909 8.12804 0.700527
 214 0.654545 8.09312 0.69812
 215 0.290909 8.05683 0.695812
 216 3.56364 8.03603 0.692896
 217 3.56364 8.01542 0.690003
 218 3.56364 7.995 0.687134
 219 1.81818 7.96679 0.684571
 220 0.0727273 7.93091 0.682396
 221 4.65455 7.91608 0.679463
 222 0 7.88043 0.677334
 223 1.81818 7.85324 0.674838
 224 10.4727 7.86494 0.67192
 225 8.8 7.86909 0.66894
 226 2.61818 7.84586 0.666379
 227 1.16364 7.81642 0.66409
 228 3.56364 7.79777 0.661434
 229 0.0727273 7.76403 0.659402
 230 0.654545 7.73312 0.657256
 231 2.61818 7.71098 0.654779
 232 5.89091 7.70313 0.651998
 233 0.654545 7.67288 0.649898
 234 0.0727273 7.6404 0.64793
 235 0.290909 7.60913 0.645924
 236 0.290909 7.57812 0.643928
 237 0.0727273 7.54645 0.641987
 238 2.61818 7.52574 0.639619
 239 1.16364 7.49913 0.637494
 240 5.89091 7.49242 0.634867
 241 5.89091 7.48578 0.632262
 242 12.2909 7.50563 0.629957
 243 2.61818 7.48552 0.627682
 244 4.65455 7.47392 0.625212
 245 4.65455 7.46241 0.622761
 246 1.16364 7.43681 0.620753
 247 1.16364 7.41141 0.618756
 248 1.16364 7.38622 0.61677
 249 1.81818 7.36386 0.614695
 250 3.56364 7.34865 0.61242
 251 8.8 7.35444 0.610003
 252 8.8 7.36017 0.607604
 253 7.27273 7.35983 0.605198
 254 1.16364 7.33543 0.603304
 255 3.56364 7.32064 0.601116
 256 4.65455 7.31023 0.598853
 257 5.89091 7.3047 0.596544
 258 4.65455 7.29443 0.594316
 259 0.654545 7.2688 0.592572
 260 0.290909 7.24196 0.590898
 261 0.0727273 7.21449 0.589271
 262 1.16364 7.19139 0.587471
 263 0.654545 7.16654 0.585761
 264 0.290909 7.1405 0.584119
 265 0.0727273 7.11383 0.582521
 266 1.16364 7.09146 0.580758
 267 0.0727273 7.06517 0.579176
 268 0.290909 7.03989 0.577564
 269 1.16364 7.01805 0.575827
 270 1.81818 6.99879 0.574014
 271 1.16364 6.97726 0.572297
 272 0.0727273 6.95187 0.570754
 273 0.290909 6.92747 0.569183
 274 1.16364 6.90644 0.567492
 275 4.65455 6.89825 0.565483
 276 5.89091 6.8946 0.563443
 277 7.27273 6.89596 0.561407
 278 3.56364 6.88398 0.559512
 279 0.654545 6.86165 0.55795
 280 1.16364 6.8413 0.556326
 281 7.27273 6.84283 0.554345
 282 7.27273 6.84436 0.552378
 283 2.61818 6.82942 0.550625
 284 1.81818 6.81178 0.548966
 285 3.56364 6.80038 0.547155
 286 1.81818 6.78296 0.545517
 287 0.290909 6.76034 0.544083
 288 0.654545 6.73914 0.542605
 289 1.81818 6.72211 0.540992
 290 8.8 6.72928 0.539171
 291 21.0182 6.77838 0.539554
 292 18.6182 6.81893 0.53923
 293 29.0909 6.89494 0.542736
 294 10.4727 6.90711 0.541024
 295 2.61818 6.89257 0.539382
 296 0.654545 6.8715 0.53797
 297 2.61818 6.85718 0.536347
 298 0 6.83417 0.535039
 299 2.61818 6.82007 0.533433
 300 1.16364 6.80121 0.531986
 301 1.16364 6.78248 0.530547
 302 0.0727273 6.76026 0.529253
 303 1.16364 6.74179 0.527827
 304 0 6.71962 0.526555
 305 0.654545 6.69973 0.525203
 306 1.81818 6.68378 0.523726
 307 0.654545 6.66414 0.522387
 308 1.81818 6.64841 0.520926
 309 2.61818 6.63536 0.519401
 310 1.81818 6.61982 0.517956
 311 0.0727273 6.59877 0.516717
 312 0.0727273 6.57786 0.515483
 313 0.654545 6.55893 0.514181
 314 12.2909 6.57719 0.512866
 315 16.3636 6.60825 0.512179
 316 21.0182 6.65386 0.512588
 317 35.2 6.74391 0.518843
 318 29.0909 6.81418 0.521961
 319 16.3636 6.84412 0.521182
 320 3.56364 6.83386 0.519652
 321 8.8 6.83999 0.518067
 322 7.27273 6.84133 0.516457
 323 2.61818 6.82826 0.515022
 324 1.16364 6.81077 0.513727
 325 0.654545 6.79183 0.512494
 326 1.81818 6.77658 0.511148
 327 0.0727273 6.75607 0.509994
 328 0.0727273 6.7357 0.508845
 329 0.0727273 6.71545 0.5077
 330 1.16364 6.69862 0.506439
 331 1.81818 6.68388 0.505122
 332 8.8 6.69025 0.503639
 333 1.81818 6.67562 0.502337
 334 1.81818 6.66108 0.501042
 335 1.81818 6.64662 0.499753
 336 12.2909 6.66342 0.498547
 337 8.8 6.66976 0.497105
 338 8.8 6.67606 0.495673
 339 2.61818 6.66409 0.494353
 340 3.56364 6.65497 0.492981
 341 2.61818 6.64314 0.491676
 342 7.27273 6.64498 0.49024
 343 10.4727 6.65614 0.488936
 344 7.27273 6.65793 0.487516
 345 1.81818 6.6439 0.486303
 346 4.65455 6.63815 0.48493
 347 0.654545 6.62091 0.483837
 348 0.290909 6.60272 0.482788
 349 2.61818 6.5913 0.481538
 350 8.8 6.59761 0.480202
 351 3.56364 6.58897 0.478909
 352 5.89091 6.58698 0.477551
 353 3.56364 6.57842 0.476273
 354 0.654545 6.56168 0.475221
 355 0.290909 6.54402 0.474209
 356 0.290909 6.52646 0.473202
 357 0.0727273 6.50838 0.47222
 358 1.81818 6.49528 0.471082
 359 2.61818 6.48448 0.469892
 360 1.16364 6.4697 0.468818
 361 0.0727273 6.45198 0.467853
 362 0.0727273 6.43435 0.466891
 363 0.290909 6.41743 0.465911
 364 0.0727273 6.4 0.464956
 365 0.290909 6.38326 0.463982
 366 1.16364 6.369 0.462933
 367 0.0727273 6.35185 0.461988
 368 1.81818 6.33953 0.460896
 369 0.654545 6.32412 0.459903
 370 2.61818 6.3141 0.458768
 371 1.81818 6.30198 0.45769
 372 5.89091 6.30088 0.456459
 373 2.61818 6.29101 0.455341
 374 8.8 6.29772 0.454171
 375 5.89091 6.29663 0.45296
 376 2.61818 6.28685 0.45186
 377 5.89091 6.2858 0.450661
 378 5.89091 6.28475 0.449468
 379 5.89091 6.28371 0.448282
 380 1.16364 6.27024 0.447304
 381 1.16364 6.25684 0.446329
 382 1.81818 6.24522 0.445311
 383 1.81818 6.23366 0.444297
 384 3.56364 6.2267 0.443193
 385 1.16364 6.21355 0.442236
 386 1.81818 6.20217 0.441236
 387 4.65455 6.19817 0.440112
 388 1.16364 6.18519 0.439168
 389 0.290909 6.17004 0.4383
 390 3.56364 6.16336 0.437226
 391 0.654545 6.14927 0.436334
 392 0.654545 6.13525 0.435445
 393 0.0727273 6.11982 0.434609
 394 0.290909 6.10503 0.433757
 395 1.16364 6.09252 0.432838
 396 2.61818 6.08375 0.431833
 397 1.16364 6.07135 0.430922
 398 1.81818 6.06067 0.429971
 399 0.0727273 6.04566 0.429155
 400 0.0727273 6.03073 0.428341
 401 1.81818 6.02022 0.4274
 402 0.654545 6.00687 0.426545
 403 0 5.99197 0.425746
 404 0.654545 5.97876 0.424896
 405 1.16364 5.96687 0.424012
 406 1.16364 5.95504 0.423132
 407 1.16364 5.94327 0.422255
 408 8.8 5.95027 0.421277
 409 18.6182 5.98124 0.421386
 410 18.6182 6.01206 0.421485
 411 16.3636 6.03725 0.421212
 412 18.6182 6.06778 0.421297
 413 16.3636 6.09271 0.421014
 414 12.2909 6.10769 0.420263
 415 10.4727 6.1182 0.419381
 416 8.8 6.12465 0.418421
 417 4.65455 6.12112 0.417431
 418 1.81818 6.11083 0.416559
 419 1.81818 6.10059 0.41569
 420 7.27273 6.10338 0.414708
 421 1.81818 6.0932 0.413847
 422 5.89091 6.09272 0.412866
 423 8.8 6.09912 0.411938
 424 5.89091 6.09863 0.410966
 425 2.61818 6.09044 0.410079
 426 1.81818 6.08041 0.409239
 427 7.27273 6.0832 0.408289
 428 4.65455 6.07986 0.407347
 429 3.56364 6.074 0.406439
 430 3.56364 6.06816 0.405535
 431 7.27273 6.07096 0.404602
 432 14.2545 6.0899 0.404109
 433 10.4727 6.10002 0.403301
 434 4.65455 6.09669 0.402385
 435 2.61818 6.08869 0.401538
 436 3.56364 6.0829 0.400658
 437 12.2909 6.09711 0.399993
 438 8.8 6.10328 0.399126
 439 10.4727 6.11323 0.39834
 440 8.8 6.11934 0.397481
 441 14.2545 6.13779 0.397007
 442 18.6182 6.16602 0.397113
 443 14.2545 6.18428 0.396636
 444 1.81818 6.17445 0.395864
 445 1.81818 6.16466 0.395095
 446 3.56364 6.15883 0.394251
 447 1.16364 6.14765 0.393527
 448 0.654545 6.13539 0.392839
 449 8.8 6.14132 0.392008
 450 4.65455 6.13802 0.39115
 451 1.81818 6.12844 0.390399
 452 4.65455 6.12518 0.389548
 453 2.61818 6.11744 0.388764
 454 1.16364 6.10653 0.38806
 455 0.0727273 6.09327 0.387434
 456 1.81818 6.08389 0.386697
 457 3.56364 6.07838 0.385889
 458 0.290909 6.06574 0.385253
 459 1.81818 6.05649 0.384524
 460 0 6.04332 0.383913
 461 0.290909 6.03084 0.383282
 462 0.654545 6.01921 0.382629
 463 0.290909 6.00683 0.382002
 464 0.290909 5.99451 0.381377
 465 4.65455 5.99163 0.380567
 466 14.2545 6.00936 0.380163
 467 8.8 6.01534 0.379395
 468 12.2909 6.02875 0.378821
 469 4.65455 6.02582 0.378024
 470 4.65455 6.0229 0.37723
 471 8.8 6.0288 0.376474
 472 3.56364 6.02357 0.375712
 473 12.2909 6.03682 0.375151
 474 7.27273 6.03943 0.374368
 475 3.56364 6.03422 0.373615
 476 0.654545 6.02292 0.373001
 477 0.290909 6.0109 0.372412
 478 0.290909 5.99893 0.371824
 479 0.654545 5.98778 0.371215
 480 0.654545 5.97667 0.370608
 481 1.81818 5.96802 0.369937
 482 0.290909 5.95624 0.369357
 483 0.0727273 5.94406 0.368793
 484 1.16364 5.93418 0.368162
 485 0.654545 5.9233 0.367564
 486 0.290909 5.91171 0.36699
 487 0.0727273 5.89972 0.366431
 488 0.290909 5.88823 0.36586
 489 1.16364 5.87856 0.365239
 490 3.56364 5.87384 0.364524
 491 5.89091 5.87388 0.363781
 492 10.4727 5.88322 0.363161
 493 8.8 5.88914 0.362472
 494 2.61818 5.88252 0.361798
 495 2.61818 5.87592 0.361126
 496 0.290909 5.86466 0.360573
 497 0.290909 5.85345 0.360022
 498 0 5.84169 0.35949
 499 0.0727273 5.83013 0.358955
 500 0.0727273 5.81862 0.358422
 501 1.81818 5.81063 0.357795
 502 0 5.79906 0.357269
 503 0.654545 5.78883 0.356705
 504 3.56364 5.78442 0.356024
 505 3.56364 5.78002 0.355345
 506 1.81818 5.77219 0.354728
 507 0.0727273 5.76095 0.354207
 508 0.0727273 5.74975 0.353686
 509 0.290909 5.73902 0.353153
 510 3.56364 5.73476 0.352486
 511 2.61818 5.72866 0.351848
 512 1.81818 5.72102 0.351243
 513 3.56364 5.71682 0.350583
 514 4.65455 5.71475 0.349907
 515 7.27273 5.71778 0.34924
 516 10.4727 5.72699 0.348684
 517 10.4727 5.73617 0.34813
 518 7.27273 5.73914 0.34747
 519 3.56364 5.73494 0.346825
 520 10.4727 5.74406 0.346277
 521 12.2909 5.75662 0.34584
 522 10.4727 5.76566 0.345296
 523 10.4727 5.77466 0.344752
 524 4.65455 5.77252 0.3441
 525 5.89091 5.77274 0.343444
 526 7.27273 5.7756 0.342803
 527 4.65455 5.77347 0.342158
 528 3.56364 5.76928 0.341535
 529 8.8 5.77501 0.340937
 530 8.8 5.78072 0.340341
 531 0.654545 5.77107 0.339837
 532 4.65455 5.76897 0.339204
 533 5.89091 5.7692 0.338567
 534 5.89091 5.76942 0.337932
 535 7.27273 5.77223 0.337312
 536 1.81818 5.76486 0.336763
 537 5.89091 5.76509 0.336135
 538 3.56364 5.761 0.335535
 539 1.81818 5.75369 0.334991
 540 0.654545 5.74424 0.334504
 541 5.89091 5.74451 0.333885
 542 10.4727 5.75324 0.333383
 543 14.2545 5.76889 0.333136
 544 7.27273 5.77166 0.332535
 545 8.8 5.77721 0.33197
 546 16.3636 5.7966 0.331929
 547 14.2545 5.81207 0.331682
 548 18.6182 5.83543 0.3319
 549 10.4727 5.84388 0.331402
 550 12.2909 5.8556 0.331007
 551 8.8 5.86095 0.330449
 552 3.56364 5.85679 0.329876
 553 3.56364 5.85264 0.329305
 554 4.65455 5.85048 0.328717
 555 16.3636 5.86942 0.328671
 556 21.0182 5.89666 0.329208
 557 35.2 5.94927 0.332801
 558 35.2 6.00169 0.336315
 559 45.4545 6.07227 0.343051
 560 41.8909 6.13623 0.34836
 561 45.4545 6.20632 0.354731
 562 45.4545 6.27616 0.360921
 563 38.4727 6.33334 0.36479
 564 35.2 6.38453 0.367722
 565 26.2545 6.41969 0.368751
 566 14.2545 6.43354 0.368359
 567 12.2909 6.44387 0.367854
 568 3.56364 6.4388 0.367241
 569 1.81818 6.43068 0.366685
 570 8.8 6.43483 0.366064
 571 5.89091 6.43388 0.365424
 572 3.56364 6.42886 0.364819
 573 3.56364 6.42386 0.364216
 574 4.65455 6.42078 0.363594
 575 4.65455 6.41771 0.362974
 576 1.16364 6.40859 0.362458
 577 1.81818 6.40063 0.361917
 578 2.61818 6.39409 0.36135
 579 5.89091 6.39322 0.360726
 580 16.3636 6.41041 0.360514
 581 16.3636 6.42754 0.3603
 582 14.2545 6.44099 0.359932
 583 8.8 6.44503 0.359337
 584 1.81818 6.43711 0.358808
 585 2.61818 6.43058 0.358254
 586 1.81818 6.42271 0.357729
 587 0.654545 6.41289 0.357254
 588 2.61818 6.40643 0.356704
 589 3.56364 6.40161 0.356131
 590 5.89091 6.40074 0.355528
 591 8.8 6.4048 0.354949
 592 8.8 6.40885 0.354372
 593 7.27273 6.4103 0.353777
 594 2.61818 6.40392 0.353238
 595 4.65455 6.40098 0.352656
 596 8.8 6.405 0.352087
 597 3.56364 6.40024 0.351529
 598 3.56364 6.3955 0.350973
 599 8.8 6.39951 0.35041
 600 7.27273 6.40097 0.349828
 601 7.27273 6.40242 0.349249
 602 4.65455 6.39952 0.34868
 603 3.56364 6.39481 0.348133
 604 0.654545 6.38531 0.347686
 605 1.16364 6.37668 0.347218
 606 0 6.36616 0.346804
 607 0.654545 6.35675 0.34636
 608 0.654545 6.34737 0.345917
 609 0.654545 6.33802 0.345475
 610 1.81818 6.33061 0.344988
 611 7.27273 6.33215 0.344427
 612 1.81818 6.32478 0.343942
 613 2.61818 6.31873 0.343434
 614 4.65455 6.31602 0.342885
 615 4.65455 6.31332 0.342338
 616 2.61818 6.30732 0.341834
 617 8.8 6.31136 0.341304
 618 5.89091 6.31068 0.340752
 619 2.61818 6.30471 0.340253
 620 0.654545 6.2956 0.339826
 621 0.0727273 6.28558 0.339426
 622 0.654545 6.27653 0.339001
 623 0.654545 6.2675 0.338577
 624 14.2545 6.2803 0.338276
 625 1.16364 6.27212 0.337833
 626 4.65455 6.26953 0.337303
 627 3.56364 6.26522 0.336792
 628 3.56364 6.26091 0.336283
 629 4.65455 6.25836 0.335758
 630 5.89091 6.25778 0.335225
 631 5.89091 6.2572 0.334694
 632 4.65455 6.25466 0.334173
 633 0.0727273 6.24489 0.333788
 634 0.654545 6.23608 0.333378
 635 0.0727273 6.22637 0.332994
 636 0.654545 6.21761 0.332585
 637 1.16364 6.20968 0.332158
 638 1.81818 6.20279 0.331708
 639 1.16364 6.19491 0.331282
 640 0.0727273 6.18534 0.330903
 641 1.81818 6.17853 0.330456
 642 3.56364 6.17445 0.329966
 643 3.56364 6.17039 0.329478
 644 3.56364 6.16635 0.328991
 645 0.290909 6.15724 0.328606
 646 0 6.14771 0.328236
 647 0.290909 6.13865 0.327853
 648 0 6.12918 0.327484
 649 0.654545 6.12075 0.327087
 650 3.56364 6.11681 0.326608
 651 7.27273 6.11859 0.32611
 652 10.4727 6.12526 0.325678
 653 14.2545 6.13771 0.325417
 654 21.0182 6.16047 0.325715
 655 26.2545 6.19115 0.326661
 656 35.2 6.23537 0.329147
 657 35.2 6.27945 0.331589
 658 26.2545 6.30981 0.332474
 659 16.3636 6.32507 0.332319
 660 14.2545 6.33708 0.332033
 661 23.5636 6.36314 0.332553
 662 26.2545 6.39319 0.333407
 663 32.0727 6.43192 0.335149
 664 23.5636 6.45772 0.335637
 665 18.6182 6.47601 0.335631
 666 14.2545 6.48769 0.33533
 667 3.56364 6.4833 0.334855
 668 5.89091 6.48242 0.334355
 669 3.56364 6.47805 0.333883
 670 4.65455 6.47533 0.333396
 671 7.27273 6.47652 0.332901
 672 4.65455 6.47381 0.332416
 673 1.16364 6.46592 0.332015
 674 3.56364 6.46161 0.33155
 675 5.89091 6.46077 0.33106
 676 10.4727 6.4667 0.330623
 677 16.3636 6.48132 0.330458
 678 18.6182 6.49922 0.330455
 679 16.3636 6.51375 0.330288
 680 12.2909 6.52225 0.329911
 681 4.65455 6.5195 0.329438
 682 2.61818 6.51378 0.329004
 683 1.81818 6.50691 0.328594
 684 2.61818 6.50122 0.328163
 685 0.654545 6.49269 0.327794
 686 0.0727273 6.48333 0.32745
 687 0.0727273 6.474 0.327106
 688 0.290909 6.46501 0.326754
 689 0.654545 6.45658 0.326388
 690 1.16364 6.44891 0.326005
 691 2.61818 6.44336 0.32558
 692 8.8 6.44677 0.325127
 693 12.2909 6.4552 0.324767
 694 10.4727 6.46099 0.32435
 695 12.2909 6.46938 0.323992
 696 21.0182 6.49028 0.324201
 697 16.3636 6.50445 0.324045
 698 18.6182 6.5218 0.324046
 699 23.5636 6.54618 0.324499
 700 21.0182 6.56686 0.324694
 701 26.2545 6.59494 0.325444
 702 21.0182 6.61549 0.325629
 703 12.2909 6.62356 0.325266
 704 10.4727 6.62903 0.32485
 705 5.89091 6.62798 0.32439
 706 1.81818 6.62117 0.324002
 707 5.89091 6.62014 0.323545
 708 1.16364 6.61243 0.32318
 709 0 6.6031 0.322858
 710 0.0727273 6.59391 0.322534
 711 0.654545 6.58555 0.322189
 712 0.654545 6.57722 0.321844
 713 1.81818 6.57055 0.321461
 714 4.65455 6.56786 0.321022
 715 3.56364 6.56366 0.3206
 716 0 6.55449 0.320283
 717 0.654545 6.54627 0.319942
 718 2.61818 6.5408 0.319543
 719 1.16364 6.53332 0.319186
 720 1.81818 6.52677 0.31881
 721 0 6.51772 0.318496
 722 0.0727273 6.50879 0.31818
 723 0.0727273 6.49989 0.317864
 724 0.0727273 6.49101 0.317549
 725 0.290909 6.48246 0.317226
 726 0.290909 6.47393 0.316903
 727 0.654545 6.46592 0.316568
 728 1.81818 6.45954 0.316198
 729 2.61818 6.45427 0.315808
 730 14.2545 6.46496 0.315556
 731 12.2909 6.47293 0.315224
 732 14.2545 6.48356 0.314973
 733 12.2909 6.49148 0.314643
 734 10.4727 6.4969 0.31426
 735 7.27273 6.49796 0.313834
 736 1.81818 6.4916 0.313472
 737 0 6.48279 0.31317
 738 0 6.47401 0.312869
 739 2.61818 6.46879 0.312489
 740 7.27273 6.46988 0.312068
 741 3.56364 6.46596 0.311672
 742 0.0727273 6.45734 0.311371
 743 0.654545 6.44953 0.311049
 744 0.654545 6.44174 0.310729
 745 1.16364 6.43466 0.310392
 746 3.56364 6.43081 0.31
 747 5.89091 6.43008 0.309585
 748 1.81818 6.42392 0.309232
 749 7.27273 6.42505 0.308821
 750 10.4727 6.43045 0.308457
 751 14.2545 6.44087 0.308222
 752 10.4727 6.44623 0.307858
 753 23.5636 6.46896 0.308288
 754 23.5636 6.49163 0.308713
 755 23.5636 6.51424 0.309132
 756 16.3636 6.52727 0.308997
 757 26.2545 6.55333 0.309687
 758 29.0909 6.58307 0.310704
 759 21.0182 6.60208 0.310877
 760 14.2545 6.61215 0.310631
 761 12.2909 6.61962 0.310312
 762 7.27273 6.62047 0.309906
 763 2.61818 6.61523 0.309544
 764 0.654545 6.60743 0.309237
 765 0.290909 6.59917 0.308943
 766 0.654545 6.59141 0.308637
 767 0.290909 6.58319 0.308344
 768 0.654545 6.57547 0.308039
 769 1.16364 6.56844 0.307718
 770 4.65455 6.56595 0.307328
 771 3.56364 6.56206 0.306954
 772 0.0727273 6.55365 0.306672
 773 3.56364 6.54978 0.306299
 774 0.290909 6.5417 0.30601
 775 1.81818 6.5356 0.305676
 776 2.61818 6.53055 0.305323
 777 2.61818 6.52552 0.304972
 778 5.89091 6.5247 0.30458
 779 2.61818 6.51969 0.304231
 780 1.16364 6.51282 0.303918
 781 1.16364 6.50597 0.303606
 782 5.89091 6.50518 0.303218
 783 1.16364 6.49836 0.302908
 784 1.16364 6.49156 0.302597
 785 0.0727273 6.48338 0.302322
 786 0.290909 6.4755 0.30204
 787 5.89091 6.47476 0.301657
 788 1.16364 6.46802 0.301349
 789 0.654545 6.46065 0.301057
 790 0.0727273 6.45257 0.300785
 791 0.0727273 6.4445 0.300513
 792 0 6.43636 0.300243
 793 0.290909 6.42861 0.299964
 794 1.16364 6.42198 0.29966
 795 5.89091 6.42132 0.299283
 796 4.65455 6.4191 0.298915
 797 5.89091 6.41843 0.298541
 798 12.2909 6.42579 0.298257
 799 0.0727273 6.41784 0.29799
 800 1.16364 6.41127 0.29769
 801 2.61818 6.40654 0.297355
 802 1.81818 6.40082 0.29704
 803 3.56364 6.39728 0.29669
 804 1.16364 6.39077 0.296393
 805 0.654545 6.38365 0.29611
 806 0.0727273 6.37582 0.295846
 807 0.0727273 6.36801 0.295582
 808 0 6.36013 0.295322
 809 1.16364 6.3537 0.295026
 810 0.654545 6.34667 0.294746
 811 2.61818 6.34207 0.294418
 812 1.16364 6.33569 0.294124
 813 4.65455 6.33362 0.29377
 814 7.27273 6.33478 0.293411
 815 0.290909 6.32736 0.293144
 816 0.654545 6.32041 0.292867
 817 0.290909 6.31303 0.292602
 818 0.654545 6.30611 0.292326
 819 0.290909 6.29877 0.292061
 820 0.654545 6.29188 0.291786
 821 0.654545 6.28502 0.291511
 822 0.654545 6.27817 0.291237
 823 0.0727273 6.27063 0.29098
 824 0.290909 6.26337 0.290718
 825 1.16364 6.25719 0.290431
 826 2.61818 6.25278 0.290112
 827 3.56364 6.24953 0.28978
 828 4.65455 6.24761 0.289436
 829 7.27273 6.24884 0.289089
 830 0.654545 6.2421 0.288819
 831 5.89091 6.24168 0.288472
 832 14.2545 6.25131 0.288286
 833 7.27273 6.25254 0.287942
 834 0.0727273 6.24513 0.287692
 835 0.290909 6.238 0.287436
 836 0.290909 6.23088 0.28718
 837 1.81818 6.22561 0.286885
 838 4.65455 6.22374 0.286549
 839 8.8 6.22681 0.286223
 840 7.27273 6.22805 0.285885
 841 5.89091 6.22765 0.285545
 842 8.8 6.23071 0.285222
 843 16.3636 6.24273 0.285137
 844 29.0909 6.2698 0.286083
 845 16.3636 6.28174 0.285994
 846 16.3636 6.29366 0.285904
 847 14.2545 6.30306 0.285721
 848 29.0909 6.32993 0.286646
 849 14.2545 6.33927 0.28646
 850 23.5636 6.35953 0.28684
 851 8.8 6.3624 0.286517
 852 12.2909 6.36936 0.286265
 853 10.4727 6.37417 0.28597
 854 2.61818 6.36977 0.285669
 855 12.2909 6.37669 0.285418
 856 16.3636 6.38836 0.285323
 857 29.0909 6.41485 0.286219
 858 26.2545 6.43797 0.286819
 859 29.0909 6.46435 0.287696
 860 21.0182 6.48127 0.287859
 861 18.6182 6.49536 0.28787
 862 14.2545 6.50437 0.287676
 863 18.6182 6.5184 0.287685
 864 7.27273 6.51928 0.287354
 865 10.4727 6.52385 0.287058
 866 18.6182 6.53781 0.287066
 867 8.8 6.54042 0.286746
 868 2.61818 6.5359 0.286452
 869 1.16364 6.52972 0.286188
 870 0.290909 6.52255 0.285949
 871 0.654545 6.51581 0.2857
 872 1.81818 6.51043 0.285423
 873 0.290909 6.5033 0.285185
 874 0.0727273 6.49594 0.284954
 875 1.16364 6.48985 0.284693
 876 0.654545 6.48319 0.284446
 877 1.16364 6.47712 0.284186
 878 8.8 6.47977 0.283875
 879 7.27273 6.48067 0.283553
 880 5.89091 6.48 0.283231
 881 3.56364 6.47669 0.282929
 882 8.8 6.47932 0.28262
 883 5.89091 6.47866 0.282301
 884 7.27273 6.47956 0.281983
 885 4.65455 6.47749 0.281671
 886 4.65455 6.47544 0.281361
 887 3.56364 6.47215 0.281063
 888 0 6.46486 0.280841
 889 1.81818 6.45964 0.280573
 890 2.61818 6.45532 0.280291
 891 10.4727 6.45983 0.280012
 892 12.2909 6.46637 0.279775
 893 0.0727273 6.45921 0.279553
 894 0 6.45198 0.279334
 895 0.654545 6.44551 0.279096
 896 0.654545 6.43904 0.27886
 897 0.654545 6.43259 0.278623
 898 0.290909 6.42575 0.278397
 899 1.16364 6.4199 0.278149
 900 0.0727273 6.41285 0.277929
 901 1.81818 6.40775 0.277667
 902 0.654545 6.40137 0.277432
 903 0.0727273 6.39436 0.277214
 904 1.81818 6.3893 0.276953
 905 0.290909 6.38256 0.276729
 906 1.16364 6.3768 0.276483
 907 1.16364 6.37105 0.276238
 908 0.290909 6.36436 0.276015
 909 0.654545 6.35808 0.275783
 910 3.56364 6.355 0.275497
 911 1.16364 6.34931 0.275253
 912 0.290909 6.34266 0.275031
 913 0.290909 6.33604 0.27481
 914 0.290909 6.32942 0.274589
 915 0.0727273 6.32258 0.274374
 916 0.654545 6.3164 0.274144
 917 1.81818 6.31149 0.273889
 918 0.654545 6.30533 0.273659
 919 1.16364 6.29973 0.273419
 920 3.56364 6.29676 0.273138
 921 5.89091 6.29632 0.272841
 922 3.56364 6.29335 0.272561
 923 8.8 6.29607 0.272279
 924 2.61818 6.29209 0.272014
 925 4.65455 6.29032 0.271725
 926 14.2545 6.29892 0.271568
 927 26.2545 6.32045 0.272127
 928 26.2545 6.34193 0.272681
 929 21.0182 6.35773 0.272846
 930 18.6182 6.37091 0.272871
 931 26.2545 6.39227 0.273413
 932 21.0182 6.40796 0.27357
 933 12.2909 6.41426 0.273349
 934 16.3636 6.42492 0.273264
 935 5.89091 6.42435 0.272972
 936 2.61818 6.42028 0.272711
 937 8.8 6.42282 0.272431
 938 2.61818 6.41876 0.272171
 939 0.290909 6.41224 0.271959
 940 0.0727273 6.40549 0.271754
 941 1.16364 6.39992 0.271522
 942 2.61818 6.39591 0.271263
 943 3.56364 6.3929 0.270992
 944 0.290909 6.38644 0.270782
 945 1.16364 6.38091 0.270552
 946 2.61818 6.37694 0.270295
 947 5.89091 6.37642 0.27001
 948 3.56364 6.37346 0.269741
 949 0.290909 6.36705 0.269533
 950 2.61818 6.3631 0.269278
 951 4.65455 6.3613 0.269001
 952 12.2909 6.36753 0.26879
 953 16.3636 6.37802 0.268713
 954 5.89091 6.37751 0.268431
 955 5.89091 6.377 0.268151
 956 1.81818 6.37223 0.267912
 957 3.56364 6.3693 0.267648
 958 2.61818 6.36538 0.267397
 959 7.27273 6.36633 0.26712
 960 5.89091 6.36583 0.266842
 961 4.65455 6.36405 0.26657
 962 7.27273 6.365 0.266295
 963 8.8 6.36753 0.26603
 964 3.56364 6.36462 0.26577
 965 1.81818 6.35991 0.265536
 966 0.0727273 6.3534 0.265341
 967 1.81818 6.34871 0.265108
 968 1.81818 6.34403 0.264875
 969 0.0727273 6.33756 0.264681
 970 1.16364 6.33222 0.264462
 971 4.65455 6.33049 0.264195
 972 7.27273 6.33146 0.263925
 973 7.27273 6.33243 0.263655
 974 7.27273 6.3334 0.263386
 975 1.81818 6.32876 0.263157
 976 4.65455 6.32705 0.262892
 977 2.61818 6.32325 0.262651
 978 0.654545 6.31746 0.262446
 979 0.290909 6.3113 0.26225
 980 0.290909 6.30516 0.262054
 981 0.654545 6.2994 0.26185
 982 0.654545 6.29365 0.261647
 983 3.56364 6.29087 0.261395
 984 1.81818 6.28633 0.261169
 985 0 6.27994 0.260982
 986 4.65455 6.2783 0.260722
 987 3.56364 6.27555 0.260472
 988 2.61818 6.27184 0.260235
 989 0.0727273 6.26558 0.260047
 990 0.654545 6.25991 0.259846
 991 0.654545 6.25425 0.259645
 992 0.290909 6.24824 0.259453
 993 0.290909 6.24224 0.259261
 994 1.16364 6.23713 0.259051
 995 1.81818 6.23269 0.258828
 996 3.56364 6.23001 0.258582
 997 0.0727273 6.22384 0.258396
 998 1.81818 6.21942 0.258175
 999 5.89091 6.21909 0.257917
 1000 0.654545 6.21353 0.257719
 1001 0.290909 6.20761 0.257529
 1002 0.0727273 6.20149 0.257345
 1003 1.81818 6.19712 0.257125
 1004 0.290909 6.19124 0.256936
 1005 3.56364 6.18862 0.256694
 1006 1.16364 6.18363 0.256487
 1007 1.81818 6.17929 0.256269
 1008 1.81818 6.17496 0.256051
 1009 2.61818 6.17144 0.255822
 1010 8.8 6.17404 0.255582
 1011 5.89091 6.17376 0.255329
 1012 3.56364 6.17118 0.255089
 1013 0.0727273 6.16516 0.254909
 1014 0.0727273 6.15915 0.254728
 1015 0.290909 6.15337 0.254543
 1016 1.81818 6.14911 0.254328
 1017 3.56364 6.14656 0.25409
 1018 1.81818 6.14231 0.253876
 1019 7.27273 6.14342 0.253629
 1020 8.8 6.14602 0.253394
 1021 16.3636 6.15603 0.253343
 1022 16.3636 6.16602 0.253292
 1023 12.2909 6.17201 0.253115
 1024 8.8 6.17457 0.252881
 1025 1.81818 6.17032 0.25267
 1026 0.654545 6.16495 0.252481
 1027 0.654545 6.15958 0.252292
 1028 1.16364 6.15472 0.252093
 1029 1.16364 6.14987 0.251895
 1030 1.16364 6.14503 0.251697
 1031 0.290909 6.13935 0.251517
 1032 0.290909 6.13369 0.251337
 1033 0.654545 6.12838 0.251149
 1034 2.61818 6.12499 0.250929
 1035 8.8 6.12757 0.2507
 1036 8.8 6.13015 0.250471
 1037 14.2545 6.13799 0.250352
 1038 5.89091 6.13775 0.250111
 1039 7.27273 6.13884 0.249873
 1040 0.654545 6.13357 0.249688
 1041 1.16364 6.12879 0.249494
 1042 0.0727273 6.12298 0.249322
 1043 0 6.11711 0.249152
 1044 0.290909 6.11153 0.248976
 1045 0.0727273 6.10575 0.248804
 1046 1.81818 6.10165 0.2486
 1047 0 6.09582 0.248431
 1048 0.654545 6.09063 0.248248
 1049 0.290909 6.0851 0.248073
 1050 0 6.07931 0.247904
 1051 8.8 6.0819 0.247682
 1052 2.61818 6.0786 0.247468
 1053 3.56364 6.07622 0.247245
 1054 0 6.07045 0.247077
 1055 3.56364 6.06807 0.246854
 1056 1.16364 6.06343 0.246664
 1057 0.290909 6.05797 0.246491
 1058 3.56364 6.05561 0.246269
 1059 1.81818 6.05161 0.246069
 1060 1.81818 6.04762 0.245869
 1061 0.290909 6.04219 0.245698
 1062 1.81818 6.03821 0.245498
 1063 4.65455 6.03691 0.245271
 1064 10.4727 6.04108 0.245076
 1065 12.2909 6.04695 0.244916
 1066 4.65455 6.04564 0.244689
 1067 1.16364 6.04107 0.244503
 1068 1.81818 6.03711 0.244306
 1069 0.290909 6.03174 0.244136
 1070 0.0727273 6.02617 0.243971
 1071 0.0727273 6.02061 0.243807
 1072 1.81818 6.01669 0.243611
 1073 1.16364 6.01217 0.243426
 1074 0.0727273 6.00664 0.243262
 1075 0.654545 6.00166 0.243086
 1076 1.81818 5.99777 0.242892
 1077 0.290909 5.99247 0.242724
 1078 0.290909 5.98718 0.242556
 1079 2.61818 5.98406 0.242351
 1080 2.61818 5.98094 0.242147
 1081 2.61818 5.97783 0.241943
 1082 0.654545 5.97291 0.241769
 1083 0 5.9674 0.241609
 1084 0.290909 5.96216 0.241443
 1085 0 5.95667 0.241283
 1086 0.0727273 5.95125 0.241121
 1087 0.290909 5.94604 0.240956
 1088 3.56364 5.94385 0.240744
 1089 4.65455 5.94267 0.240526
 1090 0.654545 5.93781 0.240354
 1091 1.16364 5.93344 0.240173
 1092 0 5.92801 0.240015
 1093 0.654545 5.92318 0.239844
 1094 8.8 5.92581 0.239639
 1095 2.61818 5.92279 0.239439
 1096 1.16364 5.91845 0.23926
 1097 3.56364 5.9163 0.239051
 1098 0.654545 5.91151 0.238881
 1099 1.16364 5.90719 0.238703
 1100 10.4727 5.91134 0.238522
 1101 8.8 5.91396 0.23832
 1102 5.89091 5.91394 0.238103
 1103 1.81818 5.91023 0.237916
 1104 4.65455 5.90909 0.237703
 1105 1.81818 5.90539 0.237517
 1106 1.81818 5.90169 0.237331
 1107 3.56364 5.89958 0.237126
 1108 5.89091 5.89957 0.236912
 1109 5.89091 5.89957 0.236698
 1110 8.8 5.90218 0.236499
 1111 4.65455 5.90106 0.236289
 1112 7.27273 5.90229 0.23608
 1113 4.65455 5.90117 0.23587
 1114 4.65455 5.90005 0.235661
 1115 4.65455 5.89893 0.235452
 1116 7.27273 5.90016 0.235244
 1117 3.56364 5.89807 0.235043
 1118 0.290909 5.89306 0.234886
 1119 0 5.88779 0.234735
 1120 0 5.88253 0.234584
 1121 0 5.87728 0.234434
 1122 3.56364 5.87522 0.234234
 1123 1.81818 5.87161 0.234053
 1124 1.16364 5.86742 0.233882
 1125 0.290909 5.86246 0.233727
 1126 1.81818 5.85887 0.233547
 1127 2.61818 5.856 0.233357
 1128 7.27273 5.85725 0.233154
 1129 12.2909 5.86295 0.233017
 1130 8.8 5.86555 0.232825
 1131 4.65455 5.86448 0.232621
 1132 0 5.8593 0.232473
 1133 0.654545 5.85471 0.232314
 1134 2.61818 5.85185 0.232126
 1135 1.81818 5.8483 0.231949
 1136 0.0727273 5.84321 0.2318
 1137 0 5.83807 0.231653
 1138 0.0727273 5.83301 0.231505
 1139 0.0727273 5.82795 0.231357
 1140 1.16364 5.82386 0.23119
 1141 3.56364 5.82188 0.230996
 1142 1.81818 5.81837 0.23082
 1143 0 5.81328 0.230674
 1144 1.16364 5.80922 0.230509
 1145 0 5.80414 0.230363
 1146 0 5.79908 0.230218
 1147 0 5.79402 0.230072
 1148 0.0727273 5.78904 0.229926
 1149 0.290909 5.78426 0.229776
 1150 1.81818 5.78081 0.229602
 1151 5.89091 5.7809 0.229402
 1152 1.16364 5.77689 0.229238
 1153 5.89091 5.77699 0.229039
 1154 8.8 5.77961 0.228855
 1155 2.61818 5.77688 0.228674
 1156 4.65455 5.7759 0.228478
 1157 2.61818 5.77318 0.228296
 1158 4.65455 5.77221 0.228101
 1159 2.61818 5.76949 0.227921
 1160 0.654545 5.76508 0.227767
 1161 0 5.76011 0.227625
 1162 0.0727273 5.75522 0.227481
 1163 0.0727273 5.75033 0.227338
 1164 0.0727273 5.74545 0.227195
 1165 0.290909 5.74077 0.227048
 1166 1.16364 5.73685 0.226887
 1167 5.89091 5.73698 0.226693
 1168 5.89091 5.73711 0.226499
 1169 5.89091 5.73724 0.226305
 1170 0 5.73234 0.226165
 1171 4.65455 5.73142 0.225973
 1172 16.3636 5.74049 0.225963
 1173 10.4727 5.74452 0.225806
 1174 16.3636 5.75357 0.225795
 1175 21.0182 5.76656 0.225976
 1176 16.3636 5.77557 0.225964
 1177 10.4727 5.77956 0.225807
 1178 1.81818 5.7762 0.22564
 1179 1.81818 5.77284 0.225474
 1180 0.290909 5.7682 0.225331
 1181 0 5.76331 0.225193
 1182 0.654545 5.75899 0.225044
 1183 1.16364 5.75511 0.224887
 1184 1.16364 5.75123 0.22473
 1185 4.65455 5.7503 0.224542
 1186 1.16364 5.74644 0.224386
 1187 0.0727273 5.74166 0.224248
 1188 0 5.73682 0.224111
 1189 1.16364 5.73298 0.223956
 1190 5.89091 5.73311 0.223768
 1191 4.65455 5.7322 0.223582
 1192 3.56364 5.73038 0.223401
 1193 5.89091 5.73052 0.223214
 1194 8.8 5.73309 0.223042
 1195 1.16364 5.72927 0.222888
 1196 3.56364 5.72746 0.222709
 1197 0.654545 5.72322 0.222563
 1198 0.654545 5.71899 0.222417
 1199 0.0727273 5.71428 0.222282
 1200 0.290909 5.70976 0.222142
 1201 0.290909 5.70525 0.222003
 1202 0.290909 5.70074 0.221864
 1203 2.61818 5.69818 0.221695
 1204 0.290909 5.69369 0.221556
 1205 0.654545 5.68951 0.221411
 1206 0.654545 5.68533 0.221267
 1207 1.16364 5.68158 0.221115
 1208 0.290909 5.67712 0.220977
 1209 1.16364 5.67339 0.220826
 1210 0.654545 5.66924 0.220683
 1211 0 5.66456 0.22055
 1212 0.0727273 5.65995 0.220416
 1213 1.81818 5.65678 0.220257
 1214 3.56364 5.65505 0.220082
 1215 0 5.6504 0.21995
 1216 0.290909 5.64599 0.219814
 1217 0.654545 5.64189 0.219671
 1218 1.16364 5.63821 0.219522
 1219 0.654545 5.63413 0.21938
 1220 0.0727273 5.62957 0.219247
 1221 0.290909 5.6252 0.219111
 1222 0 5.62059 0.21898
 1223 0.290909 5.61623 0.218844
 1224 1.81818 5.61313 0.218687
 1225 1.16364 5.6095 0.218539
 1226 0 5.60492 0.218409
 1227 3.56364 5.60326 0.218237
 1228 1.16364 5.59964 0.218089
 1229 1.81818 5.59657 0.217933
 1230 3.56364 5.59492 0.217762
 1231 0.654545 5.5909 0.217622
 1232 0 5.58636 0.217493
 1233 0.290909 5.58207 0.217359
 1234 0.290909 5.57778 0.217225
 1235 0.290909 5.5735 0.217091
 1236 0.290909 5.56923 0.216958
 1237 0.290909 5.56496 0.216824
 1238 0.290909 5.5607 0.216691
 1239 0.290909 5.55645 0.216558
 1240 4.65455 5.55572 0.216384
 1241 7.27273 5.5571 0.216214
 1242 5.89091 5.55737 0.21604
 1243 3.56364 5.55577 0.215872
 1244 7.27273 5.55715 0.215703
 1245 7.27273 5.55853 0.215534
 1246 14.2545 5.5655 0.215474
 1247 16.3636 5.57416 0.215475
 1248 7.27273 5.57552 0.215307
 1249 10.4727 5.57945 0.21517
 1250 2.61818 5.57708 0.215011
 1251 0 5.57262 0.214885
 1252 0.0727273 5.56823 0.214759
 1253 0 5.56378 0.214633
 1254 4.65455 5.56306 0.214463
 1255 2.61818 5.56071 0.214305
 1256 3.56364 5.55912 0.21414
 1257 3.56364 5.55753 0.213976
 1258 8.8 5.56011 0.213821
 1259 16.3636 5.56869 0.213823
 1260 3.56364 5.5671 0.21366
 1261 16.3636 5.57566 0.213662
 1262 14.2545 5.58254 0.213603
 1263 12.2909 5.58785 0.2135
 1264 5.89091 5.58809 0.213331
 1265 5.89091 5.58833 0.213163
 1266 10.4727 5.59219 0.213029
 1267 10.4727 5.59604 0.212896
 1268 14.2545 5.60287 0.212837
 1269 12.2909 5.60814 0.212735
 1270 12.2909 5.6134 0.212632
 1271 10.4727 5.61722 0.212499
 1272 14.2545 5.62401 0.212441
 1273 12.2909 5.62925 0.212339
 1274 8.8 5.63174 0.212186
 1275 14.2545 5.6385 0.212128
 1276 23.5636 5.65255 0.212426
 1277 14.2545 5.65929 0.212367
 1278 8.8 5.66174 0.212215
 1279 7.27273 5.663 0.212053
 1280 4.65455 5.66222 0.211888
 1281 2.61818 5.65984 0.211736
 1282 5.89091 5.66002 0.211571
 1283 12.2909 5.66519 0.211469
 1284 14.2545 5.67188 0.21141
 1285 12.2909 5.67703 0.211309
 1286 1.16364 5.67352 0.211173
 1287 0 5.66911 0.211055
 1288 0 5.66471 0.210937
 1289 0.290909 5.66054 0.210815
 1290 1.16364 5.65705 0.21068
 1291 0.654545 5.65318 0.210553
 1292 1.81818 5.65021 0.21041
 1293 1.81818 5.64725 0.210269
 1294 1.16364 5.64378 0.210135
 1295 1.16364 5.64032 0.210001
 1296 3.56364 5.63872 0.209845
 1297 0.0727273 5.63443 0.209727
 1298 0.290909 5.63031 0.209606
 1299 1.16364 5.62687 0.209472
 1300 0.654545 5.62305 0.209346
 1301 0.290909 5.61895 0.209225
 1302 0.0727273 5.61469 0.209108
 1303 0.654545 5.61088 0.208982
 1304 1.81818 5.60798 0.208842
 1305 2.61818 5.60568 0.208694
 1306 2.61818 5.6034 0.208547
 1307 3.56364 5.60184 0.208393
 1308 4.65455 5.60111 0.208235
 1309 0.0727273 5.59689 0.208119
 1310 1.16364 5.5935 0.207988
 1311 1.81818 5.59062 0.207849
 1312 0.290909 5.58659 0.20773
 1313 3.56364 5.58504 0.207577
 1314 1.81818 5.58218 0.207439
 1315 0.290909 5.57815 0.20732
 1316 5.89091 5.57839 0.207163
 1317 2.61818 5.57614 0.207017
 1318 0.0727273 5.57197 0.206902
 1319 1.81818 5.56912 0.206765
 1320 0.0727273 5.56496 0.20665
 1321 7.27273 5.56625 0.206498
 1322 8.8 5.5687 0.206356
 1323 2.61818 5.56647 0.206212
 1324 0 5.56226 0.206099
 1325 0.0727273 5.55812 0.205985
 1326 0.0727273 5.55398 0.205872
 1327 0.290909 5.55002 0.205755
 1328 0.654545 5.54633 0.205633
 1329 1.16364 5.54303 0.205504
 1330 3.56364 5.54154 0.205355
 1331 2.61818 5.53935 0.205213
 1332 1.16364 5.53606 0.205085
 1333 1.81818 5.53327 0.20495
 1334 8.8 5.53572 0.204811
 1335 2.61818 5.53354 0.204669
 1336 1.81818 5.53076 0.204535
 1337 0.290909 5.52684 0.204419
 1338 0.0727273 5.52276 0.204307
 1339 2.61818 5.52059 0.204166
 1340 1.81818 5.51783 0.204032
 1341 8.8 5.52028 0.203895
 1342 16.3636 5.52836 0.203903
 1343 12.2909 5.53339 0.203813
 1344 8.8 5.53582 0.203676
 1345 12.2909 5.54084 0.203586
 1346 5.89091 5.5411 0.203435
 1347 12.2909 5.54612 0.203346
 1348 10.4727 5.54977 0.203228
 1349 7.27273 5.55105 0.203081
 1350 4.65455 5.55038 0.202932
 1351 5.89091 5.55064 0.202782
 1352 14.2545 5.55707 0.202734
 1353 7.27273 5.55834 0.202588
 1354 1.16364 5.5551 0.202464
 1355 1.81818 5.55234 0.202334
 1356 1.16364 5.5491 0.20221
 1357 0.290909 5.54523 0.202098
 1358 2.61818 5.54307 0.201961
 1359 7.27273 5.54434 0.201816
 1360 3.56364 5.54289 0.201673
 1361 3.56364 5.54143 0.20153
 1362 5.89091 5.54169 0.201382
 1363 0.654545 5.5381 0.201266
 1364 0.290909 5.53426 0.201156
 1365 0.0727273 5.53026 0.201048
 1366 0.654545 5.52669 0.200932
 1367 0.654545 5.52312 0.200817
 1368 0.290909 5.5193 0.200707
 1369 1.16364 5.51612 0.200585
 1370 1.16364 5.51294 0.200464
 1371 4.65455 5.51231 0.200319
 1372 1.81818 5.50962 0.200191
 1373 5.89091 5.5099 0.200045
 1374 2.61818 5.50779 0.19991
 1375 0 5.50379 0.199805
 1376 7.27273 5.50507 0.199664
 1377 0.654545 5.50155 0.19955
 1378 0.0727273 5.49761 0.199444
 1379 1.16364 5.49447 0.199324
 1380 2.61818 5.49238 0.199191
 1381 10.4727 5.49599 0.199079
 1382 5.89091 5.49628 0.198935
 1383 3.56364 5.49488 0.198796
 1384 2.61818 5.4928 0.198663
 1385 2.61818 5.49073 0.198531
 1386 0.0727273 5.48682 0.198426
 1387 2.61818 5.48475 0.198294
 1388 0.0727273 5.48085 0.198189
 1389 0.0727273 5.47696 0.198085
 1390 0.290909 5.47322 0.197977
 1391 3.56364 5.47185 0.19784
 1392 1.16364 5.46876 0.197722
 1393 1.81818 5.46614 0.197597
 1394 4.65455 5.46555 0.197456
 1395 0.0727273 5.46169 0.197352
 1396 1.81818 5.45908 0.197228
 1397 0.654545 5.45564 0.197117
 1398 2.61818 5.45361 0.196986
 1399 0.290909 5.44992 0.19688
 1400 0.290909 5.44623 0.196774
 1401 0.0727273 5.4424 0.196671
 1402 0.290909 5.43872 0.196565
 1403 2.61818 5.43671 0.196435
 1404 1.16364 5.43367 0.196319
 1405 0.654545 5.43027 0.196208
 1406 5.89091 5.4306 0.196069
 1407 8.8 5.43299 0.195944
 1408 1.16364 5.42996 0.195828
 1409 3.56364 5.42863 0.195694
 1410 1.81818 5.42607 0.195572
 1411 0.290909 5.42243 0.195467
 1412 1.16364 5.41942 0.195352
 1413 0 5.41558 0.195251
 1414 0 5.41175 0.195151
 1415 0.0727273 5.40798 0.195049
 1416 3.56364 5.40668 0.194916
 1417 4.65455 5.40615 0.194779
 1418 5.89091 5.40649 0.194642
 1419 8.8 5.40888 0.194519
 1420 2.61818 5.40691 0.194392
 1421 7.27273 5.40823 0.19426
 1422 8.8 5.41061 0.194138
 1423 8.8 5.41299 0.194016
 1424 12.2909 5.41782 0.19394
 1425 10.4727 5.42137 0.193836
 1426 16.3636 5.42905 0.193852
 1427 8.8 5.43141 0.193731
 1428 2.61818 5.42944 0.193605
 1429 1.81818 5.42691 0.193486
 1430 10.4727 5.43044 0.193383
 1431 12.2909 5.43523 0.193307
 1432 7.27273 5.43652 0.193176
 1433 3.56364 5.43521 0.193046
 1434 1.81818 5.43269 0.192928
 1435 0 5.4289 0.19283
 1436 0.654545 5.42558 0.192725
 1437 0.290909 5.422 0.192624
 1438 1.16364 5.41904 0.192512
 1439 2.61818 5.4171 0.192388
 1440 2.61818 5.41515 0.192265
 1441 2.61818 5.41321 0.192141
 1442 0.290909 5.40966 0.19204
 1443 3.56364 5.40838 0.191912
 1444 7.27273 5.40967 0.191783
 1445 0.654545 5.40638 0.191678
 1446 1.16364 5.40345 0.191568
 1447 1.16364 5.40052 0.191458
 1448 0.0727273 5.39684 0.191361
 1449 1.81818 5.39437 0.191245
 1450 0.654545 5.3911 0.191141
 1451 0.0727273 5.38743 0.191045
 1452 0.0727273 5.38377 0.190948
 1453 0.290909 5.38027 0.190849
 1454 0.290909 5.37677 0.19075
 1455 0.290909 5.37327 0.190651
 1456 1.16364 5.37038 0.190541
 1457 1.81818 5.36794 0.190426
 1458 0 5.36426 0.190331
 1459 0.0727273 5.36063 0.190235
 1460 1.16364 5.35776 0.190127
 1461 2.61818 5.35588 0.190006
 1462 4.65455 5.3554 0.189876
 1463 3.56364 5.35418 0.18975
 1464 4.65455 5.3537 0.189621
 1465 7.27273 5.35501 0.189496
 1466 0 5.35136 0.189402
 1467 1.81818 5.34895 0.189289
 1468 1.16364 5.3461 0.189181
 1469 2.61818 5.34424 0.189061
 1470 8.8 5.34659 0.188947
 1471 4.65455 5.34612 0.188819
 1472 1.81818 5.34373 0.188706
 1473 0.654545 5.34054 0.188605
 1474 0.290909 5.33712 0.188508
 1475 2.61818 5.33527 0.188389
 1476 1.16364 5.33245 0.188283
 1477 0.654545 5.32928 0.188182
 1478 0.0727273 5.32572 0.188088
 1479 1.81818 5.32335 0.187976
 1480 2.61818 5.32152 0.187858
 1481 3.56364 5.32034 0.187735
 1482 2.61818 5.31851 0.187617
 1483 1.81818 5.31615 0.187505
 1484 4.65455 5.31571 0.187379
 1485 8.8 5.31805 0.187268
 1486 7.27273 5.31937 0.187146
 1487 5.89091 5.31975 0.187021
 1488 8.8 5.32209 0.18691
 1489 12.2909 5.32677 0.186843
 1490 10.4727 5.33023 0.186749
 1491 7.27273 5.33153 0.186629
 1492 10.4727 5.33497 0.186535
 1493 18.6182 5.34387 0.186622
 1494 4.65455 5.34341 0.186498
 1495 10.4727 5.34684 0.186405
 1496 12.2909 5.35148 0.186338
 1497 10.4727 5.3549 0.186245
 1498 4.65455 5.35444 0.186121
 1499 0.290909 5.35106 0.186028
 1500 0.290909 5.34768 0.185934
 1501 0.290909 5.34432 0.185841
 1502 0.654545 5.34119 0.185743
 1503 2.61818 5.33938 0.185629
 1504 5.89091 5.33975 0.185505
 1505 12.2909 5.34437 0.18544
 1506 16.3636 5.35168 0.185461
 1507 7.27273 5.35296 0.185342
 1508 18.6182 5.36176 0.185428
 1509 10.4727 5.36514 0.185336
 1510 7.27273 5.36641 0.185218
 1511 10.4727 5.36979 0.185126
 1512 5.89091 5.37013 0.185004
 1513 1.16364 5.36735 0.184902
 1514 0.290909 5.364 0.18481
 1515 1.16364 5.36122 0.184709
 1516 1.81818 5.35889 0.184602
 1517 0.654545 5.35579 0.184506
 1518 0.0727273 5.35231 0.184418
 1519 1.16364 5.34955 0.184317
 1520 4.65455 5.34909 0.184196
 1521 0.654545 5.346 0.184101
 1522 0 5.34249 0.184013
 1523 0 5.33898 0.183926
 1524 1.16364 5.33624 0.183826
 1525 0.290909 5.33294 0.183735
 1526 0 5.32944 0.183648
 1527 0 5.32595 0.183561
 1528 0.0727273 5.32251 0.183473
 1529 2.61818 5.32074 0.183361
 1530 1.16364 5.31803 0.183261
 1531 1.16364 5.31531 0.183162
 1532 1.81818 5.31303 0.183056
 1533 2.61818 5.31127 0.182945
 1534 2.61818 5.30952 0.182835
 1535 0.290909 5.30625 0.182745
 1536 0.290909 5.30298 0.182655
 1537 1.16364 5.30029 0.182556
 1538 0.0727273 5.29689 0.182469
 1539 0.0727273 5.2935 0.182382
 1540 1.16364 5.29081 0.182283
 1541 1.81818 5.28856 0.182179
 1542 0.290909 5.28532 0.182089
 1543 0 5.28189 0.182003
 1544 0.654545 5.2789 0.18191
 1545 1.81818 5.27666 0.181806
 1546 4.65455 5.27626 0.181689
 1547 4.65455 5.27585 0.181572
 1548 2.61818 5.27414 0.181463
 1549 0 5.27073 0.181378
 1550 1.16364 5.26808 0.18128
 1551 2.61818 5.26637 0.181171
 1552 3.56364 5.26528 0.181058
 1553 1.16364 5.26264 0.18096
 1554 1.16364 5.26 0.180863
 1555 0 5.25662 0.180778
 1556 0 5.25324 0.180694
 1557 0.0727273 5.24991 0.180608
 1558 0 5.24654 0.180524
 1559 1.16364 5.24392 0.180427
 1560 4.65455 5.24354 0.180312
 1561 5.89091 5.24396 0.180196
 1562 12.2909 5.24847 0.180138
 1563 10.4727 5.25181 0.180053
 1564 2.61818 5.25013 0.179946
 1565 5.89091 5.25054 0.179831
 1566 7.27273 5.25183 0.179721
 1567 0.654545 5.24889 0.17963
 1568 0.0727273 5.24559 0.179546
 1569 0.0727273 5.2423 0.179462
 1570 0.290909 5.23914 0.179375
 1571 0.290909 5.23599 0.179289
 1572 0.0727273 5.23271 0.179205
 1573 0.654545 5.2298 0.179115
 1574 0.0727273 5.22652 0.179031
 1575 3.56364 5.22547 0.17892
 1576 2.61818 5.22381 0.178814
 1577 0.654545 5.22091 0.178724
 1578 0.654545 5.21802 0.178634
 1579 0.290909 5.2149 0.178549
 1580 2.61818 5.21326 0.178443
 1581 7.27273 5.21456 0.178335
 1582 12.2909 5.21903 0.178278
 1583 5.89091 5.21946 0.178166
 1584 0 5.21616 0.178084
 1585 0 5.21287 0.178002
 1586 1.16364 5.21032 0.177908
 1587 1.81818 5.20818 0.177809
 1588 0.0727273 5.20495 0.177726
 1589 0.290909 5.20185 0.177641
 1590 1.81818 5.19973 0.177542
 1591 0 5.19646 0.177461
 1592 1.16364 5.19392 0.177367
 1593 0.290909 5.19085 0.177283
 1594 0.0727273 5.18764 0.177201
 1595 0.654545 5.18479 0.177112
 1596 0.290909 5.18173 0.177028
 1597 0 5.17848 0.176947
 1598 0.290909 5.17542 0.176862
 1599 2.61818 5.17382 0.176759
 1600 4.65455 5.1735 0.176649
 1601 3.56364 5.17249 0.176541
 1602 4.65455 5.17217 0.176431
 1603 1.81818 5.17008 0.176334
 1604 2.61818 5.16849 0.176231
 1605 1.16364 5.16599 0.176139
 1606 0 5.16278 0.176058
 1607 0.0727273 5.15961 0.175977
 1608 0.0727273 5.15645 0.175896
 1609 0.290909 5.15342 0.175813
 1610 0.654545 5.15063 0.175726
 1611 0.290909 5.14761 0.175643
 1612 2.61818 5.14604 0.175541
 1613 1.81818 5.14398 0.175444
 1614 0 5.14079 0.175364
 1615 2.61818 5.13923 0.175263
 1616 7.27273 5.14055 0.175159
 1617 18.6182 5.14888 0.175249
 1618 10.4727 5.15217 0.175172
 1619 10.4727 5.15546 0.175094
 1620 16.3636 5.16238 0.175123
 1621 14.2545 5.16799 0.175105
 1622 16.3636 5.17489 0.175133
 1623 14.2545 5.18049 0.175114
 1624 16.3636 5.18737 0.175142
 1625 21.0182 5.19711 0.175305
 1626 29.0909 5.21181 0.175812
 1627 26.2545 5.22474 0.176179
 1628 18.6182 5.23297 0.176263
 1629 21.0182 5.24266 0.176421
 1630 21.0182 5.25234 0.176578
 1631 10.4727 5.25554 0.176499
 1632 14.2545 5.26105 0.176477
 1633 21.0182 5.2707 0.176633
 1634 14.2545 5.2762 0.17661
 1635 7.27273 5.27742 0.176506
 1636 4.65455 5.27704 0.176399
 1637 7.27273 5.27826 0.176295
 1638 5.89091 5.27863 0.176188
 1639 4.65455 5.27825 0.176081
 1640 12.2909 5.28253 0.176026
 1641 12.2909 5.2868 0.17597
 1642 18.6182 5.29492 0.17605
 1643 12.2909 5.29918 0.175995
 1644 2.61818 5.29754 0.175895
 1645 5.89091 5.29791 0.175788
 1646 4.65455 5.29751 0.175682
 1647 5.89091 5.29787 0.175576
 1648 12.2909 5.30212 0.17552
 1649 10.4727 5.30525 0.175442
 1650 18.6182 5.31332 0.175521
 1651 16.3636 5.32002 0.175542
 1652 5.89091 5.32036 0.175436
 1653 5.89091 5.32071 0.175331
 1654 5.89091 5.32105 0.175225
 1655 8.8 5.32315 0.175132
 1656 0.654545 5.32033 0.175049
 1657 2.61818 5.3187 0.174951
 1658 0.290909 5.31567 0.174871
 1659 0.0727273 5.31251 0.174794
 1660 0 5.30931 0.174718
 1661 0 5.30611 0.174642
 1662 0.290909 5.3031 0.174563
 1663 3.56364 5.30205 0.174462
 1664 3.56364 5.30101 0.17436
 1665 3.56364 5.29996 0.174258
 1666 2.61818 5.29835 0.174161
 1667 0.290909 5.29535 0.174082
 1668 1.81818 5.29326 0.17399
 1669 0.654545 5.29048 0.173908
 1670 0.0727273 5.28736 0.173832
 1671 3.56364 5.28633 0.173731
 1672 7.27273 5.28752 0.173631
 1673 12.2909 5.2917 0.173578
 1674 3.56364 5.29067 0.173477
 1675 1.81818 5.2886 0.173386
 1676 1.16364 5.28614 0.1733
 1677 1.16364 5.28368 0.173214
 1678 2.61818 5.28209 0.173118
 1679 1.16364 5.27964 0.173033
 1680 0.654545 5.27688 0.172951
 1681 2.61818 5.2753 0.172856
 1682 4.65455 5.27493 0.172753
 1683 5.89091 5.2753 0.172651
 1684 12.2909 5.27946 0.172599
 1685 12.2909 5.28363 0.172547
 1686 18.6182 5.29153 0.172625
 1687 10.4727 5.29461 0.17255
 1688 10.4727 5.29767 0.172475
 1689 5.89091 5.29802 0.172374
 1690 8.8 5.3001 0.172284
 1691 5.89091 5.30045 0.172183
 1692 5.89091 5.3008 0.172081
 1693 8.8 5.30286 0.171992
 1694 7.27273 5.30402 0.171894
 1695 3.56364 5.303 0.171796
 1696 1.16364 5.30056 0.171712
 1697 4.65455 5.30018 0.171611
 1698 8.8 5.30224 0.171522
 1699 7.27273 5.3034 0.171425
 1700 12.2909 5.30751 0.171374
 1701 4.65455 5.30712 0.171273
 1702 8.8 5.30918 0.171185
 1703 0.654545 5.30644 0.171106
 1704 1.16364 5.30401 0.171023
 1705 3.56364 5.30299 0.170926
 1706 14.2545 5.30824 0.170906
 1707 29.0909 5.32217 0.171373
 1708 29.0909 5.33609 0.171837
 1709 21.0182 5.34526 0.171982
 1710 14.2545 5.35047 0.17196
 1711 21.0182 5.35963 0.172103
 1712 18.6182 5.36737 0.172177
 1713 26.2545 5.37957 0.172508
 1714 12.2909 5.3836 0.172454
 1715 5.89091 5.3839 0.172354
 1716 14.2545 5.38907 0.172331
 1717 21.0182 5.39817 0.172471
 1718 16.3636 5.40455 0.172489
 1719 10.4727 5.4075 0.172414
 1720 4.65455 5.40706 0.172314
 1721 5.89091 5.40734 0.172214
 1722 4.65455 5.40691 0.172115
 1723 8.8 5.40887 0.172026
 1724 7.27273 5.40996 0.17193
 1725 8.8 5.41192 0.171841
 1726 4.65455 5.41148 0.171742
 1727 0.0727273 5.40839 0.17167
 1728 0.0727273 5.4053 0.171599
 1729 0.290909 5.40235 0.171525
 1730 0.0727273 5.39926 0.171454
 1731 0 5.39615 0.171383
 1732 0.0727273 5.39307 0.171312
 1733 5.89091 5.39336 0.171213
 1734 4.65455 5.39293 0.171115
 1735 1.16364 5.3905 0.171033
 1736 0.0727273 5.38743 0.170962
 1737 0 5.38433 0.170892
 1738 0.0727273 5.38127 0.170821
 1739 0.290909 5.37835 0.170748
 1740 0.290909 5.37542 0.170675
 1741 1.16364 5.373 0.170594
 1742 1.81818 5.37096 0.170508
 1743 10.4727 5.37389 0.170435
 1744 8.8 5.37585 0.170349
 1745 8.8 5.37782 0.170263
 1746 3.56364 5.37678 0.170168
 1747 4.65455 5.37636 0.170071
 1748 7.27273 5.37745 0.169977
 1749 5.89091 5.37774 0.16988
 1750 0 5.37467 0.169811
 1751 0.0727273 5.37164 0.169741
 1752 0.654545 5.36895 0.169666
 1753 1.16364 5.36655 0.169586
 1754 5.89091 5.36685 0.169489
 1755 0.0727273 5.36383 0.16942
 1756 0.654545 5.36115 0.169344
 1757 3.56364 5.36013 0.169251
 1758 10.4727 5.36304 0.16918
 1759 1.16364 5.36065 0.1691
 1760 3.56364 5.35963 0.169007
 1761 1.16364 5.35725 0.168928
 1762 2.61818 5.35569 0.168839
 1763 0.654545 5.35302 0.168765
 1764 1.16364 5.35065 0.168686
 1765 0 5.34762 0.168617
 1766 0.0727273 5.34463 0.168548
 1767 0 5.34161 0.16848
 1768 1.16364 5.33924 0.168401
 1769 0 5.33622 0.168333
 1770 0.0727273 5.33325 0.168264
 1771 0.654545 5.33061 0.16819
 1772 0.0727273 5.32764 0.168121
 1773 0.0727273 5.32468 0.168052
 1774 1.16364 5.32233 0.167974
 1775 1.81818 5.32036 0.167891
 1776 0.654545 5.31773 0.167817
 1777 0.290909 5.3149 0.167746
 1778 3.56364 5.31392 0.167655
 1779 3.56364 5.31293 0.167564
 1780 1.81818 5.31097 0.167481
 1781 4.65455 5.3106 0.167387
 1782 1.81818 5.30864 0.167305
 1783 0.0727273 5.30571 0.167237
 1784 1.16364 5.30338 0.167159
 1785 1.16364 5.30106 0.167081
 1786 1.16364 5.29875 0.167004
 1787 0 5.29578 0.166937
 1788 3.56364 5.29481 0.166846
 1789 2.61818 5.29332 0.16676
 1790 10.4727 5.29621 0.166692
 1791 14.2545 5.30121 0.166674
 1792 12.2909 5.30511 0.166626
 1793 10.4727 5.308 0.166558
 1794 18.6182 5.31542 0.166631
 1795 8.8 5.31736 0.166549
 1796 14.2545 5.32233 0.166531
 1797 5.89091 5.32265 0.166438
 1798 2.61818 5.32114 0.166352
 1799 0.654545 5.31855 0.16628
 1800 1.81818 5.31661 0.166199
 1801 3.56364 5.31563 0.16611
 1802 4.65455 5.31527 0.166018
 1803 1.81818 5.31333 0.165937
 1804 0.654545 5.31074 0.165865
 1805 0.654545 5.30816 0.165793
 1806 0.0727273 5.30527 0.165727
 1807 0 5.30233 0.165661
 1808 0.290909 5.29956 0.165593
 1809 1.16364 5.29727 0.165517
 1810 0.0727273 5.29438 0.165451
 1811 0.0727273 5.2915 0.165384
 1812 0 5.28858 0.165319
 1813 0 5.28566 0.165253
 1814 0.290909 5.28291 0.165185
 1815 0.290909 5.28016 0.165117
 1816 0.654545 5.27761 0.165046
 1817 1.81818 5.27571 0.164966
 1818 1.16364 5.27345 0.164891
 1819 0.654545 5.27091 0.16482
 1820 1.16364 5.26865 0.164744
 1821 0.654545 5.26612 0.164673
 1822 0.290909 5.26339 0.164606
 1823 0 5.2605 0.164541
 1824 0.654545 5.25797 0.16447
 1825 5.89091 5.25832 0.16438
 1826 2.61818 5.25688 0.164296
 1827 1.16364 5.25464 0.164222
 1828 1.81818 5.25276 0.164143
 1829 1.81818 5.25088 0.164064
 1830 1.16364 5.24864 0.163989
 1831 0 5.24578 0.163925
 1832 0.290909 5.24307 0.163857
 1833 0.0727273 5.24025 0.163792
 1834 0.290909 5.23755 0.163725
 1835 0.0727273 5.23474 0.16366
 1836 3.56364 5.23383 0.163574
 1837 7.27273 5.23494 0.163488
 1838 8.8 5.23688 0.163411
 1839 12.2909 5.24071 0.163367
 1840 21.0182 5.24929 0.163503
 1841 10.4727 5.25213 0.163439
 1842 12.2909 5.25595 0.163395
 1843 8.8 5.25787 0.163318
 1844 4.65455 5.25754 0.163229
 1845 4.65455 5.25722 0.163141
 1846 1.81818 5.25535 0.163063
 1847 3.56364 5.25444 0.162978
 1848 4.65455 5.25411 0.16289
 1849 2.61818 5.25269 0.162808
 1850 0.0727273 5.24989 0.162744
 1851 0.0727273 5.24709 0.16268
 1852 1.16364 5.24489 0.162607
 1853 2.61818 5.24347 0.162525
 1854 4.65455 5.24315 0.162438
 1855 1.16364 5.24095 0.162365
 1856 10.4727 5.24377 0.162302
 1857 5.89091 5.24412 0.162215
 1858 4.65455 5.2438 0.162128
 1859 8.8 5.24571 0.162052
 1860 7.27273 5.2468 0.161969
 1861 0.0727273 5.24402 0.161906
 1862 0.654545 5.24156 0.161837
 1863 1.81818 5.23972 0.161761
 1864 0 5.23691 0.161699
 1865 1.81818 5.23508 0.161622
 1866 5.89091 5.23543 0.161536
 1867 4.65455 5.23512 0.16145
 1868 1.16364 5.23294 0.161378
 1869 0 5.23014 0.161316
 1870 0 5.22734 0.161254
 1871 0.0727273 5.22459 0.161191
 1872 0.0727273 5.22183 0.161129
 1873 1.81818 5.22002 0.161053
 1874 0 5.21723 0.160991
 1875 0 5.21445 0.160929
 1876 0.654545 5.21202 0.160862
 1877 0.290909 5.2094 0.160797
 1878 4.65455 5.2091 0.160712
 1879 0.290909 5.20648 0.160648
 1880 0.0727273 5.20375 0.160586
 1881 0.0727273 5.20102 0.160523
 1882 1.16364 5.19888 0.160452
 1883 1.81818 5.19708 0.160377
 1884 0.654545 5.19467 0.16031
 1885 0.0727273 5.19196 0.160248
 1886 0.290909 5.18936 0.160184
 1887 0.0727273 5.18665 0.160122
 1888 0.290909 5.18405 0.160058
 1889 0.654545 5.18165 0.159992
 1890 4.65455 5.18138 0.159907
 1891 7.27273 5.18248 0.159827
 1892 7.27273 5.18359 0.159746
 1893 16.3636 5.18949 0.159771
 1894 8.8 5.1914 0.159698
 1895 8.8 5.1933 0.159625
 1896 10.4727 5.19609 0.159565
 1897 5.89091 5.19645 0.159481
 1898 3.56364 5.19559 0.159399
 1899 0.0727273 5.1929 0.159338
 1900 0.0727273 5.1902 0.159277
 1901 0.0727273 5.18751 0.159216
 1902 0.290909 5.18493 0.159153
 1903 0 5.18221 0.159093
 1904 0.654545 5.17983 0.159027
 1905 3.56364 5.17898 0.158946
 1906 10.4727 5.18176 0.158887
 1907 7.27273 5.18286 0.158807
 1908 2.61818 5.18151 0.15873
 1909 2.61818 5.18017 0.158652
 1910 1.81818 5.17841 0.158579
 1911 0.0727273 5.17574 0.158518
 1912 0.0727273 5.17307 0.158458
 1913 2.61818 5.17173 0.158381
 1914 4.65455 5.17146 0.158298
 1915 0.0727273 5.1688 0.158238
 1916 0.290909 5.16626 0.158176
 1917 0.654545 5.1639 0.158111
 1918 0.290909 5.16136 0.158049
 1919 3.56364 5.16053 0.157968
 1920 1.81818 5.15879 0.157896
 1921 0.0727273 5.15614 0.157836
 1922 0.290909 5.15361 0.157774
 1923 4.65455 5.15335 0.157692
 1924 4.65455 5.15309 0.15761
 1925 0 5.15041 0.157551
 1926 3.56364 5.14959 0.157471
 1927 1.16364 5.14752 0.157403
 1928 2.61818 5.14621 0.157327
 1929 10.4727 5.14897 0.15727
 1930 3.56364 5.14815 0.15719
 1931 1.16364 5.14609 0.157122
 1932 0.290909 5.14357 0.157061
 1933 0.654545 5.14125 0.156997
 1934 1.81818 5.13953 0.156925
 1935 3.56364 5.13872 0.156846
 1936 3.56364 5.1379 0.156767
 1937 8.8 5.13979 0.156698
 1938 14.2545 5.1445 0.156688
 1939 16.3636 5.15028 0.156714
 1940 14.2545 5.15498 0.156703
 1941 14.2545 5.15966 0.156693
 1942 12.2909 5.16334 0.156655
 1943 10.4727 5.16607 0.156598
 1944 8.8 5.16794 0.156529
 1945 7.27273 5.16902 0.156452
 1946 5.89091 5.16939 0.156372
 1947 3.56364 5.16857 0.156294
 1948 2.61818 5.16726 0.156219
 1949 8.8 5.16912 0.15615
 1950 5.89091 5.16949 0.15607
 1951 4.65455 5.16923 0.15599
 1952 1.81818 5.16751 0.15592
 1953 0.0727273 5.1649 0.155862
 1954 1.81818 5.16319 0.155792
 1955 1.81818 5.16148 0.155721
 1956 0 5.15884 0.155664
 1957 0.654545 5.15654 0.155601
 1958 0.654545 5.15424 0.155539
 1959 1.81818 5.15254 0.155469
 1960 3.56364 5.15173 0.155392
 1961 8.8 5.15359 0.155324
 1962 21.0182 5.16167 0.155455
 1963 14.2545 5.1663 0.155445
 1964 18.6182 5.17315 0.155516
 1965 14.2545 5.17777 0.155506
 1966 12.2909 5.18139 0.155469
 1967 7.27273 5.18246 0.155393
 1968 5.89091 5.18282 0.155315
 1969 1.81818 5.18111 0.155245
 1970 0.0727273 5.17851 0.155188
 1971 0.290909 5.17603 0.155129
 1972 0.290909 5.17356 0.15507
 1973 0.654545 5.17127 0.155009
 1974 0.654545 5.16898 0.154947
 1975 4.65455 5.16872 0.154869
 1976 0.290909 5.16625 0.15481
 1977 1.16364 5.16422 0.154745
 1978 4.65455 5.16397 0.154667
 1979 1.81818 5.16228 0.154598
 1980 0.0727273 5.15971 0.154541
 1981 0.290909 5.15725 0.154483
 1982 0.0727273 5.15468 0.154426
 1983 0.654545 5.15241 0.154365
 1984 1.16364 5.1504 0.1543
 1985 1.16364 5.14839 0.154236
 1986 0 5.1458 0.15418
 1987 0.0727273 5.14325 0.154123
 1988 0.290909 5.14081 0.154065
 1989 1.16364 5.13881 0.154001
 1990 3.56364 5.13802 0.153925
 1991 16.3636 5.14366 0.153951
 1992 7.27273 5.14472 0.153878
 1993 12.2909 5.14831 0.153842
 1994 4.65455 5.14806 0.153765
 1995 4.65455 5.14781 0.153688
 1996 7.27273 5.14888 0.153615
 1997 4.65455 5.14863 0.153538
 1998 10.4727 5.1513 0.153484
 1999 14.2545 5.15585 0.153475
 2000 16.3636 5.16145 0.153501
