 1 0 0 0
 2 0 0 0
 3 -2.93613e-15 -9.78709e-16 9.78709e-16
 4 0 -7.34032e-16 7.34032e-16
 5 0 -5.87225e-16 5.87225e-16
 6 5.87225e-15 4.89355e-16 1.17852e-15
 7 5.87225e-15 1.25834e-15 1.25834e-15
 8 0 1.10105e-15 1.10105e-15
 9 0 9.78709e-16 9.78709e-16
 10 -2.93613e-15 5.87225e-16 9.58935e-16
 11 -2.93613e-15 2.66921e-16 9.2464e-16
 12 -2.93613e-15 6.57384e-32 8.85276e-16
 13 -2.93613e-15 -2.25856e-16 8.45075e-16
 14 -2.93613e-15 -4.19447e-16 8.05983e-16
 15 0 -3.91484e-16 7.5085e-16
 16 0 -3.67016e-16 7.02782e-16
 17 0 -3.45427e-16 6.60502e-16
 18 5.87225e-15 4.38256e-32 7.12115e-16
 19 0 4.1519e-32 6.73594e-16
 20 -2.93613e-15 -1.46806e-16 6.55674e-16
 21 5.87225e-15 1.39816e-16 6.86379e-16
 22 5.87225e-15 4.00381e-16 7.04402e-16
 23 -2.93613e-15 2.55315e-16 6.88534e-16
 24 0 2.44677e-16 6.59307e-16
 25 -2.93613e-15 1.17445e-16 6.45058e-16
 26 0 1.12928e-16 6.19768e-16
 27 -1.46806e-15 5.43727e-17 5.9924e-16
 28 -2.93613e-15 -5.24308e-17 5.87236e-16
 29 -2.93613e-15 -1.51869e-16 5.75284e-16
 30 0 -1.46806e-16 5.558e-16
 31 0 -1.42071e-16 5.37593e-16
 32 -2.93613e-15 -2.29385e-16 5.27794e-16
 33 0 -2.22434e-16 5.11598e-16
 34 0 -2.15892e-16 4.96366e-16
 35 0 -2.09723e-16 4.82015e-16
 36 -2.93613e-15 -2.85457e-16 4.74517e-16
 37 0 -2.77742e-16 4.61578e-16
 38 0 -2.70433e-16 4.49327e-16
 39 0 -2.63499e-16 4.37709e-16
 40 -2.93613e-15 -3.30314e-16 4.31826e-16
 41 0 -3.22258e-16 4.21239e-16
 42 -2.93613e-15 -3.84493e-16 4.15772e-16
 43 0 -3.75551e-16 4.06086e-16
 44 0 -3.67016e-16 3.96841e-16
 45 0 -3.5886e-16 3.88008e-16
 46 0 -3.51059e-16 3.7956e-16
 47 0 -3.43589e-16 3.71471e-16
 48 0 -3.36431e-16 3.6372e-16
 49 5.87225e-15 -2.09723e-16 3.78084e-16
 50 0 -2.05529e-16 3.70469e-16
 51 0 -2.01499e-16 3.63155e-16
 52 0 -1.97624e-16 3.56124e-16
 53 5.87225e-15 -8.30979e-17 3.67633e-16
 54 5.87225e-15 2.71864e-17 3.77242e-16
 55 0 2.66921e-17 3.7032e-16
 56 0 2.62154e-17 3.63647e-16
 57 5.87225e-15 1.28778e-16 3.71642e-16
 58 5.87225e-15 2.27803e-16 3.78367e-16
 59 0 2.23942e-16 3.71919e-16
 60 0 2.2021e-16 3.65686e-16
 61 5.87225e-15 3.12866e-16 3.71386e-16
 62 -2.93613e-15 2.60463e-16 3.69086e-16
 63 0 2.56329e-16 3.63203e-16
 64 0 2.52323e-16 3.57506e-16
 65 -2.93613e-15 2.0327e-16 3.55364e-16
 66 0 2.0019e-16 3.49952e-16
 67 0 1.97203e-16 3.44702e-16
 68 -2.93613e-15 1.51124e-16 3.42707e-16
 69 0 1.48934e-16 3.37711e-16
 70 0 1.46806e-16 3.32858e-16
 71 5.87225e-15 2.27446e-16 3.379e-16
 72 0 2.24287e-16 3.33189e-16
 73 -2.93613e-15 1.80994e-16 3.31433e-16
 74 -1.46806e-15 1.5871e-16 3.27682e-16
 75 -2.93613e-15 1.17445e-16 3.25906e-16
 76 0 1.159e-16 3.21593e-16
 77 0 1.14395e-16 3.17393e-16
 78 -2.93613e-15 7.52853e-17 3.15729e-16
 79 -2.93613e-15 3.71662e-17 3.14029e-16
 80 5.87225e-15 1.10105e-16 3.18542e-16
 81 5.87225e-15 1.81242e-16 3.22527e-16
 82 5.87225e-15 2.50645e-16 3.26042e-16
 83 5.87225e-15 3.18375e-16 3.29134e-16
 84 0 3.14585e-16 3.25214e-16
 85 5.87225e-15 3.79969e-16 3.2795e-16
 86 5.87225e-15 4.43833e-16 3.30346e-16
 87 5.87225e-15 5.06229e-16 3.32435e-16
 88 0 5.00476e-16 3.28686e-16
 89 0 4.94853e-16 3.2502e-16
 90 0 4.89355e-16 3.21436e-16
 91 5.87225e-15 5.48507e-16 3.23341e-16
 92 5.87225e-15 6.06374e-16 3.25e-16
 93 5.87225e-15 6.62996e-16 3.26435e-16
 94 0 6.55943e-16 3.2302e-16
 95 0 6.49039e-16 3.19677e-16
 96 -2.93613e-15 6.11693e-16 3.18526e-16
 97 0 6.05387e-16 3.15288e-16
 98 -2.93613e-15 5.69249e-16 3.1414e-16
 99 0 5.63499e-16 3.11004e-16
 100 0 5.57864e-16 3.07929e-16
 101 -2.93613e-15 5.2327e-16 3.06822e-16
 102 -1.46806e-15 5.03747e-16 3.04426e-16
 103 0 4.98857e-16 3.01495e-16
 104 0 4.9406e-16 2.98621e-16
 105 -2.93613e-15 4.61391e-16 2.97562e-16
 106 -2.93613e-15 4.29339e-16 2.96479e-16
 107 0 4.25327e-16 2.93722e-16
 108 0 4.21389e-16 2.91017e-16
 109 -2.93613e-15 3.90586e-16 2.89975e-16
 110 -1.46806e-15 3.73689e-16 2.87823e-16
 111 0 3.70322e-16 2.85238e-16
 112 0 3.67016e-16 2.82699e-16
 113 -2.93613e-15 3.37785e-16 2.81707e-16
 114 -2.93613e-15 3.09066e-16 2.80698e-16
 115 0 3.06378e-16 2.78259e-16
 116 -2.93613e-15 2.78426e-16 2.77263e-16
 117 0 2.76046e-16 2.74893e-16
 118 0 2.73707e-16 2.72564e-16
 119 0 2.71407e-16 2.70273e-16
 120 -1.46806e-15 2.56911e-16 2.68403e-16
 121 -1.46806e-15 2.42655e-16 2.66557e-16
 122 0 2.40666e-16 2.64371e-16
 123 -2.93613e-15 2.14839e-16 2.63482e-16
 124 -2.93613e-15 1.89428e-16 2.62581e-16
 125 0 1.87912e-16 2.60476e-16
 126 0 1.86421e-16 2.58405e-16
 127 -2.93613e-15 1.61834e-16 2.57538e-16
 128 0 1.60569e-16 2.55521e-16
 129 0 1.59325e-16 2.53536e-16
 130 0 1.58099e-16 2.51581e-16
 131 0 1.56892e-16 2.49656e-16
 132 5.87225e-15 2.0019e-16 2.51513e-16
 133 5.87225e-15 2.42838e-16 2.53231e-16
 134 5.87225e-15 2.84848e-16 2.54821e-16
 135 0 2.82738e-16 2.52935e-16
 136 5.87225e-15 3.23838e-16 2.5441e-16
 137 -2.93613e-15 3.00042e-16 2.53665e-16
 138 0 2.97868e-16 2.5183e-16
 139 -2.93613e-15 2.74602e-16 2.51092e-16
 140 -2.93613e-15 2.51668e-16 2.50344e-16
 141 0 2.49883e-16 2.48569e-16
 142 -1.46806e-15 2.37785e-16 2.47109e-16
 143 -1.46806e-15 2.25856e-16 2.45664e-16
 144 -2.93613e-15 2.03898e-16 2.44939e-16
 145 0 2.02492e-16 2.43247e-16
 146 0 2.01105e-16 2.4158e-16
 147 0 1.99737e-16 2.39935e-16
 148 -2.93613e-15 1.78548e-16 2.39248e-16
 149 -1.46806e-15 1.67497e-16 2.37894e-16
 150 0 1.66381e-16 2.36305e-16
 151 -2.93613e-15 1.45834e-16 2.35632e-16
 152 -2.93613e-15 1.25558e-16 2.34954e-16
 153 -2.93613e-15 1.05547e-16 2.34269e-16
 154 -2.93613e-15 8.57959e-17 2.33579e-16
 155 0 8.52424e-17 2.32068e-16
 156 -2.93613e-15 6.58746e-17 2.31388e-16
 157 0 6.54551e-17 2.2991e-16
 158 5.87225e-15 1.02207e-16 2.31387e-16
 159 0 1.01564e-16 2.29928e-16
 160 0 1.00929e-16 2.28488e-16
 161 -2.93613e-15 8.20657e-17 2.27846e-16
 162 -2.93613e-15 6.34348e-17 2.27201e-16
 163 -2.93613e-15 4.50326e-17 2.26551e-16
 164 0 4.4758e-17 2.25165e-16
 165 0 4.44868e-17 2.23797e-16
 166 -2.93613e-15 2.65313e-17 2.23168e-16
 167 -2.93613e-15 8.7908e-18 2.22536e-16
 168 -2.93613e-15 -8.73847e-18 2.21901e-16
 169 0 -8.68677e-18 2.20584e-16
 170 -2.93613e-15 -2.5907e-17 2.19958e-16
 171 -2.93613e-15 -4.29258e-17 2.19329e-16
 172 0 -4.26763e-17 2.1805e-16
 173 0 -4.24296e-17 2.16786e-16
 174 -2.93613e-15 -5.906e-17 2.16177e-16
 175 0 -5.87225e-17 2.14939e-16
 176 0 -5.83889e-17 2.13714e-16
 177 0 -5.8059e-17 2.12504e-16
 178 5.87225e-15 -2.47426e-17 2.13917e-16
 179 -2.93613e-15 -4.10074e-17 2.13339e-16
 180 -2.93613e-15 -5.70914e-17 2.1276e-16
 181 -2.93613e-15 -7.29976e-17 2.12178e-16
 182 -2.93613e-15 -8.87291e-17 2.11594e-16
 183 0 -8.82443e-17 2.10436e-16
 184 -2.93613e-15 -1.03722e-16 2.0986e-16
 185 0 -1.03161e-16 2.08724e-16
 186 -2.93613e-15 -1.18392e-16 2.08156e-16
 187 0 -1.17759e-16 2.07041e-16
 188 -2.93613e-15 -1.3275e-16 2.06482e-16
 189 0 -1.32048e-16 2.05388e-16
 190 -2.93613e-15 -1.46806e-16 2.04836e-16
 191 -2.93613e-15 -1.6141e-16 2.04284e-16
 192 0 -1.60569e-16 2.03219e-16
 193 0 -1.59737e-16 2.02165e-16
 194 0 -1.58914e-16 2.01122e-16
 195 -2.93613e-15 -1.73156e-16 2.00594e-16
 196 -2.93613e-15 -1.87253e-16 2.00065e-16
 197 0 -1.86302e-16 1.99049e-16
 198 0 -1.85362e-16 1.98043e-16
 199 0 -1.8443e-16 1.97048e-16
 200 5.87225e-15 -1.54147e-16 1.98385e-16
 201 -2.93613e-15 -1.67987e-16 1.9788e-16
 202 0 -1.67156e-16 1.969e-16
 203 5.87225e-15 -1.37405e-16 1.98174e-16
 204 5.87225e-15 -1.07946e-16 1.99388e-16
 205 -2.93613e-15 -1.21742e-16 1.98892e-16
 206 5.87225e-15 -9.26448e-17 2.00052e-16
 207 -2.93613e-15 -1.06381e-16 1.99556e-16
 208 0 -1.0587e-16 1.98595e-16
 209 0 -1.05363e-16 1.97643e-16
 210 0 -1.04862e-16 1.96701e-16
 211 5.87225e-15 -7.65341e-17 1.97805e-16
 212 0 -7.61731e-17 1.9687e-16
 213 -2.93613e-15 -8.96001e-17 1.96403e-16
 214 0 -8.91814e-17 1.95484e-16
 215 0 -8.87666e-17 1.94573e-16
 216 -2.93613e-15 -1.01949e-16 1.94118e-16
 217 0 -1.01479e-16 1.93222e-16
 218 -2.93613e-15 -1.14482e-16 1.92773e-16
 219 0 -1.13959e-16 1.91891e-16
 220 0 -1.13441e-16 1.91017e-16
 221 0 -1.12928e-16 1.90152e-16
 222 -2.93613e-15 -1.25645e-16 1.8972e-16
 223 -1.46806e-15 -1.31665e-16 1.88963e-16
 224 0 -1.31077e-16 1.88119e-16
 225 0 -1.30495e-16 1.87282e-16
 226 -2.93613e-15 -1.42909e-16 1.86864e-16
 227 0 -1.42279e-16 1.8604e-16
 228 -2.93613e-15 -1.54533e-16 1.85627e-16
 229 -2.93613e-15 -1.6668e-16 1.85214e-16
 230 0 -1.65955e-16 1.84408e-16
 231 5.87225e-15 -1.39816e-16 1.85459e-16
 232 0 -1.39213e-16 1.84659e-16
 233 0 -1.38615e-16 1.83866e-16
 234 0 -1.38023e-16 1.83079e-16
 235 5.87225e-15 -1.12447e-16 1.84084e-16
 236 5.87225e-15 -8.70885e-17 1.85048e-16
 237 -2.93613e-15 -9.91098e-17 1.84657e-16
 238 -2.93613e-15 -1.1103e-16 1.84266e-16
 239 0 -1.10565e-16 1.83494e-16
 240 0 -1.10105e-16 1.82728e-16
 241 0 -1.09648e-16 1.81969e-16
 242 -2.93613e-15 -1.21328e-16 1.81592e-16
 243 -2.93613e-15 -1.32911e-16 1.81213e-16
 244 -2.93613e-15 -1.444e-16 1.80834e-16
 245 0 -1.4381e-16 1.80096e-16
 246 -1.46806e-15 -1.49193e-16 1.79443e-16
 247 0 -1.48589e-16 1.78716e-16
 248 0 -1.4799e-16 1.77995e-16
 249 0 -1.47396e-16 1.7728e-16
 250 0 -1.46806e-16 1.7657e-16
 251 0 -1.46221e-16 1.75866e-16
 252 0 -1.45641e-16 1.75168e-16
 253 0 -1.45066e-16 1.74475e-16
 254 -2.93613e-15 -1.56054e-16 1.74134e-16
 255 0 -1.55442e-16 1.73451e-16
 256 0 -1.54835e-16 1.72773e-16
 257 0 -1.54232e-16 1.721e-16
 258 5.87225e-15 -1.30874e-16 1.73016e-16
 259 0 -1.30369e-16 1.72347e-16
 260 5.87225e-15 -1.07282e-16 1.73229e-16
 261 0 -1.06871e-16 1.72564e-16
 262 0 -1.06463e-16 1.71905e-16
 263 -2.93613e-15 -1.17222e-16 1.71588e-16
 264 -2.93613e-15 -1.27899e-16 1.7127e-16
 265 5.87225e-15 -1.05257e-16 1.72118e-16
 266 0 -1.04862e-16 1.7147e-16
 267 0 -1.04469e-16 1.70827e-16
 268 -2.93613e-15 -1.15035e-16 1.70516e-16
 269 -2.93613e-15 -1.25522e-16 1.70204e-16
 270 -2.93613e-15 -1.35932e-16 1.69892e-16
 271 -2.93613e-15 -1.46265e-16 1.69579e-16
 272 5.87225e-15 -1.24138e-16 1.70397e-16
 273 5.87225e-15 -1.02173e-16 1.71187e-16
 274 5.87225e-15 -8.03684e-17 1.71949e-16
 275 -2.93613e-15 -9.0753e-17 1.71637e-16
 276 0 -9.04242e-17 1.71014e-16
 277 0 -9.00978e-17 1.70396e-16
 278 0 -8.97737e-17 1.69782e-16
 279 0 -8.94519e-17 1.69173e-16
 280 0 -8.91324e-17 1.68568e-16
 281 0 -8.88152e-17 1.67968e-16
 282 -2.93613e-15 -9.89121e-17 1.67675e-16
 283 0 -9.85626e-17 1.67082e-16
 284 0 -9.82155e-17 1.66493e-16
 285 0 -9.78709e-17 1.65908e-16
 286 0 -9.75287e-17 1.65327e-16
 287 -2.93613e-15 -1.07419e-16 1.65047e-16
 288 -2.93613e-15 -1.17241e-16 1.64766e-16
 289 -2.93613e-15 -1.26995e-16 1.64484e-16
 290 -2.93613e-15 -1.36682e-16 1.64202e-16
 291 0 -1.36212e-16 1.63637e-16
 292 0 -1.35746e-16 1.63077e-16
 293 0 -1.35282e-16 1.6252e-16
 294 0 -1.34822e-16 1.61967e-16
 295 5.87225e-15 -1.14459e-16 1.62696e-16
 296 -2.93613e-15 -1.23992e-16 1.62425e-16
 297 5.87225e-15 -1.03802e-16 1.63132e-16
 298 0 -1.03454e-16 1.62584e-16
 299 0 -1.03108e-16 1.6204e-16
 300 0 -1.02764e-16 1.61499e-16
 301 5.87225e-15 -8.29139e-17 1.62181e-16
 302 5.87225e-15 -6.31948e-17 1.62841e-16
 303 5.87225e-15 -4.36058e-17 1.63481e-16
 304 5.87225e-15 -2.41458e-17 1.641e-16
 305 5.87225e-15 -4.81332e-18 1.647e-16
 306 -2.93613e-15 -1.43928e-17 1.6444e-16
 307 -2.93613e-15 -2.39098e-17 1.64179e-16
 308 0 -2.38322e-17 1.63646e-16
 309 -2.93613e-15 -3.32571e-17 1.63387e-16
 310 -2.93613e-15 -4.26212e-17 1.63128e-16
 311 0 -4.24842e-17 1.62603e-16
 312 0 -4.2348e-17 1.62081e-16
 313 0 -4.22127e-17 1.61562e-16
 314 -1.46806e-15 -4.67536e-17 1.61111e-16
 315 -2.93613e-15 -5.59262e-17 1.6086e-16
 316 0 -5.57492e-17 1.60351e-16
 317 5.87225e-15 -3.70489e-17 1.60934e-16
 318 5.87225e-15 -1.84662e-17 1.615e-16
 319 0 -1.84083e-17 1.60993e-16
 320 0 -1.83508e-17 1.60489e-16
 321 -2.93613e-15 -2.74404e-17 1.60246e-16
 322 -2.93613e-15 -3.64736e-17 1.60003e-16
 323 0 -3.63607e-17 1.59507e-16
 324 0 -3.62485e-17 1.59014e-16
 325 0 -3.61369e-17 1.58524e-16
 326 5.87225e-15 -1.8013e-17 1.59073e-16
 327 0 -1.7958e-17 1.58586e-16
 328 5.87225e-15 4.81013e-32 1.59118e-16
 329 5.87225e-15 1.78488e-17 1.59635e-16
 330 5.87225e-15 3.55894e-17 1.60136e-16
 331 5.87225e-15 5.32228e-17 1.60622e-16
 332 0 5.30625e-17 1.60138e-16
 333 0 5.29032e-17 1.59656e-16
 334 5.87225e-15 7.03264e-17 1.60128e-16
 335 0 7.01165e-17 1.5965e-16
 336 0 6.99078e-17 1.59174e-16
 337 5.87225e-15 8.71254e-17 1.59632e-16
 338 5.87225e-15 1.04241e-16 1.60077e-16
 339 0 1.03934e-16 1.59604e-16
 340 0 1.03628e-16 1.59134e-16
 341 5.87225e-15 1.20545e-16 1.59566e-16
 342 5.87225e-15 1.37363e-16 1.59985e-16
 343 5.87225e-15 1.54082e-16 1.60392e-16
 344 0 1.53635e-16 1.59926e-16
 345 -2.93613e-15 1.44679e-16 1.59713e-16
 346 -2.93613e-15 1.35775e-16 1.59499e-16
 347 0 1.35383e-16 1.5904e-16
 348 0 1.34994e-16 1.58582e-16
 349 0 1.34608e-16 1.58128e-16
 350 0 1.34223e-16 1.57676e-16
 351 -2.93613e-15 1.25476e-16 1.57469e-16
 352 0 1.25119e-16 1.57022e-16
 353 0 1.24765e-16 1.56576e-16
 354 -2.93613e-15 1.16118e-16 1.56373e-16
 355 0 1.15791e-16 1.55932e-16
 356 0 1.15466e-16 1.55494e-16
 357 0 1.15142e-16 1.55058e-16
 358 -2.93613e-15 1.06619e-16 1.54859e-16
 359 0 1.06322e-16 1.54427e-16
 360 0 1.06027e-16 1.53998e-16
 361 0 1.05733e-16 1.53571e-16
 362 0 1.05441e-16 1.53146e-16
 363 0 1.05151e-16 1.52724e-16
 364 0 1.04862e-16 1.52304e-16
 365 -1.46806e-15 1.00552e-16 1.51948e-16
 366 -2.93613e-15 9.22554e-17 1.51759e-16
 367 -1.46806e-15 8.80038e-17 1.51405e-16
 368 -2.93613e-15 7.97861e-17 1.51216e-16
 369 0 7.95698e-17 1.50806e-16
 370 -2.93613e-15 7.14193e-17 1.50618e-16
 371 -2.93613e-15 6.33127e-17 1.5043e-16
 372 -2.93613e-15 5.52497e-17 1.50242e-16
 373 0 5.51016e-17 1.49839e-16
 374 -2.93613e-15 4.71036e-17 1.49651e-16
 375 -2.93613e-15 3.91484e-17 1.49464e-16
 376 0 3.90442e-17 1.49066e-16
 377 -2.93613e-15 3.11525e-17 1.48879e-16
 378 0 3.10701e-17 1.48485e-16
 379 0 3.09881e-17 1.48092e-16
 380 0 3.09066e-17 1.47702e-16
 381 0 3.08255e-17 1.47314e-16
 382 0 3.07448e-17 1.46928e-16
 383 -2.93613e-15 2.29984e-17 1.46748e-16
 384 0 2.29385e-17 1.46366e-16
 385 0 2.28789e-17 1.45985e-16
 386 0 2.28196e-17 1.45606e-16
 387 -2.93613e-15 1.51738e-17 1.45431e-16
 388 -1.46806e-15 1.1351e-17 1.45106e-16
 389 0 1.13218e-17 1.44732e-16
 390 -1.46806e-15 7.52853e-18 1.44411e-16
 391 0 7.50928e-18 1.44041e-16
 392 -1.46806e-15 3.74506e-18 1.43722e-16
 393 5.87225e-15 1.86777e-17 1.44132e-16
 394 -2.93613e-15 1.11781e-17 1.43961e-16
 395 0 1.11498e-17 1.43596e-16
 396 0 1.11217e-17 1.43233e-16
 397 5.87225e-15 2.58853e-17 1.43632e-16
 398 0 2.58202e-17 1.43271e-16
 399 0 2.57555e-17 1.42912e-16
 400 5.87225e-15 4.03717e-17 1.43301e-16
 401 5.87225e-15 5.49151e-17 1.43681e-16
 402 5.87225e-15 6.93861e-17 1.44052e-16
 403 0 6.92139e-17 1.43694e-16
 404 0 6.90426e-17 1.43338e-16
 405 0 6.88721e-17 1.42984e-16
 406 0 6.87025e-17 1.42632e-16
 407 5.87225e-15 8.29618e-17 1.42993e-16
 408 0 8.27585e-17 1.42643e-16
 409 0 8.25561e-17 1.42294e-16
 410 0 8.23548e-17 1.41946e-16
 411 -2.93613e-15 7.50105e-17 1.41791e-16
 412 0 7.48285e-17 1.41446e-16
 413 -2.93613e-15 6.7538e-17 1.41292e-16
 414 0 6.73749e-17 1.4095e-16
 415 -2.93613e-15 6.01375e-17 1.40796e-16
 416 -2.93613e-15 5.2935e-17 1.40642e-16
 417 0 5.2808e-17 1.40304e-16
 418 0 5.26817e-17 1.39968e-16
 419 0 5.2556e-17 1.39634e-16
 420 0 5.24308e-17 1.39301e-16
 421 0 5.23063e-17 1.3897e-16
 422 0 5.21824e-17 1.3864e-16
 423 5.87225e-15 6.59414e-17 1.38995e-16
 424 5.87225e-15 7.96355e-17 1.39341e-16
 425 5.87225e-15 9.32652e-17 1.39679e-16
 426 5.87225e-15 1.06831e-16 1.4001e-16
 427 -2.93613e-15 9.97045e-17 1.39863e-16
 428 0 9.94716e-17 1.39536e-16
 429 0 9.92397e-17 1.39211e-16
 430 0 9.90089e-17 1.38887e-16
 431 -1.46806e-15 9.5373e-17 1.38612e-16
 432 0 9.51523e-17 1.38291e-16
 433 -2.93613e-15 8.81516e-17 1.38149e-16
 434 -1.46806e-15 8.45659e-17 1.37877e-16
 435 0 8.43715e-17 1.37559e-16
 436 0 8.4178e-17 1.37244e-16
 437 -2.93613e-15 7.72665e-17 1.37104e-16
 438 -2.93613e-15 7.03866e-17 1.36963e-16
 439 0 7.02263e-17 1.36651e-16
 440 0 7.00667e-17 1.3634e-16
 441 -2.93613e-15 6.32499e-17 1.36201e-16
 442 -2.93613e-15 5.6464e-17 1.36062e-16
 443 0 5.63365e-17 1.35755e-16
 444 0 5.62096e-17 1.35449e-16
 445 -2.93613e-15 4.94853e-17 1.35311e-16
 446 0 4.93743e-17 1.35007e-16
 447 0 4.92639e-17 1.34705e-16
 448 0 4.91539e-17 1.34404e-16
 449 0 4.90444e-17 1.34104e-16
 450 0 4.89355e-17 1.33806e-16
 451 -2.93613e-15 4.23167e-17 1.33673e-16
 452 -2.93613e-15 3.57272e-17 1.3354e-16
 453 0 3.56483e-17 1.33245e-16
 454 -2.93613e-15 2.91026e-17 1.33112e-16
 455 -2.93613e-15 2.25856e-17 1.32979e-16
 456 0 2.25361e-17 1.32687e-16
 457 -2.93613e-15 1.6062e-17 1.32554e-16
 458 0 1.60269e-17 1.32265e-16
 459 -2.93613e-15 9.59519e-18 1.32133e-16
 460 0 9.57433e-18 1.31845e-16
 461 0 9.55356e-18 1.31559e-16
 462 0 9.53288e-18 1.31274e-16
 463 0 9.51229e-18 1.3099e-16
 464 -2.93613e-15 3.16393e-18 1.30861e-16
 465 0 3.15713e-18 1.3058e-16
 466 0 3.15035e-18 1.30299e-16
 467 5.87225e-15 1.5718e-17 1.30626e-16
 468 0 1.56844e-17 1.30347e-16
 469 0 1.5651e-17 1.30068e-16
 470 5.87225e-15 2.81119e-17 1.30388e-16
 471 5.87225e-15 4.05198e-17 1.30701e-16
 472 5.87225e-15 5.28752e-17 1.31008e-16
 473 5.87225e-15 6.51783e-17 1.31308e-16
 474 5.87225e-15 7.74295e-17 1.31602e-16
 475 5.87225e-15 8.96291e-17 1.31891e-16
 476 5.87225e-15 1.01778e-16 1.32173e-16
 477 0 1.01564e-16 1.31895e-16
 478 0 1.01352e-16 1.31619e-16
 479 -2.93613e-15 9.50104e-17 1.31497e-16
 480 0 9.48124e-17 1.31223e-16
 481 -2.93613e-15 8.85111e-17 1.31102e-16
 482 5.87225e-15 1.00511e-16 1.31379e-16
 483 -2.93613e-15 9.42235e-17 1.31257e-16
 484 0 9.40289e-17 1.30986e-16
 485 0 9.3835e-17 1.30715e-16
 486 0 9.36419e-17 1.30446e-16
 487 0 9.34496e-17 1.30178e-16
 488 5.87225e-15 1.05291e-16 1.3045e-16
 489 5.87225e-15 1.17085e-16 1.30716e-16
 490 5.87225e-15 1.2883e-16 1.30977e-16
 491 0 1.28568e-16 1.3071e-16
 492 0 1.28306e-16 1.30444e-16
 493 0 1.28046e-16 1.30179e-16
 494 -1.46806e-15 1.24815e-16 1.29956e-16
 495 -2.93613e-15 1.18631e-16 1.2984e-16
 496 0 1.18392e-16 1.29579e-16
 497 -1.46806e-15 1.152e-16 1.29357e-16
 498 -1.46806e-15 1.12021e-16 1.29136e-16
 499 0 1.11796e-16 1.28877e-16
 500 -1.46806e-15 1.08637e-16 1.28658e-16
 501 -2.93613e-15 1.02559e-16 1.28545e-16
 502 -2.93613e-15 9.65062e-17 1.28431e-16
 503 -2.93613e-15 9.04771e-17 1.28317e-16
 504 -2.93613e-15 8.44719e-17 1.28203e-16
 505 -2.93613e-15 7.84905e-17 1.28089e-16
 506 0 7.83354e-17 1.27835e-16
 507 5.87225e-15 8.97633e-17 1.28094e-16
 508 5.87225e-15 1.01146e-16 1.28347e-16
 509 -2.93613e-15 9.5179e-17 1.28234e-16
 510 0 9.49923e-17 1.27982e-16
 511 0 9.48064e-17 1.27732e-16
 512 5.87225e-15 1.06091e-16 1.2798e-16
 513 -2.93613e-15 1.0016e-16 1.27868e-16
 514 5.87225e-15 1.1139e-16 1.28112e-16
 515 5.87225e-15 1.22576e-16 1.28352e-16
 516 -1.46806e-15 1.19494e-16 1.2814e-16
 517 -2.93613e-15 1.13583e-16 1.28028e-16
 518 -2.93613e-15 1.07696e-16 1.27916e-16
 519 0 1.07488e-16 1.2767e-16
 520 5.87225e-15 1.18574e-16 1.27905e-16
 521 5.87225e-15 1.29618e-16 1.28136e-16
 522 5.87225e-15 1.40619e-16 1.28363e-16
 523 0 1.4035e-16 1.28118e-16
 524 -2.93613e-15 1.34479e-16 1.28008e-16
 525 0 1.34223e-16 1.27764e-16
 526 0 1.33968e-16 1.27521e-16
 527 -2.93613e-15 1.28142e-16 1.27412e-16
 528 -2.93613e-15 1.22339e-16 1.27303e-16
 529 0 1.22107e-16 1.27062e-16
 530 0 1.21877e-16 1.26822e-16
 531 -2.93613e-15 1.16118e-16 1.26714e-16
 532 -1.46806e-15 1.1314e-16 1.26511e-16
 533 -2.93613e-15 1.07419e-16 1.26403e-16
 534 -2.93613e-15 1.0172e-16 1.26295e-16
 535 0 1.0153e-16 1.26058e-16
 536 0 1.0134e-16 1.25823e-16
 537 0 1.01151e-16 1.25589e-16
 538 -2.93613e-15 9.5506e-17 1.25482e-16
 539 0 9.53288e-17 1.25249e-16
 540 -2.93613e-15 8.9715e-17 1.25143e-16
 541 0 8.95492e-17 1.24912e-16
 542 5.87225e-15 1.00218e-16 1.25137e-16
 543 0 1.00034e-16 1.24906e-16
 544 -1.46806e-15 9.71513e-17 1.2471e-16
 545 0 9.6973e-17 1.24481e-16
 546 0 9.67954e-17 1.24253e-16
 547 0 9.66184e-17 1.24025e-16
 548 0 9.64421e-17 1.23799e-16
 549 -2.93613e-15 9.09183e-17 1.23697e-16
 550 0 9.0753e-17 1.23472e-16
 551 -2.93613e-15 8.52596e-17 1.2337e-16
 552 0 8.51051e-17 1.23146e-16
 553 -2.93613e-15 7.96418e-17 1.23045e-16
 554 0 7.9498e-17 1.22822e-16
 555 0 7.93548e-17 1.22601e-16
 556 0 7.92121e-17 1.2238e-16
 557 5.87225e-15 8.96125e-17 1.22602e-16
 558 0 8.94519e-17 1.22383e-16
 559 0 8.92919e-17 1.22164e-16
 560 0 8.91324e-17 1.21945e-16
 561 0 8.89735e-17 1.21728e-16
 562 0 8.88152e-17 1.21511e-16
 563 0 8.86575e-17 1.21295e-16
 564 5.87225e-15 9.89121e-17 1.21514e-16
 565 0 9.8737e-17 1.21298e-16
 566 -2.93613e-15 9.33751e-17 1.21203e-16
 567 -2.93613e-15 8.8032e-17 1.21107e-16
 568 0 8.7877e-17 1.20893e-16
 569 0 8.77226e-17 1.20681e-16
 570 -1.46806e-15 8.49932e-17 1.205e-16
 571 0 8.48443e-17 1.20289e-16
 572 -1.46806e-15 8.21294e-17 1.20109e-16
 573 0 8.19861e-17 1.19899e-16
 574 0 8.18433e-17 1.1969e-16
 575 -1.46806e-15 7.91478e-17 1.19512e-16
 576 -2.93613e-15 7.39129e-17 1.19419e-16
 577 0 7.37848e-17 1.19212e-16
 578 -2.93613e-15 6.85774e-17 1.1912e-16
 579 0 6.84589e-17 1.18914e-16
 580 5.87225e-15 7.84655e-17 1.1913e-16
 581 5.87225e-15 8.84376e-17 1.19342e-16
 582 0 8.82856e-17 1.19137e-16
 583 -2.93613e-15 8.30979e-17 1.19045e-16
 584 -2.93613e-15 7.7928e-17 1.18954e-16
 585 0 7.77948e-17 1.1875e-16
 586 0 7.76621e-17 1.18547e-16
 587 0 7.75298e-17 1.18345e-16
 588 0 7.73979e-17 1.18144e-16
 589 0 7.72665e-17 1.17943e-16
 590 -2.93613e-15 7.21591e-17 1.17854e-16
 591 0 7.2037e-17 1.17654e-16
 592 0 7.19153e-17 1.17456e-16
 593 0 7.1794e-17 1.17257e-16
 594 0 7.16731e-17 1.1706e-16
 595 -2.93613e-15 6.6618e-17 1.16972e-16
 596 -2.93613e-15 6.15798e-17 1.16884e-16
 597 0 6.14767e-17 1.16689e-16
 598 -1.46806e-15 5.89189e-17 1.16521e-16
 599 -2.93613e-15 5.39189e-17 1.16434e-16
 600 0 5.3829e-17 1.1624e-16
 601 -2.93613e-15 4.8854e-17 1.16153e-16
 602 -2.93613e-15 4.38956e-17 1.16066e-16
 603 0 4.38228e-17 1.15873e-16
 604 0 4.37502e-17 1.15681e-16
 605 -1.46806e-15 4.12514e-17 1.15517e-16
 606 0 4.11833e-17 1.15326e-16
 607 -2.93613e-15 3.62783e-17 1.1524e-16
 608 0 3.62187e-17 1.15051e-16
 609 -1.46806e-15 3.37486e-17 1.14888e-16
 610 -1.46806e-15 3.12866e-17 1.14726e-16
 611 -1.46806e-15 2.88327e-17 1.14564e-16
 612 0 2.87856e-17 1.14377e-16
 613 0 2.87386e-17 1.1419e-16
 614 0 2.86918e-17 1.14004e-16
 615 0 2.86451e-17 1.13819e-16
 616 0 2.85986e-17 1.13634e-16
 617 -2.93613e-15 2.37936e-17 1.13551e-16
 618 -2.93613e-15 1.90041e-17 1.13468e-16
 619 0 1.89734e-17 1.13285e-16
 620 -2.93613e-15 1.42071e-17 1.13202e-16
 621 -2.93613e-15 9.45613e-18 1.1312e-16
 622 0 9.44092e-18 1.12938e-16
 623 0 9.42577e-18 1.12756e-16
 624 -2.93613e-15 4.70533e-18 1.12675e-16
 625 -2.93613e-15 6.31089e-33 1.12592e-16
 626 0 6.30081e-33 1.12412e-16
 627 0 6.29076e-33 1.12233e-16
 628 5.87225e-15 9.35072e-18 1.12444e-16
 629 5.87225e-15 1.86717e-17 1.12651e-16
 630 5.87225e-15 2.79631e-17 1.12855e-16
 631 0 2.79188e-17 1.12676e-16
 632 5.87225e-15 3.71662e-17 1.12877e-16
 633 0 3.71075e-17 1.12699e-16
 634 -2.93613e-15 3.24178e-17 1.12619e-16
 635 -2.93613e-15 2.77429e-17 1.12538e-16
 636 0 2.76993e-17 1.12361e-16
 637 0 2.76558e-17 1.12185e-16
 638 0 2.76125e-17 1.12009e-16
 639 -2.93613e-15 2.29744e-17 1.11929e-16
 640 0 2.29385e-17 1.11754e-16
 641 -1.46806e-15 2.06124e-17 1.11604e-16
 642 -2.93613e-15 1.60069e-17 1.11525e-16
 643 0 1.5982e-17 1.11352e-16
 644 0 1.59572e-17 1.11179e-16
 645 0 1.59325e-17 1.11006e-16
 646 -2.93613e-15 1.13627e-17 1.10928e-16
 647 0 1.13452e-17 1.10757e-16
 648 0 1.13277e-17 1.10586e-16
 649 -2.93613e-15 6.78612e-18 1.10509e-16
 650 0 6.77568e-18 1.10338e-16
 651 0 6.76527e-18 1.10169e-16
 652 -2.93613e-15 2.25163e-18 1.10092e-16
 653 0 2.24818e-18 1.09923e-16
 654 -1.46806e-15 6.63415e-33 1.09778e-16
 655 5.87225e-15 8.96527e-18 1.09977e-16
 656 5.87225e-15 1.79032e-17 1.10172e-16
 657 5.87225e-15 2.68139e-17 1.10364e-16
 658 5.87225e-15 3.56976e-17 1.10554e-16
 659 -2.93613e-15 3.1188e-17 1.10478e-16
 660 -2.93613e-15 2.66921e-17 1.10402e-16
 661 0 2.66517e-17 1.10235e-16
 662 0 2.66114e-17 1.10069e-16
 663 5.87225e-15 3.54284e-17 1.10256e-16
 664 -2.93613e-15 3.09531e-17 1.1018e-16
 665 5.87225e-15 3.97371e-17 1.10365e-16
 666 0 3.96774e-17 1.10199e-16
 667 -2.93613e-15 3.52159e-17 1.10124e-16
 668 0 3.51632e-17 1.09959e-16
 669 0 3.51106e-17 1.09794e-16
 670 -2.93613e-15 3.0676e-17 1.0972e-16
 671 0 3.06302e-17 1.09556e-16
 672 5.87225e-15 3.93231e-17 1.09738e-16
 673 5.87225e-15 4.79902e-17 1.09917e-16
 674 5.87225e-15 5.66315e-17 1.10094e-16
 675 5.87225e-15 6.52473e-17 1.10268e-16
 676 5.87225e-15 7.38375e-17 1.10439e-16
 677 0 7.37284e-17 1.10276e-16
 678 0 7.36197e-17 1.10113e-16
 679 0 7.35113e-17 1.09951e-16
 680 0 7.34032e-17 1.09789e-16
 681 5.87225e-15 8.19184e-17 1.09958e-16
 682 0 8.17983e-17 1.09797e-16
 683 5.87225e-15 9.02762e-17 1.09963e-16
 684 0 9.01443e-17 1.09802e-16
 685 5.87225e-15 9.85853e-17 1.09966e-16
 686 0 9.84416e-17 1.09806e-16
 687 0 9.82983e-17 1.09646e-16
 688 0 9.81554e-17 1.09487e-16
 689 5.87225e-15 1.06536e-16 1.09648e-16
 690 5.87225e-15 1.14892e-16 1.09808e-16
 691 0 1.14726e-16 1.09649e-16
 692 -2.93613e-15 1.10317e-16 1.09579e-16
 693 0 1.10158e-16 1.09421e-16
 694 0 1.09999e-16 1.09263e-16
 695 0 1.09841e-16 1.09106e-16
 696 0 1.09683e-16 1.08949e-16
 697 -2.93613e-15 1.05313e-16 1.08881e-16
 698 0 1.05162e-16 1.08725e-16
 699 0 1.05012e-16 1.08569e-16
 700 5.87225e-15 1.13251e-16 1.08726e-16
 701 5.87225e-15 1.21466e-16 1.08882e-16
 702 5.87225e-15 1.29658e-16 1.09035e-16
 703 0 1.29474e-16 1.08879e-16
 704 -2.93613e-15 1.25119e-16 1.08812e-16
 705 0 1.24942e-16 1.08658e-16
 706 5.87225e-15 1.33082e-16 1.08809e-16
 707 0 1.32894e-16 1.08655e-16
 708 0 1.32706e-16 1.08501e-16
 709 5.87225e-15 1.40802e-16 1.0865e-16
 710 5.87225e-15 1.48874e-16 1.08797e-16
 711 5.87225e-15 1.56924e-16 1.08942e-16
 712 -1.46806e-15 1.54642e-16 1.08812e-16
 713 -1.46806e-15 1.52366e-16 1.08683e-16
 714 -2.93613e-15 1.4804e-16 1.08617e-16
 715 -2.93613e-15 1.43726e-16 1.08551e-16
 716 0 1.43526e-16 1.084e-16
 717 0 1.43326e-16 1.08248e-16
 718 -1.46806e-15 1.41081e-16 1.08121e-16
 719 -2.93613e-15 1.36801e-16 1.08055e-16
 720 -2.93613e-15 1.32534e-16 1.07989e-16
 721 0 1.3235e-16 1.0784e-16
 722 -2.93613e-15 1.281e-16 1.07774e-16
 723 0 1.27923e-16 1.07625e-16
 724 -2.93613e-15 1.2369e-16 1.0756e-16
 725 0 1.2352e-16 1.07411e-16
 726 5.87225e-15 1.31438e-16 1.07555e-16
 727 5.87225e-15 1.39335e-16 1.07697e-16
 728 -2.93613e-15 1.3511e-16 1.07632e-16
 729 0 1.34925e-16 1.07484e-16
 730 0 1.3474e-16 1.07337e-16
 731 0 1.34556e-16 1.0719e-16
 732 5.87225e-15 1.42394e-16 1.0733e-16
 733 0 1.422e-16 1.07184e-16
 734 0 1.42006e-16 1.07038e-16
 735 0 1.41813e-16 1.06892e-16
 736 -2.93613e-15 1.37631e-16 1.06829e-16
 737 -2.93613e-15 1.3346e-16 1.06765e-16
 738 0 1.33279e-16 1.06621e-16
 739 0 1.33099e-16 1.06477e-16
 740 0 1.32919e-16 1.06333e-16
 741 -2.93613e-15 1.28778e-16 1.0627e-16
 742 0 1.28604e-16 1.06127e-16
 743 0 1.28431e-16 1.05984e-16
 744 -2.93613e-15 1.24312e-16 1.05921e-16
 745 -2.93613e-15 1.20204e-16 1.05859e-16
 746 0 1.20043e-16 1.05717e-16
 747 0 1.19882e-16 1.05576e-16
 748 -1.46806e-15 1.17759e-16 1.05456e-16
 749 -2.93613e-15 1.13682e-16 1.05394e-16
 750 5.87225e-15 1.2136e-16 1.05533e-16
 751 0 1.21198e-16 1.05392e-16
 752 0 1.21037e-16 1.05252e-16
 753 0 1.20876e-16 1.05112e-16
 754 0 1.20716e-16 1.04973e-16
 755 0 1.20556e-16 1.04834e-16
 756 0 1.20397e-16 1.04695e-16
 757 5.87225e-15 1.27995e-16 1.04833e-16
 758 5.87225e-15 1.35573e-16 1.04968e-16
 759 5.87225e-15 1.43131e-16 1.05102e-16
 760 0 1.42943e-16 1.04964e-16
 761 5.87225e-15 1.50472e-16 1.05096e-16
 762 5.87225e-15 1.57981e-16 1.05226e-16
 763 0 1.57774e-16 1.05088e-16
 764 -2.93613e-15 1.53724e-16 1.05029e-16
 765 0 1.53523e-16 1.04891e-16
 766 -2.93613e-15 1.49489e-16 1.04832e-16
 767 -2.93613e-15 1.45467e-16 1.04773e-16
 768 -2.93613e-15 1.41454e-16 1.04713e-16
 769 -2.93613e-15 1.37452e-16 1.04653e-16
 770 0 1.37273e-16 1.04517e-16
 771 -1.46806e-15 1.35191e-16 1.04403e-16
 772 -1.46806e-15 1.33115e-16 1.04288e-16
 773 -2.93613e-15 1.29144e-16 1.04229e-16
 774 -2.93613e-15 1.25184e-16 1.04169e-16
 775 -2.93613e-15 1.21234e-16 1.0411e-16
 776 0 1.21077e-16 1.03975e-16
 777 -2.93613e-15 1.17143e-16 1.03916e-16
 778 0 1.16992e-16 1.03783e-16
 779 0 1.16842e-16 1.03649e-16
 780 0 1.16692e-16 1.03516e-16
 781 0 1.16543e-16 1.03384e-16
 782 -2.93613e-15 1.12639e-16 1.03325e-16
 783 5.87225e-15 1.19995e-16 1.03455e-16
 784 5.87225e-15 1.27332e-16 1.03583e-16
 785 5.87225e-15 1.3465e-16 1.0371e-16
 786 0 1.34479e-16 1.03578e-16
 787 0 1.34308e-16 1.03446e-16
 788 0 1.34138e-16 1.03315e-16
 789 5.87225e-15 1.4141e-16 1.0344e-16
 790 5.87225e-15 1.48665e-16 1.03563e-16
 791 5.87225e-15 1.55901e-16 1.03685e-16
 792 5.87225e-15 1.63118e-16 1.03805e-16
 793 5.87225e-15 1.70318e-16 1.03924e-16
 794 5.87225e-15 1.77499e-16 1.04041e-16
 795 5.87225e-15 1.84662e-16 1.04157e-16
 796 0 1.8443e-16 1.04026e-16
 797 0 1.84199e-16 1.03896e-16
 798 0 1.83968e-16 1.03766e-16
 799 0 1.83738e-16 1.03636e-16
 800 0 1.83508e-16 1.03507e-16
 801 -2.93613e-15 1.79613e-16 1.03451e-16
 802 -2.93613e-15 1.75728e-16 1.03395e-16
 803 0 1.75509e-16 1.03266e-16
 804 0 1.75291e-16 1.03138e-16
 805 0 1.75073e-16 1.0301e-16
 806 0 1.74856e-16 1.02882e-16
 807 0 1.7464e-16 1.02755e-16
 808 -2.93613e-15 1.7079e-16 1.027e-16
 809 0 1.70578e-16 1.02573e-16
 810 0 1.70368e-16 1.02447e-16
 811 0 1.70158e-16 1.0232e-16
 812 5.87225e-15 1.7718e-16 1.02435e-16
 813 5.87225e-15 1.84185e-16 1.02549e-16
 814 0 1.83959e-16 1.02423e-16
 815 -2.93613e-15 1.8013e-16 1.02369e-16
 816 -2.93613e-15 1.76312e-16 1.02315e-16
 817 0 1.76096e-16 1.0219e-16
 818 -2.93613e-15 1.72291e-16 1.02135e-16
 819 -2.93613e-15 1.68496e-16 1.02081e-16
 820 -2.93613e-15 1.6471e-16 1.02027e-16
 821 0 1.64509e-16 1.01903e-16
 822 0 1.64309e-16 1.01779e-16
 823 0 1.64109e-16 1.01655e-16
 824 -2.93613e-15 1.60347e-16 1.01602e-16
 825 0 1.60152e-16 1.01479e-16
 826 0 1.59958e-16 1.01356e-16
 827 -2.93613e-15 1.56215e-16 1.01302e-16
 828 -2.93613e-15 1.5248e-16 1.01249e-16
 829 0 1.52296e-16 1.01127e-16
 830 0 1.52113e-16 1.01005e-16
 831 0 1.5193e-16 1.00884e-16
 832 0 1.51747e-16 1.00762e-16
 833 0 1.51565e-16 1.00642e-16
 834 -2.93613e-15 1.47863e-16 1.00589e-16
 835 -2.93613e-15 1.44169e-16 1.00536e-16
 836 0 1.43997e-16 1.00416e-16
 837 -2.93613e-15 1.40317e-16 1.00364e-16
 838 5.87225e-15 1.47157e-16 1.00477e-16
 839 0 1.46981e-16 1.00357e-16
 840 0 1.46806e-16 1.00238e-16
 841 0 1.46632e-16 1.00119e-16
 842 0 1.46458e-16 9.99999e-17
 843 0 1.46284e-16 9.98813e-17
 844 0 1.46111e-16 9.97631e-17
 845 0 1.45938e-16 9.96451e-17
 846 5.87225e-15 1.52706e-16 9.97571e-17
 847 -2.93613e-15 1.4906e-16 9.9706e-17
 848 0 1.48884e-16 9.95885e-17
 849 -2.93613e-15 1.4525e-16 9.95375e-17
 850 0 1.45079e-16 9.94205e-17
 851 0 1.44909e-16 9.93037e-17
 852 -2.93613e-15 1.41292e-16 9.9253e-17
 853 -1.46806e-15 1.39406e-16 9.91545e-17
 854 0 1.39243e-16 9.90385e-17
 855 -2.93613e-15 1.35646e-16 9.89879e-17
 856 -2.93613e-15 1.32057e-16 9.89373e-17
 857 5.87225e-15 1.38755e-16 9.90486e-17
 858 5.87225e-15 1.45438e-16 9.91585e-17
 859 0 1.45268e-16 9.90431e-17
 860 5.87225e-15 1.51928e-16 9.91518e-17
 861 5.87225e-15 1.58571e-16 9.92591e-17
 862 -2.93613e-15 1.54981e-16 9.92089e-17
 863 0 1.54802e-16 9.9094e-17
 864 5.87225e-15 1.61419e-16 9.92002e-17
 865 0 1.61232e-16 9.90857e-17
 866 5.87225e-15 1.67827e-16 9.91906e-17
 867 0 1.67634e-16 9.90764e-17
 868 0 1.6744e-16 9.89623e-17
 869 -2.93613e-15 1.63869e-16 9.89129e-17
 870 -2.93613e-15 1.60306e-16 9.88634e-17
 871 0 1.60122e-16 9.875e-17
 872 0 1.59938e-16 9.86368e-17
 873 0 1.59755e-16 9.8524e-17
 874 -2.93613e-15 1.56213e-16 9.84749e-17
 875 0 1.56034e-16 9.83624e-17
 876 0 1.55856e-16 9.82503e-17
 877 -2.93613e-15 1.5233e-16 9.82015e-17
 878 0 1.52157e-16 9.80897e-17
 879 0 1.51984e-16 9.79782e-17
 880 0 1.51811e-16 9.7867e-17
 881 -2.93613e-15 1.48306e-16 9.78186e-17
 882 0 1.48138e-16 9.77078e-17
 883 0 1.4797e-16 9.75972e-17
 884 5.87225e-15 1.54446e-16 9.77016e-17
 885 5.87225e-15 1.60906e-16 9.78048e-17
 886 0 1.60725e-16 9.76945e-17
 887 5.87225e-15 1.67164e-16 9.77965e-17
 888 0 1.66976e-16 9.76865e-17
 889 -2.93613e-15 1.63485e-16 9.76389e-17
 890 -1.46806e-15 1.61652e-16 9.75464e-17
 891 -2.93613e-15 1.58175e-16 9.74989e-17
 892 0 1.57998e-16 9.73897e-17
 893 0 1.57821e-16 9.72807e-17
 894 0 1.57644e-16 9.7172e-17
 895 0 1.57468e-16 9.70635e-17
 896 0 1.57293e-16 9.69553e-17
 897 0 1.57117e-16 9.68473e-17
 898 5.87225e-15 1.63481e-16 9.69485e-17
 899 -2.93613e-15 1.60034e-16 9.6902e-17
 900 0 1.59856e-16 9.67944e-17
 901 0 1.59678e-16 9.66871e-17
 902 -2.93613e-15 1.56246e-16 9.66408e-17
 903 -2.93613e-15 1.52822e-16 9.65944e-17
 904 0 1.52653e-16 9.64877e-17
 905 -2.93613e-15 1.4924e-16 9.64414e-17
 906 0 1.49075e-16 9.6335e-17
 907 -2.93613e-15 1.45673e-16 9.62889e-17
 908 -2.93613e-15 1.42279e-16 9.62426e-17
 909 0 1.42123e-16 9.61368e-17
 910 0 1.41967e-16 9.60312e-17
 911 0 1.41811e-16 9.59259e-17
 912 0 1.41655e-16 9.58208e-17
 913 -2.93613e-15 1.38284e-16 9.57751e-17
 914 0 1.38133e-16 9.56704e-17
 915 0 1.37982e-16 9.55659e-17
 916 0 1.37831e-16 9.54616e-17
 917 0 1.37681e-16 9.53576e-17
 918 -2.93613e-15 1.34333e-16 9.53125e-17
 919 -2.93613e-15 1.30992e-16 9.52673e-17
 920 -1.46806e-15 1.29253e-16 9.51796e-17
 921 -1.46806e-15 1.27519e-16 9.5092e-17
 922 0 1.27381e-16 9.49889e-17
 923 0 1.27243e-16 9.48861e-17
 924 0 1.27105e-16 9.47834e-17
 925 -1.46806e-15 1.25381e-16 9.46966e-17
 926 -2.93613e-15 1.22074e-16 9.4652e-17
 927 -2.93613e-15 1.18775e-16 9.46074e-17
 928 0 1.18647e-16 9.45055e-17
 929 0 1.1852e-16 9.44038e-17
 930 -2.93613e-15 1.15235e-16 9.43594e-17
 931 5.87225e-15 1.21419e-16 9.44606e-17
 932 -2.93613e-15 1.18138e-16 9.44162e-17
 933 -2.93613e-15 1.14865e-16 9.43718e-17
 934 0 1.14742e-16 9.42708e-17
 935 -2.93613e-15 1.11479e-16 9.42264e-17
 936 -2.93613e-15 1.08223e-16 9.4182e-17
 937 0 1.08107e-16 9.40815e-17
 938 0 1.07992e-16 9.39812e-17
 939 0 1.07877e-16 9.38811e-17
 940 0 1.07762e-16 9.37813e-17
 941 5.87225e-15 1.13888e-16 9.38816e-17
 942 -2.93613e-15 1.1065e-16 9.38378e-17
 943 -2.93613e-15 1.07419e-16 9.37939e-17
 944 -1.46806e-15 1.0575e-16 9.37093e-17
 945 -2.93613e-15 1.02531e-16 9.36654e-17
 946 -2.93613e-15 9.93193e-17 9.36215e-17
 947 -2.93613e-15 9.6114e-17 9.35775e-17
 948 0 9.60126e-17 9.34788e-17
 949 0 9.59114e-17 9.33803e-17
 950 0 9.58105e-17 9.3282e-17
 951 0 9.57097e-17 9.31839e-17
 952 0 9.56092e-17 9.3086e-17
 953 0 9.55089e-17 9.29884e-17
 954 -2.93613e-15 9.2331e-17 9.29452e-17
 955 -2.93613e-15 8.91599e-17 9.29019e-17
 956 -2.93613e-15 8.59954e-17 9.28587e-17
 957 -2.93613e-15 8.28374e-17 9.28153e-17
 958 0 8.2751e-17 9.27184e-17
 959 5.87225e-15 8.8788e-17 9.28182e-17
 960 5.87225e-15 9.48124e-17 9.2917e-17
 961 -2.93613e-15 9.16585e-17 9.28738e-17
 962 0 9.15632e-17 9.27773e-17
 963 -2.93613e-15 8.84192e-17 9.27342e-17
 964 0 8.83275e-17 9.2638e-17
 965 0 8.82359e-17 9.2542e-17
 966 0 8.81446e-17 9.24462e-17
 967 -2.93613e-15 8.50171e-17 9.24035e-17
 968 0 8.49293e-17 9.2308e-17
 969 5.87225e-15 9.09018e-17 9.24059e-17
 970 5.87225e-15 9.68619e-17 9.25028e-17
 971 5.87225e-15 1.0281e-16 9.25987e-17
 972 0 1.02704e-16 9.25035e-17
 973 0 1.02598e-16 9.24084e-17
 974 -2.93613e-15 9.94786e-17 9.23662e-17
 975 0 9.93766e-17 9.22715e-17
 976 5.87225e-15 1.05291e-16 9.23665e-17
 977 5.87225e-15 1.11194e-16 9.24605e-17
 978 0 1.1108e-16 9.2366e-17
 979 5.87225e-15 1.16965e-16 9.2459e-17
 980 5.87225e-15 1.22838e-16 9.25511e-17
 981 0 1.22713e-16 9.24568e-17
 982 0 1.22588e-16 9.23627e-17
 983 0 1.22463e-16 9.22688e-17
 984 -2.93613e-15 1.19355e-16 9.22274e-17
 985 0 1.19234e-16 9.21338e-17
 986 5.87225e-15 1.25068e-16 9.2225e-17
 987 0 1.24942e-16 9.21316e-17
 988 0 1.24815e-16 9.20384e-17
 989 0 1.24689e-16 9.19454e-17
 990 5.87225e-15 1.30495e-16 9.20358e-17
 991 5.87225e-15 1.36288e-16 9.21252e-17
 992 5.87225e-15 1.42071e-16 9.22138e-17
 993 0 1.41928e-16 9.2121e-17
 994 0 1.41785e-16 9.20284e-17
 995 0 1.41642e-16 9.19359e-17
 996 5.87225e-15 1.47396e-16 9.20236e-17
 997 -2.93613e-15 1.44303e-16 9.19833e-17
 998 -2.93613e-15 1.41217e-16 9.19429e-17
 999 0 1.41075e-16 9.18509e-17
 1000 -2.93613e-15 1.37998e-16 9.18106e-17
 1001 0 1.3786e-16 9.1719e-17
 1002 -2.93613e-15 1.34792e-16 9.16787e-17
 1003 -1.46806e-15 1.33194e-16 9.16012e-17
 1004 0 1.33062e-16 9.151e-17
 1005 -1.46806e-15 1.31468e-16 9.14328e-17
 1006 -2.93613e-15 1.28419e-16 9.13928e-17
 1007 -1.46806e-15 1.26834e-16 9.13157e-17
 1008 -2.93613e-15 1.23795e-16 9.12757e-17
 1009 -2.93613e-15 1.20762e-16 9.12356e-17
 1010 0 1.20643e-16 9.11453e-17
 1011 0 1.20524e-16 9.10552e-17
 1012 0 1.20404e-16 9.09652e-17
 1013 -2.93613e-15 1.17387e-16 9.09255e-17
 1014 0 1.17271e-16 9.08358e-17
 1015 5.87225e-15 1.22941e-16 9.09232e-17
 1016 5.87225e-15 1.286e-16 9.10098e-17
 1017 5.87225e-15 1.34248e-16 9.10955e-17
 1018 0 1.34116e-16 9.10061e-17
 1019 0 1.33984e-16 9.09168e-17
 1020 0 1.33853e-16 9.08277e-17
 1021 5.87225e-15 1.39473e-16 9.09126e-17
 1022 5.87225e-15 1.45083e-16 9.09967e-17
 1023 -2.93613e-15 1.42071e-16 9.09576e-17
 1024 0 1.41932e-16 9.08688e-17
 1025 0 1.41793e-16 9.07802e-17
 1026 0 1.41655e-16 9.06918e-17
 1027 0 1.41517e-16 9.06036e-17
 1028 -2.93613e-15 1.38524e-16 9.05649e-17
 1029 0 1.38389e-16 9.04769e-17
 1030 -2.93613e-15 1.35404e-16 9.04383e-17
 1031 0 1.35273e-16 9.03506e-17
 1032 -2.93613e-15 1.32296e-16 9.03121e-17
 1033 0 1.32168e-16 9.02247e-17
 1034 -2.93613e-15 1.29201e-16 9.01863e-17
 1035 0 1.29076e-16 9.00992e-17
 1036 -2.93613e-15 1.26117e-16 9.00608e-17
 1037 -2.93613e-15 1.23164e-16 9.00223e-17
 1038 -2.93613e-15 1.20217e-16 8.99838e-17
 1039 -2.93613e-15 1.17276e-16 8.99453e-17
 1040 0 1.17163e-16 8.98588e-17
 1041 -1.46806e-15 1.1564e-16 8.97854e-17
 1042 0 1.15529e-16 8.96993e-17
 1043 5.87225e-15 1.21048e-16 8.9783e-17
 1044 5.87225e-15 1.26557e-16 8.9866e-17
 1045 0 1.26436e-16 8.978e-17
 1046 0 1.26315e-16 8.96942e-17
 1047 0 1.26195e-16 8.96086e-17
 1048 -2.93613e-15 1.23273e-16 8.95707e-17
 1049 -2.93613e-15 1.20356e-16 8.95328e-17
 1050 -2.93613e-15 1.17445e-16 8.94949e-17
 1051 -2.93613e-15 1.1454e-16 8.94569e-17
 1052 0 1.14431e-16 8.93719e-17
 1053 5.87225e-15 1.19899e-16 8.94542e-17
 1054 0 1.19785e-16 8.93694e-17
 1055 5.87225e-15 1.25238e-16 8.9451e-17
 1056 0 1.25119e-16 8.93663e-17
 1057 0 1.25001e-16 8.92818e-17
 1058 0 1.24883e-16 8.91975e-17
 1059 0 1.24765e-16 8.91133e-17
 1060 -2.93613e-15 1.21877e-16 8.9076e-17
 1061 -2.93613e-15 1.18995e-16 8.90386e-17
 1062 -2.93613e-15 1.16118e-16 8.90013e-17
 1063 -2.93613e-15 1.13247e-16 8.89638e-17
 1064 -2.93613e-15 1.10381e-16 8.89264e-17
 1065 0 1.10277e-16 8.88429e-17
 1066 0 1.10174e-16 8.87596e-17
 1067 -2.93613e-15 1.07319e-16 8.87223e-17
 1068 -1.46806e-15 1.05844e-16 8.86515e-17
 1069 -1.46806e-15 1.04371e-16 8.85807e-17
 1070 0 1.04274e-16 8.8498e-17
 1071 -2.93613e-15 1.01435e-16 8.84609e-17
 1072 -2.93613e-15 9.86013e-17 8.84237e-17
 1073 0 9.85094e-17 8.83413e-17
 1074 0 9.84177e-17 8.82591e-17
 1075 0 9.83261e-17 8.8177e-17
 1076 -2.93613e-15 9.5506e-17 8.81401e-17
 1077 -2.93613e-15 9.26911e-17 8.81032e-17
 1078 5.87225e-15 9.80525e-17 8.81846e-17
 1079 0 9.79616e-17 8.81029e-17
 1080 0 9.78709e-17 8.80213e-17
 1081 -2.93613e-15 9.50642e-17 8.79846e-17
 1082 -2.93613e-15 9.22628e-17 8.79479e-17
 1083 -2.93613e-15 8.94665e-17 8.79111e-17
 1084 0 8.93839e-17 8.783e-17
 1085 0 8.93016e-17 8.77491e-17
 1086 0 8.92193e-17 8.76683e-17
 1087 0 8.91373e-17 8.75876e-17
 1088 0 8.90553e-17 8.75071e-17
 1089 -2.93613e-15 8.62774e-17 8.74709e-17
 1090 0 8.61982e-17 8.73906e-17
 1091 0 8.61192e-17 8.73105e-17
 1092 0 8.60404e-17 8.72306e-17
 1093 -1.46806e-15 8.46185e-17 8.71623e-17
 1094 -2.93613e-15 8.18573e-17 8.71264e-17
 1095 0 8.17825e-17 8.70468e-17
 1096 0 8.17079e-17 8.69674e-17
 1097 -1.46806e-15 8.02952e-17 8.68995e-17
 1098 -1.46806e-15 7.8885e-17 8.68318e-17
 1099 -1.46806e-15 7.74774e-17 8.67642e-17
 1100 -2.93613e-15 7.47378e-17 8.67286e-17
 1101 -1.46806e-15 7.33365e-17 8.66611e-17
 1102 -2.93613e-15 7.06056e-17 8.66255e-17
 1103 -2.93613e-15 6.78796e-17 8.65898e-17
 1104 -2.93613e-15 6.51586e-17 8.65541e-17
 1105 -2.93613e-15 6.24425e-17 8.65184e-17
 1106 -2.93613e-15 5.97313e-17 8.64826e-17
 1107 -2.93613e-15 5.70251e-17 8.64469e-17
 1108 0 5.69736e-17 8.63688e-17
 1109 -2.93613e-15 5.42747e-17 8.63331e-17
 1110 0 5.42258e-17 8.62553e-17
 1111 0 5.4177e-17 8.61776e-17
 1112 -2.93613e-15 5.14878e-17 8.61421e-17
 1113 -2.93613e-15 4.88035e-17 8.61065e-17
 1114 0 4.87597e-17 8.60292e-17
 1115 -2.93613e-15 4.60827e-17 8.59937e-17
 1116 0 4.60414e-17 8.59166e-17
 1117 5.87225e-15 5.12574e-17 8.5998e-17
 1118 0 5.12115e-17 8.5921e-17
 1119 0 5.11658e-17 8.58442e-17
 1120 0 5.11201e-17 8.57675e-17
 1121 -2.93613e-15 4.84553e-17 8.57324e-17
 1122 -2.93613e-15 4.57952e-17 8.56973e-17
 1123 -2.93613e-15 4.31399e-17 8.56621e-17
 1124 -2.93613e-15 4.04893e-17 8.56269e-17
 1125 -2.93613e-15 3.78434e-17 8.55916e-17
 1126 0 3.78098e-17 8.55156e-17
 1127 0 3.77763e-17 8.54397e-17
 1128 -2.93613e-15 3.51398e-17 8.54046e-17
 1129 0 3.51087e-17 8.5329e-17
 1130 0 3.50776e-17 8.52534e-17
 1131 -2.93613e-15 3.24506e-17 8.52185e-17
 1132 -2.93613e-15 2.98281e-17 8.51836e-17
 1133 -2.93613e-15 2.72104e-17 8.51486e-17
 1134 -2.93613e-15 2.45972e-17 8.51136e-17
 1135 0 2.45755e-17 8.50386e-17
 1136 -2.93613e-15 2.19693e-17 8.50037e-17
 1137 -2.93613e-15 1.93676e-17 8.49687e-17
 1138 0 1.93506e-17 8.4894e-17
 1139 0 1.93336e-17 8.48194e-17
 1140 0 1.93166e-17 8.4745e-17
 1141 -2.93613e-15 1.67264e-17 8.47103e-17
 1142 0 1.67118e-17 8.46361e-17
 1143 0 1.66971e-17 8.4562e-17
 1144 -2.93613e-15 1.4116e-17 8.45275e-17
 1145 0 1.41037e-17 8.44536e-17
 1146 -2.93613e-15 1.15293e-17 8.44192e-17
 1147 -2.93613e-15 8.95941e-18 8.43847e-17
 1148 0 8.95161e-18 8.43111e-17
 1149 -2.93613e-15 6.38844e-18 8.42767e-17
 1150 -2.93613e-15 3.82973e-18 8.42423e-17
 1151 -2.93613e-15 1.27547e-18 8.42078e-17
 1152 0 1.27436e-18 8.41347e-17
 1153 -1.46806e-15 -7.07785e-31 8.40713e-17
 1154 0 -7.07172e-31 8.39984e-17
 1155 -2.93613e-15 -2.5421e-18 8.39642e-17
 1156 0 -2.5399e-18 8.38915e-17
 1157 0 -2.53771e-18 8.3819e-17
 1158 -2.93613e-15 -5.07103e-18 8.37849e-17
 1159 0 -5.06666e-18 8.37125e-17
 1160 0 -5.06229e-18 8.36403e-17
 1161 0 -5.05793e-18 8.35683e-17
 1162 0 -5.05357e-18 8.34963e-17
 1163 0 -5.04923e-18 8.34245e-17
 1164 -2.93613e-15 -7.56734e-18 8.33908e-17
 1165 -2.93613e-15 -1.00811e-17 8.33571e-17
 1166 -2.93613e-15 -1.25906e-17 8.33234e-17
 1167 -2.93613e-15 -1.50958e-17 8.32897e-17
 1168 -2.93613e-15 -1.75967e-17 8.32559e-17
 1169 -2.93613e-15 -2.00933e-17 8.32221e-17
 1170 0 -2.00761e-17 8.31509e-17
 1171 0 -2.00589e-17 8.30799e-17
 1172 0 -2.00418e-17 8.3009e-17
 1173 -2.93613e-15 -2.25278e-17 8.29754e-17
 1174 5.87225e-15 -1.75067e-17 8.30566e-17
 1175 5.87225e-15 -1.24942e-17 8.31372e-17
 1176 -2.93613e-15 -1.49802e-17 8.31036e-17
 1177 -2.93613e-15 -1.74621e-17 8.30701e-17
 1178 0 -1.74473e-17 8.29995e-17
 1179 5.87225e-15 -1.24518e-17 8.30794e-17
 1180 5.87225e-15 -7.46473e-18 8.31587e-17
 1181 -2.93613e-15 -9.94455e-18 8.31252e-17
 1182 -2.93613e-15 -1.24202e-17 8.30918e-17
 1183 5.87225e-15 -7.4458e-18 8.31704e-17
 1184 0 -7.43951e-18 8.31001e-17
 1185 0 -7.43323e-18 8.30299e-17
 1186 0 -7.42697e-18 8.29599e-17
 1187 0 -7.42071e-18 8.289e-17
 1188 -2.93613e-15 -9.88595e-18 8.28569e-17
 1189 0 -9.87764e-18 8.27872e-17
 1190 -1.46806e-15 -1.1103e-17 8.27266e-17
 1191 0 -1.10937e-17 8.26571e-17
 1192 -1.46806e-15 -1.2316e-17 8.25968e-17
 1193 0 -1.23056e-17 8.25276e-17
 1194 -2.93613e-15 -1.47544e-17 8.24948e-17
 1195 -2.93613e-15 -1.71991e-17 8.24619e-17
 1196 -2.93613e-15 -1.96396e-17 8.24291e-17
 1197 -1.46806e-15 -2.08497e-17 8.23691e-17
 1198 0 -2.08323e-17 8.23003e-17
 1199 0 -2.08149e-17 8.22317e-17
 1200 0 -2.07976e-17 8.21631e-17
 1201 0 -2.07802e-17 8.20947e-17
 1202 -2.93613e-15 -2.32057e-17 8.20622e-17
 1203 -2.93613e-15 -2.5627e-17 8.20297e-17
 1204 -2.93613e-15 -2.80444e-17 8.19972e-17
 1205 -2.93613e-15 -3.04577e-17 8.19646e-17
 1206 0 -3.04325e-17 8.18966e-17
 1207 -2.93613e-15 -3.28399e-17 8.18642e-17
 1208 -1.46806e-15 -3.4028e-17 8.1805e-17
 1209 -2.93613e-15 -3.64284e-17 8.17725e-17
 1210 -2.93613e-15 -3.88248e-17 8.17401e-17
 1211 0 -3.87928e-17 8.16726e-17
 1212 0 -3.87608e-17 8.16051e-17
 1213 0 -3.87288e-17 8.15378e-17
 1214 -2.93613e-15 -4.11155e-17 8.15056e-17
 1215 0 -4.10816e-17 8.14385e-17
 1216 -1.46806e-15 -4.22551e-17 8.138e-17
 1217 0 -4.22204e-17 8.13131e-17
 1218 0 -4.21857e-17 8.12463e-17
 1219 0 -4.21511e-17 8.11796e-17
 1220 -2.93613e-15 -4.45232e-17 8.11477e-17
 1221 0 -4.44868e-17 8.10813e-17
 1222 -2.93613e-15 -4.68531e-17 8.10494e-17
 1223 0 -4.68148e-17 8.09831e-17
 1224 -2.93613e-15 -4.91753e-17 8.09514e-17
 1225 0 -4.91352e-17 8.08853e-17
 1226 0 -4.90951e-17 8.08193e-17
 1227 -2.93613e-15 -5.1448e-17 8.07877e-17
 1228 0 -5.14061e-17 8.07219e-17
 1229 -2.93613e-15 -5.37533e-17 8.06903e-17
 1230 0 -5.37096e-17 8.06247e-17
 1231 0 -5.3666e-17 8.05592e-17
 1232 0 -5.36224e-17 8.04938e-17
 1233 -2.93613e-15 -5.59602e-17 8.04624e-17
 1234 -2.93613e-15 -5.82943e-17 8.04311e-17
 1235 -2.93613e-15 -6.06245e-17 8.03997e-17
 1236 0 -6.05754e-17 8.03346e-17
 1237 -2.93613e-15 -6.29001e-17 8.03033e-17
 1238 -1.46806e-15 -6.40351e-17 8.02464e-17
 1239 -1.46806e-15 -6.51683e-17 8.01897e-17
 1240 0 -6.51157e-17 8.0125e-17
 1241 0 -6.50632e-17 8.00604e-17
 1242 0 -6.50109e-17 7.99959e-17
 1243 5.87225e-15 -6.02343e-17 8.00741e-17
 1244 0 -6.01859e-17 8.00098e-17
 1245 0 -6.01375e-17 7.99455e-17
 1246 0 -6.00893e-17 7.98813e-17
 1247 -2.93613e-15 -6.23956e-17 7.98506e-17
 1248 0 -6.23456e-17 7.97866e-17
 1249 -2.93613e-15 -6.46465e-17 7.97558e-17
 1250 0 -6.45948e-17 7.9692e-17
 1251 0 -6.45432e-17 7.96283e-17
 1252 0 -6.44916e-17 7.95647e-17
 1253 0 -6.44401e-17 7.95012e-17
 1254 0 -6.43888e-17 7.94378e-17
 1255 0 -6.43374e-17 7.93745e-17
 1256 0 -6.42862e-17 7.93113e-17
 1257 -2.93613e-15 -6.65709e-17 7.92811e-17
 1258 0 -6.6518e-17 7.92181e-17
 1259 0 -6.64651e-17 7.91551e-17
 1260 -2.93613e-15 -6.87427e-17 7.91251e-17
 1261 -2.93613e-15 -7.10166e-17 7.9095e-17
 1262 0 -7.09603e-17 7.90323e-17
 1263 0 -7.09041e-17 7.89697e-17
 1264 0 -7.0848e-17 7.89073e-17
 1265 0 -7.0792e-17 7.88449e-17
 1266 -2.93613e-15 -7.30553e-17 7.88151e-17
 1267 5.87225e-15 -6.83629e-17 7.88925e-17
 1268 5.87225e-15 -6.36778e-17 7.89694e-17
 1269 5.87225e-15 -5.90002e-17 7.90456e-17
 1270 0 -5.89537e-17 7.89834e-17
 1271 5.87225e-15 -5.42872e-17 7.90591e-17
 1272 0 -5.42445e-17 7.89969e-17
 1273 -2.93613e-15 -5.65083e-17 7.89673e-17
 1274 5.87225e-15 -5.18547e-17 7.90424e-17
 1275 0 -5.1814e-17 7.89804e-17
 1276 5.87225e-15 -4.71713e-17 7.90549e-17
 1277 -2.93613e-15 -4.94336e-17 7.90254e-17
 1278 -2.93613e-15 -5.16924e-17 7.89958e-17
 1279 0 -5.1652e-17 7.8934e-17
 1280 -1.46806e-15 -5.27585e-17 7.88801e-17
 1281 -1.46806e-15 -5.38634e-17 7.88262e-17
 1282 7.34032e-16 -5.32488e-17 7.87671e-17
 1283 0 -5.32073e-17 7.87057e-17
 1284 0 -5.31659e-17 7.86444e-17
 1285 0 -5.31245e-17 7.85832e-17
 1286 0 -5.30832e-17 7.85221e-17
 1287 -1.46806e-15 -5.41826e-17 7.84687e-17
 1288 -1.46806e-15 -5.52803e-17 7.84155e-17
 1289 5.87225e-15 -5.06818e-17 7.84894e-17
 1290 0 -5.06425e-17 7.84286e-17
 1291 0 -5.06033e-17 7.83678e-17
 1292 0 -5.05641e-17 7.83071e-17
 1293 0 -5.0525e-17 7.82466e-17
 1294 -2.93613e-15 -5.2755e-17 7.82179e-17
 1295 0 -5.27142e-17 7.81575e-17
 1296 0 -5.26736e-17 7.80971e-17
 1297 0 -5.2633e-17 7.80369e-17
 1298 0 -5.25924e-17 7.79768e-17
 1299 -2.93613e-15 -5.48122e-17 7.79483e-17
 1300 -2.93613e-15 -5.70286e-17 7.79199e-17
 1301 0 -5.69848e-17 7.786e-17
 1302 -2.93613e-15 -5.91961e-17 7.78316e-17
 1303 -2.93613e-15 -6.1404e-17 7.78032e-17
 1304 0 -6.13569e-17 7.77435e-17
 1305 -2.93613e-15 -6.35598e-17 7.77151e-17
 1306 5.87225e-15 -5.90148e-17 7.77885e-17
 1307 0 -5.89697e-17 7.7729e-17
 1308 -2.93613e-15 -6.11693e-17 7.77006e-17
 1309 0 -6.11226e-17 7.76413e-17
 1310 0 -6.10759e-17 7.7582e-17
 1311 -2.93613e-15 -6.32689e-17 7.75538e-17
 1312 0 -6.32207e-17 7.74947e-17
 1313 0 -6.31726e-17 7.74357e-17
 1314 0 -6.31245e-17 7.73767e-17
 1315 -1.46806e-15 -6.41929e-17 7.73252e-17
 1316 0 -6.41441e-17 7.72665e-17
 1317 -2.93613e-15 -6.63248e-17 7.72386e-17
 1318 -2.93613e-15 -6.85022e-17 7.72107e-17
 1319 -1.46806e-15 -6.95633e-17 7.71594e-17
 1320 -1.46806e-15 -7.06228e-17 7.71082e-17
 1321 0 -7.05693e-17 7.70498e-17
 1322 0 -7.05159e-17 7.69915e-17
 1323 -1.46806e-15 -7.15723e-17 7.69406e-17
 1324 0 -7.15182e-17 7.68825e-17
 1325 0 -7.14642e-17 7.68244e-17
 1326 0 -7.14103e-17 7.67665e-17
 1327 0 -7.13565e-17 7.67086e-17
 1328 0 -7.13028e-17 7.66509e-17
 1329 0 -7.12491e-17 7.65932e-17
 1330 0 -7.11956e-17 7.65356e-17
 1331 0 -7.11421e-17 7.64781e-17
 1332 -2.93613e-15 -7.3293e-17 7.64509e-17
 1333 0 -7.3238e-17 7.63936e-17
 1334 5.87225e-15 -6.87811e-17 7.64663e-17
 1335 0 -6.87296e-17 7.6409e-17
 1336 0 -6.86781e-17 7.63518e-17
 1337 0 -6.86268e-17 7.62947e-17
 1338 5.87225e-15 -6.41866e-17 7.63668e-17
 1339 0 -6.41387e-17 7.63098e-17
 1340 -2.93613e-15 -6.6282e-17 7.62829e-17
 1341 -2.93613e-15 -6.8422e-17 7.62561e-17
 1342 0 -6.83711e-17 7.61992e-17
 1343 0 -6.83202e-17 7.61425e-17
 1344 5.87225e-15 -6.39001e-17 7.62141e-17
 1345 5.87225e-15 -5.94866e-17 7.62852e-17
 1346 0 -5.94424e-17 7.62285e-17
 1347 -2.93613e-15 -6.1578e-17 7.62018e-17
 1348 -2.93613e-15 -6.37105e-17 7.61751e-17
 1349 -2.93613e-15 -6.58398e-17 7.61484e-17
 1350 -2.93613e-15 -6.79659e-17 7.61217e-17
 1351 0 -6.79156e-17 7.60654e-17
 1352 5.87225e-15 -6.3522e-17 7.6136e-17
 1353 5.87225e-15 -5.91349e-17 7.6206e-17
 1354 0 -5.90912e-17 7.61498e-17
 1355 5.87225e-15 -5.47138e-17 7.62193e-17
 1356 0 -5.46735e-17 7.61631e-17
 1357 5.87225e-15 -5.03058e-17 7.62322e-17
 1358 0 -5.02687e-17 7.6176e-17
 1359 -2.93613e-15 -5.23923e-17 7.61496e-17
 1360 -2.93613e-15 -5.45127e-17 7.61231e-17
 1361 -2.93613e-15 -5.66299e-17 7.60966e-17
 1362 0 -5.65884e-17 7.60407e-17
 1363 5.87225e-15 -5.22385e-17 7.61093e-17
 1364 5.87225e-15 -4.7895e-17 7.61774e-17
 1365 -2.93613e-15 -5.0011e-17 7.6151e-17
 1366 0 -4.99743e-17 7.60953e-17
 1367 0 -4.99378e-17 7.60396e-17
 1368 -2.93613e-15 -5.20476e-17 7.60133e-17
 1369 0 -5.20096e-17 7.59577e-17
 1370 -2.93613e-15 -5.41147e-17 7.59315e-17
 1371 0 -5.40753e-17 7.58761e-17
 1372 -1.46806e-15 -5.51059e-17 7.58277e-17
 1373 0 -5.50657e-17 7.57725e-17
 1374 0 -5.50257e-17 7.57173e-17
 1375 -2.93613e-15 -5.7121e-17 7.56913e-17
 1376 5.87225e-15 -5.28119e-17 7.57589e-17
 1377 0 -5.27735e-17 7.57039e-17
 1378 -2.93613e-15 -5.48659e-17 7.56778e-17
 1379 0 -5.48262e-17 7.56229e-17
 1380 0 -5.47864e-17 7.55681e-17
 1381 0 -5.47468e-17 7.55134e-17
 1382 0 -5.47071e-17 7.54588e-17
 1383 -2.93613e-15 -5.67906e-17 7.5433e-17
 1384 0 -5.67496e-17 7.53784e-17
 1385 -2.93613e-15 -5.88285e-17 7.53527e-17
 1386 -2.93613e-15 -6.09045e-17 7.53269e-17
 1387 -2.93613e-15 -6.29775e-17 7.53011e-17
 1388 0 -6.29321e-17 7.52469e-17
 1389 -1.46806e-15 -6.39437e-17 7.51995e-17
 1390 0 -6.38977e-17 7.51454e-17
 1391 0 -6.38518e-17 7.50913e-17
 1392 -2.93613e-15 -6.59152e-17 7.50657e-17
 1393 -2.93613e-15 -6.79757e-17 7.50401e-17
 1394 0 -6.79269e-17 7.49863e-17
 1395 0 -6.78782e-17 7.49325e-17
 1396 0 -6.78296e-17 7.48789e-17
 1397 0 -6.7781e-17 7.48253e-17
 1398 -2.93613e-15 -6.98328e-17 7.47999e-17
 1399 -2.93613e-15 -7.18816e-17 7.47744e-17
 1400 -2.93613e-15 -7.39275e-17 7.4749e-17
 1401 0 -7.38747e-17 7.46957e-17
 1402 -2.93613e-15 -7.59163e-17 7.46703e-17
 1403 -2.93613e-15 -7.79549e-17 7.46449e-17
 1404 -1.46806e-15 -7.8945e-17 7.45983e-17
 1405 0 -7.88888e-17 7.45452e-17
 1406 -2.93613e-15 -8.0921e-17 7.45199e-17
 1407 -2.93613e-15 -8.29503e-17 7.44945e-17
 1408 0 -8.28914e-17 7.44416e-17
 1409 -2.93613e-15 -8.49164e-17 7.44163e-17
 1410 0 -8.48562e-17 7.43635e-17
 1411 0 -8.4796e-17 7.43108e-17
 1412 0 -8.4736e-17 7.42582e-17
 1413 0 -8.4676e-17 7.42057e-17
 1414 0 -8.46161e-17 7.41532e-17
 1415 0 -8.45563e-17 7.41008e-17
 1416 0 -8.44966e-17 7.40485e-17
 1417 0 -8.4437e-17 7.39962e-17
 1418 5.87225e-15 -8.02362e-17 7.40633e-17
 1419 -2.93613e-15 -8.22488e-17 7.40384e-17
 1420 -1.46806e-15 -8.32247e-17 7.39927e-17
 1421 0 -8.31662e-17 7.39406e-17
 1422 0 -8.31077e-17 7.38886e-17
 1423 0 -8.30493e-17 7.38367e-17
 1424 -2.93613e-15 -8.50528e-17 7.3812e-17
 1425 -2.93613e-15 -8.70536e-17 7.37873e-17
 1426 0 -8.69925e-17 7.37356e-17
 1427 0 -8.69316e-17 7.36839e-17
 1428 -2.93613e-15 -8.89268e-17 7.36593e-17
 1429 -2.93613e-15 -9.09193e-17 7.36347e-17
 1430 0 -9.08557e-17 7.35833e-17
 1431 -2.93613e-15 -9.2844e-17 7.35587e-17
 1432 -2.93613e-15 -9.48295e-17 7.35341e-17
 1433 0 -9.47633e-17 7.34828e-17
 1434 0 -9.46973e-17 7.34316e-17
 1435 0 -9.46313e-17 7.33804e-17
 1436 0 -9.45654e-17 7.33293e-17
 1437 0 -9.44996e-17 7.32783e-17
 1438 0 -9.44338e-17 7.32274e-17
 1439 -2.93613e-15 -9.64086e-17 7.32031e-17
 1440 0 -9.63417e-17 7.31523e-17
 1441 -2.93613e-15 -9.83124e-17 7.31281e-17
 1442 -2.93613e-15 -1.0028e-16 7.31038e-17
 1443 0 -1.00211e-16 7.30532e-17
 1444 0 -1.00141e-16 7.30026e-17
 1445 -2.93613e-15 -1.02104e-16 7.29785e-17
 1446 -2.93613e-15 -1.04064e-16 7.29543e-17
 1447 -2.93613e-15 -1.06021e-16 7.29301e-17
 1448 0 -1.05948e-16 7.28798e-17
 1449 -2.93613e-15 -1.07901e-16 7.28557e-17
 1450 0 -1.07827e-16 7.28054e-17
 1451 -2.93613e-15 -1.09776e-16 7.27814e-17
 1452 0 -1.097e-16 7.27313e-17
 1453 0 -1.09625e-16 7.26812e-17
 1454 -2.93613e-15 -1.11569e-16 7.26572e-17
 1455 -2.93613e-15 -1.1351e-16 7.26332e-17
 1456 5.87225e-15 -1.09399e-16 7.26996e-17
 1457 0 -1.09324e-16 7.26498e-17
 1458 -2.93613e-15 -1.11263e-16 7.26258e-17
 1459 0 -1.11186e-16 7.25761e-17
 1460 -2.93613e-15 -1.13121e-16 7.25521e-17
 1461 -2.93613e-15 -1.15054e-16 7.25282e-17
 1462 0 -1.14975e-16 7.24786e-17
 1463 0 -1.14896e-16 7.24291e-17
 1464 -2.93613e-15 -1.16823e-16 7.24053e-17
 1465 0 -1.16744e-16 7.23559e-17
 1466 -1.46806e-15 -1.17665e-16 7.23124e-17
 1467 -1.46806e-15 -1.18586e-16 7.22689e-17
 1468 0 -1.18505e-16 7.22197e-17
 1469 0 -1.18424e-16 7.21706e-17
 1470 -1.46806e-15 -1.19343e-16 7.21273e-17
 1471 0 -1.19261e-16 7.20783e-17
 1472 0 -1.1918e-16 7.20294e-17
 1473 0 -1.191e-16 7.19805e-17
 1474 -2.93613e-15 -1.21011e-16 7.1957e-17
 1475 -2.93613e-15 -1.22919e-16 7.19336e-17
 1476 0 -1.22836e-16 7.18849e-17
 1477 0 -1.22753e-16 7.18362e-17
 1478 0 -1.2267e-16 7.17877e-17
 1479 -1.46806e-15 -1.23579e-16 7.17449e-17
 1480 0 -1.23496e-16 7.16964e-17
 1481 0 -1.23412e-16 7.1648e-17
 1482 0 -1.23329e-16 7.15997e-17
 1483 0 -1.23246e-16 7.15515e-17
 1484 -2.93613e-15 -1.25142e-16 7.15284e-17
 1485 5.87225e-15 -1.21103e-16 7.15942e-17
 1486 0 -1.21021e-16 7.1546e-17
 1487 0 -1.2094e-16 7.1498e-17
 1488 0 -1.20859e-16 7.14499e-17
 1489 0 -1.20778e-16 7.1402e-17
 1490 0 -1.20696e-16 7.13541e-17
 1491 0 -1.20616e-16 7.13063e-17
 1492 0 -1.20535e-16 7.12585e-17
 1493 -2.93613e-15 -1.22421e-16 7.12357e-17
 1494 0 -1.22339e-16 7.11881e-17
 1495 -2.93613e-15 -1.24221e-16 7.11653e-17
 1496 -2.93613e-15 -1.261e-16 7.11426e-17
 1497 -2.93613e-15 -1.27977e-16 7.11198e-17
 1498 -2.93613e-15 -1.29852e-16 7.1097e-17
 1499 0 -1.29765e-16 7.10496e-17
 1500 5.87225e-15 -1.25764e-16 7.11149e-17
 1501 5.87225e-15 -1.21768e-16 7.11798e-17
 1502 0 -1.21687e-16 7.11324e-17
 1503 0 -1.21606e-16 7.10851e-17
 1504 5.87225e-15 -1.17621e-16 7.11495e-17
 1505 0 -1.17543e-16 7.11023e-17
 1506 0 -1.17465e-16 7.10551e-17
 1507 -2.93613e-15 -1.19335e-16 7.10326e-17
 1508 0 -1.19256e-16 7.09855e-17
 1509 5.87225e-15 -1.15285e-16 7.10495e-17
 1510 5.87225e-15 -1.1132e-16 7.1113e-17
 1511 5.87225e-15 -1.0736e-16 7.11762e-17
 1512 5.87225e-15 -1.03405e-16 7.1239e-17
 1513 0 -1.03337e-16 7.11919e-17
 1514 5.87225e-15 -9.939e-17 7.12543e-17
 1515 0 -9.93244e-17 7.12073e-17
 1516 5.87225e-15 -9.53854e-17 7.12692e-17
 1517 0 -9.53225e-17 7.12222e-17
 1518 0 -9.52597e-17 7.11753e-17
 1519 -1.46806e-15 -9.61635e-17 7.11342e-17
 1520 -1.46806e-15 -9.7066e-17 7.10931e-17
 1521 0 -9.70022e-17 7.10464e-17
 1522 0 -9.69385e-17 7.09997e-17
 1523 0 -9.68748e-17 7.09531e-17
 1524 0 -9.68113e-17 7.09066e-17
 1525 -2.93613e-15 -9.86731e-17 7.08845e-17
 1526 -2.93613e-15 -1.00533e-16 7.08625e-17
 1527 -2.93613e-15 -1.02389e-16 7.08404e-17
 1528 0 -1.02322e-16 7.0794e-17
 1529 5.87225e-15 -9.8415e-17 7.08555e-17
 1530 0 -9.83507e-17 7.08092e-17
 1531 5.87225e-15 -9.44509e-17 7.08704e-17
 1532 0 -9.43892e-17 7.08241e-17
 1533 0 -9.43276e-17 7.07779e-17
 1534 0 -9.42661e-17 7.07318e-17
 1535 -2.93613e-15 -9.61175e-17 7.07099e-17
 1536 5.87225e-15 -9.22319e-17 7.07706e-17
 1537 0 -9.21718e-17 7.07246e-17
 1538 0 -9.21119e-17 7.06786e-17
 1539 0 -9.20521e-17 7.06327e-17
 1540 -2.93613e-15 -9.38989e-17 7.0611e-17
 1541 0 -9.38379e-17 7.05652e-17
 1542 0 -9.37771e-17 7.05194e-17
 1543 0 -9.37163e-17 7.04737e-17
 1544 -2.93613e-15 -9.55572e-17 7.04521e-17
 1545 0 -9.54954e-17 7.04065e-17
 1546 -1.46806e-15 -9.63832e-17 7.03666e-17
 1547 0 -9.63209e-17 7.03211e-17
 1548 0 -9.62587e-17 7.02757e-17
 1549 0 -9.61965e-17 7.02304e-17
 1550 0 -9.61345e-17 7.01851e-17
 1551 -2.93613e-15 -9.79656e-17 7.01637e-17
 1552 0 -9.79024e-17 7.01185e-17
 1553 -2.93613e-15 -9.973e-17 7.00972e-17
 1554 -2.93613e-15 -1.01555e-16 7.00758e-17
 1555 -2.93613e-15 -1.03378e-16 7.00544e-17
 1556 -2.93613e-15 -1.05199e-16 7.00331e-17
 1557 0 -1.05131e-16 6.99881e-17
 1558 -1.46806e-15 -1.06006e-16 6.99487e-17
 1559 0 -1.05938e-16 6.99038e-17
 1560 0 -1.0587e-16 6.9859e-17
 1561 0 -1.05802e-16 6.98143e-17
 1562 -2.93613e-15 -1.07614e-16 6.97931e-17
 1563 -2.93613e-15 -1.09424e-16 6.97719e-17
 1564 0 -1.09354e-16 6.97273e-17
 1565 5.87225e-15 -1.05532e-16 6.97875e-17
 1566 5.87225e-15 -1.01714e-16 6.98473e-17
 1567 -2.93613e-15 -1.03523e-16 6.98261e-17
 1568 0 -1.03457e-16 6.97816e-17
 1569 0 -1.03391e-16 6.97372e-17
 1570 0 -1.03325e-16 6.96928e-17
 1571 -2.93613e-15 -1.05129e-16 6.96717e-17
 1572 -2.93613e-15 -1.0693e-16 6.96507e-17
 1573 -2.93613e-15 -1.08728e-16 6.96296e-17
 1574 0 -1.08659e-16 6.95854e-17
 1575 -2.93613e-15 -1.10454e-16 6.95644e-17
 1576 0 -1.10384e-16 6.95202e-17
 1577 0 -1.10314e-16 6.94762e-17
 1578 -2.93613e-15 -1.12105e-16 6.94552e-17
 1579 0 -1.12034e-16 6.94113e-17
 1580 0 -1.11963e-16 6.93674e-17
 1581 -2.93613e-15 -1.13749e-16 6.93465e-17
 1582 0 -1.13677e-16 6.93027e-17
 1583 0 -1.13606e-16 6.92589e-17
 1584 -2.93613e-15 -1.15388e-16 6.92381e-17
 1585 0 -1.15315e-16 6.91945e-17
 1586 -2.93613e-15 -1.17093e-16 6.91737e-17
 1587 0 -1.1702e-16 6.91301e-17
 1588 -2.93613e-15 -1.18795e-16 6.91094e-17
 1589 -2.93613e-15 -1.20568e-16 6.90886e-17
 1590 -2.93613e-15 -1.22339e-16 6.90679e-17
 1591 0 -1.22262e-16 6.90245e-17
 1592 -2.93613e-15 -1.24029e-16 6.90037e-17
 1593 0 -1.23951e-16 6.89605e-17
 1594 0 -1.23874e-16 6.89172e-17
 1595 0 -1.23796e-16 6.88741e-17
 1596 5.87225e-15 -1.20039e-16 6.89333e-17
 1597 0 -1.19964e-16 6.88902e-17
 1598 -2.93613e-15 -1.21726e-16 6.88696e-17
 1599 0 -1.2165e-16 6.88266e-17
 1600 0 -1.21574e-16 6.87836e-17
 1601 -2.93613e-15 -1.23332e-16 6.87631e-17
 1602 0 -1.23255e-16 6.87202e-17
 1603 0 -1.23178e-16 6.86774e-17
 1604 0 -1.23101e-16 6.86346e-17
 1605 0 -1.23025e-16 6.85918e-17
 1606 0 -1.22948e-16 6.85492e-17
 1607 0 -1.22872e-16 6.85065e-17
 1608 0 -1.22795e-16 6.8464e-17
 1609 0 -1.22719e-16 6.84214e-17
 1610 0 -1.22643e-16 6.8379e-17
 1611 0 -1.22566e-16 6.83366e-17
 1612 -2.93613e-15 -1.24312e-16 6.83165e-17
 1613 -1.46806e-15 -1.25145e-16 6.82792e-17
 1614 -2.93613e-15 -1.26887e-16 6.82591e-17
 1615 -2.93613e-15 -1.28626e-16 6.8239e-17
 1616 0 -1.28546e-16 6.81968e-17
 1617 0 -1.28467e-16 6.81546e-17
 1618 0 -1.28388e-16 6.81125e-17
 1619 5.87225e-15 -1.24681e-16 6.81713e-17
 1620 0 -1.24604e-16 6.81292e-17
 1621 5.87225e-15 -1.20905e-16 6.81876e-17
 1622 5.87225e-15 -1.1721e-16 6.82457e-17
 1623 0 -1.17138e-16 6.82036e-17
 1624 0 -1.17065e-16 6.81617e-17
 1625 0 -1.16993e-16 6.81198e-17
 1626 5.87225e-15 -1.1331e-16 6.81774e-17
 1627 5.87225e-15 -1.09631e-16 6.82348e-17
 1628 5.87225e-15 -1.05957e-16 6.82917e-17
 1629 0 -1.05892e-16 6.82498e-17
 1630 0 -1.05827e-16 6.8208e-17
 1631 -1.46806e-15 -1.06662e-16 6.81713e-17
 1632 0 -1.06597e-16 6.81295e-17
 1633 -2.93613e-15 -1.08329e-16 6.81098e-17
 1634 -1.46806e-15 -1.09161e-16 6.80732e-17
 1635 0 -1.09095e-16 6.80316e-17
 1636 0 -1.09028e-16 6.799e-17
 1637 0 -1.08961e-16 6.79485e-17
 1638 0 -1.08895e-16 6.79071e-17
 1639 0 -1.08828e-16 6.78657e-17
 1640 0 -1.08762e-16 6.78243e-17
 1641 5.87225e-15 -1.05117e-16 6.78809e-17
 1642 5.87225e-15 -1.01477e-16 6.79371e-17
 1643 0 -1.01415e-16 6.78958e-17
 1644 0 -1.01354e-16 6.78545e-17
 1645 0 -1.01292e-16 6.78133e-17
 1646 -2.93613e-15 -1.03014e-16 6.77939e-17
 1647 0 -1.02952e-16 6.77528e-17
 1648 -1.46806e-15 -1.0378e-16 6.77167e-17
 1649 -2.93613e-15 -1.05498e-16 6.76974e-17
 1650 0 -1.05434e-16 6.76564e-17
 1651 -2.93613e-15 -1.07148e-16 6.76372e-17
 1652 -1.46806e-15 -1.07972e-16 6.76012e-17
 1653 0 -1.07907e-16 6.75604e-17
 1654 -2.93613e-15 -1.09617e-16 6.75412e-17
 1655 0 -1.0955e-16 6.75004e-17
 1656 -2.93613e-15 -1.11257e-16 6.74812e-17
 1657 0 -1.1119e-16 6.74405e-17
 1658 0 -1.11123e-16 6.73998e-17
 1659 0 -1.11056e-16 6.73592e-17
 1660 -1.46806e-15 -1.11874e-16 6.73236e-17
 1661 0 -1.11806e-16 6.72831e-17
 1662 -2.93613e-15 -1.13506e-16 6.72641e-17
 1663 0 -1.13437e-16 6.72236e-17
 1664 5.87225e-15 -1.0984e-16 6.72794e-17
 1665 0 -1.09774e-16 6.72391e-17
 1666 -2.93613e-15 -1.11471e-16 6.72201e-17
 1667 -2.93613e-15 -1.13165e-16 6.72011e-17
 1668 0 -1.13097e-16 6.71609e-17
 1669 0 -1.13029e-16 6.71206e-17
 1670 0 -1.12962e-16 6.70805e-17
 1671 -2.93613e-15 -1.14651e-16 6.70616e-17
 1672 -2.93613e-15 -1.16339e-16 6.70427e-17
 1673 -2.93613e-15 -1.18024e-16 6.70238e-17
 1674 0 -1.17954e-16 6.69838e-17
 1675 0 -1.17883e-16 6.69439e-17
 1676 -2.93613e-15 -1.19565e-16 6.6925e-17
 1677 -2.93613e-15 -1.21244e-16 6.69062e-17
 1678 -2.93613e-15 -1.22922e-16 6.68874e-17
 1679 0 -1.22849e-16 6.68475e-17
 1680 0 -1.22776e-16 6.68078e-17
 1681 -1.46806e-15 -1.23576e-16 6.67728e-17
 1682 0 -1.23502e-16 6.67332e-17
 1683 -2.93613e-15 -1.25174e-16 6.67144e-17
 1684 5.87225e-15 -1.21612e-16 6.67698e-17
 1685 5.87225e-15 -1.18055e-16 6.68249e-17
 1686 5.87225e-15 -1.14502e-16 6.68797e-17
 1687 0 -1.14434e-16 6.68401e-17
 1688 0 -1.14366e-16 6.68005e-17
 1689 -2.93613e-15 -1.16037e-16 6.67819e-17
 1690 0 -1.15968e-16 6.67424e-17
 1691 0 -1.159e-16 6.67029e-17
 1692 -2.93613e-15 -1.17567e-16 6.66843e-17
 1693 0 -1.17497e-16 6.6645e-17
 1694 -1.46806e-15 -1.18294e-16 6.66104e-17
 1695 0 -1.18225e-16 6.65711e-17
 1696 0 -1.18155e-16 6.65319e-17
 1697 0 -1.18085e-16 6.64927e-17
 1698 0 -1.18016e-16 6.64536e-17
 1699 0 -1.17946e-16 6.64145e-17
 1700 -2.93613e-15 -1.19604e-16 6.63961e-17
 1701 -2.93613e-15 -1.2126e-16 6.63777e-17
 1702 0 -1.21189e-16 6.63388e-17
 1703 0 -1.21117e-16 6.62998e-17
 1704 0 -1.21046e-16 6.62609e-17
 1705 0 -1.20975e-16 6.62221e-17
 1706 0 -1.20904e-16 6.61833e-17
 1707 5.87225e-15 -1.17393e-16 6.62377e-17
 1708 5.87225e-15 -1.13887e-16 6.62917e-17
 1709 0 -1.1382e-16 6.62529e-17
 1710 0 -1.13753e-16 6.62142e-17
 1711 0 -1.13687e-16 6.61755e-17
 1712 5.87225e-15 -1.10191e-16 6.62292e-17
 1713 5.87225e-15 -1.06698e-16 6.62826e-17
 1714 0 -1.06636e-16 6.62439e-17
 1715 -2.93613e-15 -1.08286e-16 6.62259e-17
 1716 0 -1.08223e-16 6.61873e-17
 1717 5.87225e-15 -1.0474e-16 6.62404e-17
 1718 5.87225e-15 -1.0126e-16 6.62932e-17
 1719 5.87225e-15 -9.77855e-17 6.63456e-17
 1720 5.87225e-15 -9.43145e-17 6.63978e-17
 1721 5.87225e-15 -9.08476e-17 6.64498e-17
 1722 -2.93613e-15 -9.24999e-17 6.64317e-17
 1723 0 -9.24463e-17 6.63932e-17
 1724 -2.93613e-15 -9.40957e-17 6.63751e-17
 1725 0 -9.40412e-17 6.63367e-17
 1726 0 -9.39867e-17 6.62982e-17
 1727 -2.93613e-15 -9.56324e-17 6.62803e-17
 1728 -2.93613e-15 -9.72762e-17 6.62623e-17
 1729 0 -9.72199e-17 6.6224e-17
 1730 -2.93613e-15 -9.88609e-17 6.6206e-17
 1731 0 -9.88038e-17 6.61678e-17
 1732 0 -9.87468e-17 6.61296e-17
 1733 -2.93613e-15 -1.00384e-16 6.61117e-17
 1734 0 -1.00326e-16 6.60736e-17
 1735 -2.93613e-15 -1.01961e-16 6.60557e-17
 1736 -2.93613e-15 -1.03593e-16 6.60379e-17
 1737 0 -1.03534e-16 6.59999e-17
 1738 0 -1.03474e-16 6.59619e-17
 1739 -2.93613e-15 -1.05103e-16 6.59441e-17
 1740 0 -1.05042e-16 6.59062e-17
 1741 0 -1.04982e-16 6.58684e-17
 1742 -2.93613e-15 -1.06607e-16 6.58506e-17
 1743 -2.93613e-15 -1.08231e-16 6.58328e-17
 1744 5.87225e-15 -1.04802e-16 6.58844e-17
 1745 5.87225e-15 -1.01376e-16 6.59356e-17
 1746 -2.93613e-15 -1.03e-16 6.59179e-17
 1747 -2.93613e-15 -1.04622e-16 6.59001e-17
 1748 0 -1.04562e-16 6.58624e-17
 1749 0 -1.04502e-16 6.58247e-17
 1750 0 -1.04442e-16 6.57871e-17
 1751 0 -1.04383e-16 6.57496e-17
 1752 0 -1.04323e-16 6.57121e-17
 1753 -2.93613e-15 -1.05938e-16 6.56945e-17
 1754 -2.93613e-15 -1.07552e-16 6.56768e-17
 1755 -1.46806e-15 -1.08327e-16 6.5644e-17
 1756 0 -1.08266e-16 6.56066e-17
 1757 -1.46806e-15 -1.09039e-16 6.55738e-17
 1758 0 -1.08977e-16 6.55365e-17
 1759 0 -1.08915e-16 6.54993e-17
 1760 0 -1.08854e-16 6.54621e-17
 1761 -2.93613e-15 -1.10459e-16 6.54446e-17
 1762 -2.93613e-15 -1.12063e-16 6.54271e-17
 1763 -2.93613e-15 -1.13665e-16 6.54096e-17
 1764 0 -1.136e-16 6.53725e-17
 1765 0 -1.13536e-16 6.53355e-17
 1766 0 -1.13471e-16 6.52985e-17
 1767 0 -1.13407e-16 6.52616e-17
 1768 0 -1.13343e-16 6.52247e-17
 1769 0 -1.13279e-16 6.51879e-17
 1770 -2.93613e-15 -1.14874e-16 6.51706e-17
 1771 0 -1.14809e-16 6.51338e-17
 1772 -2.93613e-15 -1.16401e-16 6.51165e-17
 1773 5.87225e-15 -1.13024e-16 6.51673e-17
 1774 0 -1.1296e-16 6.51306e-17
 1775 0 -1.12896e-16 6.50939e-17
 1776 -2.93613e-15 -1.14486e-16 6.50767e-17
 1777 -2.93613e-15 -1.16074e-16 6.50594e-17
 1778 -2.93613e-15 -1.1766e-16 6.50422e-17
 1779 0 -1.17594e-16 6.50057e-17
 1780 -2.93613e-15 -1.19177e-16 6.49884e-17
 1781 -2.93613e-15 -1.20759e-16 6.49712e-17
 1782 0 -1.20691e-16 6.49347e-17
 1783 0 -1.20623e-16 6.48983e-17
 1784 -2.93613e-15 -1.22201e-16 6.48811e-17
 1785 -2.93613e-15 -1.23778e-16 6.4864e-17
 1786 0 -1.23709e-16 6.48277e-17
 1787 0 -1.23639e-16 6.47914e-17
 1788 -2.93613e-15 -1.25212e-16 6.47743e-17
 1789 -2.93613e-15 -1.26784e-16 6.47571e-17
 1790 0 -1.26713e-16 6.4721e-17
 1791 5.87225e-15 -1.23363e-16 6.47715e-17
 1792 0 -1.23294e-16 6.47354e-17
 1793 -2.93613e-15 -1.24863e-16 6.47183e-17
 1794 0 -1.24794e-16 6.46822e-17
 1795 -2.93613e-15 -1.2636e-16 6.46651e-17
 1796 0 -1.26289e-16 6.46292e-17
 1797 0 -1.26219e-16 6.45932e-17
 1798 -2.93613e-15 -1.27782e-16 6.45762e-17
 1799 0 -1.27711e-16 6.45403e-17
 1800 0 -1.2764e-16 6.45045e-17
 1801 0 -1.27569e-16 6.44687e-17
 1802 -2.93613e-15 -1.29128e-16 6.44518e-17
 1803 0 -1.29056e-16 6.44161e-17
 1804 0 -1.28985e-16 6.43804e-17
 1805 0 -1.28913e-16 6.43448e-17
 1806 0 -1.28842e-16 6.43092e-17
 1807 0 -1.2877e-16 6.42736e-17
 1808 -1.46806e-15 -1.29511e-16 6.42423e-17
 1809 -1.46806e-15 -1.30251e-16 6.4211e-17
 1810 -2.93613e-15 -1.31801e-16 6.41943e-17
 1811 0 -1.31729e-16 6.41589e-17
 1812 0 -1.31656e-16 6.41235e-17
 1813 0 -1.31583e-16 6.40882e-17
 1814 0 -1.31511e-16 6.40529e-17
 1815 0 -1.31438e-16 6.40176e-17
 1816 0 -1.31366e-16 6.39824e-17
 1817 -2.93613e-15 -1.32909e-16 6.39658e-17
 1818 -2.93613e-15 -1.34451e-16 6.39492e-17
 1819 -2.93613e-15 -1.35992e-16 6.39326e-17
 1820 0 -1.35917e-16 6.38975e-17
 1821 -2.93613e-15 -1.37455e-16 6.38809e-17
 1822 0 -1.37379e-16 6.38459e-17
 1823 -1.46806e-15 -1.38109e-16 6.3815e-17
 1824 0 -1.38033e-16 6.37801e-17
 1825 0 -1.37958e-16 6.37451e-17
 1826 -1.46806e-15 -1.38686e-16 6.37144e-17
 1827 0 -1.3861e-16 6.36795e-17
 1828 0 -1.38534e-16 6.36447e-17
 1829 5.87225e-15 -1.35248e-16 6.36948e-17
 1830 0 -1.35174e-16 6.366e-17
 1831 -2.93613e-15 -1.36704e-16 6.36436e-17
 1832 0 -1.36629e-16 6.36089e-17
 1833 0 -1.36555e-16 6.35742e-17
 1834 -2.93613e-15 -1.38081e-16 6.35579e-17
 1835 -2.93613e-15 -1.39606e-16 6.35416e-17
 1836 0 -1.3953e-16 6.3507e-17
 1837 0 -1.39454e-16 6.34724e-17
 1838 0 -1.39378e-16 6.34379e-17
 1839 -2.93613e-15 -1.40899e-16 6.34217e-17
 1840 0 -1.40822e-16 6.33872e-17
 1841 5.87225e-15 -1.37556e-16 6.34369e-17
 1842 5.87225e-15 -1.34294e-16 6.34864e-17
 1843 5.87225e-15 -1.31034e-16 6.35356e-17
 1844 5.87225e-15 -1.27779e-16 6.35845e-17
 1845 5.87225e-15 -1.24527e-16 6.36332e-17
 1846 5.87225e-15 -1.21278e-16 6.36816e-17
 1847 5.87225e-15 -1.18033e-16 6.37298e-17
 1848 5.87225e-15 -1.14792e-16 6.37777e-17
 1849 -2.93613e-15 -1.16318e-16 6.37615e-17
 1850 -2.93613e-15 -1.17842e-16 6.37452e-17
 1851 0 -1.17778e-16 6.37108e-17
 1852 5.87225e-15 -1.14544e-16 6.37585e-17
 1853 0 -1.14482e-16 6.37241e-17
 1854 0 -1.1442e-16 6.36898e-17
 1855 0 -1.14359e-16 6.36555e-17
 1856 -2.93613e-15 -1.15879e-16 6.36393e-17
 1857 -2.93613e-15 -1.17398e-16 6.36232e-17
 1858 -2.93613e-15 -1.18915e-16 6.3607e-17
 1859 0 -1.18851e-16 6.35728e-17
 1860 0 -1.18787e-16 6.35387e-17
 1861 -2.93613e-15 -1.20301e-16 6.35226e-17
 1862 0 -1.20236e-16 6.34885e-17
 1863 0 -1.20172e-16 6.34544e-17
 1864 0 -1.20107e-16 6.34204e-17
 1865 0 -1.20043e-16 6.33864e-17
 1866 -2.93613e-15 -1.21552e-16 6.33704e-17
 1867 0 -1.21487e-16 6.33365e-17
 1868 -2.93613e-15 -1.22994e-16 6.33205e-17
 1869 0 -1.22928e-16 6.32866e-17
 1870 0 -1.22862e-16 6.32528e-17
 1871 0 -1.22796e-16 6.3219e-17
 1872 0 -1.22731e-16 6.31853e-17
 1873 0 -1.22665e-16 6.31516e-17
 1874 5.87225e-15 -1.19466e-16 6.31989e-17
 1875 0 -1.19402e-16 6.31652e-17
 1876 0 -1.19339e-16 6.31316e-17
 1877 0 -1.19275e-16 6.3098e-17
 1878 -2.93613e-15 -1.20775e-16 6.30822e-17
 1879 -1.46806e-15 -1.21492e-16 6.30527e-17
 1880 0 -1.21428e-16 6.30192e-17
 1881 0 -1.21363e-16 6.29857e-17
 1882 0 -1.21299e-16 6.29522e-17
 1883 -2.93613e-15 -1.22793e-16 6.29366e-17
 1884 -2.93613e-15 -1.24287e-16 6.29209e-17
 1885 -2.93613e-15 -1.25778e-16 6.29052e-17
 1886 -2.93613e-15 -1.27268e-16 6.28895e-17
 1887 0 -1.27201e-16 6.28562e-17
 1888 -2.93613e-15 -1.28689e-16 6.28405e-17
 1889 -2.93613e-15 -1.30175e-16 6.28248e-17
 1890 0 -1.30106e-16 6.27916e-17
 1891 0 -1.30037e-16 6.27584e-17
 1892 -2.93613e-15 -1.3152e-16 6.27427e-17
 1893 -2.93613e-15 -1.33002e-16 6.27271e-17
 1894 -2.93613e-15 -1.34482e-16 6.27114e-17
 1895 5.87225e-15 -1.31312e-16 6.27584e-17
 1896 5.87225e-15 -1.28146e-16 6.28052e-17
 1897 5.87225e-15 -1.24983e-16 6.28517e-17
 1898 0 -1.24917e-16 6.28186e-17
 1899 -2.93613e-15 -1.26397e-16 6.2803e-17
 1900 -2.93613e-15 -1.27876e-16 6.27873e-17
 1901 -2.93613e-15 -1.29353e-16 6.27717e-17
 1902 -2.93613e-15 -1.30829e-16 6.2756e-17
 1903 5.87225e-15 -1.27674e-16 6.28023e-17
 1904 0 -1.27607e-16 6.27694e-17
 1905 0 -1.2754e-16 6.27364e-17
 1906 5.87225e-15 -1.24393e-16 6.27825e-17
 1907 0 -1.24327e-16 6.27496e-17
 1908 0 -1.24262e-16 6.27167e-17
 1909 0 -1.24197e-16 6.26839e-17
 1910 0 -1.24132e-16 6.26511e-17
 1911 5.87225e-15 -1.20994e-16 6.26969e-17
 1912 5.87225e-15 -1.1786e-16 6.27424e-17
 1913 0 -1.17798e-16 6.27096e-17
 1914 0 -1.17737e-16 6.26769e-17
 1915 -2.93613e-15 -1.19208e-16 6.26615e-17
 1916 0 -1.19146e-16 6.26288e-17
 1917 -2.93613e-15 -1.20616e-16 6.26133e-17
 1918 -2.93613e-15 -1.22083e-16 6.25979e-17
 1919 -1.46806e-15 -1.22785e-16 6.25692e-17
 1920 -2.93613e-15 -1.2425e-16 6.25538e-17
 1921 -2.93613e-15 -1.25714e-16 6.25383e-17
 1922 0 -1.25649e-16 6.25058e-17
 1923 0 -1.25583e-16 6.24733e-17
 1924 0 -1.25518e-16 6.24409e-17
 1925 -2.93613e-15 -1.26978e-16 6.24255e-17
 1926 -2.93613e-15 -1.28437e-16 6.24101e-17
 1927 -1.46806e-15 -1.29132e-16 6.23816e-17
 1928 0 -1.29065e-16 6.23493e-17
 1929 -2.93613e-15 -1.3052e-16 6.2334e-17
 1930 0 -1.30452e-16 6.23017e-17
 1931 -2.93613e-15 -1.31905e-16 6.22864e-17
 1932 0 -1.31837e-16 6.22542e-17
 1933 5.87225e-15 -1.28731e-16 6.22994e-17
 1934 0 -1.28664e-16 6.22672e-17
 1935 -2.93613e-15 -1.30115e-16 6.2252e-17
 1936 5.87225e-15 -1.27015e-16 6.2297e-17
 1937 5.87225e-15 -1.23918e-16 6.23418e-17
 1938 0 -1.23854e-16 6.23097e-17
 1939 0 -1.2379e-16 6.22775e-17
 1940 -2.93613e-15 -1.25239e-16 6.22623e-17
 1941 0 -1.25175e-16 6.22303e-17
 1942 0 -1.2511e-16 6.21982e-17
 1943 -2.93613e-15 -1.26557e-16 6.21831e-17
 1944 0 -1.26492e-16 6.21511e-17
 1945 0 -1.26427e-16 6.21192e-17
 1946 0 -1.26362e-16 6.20873e-17
 1947 -2.93613e-15 -1.27805e-16 6.20722e-17
 1948 0 -1.2774e-16 6.20403e-17
 1949 -1.46806e-15 -1.28427e-16 6.20123e-17
 1950 -1.46806e-15 -1.29114e-16 6.19843e-17
 1951 -2.93613e-15 -1.30553e-16 6.19692e-17
 1952 0 -1.30486e-16 6.19375e-17
 1953 0 -1.30419e-16 6.19058e-17
 1954 0 -1.30353e-16 6.18742e-17
 1955 0 -1.30286e-16 6.18425e-17
 1956 5.87225e-15 -1.27217e-16 6.1887e-17
 1957 5.87225e-15 -1.24152e-16 6.19313e-17
 1958 5.87225e-15 -1.21089e-16 6.19754e-17
 1959 0 -1.21027e-16 6.19438e-17
 1960 0 -1.20965e-16 6.19122e-17
 1961 -2.93613e-15 -1.22401e-16 6.18973e-17
 1962 0 -1.22339e-16 6.18658e-17
 1963 -2.93613e-15 -1.23772e-16 6.18508e-17
 1964 5.87225e-15 -1.20719e-16 6.18947e-17
 1965 0 -1.20658e-16 6.18632e-17
 1966 -2.93613e-15 -1.2209e-16 6.18483e-17
 1967 0 -1.22028e-16 6.18169e-17
 1968 -1.46806e-15 -1.22712e-16 6.17893e-17
 1969 -2.93613e-15 -1.2414e-16 6.17744e-17
 1970 0 -1.24077e-16 6.17431e-17
 1971 -2.93613e-15 -1.25504e-16 6.17282e-17
 1972 -2.93613e-15 -1.26929e-16 6.17134e-17
 1973 -2.93613e-15 -1.28353e-16 6.16985e-17
 1974 -2.93613e-15 -1.29776e-16 6.16837e-17
 1975 0 -1.2971e-16 6.16525e-17
 1976 0 -1.29644e-16 6.16213e-17
 1977 0 -1.29579e-16 6.15901e-17
 1978 0 -1.29513e-16 6.1559e-17
 1979 -2.93613e-15 -1.30931e-16 6.15443e-17
 1980 -2.93613e-15 -1.32348e-16 6.15295e-17
 1981 -2.93613e-15 -1.33763e-16 6.15147e-17
 1982 0 -1.33696e-16 6.14837e-17
 1983 -2.93613e-15 -1.35109e-16 6.14689e-17
 1984 -1.46806e-15 -1.35781e-16 6.14416e-17
 1985 0 -1.35713e-16 6.14107e-17
 1986 -2.93613e-15 -1.37123e-16 6.13959e-17
 1987 0 -1.37054e-16 6.13651e-17
 1988 -2.93613e-15 -1.38462e-16 6.13504e-17
 1989 0 -1.38392e-16 6.13195e-17
 1990 0 -1.38323e-16 6.12888e-17
 1991 0 -1.38253e-16 6.1258e-17
 1992 0 -1.38184e-16 6.12273e-17
 1993 0 -1.38114e-16 6.11966e-17
 1994 0 -1.38045e-16 6.11659e-17
 1995 0 -1.37976e-16 6.11353e-17
 1996 0 -1.37907e-16 6.11047e-17
 1997 -1.46806e-15 -1.38573e-16 6.10777e-17
 1998 0 -1.38503e-16 6.10472e-17
 1999 -2.93613e-15 -1.39903e-16 6.10327e-17
 2000 -2.93613e-15 -1.41301e-16 6.10182e-17
