 1 0.093522 0.093522 0
 2 0.117804 0.105663 0.012141
 3 0.104494 0.105273 0.00702043
 4 0.10026 0.10402 0.00511997
 5 0.110544 0.105325 0.00417504
 6 0.109302 0.105988 0.00347275
 7 0.107534 0.106209 0.00294331
 8 0.119254 0.107839 0.00302596
 9 0.08485 0.105285 0.00369411
 10 0.11385 0.106141 0.00341332
 11 0.114708 0.10692 0.00318417
 12 0.09731 0.106119 0.00301504
 13 0.09421 0.105203 0.00292082
 14 0.127802 0.106817 0.0031493
 15 0.09514 0.106039 0.00303343
 16 0.127802 0.107399 0.00314669
 17 0.1319 0.10884 0.00328844
 18 0.098816 0.108283 0.00315
 19 0.122252 0.109019 0.00306896
 20 0.109582 0.109047 0.00291161
 21 0.12058 0.109596 0.00282342
 22 0.108862 0.109563 0.00269223
 23 0.110076 0.109585 0.00257261
 24 0.113008 0.109728 0.00246721
 25 0.120778 0.11017 0.0024074
 26 0.131776 0.111001 0.00245771
 27 0.107354 0.110866 0.00236878
 28 0.115302 0.111024 0.00228811
 29 0.127376 0.111588 0.00227867
 30 0.127068 0.112104 0.00226107
 1 0.087432 0.087432 0
 2 0.073074 0.080253 0.007179
 3 0.133522 0.0980093 0.0182337
 4 0.104538 0.0996415 0.0129961
 5 0.11747 0.103207 0.0106795
 6 0.11557 0.105268 0.00895994
 7 0.12528 0.108127 0.00809423
 8 0.110374 0.108407 0.00701544
 9 0.110938 0.108689 0.00619342
 10 0.08489 0.106309 0.00602914
 11 0.098322 0.105583 0.00550168
 12 0.110492 0.105992 0.00503896
 13 0.127648 0.107658 0.00492543
 14 0.104546 0.107435 0.00456548
 15 0.132918 0.109134 0.00457717
 16 0.13289 0.110619 0.00453168
 17 0.101292 0.11007 0.00429198
 18 0.127136 0.111018 0.00415611
 19 0.14062 0.112576 0.00422874
 20 0.095086 0.111702 0.00410595
 21 0.118096 0.112006 0.00391739
 22 0.107466 0.1118 0.00374078
 23 0.133074 0.112725 0.00369218
 24 0.124624 0.113221 0.00356959
 25 0.11864 0.113438 0.00343068
 26 0.10969 0.113293 0.00329924
 27 0.094774 0.112607 0.00324795
 28 0.100974 0.112192 0.00315726
 29 0.092806 0.111524 0.00311893
 30 0.124662 0.111961 0.00304483
