 1 -0.24 -0.24 0
 2 -0.04 -0.14 0.1
 3 -0.12 -0.133333 0.0581187
 4 -0.32 -0.18 0.0621825
 5 -0.24 -0.192 0.0496387
 6 -0.16 -0.186667 0.0408792
 7 0 -0.16 0.0436436
 8 0.04 -0.135 0.0453163
 9 0.08 -0.111111 0.0465607
 10 -0.16 -0.116 0.0419312
 11 -0.08 -0.112727 0.0380691
 12 0.2 -0.0866667 0.0434381
 13 0.12 -0.0707692 0.0430036
 14 -0.2 -0.08 0.0408697
 15 -0.04 -0.0773333 0.0381409
 16 0.28 -0.055 0.0420912
 17 0.24 -0.0376471 0.0431782
 18 0.44 -0.0111111 0.0485939
 19 0.24 0.00210526 0.0478275
 20 0.24 0.014 0.0469064
 21 0.2 0.0228571 0.0454875
 22 0.2 0.0309091 0.0441118
 23 0.16 0.0365217 0.0425223
 24 0.2 0.0433333 0.0412779
 25 0 0.0416 0.0396303
 26 0.04 0.0415385 0.0380756
 27 0.08 0.042963 0.0366659
 28 0 0.0414286 0.0353655
 29 -0.24 0.0317241 0.0354773
 30 0 0.0306667 0.0342906
 31 -0.04 0.0283871 0.0332443
 32 -0.12 0.02375 0.0325209
 33 -0.08 0.0206061 0.0316765
 34 -0.08 0.0176471 0.0308728
 35 -0.24 0.0102857 0.0308683
 36 -0.2 0.00444444 0.030562
 37 -0.08 0.00216216 0.0298121
 38 -0.12 -0.00105263 0.0291945
 39 -0.2 -0.00615385 0.02889
 40 0 -0.006 0.0281589
 41 0.24 4.06179e-18 0.0281113
 42 0.48 0.0114286 0.0297191
 43 0.36 0.0195349 0.0301307
 44 0.36 0.0272727 0.0304379
 45 0.12 0.0293333 0.0298251
 46 -0.16 0.0252174 0.0294585
 47 -0.12 0.0221277 0.02899
 48 -0.2 0.0175 0.0287544
 49 0.04 0.0179592 0.0281652
 50 0.36 0.0248 0.0284314
 51 0.36 0.0313725 0.0286329
 52 0.48 0.04 0.0293725
 53 0.36 0.0460377 0.0294388
 54 0.28 0.0503704 0.0292116
 55 0.2 0.0530909 0.0288043
 56 0.4 0.0592857 0.0289557
 57 -0.16 0.0554386 0.0287022
 58 -0.24 0.0503448 0.0286593
 59 -0.28 0.0447458 0.0287204
 60 -0.28 0.0393333 0.0287517
 61 0 0.0386885 0.0282838
 62 0.16 0.0406452 0.0278925
 63 0.4 0.0463492 0.0280327
 64 0.56 0.054375 0.0287348
 65 0.44 0.0603077 0.0289047
 66 0.32 0.0642424 0.028734
 67 0.16 0.0656716 0.028338
 68 0.16 0.0670588 0.0279526
 69 -0.08 0.0649275 0.0276268
 70 -0.04 0.0634286 0.0272705
 71 -0.08 0.0614085 0.0269595
 72 0.04 0.0611111 0.0265841
 73 0.28 0.0641096 0.0263883
 74 -0.08 0.0621622 0.026102
 75 0.08 0.0624 0.0257527
 76 0.08 0.0626316 0.0254126
 77 0.12 0.0633766 0.0250915
 78 -0.08 0.0615385 0.0248358
 79 -0.04 0.0602532 0.0245531
 80 -0.12 0.058 0.0243487
 81 -0.08 0.0562963 0.0241065
 82 0.08 0.0565854 0.0238125
 83 0 0.0559036 0.0235337
 84 -0.2 0.0528571 0.0234506
 85 -0.36 0.048 0.0236766
 86 -0.32 0.0437209 0.0237877
 87 -0.44 0.0381609 0.0241612
 88 -0.32 0.0340909 0.0242293
 89 -0.36 0.0296629 0.0243613
 90 -0.28 0.0262222 0.0243336
 91 -0.32 0.0224176 0.0243636
 92 -0.28 0.0191304 0.0243205
 93 -0.28 0.015914 0.0242716
 94 -0.4 0.0114894 0.0244163
 95 -0.28 0.00842105 0.024352
 96 -0.56 0.0025 0.0248138
 97 -0.6 -0.00371134 0.02533
 98 -0.4 -0.0077551 0.0253942
 99 -0.12 -0.00888889 0.025162
 100 0 -0.0088 0.0249092
 101 0.08 -0.00792079 0.024677
 102 0.28 -0.00509804 0.0245964
 103 0.16 -0.00349515 0.0244091
 104 0.08 -0.00269231 0.0241866
 105 0.16 -0.00114286 0.0240052
 106 -0.08 -0.00188679 0.0237893
 107 -0.16 -0.00336449 0.0236122
 108 -0.2 -0.00518519 0.0234633
 109 -0.28 -0.00770642 0.0233834
 110 -0.16 -0.00909091 0.0232112
 111 -0.12 -0.0100901 0.0230228
 112 -0.08 -0.0107143 0.0228248
 113 0.16 -0.00920354 0.0226723
 114 0.2 -0.00736842 0.0225474
 115 0.08 -0.0066087 0.0223634
 116 0.08 -0.00586207 0.0221823
 117 0 -0.00581197 0.021992
 118 0.08 -0.00508475 0.0218169
 119 -0.04 -0.00537815 0.0216348
 120 -0.2 -0.007 0.021515
 121 -0.16 -0.00826446 0.0213738
 122 0.2 -0.00655738 0.0212666
 123 0.28 -0.00422764 0.0212212
 124 0.2 -0.00258065 0.0211137
 125 0.2 -0.00096 0.0210067
 126 0.04 -0.000634921 0.0208419
 127 -0.04 -0.000944882 0.0206794
 128 -0.08 -0.0015625 0.0205265
 129 -0.04 -0.00186047 0.020369
 130 -0.16 -0.00307692 0.0202483
 131 -0.2 -0.00458015 0.0201493
 132 -0.12 -0.00545455 0.0200151
 133 0.24 -0.00360902 0.0199496
 134 0.16 -0.00238806 0.0198378
 135 0.16 -0.00118519 0.019727
 136 0.28 0.000882353 0.0196903
 137 0.16 0.0020438 0.0195805
 138 0.16 0.00318841 0.0194718
 139 0.36 0.0057554 0.0195009
 140 0.52 0.00942857 0.0197064
 141 0.44 0.0124823 0.019803
 142 0.24 0.0140845 0.0197282
 143 0.44 0.0170629 0.0198149
 144 0.36 0.0194444 0.0198204
 145 0.36 0.0217931 0.0198229
 146 0.36 0.0241096 0.0198225
 147 0.32 0.0261224 0.0197898
 148 0.56 0.0297297 0.0199839
 149 0.4 0.0322148 0.0200043
 150 0.4 0.0346667 0.0200212
 151 0.28 0.0362914 0.0199544
 152 0.2 0.0373684 0.0198519
 153 0.04 0.0373856 0.0197217
 154 0.04 0.0374026 0.0195933
 155 -0.04 0.0369032 0.0194729
 156 0.08 0.0371795 0.0193496
 157 0.08 0.0374522 0.0192279
 158 -0.08 0.0367089 0.0191203
 159 0 0.036478 0.019001
 160 0.16 0.03725 0.0188977
 161 0.12 0.037764 0.018787
 162 0.16 0.0385185 0.0186859
 163 0.08 0.038773 0.0185726
 164 -0.24 0.0370732 0.0185371
 165 -0.2 0.0356364 0.0184804
 166 -0.2 0.0342169 0.0184235
 167 -0.36 0.0318563 0.0184644
 168 -0.2 0.0304762 0.0184059
 169 -0.16 0.0293491 0.0183314
 170 -0.04 0.0289412 0.0182278
 171 -0.16 0.0278363 0.0181545
 172 -0.08 0.0272093 0.0180596
 173 -0.2 0.025896 0.0180028
 174 -0.08 0.0252874 0.0179094
 175 -0.08 0.0246857 0.0178169
 176 0.04 0.0247727 0.0177156
 177 0.08 0.0250847 0.017618
 178 0.04 0.0251685 0.017519
 179 -0.04 0.0248045 0.0174246
 180 -0.08 0.0242222 0.0173373
 181 0.04 0.0243094 0.0172415
 182 -0.08 0.0237363 0.0171561
 183 -0.16 0.0227322 0.0170916
 184 -0.2 0.0215217 0.0170415
 185 -0.36 0.0194595 0.0170741
 186 -0.44 0.0169892 0.0171608
 187 -0.4 0.0147594 0.0172138
 188 -0.28 0.0131915 0.0171937
 189 0.04 0.0133333 0.017103
 190 0 0.0132632 0.0170129
 191 0.04 0.0134031 0.0169242
 192 -0.24 0.0120833 0.0168875
 193 0 0.0120207 0.0167999
 194 -0.16 0.011134 0.0167365
 195 -0.04 0.0108718 0.0166526
 196 -0.04 0.0106122 0.0165694
 197 -0.12 0.00994924 0.0164984
 198 -0.2 0.00888889 0.0164491
 199 -0.04 0.00864322 0.0163681
 200 -0.4 0.0066 0.0164137
 201 -0.32 0.00497512 0.0164125
 202 -0.16 0.00415842 0.0163514
 203 0.08 0.00453202 0.016275
 204 0.44 0.00666667 0.0163351
 205 0.32 0.00819512 0.0163269
 206 0.52 0.0106796 0.0164363
 207 0.52 0.0131401 0.0165407
 208 0.44 0.0151923 0.0165884
 209 0.28 0.0164593 0.0165574
 210 -0.08 0.016 0.0164848
 211 -0.08 0.015545 0.0164128
 212 -0.04 0.015283 0.0163373
 213 0.12 0.0157746 0.0162678
 214 0.16 0.0164486 0.0162057
 215 0.08 0.0167442 0.0161328
 216 0.04 0.0168519 0.0160583
 217 -0.2 0.0158525 0.0160154
 218 0.16 0.0165138 0.0159554
 219 0.16 0.0171689 0.0158959
 220 0 0.0170909 0.0158237
 221 0.16 0.0177376 0.0157652
 222 0.2 0.0185586 0.0157155
 223 0.24 0.0195516 0.0156763
 224 0.08 0.0198214 0.0156085
 225 -0.08 0.0193778 0.0155453
 226 0.08 0.019646 0.0154787
 227 -0.04 0.0193833 0.0154126
 228 0.08 0.0196491 0.0153472
 229 0.24 0.0206114 0.0153103
 230 0.52 0.0227826 0.0153974
 231 0.4 0.0244156 0.0154173
 232 0.56 0.0267241 0.0155234
 233 0.6 0.0291845 0.0156512
 234 0.4 0.0307692 0.0156645
 235 0.24 0.0316596 0.0156231
 236 0 0.0315254 0.0155574
 237 0.36 0.0329114 0.0155534
 238 0.32 0.0341176 0.0155349
 239 0.08 0.0343096 0.0154709
 240 0.04 0.0343333 0.0154063
 241 -0.12 0.0336929 0.0153556
 242 -0.2 0.0327273 0.0153225
 243 -0.08 0.0322634 0.0152664
 244 -0.08 0.0318033 0.0152106
 245 0.04 0.0318367 0.0151485
 246 0.04 0.0318699 0.0150868
 247 0 0.0317409 0.0150261
 248 -0.12 0.031129 0.0149779
 249 -0.2 0.0302008 0.0149465
 250 0.04 0.03024 0.0148867
 251 0 0.0301195 0.0148277
 252 0.08 0.0303175 0.0147701
 253 0.08 0.0305138 0.0147129
 254 0.2 0.0311811 0.01467
 255 0.08 0.0313725 0.0146137
 256 -0.2 0.0304687 0.0145845
 257 -0.12 0.0298833 0.0145394
 258 -0.04 0.0296124 0.0144855
 259 0.12 0.0299614 0.0144337
 260 0.04 0.03 0.0143781
 261 -0.2 0.0291188 0.01435
 262 -0.16 0.0283969 0.0143133
 263 0.12 0.0287452 0.0142631
 264 0.12 0.0290909 0.0142131
 265 -0.04 0.0288302 0.0141618
 266 0.08 0.0290226 0.0141098
 267 0.12 0.0293633 0.014061
 268 0.28 0.0302985 0.0140396
 269 0.24 0.0310781 0.014009
 270 0.08 0.0312593 0.0139582
 271 0.16 0.0317343 0.0139147
 272 0.16 0.0322059 0.0138715
 273 0.12 0.0325275 0.0138243
 274 0 0.0324088 0.0137743
 275 0.08 0.0325818 0.0137252
 276 0.24 0.0333333 0.013696
 277 0.24 0.0340794 0.0136668
 278 0.44 0.0355396 0.0136956
 279 0.08 0.0356989 0.0136474
 280 0.4 0.037 0.0136607
 281 0.56 0.0388612 0.0137386
 282 0.44 0.0402837 0.0137635
 283 0.12 0.0405654 0.0137177
 284 -0.12 0.04 0.013681
 285 -0.04 0.0397193 0.0136358
 286 -0.08 0.0393007 0.0135945
 287 -0.32 0.0380488 0.0136048
 288 -0.12 0.0375 0.0135685
 289 -0.12 0.036955 0.0135325
 290 -0.36 0.0355862 0.013555
 291 -0.16 0.0349141 0.0135251
 292 -0.16 0.0342466 0.0134952
 293 -0.12 0.0337201 0.0134594
 294 0.08 0.0338776 0.0134144
 295 0.16 0.0343051 0.0133757
 296 0.2 0.0348649 0.0133422
 297 0.2 0.0354209 0.0133088
 298 0.28 0.0362416 0.0132894
 299 0.16 0.0366555 0.0132514
 300 0.32 0.0376 0.0132409
 301 0.48 0.0390698 0.0132784
 302 0.16 0.0394702 0.0132404
 303 0.04 0.0394719 0.0131967
 304 0.36 0.0405263 0.0131954
 305 0.32 0.0414426 0.0131839
 306 -0.12 0.040915 0.0131513
 307 0.12 0.0411726 0.013111
 308 -0.04 0.0409091 0.013071
 309 0.04 0.0409061 0.0130286
 310 0.2 0.0414194 0.0129967
 311 0.12 0.041672 0.0129573
 312 0.04 0.0416667 0.0129157
 313 0.04 0.0416613 0.0128743
 314 -0.04 0.0414013 0.0128359
 315 -0.08 0.0410159 0.0128009
 316 0 0.0408861 0.012761
 317 0 0.0407571 0.0127213
 318 -0.16 0.0401258 0.012697
 319 -0.04 0.0398746 0.0126596
 320 0 0.03975 0.0126206
 321 0.12 0.04 0.0125837
 322 0 0.0398758 0.0125452
 323 0.04 0.0398762 0.0125063
 324 0.16 0.0402469 0.0124731
 325 0.08 0.0403692 0.0124353
 326 -0.04 0.0401227 0.0123995
 327 0.08 0.0402446 0.0123621
 328 -0.08 0.039878 0.0123298
 329 -0.12 0.0393921 0.0123019
 330 -0.16 0.0387879 0.0122794
 331 0.2 0.0392749 0.012252
 332 0.2 0.039759 0.0122246
 333 0.24 0.0403604 0.0122027
 334 0.04 0.0403593 0.0121661
 335 0 0.0402388 0.0121303
 336 0.16 0.0405952 0.0120994
 337 0.08 0.0407122 0.012064
 338 0.04 0.0407101 0.0120283
 339 -0.12 0.040236 0.0120021
 340 -0.16 0.0396471 0.0119812
 341 -0.08 0.0392962 0.0119512
 342 0.32 0.040117 0.0119444
 343 0.36 0.0410496 0.011946
 344 0.32 0.0418605 0.0119388
 345 0.16 0.0422029 0.0119091
 346 0.28 0.0428902 0.0118945
 347 0.16 0.0432277 0.011865
 348 -0.04 0.0429885 0.0118332
 349 0.04 0.0429799 0.0117993
 350 0.12 0.0432 0.0117676
 351 0.04 0.0431909 0.011734
 352 -0.08 0.0428409 0.0117059
 353 -0.16 0.0422663 0.0116868
 354 0.04 0.0422599 0.0116537
 355 -0.08 0.0419155 0.0116259
 356 -0.04 0.0416854 0.0115955
 357 0 0.0415686 0.0115636
 358 -0.12 0.0411173 0.0115401
 359 0.16 0.0414485 0.0115126
 360 0.08 0.0415556 0.0114811
 361 0.04 0.0415512 0.0114493
 362 0.2 0.041989 0.011426
 363 0.4 0.0429752 0.0114371
 364 0.24 0.0435165 0.0114184
 365 0.16 0.0438356 0.0113916
 366 0.4 0.0448087 0.011402
 367 0.48 0.0459946 0.0114326
 368 0.32 0.0467391 0.0114258
 369 0.32 0.0474797 0.0114188
 370 0.12 0.0476757 0.0113896
 371 0.2 0.0480863 0.0113663
 372 0.28 0.0487097 0.0113528
 373 0 0.0485791 0.0113231
 374 0.28 0.0491979 0.0113097
 375 0.24 0.0497067 0.011291
 376 0.08 0.0497872 0.0112612
 377 -0.04 0.0495491 0.0112338
 378 -0.12 0.0491005 0.011213
 379 -0.2 0.0484433 0.0112027
 380 -0.08 0.0481053 0.0111783
 381 -0.24 0.0473491 0.0111745
 382 -0.24 0.0465969 0.0111706
 383 -0.52 0.0451175 0.0112392
 384 -0.4 0.0439583 0.0112696
 385 -0.08 0.0436364 0.0112449
 386 -0.08 0.0433161 0.0112203
 387 -0.28 0.0424806 0.0112224
 388 -0.16 0.0419588 0.0112056
 389 -0.12 0.0415424 0.0111845
 390 0.2 0.0419487 0.0111632
 391 0.28 0.0425575 0.0111513
 392 0.16 0.0428571 0.0111268
 393 0.28 0.0434606 0.0111149
 394 0 0.0433503 0.0110872
 395 -0.36 0.0423291 0.0111061
 396 -0.24 0.0416162 0.0111009
 397 -0.12 0.0412091 0.0110804
 398 -0.28 0.040402 0.011082
 399 -0.04 0.0402005 0.011056
 400 -0.04 0.04 0.0110301
 401 -0.2 0.0394015 0.0110189
 402 -0.24 0.0387065 0.0110134
 403 -0.32 0.0378164 0.011022
 404 -0.2 0.0372277 0.0110104
 405 -0.2 0.036642 0.0109988
 406 -0.28 0.0358621 0.0109994
 407 -0.4 0.0347912 0.0110245
 408 0.08 0.034902 0.010998
 409 -0.16 0.0344254 0.0109814
 410 0.04 0.034439 0.0109546
 411 -0.12 0.0340633 0.0109344
 412 0 0.0339806 0.0109081
 413 0.12 0.0341889 0.0108837
 414 0.32 0.0348792 0.0108793
 415 0.12 0.0350843 0.010855
 416 0.12 0.0352885 0.0108308
 417 0.12 0.0354916 0.0108067
 418 0.2 0.0358852 0.010788
 419 0.2 0.0362768 0.0107693
 420 0.08 0.036381 0.0107441
 421 0 0.0362945 0.0107189
 422 0.2 0.0366825 0.0107005
 423 0.16 0.036974 0.0106792
 424 0.24 0.0374528 0.0106647
 425 0.32 0.0381176 0.0106604
 426 -0.04 0.0379343 0.0106369
 427 -0.08 0.0376581 0.0106155
 428 -0.24 0.0370093 0.0106106
 429 -0.04 0.0368298 0.0105873
 430 0.08 0.0369302 0.0105631
 431 0.24 0.0374014 0.0105491
 432 0.36 0.0381481 0.0105511
 433 0.48 0.0391686 0.0105761
 434 0.08 0.0392627 0.0105521
 435 0 0.0391724 0.0105282
 436 -0.04 0.0389908 0.0105056
 437 -0.2 0.0384439 0.0104958
 438 -0.04 0.0382648 0.0104733
 439 -0.28 0.0375399 0.0104746
 440 -0.2 0.037 0.0104647
 441 -0.12 0.036644 0.010447
 442 -0.08 0.0363801 0.0104267
 443 -0.04 0.0362077 0.0104045
 444 0.08 0.0363063 0.0103815
 445 -0.16 0.0358652 0.0103676
 446 -0.08 0.0356054 0.0103476
 447 0.24 0.0360626 0.0103345
 448 0.16 0.0363393 0.0103151
 449 0.16 0.0366147 0.0102958
 450 0.04 0.0366222 0.0102729
 451 0.12 0.0368071 0.0102518
 452 0.24 0.0372566 0.0102389
 453 0.12 0.0374393 0.0102179
 454 0.04 0.0374449 0.0101954
 455 0.16 0.0377143 0.0101765
 456 0.12 0.0378947 0.0101558
 457 -0.08 0.0376368 0.0101368
 458 0.12 0.0378166 0.0101163
 459 0.16 0.0380828 0.0100977
 460 0.08 0.0381739 0.0100762
 461 -0.16 0.037744 0.0100635
 462 -0.08 0.0374892 0.0100449
 463 -0.16 0.0370626 0.0100323
 464 -0.12 0.0367241 0.0100163
 465 -0.16 0.0363011 0.0100037
 466 -0.16 0.0358798 0.00999111
 467 0 0.035803 0.00996999
 468 -0.04 0.035641 0.00994998
 469 -0.04 0.0354797 0.00993005
 470 -0.04 0.0353191 0.0099102
 471 -0.08 0.0350743 0.00989217
 472 -0.08 0.0348305 0.0098742
 473 -0.12 0.0345032 0.00985874
 474 -0.4 0.0335865 0.00988053
 475 -0.32 0.0328421 0.00988777
 476 -0.24 0.0322689 0.00988361
 477 -0.04 0.0321174 0.00986403
 478 -0.08 0.0318828 0.00984617
 479 0.04 0.0318998 0.00982561
 480 -0.12 0.0315833 0.00981022
 481 -0.2 0.0311019 0.00980164
 482 -0.04 0.0309544 0.00978239
 483 0.04 0.0309731 0.00976213
 484 0 0.0309091 0.00974215
 485 0.04 0.0309278 0.00972206
 486 0.2 0.0312757 0.00970827
 487 0.2 0.0316222 0.00969451
 488 -0.08 0.0313934 0.00967733
 489 -0.04 0.0312474 0.00965862
 490 -0.28 0.0306122 0.0096598
 491 -0.08 0.030387 0.00964274
 492 0.04 0.0304065 0.00962314
 493 0.24 0.0308316 0.009613
 494 -0.04 0.0306883 0.0095946
 495 0 0.0306263 0.00957539
 496 -0.16 0.0302419 0.00956379
 497 -0.08 0.0300201 0.00954711
 498 0.04 0.0300402 0.00952794
 499 -0.2 0.0295792 0.00951999
 500 -0.2 0.02912 0.00951202
 501 -0.04 0.028982 0.00949402
 502 0 0.0289243 0.00947527
 503 -0.16 0.0285487 0.00946387
 504 -0.24 0.0280159 0.00946009
 505 -0.16 0.0276436 0.00944867
 506 -0.08 0.0274308 0.00943238
 507 -0.32 0.0267456 0.00943867
 508 -0.12 0.0264567 0.0094245
 509 -0.36 0.0256974 0.00943656
 510 -0.32 0.0250196 0.0094424
 511 -0.04 0.0248924 0.00942476
 512 -0.04 0.0247656 0.00940719
 513 -0.04 0.0246394 0.00938968
 514 0.04 0.0246693 0.00937144
 515 0.04 0.024699 0.00935328
 516 0.12 0.0248837 0.00933696
 517 -0.16 0.0245261 0.00932574
 518 -0.24 0.0240154 0.00932172
 519 -0.12 0.023738 0.00930788
 520 -0.04 0.0236154 0.00929077
 521 -0.16 0.023263 0.00927961
 522 -0.24 0.0227586 0.00927554
 523 -0.16 0.0224092 0.00926438
 524 -0.32 0.0217557 0.00926974
 525 -0.48 0.0208 0.0093013
 526 -0.52 0.0197719 0.00934036
 527 -0.08 0.0195825 0.00932454
 528 0.12 0.0197727 0.00930881
 529 0.12 0.0199622 0.00929313
 530 0 0.0199245 0.00927565
 531 -0.2 0.0195104 0.00926743
 532 0 0.0194737 0.00925006
 533 -0.04 0.0193621 0.00923337
 534 -0.08 0.019176 0.00921794
 535 -0.28 0.0186168 0.00921767
 536 -0.4 0.0178358 0.00923355
 537 -0.16 0.0175047 0.00922228
 538 -0.08 0.0173234 0.00920691
 539 -0.08 0.0171429 0.00919159
 540 0.04 0.0171852 0.00917465
 541 -0.16 0.0168577 0.00916353
 542 0.16 0.0171218 0.00915042
 543 0.04 0.0171639 0.00913365
 544 0.04 0.0172059 0.00911694
 545 0.24 0.0176147 0.00910937
 546 0.2 0.0179487 0.00909881
 547 0.28 0.0184278 0.00909478
 548 0.52 0.0193431 0.00912419
 549 0.32 0.0198907 0.00912401
 550 0.08 0.02 0.00910806
 551 0.04 0.0200363 0.00909159
 552 0 0.02 0.00907518
 553 -0.16 0.0196745 0.0090646
 554 0.12 0.0198556 0.00905003
 555 0.08 0.019964 0.00903436
 556 0.04 0.02 0.00901817
 557 0.12 0.0201795 0.00900375
 558 -0.12 0.0199283 0.00899111
 559 0 0.0198927 0.00897509
 560 0.12 0.0200714 0.00896083
 561 0.16 0.0203209 0.00894832
 562 0 0.0202847 0.00893245
 563 0.08 0.0203908 0.00891721
 564 0.04 0.0204255 0.00890145
 565 -0.24 0.0199646 0.00889763
 566 -0.12 0.0197173 0.00888533
 567 -0.32 0.0191182 0.00888986
 568 -0.4 0.0183803 0.00890482
 569 -0.36 0.0177153 0.008914
 570 -0.12 0.0174737 0.00890163
 571 -0.16 0.0171629 0.00889146
 572 -0.12 0.0169231 0.00887914
 573 -0.12 0.0166841 0.00886685
 574 -0.12 0.016446 0.00885459
 575 -0.24 0.016 0.00885042
 576 -0.44 0.0152083 0.00887044
 577 -0.2 0.0148354 0.0088629
 578 -0.32 0.0142561 0.0088665
 579 -0.16 0.0139551 0.00885629
 580 -0.12 0.0137241 0.00884402
 581 -0.08 0.0135628 0.00883026
 582 0 0.0135395 0.00881511
 583 0.04 0.0135849 0.00880009
 584 0.28 0.0140411 0.00879685
 585 0.52 0.014906 0.00882428
 586 0.4 0.0155631 0.00883369
 587 0.24 0.0159455 0.00882691
 588 0.04 0.0159864 0.00881198
 589 0.08 0.0160951 0.00879768
 590 0.28 0.0165424 0.00879414
 591 0.24 0.0169205 0.00878739
 592 0.08 0.017027 0.00877318
 593 -0.16 0.0167285 0.00876346
 594 -0.56 0.0157576 0.0088024
 595 -0.6 0.0147227 0.00884832
 596 -0.48 0.0138926 0.00887238
 597 -0.4 0.0131993 0.0088846
 598 -0.4 0.0125084 0.0088966
 599 -0.16 0.0122204 0.0088864
 600 -0.2 0.0118667 0.00887863
 601 0.08 0.01198 0.00886457
 602 0 0.0119601 0.00884985
 603 0 0.0119403 0.00883519
 604 0.08 0.012053 0.00882127
 605 -0.08 0.0119008 0.00880799
 606 0.2 0.0122112 0.00879892
 607 0.2 0.0125206 0.00878986
 608 0.16 0.0127632 0.00877874
 609 0.16 0.0130049 0.00876765
 610 0 0.0129836 0.00875329
 611 -0.2 0.012635 0.0087459
 612 0.08 0.0127451 0.00873229
 613 0.24 0.0131158 0.00872591
 614 -0.16 0.0128339 0.00871625
 615 -0.08 0.0126829 0.00870337
 616 -0.16 0.0124026 0.00869375
 617 0 0.0123825 0.00867968
 618 0.08 0.0124919 0.00866631
 619 0.16 0.0127302 0.00865558
 620 0.04 0.0127742 0.00864172
 621 0 0.0127536 0.00862782
 622 0.08 0.0128617 0.00861461
 623 0.12 0.0130337 0.00860249
 624 -0.12 0.0128205 0.00859134
 625 -0.24 0.012416 0.00858712
 626 -0.08 0.0122684 0.00857466
 627 0 0.0122488 0.008561
 628 0.28 0.0126752 0.00855798
 629 0.16 0.0129094 0.00854757
 630 0.48 0.0136508 0.00856614
 631 0.68 0.0147068 0.0086175
 632 0.68 0.0157595 0.00866802
 633 0.4 0.0163665 0.00867557
 634 0.48 0.0170978 0.00869269
 635 0.44 0.0177638 0.00870451
 636 0.12 0.0179245 0.0086923
 637 0.16 0.0181476 0.00868151
 638 -0.08 0.0179937 0.00866925
 639 -0.16 0.0177152 0.00866016
 640 0.04 0.01775 0.00864668
 641 0.08 0.0178471 0.00863373
 642 0.04 0.0178816 0.00862034
 643 -0.32 0.0173561 0.00862295
 644 -0.08 0.017205 0.00861088
 645 0 0.0171783 0.00859756
 646 0.08 0.0172755 0.00858479
 647 -0.24 0.0168779 0.00858073
 648 -0.16 0.0166049 0.00857182
 649 -0.28 0.0161479 0.0085708
 650 -0.28 0.0156923 0.00856972
 651 -0.24 0.0152995 0.00856556
 652 -0.12 0.015092 0.00855493
 653 -0.12 0.0148851 0.00854432
 654 -0.12 0.0146789 0.00853374
 655 -0.28 0.014229 0.00853257
 656 -0.2 0.0139024 0.00852581
 657 -0.2 0.0135769 0.00851905
 658 0.12 0.0137386 0.00850763
 659 0.16 0.0139605 0.00849761
 660 0.28 0.0143636 0.00849429
 661 0.4 0.014947 0.00850147
 662 0.36 0.0154683 0.00850461
 663 0.4 0.0160483 0.00851156
 664 0.32 0.016506 0.00851105
 665 0.12 0.0166617 0.00849966
 666 0.2 0.0169369 0.00849136
 667 0.12 0.0170915 0.00848002
 668 0.16 0.0173054 0.00847002
 669 -0.08 0.0171599 0.0084586
 670 0.04 0.017194 0.00844604
 671 0.24 0.0175261 0.00843997
 672 0.48 0.0182143 0.00845546
 673 0.4 0.0187816 0.00846192
 674 0.12 0.0189318 0.00845069
 675 -0.12 0.0187259 0.00844067
 676 0.08 0.0188166 0.00842867
 677 -0.08 0.0186706 0.00841747
 678 0.08 0.0187611 0.00840553
 679 0 0.0187334 0.00839319
 680 -0.08 0.0185882 0.0083821
 681 -0.04 0.0185022 0.00837022
 682 -0.04 0.0184164 0.00835838
 683 -0.24 0.0180381 0.00835471
 684 -0.24 0.0176608 0.00835101
 685 -0.28 0.0172263 0.00835012
 686 -0.12 0.0170262 0.00834034
 687 -0.12 0.0168268 0.00833058
 688 -0.08 0.016686 0.00831965
 689 0.04 0.0167199 0.00830764
 690 0.16 0.0169275 0.00829819
 691 0.12 0.0170767 0.00828751
 692 0 0.017052 0.00827556
 693 0.04 0.0170851 0.00826368
 694 -0.16 0.01683 0.00825571
 695 0 0.0168058 0.00824386
 696 -0.08 0.0166667 0.00823318
 697 -0.04 0.0165854 0.00822176
 698 -0.04 0.0165043 0.00821037
 699 -0.08 0.0163662 0.00819978
 700 -0.24 0.016 0.00819624
 701 -0.16 0.0157489 0.00818839
 702 -0.2 0.0154416 0.00818249
 703 -0.2 0.0151351 0.00817659
 704 0.04 0.0151705 0.00816505
 705 0.08 0.0152624 0.00815397
 706 0.16 0.0154674 0.008145
 707 0.12 0.0156153 0.00813481
 708 0.24 0.0159322 0.00812949
 709 0.28 0.0163047 0.00812656
 710 0.12 0.0164507 0.00811642
 711 0.28 0.0168214 0.00811347
 712 0.24 0.0171348 0.00810813
 713 0.24 0.0174474 0.00810278
 714 0.08 0.017535 0.0080919
 715 0.12 0.0176783 0.00808184
 716 -0.04 0.0175978 0.00807095
 717 0.12 0.0177406 0.00806095
 718 0.16 0.0179387 0.00805215
 719 0.04 0.0179694 0.008041
 720 0.04 0.018 0.00802989
 721 0 0.017975 0.00801878
 722 0.04 0.0180055 0.00800772
 723 0.16 0.0182019 0.00799905
 724 0.36 0.018674 0.00800193
 725 0.28 0.0190345 0.00799901
 726 0.16 0.0192287 0.00799035
 727 0.04 0.0192572 0.0079794
 728 0.16 0.0194505 0.00797078
 729 0.16 0.0196433 0.00796217
 730 0.08 0.019726 0.00795169
 731 -0.16 0.0194802 0.00794461
 732 -0.12 0.0192896 0.00793603
 733 -0.08 0.0191542 0.00792636
 734 -0.08 0.0190191 0.0079167
 735 -0.16 0.0187755 0.00790968
 736 0.08 0.0188587 0.00789936
 737 -0.12 0.0186703 0.00789088
 738 -0.04 0.0185908 0.00788059
 739 -0.04 0.0185115 0.00787031
 740 -0.12 0.0183243 0.0078619
 741 0.04 0.0183536 0.00785134
 742 -0.16 0.0181132 0.00784443
 743 0 0.0180888 0.0078339
 744 -0.16 0.0178495 0.00782703
 745 -0.08 0.0177181 0.00781762
 746 -0.04 0.0176408 0.00780752
 747 0.12 0.0177778 0.00779826
 748 -0.04 0.0177005 0.00778821
 749 0 0.0176769 0.00777784
 750 0.12 0.0178133 0.00776866
 751 -0.08 0.0176831 0.00775941
 752 -0.04 0.0176064 0.00774946
 753 0.2 0.0178486 0.00774295
 754 0.12 0.0179841 0.00773386
 755 -0.12 0.0178013 0.00772577
 756 0 0.0177778 0.00771558
 757 0 0.0177543 0.00770542
 758 0.04 0.0177836 0.0076953
 759 -0.32 0.0173386 0.00769803
 760 -0.24 0.017 0.00769535
 761 -0.24 0.0166623 0.00769265
 762 -0.32 0.0162205 0.00769524
 763 -0.4 0.015675 0.00770448
 764 -0.12 0.0154974 0.00769644
 765 -0.32 0.0150588 0.00769888
 766 -0.16 0.0148303 0.00769221
 767 -0.08 0.0147066 0.00768317
 768 -0.08 0.0145833 0.00767415
 769 -0.04 0.0145124 0.0076645
 770 0.28 0.0148571 0.0076623
 771 0.56 0.0155642 0.00768495
 772 0.56 0.0162694 0.00770732
 773 0.52 0.0169211 0.00772488
 774 0.64 0.0177261 0.00775678
 775 0.56 0.0184258 0.0077783
 776 0.44 0.0189691 0.00778724
 777 0.32 0.0193565 0.00778686
 778 0.44 0.0198972 0.00779561
 779 0.44 0.0204365 0.00780425
 780 0.36 0.0208718 0.00780639
 781 0.4 0.0213572 0.00781149
 782 0.28 0.021688 0.0078085
 783 0 0.0216603 0.00779857
 784 0.04 0.0216837 0.00778865
 785 0.08 0.021758 0.00777908
 786 0.36 0.0221883 0.00778108
 787 0.04 0.0222109 0.00777122
 788 0.04 0.0222335 0.00776139
 789 0.16 0.0224081 0.00775351
 790 0.16 0.0225823 0.00774565
 791 0.08 0.0226549 0.00773619
 792 0.12 0.0227778 0.00772739
 793 0.16 0.0229508 0.00771958
 794 0.12 0.023073 0.00771082
 795 0.08 0.0231447 0.00770145
 796 0 0.0231156 0.00769183
 797 0.4 0.0235885 0.00769671
 798 0.24 0.0238596 0.00769184
 799 0.28 0.0241802 0.00768889
 800 0.24 0.02445 0.00768401
 801 0.2 0.0246692 0.00767754
 802 -0.24 0.0243392 0.00767506
 803 0 0.0243088 0.00766556
 804 0.08 0.0243781 0.00765633
 805 0.08 0.0244472 0.00764713
 806 0.2 0.024665 0.00764074
 807 0.28 0.0249814 0.00763782
 808 0.12 0.025099 0.00762927
 809 0 0.025068 0.00761989
 810 0.04 0.0250864 0.0076105
 811 0.28 0.0254007 0.00760761
 812 -0.04 0.0253202 0.00759866
 813 -0.12 0.0251415 0.00759141
 814 -0.04 0.0250614 0.0075825
 815 0.04 0.0250798 0.00757322
 816 -0.08 0.024951 0.00756503
 817 -0.32 0.0245288 0.00756755
 818 -0.28 0.0241565 0.00756746
 819 -0.44 0.0235897 0.00757943
 820 -0.6 0.0228293 0.00760828
 821 -0.6 0.0220706 0.00763678
 822 -0.4 0.0215572 0.00764475
 823 -0.32 0.0211422 0.00764672
 824 -0.44 0.0205825 0.00765792
 825 -0.4 0.0200727 0.0076656
 826 -0.48 0.0194673 0.00768021
 827 -0.44 0.0189117 0.00769101
 828 -0.6 0.0181643 0.007718
 829 -0.68 0.0173221 0.00775455
 830 -0.48 0.0167229 0.00776834
 831 -0.48 0.0161252 0.00778198
 832 -0.44 0.0155769 0.00779193
 833 -0.24 0.0152701 0.00778862
 834 -0.12 0.0151079 0.00778096
 835 -0.2 0.0148503 0.00777591
 836 -0.12 0.014689 0.00776828
 837 -0.24 0.0143847 0.00776495
 838 0 0.0143675 0.0077557
 839 -0.08 0.0142551 0.00774727
 840 -0.08 0.0141429 0.00773885
 841 -0.04 0.0140785 0.00772992
 842 0.12 0.0142043 0.00772175
 843 0.04 0.0142349 0.00771265
 844 0.2 0.014455 0.00770665
 845 0.16 0.0146272 0.00769945
 846 0.2 0.0148463 0.00769347
 847 0.12 0.0149705 0.00768538
 848 0 0.0149528 0.00767633
 849 -0.12 0.0147939 0.00766893
 850 -0.04 0.0147294 0.00766018
 851 0.08 0.0148061 0.00765155
 852 -0.16 0.0146009 0.00764532
 853 0.04 0.0146307 0.00763641
 854 0.04 0.0146604 0.00762752
 855 -0.08 0.0145497 0.0076194
 856 0.08 0.0146262 0.00761088
 857 0.04 0.0146558 0.00760205
 858 0 0.0146387 0.0075932
 859 0 0.0146217 0.00758438
 860 0.16 0.0147907 0.00757744
 861 0 0.0147735 0.00756865
 862 0 0.0147564 0.00755989
 863 -0.04 0.0146929 0.00755139
 864 0.36 0.0150926 0.00755322
 865 0.12 0.0152139 0.00754546
 866 0.28 0.0155196 0.00754294
 867 0.2 0.0157324 0.00753724
 868 0 0.0157143 0.00752858
 869 0.2 0.0159264 0.0075229
 870 0.04 0.015954 0.0075143
 871 0.12 0.0160735 0.00750661
 872 0.32 0.016422 0.0075061
 873 0.8 0.0173196 0.00755103
 874 0.64 0.018032 0.00757596
 875 0.6 0.0186971 0.00759647
 876 0.36 0.0190868 0.00759779
 877 0.12 0.0192018 0.00758999
 878 0.2 0.0194077 0.00758414
 879 0.44 0.0198862 0.0075906
 880 0.72 0.0206818 0.0076236
 881 0.28 0.0209762 0.00762063
 882 0.28 0.0212698 0.00761764
 883 0.12 0.0213817 0.00760983
 884 0.08 0.021448 0.00760151
 885 -0.2 0.0211977 0.00759704
 886 0 0.0211738 0.0075885
 887 -0.12 0.0210147 0.00758161
 888 0.16 0.0211712 0.00757468
 889 0.04 0.0211924 0.00756618
 890 0.04 0.0212135 0.00755771
 891 -0.36 0.0207856 0.00756134
 892 0.16 0.0209417 0.00755447
 893 -0.04 0.0208735 0.00754631
 894 -0.16 0.0206711 0.00754058
 895 -0.24 0.0203799 0.00753778
 896 -0.16 0.0201786 0.00753205
 897 -0.2 0.0199331 0.00752765
 898 -0.36 0.01951 0.00753116
 899 0.04 0.0195328 0.00752281
 900 -0.12 0.0193778 0.00751605
 901 -0.08 0.0192675 0.00750851
 902 -0.12 0.0191131 0.00750177
 903 -0.2 0.0188704 0.00749739
 904 -0.08 0.0187611 0.00748989
 905 -0.2 0.0185193 0.00748551
 906 -0.28 0.0181898 0.0074845
 907 -0.04 0.0181257 0.00747652
 908 -0.16 0.0179295 0.00747086
 909 0.04 0.0179538 0.00746267
 910 0.08 0.018022 0.00745478
 911 0.04 0.0180461 0.00744663
 912 -0.16 0.0178509 0.00744102
 913 0.04 0.0178751 0.00743291
 914 0.04 0.0178993 0.00742481
 915 0 0.0178798 0.00741672
 916 -0.08 0.0177729 0.00740939
 917 -0.2 0.0175354 0.00740511
 918 -0.16 0.017342 0.00739957
 919 -0.08 0.0172361 0.00739227
 920 -0.04 0.0171739 0.00738449
 921 0.2 0.0173724 0.00737914
 922 0.2 0.0175705 0.00737379
 923 0.16 0.0177248 0.00736742
 924 0.04 0.0177489 0.00735948
 925 -0.12 0.0176 0.00735303
 926 -0.28 0.0172786 0.00735211
 927 -0.36 0.0168716 0.00735544
 928 -0.44 0.0163793 0.00736399
 929 -0.32 0.0160172 0.00736496
 930 -0.36 0.0156129 0.00736814
 931 -0.4 0.0151665 0.00737375
 932 -0.08 0.0150644 0.00736654
 933 0 0.0150482 0.00735866
 934 -0.12 0.0149036 0.0073522
 935 -0.04 0.0148449 0.00734456
 936 -0.08 0.0147436 0.00733741
 937 -0.28 0.014429 0.00733632
 938 -0.4 0.0139872 0.00734181
 939 -0.16 0.0138019 0.00733632
 940 -0.12 0.0136596 0.0073299
 941 -0.04 0.0136026 0.00732232
 942 0.04 0.0136306 0.0073146
 943 0.12 0.0137434 0.00730771
 944 0.2 0.0139407 0.00730263
 945 0 0.0139259 0.00729491
 946 0.08 0.0139958 0.00728753
 947 -0.12 0.0138543 0.00728121
 948 -0.28 0.0135443 0.00728013
 949 -0.04 0.0134879 0.00727267
 950 0.12 0.0136 0.00726588
 951 0.04 0.0136278 0.00725828
 952 0.24 0.0138655 0.00725455
 953 0.04 0.013893 0.00724699
 954 -0.08 0.0137945 0.00724006
 955 0 0.0137801 0.00723249
 956 -0.12 0.0136402 0.00722627
 957 -0.08 0.0135423 0.00721938
 958 -0.32 0.0131942 0.00722024
 959 -0.24 0.0129301 0.00721754
 960 -0.36 0.0125417 0.00722047
 961 -0.44 0.0120708 0.00722831
 962 -0.32 0.0117256 0.00722904
 963 -0.4 0.011298 0.00723418
 964 -0.24 0.0110373 0.00723137
 965 -0.28 0.0107358 0.00723016
 966 -0.32 0.0103934 0.00723078
 967 0 0.0103826 0.00722331
 968 0.04 0.0104132 0.00721591
 969 -0.12 0.0102786 0.00720972
 970 -0.04 0.0102268 0.00720247
 971 0.04 0.0102575 0.00719511
 972 -0.2 0.0100412 0.00719096
 973 -0.08 0.00994861 0.00718416
 974 0.04 0.00997947 0.00717685
 975 -0.04 0.00992821 0.00716966
 976 -0.24 0.00967213 0.00716689
 977 -0.28 0.00937564 0.00716569
 978 -0.32 0.00903885 0.00716628
 979 -0.24 0.00878447 0.00716347
 980 -0.2 0.00857143 0.00715933
 981 -0.2 0.00835882 0.00715519
 982 -0.28 0.00806517 0.00715392
 983 -0.4 0.00765005 0.00715869
 984 -0.44 0.00719512 0.00716587
 985 -0.4 0.00678173 0.00717051
 986 -0.36 0.00640974 0.00717289
 987 -0.44 0.00595745 0.00717988
 988 -0.44 0.00550607 0.0071868
 989 -0.4 0.00509606 0.00719122
 990 -0.36 0.00472727 0.00719342
 991 -0.36 0.00435923 0.00719557
 992 -0.04 0.00431452 0.00718845
 993 0.08 0.00439074 0.00718162
 994 -0.04 0.00434608 0.00717453
 995 0.04 0.00438191 0.0071674
 996 0 0.00437751 0.0071602
 997 0.08 0.00445336 0.00715342
 998 0.16 0.00460922 0.00714795
 999 0.04 0.00464464 0.00714088
 1000 -0.08 0.00456 0.00713423
 1001 0 0.00455544 0.00712711
 1002 0.12 0.00467066 0.00712092
 1003 0.16 0.00482552 0.0071155
 1004 0.28 0.0050996 0.00711369
 1005 0.08 0.00517413 0.007107
 1006 0.12 0.00528827 0.00710085
 1007 0.12 0.00540218 0.00709471
 1008 0.08 0.00547619 0.00708806
 1009 0.04 0.00551041 0.00708111
 1010 0.32 0.00582178 0.00708095
 1011 0.12 0.00593472 0.00707484
 1012 0.16 0.00608696 0.00706949
 1013 0.12 0.00619941 0.0070634
 1014 -0.16 0.0060355 0.00705833
 1015 -0.12 0.00591133 0.00705247
 1016 0.08 0.00598425 0.0070459
 1017 0.04 0.0060177 0.00703905
 1018 0.12 0.00612967 0.00703302
 1019 0 0.00612365 0.00702612
 1020 0 0.00611765 0.00701923
 1021 0.04 0.00615083 0.00701243
 1022 -0.04 0.00610568 0.00700571
 1023 0.12 0.00621701 0.00699974
 1024 0.12 0.00632812 0.00699379
 1025 0.28 0.00659512 0.00699206
 1026 0.24 0.00682261 0.00698895
 1027 0.12 0.00693281 0.00698301
 1028 0.16 0.00708171 0.0069778
 1029 0.24 0.00730807 0.00697469
 1030 0.28 0.00757282 0.00697294
 1031 0.16 0.00772066 0.00696775
 1032 0.36 0.00806202 0.00696936
 1033 0.32 0.00836399 0.00696915
 1034 0.2 0.00854932 0.00696487
 1035 0.32 0.00885024 0.00696464
 1036 0.24 0.00907336 0.0069615
 1037 0.52 0.00956606 0.00697221
 1038 0.36 0.00990366 0.00697367
 1039 0.4 0.0102791 0.00697706
 1040 0.44 0.0106923 0.00698258
 1041 0.56 0.01122 0.0069958
 1042 0.44 0.0116315 0.00700119
 1043 0.48 0.0120805 0.00700887
 1044 0.32 0.0123755 0.00700837
 1045 0.32 0.0126699 0.00700784
 1046 0.12 0.0127725 0.00700189
 1047 0.28 0.0130277 0.00699985
 1048 0.2 0.0132061 0.00699545
 1049 0.08 0.0132698 0.00698907
 1050 -0.48 0.0128 0.00699819
 1051 -0.24 0.0125595 0.00699567
 1052 -0.2 0.0123574 0.00699193
 1053 -0.32 0.0120418 0.00699242
 1054 -0.28 0.0117647 0.00699127
 1055 0.12 0.0118673 0.0069854
 1056 0.04 0.0118939 0.00697883
 1057 -0.04 0.0118448 0.0069724
 1058 -0.12 0.0117202 0.00696692
 1059 -0.08 0.0116336 0.00696087
 1060 -0.08 0.0115472 0.00695484
 1061 -0.16 0.0113855 0.00695016
 1062 0.12 0.0114878 0.00694437
 1063 0.08 0.0115522 0.00693813
 1064 0.12 0.0116541 0.00693236
 1065 0.2 0.011831 0.0069281
 1066 0.04 0.0118574 0.00692165
 1067 0.16 0.0119963 0.00691656
 1068 0.24 0.0122097 0.00691337
 1069 0.24 0.0124228 0.00691019
 1070 0.2 0.0125981 0.00690595
 1071 0.4 0.0129599 0.00690898
 1072 0.24 0.0131716 0.00690578
 1073 -0.16 0.0130103 0.00690123
 1074 -0.2 0.0128119 0.00689765
 1075 -0.08 0.0127256 0.00689177
 1076 0.04 0.0127509 0.00688541
 1077 -0.08 0.0126648 0.00687955
 1078 0.12 0.0127644 0.00687389
 1079 0 0.0127525 0.00686753
 1080 0.08 0.0128148 0.00686145
 1081 -0.08 0.012729 0.00685564
 1082 -0.2 0.0125323 0.00685212
 1083 -0.4 0.0121514 0.00685638
 1084 -0.12 0.0120295 0.00685113
 1085 -0.04 0.0119816 0.00684498
 1086 -0.04 0.0119337 0.00683885
 1087 0.08 0.0119963 0.00683284
 1088 -0.04 0.0119485 0.00682672
 1089 -0.12 0.0118274 0.00682153
 1090 -0.12 0.0117064 0.00681634
 1091 -0.36 0.0113657 0.00681861
 1092 -0.32 0.0110623 0.00681911
 1093 0.04 0.0110887 0.00681292
 1094 0.24 0.011298 0.00680991
 1095 0.4 0.011653 0.00681294
 1096 0.4 0.0120073 0.00681594
 1097 0.44 0.0123974 0.00682089
 1098 0.48 0.0128233 0.00682797
 1099 0.32 0.0131028 0.00682748
 1100 0.28 0.0133455 0.00682558
 1101 0.36 0.0136603 0.00682664
 1102 0.36 0.0139746 0.00682768
 1103 0.44 0.0143608 0.00683242
 1104 0.12 0.0144565 0.00682689
 1105 0.2 0.0146244 0.00682278
 1106 0.12 0.0147197 0.00681727
 1107 0.08 0.0147787 0.00681137
 1108 -0.04 0.0147292 0.0068054
 1109 -0.04 0.0146799 0.00679944
 1110 -0.16 0.0145225 0.00679513
 1111 0.04 0.0145455 0.00678905
 1112 -0.04 0.0144964 0.00678312
 1113 -0.24 0.0142677 0.00678088
 1114 -0.08 0.0141831 0.00677532
 1115 0 0.0141704 0.00676925
 1116 0.16 0.0143011 0.00676444
 1117 0 0.0142883 0.0067584
 1118 0 0.0142755 0.00675236
 1119 -0.12 0.0141555 0.00674739
 1120 0.08 0.0142143 0.00674162
 1121 -0.36 0.0138805 0.00674387
 1122 -0.04 0.0138324 0.00673803
 1123 0.2 0.0139982 0.00673407
 1124 0.44 0.0143772 0.00673874
 1125 0.4 0.01472 0.00674147
 1126 0.28 0.0149556 0.0067396
 1127 -0.08 0.0148713 0.00673414
 1128 -0.12 0.0147518 0.00672923
 1129 -0.2 0.0145616 0.00672596
 1130 -0.4 0.0141947 0.00673001
 1131 -0.16 0.0140407 0.00672582
 1132 -0.04 0.0139929 0.00672005
 1133 -0.08 0.01391 0.00671463
 1134 -0.04 0.0138624 0.00670887
 1135 0.04 0.0138855 0.006703
 1136 -0.2 0.0136972 0.00669974
 1137 0.08 0.0137555 0.0066941
 1138 -0.08 0.0136731 0.00668872
 1139 -0.16 0.0135206 0.00668459
 1140 -0.16 0.0133684 0.00668045
 1141 -0.04 0.0133216 0.00667476
 1142 0.28 0.0135552 0.006673
 1143 0.36 0.0138583 0.00667405
 1144 0.24 0.0140559 0.00667114
 1145 0.32 0.0143231 0.00667066
 1146 0.12 0.0144154 0.00666548
 1147 0.08 0.0144725 0.00665991
 1148 0.28 0.0147038 0.00665812
 1149 0.24 0.0148999 0.00665522
 1150 0.16 0.0150261 0.00665062
 1151 0.16 0.015152 0.00664604
 1152 0.08 0.0152083 0.0066405
 1153 0.04 0.0152298 0.00663478
 1154 0.04 0.0152513 0.00662906
 1155 0.16 0.0153766 0.0066245
 1156 0.12 0.0154671 0.00661939
 1157 -0.04 0.0154192 0.00661384
 1158 -0.16 0.0152677 0.00660986
 1159 -0.2 0.015082 0.00660677
 1160 -0.2 0.0148966 0.00660367
 1161 -0.2 0.0147115 0.00660058
 1162 -0.28 0.0144578 0.00659977
 1163 -0.24 0.014239 0.00659772
 1164 -0.32 0.0139519 0.0065983
 1165 -0.16 0.0138026 0.00659433
 1166 -0.12 0.0136878 0.00658967
 1167 -0.28 0.0134362 0.00658883
 1168 -0.04 0.0133904 0.00658334
 1169 -0.12 0.0132763 0.0065787
 1170 0.04 0.0132991 0.00657311
 1171 -0.16 0.0131512 0.00656916
 1172 -0.28 0.012901 0.00656832
 1173 -0.08 0.0128218 0.0065632
 1174 0 0.0128109 0.00655761
 1175 -0.32 0.0125277 0.00655815
 1176 -0.16 0.012381 0.00655421
 1177 -0.24 0.0121665 0.00655215
 1178 0.04 0.0121902 0.00654663
 1179 0.24 0.0123834 0.00654393
 1180 0.28 0.0126102 0.00654231
 1181 0.16 0.012735 0.00653796
 1182 0.32 0.0129949 0.0065376
 1183 0.12 0.0130854 0.00653269
 1184 0.2 0.0132432 0.00652908
 1185 0.12 0.0133333 0.00652419
 1186 0.16 0.013457 0.00651986
 1187 0.32 0.0137152 0.00651948
 1188 0.28 0.0139394 0.00651785
 1189 -0.04 0.013894 0.00651252
 1190 -0.16 0.0137479 0.00650869
 1191 -0.08 0.0136692 0.0065037
 1192 0.12 0.0137584 0.00649885
 1193 0.04 0.0137804 0.00649344
 1194 0.12 0.0138693 0.00648861
 1195 0.12 0.0139582 0.00648379
 1196 -0.04 0.013913 0.00647852
 1197 -0.12 0.0138012 0.00647407
 1198 0.04 0.013823 0.0064687
 1199 0.16 0.013945 0.00646445
 1200 0.04 0.0139667 0.0064591
 1201 -0.04 0.0139217 0.00645388
 1202 -0.08 0.0138436 0.00644898
 1203 -0.2 0.0136658 0.00644607
 1204 -0.16 0.0135216 0.00644233
 1205 -0.24 0.0133112 0.00644042
 1206 -0.2 0.0131343 0.0064375
 1207 -0.36 0.0128252 0.00643959
 1208 -0.28 0.0125828 0.00643882
 1209 -0.24 0.0123739 0.00643689
 1210 -0.24 0.0121653 0.00643495
 1211 -0.32 0.011891 0.00643548
 1212 -0.28 0.0116502 0.00643467
 1213 -0.16 0.0115087 0.00643092
 1214 0.08 0.0115651 0.00642587
 1215 0.12 0.0116543 0.0064212
 1216 0.28 0.011875 0.00641971
 1217 0.44 0.0122268 0.00642408
 1218 0.24 0.0124138 0.00642152
 1219 0.32 0.0126661 0.00642121
 1220 0.52 0.013082 0.00642941
 1221 0.52 0.0134971 0.00643754
 1222 0.4 0.0138134 0.00644004
 1223 0.12 0.0139002 0.00643536
 1224 0.04 0.0139216 0.00643014
 1225 0.36 0.0142041 0.00643109
 1226 0.24 0.0143883 0.00642849
 1227 0 0.0143765 0.00642325
 1228 0.08 0.01443 0.00641824
 1229 -0.04 0.0143857 0.00641317
 1230 -0.04 0.0143415 0.00640811
 1231 0.04 0.0143623 0.00640294
 1232 0.04 0.0143831 0.00639777
 1233 -0.04 0.014339 0.00639273
 1234 -0.04 0.014295 0.0063877
 1235 -0.12 0.0141862 0.00638345
 1236 -0.2 0.0140129 0.00638064
 1237 0.04 0.014034 0.00637551
 1238 0.12 0.0141195 0.00637094
 1239 0.16 0.0142373 0.00636688
 1240 0.16 0.0143548 0.00636283
 1241 0.12 0.01444 0.00635827
 1242 0.08 0.0144928 0.00635337
 1243 0.04 0.0145133 0.00634829
 1244 0.04 0.0145338 0.00634322
 1245 0.08 0.0145863 0.00633834
 1246 -0.36 0.0142857 0.00634038
 1247 -0.6 0.0137931 0.00635442
 1248 -0.28 0.0135577 0.00635369
 1249 -0.4 0.0132266 0.00635723
 1250 -0.28 0.012992 0.00635647
 1251 -0.24 0.0127898 0.0063546
 1252 -0.16 0.0126518 0.00635103
 1253 0 0.0126417 0.00634596
 1254 0.16 0.0127592 0.00634199
 1255 -0.04 0.0127171 0.00633707
 1256 -0.2 0.0125478 0.00633429
 1257 -0.36 0.0122514 0.00633618
 1258 -0.48 0.0118601 0.00634323
 1259 -0.4 0.011533 0.00634662
 1260 -0.28 0.0113016 0.0063458
 1261 -0.36 0.0110071 0.0063476
 1262 -0.24 0.0108082 0.00634569
 1263 -0.16 0.010673 0.0063421
 1264 0.2 0.0108228 0.00633885
 1265 0.32 0.0110672 0.00633855
 1266 0.12 0.0111532 0.00633413
 1267 -0.08 0.0110813 0.00632954
 1268 -0.04 0.011041 0.00632467
 1269 -0.36 0.0107486 0.00632645
 1270 -0.48 0.0103622 0.00633326
 1271 -0.32 0.0101023 0.00633361
 1272 -0.36 0.00981132 0.00633532
 1273 -0.36 0.00952082 0.006337
 1274 -0.4 0.00919937 0.00634018
 1275 -0.44 0.00884706 0.00634499
 1276 -0.44 0.0084953 0.00634977
 1277 -0.52 0.00808144 0.00635828
 1278 0 0.00807512 0.0063533
 1279 0 0.0080688 0.00634834
 1280 -0.04 0.00803125 0.00634349
 1281 -0.16 0.00790008 0.00633989
 1282 0.08 0.00795632 0.00633519
 1283 0.2 0.008106 0.00633202
 1284 0.08 0.00816199 0.00632734
 1285 -0.04 0.00812451 0.00632252
 1286 -0.4 0.00780715 0.00632557
 1287 -0.36 0.00752137 0.00632711
 1288 -0.24 0.00732919 0.00632512
 1289 0.04 0.00735454 0.00632026
 1290 0.24 0.00753488 0.00631793
 1291 0.08 0.00759101 0.00631329
 1292 0.16 0.00770898 0.0063095
 1293 0 0.00770302 0.00630462
 1294 -0.04 0.00766615 0.00629986
 1295 -0.24 0.0074749 0.00629789
 1296 -0.2 0.00731481 0.00629507
 1297 0.12 0.0074017 0.00629081
 1298 -0.04 0.00736518 0.00628607
 1299 -0.04 0.00732871 0.00628133
 1300 0 0.00732308 0.0062765
 1301 -0.04 0.0072867 0.00627178
 1302 0 0.00728111 0.00626697
 1303 0.16 0.00739831 0.00626325
 1304 0.24 0.00757669 0.00626099
 1305 0.08 0.00763218 0.00625643
 1306 0.24 0.00781011 0.00625417
 1307 0.32 0.00804897 0.00625395
 1308 0.4 0.00834862 0.00625635
 1309 0.24 0.00852559 0.00625407
 1310 0.24 0.00870229 0.00625179
 1311 0.24 0.00887872 0.00624951
 1312 0.04 0.00890244 0.00624479
 1313 -0.04 0.00886519 0.00624015
 1314 -0.24 0.0086758 0.00623827
 1315 -0.32 0.00842586 0.00623853
 1316 -0.36 0.0081459 0.00624007
 1317 -0.28 0.00792711 0.00623917
 1318 -0.12 0.00783005 0.00623519
 1319 -0.04 0.00779378 0.00623057
 1320 0.24 0.0079697 0.00622833
 1321 0.08 0.00802422 0.00622385
 1322 0.2 0.00816944 0.00622084
 1323 0 0.00816327 0.00621614
 1324 0.04 0.00818731 0.00621149
 1325 -0.24 0.008 0.00620962
 1326 -0.32 0.00775264 0.00620987
 1327 -0.4 0.00744537 0.00621279
 1328 -0.32 0.0071988 0.006213
 1329 -0.04 0.00716328 0.00620843
 1330 -0.2 0.00700752 0.00620571
 1331 -0.6 0.00655147 0.0062178
 1332 -0.6 0.0060961 0.00622979
 1333 -0.64 0.0056114 0.00624396
 1334 -0.4 0.00530735 0.00624668
 1335 -0.4 0.00500375 0.00624938
 1336 -0.24 0.00482036 0.00624739
 1337 -0.44 0.00448766 0.00625158
 1338 -0.32 0.00424514 0.00625161
 1339 -0.4 0.00394324 0.00625423
 1340 -0.08 0.0038806 0.00624987
 1341 0.2 0.00402685 0.00624692
 1342 0.32 0.0042623 0.0062467
 1343 0.08 0.00431869 0.00624231
 1344 0.08 0.004375 0.00623791
 1345 0.32 0.00460967 0.00623769
 1346 0.52 0.00499257 0.0062448
 1347 0.32 0.00522643 0.00624455
 1348 0.16 0.00534125 0.00624097
 1349 0.04 0.00536694 0.00623639
 1350 0.28 0.00557037 0.00623509
 1351 0.4 0.00586232 0.00623731
 1352 0.48 0.00621302 0.00624256
 1353 0.44 0.00653363 0.00624617
 1354 0.44 0.00685377 0.00624976
 1355 0.36 0.00711439 0.00625059
 1356 0.44 0.00743363 0.00625413
 1357 0.4 0.00772292 0.00625621
 1358 0.6 0.00815906 0.00626679
 1359 0.6 0.00859455 0.00627731
 1360 0.36 0.00885294 0.00627801
 1361 0.24 0.00902278 0.00627569
 1362 0.56 0.00942731 0.00628412
 1363 0.4 0.00971387 0.00628604
 1364 0.28 0.00991202 0.00628455
 1365 0.08 0.00996337 0.00628016
 1366 0.16 0.0100732 0.00627652
 1367 0.16 0.0101829 0.00627289
 1368 0 0.0101754 0.0062683
 1369 -0.16 0.0100511 0.00626496
 1370 -0.16 0.00992701 0.00626161
 1371 -0.08 0.00986142 0.00625739
 1372 0 0.00985423 0.00625283
 1373 0.24 0.0100218 0.00625052
 1374 0.24 0.0101892 0.00624821
 1375 0.32 0.0104145 0.00624773
 1376 0.32 0.0106395 0.00624724
 1377 0.28 0.0108351 0.00624577
 1378 0.2 0.0109724 0.00624274
 1379 0.04 0.0109935 0.00623825
 1380 0.12 0.0110725 0.00623423
 1381 0.16 0.0111803 0.00623065
 1382 0.04 0.0112012 0.00622617
 1383 0 0.0111931 0.00622167
 1384 0.08 0.0112428 0.00621737
 1385 -0.04 0.0112058 0.00621299
 1386 0 0.0111977 0.00620851
 1387 -0.08 0.0111319 0.00620438
 1388 -0.08 0.0110663 0.00620026
 1389 -0.16 0.0109431 0.00619702
 1390 -0.08 0.0108777 0.0061929
 1391 -0.04 0.0108411 0.00618856
 1392 0.08 0.0108908 0.00618431
 1393 -0.04 0.0108543 0.00617998
 1394 0.08 0.0109039 0.00617574
 1395 0.16 0.0110108 0.00617224
 1396 -0.04 0.0109742 0.00616792
 1397 0 0.0109664 0.00616351
 1398 -0.08 0.0109013 0.00615945
 1399 0 0.0108935 0.00615505
 1400 0.16 0.011 0.00615157
 1401 0.2 0.0111349 0.00614866
 1402 0.16 0.0112411 0.00614519
 1403 0.12 0.0113186 0.0061413
 1404 0.28 0.01151 0.0061399
 1405 0.32 0.0117295 0.00613946
 1406 0.2 0.0118634 0.00613655
 1407 0.36 0.0121109 0.00613718
 1408 0.24 0.0122727 0.00613495
 1409 0.36 0.0125195 0.00613556
 1410 0.56 0.0129078 0.00614349
 1411 0.6 0.0133239 0.00615322
 1412 0.32 0.0135411 0.0061527
 1413 0.24 0.0137013 0.00615043
 1414 0 0.0136917 0.00614609
 1415 -0.04 0.0136537 0.00614186
 1416 -0.12 0.0135593 0.00613825
 1417 -0.12 0.0134651 0.00613464
 1418 -0.16 0.0133427 0.00613153
 1419 -0.12 0.0132488 0.00612793
 1420 0.08 0.0132958 0.00612379
 1421 0.12 0.0133709 0.00611994
 1422 0.04 0.0133896 0.00611566
 1423 -0.12 0.0132959 0.00611208
 1424 -0.08 0.0132303 0.00610814
 1425 -0.12 0.0131368 0.00610457
 1426 -0.44 0.0128191 0.00610856
 1427 -0.28 0.0126139 0.00610772
 1428 -0.48 0.0122689 0.00611319
 1429 -0.36 0.0120084 0.00611446
 1430 -0.4 0.0117203 0.00611697
 1431 -0.48 0.0113767 0.00612234
 1432 -0.36 0.0111173 0.00612356
 1433 -0.28 0.0109142 0.00612266
 1434 -0.12 0.0108229 0.00611907
 1435 -0.08 0.0107596 0.00611513
 1436 0.04 0.0107799 0.0061109
 1437 -0.04 0.0107446 0.00610675
 1438 0 0.0107371 0.00610251
 1439 -0.24 0.0105629 0.00610075
 1440 -0.16 0.0104444 0.00609767
 1441 -0.04 0.0104094 0.00609353
 1442 -0.04 0.0103745 0.00608941
 1443 0.04 0.010395 0.00608522
 1444 -0.24 0.0102216 0.00608348
 1445 -0.32 0.00999308 0.00608356
 1446 -0.36 0.00973721 0.00608473
 1447 -0.32 0.00950933 0.0060848
 1448 -0.28 0.00930939 0.00608388
 1449 -0.28 0.00910973 0.00608296
 1450 -0.28 0.00891034 0.00608203
 1451 0 0.0089042 0.00607784
 1452 -0.2 0.00876033 0.00607535
 1453 -0.12 0.00867171 0.00607182
 1454 0.08 0.00872077 0.00606784
 1455 0.44 0.00901718 0.00607091
 1456 0.2 0.00914835 0.00606816
 1457 0.32 0.0093617 0.00606774
 1458 0.28 0.00954733 0.00606642
 1459 0.32 0.00976011 0.00606599
 1460 -0.16 0.00964384 0.00606295
 1461 0.12 0.00971937 0.00605927
 1462 0 0.00971272 0.00605513
 1463 0.24 0.00987013 0.00605304
 1464 0.24 0.0100273 0.00605094
 1465 0.4 0.0102935 0.00605267
 1466 0.36 0.0105321 0.00605324
 1467 0.24 0.0106885 0.00605113
 1468 0.28 0.0108719 0.00604979
 1469 0.32 0.0110824 0.00604933
 1470 0.32 0.0112925 0.00604887
 1471 0.24 0.011448 0.00604675
 1472 0.24 0.0116033 0.00604464
 1473 0.16 0.011704 0.00604137
 1474 0.08 0.0117503 0.00603745
 1475 0.16 0.0118508 0.00603419
 1476 0.28 0.0120325 0.00603284
 1477 0.12 0.0121056 0.0060292
 1478 0.28 0.0122869 0.00602784
 1479 0.12 0.0123597 0.00602421
 1480 0.2 0.0124865 0.00602147
 1481 0.16 0.0125861 0.00601823
 1482 -0.04 0.0125506 0.00601427
 1483 -0.04 0.0125152 0.00601032
 1484 0 0.0125067 0.00600627
 1485 -0.12 0.0124175 0.00600289
 1486 0.08 0.012463 0.00599902
 1487 0.4 0.0127236 0.00600065
 1488 0.52 0.0130645 0.00600629
 1489 0.56 0.0134318 0.00601349
 1490 0.48 0.013745 0.0060176
 1491 0.52 0.0140845 0.00602314
 1492 0.56 0.0144504 0.00603022
 1493 0.52 0.014789 0.00603568
 1494 0.6 0.0151807 0.00604435
 1495 0.72 0.0156522 0.00605867
 1496 0.52 0.0159893 0.006064
 1497 0.56 0.0163527 0.00607083
 1498 0.28 0.0165287 0.00606933
 1499 0.24 0.0166778 0.00606711
 1500 0.2 0.0168 0.0060643
 1501 0.12 0.0168688 0.00606065
 1502 0.28 0.0170439 0.00605915
 1503 0.44 0.0173253 0.00606165
 1504 0.52 0.0176596 0.00606683
 1505 0.52 0.0179934 0.00607198
 1506 0.32 0.0181939 0.00607126
 1507 0.68 0.018633 0.0060831
 1508 0.48 0.018939 0.00608676
 1509 0.36 0.019165 0.00608692
 1510 0.48 0.0194702 0.00609054
 1511 0.28 0.0196426 0.00608895
 1512 0.16 0.0197354 0.00608563
 1513 0.32 0.0199339 0.00608484
 1514 0.24 0.0200793 0.00608256
 1515 0.12 0.0201452 0.0060789
 1516 -0.2 0.02 0.00607663
 1517 -0.24 0.0198286 0.00607504
 1518 -0.08 0.0197628 0.00607139
 1519 -0.12 0.0196708 0.00606809
 1520 -0.2 0.0195263 0.00606582
 1521 0.16 0.0196187 0.00606253
 1522 0.4 0.0198686 0.0060637
 1523 0.28 0.0200394 0.00606212
 1524 0.2 0.0201575 0.0060593
 1525 0.12 0.020223 0.00605567
 1526 0.32 0.0204194 0.00605489
 1527 0.2 0.020537 0.00605207
 1528 0.16 0.0206283 0.0060488
 1529 0.12 0.0206933 0.00604519
 1530 0.16 0.0207843 0.00604192
 1531 0 0.0207707 0.00603799
 1532 0.04 0.0207833 0.00603406
 1533 -0.16 0.0206654 0.00603127
 1534 -0.4 0.0203911 0.00603358
 1535 -0.2 0.0202476 0.00603135
 1536 -0.16 0.0201302 0.00602857
 1537 0 0.0201171 0.00602466
 1538 -0.16 0.02 0.00602188
 1539 -0.2 0.0198571 0.00601966
 1540 -0.04 0.0198182 0.00601588
 1541 0 0.0198053 0.00601199
 1542 0.12 0.0198703 0.00600844
 1543 0.28 0.0200389 0.00600691
 1544 0.32 0.0202332 0.00600616
 1545 0.28 0.0204013 0.00600463
 1546 0.2 0.0205175 0.00600187
 1547 -0.08 0.0204525 0.00599834
 1548 0.12 0.0205168 0.0059948
 1549 0.12 0.020581 0.00599128
 1550 0.2 0.0206968 0.00598853
 1551 0.2 0.0208124 0.00598578
 1552 0.16 0.0209021 0.0059826
 1553 0.32 0.0210947 0.00598185
 1554 0.16 0.021184 0.00597866
 1555 -0.12 0.0210932 0.00597551
 1556 0.28 0.0212596 0.00597398
 1557 0.4 0.0215029 0.0059751
 1558 0.16 0.0215918 0.00597192
 1559 0.28 0.0217575 0.00597039
 1560 0.12 0.0218205 0.0059669
 1561 -0.08 0.0217553 0.00596343
 1562 -0.24 0.0215877 0.00596197
 1563 -0.28 0.0213948 0.00596128
 1564 -0.12 0.0213043 0.00595815
 1565 -0.08 0.0212396 0.00595469
 1566 -0.2 0.0210983 0.00595256
 1567 -0.16 0.0209828 0.00594989
 1568 -0.36 0.0207398 0.00595105
 1569 0.04 0.0207521 0.00594727
 1570 -0.12 0.0206624 0.00594416
 1571 -0.52 0.0203183 0.00595034
 1572 -0.6 0.0199237 0.00595963
 1573 -0.72 0.0194533 0.00597438
 1574 -0.48 0.019136 0.00597901
 1575 -0.56 0.0187683 0.00598652
 1576 -0.4 0.0185025 0.00598862
 1577 -0.44 0.0182118 0.00599188
 1578 -0.16 0.0180989 0.00598914
 1579 -0.16 0.0179861 0.00598641
 1580 -0.08 0.0179241 0.00598294
 1581 0.16 0.0180139 0.00597983
 1582 0.32 0.0182048 0.0059791
 1583 0.2 0.0183196 0.00597642
 1584 -0.08 0.0182576 0.00597297
 1585 -0.4 0.0179937 0.00597503
 1586 -0.44 0.0177049 0.00597824
 1587 -0.2 0.0175677 0.00597605
 1588 0 0.0175567 0.0059723
 1589 -0.08 0.0174953 0.00596885
 1590 0 0.0174843 0.00596511
 1591 -0.04 0.0174481 0.00596147
 1592 -0.08 0.0173869 0.00595803
 1593 -0.2 0.0172505 0.00595586
 1594 -0.04 0.0172146 0.00595223
 1595 0 0.0172038 0.0059485
 1596 0.2 0.0173183 0.00594588
 1597 0 0.0173075 0.00594216
 1598 0 0.0172966 0.00593845
 1599 0.2 0.0174109 0.00593584
 1600 -0.04 0.017375 0.00593224
 1601 -0.04 0.0173392 0.00592864
 1602 0.08 0.0173783 0.00592507
 1603 0.16 0.0174672 0.00592204
 1604 0.2 0.017581 0.00591944
 1605 0.24 0.0177196 0.00591737
 1606 0.24 0.017858 0.00591531
 1607 0.16 0.0179465 0.00591228
 1608 0.24 0.0180846 0.00591022
 1609 0.28 0.0182474 0.00590879
 1610 0.08 0.0182857 0.00590524
 1611 0.04 0.0182992 0.00590159
 1612 -0.2 0.0181638 0.00589948
 1613 0.04 0.0181773 0.00589584
 1614 -0.2 0.0180421 0.00589374
 1615 0 0.018031 0.0058901
 1616 -0.04 0.017995 0.00588656
 1617 0.2 0.0181076 0.005884
 1618 0.32 0.0182942 0.00588332
 1619 0.24 0.0184311 0.00588128
 1620 0.28 0.0185926 0.00587986
 1621 0.16 0.0186798 0.00587688
 1622 0.12 0.0187423 0.00587359
 1623 0.2 0.018854 0.00587103
 1624 0.32 0.0190394 0.00587034
 1625 0.64 0.0194215 0.00587916
 1626 0.52 0.0197294 0.00588361
 1627 0.32 0.019914 0.00588288
 1628 0.4 0.0201474 0.0058839
 1629 0.28 0.0203069 0.00588245
 1630 0.48 0.020589 0.0058856
 1631 0.2 0.020699 0.00588302
 1632 0.36 0.0209069 0.00588309
 1633 0.24 0.021041 0.00588102
 1634 0.2 0.0211506 0.00587844
 1635 0.56 0.0214801 0.00588408
 1636 0.4 0.0217115 0.00588503
 1637 0.6 0.0220648 0.00589203
 1638 0.4 0.0222955 0.00589296
 1639 0.4 0.0225259 0.00589387
 1640 0.36 0.0227317 0.00589386
 1641 0.2 0.0228397 0.00589126
 1642 0.16 0.0229233 0.00588827
 1643 0.04 0.0229337 0.00588469
 1644 0 0.0229197 0.00588113
 1645 -0.36 0.0226869 0.00588216
 1646 -0.64 0.0222843 0.00589235
 1647 -0.44 0.0220036 0.00589546
 1648 -0.4 0.0217476 0.00589744
 1649 -0.2 0.0216131 0.0058954
 1650 -0.28 0.0214303 0.00589466
 1651 0 0.0214173 0.0058911
 1652 0.2 0.0215254 0.00588853
 1653 0.04 0.0215366 0.00588498
 1654 0.24 0.0216687 0.0058829
 1655 0.28 0.0218248 0.00588142
 1656 0 0.0218116 0.00587788
 1657 0.08 0.0218467 0.00587443
 1658 0.04 0.0218577 0.0058709
 1659 -0.2 0.0217239 0.00586888
 1660 -0.04 0.0216867 0.00586547
 1661 -0.08 0.0216255 0.00586225
 1662 -0.4 0.0213718 0.00586421
 1663 -0.48 0.0210704 0.00586844
 1664 -0.32 0.0208654 0.00586849
 1665 -0.44 0.0205886 0.00587149
 1666 -0.08 0.0205282 0.00586828
 1667 0.04 0.0205399 0.00586477
 1668 -0.04 0.0205036 0.00586136
 1669 -0.16 0.0203954 0.00585885
 1670 0.08 0.0204311 0.00585545
 1671 0.2 0.0205386 0.00585293
 1672 0.32 0.0207177 0.00585217
 1673 0.16 0.020801 0.00584926
 1674 -0.08 0.0207407 0.00584608
 1675 0.04 0.0207522 0.0058426
 1676 -0.28 0.0205728 0.00584187
 1677 -0.24 0.0204174 0.00584045
 1678 -0.24 0.0202622 0.00583903
 1679 -0.16 0.0201549 0.00583654
 1680 -0.16 0.0200476 0.00583405
 1681 -0.12 0.0199643 0.00583117
 1682 0 0.0199524 0.00582772
 1683 0 0.0199406 0.00582427
 1684 0 0.0199287 0.00582082
 1685 0.04 0.0199407 0.00581737
 1686 0.36 0.0201423 0.00581742
 1687 0.08 0.0201778 0.00581408
 1688 0.08 0.0202133 0.00581074
 1689 0 0.0202013 0.00580731
 1690 -0.08 0.020142 0.00580418
 1691 -0.2 0.0200118 0.00580221
 1692 -0.24 0.0198582 0.00580081
 1693 -0.04 0.0198228 0.00579749
 1694 0.16 0.0199055 0.00579466
 1695 0.12 0.0199646 0.00579154
 1696 0.24 0.0200943 0.00578958
 1697 0.48 0.0203654 0.00579251
 1698 0.44 0.0206125 0.00579437
 1699 0.64 0.020977 0.00580242
 1700 0.32 0.0211529 0.00580168
 1701 0.24 0.0212816 0.00579969
 1702 0.12 0.0213396 0.00579657
 1703 -0.16 0.0212331 0.00579415
 1704 0.12 0.0212911 0.00579103
 1705 0.2 0.0213959 0.00578859
 1706 0 0.0213834 0.00578521
 1707 -0.2 0.0212537 0.00578327
 1708 -0.16 0.0211475 0.00578086
 1709 -0.28 0.0209713 0.00578016
 1710 -0.2 0.0208421 0.00577822
 1711 0.08 0.0208767 0.00577495
 1712 0.2 0.0209813 0.00577252
 1713 0.44 0.0212259 0.00577434
 1714 0.56 0.0215403 0.00577952
 1715 0.68 0.0219242 0.0057889
 1716 0.24 0.0220513 0.00578692
 1717 0.36 0.0222481 0.00578689
 1718 0.52 0.0225378 0.00579078
 1719 0.32 0.0227109 0.00578999
 1720 0.36 0.022907 0.00578995
 1721 0.24 0.0230331 0.00578796
 1722 0.2 0.0231359 0.00578551
 1723 0.16 0.0232153 0.0057827
 1724 0.12 0.0232715 0.00577961
 1725 -0.16 0.0231652 0.00577724
 1726 -0.32 0.0229664 0.00577731
 1727 -0.08 0.0229068 0.00577427
 1728 -0.24 0.0227546 0.00577294
 1729 -0.24 0.0226027 0.0057716
 1730 -0.24 0.0224509 0.00577026
 1731 -0.24 0.0222992 0.00576892
 1732 -0.16 0.022194 0.00576654
 1733 -0.28 0.0220196 0.00576585
 1734 -0.36 0.0217993 0.00576674
 1735 -0.44 0.0215331 0.00576956
 1736 -0.6 0.0211751 0.00577734
 1737 -0.44 0.0209096 0.00578011
 1738 -0.44 0.0206444 0.00578287
 1739 -0.44 0.0203795 0.00578561
 1740 -0.12 0.0202989 0.00578284
 1741 -0.24 0.0201493 0.00578145
 1742 0.04 0.0201607 0.00577815
 1743 -0.16 0.0200574 0.00577576
 1744 -0.2 0.0199312 0.00577382
 1745 -0.12 0.019851 0.00577107
 1746 -0.12 0.0197709 0.00576832
 1747 0.04 0.0197825 0.00576503
 1748 -0.04 0.0197483 0.00576183
 1749 -0.12 0.0196684 0.00575909
 1750 -0.08 0.0196114 0.00575608
 1751 0.12 0.0196688 0.00575308
 1752 0.28 0.0198174 0.00575171
 1753 0.32 0.0199886 0.00575098
 1754 0.16 0.0200684 0.00574825
 1755 0.08 0.0201026 0.00574508
 1756 0.36 0.0202961 0.00574507
 1757 0.2 0.0203984 0.00574271
 1758 0.16 0.0204778 0.00573999
 1759 0.12 0.0205344 0.00573701
 1760 0.16 0.0206136 0.00573429
 1761 0.08 0.0206474 0.00573113
 1762 -0.12 0.0205675 0.00572844
 1763 0.2 0.0206693 0.00572609
 1764 0.2 0.020771 0.00572375
 1765 0.08 0.0208045 0.0057206
 1766 -0.12 0.0207248 0.00571792
 1767 -0.16 0.0206225 0.0057156
 1768 -0.2 0.0204977 0.00571372
 1769 -0.12 0.0204183 0.00571105
 1770 0 0.0204068 0.00570783
 1771 0.12 0.020463 0.00570488
 1772 0 0.0204515 0.00570167
 1773 -0.24 0.0203046 0.00570035
 1774 -0.4 0.0200676 0.00570206
 1775 -0.36 0.0198535 0.00570287
 1776 -0.44 0.0195946 0.00570554
 1777 -0.2 0.019471 0.00570366
 1778 -0.16 0.0193701 0.00570135
 1779 -0.12 0.0192917 0.00569868
 1780 -0.04 0.0192584 0.00569558
 1781 0.04 0.0192701 0.00569239
 1782 -0.16 0.0191695 0.00569008
 1783 -0.16 0.019069 0.00568778
 1784 -0.24 0.0189238 0.00568644
 1785 -0.32 0.0187339 0.00568643
 1786 0 0.0187234 0.00568325
 1787 -0.08 0.0186682 0.00568034
 1788 -0.24 0.0185235 0.00567901
 1789 -0.48 0.0182448 0.00568267
 1790 -0.44 0.0179888 0.00568526
 1791 -0.12 0.0179118 0.0056826
 1792 -0.12 0.0178348 0.00567995
 1793 -0.08 0.0177803 0.00567705
 1794 0.08 0.0178149 0.00567399
 1795 0.24 0.0179387 0.00567218
 1796 -0.04 0.0179065 0.00566911
 1797 -0.2 0.0177852 0.00566725
 1798 0 0.0177753 0.00566411
 1799 -0.04 0.0177432 0.00566105
 1800 -0.2 0.0176222 0.0056592
 1801 -0.08 0.017568 0.00565631
 1802 -0.28 0.0174029 0.00565558
 1803 -0.28 0.0172379 0.00565485
 1804 -0.28 0.0170732 0.00565412
 1805 -0.12 0.0169972 0.0056515
 1806 -0.24 0.0168549 0.00565016
 1807 -0.24 0.0167128 0.00564882
 1808 -0.36 0.0165044 0.00564954
 1809 -0.32 0.0163184 0.00564948
 1810 -0.44 0.0160663 0.00565198
 1811 -0.28 0.0159028 0.00565122
 1812 -0.16 0.0158057 0.00564894
 1813 -0.12 0.0157308 0.00564632
 1814 0.24 0.0158545 0.00564456
 1815 0.24 0.015978 0.0056428
 1816 -0.04 0.0159471 0.00563978
 1817 -0.12 0.0158723 0.00563717
 1818 -0.2 0.0157536 0.00563532
 1819 -0.12 0.0156789 0.00563271
 1820 0.08 0.0157143 0.00562973
 1821 0.2 0.0158155 0.00562755
 1822 -0.12 0.0157409 0.00562495
 1823 0.08 0.0157762 0.00562197
 1824 0.08 0.0158114 0.005619
 1825 0.2 0.0159123 0.00561683
 1826 0.04 0.0159255 0.00561377
 1827 0.16 0.0160044 0.00561125
 1828 0.2 0.016105 0.00560908
 1829 0.2 0.0162056 0.00560691
 1830 0.4 0.0164153 0.00560777
 1831 0.56 0.0167122 0.00561257
 1832 0.36 0.0168996 0.00561263
 1833 0.16 0.0169776 0.00561011
 1834 0.12 0.0170338 0.00560733
 1835 0.28 0.0171771 0.00560611
 1836 0.2 0.0172767 0.00560394
 1837 0.08 0.0173108 0.00560099
 1838 0 0.0173014 0.00559795
 1839 0.12 0.0173573 0.00559518
 1840 0.16 0.0174348 0.00559268
 1841 0.08 0.0174688 0.00558974
 1842 -0.04 0.0174376 0.0055868
 1843 0.16 0.0175149 0.0055843
 1844 0.04 0.0175271 0.00558128
 1845 -0.04 0.0174959 0.00557835
 1846 -0.16 0.0173998 0.00557615
 1847 -0.08 0.017347 0.00557338
 1848 -0.12 0.0172727 0.00557086
 1849 -0.08 0.0172201 0.0055681
 1850 -0.12 0.0171459 0.00556558
 1851 -0.04 0.0171151 0.00556266
 1852 0 0.0171058 0.00555966
 1853 -0.08 0.0170534 0.00555691
 1854 -0.08 0.0170011 0.00555416
 1855 -0.08 0.0169488 0.00555141
 1856 0.08 0.0169828 0.00554852
 1857 -0.28 0.0168228 0.00554784
 1858 -0.2 0.0167061 0.00554608
 1859 -0.24 0.016568 0.00554481
 1860 -0.16 0.0164731 0.00554264
 1861 -0.04 0.0164428 0.00553975
 1862 -0.04 0.0164125 0.00553685
 1863 0.04 0.0164251 0.0055339
 1864 -0.08 0.0163734 0.00553117
 1865 -0.28 0.0162145 0.00553049
 1866 -0.24 0.0160772 0.00552923
 1867 -0.12 0.0160043 0.00552674
 1868 0.12 0.01606 0.00552407
 1869 0.28 0.0162012 0.00552291
 1870 0.08 0.0162353 0.00552007
 1871 -0.08 0.0161839 0.00551735
 1872 0.12 0.0162393 0.00551469
 1873 0.16 0.0163161 0.00551227
 1874 0.4 0.0165208 0.00551314
 1875 0.24 0.01664 0.00551148
 1876 -0.08 0.0165885 0.00550879
 1877 -0.32 0.0164092 0.00550877
 1878 -0.44 0.0161661 0.0055112
 1879 -0.04 0.0161362 0.00550834
 1880 -0.04 0.0161064 0.00550549
 1881 -0.04 0.0160766 0.00550265
 1882 -0.16 0.015983 0.00550052
 1883 -0.12 0.0159108 0.00549807
 1884 -0.4 0.01569 0.00549958
 1885 0.08 0.0157241 0.00549677
 1886 -0.04 0.0156946 0.00549394
 1887 0.04 0.0157075 0.00549104
 1888 0.12 0.0157627 0.00548841
 1889 0.08 0.0157967 0.00548561
 1890 -0.28 0.0156402 0.00548494
 1891 -0.28 0.0154839 0.00548426
 1892 -0.44 0.0152431 0.00548665
 1893 -0.16 0.0151506 0.00548453
 1894 -0.08 0.0151003 0.00548186
 1895 0 0.0150923 0.00547898
 1896 -0.2 0.0149789 0.00547726
 1897 -0.2 0.0148656 0.00547555
 1898 -0.16 0.0147734 0.00547344
 1899 -0.44 0.014534 0.00547579
 1900 -0.6 0.0142105 0.00548246
 1901 -0.64 0.0138664 0.00549037
 1902 -0.48 0.0136067 0.00549362
 1903 -0.36 0.0134104 0.00549424
 1904 -0.24 0.0132773 0.00549297
 1905 -0.44 0.0130394 0.00549524
 1906 -0.32 0.0128646 0.00549513
 1907 -0.04 0.0128369 0.00549232
 1908 -0.24 0.0127044 0.00549104
 1909 -0.2 0.012593 0.0054893
 1910 -0.4 0.012377 0.00549067
 1911 -0.4 0.0121612 0.00549204
 1912 -0.24 0.0120293 0.00549075
 1913 -0.16 0.0119394 0.00548862
 1914 -0.16 0.0118495 0.00548648
 1915 0 0.0118433 0.00548362
 1916 0.2 0.0119415 0.00548164
 1917 0.2 0.0120396 0.00547965
 1918 0.16 0.0121168 0.00547734
 1919 0.24 0.0122355 0.00547577
 1920 0.32 0.0123958 0.00547527
 1921 0.2 0.0124935 0.00547329
 1922 0.28 0.0126327 0.00547221
 1923 0.04 0.0126469 0.00546938
 1924 0.04 0.0126611 0.00546656
 1925 0.24 0.0127792 0.00546499
 1926 0 0.0127726 0.00546216
 1927 -0.12 0.0127037 0.00545976
 1928 -0.04 0.0126763 0.00545699
 1929 -0.04 0.012649 0.00545423
 1930 -0.24 0.0125181 0.00545298
 1931 -0.44 0.0122838 0.00545519
 1932 -0.36 0.0120911 0.00545577
 1933 -0.32 0.0119193 0.00545565
 1934 -0.16 0.0118304 0.00545355
 1935 -0.2 0.0117209 0.00545183
 1936 -0.08 0.0116736 0.00544922
 1937 -0.48 0.0114197 0.00545232
 1938 -0.12 0.0113519 0.00544993
 1939 0.04 0.0113667 0.00544714
 1940 0 0.0113608 0.00544433
 1941 -0.12 0.0112931 0.00544195
 1942 0.08 0.0113285 0.00543926
 1943 -0.12 0.0112609 0.00543688
 1944 -0.12 0.0111934 0.0054345
 1945 0 0.0111877 0.00543171
 1946 0.08 0.011223 0.00542903
 1947 0.08 0.0112583 0.00542636
 1948 0.12 0.0113142 0.00542386
 1949 0.04 0.0113289 0.0054211
 1950 0 0.0113231 0.00541832
 1951 0.08 0.0113583 0.00541565
 1952 0.04 0.011373 0.0054129
 1953 0.36 0.0115515 0.00541307
 1954 0.16 0.0116274 0.00541083
 1955 -0.08 0.0115806 0.00540827
 1956 0 0.0115746 0.00540551
 1957 0.24 0.0116914 0.005404
 1958 0.28 0.0118284 0.00540298
 1959 0.24 0.0119449 0.00540148
 1960 0.4 0.0121429 0.00540235
 1961 0.56 0.0124222 0.00540682
 1962 0.56 0.0127013 0.00541126
 1963 0.32 0.0128579 0.00541077
 1964 0.2 0.0129532 0.00540885
 1965 0.28 0.0130891 0.00540781
 1966 0.44 0.0133062 0.00540942
 1967 0.24 0.0134215 0.0054079
 1968 0.2 0.0135163 0.00540598
 1969 0.32 0.0136719 0.00540547
 1970 0.44 0.0138883 0.00540706
 1971 0.52 0.0141451 0.00541041
 1972 0.36 0.0143205 0.00541051
 1973 0.16 0.0143943 0.00540827
 1974 -0.04 0.0143668 0.0054056
 1975 0.04 0.0143797 0.00540288
 1976 0.08 0.014413 0.00540025
 1977 0.2 0.0145068 0.00539833
 1978 0.08 0.0145399 0.0053957
 1979 0.12 0.0145932 0.00539324
 1980 0.2 0.0146869 0.00539133
 1981 0.36 0.0148612 0.00539143
 1982 0.32 0.0150151 0.0053909
 1983 0.2 0.0151084 0.00538899
 1984 0.12 0.0151613 0.00538653
 1985 0.04 0.0151738 0.00538384
 1986 0 0.0151662 0.00538113
 1987 0.12 0.0152189 0.00537868
 1988 0.2 0.0153119 0.00537678
 1989 0.28 0.0154449 0.00537572
 1990 0.2 0.0155377 0.00537382
 1991 0.12 0.0155902 0.00537137
 1992 0.2 0.0156827 0.00536948
 1993 0.28 0.0158154 0.00536842
 1994 0.16 0.0158877 0.00536621
 1995 0.12 0.0159398 0.00536378
 1996 -0.12 0.0158717 0.00536152
 1997 0 0.0158638 0.00535884
 1998 0.28 0.015996 0.00535779
 1999 0.28 0.0161281 0.00535674
 2000 0.4 0.01632 0.0053575
