 1 1.44 1.44 0
 2 0.04 0.74 0.7
 3 0.36 0.613333 0.42353
 4 3.24 1.27 0.721734
 5 1.44 1.304 0.560086
 6 0.64 1.19333 0.470508
 7 0 1.02286 0.432654
 8 0.04 0.9 0.394317
 9 0.16 0.817778 0.357343
 10 0.64 0.8 0.320111
 11 0.16 0.741818 0.295339
 12 1 0.763333 0.270464
 13 0.36 0.732308 0.250717
 14 1 0.751429 0.232905
 15 0.04 0.704 0.22195
 16 1.96 0.7825 0.22196
 17 1 0.795294 0.208887
 18 1.96 0.86 0.207298
 19 0.04 0.816842 0.200778
 20 0.36 0.794 0.191839
 21 0.36 0.773333 0.183642
 22 0.04 0.74 0.178241
 23 0.04 0.709565 0.173013
 24 0 0.68 0.168265
 25 1 0.6928 0.161901
 26 0.04 0.667692 0.157562
 27 0 0.642963 0.153618
 28 0.16 0.625714 0.149032
 29 1.96 0.671724 0.150982
 30 0.04 0.650667 0.147375
 31 0.16 0.634839 0.143417
 32 0.64 0.635 0.138863
 33 0.16 0.620606 0.135357
 34 0.16 0.607059 0.132013
 35 1.44 0.630857 0.130376
 36 1 0.641111 0.127117
 37 0.16 0.628108 0.124315
 38 0.36 0.621053 0.121205
 39 1.44 0.642051 0.11991
 40 0 0.626 0.11797
 41 1.44 0.645854 0.116758
 42 5.76 0.767619 0.166763
 43 3.24 0.825116 0.172692
 44 3.24 0.88 0.177423
 45 0.36 0.868444 0.17382
 46 0.64 0.863478 0.170072
 47 0.36 0.852766 0.166759
 48 1 0.855833 0.163276
 49 0.04 0.839184 0.160774
 50 2.56 0.8736 0.161242
 51 3.24 0.92 0.164719
 52 5.76 1.01308 0.186419
 53 3.24 1.05509 0.187633
 54 1.96 1.07185 0.184886
 55 1 1.07055 0.181498
 56 4 1.12286 0.185746
 57 0.64 1.11439 0.182655
 58 1.44 1.12 0.179566
 59 1.96 1.13424 0.177069
 60 1.96 1.148 0.174636
 61 0 1.12918 0.172778
 62 0.64 1.12129 0.170151
 63 4 1.16698 0.173552
 64 7.84 1.27125 0.200126
 65 4.84 1.32615 0.20453
 66 2.56 1.34485 0.202273
 67 0.36 1.33015 0.199773
 68 0.36 1.31588 0.197329
 69 0.64 1.30609 0.194695
 70 0.04 1.288 0.192744
 71 0.16 1.27211 0.190673
 72 0.04 1.255 0.188783
 73 1.96 1.26466 0.186429
 74 0.16 1.24973 0.184498
 75 0.16 1.2352 0.1826
 76 0.16 1.22105 0.180736
 77 0.16 1.20727 0.178905
 78 0.16 1.19385 0.177106
 79 0.04 1.17924 0.175459
 80 0.36 1.169 0.173554
 81 0.16 1.15654 0.17185
 82 0.16 1.14439 0.170176
 83 0 1.1306 0.168678
 84 1 1.12905 0.166665
 85 4 1.16282 0.16812
 86 2.56 1.17907 0.166946
 87 4.84 1.22115 0.170297
 88 2.56 1.23636 0.169036
 89 3.24 1.25888 0.168636
 90 1.96 1.26667 0.166933
 91 2.56 1.28088 0.165699
 92 1.96 1.28826 0.164055
 93 1.96 1.29548 0.162442
 94 4 1.32426 0.163259
 95 1.96 1.33095 0.16167
 96 7.84 1.39875 0.173753
 97 9 1.47711 0.188966
 98 4 1.50286 0.188792
 99 0.36 1.49131 0.187231
 100 0 1.4764 0.185948
 101 0.16 1.46337 0.184559
 102 1.96 1.46824 0.182805
 103 0.64 1.46019 0.1812
 104 0.16 1.44769 0.179885
 105 0.64 1.44 0.178329
 106 0.16 1.42792 0.177051
 107 0.64 1.42056 0.175543
 108 1 1.41667 0.173954
 109 1.96 1.42165 0.172423
 110 0.64 1.41455 0.170996
 111 0.36 1.40505 0.169714
 112 0.16 1.39393 0.168559
 113 0.64 1.38726 0.167194
 114 0.64 1.3807 0.16585
 115 0.04 1.36904 0.164815
 116 0.16 1.35862 0.16372
 117 0 1.34701 0.162729
 118 0.16 1.33695 0.161658
 119 0.04 1.32605 0.160664
 120 1 1.32333 0.159342
 121 0.64 1.31769 0.158121
 122 1 1.31508 0.156841
 123 1.96 1.32033 0.155649
 124 1 1.31774 0.15441
 125 0.64 1.31232 0.153266
 126 0.04 1.30222 0.15238
 127 0.04 1.29228 0.151501
 128 0.16 1.28344 0.150573
 129 0.04 1.2738 0.149712
 130 0.64 1.26892 0.148636
 131 1 1.26687 0.147511
 132 0.36 1.26 0.14655
 133 1 1.25805 0.145458
 134 0.36 1.25134 0.144523
 135 0.04 1.24237 0.143729
 136 0.36 1.23588 0.142816
 137 0.16 1.22803 0.141987
 138 0.36 1.22174 0.141095
 139 3.24 1.23626 0.140826
 140 6.76 1.27571 0.145277
 141 3.24 1.28965 0.144914
 142 1 1.28761 0.143905
 143 4.84 1.31245 0.145038
 144 3.24 1.32583 0.144648
 145 3.24 1.33903 0.144252
 146 3.24 1.35205 0.143851
 147 1.96 1.35619 0.142929
 148 6.76 1.3927 0.146581
 149 4 1.4102 0.146641
 150 4 1.42747 0.14668
 151 1.96 1.43099 0.145748
 152 1 1.42816 0.144814
 153 0.04 1.41908 0.14415
 154 0.04 1.41013 0.143491
 155 0.04 1.40129 0.142836
 156 0.16 1.39333 0.14214
 157 0.16 1.38548 0.14145
 158 0.16 1.37772 0.140766
 159 0 1.36906 0.140146
 160 0.64 1.3645 0.139342
 161 0.16 1.35702 0.138675
 162 0.64 1.35259 0.137888
 163 0.16 1.34528 0.137234
 164 1.44 1.34585 0.136396
 165 1.44 1.34642 0.135568
 166 1 1.34434 0.134765
 167 3.24 1.35569 0.134436
 168 1 1.35357 0.13365
 169 0.64 1.34935 0.132924
 170 0.04 1.34165 0.132364
 171 0.64 1.33754 0.131652
 172 0.16 1.3307 0.131063
 173 1 1.32879 0.130317
 174 0.16 1.32207 0.12974
 175 0.16 1.31543 0.129167
 176 0.04 1.30818 0.128636
 177 0.16 1.30169 0.128071
 178 0.04 1.29461 0.127547
 179 0.04 1.2876 0.127026
 180 0.16 1.28133 0.126473
 181 0.04 1.27448 0.12596
 182 0.16 1.26835 0.125415
 183 0.64 1.26492 0.124775
 184 1 1.26348 0.124104
 185 3.24 1.27416 0.123892
 186 4.84 1.29333 0.124707
 187 4 1.30781 0.12488
 188 1.96 1.31128 0.124262
 189 0.04 1.30455 0.123786
 190 0 1.29768 0.123324
 191 0.04 1.2911 0.122853
 192 1.44 1.29187 0.122214
 193 0 1.28518 0.121763
 194 0.64 1.28186 0.12118
 195 0.04 1.27549 0.120725
 196 0.04 1.26918 0.120273
 197 0.36 1.26457 0.11975
 198 1 1.26323 0.119151
 199 0.04 1.25709 0.11871
 200 4 1.2708 0.118908
 201 3.24 1.2806 0.11872
 202 1.44 1.28139 0.118133
 203 0.16 1.27586 0.11768
 204 4.84 1.29333 0.118398
 205 2.56 1.29951 0.117981
 206 6.76 1.32602 0.120362
 207 4.84 1.343 0.120976
 208 4.84 1.35981 0.121561
 209 1.96 1.36268 0.121012
 210 0.36 1.3579 0.120529
 211 0.64 1.3545 0.120005
 212 0.36 1.34981 0.119529
 213 0.04 1.34366 0.119126
 214 0.36 1.33907 0.118657
 215 0.16 1.33358 0.118231
 216 0.04 1.32759 0.117834
 217 1 1.32608 0.1173
 218 0.64 1.32294 0.116803
 219 0.36 1.31854 0.116352
 220 0 1.31255 0.115976
 221 0.36 1.30824 0.115531
 222 0.64 1.30523 0.115049
 223 0.64 1.30224 0.11457
 224 0 1.29643 0.114206
 225 0.36 1.29227 0.113773
 226 0.04 1.28673 0.113404
 227 0.04 1.28123 0.113037
 228 0.04 1.27579 0.112672
 229 1.44 1.27651 0.112181
 230 6.76 1.30035 0.114208
 231 3.24 1.30874 0.114022
 232 6.76 1.33224 0.115936
 233 6.76 1.35554 0.117764
 234 3.24 1.36359 0.117536
 235 1.44 1.36391 0.117035
 236 0 1.35814 0.116682
 237 3.24 1.36608 0.116459
 238 2.56 1.37109 0.116077
 239 0.16 1.36603 0.115702
 240 0.04 1.3605 0.115351
 241 0.36 1.35635 0.114946
 242 1 1.35488 0.11448
 243 0.16 1.34996 0.114114
 244 0.16 1.34508 0.11375
 245 0 1.33959 0.113417
 246 0.04 1.33431 0.113079
 247 0 1.32891 0.11275
 248 0.36 1.325 0.112362
 249 1 1.32369 0.111918
 250 0.04 1.31856 0.111587
 251 0.16 1.31394 0.111238
 252 0.04 1.30889 0.11091
 253 0.16 1.30435 0.110565
 254 1 1.30315 0.110135
 255 0.16 1.29867 0.109794
 256 1 1.2975 0.10937
 257 0.36 1.29385 0.109005
 258 0.04 1.28899 0.10869
 259 0.04 1.28417 0.108377
 260 0.04 1.27938 0.108065
 261 1 1.27831 0.107656
 262 0.64 1.27588 0.107272
 263 0.36 1.2724 0.10692
 264 0.36 1.26894 0.10657
 265 0.04 1.2643 0.106269
 266 0.16 1.26015 0.10595
 267 0.36 1.25678 0.105606
 268 1.96 1.2594 0.105244
 269 1.44 1.26007 0.104854
 270 0.16 1.256 0.104544
 271 0.64 1.25373 0.104183
 272 0.64 1.25147 0.103824
 273 0.36 1.24821 0.103494
 274 0 1.24365 0.103216
 275 0.16 1.23971 0.102916
 276 1.44 1.24043 0.102545
 277 1.44 1.24116 0.102176
 278 4.84 1.2541 0.102628
 279 0.16 1.25018 0.102335
 280 4 1.26 0.10244
 281 7.84 1.28342 0.104727
 282 4.84 1.29603 0.105114
 283 0.36 1.29272 0.104794
 284 0.36 1.28944 0.104476
 285 0.04 1.28505 0.104201
 286 0.16 1.28112 0.103911
 287 2.56 1.28557 0.103644
 288 0.36 1.28236 0.103333
 289 0.36 1.27917 0.103024
 290 3.24 1.28593 0.102891
 291 0.64 1.28371 0.102561
 292 0.64 1.28151 0.102233
 293 0.36 1.27836 0.101932
 294 0.16 1.27456 0.101656
 295 0.04 1.27037 0.101397
 296 0.04 1.26622 0.101139
 297 0.04 1.26209 0.100883
 298 0.04 1.25799 0.100627
 299 0 1.25378 0.100378
 300 1.96 1.25613 0.100071
 301 5.76 1.2711 0.100854
 302 0.36 1.26808 0.100565
 303 0 1.26389 0.10032
 304 3.24 1.27039 0.1002
 305 2.56 1.27462 0.0999604
 306 0.36 1.27163 0.0996781
 307 0.36 1.26866 0.0993972
 308 0.04 1.26468 0.0991542
 309 0.04 1.26071 0.0989123
 310 0.36 1.25781 0.0986355
 311 0.04 1.25389 0.0983958
 312 0.04 1.25 0.098157
 313 0.04 1.24613 0.0979193
 314 0.36 1.24331 0.0976477
 315 0.36 1.24051 0.0973776
 316 0.04 1.23671 0.0971433
 317 0.36 1.23394 0.0968758
 318 0.64 1.23208 0.0965888
 319 0.04 1.22834 0.096358
 320 0.36 1.22563 0.0960947
 321 0.16 1.22231 0.0958524
 322 0.36 1.21963 0.0955918
 323 0.16 1.21635 0.0953518
 324 0.16 1.21309 0.095113
 325 0.36 1.21046 0.0948562
 326 0.36 1.20785 0.0946007
 327 0.04 1.20428 0.0943786
 328 0.16 1.2011 0.0941443
 329 0.64 1.19939 0.0938732
 330 1.44 1.20012 0.0935911
 331 0.36 1.19758 0.0933424
 332 1 1.19699 0.0930628
 333 1.44 1.19772 0.0927858
 334 0.04 1.19425 0.0925725
 335 0 1.19069 0.0923645
 336 0.64 1.18905 0.0921038
 337 0.16 1.18599 0.0918808
 338 0.04 1.1826 0.0916713
 339 0.36 1.18018 0.0914327
 340 0.64 1.17859 0.0911772
 341 0.16 1.1756 0.0909585
 342 2.56 1.17965 0.0907825
 343 3.24 1.18566 0.0907165
 344 2.56 1.18965 0.0905406
 345 0.64 1.18806 0.0902918
 346 1.44 1.18879 0.0900334
 347 0.36 1.1864 0.0898054
 348 0.16 1.18345 0.0895955
 349 0.04 1.18017 0.0893985
 350 0.04 1.17691 0.0892022
 351 0.04 1.17368 0.0890066
 352 0.16 1.1708 0.0888001
 353 0.64 1.16929 0.088561
 354 0.04 1.1661 0.088368
 355 0.16 1.16327 0.0881643
 356 0.04 1.16011 0.0879729
 357 0 1.15686 0.0877863
 358 0.36 1.15464 0.0875691
 359 0.04 1.15153 0.08738
 360 0 1.14833 0.0871956
 361 0.04 1.14526 0.0870079
 362 0.64 1.14387 0.0867785
 363 3.24 1.14964 0.0867315
 364 1 1.14923 0.0864939
 365 0.64 1.14784 0.0862679
 366 4 1.15563 0.0863841
 367 5.76 1.16817 0.0870571
 368 2.56 1.17196 0.0869026
 369 1.96 1.17409 0.0866931
 370 0.16 1.17135 0.0865019
 371 1 1.17089 0.0862696
 372 1.96 1.17301 0.0860635
 373 0 1.16987 0.0858901
 374 1.96 1.17198 0.0856862
 375 1.44 1.17269 0.0854604
 376 0.16 1.17 0.0852753
 377 0.04 1.167 0.0851016
 378 0.36 1.16487 0.084903
 379 1 1.16443 0.0846798
 380 0.16 1.16179 0.0844981
 381 1.96 1.16388 0.084302
 382 1.44 1.16461 0.0840842
 383 6.76 1.17922 0.0851273
 384 4 1.18656 0.0852225
 385 0.16 1.1839 0.0850427
 386 0.16 1.18124 0.0848635
 387 1.96 1.18326 0.0846679
 388 0.64 1.18186 0.084461
 389 0.36 1.17974 0.0842701
 390 1 1.17928 0.084055
 391 1.96 1.18128 0.0838635
 392 0.64 1.1799 0.0836607
 393 1.96 1.18188 0.0834712
 394 0 1.17888 0.0833131
 395 3.24 1.1841 0.0832655
 396 1.44 1.18475 0.0830575
 397 0.36 1.18267 0.0828741
 398 1.96 1.18462 0.0826887
 399 0.04 1.18175 0.082531
 400 0.04 1.1789 0.0823739
 401 1 1.17845 0.0821694
 402 1.44 1.1791 0.0819674
 403 2.56 1.18253 0.0818355
 404 1 1.18208 0.0816339
 405 1 1.18163 0.0814334
 406 1.96 1.18355 0.0812551
 407 4 1.19047 0.0813501
 408 0.04 1.18765 0.0811995
 409 1 1.18719 0.081002
 410 0.04 1.18439 0.0808526
 411 0.36 1.18238 0.0806806
 412 0 1.17951 0.0805357
 413 0.36 1.17753 0.0803649
 414 2.56 1.18087 0.0802401
 415 0.36 1.17889 0.0800709
 416 0.36 1.17692 0.0799025
 417 0.36 1.17496 0.0797347
 418 0.64 1.17368 0.079554
 419 0.36 1.17174 0.0793877
 420 0.04 1.16905 0.0792443
 421 0 1.16627 0.0791046
 422 1 1.16588 0.0789179
 423 0.64 1.16463 0.0787409
 424 1.44 1.16528 0.0785577
 425 2.56 1.16856 0.0784413
 426 0.04 1.16592 0.0783018
 427 0.16 1.16356 0.0781537
 428 1.44 1.16421 0.0779735
 429 0.04 1.16159 0.0778357
 430 0.16 1.15926 0.0776894
 431 1.44 1.15991 0.0775117
 432 3.24 1.16472 0.0774818
 433 4.84 1.17321 0.0777672
 434 0.04 1.1706 0.0776318
 435 0 1.16791 0.0774998
 436 0.36 1.16606 0.0773441
 437 3.24 1.1708 0.0773127
 438 0.36 1.16895 0.0771582
 439 3.24 1.17367 0.0771266
 440 1.96 1.17545 0.0769719
 441 1.44 1.17605 0.0767995
 442 0.64 1.17484 0.0766352
 443 0.16 1.17255 0.0764963
 444 0.04 1.17 0.0763664
 445 0.64 1.16881 0.0762039
 446 0.16 1.16655 0.0760665
 447 1.44 1.16716 0.0758986
 448 0.64 1.16598 0.0757381
 449 0.64 1.16481 0.0755783
 450 0.04 1.16231 0.0754516
 451 0.36 1.16053 0.0753052
 452 1.44 1.16115 0.0751409
 453 0.36 1.15938 0.0749957
 454 0 1.15683 0.0748739
 455 0.64 1.15569 0.0747178
 456 0.36 1.15395 0.0745742
 457 0.16 1.15177 0.0744426
 458 0.36 1.15004 0.0743
 459 0.64 1.14893 0.0741463
 460 0.16 1.14678 0.0740161
 461 0.64 1.14568 0.0738636
 462 0.16 1.14355 0.0737344
 463 0.64 1.14246 0.073583
 464 0.36 1.14078 0.0734436
 465 0.64 1.1397 0.0732934
 466 1 1.1394 0.0731366
 467 0 1.13696 0.0730206
 468 0.16 1.13487 0.0728943
 469 0.04 1.13254 0.0727761
 470 0.04 1.13021 0.0726583
 471 0.16 1.12815 0.0725332
 472 0.16 1.1261 0.0724084
 473 0.36 1.12448 0.0722733
 474 4 1.13055 0.0723753
 475 2.56 1.13356 0.0722855
 476 1.44 1.1342 0.0721363
 477 0.04 1.13191 0.0720215
 478 0.16 1.12987 0.0718994
 479 0.04 1.1276 0.0717852
 480 0.36 1.126 0.0716534
 481 1 1.12574 0.0715047
 482 0.04 1.12349 0.0713918
 483 0.04 1.12124 0.0712791
 484 0 1.11893 0.0711694
 485 0.04 1.1167 0.0710573
 486 1 1.11646 0.0709114
 487 1 1.11622 0.070766
 488 0.16 1.11426 0.070648
 489 0.04 1.11207 0.0705376
 490 1.96 1.1138 0.0704148
 491 0.16 1.11185 0.0702981
 492 0.04 1.10967 0.0701889
 493 1.44 1.11034 0.0700496
 494 0.04 1.10818 0.0699412
 495 0 1.10594 0.0698357
 496 0.64 1.105 0.069701
 497 0.16 1.1031 0.0695866
 498 0.04 1.10096 0.0694796
 499 1 1.10076 0.0693405
 500 1 1.10056 0.069202
 501 0.04 1.09844 0.0690961
 502 0 1.09625 0.0689931
 503 0.64 1.09535 0.0688617
 504 1.44 1.09603 0.0687284
 505 0.64 1.09513 0.0685981
 506 0.16 1.09328 0.0684873
 507 2.56 1.09617 0.0684133
 508 0.36 1.09472 0.0682939
 509 3.24 1.09894 0.0682897
 510 2.56 1.1018 0.0682159
 511 0.04 1.09973 0.068114
 512 0.36 1.09828 0.0679962
 513 0.04 1.09622 0.0678948
 514 0.04 1.09416 0.0677938
 515 0.04 1.09212 0.0676929
 516 0.36 1.0907 0.0675765
 517 0.64 1.08983 0.0674513
 518 1.96 1.09151 0.0673419
 519 1 1.09133 0.0672123
 520 0.36 1.08992 0.0670977
 521 1 1.08975 0.066969
 522 1.44 1.09042 0.0668439
 523 0.64 1.08956 0.0667215
 524 2.56 1.09237 0.0666532
 525 5.76 1.10126 0.0671176
 526 6.76 1.11202 0.0678482
 527 0.16 1.11021 0.0677434
 528 0.36 1.10879 0.0676299
 529 0.36 1.10737 0.0675168
 530 0 1.10528 0.0674217
 531 1 1.10508 0.0672949
 532 0 1.10301 0.0672004
 533 0.04 1.10101 0.0671038
 534 0.16 1.09925 0.0670012
 535 1.96 1.10086 0.0668952
 536 4 1.10627 0.066989
 537 0.64 1.1054 0.0668698
 538 0.16 1.10364 0.0667685
 539 0.16 1.10189 0.0666675
 540 0.04 1.09993 0.066573
 541 0.64 1.09908 0.0664552
 542 0.64 1.09823 0.0663379
 543 0.04 1.09628 0.0662443
 544 0.04 1.09434 0.0661509
 545 0.64 1.0935 0.0660347
 546 0.16 1.09179 0.0659358
 547 1.96 1.09338 0.0658343
 548 6.76 1.10372 0.0665227
 549 2.56 1.10638 0.0664543
 550 0.16 1.10465 0.0663557
 551 0.04 1.10272 0.0662634
 552 0 1.10072 0.0661734
 553 0.64 1.09989 0.0660589
 554 0.36 1.09856 0.065953
 555 0.16 1.09686 0.0658558
 556 0.04 1.09496 0.0657647
 557 0.36 1.09364 0.0656598
 558 0.36 1.09233 0.0655552
 559 0 1.09038 0.065467
 560 0.36 1.08907 0.065363
 561 0.64 1.08827 0.0652513
 562 0 1.08633 0.0651639
 563 0.16 1.08469 0.0650688
 564 0.04 1.08284 0.0649798
 565 1.44 1.08347 0.0648677
 566 0.36 1.08219 0.0647656
 567 2.56 1.0848 0.0647038
 568 4 1.08993 0.0647934
 569 3.24 1.09371 0.0647897
 570 0.36 1.09242 0.0646888
 571 0.64 1.09163 0.0645802
 572 0.64 1.09084 0.0644721
 573 0.64 1.09005 0.0643643
 574 0.64 1.08927 0.0642568
 575 2.56 1.09183 0.0641959
 576 6.76 1.10167 0.0648355
 577 1.44 1.10225 0.0647257
 578 3.24 1.10595 0.0647194
 579 1.96 1.10743 0.0646244
 580 1.96 1.1089 0.0645296
 581 0.36 1.10761 0.0644313
 582 0.04 1.10577 0.0643467
 583 0.04 1.10395 0.0642622
 584 0 1.10205 0.0641799
 585 0.36 1.10079 0.0640827
 586 0.16 1.09918 0.0639934
 587 0.04 1.09738 0.0639098
 588 1.44 1.09796 0.0638036
 589 0.36 1.09671 0.0637075
 590 1 1.09654 0.0635997
 591 1 1.09638 0.0634922
 592 0.16 1.0948 0.0634046
 593 0.64 1.09403 0.0633022
 594 7.84 1.10539 0.0642079
 595 9 1.11866 0.0654587
 596 5.76 1.12644 0.0658112
 597 4 1.13126 0.0658769
 598 4 1.13605 0.0659414
 599 0.64 1.13523 0.0658364
 600 1 1.135 0.065727
 601 0.16 1.13338 0.0656376
 602 0 1.1315 0.0655555
 603 0 1.12962 0.0654736
 604 0.04 1.12781 0.06539
 605 0.36 1.12655 0.0652942
 606 0.36 1.12528 0.0651986
 607 0.36 1.12402 0.0651033
 608 0.04 1.12224 0.0650206
 609 0 1.12039 0.0649399
 610 0.36 1.11915 0.0648453
 611 1 1.11895 0.0647394
 612 0.16 1.11739 0.0646525
 613 1.44 1.11791 0.0645491
 614 0.64 1.11713 0.0644486
 615 0.16 1.11558 0.0643625
 616 0.64 1.11481 0.0642626
 617 0 1.113 0.0641838
 618 0.16 1.11146 0.0640984
 619 0.64 1.11069 0.0639993
 620 0.04 1.10897 0.0639193
 621 0.64 1.10821 0.0638208
 622 0.04 1.1065 0.0637412
 623 0.36 1.1053 0.0636501
 624 0.36 1.1041 0.0635593
 625 1.44 1.10464 0.0634598
 626 0.16 1.10313 0.0633763
 627 0 1.10137 0.0632996
 628 1.96 1.10274 0.0632135
 629 0.64 1.102 0.0631172
 630 5.76 1.1094 0.0634492
 631 11.56 1.12596 0.0654778
 632 11.56 1.14247 0.0674265
 633 4 1.14698 0.0674711
 634 5.76 1.15426 0.0677564
 635 4.84 1.16006 0.0678982
 636 0.36 1.15881 0.067803
 637 0.64 1.15799 0.0677014
 638 0.16 1.15643 0.0676133
 639 0.64 1.15562 0.0675122
 640 0.04 1.15387 0.0674292
 641 0.16 1.15232 0.0673418
 642 0.04 1.15059 0.0672591
 643 2.56 1.15278 0.0671902
 644 0.36 1.15155 0.0670971
 645 0.04 1.14983 0.0670151
 646 0.04 1.14811 0.0669333
 647 1.44 1.14856 0.0668313
 648 0.64 1.14778 0.0667327
 649 1.96 1.14903 0.0666416
 650 1.96 1.15028 0.0665507
 651 1.44 1.15072 0.0664499
 652 0.64 1.14994 0.0663525
 653 0.36 1.14873 0.0662618
 654 0.36 1.14752 0.0661714
 655 1.96 1.14876 0.066082
 656 1 1.14854 0.0659816
 657 1 1.14831 0.0658814
 658 0.36 1.14711 0.0657921
 659 0.64 1.14634 0.0656967
 660 1.96 1.14758 0.0656087
 661 4 1.15189 0.0656514
 662 3.24 1.15505 0.065628
 663 4 1.15934 0.0656692
 664 2.56 1.16145 0.0656042
 665 0.36 1.16024 0.0655165
 666 1 1.16 0.0654185
 667 0.36 1.1588 0.0653314
 668 0.64 1.15802 0.0652381
 669 0.16 1.15653 0.0651576
 670 0.04 1.15487 0.0650817
 671 1.44 1.15529 0.064986
 672 5.76 1.16214 0.06525
 673 4 1.16636 0.0652893
 674 0.36 1.16516 0.0652033
 675 0.36 1.16397 0.0651176
 676 0.16 1.16249 0.0650381
 677 0.16 1.161 0.0649589
 678 0.16 1.15953 0.0648798
 679 0 1.15782 0.0648067
 680 0.16 1.15635 0.0647279
 681 0.04 1.15471 0.0646536
 682 0.04 1.15308 0.0645794
 683 1.44 1.1535 0.0644862
 684 1.44 1.15392 0.0643932
 685 2.56 1.15597 0.0643319
 686 0.36 1.15481 0.0642485
 687 0.36 1.15365 0.0641653
 688 0.16 1.15221 0.0640883
 689 0.04 1.1506 0.0640156
 690 0.64 1.14986 0.063927
 691 0.36 1.14871 0.0638446
 692 0 1.14705 0.0637739
 693 0.04 1.14545 0.0637019
 694 0.64 1.14473 0.0636142
 695 0 1.14308 0.0635439
 696 0.16 1.14167 0.0634683
 697 0.04 1.14009 0.0633969
 698 0.04 1.13851 0.0633256
 699 0.36 1.1374 0.0632447
 700 1.96 1.13857 0.0631653
 701 0.64 1.13786 0.0630791
 702 1 1.13766 0.0629895
 703 1 1.13747 0.0629001
 704 0.04 1.13591 0.0628301
 705 0.04 1.13435 0.0627601
 706 0.64 1.13365 0.0626751
 707 0.36 1.13256 0.0625959
 708 1.44 1.13299 0.062509
 709 1.96 1.13416 0.0624316
 710 0.36 1.13307 0.0623532
 711 1.96 1.13423 0.0622763
 712 1.44 1.13466 0.0621902
 713 1.44 1.13509 0.0621044
 714 0.16 1.13373 0.0620324
 715 0.36 1.13264 0.0619551
 716 0.04 1.13112 0.0618873
 717 0.36 1.13004 0.0618103
 718 0.04 1.12852 0.0617428
 719 0.04 1.12701 0.0616754
 720 0 1.12544 0.0616096
 721 0.04 1.12394 0.0615425
 722 0 1.12238 0.0614769
 723 0.64 1.12172 0.0613955
 724 3.24 1.12464 0.0613804
 725 1.96 1.12579 0.0613065
 726 0.64 1.12512 0.0612256
 727 0.04 1.12363 0.0611596
 728 0.64 1.12297 0.0610791
 729 0.64 1.1223 0.0609989
 730 0.16 1.12099 0.0609295
 731 0.64 1.12033 0.0608497
 732 0.36 1.11929 0.0607754
 733 0.16 1.11798 0.0607065
 734 0.16 1.11668 0.0606378
 735 0.64 1.11603 0.0605587
 736 0.16 1.11473 0.0604903
 737 0.36 1.1137 0.0604169
 738 0.04 1.11225 0.0603525
 739 0.04 1.1108 0.0602882
 740 0.36 1.10978 0.0602152
 741 0.04 1.10834 0.0601512
 742 0.64 1.10771 0.0600734
 743 0 1.10622 0.0600111
 744 0.64 1.10559 0.0599336
 745 0.16 1.10432 0.0598666
 746 0.04 1.1029 0.0598033
 747 0.36 1.1019 0.0597315
 748 0.04 1.10048 0.0596684
 749 0 1.09901 0.0596068
 750 0.36 1.09803 0.0595355
 751 0.16 1.09678 0.0594693
 752 0.04 1.09537 0.0594067
 753 1 1.09525 0.0593279
 754 0.36 1.09427 0.0592572
 755 0.64 1.09367 0.0591817
 756 0 1.09222 0.0591211
 757 0 1.09078 0.0590606
 758 0.04 1.08939 0.0589989
 759 2.56 1.09133 0.058953
 760 1.44 1.09179 0.0588771
 761 1.44 1.09225 0.0588015
 762 2.56 1.09417 0.0587559
 763 4.84 1.09908 0.0588838
 764 1 1.09895 0.0588068
 765 5.76 1.10505 0.0590451
 766 1 1.10491 0.0589681
 767 0.64 1.1043 0.0588943
 768 0.64 1.1037 0.0588207
 769 0.04 1.10231 0.0587604
 770 1.96 1.10343 0.0586947
 771 6.76 1.11077 0.0590758
 772 6.76 1.11808 0.0594513
 773 6.76 1.12538 0.0598213
 774 10.24 1.13716 0.0608935
 775 7.84 1.14581 0.0614268
 776 4.84 1.15057 0.061532
 777 2.56 1.15238 0.0614795
 778 4.84 1.15712 0.0615831
 779 4.84 1.16185 0.0616854
 780 3.24 1.16451 0.0616639
 781 4 1.16814 0.0616918
 782 1.96 1.16916 0.0616212
 783 0 1.16766 0.0615605
 784 0.04 1.16622 0.0614988
 785 0.16 1.16494 0.0614338
 786 3.24 1.16758 0.0614123
 787 0.04 1.16615 0.061351
 788 0.04 1.16472 0.0612897
 789 0.64 1.16406 0.0612156
 790 0.64 1.16339 0.0611417
 791 0.16 1.16212 0.0610775
 792 0.36 1.16111 0.0610088
 793 0 1.15965 0.0609494
 794 0 1.15819 0.0608901
 795 0.36 1.15718 0.0608217
 796 0.36 1.15618 0.0607535
 797 1.96 1.15719 0.0606856
 798 0.64 1.15654 0.060613
 799 1.44 1.1569 0.0605381
 800 0.36 1.1559 0.0604706
 801 0.64 1.15526 0.0603985
 802 1.44 1.15561 0.0603242
 803 0 1.15417 0.0602662
 804 0.04 1.15279 0.0602072
 805 0.16 1.15155 0.060145
 806 1 1.15136 0.0600706
 807 1.96 1.15237 0.0600045
 808 0.36 1.15139 0.0599382
 809 0 1.14996 0.059881
 810 0.04 1.14859 0.0598227
 811 1 1.14841 0.0597492
 812 1 1.14823 0.0596758
 813 1 1.14804 0.0596026
 814 0.04 1.14668 0.0595449
 815 0.04 1.14533 0.0594873
 816 0.16 1.14412 0.0594267
 817 2.56 1.14585 0.0593792
 818 1.96 1.14685 0.0593149
 819 4.84 1.15136 0.0594138
 820 9 1.16093 0.0601083
 821 9 1.17048 0.0607895
 822 4 1.17392 0.060813
 823 2.56 1.1756 0.0607625
 824 4.84 1.18005 0.0608514
 825 4 1.18347 0.0608736
 826 5.76 1.18901 0.0610518
 827 4.84 1.19342 0.0611375
 828 9 1.20285 0.0617872
 829 11.56 1.21534 0.0629646
 830 5.76 1.22082 0.0631266
 831 5.76 1.22628 0.0632868
 832 4.84 1.23062 0.0633597
 833 1.44 1.23088 0.0632841
 834 0.64 1.23017 0.0632121
 835 1 1.22989 0.063137
 836 0.36 1.22885 0.06307
 837 1.44 1.2291 0.0629951
 838 0.04 1.22768 0.0629359
 839 0.36 1.22665 0.0628694
 840 0.36 1.22562 0.0628029
 841 0.36 1.22459 0.0627367
 842 0.04 1.22318 0.0626779
 843 0 1.22173 0.0626203
 844 0.64 1.22104 0.0625499
 845 0.16 1.21979 0.0624884
 846 0.36 1.21877 0.0624228
 847 0.04 1.21738 0.0623646
 848 0.16 1.21613 0.0623035
 849 1.44 1.2164 0.0622306
 850 1 1.21614 0.0621579
 851 0.04 1.21476 0.0621002
 852 1 1.21451 0.0620277
 853 0.04 1.21313 0.0619703
 854 0.04 1.21176 0.0619129
 855 0.16 1.21053 0.0618527
 856 0.16 1.2093 0.0617926
 857 0.04 1.20793 0.0617355
 858 0 1.20653 0.0616796
 859 0 1.20512 0.0616238
 860 0.64 1.20447 0.0615556
 861 0 1.20307 0.0614999
 862 0 1.20167 0.0614444
 863 0.04 1.20032 0.0613879
 864 3.24 1.20269 0.0613623
 865 0.36 1.20171 0.061299
 866 1.44 1.20199 0.0612288
 867 0.64 1.20134 0.0611616
 868 0 1.19995 0.0611068
 869 1 1.19972 0.0610368
 870 0 1.19834 0.0609822
 871 0.36 1.19738 0.0609198
 872 2.56 1.19894 0.0608699
 873 16 1.2159 0.0631198
 874 10.24 1.22622 0.0638874
 875 6.76 1.23255 0.064127
 876 1.96 1.23338 0.0640591
 877 0.04 1.23202 0.0640005
 878 0.36 1.23103 0.0639353
 879 4 1.23418 0.0639401
 880 10.24 1.24441 0.0646821
 881 0.64 1.24372 0.0646123
 882 0.16 1.24249 0.0645507
 883 0.36 1.24149 0.0644853
 884 0.16 1.24027 0.064424
 885 2.56 1.24176 0.0643684
 886 1.44 1.24199 0.0642961
 887 2.56 1.24347 0.0642407
 888 0.16 1.24225 0.06418
 889 0.16 1.24103 0.0641193
 890 0.36 1.24004 0.0640549
 891 4.84 1.24409 0.0641104
 892 0.04 1.24274 0.0640527
 893 1.96 1.24354 0.0639859
 894 2.56 1.24501 0.0639313
 895 4.84 1.24903 0.063986
 896 1.96 1.24982 0.0639195
 897 4 1.25289 0.0639218
 898 11.56 1.26437 0.064874
 899 0.16 1.26314 0.0648134
 900 0.36 1.26213 0.0647491
 901 0.16 1.26091 0.0646888
 902 0.36 1.25991 0.0646248
 903 1 1.25962 0.0645538
 904 0.16 1.25841 0.0644938
 905 1 1.25812 0.0644232
 906 1.96 1.2589 0.0643567
 907 0.04 1.25755 0.0642997
 908 0.64 1.25687 0.0642325
 909 0.04 1.25553 0.0641757
 910 0.16 1.25433 0.0641165
 911 0.04 1.253 0.0640599
 912 1 1.25272 0.0639902
 913 0.04 1.25139 0.0639339
 914 0.04 1.25007 0.0638777
 915 0.04 1.24874 0.0638215
 916 0.64 1.24808 0.0637553
 917 1.44 1.24829 0.0636861
 918 1 1.24802 0.0636172
 919 1 1.24775 0.0635485
 920 0.36 1.24678 0.0634868
 921 0.36 1.24582 0.0634251
 922 0.04 1.24451 0.0633698
 923 0.04 1.24321 0.0633145
 924 0.04 1.2419 0.0632594
 925 0.36 1.24095 0.0631981
 926 1.96 1.24173 0.0631346
 927 3.24 1.24388 0.0631033
 928 5.76 1.24875 0.0632229
 929 2.56 1.25016 0.0631705
 930 3.24 1.2523 0.0631388
 931 4 1.25525 0.06314
 932 0.36 1.25429 0.0630795
 933 0.04 1.25299 0.0630253
 934 1.96 1.25375 0.0629624
 935 0.36 1.25279 0.0629022
 936 1.44 1.25299 0.0628353
 937 3.24 1.25511 0.062804
 938 4.84 1.25893 0.0628534
 939 1.44 1.25913 0.0627867
 940 1 1.25885 0.0627205
 941 0.64 1.25819 0.0626572
 942 0.04 1.2569 0.062604
 943 0.16 1.25574 0.0625484
 944 1 1.25547 0.0624827
 945 0.04 1.25418 0.0624298
 946 0.16 1.25302 0.0623745
 947 0.36 1.25208 0.0623157
 948 1.96 1.25283 0.0622544
 949 0.36 1.25189 0.0621959
 950 0.36 1.25095 0.0621375
 951 0.04 1.24967 0.0620852
 952 1.44 1.24987 0.0620203
 953 0.04 1.2486 0.0619682
 954 0.16 1.24746 0.0619137
 955 0 1.24616 0.0618626
 956 1 1.2459 0.0617984
 957 0.64 1.24527 0.0617371
 958 4 1.24814 0.0617396
 959 3.24 1.25022 0.0617101
 960 4.84 1.25396 0.0617591
 961 6.76 1.25969 0.0619603
 962 5.76 1.26437 0.0620724
 963 5.76 1.26903 0.0621834
 964 2.56 1.27037 0.0621333
 965 4 1.2732 0.0621333
 966 4.84 1.27689 0.0621786
 967 0 1.27557 0.0621283
 968 0.04 1.2743 0.0620773
 969 0.36 1.27335 0.0620203
 970 0.04 1.27208 0.0619694
 971 0 1.27077 0.0619194
 972 1 1.27049 0.0618563
 973 0.16 1.26935 0.0618032
 974 0.04 1.26809 0.0617527
 975 0.36 1.26716 0.0616963
 976 1.96 1.26787 0.0616372
 977 4 1.27067 0.0616375
 978 5.76 1.27526 0.0617453
 979 6.76 1.28086 0.0619361
 980 7.84 1.28755 0.0622338
 981 4 1.29032 0.0622318
 982 4 1.29308 0.0622296
 983 7.84 1.29974 0.062522
 984 7.84 1.30638 0.0628111
 985 5.76 1.3109 0.06291
 986 3.24 1.31286 0.0628766
 987 4.84 1.31643 0.0629145
 988 4.84 1.32 0.0629518
 989 4 1.32271 0.0629465
 990 3.24 1.32465 0.0629127
 991 3.24 1.32658 0.0628789
 992 0.16 1.3254 0.0628265
 993 0.16 1.32423 0.0627742
 994 0.04 1.32294 0.0627243
 995 0.04 1.32165 0.0626745
 996 0 1.32032 0.0626256
 997 0.16 1.31916 0.0625736
 998 0.36 1.3182 0.0625182
 999 0.04 1.31692 0.0624687
 1000 0.36 1.31596 0.0624136
 1001 0 1.31465 0.062365
 1002 0.36 1.31369 0.06231
 1003 0.64 1.31302 0.0622515
 1004 1.96 1.31367 0.0621928
 1005 0.16 1.31252 0.0621415
 1006 0.36 1.31157 0.0620869
 1007 0.36 1.31063 0.0620324
 1008 0.16 1.30948 0.0619814
 1009 0.04 1.30823 0.0619327
 1010 2.56 1.30947 0.0618838
 1011 0.16 1.30833 0.061833
 1012 0.64 1.30767 0.0617754
 1013 0.36 1.30673 0.0617215
 1014 0.64 1.30607 0.0616641
 1015 0.36 1.30514 0.0616103
 1016 0.16 1.30402 0.06156
 1017 0.04 1.30277 0.061512
 1018 0.36 1.30185 0.0614585
 1019 0.04 1.30061 0.0614106
 1020 0.04 1.29937 0.0613629
 1021 0 1.2981 0.0613159
 1022 0.64 1.29746 0.0612593
 1023 0.04 1.29623 0.0612117
 1024 0 1.29496 0.061165
 1025 0.64 1.29432 0.0611087
 1026 0.36 1.29341 0.0610559
 1027 0.36 1.2925 0.0610031
 1028 0.64 1.29187 0.0609471
 1029 1.44 1.29201 0.060888
 1030 1.96 1.29266 0.0608323
 1031 0.64 1.29203 0.0607766
 1032 3.24 1.29391 0.060747
 1033 1.96 1.29456 0.0606916
 1034 0.36 1.29366 0.0606396
 1035 1.44 1.2938 0.0605811
 1036 1 1.29351 0.0605233
 1037 3.24 1.29539 0.060494
 1038 0.64 1.29476 0.060439
 1039 2.56 1.29598 0.0603931
 1040 1.96 1.29662 0.0603384
 1041 4 1.29921 0.0603363
 1042 4 1.3018 0.0603341
 1043 5.76 1.30608 0.0604276
 1044 2.56 1.30728 0.0603816
 1045 2.56 1.30848 0.0603357
 1046 0.36 1.30757 0.0602848
 1047 1.96 1.30819 0.0602304
 1048 1 1.3079 0.0601737
 1049 0.16 1.30681 0.0601262
 1050 5.76 1.31105 0.0602185
 1051 1.44 1.31117 0.0601613
 1052 1 1.31087 0.0601048
 1053 2.56 1.31206 0.0600594
 1054 1.96 1.31268 0.0600055
 1055 0 1.31143 0.0599615
 1056 0.04 1.31023 0.0599168
 1057 0.16 1.30914 0.05987
 1058 1.44 1.30926 0.0598135
 1059 1.44 1.30939 0.0597571
 1060 1 1.30909 0.0597014
 1061 1.96 1.30971 0.0596483
 1062 0 1.30847 0.0596049
 1063 0.04 1.30728 0.0595607
 1064 0.04 1.30609 0.0595166
 1065 0.04 1.3049 0.0594726
 1066 1 1.30462 0.0594175
 1067 0.64 1.30399 0.059365
 1068 0.16 1.30292 0.0593191
 1069 0 1.3017 0.0592761
 1070 0.04 1.30052 0.0592324
 1071 3.24 1.30233 0.0592048
 1072 1.44 1.30246 0.0591497
 1073 0.64 1.30185 0.0590978
 1074 1.44 1.30197 0.0590429
 1075 0.36 1.3011 0.0589944
 1076 0 1.29989 0.058952
 1077 0.16 1.29883 0.0589067
 1078 0.36 1.29796 0.0588585
 1079 0 1.29676 0.0588162
 1080 0.16 1.2957 0.0587711
 1081 0.16 1.29465 0.0587262
 1082 1 1.29438 0.0586725
 1083 4 1.29688 0.0586715
 1084 0.36 1.29601 0.0586237
 1085 0.04 1.29486 0.0585811
 1086 0.04 1.2937 0.0585385
 1087 0.16 1.29266 0.058494
 1088 0.04 1.29151 0.0584515
 1089 0.36 1.29065 0.0584041
 1090 0.36 1.2898 0.0583567
 1091 4.84 1.29305 0.0583939
 1092 4 1.29553 0.0583931
 1093 0.04 1.29438 0.0583509
 1094 1 1.29411 0.0582982
 1095 2.56 1.29527 0.0582564
 1096 3.24 1.29704 0.0582303
 1097 4.84 1.30027 0.0582667
 1098 5.76 1.30434 0.0583552
 1099 2.56 1.30548 0.0583133
 1100 1.96 1.30607 0.0582633
 1101 3.24 1.30783 0.0582368
 1102 3.24 1.30958 0.0582103
 1103 4.84 1.31278 0.0582456
 1104 0.36 1.31192 0.0581992
 1105 1 1.31164 0.0581472
 1106 0.36 1.31078 0.0581009
 1107 0.16 1.30974 0.0580577
 1108 0.04 1.30859 0.0580166
 1109 0.04 1.30745 0.0579756
 1110 0.64 1.30685 0.0579265
 1111 0.04 1.30571 0.0578855
 1112 0.04 1.30457 0.0578446
 1113 1.44 1.30469 0.0577928
 1114 0.16 1.30366 0.05775
 1115 0 1.30249 0.05771
 1116 0.64 1.3019 0.0576614
 1117 0 1.30073 0.0576215
 1118 0 1.29957 0.0575817
 1119 0.36 1.29873 0.0575364
 1120 0.04 1.29761 0.0574959
 1121 4.84 1.30077 0.0575315
 1122 1 1.3005 0.0574808
 1123 0.04 1.29938 0.0574406
 1124 1 1.29911 0.0573901
 1125 0.36 1.29828 0.0573451
 1126 0 1.29712 0.0573057
 1127 4.84 1.30027 0.0573411
 1128 2.56 1.30138 0.0573011
 1129 4 1.30377 0.0573002
 1130 6.76 1.3086 0.0574528
 1131 1 1.30833 0.0574026
 1132 0.16 1.30731 0.0573608
 1133 0.36 1.30648 0.0573163
 1134 0.04 1.30536 0.0572766
 1135 0.04 1.30425 0.057237
 1136 1 1.30398 0.0571872
 1137 0.16 1.30297 0.0571457
 1138 0.16 1.30197 0.0571043
 1139 0.64 1.30139 0.0570571
 1140 0.64 1.30081 0.05701
 1141 0.04 1.2997 0.0569708
 1142 1.96 1.30028 0.0569238
 1143 3.24 1.30198 0.0568993
 1144 1.44 1.3021 0.0568496
 1145 2.56 1.3032 0.0568106
 1146 0.36 1.30237 0.056767
 1147 0.16 1.30138 0.0567262
 1148 1.96 1.30195 0.0566797
 1149 1.44 1.30207 0.0566304
 1150 0.64 1.3015 0.0565841
 1151 0.64 1.30092 0.0565378
 1152 0.16 1.29993 0.0564974
 1153 0.04 1.29884 0.056459
 1154 0.04 1.29775 0.0564206
 1155 0.64 1.29718 0.0563746
 1156 0.36 1.29637 0.0563316
 1157 0.04 1.29528 0.0562934
 1158 0.64 1.29472 0.0562476
 1159 1 1.29446 0.0561996
 1160 1 1.29421 0.0561517
 1161 1 1.29395 0.0561039
 1162 1.96 1.29453 0.0560585
 1163 1.44 1.29465 0.0560105
 1164 2.56 1.29574 0.0559729
 1165 0.64 1.29518 0.0559277
 1166 0.36 1.29437 0.0558854
 1167 1.96 1.29494 0.0558404
 1168 0.04 1.29387 0.0558029
 1169 0.36 1.29307 0.0557609
 1170 0.04 1.292 0.0557235
 1171 0.64 1.29144 0.0556787
 1172 1.96 1.29201 0.0556341
 1173 0.16 1.29105 0.055595
 1174 0 1.28995 0.0555585
 1175 4 1.29226 0.0555591
 1176 0.64 1.2917 0.0555146
 1177 1.44 1.29183 0.0554676
 1178 0.04 1.29076 0.0554307
 1179 1.44 1.29089 0.0553838
 1180 1.96 1.29146 0.0553397
 1181 0.64 1.29091 0.0552956
 1182 2.56 1.29198 0.0552592
 1183 0.36 1.29119 0.0552181
 1184 1 1.29095 0.055172
 1185 0.36 1.29016 0.055131
 1186 0.64 1.28961 0.0550873
 1187 2.56 1.29068 0.0550512
 1188 1.96 1.29125 0.0550078
 1189 0.04 1.29019 0.0549715
 1190 0.64 1.28965 0.054928
 1191 0.16 1.2887 0.0548901
 1192 0.36 1.28792 0.0548496
 1193 0.04 1.28687 0.0548136
 1194 0.36 1.2861 0.0547731
 1195 0.36 1.28532 0.0547328
 1196 0.04 1.28428 0.0546969
 1197 0.36 1.28351 0.0546566
 1198 0.04 1.28247 0.0546209
 1199 0.64 1.28193 0.0545779
 1200 0.04 1.2809 0.0545422
 1201 0.04 1.27987 0.0545066
 1202 0.16 1.27894 0.0544692
 1203 1 1.2787 0.0544244
 1204 0.64 1.27817 0.0543818
 1205 1.44 1.27831 0.0543368
 1206 1 1.27808 0.0542922
 1207 3.24 1.2797 0.0542715
 1208 1.96 1.28026 0.0542295
 1209 1.44 1.2804 0.0541848
 1210 1.44 1.28053 0.0541402
 1211 2.56 1.28159 0.0541058
 1212 1.96 1.28215 0.054064
 1213 0.64 1.28162 0.054022
 1214 0.16 1.28069 0.0539854
 1215 0.36 1.27993 0.0539463
 1216 1.96 1.28049 0.0539048
 1217 4 1.28273 0.0539068
 1218 1 1.2825 0.053863
 1219 2.56 1.28354 0.053829
 1220 6.76 1.28803 0.0539719
 1221 6.76 1.29251 0.0541136
 1222 4 1.29473 0.0541146
 1223 0.36 1.29397 0.0540758
 1224 0.04 1.29294 0.0540413
 1225 3.24 1.29453 0.0540205
 1226 1.44 1.29465 0.0539766
 1227 0 1.29359 0.0539429
 1228 0.16 1.29267 0.0539069
 1229 0.04 1.29165 0.0538726
 1230 0.16 1.29073 0.0538367
 1231 0.04 1.28972 0.0538025
 1232 0.04 1.2887 0.0537684
 1233 0.04 1.28769 0.0537343
 1234 0.04 1.28668 0.0537003
 1235 0.36 1.28593 0.053662
 1236 1 1.2857 0.0536191
 1237 0.04 1.28469 0.0535852
 1238 0.36 1.28394 0.0535471
 1239 0.64 1.28342 0.0535064
 1240 0.64 1.2829 0.0534657
 1241 0.36 1.28216 0.0534278
 1242 0.16 1.28126 0.0533924
 1243 0.04 1.28026 0.0533588
 1244 0.04 1.27926 0.0533252
 1245 0.16 1.27836 0.0532899
 1246 3.24 1.27994 0.0532704
 1247 9 1.28613 0.0535865
 1248 1.96 1.28667 0.0535463
 1249 4 1.28884 0.0535475
 1250 1.96 1.28938 0.0535073
 1251 1.44 1.2895 0.0534646
 1252 0.64 1.28898 0.0534244
 1253 0 1.28795 0.0533917
 1254 0.64 1.28743 0.0533516
 1255 0.04 1.28644 0.0533183
 1256 1 1.28621 0.0532764
 1257 3.24 1.28776 0.0532567
 1258 5.76 1.29132 0.0533329
 1259 4 1.29347 0.053334
 1260 1.96 1.294 0.0532942
 1261 4 1.29615 0.0532952
 1262 1.96 1.29667 0.0532555
 1263 0.64 1.29615 0.0532159
 1264 0.36 1.29541 0.0531789
 1265 1.96 1.29594 0.0531395
 1266 0.36 1.2952 0.0531026
 1267 0.16 1.2943 0.0530683
 1268 0.04 1.29331 0.0530356
 1269 3.24 1.29485 0.053016
 1270 5.76 1.29836 0.0530908
 1271 2.56 1.29935 0.0530583
 1272 3.24 1.30088 0.0530385
 1273 4 1.303 0.0530392
 1274 4 1.30512 0.0530398
 1275 4.84 1.30789 0.0530707
 1276 4.84 1.31066 0.0531013
 1277 6.76 1.31493 0.053231
 1278 0 1.3139 0.0531993
 1279 0.04 1.3129 0.053167
 1280 0.36 1.31216 0.0531307
 1281 1.44 1.31226 0.0530893
 1282 0.16 1.31136 0.0530555
 1283 0.64 1.31083 0.0530167
 1284 0.16 1.30994 0.0529829
 1285 0.04 1.30895 0.0529509
 1286 4 1.31104 0.0529511
 1287 4 1.31313 0.0529512
 1288 1.44 1.31323 0.0529101
 1289 0.04 1.31224 0.0528783
 1290 1.44 1.31234 0.0528374
 1291 0.16 1.31145 0.052804
 1292 0.64 1.31093 0.0527657
 1293 0 1.30991 0.0527346
 1294 0.04 1.30893 0.0527029
 1295 1.44 1.30903 0.0526623
 1296 1.44 1.30914 0.0526218
 1297 0.16 1.30825 0.0525887
 1298 0.04 1.30727 0.0525572
 1299 0.16 1.30639 0.0525242
 1300 0 1.30538 0.0524934
 1301 0.04 1.30441 0.052462
 1302 0 1.30341 0.0524313
 1303 0.64 1.3029 0.0523935
 1304 1 1.30267 0.0523538
 1305 0.04 1.3017 0.0523226
 1306 0.16 1.30083 0.0522899
 1307 1.44 1.30093 0.0522499
 1308 1.44 1.30104 0.0522101
 1309 0.16 1.30017 0.0521775
 1310 0.16 1.2993 0.0521449
 1311 0.36 1.29858 0.05211
 1312 0.36 1.29787 0.0520752
 1313 1.44 1.29797 0.0520356
 1314 3.24 1.29945 0.052017
 1315 2.56 1.30041 0.0519863
 1316 4 1.30246 0.0519873
 1317 4 1.30451 0.0519881
 1318 0.64 1.30401 0.0519511
 1319 0.64 1.3035 0.0519142
 1320 0.36 1.30279 0.0518797
 1321 0 1.3018 0.0518498
 1322 0.16 1.30094 0.0518178
 1323 0.16 1.30008 0.0517858
 1324 0 1.29909 0.051756
 1325 2.56 1.30005 0.0517257
 1326 3.24 1.30151 0.0517073
 1327 4.84 1.30417 0.0517371
 1328 3.24 1.30563 0.0517187
 1329 0.16 1.30477 0.051687
 1330 1 1.30454 0.0516486
 1331 9 1.31032 0.0519326
 1332 9 1.3161 0.0522137
 1333 10.24 1.32279 0.0526023
 1334 4 1.3248 0.0526012
 1335 4 1.3268 0.0525999
 1336 1.44 1.32689 0.0525606
 1337 4.84 1.32951 0.052587
 1338 4 1.33151 0.0525855
 1339 6.76 1.33556 0.0527024
 1340 0.64 1.33504 0.0526656
 1341 0.36 1.33432 0.0526314
 1342 0.64 1.3338 0.0525947
 1343 0.16 1.33293 0.0525628
 1344 0 1.33193 0.052533
 1345 0.64 1.33142 0.0524965
 1346 4 1.3334 0.0524949
 1347 1 1.33316 0.0524565
 1348 0.16 1.33228 0.0524248
 1349 0.16 1.33142 0.0523931
 1350 1 1.33117 0.0523549
 1351 2.56 1.33208 0.052324
 1352 5.76 1.33536 0.0523878
 1353 4 1.33732 0.0523861
 1354 3.24 1.33873 0.0523662
 1355 2.56 1.33963 0.0523353
 1356 4.84 1.34221 0.0523604
 1357 4 1.34417 0.0523584
 1358 9 1.34981 0.0526227
 1359 9 1.35544 0.0528844
 1360 3.24 1.35682 0.0528637
 1361 1.44 1.35688 0.0528249
 1362 7.84 1.36164 0.0530003
 1363 4 1.36358 0.0529967
 1364 1.96 1.36402 0.0529597
 1365 0.16 1.36314 0.0529282
 1366 0.64 1.36261 0.0528921
 1367 0.64 1.36208 0.052856
 1368 0 1.36108 0.0528268
 1369 0.64 1.36056 0.0527908
 1370 0.64 1.36003 0.0527549
 1371 0.16 1.35915 0.0527236
 1372 0 1.35816 0.0526945
 1373 1.44 1.35822 0.0526561
 1374 1.44 1.35828 0.0526178
 1375 2.56 1.35916 0.0525868
 1376 2.56 1.36003 0.0525558
 1377 1.96 1.36046 0.0525195
 1378 1 1.3602 0.052482
 1379 0.04 1.35925 0.0524526
 1380 0.36 1.35852 0.0524196
 1381 0.64 1.358 0.0523842
 1382 0.04 1.35705 0.052355
 1383 0.16 1.35618 0.0523243
 1384 0.04 1.35523 0.0522951
 1385 0.16 1.35437 0.0522645
 1386 0 1.35339 0.0522359
 1387 0.16 1.35253 0.0522053
 1388 0.16 1.35167 0.0521748
 1389 0.64 1.35116 0.0521397
 1390 0.16 1.3503 0.0521092
 1391 0.04 1.34936 0.0520803
 1392 0.16 1.34851 0.0520499
 1393 0.04 1.34757 0.052021
 1394 0.16 1.34671 0.0519906
 1395 0.64 1.34621 0.0519558
 1396 0.04 1.34527 0.051927
 1397 0 1.34431 0.0518987
 1398 0.16 1.34346 0.0518685
 1399 0 1.3425 0.0518403
 1400 0.64 1.342 0.0518057
 1401 0.36 1.3413 0.0517735
 1402 0.64 1.3408 0.0517389
 1403 0.36 1.3401 0.0517068
 1404 1.44 1.34017 0.05167
 1405 1.96 1.34061 0.0516351
 1406 1 1.34037 0.0515989
 1407 3.24 1.34172 0.0515799
 1408 1.44 1.34179 0.0515433
 1409 2.56 1.34265 0.051514
 1410 7.84 1.34726 0.0516833
 1411 9 1.35269 0.0519306
 1412 2.56 1.35354 0.0519009
 1413 0.36 1.35284 0.0518689
 1414 0.64 1.35233 0.0518346
 1415 4 1.3542 0.0518318
 1416 2.56 1.35506 0.0518022
 1417 0.64 1.35455 0.0517681
 1418 0.64 1.35405 0.051734
 1419 0.36 1.35335 0.0517023
 1420 0.16 1.35251 0.0516727
 1421 0.36 1.35181 0.051641
 1422 0.04 1.35089 0.0516129
 1423 0.36 1.35019 0.0515814
 1424 0.16 1.34935 0.0515519
 1425 1 1.34911 0.0515163
 1426 5.76 1.3522 0.051573
 1427 2.56 1.35305 0.0515438
 1428 5.76 1.35613 0.0516001
 1429 4 1.35798 0.0515971
 1430 4 1.35983 0.0515941
 1431 5.76 1.36291 0.0516497
 1432 3.24 1.36422 0.0516302
 1433 1.96 1.36463 0.0515958
 1434 0.36 1.36393 0.0515646
 1435 0.16 1.36309 0.0515355
 1436 0.04 1.36217 0.0515078
 1437 0.04 1.36125 0.0514802
 1438 0 1.36031 0.0514531
 1439 1.44 1.36036 0.0514174
 1440 0.64 1.35986 0.0513841
 1441 0.04 1.35895 0.0513566
 1442 0.04 1.35803 0.0513291
 1443 0.04 1.35712 0.0513016
 1444 1.44 1.35717 0.0512661
 1445 2.56 1.35801 0.0512374
 1446 3.24 1.35931 0.0512185
 1447 2.56 1.36014 0.0511898
 1448 1.96 1.36055 0.0511561
 1449 1.96 1.36097 0.0511225
 1450 1.96 1.36138 0.0510889
 1451 0 1.36044 0.0510623
 1452 1 1.36019 0.0510277
 1453 0.36 1.3595 0.0509972
 1454 0.16 1.35868 0.0509688
 1455 4.84 1.36107 0.0509899
 1456 1 1.36082 0.0509555
 1457 2.56 1.36165 0.0509272
 1458 1.96 1.36206 0.0508939
 1459 2.56 1.36288 0.0508656
 1460 0.64 1.36238 0.0508332
 1461 0.36 1.3617 0.050803
 1462 0 1.36077 0.0507768
 1463 1.44 1.36082 0.0507421
 1464 1.44 1.36087 0.0507075
 1465 4 1.36268 0.0507049
 1466 3.24 1.36396 0.0506864
 1467 1.44 1.36401 0.0506519
 1468 1.44 1.36406 0.0506174
 1469 1.44 1.36411 0.050583
 1470 2.56 1.36493 0.0505551
 1471 1.44 1.36498 0.0505207
 1472 1.44 1.36503 0.0504864
 1473 0.64 1.36453 0.0504545
 1474 0.16 1.36372 0.0504269
 1475 0.64 1.36323 0.0503951
 1476 1.96 1.36363 0.0503626
 1477 0.36 1.36295 0.0503331
 1478 1.96 1.36336 0.0503006
 1479 0.36 1.36268 0.0502712
 1480 1 1.36243 0.0502378
 1481 0.64 1.36194 0.0502062
 1482 0.04 1.36105 0.0501803
 1483 0.16 1.36024 0.050153
 1484 0 1.35933 0.0501275
 1485 0.36 1.35865 0.0500983
 1486 0.16 1.35785 0.0500711
 1487 4 1.35962 0.0500689
 1488 5.76 1.36258 0.0501226
 1489 5.76 1.36553 0.0501759
 1490 4 1.3673 0.0501734
 1491 6.76 1.37092 0.05027
 1492 7.84 1.37525 0.050423
 1493 6.76 1.37886 0.0505182
 1494 9 1.38396 0.0507414
 1495 12.96 1.39171 0.0512952
 1496 6.76 1.39529 0.0513864
 1497 7.84 1.3996 0.0515322
 1498 1.96 1.39997 0.0514991
 1499 1.44 1.4 0.0514648
 1500 1 1.39973 0.0514312
 1501 0.36 1.39904 0.0514015
 1502 1.96 1.39941 0.0513687
 1503 4.84 1.4017 0.0513855
 1504 6.76 1.40527 0.0514748
 1505 5.76 1.40816 0.0515219
 1506 1 1.40789 0.0514884
 1507 10.24 1.41375 0.0517869
 1508 4.84 1.41602 0.0518024
 1509 1.44 1.41604 0.051768
 1510 3.24 1.41725 0.0517478
 1511 0.16 1.41641 0.0517203
 1512 0.36 1.41571 0.0516908
 1513 0.64 1.4152 0.0516591
 1514 0.36 1.4145 0.0516297
 1515 0.04 1.4136 0.0516036
 1516 1.44 1.41361 0.0515696
 1517 1.44 1.41363 0.0515356
 1518 0.16 1.41281 0.0515082
 1519 0.36 1.41211 0.051479
 1520 1 1.41184 0.0514458
 1521 0.64 1.41133 0.0514145
 1522 1.44 1.41135 0.0513807
 1523 1 1.41108 0.0513476
 1524 1 1.41081 0.0513146
 1525 0.36 1.41012 0.0512856
 1526 2.56 1.41088 0.0512575
 1527 1 1.41061 0.0512247
 1528 0.64 1.4101 0.0511936
 1529 0.36 1.40942 0.0511647
 1530 0.64 1.40892 0.0511337
 1531 0 1.40799 0.0511086
 1532 0.04 1.4071 0.0510831
 1533 1 1.40684 0.0510504
 1534 4 1.40853 0.0510451
 1535 1 1.40826 0.0510126
 1536 0.64 1.40776 0.0509818
 1537 0 1.40684 0.0509568
 1538 0.64 1.40635 0.0509261
 1539 1 1.40608 0.0508937
 1540 0.04 1.40519 0.0508684
 1541 0 1.40428 0.0508436
 1542 0.36 1.40361 0.0508151
 1543 1.96 1.40397 0.0507834
 1544 2.56 1.40472 0.050756
 1545 1.44 1.40474 0.0507232
 1546 1 1.40448 0.050691
 1547 0.16 1.40367 0.0506646
 1548 0.36 1.403 0.0506364
 1549 0.36 1.40232 0.0506082
 1550 1 1.40206 0.0505762
 1551 1 1.40181 0.0505442
 1552 0.64 1.40131 0.050514
 1553 2.56 1.40206 0.050487
 1554 0.36 1.40139 0.050459
 1555 0.64 1.4009 0.0504289
 1556 0.36 1.40023 0.0504009
 1557 2.56 1.40098 0.050374
 1558 0.36 1.40031 0.0503461
 1559 1.96 1.40067 0.0503151
 1560 0.36 1.4 0.0502873
 1561 0.16 1.39921 0.0502613
 1562 1.44 1.39923 0.0502291
 1563 1.96 1.39959 0.0501983
 1564 1 1.39934 0.0501668
 1565 0.16 1.39854 0.050141
 1566 1 1.39829 0.0501096
 1567 0.64 1.3978 0.05008
 1568 3.24 1.39898 0.0500618
 1569 0.04 1.39811 0.0500374
 1570 0.36 1.39745 0.0500099
 1571 6.76 1.40087 0.0500945
 1572 9 1.4057 0.0502954
 1573 12.96 1.41305 0.0507973
 1574 9 1.41787 0.0509934
 1575 12.96 1.42519 0.0514852
 1576 7.84 1.42926 0.0516133
 1577 7.84 1.43333 0.0517405
 1578 1 1.43305 0.0517084
 1579 1 1.43278 0.0516764
 1580 0.64 1.43228 0.0516461
 1581 0.64 1.43178 0.0516159
 1582 2.56 1.43249 0.0515882
 1583 1 1.43222 0.0515563
 1584 0.16 1.43141 0.05153
 1585 4 1.43303 0.0515229
 1586 4.84 1.43518 0.0515352
 1587 1 1.43491 0.0515035
 1588 0 1.43401 0.051479
 1589 0.16 1.4332 0.0514528
 1590 0 1.4323 0.0514283
 1591 0.16 1.4315 0.0514022
 1592 0.16 1.4307 0.0513761
 1593 1 1.43043 0.0513446
 1594 0.04 1.42956 0.0513198
 1595 0 1.42866 0.0512954
 1596 0.64 1.42817 0.0512657
 1597 0.04 1.4273 0.0512409
 1598 0.16 1.42651 0.051215
 1599 0.36 1.42584 0.0511873
 1600 0.16 1.42505 0.0511614
 1601 0.16 1.42426 0.0511356
 1602 0 1.42337 0.0511114
 1603 0.04 1.42251 0.0510867
 1604 0.04 1.42165 0.0510622
 1605 0.36 1.42098 0.0510346
 1606 0.64 1.4205 0.0510052
 1607 0.16 1.41971 0.0509794
 1608 0.64 1.41923 0.05095
 1609 1 1.41897 0.050919
 1610 0.04 1.41811 0.0508946
 1611 0.04 1.41726 0.0508702
 1612 1 1.417 0.0508393
 1613 0.04 1.41614 0.0508149
 1614 1 1.41589 0.0507841
 1615 0 1.41501 0.0507602
 1616 0.04 1.41416 0.0507359
 1617 1 1.4139 0.0507052
 1618 1 1.41365 0.0506745
 1619 1 1.41339 0.0506438
 1620 1.44 1.41341 0.0506125
 1621 0.16 1.41263 0.0505872
 1622 0 1.41176 0.0505635
 1623 1 1.41151 0.050533
 1624 2.56 1.41222 0.0505068
 1625 10.24 1.41765 0.0507672
 1626 6.76 1.42093 0.0508423
 1627 2.56 1.42163 0.0508158
 1628 3.24 1.42275 0.0507969
 1629 1.96 1.42308 0.0507668
 1630 5.76 1.42574 0.0508053
 1631 1 1.42548 0.0507748
 1632 3.24 1.42659 0.0507559
 1633 1 1.42633 0.0507255
 1634 0.64 1.42585 0.0506967
 1635 7.84 1.42977 0.0508173
 1636 4 1.43134 0.0508106
 1637 9 1.43597 0.0509896
 1638 4 1.43753 0.0509825
 1639 3.24 1.43863 0.0509632
 1640 2.56 1.43932 0.0509367
 1641 1 1.43905 0.0509064
 1642 0.64 1.43856 0.0508777
 1643 0.04 1.43771 0.0508538
 1644 0 1.43684 0.0508304
 1645 3.24 1.43793 0.0508113
 1646 10.24 1.44328 0.0510613
 1647 5.76 1.4459 0.0510975
 1648 4.84 1.44796 0.051108
 1649 1 1.44769 0.0510777
 1650 1.96 1.448 0.0510477
 1651 0 1.44712 0.0510243
 1652 0.64 1.44663 0.0509958
 1653 0 1.44576 0.0509724
 1654 1.44 1.44576 0.0509416
 1655 1.96 1.44607 0.0509117
 1656 0 1.44519 0.0508885
 1657 0.16 1.44442 0.0508637
 1658 0.04 1.44357 0.05084
 1659 1 1.4433 0.0508101
 1660 0.16 1.44253 0.0507854
 1661 0.16 1.44176 0.0507607
 1662 4 1.4433 0.0507534
 1663 5.76 1.44589 0.0507893
 1664 2.56 1.44656 0.0507632
 1665 4.84 1.4486 0.0507736
 1666 0.16 1.44783 0.050749
 1667 0.04 1.44698 0.0507256
 1668 0.04 1.44614 0.0507022
 1669 0.64 1.44566 0.0506741
 1670 0.04 1.44481 0.0506507
 1671 0.64 1.44433 0.0506227
 1672 1.96 1.44464 0.0505934
 1673 0.16 1.44387 0.0505689
 1674 0.36 1.44323 0.0505429
 1675 0.04 1.44239 0.0505196
 1676 1.96 1.4427 0.0504904
 1677 1.44 1.4427 0.0504603
 1678 1.44 1.44269 0.0504302
 1679 0.64 1.44222 0.0504025
 1680 0.64 1.44174 0.0503747
 1681 0.36 1.44109 0.0503488
 1682 0 1.44024 0.0503262
 1683 0.16 1.43948 0.050302
 1684 0.04 1.43865 0.050279
 1685 0.04 1.43782 0.050256
 1686 2.56 1.43848 0.0502306
 1687 0.16 1.43772 0.0502066
 1688 0.04 1.4369 0.0501836
 1689 0.04 1.43607 0.0501607
 1690 0.16 1.43531 0.0501367
 1691 1 1.43506 0.0501077
 1692 1.96 1.43537 0.0500791
 1693 0.64 1.4349 0.0500517
 1694 0.16 1.43414 0.0500278
 1695 0.04 1.43332 0.050005
 1696 1.44 1.43333 0.0499755
 1697 4.84 1.43533 0.0499864
 1698 4 1.43684 0.0499798
 1699 6.76 1.43998 0.0500485
 1700 1 1.43972 0.0500198
 1701 1 1.43946 0.049991
 1702 0.36 1.43882 0.0499657
 1703 0.64 1.43836 0.0499385
 1704 0.36 1.43772 0.0499132
 1705 0.64 1.43726 0.0498861
 1706 0 1.43641 0.049864
 1707 1 1.43616 0.0498354
 1708 1 1.4359 0.0498069
 1709 1.96 1.43621 0.0497787
 1710 1 1.43595 0.0497502
 1711 0.16 1.43521 0.0497267
 1712 0.36 1.43458 0.0497016
 1713 4.84 1.43657 0.0497124
 1714 7.84 1.4403 0.0498236
 1715 11.56 1.4462 0.050143
 1716 1.44 1.4462 0.0501137
 1717 2.56 1.44685 0.0500887
 1718 6.76 1.44994 0.050155
 1719 2.56 1.45059 0.05013
 1720 3.24 1.45163 0.0501116
 1721 1 1.45137 0.0500832
 1722 1 1.4511 0.0500548
 1723 0.64 1.45063 0.050028
 1724 0.36 1.45 0.0500029
 1725 0.64 1.44953 0.0499761
 1726 2.56 1.45017 0.0499513
 1727 0.16 1.44943 0.049928
 1728 1.44 1.44942 0.0498991
 1729 1.44 1.44942 0.0498702
 1730 1.44 1.44941 0.0498414
 1731 1.44 1.4494 0.0498126
 1732 0.64 1.44894 0.049786
 1733 1.96 1.44923 0.0497581
 1734 3.24 1.45027 0.0497402
 1735 5.76 1.45275 0.0497735
 1736 10.24 1.45781 0.0500017
 1737 5.76 1.46029 0.0500342
 1738 4.84 1.46223 0.0500432
 1739 4.84 1.46417 0.0500521
 1740 0.36 1.46354 0.0500274
 1741 1.44 1.46353 0.0499987
 1742 0.04 1.46271 0.0499766
 1743 0.64 1.46224 0.0499502
 1744 1 1.46197 0.0499222
 1745 0.36 1.46134 0.0498976
 1746 0.36 1.46071 0.049873
 1747 0.04 1.4599 0.0498511
 1748 0.04 1.45908 0.0498292
 1749 0.36 1.45846 0.0498047
 1750 0.16 1.45771 0.0497817
 1751 0.36 1.45709 0.0497572
 1752 1.96 1.45737 0.0497296
 1753 2.56 1.458 0.0497052
 1754 0.64 1.45754 0.0496791
 1755 0.16 1.4568 0.0496563
 1756 2.56 1.45743 0.049632
 1757 1 1.45717 0.0496044
 1758 0.64 1.4567 0.0495784
 1759 0.04 1.4559 0.0495567
 1760 0.36 1.45527 0.0495325
 1761 0.16 1.45454 0.0495098
 1762 0.36 1.45392 0.0494856
 1763 0.64 1.45345 0.0494597
 1764 1 1.4532 0.0494323
 1765 0.16 1.45246 0.0494097
 1766 0.36 1.45185 0.0493856
 1767 0.64 1.45139 0.0493598
 1768 1 1.45113 0.0493325
 1769 0.64 1.45067 0.0493067
 1770 0 1.44985 0.0492857
 1771 0.36 1.44924 0.0492617
 1772 0 1.44842 0.0492407
 1773 1.44 1.44842 0.0492129
 1774 4 1.44985 0.0492062
 1775 3.24 1.45086 0.0491888
 1776 4.84 1.45277 0.0491981
 1777 1.44 1.45276 0.0491704
 1778 1.44 1.45276 0.0491427
 1779 1.44 1.45275 0.0491151
 1780 0.16 1.45202 0.0490929
 1781 0.04 1.45123 0.0490717
 1782 1.96 1.45152 0.049045
 1783 1.96 1.4518 0.0490183
 1784 1.44 1.45179 0.0489908
 1785 2.56 1.45241 0.0489673
 1786 0 1.4516 0.0489467
 1787 0.16 1.45088 0.0489246
 1788 1.44 1.45087 0.0488972
 1789 5.76 1.45328 0.0489292
 1790 4.84 1.45517 0.0489384
 1791 0.36 1.45456 0.0489149
 1792 0.36 1.45395 0.0488915
 1793 0.16 1.45323 0.0488695
 1794 0.16 1.45251 0.0488476
 1795 1 1.45226 0.048821
 1796 0.04 1.45147 0.0488002
 1797 1.44 1.45146 0.048773
 1798 0.16 1.45075 0.0487511
 1799 0.64 1.45029 0.0487261
 1800 1.44 1.45029 0.048699
 1801 0.64 1.44984 0.0486741
 1802 1.96 1.45012 0.0486479
 1803 1.96 1.4504 0.0486217
 1804 1.96 1.45069 0.0485956
 1805 0.36 1.45008 0.0485724
 1806 1.44 1.45008 0.0485455
 1807 1.44 1.45007 0.0485186
 1808 3.24 1.45106 0.0485019
 1809 2.56 1.45167 0.0484789
 1810 4.84 1.45355 0.0484883
 1811 1.96 1.45383 0.0484623
 1812 0.64 1.45338 0.0484377
 1813 0.36 1.45277 0.0484147
 1814 1.44 1.45277 0.048388
 1815 1.44 1.45276 0.0483613
 1816 0.04 1.45198 0.048341
 1817 0.36 1.45138 0.0483181
 1818 1.96 1.45166 0.0482923
 1819 1 1.45141 0.0482664
 1820 0 1.45062 0.0482465
 1821 1 1.45037 0.0482206
 1822 0.36 1.44977 0.0481978
 1823 0.16 1.44906 0.0481766
 1824 0.16 1.44836 0.0481553
 1825 1 1.44811 0.0481296
 1826 0.04 1.44734 0.0481094
 1827 0.64 1.4469 0.0480851
 1828 0.36 1.4463 0.0480624
 1829 0.16 1.4456 0.0480413
 1830 1.44 1.4456 0.0480151
 1831 5.76 1.44795 0.0480466
 1832 3.24 1.44893 0.0480304
 1833 0.64 1.44849 0.0480062
 1834 0.36 1.4479 0.0479837
 1835 1.96 1.44817 0.0479583
 1836 1 1.44793 0.0479328
 1837 0.16 1.44723 0.0479118
 1838 0 1.44644 0.0478922
 1839 0.36 1.44585 0.0478698
 1840 0.64 1.44541 0.0478458
 1841 0.16 1.44471 0.0478249
 1842 0.04 1.44395 0.047805
 1843 0.16 1.44326 0.0477842
 1844 0.04 1.44249 0.0477643
 1845 0.36 1.44191 0.047742
 1846 0.64 1.44147 0.0477181
 1847 0.16 1.44078 0.0476973
 1848 0.36 1.44019 0.0476751
 1849 0.16 1.4395 0.0476543
 1850 0.36 1.43892 0.0476322
 1851 0.04 1.43816 0.0476124
 1852 0 1.43739 0.047593
 1853 0.16 1.4367 0.0475723
 1854 0.36 1.43612 0.0475502
 1855 0.16 1.43543 0.0475296
 1856 0.16 1.43474 0.0475089
 1857 1.96 1.43502 0.0474842
 1858 1 1.43479 0.0474592
 1859 1.44 1.43479 0.0474336
 1860 0.64 1.43437 0.0474101
 1861 0.04 1.43362 0.0473905
 1862 0.04 1.43287 0.047371
 1863 0.04 1.43212 0.0473514
 1864 0.16 1.43144 0.0473309
 1865 1.96 1.43172 0.0473064
 1866 1.44 1.43173 0.047281
 1867 0.36 1.43115 0.0472592
 1868 0.36 1.43058 0.0472374
 1869 1.44 1.43058 0.0472121
 1870 0.16 1.4299 0.0471917
 1871 0.16 1.42923 0.0471714
 1872 0.04 1.42848 0.047152
 1873 0.36 1.42791 0.0471303
 1874 3.24 1.42888 0.047115
 1875 1.44 1.42889 0.0470899
 1876 0.16 1.42821 0.0470697
 1877 2.56 1.42881 0.0470484
 1878 4.84 1.43063 0.0470585
 1879 0.04 1.42989 0.0470392
 1880 0.04 1.42915 0.04702
 1881 0.04 1.42841 0.0470008
 1882 0.64 1.42799 0.0469777
 1883 0.36 1.42742 0.0469562
 1884 4 1.42879 0.0469511
 1885 0 1.42803 0.0469323
 1886 0.04 1.4273 0.0469132
 1887 0.04 1.42656 0.0468941
 1888 0.36 1.426 0.0468726
 1889 0.16 1.42533 0.0468526
 1890 1.96 1.42561 0.0468287
 1891 1.96 1.42589 0.0468048
 1892 4.84 1.4277 0.0468148
 1893 0.64 1.42728 0.0467919
 1894 0.16 1.42661 0.046772
 1895 0 1.42586 0.0467534
 1896 1 1.42563 0.0467292
 1897 1 1.42541 0.0467051
 1898 0.64 1.42499 0.0466824
 1899 4.84 1.42679 0.0466924
 1900 9 1.43078 0.0468377
 1901 10.24 1.43541 0.0470419
 1902 5.76 1.43769 0.0470721
 1903 3.24 1.43863 0.0470569
 1904 1.44 1.43863 0.0470322
 1905 4.84 1.44042 0.0470414
 1906 2.56 1.44101 0.0470204
 1907 0.04 1.44027 0.0470014
 1908 1.44 1.44027 0.0469768
 1909 1 1.44004 0.0469527
 1910 4 1.44138 0.0469473
 1911 4 1.44272 0.0469418
 1912 1.44 1.44272 0.0469173
 1913 0.64 1.4423 0.0468946
 1914 0.64 1.44188 0.046872
 1915 0 1.44113 0.0468535
 1916 0.64 1.44071 0.0468309
 1917 0.36 1.44015 0.0468099
 1918 0.36 1.43958 0.0467889
 1919 0.64 1.43917 0.0467663
 1920 1.44 1.43917 0.046742
 1921 0.64 1.43875 0.0467195
 1922 1.96 1.43902 0.046696
 1923 0.04 1.43829 0.0466774
 1924 0.04 1.43757 0.0466587
 1925 1.44 1.43757 0.0466345
 1926 0 1.43682 0.0466163
 1927 0.36 1.43626 0.0465954
 1928 0.04 1.43554 0.0465769
 1929 0.04 1.43482 0.0465583
 1930 1.44 1.43482 0.0465342
 1931 5.76 1.43706 0.046564
 1932 4.84 1.43882 0.0465732
 1933 3.24 1.43975 0.0465584
 1934 0.64 1.43934 0.0465362
 1935 1 1.43911 0.0465127
 1936 0.16 1.43845 0.0464934
 1937 5.76 1.44068 0.0465229
 1938 0.36 1.44012 0.0465022
 1939 0 1.43938 0.0464842
 1940 0 1.43864 0.0464661
 1941 0.36 1.43808 0.0464455
 1942 0.16 1.43743 0.0464262
 1943 1 1.4372 0.0464029
 1944 1 1.43698 0.0463795
 1945 0 1.43624 0.0463616
 1946 0.16 1.43558 0.0463424
 1947 0.16 1.43493 0.0463232
 1948 0.36 1.43437 0.0463027
 1949 0.04 1.43366 0.0462845
 1950 0 1.43292 0.0462666
 1951 0.16 1.43227 0.0462475
 1952 0.04 1.43156 0.0462293
 1953 3.24 1.43248 0.0462149
 1954 0.64 1.43208 0.046193
 1955 0.16 1.43143 0.0461739
 1956 0.04 1.43072 0.0461558
 1957 0.64 1.43031 0.046134
 1958 1.44 1.43032 0.0461104
 1959 1 1.4301 0.0460874
 1960 4 1.43141 0.0460825
 1961 7.84 1.43468 0.0461748
 1962 7.84 1.43794 0.0462666
 1963 2.56 1.43851 0.0462466
 1964 1 1.43829 0.0462236
 1965 1.44 1.43829 0.0462
 1966 4.84 1.44002 0.0462089
 1967 0.64 1.43961 0.0461872
 1968 0.04 1.4389 0.0461692
 1969 1.44 1.4389 0.0461458
 1970 3.24 1.43982 0.0461314
 1971 6.76 1.44252 0.0461869
 1972 3.24 1.44343 0.0461725
 1973 0.64 1.44302 0.0461509
 1974 0.04 1.44231 0.046133
 1975 0.04 1.4416 0.0461151
 1976 0.16 1.44095 0.0460963
 1977 1 1.44073 0.0460735
 1978 0.16 1.44008 0.0460548
 1979 0.16 1.43943 0.046036
 1980 1 1.43921 0.0460133
 1981 3.24 1.44012 0.0459991
 1982 2.56 1.44069 0.0459793
 1983 1 1.44046 0.0459567
 1984 0.16 1.43982 0.045938
 1985 0.04 1.43911 0.0459203
 1986 0 1.43839 0.0459029
 1987 0.04 1.43768 0.0458852
 1988 0.36 1.43714 0.0458653
 1989 1.44 1.43714 0.0458422
 1990 1 1.43692 0.0458197
 1991 0.36 1.43638 0.0457999
 1992 0.36 1.43584 0.0457801
 1993 1.44 1.43585 0.0457571
 1994 0.16 1.43521 0.0457386
 1995 0.16 1.43457 0.0457202
 1996 0.36 1.43403 0.0457004
 1997 0 1.43331 0.0456832
 1998 1.96 1.43357 0.0456611
 1999 1.96 1.43384 0.045639
 2000 4 1.43512 0.0456342
