-0.477588   -0.48036   -0.491789
-0.307761   -0.342306   -0.488301
-0.481163   -0.335354   -0.332352
-0.331922   0.499394   -0.32153
-0.161446   0.483564   0.488425
0.00812267   -0.340561   -0.499025
-0.168483   -0.344135   -0.330139
0.013793   0.498674   -0.322326
0.161889   0.489226   -0.492015
0.339522   -0.333709   -0.488639
0.191203   -0.344957   -0.317867
0.353517   -0.494386   -0.336794
0.493075   -0.166463   -0.482626
-0.304316   -3.53072e-05   -0.493706
0.492466   0.00603201   -0.331602
-0.323942   -0.167468   -0.327411
-0.157778   -0.179312   -0.485115
0.00320042   0.0100913   0.478955
-0.147012   -0.00231978   -0.328576
0.00581779   -0.196137   -0.330479
0.162874   -0.146574   0.488868
0.35294   0.0129456   0.48585
0.162727   -0.0142149   -0.3454
0.336877   -0.167995   -0.333912
-0.492084   0.167377   0.492155
-0.329461   0.334606   -0.489669
0.491474   0.317909   -0.345316
-0.345464   0.151762   -0.341305
-0.15522   0.168549   -0.470649
-0.0137664   0.331644   -0.485187
-0.173001   0.334251   -0.33378
0.00796983   0.166666   -0.326653
0.15692   0.176026   0.473785
0.333636   0.31615   0.479339
0.14123   0.321532   -0.332856
0.32225   0.175566   -0.351319
0.493575   0.484379   -0.166127
-0.327597   -0.337324   -0.166412
0.495721   -0.332239   0.0131528
-0.355976   0.496783   -0.00434474
-0.162525   -0.495345   -0.180838
-0.00278387   -0.338038   -0.157264
-0.175219   -0.341581   0.000890181
-0.0168529   -0.49749   0.00286599
0.185441   -0.493932   -0.16233
0.361952   -0.338252   -0.155185
0.155917   -0.328898   -0.00179291
0.327966   -0.492539   0.00166878
-0.490112   -0.161978   -0.177286
-0.332994   0.00192897   -0.152269
-0.49398   -0.0138298   0.0173561
-0.333521   -0.165854   -0.00144363
-0.166129   -0.156054   -0.169123
0.00787624   0.00237964   -0.161133
-0.177525   -0.00520675   -0.00239112
-0.00801059   -0.15917   -0.0158842
0.175422   -0.189172   -0.164653
0.305761   0.0137449   -0.186832
0.164597   -0.0163882   0.0129759
0.326719   -0.154458   0.0196842
0.481242   0.161086   -0.174194
-0.355579   0.329396   -0.156739
0.474171   0.326184   0.00679425
-0.346976   0.167518   -0.00996357
-0.181761   0.179522   -0.185885
0.0179296   0.338957   -0.148269
-0.194156   0.341539   -0.0090464
-0.0150388   0.159629   -0.0176998
0.146254   0.167869   -0.159027
0.3223   0.32891   -0.1894
0.179534   0.365285   -0.00155137
0.317289   0.157105   -0.00190761
0.498849   0.489462   0.166148
-0.340783   -0.326196   0.172944
0.494568   -0.332955   0.340767
-0.343578   -0.489609   0.330059
-0.181251   0.48963   0.153022
-0.00666929   -0.34712   0.172172
-0.164244   -0.333099   0.32872
-0.0197356   0.496045   0.318338
0.166108   -0.48217   0.168579
0.318855   -0.338938   0.180581
0.195601   -0.335967   0.350461
0.329373   0.490325   0.335888
-0.495437   -0.162955   0.169993
-0.331846   0.0112734   0.150641
-0.471266   -0.0113943   0.354264
-0.33588   -0.176361   0.355983
-0.159177   -0.171267   0.159558
0.0106572   0.0125761   0.166699
-0.158175   -0.0175834   0.312918
-0.0200568   -0.179246   0.344377
0.144424   -0.17025   0.173591
0.356803   0.0162636   0.162417
0.160062   0.0216106   0.321343
0.325622   -0.141211   0.324505
-0.484232   0.180435   0.169775
-0.336526   0.337899   0.170914
-0.484078   0.343156   0.328236
-0.311628   0.164111   0.357717
-0.181694   0.180038   0.151498
-0.00111761   0.328978   0.139857
-0.160772   0.34114   0.317079
-0.0167924   0.194156   0.34337
0.167832   0.177291   0.151146
0.324452   0.334739   0.173759
0.178508   0.345839   0.328176
0.369092   0.151218   0.32708
