0 28.2707
1 27.9844
2 24.8863
3 23.1497
4 21.7548
5 20.9031
6 20.0556
7 18.1143
8 17.3746
9 17.1347
10 16.5468
11 15.3588
12 13.3912
13 13.3912
14 13.3912
15 12.9441
16 12.0163
17 11.6989
18 11.5836
19 11.3907
20 10.8531
21 10.8455
22 10.688
23 10.4951
24 10.2389
25 9.8191
26 9.70433
27 9.63038
28 9.07351
29 9.37764
30 9.42405
31 9.0142
32 9.04806
33 8.96071
34 8.75505
35 8.86438
36 8.00463
37 7.64626
38 7.28472
39 7.28472
40 7.28472
41 6.80424
42 6.59136
43 6.59136
44 6.57389
45 6.5587
46 6.53692
47 6.51226
48 6.49479
49 6.36579
50 6.37037
51 6.34859
52 6.29758
53 6.29758
54 6.30215
55 6.30215
56 6.28469
57 6.28531
58 6.28469
59 6.28469
60 6.25063
61 6.27242
62 6.2681
63 6.28469
64 6.2681
65 6.2681
66 6.2681
67 6.25063
68 6.25063
69 6.25063
70 6.25063
71 6.26353
72 6.25063
73 6.25063
74 6.25063
75 6.24306
76 6.24306
77 6.25063
78 6.25063
79 6.25063
80 6.25063
81 6.25063
82 6.24306
83 6.24306
84 6.24306
85 6.24306
86 6.24306
87 6.24306
88 6.24306
89 6.24306
90 6.24306
91 6.24306
92 6.24306
93 6.24306
94 6.24306
95 6.24306
96 6.24306
97 6.24306
98 6.24306
99 6.24306
100 6.24306
101 6.24306
102 6.24306
103 6.24306
104 6.24306
105 6.24306
106 6.24306
107 6.24306
108 6.24306
109 6.24306
110 6.24306
111 6.24306
112 6.24306
113 6.24306
114 6.24306
115 6.24306
116 6.24306
117 6.24306
118 6.24306
119 6.24306
120 6.24306
121 6.24306
122 6.24306
123 6.24306
124 6.24306
125 6.24306
126 6.24306
127 6.24306
128 6.24306
129 6.24306
130 6.24306
131 6.24306
132 6.24306
133 6.24306
134 6.24306
135 6.24306
136 6.24306
137 6.24306
138 6.24306
139 6.24306
140 6.24306
141 6.24306
142 6.24306
143 6.24306
144 6.24306
145 6.24306
146 6.24306
147 6.24306
148 6.24306
149 6.24306
150 6.24306
151 6.24306
152 6.24306
153 6.24306
154 6.24306
155 6.24306
156 6.24306
157 6.24306
158 6.24306
159 6.24306
160 6.24306
161 6.24306
162 6.24306
163 6.24306
164 6.24306
165 6.24306
166 6.24306
167 6.24306
168 6.24306
169 6.24306
170 6.24306
171 6.24306
172 6.24306
173 6.24306
174 6.24306
175 6.24306
176 6.24306
177 6.24306
178 6.24306
179 6.24306
180 6.24306
181 6.24306
182 6.24306
183 6.24306
184 6.24306
185 6.24306
186 6.24306
187 6.24306
188 6.24306
189 6.24306
190 6.24306
191 6.24306
192 6.24306
193 6.24306
194 6.24306
195 6.24306
196 6.24306
197 6.24306
198 6.24306
199 6.24306
200 6.24306
201 6.24306
202 6.24306
203 6.24306
204 6.24306
205 6.24306
206 6.24306
207 6.24306
208 6.24306
209 6.24306
210 6.24306
211 6.24306
212 6.24306
213 6.24306
214 6.24306
215 6.24306
216 6.24306
217 6.24306
218 6.24306
219 6.24306
220 6.24306
221 6.24306
222 6.24306
223 6.24306
224 6.24306
225 6.24306
226 6.24306
227 6.24306
228 6.24306
229 6.24306
230 6.24306
231 6.24306
232 6.24306
233 6.24306
234 6.24306
235 6.24306
236 6.24306
237 6.24306
238 6.24306
239 6.24306
240 6.24306
241 6.24306
242 6.24306
243 6.24306
244 6.24306
245 6.24306
246 6.24306
247 6.24306
248 6.24306
249 6.24306
250 6.24306
251 6.24306
252 6.24306
253 6.24306
254 6.24306
255 6.24306
256 6.24306
257 6.24306
258 6.24306
259 6.24306
260 6.24306
261 6.24306
262 6.24306
263 6.24306
264 6.24306
265 6.24306
266 6.24306
267 6.24306
268 6.24306
269 6.24306
270 6.24306
271 6.24306
272 6.24306
273 6.24306
274 6.24306
275 6.24306
276 6.24306
277 6.24306
278 6.24306
279 6.24306
280 6.24306
281 6.24306
282 6.24306
283 6.24306
284 6.24306
285 6.24306
286 6.24306
287 6.24306
288 6.24306
289 6.24306
290 6.24306
291 6.24306
292 6.24306
293 6.24306
294 6.24306
295 6.24306
296 6.24306
297 6.24306
298 6.24306
299 6.24306
