0 36.36
1 33.6829
2 31.3714
3 29.3383
4 27.6456
5 26.1974
6 24.7192
7 23.3758
8 22.2494
9 21.2246
10 20.3408
11 19.4804
12 18.7422
13 18.0163
14 17.4519
15 16.8434
16 16.1673
17 15.6527
18 15.029
19 14.3079
20 13.6728
21 12.9611
22 12.6583
23 12.4214
24 12.0172
25 11.7346
26 11.5609
27 11.4965
28 11.2957
29 11.0765
30 10.9813
31 10.701
32 10.646
33 10.5738
34 10.3668
35 10.404
36 10.2983
37 10.0864
38 10.0351
39 9.99882
40 9.82175
41 9.9077
42 9.89585
43 9.80509
44 9.62651
45 9.38948
46 9.08015
47 8.62679
48 8.36103
49 8.12792
50 7.98192
51 7.8257
52 7.74677
53 7.58356
54 7.57511
55 7.54774
56 7.55547
57 7.54432
58 7.54136
59 7.49318
60 7.44067
61 7.33674
62 7.47625
63 7.51586
64 7.56249
65 7.41559
66 7.46801
67 7.49128
68 7.47751
69 7.39286
70 7.41192
71 7.34207
72 7.4291
73 7.3584
74 7.49064
75 7.43948
76 7.45972
77 7.40731
78 7.41353
79 7.30834
80 7.3535
81 7.38966
82 7.31567
83 7.34737
84 7.2972
85 7.5
86 7.40863
87 7.41126
88 7.30644
89 7.38484
90 7.361
91 7.30335
92 7.29664
93 7.32807
94 7.33719
95 7.43292
96 7.42267
97 7.32877
98 7.25083
99 7.30284
100 7.24144
101 7.30237
102 7.30101
103 7.35913
104 7.30974
105 7.38183
106 7.49306
107 7.41738
108 7.40258
109 7.38758
110 7.41121
111 7.38187
112 7.46399
113 7.42813
114 7.32187
115 7.33733
116 7.47959
117 7.41837
118 7.32454
119 7.32117
120 7.36422
121 7.42643
122 7.44746
123 7.34561
124 7.29915
125 7.4354
126 7.33763
127 7.39195
128 7.40299
129 7.41463
130 7.30987
131 7.36344
132 7.34014
133 7.31817
134 7.37159
135 7.34902
136 7.32925
137 7.37843
138 7.33702
139 7.4108
140 7.33072
141 7.29765
142 7.27126
143 7.27275
144 7.32643
145 7.39379
146 7.35826
147 7.34925
148 7.3414
149 7.21406
150 7.36769
151 7.36987
152 7.41467
153 7.34968
154 7.47067
155 7.42574
156 7.33802
157 7.3557
158 7.33418
159 7.41492
160 7.32571
161 7.30319
162 7.29357
163 7.33706
164 7.1954
165 7.23463
166 7.33909
167 7.36084
168 7.3352
169 7.27393
170 7.33368
171 7.38041
172 7.44014
173 7.43302
174 7.26691
175 7.31609
176 7.23965
177 7.39558
178 7.37948
179 7.38433
180 7.35573
181 7.2758
182 7.28394
183 7.25832
184 7.33945
185 7.35184
186 7.3924
187 7.41256
188 7.30737
189 7.29161
190 7.33181
191 7.31867
192 7.34935
193 7.3429
194 7.33268
195 7.36412
196 7.42715
197 7.46037
198 7.4845
199 7.42211
200 7.50884
201 7.52294
202 7.41238
203 7.3746
204 7.32699
205 7.31391
206 7.36861
207 7.32569
208 7.33303
209 7.2831
210 7.36469
211 7.30996
212 7.36501
213 7.33825
214 7.46061
215 7.41127
216 7.31836
217 7.32913
218 7.36276
219 7.35849
220 7.37404
221 7.34444
222 7.31399
223 7.37768
224 7.43574
225 7.37549
226 7.35162
227 7.47674
228 7.46099
229 7.44795
230 7.38448
231 7.37727
232 7.30466
233 7.41141
234 7.36806
235 7.38188
236 7.3851
237 7.35691
238 7.36658
239 7.40824
240 7.41149
241 7.37198
242 7.28239
243 7.40382
244 7.37
245 7.3755
246 7.37248
247 7.32181
248 7.41959
249 7.40681
250 7.40651
251 7.35703
252 7.28593
253 7.36353
254 7.35402
255 7.27543
256 7.39166
257 7.3395
258 7.35306
259 7.40311
260 7.37237
261 7.26569
262 7.32447
263 7.32382
264 7.29574
265 7.35544
266 7.39843
267 7.41064
268 7.35069
269 7.30632
270 7.32408
271 7.42276
272 7.30933
273 7.32368
274 7.43007
275 7.45443
276 7.33476
277 7.30999
278 7.38821
279 7.39434
280 7.3038
281 7.36317
282 7.40268
283 7.32405
284 7.34551
285 7.36014
286 7.28264
287 7.29895
288 7.31686
289 7.30307
290 7.37334
291 7.35081
292 7.32595
293 7.35903
294 7.42915
295 7.34112
296 7.40638
297 7.45636
298 7.40322
299 7.34308
