0 32.0798
1 30.1668
2 28.3198
3 26.9433
4 25.7294
5 24.5469
6 23.4793
7 22.4537
8 21.6257
9 20.8603
10 20.1997
11 19.4839
12 18.8582
13 18.2038
14 17.7503
15 17.249
16 16.8575
17 16.4162
18 16.0674
19 15.7129
20 15.3206
21 14.9074
22 14.6644
23 14.4134
24 14.1054
25 13.8229
26 13.4601
27 13.2597
28 12.9665
29 12.7532
30 12.6199
31 12.3856
32 12.3022
33 12.1764
34 11.9899
35 11.9436
36 11.8561
37 11.6561
38 11.617
39 11.5568
40 11.442
41 11.4507
42 11.4079
43 11.3801
44 11.3522
45 11.383
46 11.3575
47 11.2721
48 11.2523
49 11.1807
50 11.2113
51 11.1981
52 11.1474
53 11.045
54 11.0736
55 11.0935
56 11.0697
57 11.1411
58 11.0785
59 11.0486
60 10.9816
61 10.9297
62 11.0201
63 11.0427
64 11.0274
65 10.9203
66 10.9636
67 10.9746
68 10.983
69 10.9481
70 10.9956
71 10.9448
72 10.9427
73 10.9193
74 10.9988
75 11.0021
76 10.9893
77 10.9879
78 10.9396
79 10.8652
80 10.875
81 10.9234
82 10.877
83 10.9114
84 10.8804
85 11.0338
86 10.9505
87 10.9646
88 10.8729
89 10.9327
90 10.9356
91 10.8434
92 10.8973
93 10.9458
94 10.9095
95 10.9698
96 10.9603
97 10.9132
98 10.8932
99 10.9009
100 10.8841
101 10.8677
102 10.909
103 10.9662
104 10.9304
105 11.006
106 11.0218
107 10.9732
108 10.9072
109 10.936
110 10.9732
111 10.9596
112 10.9675
113 10.9348
114 10.8578
115 10.8894
116 10.9497
117 10.9304
118 10.8786
119 10.9113
120 10.9017
121 10.9546
122 10.9537
123 10.9288
124 10.904
125 10.9747
126 10.8622
127 10.9418
128 10.9386
129 10.9766
130 10.9438
131 10.9494
132 10.9129
133 10.9
134 10.948
135 10.8973
136 10.9122
137 10.9117
138 10.931
139 10.9873
140 10.9076
141 10.9766
142 10.8999
143 10.9641
144 10.9379
145 10.9492
146 10.9657
147 10.9642
148 10.936
149 10.8717
150 10.9446
151 11.0081
152 10.9749
153 10.9622
154 10.9948
155 10.9436
156 10.8947
157 10.9105
158 10.9278
159 10.9604
160 10.9189
161 10.9017
162 10.8913
163 10.8794
164 10.8692
165 10.9076
166 10.9351
167 10.9453
168 10.934
169 10.9227
170 10.9359
171 10.9389
172 10.9905
173 10.9635
174 10.9083
175 10.938
176 10.8803
177 10.9546
178 10.958
179 10.9375
180 10.9227
181 10.8803
182 10.9181
183 10.9116
184 10.947
185 10.9411
186 10.9935
187 10.9937
188 10.9432
189 10.9501
190 10.9385
191 10.9371
192 10.9006
193 10.8845
194 10.8534
195 10.979
196 10.9555
197 10.9931
198 11.0107
199 10.9789
200 10.9985
201 11.0466
202 10.9811
203 10.9373
204 10.9315
205 10.9471
206 10.9982
207 11.0053
208 10.9742
209 10.8953
210 10.9108
211 10.913
212 10.9654
213 10.9126
214 10.9893
215 10.9497
216 10.9046
217 10.9529
218 10.9531
219 10.9476
220 10.9304
221 10.961
222 10.9071
223 10.9274
224 10.9131
225 10.9097
226 10.9578
227 11.0052
228 10.9683
229 11.029
230 10.9186
231 10.8685
232 10.8892
233 10.9675
234 10.9
235 10.9253
236 10.9449
237 10.9181
238 10.9195
239 10.9685
240 10.9549
241 10.9362
242 10.9106
243 10.9625
244 10.9386
245 10.9462
246 10.9156
247 10.9077
248 10.9375
249 10.9316
250 10.9189
251 10.9536
252 10.9371
253 10.9527
254 10.9499
255 10.885
256 10.9241
257 10.9325
258 10.956
259 10.9416
260 10.9533
261 10.922
262 10.9268
263 10.9414
264 10.9043
265 10.9191
266 10.9313
267 10.9545
268 10.8932
269 10.9465
270 10.9563
271 10.9788
272 10.8646
273 10.8956
274 10.9819
275 10.9856
276 10.8922
277 10.9302
278 10.9448
279 10.9348
280 10.8945
281 10.9042
282 10.9463
283 10.879
284 10.9135
285 10.9287
286 10.8878
287 10.9148
288 10.924
289 10.883
290 10.9339
291 10.9271
292 10.8828
293 10.8818
294 10.9563
295 10.9093
296 10.9846
297 11.0257
298 10.9671
299 10.9611
