1 0
1.41492 0.0040033
1.72569 0.00627033
2.00192 0.00707748
2.23167 0.00854848
2.45005 0.00947146
2.64292 0.0104043
2.82383 0.0115093
2.99831 0.0128835
3.16533 0.0134118
3.32457 0.0133759
3.46238 0.0155818
3.60893 0.016495
3.73996 0.0169079
3.87177 0.0172727
3.99643 0.0169486
4.11822 0.0171937
4.23837 0.0175852
4.36256 0.0183128
4.48408 0.0186234
4.6036 0.0200143
4.70532 0.0211317
4.80303 0.0221774
4.89808 0.0225589
5.00229 0.0231401
5.10472 0.0234403
5.19496 0.0232577
5.29377 0.0229349
5.39086 0.0238493
5.48263 0.0251621
5.57284 0.0254607
5.66376 0.026582
5.75541 0.027267
5.84632 0.027685
5.92791 0.0279242
6.01459 0.0280107
6.10817 0.0280536
6.1854 0.0282517
6.26409 0.0299725
6.3465 0.0298052
6.42447 0.0291289
6.4989 0.0291486
6.57113 0.0285293
6.65147 0.0286091
6.70401 0.0286576
6.77945 0.0283244
6.85562 0.0284085
6.93507 0.0284925
7.00483 0.027773
7.07912 0.0283374
7.14145 0.0289133
7.2099 0.0289905
7.27937 0.0291747
7.3553 0.0302784
7.44232 0.0304685
7.51325 0.0315295
7.57471 0.0321702
7.63832 0.0319857
7.69856 0.031708
7.75385 0.0315288
7.81085 0.0323902
7.86496 0.0334336
7.93348 0.034058
8.0085 0.0355622
8.07462 0.0352008
8.13918 0.0355205
8.18866 0.0348932
8.26305 0.0348759
8.31491 0.0352945
8.37993 0.0354143
8.44385 0.0354056
8.50684 0.0356041
8.57054 0.0354184
8.63135 0.0360129
8.69048 0.0365908
8.73049 0.0374497
8.78532 0.0360927
8.83162 0.0377888
8.88589 0.0375627
8.94383 0.0366283
9.01 0.037048
9.06009 0.0380732
9.12038 0.038109
9.16215 0.0377187
9.21843 0.0386564
9.26531 0.038872
9.32636 0.0386459
9.36911 0.038101
9.41963 0.0381157
9.47286 0.0386766
9.52295 0.0390632
9.57821 0.0408706
9.62585 0.0413049
9.67985 0.0420049
9.73665 0.0418667
9.79401 0.0430977
9.83984 0.0435907
9.89803 0.04384
9.9535 0.0433011
10.0021 0.0440442
