1 0
1.41605 0.0037972
1.73494 0.0052937
2.00395 0.00713131
2.24152 0.00785273
2.45589 0.0093106
2.64983 0.00947985
2.83595 0.0102959
3.01387 0.0107219
3.18399 0.0127847
3.33739 0.0134058
3.47304 0.0141229
3.6096 0.0149519
3.74612 0.0153893
3.88049 0.0167992
4.00664 0.0171172
4.12393 0.0171561
4.23736 0.0176206
4.35344 0.0189508
4.46802 0.0188818
4.58205 0.0195334
4.68032 0.0207316
4.78314 0.0200725
4.88964 0.0209986
4.98672 0.0210525
5.08653 0.0217601
5.18355 0.0221002
5.28946 0.0221344
5.37654 0.022148
5.4754 0.0225488
5.56961 0.0217319
5.66329 0.022182
5.74736 0.0236221
5.83124 0.0234384
5.91821 0.0240569
5.99341 0.024724
6.07095 0.0252136
6.1557 0.0249322
6.23949 0.0256521
6.32169 0.0267133
6.40359 0.0262522
6.48051 0.0264784
6.56049 0.0269866
6.63179 0.0279337
6.70946 0.0282794
6.7887 0.0283951
6.86051 0.0288758
6.93756 0.029361
7.00471 0.0294742
7.08171 0.0298194
7.15099 0.0297534
7.22011 0.0295703
7.29249 0.0289495
7.35806 0.0302948
7.43149 0.0315191
7.50293 0.0312471
7.57335 0.0319335
7.64285 0.0309125
7.71216 0.0309092
7.77509 0.0308446
7.84451 0.0319396
7.90889 0.0314315
7.9646 0.032247
8.02222 0.0320803
8.08563 0.0325199
8.15339 0.0318721
8.21374 0.0318692
8.27105 0.0310272
8.33302 0.0302166
8.39502 0.02983
8.45435 0.0304977
8.51657 0.0307505
8.57653 0.0309238
8.63028 0.0310523
8.68527 0.0312847
8.73841 0.0319619
8.79985 0.0319357
8.84564 0.0317938
8.88893 0.0326808
8.93978 0.0329224
8.98599 0.032542
9.04451 0.0337104
9.10721 0.033263
9.16377 0.0328745
9.21835 0.0333386
9.26484 0.0342068
9.31632 0.0345565
9.36698 0.034986
9.40882 0.034619
9.4598 0.0345331
9.51335 0.0351958
9.55617 0.0360788
9.60811 0.0362116
9.66177 0.0374203
9.7203 0.0375076
9.77702 0.0381367
9.8274 0.0379562
9.88035 0.0374178
9.92894 0.0382924
9.97665 0.0368241
