 1 3.01176 3.01176 0
 2 4.70588 3.85882 0.847059
 3 0.188235 2.63529 1.31765
 4 0 1.97647 1.14112
 5 0.423529 1.66588 0.936884
 6 6.77647 2.51765 1.14485
 7 3.01176 2.58824 0.970143
 8 3.01176 2.64118 0.841834
 9 3.81176 2.77124 0.753735
 10 5.69412 3.06353 0.734796
 11 1.69412 2.93904 0.676207
 12 0.423529 2.72941 0.651912
 13 0.752941 2.57738 0.618645
 14 1.69412 2.51429 0.576218
 15 1.17647 2.4251 0.543793
 16 0.0470588 2.27647 0.529941
 17 0.423529 2.16747 0.509586
 18 0 2.04706 0.495303
 19 0.0470588 1.9418 0.480189
 20 0.0470588 1.84706 0.465294
 21 0.0470588 1.76134 0.450806
 22 1.69412 1.75829 0.429838
 23 1.69412 1.7555 0.410734
 24 6.77647 1.96471 0.445434
 25 0.188235 1.89365 0.433114
 26 1.17647 1.86606 0.417036
 27 6.77647 2.04793 0.440581
 28 0.0470588 1.97647 0.430526
 29 1.17647 1.94888 0.41633
 30 1.17647 1.92314 0.403037
 31 0.423529 1.87476 0.392809
 32 0.752941 1.83971 0.381948
 33 0.0470588 1.78538 0.374157
 34 0.188235 1.73841 0.366013
 35 0.188235 1.69412 0.35815
 36 1.17647 1.67974 0.348357
 37 12.0471 1.95994 0.439663
 38 5.69412 2.0582 0.439074
 39 0.188235 2.01026 0.430347
 40 0.188235 1.96471 0.421917
 41 0.188235 1.92138 0.413772
 42 0.423529 1.88571 0.405372
 43 0.752941 1.85937 0.396708
 44 1.17647 1.84385 0.387898
 45 0.0470588 1.80392 0.381277
 46 0.0470588 1.76573 0.374847
 47 0.0470588 1.72916 0.368603
 48 1.69412 1.72843 0.360843
 49 0 1.69316 0.355158
 50 1.69412 1.69318 0.347982
 51 3.01176 1.71903 0.342069
 52 0.423529 1.69412 0.33635
 53 1.69412 1.69412 0.329943
 54 0.0470588 1.66362 0.325209
 55 0.423529 1.64107 0.320036
 56 0.0470588 1.61261 0.315556
 57 0.0470588 1.58514 0.311185
 58 0.0470588 1.55862 0.30692
 59 0.188235 1.53539 0.302566
 60 0.423529 1.51686 0.298057
 61 0.752941 1.50434 0.293398
 62 1.17647 1.49905 0.288675
 63 0.188235 1.47824 0.284817
 64 0.423529 1.46176 0.280816
 65 0 1.43928 0.277375
 66 0.423529 1.42389 0.273573
 67 1.69412 1.42792 0.269489
 68 0.0470588 1.40761 0.266272
 69 1.17647 1.40426 0.262406
 70 1.17647 1.40101 0.258651
 71 1.69412 1.40514 0.255015
 72 1.17647 1.40196 0.251468
 73 5.69412 1.46076 0.254874
 74 4.70588 1.50461 0.255202
 75 1.69412 1.50714 0.251789
 76 2.30588 1.51765 0.248676
 77 3.81176 1.54744 0.247227
 78 2.30588 1.55716 0.244231
 79 3.81176 1.5857 0.242803
 80 0.752941 1.57529 0.239974
 81 0.423529 1.56107 0.237419
 82 0.188235 1.54433 0.235103
 83 1.69412 1.54614 0.23226
 84 1.17647 1.54174 0.229521
 85 0.188235 1.52581 0.227363
 86 0.752941 1.51683 0.224883
 87 0.188235 1.50156 0.222807
 88 0 1.48449 0.220921
 89 0.188235 1.46993 0.218909
 90 0.0470588 1.45412 0.21704
 91 0.752941 1.44641 0.21478
 92 3.01176 1.46343 0.213113
 93 7.95294 1.53321 0.222057
 94 2.30588 1.54143 0.219836
 95 0.423529 1.52966 0.217828
 96 0.752941 1.52157 0.215699
 97 0.752941 1.51364 0.21361
 98 2.30588 1.52173 0.211574
 99 0.0470588 1.50683 0.209955
 100 0.188235 1.49365 0.208263
 101 0.0470588 1.47932 0.206687
 102 0.752941 1.4722 0.204775
 103 0 1.45791 0.20328
 104 6.77647 1.50905 0.20771
 105 3.81176 1.53098 0.206888
 106 5.69412 1.57026 0.208656
 107 3.01176 1.58373 0.207136
 108 0.752941 1.57603 0.205353
 109 7.95294 1.63454 0.211704
 110 5.69412 1.67144 0.212993
 111 7.95294 1.72803 0.21852
 112 1.69412 1.72773 0.21656
 113 0.752941 1.7191 0.214808
 114 6.77647 1.76347 0.217488
 115 3.01176 1.77432 0.215862
 116 2.30588 1.7789 0.214042
 117 3.81176 1.79628 0.212915
 118 12.0471 1.88315 0.228278
 119 10.5882 1.9563 0.237879
 120 10.5882 2.02824 0.246612
 121 0.423529 2.01497 0.244925
 122 1.17647 2.0081 0.243006
 123 0.188235 1.9933 0.241476
 124 0.423529 1.98065 0.239855
 125 5.69412 2.01035 0.239776
 126 1.69412 2.00784 0.237879
 127 0.0470588 1.9924 0.236503
 128 0.0470588 1.97721 0.235139
 129 0 1.96188 0.233812
 130 0.752941 1.95258 0.232193
 131 1.69412 1.95061 0.230422
 132 0 1.93583 0.229147
 133 4.70588 1.95666 0.228369
 134 6.77647 1.99263 0.229495
 135 3.01176 2.00017 0.227914
 136 2.30588 2.00242 0.226243
 137 0.0470588 1.98815 0.225038
 138 0.423529 1.97681 0.223689
 139 3.01176 1.98426 0.222199
 140 1.17647 1.97849 0.220682
 141 0 1.96446 0.21956
 142 1.69412 1.96255 0.218016
 143 3.01176 1.96989 0.216611
 144 0.752941 1.96144 0.215267
 145 0.188235 1.94921 0.214127
 146 0.0470588 1.93618 0.213054
 147 1.17647 1.93101 0.211663
 148 0.752941 1.92305 0.210378
 149 0.188235 1.91141 0.209286
 150 0.423529 1.90149 0.208122
 151 0.188235 1.89014 0.207051
 152 1.17647 1.88545 0.205737
 153 1.17647 1.88082 0.204441
 154 0.188235 1.86982 0.203406
 155 0.752941 1.86262 0.202218
 156 0.423529 1.85339 0.201129
 157 0 1.84159 0.200192
 158 0.188235 1.83112 0.199196
 159 1.69412 1.83026 0.197941
 160 0.752941 1.82353 0.196816
 161 7.95294 1.8616 0.19926
 162 2.30588 1.86434 0.198045
 163 7.95294 1.9017 0.20034
 164 7.95294 1.93859 0.202504
 165 5.69412 1.96135 0.202556
 166 5.69412 1.98384 0.202584
 167 3.01176 1.99 0.201461
 168 0.423529 1.98067 0.200475
 169 2.30588 1.9826 0.199295
 170 1.69412 1.9809 0.198126
 171 1.69412 1.97922 0.196972
 172 3.01176 1.98523 0.195915
 173 3.81176 1.99578 0.195065
 174 3.81176 2.00622 0.194221
 175 1.17647 2.00148 0.193167
 176 0.188235 1.99118 0.192342
 177 0.188235 1.98099 0.191523
 178 0.188235 1.97092 0.190711
 179 0 1.95991 0.189961
 180 0.0470588 1.94928 0.189202
 181 0.188235 1.93955 0.188405
 182 0.188235 1.92993 0.187614
 183 1.69412 1.92864 0.18659
 184 0.188235 1.91918 0.185814
 185 0.188235 1.90983 0.185044
 186 0.752941 1.90361 0.184151
 187 1.69412 1.90249 0.183167
 188 0.0470588 1.89262 0.182458
 189 1.69412 1.89157 0.181493
 190 9.22353 1.93015 0.184613
 191 4.70588 1.94469 0.184218
 192 0.423529 1.93676 0.183427
 193 0 1.92673 0.18275
 194 0 1.9168 0.182077
 195 1.17647 1.913 0.181181
 196 0.188235 1.9042 0.180468
 197 0 1.89454 0.17981
 198 0 1.88497 0.179155
 199 0.0470588 1.87573 0.178492
 200 0.423529 1.86847 0.177745
 201 0.188235 1.86011 0.177056
 202 0 1.8509 0.176418
 203 1.17647 1.84758 0.175578
 204 0.188235 1.83945 0.174905
 205 3.01176 1.84516 0.174144
 206 3.81176 1.85471 0.173559
 207 0.752941 1.84939 0.1728
 208 0.0470588 1.84072 0.172186
 209 0.188235 1.83282 0.171542
 210 0.423529 1.82611 0.170855
 211 0.188235 1.81834 0.170221
 212 0 1.80977 0.169633
 213 2.30588 1.8121 0.168851
 214 3.81176 1.82144 0.168319
 215 3.81176 1.8307 0.16779
 216 5.69412 1.84858 0.167967
 217 3.01176 1.85394 0.167277
 218 13.6 1.90783 0.175008
 219 9.22353 1.94123 0.177381
 220 9.22353 1.97433 0.179649
 221 9.22353 2.00713 0.181818
 222 3.81176 2.01526 0.181179
 223 2.30588 2.01657 0.18037
 224 2.30588 2.01786 0.179567
 225 0.752941 2.01224 0.178856
 226 0.423529 2.00521 0.178201
 227 1.17647 2.00155 0.177452
 228 0.423529 1.99463 0.176808
 229 0 1.98592 0.176249
 230 0 1.97729 0.175694
 231 0.188235 1.96954 0.175103
 232 1.17647 1.96613 0.17438
 233 0.423529 1.95951 0.173756
 234 0.188235 1.95194 0.173177
 235 3.01176 1.95645 0.172498
 236 1.17647 1.95314 0.171797
 237 0.188235 1.94569 0.171233
 238 0.423529 1.9393 0.170632
 239 0.0470588 1.93138 0.170101
 240 0.0470588 1.92353 0.169572
 241 0.0470588 1.91574 0.169047
 242 3.01176 1.92027 0.168407
 243 7.95294 1.9451 0.16954
 244 3.01176 1.94947 0.168901
 245 2.30588 1.95092 0.168216
 246 2.30588 1.95237 0.167537
 247 0 1.94446 0.167045
 248 0.752941 1.93966 0.166439
 249 0.0470588 1.93206 0.165944
 250 0.188235 1.92508 0.165426
 251 0.0470588 1.9176 0.164935
 252 0.0470588 1.91018 0.164447
 253 0.0470588 1.90281 0.163961
 254 0.0470588 1.89551 0.163477
 255 0 1.88807 0.163005
 256 0.0470588 1.88088 0.162526
 257 0.0470588 1.87375 0.162049
 258 0.423529 1.86813 0.161518
 259 1.17647 1.86546 0.160915
 260 0.188235 1.859 0.160425
 261 0 1.85188 0.159968
 262 0.188235 1.84553 0.159482
 263 0.0470588 1.83869 0.159022
 264 0.188235 1.83244 0.158542
 265 0.0470588 1.8257 0.158086
 266 1.17647 1.82326 0.15751
 267 4.70588 1.83406 0.157289
 268 3.01176 1.83845 0.156763
 269 2.30588 1.84019 0.156189
 270 4.70588 1.85081 0.155971
 271 7.95294 1.87332 0.157017
 272 3.81176 1.88045 0.156601
 273 5.69412 1.89442 0.156651
 274 3.01176 1.8985 0.156131
 275 1.69412 1.89775 0.155564
 276 4.70588 1.90793 0.155333
 277 2.30588 1.90937 0.154778
 278 0 1.9025 0.154373
 279 0.0470588 1.89585 0.153962
 280 0.188235 1.88975 0.153533
 281 0.0470588 1.88319 0.153126
 282 2.30588 1.88469 0.152589
 283 6.77647 1.90197 0.153028
 284 5.69412 1.91533 0.153072
 285 3.81176 1.92198 0.152679
 286 4.70588 1.93172 0.152455
 287 0.752941 1.92761 0.151979
 288 0.0470588 1.92108 0.151591
 289 0.752941 1.91704 0.15112
 290 0.0470588 1.91059 0.150735
 291 2.30588 1.91195 0.150223
 292 3.01176 1.91571 0.149755
 293 1.17647 1.91319 0.149264
 294 1.17647 1.91068 0.148777
 295 0.752941 1.90676 0.148323
 296 2.30588 1.90811 0.147828
 297 0 1.90168 0.147469
 298 0 1.8953 0.147112
 299 0.188235 1.88959 0.14673
 300 0.752941 1.8858 0.146289
 301 0.423529 1.88095 0.145883
 302 0 1.87472 0.145533
 303 6.77647 1.89089 0.145951
 304 12.0471 1.9243 0.149257
 305 4.70588 1.93342 0.149046
 306 4.70588 1.94248 0.148834
 307 2.30588 1.94367 0.148354
 308 1.69412 1.94286 0.147873
 309 0.188235 1.93718 0.147503
 310 0.188235 1.93154 0.147135
 311 0.0470588 1.92548 0.146786
 312 0.752941 1.92172 0.146363
 313 0.188235 1.91618 0.146
 314 0.188235 1.91068 0.145638
 315 1.17647 1.90835 0.145194
 316 3.01176 1.91184 0.144776
 317 1.69412 1.91115 0.14432
 318 1.17647 1.90884 0.143884
 319 1.17647 1.90655 0.143451
 320 0.752941 1.90294 0.143047
 321 0.423529 1.89833 0.142675
 322 0 1.89244 0.142353
 323 0.0470588 1.88672 0.142027
 324 1.17647 1.88453 0.141605
 325 0.752941 1.88105 0.141212
 326 0.423529 1.87658 0.140849
 327 0.188235 1.87142 0.140512
 328 0.423529 1.867 0.140153
 329 3.01176 1.87048 0.139769
 330 1.69412 1.86995 0.139346
 331 0.752941 1.86657 0.138966
 332 2.30588 1.8679 0.138553
 333 4.70588 1.87642 0.138399
 334 1.17647 1.87432 0.138
 335 0.752941 1.87097 0.137628
 336 1.69412 1.87045 0.137218
 337 2.30588 1.87174 0.136817
 338 3.01176 1.87511 0.136453
 339 4.70588 1.88346 0.136306
 340 3.81176 1.88913 0.136023
 341 0.0470588 1.88373 0.135731
 342 0.752941 1.88043 0.135374
 343 6.77647 1.8947 0.135731
 344 2.30588 1.8959 0.135341
 345 3.81176 1.90145 0.135063
 346 0.423529 1.89718 0.134739
 347 0.0470588 1.89185 0.134456
 348 0.188235 1.88695 0.134159
 349 0.188235 1.88208 0.133862
 350 0.0470588 1.87684 0.133582
 351 0.0470588 1.87163 0.133303
 352 0.0470588 1.86644 0.133025
 353 0 1.86116 0.132753
 354 0 1.8559 0.132482
 355 0.752941 1.85279 0.132145
 356 0.188235 1.84812 0.131856
 357 0.0470588 1.84307 0.131583
 358 0.188235 1.83845 0.131296
 359 0.0470588 1.83346 0.131025
 360 0.423529 1.82954 0.130719
 361 0 1.82447 0.130455
 362 0.752941 1.82151 0.130128
 363 4.70588 1.82946 0.130012
 364 0.0470588 1.82456 0.129746
 365 3.81176 1.83001 0.129505
 366 1.69412 1.82964 0.129151
 367 0.188235 1.82516 0.128876
 368 0.423529 1.82136 0.128582
 369 0 1.81642 0.128328
 370 1.69412 1.81609 0.127981
 371 1.69412 1.81576 0.127636
 372 0.752941 1.8129 0.127325
 373 0 1.80804 0.127076
 374 0.188235 1.80371 0.12681
 375 0.423529 1.80003 0.126525
 376 0.423529 1.79637 0.126241
 377 2.30588 1.79772 0.125913
 378 3.81176 1.80305 0.125692
 379 1.69412 1.80276 0.12536
 380 0.423529 1.79913 0.125083
 381 0.188235 1.79491 0.124826
 382 0.188235 1.7907 0.12457
 383 0.0470588 1.78615 0.124327
 384 0.423529 1.7826 0.124054
 385 2.30588 1.78396 0.123739
 386 1.17647 1.78238 0.123428
 387 3.81176 1.78763 0.12322
 388 1.69412 1.78739 0.122902
 389 4.70588 1.79489 0.122815
 390 3.01176 1.79801 0.12254
 391 0.188235 1.79389 0.122295
 392 0.752941 1.79124 0.122012
 393 1.17647 1.78967 0.121711
 394 0.423529 1.7862 0.121451
 395 0.188235 1.78216 0.121211
 396 1.69412 1.78194 0.120904
 397 3.01176 1.78503 0.120639
 398 3.01176 1.78812 0.120375
 399 0.0470588 1.78375 0.120153
 400 0.0470588 1.77941 0.11993
 401 0.423529 1.77603 0.119679
 402 0.423529 1.77267 0.119428
 403 0.423529 1.76932 0.119178
 404 0.752941 1.7668 0.11891
 405 2.30588 1.76813 0.118623
 406 4.70588 1.77537 0.118552
 407 0.752941 1.77286 0.118287
 408 0 1.76851 0.118076
 409 0.188235 1.76465 0.117851
 410 0.752941 1.76218 0.117589
 411 0.188235 1.75835 0.117365
 412 0.752941 1.75591 0.117105
 413 5.69412 1.76545 0.11721
 414 7.95294 1.78039 0.117877
 415 3.81176 1.78529 0.117695
 416 3.01176 1.78824 0.117449
 417 2.30588 1.78948 0.117173
 418 0.423529 1.78621 0.116938
 419 1.17647 1.78475 0.116668
 420 0.188235 1.78095 0.116452
 421 0.423529 1.77773 0.11622
 422 0.188235 1.77396 0.116005
 423 0.0470588 1.76988 0.115803
 424 0.0470588 1.76582 0.115601
 425 1.17647 1.76443 0.115337
 426 0.188235 1.76073 0.115125
 427 1.17647 1.75936 0.114863
 428 2.30588 1.76064 0.114602
 429 1.69412 1.76048 0.114334
 430 2.30588 1.76175 0.114075
 431 1.17647 1.76039 0.113818
 432 0.188235 1.75675 0.113613
 433 0.423529 1.75367 0.113392
 434 0.423529 1.75061 0.113172
 435 0.0470588 1.74669 0.112979
 436 0.0470588 1.7428 0.112787
 437 0.188235 1.73924 0.112585
 438 0.752941 1.73699 0.11235
 439 0.188235 1.73346 0.11215
 440 0.423529 1.73048 0.111934
 441 1.17647 1.72923 0.111687
 442 0.0470588 1.72542 0.111499
 443 0 1.72152 0.111315
 444 0.0470588 1.71775 0.111128
 445 0.752941 1.71558 0.110899
 446 0.423529 1.71269 0.110688
 447 6.77647 1.72402 0.11102
 448 2.30588 1.72532 0.110779
 449 0.423529 1.72242 0.11057
 450 3.01176 1.72528 0.110362
 451 3.81176 1.72991 0.110214
 452 0 1.72608 0.110036
 453 1.17647 1.72487 0.1098
 454 0.188235 1.72148 0.10961
 455 0.188235 1.71811 0.109421
 456 3.81176 1.7227 0.109277
 457 0.423529 1.71986 0.109075
 458 1.69412 1.7198 0.108836
 459 0 1.71606 0.108663
 460 0.423529 1.71325 0.108463
 461 0.0470588 1.70963 0.108288
 462 5.69412 1.71826 0.108397
 463 6.77647 1.72918 0.108713
 464 1.69412 1.72911 0.108479
 465 0.0470588 1.72549 0.108305
 466 0.752941 1.7234 0.108093
 467 0.0470588 1.71981 0.107921
 468 0.188235 1.71654 0.10774
 469 1.17647 1.71539 0.107516
 470 0.188235 1.71214 0.107336
 471 1.69412 1.7121 0.107108
 472 3.81176 1.71655 0.106973
 473 5.69412 1.72496 0.107078
 474 2.30588 1.72619 0.106859
 475 0.0470588 1.72265 0.106692
 476 1.17647 1.7215 0.106474
 477 3.81176 1.72588 0.106341
 478 2.30588 1.7271 0.106125
 479 0 1.72349 0.105965
 480 0 1.7199 0.105804
 481 0.0470588 1.71642 0.105642
 482 0.188235 1.71325 0.10547
 483 4.70588 1.71945 0.105433
 484 1.17647 1.71833 0.105221
 485 5.69412 1.72653 0.105324
 486 2.30588 1.72772 0.105114
 487 0.752941 1.72572 0.104917
 488 0.0470588 1.72228 0.104758
 489 0.423529 1.71962 0.104577
 490 1.17647 1.71851 0.104369
 491 0.0470588 1.71511 0.104212
 492 0.0470588 1.71172 0.104055
 493 0.423529 1.7091 0.103877
 494 0.188235 1.70603 0.103712
 495 0.188235 1.70296 0.103548
 496 2.30588 1.70417 0.103346
 497 0.423529 1.7016 0.10317
 498 0.0470588 1.69828 0.103016
 499 0.752941 1.69638 0.102827
 500 1.69412 1.69638 0.102621
 501 5.69412 1.70436 0.102727
 502 4.70588 1.71034 0.102696
 503 2.30588 1.71152 0.102498
 504 0.188235 1.7085 0.102339
 505 3.01176 1.71108 0.102169
 506 3.01176 1.71365 0.102
 507 3.81176 1.71779 0.101882
 508 6.77647 1.72774 0.102168
 509 7.95294 1.73997 0.102698
 510 0.188235 1.73693 0.102541
 511 0.0470588 1.73362 0.102394
 512 0.188235 1.73061 0.102238
 513 3.01176 1.7331 0.102069
 514 3.81176 1.73715 0.101951
 515 9.22353 1.75168 0.102786
 516 7.95294 1.7637 0.103288
 517 7.95294 1.77567 0.103781
 518 15.2471 1.80168 0.106795
 519 9.22353 1.81598 0.107544
 520 16.9882 1.84516 0.111232
 521 2.30588 1.84604 0.111022
 522 1.17647 1.84476 0.110817
 523 2.30588 1.84564 0.110608
 524 4.70588 1.8511 0.110532
 525 0.0470588 1.84766 0.110374
 526 0.423529 1.84496 0.110198
 527 1.17647 1.84369 0.109996
 528 1.17647 1.84242 0.109794
 529 0.188235 1.8393 0.109631
 530 0.752941 1.83725 0.109443
 531 1.17647 1.836 0.109244
 532 1.17647 1.83476 0.109046
 533 0.0470588 1.83141 0.108892
 534 0.752941 1.82939 0.108707
 535 0.0470588 1.82606 0.108555
 536 0.752941 1.82406 0.108371
 537 0.0470588 1.82075 0.108219
 538 1.69412 1.82051 0.108018
 539 2.30588 1.82141 0.107821
 540 4.70588 1.82675 0.107754
 541 0.0470588 1.82346 0.107605
 542 0.423529 1.82088 0.107437
 543 0.752941 1.81891 0.107257
 544 0.423529 1.81635 0.107091
 545 0.752941 1.8144 0.106912
 546 0.188235 1.81142 0.106757
 547 3.01176 1.81361 0.106585
 548 3.81176 1.81726 0.106452
 549 6.77647 1.82629 0.106642
 550 0.423529 1.82374 0.106478
 551 3.01176 1.8259 0.106306
 552 0.188235 1.82293 0.106155
 553 0.423529 1.8204 0.105993
 554 0.0470588 1.8172 0.10585
 555 3.01176 1.81935 0.105681
 556 0.0470588 1.81617 0.105539
 557 0.752941 1.81426 0.105367
 558 0.0470588 1.81109 0.105225
 559 1.69412 1.81088 0.105037
 560 0.0470588 1.80773 0.104897
 561 0 1.80451 0.104759
 562 3.81176 1.80808 0.104634
 563 1.69412 1.80788 0.104448
 564 1.17647 1.80676 0.104268
 565 1.69412 1.80656 0.104084
 566 0.423529 1.80412 0.103929
 567 2.30588 1.805 0.103749
 568 0 1.80182 0.103615
 569 0.188235 1.79899 0.103471
 570 0.0470588 1.79591 0.103335
 571 0.752941 1.79409 0.103171
 572 1.17647 1.79301 0.102996
 573 0.0470588 1.78996 0.102861
 574 1.69412 1.78979 0.102682
 575 0.423529 1.78742 0.10253
 576 0.0470588 1.7844 0.102397
 577 0.0470588 1.78138 0.102264
 578 0.0470588 1.77838 0.102131
 579 2.30588 1.77929 0.101958
 580 4.70588 1.78434 0.101907
 581 3.01176 1.78645 0.101754
 582 4.70588 1.79147 0.101702
 583 1.69412 1.7913 0.101528
 584 1.17647 1.79025 0.101359
 585 0.752941 1.78848 0.101202
 586 0.752941 1.78671 0.101044
 587 1.17647 1.78567 0.100877
 588 3.01176 1.78776 0.100727
 589 5.69412 1.79439 0.100774
 590 7.95294 1.80483 0.101144
 591 3.01176 1.80687 0.100993
 592 7.95294 1.81725 0.101355
 593 4.70588 1.82212 0.101301
 594 0.752941 1.82032 0.101147
 595 2.30588 1.82114 0.10098
 596 0 1.81808 0.100857
 597 0 1.81504 0.100734
 598 2.30588 1.81586 0.100568
 599 0.188235 1.81314 0.100437
 600 4.70588 1.81796 0.100385
 601 0.752941 1.81619 0.100234
 602 4.70588 1.82099 0.100182
 603 7.95294 1.83116 0.100532
 604 1.17647 1.83007 0.100371
 605 0.752941 1.82829 0.100221
 606 0.752941 1.82652 0.100071
 607 0.752941 1.82475 0.0999216
 608 0.188235 1.82206 0.0997934
 609 0.752941 1.8203 0.0996448
 610 0 1.81732 0.0995261
 611 2.30588 1.81812 0.0993663
 612 5.69412 1.82445 0.0994058
 613 0.188235 1.82178 0.0992794
 614 0 1.81882 0.0991619
 615 0.0470588 1.81593 0.0990425
 616 0.0470588 1.81306 0.0989232
 617 0.0470588 1.8102 0.0988042
 618 0.0470588 1.80735 0.0986855
 619 0.423529 1.80511 0.0985513
 620 1.69412 1.80493 0.0983924
 621 0.0470588 1.8021 0.0982746
 622 0.188235 1.79951 0.0981508
 623 0.423529 1.7973 0.098018
 624 1.17647 1.7963 0.0978658
 625 2.30588 1.79712 0.0977125
 626 3.01176 1.79906 0.0975756
 627 10.5882 1.81308 0.0984232
 628 3.81176 1.81626 0.0983179
 629 0 1.81337 0.0982039
 630 2.30588 1.81415 0.098051
 631 1.17647 1.81314 0.0979007
 632 5.69412 1.81929 0.0979384
 633 4.70588 1.82385 0.0978898
 634 0.0470588 1.82104 0.0977755
 635 1.17647 1.82003 0.0976267
 636 3.81176 1.82316 0.0975233
 637 3.01176 1.82503 0.097388
 638 1.69412 1.82482 0.0972354
 639 4.70588 1.82933 0.0971878
 640 6.77647 1.83706 0.0973432
 641 3.81176 1.84014 0.09724
 642 2.30588 1.84086 0.0970912
 643 3.01176 1.84269 0.0969572
 644 0.423529 1.84048 0.0968316
 645 7.95294 1.84996 0.0971447
 646 10.5882 1.86349 0.0979328
 647 9.22353 1.87486 0.0984408
 648 7.95294 1.88424 0.0987354
 649 2.30588 1.88489 0.0985852
 650 7.95294 1.89423 0.0988752
 651 9.22353 1.90548 0.099363
 652 3.01176 1.90718 0.099225
 653 7.95294 1.91644 0.0995046
 654 3.81176 1.91934 0.0993946
 655 0.423529 1.91705 0.099269
 656 0.423529 1.91478 0.0991437
 657 0.423529 1.91251 0.0990187
 658 0.0470588 1.90967 0.0989088
 659 1.17647 1.90856 0.0987648
 660 0.423529 1.90631 0.0986408
 661 0.188235 1.90371 0.0985257
 662 0.752941 1.90197 0.0983921
 663 1.17647 1.90088 0.0982497
 664 2.30588 1.90149 0.0981035
 665 0.752941 1.89976 0.0979711
 666 0 1.89691 0.0978655
 667 0.0470588 1.89414 0.097758
 668 0.752941 1.89243 0.0976265
 669 0.752941 1.89072 0.0974953
 670 0.188235 1.88818 0.0973829
 671 0 1.88537 0.0972783
 672 0.0470588 1.88263 0.097172
 673 0.188235 1.88012 0.0970601
 674 0.752941 1.87844 0.0969304
 675 3.81176 1.88131 0.0968291
 676 6.77647 1.88855 0.0969566
 677 3.81176 1.89139 0.0968549
 678 1.69412 1.8911 0.0967124
 679 6.77647 1.89829 0.0968375
 680 0.752941 1.89661 0.0967097
 681 1.17647 1.89555 0.0965733
 682 0.188235 1.89305 0.0964641
 683 0 1.89028 0.0963626
 684 0.423529 1.88813 0.0962456
 685 1.17647 1.88709 0.0961106
 686 3.01176 1.88873 0.0959844
 687 1.69412 1.88845 0.095845
 688 0.0470588 1.88577 0.095743
 689 0.423529 1.88365 0.0956275
 690 1.17647 1.88263 0.0954943
 691 0.0470588 1.87997 0.095393
 692 2.30588 1.88058 0.095257
 693 1.69412 1.88032 0.0951198
 694 0.0470588 1.87767 0.0950194
 695 0 1.87497 0.094921
 696 1.69412 1.87471 0.0947849
 697 0.423529 1.87263 0.0946717
 698 1.17647 1.87163 0.0945413
 699 0.188235 1.86922 0.0944366
 700 0 1.86655 0.0943394
 701 0 1.86389 0.0942424
 702 0 1.86124 0.0941455
 703 0 1.85859 0.0940487
 704 0.0470588 1.85602 0.0939503
 705 0.752941 1.85445 0.09383
 706 0.752941 1.85289 0.09371
 707 0.188235 1.85054 0.0936069
 708 2.30588 1.85118 0.0934768
 709 0.423529 1.84917 0.0933666
 710 1.17647 1.84822 0.0932398
 711 0.0470588 1.84569 0.0931431
 712 0.752941 1.84415 0.0930248
 713 0 1.84156 0.0929303
 714 0.423529 1.83958 0.0928213
 715 0.752941 1.83806 0.0927038
 716 0.752941 1.83654 0.0925866
 717 0.423529 1.83457 0.0924784
 718 0.0470588 1.83208 0.0923831
 719 0.423529 1.83012 0.0922753
 720 0.188235 1.82784 0.0921753
 721 4.70588 1.83183 0.0921339
 722 3.01176 1.83347 0.0920207
 723 3.01176 1.8351 0.0919078
 724 3.01176 1.83672 0.0917951
 725 3.81176 1.83945 0.0917089
 726 6.77647 1.84625 0.0918346
 727 4.70588 1.85018 0.0917925
 728 0.423529 1.84822 0.0916873
 729 0.423529 1.84627 0.0915823
 730 4.70588 1.85019 0.0915406
 731 0 1.84765 0.0914503
 732 0.188235 1.84539 0.0913534
 733 6.77647 1.85211 0.0914764
 734 9.22353 1.86216 0.0919021
 735 15.2471 1.88037 0.0935662
 736 4.70588 1.88421 0.0935178
 737 0 1.88165 0.0934259
 738 0.0470588 1.87916 0.0933323
 739 0 1.87662 0.0932406
 740 0.0470588 1.87415 0.0931473
 741 1.69412 1.87391 0.0930218
 742 0.188235 1.87163 0.0929242
 743 1.69412 1.8714 0.0927993
 744 1.17647 1.87046 0.0926792
 745 0.188235 1.8682 0.0925823
 746 0.423529 1.86627 0.0924784
 747 4.70588 1.87007 0.0924327
 748 4.70588 1.87386 0.0923868
 749 3.01176 1.87538 0.0922759
 750 3.01176 1.87689 0.0921653
 751 15.2471 1.8947 0.0937484
 752 6.77647 1.90119 0.0938485
 753 3.01176 1.90266 0.0937353
 754 0.423529 1.9007 0.0936315
 755 0.752941 1.89918 0.0935198
 756 2.30588 1.89972 0.0933975
 757 2.30588 1.90026 0.0932756
 758 0.188235 1.898 0.0931798
 759 0.752941 1.89649 0.0930692
 760 0.752941 1.89498 0.0929589
 761 1.17647 1.89404 0.0928414
 762 0.752941 1.89254 0.0927316
 763 0.423529 1.89062 0.09263
 764 1.17647 1.88968 0.0925134
 765 1.69412 1.88943 0.0923927
 766 2.30588 1.88997 0.0922737
 767 2.30588 1.89051 0.0921549
 768 1.69412 1.89026 0.0920351
 769 0.0470588 1.88786 0.0919466
 770 0.188235 1.88565 0.0918537
 771 6.77647 1.892 0.0919535
 772 3.81176 1.89448 0.091868
 773 2.30588 1.89502 0.0917506
 774 0.188235 1.89281 0.0916585
 775 0.752941 1.89134 0.091552
 776 1.69412 1.89109 0.0914343
 777 0.423529 1.8892 0.0913361
 778 3.01176 1.89064 0.09123
 779 1.69412 1.89039 0.0911132
 780 2.30588 1.89092 0.0909978
 781 5.69412 1.89579 0.0910116
 782 6.77647 1.90203 0.0911092
 783 1.69412 1.90177 0.0909932
 784 6.77647 1.90798 0.0910895
 785 9.22353 1.9173 0.0914494
 786 0.0470588 1.91492 0.091364
 787 2.30588 1.91542 0.0912492
 788 1.69412 1.91514 0.0911338
 789 1.17647 1.9142 0.091023
 790 0.188235 1.91202 0.0909339
 791 0.188235 1.90984 0.0908451
 792 0.188235 1.90766 0.0907563
 793 0 1.90526 0.0906737
 794 0.0470588 1.90292 0.0905897
 795 0.188235 1.90076 0.0905014
 796 0.752941 1.89932 0.0903991
 797 0.423529 1.89747 0.0903046
 798 0.423529 1.89562 0.0902103
 799 2.30588 1.89613 0.0900987
 800 1.69412 1.89588 0.0899864
 801 0.188235 1.89375 0.0898993
 802 0.752941 1.89233 0.0897984
 803 0 1.88997 0.0897174
 804 3.81176 1.89236 0.0896377
 805 0 1.89001 0.0895571
 806 0.752941 1.8886 0.089457
 807 1.69412 1.88836 0.0893464
 808 2.30588 1.88888 0.0892373
 809 3.81176 1.89125 0.0891586
 810 0.423529 1.88944 0.0890669
 811 1.17647 1.88856 0.0889614
 812 4.70588 1.89203 0.0889194
 813 2.30588 1.89254 0.0888115
 814 1.17647 1.89166 0.0887067
 815 4.70588 1.89511 0.088665
 816 7.95294 1.90254 0.0888669
 817 1.69412 1.90228 0.0887584
 818 3.01176 1.90364 0.0886602
 819 1.17647 1.90275 0.0885564
 820 3.81176 1.90508 0.0884789
 821 4.70588 1.90849 0.0884369
 822 3.01176 1.90983 0.0883395
 823 3.01176 1.91117 0.0882422
 824 0.423529 1.90937 0.0881536
 825 3.81176 1.91167 0.0880768
 826 0.0470588 1.90941 0.0879991
 827 0.188235 1.90733 0.0879173
 828 2.30588 1.90781 0.0878123
 829 1.69412 1.90756 0.0877067
 830 4.70588 1.91093 0.0876659
 831 3.01176 1.91225 0.0875703
 832 3.81176 1.91454 0.0874948
 833 0.0470588 1.91229 0.0874184
 834 4.70588 1.91564 0.0873778
 835 0.752941 1.91425 0.0872842
 836 0.752941 1.91286 0.0871908
 837 0.188235 1.9108 0.0871109
 838 3.81176 1.91307 0.0870365
 839 3.81176 1.91533 0.0869621
 840 6.77647 1.92112 0.0870511
 841 1.17647 1.92024 0.0869521
 842 1.17647 1.91935 0.0868532
 843 0 1.91707 0.08678
 844 0.0470588 1.91486 0.0867054
 845 0.188235 1.91282 0.0866269
 846 1.17647 1.91195 0.0865288
 847 0.188235 1.90991 0.0864505
 848 0.752941 1.90855 0.0863593
 849 0.0470588 1.90635 0.0862854
 850 0.188235 1.90433 0.0862075
 851 0.423529 1.90259 0.0861237
 852 3.01176 1.90389 0.0860324
 853 0.752941 1.90254 0.0859421
 854 0.0470588 1.90037 0.0858689
 855 3.01176 1.90167 0.0857783
 856 0.423529 1.89995 0.0856954
 857 0.0470588 1.89778 0.0856226
 858 0.188235 1.89579 0.085546
 859 0.188235 1.8938 0.0854695
 860 0.0470588 1.89166 0.085397
 861 0.188235 1.88968 0.0853207
 862 0.188235 1.8877 0.0852446
 863 1.17647 1.88688 0.0851497
 864 0.188235 1.88491 0.0850738
 865 5.69412 1.88932 0.0850894
 866 6.77647 1.89496 0.0851783
 867 5.69412 1.89934 0.0851927
 868 6.77647 1.90496 0.0852798
 869 6.77647 1.91057 0.0853659
 870 1.17647 1.90972 0.0852719
 871 1.69412 1.90948 0.0851743
 872 2.30588 1.90993 0.0850778
 873 0.423529 1.90823 0.0849973
 874 0.188235 1.90626 0.0849228
 875 1.69412 1.90602 0.0848261
 876 0.423529 1.90432 0.0847461
 877 0.423529 1.90264 0.0846662
 878 0.423529 1.90095 0.0845865
 879 2.30588 1.90141 0.0844915
 880 2.30588 1.90187 0.0843967
 881 3.81176 1.90404 0.0843287
 882 0.188235 1.90209 0.0842555
 883 0.0470588 1.89999 0.0841862
 884 1.17647 1.89917 0.0840949
 885 1.17647 1.89836 0.0840038
 886 0.423529 1.89669 0.0839255
 887 2.30588 1.89715 0.0838321
 888 0.752941 1.89587 0.0837475
 889 0.752941 1.89458 0.0836631
 890 4.70588 1.89774 0.0836288
 891 3.01176 1.89899 0.0835442
 892 1.17647 1.89818 0.0834544
 893 0.752941 1.8969 0.0833708
 894 0.423529 1.89525 0.0832938
 895 0.0470588 1.89318 0.0832263
 896 1.69412 1.89296 0.0831337
 897 0.188235 1.89106 0.0830627
 898 0.752941 1.88979 0.0829798
 899 1.17647 1.889 0.0828912
 900 0.752941 1.88774 0.0828087
 901 0.752941 1.88648 0.0827263
 902 0.0470588 1.88444 0.0826597
 903 0.423529 1.88282 0.082584
 904 1.17647 1.88204 0.0824963
 905 13.6 1.89499 0.0834161
 906 12.0471 1.90619 0.0840741
 907 15.2471 1.9209 0.0852597
 908 9.22353 1.92895 0.0855446
 909 0.752941 1.92765 0.0854602
 910 3.01176 1.92884 0.0853746
 911 2.30588 1.92926 0.0852818
 912 0.752941 1.92797 0.085198
 913 0.0470588 1.92591 0.0851296
 914 2.30588 1.92632 0.0850374
 915 0.752941 1.92504 0.0849541
 916 0.0470588 1.92299 0.0848861
 917 0 1.92089 0.0848194
 918 0.188235 1.91901 0.084748
 919 0.188235 1.91712 0.0846766
 920 2.30588 1.91754 0.0845856
 921 3.81176 1.9196 0.0845187
 922 2.30588 1.92002 0.0844281
 923 3.01176 1.9212 0.0843448
 924 1.17647 1.9204 0.0842574
 925 2.30588 1.92081 0.0841673
 926 3.01176 1.92199 0.0840846
 927 0 1.91992 0.0840194
 928 0.752941 1.91866 0.0839382
 929 0.188235 1.9168 0.0838685
 930 0.752941 1.91555 0.0837876
 931 4.70588 1.91854 0.0837512
 932 0.423529 1.91694 0.0836767
 933 0.423529 1.91534 0.0836023
 934 0.423529 1.91374 0.083528
 935 1.69412 1.91351 0.083439
 936 3.01176 1.91468 0.083358
 937 3.01176 1.91585 0.0832772
 938 0.423529 1.91426 0.0832036
 939 0.752941 1.91302 0.0831242
 940 0.188235 1.91119 0.083056
 941 0 1.90916 0.0829925
 942 0.752941 1.90793 0.0829134
 943 1.17647 1.90715 0.0828291
 944 0.423529 1.90558 0.0827562
 945 1.17647 1.90481 0.0826722
 946 3.01176 1.90598 0.0825931
 947 1.17647 1.90521 0.0825094
 948 5.69412 1.90921 0.0825192
 949 5.69412 1.9132 0.0825286
 950 10.5882 1.92233 0.0829459
 951 4.70588 1.92526 0.0829103
 952 1.17647 1.92447 0.0828269
 953 0.423529 1.92289 0.0827549
 954 0.752941 1.92167 0.0826772
 955 2.30588 1.92207 0.0825916
 956 2.30588 1.92247 0.0825061
 957 0.188235 1.92066 0.0824398
 958 0.423529 1.9191 0.0823685
 959 3.01176 1.92024 0.0822905
 960 1.17647 1.91946 0.0822083
 961 1.17647 1.91869 0.0821264
 962 0.188235 1.91689 0.0820607
 963 0.752941 1.91568 0.0819844
 964 0.423529 1.91413 0.0819139
 965 0.188235 1.91234 0.0818485
 966 0.752941 1.91114 0.0817725
 967 0.0470588 1.90922 0.0817107
 968 0.0470588 1.90729 0.0816489
 969 0 1.90532 0.0815883
 970 0 1.90336 0.0815278
 971 0.188235 1.90159 0.081463
 972 0.0470588 1.89969 0.0814015
 973 2.30588 1.9001 0.0813189
 974 3.01176 1.90124 0.0812433
 975 1.17647 1.9005 0.0811634
 976 0.188235 1.89875 0.0810992
 977 1.69412 1.89854 0.0810164
 978 0 1.8966 0.0809568
 979 0 1.89466 0.0808972
 980 1.69412 1.89445 0.0808149
 981 0.188235 1.89271 0.0807512
 982 0 1.89079 0.080692
 983 0.0470588 1.88891 0.0806317
 984 0 1.88699 0.0805725
 985 0.0470588 1.88512 0.0805124
 986 0.188235 1.8834 0.0804491
 987 0.423529 1.88192 0.0803811
 988 0.423529 1.88045 0.0803133
 989 2.30588 1.88088 0.0802332
 990 0.752941 1.87974 0.0801602
 991 6.77647 1.88468 0.0802316
 992 6.77647 1.88961 0.0803022
 993 3.01176 1.89074 0.0802293
 994 4.70588 1.89357 0.0801986
 995 4.70588 1.8964 0.0801678
 996 1.69412 1.8962 0.0800875
 997 0.188235 1.89448 0.0800254
 998 3.81176 1.8964 0.0799683
 999 0.423529 1.89493 0.0799018
 1000 0.752941 1.89379 0.07983
 1001 0.423529 1.89232 0.0797638
 1002 0.0470588 1.89048 0.0797054
 1003 0.0470588 1.88864 0.0796471
 1004 3.81176 1.89056 0.0795908
 1005 1.17647 1.88984 0.0795147
 1006 6.77647 1.8947 0.079584
 1007 0.0470588 1.89287 0.0795261
 1008 0.0470588 1.89104 0.0794683
 1009 1.69412 1.89084 0.0793897
 1010 2.30588 1.89125 0.0793122
 1011 0.752941 1.89013 0.0792417
 1012 0.0470588 1.88831 0.0791843
 1013 1.69412 1.88811 0.0791063
 1014 1.69412 1.88792 0.0790285
 1015 0.423529 1.88648 0.0789638
 1016 0.188235 1.88481 0.0789037
 1017 0.188235 1.88314 0.0788437
 1018 1.17647 1.88245 0.0787693
 1019 0.0470588 1.88064 0.0787126
 1020 0.0470588 1.87885 0.0786559
 1021 0.0470588 1.87705 0.0785993
 1022 3.01176 1.87816 0.0785302
 1023 1.69412 1.87798 0.0784536
 1024 0.752941 1.87688 0.0783847
 1025 2.30588 1.8773 0.0783093
 1026 0.0470588 1.87552 0.0782533
 1027 1.69412 1.87534 0.0781772
 1028 0.188235 1.8737 0.0781184
 1029 0.423529 1.87229 0.0780552
 1030 0.188235 1.87066 0.0779965
 1031 0.0470588 1.86889 0.0779409
 1032 0.188235 1.86726 0.0778823
 1033 3.01176 1.86837 0.0778148
 1034 1.69412 1.8682 0.0777397
 1035 0.752941 1.86712 0.077672
 1036 0.423529 1.86573 0.0776095
 1037 1.17647 1.86506 0.0775375
 1038 0.752941 1.86399 0.0774702
 1039 0.752941 1.86292 0.0774029
 1040 1.69412 1.86276 0.0773286
 1041 0.752941 1.86169 0.0772617
 1042 1.69412 1.86153 0.0771877
 1043 0.188235 1.85993 0.0771303
 1044 0.423529 1.85855 0.0770687
 1045 0 1.85677 0.0770154
 1046 2.30588 1.8572 0.076943
 1047 0.752941 1.85615 0.0768767
 1048 0 1.85438 0.0768237
 1049 0.188235 1.85279 0.0767669
 1050 0.423529 1.85143 0.0767058
 1051 1.69412 1.85128 0.0766329
 1052 0.0470588 1.84956 0.0765793
 1053 2.30588 1.85 0.0765077
 1054 0.423529 1.84864 0.0764471
 1055 0.0470588 1.84694 0.0763937
 1056 0.188235 1.84537 0.0763375
 1057 0.0470588 1.84366 0.0762842
 1058 0.188235 1.8421 0.0762281
 1059 0.752941 1.84107 0.076163
 1060 0.752941 1.84004 0.0760981
 1061 0.752941 1.83902 0.0760332
 1062 1.69412 1.83888 0.0759617
 1063 0.423529 1.83755 0.0759019
 1064 0.188235 1.836 0.0758464
 1065 1.17647 1.83538 0.0757777
 1066 2.30588 1.83582 0.0757078
 1067 9.22353 1.84275 0.0759531
 1068 3.01176 1.84384 0.0758898
 1069 0.0470588 1.84216 0.0758374
 1070 0.0470588 1.84048 0.0757851
 1071 0.423529 1.83916 0.0757258
 1072 0.752941 1.83815 0.075662
 1073 0.752941 1.83714 0.0755982
 1074 0.0470588 1.83547 0.0755461
 1075 0.752941 1.83446 0.0754826
 1076 0 1.83276 0.0754316
 1077 1.17647 1.83215 0.075364
 1078 2.30588 1.83259 0.0752954
 1079 0.752941 1.83159 0.0752322
 1080 0.188235 1.83007 0.0751779
 1081 2.30588 1.83051 0.0751096
 1082 5.69412 1.83408 0.0751251
 1083 5.69412 1.83764 0.0751403
 1084 1.69412 1.83751 0.075071
 1085 0.752941 1.83651 0.0750085
 1086 0.0470588 1.83486 0.0749575
 1087 0.423529 1.83356 0.0748998
 1088 0.0470588 1.83192 0.0748489
 1089 0.423529 1.83063 0.0747913
 1090 0.188235 1.82912 0.0747379
 1091 2.30588 1.82956 0.0746706
 1092 4.70588 1.83219 0.0746487
 1093 1.69412 1.83207 0.0745805
 1094 0.0470588 1.83043 0.0745301
 1095 0.188235 1.82893 0.0744771
 1096 6.77647 1.83345 0.0745459
 1097 3.81176 1.83525 0.0744998
 1098 0.0470588 1.83362 0.0744497
 1099 0.0470588 1.832 0.0743997
 1100 0.0470588 1.83037 0.0743498
 1101 0.188235 1.82888 0.0742972
 1102 2.30588 1.82932 0.074231
 1103 2.30588 1.82975 0.0741649
 1104 1.69412 1.82962 0.0740978
 1105 0.0470588 1.82801 0.0740483
 1106 0.423529 1.82674 0.0739922
 1107 0.752941 1.82577 0.0739317
 1108 1.69412 1.82565 0.073865
 1109 0.0470588 1.82405 0.0738158
 1110 1.69412 1.82393 0.0737494
 1111 0.423529 1.82267 0.0736938
 1112 0.0470588 1.82107 0.0736448
 1113 0.0470588 1.81948 0.0735958
 1114 0 1.81785 0.0735479
 1115 0.188235 1.81639 0.0734964
 1116 0.752941 1.81543 0.0734367
 1117 7.95294 1.82093 0.0735764
 1118 1.17647 1.82035 0.0735128
 1119 10.5882 1.82819 0.0738639
 1120 10.5882 1.83601 0.0742112
 1121 6.77647 1.84042 0.0742758
 1122 10.5882 1.84821 0.074618
 1123 9.22353 1.85478 0.0748403
 1124 1.69412 1.85464 0.0747738
 1125 0.0470588 1.85303 0.0747246
 1126 0.188235 1.85155 0.0746728
 1127 1.17647 1.85095 0.074609
 1128 3.01176 1.85198 0.0745499
 1129 4.70588 1.85451 0.0745267
 1130 1.17647 1.85391 0.0744631
 1131 2.30588 1.85431 0.0743984
 1132 4.70588 1.85683 0.0743753
 1133 2.30588 1.85722 0.0743107
 1134 3.01176 1.85824 0.0742521
 1135 0.423529 1.85698 0.0741974
 1136 1.17647 1.85638 0.0741345
 1137 0.423529 1.85512 0.07408
 1138 0.188235 1.85365 0.0740293
 1139 0 1.85203 0.0739822
 1140 2.30588 1.85243 0.0739184
 1141 0.423529 1.85117 0.0738642
 1142 2.30588 1.85157 0.0738005
 1143 0.752941 1.85061 0.0737422
 1144 0.423529 1.84936 0.0736883
 1145 0.0470588 1.84779 0.0736407
 1146 0.0470588 1.84622 0.0735932
 1147 0.188235 1.84477 0.0735432
 1148 0.0470588 1.84321 0.0734958
 1149 0.188235 1.84177 0.0734459
 1150 0.752941 1.84082 0.0733882
 1151 0.423529 1.83959 0.0733347
 1152 0.0470588 1.83803 0.0732875
 1153 0.423529 1.8368 0.0732342
 1154 0.188235 1.83538 0.0731847
 1155 0.752941 1.83444 0.0731273
 1156 0.188235 1.83301 0.0730779
 1157 0.188235 1.83159 0.0730285
 1158 1.17647 1.83103 0.0729676
 1159 4.70588 1.83351 0.0729468
 1160 3.01176 1.83452 0.072891
 1161 1.17647 1.83396 0.0728304
 1162 0.0470588 1.83242 0.0727839
 1163 0.752941 1.83149 0.0727273
 1164 2.30588 1.8319 0.0726659
 1165 3.81176 1.8336 0.0726234
 1166 2.30588 1.834 0.0725622
 1167 3.01176 1.83501 0.072507
 1168 0.188235 1.8336 0.0724586
 1169 0.0470588 1.83207 0.0724127
 1170 0 1.83051 0.0723678
 1171 0.423529 1.82931 0.0723159
 1172 0.423529 1.82811 0.0722642
 1173 1.69412 1.82799 0.0722026
 1174 0.752941 1.82708 0.0721469
 1175 0.423529 1.82588 0.0720954
 1176 0.0470588 1.82437 0.0720499
 1177 0.188235 1.82298 0.0720021
 1178 1.69412 1.82287 0.071941
 1179 0.188235 1.82148 0.0718933
 1180 1.69412 1.82138 0.0718325
 1181 0.752941 1.82047 0.0717773
 1182 3.81176 1.82216 0.0717364
 1183 3.01176 1.82316 0.0716828
 1184 0.423529 1.82198 0.0716319
 1185 1.17647 1.82143 0.0715735
 1186 2.30588 1.82184 0.0715143
 1187 0.752941 1.82094 0.0714597
 1188 3.01176 1.82194 0.0714066
 1189 1.17647 1.8214 0.0713486
 1190 1.69412 1.8213 0.0712887
 1191 0.188235 1.81992 0.071242
 1192 0.188235 1.81856 0.0711954
 1193 0.0470588 1.81707 0.0711511
 1194 0 1.81555 0.0711078
 1195 0.0470588 1.81407 0.0710637
 1196 0.188235 1.81271 0.0710173
 1197 0.752941 1.81182 0.0709634
 1198 0.0470588 1.81035 0.0709195
 1199 2.30588 1.81076 0.0708615
 1200 0.0470588 1.80929 0.0708177
 1201 0.423529 1.80814 0.0707681
 1202 0.0470588 1.80668 0.0707244
 1203 1.69412 1.80658 0.0706656
 1204 0.423529 1.80543 0.0706163
 1205 1.69412 1.80534 0.0705577
 1206 0 1.80384 0.0705151
 1207 0.0470588 1.80239 0.0704716
 1208 0.0470588 1.80093 0.0704283
 1209 0.423529 1.7998 0.0703792
 1210 1.69412 1.79971 0.0703211
 1211 0.0470588 1.79826 0.0702779
 1212 7.95294 1.80334 0.0704033
 1213 3.81176 1.80499 0.0703647
 1214 13.6 1.81471 0.0709748
 1215 9.22353 1.82081 0.0711781
 1216 4.70588 1.82318 0.0711591
 1217 3.81176 1.82482 0.0711194
 1218 0 1.82332 0.0710767
 1219 0.188235 1.82198 0.0710311
 1220 0.0470588 1.82052 0.0709877
 1221 0.752941 1.81965 0.070935
 1222 0.0470588 1.8182 0.0708917
 1223 0.423529 1.81706 0.0708429
 1224 0.0470588 1.81561 0.0707998
 1225 1.69412 1.81551 0.070742
 1226 0.188235 1.81418 0.0706968
 1227 0.0470588 1.81274 0.0706538
 1228 1.17647 1.81222 0.0705982
 1229 0.752941 1.81136 0.070546
 1230 1.17647 1.81085 0.0704905
 1231 0.0470588 1.80941 0.0704478
 1232 1.69412 1.80932 0.0703906
 1233 13.6 1.81888 0.0709806
 1234 15.2471 1.82976 0.071753
 1235 9.22353 1.83575 0.0719444
 1236 1.69412 1.83564 0.0718863
 1237 5.69412 1.83876 0.0718958
 1238 0 1.83727 0.0718531
 1239 0.0470588 1.83583 0.0718096
 1240 0.188235 1.8345 0.071764
 1241 0.752941 1.83363 0.0717114
 1242 0.188235 1.8323 0.0716659
 1243 0 1.83083 0.0716234
 1244 0.752941 1.82996 0.071571
 1245 0 1.82849 0.0715286
 1246 0.423529 1.82736 0.0714801
 1247 0.188235 1.82605 0.0714349
 1248 0.423529 1.82492 0.0713864
 1249 0.0470588 1.8235 0.0713435
 1250 0.752941 1.82264 0.0712915
 1251 0.752941 1.82179 0.0712396
 1252 0.188235 1.82048 0.0711947
 1253 2.30588 1.82087 0.0711389
 1254 0.423529 1.81976 0.0710909
 1255 0.188235 1.81846 0.0710461
 1256 2.30588 1.81885 0.0709906
 1257 0.188235 1.81755 0.0709459
 1258 2.30588 1.81794 0.0708906
 1259 4.70588 1.82023 0.0708714
 1260 3.81176 1.82181 0.0708327
 1261 3.01176 1.82276 0.0707828
 1262 2.30588 1.82314 0.0707278
 1263 0.188235 1.82184 0.0706836
 1264 0.0470588 1.82044 0.0706416
 1265 0.188235 1.81915 0.0705975
 1266 0.188235 1.81786 0.0705535
 1267 0.0470588 1.81646 0.0705116
 1268 0.752941 1.81562 0.070461
 1269 0.188235 1.81434 0.0704171
 1270 1.17647 1.81384 0.0703635
 1271 5.69412 1.81689 0.0703743
 1272 1.17647 1.81639 0.0703208
 1273 0.423529 1.8153 0.070274
 1274 0.423529 1.8142 0.0702274
 1275 0.423529 1.81311 0.0701807
 1276 1.17647 1.81261 0.0701275
 1277 3.01176 1.81355 0.0700788
 1278 0.423529 1.81246 0.0700324
 1279 0 1.81105 0.069992
 1280 0.0470588 1.80967 0.0699509
 1281 0.188235 1.8084 0.0699077
 1282 3.01176 1.80934 0.0698595
 1283 1.17647 1.80885 0.0698067
 1284 2.30588 1.80924 0.0697534
 1285 2.30588 1.80962 0.0697002
 1286 0.752941 1.8088 0.0696508
 1287 3.81176 1.81036 0.0696141
 1288 3.01176 1.81129 0.0695663
 1289 3.01176 1.81222 0.0695185
 1290 5.69412 1.81523 0.0695297
 1291 4.70588 1.81747 0.0695119
 1292 5.69412 1.82047 0.0695229
 1293 4.70588 1.8227 0.0695049
 1294 3.81176 1.82424 0.0694682
 1295 0.0470588 1.82287 0.0694281
 1296 0.188235 1.8216 0.069386
 1297 0 1.8202 0.0693467
 1298 0.0470588 1.81883 0.0693067
 1299 1.69412 1.81874 0.0692534
 1300 0.423529 1.81767 0.0692084
 1301 0.423529 1.81659 0.0691635
 1302 0.752941 1.81578 0.0691152
 1303 5.69412 1.81875 0.0691263
 1304 6.77647 1.82256 0.0691778
 1305 0.423529 1.82148 0.0691331
 1306 2.30588 1.82185 0.0690811
 1307 3.81176 1.82338 0.069045
 1308 1.69412 1.82328 0.0689923
 1309 0.0470588 1.82192 0.0689529
 1310 0 1.82053 0.0689143
 1311 0.188235 1.81928 0.0688729
 1312 0.188235 1.81804 0.0688317
 1313 9.22353 1.82368 0.0690101
 1314 1.17647 1.82319 0.0689593
 1315 3.81176 1.8247 0.0689234
 1316 0.752941 1.82389 0.0688759
 1317 0.752941 1.82307 0.0688283
 1318 0.188235 1.82183 0.0687873
 1319 1.69412 1.82174 0.0687352
 1320 0.188235 1.8205 0.0686942
 1321 0.423529 1.81944 0.0686504
 1322 0.0470588 1.8181 0.0686115
 1323 1.69412 1.81801 0.0685597
 1324 0.0470588 1.81667 0.068521
 1325 0.188235 1.81544 0.0684803
 1326 0.423529 1.81439 0.0684366
 1327 0.0470588 1.81306 0.068398
 1328 2.30588 1.81343 0.0683475
 1329 0.752941 1.81263 0.0683007
 1330 1.69412 1.81254 0.0682494
 1331 2.30588 1.81291 0.0681991
 1332 1.69412 1.81282 0.0681479
 1333 9.22353 1.81838 0.0683234
 1334 10.5882 1.82496 0.0685879
 1335 0.188235 1.82373 0.0685475
 1336 2.30588 1.82409 0.0684971
 1337 3.81176 1.82558 0.068462
 1338 1.69412 1.82548 0.0684109
 1339 0.752941 1.82468 0.0683645
 1340 2.30588 1.82504 0.0683144
 1341 0.752941 1.82424 0.0682681
 1342 2.30588 1.8246 0.0682181
 1343 0.0470588 1.82328 0.0681802
 1344 0.188235 1.82206 0.0681403
 1345 0.188235 1.82084 0.0681004
 1346 1.17647 1.82037 0.0680515
 1347 0 1.81901 0.0680144
 1348 0.0470588 1.8177 0.0679766
 1349 0 1.81635 0.0679396
 1350 3.01176 1.81724 0.067895
 1351 1.69412 1.81715 0.0678448
 1352 1.17647 1.81667 0.0677963
 1353 0.0470588 1.81536 0.0677588
 1354 0.188235 1.81416 0.0677194
 1355 1.17647 1.81369 0.067671
 1356 6.77647 1.81735 0.0677201
 1357 1.69412 1.81726 0.0676702
 1358 0.423529 1.81623 0.0676281
 1359 0.188235 1.81504 0.067589
 1360 0.423529 1.81401 0.067547
 1361 1.17647 1.81355 0.067499
 1362 0.0470588 1.81225 0.0674619
 1363 0.752941 1.81147 0.0674168
 1364 0 1.81014 0.0673805
 1365 1.69412 1.81006 0.0673312
 1366 0.752941 1.80928 0.0672863
 1367 0.0470588 1.808 0.0672494
 1368 3.01176 1.80888 0.067206
 1369 0.0470588 1.80759 0.0671692
 1370 0.752941 1.80682 0.0671246
 1371 0.188235 1.80564 0.067086
 1372 0.0470588 1.80436 0.0670493
 1373 0.0470588 1.80308 0.0670127
 1374 0.188235 1.8019 0.0669742
 1375 1.17647 1.80145 0.066927
 1376 1.17647 1.80099 0.0668799
 1377 3.81176 1.80245 0.0668473
 1378 0.423529 1.80145 0.0668063
 1379 0.423529 1.80045 0.0667653
 1380 0.188235 1.79928 0.0667271
 1381 1.69412 1.79921 0.0666788
 1382 0.188235 1.79804 0.0666407
 1383 0.0470588 1.79678 0.0666046
 1384 0.423529 1.79578 0.0665638
 1385 0 1.79449 0.0665284
 1386 0.188235 1.79333 0.0664905
 1387 1.17647 1.79288 0.066444
 1388 0.752941 1.79213 0.0664003
 1389 0.423529 1.79115 0.0663598
 1390 0 1.78986 0.0663246
 1391 0.752941 1.78911 0.0662811
 1392 0.423529 1.78813 0.0662407
 1393 0.0470588 1.78688 0.066205
 1394 1.17647 1.78645 0.0661589
 1395 0.188235 1.7853 0.0661214
 1396 1.17647 1.78486 0.0660754
 1397 1.17647 1.78443 0.0660296
 1398 12.0471 1.79177 0.0663894
 1399 2.30588 1.79214 0.066343
 1400 3.01176 1.79301 0.0663013
 1401 0.752941 1.79227 0.0662581
 1402 0.188235 1.79112 0.0662207
 1403 0.188235 1.78998 0.0661834
 1404 0.0470588 1.78874 0.0661478
 1405 0.188235 1.7876 0.0661106
 1406 0.752941 1.78686 0.0660676
 1407 0.423529 1.78589 0.0660278
 1408 0.0470588 1.78466 0.0659924
 1409 3.81176 1.7861 0.0659612
 1410 1.69412 1.78603 0.0659145
 1411 1.17647 1.7856 0.0658692
 1412 1.69412 1.78554 0.0658225
 1413 0.0470588 1.78431 0.0657874
 1414 0.423529 1.78334 0.0657479
 1415 1.69412 1.78328 0.0657015
 1416 1.69412 1.78322 0.0656551
 1417 1.17647 1.78279 0.0656101
 1418 0.752941 1.78206 0.0655679
 1419 0.423529 1.78111 0.0655287
 1420 0 1.77985 0.0654945
 1421 2.30588 1.78022 0.0654494
 1422 0 1.77897 0.0654154
 1423 0.752941 1.77825 0.0653734
 1424 0.423529 1.7773 0.0653344
 1425 0.0470588 1.77608 0.0652998
 1426 0.752941 1.77537 0.0652579
 1427 1.17647 1.77495 0.0652135
 1428 2.30588 1.77532 0.0651689
 1429 0.423529 1.77437 0.0651302
 1430 0.0470588 1.77316 0.0650958
 1431 0.752941 1.77245 0.0650542
 1432 0.188235 1.77134 0.0650182
 1433 0.0470588 1.77014 0.0649839
 1434 3.01176 1.77101 0.0649444
 1435 0.752941 1.7703 0.064903
 1436 0 1.76906 0.0648695
 1437 0 1.76783 0.064836
 1438 2.30588 1.76821 0.064792
 1439 0.188235 1.76711 0.0647563
 1440 0.0470588 1.76592 0.0647223
 1441 2.30588 1.76629 0.0646784
 1442 1.17647 1.76588 0.0646349
 1443 0.423529 1.76495 0.0645968
 1444 0.188235 1.76386 0.0645612
 1445 2.30588 1.76423 0.0645176
 1446 3.01176 1.7651 0.0644788
 1447 4.70588 1.76713 0.0644663
 1448 3.01176 1.76799 0.0644274
 1449 0.0470588 1.7668 0.0643939
 1450 0.0470588 1.76561 0.0643604
 1451 0.752941 1.76492 0.0643198
 1452 6.77647 1.76837 0.0643681
 1453 4.70588 1.77039 0.0643556
 1454 3.01176 1.77124 0.064317
 1455 1.69412 1.77119 0.0642728
 1456 0.188235 1.7701 0.0642378
 1457 3.81176 1.7715 0.064209
 1458 0.188235 1.77042 0.0641741
 1459 0.423529 1.7695 0.0641368
 1460 0.0470588 1.76832 0.0641037
 1461 3.01176 1.76917 0.0640655
 1462 0.188235 1.76809 0.0640308
 1463 0 1.76688 0.0639984
 1464 3.01176 1.76773 0.0639603
 1465 3.01176 1.76858 0.0639223
 1466 1.17647 1.76817 0.0638799
 1467 1.17647 1.76777 0.0638376
 1468 1.17647 1.76737 0.0637954
 1469 1.69412 1.76732 0.063752
 1470 1.17647 1.76691 0.0637099
 1471 1.17647 1.76651 0.0636678
 1472 0.188235 1.76544 0.0636336
 1473 0.423529 1.76453 0.0635969
 1474 0.752941 1.76384 0.0635574
 1475 0.0470588 1.76268 0.063525
 1476 1.17647 1.76228 0.0634832
 1477 0.188235 1.76122 0.0634491
 1478 0 1.76003 0.0634174
 1479 0.188235 1.75896 0.0633834
 1480 0.188235 1.7579 0.0633495
 1481 1.69412 1.75786 0.0633067
 1482 0.188235 1.7568 0.0632728
 1483 0.423529 1.7559 0.0632365
 1484 1.17647 1.75551 0.0631951
 1485 0 1.75433 0.0631636
 1486 3.01176 1.75517 0.0631268
 1487 4.70588 1.75716 0.0631155
 1488 0.423529 1.75626 0.0630794
 1489 0.0470588 1.75511 0.0630475
 1490 0 1.75394 0.0630162
 1491 0.0470588 1.75279 0.0629843
 1492 0.423529 1.7519 0.0629484
 1493 1.17647 1.75151 0.0629074
 1494 3.81176 1.75289 0.0628804
 1495 0 1.75172 0.0628493
 1496 0 1.75055 0.0628181
 1497 0.752941 1.74988 0.0627797
 1498 3.01176 1.75073 0.0627434
 1499 3.01176 1.75157 0.0627072
 1500 7.95294 1.7557 0.0628016
 1501 3.81176 1.75707 0.0627747
 1502 1.69412 1.75703 0.0627329
 1503 0.752941 1.75636 0.0626947
 1504 0.752941 1.75569 0.0626566
 1505 1.69412 1.75565 0.0626149
 1506 1.69412 1.75561 0.0625734
 1507 2.30588 1.75598 0.0625329
 1508 4.70588 1.75793 0.062522
 1509 12.0471 1.76475 0.0628515
 1510 6.77647 1.76807 0.0628975
 1511 4.70588 1.77002 0.0628859
 1512 3.81176 1.77137 0.0628588
 1513 3.01176 1.77219 0.0628226
 1514 3.81176 1.77353 0.0627956
 1515 0.188235 1.77249 0.0627628
 1516 0.0470588 1.77135 0.0627318
 1517 0.188235 1.77031 0.0626991
 1518 0.0470588 1.76917 0.062668
 1519 0.752941 1.7685 0.0626303
 1520 3.01176 1.76932 0.0625945
 1521 1.69412 1.76927 0.0625533
 1522 3.01176 1.77009 0.0625175
 1523 3.01176 1.7709 0.0624818
 1524 0 1.76974 0.0624516
 1525 2.30588 1.77009 0.0624116
 1526 9.22353 1.77497 0.0625617
 1527 3.01176 1.77578 0.0625259
 1528 3.01176 1.77659 0.0624902
 1529 1.17647 1.7762 0.0624506
 1530 0.423529 1.77532 0.062416
 1531 0 1.77416 0.062386
 1532 1.17647 1.77377 0.0623465
 1533 0.0470588 1.77264 0.062316
 1534 2.30588 1.77299 0.0622763
 1535 4.70588 1.7749 0.0622651
 1536 10.5882 1.78064 0.0624885
 1537 12.0471 1.78732 0.062804
 1538 0.752941 1.78664 0.0627668
 1539 3.01176 1.78744 0.062731
 1540 0.423529 1.78655 0.0626966
 1541 0.752941 1.78588 0.0626594
 1542 3.01176 1.78668 0.0626238
 1543 1.69412 1.78662 0.0625833
 1544 1.69412 1.78656 0.0625428
 1545 3.81176 1.78787 0.062516
 1546 0.752941 1.7872 0.0624791
 1547 1.17647 1.78681 0.06244
 1548 0.0470588 1.78568 0.0624098
 1549 0.0470588 1.78456 0.0623796
 1550 6.77647 1.78778 0.0624224
 1551 9.22353 1.79257 0.0625661
 1552 1.17647 1.79218 0.0625271
 1553 1.69412 1.79211 0.0624868
 1554 0.188235 1.79108 0.0624551
 1555 0.752941 1.79041 0.0624185
 1556 1.69412 1.79035 0.0623784
 1557 0.752941 1.78969 0.0623419
 1558 0.188235 1.78866 0.0623104
 1559 0.423529 1.78778 0.0622765
 1560 0.423529 1.78691 0.0622427
 1561 1.69412 1.78685 0.0622029
 1562 0.188235 1.78583 0.0621715
 1563 0.0470588 1.78471 0.0621416
 1564 0.752941 1.78405 0.0621054
 1565 3.81176 1.78535 0.0620792
 1566 6.77647 1.78854 0.0621214
 1567 7.95294 1.79247 0.0622062
 1568 3.01176 1.79325 0.0621714
 1569 1.17647 1.79285 0.062133
 1570 0.188235 1.79183 0.0621018
 1571 0.188235 1.79081 0.0620707
 1572 2.30588 1.79114 0.0620321
 1573 0.0470588 1.79003 0.0620025
 1574 0.0470588 1.78892 0.061973
 1575 1.17647 1.78853 0.0619349
 1576 4.70588 1.79039 0.0619232
 1577 3.01176 1.79116 0.0618888
 1578 2.30588 1.79149 0.0618504
 1579 0 1.79035 0.0618217
 1580 0.0470588 1.78925 0.0617924
 1581 0.188235 1.78824 0.0617616
 1582 1.69412 1.78818 0.0617226
 1583 1.69412 1.78812 0.0616836
 1584 0 1.78699 0.061655
 1585 0 1.78586 0.0616264
 1586 3.81176 1.78714 0.0616007
 1587 0.423529 1.78628 0.0615679
 1588 1.17647 1.78589 0.0615303
 1589 0.188235 1.78489 0.0614998
 1590 0.0470588 1.7838 0.0614708
 1591 0.0470588 1.7827 0.0614419
 1592 0.752941 1.78206 0.0614067
 1593 1.17647 1.78168 0.0613693
 1594 1.17647 1.7813 0.061332
 1595 0 1.78018 0.0613037
 1596 0.752941 1.77954 0.0612686
 1597 1.69412 1.77948 0.0612303
 1598 0.752941 1.77884 0.0611953
 1599 0 1.77773 0.0611672
 1600 0.188235 1.77674 0.061137
 1601 5.69412 1.77918 0.0611478
 1602 0.423529 1.77834 0.0611154
 1603 3.01176 1.77911 0.0610822
 1604 3.81176 1.78037 0.0610572
 1605 2.30588 1.7807 0.06102
 1606 0.423529 1.77985 0.0609879
 1607 0.0470588 1.77878 0.0609595
 1608 0 1.77767 0.0609316
 1609 0.423529 1.77683 0.0608995
 1610 0.188235 1.77584 0.0608697
 1611 0.423529 1.775 0.0608377
 1612 0.423529 1.77416 0.0608057
 1613 0.188235 1.77318 0.0607759
 1614 0 1.77208 0.0607482
 1615 2.30588 1.77241 0.0607115
 1616 1.69412 1.77236 0.0606739
 1617 3.01176 1.77313 0.0606412
 1618 1.69412 1.77308 0.0606038
 1619 3.01176 1.77385 0.0605712
 1620 0.188235 1.77287 0.0605417
 1621 0.423529 1.77204 0.06051
 1622 0.188235 1.77106 0.0604806
 1623 2.30588 1.77139 0.0604442
 1624 4.70588 1.7732 0.060434
 1625 3.01176 1.77396 0.0604016
 1626 6.77647 1.77703 0.0604428
 1627 0.752941 1.77641 0.0604089
 1628 0 1.77531 0.0603817
 1629 3.01176 1.77607 0.0603494
 1630 1.17647 1.77571 0.0603134
 1631 0.188235 1.77473 0.0602843
 1632 2.30588 1.77506 0.0602482
 1633 0.423529 1.77423 0.060217
 1634 1.17647 1.77386 0.0601813
 1635 0.423529 1.77304 0.0601501
 1636 1.69412 1.77299 0.0601134
 1637 3.81176 1.77424 0.0600895
 1638 0.0470588 1.77318 0.0600621
 1639 0.752941 1.77256 0.0600287
 1640 0.423529 1.77174 0.0599977
 1641 0.0470588 1.77069 0.0599703
 1642 0.188235 1.76972 0.0599415
 1643 0.0470588 1.76867 0.0599142
 1644 0.423529 1.76785 0.0598834
 1645 1.69412 1.76781 0.059847
 1646 0.423529 1.76699 0.0598162
 1647 0.752941 1.76638 0.059783
 1648 2.30588 1.7667 0.0597476
 1649 3.01176 1.76746 0.0597162
 1650 0.188235 1.7665 0.0596876
 1651 0.752941 1.76589 0.0596546
 1652 0.423529 1.76508 0.059624
 1653 1.17647 1.76472 0.059589
 1654 0.752941 1.76411 0.0595561
 1655 1.69412 1.76407 0.0595201
 1656 0.752941 1.76346 0.0594873
 1657 3.01176 1.76421 0.0594562
 1658 0.423529 1.7634 0.0594258
 1659 0.188235 1.76245 0.0593976
 1660 0 1.76139 0.0593713
 1661 0.0470588 1.76036 0.0593445
 1662 1.17647 1.76001 0.0593098
 1663 1.17647 1.75965 0.0592752
 1664 1.69412 1.75962 0.0592396
 1665 3.01176 1.76037 0.0592087
 1666 0.752941 1.75976 0.0591763
 1667 1.17647 1.75941 0.0591418
 1668 1.69412 1.75937 0.0591064
 1669 0.752941 1.75877 0.059074
 1670 0.423529 1.75797 0.059044
 1671 0.188235 1.75703 0.0590162
 1672 0 1.75598 0.0589902
 1673 1.17647 1.75563 0.058956
 1674 0.423529 1.75484 0.0589261
 1675 0.752941 1.75424 0.058894
 1676 0.752941 1.75364 0.0588618
 1677 6.77647 1.75664 0.0589029
 1678 2.30588 1.75697 0.0588687
 1679 0.0470588 1.75595 0.0588425
 1680 0 1.7549 0.0588167
 1681 0.423529 1.75411 0.0587871
 1682 0.188235 1.75318 0.0587595
 1683 0.423529 1.75239 0.0587299
 1684 2.30588 1.75272 0.0586959
 1685 9.22353 1.75715 0.0588284
 1686 2.30588 1.75748 0.0587944
 1687 7.95294 1.76115 0.0588742
 1688 0.188235 1.76022 0.0588466
 1689 0.752941 1.75962 0.0588148
 1690 0.752941 1.75903 0.058783
 1691 2.30588 1.75935 0.0587491
 1692 4.70588 1.76109 0.0587402
 1693 7.95294 1.76475 0.0588193
 1694 9.22353 1.76915 0.0589493
 1695 3.01176 1.76988 0.058919
 1696 1.69412 1.76984 0.0588843
 1697 2.30588 1.77015 0.0588505
 1698 0.423529 1.76936 0.0588211
 1699 1.69412 1.76932 0.0587865
 1700 2.30588 1.76963 0.0587528
 1701 2.30588 1.76995 0.0587191
 1702 2.30588 1.77026 0.0586854
 1703 2.30588 1.77058 0.0586518
 1704 0 1.76954 0.0586266
 1705 0.188235 1.76861 0.0585995
 1706 0.423529 1.76782 0.0585704
 1707 3.01176 1.76855 0.0585407
 1708 0.752941 1.76796 0.0585094
 1709 1.17647 1.76761 0.0584762
 1710 4.70588 1.76933 0.0584672
 1711 0.423529 1.76854 0.0584383
 1712 0.188235 1.76762 0.0584115
 1713 0.423529 1.76683 0.0583827
 1714 0.0470588 1.76583 0.0583572
 1715 0.0470588 1.76483 0.0583318
 1716 0.0470588 1.76383 0.0583064
 1717 0.0470588 1.76283 0.058281
 1718 0.0470588 1.76183 0.0582556
 1719 0.752941 1.76124 0.0582247
 1720 1.69412 1.7612 0.0581908
 1721 1.69412 1.76116 0.058157
 1722 0.0470588 1.76017 0.0581317
 1723 0.423529 1.75939 0.0581032
 1724 0 1.75837 0.0580784
 1725 2.30588 1.75869 0.0580456
 1726 5.69412 1.76097 0.0580568
 1727 3.81176 1.76216 0.0580353
 1728 0.752941 1.76157 0.0580046
 1729 1.69412 1.76154 0.0579711
 1730 0.423529 1.76076 0.0579427
 1731 2.30588 1.76108 0.0579101
 1732 2.30588 1.76139 0.0578775
 1733 0 1.76037 0.057853
 1734 0.0470588 1.75939 0.0578281
 1735 0.752941 1.75881 0.0577977
 1736 0.752941 1.75823 0.0577673
 1737 6.77647 1.76112 0.0578063
 1738 6.77647 1.764 0.057845
 1739 2.30588 1.76431 0.0578126
 1740 3.81176 1.76549 0.0577913
 1741 4.70588 1.76718 0.0577828
 1742 1.17647 1.76684 0.0577506
 1743 0.752941 1.76626 0.0577204
 1744 0.0470588 1.76527 0.0576957
 1745 0.0470588 1.76429 0.0576711
 1746 5.69412 1.76654 0.057682
 1747 0.423529 1.76577 0.0576541
 1748 0.423529 1.765 0.0576262
 1749 0.0470588 1.76402 0.0576016
 1750 0.0470588 1.76304 0.057577
 1751 1.17647 1.7627 0.0575451
 1752 2.30588 1.76301 0.0575131
 1753 1.17647 1.76268 0.0574812
 1754 1.17647 1.76234 0.0574494
 1755 1.69412 1.76231 0.0574167
 1756 0.752941 1.76173 0.0573869
 1757 3.01176 1.76244 0.0573586
 1758 1.69412 1.7624 0.057326
 1759 3.81176 1.76357 0.0573052
 1760 0.423529 1.76281 0.0572777
 1761 0 1.76181 0.057254
 1762 1.69412 1.76177 0.0572215
 1763 0.188235 1.76088 0.057196
 1764 0.752941 1.7603 0.0571664
 1765 4.70588 1.76197 0.0571584
 1766 3.01176 1.76268 0.0571304
 1767 7.95294 1.76618 0.0572054
 1768 5.69412 1.76841 0.0572162
 1769 2.30588 1.76871 0.0571846
 1770 0.423529 1.76795 0.0571574
 1771 0.423529 1.76719 0.0571301
 1772 3.01176 1.76789 0.0571022
 1773 2.30588 1.7682 0.0570708
 1774 0.188235 1.76731 0.0570456
 1775 0.423529 1.76655 0.0570184
 1776 0.752941 1.76598 0.0569892
 1777 0.0470588 1.76501 0.0569653
 1778 0.423529 1.76426 0.0569383
 1779 0.188235 1.76337 0.0569131
 1780 0.423529 1.76262 0.0568861
 1781 0.0470588 1.76165 0.0568624
 1782 0.423529 1.7609 0.0568354
 1783 2.30588 1.76121 0.0568043
 1784 1.69412 1.76117 0.0567725
 1785 1.69412 1.76113 0.0567407
 1786 0.423529 1.76038 0.0567139
 1787 1.69412 1.76035 0.0566821
 1788 0 1.75936 0.056659
 1789 0.423529 1.75862 0.0566322
 1790 0.423529 1.75787 0.0566055
 1791 0.752941 1.75731 0.0565767
 1792 1.17647 1.75699 0.056546
 1793 0.0470588 1.75603 0.0565225
 1794 0.752941 1.75547 0.0564938
 1795 1.69412 1.75544 0.0564623
 1796 1.69412 1.7554 0.0564308
 1797 0.752941 1.75485 0.0564022
 1798 0.188235 1.75398 0.0563775
 1799 0.0470588 1.75303 0.0563542
 1800 0 1.75205 0.0563313
 1801 0.0470588 1.75111 0.056308
 1802 0 1.75013 0.0562851
 1803 0.423529 1.7494 0.0562587
 1804 0.188235 1.74853 0.0562341
 1805 0.0470588 1.74759 0.0562109
 1806 1.17647 1.74727 0.0561806
 1807 0.188235 1.74641 0.0561562
 1808 1.17647 1.7461 0.056126
 1809 0.752941 1.74555 0.0560976
 1810 3.01176 1.74625 0.056071
 1811 2.30588 1.74656 0.0560409
 1812 0.188235 1.7457 0.0560166
 1813 3.01176 1.74639 0.05599
 1814 0.188235 1.74553 0.0559657
 1815 3.01176 1.74623 0.0559392
 1816 0.423529 1.7455 0.0559132
 1817 3.01176 1.7462 0.0558867
 1818 6.77647 1.74897 0.0559245
 1819 7.95294 1.75238 0.0559977
 1820 6.77647 1.75514 0.0560349
 1821 3.01176 1.75583 0.0560084
 1822 1.69412 1.7558 0.0559777
 1823 0.752941 1.75525 0.0559497
 1824 1.69412 1.75521 0.055919
 1825 1.69412 1.75518 0.0558883
 1826 4.70588 1.75679 0.0558811
 1827 3.01176 1.75748 0.0558547
 1828 0.423529 1.75675 0.0558289
 1829 0.752941 1.7562 0.0558011
 1830 0.752941 1.75565 0.0557733
 1831 0.188235 1.7548 0.0557494
 1832 1.69412 1.75476 0.055719
 1833 1.17647 1.75445 0.0556895
 1834 0.0470588 1.75352 0.0556669
 1835 0.0470588 1.75259 0.0556443
 1836 2.30588 1.75289 0.0556148
 1837 2.30588 1.75319 0.0555853
 1838 0.0470588 1.75226 0.0555628
 1839 3.01176 1.75295 0.0555368
 1840 0.423529 1.75223 0.0555113
 1841 1.69412 1.75219 0.0554812
 1842 0.752941 1.75165 0.0554537
 1843 1.17647 1.75134 0.0554245
 1844 0.0470588 1.75041 0.0554021
 1845 0.0470588 1.74949 0.0553798
 1846 0.188235 1.74865 0.0553563
 1847 0 1.7477 0.0553344
 1848 1.69412 1.74767 0.0553044
 1849 3.81176 1.74879 0.0552858
 1850 4.70588 1.75038 0.055279
 1851 2.30588 1.75068 0.05525
 1852 0.752941 1.75015 0.0552227
 1853 0.423529 1.74943 0.0551976
 1854 1.69412 1.7494 0.0551678
 1855 3.01176 1.75008 0.0551423
 1856 0.188235 1.74924 0.055119
 1857 0.188235 1.7484 0.0550957
 1858 0.188235 1.74756 0.0550724
 1859 0 1.74662 0.0550508
 1860 0 1.74568 0.0550292
 1861 1.17647 1.74537 0.0550005
 1862 0.0470588 1.74446 0.0549785
 1863 0 1.74353 0.054957
 1864 0.0470588 1.74262 0.054935
 1865 3.01176 1.7433 0.0549098
 1866 1.69412 1.74327 0.0548804
 1867 2.30588 1.74357 0.0548518
 1868 6.77647 1.74627 0.0548886
 1869 16.9882 1.75442 0.055462
 1870 15.2471 1.76164 0.0559
 1871 7.95294 1.76494 0.055968
 1872 1.69412 1.76491 0.0559381
 1873 0 1.76396 0.0559162
 1874 0.0470588 1.76305 0.0558939
 1875 0.0470588 1.76213 0.0558715
 1876 0 1.76119 0.0558496
 1877 0.188235 1.76036 0.0558262
 1878 0.752941 1.75982 0.055799
 1879 3.81176 1.76091 0.05578
 1880 10.5882 1.76561 0.0559477
 1881 3.01176 1.76627 0.0559219
 1882 2.30588 1.76656 0.0558929
 1883 3.01176 1.76722 0.0558671
 1884 1.69412 1.76718 0.0558375
 1885 0.188235 1.76634 0.0558141
 1886 0.752941 1.7658 0.0557871
 1887 4.70588 1.76736 0.0557793
 1888 10.5882 1.77203 0.0559452
 1889 13.6 1.7783 0.056265
 1890 16.9882 1.78634 0.0568082
 1891 12.0471 1.79177 0.0570368
 1892 12.0471 1.79719 0.0572638
 1893 10.5882 1.80183 0.0574216
 1894 2.30588 1.8021 0.0573919
 1895 0.0470588 1.80117 0.0573691
 1896 0.423529 1.80045 0.0573434
 1897 0.423529 1.79972 0.0573178
 1898 1.17647 1.79939 0.0572885
 1899 0.188235 1.79854 0.0572646
 1900 3.01176 1.79918 0.057238
 1901 1.17647 1.79886 0.0572089
 1902 0.423529 1.79813 0.0571833
 1903 0.752941 1.79758 0.0571559
 1904 0.423529 1.79686 0.0571305
 1905 2.30588 1.79713 0.0571011
 1906 0.0470588 1.79621 0.0570785
 1907 0.752941 1.79566 0.0570512
 1908 0.0470588 1.79475 0.0570286
 1909 1.17647 1.79442 0.0569997
 1910 0.188235 1.79358 0.056976
 1911 3.01176 1.79422 0.0569498
 1912 6.77647 1.79683 0.0569796
 1913 6.77647 1.79943 0.0570093
 1914 6.77647 1.80203 0.0570388
 1915 10.5882 1.80662 0.0571933
 1916 6.77647 1.80921 0.0572223
 1917 4.70588 1.81072 0.0572124
 1918 0.188235 1.80988 0.0571888
 1919 1.17647 1.80955 0.0571599
 1920 0.423529 1.80882 0.0571347
 1921 1.69412 1.80876 0.057105
 1922 0.423529 1.80804 0.0570798
 1923 0 1.8071 0.0570579
 1924 0.188235 1.80626 0.0570344
 1925 2.30588 1.80652 0.0570054
 1926 0.0470588 1.80561 0.0569831
 1927 0 1.80467 0.0569612
 1928 0.423529 1.80395 0.0569362
 1929 0.188235 1.80312 0.0569128
 1930 0 1.80218 0.056891
 1931 0 1.80125 0.0568692
 1932 0.752941 1.80071 0.0568423
 1933 0.0470588 1.7998 0.0568202
 1934 0.188235 1.79897 0.0567969
 1935 1.17647 1.79864 0.0567684
 1936 0.188235 1.79781 0.0567452
 1937 2.30588 1.79807 0.0567165
 1938 3.81176 1.79911 0.0566968
 1939 1.69412 1.79906 0.0566675
 1940 1.69412 1.79901 0.0566383
 1941 0.752941 1.79847 0.0566117
 1942 0.188235 1.79764 0.0565886
 1943 6.77647 1.8002 0.0566175
 1944 4.70588 1.80169 0.0566081
 1945 0.0470588 1.80079 0.0565862
 1946 3.01176 1.80141 0.0565606
 1947 0.0470588 1.80051 0.0565387
 1948 0.188235 1.79969 0.0565157
 1949 0.188235 1.79886 0.0564927
 1950 0.752941 1.79832 0.0564663
 1951 0.423529 1.79762 0.0564418
 1952 2.30588 1.79788 0.0564134
 1953 1.69412 1.79783 0.0563846
 1954 2.30588 1.79809 0.0563563
 1955 0.423529 1.79738 0.0563319
 1956 3.81176 1.79841 0.0563125
 1957 2.30588 1.79867 0.0562843
 1958 1.17647 1.79835 0.0562564
 1959 2.30588 1.79861 0.0562283
 1960 0.188235 1.79779 0.0562056
 1961 3.81176 1.79882 0.0561863
 1962 0.752941 1.79829 0.0561602
 1963 0 1.79737 0.0561391
 1964 0.0470588 1.79648 0.0561176
 1965 1.69412 1.79643 0.056089
 1966 13.6 1.80243 0.0563811
 1967 6.77647 1.80496 0.0564091
 1968 12.0471 1.81016 0.0566201
 1969 10.5882 1.81462 0.0567667
 1970 9.22353 1.81838 0.0568624
 1971 13.6 1.82436 0.057147
 1972 7.95294 1.82747 0.0572025
 1973 1.69412 1.8274 0.0571735
 1974 0.0470588 1.8265 0.0571517
 1975 0.752941 1.82595 0.0571253
 1976 0 1.82503 0.0571039
 1977 0.0470588 1.82413 0.0570821
 1978 0.423529 1.82342 0.0570576
 1979 0.0470588 1.82252 0.0570358
 1980 0.423529 1.82182 0.0570114
 1981 0 1.8209 0.05699
 1982 2.30588 1.82114 0.0569618
 1983 0.752941 1.8206 0.0569356
 1984 1.17647 1.82028 0.0569078
 1985 2.30588 1.82052 0.0568797
 1986 3.81176 1.82153 0.0568599
 1987 6.77647 1.82402 0.0568859
 1988 2.30588 1.82426 0.0568578
 1989 1.17647 1.82394 0.0568302
 1990 0 1.82302 0.056809
 1991 0 1.82211 0.0567878
 1992 1.17647 1.82178 0.0567603
 1993 2.30588 1.82202 0.0567323
 1994 1.17647 1.8217 0.0567047
 1995 0.752941 1.82116 0.0566788
 1996 0.188235 1.82035 0.0566564
 1997 0.188235 1.81953 0.0566339
 1998 0.752941 1.819 0.056608
 1999 0.752941 1.81846 0.0565822
 2000 0.188235 1.81765 0.0565598
