0 956.075
1 894.334
2 837.942
3 790.034
4 750.078
5 716.599
6 687.687
7 664.882
8 639.03
9 611.467
10 586.865
11 562.325
12 538.444
13 518.385
14 499.818
15 480.884
16 466.096
17 451.91
18 442.26
19 434.293
20 425.702
21 419.387
22 411.18
23 405.241
24 399.841
25 394.763
26 392.041
27 389.999
28 386.497
29 385.766
30 384.131
31 381.497
32 377.974
33 377.974
34 374.325
35 371.79
36 366.945
37 365.207
38 362.822
39 360.365
40 359.004
41 358.317
42 357.492
43 355.261
44 352.334
45 351.075
46 347.85
47 345.808
48 342.096
49 340.226
50 337.185
51 336.182
52 336.413
53 335.484
54 335.373
55 335.16
56 333.862
57 332.852
58 332.6
59 331.879
60 332.204
61 331.3
62 330.884
63 330.788
64 329.533
65 328.477
66 329.196
67 328.485
68 327.851
69 328.15
70 328.084
71 327.359
72 325.458
73 325.083
74 325.139
75 325.299
76 324.41
77 323.505
78 322.854
79 322.01
80 320.873
81 317.95
82 315.695
83 314.425
84 312.16
85 310.212
86 308.686
87 307.13
88 307.273
89 305.975
90 306.045
91 306.46
92 306.441
93 305.876
94 306.042
95 305.934
96 305.043
97 304.205
98 303.77
99 303.114
100 302.042
101 302.674
102 302.733
103 301.626
104 302.6
105 302.775
106 301.145
107 301.266
108 300.206
109 301.134
110 301.956
111 300.749
112 300.963
113 301.751
114 300.085
115 301.339
116 301.387
117 302.441
118 302.446
119 301.589
120 302.334
121 302.537
122 302.5
123 303.402
124 302.33
125 302.149
126 302.619
127 302.381
128 302.995
129 303.164
130 304.087
131 302.724
132 302.872
133 302.961
134 301.52
135 302.059
136 302.073
137 303.237
138 302.739
139 302.442
140 303.847
141 303.004
142 302.888
143 303.507
144 304.171
145 302.936
146 302.472
147 301.91
148 301.59
149 300.621
150 300.794
151 300.46
152 300.409
153 300.44
154 300.722
155 301.833
156 301.236
157 299.779
158 299.238
159 300.591
160 300.271
161 300.93
162 299.347
163 300.644
164 300.107
165 300.141
166 301.465
167 300.686
168 301.953
169 301.254
170 299.958
171 299.371
172 300.094
173 300.529
174 299.547
175 298.799
176 297.218
177 297.68
178 296.854
179 297.926
180 297.998
181 296.237
182 296.378
183 297.286
184 296.243
185 296.139
186 296.024
187 296.717
188 297.821
189 297.294
190 297.96
191 296.964
192 296.908
193 296.708
194 296.376
195 297.96
196 297.295
197 297.971
198 296.335
199 296.742
200 298.048
201 298.403
202 297.738
203 297.173
204 298.279
205 297.321
206 298.485
207 296.998
208 297.51
209 297.292
210 297.113
211 295.228
212 294.691
213 294.494
214 296.018
215 295.599
216 296.109
217 295.661
218 296.095
219 297.527
220 297.348
221 298.135
222 298.178
223 298.951
224 297.897
225 297.612
226 297.764
227 297.857
228 298.378
229 297.559
230 297.673
231 297.3
232 297.937
233 297.569
234 296.813
235 297.109
236 295.747
237 296.727
238 297.474
239 296.79
240 296.95
241 297.824
242 297.329
243 296.91
244 296.424
245 295.215
246 296.97
247 297.024
248 296.729
249 296.24
250 297.748
251 297.241
252 297.861
253 297.616
254 297.136
255 297.435
256 297.612
257 296.569
258 299.624
259 299.163
260 298.44
261 297.863
262 296.847
263 297.647
264 297.426
265 295.894
266 296.36
267 297.193
268 297.567
269 296.707
270 295.698
271 296.321
272 295.672
273 296.24
274 297.772
275 297.198
276 297.012
277 298.686
278 298.797
279 298.005
280 297.346
281 297.916
282 298.008
283 298.372
284 299.242
285 299.548
286 299.155
287 299.167
288 298.197
289 298.988
290 299.299
291 297.933
292 299.352
293 299.05
294 298.647
295 299.283
296 298.851
297 298.9
298 298.88
299 299.28
