0 961.691
1 892.585
2 837.093
3 790.667
4 751.051
5 711.476
6 676.657
7 646.558
8 617.26
9 594.315
10 569.046
11 551.326
12 535.553
13 520.885
14 508.795
15 496.925
16 484.688
17 474.701
18 464.263
19 453.018
20 445.452
21 437.712
22 429.596
23 423.281
24 414.867
25 407.729
26 400.564
27 396.216
28 391.215
29 386.607
30 380.868
31 376.927
32 373.053
33 366.682
34 360.924
35 356.553
36 354.897
37 351.627
38 348.767
39 345.348
40 342.087
41 339.814
42 338.055
43 335.723
44 332.961
45 331.36
46 329.323
47 328.722
48 326.045
49 325.423
50 325.394
51 325.321
52 323.599
53 321.697
54 320.284
55 319.96
56 318.293
57 316.411
58 314.952
59 314.442
60 314.336
61 312.905
62 311.445
63 311.68
64 310.95
65 309.729
66 311.702
67 310.491
68 310.739
69 309.54
70 307.426
71 305.863
72 304.983
73 305.017
74 304.02
75 302.721
76 302.484
77 301.192
78 300.452
79 300.965
80 300.82
81 301.192
82 300.517
83 300.568
84 300.499
85 300.981
86 301.897
87 300.79
88 301.241
89 301.333
90 301.098
91 300.561
92 301.225
93 301.119
94 301.72
95 300.165
96 300.817
97 299.514
98 298.685
99 297.783
100 297.182
101 297.358
102 297.018
103 296.251
104 294.819
105 295.942
106 294.598
107 294.725
108 296.175
109 297.04
110 296.47
111 296.885
112 295.854
113 296.101
114 295.889
115 296.004
116 296.02
117 295.802
118 295.561
119 294.443
120 295.506
121 296.06
122 296.99
123 296.585
124 295.955
125 295.282
126 295.169
127 295.37
128 294.565
129 295.542
130 296.078
131 295.835
132 294.565
133 294.919
134 295.43
135 295.852
136 295.153
137 295.335
138 294.757
139 295.24
140 294.55
141 294.426
142 293.727
143 295.758
144 294.738
145 295.172
146 296.47
147 295.624
148 296.209
149 294.805
150 294.368
151 295.128
152 295.408
153 295.831
154 295.7
155 297.87
156 298.062
157 298.368
158 299.138
159 299.135
160 298.538
161 299.521
162 300.176
163 299.478
164 299.218
165 300.171
166 299.575
167 300.585
168 298.962
169 298.216
170 298.335
171 296.795
172 295.205
173 296.777
174 296.292
175 295.725
176 294.948
177 295.207
178 295.473
179 295.951
180 295.303
181 295.539
182 295.677
183 296.809
184 296.596
185 296.454
186 295.368
187 295.634
188 295.099
189 294.437
190 293.676
191 294.368
192 295.918
193 295.407
194 294.047
195 293.448
196 294.035
197 295.577
198 295.471
199 296.036
200 295.654
201 295.79
202 297.315
203 296.635
204 296.685
205 294.869
206 295.01
207 294.615
208 294.555
209 293.754
210 293.567
211 293.909
212 294.576
213 293.432
214 293.702
215 293.354
216 293.131
217 293.634
218 292.889
219 291.758
220 293.52
221 293.772
222 293.97
223 293.752
224 295.324
225 295.188
226 294.81
227 296.554
228 297.743
229 297.822
230 295.701
231 296.911
232 297.95
233 296.988
234 296.194
235 296.019
236 296.212
237 296.214
238 295.364
239 295.47
240 295.429
241 294.559
242 295.006
243 294.649
244 294.012
245 295.385
246 295.739
247 294.444
248 293.624
249 292.872
250 293.267
251 294.436
252 294.6
253 294.928
254 295.536
255 296.198
256 295.394
257 296.388
258 295.611
259 295.235
260 295.171
261 294.102
262 293.717
263 292.916
264 294.245
265 294.498
266 294.9
267 294.143
268 293.433
269 293.587
270 293.15
271 293.778
272 294.616
273 295.074
274 294.381
275 293.861
276 293.069
277 292.019
278 292.772
279 290.8
280 290.476
281 290.704
282 290.413
283 291.096
284 292.035
285 293.107
286 292.55
287 291.368
288 291.169
289 290.733
290 291.727
291 290.481
292 291.149
293 291.214
294 291.304
295 290.492
296 291.573
297 290.591
298 291.763
299 291.755
