0 758.211
1 751.22
2 693.481
3 639.639
4 635.331
5 603.97
6 584.409
7 536.536
8 526.044
9 500.986
10 498.066
11 482.15
12 462.586
13 459.491
14 450.456
15 441.267
16 434.475
17 421.919
18 411.174
19 408.631
20 408.426
21 399.707
22 388.801
23 379.554
24 374.21
25 371.498
26 365.622
27 362.667
28 351.237
29 344.993
30 343.268
31 341.597
32 335.252
33 334.247
34 329.878
35 327.781
36 314.201
37 315.677
38 313.084
39 315.294
40 310.06
41 308.425
42 304.244
43 310.188
44 304.687
45 306.071
46 303.351
47 296.147
48 296.377
49 296.377
50 296.377
51 298.012
52 296.114
53 297.589
54 295.452
55 294.102
56 294.102
57 294.102
58 291.407
59 290.872
60 286.826
61 285.38
62 286.413
63 288.869
64 288.869
65 286.866
66 288.185
67 287.085
68 287.085
69 287.945
70 287.602
71 285.78
72 285.78
73 285.655
74 285.797
75 285.847
76 286.248
77 285.842
78 285.729
79 285.346
80 284.874
81 285.417
82 283.807
83 283.807
84 282.484
85 281.034
86 280.806
87 280.406
88 280.406
89 280.634
90 279.728
91 279.728
92 278.576
93 280.012
94 281.034
95 280.012
96 280.434
97 279.403
98 280.406
99 280.634
100 280.406
101 280.406
102 280.406
103 280.114
104 280.182
105 280.182
106 279.56
107 279.695
108 279.08
109 279.436
110 278.887
111 278.887
112 278.887
113 278.887
114 278.887
115 278.887
116 278.274
117 277.773
118 277.773
119 277.773
120 277.577
121 277.577
122 277.577
123 278.475
124 278.423
125 277.553
126 277.569
127 277.421
128 278.218
129 278.218
130 277.18
131 278.001
132 277.577
133 277.577
134 277.569
135 277.18
136 277.569
137 277.569
138 277.652
139 278.003
140 278.003
141 278.003
142 277.271
143 277.271
144 278.003
145 277.815
146 277.815
147 277.815
148 277.815
149 277.589
150 277.589
151 277.589
152 277.157
153 276.455
154 276.455
155 278.517
156 277.383
157 277.589
158 277.463
159 278.894
160 278.49
161 278.418
162 278.418
163 277.572
164 279.259
165 276.967
166 275.34
167 275.34
168 274.476
169 274.476
170 276.967
171 276.511
172 276.967
173 277.259
174 276.801
175 276.801
176 276.667
177 276.439
178 276.439
179 275.873
180 275.635
181 275.635
182 275.59
183 276.466
184 275.635
185 276.511
186 276.681
187 276.801
188 276.801
189 276.801
190 276.801
191 276.801
192 276.801
193 277.169
194 276.874
195 276.801
196 275.873
197 276.507
198 276.511
199 276.511
200 276.511
201 276.511
202 276.511
203 276.867
204 275.041
205 275.041
206 275.041
207 275.041
208 275.041
209 275.041
210 275.041
211 275.041
212 275.753
213 275.041
214 275.041
215 275.041
216 275.041
217 274.476
218 274.476
219 275.041
220 275.041
221 275.041
222 275.041
223 275.041
224 275.041
225 275.041
226 275.041
227 275.484
228 276.049
229 275.041
230 276.049
231 275.041
232 275.041
233 275.041
234 274.476
235 274.476
236 274.476
237 274.476
238 275.635
239 275.041
240 275.041
241 274.476
242 274.476
243 274.476
244 274.476
245 274.476
246 275.59
247 275.169
248 275.169
249 274.476
250 276.082
251 274.493
252 274.493
253 275.269
254 275.041
255 275.269
256 275.269
257 274.124
258 275.041
259 273.755
260 275.141
261 272.438
262 274.122
263 273.156
264 272.409
265 272.409
266 273.375
267 273.359
268 272.438
269 271.789
270 271.789
271 271.789
272 272.609
273 274.584
274 274.705
275 273.482
276 273.089
277 273.628
278 271.789
279 272.583
280 271.789
281 270.675
282 270.675
283 272.355
284 272.355
285 272.355
286 272.355
287 273.469
288 273.469
289 272.891
290 272.891
291 272.891
292 272.891
293 272.891
294 272.891
295 272.891
296 273.859
297 272.09
298 270.675
299 270.675
