0 809.721
1 738.096
2 712.206
3 653.889
4 611.011
5 578.56
6 530.086
7 530.086
8 517.686
9 499.138
10 489.304
11 476.041
12 462.21
13 444.315
14 431.73
15 419.276
16 415.697
17 413.408
18 404.802
19 396.69
20 399.885
21 396.837
22 384.897
23 372.317
24 366.475
25 361.457
26 356.693
27 354.822
28 353.188
29 348.391
30 340.767
31 339.94
32 334.385
33 333.175
34 328.588
35 318.354
36 318.354
37 318.771
38 318.296
39 313.215
40 310.752
41 308.601
42 303.938
43 304.821
44 296.615
45 297.955
46 300.318
47 299.063
48 298.268
49 296.685
50 296.782
51 295.558
52 296.43
53 294.628
54 292.03
55 292.614
56 292.48
57 291.166
58 291.166
59 288.995
60 288.267
61 288.267
62 288.267
63 287.944
64 289.862
65 287.758
66 288.107
67 288.107
68 289.736
69 289.253
70 287.621
71 287.621
72 287.621
73 287.621
74 286.234
75 287.858
76 285.916
77 287.159
78 286.517
79 285.442
80 286.658
81 285.603
82 285.603
83 287.379
84 287.371
85 287.783
86 285.669
87 285.669
88 284.613
89 284.613
90 286.159
91 284.681
92 284.195
93 285.201
94 286.049
95 283.922
96 283.922
97 284.571
98 284.571
99 285.842
100 285.668
101 278.42
102 278.273
103 284.723
104 283.56
105 284.091
106 283.706
107 283.751
108 283.458
109 283.458
110 284.046
111 284.023
112 283.736
113 285.055
114 284.046
115 283.458
116 283.922
117 282.958
118 282.473
119 282.473
120 282.473
121 282.73
122 282.73
123 283.464
124 282.244
125 282.73
126 282.244
127 282.244
128 281.679
129 281.679
130 282.244
131 282.244
132 282.473
133 282.244
134 282.244
135 281.927
136 282.244
137 282.244
138 282.244
139 282.244
140 282.841
141 282.244
142 282.244
143 282.495
144 283.49
145 283.486
146 282.73
147 282.73
148 281.207
149 281.207
150 281.207
151 281.207
152 282.244
153 281.223
154 281.927
155 281.927
156 281.489
157 282.199
158 282.235
159 281.489
160 282.244
161 279.514
162 281.927
163 279.514
164 279.514
165 281.207
166 281.362
167 281.882
168 281.927
169 282.33
170 279.514
171 280.603
172 280.603
173 281.3
174 281.3
175 281.207
176 281.3
177 281.34
178 281.167
179 281.765
180 280.642
181 281.439
182 280.924
183 281.362
184 280.603
185 280.924
186 281.927
187 280.603
188 280.603
189 281.089
190 279.514
191 279.514
192 279.514
193 279.514
194 280.283
195 280.524
196 280
197 280.18
198 282.244
199 282.244
200 283.311
201 279.72
202 280.541
203 280.541
204 280
205 280
206 280.9
207 279.514
208 279.514
209 281.035
210 279.469
211 280.541
212 279.514
213 279.514
214 279.514
215 279.514
216 280.647
217 280.647
218 278.949
219 279.514
220 278.949
221 278.949
222 279.514
223 278.949
224 279.514
225 279.765
226 281.677
227 279.514
228 279.765
229 280
230 280
231 280.443
232 280.443
233 279.514
234 279.514
235 279.514
236 281.532
237 279.469
238 279.514
239 279.514
240 279.514
241 281.02
242 280
243 279.514
244 278.904
245 279.514
246 279.514
247 279.469
248 279.514
249 278.904
250 278.904
251 279.263
252 279.469
253 279.469
254 279.469
255 279.514
256 280
257 278.904
258 278.949
259 278.949
260 278.949
261 278.949
262 280.286
263 278.949
264 280.669
265 280.081
266 279.97
267 279.97
268 280.328
269 280.081
270 279.514
271 280.669
272 278.949
273 279.72
274 279.72
275 279.469
276 278.904
277 278.904
278 278.949
279 278.904
280 279.514
281 279.514
282 280.037
283 280.037
284 280.037
285 278.949
286 281.046
287 281.774
288 278.904
289 278.904
290 279.768
291 280.603
292 278.904
293 279.72
294 280.286
295 278.949
296 278.904
297 280.037
298 278.904
299 278.904
