0 963.692
1 894.242
2 837.596
3 790.298
4 754.332
5 725.58
6 698.09
7 673.145
8 649.539
9 625.229
10 603.606
11 583.466
12 563.766
13 545.403
14 528.374
15 515.719
16 501.537
17 489.038
18 475.065
19 465.473
20 456.328
21 448.137
22 440.31
23 434.197
24 429.465
25 426.048
26 419.242
27 413.073
28 406.13
29 400.062
30 395.113
31 392.1
32 387.552
33 381.999
34 379.403
35 375.549
36 373.426
37 368.783
38 365.217
39 363.181
40 359.952
41 356.575
42 354.281
43 351.643
44 349.53
45 346.299
46 346.296
47 342.547
48 340.816
49 340.597
50 338.68
51 337.412
52 337.057
53 334.913
54 333.052
55 331.494
56 331.137
57 329.436
58 326.995
59 325.746
60 324.676
61 323.159
62 321.045
63 319.463
64 317.604
65 316.244
66 315.919
67 313.967
68 313.575
69 313.771
70 314.49
71 315.325
72 315.403
73 316.362
74 315.717
75 315.012
76 313.915
77 312.008
78 312.134
79 311.727
80 309.216
81 308.438
82 307.505
83 307.416
84 307.239
85 306.902
86 305.467
87 305.754
88 304.642
89 303.364
90 302.245
91 301.896
92 301.997
93 303.001
94 301.835
95 302.076
96 300.861
97 302.118
98 301.339
99 299.259
100 299.287
101 300.356
102 299.824
103 299.844
104 299.707
105 298.029
106 298.023
107 299.542
108 299.455
109 297.958
110 296.556
111 297.907
112 298.697
113 297.422
114 297.645
115 296.376
116 296.921
117 295.225
118 294.67
119 294.743
120 293.738
121 293.463
122 292.566
123 291.158
124 289.998
125 291.231
126 290.859
127 290.602
128 291.636
129 291.316
130 291.13
131 291.148
132 290.614
133 291.482
134 290.829
135 291.8
136 291.414
137 291.193
138 292.837
139 292.084
140 292.324
141 290.861
142 290.683
143 290.629
144 290.787
145 290.405
146 291.534
147 290.27
148 289.749
149 290.692
150 289.174
151 290.117
152 290.244
153 290.574
154 290.727
155 290.587
156 289.996
157 289.312
158 289.515
159 290.635
160 289.739
161 288.82
162 289.091
163 289.948
164 290.352
165 290.316
166 290.659
167 290.449
168 290.832
169 289.654
170 290.098
171 289.829
172 290.541
173 289.361
174 289.515
175 288.588
176 289.18
177 289.515
178 289.635
179 289.214
180 289.714
181 289.535
182 289.026
183 289.8
184 289.364
185 288.994
186 289.908
187 288.84
188 289.107
189 289.641
190 289.548
191 290.55
192 291.258
193 291.873
194 292.884
195 291.61
196 290.673
197 290.361
198 290.876
199 290.948
200 290.439
201 290.302
202 290.095
203 290.446
204 291.61
205 292.31
206 292.71
207 292.384
208 291.182
209 291.178
210 289.813
211 291.038
212 289.598
213 289.827
214 289.22
215 289.769
216 290.459
217 290.37
218 290.444
219 290.152
220 289.569
221 289.322
222 289.469
223 288.997
224 288.873
225 288.556
226 289.545
227 290.661
228 290.546
229 290.458
230 291.006
231 289.644
232 289.494
233 289.947
234 291.272
235 291.385
236 290.286
237 291.166
238 289.617
239 289.104
240 289.36
241 289.097
242 289.647
243 289.592
244 288.702
245 288.675
246 290.136
247 288.956
248 290.279
249 290.078
250 289.159
251 288.145
252 290.459
253 290.28
254 289.905
255 289.253
256 290.328
257 289.265
258 289.379
259 289.733
260 289.142
261 288.988
262 289.72
263 289.123
264 290.33
265 289.804
266 290.23
267 289.787
268 290.438
269 290.025
270 289.064
271 289.165
272 289.653
273 289.144
274 289.793
275 289.465
276 289.369
277 289.904
278 290.859
279 290.382
280 291.158
281 291.364
282 291.582
283 291.351
284 291.077
285 291.343
286 291.834
287 291.897
288 291.939
289 289.771
290 290.467
291 291.921
292 290.99
293 290.463
294 290.96
295 291.043
296 290.166
297 290.176
298 289.637
299 289.679
