0 959.117
1 896.374
2 845.273
3 799.273
4 753.681
5 718.296
6 685.138
7 653.193
8 629.914
9 615.065
10 599.88
11 584.269
12 570.221
13 555.134
14 538.146
15 520.911
16 507.194
17 496.78
18 487.917
19 476.844
20 466.364
21 458.183
22 450.268
23 441.42
24 433.33
25 426.174
26 418.163
27 412.607
28 408.882
29 403.982
30 399.266
31 395.452
32 392.351
33 390.108
34 385.509
35 383.696
36 379.142
37 375.307
38 372.748
39 371.392
40 367.722
41 365.397
42 363.922
43 362.946
44 358.827
45 356.697
46 352.916
47 350.806
48 349.254
49 348.251
50 346.785
51 344.657
52 343.781
53 341.951
54 338.579
55 337.218
56 336.145
57 335.493
58 333.781
59 334.84
60 332.099
61 331.989
62 332.097
63 330.819
64 331.251
65 329.565
66 327.935
67 327.717
68 326.068
69 321.769
70 319.434
71 317.239
72 314.644
73 312.594
74 311.226
75 306.996
76 305.566
77 304.106
78 303.316
79 302.553
80 302.995
81 301.434
82 300.403
83 298.366
84 298.332
85 298.334
86 298.334
87 297.718
88 298.476
89 297.791
90 298.665
91 297.852
92 297.931
93 296.784
94 296.742
95 297.084
96 295.681
97 295.063
98 296.24
99 296.064
100 296.883
101 295.694
102 295.343
103 295.192
104 295.757
105 295.849
106 295.839
107 296.693
108 297.672
109 297.48
110 296.617
111 296.418
112 295.439
113 295.626
114 296.027
115 295.812
116 295.318
117 295.335
118 295.802
119 297.737
120 298.068
121 297.181
122 296.044
123 295.413
124 294.977
125 294.63
126 295.13
127 294.801
128 294.92
129 296.286
130 295.585
131 295.435
132 295.648
133 294.75
134 295.436
135 295.761
136 295.674
137 296.36
138 294.616
139 294.125
140 293.5
141 293.844
142 294.166
143 295.828
144 295.789
145 296.363
146 296.562
147 296.088
148 296.663
149 296.462
150 295.818
151 294.878
152 294.996
153 294.223
154 294.207
155 294.553
156 294.578
157 292.974
158 293.09
159 293.133
160 291.914
161 292.628
162 293.689
163 294.345
164 294.398
165 295.002
166 294.208
167 294.651
168 295.139
169 295.72
170 295.837
171 295.989
172 295.843
173 296.082
174 295.056
175 295.807
176 295.969
177 296.917
178 296.653
179 296.516
180 297.014
181 296.206
182 295.684
183 295.651
184 293.496
185 294.082
186 294.282
187 294.656
188 293.669
189 293.857
190 293.476
191 294.522
192 294.907
193 294.997
194 294.224
195 294.775
196 294.477
197 294.094
198 293.635
199 294.784
200 295.333
201 294.68
202 293.972
203 293.563
204 293.641
205 295.165
206 294.447
207 295.62
208 295.535
209 296.137
210 297.145
211 296.504
212 295.977
213 295.862
214 294.787
215 295.7
216 297.632
217 296.47
218 296.129
219 296.255
220 296.128
221 295.546
222 296.223
223 296.457
224 296.153
225 295.104
226 296.137
227 296.85
228 296.31
229 296.941
230 297.369
231 297.89
232 297.005
233 296.358
234 295.385
235 295.487
236 296.237
237 295.518
238 296.482
239 297.009
240 295.789
241 295.719
242 294.643
243 294.682
244 295.491
245 295.877
246 295.958
247 295.387
248 294.743
249 295.429
250 296.43
251 296.202
252 294.547
253 294.914
254 296.13
255 296.683
256 296.664
257 296.218
258 295.72
259 296.869
260 296.065
261 294.381
262 294.583
263 295.85
264 297.537
265 297.467
266 297.459
267 295.432
268 296.062
269 295.771
270 296.101
271 296.007
272 295.955
273 295.955
274 296.118
275 296.009
276 296.084
277 295.399
278 294.887
279 294.989
280 295.455
281 295.778
282 294.174
283 293.841
284 293.067
285 293.461
286 294.363
287 294.365
288 296.686
289 295.219
290 293.728
291 295.705
292 294.421
293 294.411
294 294.112
295 294.391
296 293.777
297 294.263
298 294.542
299 293.545
