0 778.136
1 761.026
2 727.587
3 673.85
4 631.674
5 590.26
6 568.776
7 549.842
8 540.184
9 513.598
10 500.726
11 494.534
12 471.435
13 461.398
14 450.088
15 446.243
16 434.148
17 430.351
18 417.966
19 416.4
20 397.274
21 394.664
22 380.711
23 372.553
24 372.577
25 366.354
26 359.986
27 351.18
28 340.143
29 340.143
30 339.869
31 335.755
32 332.663
33 330.836
34 320.807
35 313.29
36 310.193
37 315.926
38 312.681
39 310.581
40 308.932
41 309.812
42 300.947
43 301.296
44 304.928
45 297.354
46 297.354
47 298.557
48 297.027
49 296.254
50 297.336
51 297.311
52 292.883
53 293.282
54 291.529
55 292.08
56 292.482
57 292.482
58 290.95
59 290.95
60 286.103
61 286.103
62 288.274
63 288.237
64 286.123
65 287.52
66 287.694
67 284.958
68 284.958
69 284.958
70 283.954
71 281.575
72 282.602
73 282.243
74 281.843
75 281.843
76 281.843
77 280.342
78 279.713
79 279.056
80 279.456
81 279.107
82 279.661
83 279.661
84 279.661
85 279.67
86 278.823
87 278.561
88 278.757
89 278.34
90 275.956
91 275.328
92 275.328
93 276.793
94 276.916
95 277.263
96 275.679
97 276.235
98 275.328
99 275.956
100 275.997
101 274.928
102 274.928
103 274.928
104 274.928
105 274.928
106 274.71
107 274.928
108 276.192
109 276.192
110 275.328
111 275.792
112 274.79
113 274.179
114 275.228
115 275.228
116 275.228
117 274.763
118 274.662
119 274.662
120 274.144
121 275.66
122 274.117
123 274.2
124 273.717
125 274.662
126 274.262
127 274.035
128 273.634
129 273.552
130 273.069
131 272.219
132 272.219
133 272.784
134 272.784
135 272.784
136 272.784
137 271.973
138 272.056
139 272.784
140 273.152
141 273.152
142 273.152
143 273.152
144 271.573
145 271.573
146 271.008
147 272.219
148 272.787
149 272.787
150 272.056
151 271.573
152 272.526
153 271.408
154 271.973
155 271.573
156 271.573
157 271.573
158 271.573
159 271.573
160 270.849
161 272.264
162 271.809
163 271.809
164 272.19
165 272.016
166 270.811
167 270.811
168 270.811
169 270.657
170 270.657
171 271.408
172 271.053
173 270.046
174 271.408
175 270.612
176 270.612
177 271.476
178 270.612
179 270.657
180 270.657
181 271.008
182 271.008
183 271.008
184 270.657
185 270.657
186 270.657
187 269.691
188 271.053
189 270.212
190 270.256
191 270.256
192 270.256
193 271.053
194 271.008
195 271.008
196 270.657
197 271.425
198 270.657
199 271.618
200 271.425
201 270.657
202 270.657
203 271.425
204 271.239
205 270.612
206 270.256
207 270.612
208 270.091
209 270.091
210 270.091
211 270.046
212 269.691
213 270.091
214 270.091
215 270.091
216 270.091
217 270.091
218 269.691
219 269.691
220 269.691
221 269.691
222 269.691
223 269.691
224 269.691
225 269.691
226 269.646
227 270.091
228 269.691
229 269.646
230 269.646
231 269.691
232 269.646
233 269.691
234 269.691
235 269.646
236 269.691
237 269.691
238 269.691
239 269.691
240 269.691
241 269.691
242 269.691
243 269.646
244 269.691
245 269.691
246 269.691
247 269.646
248 269.691
249 269.691
250 269.646
251 269.691
252 269.691
253 269.691
254 269.646
255 269.646
256 269.646
257 269.691
258 269.691
259 269.691
260 269.646
261 269.646
262 269.646
263 269.646
264 269.646
265 269.646
266 269.646
267 269.691
268 269.691
269 269.646
270 269.691
271 269.691
272 269.646
273 269.646
274 269.646
275 269.691
276 269.691
277 270.911
278 269.691
279 269.691
280 269.691
281 270.091
282 269.646
283 269.646
284 269.691
285 269.691
286 269.646
287 269.646
288 269.691
289 269.646
290 269.646
291 269.646
292 269.646
293 269.646
294 269.646
295 269.646
296 269.646
297 269.646
298 269.691
299 269.691
