 1 0.351047 0.351047 0
 2 0.343871 0.347459 0.00358819
 3 0.338583 0.3445 0.00361181
 4 0.341806 0.343827 0.0026413
 5 0.335152 0.342092 0.00268246
 6 0.343342 0.3423 0.0022001
 7 0.340849 0.342093 0.00187094
 8 0.34228 0.342116 0.00162045
 9 0.348216 0.342794 0.00158166
 10 0.342192 0.342734 0.00141596
 11 0.349838 0.34338 0.0014344
 12 0.339006 0.343015 0.0013592
 13 0.345897 0.343237 0.00126978
 14 0.348667 0.343625 0.00123793
 15 0.344388 0.343676 0.00115357
 16 0.353594 0.344296 0.00124445
 17 0.347216 0.344467 0.00118151
 18 0.349354 0.344739 0.00114654
 19 0.341682 0.344578 0.00109638
 20 0.347148 0.344707 0.00104803
 21 0.348181 0.344872 0.00101051
 22 0.350732 0.345138 0.000999625
 23 0.33602 0.344742 0.00103418
 24 0.338611 0.344486 0.00102257
 25 0.341064 0.34435 0.000990325
 26 0.339545 0.344165 0.000969249
 27 0.345262 0.344205 0.000933545
 28 0.337842 0.343978 0.000927847
 29 0.340108 0.343845 0.000905171
 30 0.339839 0.343711 0.000884614
 1 0.341505 0.341505 0
 2 0.339056 0.34028 0.00122473
 3 0.344762 0.341774 0.00165289
 4 0.348633 0.343489 0.0020752
 5 0.342811 0.343354 0.00161315
 6 0.341353 0.34302 0.00135868
 7 0.356791 0.344987 0.00227787
 8 0.339405 0.344289 0.00209249
 9 0.339259 0.343731 0.00192818
 10 0.350134 0.344371 0.00183966
 11 0.342427 0.344194 0.00167339
 12 0.341314 0.343954 0.00154633
 13 0.33906 0.343578 0.0014714
 14 0.346823 0.34381 0.00138183
 15 0.343857 0.343813 0.00128642
 16 0.338014 0.34345 0.00125673
 17 0.339169 0.343198 0.00120706
 18 0.347849 0.343457 0.00116699
 19 0.345228 0.34355 0.00110779
 20 0.341436 0.343444 0.00105625
 21 0.340526 0.343305 0.00101426
 22 0.350028 0.343611 0.00101419
 23 0.348084 0.343805 0.000988415
 24 0.341572 0.343712 0.000950902
 25 0.346427 0.343821 0.000918515
 26 0.347052 0.343945 0.000891187
 27 0.349345 0.344145 0.000880555
 28 0.338565 0.343946 0.000871611
 29 0.342678 0.343902 0.000842155
 30 0.338475 0.343721 0.000833466
