 1 0.12 0.12 0
 2 0.24 0.18 0.06
 3 0.32 0.226667 0.0581187
 4 0.2 0.22 0.0416333
 5 0.28 0.232 0.0344093
 6 0.48 0.273333 0.0499778
 7 0.32 0.28 0.0427618
 8 0.2 0.27 0.0383592
 9 0.28 0.271111 0.0338479
 10 0.16 0.26 0.032249
 11 0.08 0.243636 0.0334466
 12 0.12 0.233333 0.032224
 13 -0.12 0.206154 0.0402164
 14 -0.12 0.182857 0.0439209
 15 -0.08 0.165333 0.0444851
 16 -0.08 0.15 0.0443471
 17 -0.04 0.138824 0.0431301
 18 -0.24 0.117778 0.0457869
 19 -0.2 0.101053 0.0464273
 20 -0.16 0.088 0.0459382
 21 -0.08 0.08 0.0444222
 22 -0.28 0.0636364 0.045406
 23 -0.32 0.0469565 0.0464828
 24 -0.28 0.0333333 0.0465423
 25 -0.28 0.0208 0.0463678
 26 -0.32 0.00769231 0.0464371
 27 -0.4 -0.00740741 0.0471664
 28 -0.52 -0.0257143 0.0489991
 29 -0.72 -0.0496552 0.0529952
 30 -0.84 -0.076 0.0575787
 31 -0.84 -0.100645 0.0608999
 32 -0.92 -0.12625 0.0642854
 33 -0.96 -0.151515 0.0672345
 34 -0.92 -0.174118 0.0690322
 35 -0.88 -0.194286 0.0699991
 36 -0.96 -0.215556 0.0712746
 37 -0.92 -0.234595 0.0718885
 38 -0.88 -0.251579 0.072003
 39 -0.8 -0.265641 0.0715283
 40 -0.84 -0.28 0.0711805
 41 -0.76 -0.291707 0.0704029
 42 -0.72 -0.301905 0.0694589
 43 -0.6 -0.308837 0.0681777
 44 -0.64 -0.316364 0.067034
 45 -0.64 -0.323556 0.0659209
 46 -0.8 -0.333913 0.0652986
 47 -0.76 -0.342979 0.0645341
 48 -0.52 -0.346667 0.0632829
 49 -0.48 -0.349388 0.0620377
 50 -0.28 -0.348 0.0608001
 51 -0.16 -0.344314 0.0597099
 52 -0.08 -0.339231 0.0587706
 53 -0.16 -0.335849 0.0577502
 54 0.04 -0.328889 0.0570965
 55 0.16 -0.32 0.0567492
 56 0.2 -0.310714 0.0564949
 57 0.08 -0.30386 0.0559167
 58 0.08 -0.297241 0.0553413
 59 0.16 -0.289492 0.0549445
 60 0.2 -0.281333 0.0546336
 61 0.12 -0.274754 0.0541318
 62 0.52 -0.261935 0.0547727
 63 0.68 -0.246984 0.0559316
 64 0.48 -0.235625 0.0562105
 65 0.48 -0.224615 0.0564235
 66 0.36 -0.215758 0.0562636
 67 0.24 -0.208955 0.0558334
 68 0.24 -0.202353 0.0554011
 69 0.28 -0.195362 0.055038
 70 0.16 -0.190286 0.0544831
 71 0.2 -0.184789 0.0539908
 72 0.32 -0.177778 0.0536953
 73 0.2 -0.172603 0.0532069
 74 0.28 -0.166486 0.0528382
 75 0.36 -0.159467 0.0525994
 76 0.04 -0.156842 0.051969
 77 0.2 -0.152208 0.0514986
 78 0.28 -0.146667 0.0511352
 79 0.64 -0.136709 0.0514565
 80 0.68 -0.1265 0.0518246
 81 0.72 -0.116049 0.0522369
 82 0.76 -0.105366 0.0526904
 83 0.6 -0.0968675 0.0527409
 84 0.6 -0.0885714 0.0527655
 85 0.64 -0.08 0.0528409
 86 0.68 -0.0711628 0.0529653
 87 0.6 -0.0634483 0.0529183
 88 0.52 -0.0568182 0.0527319
 89 0.56 -0.0498876 0.0525947
 90 0.64 -0.0422222 0.0525689
 91 0.72 -0.0338462 0.0526585
 92 0.8 -0.0247826 0.0528657
 93 0.64 -0.0176344 0.0527804
 94 0.72 -0.00978723 0.0528023
 95 0.88 -0.000421053 0.0530764
 96 0.96 0.00958333 0.053465
 97 0.84 0.0181443 0.0535991
 98 0.88 0.0269388 0.0537733
 99 1 0.0367677 0.0541273
 100 1 0.0464 0.0544422
 101 1 0.0558416 0.0547211
 102 0.96 0.0647059 0.0549023
 103 1 0.0737864 0.0551198
 104 1 0.0826923 0.0553089
 105 1 0.0914286 0.0554719
 106 0.96 0.0996226 0.0555537
 107 0.96 0.107664 0.0556164
 108 0.96 0.115556 0.0556614
 109 0.88 0.122569 0.0555925
 110 0.84 0.129091 0.0554696
 111 0.88 0.135856 0.0553823
 112 0.96 0.143214 0.0553767
 113 0.96 0.150442 0.0553583
 114 0.8 0.15614 0.0551656
 115 0.76 0.161391 0.0549354
 116 0.6 0.165172 0.0545908
 117 0.64 0.169231 0.0542742
 118 0.56 0.172542 0.053914
 119 0.56 0.175798 0.0535581
 120 0.52 0.178667 0.0531873
 121 0.6 0.182149 0.0528608
 122 0.8 0.187213 0.0526697
 123 0.84 0.19252 0.0525087
 124 0.8 0.197419 0.0523134
 125 0.76 0.20192 0.052088
 126 0.88 0.207302 0.0519524
 127 0.88 0.212598 0.0518132
 128 0.72 0.216562 0.0515594
 129 0.68 0.220155 0.0512841
 130 0.84 0.224923 0.051111
 131 0.64 0.228092 0.0508182
 132 0.72 0.231818 0.0505693
 133 0.84 0.236391 0.0503955
 134 0.84 0.240896 0.0502204
 135 0.68 0.244148 0.049953
 136 0.76 0.247941 0.0497292
 137 0.84 0.252263 0.0495537
 138 0.76 0.255942 0.0493307
 139 0.88 0.260432 0.0491799
 140 0.8 0.264286 0.0489792
 141 0.64 0.26695 0.0487036
 142 0.48 0.268451 0.0483826
 143 0.4 0.269371 0.0480519
 144 0.24 0.269167 0.0477175
 145 0.16 0.268414 0.0473932
 146 0.04 0.266849 0.0470935
 147 0.2 0.266395 0.0467742
 148 0.24 0.266216 0.0464575
 149 0.28 0.266309 0.0461447
 150 0.24 0.266133 0.0458364
 151 0.52 0.267815 0.0455628
 152 0.6 0.27 0.0453148
 153 0.56 0.271895 0.0450576
 154 0.44 0.272987 0.0447773
 155 0.48 0.274323 0.0445075
 156 0.32 0.274615 0.0442223
 157 0.4 0.275414 0.043947
 158 0.52 0.276962 0.0436954
 159 0.56 0.278742 0.0434562
 160 0.56 0.2805 0.0432195
 161 0.68 0.282981 0.0430218
 162 0.8 0.286173 0.0428744
 163 0.88 0.289816 0.042766
 164 0.72 0.292439 0.0425853
 165 0.72 0.29503 0.0424056
 166 0.76 0.297831 0.0422424
 167 0.64 0.29988 0.0420386
 168 0.72 0.302381 0.0418624
 169 0.84 0.305562 0.0417354
 170 0.88 0.308941 0.0416265
 171 0.96 0.312749 0.0415572
 172 0.88 0.316047 0.0414463
 173 0.72 0.318382 0.0412721
 174 0.92 0.321839 0.0411796
 175 0.92 0.325257 0.0410861
 176 0.72 0.3275 0.0409135
 177 0.84 0.330395 0.0407846
 178 0.84 0.333258 0.0406557
 179 0.8 0.335866 0.040512
 180 0.72 0.338 0.0403428
 181 0.52 0.339006 0.0401319
 182 0.52 0.34 0.0399231
 183 0.4 0.340328 0.0397057
 184 0.56 0.341522 0.0395074
 185 0.6 0.342919 0.0393181
 186 0.44 0.343441 0.0391096
 187 0.2 0.342674 0.0389075
 188 0.12 0.341489 0.0387181
 189 0.16 0.340529 0.0385246
 190 0.24 0.34 0.038325
 191 0.32 0.339895 0.038124
 192 0.36 0.34 0.037925
 193 0.28 0.339689 0.0377293
 194 0.32 0.339588 0.0375344
 195 0.36 0.339692 0.0373416
 196 0.32 0.339592 0.0371507
 197 0.28 0.339289 0.0369629
 198 0.24 0.338788 0.0367792
 199 0.28 0.338492 0.0365951
 200 0.4 0.3388 0.0364129
 201 0.4 0.339104 0.0362326
 202 0.36 0.339208 0.0360529
 203 0.2 0.338522 0.0358815
 204 0.16 0.337647 0.0357159
 205 0.12 0.336585 0.0355571
 206 0.08 0.33534 0.0354059
 207 0.24 0.334879 0.0352375
 208 0.16 0.334038 0.0350778
 209 0.16 0.333206 0.0349194
 210 0 0.331619 0.034789
 211 -0.08 0.329668 0.0346786
 212 0 0.328113 0.0345497
 213 0.12 0.327136 0.0344009
 214 0 0.325607 0.0342739
 215 0.08 0.324465 0.0341333
 216 -0.04 0.322778 0.0340167
 217 0.12 0.321843 0.0338725
 218 0.08 0.320734 0.033735
 219 0.12 0.319817 0.0335931
 220 -0.04 0.318182 0.0334801
 221 0.12 0.317285 0.0333403
 222 0.28 0.317117 0.0331902
 223 0.08 0.316054 0.0330581
 224 0.28 0.315893 0.0329106
 225 0.36 0.316089 0.0327646
 226 0.4 0.31646 0.0326214
 227 0.44 0.317004 0.0324819
 228 0.4 0.317368 0.0323412
 229 0.32 0.31738 0.0321997
 230 0.32 0.317391 0.0320594
 231 0.44 0.317922 0.0319247
 232 0.48 0.318621 0.0317945
 233 0.36 0.318798 0.0316582
 234 0.52 0.319658 0.0315344
 235 0.56 0.320681 0.0314165
 236 0.6 0.321864 0.0313055
 237 0.6 0.323038 0.0311952
 238 0.64 0.32437 0.0310924
 239 0.72 0.326025 0.0310063
 240 0.64 0.327333 0.0309045
 241 0.6 0.328465 0.0307968
 242 0.64 0.329752 0.0306963
 243 0.8 0.331687 0.0306309
 244 0.76 0.333443 0.0305556
 245 0.64 0.334694 0.0304563
 246 0.52 0.335447 0.0303416
 247 0.6 0.336518 0.0302375
 248 0.64 0.337742 0.0301402
 249 0.68 0.339116 0.0300503
 250 0.6 0.34016 0.0299481
 251 0.72 0.341673 0.0298669
 252 0.84 0.343651 0.0298138
 253 0.8 0.345455 0.0297504
 254 0.88 0.347559 0.0297077
 255 0.96 0.349961 0.0296883
 256 0.92 0.352187 0.0296558
 257 0.88 0.354241 0.0296115
 258 0.8 0.355969 0.0295471
 259 0.84 0.357838 0.029492
 260 0.96 0.360154 0.0294695
 261 1 0.362605 0.0294586
 262 1 0.365038 0.0294466
 263 1 0.367452 0.0294336
 264 1 0.369848 0.0294196
 265 0.84 0.371623 0.029362
 266 0.88 0.373534 0.0293138
 267 0.88 0.375431 0.0292654
 268 0.72 0.376716 0.0291843
 269 0.64 0.377695 0.0290921
 270 0.64 0.378667 0.0290004
 271 0.44 0.378893 0.0288941
 272 0.36 0.378824 0.0287877
 273 0.24 0.378315 0.0286866
 274 0.2 0.377664 0.0285891
 275 0.04 0.376436 0.0285114
 276 0 0.375072 0.0284407
 277 0.12 0.374152 0.0283528
 278 -0.08 0.372518 0.0282978
 279 -0.36 0.369892 0.0283181
 280 -0.56 0.366571 0.0284116
 281 -0.56 0.363274 0.0285017
 282 -0.48 0.360284 0.0285574
 283 -0.32 0.35788 0.0285577
 284 -0.32 0.355493 0.0285569
 285 0.04 0.354386 0.028478
 286 0.08 0.353427 0.0283945
 287 0.12 0.352613 0.0283071
 288 0 0.351389 0.0282352
 289 -0.16 0.349619 0.0281929
 290 -0.2 0.347724 0.0281594
 291 0.12 0.346942 0.0280733
 292 0.24 0.346575 0.0279794
 293 -0.12 0.344983 0.0279292
 294 0 0.34381 0.0278588
 295 0 0.342644 0.0277886
 296 0 0.341486 0.0277188
 297 0.04 0.340471 0.0276439
 298 0.08 0.339597 0.0275649
 299 0.12 0.338863 0.0274823
 300 0.12 0.338133 0.0274003
 301 0.12 0.337409 0.0273187
 302 0.2 0.336954 0.0272319
 303 0.4 0.337162 0.0271427
 304 0.44 0.3375 0.0270554
 305 0.56 0.33823 0.0269764
 306 0.68 0.339346 0.0269113
 307 0.64 0.340326 0.0268413
 308 0.88 0.342078 0.0268114
 309 0.84 0.343689 0.026773
 310 0.84 0.34529 0.0267345
 311 0.88 0.34701 0.0267038
 312 0.76 0.348333 0.0266509
 313 0.88 0.350032 0.0266199
 314 0.88 0.35172 0.0265886
 315 0.92 0.353524 0.0265654
 316 0.92 0.355316 0.0265418
 317 0.6 0.356088 0.0264692
 318 0.32 0.355975 0.0263861
 319 0.36 0.355987 0.0263032
 320 0.44 0.35625 0.0262222
 321 0.44 0.356511 0.0261417
 322 0.6 0.357267 0.0260714
 323 0.68 0.358266 0.0260097
 324 0.72 0.359383 0.0259533
 325 0.68 0.360369 0.0258922
 326 0.56 0.360982 0.0258199
 327 0.6 0.361713 0.0257512
 328 0.44 0.361951 0.0256737
 329 0.28 0.361702 0.0255967
 330 0.32 0.361576 0.0255193
 331 0.16 0.360967 0.0254494
 332 0.28 0.360723 0.0253738
 333 0.2 0.36024 0.0253021
 334 0.28 0.36 0.0252274
 335 0.16 0.359403 0.025159
 336 -0.08 0.358095 0.0251181
 337 0 0.357033 0.025066
 338 0.08 0.356213 0.0250052
 339 0.16 0.355634 0.024938
 340 0.2 0.355176 0.0248688
 341 0.2 0.354721 0.0247999
 342 0.24 0.354386 0.0247296
 343 0.32 0.354286 0.0246576
 344 0.32 0.354186 0.024586
 345 0.4 0.354319 0.024515
 346 0.44 0.354566 0.0244453
 347 0.6 0.355274 0.024385
 348 0.56 0.355862 0.0243219
 349 0.64 0.356676 0.0242658
 350 0.72 0.357714 0.0242186
 351 0.76 0.35886 0.0241767
 352 0.84 0.360227 0.0241467
 353 0.88 0.3617 0.0241231
 354 0.92 0.363277 0.0241065
 355 0.92 0.364845 0.0240896
 356 0.92 0.366404 0.0240724
 357 0.8 0.367619 0.0240356
 358 0.68 0.368492 0.0239843
 359 0.6 0.369136 0.0239261
 360 0.32 0.369 0.0238599
 361 0.52 0.369418 0.0237974
 362 0.56 0.369945 0.0237374
 363 0.64 0.370689 0.0236836
 364 0.56 0.371209 0.0236242
 365 0.36 0.371178 0.0235594
 366 0.24 0.37082 0.0234977
 367 0.2 0.370354 0.0234382
 368 0.16 0.369783 0.0233814
 369 0.28 0.369539 0.0233192
 370 0.36 0.369514 0.0232561
 371 0.52 0.369919 0.0231969
 372 0.4 0.37 0.0231346
 373 0.64 0.370724 0.0230838
 374 0.76 0.371765 0.0230455
 375 0.72 0.372693 0.0230027
 376 0.72 0.373617 0.0229601
 377 0.76 0.374642 0.022922
 378 0.88 0.375979 0.0229004
 379 0.84 0.377203 0.0228726
 380 0.96 0.378737 0.0228639
 381 0.96 0.380262 0.0228548
 382 0.92 0.381675 0.0228386
 383 0.96 0.383185 0.0228289
 384 0.92 0.384583 0.0228122
 385 0.96 0.386078 0.0228019
 386 0.88 0.387358 0.0227788
 387 0.84 0.388527 0.0227499
 388 0.76 0.389485 0.0227114
 389 0.8 0.39054 0.0226775
 390 0.8 0.39159 0.0226436
 391 0.48 0.391816 0.0225868
 392 0.52 0.392143 0.0225314
 393 0.48 0.392366 0.0224752
 394 0.52 0.39269 0.0224204
 395 0.64 0.393316 0.0223723
 396 0.64 0.393939 0.0223244
 397 0.44 0.394055 0.0222684
 398 0.44 0.394171 0.0222127
 399 0.28 0.393885 0.0221588
 400 0.4 0.3939 0.0221034
 401 0.56 0.394314 0.0220521
 402 0.52 0.394627 0.0219994
 403 0.4 0.39464 0.0219447
 404 0.52 0.39495 0.0218925
 405 0.68 0.395654 0.0218497
 406 0.72 0.396453 0.0218105
 407 0.8 0.397445 0.0217794
 408 0.8 0.398431 0.0217484
 409 0.76 0.399315 0.0217131
 410 0.84 0.40039 0.0216867
 411 0.8 0.401363 0.0216558
 412 0.68 0.402039 0.0216137
 413 0.8 0.403002 0.0215828
 414 0.88 0.404155 0.0215614
 415 0.68 0.404819 0.0215197
 416 0.52 0.405096 0.0214697
 417 0.48 0.405276 0.0214189
 418 0.52 0.40555 0.0213694
 419 0.48 0.405728 0.021319
 420 0.6 0.40619 0.0212732
 421 0.64 0.406746 0.0212299
 422 0.52 0.407014 0.0211813
 423 0.52 0.407281 0.0211328
 424 0.36 0.40717 0.0210832
 425 0.36 0.407059 0.0210338
 426 0.2 0.406573 0.02099
 427 0.16 0.405995 0.0209488
 428 0.16 0.405421 0.0209077
 429 -0.04 0.404382 0.0208847
 430 -0.08 0.403256 0.0208665
 431 -0.32 0.401578 0.0208856
 432 -0.2 0.400185 0.0208836
 433 -0.24 0.398707 0.0208877
 434 -0.4 0.396866 0.0209207
 435 -0.4 0.395034 0.0209527
 436 -0.4 0.393211 0.020984
 437 -0.4 0.391396 0.0210145
 438 -0.56 0.389224 0.0210787
 439 -0.48 0.387244 0.0211236
 440 -0.72 0.384727 0.0212252
 441 -0.6 0.382494 0.0212944
 442 -0.56 0.380362 0.0213529
 443 -0.44 0.37851 0.021385
 444 -0.44 0.376667 0.0214163
 445 -0.4 0.374921 0.0214393
 446 -0.44 0.373094 0.021469
 447 -0.52 0.371096 0.0215139
 448 -0.4 0.369375 0.0215348
 449 -0.36 0.367751 0.0215481
 450 -0.28 0.366311 0.0215482
 451 -0.2 0.365055 0.0215371
 452 -0.16 0.363894 0.0215207
 453 -0.24 0.362561 0.0215145
 454 -0.2 0.361322 0.0215028
 455 -0.12 0.360264 0.0214815
 456 -0.24 0.358947 0.0214748
 457 -0.08 0.357987 0.0214492
 458 -0.28 0.356594 0.0214476
 459 -0.6 0.35451 0.0215021
 460 -0.56 0.352522 0.0215472
 461 -0.36 0.350976 0.0215559
 462 -0.4 0.349351 0.0215705
 463 -0.16 0.348251 0.021552
 464 -0.16 0.347155 0.0215334
 465 -0.24 0.345892 0.0215241
 466 -0.28 0.344549 0.0215198
 467 -0.44 0.342869 0.0215393
 468 -0.8 0.340427 0.0216315
 469 -0.92 0.33774 0.021752
 470 -0.88 0.335149 0.0218597
 471 -0.6 0.333163 0.0219035
 472 -0.6 0.331186 0.0219462
 473 -0.64 0.329133 0.0219958
 474 -0.6 0.327173 0.0220367
 475 -0.6 0.325221 0.0220767
 476 -0.56 0.323361 0.0221087
 477 -0.6 0.321426 0.022147
 478 -0.64 0.319414 0.022192
 479 -0.72 0.317244 0.0222517
 480 -0.48 0.315583 0.0222673
 481 -0.6 0.31368 0.0223023
 482 -0.72 0.311535 0.0223591
 483 -0.56 0.309731 0.0223856
 484 -0.56 0.307934 0.0224115
 485 -0.28 0.306722 0.022398
 486 -0.32 0.305432 0.0223891
 487 -0.44 0.303901 0.0223954
 488 -0.52 0.302213 0.0224132
 489 -0.44 0.300695 0.0224187
 490 -0.56 0.298939 0.0224418
 491 -0.4 0.297515 0.0224412
 492 -0.6 0.295691 0.0224697
 493 -0.68 0.293712 0.0225113
 494 -0.52 0.292065 0.0225259
 495 -0.28 0.290909 0.0225101
 496 -0.44 0.289435 0.0225129
 497 -0.64 0.287565 0.0225453
 498 -0.48 0.286024 0.0225527
 499 -0.6 0.284248 0.0225774
 500 -0.48 0.28272 0.022584
 501 -0.32 0.281517 0.0225709
 502 -0.28 0.280398 0.0225537
 503 -0.12 0.279602 0.0225229
 504 -0.28 0.278492 0.0225055
 505 -0.12 0.277703 0.0224748
 506 -0.2 0.276759 0.0224502
 507 0 0.276213 0.0224125
 508 0 0.275669 0.022375
 509 -0.24 0.274656 0.0223539
 510 -0.04 0.274039 0.0223186
 511 -0.08 0.273346 0.0222856
 512 0.08 0.272969 0.0222453
 513 0.04 0.272515 0.0222065
 514 0.28 0.272529 0.0221633
 515 0.28 0.272544 0.0221202
 516 0.4 0.272791 0.0220787
 517 0.44 0.273114 0.0220383
 518 0.64 0.273822 0.0220071
 519 0.52 0.274297 0.0219698
 520 0.48 0.274692 0.0219311
 521 0.52 0.275163 0.021894
 522 0.36 0.275326 0.0218526
 523 0.44 0.275641 0.0218131
 524 0.44 0.275954 0.0217737
 525 0.56 0.276495 0.0217389
 526 0.52 0.276958 0.0217024
 527 0.68 0.277723 0.0216747
 528 0.48 0.278106 0.021637
 529 0.56 0.278639 0.0216027
 530 0.6 0.279245 0.0215704
 531 0.56 0.279774 0.0215362
 532 0.4 0.28 0.0214969
 533 0.52 0.28045 0.0214612
 534 0.56 0.280974 0.0214274
 535 0.52 0.281421 0.021392
 536 0.68 0.282164 0.021365
 537 0.8 0.283128 0.0213469
 538 0.72 0.283941 0.0213227
 539 0.8 0.284898 0.0213046
 540 0.72 0.285704 0.0212804
 541 0.64 0.286359 0.0212511
 542 0.56 0.286863 0.0212179
 543 0.6 0.28744 0.0211866
 544 0.36 0.287574 0.0211481
 545 0.6 0.288147 0.021117
 546 0.72 0.288938 0.0210931
 547 0.88 0.290018 0.0210822
 548 0.8 0.290949 0.0210643
 549 0.72 0.29173 0.0210404
 550 0.6 0.292291 0.0210096
 551 0.48 0.292632 0.0209742
 552 0.24 0.292536 0.0209364
 553 0.4 0.292731 0.0208994
 554 0.36 0.292852 0.020862
 555 0.48 0.293189 0.0208271
 556 0.4 0.293381 0.0207905
 557 0.56 0.29386 0.0207587
 558 0.68 0.294552 0.020733
 559 0.84 0.295528 0.0207188
 560 0.68 0.296214 0.0206932
 561 0.6 0.296756 0.0206634
 562 0.52 0.297153 0.0206304
 563 0.56 0.29762 0.020599
 564 0.72 0.298369 0.0205761
 565 0.84 0.299327 0.020562
 566 0.68 0.3 0.0205367
 567 0.52 0.300388 0.0205041
 568 0.4 0.300563 0.0204687
 569 0.16 0.300316 0.0204342
 570 0.16 0.30007 0.0203998
 571 0.04 0.299615 0.0203691
 572 0.2 0.299441 0.0203342
 573 0.2 0.299267 0.0202995
 574 0.28 0.299233 0.0202641
 575 0.08 0.298852 0.0202324
 576 -0.04 0.298264 0.0202058
 577 -0.12 0.297539 0.0201838
 578 -0.08 0.296886 0.0201594
 579 0 0.296373 0.0201311
 580 0.04 0.295931 0.0201012
 581 0.12 0.295628 0.0200689
 582 0.08 0.295258 0.0200378
 583 0.08 0.294889 0.0200068
 584 -0.16 0.29411 0.0199877
 585 -0.12 0.293402 0.0199661
 586 -0.16 0.292628 0.019947
 587 0.12 0.292334 0.0199151
 588 0.32 0.292381 0.0198813
 589 0.44 0.292632 0.0198491
 590 0.36 0.292746 0.0198157
 591 0.2 0.292589 0.0197828
 592 0.56 0.293041 0.0197545
 593 0.4 0.293221 0.019722
 594 0.44 0.293468 0.0196903
 595 0.48 0.293782 0.0196597
 596 0.4 0.29396 0.0196275
 597 0.12 0.293668 0.0195968
 598 0 0.293177 0.0195701
 599 0.24 0.293088 0.0195376
 600 0.08 0.292733 0.0195083
 601 0.04 0.292313 0.0194803
 602 -0.12 0.291628 0.01946
 603 -0.08 0.291012 0.0194375
 604 0.2 0.290861 0.0194059
 605 0.24 0.290777 0.0193739
 606 -0.04 0.290231 0.0193496
 607 0 0.289753 0.0193236
 608 0 0.289276 0.0192977
 609 0.16 0.289064 0.0192672
 610 0.16 0.288852 0.0192367
 611 0.16 0.288642 0.0192064
 612 0.28 0.288627 0.019175
 613 0.12 0.288352 0.0191456
 614 0.16 0.288143 0.0191156
 615 0.12 0.28787 0.0190864
 616 0.04 0.287468 0.0190597
 617 -0.12 0.286807 0.0190402
 618 0.04 0.286408 0.0190136
 619 0.2 0.286268 0.0189833
 620 0.16 0.286065 0.0189538
 621 0.16 0.285862 0.0189243
 622 0 0.285402 0.0188995
 623 -0.12 0.284751 0.0188803
 624 -0.24 0.28391 0.0188688
 625 -0.08 0.283328 0.0188476
 626 0 0.282875 0.0188229
 627 -0.08 0.282297 0.0188018
 628 -0.16 0.281592 0.018785
 629 -0.2 0.280827 0.0187707
 630 -0.56 0.279492 0.0187884
 631 -0.32 0.278542 0.0187826
 632 -0.28 0.277658 0.0187737
 633 -0.52 0.276398 0.0187863
 634 -0.4 0.275331 0.018787
 635 -0.24 0.27452 0.0187749
 636 -0.12 0.273899 0.0187556
 637 -0.12 0.273281 0.0187364
 638 -0.08 0.272727 0.0187152
 639 0 0.2723 0.0186908
 640 -0.08 0.27175 0.0186696
 641 -0.2 0.271014 0.018655
 642 -0.16 0.270343 0.018638
 643 -0.2 0.269611 0.0186234
 644 -0.36 0.268634 0.0186201
 645 -0.32 0.267721 0.0186136
 646 -0.24 0.266935 0.0186014
 647 -0.48 0.265781 0.0186085
 648 -0.56 0.264506 0.0186234
 649 -0.52 0.263297 0.0186339
 650 -0.6 0.261969 0.0186526
 651 -0.6 0.260645 0.0186709
 652 -0.6 0.259325 0.0186889
 653 -0.44 0.258254 0.018691
 654 -0.16 0.257615 0.0186733
 655 0 0.257221 0.018649
 656 0.08 0.256951 0.0186225
 657 0.08 0.256682 0.0185961
 658 -0.04 0.256231 0.0185732
 659 -0.08 0.255721 0.0185521
 660 0.08 0.255455 0.0185258
 661 0 0.255068 0.0185018
 662 0.04 0.254743 0.0184767
 663 -0.04 0.254299 0.0184542
 664 0.2 0.254217 0.0184266
 665 0.12 0.254015 0.0183999
 666 0.24 0.253994 0.0183723
 667 0.36 0.254153 0.0183454
 668 0.28 0.254192 0.018318
 669 0.24 0.25417 0.0182906
 670 0.12 0.25397 0.0182644
 671 0.28 0.254009 0.0182372
 672 0.36 0.254167 0.0182107
 673 0.08 0.253908 0.0181854
 674 0.24 0.253887 0.0181585
 675 0.28 0.253926 0.0181316
 676 0.44 0.254201 0.0181068
 677 0.6 0.254712 0.0180873
 678 0.48 0.255044 0.0180636
 679 0.36 0.255199 0.0180377
 680 0.24 0.255176 0.0180111
 681 0.2 0.255095 0.0179849
 682 0.36 0.255249 0.0179591
 683 0.4 0.255461 0.0179341
 684 0.2 0.25538 0.017908
 685 0.16 0.255241 0.0178824
 686 0.08 0.254985 0.0178581
 687 0.16 0.254847 0.0178327
 688 0.2 0.254767 0.0178069
 689 0.04 0.254456 0.0177838
 690 -0.04 0.254029 0.0177631
 691 0.08 0.253777 0.0177392
 692 0.12 0.253584 0.0177146
 693 0.04 0.253276 0.0176917
 694 0.04 0.252968 0.0176688
 695 -0.08 0.252489 0.0176499
 696 -0.12 0.251954 0.0176326
 697 0 0.251593 0.017611
 698 0.12 0.251404 0.0175868
 699 0.12 0.251216 0.0175626
 700 0 0.250857 0.0175412
 701 -0.08 0.250385 0.0175225
 702 -0.16 0.249801 0.0175073
 703 -0.16 0.249218 0.0174921
 704 -0.24 0.248523 0.017481
 705 -0.28 0.247773 0.0174723
 706 -0.2 0.247139 0.0174591
 707 -0.16 0.246563 0.0174439
 708 -0.04 0.246158 0.0174239
 709 -0.04 0.245755 0.017404
 710 0.2 0.24569 0.0173796
 711 0.12 0.245513 0.017356
 712 0.2 0.245449 0.0173318
 713 0.08 0.245217 0.017309
 714 0.44 0.24549 0.0172869
 715 0.2 0.245427 0.0172628
 716 0 0.245084 0.0172421
 717 -0.04 0.244686 0.0172226
 718 0 0.244345 0.017202
 719 0.04 0.244061 0.0171804
 720 0 0.243722 0.0171599
 721 0 0.243384 0.0171394
 722 0.12 0.243213 0.0171165
 723 0.08 0.242988 0.0170943
 724 0.08 0.242762 0.0170721
 725 0.08 0.242538 0.01705
 726 0 0.242204 0.0170298
 727 -0.04 0.241816 0.0170108
 728 -0.12 0.241319 0.0169947
 729 -0.08 0.240878 0.0169771
 730 -0.12 0.240384 0.016961
 731 -0.2 0.239781 0.0169485
 732 -0.36 0.238962 0.0169452
 733 -0.44 0.238035 0.0169474
 734 -0.36 0.237221 0.0169439
 735 -0.08 0.236789 0.0169263
 736 -0.12 0.236304 0.0169102
 737 -0.2 0.235712 0.0168976
 738 -0.2 0.235122 0.0168851
 739 -0.2 0.234533 0.0168725
 740 -0.04 0.234162 0.0168537
 741 0.24 0.23417 0.016831
 742 0.08 0.233962 0.0168096
 743 0.36 0.234132 0.0167878
 744 0.52 0.234516 0.0167696
 745 0.2 0.23447 0.0167471
 746 0.4 0.234692 0.0167262
 747 0.52 0.235074 0.0167081
 748 0.8 0.235829 0.0167028
 749 0.68 0.236422 0.0166911
 750 0.64 0.23696 0.0166775
 751 0.4 0.237177 0.0166567
 752 0.56 0.237606 0.01664
 753 0.6 0.238088 0.0166249
 754 0.6 0.238568 0.0166098
 755 0.52 0.23894 0.016592
 756 0.64 0.239471 0.0165785
 757 0.4 0.239683 0.0165579
 758 0.28 0.239736 0.0165361
 759 0.52 0.240105 0.0165185
 760 0.6 0.240579 0.0165035
 761 0.76 0.241261 0.0164959
 762 0.72 0.24189 0.0164863
 763 0.64 0.242412 0.0164729
 764 0.52 0.242775 0.0164553
 765 0.68 0.243346 0.0164438
 766 0.56 0.24376 0.0164275
 767 0.64 0.244276 0.0164142
 768 0.44 0.244531 0.0163948
 769 0.28 0.244577 0.0163735
 770 0.32 0.244675 0.0163525
 771 0.44 0.244929 0.0163333
 772 0.48 0.245233 0.0163149
 773 0.36 0.245382 0.0162945
 774 0.28 0.245426 0.0162735
 775 0.24 0.245419 0.0162525
 776 0.28 0.245464 0.0162316
 777 0.16 0.245354 0.016211
 778 0.08 0.245141 0.0161916
 779 0 0.244827 0.0161739
 780 0.2 0.244769 0.0161532
 781 0.04 0.244507 0.0161346
 782 0.28 0.244552 0.0161141
 783 0.36 0.2447 0.0160941
 784 0.4 0.244898 0.0160748
 785 0.24 0.244892 0.0160543
 786 0.28 0.244936 0.016034
 787 0.16 0.244828 0.0160139
 788 -0.04 0.244467 0.0159977
 789 0.2 0.244411 0.0159775
 790 0.08 0.244203 0.0159586
 791 0.04 0.243944 0.0159405
 792 0.12 0.243788 0.0159211
 793 0.12 0.243632 0.0159018
 794 -0.2 0.243073 0.0158916
 795 0.08 0.242868 0.0158729
 796 0.2 0.242814 0.0158531
 797 0.2 0.24276 0.0158333
 798 0.36 0.242907 0.0158141
 799 0.2 0.242854 0.0157944
 800 -0.12 0.2424 0.0157811
 801 -0.12 0.241948 0.0157679
 802 -0.04 0.241596 0.0157522
 803 -0.2 0.241046 0.0157421
 804 0 0.240746 0.0157254
 805 -0.04 0.240398 0.0157097
 806 -0.04 0.24005 0.0156941
 807 -0.08 0.239653 0.0156796
 808 0.2 0.239604 0.0156603
 809 0.2 0.239555 0.015641
 810 0.44 0.239802 0.0156236
 811 0.16 0.239704 0.0156047
 812 0.16 0.239606 0.0155858
 813 0.2 0.239557 0.0155667
 814 0.32 0.239656 0.0155478
 815 0.24 0.239656 0.0155287
 816 0.2 0.239608 0.0155098
 817 0.32 0.239706 0.0154911
 818 0.24 0.239707 0.0154721
 819 0.24 0.239707 0.0154532
 820 0.04 0.239463 0.0154363
 821 0.2 0.239415 0.0154176
 822 0.12 0.23927 0.0153995
 823 0.08 0.239077 0.015382
 824 0.16 0.238981 0.0153636
 825 0.16 0.238885 0.0153453
 826 0.12 0.238741 0.0153274
 827 0.16 0.238646 0.0153091
 828 0.28 0.238696 0.0152907
 829 0.28 0.238745 0.0152723
 830 0.48 0.239036 0.0152567
 831 0.48 0.239326 0.0152411
 832 0.4 0.239519 0.015224
 833 0.36 0.239664 0.0152064
 834 0.4 0.239856 0.0151893
 835 0.52 0.240192 0.0151748
 836 0.52 0.240526 0.0151604
 837 0.6 0.240956 0.0151483
 838 0.68 0.24148 0.0151393
 839 0.72 0.24205 0.015132
 840 0.92 0.242857 0.0151355
 841 0.92 0.243662 0.0151389
 842 0.88 0.244418 0.0151398
 843 0.76 0.24503 0.0151342
 844 0.76 0.24564 0.0151286
 845 0.88 0.246391 0.0151293
 846 0.84 0.247092 0.0151277
 847 0.8 0.247745 0.0151239
 848 0.8 0.248396 0.0151201
 849 0.64 0.248857 0.0151093
 850 0.8 0.249506 0.0151055
 851 0.84 0.2502 0.0151036
 852 0.8 0.250845 0.0150997
 853 0.8 0.251489 0.0150957
 854 0.84 0.252178 0.0150938
 855 0.8 0.252819 0.0150897
 856 0.8 0.253458 0.0150856
 857 0.8 0.254096 0.0150815
 858 0.8 0.254732 0.0150774
 859 0.72 0.255274 0.0150695
 860 0.84 0.255953 0.0150673
 861 0.84 0.256632 0.0150651
 862 0.92 0.257401 0.0150673
 863 0.96 0.258216 0.0150718
 864 0.92 0.258981 0.0150738
 865 0.84 0.259653 0.0150714
 866 0.68 0.260139 0.0150618
 867 0.76 0.260715 0.0150555
 868 0.6 0.261106 0.0150432
 869 0.64 0.261542 0.0150322
 870 0.52 0.261839 0.0150178
 871 0.56 0.262181 0.0150045
 872 0.56 0.262523 0.0149912
 873 0.44 0.262726 0.0149754
 874 0.4 0.262883 0.014959
 875 0.44 0.263086 0.0149433
 876 0.56 0.263425 0.0149301
 877 0.48 0.263672 0.0149151
 878 0.52 0.263964 0.014901
 879 0.84 0.264619 0.0148984
 880 0.64 0.265045 0.0148876
 881 0.36 0.265153 0.0148711
 882 0.44 0.265351 0.0148555
 883 0.52 0.26564 0.0148415
 884 0.48 0.265882 0.0148267
 885 0.44 0.266079 0.0148112
 886 0.64 0.266501 0.0148005
 887 0.72 0.267012 0.0147927
 888 0.68 0.267477 0.0147833
 889 0.8 0.268076 0.0147788
 890 0.88 0.268764 0.0147782
 891 0.92 0.269495 0.0147797
 892 0.8 0.27009 0.0147751
 893 0.96 0.270862 0.0147787
 894 0.92 0.271588 0.01478
 895 0.76 0.272134 0.0147736
 896 0.76 0.272679 0.0147671
 897 0.88 0.273356 0.0147662
 898 0.96 0.27412 0.0147696
 899 0.76 0.274661 0.014763
 900 0.8 0.275244 0.0147582
 901 0.96 0.276004 0.0147613
 902 0.92 0.276718 0.0147622
 903 0.84 0.277342 0.0147591
 904 0.88 0.278009 0.0147578
 905 0.88 0.278674 0.0147565
 906 0.76 0.279205 0.0147498
 907 0.84 0.279824 0.0147465
 908 0.8 0.280396 0.0147413
 909 0.76 0.280924 0.0147346
 910 0.72 0.281407 0.0147263
 911 0.64 0.2818 0.0147154
 912 0.56 0.282105 0.0147024
 913 0.64 0.282497 0.0146915
 914 0.64 0.282888 0.0146806
 915 0.64 0.283279 0.0146698
 916 0.48 0.283493 0.0146553
 917 0.56 0.283795 0.0146424
 918 0.32 0.283834 0.0146265
 919 0.32 0.283874 0.0146107
 920 0.04 0.283609 0.0145972
 921 -0.08 0.283214 0.0145867
 922 0.04 0.28295 0.0145732
 923 -0.08 0.282557 0.0145627
 924 -0.04 0.282208 0.0145512
 925 -0.12 0.281773 0.0145419
 926 -0.28 0.281166 0.0145389
 927 -0.2 0.280647 0.0145324
 928 0.2 0.28056 0.014517
 929 0.24 0.280517 0.0145015
 930 0.36 0.280602 0.0144861
 931 0.36 0.280687 0.0144708
 932 0.4 0.280815 0.0144558
 933 0.4 0.280943 0.0144409
 934 0.16 0.280814 0.014426
 935 0.24 0.28077 0.0144106
 936 0.2 0.280684 0.0143955
 937 0.28 0.280683 0.0143801
 938 0.2 0.280597 0.014365
 939 0.32 0.280639 0.0143498
 940 0.36 0.280723 0.0143348
 941 0.4 0.28085 0.0143201
 942 0.4 0.280977 0.0143054
 943 0.48 0.281188 0.0142918
 944 0.32 0.281229 0.0142767
 945 0.24 0.281185 0.0142617
 946 0.28 0.281184 0.0142466
 947 0.24 0.28114 0.0142316
 948 0.08 0.280928 0.0142182
 949 0.36 0.281012 0.0142034
 950 0.36 0.281095 0.0141887
 951 0.12 0.280925 0.0141748
 952 0.2 0.28084 0.0141602
 953 0.12 0.280672 0.0141463
 954 0.24 0.280629 0.0141315
 955 0.16 0.280503 0.0141173
 956 0.16 0.280377 0.0141031
 957 0.28 0.280376 0.0140883
 958 0.36 0.280459 0.0140739
 959 0.44 0.280626 0.0140602
 960 0.4 0.28075 0.0140461
 961 0.48 0.280957 0.014033
 962 0.48 0.281164 0.0140199
 963 0.6 0.281495 0.0140092
 964 0.52 0.281743 0.0139969
 965 0.52 0.28199 0.0139846
 966 0.36 0.28207 0.0139703
 967 0.36 0.282151 0.0139561
 968 0.44 0.282314 0.0139426
 969 0.52 0.282559 0.0139304
 970 0.32 0.282598 0.0139161
 971 0.12 0.28243 0.0139027
 972 0.04 0.282181 0.0138907
 973 0.08 0.281973 0.0138779
 974 -0.12 0.281561 0.0138698
 975 -0.04 0.281231 0.0138595
 976 -0.04 0.280902 0.0138492
 977 0.16 0.280778 0.0138356
 978 0.16 0.280654 0.013822
 979 0.12 0.28049 0.0138088
 980 0.16 0.280367 0.0137953
 981 0.08 0.280163 0.0137827
 982 0.12 0.28 0.0137697
 983 0.12 0.279837 0.0137566
 984 0.08 0.279634 0.0137441
 985 0.16 0.279513 0.0137307
 986 0.12 0.279351 0.0137177
 987 0.08 0.279149 0.0137053
 988 0 0.278866 0.0136943
 989 -0.24 0.278342 0.0136905
 990 -0.2 0.277859 0.0136852
 991 -0.08 0.277497 0.0136762
 992 -0.04 0.277177 0.0136661
 993 -0.04 0.276858 0.0136561
 994 -0.16 0.276419 0.0136494
 995 0.04 0.276181 0.0136378
 996 0.2 0.276104 0.0136243
 997 0.4 0.276229 0.0136112
 998 0.4 0.276353 0.0135981
 999 0.28 0.276356 0.0135845
 1000 0.28 0.27636 0.0135709
 1001 0.36 0.276444 0.0135576
 1002 0.44 0.276607 0.013545
 1003 0.36 0.27669 0.0135318
 1004 0.16 0.276574 0.0135188
 1005 0.2 0.276498 0.0135056
 1006 0 0.276223 0.0134949
 1007 -0.16 0.275789 0.0134885
 1008 -0.2 0.275317 0.0134833
 1009 -0.4 0.274648 0.0134866
 1010 -0.72 0.273663 0.0135092
 1011 -0.88 0.272522 0.013544
 1012 -0.88 0.271383 0.0135784
 1013 -0.84 0.270286 0.0136093
 1014 -0.72 0.26931 0.0136309
 1015 -0.72 0.268335 0.0136523
 1016 -0.64 0.267441 0.0136681
 1017 -0.68 0.266509 0.0136864
 1018 -0.56 0.265697 0.0136971
 1019 -0.52 0.264926 0.0137053
 1020 -0.56 0.264118 0.0137157
 1021 -0.56 0.26331 0.0137261
 1022 -0.52 0.262544 0.013734
 1023 -0.48 0.261818 0.0137398
 1024 -0.56 0.261016 0.0137498
 1025 -0.6 0.260176 0.013762
 1026 -0.48 0.259454 0.0137675
 1027 -0.4 0.258812 0.0137691
 1028 -0.48 0.258093 0.0137745
 1029 -0.32 0.257532 0.0137725
 1030 -0.44 0.256854 0.0137758
 1031 -0.4 0.256217 0.0137772
 1032 -0.52 0.255465 0.0137844
 1033 -0.68 0.25456 0.0138008
 1034 -0.8 0.25354 0.0138251
 1035 -0.76 0.25256 0.0138464
 1036 -0.84 0.251506 0.0138731
 1037 -0.76 0.25053 0.013894
 1038 -0.8 0.249518 0.0139175
 1039 -0.84 0.24847 0.0139436
 1040 -0.8 0.247462 0.0139666
 1041 -0.96 0.246302 0.0140013
 1042 -0.92 0.245182 0.0140326
 1043 -0.92 0.244065 0.0140636
 1044 -0.8 0.243065 0.0140856
 1045 -0.92 0.241952 0.0141161
 1046 -0.96 0.240803 0.0141493
 1047 -0.84 0.239771 0.0141734
 1048 -0.96 0.238626 0.0142061
 1049 -0.96 0.237483 0.0142385
 1050 -1 0.236305 0.0142737
 1051 -1 0.235128 0.0143085
 1052 -0.88 0.234068 0.0143341
 1053 -0.72 0.233162 0.0143492
 1054 -0.88 0.232106 0.0143744
 1055 -0.52 0.231393 0.0143784
 1056 -0.36 0.230833 0.0143757
 1057 -0.36 0.230274 0.014373
 1058 -0.44 0.229641 0.0143734
 1059 -0.4 0.229046 0.0143721
 1060 -0.44 0.228415 0.0143724
 1061 -0.36 0.227861 0.0143696
 1062 -0.16 0.227495 0.0143607
 1063 0.24 0.227507 0.0143472
 1064 0.2 0.227481 0.0143337
 1065 0 0.227268 0.0143218
 1066 0.4 0.22743 0.0143093
 1067 0.56 0.227741 0.0142993
 1068 0.52 0.228015 0.0142885
 1069 0.68 0.228438 0.0142814
 1070 0.68 0.22886 0.0142743
 1071 0.52 0.229132 0.0142635
 1072 0.56 0.22944 0.0142536
 1073 0.52 0.229711 0.0142428
 1074 0.36 0.229832 0.0142301
 1075 0.24 0.229842 0.0142168
 1076 0.16 0.229777 0.0142038
 1077 0.16 0.229712 0.0141907
 1078 0.12 0.22961 0.0141779
 1079 0.24 0.22962 0.0141648
 1080 0.4 0.229778 0.0141525
 1081 0.36 0.229898 0.01414
 1082 0.44 0.230092 0.0141282
 1083 0.48 0.230323 0.0141171
 1084 0.56 0.230627 0.0141073
 1085 0.64 0.231005 0.0140993
 1086 0.52 0.231271 0.0140889
 1087 0.56 0.231573 0.0140791
 1088 0.48 0.231801 0.0140681
 1089 0.52 0.232066 0.0140576
 1090 0.52 0.23233 0.0140472
 1091 0.4 0.232484 0.0140352
 1092 0.36 0.232601 0.0140228
 1093 0.32 0.232681 0.0140102
 1094 0.36 0.232797 0.0139979
 1095 0.36 0.232913 0.0139855
 1096 0.32 0.232993 0.013973
 1097 0.52 0.233254 0.0139627
 1098 0.36 0.23337 0.0139505
 1099 0.68 0.233776 0.0139437
 1100 0.76 0.234255 0.0139392
 1101 0.68 0.234659 0.0139324
 1102 0.8 0.235172 0.0139292
 1103 0.68 0.235576 0.0139225
 1104 0.76 0.236051 0.0139179
 1105 0.88 0.236633 0.0139175
 1106 0.84 0.237179 0.0139157
 1107 0.8 0.237687 0.0139124
 1108 0.72 0.238123 0.0139066
 1109 0.56 0.238413 0.0138971
 1110 0.56 0.238703 0.0138876
 1111 0.68 0.2391 0.0138808
 1112 0.64 0.23946 0.013873
 1113 0.36 0.239569 0.0138609
 1114 0.24 0.239569 0.0138485
 1115 0.36 0.239677 0.0138365
 1116 0.28 0.239713 0.0138241
 1117 0.08 0.23957 0.0138125
 1118 0 0.239356 0.0138018
 1119 -0.12 0.239035 0.0137932
 1120 -0.04 0.238786 0.0137831
 1121 -0.16 0.23843 0.0137754
 1122 -0.32 0.237932 0.0137721
 1123 -0.4 0.237364 0.0137716
 1124 -0.36 0.236833 0.0137696
 1125 -0.2 0.236444 0.0137628
 1126 -0.04 0.236199 0.0137528
 1127 0.04 0.236025 0.0137417
 1128 0.16 0.235957 0.0137297
 1129 0.2 0.235926 0.0137175
 1130 0.24 0.235929 0.0137054
 1131 0.12 0.235827 0.0136936
 1132 0.08 0.235689 0.0136822
 1133 0.12 0.235587 0.0136705
 1134 0.16 0.23552 0.0136586
 1135 0.04 0.235348 0.0136477
 1136 0.08 0.235211 0.0136363
 1137 0.2 0.23518 0.0136244
 1138 0.04 0.235009 0.0136135
 1139 0.04 0.234838 0.0136026
 1140 0.12 0.234737 0.013591
 1141 0.08 0.234601 0.0135798
 1142 0 0.234396 0.0135695
 1143 -0.04 0.234156 0.0135597
 1144 -0.04 0.233916 0.01355
 1145 0 0.233712 0.0135397
 1146 0.12 0.233613 0.0135282
 1147 0.12 0.233514 0.0135168
 1148 0.12 0.233415 0.0135054
 1149 0.24 0.23342 0.0134936
 1150 0.24 0.233426 0.0134819
 1151 0.24 0.233432 0.0134701
 1152 0.16 0.233368 0.0134586
 1153 0.2 0.233339 0.013447
 1154 0.36 0.233449 0.0134357
 1155 0.44 0.233628 0.0134253
 1156 0.48 0.233841 0.0134154
 1157 0.52 0.234088 0.0134061
 1158 0.56 0.23437 0.0133974
 1159 0.52 0.234616 0.0133881
 1160 0.52 0.234862 0.0133788
 1161 0.6 0.235177 0.013371
 1162 0.64 0.235525 0.0133641
 1163 0.52 0.23577 0.0133548
 1164 0.56 0.236048 0.0133462
 1165 0.68 0.236429 0.0133402
 1166 0.56 0.236707 0.0133316
 1167 0.48 0.236915 0.0133219
 1168 0.52 0.237158 0.0133126
 1169 0.6 0.237468 0.0133049
 1170 0.68 0.237846 0.0132989
 1171 0.76 0.238292 0.013295
 1172 0.68 0.238669 0.013289
 1173 0.52 0.238909 0.0132798
 1174 0.08 0.238773 0.0132692
 1175 -0.12 0.238468 0.0132614
 1176 -0.08 0.238197 0.0132529
 1177 0 0.237995 0.0132432
 1178 -0.12 0.237691 0.0132354
 1179 -0.36 0.237184 0.0132339
 1180 -0.16 0.236847 0.013227
 1181 -0.2 0.236478 0.0132209
 1182 -0.04 0.236244 0.0132118
 1183 0.04 0.236078 0.0132017
 1184 -0.08 0.235811 0.0131932
 1185 0 0.235612 0.0131836
 1186 0.04 0.235447 0.0131735
 1187 0 0.235249 0.0131639
 1188 0.08 0.235118 0.0131535
 1189 -0.2 0.234752 0.0131475
 1190 -0.24 0.234353 0.0131425
 1191 -0.2 0.233988 0.0131365
 1192 -0.2 0.233624 0.0131305
 1193 -0.52 0.232992 0.0131347
 1194 -0.48 0.232395 0.0131373
 1195 -0.48 0.231799 0.0131398
 1196 -0.56 0.231137 0.0131455
 1197 -0.4 0.23061 0.0131451
 1198 -0.28 0.230184 0.0131411
 1199 -0.2 0.229825 0.013135
 1200 -0.04 0.2296 0.013126
 1201 -0.04 0.229376 0.013117
 1202 0.04 0.229218 0.013107
 1203 -0.04 0.228994 0.013098
 1204 -0.04 0.228771 0.013089
 1205 -0.08 0.228515 0.0130807
 1206 -0.2 0.228159 0.0130746
 1207 -0.2 0.227804 0.0130686
 1208 -0.32 0.227351 0.0130657
 1209 -0.24 0.226964 0.0130606
 1210 -0.4 0.226446 0.0130601
 1211 -0.4 0.225929 0.0130595
 1212 -0.24 0.225545 0.0130544
 1213 -0.2 0.225194 0.0130484
 1214 -0.04 0.224975 0.0130394
 1215 0.2 0.224955 0.0130287
 1216 0.2 0.224934 0.013018
 1217 0.04 0.224782 0.0130082
 1218 -0.04 0.224565 0.0129993
 1219 0.08 0.224446 0.0129892
 1220 0.16 0.224393 0.0129787
 1221 0.28 0.224439 0.0129681
 1222 0.28 0.224484 0.0129576
 1223 0.32 0.224563 0.0129472
 1224 0.4 0.224706 0.0129374
 1225 0.16 0.224653 0.012927
 1226 0.12 0.224568 0.0129167
 1227 0.12 0.224482 0.0129065
 1228 0.16 0.22443 0.012896
 1229 0.08 0.224312 0.0128861
 1230 0.16 0.22426 0.0128757
 1231 0.2 0.22424 0.0128653
 1232 0.12 0.224156 0.0128551
 1233 0.2 0.224136 0.0128447
 1234 0.28 0.224182 0.0128343
 1235 0.32 0.224259 0.0128242
 1236 0.28 0.224304 0.0128139
 1237 0.28 0.224349 0.0128036
 1238 0.28 0.224394 0.0127933
 1239 0.28 0.224439 0.0127831
 1240 0.32 0.224516 0.012773
 1241 0.12 0.224432 0.012763
 1242 -0.08 0.224187 0.0127551
 1243 -0.04 0.223974 0.0127466
 1244 0.12 0.223891 0.0127366
 1245 0.16 0.223839 0.0127265
 1246 0.2 0.22382 0.0127162
 1247 0.2 0.223801 0.0127061
 1248 0.04 0.223654 0.0126967
 1249 0.04 0.223507 0.0126874
 1250 0.04 0.22336 0.0126781
 1251 0 0.223181 0.0126692
 1252 0.24 0.223195 0.0126591
 1253 0.24 0.223208 0.012649
 1254 0 0.22303 0.0126402
 1255 -0.04 0.222821 0.0126318
 1256 0 0.222643 0.012623
 1257 0.16 0.222593 0.0126131
 1258 0 0.222417 0.0126043
 1259 -0.08 0.222176 0.0125966
 1260 -0.08 0.221937 0.0125888
 1261 -0.08 0.221697 0.0125811
 1262 -0.08 0.221458 0.0125734
 1263 0.16 0.221409 0.0125636
 1264 0.16 0.221361 0.0125537
 1265 0.16 0.221312 0.0125439
 1266 0.24 0.221327 0.012534
 1267 0.2 0.22131 0.0125241
 1268 0.36 0.22142 0.0125147
 1269 0.24 0.221434 0.0125048
 1270 0.32 0.221512 0.0124952
 1271 0.28 0.221558 0.0124855
 1272 0.4 0.221698 0.0124765
 1273 0.6 0.221995 0.0124702
 1274 0.72 0.222386 0.0124665
 1275 0.72 0.222776 0.0124629
 1276 0.92 0.223323 0.0124651
 1277 0.92 0.223868 0.0124672
 1278 0.64 0.224194 0.0124617
 1279 0.48 0.224394 0.0124536
 1280 0.28 0.224438 0.0124439
 1281 0.48 0.224637 0.0124358
 1282 0.72 0.225023 0.0124321
 1283 0.6 0.225316 0.0124259
 1284 0.64 0.225639 0.0124204
 1285 0.76 0.226054 0.0124177
 1286 0.88 0.226563 0.0124184
 1287 0.96 0.227133 0.0124219
 1288 0.88 0.22764 0.0124226
 1289 0.88 0.228146 0.0124232
 1290 0.88 0.228651 0.0124239
 1291 0.88 0.229156 0.0124245
 1292 0.8 0.229598 0.0124227
 1293 0.84 0.23007 0.0124221
 1294 0.68 0.230417 0.0124174
 1295 0.64 0.230734 0.0124118
 1296 0.76 0.231142 0.0124089
 1297 0.76 0.23155 0.0124061
 1298 0.96 0.232111 0.0124092
 1299 0.88 0.23261 0.0124097
 1300 0.8 0.233046 0.0124078
 1301 0.88 0.233543 0.0124082
 1302 1 0.234132 0.0124127
 1303 1 0.23472 0.0124171
 1304 1 0.235307 0.0124214
 1305 1 0.235893 0.0124257
 1306 1 0.236478 0.01243
 1307 1 0.237062 0.0124342
 1308 1 0.237645 0.0124384
 1309 1 0.238228 0.0124425
 1310 0.84 0.238687 0.0124415
 1311 0.72 0.239054 0.0124374
 1312 0.56 0.239299 0.0124303
 1313 0.56 0.239543 0.0124233
 1314 0.32 0.239604 0.012414
 1315 0.28 0.239635 0.0124045
 1316 0.24 0.239635 0.0123951
 1317 0.12 0.239544 0.012386
 1318 0.2 0.239514 0.0123767
 1319 0.32 0.239575 0.0123674
 1320 0.4 0.239697 0.0123587
 1321 0.4 0.239818 0.0123499
 1322 0.44 0.23997 0.0123415
 1323 0.36 0.24006 0.0123325
 1324 0.28 0.240091 0.0123232
 1325 0.4 0.240211 0.0123145
 1326 0.16 0.240151 0.0123053
 1327 -0.04 0.23994 0.0122979
 1328 -0.28 0.239548 0.0122949
 1329 -0.36 0.239097 0.0122939
 1330 -0.2 0.238767 0.0122891
 1331 -0.32 0.238347 0.012287
 1332 -0.08 0.238108 0.0122801
 1333 -0.12 0.237839 0.0122738
 1334 -0.08 0.237601 0.0122669
 1335 -0.12 0.237333 0.0122607
 1336 0 0.237156 0.0122528
 1337 0 0.236978 0.0122449
 1338 -0.08 0.236741 0.012238
 1339 0.12 0.236654 0.0122292
 1340 0.04 0.236507 0.012221
 1341 0.12 0.236421 0.0122121
 1342 0.08 0.236304 0.0122036
 1343 0.12 0.236217 0.0121948
 1344 0.32 0.23628 0.0121859
 1345 0.12 0.236193 0.0121771
 1346 0.2 0.236166 0.0121681
 1347 0.12 0.23608 0.0121594
 1348 0.12 0.235994 0.0121507
 1349 0.08 0.235878 0.0121422
 1350 0.04 0.235733 0.0121341
 1351 -0.08 0.2355 0.0121273
 1352 0.08 0.235385 0.0121189
 1353 0.12 0.235299 0.0121103
 1354 0 0.235126 0.0121026
 1355 0.12 0.235041 0.0120939
 1356 0.04 0.234897 0.0120859
 1357 0.36 0.234989 0.0120773
 1358 0.52 0.235199 0.0120702
 1359 0.52 0.235408 0.0120632
 1360 0.68 0.235735 0.0120587
 1361 0.84 0.236179 0.012058
 1362 0.92 0.236681 0.0120596
 1363 0.8 0.237095 0.0120579
 1364 0.84 0.237537 0.0120571
 1365 0.8 0.237949 0.0120553
 1366 0.84 0.238389 0.0120546
 1367 0.84 0.23883 0.0120538
 1368 0.88 0.239298 0.0120541
 1369 1 0.239854 0.0120581
 1370 0.92 0.24035 0.0120595
 1371 0.88 0.240817 0.0120597
 1372 0.96 0.241341 0.0120623
 1373 0.88 0.241806 0.0120625
 1374 0.92 0.2423 0.0120638
 1375 1 0.242851 0.0120676
 1376 0.8 0.243256 0.0120657
 1377 0.88 0.243718 0.0120658
 1378 0.92 0.244209 0.012067
 1379 1 0.244757 0.0120707
 1380 1 0.245304 0.0120744
 1381 1 0.245851 0.012078
 1382 0.96 0.246368 0.0120803
 1383 0.92 0.246855 0.0120814
 1384 0.88 0.247312 0.0120813
 1385 0.92 0.247798 0.0120823
 1386 0.96 0.248312 0.0120846
 1387 1 0.248854 0.012088
 1388 0.96 0.249366 0.0120901
 1389 0.76 0.249734 0.012087
 1390 0.48 0.249899 0.0120795
 1391 0.24 0.249892 0.0120708
 1392 0.16 0.249828 0.0120623
 1393 0.16 0.249763 0.0120538
 1394 0.08 0.249641 0.0120458
 1395 0.08 0.24952 0.0120377
 1396 0.12 0.249427 0.0120295
 1397 0.08 0.249306 0.0120215
 1398 0.16 0.249242 0.012013
 1399 0.08 0.249121 0.012005
 1400 0.04 0.248971 0.0119974
 1401 0.16 0.248908 0.011989
 1402 0.24 0.248902 0.0119804
 1403 0.44 0.249038 0.0119727
 1404 0.36 0.249117 0.0119644
 1405 0.52 0.24931 0.0119574
 1406 0.6 0.249559 0.0119515
 1407 0.48 0.249723 0.0119442
 1408 0.36 0.249801 0.0119359
 1409 0.28 0.249823 0.0119275
 1410 0.44 0.249957 0.0119198
 1411 0.4 0.250064 0.0119118
 1412 0.36 0.250142 0.0119036
 1413 0.6 0.250389 0.0118978
 1414 0.44 0.250523 0.0118901
 1415 0.48 0.250686 0.0118828
 1416 0.48 0.250847 0.0118755
 1417 0.44 0.250981 0.0118679
 1418 0.24 0.250973 0.0118595
 1419 0.08 0.250853 0.0118518
 1420 0 0.250676 0.0118447
 1421 0.12 0.250584 0.0118368
 1422 -0.12 0.250323 0.0118313
 1423 -0.08 0.250091 0.0118253
 1424 -0.12 0.249831 0.0118198
 1425 -0.16 0.249544 0.011815
 1426 -0.08 0.249313 0.011809
 1427 -0.16 0.249026 0.0118042
 1428 -0.08 0.248796 0.0117982
 1429 -0.04 0.248593 0.0117917
 1430 0.12 0.248503 0.0117837
 1431 0.08 0.248386 0.0117761
 1432 0.04 0.24824 0.0117688
 1433 -0.08 0.248011 0.0117628
 1434 -0.04 0.24781 0.0117563
 1435 -0.04 0.24761 0.0117498
 1436 -0.16 0.247326 0.0117451
 1437 -0.08 0.247098 0.0117391
 1438 -0.04 0.246898 0.0117326
 1439 -0.12 0.246644 0.0117272
 1440 -0.12 0.246389 0.0117219
 1441 -0.16 0.246107 0.0117171
 1442 -0.16 0.245825 0.0117124
 1443 -0.16 0.245544 0.0117076
 1444 -0.24 0.245208 0.0117044
 1445 -0.24 0.244872 0.0117011
 1446 -0.04 0.244675 0.0116946
 1447 0.04 0.244534 0.0116874
 1448 0.08 0.24442 0.0116799
 1449 0.16 0.244362 0.011672
 1450 0.12 0.244276 0.0116642
 1451 0.16 0.244218 0.0116563
 1452 0.2 0.244187 0.0116483
 1453 0.12 0.244102 0.0116406
 1454 -0.12 0.243851 0.0116353
 1455 -0.08 0.243629 0.0116295
 1456 -0.04 0.243434 0.0116231
 1457 -0.16 0.243157 0.0116184
 1458 -0.32 0.242771 0.0116169
 1459 -0.32 0.242385 0.0116153
 1460 -0.36 0.241973 0.0116147
 1461 -0.2 0.24167 0.0116107
 1462 0 0.241505 0.0116039
 1463 -0.08 0.241285 0.011598
 1464 -0.08 0.241066 0.0115922
 1465 0.08 0.240956 0.0115848
 1466 -0.04 0.240764 0.0115785
 1467 -0.08 0.240545 0.0115727
 1468 -0.16 0.240272 0.011568
 1469 -0.28 0.239918 0.0115655
 1470 -0.24 0.239592 0.0115623
 1471 -0.2 0.239293 0.0115583
 1472 -0.12 0.239049 0.011553
 1473 0.2 0.239022 0.0115452
 1474 0.12 0.238942 0.0115376
 1475 0.08 0.238834 0.0115303
 1476 0.16 0.23878 0.0115226
 1477 -0.08 0.238565 0.0115168
 1478 -0.08 0.238349 0.0115111
 1479 -0.04 0.238161 0.0115048
 1480 -0.04 0.237973 0.0114986
 1481 0 0.237812 0.0114919
 1482 0.12 0.237733 0.0114845
 1483 0.16 0.23768 0.0114768
 1484 0.12 0.237601 0.0114694
 1485 0.24 0.237603 0.0114616
 1486 0.24 0.237604 0.0114539
 1487 0.48 0.237767 0.0114474
 1488 0.4 0.237876 0.0114402
 1489 0.68 0.238173 0.0114364
 1490 0.6 0.238416 0.0114313
 1491 0.64 0.238685 0.0114268
 1492 0.84 0.239088 0.0114262
 1493 0.72 0.239411 0.0114231
 1494 0.76 0.239759 0.0114208
 1495 0.6 0.24 0.0114157
 1496 0.56 0.240214 0.0114101
 1497 0.48 0.240374 0.0114036
 1498 0.72 0.240694 0.0114004
 1499 0.68 0.240987 0.0113966
 1500 0.76 0.241333 0.0113943
 1501 0.68 0.241626 0.0113904
 1502 0.72 0.241944 0.0113873
 1503 0.72 0.242262 0.0113841
 1504 0.68 0.242553 0.0113803
 1505 0.48 0.242711 0.0113738
 1506 0.36 0.242789 0.0113665
 1507 0.36 0.242867 0.0113593
 1508 0.48 0.243024 0.0113528
 1509 0.4 0.243128 0.0113458
 1510 0.52 0.243311 0.0113397
 1511 0.72 0.243627 0.0113366
 1512 0.44 0.243757 0.0113299
 1513 0.28 0.243781 0.0113224
 1514 0.4 0.243884 0.0113154
 1515 0.4 0.243987 0.0113084
 1516 0.32 0.244037 0.011301
 1517 0.16 0.243982 0.0112937
 1518 0.12 0.2439 0.0112866
 1519 0.08 0.243792 0.0112796
 1520 0 0.243632 0.0112734
 1521 0.24 0.243629 0.011266
 1522 0.28 0.243653 0.0112586
 1523 0.4 0.243756 0.0112516
 1524 0.4 0.243858 0.0112447
 1525 0.24 0.243856 0.0112374
 1526 0.28 0.243879 0.01123
 1527 0.36 0.243955 0.0112229
 1528 0.2 0.243927 0.0112156
 1529 0.2 0.243898 0.0112083
 1530 0.16 0.243843 0.0112011
 1531 0.2 0.243815 0.0111938
 1532 0.12 0.243734 0.0111868
 1533 0.16 0.243679 0.0111796
 1534 0.08 0.243572 0.0111729
 1535 0.16 0.243518 0.0111657
 1536 0.08 0.243411 0.0111589
 1537 0.16 0.243357 0.0111518
 1538 0.12 0.243277 0.0111449
 1539 0 0.243119 0.0111387
 1540 -0.12 0.242883 0.011134
 1541 -0.08 0.242674 0.0111287
 1542 -0.08 0.242464 0.0111235
 1543 -0.08 0.242255 0.0111182
 1544 -0.2 0.241969 0.0111147
 1545 0.04 0.241838 0.0111083
 1546 -0.04 0.241656 0.0111026
 1547 -0.04 0.241474 0.0110969
 1548 -0.04 0.241292 0.0110912
 1549 0.04 0.241162 0.0110848
 1550 0.04 0.241032 0.0110785
 1551 -0.04 0.240851 0.0110728
 1552 -0.12 0.240619 0.0110681
 1553 -0.16 0.240361 0.011064
 1554 -0.24 0.240051 0.0110612
 1555 0.16 0.24 0.0110542
 1556 0.32 0.240051 0.0110472
 1557 0.48 0.240206 0.0110412
 1558 0.52 0.240385 0.0110355
 1559 0.44 0.240513 0.0110292
 1560 0.24 0.240513 0.0110221
 1561 0.4 0.240615 0.0110155
 1562 0.48 0.240768 0.0110096
 1563 0.48 0.240921 0.0110036
 1564 0.52 0.2411 0.010998
 1565 0.6 0.241329 0.0109933
 1566 0.36 0.241405 0.0109866
 1567 0.32 0.241455 0.0109797
 1568 0.32 0.241505 0.0109728
 1569 0.32 0.241555 0.0109659
 1570 0.28 0.24158 0.010959
 1571 0.36 0.241655 0.0109522
 1572 0.4 0.241756 0.0109457
 1573 0.32 0.241805 0.0109389
 1574 0.2 0.241779 0.010932
 1575 0.12 0.241702 0.0109253
 1576 0.24 0.241701 0.0109184
 1577 0.4 0.241801 0.0109119
 1578 0.32 0.24185 0.0109051
 1579 0.24 0.241849 0.0108982
 1580 0.08 0.241747 0.0108918
 1581 0.16 0.241695 0.010885
 1582 0.16 0.241643 0.0108782
 1583 0.08 0.241541 0.0108718
 1584 0.12 0.241465 0.0108652
 1585 0.12 0.241388 0.0108587
 1586 0.24 0.241387 0.0108518
 1587 0.04 0.24126 0.0108457
 1588 0.12 0.241184 0.0108391
 1589 0.24 0.241183 0.0108323
 1590 0.2 0.241157 0.0108255
 1591 0.28 0.241182 0.0108188
 1592 0.2 0.241156 0.010812
 1593 0.12 0.24108 0.0108055
 1594 0.12 0.241004 0.010799
 1595 0.12 0.240928 0.0107925
 1596 0.04 0.240802 0.0107864
 1597 0.04 0.240676 0.0107804
 1598 -0.04 0.240501 0.0107751
 1599 -0.08 0.2403 0.0107702
 1600 0.16 0.24025 0.0107636
 1601 0.32 0.2403 0.010757
 1602 0.64 0.240549 0.0107532
 1603 0.72 0.240848 0.0107506
 1604 0.84 0.241222 0.0107504
 1605 0.6 0.241445 0.010746
 1606 0.68 0.241719 0.0107428
 1607 0.76 0.242041 0.010741
 1608 0.76 0.242363 0.0107391
 1609 0.84 0.242735 0.0107389
 1610 0.68 0.243006 0.0107356
 1611 0.64 0.243253 0.0107318
 1612 0.64 0.243499 0.0107279
 1613 0.68 0.243769 0.0107247
 1614 0.76 0.244089 0.0107228
 1615 0.76 0.244409 0.010721
 1616 0.8 0.244752 0.0107198
 1617 0.8 0.245096 0.0107187
 1618 0.68 0.245365 0.0107154
 1619 0.56 0.245559 0.0107106
 1620 0.56 0.245753 0.0107057
 1621 0.52 0.245922 0.0107005
 1622 0.48 0.246067 0.0106948
 1623 0.12 0.245989 0.0106885
 1624 0.04 0.245862 0.0106827
 1625 0 0.245711 0.0106772
 1626 0.12 0.245633 0.0106709
 1627 0.24 0.24563 0.0106643
 1628 0.28 0.245651 0.0106578
 1629 0.32 0.245697 0.0106514
 1630 0.08 0.245595 0.0106453
 1631 0.04 0.245469 0.0106395
 1632 0.16 0.245417 0.0106331
 1633 0.12 0.24534 0.0106269
 1634 0.4 0.245435 0.0106208
 1635 0.44 0.245554 0.010615
 1636 0.52 0.245721 0.0106098
 1637 0.32 0.245767 0.0106034
 1638 0.36 0.245836 0.0105972
 1639 0.44 0.245955 0.0105914
 1640 0.52 0.246122 0.0105862
 1641 0.76 0.246435 0.0105844
 1642 0.84 0.246797 0.0105842
 1643 1 0.247255 0.0105876
 1644 1 0.247713 0.0105911
 1645 1 0.24817 0.0105945
 1646 1 0.248627 0.0105979
 1647 0.96 0.249059 0.0106003
 1648 1 0.249515 0.0106037
 1649 1 0.24997 0.010607
 1650 1 0.250424 0.0106103
 1651 1 0.250878 0.0106136
 1652 0.96 0.251308 0.0106159
 1653 0.92 0.251712 0.0106171
 1654 0.96 0.25214 0.0106194
 1655 0.88 0.25252 0.0106197
 1656 0.88 0.252899 0.0106201
 1657 1 0.253349 0.0106232
 1658 1 0.2538 0.0106264
 1659 1 0.25425 0.0106295
 1660 1 0.254699 0.0106326
 1661 1 0.255148 0.0106356
 1662 1 0.255596 0.0106387
 1663 0.96 0.256019 0.0106407
 1664 0.92 0.256418 0.0106418
 1665 0.96 0.256841 0.0106438
 1666 1 0.257287 0.0106468
 1667 1 0.257732 0.0106497
 1668 1 0.258177 0.0106526
 1669 0.92 0.258574 0.0106536
 1670 0.92 0.25897 0.0106546
 1671 0.84 0.259318 0.0106539
 1672 0.76 0.259617 0.0106517
 1673 0.8 0.25994 0.0106503
 1674 0.64 0.260167 0.0106463
 1675 0.6 0.26037 0.0106419
 1676 0.4 0.260453 0.0106359
 1677 0.36 0.260513 0.0106297
 1678 0.32 0.260548 0.0106234
 1679 0.28 0.26056 0.0106171
 1680 0.24 0.260548 0.0106108
 1681 0.24 0.260535 0.0106045
 1682 0.2 0.260499 0.0105982
 1683 0.24 0.260487 0.0105919
 1684 0.28 0.260499 0.0105856
 1685 0.36 0.260558 0.0105795
 1686 0.4 0.260641 0.0105736
 1687 0.56 0.260818 0.0105688
 1688 0.4 0.2609 0.0105628
 1689 0.32 0.260935 0.0105566
 1690 0.24 0.260923 0.0105504
 1691 0.24 0.260911 0.0105442
 1692 0.44 0.261017 0.0105385
 1693 0.56 0.261193 0.0105337
 1694 0.64 0.261417 0.0105299
 1695 0.68 0.261664 0.0105266
 1696 0.84 0.262005 0.0105259
 1697 0.88 0.262369 0.010526
 1698 0.88 0.262733 0.0105261
 1699 0.72 0.263002 0.0105233
 1700 0.6 0.2632 0.010519
 1701 0.56 0.263374 0.0105142
 1702 0.64 0.263596 0.0105104
 1703 0.76 0.263887 0.0105083
 1704 0.92 0.264272 0.0105092
 1705 0.76 0.264563 0.010507
 1706 0.72 0.26483 0.0105042
 1707 0.6 0.265026 0.0104999
 1708 0.48 0.265152 0.0104945
 1709 0.6 0.265348 0.0104902
 1710 0.4 0.265427 0.0104844
 1711 0.28 0.265435 0.0104782
 1712 0.12 0.26535 0.0104725
 1713 0.12 0.265266 0.0104667
 1714 -0.08 0.265064 0.0104625
 1715 0.08 0.264956 0.010457
 1716 -0.08 0.264755 0.0104528
 1717 -0.12 0.264531 0.0104491
 1718 -0.12 0.264307 0.0104454
 1719 -0.16 0.264061 0.0104423
 1720 0.08 0.263953 0.0104368
 1721 0.08 0.263847 0.0104312
 1722 -0.04 0.26367 0.0104267
 1723 -0.16 0.263424 0.0104235
 1724 -0.04 0.263248 0.010419
 1725 -0.2 0.26298 0.0104164
 1726 -0.16 0.262735 0.0104132
 1727 -0.12 0.262513 0.0104096
 1728 -0.12 0.262292 0.0104059
 1729 -0.08 0.262094 0.0104018
 1730 0 0.261942 0.0103968
 1731 -0.24 0.261652 0.0103949
 1732 -0.52 0.261201 0.0103987
 1733 -0.48 0.260773 0.0104015
 1734 -0.48 0.260346 0.0104042
 1735 -0.32 0.260012 0.0104036
 1736 -0.12 0.259793 0.0103999
 1737 -0.12 0.259574 0.0103962
 1738 -0.16 0.259333 0.0103931
 1739 0.04 0.259206 0.0103879
 1740 0.2 0.259172 0.0103819
 1741 0.24 0.259161 0.010376
 1742 0.12 0.259082 0.0103703
 1743 -0.2 0.258818 0.0103677
 1744 -0.12 0.258601 0.0103641
 1745 -0.12 0.258384 0.0103604
 1746 -0.12 0.258167 0.0103567
 1747 -0.24 0.257882 0.0103547
 1748 0.12 0.257803 0.0103491
 1749 0.08 0.257702 0.0103437
 1750 -0.08 0.257509 0.0103396
 1751 0.04 0.257384 0.0103344
 1752 0.12 0.257306 0.0103288
 1753 0.16 0.25725 0.0103231
 1754 0.12 0.257172 0.0103175
 1755 0.16 0.257117 0.0103117
 1756 -0.04 0.256948 0.0103072
 1757 -0.08 0.256756 0.0103032
 1758 -0.04 0.256587 0.0102987
 1759 0 0.256441 0.0102939
 1760 0.04 0.256318 0.0102887
 1761 0 0.256173 0.0102839
 1762 0.12 0.256095 0.0102784
 1763 0.12 0.256018 0.0102728
 1764 0.16 0.255964 0.0102672
 1765 0.2 0.255932 0.0102614
 1766 0.2 0.2559 0.0102556
 1767 -0.12 0.255688 0.010252
 1768 0.16 0.255633 0.0102464
 1769 0.12 0.255557 0.0102409
 1770 0.28 0.255571 0.0102351
 1771 0.2 0.255539 0.0102294
 1772 0.28 0.255553 0.0102236
 1773 0.44 0.255657 0.0102183
 1774 0.44 0.255761 0.0102131
 1775 0.48 0.255887 0.0102081
 1776 0.52 0.256036 0.0102035
 1777 0.48 0.256162 0.0101985
 1778 0.48 0.256288 0.0101936
 1779 0.64 0.256504 0.0101901
 1780 0.56 0.256674 0.0101858
 1781 0.48 0.2568 0.0101809
 1782 0.44 0.256902 0.0101757
 1783 0.36 0.25696 0.0101701
 1784 0.36 0.257018 0.0101646
 1785 0.32 0.257053 0.0101589
 1786 0.28 0.257066 0.0101533
 1787 0.44 0.257168 0.0101481
 1788 0.52 0.257315 0.0101435
 1789 0.72 0.257574 0.0101411
 1790 0.6 0.257765 0.0101372
 1791 0.72 0.258023 0.0101349
 1792 0.64 0.258237 0.0101315
 1793 0.68 0.258472 0.0101285
 1794 0.72 0.258729 0.0101262
 1795 0.72 0.258986 0.0101238
 1796 0.68 0.25922 0.0101209
 1797 0.6 0.25941 0.010117
 1798 0.68 0.259644 0.0101141
 1799 0.68 0.259878 0.0101112
 1800 0.68 0.260111 0.0101082
 1801 0.6 0.2603 0.0101044
 1802 0.56 0.260466 0.0101001
 1803 0.44 0.260566 0.010095
 1804 0.52 0.26071 0.0100905
 1805 0.6 0.260898 0.0100866
 1806 0.6 0.261085 0.0100828
 1807 0.56 0.261251 0.0100785
 1808 0.6 0.261438 0.0100747
 1809 0.64 0.261647 0.0100713
 1810 0.72 0.261901 0.0100689
 1811 0.64 0.262109 0.0100655
 1812 0.72 0.262362 0.0100632
 1813 0.64 0.26257 0.0100598
 1814 0.64 0.262778 0.0100564
 1815 0.68 0.263008 0.0100535
 1816 0.72 0.26326 0.0100511
 1817 0.8 0.263555 0.0100499
 1818 0.76 0.263828 0.0100481
 1819 0.72 0.264079 0.0100457
 1820 0.72 0.26433 0.0100433
 1821 0.76 0.264602 0.0100414
 1822 0.72 0.264852 0.010039
 1823 0.84 0.265167 0.0100385
 1824 0.92 0.265526 0.0100394
 1825 0.72 0.265775 0.010037
 1826 0.8 0.266068 0.0100358
 1827 0.72 0.266316 0.0100333
 1828 0.56 0.266477 0.0100291
 1829 0.6 0.266659 0.0100253
 1830 0.6 0.266842 0.0100215
 1831 0.64 0.267045 0.0100181
 1832 0.56 0.267205 0.0100139
 1833 0.52 0.267343 0.0100094
 1834 0.52 0.267481 0.0100049
 1835 0.44 0.267575 0.00999986
 1836 0.24 0.26756 0.00999442
 1837 0.04 0.267436 0.00998975
 1838 0.08 0.267334 0.00998483
 1839 0.08 0.267232 0.00997992
 1840 0.16 0.267174 0.00997467
 1841 0.12 0.267094 0.00996957
 1842 0.2 0.267058 0.00996422
 1843 0.24 0.267043 0.00995882
 1844 0.28 0.26705 0.00995342
 1845 0.2 0.267014 0.00994809
 1846 0.08 0.266912 0.00994322
 1847 0.04 0.266789 0.00993859
 1848 -0.08 0.266602 0.00993499
 1849 -0.04 0.266436 0.009931
 1850 -0.08 0.266249 0.00992739
 1851 -0.04 0.266083 0.00992341
 1852 -0.08 0.265896 0.00991981
 1853 -0.08 0.26571 0.00991621
 1854 -0.16 0.26548 0.00991352
 1855 -0.08 0.265294 0.00990992
 1856 -0.08 0.265108 0.00990633
 1857 0.04 0.264987 0.00990174
 1858 0 0.264844 0.00989743
 1859 -0.08 0.264658 0.00989385
 1860 0.16 0.264602 0.00988869
 1861 0.44 0.264696 0.00988382
 1862 0.52 0.264834 0.00987946
 1863 0.4 0.264906 0.00987443
 1864 0.32 0.264936 0.00986917
 1865 0.36 0.264987 0.00986401
 1866 0.36 0.265038 0.00985885
 1867 0.08 0.264938 0.00985407
 1868 0 0.264797 0.00984981
 1869 -0.12 0.264591 0.0098467
 1870 -0.2 0.264342 0.00984456
 1871 -0.32 0.26403 0.00984426
 1872 -0.32 0.263718 0.00984394
 1873 -0.4 0.263364 0.00984506
 1874 -0.24 0.263095 0.00984347
 1875 -0.16 0.262869 0.00984081
 1876 0 0.262729 0.00983656
 1877 0.12 0.262653 0.00983161
 1878 -0.08 0.262471 0.00982807
 1879 -0.08 0.262288 0.00982453
 1880 0.04 0.26217 0.00982001
 1881 0.04 0.262052 0.0098155
 1882 0.36 0.262104 0.00981042
 1883 0.24 0.262092 0.00980522
 1884 0.28 0.262102 0.00980002
 1885 0.32 0.262133 0.00979487
 1886 0.24 0.262121 0.00978968
 1887 0.32 0.262152 0.00978454
 1888 0.32 0.262182 0.0097794
 1889 0.36 0.262234 0.00977436
 1890 0.2 0.262201 0.00976924
 1891 0.4 0.262274 0.00976435
 1892 0.44 0.262368 0.00975964
 1893 0.28 0.262377 0.00975448
 1894 0.36 0.262429 0.00974947
 1895 0.4 0.262501 0.00974459
 1896 0.32 0.262532 0.0097395
 1897 0.44 0.262625 0.00973481
 1898 0.32 0.262655 0.00972973
 1899 0.24 0.262643 0.00972461
 1900 0.36 0.262695 0.00971963
 1901 0.56 0.262851 0.00971577
 1902 0.32 0.262881 0.00971071
 1903 0.48 0.262995 0.00970628
 1904 0.48 0.263109 0.00970185
 1905 0.36 0.26316 0.00969689
 1906 0.36 0.263211 0.00969193
 1907 0.24 0.263199 0.00968685
 1908 0.36 0.263249 0.00968191
 1909 0.2 0.263216 0.00967689
 1910 0.24 0.263204 0.00967183
 1911 0.44 0.263297 0.00966721
 1912 0.52 0.263431 0.00966309
 1913 0.4 0.263502 0.0096583
 1914 0.52 0.263636 0.00965418
 1915 0.44 0.263728 0.00964958
 1916 0.28 0.263737 0.00964454
 1917 0.28 0.263745 0.00963952
 1918 0.28 0.263754 0.00963449
 1919 0.24 0.263742 0.00962948
 1920 0.16 0.263688 0.00962461
 1921 0.08 0.263592 0.00962008
 1922 -0.12 0.263392 0.00961714
 1923 -0.08 0.263214 0.0096138
 1924 -0.12 0.263015 0.00961086
 1925 -0.08 0.262836 0.00960752
 1926 0.08 0.262741 0.009603
 1927 0.16 0.262688 0.00959817
 1928 0.12 0.262614 0.00959347
 1929 -0.04 0.262457 0.00958978
 1930 -0.24 0.262197 0.00958834
 1931 -0.32 0.261895 0.00958812
 1932 -0.4 0.261553 0.00958928
 1933 -0.12 0.261355 0.00958635
 1934 -0.2 0.261117 0.00958436
 1935 -0.12 0.26092 0.00958143
 1936 -0.2 0.260682 0.00957944
 1937 -0.2 0.260444 0.00957744
 1938 -0.28 0.260165 0.00957656
 1939 -0.28 0.259887 0.00957567
 1940 -0.16 0.25967 0.00957318
 1941 0.08 0.259578 0.0095687
 1942 0.24 0.259567 0.00956378
 1943 0.16 0.259516 0.00955899
 1944 0.28 0.259527 0.00955408
 1945 0.4 0.259599 0.00954944
 1946 0.44 0.259692 0.00954498
 1947 0.32 0.259723 0.00954013
 1948 0.04 0.25961 0.00953589
 1949 0.16 0.259559 0.00953114
 1950 0.36 0.25961 0.00952639
 1951 0.4 0.259682 0.00952177
 1952 0.52 0.259816 0.00951783
 1953 0.64 0.26001 0.00951495
 1954 0.68 0.260225 0.0095125
 1955 0.44 0.260317 0.00950808
 1956 0.16 0.260266 0.00950336
 1957 0.16 0.260215 0.00949864
 1958 0.12 0.260143 0.00949406
 1959 0.36 0.260194 0.00948935
 1960 0.32 0.260224 0.00948455
 1961 0.52 0.260357 0.00948064
 1962 0.56 0.26051 0.00947704
 1963 0.44 0.260601 0.00947265
 1964 0.44 0.260692 0.00946827
 1965 0.6 0.260865 0.00946502
 1966 0.72 0.261099 0.00946309
 1967 0.4 0.261169 0.00945854
 1968 0.28 0.261179 0.00945374
 1969 0.4 0.261249 0.0094492
 1970 0.24 0.261239 0.00944441
 1971 0.24 0.261228 0.00943962
 1972 0.36 0.261278 0.00943496
 1973 0.36 0.261328 0.00943031
 1974 0.28 0.261337 0.00942554
 1975 0.32 0.261367 0.00942081
 1976 0.44 0.261457 0.00941648
 1977 0.64 0.261649 0.00941366
 1978 0.56 0.2618 0.00941011
 1979 0.6 0.261971 0.00940691
 1980 0.44 0.262061 0.00940258
 1981 0.36 0.26211 0.00939797
 1982 0.24 0.262099 0.00939323
 1983 0.24 0.262088 0.0093885
 1984 0.44 0.262177 0.00938419
 1985 0.52 0.262307 0.00938036
 1986 0.72 0.262538 0.00937847
 1987 0.76 0.262788 0.00937709
 1988 0.76 0.263038 0.00937571
 1989 0.76 0.263288 0.00937433
 1990 0.64 0.263477 0.00937153
 1991 0.56 0.263626 0.009368
 1992 0.52 0.263755 0.00936418
 1993 0.56 0.263904 0.00936066
 1994 0.36 0.263952 0.00935609
 1995 0.24 0.26394 0.00935141
 1996 0.36 0.263988 0.00934685
 1997 0.48 0.264096 0.00934279
 1998 0.4 0.264164 0.00933836
 1999 0.56 0.264312 0.00933486
 2000 0.52 0.26444 0.00933107
