 1 0 0 0
 2 0 0 0
 3 8.77213e-15 2.92404e-15 2.92404e-15
 4 0 2.19303e-15 2.19303e-15
 5 0 1.75443e-15 1.75443e-15
 6 0 1.46202e-15 1.46202e-15
 7 0 1.25316e-15 1.25316e-15
 8 -4.38607e-15 5.48258e-16 1.2941e-15
 9 0 4.87341e-16 1.14292e-15
 10 0 4.38607e-16 1.02342e-15
 11 0 3.98733e-16 9.26572e-16
 12 0 3.65506e-16 8.46493e-16
 13 -4.38607e-15 0 8.60178e-16
 14 0 0 7.9637e-16
 15 0 0 7.41381e-16
 16 0 0 6.93498e-16
 17 -4.38607e-15 -2.58004e-16 7.0066e-16
 18 -4.38607e-15 -4.87341e-16 6.99266e-16
 19 0 -4.61691e-16 6.61936e-16
 20 0 -4.38607e-16 6.28392e-16
 21 0 -4.17721e-16 5.98085e-16
 22 0 -3.98733e-16 5.70568e-16
 23 -4.38607e-15 -5.72096e-16 5.72096e-16
 24 8.77213e-15 -1.82753e-16 6.72017e-16
 25 8.77213e-15 1.75443e-16 7.37416e-16
 26 8.77213e-15 5.06085e-16 7.81842e-16
 27 8.77213e-15 8.12234e-16 8.12234e-16
 28 8.77213e-15 1.09652e-15 8.32717e-16
 29 0 1.05871e-15 8.04379e-16
 30 0 1.02342e-15 7.77905e-16
 31 0 9.90402e-16 7.53117e-16
 32 0 9.59452e-16 7.29859e-16
 33 0 9.30378e-16 7.07993e-16
 34 0 9.03014e-16 6.87399e-16
 35 0 8.77213e-16 6.67969e-16
 36 8.77213e-15 1.09652e-15 6.85192e-16
 37 8.77213e-15 1.30397e-15 6.97958e-16
 38 8.77213e-15 1.5005e-15 7.07199e-16
 39 8.77213e-15 1.68695e-15 7.13616e-16
 40 8.77213e-15 1.86408e-15 7.17747e-16
 41 8.77213e-15 2.03257e-15 7.20013e-16
 42 0 1.98417e-15 7.04325e-16
 43 -4.38607e-15 1.83603e-15 7.03525e-16
 44 -4.38607e-15 1.69462e-15 7.01746e-16
 45 8.77213e-15 1.85189e-15 7.03774e-16
 46 8.77213e-15 2.00233e-15 7.04553e-16
 47 0 1.95973e-15 6.90715e-16
 48 8.77213e-15 2.10166e-15 6.90906e-16
 49 0 2.05877e-15 6.78017e-16
 50 8.77213e-15 2.19303e-15 6.77751e-16
 51 0 2.15003e-15 6.65719e-16
 52 -4.38607e-15 2.02434e-15 6.64782e-16
 53 0 1.98614e-15 6.53236e-16
 54 0 1.94936e-15 6.42079e-16
 55 0 1.91392e-15 6.31293e-16
 56 0 1.87974e-15 6.20859e-16
 57 8.77213e-15 2.00066e-15 6.21741e-16
 58 8.77213e-15 2.11741e-15 6.21983e-16
 59 8.77213e-15 2.2302e-15 6.21667e-16
 60 8.77213e-15 2.33924e-15 6.20867e-16
 61 8.77213e-15 2.44469e-15 6.19644e-16
 62 8.77213e-15 2.54675e-15 6.18052e-16
 63 8.77213e-15 2.64556e-15 6.16138e-16
 64 8.77213e-15 2.74129e-15 6.13944e-16
 65 8.77213e-15 2.83407e-15 6.11504e-16
 66 8.77213e-15 2.92404e-15 6.08852e-16
 67 0 2.8804e-15 6.01282e-16
 68 0 2.83804e-15 5.93886e-16
 69 8.77213e-15 2.92404e-15 5.91501e-16
 70 0 2.88227e-15 5.84484e-16
 71 0 2.84168e-15 5.77622e-16
 72 0 2.80221e-15 5.70909e-16
 73 0 2.76382e-15 5.64341e-16
 74 0 2.72647e-15 5.57914e-16
 75 0 2.69012e-15 5.51624e-16
 76 0 2.65472e-15 5.45467e-16
 77 8.77213e-15 2.73417e-15 5.44167e-16
 78 8.77213e-15 2.81158e-15 5.42694e-16
 79 8.77213e-15 2.88703e-15 5.41067e-16
 80 8.77213e-15 2.96059e-15 5.39302e-16
 81 0 2.92404e-15 5.33855e-16
 82 8.77213e-15 2.99536e-15 5.32105e-16
 83 8.77213e-15 3.06496e-15 5.30243e-16
 84 0 3.02847e-15 5.25162e-16
 85 8.77213e-15 3.09605e-15 5.23327e-16
 86 0 3.06005e-15 5.18458e-16
 87 8.77213e-15 3.1257e-15 5.16653e-16
 88 8.77213e-15 3.18987e-15 5.14762e-16
 89 8.77213e-15 3.25259e-15 5.12796e-16
 90 8.77213e-15 3.31392e-15 5.10762e-16
 91 8.77213e-15 3.3739e-15 5.08666e-16
 92 0 3.33722e-15 5.04442e-16
 93 8.77213e-15 3.39566e-15 5.02399e-16
 94 8.77213e-15 3.45286e-15 5.00306e-16
 95 0 3.41651e-15 4.96344e-16
 96 0 3.38093e-15 4.92434e-16
 97 0 3.34607e-15 4.88576e-16
 98 0 3.31193e-15 4.84768e-16
 99 8.77213e-15 3.36708e-15 4.83006e-16
 100 8.77213e-15 3.42113e-15 4.81197e-16
 101 8.77213e-15 3.47411e-15 4.79346e-16
 102 0 3.44005e-15 4.75843e-16
 103 0 3.40665e-15 4.72383e-16
 104 0 3.3739e-15 4.68964e-16
 105 0 3.34176e-15 4.65587e-16
 106 8.77213e-15 3.39299e-15 4.6401e-16
 107 8.77213e-15 3.44327e-15 4.62394e-16
 108 0 3.41138e-15 4.59201e-16
 109 8.77213e-15 3.46057e-15 4.57619e-16
 110 8.77213e-15 3.50885e-15 4.56003e-16
 111 8.77213e-15 3.55627e-15 4.54358e-16
 112 8.77213e-15 3.60284e-15 4.52684e-16
 113 8.77213e-15 3.64859e-15 4.50987e-16
 114 8.77213e-15 3.69353e-15 4.49267e-16
 115 8.77213e-15 3.73769e-15 4.47527e-16
 116 8.77213e-15 3.78109e-15 4.4577e-16
 117 8.77213e-15 3.82375e-15 4.43998e-16
 118 8.77213e-15 3.86569e-15 4.42212e-16
 119 8.77213e-15 3.90692e-15 4.40414e-16
 120 8.77213e-15 3.94746e-15 4.38607e-16
 121 8.77213e-15 3.98733e-15 4.3679e-16
 122 0 3.95465e-15 4.34427e-16
 123 8.77213e-15 3.99382e-15 4.32657e-16
 124 0 3.96161e-15 4.3036e-16
 125 8.77213e-15 4.00009e-15 4.28635e-16
 126 0 3.96835e-15 4.26403e-16
 127 8.77213e-15 4.00617e-15 4.24719e-16
 128 8.77213e-15 4.0434e-15 4.2303e-16
 129 8.77213e-15 4.08006e-15 4.21336e-16
 130 8.77213e-15 4.11615e-15 4.19637e-16
 131 0 4.08473e-15 4.17605e-16
 132 0 4.05379e-15 4.15583e-16
 133 0 4.02331e-15 4.13571e-16
 134 0 3.99328e-15 4.1157e-16
 135 0 3.9637e-15 4.09579e-16
 136 8.77213e-15 3.99906e-15 4.08091e-16
 137 8.77213e-15 4.0339e-15 4.06597e-16
 138 0 4.00467e-15 4.04697e-16
 139 0 3.97586e-15 4.02806e-16
 140 0 3.94746e-15 4.00926e-16
 141 8.77213e-15 3.98168e-15 3.9954e-16
 142 8.77213e-15 4.01541e-15 3.98148e-16
 143 8.77213e-15 4.04868e-15 3.96751e-16
 144 8.77213e-15 4.08148e-15 3.95349e-16
 145 0 4.05333e-15 3.93621e-16
 146 0 4.02557e-15 3.919e-16
 147 0 3.99818e-15 3.90187e-16
 148 0 3.97117e-15 3.88483e-16
 149 -4.38607e-15 3.91508e-15 3.89922e-16
 150 -4.38607e-15 3.85974e-15 3.91247e-16
 151 -4.38607e-15 3.80513e-15 3.92465e-16
 152 -4.38607e-15 3.75124e-15 3.93581e-16
 153 8.77213e-15 3.78406e-15 3.92375e-16
 154 0 3.75949e-15 3.90593e-16
 155 0 3.73523e-15 3.88822e-16
 156 8.77213e-15 3.76752e-15 3.87668e-16
 157 8.77213e-15 3.79939e-15 3.86508e-16
 158 0 3.77535e-15 3.84806e-16
 159 8.77213e-15 3.80677e-15 3.83667e-16
 160 0 3.78298e-15 3.82003e-16
 161 8.77213e-15 3.81397e-15 3.80886e-16
 162 8.77213e-15 3.84458e-15 3.79763e-16
 163 8.77213e-15 3.87481e-15 3.78634e-16
 164 0 3.85118e-15 3.7706e-16
 165 0 3.82784e-15 3.75494e-16
 166 0 3.80478e-15 3.73936e-16
 167 8.77213e-15 3.83453e-15 3.72879e-16
 168 -4.38607e-15 3.78559e-15 3.73869e-16
 169 -4.38607e-15 3.73724e-15 3.74782e-16
 170 -4.38607e-15 3.68946e-15 3.75623e-16
 171 8.77213e-15 3.71918e-15 3.74601e-16
 172 8.77213e-15 3.74856e-15 3.73573e-16
 173 8.77213e-15 3.77759e-15 3.72541e-16
 174 0 3.75588e-15 3.7103e-16
 175 -4.38607e-15 3.70936e-15 3.71826e-16
 176 8.77213e-15 3.73812e-15 3.70824e-16
 177 8.77213e-15 3.76657e-15 3.69818e-16
 178 8.77213e-15 3.79469e-15 3.68809e-16
 179 8.77213e-15 3.82249e-15 3.67795e-16
 180 -4.38607e-15 3.77689e-15 3.68578e-16
 181 8.77213e-15 3.80449e-15 3.67574e-16
 182 0 3.78358e-15 3.66146e-16
 183 0 3.76291e-15 3.64726e-16
 184 8.77213e-15 3.79013e-15 3.63758e-16
 185 0 3.76965e-15 3.62366e-16
 186 8.77213e-15 3.79654e-15 3.61415e-16
 187 8.77213e-15 3.82315e-15 3.60461e-16
 188 8.77213e-15 3.84947e-15 3.59503e-16
 189 0 3.82911e-15 3.58176e-16
 190 8.77213e-15 3.85512e-15 3.57234e-16
 191 8.77213e-15 3.88086e-15 3.5629e-16
 192 8.77213e-15 3.90634e-15 3.55344e-16
 193 8.77213e-15 3.93155e-15 3.54396e-16
 194 0 3.91129e-15 3.53146e-16
 195 8.77213e-15 3.93621e-15 3.52214e-16
 196 8.77213e-15 3.96089e-15 3.5128e-16
 197 8.77213e-15 3.98531e-15 3.50344e-16
 198 8.77213e-15 4.00948e-15 3.49408e-16
 199 8.77213e-15 4.03342e-15 3.4847e-16
 200 0 4.01325e-15 3.4731e-16
 201 0 3.99328e-15 3.46154e-16
 202 8.77213e-15 4.01694e-15 3.45247e-16
 203 0 3.99715e-15 3.44112e-16
 204 0 3.97756e-15 3.42981e-16
 205 8.77213e-15 4.00095e-15 3.42104e-16
 206 0 3.98153e-15 3.40993e-16
 207 8.77213e-15 4.00467e-15 3.4013e-16
 208 8.77213e-15 4.02759e-15 3.39266e-16
 209 8.77213e-15 4.05029e-15 3.38401e-16
 210 8.77213e-15 4.07278e-15 3.37535e-16
 211 8.77213e-15 4.09505e-15 3.36669e-16
 212 0 4.07573e-15 3.35634e-16
 213 0 4.0566e-15 3.34602e-16
 214 0 4.03764e-15 3.33574e-16
 215 0 4.01886e-15 3.32549e-16
 216 0 4.00025e-15 3.31529e-16
 217 0 3.98182e-15 3.30512e-16
 218 0 3.96356e-15 3.29499e-16
 219 -4.38607e-15 3.92543e-15 3.30199e-16
 220 -4.38607e-15 3.88765e-15 3.30859e-16
 221 -4.38607e-15 3.85021e-15 3.3148e-16
 222 -4.38607e-15 3.81311e-15 3.32062e-16
 223 0 3.79601e-15 3.31012e-16
 224 -4.38607e-15 3.75949e-15 3.31549e-16
 225 -4.38607e-15 3.72328e-15 3.32051e-16
 226 -4.38607e-15 3.6874e-15 3.32521e-16
 227 -4.38607e-15 3.65183e-15 3.32957e-16
 228 0 3.63582e-15 3.31881e-16
 229 -4.38607e-15 3.60079e-15 3.3228e-16
 230 -4.38607e-15 3.56606e-15 3.32649e-16
 231 0 3.55063e-15 3.31566e-16
 232 0 3.53532e-15 3.30488e-16
 233 0 3.52015e-15 3.29416e-16
 234 0 3.5051e-15 3.2835e-16
 235 -4.38607e-15 3.47152e-15 3.2867e-16
 236 8.77213e-15 3.49398e-15 3.28044e-16
 237 8.77213e-15 3.51626e-15 3.27415e-16
 238 0 3.50148e-15 3.26371e-16
 239 0 3.48683e-15 3.25333e-16
 240 0 3.4723e-15 3.243e-16
 241 8.77213e-15 3.49429e-15 3.237e-16
 242 0 3.47985e-15 3.22682e-16
 243 0 3.46553e-15 3.21671e-16
 244 0 3.45133e-15 3.20664e-16
 245 -4.38607e-15 3.41934e-15 3.20951e-16
 246 -4.38607e-15 3.38761e-15 3.21215e-16
 247 0 3.3739e-15 3.20205e-16
 248 0 3.36029e-15 3.19202e-16
 249 0 3.3468e-15 3.18203e-16
 250 0 3.33341e-15 3.17211e-16
 251 -4.38607e-15 3.30266e-15 3.17438e-16
 252 -4.38607e-15 3.27214e-15 3.17644e-16
 253 8.77213e-15 3.29388e-15 3.17132e-16
 254 8.77213e-15 3.31545e-15 3.16617e-16
 255 8.77213e-15 3.33685e-15 3.16098e-16
 256 0 3.32382e-15 3.1513e-16
 257 0 3.31088e-15 3.14168e-16
 258 8.77213e-15 3.33205e-15 3.13663e-16
 259 8.77213e-15 3.35305e-15 3.13155e-16
 260 8.77213e-15 3.3739e-15 3.12643e-16
 261 8.77213e-15 3.39458e-15 3.12129e-16
 262 8.77213e-15 3.41511e-15 3.11612e-16
 263 8.77213e-15 3.43547e-15 3.11093e-16
 264 0 3.42246e-15 3.10185e-16
 265 -4.38607e-15 3.39299e-15 3.10414e-16
 266 0 3.38024e-15 3.09508e-16
 267 8.77213e-15 3.40043e-15 3.09007e-16
 268 8.77213e-15 3.42048e-15 3.08504e-16
 269 8.77213e-15 3.44037e-15 3.07998e-16
 270 8.77213e-15 3.46012e-15 3.0749e-16
 271 8.77213e-15 3.47972e-15 3.0698e-16
 272 8.77213e-15 3.49918e-15 3.06467e-16
 273 8.77213e-15 3.51849e-15 3.05953e-16
 274 8.77213e-15 3.53767e-15 3.05437e-16
 275 0 3.5248e-15 3.04596e-16
 276 0 3.51203e-15 3.03759e-16
 277 0 3.49935e-15 3.02926e-16
 278 0 3.48676e-15 3.02096e-16
 279 0 3.47427e-15 3.01271e-16
 280 0 3.46186e-15 3.00449e-16
 281 0 3.44954e-15 2.99632e-16
 282 0 3.43731e-15 2.98818e-16
 283 0 3.42516e-15 2.98008e-16
 284 0 3.4131e-15 2.97201e-16
 285 0 3.40113e-15 2.96399e-16
 286 -4.38607e-15 3.3739e-15 2.96613e-16
 287 -4.38607e-15 3.34686e-15 2.96812e-16
 288 -4.38607e-15 3.32001e-15 2.96995e-16
 289 -4.38607e-15 3.29334e-15 2.97165e-16
 290 -4.38607e-15 3.26686e-15 2.9732e-16
 291 0 3.25564e-15 2.96509e-16
 292 0 3.24449e-15 2.95702e-16
 293 0 3.23341e-15 2.94899e-16
 294 8.77213e-15 3.25225e-15 2.94497e-16
 295 8.77213e-15 3.27096e-15 2.94093e-16
 296 0 3.25991e-15 2.93306e-16
 297 0 3.24894e-15 2.92523e-16
 298 0 3.23804e-15 2.91744e-16
 299 0 3.22721e-15 2.90968e-16
 300 0 3.21645e-15 2.90196e-16
 301 0 3.20576e-15 2.89427e-16
 302 0 3.19515e-15 2.88663e-16
 303 0 3.1846e-15 2.87902e-16
 304 0 3.17413e-15 2.87144e-16
 305 -4.38607e-15 3.14934e-15 2.87272e-16
 306 -4.38607e-15 3.12471e-15 2.87389e-16
 307 8.77213e-15 3.14311e-15 2.87042e-16
 308 0 3.1329e-15 2.8629e-16
 309 0 3.12277e-15 2.85542e-16
 310 0 3.11269e-15 2.84798e-16
 311 0 3.10268e-15 2.84057e-16
 312 0 3.09274e-15 2.83319e-16
 313 0 3.08286e-15 2.82586e-16
 314 0 3.07304e-15 2.81855e-16
 315 -4.38607e-15 3.04936e-15 2.81955e-16
 316 -2.19303e-15 3.03277e-15 2.81551e-16
 317 0 3.0232e-15 2.80824e-16
 318 -2.19303e-15 3.0068e-15 2.8042e-16
 319 0 2.99737e-15 2.79698e-16
 320 0 2.98801e-15 2.7898e-16
 321 -4.38607e-15 2.96504e-15 2.79057e-16
 322 0 2.95583e-15 2.78341e-16
 323 0 2.94668e-15 2.77629e-16
 324 8.77213e-15 2.96466e-15 2.77354e-16
 325 0 2.95553e-15 2.7665e-16
 326 8.77213e-15 2.97338e-15 2.76377e-16
 327 8.77213e-15 2.99111e-15 2.761e-16
 328 8.77213e-15 3.00873e-15 2.75821e-16
 329 8.77213e-15 3.02625e-15 2.75539e-16
 330 8.77213e-15 3.04366e-15 2.75254e-16
 331 8.77213e-15 3.06097e-15 2.74966e-16
 332 8.77213e-15 3.07817e-15 2.74676e-16
 333 8.77213e-15 3.09527e-15 2.74383e-16
 334 8.77213e-15 3.11227e-15 2.74088e-16
 335 8.77213e-15 3.12916e-15 2.7379e-16
 336 8.77213e-15 3.14596e-15 2.7349e-16
 337 8.77213e-15 3.16265e-15 2.73188e-16
 338 0 3.1533e-15 2.72539e-16
 339 8.77213e-15 3.16987e-15 2.72239e-16
 340 8.77213e-15 3.18635e-15 2.71937e-16
 341 0 3.177e-15 2.71299e-16
 342 8.77213e-15 3.19336e-15 2.70999e-16
 343 0 3.18405e-15 2.70368e-16
 344 0 3.1748e-15 2.6974e-16
 345 8.77213e-15 3.19102e-15 2.69446e-16
 346 8.77213e-15 3.20715e-15 2.6915e-16
 347 8.77213e-15 3.22319e-15 2.68852e-16
 348 8.77213e-15 3.23914e-15 2.68552e-16
 349 8.77213e-15 3.25499e-15 2.6825e-16
 350 8.77213e-15 3.27075e-15 2.67947e-16
 351 8.77213e-15 3.28643e-15 2.67641e-16
 352 8.77213e-15 3.30201e-15 2.67335e-16
 353 0 3.29266e-15 2.6674e-16
 354 0 3.28335e-15 2.66148e-16
 355 8.77213e-15 3.29882e-15 2.65848e-16
 356 8.77213e-15 3.31419e-15 2.65545e-16
 357 8.77213e-15 3.32948e-15 2.65241e-16
 358 0 3.32018e-15 2.64663e-16
 359 8.77213e-15 3.33537e-15 2.64361e-16
 360 0 3.3261e-15 2.63789e-16
 361 0 3.31689e-15 2.63218e-16
 362 8.77213e-15 3.33196e-15 2.62922e-16
 363 8.77213e-15 3.34694e-15 2.62625e-16
 364 8.77213e-15 3.36185e-15 2.62326e-16
 365 8.77213e-15 3.37667e-15 2.62026e-16
 366 8.77213e-15 3.39141e-15 2.61725e-16
 367 8.77213e-15 3.40607e-15 2.61422e-16
 368 0 3.39682e-15 2.60875e-16
 369 0 3.38761e-15 2.6033e-16
 370 0 3.37846e-15 2.59787e-16
 371 8.77213e-15 3.39299e-15 2.59493e-16
 372 8.77213e-15 3.40745e-15 2.59198e-16
 373 0 3.39832e-15 2.58664e-16
 374 0 3.38923e-15 2.58131e-16
 375 0 3.3802e-15 2.576e-16
 376 0 3.37121e-15 2.57072e-16
 377 -4.38607e-15 3.35063e-15 2.57213e-16
 378 0 3.34176e-15 2.56685e-16
 379 0 3.33295e-15 2.56159e-16
 380 -4.38607e-15 3.31263e-15 2.5629e-16
 381 -4.38607e-15 3.29243e-15 2.56414e-16
 382 -4.38607e-15 3.27233e-15 2.5653e-16
 383 -4.38607e-15 3.25233e-15 2.5664e-16
 384 0 3.24386e-15 2.56111e-16
 385 0 3.23544e-15 2.55583e-16
 386 0 3.22705e-15 2.55058e-16
 387 8.77213e-15 3.24138e-15 2.54802e-16
 388 0 3.23303e-15 2.54281e-16
 389 0 3.22472e-15 2.53763e-16
 390 0 3.21645e-15 2.53246e-16
 391 0 3.20822e-15 2.52732e-16
 392 0 3.20004e-15 2.52219e-16
 393 0 3.1919e-15 2.51708e-16
 394 0 3.18379e-15 2.51199e-16
 395 0 3.17573e-15 2.50692e-16
 396 0 3.16771e-15 2.50187e-16
 397 8.77213e-15 3.18183e-15 2.49955e-16
 398 8.77213e-15 3.19588e-15 2.49721e-16
 399 0 3.18787e-15 2.49223e-16
 400 0 3.1799e-15 2.48727e-16
 401 0 3.17197e-15 2.48233e-16
 402 0 3.16408e-15 2.4774e-16
 403 8.77213e-15 3.17799e-15 2.47516e-16
 404 8.77213e-15 3.19184e-15 2.47291e-16
 405 8.77213e-15 3.20562e-15 2.47064e-16
 406 0 3.19772e-15 2.46581e-16
 407 8.77213e-15 3.21142e-15 2.46356e-16
 408 0 3.20355e-15 2.45877e-16
 409 0 3.19572e-15 2.454e-16
 410 0 3.18792e-15 2.44925e-16
 411 8.77213e-15 3.20151e-15 2.44706e-16
 412 8.77213e-15 3.21503e-15 2.44485e-16
 413 8.77213e-15 3.22848e-15 2.44263e-16
 414 8.77213e-15 3.24188e-15 2.4404e-16
 415 8.77213e-15 3.2552e-15 2.43816e-16
 416 8.77213e-15 3.26846e-15 2.43591e-16
 417 8.77213e-15 3.28166e-15 2.43364e-16
 418 8.77213e-15 3.2948e-15 2.43136e-16
 419 8.77213e-15 3.30787e-15 2.42907e-16
 420 0 3.29999e-15 2.42456e-16
 421 8.77213e-15 3.31299e-15 2.42228e-16
 422 0 3.30514e-15 2.41781e-16
 423 8.77213e-15 3.31806e-15 2.41555e-16
 424 0 3.31024e-15 2.41112e-16
 425 8.77213e-15 3.32309e-15 2.40887e-16
 426 8.77213e-15 3.33588e-15 2.40661e-16
 427 8.77213e-15 3.34861e-15 2.40434e-16
 428 8.77213e-15 3.36128e-15 2.40206e-16
 429 8.77213e-15 3.3739e-15 2.39977e-16
 430 8.77213e-15 3.38645e-15 2.39747e-16
 431 8.77213e-15 3.39895e-15 2.39516e-16
 432 8.77213e-15 3.41138e-15 2.39285e-16
 433 8.77213e-15 3.42377e-15 2.39052e-16
 434 0 3.41588e-15 2.38631e-16
 435 8.77213e-15 3.42819e-15 2.384e-16
 436 0 3.42033e-15 2.37983e-16
 437 0 3.4125e-15 2.37566e-16
 438 0 3.40471e-15 2.37151e-16
 439 0 3.39695e-15 2.36738e-16
 440 8.77213e-15 3.40917e-15 2.36515e-16
 441 8.77213e-15 3.42133e-15 2.36291e-16
 442 0 3.41359e-15 2.35883e-16
 443 0 3.40588e-15 2.35476e-16
 444 0 3.39821e-15 2.3507e-16
 445 0 3.39058e-15 2.34666e-16
 446 8.77213e-15 3.40264e-15 2.3445e-16
 447 8.77213e-15 3.41466e-15 2.34233e-16
 448 8.77213e-15 3.42661e-15 2.34015e-16
 449 8.77213e-15 3.43852e-15 2.33797e-16
 450 8.77213e-15 3.45037e-15 2.33577e-16
 451 8.77213e-15 3.46217e-15 2.33357e-16
 452 0 3.45451e-15 2.32966e-16
 453 -4.38607e-15 3.4372e-15 2.33095e-16
 454 8.77213e-15 3.44896e-15 2.32878e-16
 455 0 3.44138e-15 2.32489e-16
 456 8.77213e-15 3.45307e-15 2.32273e-16
 457 8.77213e-15 3.4647e-15 2.32056e-16
 458 8.77213e-15 3.47629e-15 2.31839e-16
 459 0 3.46872e-15 2.31457e-16
 460 0 3.46118e-15 2.31076e-16
 461 0 3.45367e-15 2.30697e-16
 462 8.77213e-15 3.46518e-15 2.30485e-16
 463 8.77213e-15 3.47664e-15 2.30272e-16
 464 0 3.46915e-15 2.29897e-16
 465 -4.38607e-15 3.45226e-15 2.30023e-16
 466 0 3.44485e-15 2.29649e-16
 467 8.77213e-15 3.45626e-15 2.2944e-16
 468 0 3.44887e-15 2.29068e-16
 469 0 3.44152e-15 2.28698e-16
 470 0 3.4342e-15 2.28328e-16
 471 0 3.42691e-15 2.27959e-16
 472 0 3.41964e-15 2.27592e-16
 473 0 3.41242e-15 2.27225e-16
 474 0 3.40522e-15 2.2686e-16
 475 8.77213e-15 3.41651e-15 2.26663e-16
 476 8.77213e-15 3.42777e-15 2.26466e-16
 477 8.77213e-15 3.43897e-15 2.26268e-16
 478 8.77213e-15 3.45013e-15 2.2607e-16
 479 8.77213e-15 3.46124e-15 2.25871e-16
 480 0 3.45403e-15 2.25515e-16
 481 0 3.44685e-15 2.25161e-16
 482 0 3.4397e-15 2.24807e-16
 483 8.77213e-15 3.45074e-15 2.24612e-16
 484 0 3.44361e-15 2.24261e-16
 485 0 3.43651e-15 2.23911e-16
 486 0 3.42943e-15 2.23561e-16
 487 0 3.42239e-15 2.23213e-16
 488 0 3.41538e-15 2.22866e-16
 489 0 3.4084e-15 2.22519e-16
 490 0 3.40144e-15 2.22173e-16
 491 0 3.39451e-15 2.21829e-16
 492 0 3.38761e-15 2.21485e-16
 493 8.77213e-15 3.39853e-15 2.21305e-16
 494 8.77213e-15 3.40941e-15 2.21124e-16
 495 8.77213e-15 3.42025e-15 2.20943e-16
 496 8.77213e-15 3.43104e-15 2.2076e-16
 497 8.77213e-15 3.44178e-15 2.20578e-16
 498 8.77213e-15 3.45249e-15 2.20394e-16
 499 8.77213e-15 3.46315e-15 2.20211e-16
 500 0 3.45622e-15 2.19879e-16
 501 -4.38607e-15 3.44057e-15 2.19997e-16
 502 -4.38607e-15 3.42498e-15 2.20111e-16
 503 0 3.41817e-15 2.19779e-16
 504 -4.38607e-15 3.40268e-15 2.19888e-16
 505 0 3.39594e-15 2.19556e-16
 506 -4.38607e-15 3.38056e-15 2.1966e-16
 507 -4.38607e-15 3.36525e-15 2.19761e-16
 508 -4.38607e-15 3.34999e-15 2.19858e-16
 509 0 3.34341e-15 2.19525e-16
 510 -4.38607e-15 3.32825e-15 2.19617e-16
 511 8.77213e-15 3.3389e-15 2.19446e-16
 512 0 3.33238e-15 2.19114e-16
 513 -4.38607e-15 3.31734e-15 2.19203e-16
 514 0 3.31088e-15 2.18872e-16
 515 0 3.30445e-15 2.18541e-16
 516 0 3.29805e-15 2.18211e-16
 517 0 3.29167e-15 2.17882e-16
 518 8.77213e-15 3.30225e-15 2.17718e-16
 519 8.77213e-15 3.31279e-15 2.17554e-16
 520 8.77213e-15 3.32329e-15 2.17388e-16
 521 8.77213e-15 3.33375e-15 2.17223e-16
 522 0 3.32736e-15 2.169e-16
 523 0 3.321e-15 2.16579e-16
 524 0 3.31466e-15 2.16258e-16
 525 0 3.30835e-15 2.15938e-16
 526 0 3.30206e-15 2.15619e-16
 527 -4.38607e-15 3.28747e-15 2.15703e-16
 528 0 3.28124e-15 2.15384e-16
 529 -4.38607e-15 3.26675e-15 2.15465e-16
 530 8.77213e-15 3.27714e-15 2.15308e-16
 531 0 3.27096e-15 2.14991e-16
 532 0 3.26482e-15 2.14675e-16
 533 0 3.25869e-15 2.14359e-16
 534 0 3.25259e-15 2.14044e-16
 535 0 3.24651e-15 2.1373e-16
 536 8.77213e-15 3.25682e-15 2.1358e-16
 537 8.77213e-15 3.26709e-15 2.13429e-16
 538 0 3.26102e-15 2.13119e-16
 539 8.77213e-15 3.27124e-15 2.12969e-16
 540 0 3.26518e-15 2.1266e-16
 541 0 3.25915e-15 2.12352e-16
 542 0 3.25313e-15 2.12046e-16
 543 0 3.24714e-15 2.11739e-16
 544 0 3.24117e-15 2.11434e-16
 545 0 3.23523e-15 2.1113e-16
 546 8.77213e-15 3.24537e-15 2.10986e-16
 547 0 3.23943e-15 2.10684e-16
 548 0 3.23352e-15 2.10382e-16
 549 8.77213e-15 3.24361e-15 2.10241e-16
 550 0 3.23771e-15 2.09941e-16
 551 0 3.23184e-15 2.09642e-16
 552 8.77213e-15 3.24188e-15 2.09502e-16
 553 0 3.23601e-15 2.09205e-16
 554 8.77213e-15 3.24601e-15 2.09066e-16
 555 8.77213e-15 3.25596e-15 2.08927e-16
 556 8.77213e-15 3.26588e-15 2.08787e-16
 557 0 3.26002e-15 2.08494e-16
 558 0 3.25418e-15 2.08202e-16
 559 0 3.24836e-15 2.07911e-16
 560 0 3.24256e-15 2.0762e-16
 561 8.77213e-15 3.25241e-15 2.07484e-16
 562 0 3.24663e-15 2.07195e-16
 563 8.77213e-15 3.25644e-15 2.0706e-16
 564 0 3.25067e-15 2.06773e-16
 565 0 3.24491e-15 2.06487e-16
 566 0 3.23918e-15 2.06201e-16
 567 0 3.23347e-15 2.05916e-16
 568 0 3.22777e-15 2.05632e-16
 569 0 3.2221e-15 2.05349e-16
 570 8.77213e-15 3.23184e-15 2.0522e-16
 571 8.77213e-15 3.24154e-15 2.0509e-16
 572 8.77213e-15 3.25121e-15 2.04959e-16
 573 8.77213e-15 3.26085e-15 2.04828e-16
 574 8.77213e-15 3.27045e-15 2.04696e-16
 575 0 3.26476e-15 2.04419e-16
 576 0 3.25909e-15 2.04142e-16
 577 8.77213e-15 3.26865e-15 2.04012e-16
 578 8.77213e-15 3.27817e-15 2.03881e-16
 579 8.77213e-15 3.28766e-15 2.0375e-16
 580 8.77213e-15 3.29711e-15 2.03618e-16
 581 0 3.29144e-15 2.03346e-16
 582 8.77213e-15 3.30085e-15 2.03215e-16
 583 0 3.29519e-15 2.02945e-16
 584 8.77213e-15 3.30457e-15 2.02814e-16
 585 0 3.29892e-15 2.02546e-16
 586 8.77213e-15 3.30826e-15 2.02416e-16
 587 0 3.30263e-15 2.02149e-16
 588 8.77213e-15 3.31193e-15 2.02019e-16
 589 0 3.3063e-15 2.01754e-16
 590 0 3.3007e-15 2.0149e-16
 591 0 3.29512e-15 2.01226e-16
 592 0 3.28955e-15 2.00963e-16
 593 0 3.284e-15 2.00701e-16
 594 0 3.27847e-15 2.00439e-16
 595 0 3.27296e-15 2.00177e-16
 596 0 3.26747e-15 1.99917e-16
 597 0 3.262e-15 1.99657e-16
 598 0 3.25654e-15 1.99397e-16
 599 0 3.25111e-15 1.99138e-16
 600 0 3.24569e-15 1.9888e-16
 601 0 3.24029e-15 1.98622e-16
 602 8.77213e-15 3.24948e-15 1.98505e-16
 603 8.77213e-15 3.25864e-15 1.98387e-16
 604 0 3.25324e-15 1.98131e-16
 605 8.77213e-15 3.26236e-15 1.98014e-16
 606 0 3.25698e-15 1.9776e-16
 607 0 3.25161e-15 1.97507e-16
 608 0 3.24627e-15 1.97254e-16
 609 8.77213e-15 3.25534e-15 1.97139e-16
 610 8.77213e-15 3.26438e-15 1.97023e-16
 611 0 3.25904e-15 1.96773e-16
 612 8.77213e-15 3.26805e-15 1.96658e-16
 613 0 3.26272e-15 1.96409e-16
 614 8.77213e-15 3.27169e-15 1.96294e-16
 615 8.77213e-15 3.28063e-15 1.96179e-16
 616 8.77213e-15 3.28955e-15 1.96063e-16
 617 8.77213e-15 3.29844e-15 1.95946e-16
 618 0 3.2931e-15 1.95702e-16
 619 8.77213e-15 3.30195e-15 1.95586e-16
 620 8.77213e-15 3.31077e-15 1.95469e-16
 621 8.77213e-15 3.31957e-15 1.95352e-16
 622 8.77213e-15 3.32833e-15 1.95235e-16
 623 8.77213e-15 3.33707e-15 1.95117e-16
 624 0 3.33172e-15 1.94878e-16
 625 8.77213e-15 3.34043e-15 1.9476e-16
 626 8.77213e-15 3.3491e-15 1.94642e-16
 627 8.77213e-15 3.35775e-15 1.94524e-16
 628 0 3.35241e-15 1.94287e-16
 629 0 3.34708e-15 1.94052e-16
 630 0 3.34176e-15 1.93816e-16
 631 -4.38607e-15 3.32952e-15 1.93896e-16
 632 0 3.32425e-15 1.93661e-16
 633 -4.38607e-15 3.31207e-15 1.93738e-16
 634 8.77213e-15 3.32068e-15 1.93623e-16
 635 8.77213e-15 3.32927e-15 1.93509e-16
 636 0 3.32403e-15 1.93275e-16
 637 0 3.31881e-15 1.93042e-16
 638 0 3.31361e-15 1.92809e-16
 639 8.77213e-15 3.32215e-15 1.92697e-16
 640 0 3.31696e-15 1.92466e-16
 641 0 3.31179e-15 1.92235e-16
 642 8.77213e-15 3.32029e-15 1.92123e-16
 643 8.77213e-15 3.32877e-15 1.92012e-16
 644 8.77213e-15 3.33722e-15 1.919e-16
 645 8.77213e-15 3.34565e-15 1.91787e-16
 646 8.77213e-15 3.35405e-15 1.91674e-16
 647 8.77213e-15 3.36242e-15 1.91561e-16
 648 -4.38607e-15 3.35047e-15 1.91638e-16
 649 -4.38607e-15 3.33855e-15 1.91714e-16
 650 -4.38607e-15 3.32666e-15 1.91787e-16
 651 8.77213e-15 3.33503e-15 1.91675e-16
 652 8.77213e-15 3.34337e-15 1.91562e-16
 653 0 3.33825e-15 1.91337e-16
 654 8.77213e-15 3.34656e-15 1.91225e-16
 655 8.77213e-15 3.35484e-15 1.91112e-16
 656 8.77213e-15 3.3631e-15 1.91e-16
 657 8.77213e-15 3.37133e-15 1.90886e-16
 658 0 3.36621e-15 1.90665e-16
 659 0 3.3611e-15 1.90444e-16
 660 0 3.35601e-15 1.90223e-16
 661 8.77213e-15 3.3642e-15 1.90112e-16
 662 0 3.35912e-15 1.89892e-16
 663 0 3.35405e-15 1.89673e-16
 664 8.77213e-15 3.36221e-15 1.89563e-16
 665 8.77213e-15 3.37035e-15 1.89453e-16
 666 0 3.36529e-15 1.89236e-16
 667 0 3.36024e-15 1.89019e-16
 668 -2.19303e-15 3.35193e-15 1.88919e-16
 669 0 3.34692e-15 1.88703e-16
 670 -4.38607e-15 3.33537e-15 1.88774e-16
 671 -4.38607e-15 3.32387e-15 1.88844e-16
 672 0 3.31892e-15 1.88627e-16
 673 8.77213e-15 3.32702e-15 1.88521e-16
 674 8.77213e-15 3.3351e-15 1.88414e-16
 675 8.77213e-15 3.34316e-15 1.88307e-16
 676 0 3.33821e-15 1.88094e-16
 677 0 3.33328e-15 1.8788e-16
 678 0 3.32836e-15 1.87667e-16
 679 0 3.32346e-15 1.87455e-16
 680 0 3.31858e-15 1.87243e-16
 681 0 3.3137e-15 1.87031e-16
 682 0 3.30884e-15 1.8682e-16
 683 0 3.304e-15 1.86609e-16
 684 0 3.29917e-15 1.86399e-16
 685 8.77213e-15 3.30716e-15 1.86298e-16
 686 0 3.30234e-15 1.86088e-16
 687 0 3.29753e-15 1.8588e-16
 688 0 3.29274e-15 1.85671e-16
 689 0 3.28796e-15 1.85463e-16
 690 8.77213e-15 3.29591e-15 1.85364e-16
 691 8.77213e-15 3.30383e-15 1.85266e-16
 692 0 3.29906e-15 1.85059e-16
 693 0 3.2943e-15 1.84853e-16
 694 8.77213e-15 3.30219e-15 1.84755e-16
 695 8.77213e-15 3.31006e-15 1.84657e-16
 696 0 3.3053e-15 1.84453e-16
 697 0 3.30056e-15 1.84249e-16
 698 0 3.29583e-15 1.84046e-16
 699 0 3.29112e-15 1.83843e-16
 700 0 3.28642e-15 1.8364e-16
 701 0 3.28173e-15 1.83438e-16
 702 0 3.27705e-15 1.83236e-16
 703 0 3.27239e-15 1.83035e-16
 704 0 3.26774e-15 1.82834e-16
 705 0 3.26311e-15 1.82633e-16
 706 0 3.25849e-15 1.82433e-16
 707 8.77213e-15 3.26629e-15 1.82341e-16
 708 0 3.26167e-15 1.82142e-16
 709 0 3.25707e-15 1.81943e-16
 710 0 3.25248e-15 1.81744e-16
 711 0 3.24791e-15 1.81546e-16
 712 8.77213e-15 3.25567e-15 1.81457e-16
 713 8.77213e-15 3.26341e-15 1.81368e-16
 714 0 3.25883e-15 1.81171e-16
 715 0 3.25428e-15 1.80975e-16
 716 0 3.24973e-15 1.80779e-16
 717 0 3.2452e-15 1.80584e-16
 718 0 3.24068e-15 1.80389e-16
 719 0 3.23617e-15 1.80194e-16
 720 0 3.23168e-15 1.8e-16
 721 8.77213e-15 3.23936e-15 1.79914e-16
 722 0 3.23488e-15 1.79721e-16
 723 8.77213e-15 3.24253e-15 1.79635e-16
 724 8.77213e-15 3.25017e-15 1.79549e-16
 725 0 3.24569e-15 1.79358e-16
 726 8.77213e-15 3.2533e-15 1.79272e-16
 727 8.77213e-15 3.26089e-15 1.79186e-16
 728 0 3.25641e-15 1.78996e-16
 729 8.77213e-15 3.26398e-15 1.7891e-16
 730 8.77213e-15 3.27152e-15 1.78824e-16
 731 8.77213e-15 3.27905e-15 1.78738e-16
 732 8.77213e-15 3.28655e-15 1.78651e-16
 733 0 3.28207e-15 1.78464e-16
 734 0 3.2776e-15 1.78277e-16
 735 0 3.27314e-15 1.7809e-16
 736 8.77213e-15 3.28061e-15 1.78004e-16
 737 0 3.27616e-15 1.77818e-16
 738 0 3.27172e-15 1.77633e-16
 739 0 3.26729e-15 1.77448e-16
 740 8.77213e-15 3.27473e-15 1.77364e-16
 741 0 3.27031e-15 1.77179e-16
 742 8.77213e-15 3.27773e-15 1.77096e-16
 743 0 3.27332e-15 1.76912e-16
 744 0 3.26892e-15 1.76729e-16
 745 0 3.26453e-15 1.76546e-16
 746 8.77213e-15 3.27191e-15 1.76464e-16
 747 0 3.26753e-15 1.76282e-16
 748 0 3.26316e-15 1.761e-16
 749 8.77213e-15 3.27052e-15 1.76019e-16
 750 0 3.26616e-15 1.75838e-16
 751 -4.38607e-15 3.25597e-15 1.75899e-16
 752 -4.38607e-15 3.24581e-15 1.75959e-16
 753 0 3.2415e-15 1.75778e-16
 754 0 3.2372e-15 1.75597e-16
 755 8.77213e-15 3.24453e-15 1.75517e-16
 756 8.77213e-15 3.25184e-15 1.75437e-16
 757 8.77213e-15 3.25913e-15 1.75357e-16
 758 8.77213e-15 3.2664e-15 1.75277e-16
 759 0 3.2621e-15 1.75099e-16
 760 0 3.25781e-15 1.74921e-16
 761 8.77213e-15 3.26505e-15 1.74841e-16
 762 8.77213e-15 3.27228e-15 1.74761e-16
 763 0 3.26799e-15 1.74584e-16
 764 8.77213e-15 3.2752e-15 1.74504e-16
 765 8.77213e-15 3.28238e-15 1.74424e-16
 766 0 3.2781e-15 1.74249e-16
 767 0 3.27382e-15 1.74074e-16
 768 -4.38607e-15 3.26385e-15 1.74133e-16
 769 -4.38607e-15 3.2539e-15 1.74191e-16
 770 -4.38607e-15 3.24398e-15 1.74247e-16
 771 0 3.23977e-15 1.74072e-16
 772 -4.38607e-15 3.22989e-15 1.74127e-16
 773 -4.38607e-15 3.22004e-15 1.7418e-16
 774 0 3.21588e-15 1.74005e-16
 775 8.77213e-15 3.22305e-15 1.73928e-16
 776 0 3.2189e-15 1.73753e-16
 777 0 3.21476e-15 1.73579e-16
 778 8.77213e-15 3.2219e-15 1.73503e-16
 779 0 3.21776e-15 1.73329e-16
 780 0 3.21364e-15 1.73156e-16
 781 0 3.20952e-15 1.72983e-16
 782 0 3.20542e-15 1.72811e-16
 783 0 3.20132e-15 1.72638e-16
 784 0 3.19724e-15 1.72466e-16
 785 8.77213e-15 3.20434e-15 1.72393e-16
 786 0 3.20027e-15 1.72222e-16
 787 0 3.1962e-15 1.72051e-16
 788 8.77213e-15 3.20328e-15 1.71978e-16
 789 8.77213e-15 3.21033e-15 1.71905e-16
 790 8.77213e-15 3.21737e-15 1.71831e-16
 791 8.77213e-15 3.2244e-15 1.71758e-16
 792 8.77213e-15 3.2314e-15 1.71683e-16
 793 8.77213e-15 3.23839e-15 1.71609e-16
 794 0 3.23431e-15 1.71441e-16
 795 8.77213e-15 3.24128e-15 1.71367e-16
 796 8.77213e-15 3.24822e-15 1.71293e-16
 797 -4.38607e-15 3.23864e-15 1.71346e-16
 798 0 3.23459e-15 1.71179e-16
 799 8.77213e-15 3.24152e-15 1.71105e-16
 800 8.77213e-15 3.24843e-15 1.71031e-16
 801 8.77213e-15 3.25533e-15 1.70956e-16
 802 0 3.25127e-15 1.70791e-16
 803 0 3.24722e-15 1.70626e-16
 804 0 3.24318e-15 1.70462e-16
 805 8.77213e-15 3.25005e-15 1.70389e-16
 806 8.77213e-15 3.2569e-15 1.70315e-16
 807 8.77213e-15 3.26373e-15 1.70241e-16
 808 8.77213e-15 3.27055e-15 1.70167e-16
 809 8.77213e-15 3.27735e-15 1.70092e-16
 810 8.77213e-15 3.28413e-15 1.70017e-16
 811 0 3.28009e-15 1.69856e-16
 812 0 3.27605e-15 1.69695e-16
 813 -4.38607e-15 3.26662e-15 1.69748e-16
 814 0 3.26261e-15 1.69587e-16
 815 0 3.25861e-15 1.69426e-16
 816 0 3.25461e-15 1.69265e-16
 817 8.77213e-15 3.26137e-15 1.69193e-16
 818 0 3.25738e-15 1.69033e-16
 819 0 3.2534e-15 1.68873e-16
 820 0 3.24943e-15 1.68714e-16
 821 -4.38607e-15 3.24013e-15 1.68764e-16
 822 -4.38607e-15 3.23086e-15 1.68814e-16
 823 0 3.22693e-15 1.68654e-16
 824 0 3.22301e-15 1.68495e-16
 825 -4.38607e-15 3.21379e-15 1.68543e-16
 826 0 3.2099e-15 1.68384e-16
 827 0 3.20602e-15 1.68225e-16
 828 8.77213e-15 3.21274e-15 1.68156e-16
 829 8.77213e-15 3.21945e-15 1.68087e-16
 830 0 3.21557e-15 1.67929e-16
 831 0 3.2117e-15 1.67772e-16
 832 0 3.20784e-15 1.67615e-16
 833 0 3.20399e-15 1.67457e-16
 834 -4.38607e-15 3.19489e-15 1.67504e-16
 835 0 3.19106e-15 1.67347e-16
 836 0 3.18724e-15 1.6719e-16
 837 -4.38607e-15 3.17819e-15 1.67235e-16
 838 -4.38607e-15 3.16917e-15 1.67279e-16
 839 -4.38607e-15 3.16016e-15 1.67322e-16
 840 -4.38607e-15 3.15118e-15 1.67364e-16
 841 0 3.14743e-15 1.67207e-16
 842 0 3.14369e-15 1.6705e-16
 843 8.77213e-15 3.15037e-15 1.66986e-16
 844 8.77213e-15 3.15703e-15 1.66921e-16
 845 8.77213e-15 3.16368e-15 1.66855e-16
 846 8.77213e-15 3.17031e-15 1.6679e-16
 847 0 3.16656e-15 1.66635e-16
 848 0 3.16283e-15 1.6648e-16
 849 0 3.1591e-15 1.66326e-16
 850 -4.38607e-15 3.15023e-15 1.66367e-16
 851 0 3.14653e-15 1.66212e-16
 852 0 3.14283e-15 1.66058e-16
 853 -4.38607e-15 3.13401e-15 1.66098e-16
 854 -4.38607e-15 3.1252e-15 1.66137e-16
 855 0 3.12155e-15 1.65983e-16
 856 -4.38607e-15 3.11277e-15 1.66021e-16
 857 -4.38607e-15 3.10402e-15 1.66058e-16
 858 0 3.10041e-15 1.65903e-16
 859 0 3.0968e-15 1.65749e-16
 860 0 3.0932e-15 1.65596e-16
 861 0 3.0896e-15 1.65442e-16
 862 0 3.08602e-15 1.65289e-16
 863 0 3.08244e-15 1.65136e-16
 864 0 3.07888e-15 1.64984e-16
 865 8.77213e-15 3.08546e-15 1.64924e-16
 866 0 3.0819e-15 1.64772e-16
 867 8.77213e-15 3.08846e-15 1.64713e-16
 868 0 3.0849e-15 1.64561e-16
 869 8.77213e-15 3.09144e-15 1.64502e-16
 870 8.77213e-15 3.09797e-15 1.64443e-16
 871 0 3.09442e-15 1.64292e-16
 872 8.77213e-15 3.10093e-15 1.64233e-16
 873 0 3.09738e-15 1.64083e-16
 874 8.77213e-15 3.10387e-15 1.64024e-16
 875 8.77213e-15 3.11035e-15 1.63964e-16
 876 8.77213e-15 3.11681e-15 1.63904e-16
 877 8.77213e-15 3.12326e-15 1.63844e-16
 878 8.77213e-15 3.12969e-15 1.63784e-16
 879 8.77213e-15 3.13611e-15 1.63723e-16
 880 8.77213e-15 3.14252e-15 1.63663e-16
 881 -4.38607e-15 3.13397e-15 1.637e-16
 882 -4.38607e-15 3.12545e-15 1.63736e-16
 883 0 3.12191e-15 1.63589e-16
 884 8.77213e-15 3.1283e-15 1.63529e-16
 885 0 3.12476e-15 1.63382e-16
 886 8.77213e-15 3.13114e-15 1.63322e-16
 887 8.77213e-15 3.1375e-15 1.63262e-16
 888 8.77213e-15 3.14384e-15 1.63201e-16
 889 8.77213e-15 3.15017e-15 1.63141e-16
 890 8.77213e-15 3.15649e-15 1.6308e-16
 891 8.77213e-15 3.16279e-15 1.63018e-16
 892 8.77213e-15 3.16908e-15 1.62957e-16
 893 0 3.16553e-15 1.62813e-16
 894 -4.38607e-15 3.15708e-15 1.6285e-16
 895 0 3.15356e-15 1.62706e-16
 896 0 3.15004e-15 1.62562e-16
 897 0 3.14653e-15 1.62419e-16
 898 0 3.14302e-15 1.62276e-16
 899 0 3.13953e-15 1.62133e-16
 900 0 3.13604e-15 1.6199e-16
 901 0 3.13256e-15 1.61848e-16
 902 0 3.12908e-15 1.61706e-16
 903 0 3.12562e-15 1.61564e-16
 904 -4.38607e-15 3.11731e-15 1.61599e-16
 905 0 3.11386e-15 1.61457e-16
 906 0 3.11043e-15 1.61315e-16
 907 0 3.107e-15 1.61174e-16
 908 0 3.10358e-15 1.61032e-16
 909 0 3.10016e-15 1.60891e-16
 910 0 3.09676e-15 1.60751e-16
 911 0 3.09336e-15 1.6061e-16
 912 -4.38607e-15 3.08516e-15 1.60643e-16
 913 0 3.08178e-15 1.60503e-16
 914 0 3.0784e-15 1.60363e-16
 915 -4.38607e-15 3.07025e-15 1.60395e-16
 916 0 3.06689e-15 1.60255e-16
 917 -2.19303e-15 3.06116e-15 1.60182e-16
 918 0 3.05782e-15 1.60043e-16
 919 0 3.0545e-15 1.59903e-16
 920 8.77213e-15 3.06071e-15 1.5985e-16
 921 0 3.05739e-15 1.59711e-16
 922 0 3.05407e-15 1.59572e-16
 923 0 3.05076e-15 1.59433e-16
 924 -4.38607e-15 3.04271e-15 1.59464e-16
 925 0 3.03943e-15 1.59325e-16
 926 0 3.03614e-15 1.59187e-16
 927 0 3.03287e-15 1.59049e-16
 928 0 3.0296e-15 1.58911e-16
 929 -4.38607e-15 3.02162e-15 1.58941e-16
 930 -4.38607e-15 3.01365e-15 1.58969e-16
 931 -4.38607e-15 3.0057e-15 1.58997e-16
 932 -4.38607e-15 2.99777e-15 1.59024e-16
 933 8.77213e-15 3.00396e-15 1.58974e-16
 934 8.77213e-15 3.01014e-15 1.58924e-16
 935 8.77213e-15 3.0163e-15 1.58874e-16
 936 8.77213e-15 3.02245e-15 1.58823e-16
 937 8.77213e-15 3.02859e-15 1.58772e-16
 938 0 3.02536e-15 1.58635e-16
 939 0 3.02214e-15 1.58499e-16
 940 0 3.01892e-15 1.58363e-16
 941 0 3.01571e-15 1.58227e-16
 942 0 3.01251e-15 1.58092e-16
 943 0 3.00932e-15 1.57956e-16
 944 -4.38607e-15 3.00148e-15 1.57983e-16
 945 8.77213e-15 3.00759e-15 1.57934e-16
 946 8.77213e-15 3.01368e-15 1.57885e-16
 947 0 3.0105e-15 1.5775e-16
 948 0 3.00732e-15 1.57615e-16
 949 0 3.00415e-15 1.57481e-16
 950 0 3.00099e-15 1.57347e-16
 951 0 2.99784e-15 1.57213e-16
 952 0 2.99469e-15 1.57079e-16
 953 0 2.99155e-15 1.56946e-16
 954 0 2.98841e-15 1.56813e-16
 955 0 2.98528e-15 1.5668e-16
 956 0 2.98216e-15 1.56547e-16
 957 0 2.97904e-15 1.56414e-16
 958 0 2.97593e-15 1.56282e-16
 959 -4.38607e-15 2.96826e-15 1.56307e-16
 960 0 2.96516e-15 1.56175e-16
 961 0 2.96208e-15 1.56043e-16
 962 0 2.959e-15 1.55911e-16
 963 0 2.95593e-15 1.5578e-16
 964 0 2.95286e-15 1.55648e-16
 965 -4.38607e-15 2.94525e-15 1.55673e-16
 966 -4.38607e-15 2.93767e-15 1.55696e-16
 967 0 2.93463e-15 1.55565e-16
 968 0 2.9316e-15 1.55434e-16
 969 0 2.92857e-15 1.55303e-16
 970 -4.38607e-15 2.92103e-15 1.55326e-16
 971 -4.38607e-15 2.9135e-15 1.55348e-16
 972 -4.38607e-15 2.90599e-15 1.5537e-16
 973 -4.38607e-15 2.8985e-15 1.55391e-16
 974 0 2.89552e-15 1.5526e-16
 975 8.77213e-15 2.90155e-15 1.55217e-16
 976 8.77213e-15 2.90757e-15 1.55175e-16
 977 -4.38607e-15 2.9001e-15 1.55196e-16
 978 8.77213e-15 2.90611e-15 1.55153e-16
 979 8.77213e-15 2.9121e-15 1.5511e-16
 980 8.77213e-15 2.91808e-15 1.55067e-16
 981 8.77213e-15 2.92404e-15 1.55024e-16
 982 8.77213e-15 2.93e-15 1.54981e-16
 983 -4.38607e-15 2.92256e-15 1.55002e-16
 984 0 2.91959e-15 1.54873e-16
 985 8.77213e-15 2.92553e-15 1.54829e-16
 986 0 2.92256e-15 1.54701e-16
 987 0 2.9196e-15 1.54572e-16
 988 0 2.91665e-15 1.54444e-16
 989 0 2.9137e-15 1.54316e-16
 990 0 2.91075e-15 1.54188e-16
 991 8.77213e-15 2.91667e-15 1.54146e-16
 992 8.77213e-15 2.92257e-15 1.54103e-16
 993 8.77213e-15 2.92846e-15 1.54061e-16
 994 -4.38607e-15 2.9211e-15 1.54082e-16
 995 8.77213e-15 2.92698e-15 1.54039e-16
 996 0 2.92404e-15 1.53912e-16
 997 0 2.92111e-15 1.53786e-16
 998 8.77213e-15 2.92697e-15 1.53743e-16
 999 8.77213e-15 2.93283e-15 1.53701e-16
 1000 8.77213e-15 2.93866e-15 1.53658e-16
 1001 8.77213e-15 2.94449e-15 1.53615e-16
 1002 0 2.94155e-15 1.5349e-16
 1003 8.77213e-15 2.94737e-15 1.53447e-16
 1004 8.77213e-15 2.95317e-15 1.53404e-16
 1005 0 2.95023e-15 1.53279e-16
 1006 8.77213e-15 2.95602e-15 1.53236e-16
 1007 8.77213e-15 2.96179e-15 1.53193e-16
 1008 8.77213e-15 2.96756e-15 1.53149e-16
 1009 8.77213e-15 2.97331e-15 1.53105e-16
 1010 8.77213e-15 2.97905e-15 1.53061e-16
 1011 0 2.9761e-15 1.52938e-16
 1012 8.77213e-15 2.98183e-15 1.52895e-16
 1013 8.77213e-15 2.98755e-15 1.5285e-16
 1014 8.77213e-15 2.99325e-15 1.52806e-16
 1015 0 2.9903e-15 1.52684e-16
 1016 0 2.98736e-15 1.52562e-16
 1017 -4.38607e-15 2.98011e-15 1.52584e-16
 1018 -4.38607e-15 2.97287e-15 1.52606e-16
 1019 0 2.96996e-15 1.52484e-16
 1020 -4.38607e-15 2.96274e-15 1.52505e-16
 1021 8.77213e-15 2.96843e-15 1.52462e-16
 1022 8.77213e-15 2.97411e-15 1.52418e-16
 1023 0 2.97121e-15 1.52297e-16
 1024 0 2.9683e-15 1.52176e-16
 1025 0 2.96541e-15 1.52055e-16
 1026 -4.38607e-15 2.95824e-15 1.52076e-16
 1027 0 2.95536e-15 1.51955e-16
 1028 0 2.95249e-15 1.51834e-16
 1029 -4.38607e-15 2.94536e-15 1.51854e-16
 1030 0 2.9425e-15 1.51734e-16
 1031 0 2.93964e-15 1.51613e-16
 1032 0 2.93679e-15 1.51493e-16
 1033 0 2.93395e-15 1.51373e-16
 1034 0 2.93111e-15 1.51253e-16
 1035 8.77213e-15 2.93676e-15 1.51212e-16
 1036 0 2.93392e-15 1.51093e-16
 1037 8.77213e-15 2.93955e-15 1.51052e-16
 1038 0 2.93672e-15 1.50933e-16
 1039 0 2.93389e-15 1.50814e-16
 1040 0 2.93107e-15 1.50695e-16
 1041 8.77213e-15 2.93668e-15 1.50655e-16
 1042 8.77213e-15 2.94228e-15 1.50615e-16
 1043 8.77213e-15 2.94787e-15 1.50574e-16
 1044 0 2.94505e-15 1.50456e-16
 1045 -4.38607e-15 2.93803e-15 1.50476e-16
 1046 0 2.93523e-15 1.50358e-16
 1047 0 2.93242e-15 1.5024e-16
 1048 0 2.92962e-15 1.50123e-16
 1049 8.77213e-15 2.93519e-15 1.50083e-16
 1050 0 2.9324e-15 1.49966e-16
 1051 0 2.92961e-15 1.4985e-16
 1052 8.77213e-15 2.93516e-15 1.4981e-16
 1053 8.77213e-15 2.94071e-15 1.4977e-16
 1054 8.77213e-15 2.94624e-15 1.4973e-16
 1055 8.77213e-15 2.95176e-15 1.4969e-16
 1056 8.77213e-15 2.95727e-15 1.4965e-16
 1057 0 2.95447e-15 1.49535e-16
 1058 0 2.95168e-15 1.49419e-16
 1059 0 2.94889e-15 1.49304e-16
 1060 0 2.94611e-15 1.49189e-16
 1061 0 2.94334e-15 1.49074e-16
 1062 -4.38607e-15 2.93643e-15 1.49094e-16
 1063 -4.38607e-15 2.92955e-15 1.49113e-16
 1064 -4.38607e-15 2.92267e-15 1.49131e-16
 1065 0 2.91993e-15 1.49016e-16
 1066 0 2.91719e-15 1.48901e-16
 1067 0 2.91445e-15 1.48787e-16
 1068 0 2.91172e-15 1.48673e-16
 1069 8.77213e-15 2.91721e-15 1.48635e-16
 1070 -4.38607e-15 2.91038e-15 1.48652e-16
 1071 8.77213e-15 2.91585e-15 1.48614e-16
 1072 0 2.91313e-15 1.48501e-16
 1073 8.77213e-15 2.91859e-15 1.48463e-16
 1074 0 2.91588e-15 1.48349e-16
 1075 8.77213e-15 2.92132e-15 1.48311e-16
 1076 0 2.91861e-15 1.48198e-16
 1077 0 2.9159e-15 1.48085e-16
 1078 0 2.91319e-15 1.47973e-16
 1079 8.77213e-15 2.91862e-15 1.47935e-16
 1080 0 2.91592e-15 1.47823e-16
 1081 8.77213e-15 2.92134e-15 1.47785e-16
 1082 8.77213e-15 2.92675e-15 1.47748e-16
 1083 8.77213e-15 2.93214e-15 1.4771e-16
 1084 8.77213e-15 2.93753e-15 1.47672e-16
 1085 8.77213e-15 2.94291e-15 1.47634e-16
 1086 0 2.9402e-15 1.47522e-16
 1087 0 2.93749e-15 1.47411e-16
 1088 8.77213e-15 2.94286e-15 1.47374e-16
 1089 0 2.94015e-15 1.47263e-16
 1090 0 2.93746e-15 1.47152e-16
 1091 8.77213e-15 2.94281e-15 1.47115e-16
 1092 0 2.94011e-15 1.47005e-16
 1093 0 2.93742e-15 1.46895e-16
 1094 0 2.93474e-15 1.46785e-16
 1095 8.77213e-15 2.94007e-15 1.46748e-16
 1096 8.77213e-15 2.94539e-15 1.4671e-16
 1097 8.77213e-15 2.9507e-15 1.46673e-16
 1098 0 2.94801e-15 1.46564e-16
 1099 8.77213e-15 2.95331e-15 1.46526e-16
 1100 0 2.95063e-15 1.46418e-16
 1101 0 2.94795e-15 1.46309e-16
 1102 -4.38607e-15 2.94129e-15 1.46328e-16
 1103 -4.38607e-15 2.93465e-15 1.46346e-16
 1104 0 2.93199e-15 1.46237e-16
 1105 0 2.92934e-15 1.46129e-16
 1106 -4.38607e-15 2.92272e-15 1.46147e-16
 1107 0 2.92008e-15 1.46038e-16
 1108 0 2.91745e-15 1.4593e-16
 1109 0 2.91482e-15 1.45822e-16
 1110 0 2.91219e-15 1.45715e-16
 1111 0 2.90957e-15 1.45607e-16
 1112 -4.38607e-15 2.90301e-15 1.45624e-16
 1113 0 2.9004e-15 1.45516e-16
 1114 0 2.8978e-15 1.45409e-16
 1115 0 2.8952e-15 1.45302e-16
 1116 0 2.8926e-15 1.45195e-16
 1117 8.77213e-15 2.89787e-15 1.4516e-16
 1118 0 2.89527e-15 1.45053e-16
 1119 0 2.89269e-15 1.44947e-16
 1120 8.77213e-15 2.89794e-15 1.44912e-16
 1121 8.77213e-15 2.90318e-15 1.44878e-16
 1122 0 2.90059e-15 1.44772e-16
 1123 8.77213e-15 2.90582e-15 1.44737e-16
 1124 0 2.90323e-15 1.44632e-16
 1125 0 2.90065e-15 1.44526e-16
 1126 0 2.89808e-15 1.44421e-16
 1127 0 2.8955e-15 1.44315e-16
 1128 0 2.89294e-15 1.4421e-16
 1129 8.77213e-15 2.89814e-15 1.44176e-16
 1130 8.77213e-15 2.90334e-15 1.44143e-16
 1131 8.77213e-15 2.90853e-15 1.44108e-16
 1132 0 2.90596e-15 1.44004e-16
 1133 0 2.9034e-15 1.439e-16
 1134 0 2.90084e-15 1.43796e-16
 1135 8.77213e-15 2.90601e-15 1.43762e-16
 1136 8.77213e-15 2.91117e-15 1.43728e-16
 1137 0 2.90861e-15 1.43624e-16
 1138 0 2.90606e-15 1.43521e-16
 1139 8.77213e-15 2.91121e-15 1.43487e-16
 1140 0 2.90865e-15 1.43384e-16
 1141 8.77213e-15 2.91379e-15 1.43351e-16
 1142 0 2.91124e-15 1.43248e-16
 1143 0 2.90869e-15 1.43145e-16
 1144 -4.38607e-15 2.90232e-15 1.43162e-16
 1145 -4.38607e-15 2.89595e-15 1.43178e-16
 1146 0 2.89343e-15 1.43076e-16
 1147 -4.38607e-15 2.88708e-15 1.43092e-16
 1148 -4.38607e-15 2.88074e-15 1.43107e-16
 1149 0 2.87824e-15 1.43005e-16
 1150 0 2.87573e-15 1.42902e-16
 1151 0 2.87324e-15 1.428e-16
 1152 0 2.87074e-15 1.42698e-16
 1153 8.77213e-15 2.87586e-15 1.42666e-16
 1154 8.77213e-15 2.88097e-15 1.42634e-16
 1155 8.77213e-15 2.88607e-15 1.42601e-16
 1156 8.77213e-15 2.89116e-15 1.42569e-16
 1157 0 2.88866e-15 1.42467e-16
 1158 0 2.88617e-15 1.42366e-16
 1159 0 2.88368e-15 1.42265e-16
 1160 8.77213e-15 2.88875e-15 1.42233e-16
 1161 8.77213e-15 2.89382e-15 1.42201e-16
 1162 0 2.89133e-15 1.421e-16
 1163 0 2.88885e-15 1.42e-16
 1164 0 2.88636e-15 1.41899e-16
 1165 0 2.88389e-15 1.41799e-16
 1166 0 2.88141e-15 1.41699e-16
 1167 0 2.87894e-15 1.41599e-16
 1168 0 2.87648e-15 1.41499e-16
 1169 0 2.87402e-15 1.414e-16
 1170 8.77213e-15 2.87906e-15 1.41369e-16
 1171 0 2.8766e-15 1.41269e-16
 1172 8.77213e-15 2.88163e-15 1.41238e-16
 1173 8.77213e-15 2.88665e-15 1.41207e-16
 1174 0 2.88419e-15 1.41108e-16
 1175 0 2.88174e-15 1.4101e-16
 1176 0 2.87929e-15 1.40911e-16
 1177 -4.38607e-15 2.87312e-15 1.40926e-16
 1178 0 2.87068e-15 1.40828e-16
 1179 0 2.86824e-15 1.40729e-16
 1180 0 2.86581e-15 1.40631e-16
 1181 0 2.86338e-15 1.40533e-16
 1182 -4.38607e-15 2.85725e-15 1.40548e-16
 1183 0 2.85484e-15 1.4045e-16
 1184 0 2.85242e-15 1.40352e-16
 1185 8.77213e-15 2.85742e-15 1.40322e-16
 1186 8.77213e-15 2.86241e-15 1.40293e-16
 1187 0 2.86e-15 1.40195e-16
 1188 0 2.85759e-15 1.40098e-16
 1189 0 2.85519e-15 1.4e-16
 1190 0 2.85279e-15 1.39903e-16
 1191 0 2.85039e-15 1.39806e-16
 1192 0 2.848e-15 1.39709e-16
 1193 0 2.84561e-15 1.39613e-16
 1194 8.77213e-15 2.85058e-15 1.39584e-16
 1195 8.77213e-15 2.85553e-15 1.39555e-16
 1196 8.77213e-15 2.86048e-15 1.39526e-16
 1197 8.77213e-15 2.86542e-15 1.39497e-16
 1198 -4.38607e-15 2.85936e-15 1.39512e-16
 1199 0 2.85698e-15 1.39416e-16
 1200 8.77213e-15 2.86191e-15 1.39387e-16
 1201 8.77213e-15 2.86683e-15 1.39358e-16
 1202 0 2.86444e-15 1.39262e-16
 1203 8.77213e-15 2.86936e-15 1.39233e-16
 1204 8.77213e-15 2.87426e-15 1.39204e-16
 1205 8.77213e-15 2.87915e-15 1.39174e-16
 1206 8.77213e-15 2.88404e-15 1.39144e-16
 1207 8.77213e-15 2.88892e-15 1.39115e-16
 1208 0 2.88653e-15 1.3902e-16
 1209 8.77213e-15 2.89139e-15 1.3899e-16
 1210 0 2.889e-15 1.38896e-16
 1211 8.77213e-15 2.89386e-15 1.38866e-16
 1212 0 2.89147e-15 1.38772e-16
 1213 -4.38607e-15 2.88547e-15 1.38787e-16
 1214 -4.38607e-15 2.87949e-15 1.38802e-16
 1215 8.77213e-15 2.88433e-15 1.38773e-16
 1216 0 2.88196e-15 1.38679e-16
 1217 -4.38607e-15 2.87599e-15 1.38694e-16
 1218 0 2.87363e-15 1.386e-16
 1219 8.77213e-15 2.87847e-15 1.38571e-16
 1220 8.77213e-15 2.8833e-15 1.38541e-16
 1221 8.77213e-15 2.88812e-15 1.38512e-16
 1222 0 2.88576e-15 1.38418e-16
 1223 0 2.8834e-15 1.38325e-16
 1224 0 2.88104e-15 1.38232e-16
 1225 0 2.87869e-15 1.38139e-16
 1226 8.77213e-15 2.8835e-15 1.3811e-16
 1227 0 2.88115e-15 1.38018e-16
 1228 8.77213e-15 2.88595e-15 1.37989e-16
 1229 0 2.8836e-15 1.37896e-16
 1230 8.77213e-15 2.88839e-15 1.37867e-16
 1231 8.77213e-15 2.89316e-15 1.37838e-16
 1232 0 2.89082e-15 1.37746e-16
 1233 0 2.88847e-15 1.37655e-16
 1234 0 2.88613e-15 1.37563e-16
 1235 0 2.88379e-15 1.37471e-16
 1236 0 2.88146e-15 1.3738e-16
 1237 0 2.87913e-15 1.37289e-16
 1238 0 2.87681e-15 1.37197e-16
 1239 8.77213e-15 2.88156e-15 1.37169e-16
 1240 0 2.87924e-15 1.37078e-16
 1241 0 2.87692e-15 1.36987e-16
 1242 0 2.8746e-15 1.36897e-16
 1243 0 2.87229e-15 1.36806e-16
 1244 0 2.86998e-15 1.36715e-16
 1245 0 2.86768e-15 1.36625e-16
 1246 0 2.86538e-15 1.36535e-16
 1247 0 2.86308e-15 1.36444e-16
 1248 -4.38607e-15 2.85727e-15 1.36459e-16
 1249 8.77213e-15 2.862e-15 1.36432e-16
 1250 0 2.85972e-15 1.36342e-16
 1251 0 2.85743e-15 1.36252e-16
 1252 0 2.85515e-15 1.36162e-16
 1253 0 2.85287e-15 1.36073e-16
 1254 0 2.85059e-15 1.35983e-16
 1255 0 2.84832e-15 1.35894e-16
 1256 -4.38607e-15 2.84256e-15 1.35907e-16
 1257 0 2.8403e-15 1.35818e-16
 1258 0 2.83804e-15 1.35729e-16
 1259 0 2.83579e-15 1.3564e-16
 1260 0 2.83354e-15 1.35551e-16
 1261 8.77213e-15 2.83825e-15 1.35525e-16
 1262 0 2.836e-15 1.35436e-16
 1263 0 2.83375e-15 1.35348e-16
 1264 0 2.83151e-15 1.35259e-16
 1265 0 2.82927e-15 1.35171e-16
 1266 8.77213e-15 2.83397e-15 1.35145e-16
 1267 0 2.83173e-15 1.35057e-16
 1268 8.77213e-15 2.83642e-15 1.35032e-16
 1269 8.77213e-15 2.84109e-15 1.35007e-16
 1270 8.77213e-15 2.84576e-15 1.34981e-16
 1271 8.77213e-15 2.85043e-15 1.34955e-16
 1272 -4.38607e-15 2.84474e-15 1.34969e-16
 1273 -4.38607e-15 2.83906e-15 1.34983e-16
 1274 0 2.83683e-15 1.34895e-16
 1275 0 2.8346e-15 1.34808e-16
 1276 -4.38607e-15 2.82894e-15 1.34821e-16
 1277 0 2.82673e-15 1.34733e-16
 1278 0 2.82452e-15 1.34646e-16
 1279 8.77213e-15 2.82917e-15 1.34621e-16
 1280 8.77213e-15 2.83381e-15 1.34596e-16
 1281 8.77213e-15 2.83845e-15 1.34571e-16
 1282 0 2.83623e-15 1.34484e-16
 1283 -4.38607e-15 2.8306e-15 1.34497e-16
 1284 0 2.8284e-15 1.3441e-16
 1285 8.77213e-15 2.83302e-15 1.34385e-16
 1286 8.77213e-15 2.83764e-15 1.3436e-16
 1287 8.77213e-15 2.84225e-15 1.34335e-16
 1288 8.77213e-15 2.84686e-15 1.34309e-16
 1289 8.77213e-15 2.85145e-15 1.34284e-16
 1290 8.77213e-15 2.85604e-15 1.34258e-16
 1291 8.77213e-15 2.86063e-15 1.34232e-16
 1292 8.77213e-15 2.8652e-15 1.34206e-16
 1293 8.77213e-15 2.86977e-15 1.3418e-16
 1294 8.77213e-15 2.87433e-15 1.34154e-16
 1295 8.77213e-15 2.87889e-15 1.34128e-16
 1296 -4.38607e-15 2.87328e-15 1.34142e-16
 1297 8.77213e-15 2.87783e-15 1.34115e-16
 1298 8.77213e-15 2.88237e-15 1.34089e-16
 1299 0 2.88015e-15 1.34004e-16
 1300 8.77213e-15 2.88468e-15 1.33978e-16
 1301 8.77213e-15 2.88921e-15 1.33951e-16
 1302 8.77213e-15 2.89373e-15 1.33924e-16
 1303 0 2.8915e-15 1.3384e-16
 1304 8.77213e-15 2.89601e-15 1.33813e-16
 1305 8.77213e-15 2.90052e-15 1.33786e-16
 1306 8.77213e-15 2.90501e-15 1.3376e-16
 1307 8.77213e-15 2.9095e-15 1.33733e-16
 1308 8.77213e-15 2.91398e-15 1.33705e-16
 1309 8.77213e-15 2.91846e-15 1.33678e-16
 1310 0 2.91623e-15 1.33595e-16
 1311 0 2.91401e-15 1.33511e-16
 1312 0 2.91179e-15 1.33428e-16
 1313 0 2.90957e-15 1.33345e-16
 1314 8.77213e-15 2.91403e-15 1.33318e-16
 1315 0 2.91181e-15 1.33235e-16
 1316 8.77213e-15 2.91627e-15 1.33208e-16
 1317 0 2.91405e-15 1.33125e-16
 1318 0 2.91184e-15 1.33043e-16
 1319 0 2.90963e-15 1.3296e-16
 1320 0 2.90743e-15 1.32878e-16
 1321 -4.38607e-15 2.90191e-15 1.32892e-16
 1322 8.77213e-15 2.90635e-15 1.32865e-16
 1323 0 2.90415e-15 1.32783e-16
 1324 0 2.90196e-15 1.32701e-16
 1325 8.77213e-15 2.90639e-15 1.32675e-16
 1326 0 2.9042e-15 1.32593e-16
 1327 -4.38607e-15 2.8987e-15 1.32607e-16
 1328 0 2.89652e-15 1.32525e-16
 1329 0 2.89434e-15 1.32443e-16
 1330 0 2.89217e-15 1.32361e-16
 1331 8.77213e-15 2.89658e-15 1.32335e-16
 1332 8.77213e-15 2.90099e-15 1.3231e-16
 1333 8.77213e-15 2.9054e-15 1.32284e-16
 1334 8.77213e-15 2.9098e-15 1.32258e-16
 1335 -4.38607e-15 2.90433e-15 1.32271e-16
 1336 -4.38607e-15 2.89887e-15 1.32285e-16
 1337 0 2.89671e-15 1.32204e-16
 1338 0 2.89454e-15 1.32123e-16
 1339 -4.38607e-15 2.8891e-15 1.32136e-16
 1340 -4.38607e-15 2.88367e-15 1.32149e-16
 1341 0 2.88152e-15 1.32068e-16
 1342 0 2.87938e-15 1.31987e-16
 1343 8.77213e-15 2.88377e-15 1.31961e-16
 1344 8.77213e-15 2.88815e-15 1.31936e-16
 1345 0 2.886e-15 1.31855e-16
 1346 0 2.88385e-15 1.31775e-16
 1347 0 2.88171e-15 1.31694e-16
 1348 8.77213e-15 2.88608e-15 1.31669e-16
 1349 8.77213e-15 2.89045e-15 1.31644e-16
 1350 8.77213e-15 2.8948e-15 1.31618e-16
 1351 8.77213e-15 2.89915e-15 1.31593e-16
 1352 8.77213e-15 2.9035e-15 1.31567e-16
 1353 8.77213e-15 2.90784e-15 1.31541e-16
 1354 8.77213e-15 2.91217e-15 1.31516e-16
 1355 0 2.91002e-15 1.31436e-16
 1356 0 2.90787e-15 1.31357e-16
 1357 0 2.90573e-15 1.31277e-16
 1358 8.77213e-15 2.91005e-15 1.31252e-16
 1359 0 2.90791e-15 1.31173e-16
 1360 0 2.90577e-15 1.31093e-16
 1361 -4.38607e-15 2.90041e-15 1.31107e-16
 1362 -4.38607e-15 2.89506e-15 1.3112e-16
 1363 -4.38607e-15 2.88972e-15 1.31132e-16
 1364 8.77213e-15 2.89403e-15 1.31107e-16
 1365 0 2.89191e-15 1.31028e-16
 1366 8.77213e-15 2.89622e-15 1.31003e-16
 1367 8.77213e-15 2.90051e-15 1.30977e-16
 1368 8.77213e-15 2.90481e-15 1.30952e-16
 1369 8.77213e-15 2.90909e-15 1.30927e-16
 1370 0 2.90697e-15 1.30848e-16
 1371 0 2.90485e-15 1.3077e-16
 1372 8.77213e-15 2.90913e-15 1.30744e-16
 1373 8.77213e-15 2.9134e-15 1.30719e-16
 1374 8.77213e-15 2.91766e-15 1.30693e-16
 1375 8.77213e-15 2.92192e-15 1.30668e-16
 1376 8.77213e-15 2.92617e-15 1.30642e-16
 1377 8.77213e-15 2.93041e-15 1.30616e-16
 1378 8.77213e-15 2.93465e-15 1.3059e-16
 1379 0 2.93253e-15 1.30513e-16
 1380 8.77213e-15 2.93676e-15 1.30487e-16
 1381 8.77213e-15 2.94098e-15 1.30461e-16
 1382 8.77213e-15 2.9452e-15 1.30434e-16
 1383 8.77213e-15 2.94942e-15 1.30408e-16
 1384 8.77213e-15 2.95362e-15 1.30382e-16
 1385 0 2.95149e-15 1.30305e-16
 1386 -4.38607e-15 2.9462e-15 1.30319e-16
 1387 0 2.94407e-15 1.30242e-16
 1388 8.77213e-15 2.94827e-15 1.30216e-16
 1389 0 2.94615e-15 1.30139e-16
 1390 8.77213e-15 2.95034e-15 1.30113e-16
 1391 8.77213e-15 2.95452e-15 1.30087e-16
 1392 8.77213e-15 2.9587e-15 1.30061e-16
 1393 8.77213e-15 2.96288e-15 1.30034e-16
 1394 8.77213e-15 2.96704e-15 1.30008e-16
 1395 0 2.96492e-15 1.29932e-16
 1396 8.77213e-15 2.96908e-15 1.29905e-16
 1397 8.77213e-15 2.97323e-15 1.29879e-16
 1398 0 2.9711e-15 1.29803e-16
 1399 0 2.96898e-15 1.29728e-16
 1400 8.77213e-15 2.97313e-15 1.29701e-16
 1401 8.77213e-15 2.97727e-15 1.29675e-16
 1402 8.77213e-15 2.9814e-15 1.29648e-16
 1403 8.77213e-15 2.98553e-15 1.29622e-16
 1404 8.77213e-15 2.98965e-15 1.29595e-16
 1405 8.77213e-15 2.99376e-15 1.29568e-16
 1406 0 2.99163e-15 1.29493e-16
 1407 8.77213e-15 2.99574e-15 1.29466e-16
 1408 8.77213e-15 2.99985e-15 1.29439e-16
 1409 8.77213e-15 3.00394e-15 1.29412e-16
 1410 8.77213e-15 3.00803e-15 1.29385e-16
 1411 8.77213e-15 3.01212e-15 1.29358e-16
 1412 8.77213e-15 3.0162e-15 1.29331e-16
 1413 0 3.01406e-15 1.29257e-16
 1414 0 3.01193e-15 1.29183e-16
 1415 0 3.0098e-15 1.29109e-16
 1416 0 3.00768e-15 1.29035e-16
 1417 8.77213e-15 3.01174e-15 1.29008e-16
 1418 8.77213e-15 3.01581e-15 1.28981e-16
 1419 0 3.01368e-15 1.28908e-16
 1420 0 3.01156e-15 1.28835e-16
 1421 8.77213e-15 3.01561e-15 1.28808e-16
 1422 8.77213e-15 3.01966e-15 1.28781e-16
 1423 0 3.01754e-15 1.28708e-16
 1424 0 3.01542e-15 1.28635e-16
 1425 0 3.0133e-15 1.28562e-16
 1426 8.77213e-15 3.01734e-15 1.28535e-16
 1427 0 3.01523e-15 1.28463e-16
 1428 8.77213e-15 3.01926e-15 1.28436e-16
 1429 0 3.01715e-15 1.28363e-16
 1430 0 3.01504e-15 1.28291e-16
 1431 0 3.01293e-15 1.28218e-16
 1432 0 3.01083e-15 1.28146e-16
 1433 0 3.00873e-15 1.28074e-16
 1434 0 3.00663e-15 1.28002e-16
 1435 8.77213e-15 3.01064e-15 1.27976e-16
 1436 0 3.00855e-15 1.27904e-16
 1437 0 3.00645e-15 1.27832e-16
 1438 8.77213e-15 3.01046e-15 1.27806e-16
 1439 8.77213e-15 3.01447e-15 1.2778e-16
 1440 8.77213e-15 3.01847e-15 1.27754e-16
 1441 0 3.01637e-15 1.27682e-16
 1442 0 3.01428e-15 1.27611e-16
 1443 0 3.01219e-15 1.27539e-16
 1444 0 3.01011e-15 1.27468e-16
 1445 0 3.00802e-15 1.27397e-16
 1446 -4.38607e-15 3.00291e-15 1.27411e-16
 1447 -4.38607e-15 2.9978e-15 1.27426e-16
 1448 -4.38607e-15 2.9927e-15 1.2744e-16
 1449 -4.38607e-15 2.98761e-15 1.27453e-16
 1450 0 2.98555e-15 1.27382e-16
 1451 0 2.98349e-15 1.27311e-16
 1452 8.77213e-15 2.98748e-15 1.27286e-16
 1453 0 2.98542e-15 1.27215e-16
 1454 0 2.98337e-15 1.27144e-16
 1455 8.77213e-15 2.98735e-15 1.27119e-16
 1456 8.77213e-15 2.99132e-15 1.27093e-16
 1457 0 2.98927e-15 1.27023e-16
 1458 0 2.98722e-15 1.26952e-16
 1459 0 2.98517e-15 1.26882e-16
 1460 0 2.98313e-15 1.26811e-16
 1461 0 2.98108e-15 1.26741e-16
 1462 8.77213e-15 2.98505e-15 1.26716e-16
 1463 8.77213e-15 2.989e-15 1.26691e-16
 1464 0 2.98696e-15 1.26621e-16
 1465 8.77213e-15 2.99091e-15 1.26596e-16
 1466 0 2.98887e-15 1.26526e-16
 1467 0 2.98683e-15 1.26456e-16
 1468 8.77213e-15 2.99077e-15 1.26432e-16
 1469 0 2.98874e-15 1.26362e-16
 1470 -4.38607e-15 2.98372e-15 1.26375e-16
 1471 0 2.98169e-15 1.26306e-16
 1472 0 2.97966e-15 1.26236e-16
 1473 8.77213e-15 2.9836e-15 1.26212e-16
 1474 0 2.98157e-15 1.26142e-16
 1475 8.77213e-15 2.9855e-15 1.26118e-16
 1476 8.77213e-15 2.98942e-15 1.26093e-16
 1477 8.77213e-15 2.99333e-15 1.26069e-16
 1478 8.77213e-15 2.99724e-15 1.26044e-16
 1479 8.77213e-15 3.00115e-15 1.26019e-16
 1480 8.77213e-15 3.00505e-15 1.25995e-16
 1481 8.77213e-15 3.00894e-15 1.2597e-16
 1482 0 3.00691e-15 1.25901e-16
 1483 0 3.00488e-15 1.25832e-16
 1484 8.77213e-15 3.00877e-15 1.25808e-16
 1485 8.77213e-15 3.01265e-15 1.25783e-16
 1486 0 3.01062e-15 1.25714e-16
 1487 0 3.0086e-15 1.25646e-16
 1488 8.77213e-15 3.01247e-15 1.25621e-16
 1489 0 3.01045e-15 1.25553e-16
 1490 8.77213e-15 3.01432e-15 1.25529e-16
 1491 8.77213e-15 3.01818e-15 1.25504e-16
 1492 8.77213e-15 3.02203e-15 1.25479e-16
 1493 8.77213e-15 3.02589e-15 1.25454e-16
 1494 0 3.02386e-15 1.25386e-16
 1495 0 3.02184e-15 1.25319e-16
 1496 0 3.01982e-15 1.25251e-16
 1497 8.77213e-15 3.02366e-15 1.25227e-16
 1498 0 3.02164e-15 1.25159e-16
 1499 0 3.01963e-15 1.25092e-16
 1500 0 3.01761e-15 1.25025e-16
 1501 8.77213e-15 3.02145e-15 1.25e-16
 1502 8.77213e-15 3.02528e-15 1.24976e-16
 1503 8.77213e-15 3.0291e-15 1.24951e-16
 1504 8.77213e-15 3.03292e-15 1.24926e-16
 1505 0 3.0309e-15 1.2486e-16
 1506 0 3.02889e-15 1.24793e-16
 1507 0 3.02688e-15 1.24726e-16
 1508 0 3.02487e-15 1.2466e-16
 1509 8.77213e-15 3.02868e-15 1.24635e-16
 1510 0 3.02668e-15 1.24569e-16
 1511 8.77213e-15 3.03048e-15 1.24544e-16
 1512 8.77213e-15 3.03428e-15 1.2452e-16
 1513 8.77213e-15 3.03807e-15 1.24495e-16
 1514 8.77213e-15 3.04186e-15 1.24471e-16
 1515 -4.38607e-15 3.03695e-15 1.24485e-16
 1516 8.77213e-15 3.04074e-15 1.2446e-16
 1517 8.77213e-15 3.04451e-15 1.24436e-16
 1518 8.77213e-15 3.04829e-15 1.24411e-16
 1519 8.77213e-15 3.05206e-15 1.24386e-16
 1520 8.77213e-15 3.05582e-15 1.24361e-16
 1521 8.77213e-15 3.05958e-15 1.24336e-16
 1522 8.77213e-15 3.06333e-15 1.24311e-16
 1523 0 3.06132e-15 1.24246e-16
 1524 8.77213e-15 3.06507e-15 1.24221e-16
 1525 0 3.06306e-15 1.24156e-16
 1526 0 3.06105e-15 1.2409e-16
 1527 0 3.05904e-15 1.24025e-16
 1528 0 3.05704e-15 1.2396e-16
 1529 0 3.05504e-15 1.23895e-16
 1530 8.77213e-15 3.05878e-15 1.23871e-16
 1531 0 3.05678e-15 1.23806e-16
 1532 0 3.05479e-15 1.23741e-16
 1533 0 3.05279e-15 1.23676e-16
 1534 0 3.0508e-15 1.23612e-16
 1535 0 3.04882e-15 1.23547e-16
 1536 8.77213e-15 3.05254e-15 1.23523e-16
 1537 8.77213e-15 3.05626e-15 1.23499e-16
 1538 8.77213e-15 3.05998e-15 1.23474e-16
 1539 8.77213e-15 3.06369e-15 1.2345e-16
 1540 8.77213e-15 3.0674e-15 1.23425e-16
 1541 8.77213e-15 3.0711e-15 1.23401e-16
 1542 8.77213e-15 3.0748e-15 1.23376e-16
 1543 0 3.0728e-15 1.23312e-16
 1544 8.77213e-15 3.0765e-15 1.23288e-16
 1545 8.77213e-15 3.08018e-15 1.23263e-16
 1546 0 3.07819e-15 1.23199e-16
 1547 0 3.0762e-15 1.23136e-16
 1548 0 3.07421e-15 1.23072e-16
 1549 0 3.07223e-15 1.23009e-16
 1550 0 3.07025e-15 1.22945e-16
 1551 0 3.06827e-15 1.22882e-16
 1552 0 3.06629e-15 1.22819e-16
 1553 0 3.06432e-15 1.22755e-16
 1554 0 3.06234e-15 1.22692e-16
 1555 8.77213e-15 3.06602e-15 1.22668e-16
 1556 0 3.06405e-15 1.22605e-16
 1557 8.77213e-15 3.06771e-15 1.22581e-16
 1558 8.77213e-15 3.07137e-15 1.22557e-16
 1559 8.77213e-15 3.07503e-15 1.22533e-16
 1560 8.77213e-15 3.07868e-15 1.22509e-16
 1561 8.77213e-15 3.08233e-15 1.22485e-16
 1562 0 3.08036e-15 1.22422e-16
 1563 0 3.07838e-15 1.2236e-16
 1564 -4.38607e-15 3.07361e-15 1.22375e-16
 1565 -4.38607e-15 3.06885e-15 1.22389e-16
 1566 -4.38607e-15 3.06408e-15 1.22404e-16
 1567 0 3.06213e-15 1.22341e-16
 1568 -4.38607e-15 3.05738e-15 1.22356e-16
 1569 -4.38607e-15 3.05264e-15 1.2237e-16
 1570 0 3.05069e-15 1.22307e-16
 1571 0 3.04875e-15 1.22245e-16
 1572 0 3.04681e-15 1.22182e-16
 1573 8.77213e-15 3.05045e-15 1.22159e-16
 1574 -4.38607e-15 3.04572e-15 1.22172e-16
 1575 0 3.04379e-15 1.2211e-16
 1576 -4.38607e-15 3.03908e-15 1.22124e-16
 1577 8.77213e-15 3.04271e-15 1.221e-16
 1578 8.77213e-15 3.04634e-15 1.22077e-16
 1579 0 3.04441e-15 1.22015e-16
 1580 8.77213e-15 3.04804e-15 1.21992e-16
 1581 0 3.04611e-15 1.2193e-16
 1582 0 3.04419e-15 1.21868e-16
 1583 0 3.04226e-15 1.21806e-16
 1584 0 3.04034e-15 1.21744e-16
 1585 0 3.03842e-15 1.21682e-16
 1586 0 3.03651e-15 1.21621e-16
 1587 8.77213e-15 3.04012e-15 1.21598e-16
 1588 8.77213e-15 3.04373e-15 1.21575e-16
 1589 8.77213e-15 3.04734e-15 1.21552e-16
 1590 0 3.04542e-15 1.2149e-16
 1591 8.77213e-15 3.04902e-15 1.21467e-16
 1592 0 3.0471e-15 1.21406e-16
 1593 8.77213e-15 3.0507e-15 1.21383e-16
 1594 0 3.04878e-15 1.21322e-16
 1595 0 3.04687e-15 1.21261e-16
 1596 8.77213e-15 3.05046e-15 1.21238e-16
 1597 8.77213e-15 3.05404e-15 1.21215e-16
 1598 -4.38607e-15 3.04939e-15 1.21229e-16
 1599 -4.38607e-15 3.04474e-15 1.21242e-16
 1600 -4.38607e-15 3.04009e-15 1.21255e-16
 1601 -4.38607e-15 3.03545e-15 1.21268e-16
 1602 -4.38607e-15 3.03082e-15 1.21281e-16
 1603 0 3.02893e-15 1.2122e-16
 1604 -4.38607e-15 3.02431e-15 1.21233e-16
 1605 -4.38607e-15 3.01969e-15 1.21245e-16
 1606 -4.38607e-15 3.01508e-15 1.21257e-16
 1607 -4.38607e-15 3.01047e-15 1.21269e-16
 1608 -4.38607e-15 3.00587e-15 1.21281e-16
 1609 0 3.00401e-15 1.2122e-16
 1610 -4.38607e-15 2.99942e-15 1.21232e-16
 1611 0 2.99755e-15 1.21171e-16
 1612 0 2.99569e-15 1.2111e-16
 1613 8.77213e-15 2.99928e-15 1.21088e-16
 1614 8.77213e-15 3.00285e-15 1.21065e-16
 1615 8.77213e-15 3.00642e-15 1.21043e-16
 1616 0 3.00456e-15 1.20983e-16
 1617 8.77213e-15 3.00813e-15 1.2096e-16
 1618 0 3.00627e-15 1.209e-16
 1619 8.77213e-15 3.00983e-15 1.20878e-16
 1620 8.77213e-15 3.01339e-15 1.20855e-16
 1621 -4.38607e-15 3.00883e-15 1.20867e-16
 1622 0 3.00697e-15 1.20807e-16
 1623 0 3.00512e-15 1.20746e-16
 1624 0 3.00327e-15 1.20686e-16
 1625 8.77213e-15 3.00682e-15 1.20664e-16
 1626 -4.38607e-15 3.00227e-15 1.20676e-16
 1627 -4.38607e-15 2.99773e-15 1.20687e-16
 1628 0 2.99589e-15 1.20627e-16
 1629 0 2.99405e-15 1.20567e-16
 1630 -4.38607e-15 2.98952e-15 1.20578e-16
 1631 8.77213e-15 2.99307e-15 1.20556e-16
 1632 0 2.99123e-15 1.20496e-16
 1633 0 2.9894e-15 1.20436e-16
 1634 0 2.98757e-15 1.20376e-16
 1635 0 2.98574e-15 1.20317e-16
 1636 0 2.98392e-15 1.20257e-16
 1637 8.77213e-15 2.98746e-15 1.20235e-16
 1638 0 2.98563e-15 1.20176e-16
 1639 8.77213e-15 2.98916e-15 1.20154e-16
 1640 0 2.98734e-15 1.20095e-16
 1641 0 2.98552e-15 1.20035e-16
 1642 0 2.9837e-15 1.19976e-16
 1643 0 2.98188e-15 1.19917e-16
 1644 8.77213e-15 2.98541e-15 1.19896e-16
 1645 8.77213e-15 2.98892e-15 1.19874e-16
 1646 0 2.98711e-15 1.19815e-16
 1647 8.77213e-15 2.99062e-15 1.19794e-16
 1648 8.77213e-15 2.99413e-15 1.19773e-16
 1649 0 2.99231e-15 1.19714e-16
 1650 0 2.9905e-15 1.19655e-16
 1651 0 2.98869e-15 1.19596e-16
 1652 0 2.98688e-15 1.19537e-16
 1653 0 2.98507e-15 1.19479e-16
 1654 0 2.98327e-15 1.1942e-16
 1655 8.77213e-15 2.98677e-15 1.19399e-16
 1656 8.77213e-15 2.99026e-15 1.19378e-16
 1657 0 2.98845e-15 1.1932e-16
 1658 0 2.98665e-15 1.19261e-16
 1659 0 2.98485e-15 1.19203e-16
 1660 8.77213e-15 2.98834e-15 1.19182e-16
 1661 8.77213e-15 2.99182e-15 1.19161e-16
 1662 8.77213e-15 2.9953e-15 1.1914e-16
 1663 0 2.9935e-15 1.19082e-16
 1664 8.77213e-15 2.99697e-15 1.19061e-16
 1665 8.77213e-15 3.00044e-15 1.1904e-16
 1666 8.77213e-15 3.0039e-15 1.19019e-16
 1667 8.77213e-15 3.00736e-15 1.18998e-16
 1668 8.77213e-15 3.01082e-15 1.18977e-16
 1669 0 3.00901e-15 1.1892e-16
 1670 0 3.00721e-15 1.18862e-16
 1671 8.77213e-15 3.01066e-15 1.18841e-16
 1672 8.77213e-15 3.01411e-15 1.1882e-16
 1673 8.77213e-15 3.01755e-15 1.18799e-16
 1674 8.77213e-15 3.02099e-15 1.18777e-16
 1675 8.77213e-15 3.02442e-15 1.18756e-16
 1676 0 3.02262e-15 1.18699e-16
 1677 8.77213e-15 3.02605e-15 1.18678e-16
 1678 0 3.02424e-15 1.18621e-16
 1679 8.77213e-15 3.02767e-15 1.18599e-16
 1680 8.77213e-15 3.03109e-15 1.18578e-16
 1681 8.77213e-15 3.0345e-15 1.18557e-16
 1682 0 3.0327e-15 1.185e-16
 1683 0 3.03089e-15 1.18443e-16
 1684 0 3.02909e-15 1.18387e-16
 1685 8.77213e-15 3.0325e-15 1.18365e-16
 1686 0 3.0307e-15 1.18309e-16
 1687 0 3.02891e-15 1.18252e-16
 1688 0 3.02711e-15 1.18196e-16
 1689 0 3.02532e-15 1.18139e-16
 1690 -4.38607e-15 3.02094e-15 1.18151e-16
 1691 -4.38607e-15 3.01656e-15 1.18162e-16
 1692 -4.38607e-15 3.01218e-15 1.18173e-16
 1693 -4.38607e-15 3.00781e-15 1.18184e-16
 1694 0 3.00603e-15 1.18128e-16
 1695 0 3.00426e-15 1.18072e-16
 1696 8.77213e-15 3.00766e-15 1.18051e-16
 1697 8.77213e-15 3.01106e-15 1.1803e-16
 1698 0 3.00929e-15 1.17974e-16
 1699 0 3.00751e-15 1.17918e-16
 1700 0 3.00575e-15 1.17862e-16
 1701 8.77213e-15 3.00914e-15 1.17841e-16
 1702 8.77213e-15 3.01252e-15 1.17821e-16
 1703 8.77213e-15 3.0159e-15 1.178e-16
 1704 8.77213e-15 3.01928e-15 1.17779e-16
 1705 0 3.01751e-15 1.17724e-16
 1706 0 3.01574e-15 1.17668e-16
 1707 8.77213e-15 3.01911e-15 1.17647e-16
 1708 0 3.01735e-15 1.17592e-16
 1709 8.77213e-15 3.02071e-15 1.17571e-16
 1710 8.77213e-15 3.02408e-15 1.1755e-16
 1711 0 3.02231e-15 1.17495e-16
 1712 0 3.02054e-15 1.17439e-16
 1713 0 3.01878e-15 1.17384e-16
 1714 0 3.01702e-15 1.17329e-16
 1715 8.77213e-15 3.02038e-15 1.17308e-16
 1716 8.77213e-15 3.02373e-15 1.17288e-16
 1717 0 3.02197e-15 1.17233e-16
 1718 -4.38607e-15 3.01765e-15 1.17244e-16
 1719 0 3.0159e-15 1.17189e-16
 1720 0 3.01415e-15 1.17134e-16
 1721 8.77213e-15 3.01749e-15 1.17114e-16
 1722 0 3.01574e-15 1.17059e-16
 1723 8.77213e-15 3.01908e-15 1.17038e-16
 1724 8.77213e-15 3.02242e-15 1.17018e-16
 1725 8.77213e-15 3.02575e-15 1.16998e-16
 1726 8.77213e-15 3.02908e-15 1.16977e-16
 1727 0 3.02733e-15 1.16923e-16
 1728 0 3.02557e-15 1.16868e-16
 1729 0 3.02382e-15 1.16814e-16
 1730 8.77213e-15 3.02715e-15 1.16793e-16
 1731 0 3.0254e-15 1.16739e-16
 1732 0 3.02365e-15 1.16685e-16
 1733 8.77213e-15 3.02697e-15 1.16664e-16
 1734 0 3.02522e-15 1.1661e-16
 1735 0 3.02348e-15 1.16556e-16
 1736 -4.38607e-15 3.01921e-15 1.16567e-16
 1737 0 3.01747e-15 1.16513e-16
 1738 -4.38607e-15 3.01321e-15 1.16524e-16
 1739 -4.38607e-15 3.00896e-15 1.16534e-16
 1740 -4.38607e-15 3.00471e-15 1.16545e-16
 1741 0 3.00298e-15 1.16491e-16
 1742 -4.38607e-15 2.99874e-15 1.16501e-16
 1743 0 2.99702e-15 1.16447e-16
 1744 -4.38607e-15 2.99279e-15 1.16457e-16
 1745 -4.38607e-15 2.98856e-15 1.16467e-16
 1746 -4.38607e-15 2.98433e-15 1.16477e-16
 1747 -4.38607e-15 2.98011e-15 1.16487e-16
 1748 0 2.97841e-15 1.16433e-16
 1749 -4.38607e-15 2.9742e-15 1.16442e-16
 1750 0 2.9725e-15 1.16388e-16
 1751 8.77213e-15 2.97581e-15 1.16369e-16
 1752 8.77213e-15 2.97912e-15 1.16349e-16
 1753 8.77213e-15 2.98242e-15 1.1633e-16
 1754 8.77213e-15 2.98573e-15 1.1631e-16
 1755 0 2.98402e-15 1.16256e-16
 1756 0 2.98233e-15 1.16203e-16
 1757 0 2.98063e-15 1.16149e-16
 1758 0 2.97893e-15 1.16095e-16
 1759 -4.38607e-15 2.97475e-15 1.16105e-16
 1760 -4.38607e-15 2.97056e-15 1.16114e-16
 1761 -4.38607e-15 2.96639e-15 1.16123e-16
 1762 -4.38607e-15 2.96221e-15 1.16132e-16
 1763 0 2.96053e-15 1.16079e-16
 1764 0 2.95885e-15 1.16025e-16
 1765 8.77213e-15 2.96215e-15 1.16006e-16
 1766 0 2.96047e-15 1.15952e-16
 1767 0 2.9588e-15 1.15899e-16
 1768 8.77213e-15 2.96208e-15 1.1588e-16
 1769 0 2.96041e-15 1.15827e-16
 1770 0 2.95874e-15 1.15773e-16
 1771 0 2.95707e-15 1.1572e-16
 1772 0 2.9554e-15 1.15667e-16
 1773 0 2.95373e-15 1.15613e-16
 1774 0 2.95206e-15 1.1556e-16
 1775 0 2.9504e-15 1.15507e-16
 1776 0 2.94874e-15 1.15454e-16
 1777 0 2.94708e-15 1.15401e-16
 1778 0 2.94542e-15 1.15348e-16
 1779 0 2.94377e-15 1.15295e-16
 1780 0 2.94211e-15 1.15242e-16
 1781 0 2.94046e-15 1.15189e-16
 1782 0 2.93881e-15 1.15136e-16
 1783 0 2.93716e-15 1.15083e-16
 1784 0 2.93552e-15 1.15031e-16
 1785 0 2.93387e-15 1.14978e-16
 1786 0 2.93223e-15 1.14925e-16
 1787 0 2.93059e-15 1.14873e-16
 1788 0 2.92895e-15 1.1482e-16
 1789 8.77213e-15 2.93222e-15 1.14802e-16
 1790 8.77213e-15 2.93548e-15 1.14785e-16
 1791 8.77213e-15 2.93874e-15 1.14767e-16
 1792 8.77213e-15 2.94199e-15 1.14749e-16
 1793 0 2.94035e-15 1.14697e-16
 1794 0 2.93871e-15 1.14644e-16
 1795 8.77213e-15 2.94196e-15 1.14627e-16
 1796 8.77213e-15 2.94521e-15 1.14609e-16
 1797 -4.38607e-15 2.94113e-15 1.14618e-16
 1798 8.77213e-15 2.94437e-15 1.146e-16
 1799 8.77213e-15 2.94761e-15 1.14582e-16
 1800 0 2.94597e-15 1.1453e-16
 1801 8.77213e-15 2.94921e-15 1.14512e-16
 1802 0 2.94757e-15 1.1446e-16
 1803 0 2.94594e-15 1.14408e-16
 1804 0 2.94431e-15 1.14356e-16
 1805 0 2.94267e-15 1.14305e-16
 1806 0 2.94104e-15 1.14253e-16
 1807 0 2.93942e-15 1.14201e-16
 1808 8.77213e-15 2.94264e-15 1.14184e-16
 1809 8.77213e-15 2.94587e-15 1.14166e-16
 1810 -4.38607e-15 2.94181e-15 1.14175e-16
 1811 -4.38607e-15 2.93777e-15 1.14184e-16
 1812 -4.38607e-15 2.93373e-15 1.14192e-16
 1813 -4.38607e-15 2.92969e-15 1.142e-16
 1814 -2.19303e-15 2.92687e-15 1.14172e-16
 1815 0 2.92525e-15 1.14121e-16
 1816 0 2.92364e-15 1.14069e-16
 1817 0 2.92203e-15 1.14018e-16
 1818 0 2.92043e-15 1.13967e-16
 1819 0 2.91882e-15 1.13915e-16
 1820 0 2.91722e-15 1.13864e-16
 1821 0 2.91561e-15 1.13813e-16
 1822 0 2.91401e-15 1.13761e-16
 1823 0 2.91242e-15 1.1371e-16
 1824 0 2.91082e-15 1.13659e-16
 1825 0 2.90922e-15 1.13608e-16
 1826 0 2.90763e-15 1.13557e-16
 1827 8.77213e-15 2.91084e-15 1.1354e-16
 1828 8.77213e-15 2.91405e-15 1.13523e-16
 1829 8.77213e-15 2.91725e-15 1.13506e-16
 1830 8.77213e-15 2.92045e-15 1.13489e-16
 1831 8.77213e-15 2.92364e-15 1.13472e-16
 1832 0 2.92205e-15 1.13422e-16
 1833 8.77213e-15 2.92524e-15 1.13405e-16
 1834 8.77213e-15 2.92843e-15 1.13388e-16
 1835 8.77213e-15 2.93161e-15 1.13371e-16
 1836 0 2.93002e-15 1.1332e-16
 1837 0 2.92842e-15 1.1327e-16
 1838 0 2.92683e-15 1.13219e-16
 1839 0 2.92524e-15 1.13169e-16
 1840 8.77213e-15 2.92841e-15 1.13152e-16
 1841 0 2.92682e-15 1.13102e-16
 1842 0 2.92523e-15 1.13051e-16
 1843 8.77213e-15 2.92841e-15 1.13035e-16
 1844 8.77213e-15 2.93158e-15 1.13018e-16
 1845 8.77213e-15 2.93474e-15 1.13001e-16
 1846 0 2.93315e-15 1.12951e-16
 1847 8.77213e-15 2.93631e-15 1.12934e-16
 1848 8.77213e-15 2.93947e-15 1.12917e-16
 1849 0 2.93788e-15 1.12867e-16
 1850 0 2.93629e-15 1.12817e-16
 1851 0 2.93471e-15 1.12767e-16
 1852 8.77213e-15 2.93786e-15 1.1275e-16
 1853 0 2.93627e-15 1.12701e-16
 1854 0 2.93469e-15 1.12651e-16
 1855 -4.38607e-15 2.93074e-15 1.1266e-16
 1856 -4.38607e-15 2.9268e-15 1.12668e-16
 1857 -4.38607e-15 2.92286e-15 1.12676e-16
 1858 0 2.92129e-15 1.12626e-16
 1859 -4.38607e-15 2.91736e-15 1.12634e-16
 1860 0 2.91579e-15 1.12585e-16
 1861 8.77213e-15 2.91894e-15 1.12568e-16
 1862 8.77213e-15 2.92208e-15 1.12552e-16
 1863 0 2.92051e-15 1.12502e-16
 1864 8.77213e-15 2.92365e-15 1.12485e-16
 1865 8.77213e-15 2.92679e-15 1.12469e-16
 1866 0 2.92522e-15 1.1242e-16
 1867 0 2.92365e-15 1.1237e-16
 1868 8.77213e-15 2.92678e-15 1.12354e-16
 1869 0 2.92522e-15 1.12304e-16
 1870 0 2.92365e-15 1.12255e-16
 1871 -4.38607e-15 2.91975e-15 1.12263e-16
 1872 -4.38607e-15 2.91584e-15 1.12271e-16
 1873 0 2.91429e-15 1.12222e-16
 1874 0 2.91273e-15 1.12173e-16
 1875 0 2.91118e-15 1.12124e-16
 1876 0 2.90963e-15 1.12075e-16
 1877 8.77213e-15 2.91275e-15 1.12059e-16
 1878 8.77213e-15 2.91587e-15 1.12042e-16
 1879 0 2.91432e-15 1.11993e-16
 1880 0 2.91277e-15 1.11945e-16
 1881 8.77213e-15 2.91588e-15 1.11928e-16
 1882 8.77213e-15 2.91899e-15 1.11912e-16
 1883 8.77213e-15 2.9221e-15 1.11896e-16
 1884 0 2.92055e-15 1.11847e-16
 1885 0 2.919e-15 1.11799e-16
 1886 0 2.91746e-15 1.1175e-16
 1887 0 2.91591e-15 1.11702e-16
 1888 8.77213e-15 2.91901e-15 1.11685e-16
 1889 8.77213e-15 2.92211e-15 1.11669e-16
 1890 8.77213e-15 2.9252e-15 1.11653e-16
 1891 0 2.92366e-15 1.11605e-16
 1892 0 2.92211e-15 1.11556e-16
 1893 8.77213e-15 2.9252e-15 1.1154e-16
 1894 8.77213e-15 2.92829e-15 1.11524e-16
 1895 8.77213e-15 2.93137e-15 1.11508e-16
 1896 0 2.92983e-15 1.1146e-16
 1897 0 2.92828e-15 1.11412e-16
 1898 0 2.92674e-15 1.11364e-16
 1899 8.77213e-15 2.92982e-15 1.11348e-16
 1900 8.77213e-15 2.93289e-15 1.11332e-16
 1901 8.77213e-15 2.93596e-15 1.11315e-16
 1902 8.77213e-15 2.93903e-15 1.11299e-16
 1903 8.77213e-15 2.9421e-15 1.11283e-16
 1904 0 2.94055e-15 1.11235e-16
 1905 0 2.93901e-15 1.11187e-16
 1906 8.77213e-15 2.94207e-15 1.11171e-16
 1907 0 2.94053e-15 1.11124e-16
 1908 8.77213e-15 2.94358e-15 1.11107e-16
 1909 0 2.94204e-15 1.1106e-16
 1910 0 2.9405e-15 1.11012e-16
 1911 0 2.93896e-15 1.10965e-16
 1912 0 2.93743e-15 1.10918e-16
 1913 0 2.93589e-15 1.1087e-16
 1914 0 2.93436e-15 1.10823e-16
 1915 0 2.93282e-15 1.10776e-16
 1916 0 2.93129e-15 1.10728e-16
 1917 0 2.92976e-15 1.10681e-16
 1918 0 2.92824e-15 1.10634e-16
 1919 0 2.92671e-15 1.10587e-16
 1920 0 2.92519e-15 1.1054e-16
 1921 0 2.92366e-15 1.10493e-16
 1922 0 2.92214e-15 1.10446e-16
 1923 8.77213e-15 2.92518e-15 1.1043e-16
 1924 8.77213e-15 2.92822e-15 1.10414e-16
 1925 8.77213e-15 2.93126e-15 1.10399e-16
 1926 8.77213e-15 2.93429e-15 1.10383e-16
 1927 8.77213e-15 2.93732e-15 1.10367e-16
 1928 8.77213e-15 2.94035e-15 1.10352e-16
 1929 8.77213e-15 2.94337e-15 1.10336e-16
 1930 8.77213e-15 2.94639e-15 1.1032e-16
 1931 0 2.94487e-15 1.10273e-16
 1932 0 2.94334e-15 1.10227e-16
 1933 0 2.94182e-15 1.1018e-16
 1934 0 2.9403e-15 1.10134e-16
 1935 0 2.93878e-15 1.10087e-16
 1936 0 2.93726e-15 1.10041e-16
 1937 0 2.93574e-15 1.09995e-16
 1938 0 2.93423e-15 1.09948e-16
 1939 0 2.93272e-15 1.09902e-16
 1940 0 2.9312e-15 1.09856e-16
 1941 0 2.92969e-15 1.0981e-16
 1942 8.77213e-15 2.9327e-15 1.09794e-16
 1943 8.77213e-15 2.93571e-15 1.09779e-16
 1944 8.77213e-15 2.93871e-15 1.09763e-16
 1945 8.77213e-15 2.94171e-15 1.09748e-16
 1946 0 2.9402e-15 1.09702e-16
 1947 0 2.93869e-15 1.09656e-16
 1948 8.77213e-15 2.94168e-15 1.09641e-16
 1949 0 2.94017e-15 1.09595e-16
 1950 0 2.93866e-15 1.09549e-16
 1951 0 2.93716e-15 1.09503e-16
 1952 8.77213e-15 2.94015e-15 1.09488e-16
 1953 8.77213e-15 2.94313e-15 1.09472e-16
 1954 0 2.94163e-15 1.09427e-16
 1955 0 2.94012e-15 1.09381e-16
 1956 0 2.93862e-15 1.09336e-16
 1957 8.77213e-15 2.9416e-15 1.0932e-16
 1958 8.77213e-15 2.94458e-15 1.09305e-16
 1959 8.77213e-15 2.94755e-15 1.0929e-16
 1960 8.77213e-15 2.95052e-15 1.09274e-16
 1961 8.77213e-15 2.95349e-15 1.09259e-16
 1962 0 2.95199e-15 1.09214e-16
 1963 8.77213e-15 2.95495e-15 1.09198e-16
 1964 8.77213e-15 2.95791e-15 1.09183e-16
 1965 8.77213e-15 2.96087e-15 1.09167e-16
 1966 8.77213e-15 2.96383e-15 1.09152e-16
 1967 8.77213e-15 2.96678e-15 1.09136e-16
 1968 8.77213e-15 2.96973e-15 1.09121e-16
 1969 8.77213e-15 2.97268e-15 1.09105e-16
 1970 8.77213e-15 2.97562e-15 1.09089e-16
 1971 8.77213e-15 2.97856e-15 1.09074e-16
 1972 0 2.97705e-15 1.09029e-16
 1973 0 2.97554e-15 1.08984e-16
 1974 8.77213e-15 2.97848e-15 1.08968e-16
 1975 0 2.97697e-15 1.08924e-16
 1976 0 2.97547e-15 1.08879e-16
 1977 0 2.97396e-15 1.08834e-16
 1978 0 2.97246e-15 1.0879e-16
 1979 0 2.97096e-15 1.08745e-16
 1980 0 2.96946e-15 1.087e-16
 1981 8.77213e-15 2.97238e-15 1.08685e-16
 1982 8.77213e-15 2.97531e-15 1.0867e-16
 1983 8.77213e-15 2.97823e-15 1.08654e-16
 1984 0 2.97673e-15 1.0861e-16
 1985 8.77213e-15 2.97965e-15 1.08594e-16
 1986 8.77213e-15 2.98257e-15 1.08579e-16
 1987 8.77213e-15 2.98548e-15 1.08563e-16
 1988 0 2.98398e-15 1.08519e-16
 1989 -4.38607e-15 2.98028e-15 1.08528e-16
 1990 0 2.97878e-15 1.08483e-16
 1991 0 2.97728e-15 1.08439e-16
 1992 8.77213e-15 2.98019e-15 1.08424e-16
 1993 0 2.9787e-15 1.0838e-16
 1994 0 2.9772e-15 1.08336e-16
 1995 0 2.97571e-15 1.08292e-16
 1996 0 2.97422e-15 1.08248e-16
 1997 0 2.97273e-15 1.08204e-16
 1998 0 2.97124e-15 1.0816e-16
 1999 0 2.96976e-15 1.08116e-16
 2000 0 2.96827e-15 1.08072e-16
