 1 0.04 0.04 0
 2 0.04 0.04 0
 3 0.04 0.04 0
 4 0 0.03 0.01
 5 0.04 0.032 0.008
 6 -0.04 0.02 0.0136626
 7 -0.08 0.00571429 0.0183689
 8 -0.04 -8.67362e-19 0.0169031
 9 0.12 0.0133333 0.02
 10 -0.16 -0.004 0.0249087
 11 -0.16 -0.0181818 0.0266226
 12 -0.24 -0.0366667 0.030534
 13 -0.2 -0.0492308 0.0307692
 14 -0.28 -0.0657143 0.032912
 15 -0.4 -0.088 0.0378871
 16 -0.4 -0.1075 0.0404506
 17 -0.44 -0.127059 0.0427352
 18 -0.36 -0.14 0.0423184
 19 -0.32 -0.149474 0.041135
 20 -0.28 -0.156 0.0395661
 21 -0.24 -0.16 0.0378468
 22 -0.24 -0.163636 0.0362683
 23 -0.24 -0.166957 0.0348142
 24 -0.24 -0.17 0.0334707
 25 -0.2 -0.1712 0.0321264
 26 -0.12 -0.169231 0.0309288
 27 -0.08 -0.165926 0.0299442
 28 -0.04 -0.161429 0.0292033
 29 -0.04 -0.157241 0.0284877
 30 0.04 -0.150667 0.0282962
 31 0.08 -0.143226 0.0283617
 32 0.2 -0.1325 0.0294814
 33 0.04 -0.127273 0.0290483
 34 0 -0.123529 0.0284285
 35 -0.12 -0.123429 0.0276045
 36 -0.08 -0.122222 0.0268538
 37 -0.16 -0.123243 0.0261379
 38 -0.24 -0.126316 0.0256257
 39 -0.28 -0.130256 0.0252691
 40 -0.28 -0.134 0.0249122
 41 -0.32 -0.138537 0.0247168
 42 -0.24 -0.140952 0.0242418
 43 -0.2 -0.142326 0.0237112
 44 -0.2 -0.143636 0.0232031
 45 -0.16 -0.144 0.0226845
 46 -0.12 -0.143478 0.022192
 47 -0.12 -0.142979 0.0217204
 48 -0.12 -0.1425 0.0212685
 49 -0.2 -0.143673 0.020863
 50 -0.2 -0.1448 0.0204725
 51 -0.2 -0.145882 0.0200962
 52 -0.12 -0.145385 0.0197122
 53 -0.16 -0.14566 0.0193387
 54 -0.12 -0.145185 0.0189831
 55 0.04 -0.141818 0.0189365
 56 0 -0.139286 0.018767
 57 -0.08 -0.138246 0.0184641
 58 -0.32 -0.141379 0.0184116
 59 -0.36 -0.145085 0.0184723
 60 -0.4 -0.149333 0.0186521
 61 -0.4 -0.153443 0.0187984
 62 -0.44 -0.158065 0.0190616
 63 -0.32 -0.160635 0.0189319
 64 -0.4 -0.164375 0.0190054
 65 -0.4 -0.168 0.0190586
 66 -0.52 -0.173333 0.0195107
 67 -0.44 -0.177313 0.0196251
 68 -0.48 -0.181765 0.0198402
 69 -0.48 -0.186087 0.0200226
 70 -0.56 -0.191429 0.0204446
 71 -0.56 -0.19662 0.0208124
 72 -0.6 -0.202222 0.0212723
 73 -0.6 -0.207671 0.021675
 74 -0.6 -0.212973 0.0220277
 75 -0.52 -0.217067 0.0221142
 76 -0.56 -0.221579 0.0222829
 77 -0.48 -0.224935 0.0222462
 78 -0.48 -0.228205 0.0222013
 79 -0.56 -0.232405 0.0223172
 80 -0.56 -0.2365 0.0224138
 81 -0.48 -0.239506 0.0223385
 82 -0.48 -0.242439 0.0222585
 83 -0.56 -0.246265 0.0223191
 84 -0.6 -0.250476 0.0224502
 85 -0.36 -0.251765 0.0222219
 86 -0.4 -0.253488 0.0220296
 87 -0.4 -0.255172 0.0218399
 88 -0.28 -0.255455 0.0215921
 89 -0.28 -0.25573 0.0213499
 90 -0.2 -0.255111 0.0211205
 91 -0.12 -0.253626 0.0209398
 92 0.04 -0.250435 0.0209554
 93 -0.16 -0.249462 0.0207516
 94 -0.2 -0.248936 0.0205364
 95 -0.16 -0.248 0.0203407
 96 -0.28 -0.248333 0.0201304
 97 -0.2 -0.247835 0.019928
 98 -0.12 -0.246531 0.0197667
 99 -0.08 -0.244848 0.0196382
 100 0.04 -0.242 0.0196484
 101 -0.04 -0.24 0.0195555
 102 0.04 -0.237255 0.0195564
 103 0.04 -0.234563 0.0195518
 104 -0.08 -0.233077 0.0194198
 105 -0.12 -0.232 0.0192641
 106 -0.16 -0.231321 0.0190936
 107 -0.16 -0.230654 0.0189261
 108 -0.24 -0.230741 0.0187502
 109 -0.24 -0.230826 0.0185776
 110 -0.4 -0.232364 0.018472
 111 -0.48 -0.234595 0.0184403
 112 -0.6 -0.237857 0.0185639
 113 -0.68 -0.24177 0.0188103
 114 -0.84 -0.247018 0.019369
 115 -0.84 -0.252174 0.0198802
 116 -0.84 -0.257241 0.0203491
 117 -0.8 -0.26188 0.0207009
 118 -0.8 -0.266441 0.0210253
 119 -0.76 -0.270588 0.0212564
 120 -0.8 -0.275 0.0215353
 121 -0.8 -0.279339 0.0217928
 122 -0.8 -0.283607 0.0220308
 123 -0.76 -0.28748 0.0221915
 124 -0.76 -0.29129 0.0223393
 125 -0.64 -0.29408 0.0223347
 126 -0.6 -0.296508 0.0222894
 127 -0.64 -0.299213 0.022278
 128 -0.52 -0.300937 0.0221704
 129 -0.44 -0.302016 0.0220243
 130 -0.4 -0.302769 0.0218672
 131 -0.32 -0.302901 0.0217001
 132 -0.28 -0.302727 0.0215357
 133 -0.24 -0.302256 0.0213784
 134 -0.36 -0.302687 0.0212226
 135 -0.4 -0.303407 0.0210772
 136 -0.48 -0.304706 0.0209619
 137 -0.4 -0.305401 0.0208199
 138 -0.4 -0.306087 0.0206799
 139 -0.4 -0.306763 0.0205417
 140 -0.4 -0.307429 0.0204053
 141 -0.52 -0.308936 0.0203161
 142 -0.44 -0.309859 0.0201936
 143 -0.44 -0.310769 0.0200725
 144 -0.36 -0.311111 0.0199356
 145 -0.4 -0.311724 0.0198071
 146 -0.24 -0.311233 0.0196771
 147 -0.12 -0.309932 0.019586
 148 -0.08 -0.308378 0.0195152
 149 0 -0.306309 0.0194939
 150 0 -0.304267 0.0194709
 151 -0.12 -0.303046 0.01938
 152 -0.08 -0.301579 0.0193079
 153 -0.08 -0.300131 0.0192359
 154 -0.08 -0.298701 0.019164
 155 -0.08 -0.29729 0.0190922
 156 -0.04 -0.295641 0.0190409
 157 0.16 -0.292739 0.0191406
 158 0.16 -0.289873 0.0192337
 159 0.24 -0.286541 0.0194007
 160 0.12 -0.284 0.0194458
 161 0.04 -0.281988 0.0194291
 162 0 -0.280247 0.0193871
 163 -0.2 -0.279755 0.0192741
 164 -0.12 -0.27878 0.019181
 165 -0.16 -0.278061 0.019078
 166 -0.24 -0.277831 0.0189641
 167 -0.4 -0.278563 0.0188644
 168 -0.28 -0.278571 0.0187517
 169 -0.36 -0.279053 0.0186467
 170 -0.36 -0.279529 0.0185428
 171 -0.48 -0.280702 0.0184713
 172 -0.4 -0.281395 0.0183766
 173 -0.4 -0.282081 0.018283
 174 -0.4 -0.282759 0.0181902
 175 -0.36 -0.2832 0.0180914
 176 -0.24 -0.282955 0.01799
 177 -0.12 -0.282034 0.0179117
 178 0 -0.280449 0.0178811
 179 -0.08 -0.27933 0.0178162
 180 0.04 -0.277556 0.0178055
 181 0.04 -0.275801 0.0177936
 182 -0.04 -0.274505 0.0177429
 183 0.08 -0.272568 0.0177517
 184 0.12 -0.270435 0.0177834
 185 0.12 -0.268324 0.0178125
 186 0.16 -0.266022 0.0178655
 187 0.04 -0.264385 0.0178449
 188 0.16 -0.262128 0.0178927
 189 0.16 -0.259894 0.0179374
 190 0.2 -0.257474 0.0180061
 191 0.32 -0.25445 0.018165
 192 0.36 -0.25125 0.0183513
 193 0.4 -0.247876 0.0185652
 194 0.28 -0.245155 0.0186687
 195 0.2 -0.242872 0.0187124
 196 0.12 -0.24102 0.0187086
 197 0.16 -0.238985 0.0187243
 198 -0.04 -0.23798 0.0186566
 199 -0.16 -0.237588 0.0185668
 200 -0.12 -0.237 0.018483
 201 -0.04 -0.23602 0.018417
 202 -0.12 -0.235446 0.0183346
 203 -0.08 -0.23468 0.0182601
 204 -0.16 -0.234314 0.018174
 205 -0.2 -0.234146 0.0180859
 206 -0.08 -0.233398 0.0180135
 207 -0.12 -0.23285 0.0179346
 208 0.04 -0.231538 0.0178963
 209 -0.08 -0.230813 0.0178252
 210 -0.16 -0.230476 0.0177434
 211 -0.2 -0.230332 0.0176597
 212 -0.24 -0.230377 0.0175762
 213 -0.4 -0.231174 0.0175116
 214 -0.48 -0.232336 0.0174683
 215 -0.48 -0.233488 0.017425
 216 -0.52 -0.234815 0.0173948
 217 -0.6 -0.236498 0.0173961
 218 -0.4 -0.237248 0.0173323
 219 -0.44 -0.238174 0.0172778
 220 -0.56 -0.239636 0.0172612
 221 -0.56 -0.241086 0.0172439
 222 -0.6 -0.242703 0.0172421
 223 -0.6 -0.244305 0.0172392
 224 -0.52 -0.245536 0.0172061
 225 -0.52 -0.246756 0.0171729
 226 -0.52 -0.247965 0.0171394
 227 -0.52 -0.249163 0.0171058
 228 -0.4 -0.249825 0.0170434
 229 -0.32 -0.250131 0.0169716
 230 -0.4 -0.250783 0.0169102
 231 -0.36 -0.251255 0.0168435
 232 -0.28 -0.251379 0.0167712
 233 -0.32 -0.251674 0.0167016
 234 -0.28 -0.251795 0.0166306
 235 -0.24 -0.251745 0.0165597
 236 -0.24 -0.251695 0.0164895
 237 -0.08 -0.25097 0.0164357
 238 -0.08 -0.250252 0.0163823
 239 -0.2 -0.250042 0.0163149
 240 -0.2 -0.249833 0.0162482
 241 -0.2 -0.249627 0.0161819
 242 -0.12 -0.249091 0.0161238
 243 -0.2 -0.248889 0.0160586
 244 -0.16 -0.248525 0.0159968
 245 -0.16 -0.248163 0.0159355
 246 0 -0.247154 0.0159026
 247 0.12 -0.245668 0.0159077
 248 0 -0.244677 0.0158743
 249 -0.08 -0.244016 0.0158243
 250 -0.12 -0.24352 0.0157687
 251 -0.12 -0.243028 0.0157134
 252 -0.16 -0.242698 0.0156544
 253 -0.16 -0.242372 0.0155958
 254 -0.16 -0.242047 0.0155377
 255 -0.2 -0.241882 0.0154775
 256 -0.24 -0.241875 0.0154169
 257 -0.36 -0.242335 0.0153637
 258 -0.4 -0.242946 0.0153163
 259 -0.44 -0.243707 0.015276
 260 -0.44 -0.244462 0.0152358
 261 -0.44 -0.245211 0.0151958
 262 -0.48 -0.246107 0.0151642
 263 -0.52 -0.247148 0.0151423
 264 -0.48 -0.24803 0.0151106
 265 -0.4 -0.248604 0.0150644
 266 -0.52 -0.249624 0.0150423
 267 -0.56 -0.250787 0.0150308
 268 -0.56 -0.25194 0.015019
 269 -0.6 -0.253234 0.0150189
 270 -0.6 -0.254519 0.0150182
 271 -0.68 -0.256089 0.0150449
 272 -0.64 -0.2575 0.0150557
 273 -0.64 -0.258901 0.0150658
 274 -0.6 -0.260146 0.0150622
 275 -0.72 -0.261818 0.0151002
 276 -0.76 -0.263623 0.0151533
 277 -0.8 -0.26556 0.0152222
 278 -0.8 -0.267482 0.0152887
 279 -0.84 -0.269534 0.0153714
 280 -0.84 -0.271571 0.0154513
 281 -0.92 -0.273879 0.0155682
 282 -0.8 -0.275745 0.0156246
 283 -0.76 -0.277456 0.0156631
 284 -0.76 -0.279155 0.0157
 285 -0.68 -0.280561 0.0157079
 286 -0.64 -0.281818 0.0157033
 287 -0.64 -0.283066 0.0156982
 288 -0.64 -0.284306 0.0156926
 289 -0.64 -0.285536 0.0156866
 290 -0.68 -0.286897 0.0156914
 291 -0.8 -0.28866 0.0157365
 292 -0.8 -0.290411 0.01578
 293 -0.76 -0.292014 0.0158075
 294 -0.84 -0.293878 0.0158635
 295 -0.96 -0.296136 0.0159701
 296 -0.96 -0.298378 0.0160733
 297 -1 -0.300741 0.0161923
 298 -1 -0.303087 0.0163076
 299 -1 -0.305418 0.0164193
 300 -1 -0.307733 0.0165274
 301 -1 -0.310033 0.0166322
 302 -0.96 -0.312185 0.0167162
 303 -0.92 -0.314191 0.0167812
 304 -0.72 -0.315526 0.0167791
 305 -0.76 -0.316984 0.0167874
 306 -0.64 -0.318039 0.0167657
 307 -0.68 -0.319218 0.0167525
 308 -0.68 -0.32039 0.0167391
 309 -0.6 -0.321294 0.0167094
 310 -0.64 -0.322323 0.0166871
 311 -0.68 -0.323473 0.016673
 312 -0.68 -0.324615 0.0166588
 313 -0.76 -0.326006 0.0166636
 314 -0.88 -0.327771 0.0167039
 315 -0.88 -0.329524 0.0167428
 316 -0.88 -0.331266 0.0167804
 317 -0.8 -0.332744 0.0167926
 318 -0.76 -0.334088 0.0167936
 319 -0.72 -0.335298 0.0167845
 320 -0.84 -0.336875 0.0168061
 321 -0.84 -0.338442 0.0168268
 322 -0.8 -0.339876 0.0168356
 323 -0.72 -0.341053 0.0168246
 324 -0.64 -0.341975 0.016798
 325 -0.64 -0.342892 0.0167713
 326 -0.52 -0.343436 0.0167286
 327 -0.6 -0.34422 0.0166958
 328 -0.72 -0.345366 0.0166842
 329 -0.68 -0.346383 0.0166645
 330 -0.64 -0.347273 0.0166377
 331 -0.48 -0.347674 0.0165922
 332 -0.56 -0.348313 0.0165546
 333 -0.48 -0.348709 0.0165095
 334 -0.44 -0.348982 0.0164623
 335 -0.24 -0.348657 0.0164163
 336 -0.24 -0.348333 0.0163705
 337 -0.08 -0.347537 0.0163413
 338 0 -0.346509 0.0163253
 339 0.12 -0.345133 0.0163351
 340 0.12 -0.343765 0.0163444
 341 0.04 -0.342639 0.0163352
 342 0.2 -0.341053 0.0163645
 343 0.2 -0.339475 0.0163927
 344 0.2 -0.337907 0.0164201
 345 0.16 -0.336464 0.0164359
 346 0.04 -0.335376 0.0164244
 347 0.08 -0.334179 0.0164207
 348 0.2 -0.332644 0.0164452
 349 0.16 -0.331232 0.0164587
 350 0.2 -0.329714 0.0164816
 351 0.2 -0.328205 0.0165038
 352 0.16 -0.326818 0.0165152
 353 0.08 -0.325666 0.0165086
 354 0.12 -0.324407 0.0165099
 355 0.12 -0.323155 0.0165109
 356 0.24 -0.321573 0.0165403
 357 0.24 -0.32 0.0165687
 358 0.24 -0.318436 0.0165963
 359 0.2 -0.316992 0.0166128
 360 0.2 -0.315556 0.0166288
 361 0.28 -0.313906 0.0166645
 362 0.28 -0.312265 0.0166992
 363 0.28 -0.310634 0.0167329
 364 0.24 -0.309121 0.0167552
 365 0.2 -0.307726 0.0167674
 366 0.12 -0.306557 0.0167623
 367 0.16 -0.305286 0.0167648
 368 0.2 -0.303913 0.0167755
 369 0.2 -0.302547 0.0167856
 370 0.08 -0.301514 0.0167721
 371 0.16 -0.30027 0.016773
 372 0.16 -0.299032 0.0167736
 373 0.08 -0.298016 0.0167594
 374 0.04 -0.297112 0.0167389
 375 -0.04 -0.296427 0.0167083
 376 -0.04 -0.295745 0.0166778
 377 0 -0.29496 0.0166519
 378 0 -0.29418 0.0166262
 379 0 -0.293404 0.0166004
 380 0 -0.292632 0.0165746
 381 -0.04 -0.291969 0.0165444
 382 0.04 -0.291099 0.0165239
 383 -0.12 -0.290653 0.0164867
 384 -0.12 -0.290208 0.0164497
 385 -0.2 -0.289974 0.0164086
 386 -0.08 -0.28943 0.0163751
 387 -0.04 -0.288786 0.0163454
 388 -0.12 -0.288351 0.0163091
 389 -0.16 -0.288021 0.0162704
 390 -0.04 -0.287385 0.0162411
 391 -0.08 -0.286854 0.0162082
 392 -0.08 -0.286327 0.0161754
 393 0.04 -0.285496 0.0161556
 394 0.04 -0.28467 0.0161357
 395 0 -0.283949 0.0161109
 396 -0.04 -0.283333 0.016082
 397 -0.08 -0.282821 0.0160496
 398 -0.2 -0.282613 0.0160105
 399 -0.12 -0.282206 0.0159756
 400 -0.08 -0.2817 0.0159436
 401 -0.08 -0.281197 0.0159117
 402 -0.04 -0.280597 0.0158834
 403 0 -0.279901 0.0158593
 404 -0.04 -0.279307 0.0158311
 405 -0.12 -0.278914 0.0157969
 406 0.08 -0.27803 0.0157827
 407 0.2 -0.276855 0.0157876
 408 0.32 -0.275392 0.0158167
 409 0.4 -0.273741 0.0158641
 410 0.44 -0.272 0.0159208
 411 0.4 -0.270365 0.015966
 412 0.32 -0.268932 0.0159915
 413 0.4 -0.267312 0.0160348
 414 0.36 -0.265797 0.0160676
 415 0.24 -0.264578 0.0160751
 416 0.2 -0.263462 0.0160753
 417 0.08 -0.262638 0.0160578
 418 0.08 -0.261818 0.0160403
 419 0.04 -0.261098 0.0160182
 420 0 -0.260476 0.0159921
 421 -0.04 -0.259952 0.0159626
 422 -0.12 -0.259621 0.0159282
 423 -0.12 -0.259291 0.015894
 424 -0.16 -0.259057 0.0158582
 425 -0.2 -0.258918 0.0158214
 426 -0.16 -0.258685 0.0157859
 427 -0.16 -0.258454 0.0157506
 428 -0.12 -0.258131 0.0157171
 429 -0.36 -0.258368 0.0156822
 430 -0.36 -0.258605 0.0156475
 431 -0.32 -0.258747 0.0156118
 432 -0.28 -0.258796 0.0155757
 433 -0.16 -0.258568 0.0155414
 434 -0.32 -0.25871 0.0155061
 435 -0.44 -0.259126 0.0154761
 436 -0.48 -0.259633 0.0154488
 437 -0.52 -0.260229 0.015425
 438 -0.48 -0.260731 0.0153979
 439 -0.56 -0.261412 0.0153779
 440 -0.52 -0.262 0.0153541
 441 -0.6 -0.262766 0.0153385
 442 -0.6 -0.263529 0.0153227
 443 -0.6 -0.264289 0.0153069
 444 -0.52 -0.264865 0.0152833
 445 -0.56 -0.265528 0.0152633
 446 -0.56 -0.266188 0.0152434
 447 -0.56 -0.266846 0.0152234
 448 -0.64 -0.267679 0.0152122
 449 -0.6 -0.268419 0.0151963
 450 -0.52 -0.268978 0.0151728
 451 -0.6 -0.269712 0.0151569
 452 -0.6 -0.270442 0.015141
 453 -0.56 -0.271082 0.0151211
 454 -0.6 -0.271806 0.0151051
 455 -0.64 -0.272615 0.0150936
 456 -0.4 -0.272895 0.015063
 457 -0.32 -0.272998 0.0150304
 458 -0.4 -0.273275 0.0150001
 459 -0.4 -0.273551 0.0149699
 460 -0.24 -0.273478 0.0149375
 461 -0.16 -0.273232 0.0149071
 462 -0.04 -0.272727 0.0148834
 463 -0.16 -0.272484 0.0148532
 464 -0.2 -0.272328 0.014822
 465 -0.28 -0.272344 0.0147901
 466 -0.32 -0.272446 0.0147587
 467 -0.2 -0.272291 0.0147278
 468 -0.32 -0.272393 0.0146967
 469 -0.24 -0.272324 0.0146655
 470 -0.28 -0.27234 0.0146343
 471 -0.28 -0.272357 0.0146032
 472 -0.12 -0.272034 0.0145758
 473 0.08 -0.27129 0.0145639
 474 0 -0.270717 0.0145445
 475 0 -0.270147 0.014525
 476 0 -0.26958 0.0145055
 477 0.16 -0.268679 0.0145031
 478 0.16 -0.267782 0.0145005
 479 0.28 -0.266639 0.0145153
 480 0.12 -0.265833 0.0145074
 481 0.04 -0.265198 0.0144912
 482 0.04 -0.264564 0.0144749
 483 -0.16 -0.264348 0.0144466
 484 -0.08 -0.263967 0.0144217
 485 -0.08 -0.263588 0.0143969
 486 -0.12 -0.263292 0.0143703
 487 -0.2 -0.263162 0.0143414
 488 -0.08 -0.262787 0.0143169
 489 -0.08 -0.262413 0.0142925
 490 -0.08 -0.262041 0.0142681
 491 0 -0.261507 0.014249
 492 0.04 -0.260894 0.0142332
 493 0.04 -0.260284 0.0142174
 494 -0.08 -0.259919 0.0141933
 495 0 -0.259394 0.0141743
 496 -0.08 -0.259032 0.0141504
 497 -0.08 -0.258672 0.0141265
 498 -0.08 -0.258313 0.0141026
 499 -0.12 -0.258036 0.0140771
 500 -0.04 -0.2576 0.0140556
 501 0 -0.257086 0.014037
 502 0 -0.256574 0.0140184
 503 0 -0.256064 0.0139997
 504 -0.04 -0.255635 0.0139785
 505 -0.08 -0.255287 0.0139551
 506 -0.2 -0.255178 0.013928
 507 -0.2 -0.255069 0.0139009
 508 -0.24 -0.255039 0.0138735
 509 -0.24 -0.25501 0.0138463
 510 -0.24 -0.25498 0.0138191
 511 -0.28 -0.255029 0.0137922
 512 -0.2 -0.254922 0.0137656
 513 -0.16 -0.254737 0.01374
 514 -0.16 -0.254553 0.0137145
 515 -0.04 -0.254136 0.0136942
 516 -0.08 -0.253798 0.0136718
 517 -0.12 -0.25354 0.0136477
 518 -0.08 -0.253205 0.0136255
 519 -0.04 -0.252794 0.0136054
 520 -0.12 -0.252538 0.0135816
 521 -0.04 -0.252131 0.0135617
 522 -0.04 -0.251724 0.0135418
 523 0 -0.251243 0.0135244
 524 0 -0.250763 0.0135071
 525 -0.12 -0.250514 0.0134836
 526 -0.12 -0.250266 0.0134603
 527 -0.12 -0.250019 0.013437
 528 -0.12 -0.249773 0.0134138
 529 -0.16 -0.249603 0.0133895
 530 -0.12 -0.249358 0.0133664
 531 -0.12 -0.249115 0.0133434
 532 -0.16 -0.248947 0.0133194
 533 -0.12 -0.248705 0.0132966
 534 -0.08 -0.24839 0.0132754
 535 -0.16 -0.248224 0.0132516
 536 -0.28 -0.248284 0.013227
 537 -0.32 -0.248417 0.013203
 538 -0.28 -0.248476 0.0131786
 539 -0.36 -0.248683 0.0131557
 540 -0.48 -0.249111 0.0131383
 541 -0.6 -0.24976 0.0131301
 542 -0.64 -0.25048 0.0131256
 543 -0.56 -0.25105 0.0131138
 544 -0.6 -0.251691 0.0131054
 545 -0.56 -0.252257 0.0130935
 546 -0.52 -0.252747 0.0130787
 547 -0.56 -0.253309 0.0130668
 548 -0.4 -0.253577 0.0130457
 549 -0.16 -0.253406 0.0130231
 550 -0.36 -0.2536 0.0130008
 551 -0.28 -0.253648 0.0129773
 552 -0.28 -0.253696 0.0129538
 553 -0.32 -0.253816 0.0129309
 554 -0.36 -0.254007 0.012909
 555 -0.44 -0.254342 0.0128901
 556 -0.44 -0.254676 0.0128712
 557 -0.52 -0.255153 0.0128569
 558 -0.48 -0.255556 0.0128402
 559 -0.48 -0.255957 0.0128235
 560 -0.44 -0.256286 0.0128048
 561 -0.44 -0.256613 0.0127861
 562 -0.44 -0.25694 0.0127675
 563 -0.56 -0.257478 0.0127562
 564 -0.56 -0.258014 0.0127448
 565 -0.68 -0.258761 0.0127442
 566 -0.64 -0.259435 0.0127394
 567 -0.56 -0.259965 0.012728
 568 -0.6 -0.260563 0.0127197
 569 -0.56 -0.26109 0.0127082
 570 -0.68 -0.261825 0.0127071
 571 -0.6 -0.262417 0.0126987
 572 -0.52 -0.262867 0.0126845
 573 -0.48 -0.263246 0.012668
 574 -0.48 -0.263624 0.0126515
 575 -0.52 -0.26407 0.0126374
 576 -0.56 -0.264583 0.0126259
 577 -0.44 -0.264887 0.0126076
 578 -0.48 -0.26526 0.0125913
 579 -0.48 -0.26563 0.012575
 580 -0.52 -0.266069 0.012561
 581 -0.52 -0.266506 0.012547
 582 -0.56 -0.26701 0.0125355
 583 -0.52 -0.267444 0.0125215
 584 -0.52 -0.267877 0.0125075
 585 -0.52 -0.268308 0.0124936
 586 -0.6 -0.268874 0.0124851
 587 -0.6 -0.269438 0.0124765
 588 -0.64 -0.270068 0.0124712
 589 -0.64 -0.270696 0.0124659
 590 -0.64 -0.271322 0.0124605
 591 -0.64 -0.271946 0.012455
 592 -0.6 -0.2725 0.0124463
 593 -0.48 -0.27285 0.0124302
 594 -0.6 -0.273401 0.0124215
 595 -0.8 -0.274286 0.0124321
 596 -0.72 -0.275034 0.0124338
 597 -0.68 -0.275712 0.0124314
 598 -0.72 -0.276455 0.0124329
 599 -0.76 -0.277262 0.0124383
 600 -0.72 -0.278 0.0124395
 601 -0.72 -0.278735 0.0124405
 602 -0.8 -0.279601 0.01245
 603 -0.64 -0.280199 0.0124437
 604 -0.6 -0.280728 0.0124343
 605 -0.6 -0.281256 0.012425
 606 -0.6 -0.281782 0.0124156
 607 -0.44 -0.282043 0.0123979
 608 -0.52 -0.282434 0.0123836
 609 -0.52 -0.282824 0.0123694
 610 -0.48 -0.283148 0.0123534
 611 -0.52 -0.283535 0.0123392
 612 -0.4 -0.283725 0.0123205
 613 -0.44 -0.28398 0.012303
 614 -0.48 -0.2843 0.0122871
 615 -0.56 -0.284748 0.0122753
 616 -0.6 -0.28526 0.0122661
 617 -0.76 -0.286029 0.0122703
 618 -0.8 -0.286861 0.0122787
 619 -0.8 -0.28769 0.0122868
 620 -0.76 -0.288452 0.0122906
 621 -0.76 -0.289211 0.0122943
 622 -0.72 -0.289904 0.012294
 623 -0.68 -0.29053 0.0122902
 624 -0.68 -0.291154 0.0122864
 625 -0.72 -0.29184 0.0122859
 626 -0.64 -0.292396 0.0122788
 627 -0.72 -0.293078 0.0122782
 628 -0.76 -0.293822 0.0122811
 629 -0.76 -0.294563 0.012284
 630 -0.88 -0.295492 0.0122996
 631 -0.92 -0.296482 0.0123199
 632 -0.96 -0.297532 0.0123451
 633 -0.92 -0.298515 0.0123648
 634 -0.92 -0.299495 0.0123841
 635 -0.92 -0.300472 0.0124032
 636 -1 -0.301572 0.0124324
 637 -1 -0.302669 0.0124612
 638 -1 -0.303762 0.0124896
 639 -1 -0.304851 0.0125175
 640 -1 -0.305937 0.0125451
 641 -1 -0.30702 0.0125722
 642 -1 -0.3081 0.0125989
 643 -1 -0.309176 0.0126252
 644 -1 -0.310248 0.0126512
 645 -1 -0.311318 0.0126767
 646 -1 -0.312384 0.0127019
 647 -1 -0.313447 0.0127267
 648 -1 -0.314506 0.0127512
 649 -1 -0.315562 0.0127752
 650 -1 -0.316615 0.0127989
 651 -0.96 -0.317604 0.0128174
 652 -0.96 -0.318589 0.0128356
 653 -1 -0.319632 0.0128584
 654 -1 -0.320673 0.0128808
 655 -1 -0.32171 0.0129028
 656 -1 -0.322744 0.0129246
 657 -1 -0.323775 0.012946
 658 -0.92 -0.324681 0.012958
 659 -0.96 -0.325645 0.0129742
 660 -1 -0.326667 0.0129948
 661 -1 -0.327685 0.013015
 662 -0.92 -0.32858 0.0130261
 663 -0.88 -0.329412 0.013033
 664 -0.92 -0.330301 0.0130437
 665 -0.96 -0.331248 0.0130585
 666 -0.96 -0.332192 0.013073
 667 -1 -0.333193 0.0130917
 668 -1 -0.334192 0.0131102
 669 -1 -0.335187 0.0131283
 670 -1 -0.336179 0.0131462
 671 -1 -0.337168 0.0131639
 672 -0.96 -0.338095 0.0131769
 673 -0.96 -0.339019 0.0131897
 674 -0.92 -0.339881 0.0131983
 675 -0.84 -0.340622 0.0131995
 676 -0.76 -0.341243 0.0131946
 677 -0.8 -0.34192 0.0131925
 678 -0.88 -0.342714 0.0131969
 679 -0.84 -0.343446 0.0131978
 680 -0.84 -0.344176 0.0131986
 681 -0.84 -0.344905 0.0131993
 682 -0.84 -0.34563 0.0131999
 683 -0.88 -0.346413 0.0132038
 684 -0.92 -0.347251 0.0132111
 685 -0.84 -0.347971 0.0132114
 686 -0.96 -0.348863 0.0132222
 687 -1 -0.349811 0.013237
 688 -1 -0.350756 0.0132514
 689 -1 -0.351698 0.0132657
 690 -1 -0.352638 0.0132798
 691 -1 -0.353575 0.0132936
 692 -1 -0.354509 0.0133072
 693 -1 -0.35544 0.0133206
 694 -1 -0.356369 0.0133337
 695 -0.92 -0.35718 0.0133392
 696 -0.84 -0.357874 0.0133381
 697 -0.8 -0.358508 0.013334
 698 -0.76 -0.359083 0.0133273
 699 -0.84 -0.359771 0.013326
 700 -0.72 -0.360286 0.0133169
 701 -0.76 -0.360856 0.0133101
 702 -0.76 -0.361425 0.0133033
 703 -0.72 -0.361935 0.0132942
 704 -0.8 -0.362557 0.0132898
 705 -0.8 -0.363177 0.0132855
 706 -0.76 -0.363739 0.0132786
 707 -0.8 -0.364356 0.0132741
 708 -0.84 -0.365028 0.0132724
 709 -0.84 -0.365698 0.0132705
 710 -0.72 -0.366197 0.0132612
 711 -0.8 -0.366807 0.0132566
 712 -0.64 -0.367191 0.0132435
 713 -0.52 -0.367405 0.0132267
 714 -0.6 -0.367731 0.0132122
 715 -0.56 -0.368 0.0131964
 716 -0.56 -0.368268 0.0131807
 717 -0.52 -0.36848 0.013164
 718 -0.64 -0.368858 0.0131511
 719 -0.68 -0.369291 0.0131399
 720 -0.56 -0.369556 0.0131243
 721 -0.56 -0.36982 0.0131088
 722 -0.64 -0.370194 0.013096
 723 -0.52 -0.370401 0.0130795
 724 -0.52 -0.370608 0.013063
 725 -0.52 -0.370814 0.0130466
 726 -0.48 -0.370964 0.0130295
 727 -0.48 -0.371114 0.0130124
 728 -0.44 -0.371209 0.0129949
 729 -0.44 -0.371303 0.0129774
 730 -0.52 -0.371507 0.0129612
 731 -0.56 -0.371765 0.012946
 732 -0.6 -0.372077 0.0129321
 733 -0.64 -0.372442 0.0129196
 734 -0.6 -0.372752 0.0129057
 735 -0.56 -0.373007 0.0128907
 736 -0.56 -0.373261 0.0128757
 737 -0.56 -0.373514 0.0128607
 738 -0.56 -0.373767 0.0128457
 739 -0.4 -0.373802 0.0128284
 740 -0.48 -0.373946 0.0128118
 741 -0.48 -0.374089 0.0127953
 742 -0.48 -0.374232 0.0127789
 743 -0.56 -0.374482 0.0127641
 744 -0.64 -0.374839 0.0127519
 745 -0.6 -0.375141 0.0127384
 746 -0.6 -0.375442 0.0127249
 747 -0.6 -0.375743 0.0127114
 748 -0.56 -0.375989 0.0126968
 749 -0.52 -0.376182 0.0126813
 750 -0.56 -0.376427 0.0126667
 751 -0.52 -0.376618 0.0126513
 752 -0.36 -0.376596 0.0126345
 753 -0.44 -0.37668 0.012618
 754 -0.4 -0.376711 0.0126013
 755 -0.36 -0.376689 0.0125846
 756 -0.36 -0.376667 0.0125679
 757 -0.32 -0.376592 0.0125515
 758 -0.4 -0.376623 0.012535
 759 -0.4 -0.376653 0.0125185
 760 -0.4 -0.376684 0.0125021
 761 -0.28 -0.376557 0.0124863
 762 -0.28 -0.37643 0.0124705
 763 -0.2 -0.376199 0.0124563
 764 -0.2 -0.375969 0.0124421
 765 -0.16 -0.375686 0.0124291
 766 -0.28 -0.375561 0.0124135
 767 -0.28 -0.375437 0.0123979
 768 -0.36 -0.375417 0.0123818
 769 -0.36 -0.375397 0.0123657
 770 -0.32 -0.375325 0.0123498
 771 -0.36 -0.375305 0.0123338
 772 -0.4 -0.375337 0.0123179
 773 -0.44 -0.37542 0.0123022
 774 -0.44 -0.375504 0.0122866
 775 -0.48 -0.375639 0.0122714
 776 -0.48 -0.375773 0.0122564
 777 -0.56 -0.37601 0.0122429
 778 -0.48 -0.376144 0.0122279
 779 -0.4 -0.376175 0.0122122
 780 -0.4 -0.376205 0.0121966
 781 -0.32 -0.376133 0.0121811
 782 -0.28 -0.37601 0.0121662
 783 -0.28 -0.375888 0.0121513
 784 -0.32 -0.375816 0.012136
 785 -0.28 -0.375694 0.0121211
 786 -0.36 -0.375674 0.0121057
 787 -0.32 -0.375604 0.0120905
 788 -0.28 -0.375482 0.0120758
 789 -0.2 -0.37526 0.0120625
 790 -0.08 -0.374886 0.012053
 791 -0.04 -0.374463 0.0120452
 792 -0.16 -0.374192 0.012033
 793 -0.24 -0.374023 0.012019
 794 -0.24 -0.373854 0.0120051
 795 -0.24 -0.373686 0.0119912
 796 -0.28 -0.373568 0.0119767
 797 -0.32 -0.373501 0.0119618
 798 -0.36 -0.373484 0.0119468
 799 -0.4 -0.373517 0.0119319
 800 -0.4 -0.37355 0.011917
 801 -0.32 -0.373483 0.0119023
 802 -0.36 -0.373466 0.0118875
 803 -0.36 -0.37345 0.0118727
 804 -0.28 -0.373333 0.0118585
 805 -0.36 -0.373317 0.0118438
 806 -0.32 -0.373251 0.0118292
 807 -0.36 -0.373234 0.0118146
 808 -0.32 -0.373168 0.0118001
 809 -0.24 -0.373004 0.0117867
 810 -0.24 -0.37284 0.0117733
 811 -0.28 -0.372725 0.0117593
 812 -0.36 -0.372709 0.0117448
 813 -0.32 -0.372645 0.0117305
 814 -0.28 -0.372531 0.0117167
 815 -0.32 -0.372466 0.0117025
 816 -0.36 -0.372451 0.0116881
 817 -0.4 -0.372485 0.0116739
 818 -0.36 -0.372469 0.0116596
 819 -0.4 -0.372503 0.0116454
 820 -0.48 -0.372634 0.0116319
 821 -0.36 -0.372619 0.0116178
 822 -0.32 -0.372555 0.0116038
 823 -0.36 -0.372539 0.0115897
 824 -0.48 -0.37267 0.0115764
 825 -0.44 -0.372752 0.0115626
 826 -0.44 -0.372833 0.0115489
 827 -0.52 -0.373011 0.0115363
 828 -0.48 -0.37314 0.0115231
 829 -0.44 -0.373221 0.0115094
 830 -0.48 -0.373349 0.0114963
 831 -0.48 -0.373478 0.0114832
 832 -0.56 -0.373702 0.0114715
 833 -0.6 -0.373974 0.011461
 834 -0.6 -0.374245 0.0114504
 835 -0.64 -0.374563 0.0114411
 836 -0.6 -0.374833 0.0114306
 837 -0.48 -0.374958 0.0114177
 838 -0.44 -0.375036 0.0114043
 839 -0.4 -0.375066 0.0113907
 840 -0.32 -0.375 0.0113773
 841 -0.36 -0.374982 0.0113638
 842 -0.28 -0.374869 0.0113509
 843 -0.28 -0.374757 0.011338
 844 -0.32 -0.374692 0.0113247
 845 -0.32 -0.374627 0.0113115
 846 -0.36 -0.37461 0.0112981
 847 -0.36 -0.374593 0.0112848
 848 -0.4 -0.374623 0.0112715
 849 -0.28 -0.374511 0.0112588
 850 -0.24 -0.374353 0.0112466
 851 -0.2 -0.374148 0.0112353
 852 -0.16 -0.373897 0.0112249
 853 -0.16 -0.373646 0.0112145
 854 -0.16 -0.373396 0.0112042
 855 -0.24 -0.37324 0.0111922
 856 -0.2 -0.373037 0.0111809
 857 -0.2 -0.372835 0.0111697
 858 -0.2 -0.372634 0.0111585
 859 -0.2 -0.372433 0.0111473
 860 -0.12 -0.37214 0.0111382
 861 -0.08 -0.3718 0.0111304
 862 -0.12 -0.371508 0.0111213
 863 -0.12 -0.371217 0.0111123
 864 -0.08 -0.37088 0.0111045
 865 -0.2 -0.370682 0.0110934
 866 -0.24 -0.370531 0.0110816
 867 -0.24 -0.370381 0.0110699
 868 -0.24 -0.37023 0.0110581
 869 -0.2 -0.370035 0.0110471
 870 -0.2 -0.369839 0.0110362
 871 -0.16 -0.369598 0.0110261
 872 -0.16 -0.369358 0.0110161
 873 0 -0.368935 0.0110116
 874 0.08 -0.368421 0.011011
 875 0.24 -0.367726 0.0110203
 876 0.28 -0.366986 0.0110326
 877 0.36 -0.366157 0.0110511
 878 0.2 -0.365513 0.0110573
 879 0.32 -0.364733 0.0110722
 880 0.36 -0.363909 0.0110903
 881 0.52 -0.362906 0.011123
 882 0.56 -0.361859 0.0111596
 883 0.52 -0.360861 0.0111916
 884 0.6 -0.359774 0.0112316
 885 0.6 -0.358689 0.0112712
 886 0.52 -0.357698 0.0113021
 887 0.48 -0.356753 0.0113288
 888 0.32 -0.355991 0.0113416
 889 0.32 -0.355231 0.0113544
 890 0.32 -0.354472 0.011367
 891 0.32 -0.353715 0.0113794
 892 0.4 -0.35287 0.011398
 893 0.48 -0.351937 0.0114234
 894 0.52 -0.350962 0.0114522
 895 0.56 -0.349944 0.0114846
 896 0.56 -0.348929 0.0115166
 897 0.52 -0.34796 0.0115445
 898 0.56 -0.346949 0.0115759
 899 0.48 -0.346029 0.0115995
 900 0.52 -0.345067 0.0116265
 901 0.52 -0.344107 0.0116532
 902 0.6 -0.34306 0.0116872
 903 0.44 -0.342193 0.0117065
 904 0.56 -0.341195 0.011736
 905 0.56 -0.340199 0.0117653
 906 0.68 -0.339073 0.0118061
 907 0.68 -0.337949 0.0118465
 908 0.68 -0.336828 0.0118864
 909 0.68 -0.33571 0.0119259
 910 0.6 -0.334681 0.0119571
 911 0.68 -0.333568 0.0119958
 912 0.56 -0.332588 0.0120226
 913 0.44 -0.331742 0.0120392
 914 0.32 -0.331028 0.0120471
 915 0.28 -0.330361 0.0120525
 916 0.28 -0.329694 0.0120577
 917 0.32 -0.328986 0.0120654
 918 0.28 -0.328322 0.0120705
 919 0.32 -0.327617 0.012078
 920 0.4 -0.326826 0.0120907
 921 0.32 -0.326124 0.012098
 922 0.4 -0.325336 0.0121105
 923 0.52 -0.32442 0.012132
 924 0.52 -0.323506 0.0121533
 925 0.52 -0.322595 0.0121743
 926 0.56 -0.321641 0.0121985
 927 0.6 -0.320647 0.0122258
 928 0.6 -0.319655 0.0122528
 929 0.64 -0.318622 0.0122832
 930 0.68 -0.317548 0.0123168
 931 0.72 -0.316434 0.012354
 932 0.76 -0.315279 0.0123946
 933 0.8 -0.314084 0.0124389
 934 0.76 -0.312934 0.0124787
 935 0.84 -0.311701 0.0125262
 936 1 -0.310299 0.012591
 937 1 -0.308901 0.0126551
 938 1 -0.307505 0.0127184
 939 1 -0.306113 0.0127809
 940 1 -0.304723 0.0128427
 941 0.92 -0.303422 0.0128949
 942 0.84 -0.302208 0.0129382
 943 0.8 -0.301039 0.0129772
 944 0.8 -0.299873 0.0130159
 945 0.8 -0.298709 0.0130541
 946 0.8 -0.297548 0.0130919
 947 0.76 -0.296431 0.0131256
 948 0.72 -0.295359 0.0131555
 949 0.56 -0.294457 0.0131725
 950 0.48 -0.293642 0.0131839
 951 0.52 -0.292787 0.0131978
 952 0.56 -0.291891 0.0132143
 953 0.56 -0.290997 0.0132307
 954 0.48 -0.290189 0.0132415
 955 0.52 -0.28934 0.0132548
 956 0.56 -0.288452 0.0132707
 957 0.44 -0.287691 0.0132787
 958 0.52 -0.286848 0.0132916
 959 0.52 -0.286006 0.0133043
 960 0.52 -0.285167 0.0133169
 961 0.52 -0.284329 0.0133294
 962 0.6 -0.28341 0.0133473
 963 0.6 -0.282492 0.0133649
 964 0.6 -0.281577 0.0133824
 965 0.64 -0.280622 0.0134026
 966 0.6 -0.27971 0.0134197
 967 0.64 -0.278759 0.0134395
 968 0.64 -0.27781 0.0134591
 969 0.6 -0.276904 0.0134757
 970 0.64 -0.275959 0.013495
 971 0.56 -0.275098 0.0135085
 972 0.6 -0.274198 0.0135246
 973 0.56 -0.27334 0.0135379
 974 0.48 -0.272567 0.0135461
 975 0.52 -0.271754 0.0135566
 976 0.56 -0.270902 0.0135695
 977 0.56 -0.270051 0.0135822
 978 0.52 -0.269243 0.0135924
 979 0.4 -0.26856 0.0135957
 980 0.36 -0.267918 0.0135969
 981 0.48 -0.267156 0.0136044
 982 0.52 -0.266354 0.0136142
 983 0.36 -0.265717 0.0136152
 984 0.32 -0.265122 0.0136144
 985 0.2 -0.26465 0.0136088
 986 0.16 -0.264219 0.0136018
 987 0.16 -0.263789 0.0135948
 988 0.24 -0.263279 0.0135906
 989 0.2 -0.262811 0.0135849
 990 0.24 -0.262303 0.0135807
 991 0.32 -0.261715 0.0135797
 992 0.36 -0.261089 0.0135805
 993 0.4 -0.260423 0.0135831
 994 0.32 -0.259839 0.013582
 995 0.28 -0.259296 0.0135792
 996 0.32 -0.258715 0.013578
 997 0.32 -0.258134 0.0135768
 998 0.32 -0.257555 0.0135756
 999 0.32 -0.256977 0.0135743
 1000 0.32 -0.2564 0.013573
 1001 0.36 -0.255784 0.0135734
 1002 0.32 -0.25521 0.013572
 1003 0.32 -0.254636 0.0135706
 1004 0.2 -0.254183 0.0135646
 1005 0.2 -0.253731 0.0135587
 1006 0.2 -0.25328 0.0135527
 1007 0.12 -0.25291 0.0135443
 1008 0.08 -0.252579 0.0135349
 1009 0.04 -0.252289 0.0135246
 1010 0 -0.25204 0.0135135
 1011 0 -0.25179 0.0135024
 1012 -0.04 -0.251581 0.0134907
 1013 0 -0.251333 0.0134796
 1014 -0.08 -0.251164 0.0134674
 1015 -0.08 -0.250995 0.0134552
 1016 -0.04 -0.250787 0.0134435
 1017 -0.08 -0.250619 0.0134314
 1018 -0.04 -0.250413 0.0134198
 1019 0.04 -0.250128 0.0134096
 1020 0.08 -0.249804 0.0134004
 1021 0.12 -0.249442 0.0133921
 1022 0.08 -0.249119 0.0133829
 1023 0.08 -0.248798 0.0133737
 1024 0.16 -0.248398 0.0133666
 1025 -0.04 -0.248195 0.0133551
 1026 0 -0.247953 0.0133443
 1027 0 -0.247712 0.0133334
 1028 -0.08 -0.247549 0.0133215
 1029 0.04 -0.247269 0.0133114
 1030 -0.04 -0.247068 0.0133
 1031 0 -0.246828 0.0132893
 1032 0 -0.246589 0.0132786
 1033 0.16 -0.246196 0.0132715
 1034 0.08 -0.24588 0.0132624
 1035 0.08 -0.245565 0.0132534
 1036 0.16 -0.245174 0.0132464
 1037 0.12 -0.244822 0.0132383
 1038 0.08 -0.244509 0.0132292
 1039 0.08 -0.244196 0.0132202
 1040 0.08 -0.243885 0.0132111
 1041 0.08 -0.243573 0.0132021
 1042 0.12 -0.243225 0.013194
 1043 0.2 -0.2428 0.0131882
 1044 0.16 -0.242414 0.0131812
 1045 0.2 -0.24199 0.0131754
 1046 0.2 -0.241568 0.0131696
 1047 0.32 -0.241032 0.0131679
 1048 0.28 -0.240534 0.0131647
 1049 0.2 -0.240114 0.0131589
 1050 0.2 -0.239695 0.013153
 1051 0.12 -0.239353 0.013145
 1052 0.12 -0.239011 0.0131369
 1053 0.08 -0.238708 0.0131279
 1054 0 -0.238482 0.0131174
 1055 0.04 -0.238218 0.0131076
 1056 0.04 -0.237955 0.0130979
 1057 -0.12 -0.237843 0.013086
 1058 -0.28 -0.237883 0.0130736
 1059 -0.28 -0.237923 0.0130613
 1060 -0.24 -0.237925 0.013049
 1061 -0.28 -0.237964 0.0130368
 1062 -0.32 -0.238041 0.0130247
 1063 -0.16 -0.237968 0.0130127
 1064 -0.24 -0.23797 0.0130004
 1065 -0.24 -0.237972 0.0129882
 1066 -0.08 -0.237824 0.0129769
 1067 -0.24 -0.237826 0.0129647
 1068 -0.24 -0.237828 0.0129526
 1069 -0.24 -0.23783 0.0129404
 1070 -0.2 -0.237794 0.0129284
 1071 -0.32 -0.237871 0.0129165
 1072 -0.32 -0.237948 0.0129047
 1073 -0.4 -0.238099 0.0128936
 1074 -0.4 -0.23825 0.0128824
 1075 -0.32 -0.238326 0.0128707
 1076 -0.4 -0.238476 0.0128596
 1077 -0.44 -0.238663 0.012849
 1078 -0.44 -0.23885 0.0128384
 1079 -0.48 -0.239073 0.0128285
 1080 -0.52 -0.239333 0.0128192
 1081 -0.48 -0.239556 0.0128093
 1082 -0.4 -0.239704 0.0127983
 1083 -0.36 -0.239815 0.012787
 1084 -0.32 -0.239889 0.0127754
 1085 -0.28 -0.239926 0.0127637
 1086 -0.24 -0.239926 0.0127519
 1087 -0.12 -0.239816 0.0127407
 1088 -0.12 -0.239706 0.0127294
 1089 -0.2 -0.239669 0.0127178
 1090 -0.16 -0.239596 0.0127063
 1091 -0.16 -0.239523 0.0126949
 1092 -0.2 -0.239487 0.0126833
 1093 -0.2 -0.239451 0.0126717
 1094 -0.2 -0.239415 0.0126602
 1095 -0.24 -0.239416 0.0126486
 1096 -0.4 -0.239562 0.0126379
 1097 -0.48 -0.239781 0.0126283
 1098 -0.44 -0.239964 0.0126181
 1099 -0.4 -0.240109 0.0126075
 1100 -0.44 -0.240291 0.0125973
 1101 -0.48 -0.240509 0.0125877
 1102 -0.44 -0.24069 0.0125776
 1103 -0.4 -0.240834 0.012567
 1104 -0.48 -0.241051 0.0125575
 1105 -0.52 -0.241303 0.0125487
 1106 -0.6 -0.241627 0.0125415
 1107 -0.6 -0.241951 0.0125344
 1108 -0.6 -0.242274 0.0125272
 1109 -0.56 -0.242561 0.0125192
 1110 -0.56 -0.242847 0.0125112
 1111 -0.56 -0.243132 0.0125032
 1112 -0.56 -0.243417 0.0124952
 1113 -0.52 -0.243666 0.0124864
 1114 -0.56 -0.24395 0.0124785
 1115 -0.56 -0.244233 0.0124705
 1116 -0.56 -0.244516 0.0124625
 1117 -0.44 -0.244691 0.0124526
 1118 -0.4 -0.24483 0.0124422
 1119 -0.4 -0.244969 0.0124319
 1120 -0.44 -0.245143 0.012422
 1121 -0.48 -0.245352 0.0124127
 1122 -0.36 -0.245455 0.012402
 1123 -0.32 -0.245521 0.0123911
 1124 -0.36 -0.245623 0.0123805
 1125 -0.28 -0.245653 0.0123696
 1126 -0.36 -0.245755 0.012359
 1127 -0.4 -0.245892 0.0123488
 1128 -0.48 -0.246099 0.0123396
 1129 -0.56 -0.246377 0.0123318
 1130 -0.48 -0.246584 0.0123226
 1131 -0.28 -0.246614 0.0123117
 1132 -0.24 -0.246608 0.0123008
 1133 -0.2 -0.246567 0.01229
 1134 -0.16 -0.24649 0.0122794
 1135 -0.36 -0.24659 0.012269
 1136 -0.28 -0.24662 0.0122583
 1137 -0.36 -0.246719 0.0122479
 1138 -0.4 -0.246854 0.0122378
 1139 -0.36 -0.246953 0.0122275
 1140 -0.24 -0.246947 0.0122168
 1141 -0.32 -0.247011 0.0122062
 1142 -0.28 -0.24704 0.0121956
 1143 -0.4 -0.247174 0.0121856
 1144 -0.4 -0.247308 0.0121757
 1145 -0.48 -0.247511 0.0121668
 1146 -0.52 -0.247749 0.0121585
 1147 -0.56 -0.248021 0.0121509
 1148 -0.56 -0.248293 0.0121434
 1149 -0.56 -0.248564 0.0121358
 1150 -0.56 -0.248835 0.0121283
 1151 -0.52 -0.24907 0.01212
 1152 -0.52 -0.249306 0.0121118
 1153 -0.52 -0.24954 0.0121036
 1154 -0.56 -0.249809 0.0120961
 1155 -0.56 -0.250078 0.0120886
 1156 -0.48 -0.250277 0.0120797
 1157 -0.44 -0.250441 0.0120704
 1158 -0.36 -0.250535 0.0120604
 1159 -0.36 -0.25063 0.0120503
 1160 -0.4 -0.250759 0.0120406
 1161 -0.48 -0.250956 0.0120319
 1162 -0.56 -0.251222 0.0120244
 1163 -0.56 -0.251488 0.012017
 1164 -0.6 -0.251787 0.0120104
 1165 -0.64 -0.25212 0.0120048
 1166 -0.68 -0.252487 0.0120001
 1167 -0.56 -0.252751 0.0119927
 1168 -0.56 -0.253014 0.0119853
 1169 -0.6 -0.253311 0.0119787
 1170 -0.52 -0.253538 0.0119706
 1171 -0.44 -0.253698 0.0119615
 1172 -0.48 -0.253891 0.0119528
 1173 -0.4 -0.254015 0.0119433
 1174 -0.4 -0.25414 0.0119337
 1175 -0.4 -0.254264 0.0119242
 1176 -0.44 -0.254422 0.0119151
 1177 -0.36 -0.254511 0.0119053
 1178 -0.28 -0.254533 0.0118952
 1179 -0.2 -0.254487 0.0118852
 1180 -0.24 -0.254475 0.0118752
 1181 -0.24 -0.254462 0.0118651
 1182 -0.24 -0.25445 0.0118551
 1183 -0.28 -0.254472 0.0118451
 1184 -0.24 -0.254459 0.0118351
 1185 -0.16 -0.25438 0.0118254
 1186 -0.12 -0.254266 0.0118159
 1187 -0.04 -0.254086 0.0118073
 1188 -0.08 -0.253939 0.0117983
 1189 -0.12 -0.253827 0.0117889
 1190 -0.08 -0.253681 0.0117799
 1191 -0.08 -0.253535 0.0117709
 1192 -0.16 -0.253456 0.0117613
 1193 0 -0.253244 0.0117534
 1194 0.04 -0.252998 0.0117461
 1195 0.12 -0.252686 0.0117404
 1196 0.12 -0.252375 0.0117347
 1197 0.16 -0.25203 0.01173
 1198 0.08 -0.251753 0.0117235
 1199 0.04 -0.25151 0.0117162
 1200 0.16 -0.251167 0.0117115
 1201 0.2 -0.250791 0.0117077
 1202 0.16 -0.250449 0.011703
 1203 0.12 -0.250141 0.0116973
 1204 0.08 -0.249867 0.0116908
 1205 0.16 -0.249527 0.011686
 1206 0.12 -0.249221 0.0116804
 1207 0.16 -0.248882 0.0116756
 1208 0.08 -0.248609 0.0116691
 1209 -0.04 -0.248437 0.0116607
 1210 -0.08 -0.248298 0.0116519
 1211 -0.08 -0.248159 0.0116431
 1212 0.04 -0.247921 0.0116359
 1213 0.04 -0.247683 0.0116288
 1214 0.04 -0.247446 0.0116216
 1215 0.12 -0.247144 0.011616
 1216 0.04 -0.246908 0.0116088
 1217 0.08 -0.246639 0.0116024
 1218 0.12 -0.246338 0.0115968
 1219 0.24 -0.245939 0.0115941
 1220 0.2 -0.245574 0.0115904
 1221 0.16 -0.245242 0.0115856
 1222 0.12 -0.244943 0.01158
 1223 0.12 -0.244644 0.0115744
 1224 0.12 -0.244346 0.0115688
 1225 0.16 -0.244016 0.011564
 1226 0.24 -0.243622 0.0115613
 1227 0.28 -0.243195 0.0115598
 1228 0.2 -0.242834 0.011556
 1229 0.2 -0.242474 0.0115522
 1230 0.2 -0.242114 0.0115484
 1231 0.04 -0.241885 0.0115413
 1232 0.12 -0.241591 0.0115357
 1233 0.16 -0.241265 0.0115309
 1234 0.28 -0.240843 0.0115293
 1235 0.2 -0.240486 0.0115255
 1236 0.24 -0.240097 0.0115227
 1237 0.32 -0.239644 0.0115223
 1238 0.32 -0.239192 0.0115219
 1239 0.32 -0.238741 0.0115214
 1240 0.24 -0.238355 0.0115186
 1241 0.28 -0.237937 0.0115169
 1242 0.36 -0.237456 0.0115177
 1243 0.4 -0.236943 0.0115198
 1244 0.4 -0.236431 0.011522
 1245 0.48 -0.235855 0.0115271
 1246 0.6 -0.235185 0.0115373
 1247 0.68 -0.234451 0.0115514
 1248 0.72 -0.233686 0.0115675
 1249 0.8 -0.232858 0.0115878
 1250 0.8 -0.232032 0.011608
 1251 0.84 -0.231175 0.0116303
 1252 0.92 -0.230256 0.0116573
 1253 0.92 -0.229338 0.0116841
 1254 0.92 -0.228421 0.0117107
 1255 0.96 -0.227474 0.0117396
 1256 1 -0.226497 0.0117709
 1257 1 -0.225521 0.011802
 1258 1 -0.224547 0.0118328
 1259 1 -0.223574 0.0118633
 1260 0.96 -0.222635 0.011891
 1261 1 -0.221665 0.0119211
 1262 1 -0.220697 0.0119509
 1263 1 -0.219731 0.0119805
 1264 1 -0.218766 0.0120098
 1265 1 -0.217802 0.012039
 1266 1 -0.21684 0.0120678
 1267 0.92 -0.215943 0.0120917
 1268 1 -0.214984 0.0121201
 1269 1 -0.214027 0.0121483
 1270 1 -0.213071 0.0121764
 1271 1 -0.212116 0.0122042
 1272 1 -0.211164 0.0122317
 1273 1 -0.210212 0.0122591
 1274 0.92 -0.209325 0.0122815
 1275 0.92 -0.208439 0.0123038
 1276 0.92 -0.207555 0.012326
 1277 0.92 -0.206672 0.0123479
 1278 0.88 -0.205822 0.0123675
 1279 1 -0.204879 0.0123937
 1280 1 -0.203937 0.0124198
 1281 1 -0.202998 0.0124456
 1282 1 -0.202059 0.0124713
 1283 1 -0.201122 0.0124967
 1284 0.96 -0.200218 0.0125197
 1285 0.96 -0.199315 0.0125425
 1286 0.96 -0.198414 0.0125651
 1287 0.88 -0.197576 0.0125833
 1288 0.84 -0.19677 0.0125993
 1289 0.8 -0.195997 0.0126132
 1290 0.76 -0.195256 0.0126252
 1291 0.76 -0.194516 0.0126371
 1292 0.8 -0.193746 0.0126507
 1293 0.88 -0.192916 0.0126682
 1294 0.92 -0.192056 0.0126876
 1295 0.92 -0.191197 0.0127068
 1296 0.92 -0.19034 0.012726
 1297 0.88 -0.189514 0.0127429
 1298 0.92 -0.188659 0.0127617
 1299 0.88 -0.187837 0.0127784
 1300 0.92 -0.186985 0.012797
 1301 0.88 -0.186164 0.0128134
 1302 0.8 -0.185407 0.012826
 1303 0.8 -0.184651 0.0128384
 1304 0.8 -0.183896 0.0128508
 1305 0.96 -0.183019 0.0128708
 1306 0.96 -0.182144 0.0128907
 1307 1 -0.181239 0.0129125
 1308 1 -0.180336 0.0129342
 1309 0.96 -0.179465 0.0129537
 1310 1 -0.178565 0.012975
 1311 1 -0.177666 0.0129963
 1312 1 -0.176768 0.0130173
 1313 1 -0.175872 0.0130383
 1314 1 -0.174977 0.013059
 1315 1 -0.174084 0.0130797
 1316 1 -0.173191 0.0131001
 1317 1 -0.172301 0.0131205
 1318 1 -0.171411 0.0131406
 1319 1 -0.170523 0.0131607
 1320 1 -0.169636 0.0131806
 1321 1 -0.168751 0.0132003
 1322 1 -0.167867 0.0132199
 1323 1 -0.166984 0.0132394
 1324 1 -0.166103 0.0132587
 1325 1 -0.165223 0.0132779
 1326 1 -0.164344 0.0132969
 1327 1 -0.163466 0.0133159
 1328 1 -0.16259 0.0133346
 1329 1 -0.161716 0.0133533
 1330 1 -0.160842 0.0133718
 1331 1 -0.15997 0.0133902
 1332 1 -0.159099 0.0134084
 1333 1 -0.15823 0.0134266
 1334 1 -0.157361 0.0134446
 1335 1 -0.156494 0.0134624
 1336 1 -0.155629 0.0134802
 1337 1 -0.154764 0.0134978
 1338 0.92 -0.153961 0.0135116
 1339 0.76 -0.153279 0.0135187
 1340 0.84 -0.152537 0.013529
 1341 0.84 -0.151797 0.0135391
 1342 0.72 -0.151148 0.0135446
 1343 0.72 -0.150499 0.0135501
 1344 0.72 -0.149851 0.0135555
 1345 0.76 -0.149175 0.0135623
 1346 0.76 -0.148499 0.013569
 1347 0.76 -0.147825 0.0135757
 1348 0.76 -0.147151 0.0135823
 1349 0.68 -0.146538 0.0135861
 1350 0.68 -0.145926 0.0135898
 1351 0.76 -0.145255 0.0135963
 1352 0.76 -0.144586 0.0136027
 1353 0.76 -0.143917 0.0136091
 1354 0.72 -0.143279 0.013614
 1355 0.72 -0.142642 0.0136189
 1356 0.76 -0.141976 0.0136251
 1357 0.76 -0.141312 0.0136313
 1358 0.76 -0.140648 0.0136374
 1359 0.8 -0.139956 0.0136449
 1360 0.8 -0.139265 0.0136524
 1361 0.72 -0.138633 0.0136569
 1362 0.76 -0.137974 0.0136629
 1363 0.72 -0.137344 0.0136673
 1364 0.76 -0.136686 0.0136731
 1365 0.76 -0.136029 0.0136789
 1366 0.84 -0.135315 0.0136876
 1367 0.88 -0.134572 0.0136977
 1368 0.84 -0.13386 0.0137062
 1369 0.88 -0.133119 0.0137162
 1370 0.92 -0.13235 0.0137277
 1371 1 -0.131524 0.0137425
 1372 1 -0.1307 0.0137573
 1373 0.96 -0.129905 0.0137702
 1374 1 -0.129083 0.0137847
 1375 1 -0.128262 0.0137991
 1376 1 -0.127442 0.0138134
 1377 1 -0.126623 0.0138277
 1378 1 -0.125806 0.0138418
 1379 1 -0.124989 0.0138558
 1380 1 -0.124174 0.0138698
 1381 1 -0.12336 0.0138836
 1382 1 -0.122547 0.0138973
 1383 1 -0.121735 0.013911
 1384 1 -0.120925 0.0139245
 1385 1 -0.120116 0.013938
 1386 1 -0.119307 0.0139514
 1387 1 -0.1185 0.0139646
 1388 1 -0.117695 0.0139778
 1389 1 -0.11689 0.0139909
 1390 1 -0.116086 0.0140039
 1391 1 -0.115284 0.0140168
 1392 1 -0.114483 0.0140297
 1393 1 -0.113683 0.0140424
 1394 1 -0.112884 0.014055
 1395 1 -0.112086 0.0140676
 1396 0.96 -0.111318 0.0140785
 1397 1 -0.110523 0.0140909
 1398 1 -0.109728 0.0141032
 1399 1 -0.108935 0.0141154
 1400 1 -0.108143 0.0141275
 1401 1 -0.107352 0.0141396
 1402 1 -0.106562 0.0141516
 1403 1 -0.105773 0.0141635
 1404 1 -0.104986 0.0141753
 1405 1 -0.104199 0.014187
 1406 1 -0.103414 0.0141986
 1407 1 -0.10263 0.0142102
 1408 1 -0.101847 0.0142217
 1409 1 -0.101065 0.0142331
 1410 0.92 -0.10034 0.0142414
 1411 0.92 -0.0996173 0.0142497
 1412 0.88 -0.0989235 0.0142565
 1413 0.92 -0.0982024 0.0142646
 1414 0.84 -0.0975389 0.0142699
 1415 0.84 -0.0968763 0.0142752
 1416 0.76 -0.0962712 0.014278
 1417 0.88 -0.0955822 0.0142845
 1418 0.92 -0.094866 0.0142924
 1419 0.92 -0.0941508 0.0143002
 1420 1 -0.0933803 0.0143109
 1421 1 -0.0926108 0.0143215
 1422 1 -0.0918425 0.0143321
 1423 1 -0.0910752 0.0143425
 1424 1 -0.090309 0.0143529
 1425 1 -0.0895439 0.0143632
 1426 1 -0.0887798 0.0143735
 1427 1 -0.0880168 0.0143836
 1428 1 -0.0872549 0.0143938
 1429 1 -0.0864941 0.0144038
 1430 1 -0.0857343 0.0144137
 1431 1 -0.0849755 0.0144236
 1432 1 -0.0842179 0.0144335
 1433 1 -0.0834613 0.0144432
 1434 1 -0.0827057 0.0144529
 1435 1 -0.0819512 0.0144625
 1436 1 -0.0811978 0.0144721
 1437 1 -0.0804454 0.0144816
 1438 1 -0.079694 0.014491
 1439 1 -0.0789437 0.0145003
 1440 1 -0.0781944 0.0145096
 1441 1 -0.0774462 0.0145188
 1442 1 -0.076699 0.014528
 1443 1 -0.0759529 0.0145371
 1444 1 -0.0752078 0.0145461
 1445 1 -0.0744637 0.0145551
 1446 1 -0.0737206 0.014564
 1447 1 -0.0729786 0.0145728
 1448 1 -0.0722376 0.0145816
 1449 0.88 -0.0715804 0.0145863
 1450 0.8 -0.0709793 0.0145886
 1451 0.64 -0.0704893 0.0145868
 1452 0.68 -0.0699725 0.0145859
 1453 0.64 -0.0694838 0.0145841
 1454 0.64 -0.0689959 0.0145822
 1455 0.76 -0.0684261 0.0145833
 1456 0.76 -0.0678571 0.0145844
 1457 0.68 -0.0673439 0.0145834
 1458 0.72 -0.0668038 0.0145834
 1459 0.64 -0.0663194 0.0145815
 1460 0.6 -0.065863 0.0145786
 1461 0.64 -0.0653799 0.0145767
 1462 0.68 -0.06487 0.0145756
 1463 0.64 -0.0643882 0.0145736
 1464 0.6 -0.0639344 0.0145707
 1465 0.56 -0.0635085 0.014567
 1466 0.64 -0.0630286 0.014565
 1467 0.64 -0.0625494 0.0145629
 1468 0.72 -0.0620163 0.0145627
 1469 0.68 -0.0615112 0.0145616
 1470 0.84 -0.060898 0.0145646
 1471 0.72 -0.0603671 0.0145644
 1472 0.68 -0.0598641 0.0145632
 1473 0.72 -0.0593347 0.0145629
 1474 0.8 -0.0587517 0.0145647
 1475 0.84 -0.0581424 0.0145676
 1476 0.8 -0.057561 0.0145693
 1477 0.88 -0.0569262 0.0145733
 1478 0.88 -0.0562923 0.0145772
 1479 0.92 -0.0556322 0.0145823
 1480 0.88 -0.055 0.0145861
 1481 0.88 -0.0543687 0.0145899
 1482 0.8 -0.0537922 0.0145915
 1483 0.8 -0.0532165 0.014593
 1484 0.84 -0.0526146 0.0145956
 1485 0.84 -0.0520135 0.0145981
 1486 0.8 -0.0514401 0.0145996
 1487 0.8 -0.0508675 0.014601
 1488 0.8 -0.0502957 0.0146024
 1489 0.88 -0.0496709 0.0146059
 1490 0.8 -0.0491007 0.0146072
 1491 0.76 -0.048558 0.0146075
 1492 0.68 -0.0480697 0.0146059
 1493 0.68 -0.047582 0.0146043
 1494 0.76 -0.0470415 0.0146045
 1495 0.76 -0.0465017 0.0146047
 1496 0.72 -0.0459893 0.0146039
 1497 0.68 -0.0455043 0.0146022
 1498 0.68 -0.04502 0.0146005
 1499 0.68 -0.0445364 0.0145988
 1500 0.64 -0.04408 0.0145962
 1501 0.6 -0.0436509 0.0145928
 1502 0.48 -0.0433023 0.0145872
 1503 0.52 -0.0429275 0.0145823
 1504 0.48 -0.0425798 0.0145768
 1505 0.44 -0.0422591 0.0145706
 1506 0.44 -0.0419389 0.0145644
 1507 0.48 -0.0415926 0.0145589
 1508 0.44 -0.0412732 0.0145527
 1509 0.48 -0.0409278 0.0145472
 1510 0.4 -0.0406358 0.0145405
 1511 0.48 -0.0402912 0.014535
 1512 0.48 -0.0399471 0.0145294
 1513 0.52 -0.039577 0.0145245
 1514 0.56 -0.039181 0.0145203
 1515 0.6 -0.0387591 0.0145169
 1516 0.6 -0.0383377 0.0145134
 1517 0.64 -0.0378906 0.0145107
 1518 0.64 -0.037444 0.014508
 1519 0.56 -0.0370507 0.0145038
 1520 0.56 -0.0366579 0.0144996
 1521 0.48 -0.0363182 0.014494
 1522 0.48 -0.035979 0.0144885
 1523 0.44 -0.0356664 0.0144823
 1524 0.36 -0.0354068 0.0144752
 1525 0.36 -0.0351475 0.014468
 1526 0.36 -0.0348886 0.0144608
 1527 0.28 -0.0346824 0.0144528
 1528 0.4 -0.0343979 0.0144462
 1529 0.4 -0.0341138 0.0144395
 1530 0.44 -0.0338039 0.0144334
 1531 0.36 -0.0335467 0.0144263
 1532 0.36 -0.0332898 0.0144191
 1533 0.4 -0.0330072 0.0144125
 1534 0.44 -0.0326988 0.0144064
 1535 0.56 -0.0323127 0.0144022
 1536 0.6 -0.031901 0.0143987
 1537 0.64 -0.0314639 0.014396
 1538 0.6 -0.0310533 0.0143925
 1539 0.6 -0.0306433 0.0143889
 1540 0.6 -0.0302338 0.0143854
 1541 0.64 -0.0297988 0.0143827
 1542 0.6 -0.0293904 0.0143791
 1543 0.52 -0.0290343 0.0143742
 1544 0.48 -0.0287047 0.0143687
 1545 0.56 -0.0283236 0.0143644
 1546 0.48 -0.0279948 0.0143589
 1547 0.44 -0.0276923 0.0143528
 1548 0.52 -0.0273385 0.0143479
 1549 0.52 -0.0269852 0.014343
 1550 0.52 -0.0266323 0.0143381
 1551 0.4 -0.0263572 0.0143315
 1552 0.4 -0.0260825 0.0143249
 1553 0.48 -0.0257566 0.0143194
 1554 0.52 -0.0254054 0.0143144
 1555 0.56 -0.0250289 0.0143102
 1556 0.6 -0.0246272 0.0143066
 1557 0.64 -0.0242004 0.0143038
 1558 0.68 -0.0237484 0.0143018
 1559 0.44 -0.0234509 0.0142957
 1560 0.24 -0.0232821 0.0142875
 1561 0.16 -0.0231646 0.0142788
 1562 0.16 -0.0230474 0.0142702
 1563 0.08 -0.0229814 0.0142612
 1564 -0.04 -0.0229923 0.0142521
 1565 0 -0.0229776 0.014243
 1566 0 -0.022963 0.0142339
 1567 0.04 -0.0229228 0.0142249
 1568 0.12 -0.0228316 0.0142161
 1569 0.28 -0.0226386 0.0142083
 1570 0.2 -0.0224968 0.0142
 1571 0.24 -0.0223297 0.0141919
 1572 0.12 -0.0222392 0.0141832
 1573 0.12 -0.0221488 0.0141745
 1574 0.12 -0.0220584 0.0141657
 1575 0.08 -0.0219937 0.0141569
 1576 0.08 -0.0219289 0.014148
 1577 0.12 -0.0218389 0.0141394
 1578 0.08 -0.0217744 0.0141305
 1579 0.16 -0.0216593 0.0141221
 1580 0.16 -0.0215443 0.0141136
 1581 0.08 -0.0214801 0.0141048
 1582 0.16 -0.0213654 0.0140964
 1583 0.16 -0.0212508 0.0140879
 1584 0.12 -0.0211616 0.0140793
 1585 0.16 -0.0210473 0.0140709
 1586 0.24 -0.0208827 0.014063
 1587 0.2 -0.0207435 0.0140548
 1588 0.2 -0.0206045 0.0140466
 1589 0.2 -0.0204657 0.0140385
 1590 0.36 -0.0202264 0.0140317
 1591 0.4 -0.0199623 0.0140253
 1592 0.44 -0.0196734 0.0140195
 1593 0.2 -0.0195355 0.0140114
 1594 0.36 -0.0192974 0.0140046
 1595 0.32 -0.0190846 0.0139974
 1596 0.36 -0.0188471 0.0139907
 1597 0.28 -0.01866 0.0139832
 1598 0.32 -0.0184481 0.013976
 1599 0.36 -0.0182114 0.0139693
 1600 0.36 -0.017975 0.0139626
 1601 0.32 -0.0177639 0.0139554
 1602 0.2 -0.017628 0.0139474
 1603 0.2 -0.0174922 0.0139393
 1604 0.24 -0.0173317 0.0139316
 1605 0.28 -0.0171464 0.0139241
 1606 0.24 -0.0169863 0.0139164
 1607 0.12 -0.0169011 0.013908
 1608 0.08 -0.0168408 0.0138994
 1609 0.04 -0.0168055 0.0138908
 1610 0 -0.016795 0.0138822
 1611 0.08 -0.0167349 0.0138737
 1612 -0.08 -0.0167742 0.0138652
 1613 -0.16 -0.016863 0.0138569
 1614 -0.12 -0.0169269 0.0138484
 1615 0.08 -0.0168669 0.01384
 1616 0.12 -0.0167822 0.0138317
 1617 0.2 -0.0166481 0.0138238
 1618 0.16 -0.0165389 0.0138156
 1619 0.16 -0.0164299 0.0138075
 1620 0.24 -0.0162716 0.0137999
 1621 0.24 -0.0161135 0.0137923
 1622 0.24 -0.0159556 0.0137847
 1623 0.24 -0.0157979 0.0137771
 1624 0.24 -0.0156404 0.0137695
 1625 0.32 -0.0154338 0.0137626
 1626 0.32 -0.0152276 0.0137557
 1627 0.28 -0.0150461 0.0137484
 1628 0.4 -0.0147912 0.0137423
 1629 0.4 -0.0145365 0.0137363
 1630 0.48 -0.0142331 0.0137312
 1631 0.52 -0.0139056 0.0137267
 1632 0.44 -0.0136275 0.0137211
 1633 0.44 -0.0133497 0.0137155
 1634 0.44 -0.0130722 0.0137099
 1635 0.44 -0.0127951 0.0137043
 1636 0.48 -0.0124939 0.0136992
 1637 0.44 -0.0122175 0.0136937
 1638 0.4 -0.0119658 0.0136876
 1639 0.36 -0.0117389 0.0136811
 1640 0.48 -0.011439 0.0136761
 1641 0.52 -0.0111152 0.0136716
 1642 0.64 -0.0107186 0.013669
 1643 0.6 -0.0103469 0.0136657
 1644 0.6 -0.00997567 0.0136625
 1645 0.68 -0.00955623 0.0136606
 1646 0.76 -0.0090887 0.0136603
 1647 0.84 -0.00857316 0.0136617
 1648 0.72 -0.00813107 0.0136606
 1649 0.64 -0.00773802 0.013658
 1650 0.68 -0.00732121 0.0136561
 1651 0.6 -0.00695336 0.0136527
 1652 0.6 -0.00658596 0.0136494
 1653 0.6 -0.006219 0.0136461
 1654 0.64 -0.0058283 0.0136434
 1655 0.6 -0.00546224 0.0136401
 1656 0.4 -0.00521739 0.0136341
 1657 0.44 -0.0049487 0.0136285
 1658 0.4 -0.00470446 0.0136225
 1659 0.32 -0.00450874 0.0136156
 1660 0.36 -0.00428916 0.0136092
 1661 0.36 -0.00406984 0.0136028
 1662 0.28 -0.00389892 0.0135957
 1663 0.32 -0.00370415 0.0135889
 1664 0.48 -0.00341346 0.0135838
 1665 0.56 -0.00307508 0.0135799
 1666 0.48 -0.00278511 0.0135748
 1667 0.6 -0.00242352 0.0135715
 1668 0.76 -0.00196643 0.0135711
 1669 0.8 -0.00148592 0.0135714
 1670 0.76 -0.00102994 0.013571
 1671 0.76 -0.000574506 0.0135705
 1672 0.76 -0.000119617 0.01357
 1673 0.72 0.000310819 0.0135687
 1674 0.64 0.000692951 0.013566
 1675 0.64 0.00107463 0.0135633
 1676 0.6 0.00143198 0.0135599
 1677 0.6 0.00178891 0.0135565
 1678 0.72 0.00221692 0.0135552
 1679 0.68 0.00262061 0.0135531
 1680 0.72 0.00304762 0.0135518
 1681 0.72 0.00347412 0.0135504
 1682 0.68 0.00387634 0.0135483
 1683 0.72 0.00430184 0.013547
 1684 0.76 0.00475059 0.0135463
 1685 0.64 0.0051276 0.0135436
 1686 0.68 0.00552788 0.0135414
 1687 0.72 0.00595139 0.01354
 1688 0.8 0.0064218 0.0135402
 1689 0.84 0.00691533 0.0135412
 1690 0.88 0.00743195 0.013543
 1691 0.88 0.00794796 0.0135448
 1692 0.92 0.008487 0.0135475
 1693 0.84 0.00897815 0.0135484
 1694 0.88 0.00949233 0.0135502
 1695 0.84 0.0099823 0.0135511
 1696 0.8 0.0104481 0.0135511
 1697 0.84 0.0109369 0.0135519
 1698 0.84 0.0114252 0.0135527
 1699 0.88 0.0119364 0.0135544
 1700 0.88 0.0124471 0.013556
 1701 0.72 0.012863 0.0135545
 1702 0.68 0.013255 0.0135522
 1703 0.68 0.0136465 0.0135499
 1704 0.72 0.014061 0.0135482
 1705 0.72 0.0144751 0.0135466
 1706 0.68 0.0148652 0.0135443
 1707 0.52 0.0151611 0.0135396
 1708 0.52 0.0154567 0.0135349
 1709 0.64 0.0158221 0.0135319
 1710 0.56 0.0161404 0.0135277
 1711 0.56 0.0164582 0.0135236
 1712 0.52 0.0167523 0.0135189
 1713 0.4 0.0169761 0.0135128
 1714 0.32 0.0171529 0.0135061
 1715 0.24 0.0172828 0.0134988
 1716 0.28 0.0174359 0.0134918
 1717 0.28 0.0175888 0.0134848
 1718 0.24 0.0177183 0.0134776
 1719 0.16 0.017801 0.01347
 1720 0.24 0.0179302 0.0134628
 1721 0.2 0.018036 0.0134554
 1722 0.2 0.0181417 0.013448
 1723 0.24 0.0182705 0.0134408
 1724 0.24 0.0183991 0.0134336
 1725 0.28 0.0185507 0.0134267
 1726 0.32 0.0187254 0.01342
 1727 0.44 0.0189693 0.0134145
 1728 0.56 0.0192824 0.0134104
 1729 0.52 0.019572 0.0134058
 1730 0.44 0.019815 0.0134002
 1731 0.44 0.0200578 0.0133947
 1732 0.4 0.0202771 0.0133887
 1733 0.36 0.0204732 0.0133824
 1734 0.32 0.0206459 0.0133758
 1735 0.24 0.0207723 0.0133687
 1736 0.2 0.0208756 0.0133614
 1737 0.16 0.0209557 0.013354
 1738 0.2 0.0210587 0.0133467
 1739 0.16 0.0211386 0.0133392
 1740 0.08 0.0211724 0.0133316
 1741 0 0.0211603 0.013324
 1742 -0.08 0.0211022 0.0133164
 1743 -0.12 0.0210212 0.013309
 1744 -0.04 0.0209862 0.0133014
 1745 0.04 0.0209971 0.0132938
 1746 0.08 0.0210309 0.0132862
 1747 0.04 0.0210418 0.0132786
 1748 0.04 0.0210526 0.0132711
 1749 0.08 0.0210863 0.0132635
 1750 0.12 0.0211429 0.013256
 1751 0.12 0.0211993 0.0132486
 1752 0.2 0.0213014 0.0132414
 1753 0.2 0.0214033 0.0132343
 1754 0.16 0.0214823 0.0132269
 1755 0.2 0.021584 0.0132198
 1756 0.08 0.0216173 0.0132123
 1757 0.2 0.0217188 0.0132052
 1758 0.28 0.0218658 0.0131985
 1759 0.28 0.0220125 0.0131918
 1760 0.36 0.0222045 0.0131857
 1761 0.2 0.0223055 0.0131786
 1762 0.24 0.0224291 0.0131717
 1763 0.2 0.0225298 0.0131646
 1764 0.16 0.0226077 0.0131574
 1765 0.12 0.0226629 0.01315
 1766 0.08 0.0226954 0.0131426
 1767 0.08 0.0227278 0.0131352
 1768 0.12 0.0227828 0.0131279
 1769 0.12 0.0228378 0.0131206
 1770 0.08 0.0228701 0.0131132
 1771 0.04 0.0228797 0.0131058
 1772 0 0.0228668 0.0130984
 1773 0.04 0.0228765 0.013091
 1774 -0.04 0.022841 0.0130837
 1775 -0.08 0.0227831 0.0130765
 1776 -0.16 0.0226802 0.0130695
 1777 -0.2 0.0225549 0.0130627
 1778 -0.16 0.0224522 0.0130558
 1779 -0.12 0.0223721 0.0130487
 1780 -0.16 0.0222697 0.0130418
 1781 -0.08 0.0222122 0.0130346
 1782 0 0.0221998 0.0130273
 1783 0 0.0221873 0.01302
 1784 0.04 0.0221973 0.0130127
 1785 -0.04 0.0221625 0.0130054
 1786 -0.08 0.0221053 0.0129983
 1787 -0.16 0.0220034 0.0129914
 1788 -0.24 0.0218568 0.0129849
 1789 -0.2 0.0217328 0.0129783
 1790 -0.2 0.0216089 0.0129716
 1791 -0.2 0.0214852 0.012965
 1792 -0.16 0.0213839 0.0129581
 1793 -0.12 0.0213051 0.0129511
 1794 -0.12 0.0212263 0.0129442
 1795 -0.12 0.0211476 0.0129372
 1796 -0.12 0.021069 0.0129302
 1797 0 0.0210573 0.012923
 1798 0.08 0.0210901 0.0129159
 1799 0.16 0.0211673 0.0129089
 1800 0.24 0.0212889 0.0129023
 1801 0.2 0.0213881 0.0128955
 1802 0.16 0.021465 0.0128886
 1803 0.12 0.0215197 0.0128816
 1804 0.24 0.0216408 0.012875
 1805 0.16 0.0217175 0.0128681
 1806 0.24 0.0218383 0.0128615
 1807 0.2 0.0219369 0.0128548
 1808 0.12 0.0219912 0.0128478
 1809 0.16 0.0220674 0.0128409
 1810 0.28 0.0222099 0.0128346
 1811 0.28 0.0223523 0.0128283
 1812 0.32 0.0225166 0.0128223
 1813 0.32 0.0226806 0.0128163
 1814 0.36 0.0228666 0.0128105
 1815 0.28 0.0230083 0.0128043
 1816 0.32 0.0231718 0.0127983
 1817 0.28 0.0233132 0.012792
 1818 0.24 0.0234323 0.0127855
 1819 0.36 0.0236174 0.0127798
 1820 0.28 0.0237582 0.0127736
 1821 0.2 0.023855 0.0127669
 1822 0.16 0.0239297 0.0127601
 1823 0.04 0.0239386 0.0127531
 1824 0.04 0.0239474 0.0127461
 1825 0.04 0.0239562 0.0127392
 1826 0.12 0.0240088 0.0127323
 1827 0.12 0.0240613 0.0127254
 1828 0.04 0.02407 0.0127185
 1829 0.12 0.0241225 0.0127116
 1830 0.16 0.0241967 0.0127049
 1831 0.2 0.0242927 0.0126983
 1832 0.36 0.024476 0.0126927
 1833 0.4 0.0246809 0.0126874
 1834 0.48 0.0249291 0.0126829
 1835 0.56 0.0252207 0.0126794
 1836 0.52 0.0254902 0.0126753
 1837 0.48 0.0257376 0.0126708
 1838 0.48 0.0259848 0.0126664
 1839 0.56 0.0262751 0.0126628
 1840 0.52 0.0265435 0.0126588
 1841 0.52 0.0268115 0.0126547
 1842 0.44 0.0270358 0.0126498
 1843 0.4 0.0272382 0.0126446
 1844 0.44 0.027462 0.0126397
 1845 0.44 0.0276856 0.0126348
 1846 0.44 0.027909 0.01263
 1847 0.48 0.0281538 0.0126255
 1848 0.56 0.0284416 0.012622
 1849 0.52 0.0287074 0.0126179
 1850 0.52 0.028973 0.0126139
 1851 0.56 0.0292599 0.0126103
 1852 0.56 0.0295464 0.0126068
 1853 0.56 0.0298327 0.0126032
 1854 0.68 0.0301834 0.0126013
 1855 0.68 0.0305337 0.0125994
 1856 0.6 0.0308405 0.0125963
 1857 0.6 0.031147 0.0125933
 1858 0.6 0.0314532 0.0125902
 1859 0.4 0.0316514 0.012585
 1860 0.4 0.0318495 0.0125798
 1861 0.44 0.0320688 0.012575
 1862 0.44 0.0322879 0.0125701
 1863 0.44 0.0325067 0.0125653
 1864 0.36 0.0326824 0.0125598
 1865 0.32 0.0328365 0.012554
 1866 0.36 0.0330118 0.0125485
 1867 0.28 0.0331441 0.0125424
 1868 0.4 0.0333405 0.0125373
 1869 0.4 0.0335367 0.0125321
 1870 0.6 0.0338396 0.012529
 1871 0.56 0.0341208 0.0125255
 1872 0.64 0.0344444 0.012523
 1873 0.56 0.034725 0.0125195
 1874 0.48 0.0349626 0.012515
 1875 0.44 0.0351787 0.0125102
 1876 0.48 0.0354158 0.0125058
 1877 0.48 0.0356526 0.0125014
 1878 0.44 0.0358679 0.0124966
 1879 0.44 0.036083 0.0124918
 1880 0.36 0.0362553 0.0124863
 1881 0.44 0.03647 0.0124815
 1882 0.64 0.0367906 0.012479
 1883 0.56 0.0370685 0.0124755
 1884 0.36 0.0372399 0.01247
 1885 0.48 0.0374748 0.0124656
 1886 0.4 0.037667 0.0124605
 1887 0.4 0.037859 0.0124554
 1888 0.4 0.0380508 0.0124502
 1889 0.4 0.0382425 0.0124451
 1890 0.48 0.0384762 0.0124407
 1891 0.68 0.0388154 0.0124388
 1892 0.8 0.0392178 0.0124387
 1893 0.84 0.0396408 0.0124393
 1894 0.72 0.04 0.012438
 1895 0.8 0.0404011 0.0124379
 1896 0.84 0.0408228 0.0124384
 1897 0.84 0.0412441 0.012439
 1898 0.92 0.0417071 0.0124411
 1899 0.84 0.0421274 0.0124416
 1900 0.8 0.0425263 0.0124415
 1901 0.84 0.0429458 0.012442
 1902 0.76 0.0433228 0.0124412
 1903 0.84 0.0437415 0.0124417
 1904 1 0.0442437 0.0124453
 1905 1 0.0447454 0.0124489
 1906 1 0.0452466 0.0124524
 1907 1 0.0457472 0.012456
 1908 1 0.0462474 0.0124595
 1909 0.96 0.046726 0.0124621
 1910 1 0.0472251 0.0124656
 1911 1 0.0477237 0.0124691
 1912 1 0.0482218 0.0124725
 1913 1 0.0487193 0.0124759
 1914 0.96 0.0491954 0.0124785
 1915 1 0.0496919 0.0124818
 1916 1 0.0501879 0.0124852
 1917 1 0.0506834 0.0124885
 1918 1 0.0511783 0.0124918
 1919 1 0.0516727 0.012495
 1920 1 0.0521667 0.0124983
 1921 1 0.0526601 0.0125015
 1922 1 0.053153 0.0125047
 1923 1 0.0536453 0.0125079
 1924 1 0.0541372 0.0125111
 1925 1 0.0546286 0.0125142
 1926 1 0.0551194 0.0125174
 1927 1 0.0556098 0.0125205
 1928 1 0.0560996 0.0125236
 1929 1 0.0565889 0.0125266
 1930 1 0.0570777 0.0125297
 1931 1 0.057566 0.0125327
 1932 1 0.0580538 0.0125357
 1933 1 0.0585411 0.0125387
 1934 1 0.0590279 0.0125417
 1935 1 0.0595142 0.0125446
 1936 1 0.06 0.0125475
 1937 1 0.0604853 0.0125504
 1938 1 0.0609701 0.0125533
 1939 1 0.0614544 0.0125562
 1940 1 0.0619381 0.012559
 1941 1 0.0624214 0.0125619
 1942 1 0.0629042 0.0125647
 1943 1 0.0633865 0.0125675
 1944 1 0.0638683 0.0125702
 1945 1 0.0643496 0.012573
 1946 1 0.0648304 0.0125757
 1947 0.92 0.0652696 0.0125769
 1948 0.92 0.0657084 0.0125781
 1949 0.96 0.0661673 0.0125801
 1950 1 0.0666462 0.0125827
 1951 0.96 0.067104 0.0125846
 1952 1 0.067582 0.0125872
 1953 1 0.0680594 0.0125898
 1954 1 0.0685363 0.0125924
 1955 1 0.0690128 0.012595
 1956 1 0.0694888 0.0125976
 1957 1 0.0699642 0.0126001
 1958 1 0.0704392 0.0126026
 1959 1 0.0709137 0.0126051
 1960 1 0.0713878 0.0126076
 1961 1 0.0718613 0.01261
 1962 1 0.0723344 0.0126125
 1963 1 0.0728069 0.0126149
 1964 1 0.073279 0.0126173
 1965 1 0.0737506 0.0126197
 1966 1 0.0742218 0.0126221
 1967 1 0.0746924 0.0126245
 1968 1 0.0751626 0.0126268
 1969 1 0.0756323 0.0126291
 1970 1 0.0761015 0.0126314
 1971 1 0.0765703 0.0126337
 1972 1 0.0770385 0.012636
 1973 1 0.0775063 0.0126382
 1974 1 0.0779737 0.0126405
 1975 1 0.0784405 0.0126427
 1976 1 0.0789069 0.0126449
 1977 0.96 0.0793526 0.0126464
 1978 0.88 0.0797573 0.0126464
 1979 0.88 0.0801617 0.0126465
 1980 0.8 0.0805253 0.0126454
 1981 0.88 0.0809288 0.0126454
 1982 0.92 0.0813522 0.0126461
 1983 0.88 0.0817549 0.0126462
 1984 0.92 0.0821774 0.0126468
 1985 0.92 0.0825995 0.0126475
 1986 0.88 0.083001 0.0126475
 1987 0.76 0.0833417 0.0126457
 1988 0.52 0.0835614 0.0126413
 1989 0.44 0.0837406 0.0126362
 1990 0.4 0.0838995 0.0126309
 1991 0.36 0.0840382 0.0126253
 1992 0.12 0.0840562 0.0126189
 1993 0.24 0.0841345 0.0126129
 1994 0.16 0.0841725 0.0126066
 1995 0.24 0.0842506 0.0126005
 1996 0.36 0.0843888 0.0125949
 1997 0.44 0.0845669 0.0125899
 1998 0.44 0.0847447 0.0125849
 1999 0.52 0.0849625 0.0125804
 2000 0.6 0.08522 0.0125768
