 1 29.2571 29.2571 0
 2 25.7143 27.4857 1.77143
 3 29.2571 28.0762 1.18095
 4 33.0286 29.3143 1.49339
 5 41.2571 31.7029 2.65394
 6 55.3143 35.6381 4.4924
 7 55.3143 38.449 4.72404
 8 50.4 39.9429 4.35535
 9 41.2571 40.0889 3.84383
 10 65.8286 42.6629 4.29481
 11 71.4286 45.2779 4.68297
 12 71.4286 47.4571 4.79835
 13 65.8286 48.8703 4.63456
 14 71.4286 50.4816 4.58334
 15 71.4286 51.8781 4.48956
 16 71.4286 53.1 4.37375
 17 71.4286 54.1782 4.24753
 18 71.4286 55.1365 4.11769
 19 71.4286 55.994 3.98821
 20 71.4286 56.7657 3.86146
 21 71.4286 57.4639 3.73875
 22 71.4286 58.0987 3.62084
 23 71.4286 58.6783 3.50803
 24 71.4286 59.2095 3.40044
 25 71.4286 59.6983 3.29801
 26 71.4286 60.1495 3.20058
 27 71.4286 60.5672 3.10796
 28 71.4286 60.9551 3.01993
 29 71.4286 61.3163 2.93623
 30 71.4286 61.6533 2.85662
 31 60.4571 61.6147 2.76321
 32 50.4 61.2643 2.69832
 33 71.4286 61.5723 2.63335
 34 71.4286 61.8622 2.57112
 35 71.4286 62.1355 2.51149
 36 71.4286 62.3937 2.45435
 37 71.4286 62.6378 2.39955
 38 71.4286 62.8692 2.34698
 39 71.4286 63.0886 2.29652
 40 71.4286 63.2971 2.24806
 41 71.4286 63.4955 2.20149
 42 71.4286 63.6844 2.15672
 43 71.4286 63.8645 2.11366
 44 71.4286 64.0364 2.0722
 45 71.4286 64.2006 2.03228
 46 71.4286 64.3578 1.99381
 47 71.4286 64.5082 1.95672
 48 71.4286 64.6524 1.92094
 49 71.4286 64.7907 1.88641
 50 71.4286 64.9234 1.85305
 51 71.4286 65.051 1.82083
 52 71.4286 65.1736 1.78968
 53 71.4286 65.2916 1.75955
 54 71.4286 65.4053 1.73039
 55 71.4286 65.5148 1.70217
 56 71.4286 65.6204 1.67483
 57 71.4286 65.7223 1.64833
 58 71.4286 65.8207 1.62265
 59 65.8286 65.8208 1.59491
 60 71.4286 65.9143 1.57089
 61 71.4286 66.0047 1.54756
 62 71.4286 66.0922 1.52491
 63 71.4286 66.1769 1.5029
 64 71.4286 66.2589 1.4815
 65 55.3143 66.0905 1.46822
 66 71.4286 66.1714 1.44806
 67 65.8286 66.1663 1.42629
 68 71.4286 66.2437 1.40729
 69 71.4286 66.3188 1.38878
 70 65.8286 66.3118 1.36882
 71 60.4571 66.2294 1.35192
 72 71.4286 66.3016 1.33496
 73 71.4286 66.3718 1.31842
 74 71.4286 66.4402 1.30228
 75 71.4286 66.5067 1.28651
 76 71.4286 66.5714 1.27112
 77 71.4286 66.6345 1.25609
 78 71.4286 66.696 1.24141
 79 71.4286 66.7559 1.22706
 80 71.4286 66.8143 1.21303
 81 65.8286 66.8021 1.19802
 82 65.8286 66.7902 1.18338
 83 71.4286 66.8461 1.17037
 84 71.4286 66.9007 1.15764
 85 45.7143 66.6514 1.17078
 86 45.7143 66.408 1.18242
 87 45.7143 66.1701 1.19271
 88 33.0286 65.7935 1.23776
 89 33.0286 65.4254 1.27795
 90 29.2571 65.0235 1.32603
 91 19.3143 64.5212 1.40429
 92 9.25714 63.9205 1.51327
 93 16.4571 63.4101 1.58152
 94 11.4286 62.8571 1.65946
 95 11.4286 62.3158 1.72884
 96 16.4571 61.8381 1.77618
 97 11.4286 61.3184 1.83298
 98 9.25714 60.7872 1.89036
 99 9.25714 60.2667 1.94222
 100 5.6 59.72 1.9989
 101 13.8286 59.2656 2.0305
 102 13.8286 58.8202 2.05926
 103 16.4571 58.4089 2.08023
 104 29.2571 58.1286 2.07911
 105 33.0286 57.8895 2.07305
 106 33.0286 57.655 2.06675
 107 25.7143 57.3565 2.06899
 108 22.4 57.0328 2.07514
 109 22.4 56.7151 2.08042
 110 25.7143 56.4332 2.08059
 111 19.3143 56.0988 2.08871
 112 25.7143 55.8276 2.08768
 113 33.0286 55.6258 2.07893
 114 50.4 55.5799 2.06113
 115 50.4 55.5349 2.04362
 116 50.4 55.4906 2.02641
 117 45.7143 55.4071 2.01075
 118 45.7143 55.3249 1.99533
 119 41.2571 55.2067 1.98202
 120 45.7143 55.1276 1.96703
 121 45.7143 55.0498 1.95225
 122 45.7143 54.9733 1.9377
 123 41.2571 54.8618 1.92511
 124 41.2571 54.7521 1.91267
 125 29.2571 54.5481 1.90824
 126 25.7143 54.3193 1.90682
 127 29.2571 54.1219 1.90201
 128 19.3143 53.85 1.90658
 129 13.8286 53.5398 1.91702
 130 11.4286 53.2158 1.9296
 131 7.31429 52.8654 1.94661
 132 5.6 52.5074 1.96471
 133 7.31429 52.1676 1.97927
 134 11.4286 51.8635 1.98783
 135 13.8286 51.5818 1.99306
 136 22.4 51.3672 1.98995
 137 13.8286 51.0932 1.99429
 138 11.4286 50.8058 2.00054
 139 11.4286 50.5225 2.0062
 140 11.4286 50.2433 2.01129
 141 19.3143 50.0239 2.00899
 142 13.8286 49.769 2.01101
 143 13.8286 49.5177 2.01265
 144 9.25714 49.2381 2.01809
 145 11.4286 48.9773 2.02101
 146 4.11429 48.6701 2.03051
 147 1.02857 48.346 2.04252
 148 0.457143 48.0224 2.05432
 149 0 47.7001 2.06578
 150 0.114286 47.3829 2.07634
 151 1.02857 47.0759 2.08527
 152 0.457143 46.7692 2.09408
 153 1.02857 46.4702 2.10172
 154 1.82857 46.1803 2.10806
 155 0.457143 45.8853 2.11508
 156 0.114286 45.5919 2.12187
 157 1.82857 45.3132 2.12665
 158 1.82857 45.038 2.131
 159 4.11429 44.7806 2.13314
 160 1.02857 44.5071 2.13733
 161 0.114286 44.2314 2.14184
 162 0 43.9584 2.14601
 163 2.85714 43.7062 2.14766
 164 1.02857 43.446 2.15033
 165 1.82857 43.1938 2.15209
 166 4.11429 42.9583 2.152
 167 11.4286 42.7695 2.14739
 168 5.6 42.5483 2.14601
 169 9.25714 42.3513 2.14235
 170 9.25714 42.1566 2.13859
 171 16.4571 42.0063 2.13135
 172 11.4286 41.8286 2.12636
 173 11.4286 41.6528 2.12133
 174 11.4286 41.4791 2.11624
 175 9.25714 41.295 2.11216
 176 4.11429 41.0838 2.11072
 177 1.82857 40.862 2.11045
 178 0.457143 40.635 2.1108
 179 2.85714 40.4239 2.10956
 180 1.02857 40.2051 2.10919
 181 1.02857 39.9886 2.10864
 182 2.85714 39.7846 2.10692
 183 1.02857 39.5728 2.10606
 184 1.82857 39.3677 2.1046
 185 1.02857 39.1605 2.10343
 186 1.02857 38.9555 2.10211
 187 1.82857 38.7569 2.10024
 188 0.114286 38.5514 2.09913
 189 0.114286 38.348 2.09787
 190 0 38.1462 2.09654
 191 1.02857 37.9518 2.09457
 192 1.02857 37.7595 2.09249
 193 2.85714 37.5787 2.08946
 194 1.82857 37.3944 2.08681
 195 0.114286 37.2032 2.08487
 196 1.82857 37.0227 2.08204
 197 0.114286 36.8354 2.0799
 198 1.82857 36.6586 2.07691
 199 4.11429 36.495 2.0729
 200 4.11429 36.3331 2.06886
 201 2.85714 36.1666 2.06527
 202 4.11429 36.0079 2.06113
 203 7.31429 35.8666 2.05582
 204 9.25714 35.7361 2.04987
 205 9.25714 35.607 2.04393
 206 5.6 35.4613 2.0392
 207 9.25714 35.3347 2.03327
 208 11.4286 35.2198 2.02673
 209 11.4286 35.1059 2.02022
 210 13.8286 35.0046 2.01313
 211 16.4571 34.9167 2.00549
 212 16.4571 34.8296 1.99791
 213 29.2571 34.8035 1.98868
 214 33.0286 34.7952 1.97938
 215 37.0286 34.8056 1.97018
 216 33.0286 34.7974 1.96105
 217 37.0286 34.8076 1.95202
 218 19.3143 34.7366 1.94435
 219 19.3143 34.6661 1.93673
 220 22.4 34.6104 1.92871
 221 22.4 34.5551 1.92076
 222 25.7143 34.5153 1.9125
 223 25.7143 34.4758 1.90431
 224 19.3143 34.4082 1.897
 225 19.3143 34.3411 1.88974
 226 19.3143 34.2746 1.88254
 227 19.3143 34.2087 1.87538
 228 19.3143 34.1434 1.86828
 229 16.4571 34.0661 1.86171
 230 16.4571 33.9896 1.85518
 231 9.25714 33.8825 1.85023
 232 11.4286 33.7857 1.84478
 233 19.3143 33.7236 1.83789
 234 16.4571 33.6498 1.83151
 235 19.3143 33.5888 1.82472
 236 22.4 33.5414 1.81759
 237 13.8286 33.4582 1.81181
 238 13.8286 33.3758 1.80607
 239 16.4571 33.305 1.79989
 240 22.4 33.2595 1.79295
 241 33.0286 33.2586 1.7855
 242 25.7143 33.2274 1.77838
 243 25.7143 33.1965 1.77131
 244 25.7143 33.1658 1.7643
 245 29.2571 33.1499 1.75716
 246 25.7143 33.1196 1.75026
 247 13.8286 33.0415 1.74491
 248 16.4571 32.9747 1.73915
 249 19.3143 32.9198 1.73302
 250 16.4571 32.8539 1.72733
 251 16.4571 32.7886 1.72167
 252 19.3143 32.7351 1.71566
 253 9.25714 32.6423 1.71138
 254 5.6 32.5359 1.70795
 255 2.85714 32.4195 1.70522
 256 4.11429 32.3089 1.70214
 257 9.25714 32.2192 1.69787
 258 11.4286 32.1386 1.6932
 259 13.8286 32.068 1.68813
 260 13.8286 31.9978 1.68309
 261 19.3143 31.9492 1.67733
 262 25.7143 31.9254 1.67109
 263 29.2571 31.9153 1.66475
 264 29.2571 31.9052 1.65846
 265 22.4 31.8693 1.65258
 266 29.2571 31.8595 1.64639
 267 22.4 31.8241 1.64059
 268 22.4 31.7889 1.63484
 269 25.7143 31.7663 1.6289
 270 25.7143 31.7439 1.62302
 271 33.0286 31.7487 1.61702
 272 29.2571 31.7395 1.61109
 273 29.2571 31.7304 1.60521
 274 25.7143 31.7084 1.59949
 275 37.0286 31.7278 1.59378
 276 41.2571 31.7623 1.58837
 277 45.7143 31.8127 1.58342
 278 45.7143 31.8627 1.57851
 279 50.4 31.9291 1.57425
 280 50.4 31.9951 1.57
 281 60.4571 32.0964 1.56768
 282 45.7143 32.1447 1.56286
 283 41.2571 32.1769 1.55766
 284 41.2571 32.2089 1.55249
 285 33.0286 32.2117 1.54704
 286 29.2571 32.2014 1.54165
 287 29.2571 32.1911 1.53631
 288 29.2571 32.181 1.531
 289 29.2571 32.1708 1.52572
 290 33.0286 32.1738 1.52046
 291 45.7143 32.2203 1.51594
 292 45.7143 32.2665 1.51144
 293 41.2571 32.2972 1.50659
 294 50.4 32.3588 1.50272
 295 65.8286 32.4723 1.5019
 296 65.8286 32.5849 1.50106
 297 71.4286 32.7157 1.5017
 298 71.4286 32.8456 1.50228
 299 71.4286 32.9747 1.5028
 300 71.4286 33.1029 1.50326
 301 71.4286 33.2302 1.50365
 302 65.8286 33.3381 1.50255
 303 60.4571 33.4276 1.50025
 304 37.0286 33.4395 1.49536
 305 41.2571 33.4651 1.49067
 306 29.2571 33.4514 1.48585
 307 33.0286 33.45 1.481
 308 33.0286 33.4486 1.47619
 309 25.7143 33.4236 1.47162
 310 29.2571 33.4101 1.46692
 311 33.0286 33.4089 1.4622
 312 33.0286 33.4077 1.45751
 313 41.2571 33.4328 1.45306
 314 55.3143 33.5025 1.4501
 315 55.3143 33.5717 1.44715
 316 55.3143 33.6405 1.4442
 317 45.7143 33.6786 1.44014
 318 41.2571 33.7024 1.4358
 319 37.0286 33.7129 1.43133
 320 50.4 33.765 1.4278
 321 50.4 33.8168 1.42429
 322 45.7143 33.8538 1.42034
 323 37.0286 33.8636 1.41597
 324 29.2571 33.8494 1.41167
 325 29.2571 33.8353 1.40739
 326 19.3143 33.7907 1.40377
 327 25.7143 33.766 1.39969
 328 37.0286 33.776 1.39545
 329 33.0286 33.7737 1.3912
 330 29.2571 33.76 1.38705
 331 16.4571 33.7077 1.38384
 332 22.4 33.6737 1.38009
 333 22.4 33.6398 1.37635
 334 19.3143 33.5969 1.3729
 335 11.4286 33.5307 1.37039
 336 7.31429 33.4527 1.36853
 337 1.82857 33.3589 1.36769
 338 0.114286 33.2605 1.36718
 339 0.457143 33.1638 1.36657
 340 0.114286 33.0666 1.36601
 341 0.114286 32.9699 1.36542
 342 1.82857 32.8789 1.36446
 343 2.85714 32.7913 1.36329
 344 2.85714 32.7043 1.3621
 345 1.82857 32.6148 1.3611
 346 0.114286 32.5209 1.3604
 347 0.457143 32.4285 1.35962
 348 2.85714 32.3435 1.35837
 349 1.82857 32.2561 1.35729
 350 2.85714 32.1721 1.35601
 351 2.85714 32.0886 1.35472
 352 1.82857 32.0026 1.3536
 353 0.457143 31.9132 1.35271
 354 1.02857 31.826 1.3517
 355 1.02857 31.7392 1.35068
 356 4.11429 31.6616 1.34911
 357 4.11429 31.5845 1.34754
 358 4.11429 31.5077 1.34596
 359 2.85714 31.4279 1.34458
 360 2.85714 31.3486 1.34318
 361 5.6 31.2772 1.34135
 362 5.6 31.2063 1.33952
 363 5.6 31.1358 1.33769
 364 4.11429 31.0615 1.33607
 365 2.85714 30.9843 1.33465
 366 1.02857 30.9024 1.33351
 367 1.82857 30.8232 1.33223
 368 2.85714 30.7472 1.33077
 369 2.85714 30.6716 1.32931
 370 0.457143 30.59 1.32823
 371 1.82857 30.5124 1.32691
 372 1.82857 30.4353 1.32558
 373 0.457143 30.355 1.32447
 374 0.114286 30.2741 1.32339
 375 0.114286 30.1937 1.32231
 376 0.114286 30.1137 1.32121
 377 0 30.0338 1.32012
 378 0 29.9543 1.31902
 379 0 29.8753 1.3179
 380 0 29.7967 1.31678
 381 0.114286 29.7188 1.31563
 382 0.114286 29.6413 1.31447
 383 1.02857 29.5666 1.31316
 384 1.02857 29.4923 1.31184
 385 2.85714 29.4231 1.31026
 386 0.457143 29.348 1.30901
 387 0.114286 29.2725 1.30781
 388 1.02857 29.1997 1.30646
 389 1.82857 29.1293 1.305
 390 0.114286 29.0549 1.30377
 391 0.457143 28.9818 1.30249
 392 0.457143 28.909 1.3012
 393 0.114286 28.8358 1.29995
 394 0.114286 28.7629 1.29869
 395 0 28.6901 1.29744
 396 0.114286 28.6179 1.29617
 397 0.457143 28.547 1.29485
 398 2.85714 28.4824 1.2932
 399 1.02857 28.4136 1.29179
 400 0.457143 28.3437 1.29045
 401 0.457143 28.2742 1.28911
 402 0.114286 28.2041 1.2878
 403 0 28.1341 1.28651
 404 0.114286 28.0648 1.28519
 405 1.02857 27.998 1.28375
 406 0.457143 27.9302 1.28238
 407 2.85714 27.8686 1.28071
 408 7.31429 27.8182 1.27856
 409 11.4286 27.7781 1.27606
 410 11.4286 27.7383 1.27357
 411 4.11429 27.6808 1.27177
 412 4.11429 27.6236 1.26996
 413 7.31429 27.5744 1.26784
 414 7.31429 27.5255 1.26572
 415 4.11429 27.4691 1.26392
 416 2.85714 27.4099 1.26227
 417 0.457143 27.3453 1.2609
 418 0.457143 27.2809 1.25952
 419 0.114286 27.2161 1.25818
 420 0 27.1513 1.25686
 421 0.114286 27.0871 1.25551
 422 1.02857 27.0253 1.25405
 423 1.02857 26.9639 1.25259
 424 1.82857 26.9046 1.25104
 425 2.85714 26.848 1.24938
 426 1.82857 26.7893 1.24782
 427 1.82857 26.7308 1.24627
 428 1.82857 26.6726 1.24471
 429 9.25714 26.632 1.24247
 430 9.25714 26.5916 1.24024
 431 7.31429 26.5469 1.23816
 432 5.6 26.4984 1.23625
 433 1.82857 26.4414 1.2347
 434 7.31429 26.3974 1.23264
 435 13.8286 26.3685 1.23015
 436 16.4571 26.3457 1.22753
 437 19.3143 26.3297 1.22482
 438 25.7143 26.3282 1.22203
 439 29.2571 26.3349 1.21926
 440 29.2571 26.3416 1.2165
 441 29.2571 26.3482 1.21376
 442 25.7143 26.3467 1.21101
 443 25.7143 26.3453 1.20827
 444 19.3143 26.3295 1.20565
 445 22.4 26.3206 1.20297
 446 22.4 26.3119 1.20031
 447 22.4 26.3031 1.19765
 448 29.2571 26.3097 1.19499
 449 25.7143 26.3084 1.19233
 450 19.3143 26.2928 1.18978
 451 25.7143 26.2915 1.18714
 452 25.7143 26.2903 1.18451
 453 22.4 26.2817 1.18192
 454 25.7143 26.2804 1.17931
 455 29.2571 26.287 1.17674
 456 11.4286 26.2544 1.17461
 457 7.31429 26.2129 1.17277
 458 11.4286 26.1807 1.17065
 459 11.4286 26.1485 1.16854
 460 4.11429 26.1006 1.16698
 461 1.82857 26.048 1.16563
 462 0.114286 25.9918 1.16446
 463 1.82857 25.9396 1.16311
 464 2.85714 25.8899 1.16167
 465 5.6 25.8463 1.15999
 466 7.31429 25.8065 1.15818
 467 4.11429 25.76 1.15663
 468 7.31429 25.7206 1.15483
 469 4.11429 25.6746 1.15329
 470 5.6 25.6319 1.15162
 471 5.6 25.5893 1.14996
 472 1.02857 25.5373 1.1487
 473 0.457143 25.4843 1.1475
 474 0 25.4305 1.14633
 475 0 25.377 1.14517
 476 0 25.3236 1.14401
 477 0.457143 25.2715 1.14279
 478 0.114286 25.2189 1.14161
 479 4.11429 25.1748 1.14008
 480 1.02857 25.1245 1.13881
 481 0.114286 25.0725 1.13763
 482 0.114286 25.0207 1.13645
 483 1.82857 24.9727 1.13511
 484 0.457143 24.9221 1.1339
 485 0.457143 24.8716 1.13268
 486 1.02857 24.8226 1.13141
 487 2.85714 24.7775 1.12999
 488 0.457143 24.7276 1.12877
 489 1.02857 24.6792 1.1275
 490 1.82857 24.6325 1.12616
 491 1.82857 24.5861 1.12483
 492 1.02857 24.5382 1.12356
 493 0.457143 24.4894 1.12234
 494 1.02857 24.4419 1.12107
 495 0.114286 24.3927 1.11988
 496 1.82857 24.3472 1.11855
 497 2.85714 24.304 1.11713
 498 1.02857 24.2573 1.11587
 499 1.02857 24.2107 1.1146
 500 0.114286 24.1625 1.11341
 501 0 24.1143 1.11223
 502 0 24.0662 1.11106
 503 0 24.0184 1.10988
 504 0.114286 23.971 1.10869
 505 0.457143 23.9244 1.10747
 506 2.85714 23.8828 1.10606
 507 2.85714 23.8413 1.10466
 508 4.11429 23.8025 1.10316
 509 4.11429 23.7638 1.10167
 510 4.11429 23.7253 1.10019
 511 5.6 23.6898 1.0986
 512 2.85714 23.6491 1.09721
 513 1.82857 23.6066 1.0959
 514 2.85714 23.5662 1.09451
 515 0.114286 23.5207 1.09333
 516 0.457143 23.476 1.09212
 517 1.02857 23.4326 1.09087
 518 0.457143 23.3882 1.08967
 519 0.114286 23.3434 1.08849
 520 1.02857 23.3004 1.08724
 521 0.114286 23.2559 1.08606
 522 0.457143 23.2123 1.08486
 523 0 23.1679 1.08369
 524 0 23.1237 1.08253
 525 1.02857 23.0816 1.08128
 526 1.02857 23.0397 1.08004
 527 1.02857 22.9979 1.0788
 528 1.02857 22.9563 1.07756
 529 1.82857 22.9163 1.07626
 530 1.02857 22.875 1.07502
 531 1.02857 22.8339 1.07378
 532 1.82857 22.7944 1.07249
 533 1.02857 22.7536 1.07125
 534 0.457143 22.7118 1.07006
 535 1.82857 22.6728 1.06877
 536 5.6 22.6409 1.06725
 537 7.31429 22.6124 1.06564
 538 5.6 22.5808 1.06413
 539 9.25714 22.5561 1.06244
 540 16.4571 22.5448 1.06053
 541 25.7143 22.5506 1.05859
 542 29.2571 22.563 1.0567
 543 22.4 22.5627 1.05476
 544 25.7143 22.5685 1.05283
 545 22.4 22.5682 1.0509
 546 19.3143 22.5622 1.04899
 547 22.4 22.5619 1.04707
 548 11.4286 22.5416 1.04535
 549 1.82857 22.5039 1.04413
 550 9.25714 22.4798 1.04251
 551 5.6 22.4492 1.04107
 552 5.6 22.4186 1.03963
 553 7.31429 22.3913 1.0381
 554 9.25714 22.3676 1.0365
 555 13.8286 22.3522 1.03474
 556 13.8286 22.3369 1.033
 557 19.3143 22.3315 1.03115
 558 16.4571 22.3209 1.02936
 559 16.4571 22.3105 1.02757
 560 13.8286 22.2953 1.02584
 561 13.8286 22.2802 1.02412
 562 13.8286 22.2652 1.02241
 563 22.4 22.2654 1.02059
 564 25.7143 22.2715 1.0188
 565 33.0286 22.2906 1.01717
 566 29.2571 22.3029 1.01545
 567 22.4 22.303 1.01366
 568 25.7143 22.3091 1.01189
 569 22.4 22.3092 1.01011
 570 33.0286 22.328 1.00851
 571 25.7143 22.334 1.00676
 572 19.3143 22.3287 1.00501
 573 16.4571 22.3184 1.00331
 574 16.4571 22.3082 1.00161
 575 19.3143 22.303 0.999882
 576 22.4 22.3032 0.998145
 577 13.8286 22.2885 0.996522
 578 16.4571 22.2784 0.994847
 579 16.4571 22.2683 0.993178
 580 19.3143 22.2633 0.991478
 581 19.3143 22.2582 0.989783
 582 22.4 22.2584 0.98808
 583 19.3143 22.2534 0.986397
 584 19.3143 22.2483 0.984719
 585 19.3143 22.2433 0.983048
 586 25.7143 22.2492 0.981386
 587 25.7143 22.2551 0.979731
 588 29.2571 22.2671 0.978136
 589 29.2571 22.2789 0.976546
 590 29.2571 22.2908 0.974961
 591 29.2571 22.3025 0.973381
 592 25.7143 22.3083 0.971753
 593 16.4571 22.2984 0.970163
 594 25.7143 22.3042 0.968545
 595 45.7143 22.3435 0.967716
 596 37.0286 22.3682 0.966405
 597 33.0286 22.386 0.96495
 598 37.0286 22.4105 0.963647
 599 41.2571 22.442 0.962551
 600 37.0286 22.4663 0.961253
 601 37.0286 22.4905 0.959958
 602 45.7143 22.5291 0.959138
 603 29.2571 22.5403 0.957611
 604 25.7143 22.5455 0.956039
 605 25.7143 22.5507 0.954472
 606 25.7143 22.556 0.95291
 607 13.8286 22.5416 0.951447
 608 19.3143 22.5363 0.949896
 609 19.3143 22.531 0.948349
 610 19.3143 22.5257 0.946808
 611 25.7143 22.5309 0.945272
 612 22.4 22.5307 0.943726
 613 25.7143 22.5359 0.942199
 614 19.3143 22.5307 0.940678
 615 22.4 22.5305 0.939148
 616 25.7143 22.5356 0.937636
 617 41.2571 22.566 0.936607
 618 45.7143 22.6034 0.93584
 619 45.7143 22.6408 0.935072
 620 41.2571 22.6708 0.934046
 621 41.2571 22.7007 0.933021
 622 37.0286 22.7237 0.931804
 623 33.0286 22.7403 0.930454
 624 33.0286 22.7568 0.929108
 625 37.0286 22.7796 0.927902
 626 29.2571 22.79 0.926476
 627 37.0286 22.8127 0.925276
 628 41.2571 22.842 0.924268
 629 41.2571 22.8713 0.923262
 630 55.3143 22.9228 0.923232
 631 60.4571 22.9823 0.923685
 632 65.8286 23.0501 0.924711
 633 60.4571 23.1092 0.925139
 634 60.4571 23.1681 0.925555
 635 60.4571 23.2268 0.92596
 636 71.4286 23.3026 0.927604
 637 71.4286 23.3782 0.929223
 638 71.4286 23.4535 0.930818
 639 71.4286 23.5285 0.932388
 640 71.4286 23.6034 0.933933
 641 71.4286 23.678 0.935455
 642 71.4286 23.7524 0.936954
 643 71.4286 23.8265 0.938429
 644 71.4286 23.9004 0.939882
 645 71.4286 23.9741 0.941312
 646 71.4286 24.0476 0.94272
 647 71.4286 24.1208 0.944107
 648 71.4286 24.1938 0.945472
 649 71.4286 24.2666 0.946815
 650 71.4286 24.3392 0.948138
 651 65.8286 24.4029 0.948823
 652 65.8286 24.4664 0.949495
 653 71.4286 24.5384 0.950763
 654 71.4286 24.61 0.952012
 655 71.4286 24.6815 0.953241
 656 71.4286 24.7528 0.954451
 657 71.4286 24.8238 0.955642
 658 60.4571 24.878 0.955724
 659 65.8286 24.9401 0.956293
 660 71.4286 25.0106 0.957438
 661 71.4286 25.0808 0.958564
 662 60.4571 25.1342 0.958606
 663 55.3143 25.1797 0.95824
 664 60.4571 25.2329 0.95827
 665 71.4286 25.3023 0.959346
 666 71.4286 25.3716 0.960405
 667 71.4286 25.4407 0.961447
 668 71.4286 25.5095 0.962472
 669 71.4286 25.5781 0.96348
 670 71.4286 25.6466 0.964472
 671 71.4286 25.7148 0.965448
 672 65.8286 25.7745 0.965856
 673 65.8286 25.834 0.966255
 674 65.8286 25.8933 0.966643
 675 71.4286 25.9608 0.967565
 676 71.4286 26.0281 0.968471
 677 71.4286 26.0951 0.969362
 678 71.4286 26.162 0.970237
 679 71.4286 26.2287 0.971098
 680 71.4286 26.2951 0.971945
 681 71.4286 26.3614 0.972777
 682 71.4286 26.4275 0.973595
 683 71.4286 26.4934 0.974398
 684 71.4286 26.5591 0.975188
 685 50.4 26.5939 0.974385
 686 65.8286 26.6511 0.974643
 687 71.4286 26.7162 0.975404
 688 71.4286 26.7812 0.976151
 689 71.4286 26.846 0.976884
 690 71.4286 26.9106 0.977605
 691 71.4286 26.9751 0.978313
 692 71.4286 27.0393 0.979008
 693 71.4286 27.1034 0.979691
 694 71.4286 27.1672 0.980361
 695 65.8286 27.2229 0.980528
 696 60.4571 27.2706 0.980282
 697 65.8286 27.3259 0.980437
 698 65.8286 27.3811 0.980584
 699 60.4571 27.4284 0.980323
 700 37.0286 27.4421 0.979017
 701 41.2571 27.4618 0.977818
 702 41.2571 27.4815 0.976622
 703 41.2571 27.5011 0.975429
 704 50.4 27.5336 0.974585
 705 45.7143 27.5594 0.973543
 706 41.2571 27.5788 0.972357
 707 45.7143 27.6044 0.971319
 708 50.4 27.6366 0.970481
 709 50.4 27.6687 0.969643
 710 41.2571 27.6879 0.968465
 711 55.3143 27.7267 0.967882
 712 41.2571 27.7457 0.966709
 713 25.7143 27.7429 0.965356
 714 29.2571 27.745 0.964005
 715 29.2571 27.7471 0.962659
 716 29.2571 27.7492 0.961315
 717 29.2571 27.7513 0.959976
 718 29.2571 27.7534 0.95864
 719 33.0286 27.7608 0.957334
 720 22.4 27.7533 0.956033
 721 22.4 27.7459 0.954735
 722 29.2571 27.748 0.953414
 723 19.3143 27.7363 0.952166
 724 19.3143 27.7247 0.950921
 725 19.3143 27.7131 0.949679
 726 16.4571 27.6976 0.948497
 727 16.4571 27.6821 0.947317
 728 13.8286 27.6631 0.946207
 729 13.8286 27.6441 0.945098
 730 19.3143 27.6327 0.943872
 731 22.4 27.6256 0.942607
 732 25.7143 27.623 0.941322
 733 29.2571 27.6252 0.940039
 734 25.7143 27.6226 0.938761
 735 25.7143 27.62 0.937487
 736 37.0286 27.6328 0.9363
 737 37.0286 27.6455 0.935115
 738 41.2571 27.664 0.934029
 739 33.0286 27.6712 0.932793
 740 33.0286 27.6785 0.93156
 741 33.0286 27.6857 0.93033
 742 33.0286 27.6929 0.929103
 743 37.0286 27.7054 0.927937
 744 50.4 27.7359 0.92719
 745 41.2571 27.7541 0.926123
 746 41.2571 27.7722 0.925058
 747 37.0286 27.7846 0.923902
 748 29.2571 27.7866 0.922668
 749 19.3143 27.7752 0.921505
 750 37.0286 27.7876 0.920358
 751 45.7143 27.8115 0.919441
 752 41.2571 27.8293 0.918392
 753 41.2571 27.8472 0.917345
 754 41.2571 27.8649 0.9163
 755 33.0286 27.8718 0.915111
 756 37.0286 27.8839 0.91398
 757 41.2571 27.9016 0.912943
 758 55.3143 27.9377 0.912455
 759 41.2571 27.9553 0.911421
 760 41.2571 27.9728 0.910389
 761 41.2571 27.9902 0.909359
 762 37.0286 28.0021 0.908243
 763 29.2571 28.0037 0.907053
 764 25.7143 28.0007 0.90587
 765 22.4 27.9934 0.904715
 766 37.0286 28.0052 0.90361
 767 37.0286 28.017 0.902507
 768 41.2571 28.0342 0.901496
 769 41.2571 28.0514 0.900488
 770 41.2571 28.0686 0.899481
 771 50.4 28.0975 0.89878
 772 45.7143 28.1204 0.897905
 773 50.4 28.1492 0.897206
 774 55.3143 28.1843 0.896733
 775 65.8286 28.2328 0.896892
 776 71.4286 28.2885 0.897463
 777 71.4286 28.344 0.898025
 778 71.4286 28.3994 0.898578
 779 71.4286 28.4546 0.899122
 780 71.4286 28.5097 0.899658
 781 71.4286 28.5647 0.900184
 782 65.8286 28.6123 0.900294
 783 65.8286 28.6599 0.900399
 784 71.4286 28.7144 0.900903
 785 71.4286 28.7688 0.901398
 786 71.4286 28.8231 0.901885
 787 71.4286 28.8773 0.902364
 788 71.4286 28.9313 0.902834
 789 65.8286 28.978 0.902901
 790 60.4571 29.0179 0.902637
 791 65.8286 29.0644 0.902696
 792 71.4286 29.1179 0.903141
 793 71.4286 29.1712 0.903578
 794 71.4286 29.2245 0.904007
 795 71.4286 29.2776 0.904429
 796 71.4286 29.3305 0.904843
 797 71.4286 29.3833 0.905249
 798 71.4286 29.436 0.905648
 799 71.4286 29.4886 0.906039
 800 71.4286 29.541 0.906423
 801 71.4286 29.5933 0.9068
 802 71.4286 29.6455 0.90717
 803 71.4286 29.6975 0.907532
 804 65.8286 29.7424 0.907516
 805 71.4286 29.7942 0.907866
 806 71.4286 29.8459 0.908209
 807 71.4286 29.8974 0.908545
 808 65.8286 29.9419 0.908509
 809 71.4286 29.9931 0.908833
 810 71.4286 30.0443 0.909151
 811 71.4286 30.0953 0.909462
 812 71.4286 30.1462 0.909766
 813 71.4286 30.197 0.910064
 814 71.4286 30.2477 0.910356
 815 71.4286 30.2982 0.910641
 816 71.4286 30.3486 0.91092
 817 71.4286 30.3989 0.911193
 818 71.4286 30.449 0.91146
 819 71.4286 30.4991 0.91172
 820 71.4286 30.549 0.911974
 821 71.4286 30.5988 0.912223
 822 71.4286 30.6485 0.912465
 823 71.4286 30.698 0.912702
 824 71.4286 30.7474 0.912933
 825 71.4286 30.7967 0.913158
 826 71.4286 30.8459 0.913377
 827 71.4286 30.895 0.913591
 828 71.4286 30.944 0.913799
 829 71.4286 30.9928 0.914002
 830 71.4286 31.0415 0.914199
 831 71.4286 31.0901 0.914391
 832 71.4286 31.1386 0.914577
 833 71.4286 31.187 0.914758
 834 71.4286 31.2352 0.914934
 835 71.4286 31.2834 0.915104
 836 71.4286 31.3314 0.91527
 837 71.4286 31.3793 0.91543
 838 71.4286 31.4271 0.915585
 839 71.4286 31.4747 0.915735
 840 65.8286 31.5156 0.915558
 841 71.4286 31.5631 0.9157
 842 71.4286 31.6105 0.915836
 843 71.4286 31.6577 0.915968
 844 71.4286 31.7048 0.916094
 845 71.4286 31.7518 0.916216
 846 71.4286 31.7987 0.916334
 847 71.4286 31.8455 0.916446
 848 71.4286 31.8922 0.916554
 849 71.4286 31.9388 0.916658
 850 71.4286 31.9852 0.916757
 851 71.4286 32.0316 0.916851
 852 71.4286 32.0778 0.916941
 853 71.4286 32.1239 0.917027
 854 65.8286 32.1634 0.916802
 855 60.4571 32.1965 0.916327
 856 71.4286 32.2423 0.916403
 857 71.4286 32.288 0.916474
 858 71.4286 32.3337 0.916541
 859 71.4286 32.3792 0.916604
 860 71.4286 32.4246 0.916663
 861 71.4286 32.4699 0.916718
 862 60.4571 32.5024 0.916229
 863 65.8286 32.541 0.915981
 864 71.4286 32.586 0.916027
 865 71.4286 32.6309 0.916069
 866 71.4286 32.6757 0.916106
 867 71.4286 32.7204 0.91614
 868 71.4286 32.765 0.91617
 869 71.4286 32.8095 0.916196
 870 71.4286 32.8539 0.916218
 871 65.8286 32.8917 0.915948
 872 65.8286 32.9295 0.915677
 873 65.8286 32.9672 0.915403
 874 71.4286 33.0112 0.915414
 875 71.4286 33.0551 0.91542
 876 71.4286 33.0989 0.915424
 877 71.4286 33.1426 0.915423
 878 71.4286 33.1862 0.915419
 879 71.4286 33.2297 0.915411
 880 71.4286 33.2731 0.9154
 881 71.4286 33.3164 0.915386
 882 71.4286 33.3596 0.915368
 883 71.4286 33.4028 0.915347
 884 71.4286 33.4458 0.915322
 885 71.4286 33.4887 0.915294
 886 71.4286 33.5315 0.915262
 887 65.8286 33.5679 0.914955
 888 60.4571 33.5982 0.914425
 889 71.4286 33.6408 0.914387
 890 71.4286 33.6832 0.914345
 891 71.4286 33.7256 0.9143
 892 71.4286 33.7678 0.914252
 893 71.4286 33.81 0.914201
 894 71.4286 33.8521 0.914147
 895 71.4286 33.8941 0.91409
 896 71.4286 33.936 0.91403
 897 71.4286 33.9778 0.913966
 898 71.4286 34.0195 0.9139
 899 71.4286 34.0611 0.913831
 900 71.4286 34.1026 0.913759
 901 71.4286 34.144 0.913683
 902 60.4571 34.1732 0.913136
 903 65.8286 34.2083 0.912798
 904 50.4 34.2262 0.911963
 905 45.7143 34.2389 0.911043
 906 37.0286 34.2419 0.910043
 907 37.0286 34.245 0.909044
 908 41.2571 34.2527 0.908075
 909 41.2571 34.2604 0.907108
 910 41.2571 34.2681 0.906143
 911 41.2571 34.2758 0.905181
 912 41.2571 34.2835 0.90422
 913 45.7143 34.296 0.903316
 914 60.4571 34.3246 0.902781
 915 65.8286 34.359 0.902451
 916 71.4286 34.3995 0.902373
 917 71.4286 34.4399 0.902292
 918 71.4286 34.4802 0.902209
 919 71.4286 34.5204 0.902123
 920 71.4286 34.5605 0.902035
 921 71.4286 34.6005 0.901944
 922 71.4286 34.6405 0.90185
 923 71.4286 34.6803 0.901753
 924 71.4286 34.7201 0.901654
 925 71.4286 34.7598 0.901553
 926 65.8286 34.7933 0.901204
 927 65.8286 34.8268 0.900853
 928 71.4286 34.8663 0.900746
 929 71.4286 34.9056 0.900636
 930 71.4286 34.9449 0.900524
 931 71.4286 34.9841 0.900409
 932 65.8286 35.0172 0.900051
 933 65.8286 35.0502 0.899693
 934 60.4571 35.0774 0.89914
 935 55.3143 35.099 0.898439
 936 50.4 35.1154 0.897627
 937 60.4571 35.1424 0.897077
 938 65.8286 35.1751 0.896717
 939 71.4286 35.2138 0.896593
 940 71.4286 35.2523 0.896467
 941 71.4286 35.2907 0.896338
 942 71.4286 35.3291 0.896208
 943 71.4286 35.3674 0.896075
 944 71.4286 35.4056 0.89594
 945 71.4286 35.4437 0.895803
 946 71.4286 35.4817 0.895664
 947 71.4286 35.5197 0.895522
 948 71.4286 35.5576 0.895379
 949 71.4286 35.5954 0.895233
 950 71.4286 35.6331 0.895085
 951 71.4286 35.6707 0.894935
 952 65.8286 35.7024 0.894556
 953 60.4571 35.7284 0.893994
 954 60.4571 35.7543 0.893433
 955 50.4 35.7696 0.892628
 956 60.4571 35.7955 0.892068
 957 65.8286 35.8268 0.891688
 958 71.4286 35.864 0.891532
 959 65.8286 35.8952 0.891149
 960 65.8286 35.9264 0.890766
 961 71.4286 35.9634 0.890606
 962 71.4286 36.0002 0.890443
 963 71.4286 36.037 0.890278
 964 71.4286 36.0737 0.890112
 965 71.4286 36.1104 0.889943
 966 71.4286 36.1469 0.889773
 967 71.4286 36.1834 0.889601
 968 71.4286 36.2198 0.889427
 969 71.4286 36.2562 0.889251
 970 71.4286 36.2924 0.889074
 971 71.4286 36.3286 0.888894
 972 71.4286 36.3647 0.888713
 973 71.4286 36.4008 0.888531
 974 71.4286 36.4367 0.888346
 975 71.4286 36.4726 0.88816
 976 71.4286 36.5084 0.887972
 977 71.4286 36.5442 0.887783
 978 71.4286 36.5798 0.887591
 979 71.4286 36.6154 0.887398
 980 71.4286 36.651 0.887204
 981 60.4571 36.6752 0.886631
 982 60.4571 36.6994 0.886059
 983 65.8286 36.7291 0.885653
 984 65.8286 36.7587 0.885247
 985 60.4571 36.7827 0.884675
 986 71.4286 36.8178 0.884475
 987 71.4286 36.8529 0.884274
 988 71.4286 36.8879 0.884072
 989 71.4286 36.9228 0.883867
 990 71.4286 36.9577 0.883662
 991 71.4286 36.9925 0.883455
 992 71.4286 37.0272 0.883246
 993 71.4286 37.0618 0.883036
 994 71.4286 37.0964 0.882825
 995 71.4286 37.1309 0.882612
 996 71.4286 37.1653 0.882397
 997 71.4286 37.1997 0.882181
 998 71.4286 37.234 0.881964
 999 71.4286 37.2682 0.881745
 1000 71.4286 37.3024 0.881525
 1001 71.4286 37.3365 0.881304
 1002 71.4286 37.3705 0.881081
 1003 71.4286 37.4045 0.880857
 1004 60.4571 37.4274 0.880279
 1005 60.4571 37.4503 0.879701
 1006 55.3143 37.4681 0.879005
 1007 45.7143 37.4763 0.87817
 1008 41.2571 37.48 0.877307
 1009 41.2571 37.4838 0.876445
 1010 50.4 37.4966 0.87567
 1011 41.2571 37.5003 0.874811
 1012 41.2571 37.504 0.873954
 1013 37.0286 37.5035 0.873091
 1014 37.0286 37.5031 0.87223
 1015 45.7143 37.5112 0.871408
 1016 45.7143 37.5192 0.870587
 1017 45.7143 37.5273 0.869768
 1018 37.0286 37.5268 0.868913
 1019 37.0286 37.5263 0.86806
 1020 41.2571 37.53 0.867216
 1021 41.2571 37.5336 0.866374
 1022 41.2571 37.5373 0.865534
 1023 41.2571 37.5409 0.864695
 1024 29.2571 37.5328 0.863888
 1025 33.0286 37.5284 0.863056
 1026 13.8286 37.5053 0.862524
 1027 16.4571 37.4848 0.861927
 1028 29.2571 37.4768 0.861126
 1029 29.2571 37.4688 0.860325
 1030 37.0286 37.4684 0.85949
 1031 29.2571 37.4604 0.858693
 1032 29.2571 37.4525 0.857897
 1033 16.4571 37.4322 0.857307
 1034 19.3143 37.4146 0.856657
 1035 22.4 37.4001 0.855952
 1036 19.3143 37.3827 0.855303
 1037 29.2571 37.3748 0.854514
 1038 29.2571 37.367 0.853726
 1039 25.7143 37.3558 0.852978
 1040 22.4 37.3414 0.852279
 1041 29.2571 37.3337 0.851495
 1042 29.2571 37.3259 0.850713
 1043 33.0286 37.3218 0.849907
 1044 45.7143 37.3298 0.84913
 1045 50.4 37.3423 0.848409
 1046 50.4 37.3548 0.84769
 1047 41.2571 37.3585 0.846888
 1048 33.0286 37.3544 0.84609
 1049 33.0286 37.3503 0.845293
 1050 41.2571 37.354 0.844495
 1051 45.7143 37.362 0.843729
 1052 50.4 37.3744 0.843018
 1053 50.4 37.3867 0.842308
 1054 60.4571 37.4086 0.841793
 1055 50.4 37.4209 0.841085
 1056 45.7143 37.4288 0.840324
 1057 41.2571 37.4324 0.839537
 1058 55.3143 37.4493 0.838913
 1059 55.3143 37.4662 0.83829
 1060 50.4 37.4784 0.837588
 1061 50.4 37.4906 0.836887
 1062 55.3143 37.5073 0.836267
 1063 45.7143 37.5151 0.835516
 1064 45.7143 37.5228 0.834766
 1065 55.3143 37.5395 0.834149
 1066 45.7143 37.5471 0.833401
 1067 45.7143 37.5548 0.832655
 1068 41.2571 37.5583 0.831882
 1069 45.7143 37.5659 0.831138
 1070 41.2571 37.5693 0.830369
 1071 60.4571 37.5907 0.829868
 1072 50.4 37.6027 0.82918
 1073 50.4 37.6146 0.828492
 1074 55.3143 37.6311 0.827885
 1075 41.2571 37.6344 0.827121
 1076 33.0286 37.6302 0.826363
 1077 33.0286 37.6259 0.825606
 1078 29.2571 37.6181 0.824877
 1079 29.2571 37.6104 0.824148
 1080 29.2571 37.6026 0.823421
 1081 33.0286 37.5984 0.82267
 1082 25.7143 37.5874 0.821983
 1083 19.3143 37.5706 0.821397
 1084 13.8286 37.5487 0.820931
 1085 13.8286 37.5268 0.820465
 1086 7.31429 37.499 0.820181
 1087 7.31429 37.4712 0.819897
 1088 5.6 37.4419 0.819667
 1089 9.25714 37.416 0.819322
 1090 9.25714 37.3902 0.818978
 1091 9.25714 37.3644 0.818633
 1092 9.25714 37.3387 0.818288
 1093 9.25714 37.313 0.817943
 1094 9.25714 37.2873 0.817597
 1095 11.4286 37.2637 0.817191
 1096 19.3143 37.2473 0.81661
 1097 16.4571 37.2284 0.816085
 1098 13.8286 37.2071 0.81562
 1099 11.4286 37.1836 0.815215
 1100 13.8286 37.1624 0.81475
 1101 25.7143 37.152 0.814076
 1102 16.4571 37.1332 0.813554
 1103 16.4571 37.1145 0.813032
 1104 19.3143 37.0983 0.812455
 1105 22.4 37.085 0.811829
 1106 33.0286 37.0814 0.811103
 1107 37.0286 37.0813 0.81037
 1108 33.0286 37.0777 0.809646
 1109 33.0286 37.074 0.808924
 1110 37.0286 37.074 0.808195
 1111 41.2571 37.0777 0.807476
 1112 55.3143 37.0941 0.806916
 1113 60.4571 37.1151 0.806464
 1114 71.4286 37.1459 0.806328
 1115 71.4286 37.1767 0.806191
 1116 71.4286 37.2074 0.806053
 1117 71.4286 37.238 0.805914
 1118 71.4286 37.2686 0.805773
 1119 71.4286 37.2991 0.805631
 1120 71.4286 37.3296 0.805488
 1121 71.4286 37.36 0.805344
 1122 65.8286 37.3854 0.805026
 1123 65.8286 37.4107 0.804707
 1124 65.8286 37.436 0.804389
 1125 65.8286 37.4612 0.804069
 1126 65.8286 37.4864 0.80375
 1127 71.4286 37.5165 0.803601
 1128 71.4286 37.5466 0.803451
 1129 71.4286 37.5766 0.8033
 1130 71.4286 37.6066 0.803147
 1131 55.3143 37.6222 0.80259
 1132 41.2571 37.6254 0.801887
 1133 25.7143 37.6149 0.801248
 1134 29.2571 37.6076 0.800575
 1135 41.2571 37.6108 0.799876
 1136 41.2571 37.614 0.799178
 1137 37.0286 37.6135 0.798475
 1138 33.0286 37.6094 0.797783
 1139 29.2571 37.6021 0.797116
 1140 33.0286 37.5981 0.796426
 1141 25.7143 37.5877 0.795796
 1142 29.2571 37.5804 0.795133
 1143 37.0286 37.5799 0.794437
 1144 33.0286 37.5759 0.793752
 1145 45.7143 37.583 0.79309
 1146 45.7143 37.5901 0.79243
 1147 55.3143 37.6056 0.791889
 1148 60.4571 37.6255 0.79145
 1149 65.8286 37.65 0.791141
 1150 55.3143 37.6654 0.790602
 1151 55.3143 37.6807 0.790064
 1152 55.3143 37.696 0.789526
 1153 71.4286 37.7253 0.789383
 1154 65.8286 37.7496 0.789075
 1155 55.3143 37.7648 0.788538
 1156 55.3143 37.78 0.788002
 1157 60.4571 37.7996 0.787565
 1158 55.3143 37.8148 0.78703
 1159 60.4571 37.8343 0.786593
 1160 65.8286 37.8584 0.786285
 1161 71.4286 37.8873 0.786139
 1162 71.4286 37.9162 0.785993
 1163 65.8286 37.9402 0.785683
 1164 65.8286 37.9642 0.785373
 1165 71.4286 37.9929 0.785225
 1166 71.4286 38.0216 0.785075
 1167 71.4286 38.0502 0.784924
 1168 71.4286 38.0788 0.784772
 1169 71.4286 38.1073 0.784619
 1170 71.4286 38.1358 0.784466
 1171 71.4286 38.1642 0.784311
 1172 71.4286 38.1926 0.784155
 1173 71.4286 38.2209 0.783999
 1174 71.4286 38.2492 0.783841
 1175 71.4286 38.2774 0.783682
 1176 71.4286 38.3056 0.783523
 1177 71.4286 38.3338 0.783363
 1178 60.4571 38.3526 0.782923
 1179 55.3143 38.3669 0.782391
 1180 55.3143 38.3813 0.781859
 1181 50.4 38.3915 0.781263
 1182 50.4 38.4016 0.780668
 1183 45.7143 38.4078 0.780032
 1184 45.7143 38.414 0.779398
 1185 45.7143 38.4202 0.778764
 1186 37.0286 38.419 0.778108
 1187 33.0286 38.4144 0.777466
 1188 41.2571 38.4168 0.776815
 1189 45.7143 38.423 0.776185
 1190 45.7143 38.4291 0.775557
 1191 45.7143 38.4352 0.77493
 1192 50.4 38.4453 0.774344
 1193 37.0286 38.4441 0.773696
 1194 33.0286 38.4395 0.773061
 1195 25.7143 38.4289 0.772487
 1196 19.3143 38.4129 0.772006
 1197 29.2571 38.4053 0.771399
 1198 37.0286 38.4041 0.770756
 1199 37.0286 38.403 0.770114
 1200 37.0286 38.4018 0.769472
 1201 37.0286 38.4007 0.768832
 1202 45.7143 38.4068 0.768216
 1203 50.4 38.4167 0.767642
 1204 71.4286 38.4441 0.767494
 1205 71.4286 38.4715 0.767346
 1206 71.4286 38.4988 0.767196
 1207 71.4286 38.5261 0.767045
 1208 65.8286 38.5487 0.766743
 1209 71.4286 38.5759 0.766591
 1210 71.4286 38.6031 0.766439
 1211 71.4286 38.6302 0.766285
 1212 71.4286 38.6572 0.766131
 1213 71.4286 38.6843 0.765975
 1214 71.4286 38.7112 0.765819
 1215 71.4286 38.7382 0.765662
 1216 71.4286 38.765 0.765505
 1217 71.4286 38.7919 0.765346
 1218 71.4286 38.8187 0.765187
 1219 71.4286 38.8454 0.765027
 1220 71.4286 38.8721 0.764866
 1221 71.4286 38.8988 0.764704
 1222 71.4286 38.9254 0.764542
 1223 71.4286 38.952 0.764378
 1224 71.4286 38.9785 0.764214
 1225 71.4286 39.005 0.76405
 1226 71.4286 39.0315 0.763884
 1227 71.4286 39.0579 0.763718
 1228 65.8286 39.0797 0.763407
 1229 71.4286 39.106 0.76324
 1230 71.4286 39.1323 0.763072
 1231 71.4286 39.1585 0.762903
 1232 71.4286 39.1847 0.762733
 1233 71.4286 39.2108 0.762563
 1234 71.4286 39.237 0.762392
 1235 71.4286 39.263 0.76222
 1236 71.4286 39.289 0.762048
 1237 65.8286 39.3105 0.761733
 1238 60.4571 39.3276 0.76131
 1239 65.8286 39.349 0.760995
 1240 71.4286 39.3748 0.760821
 1241 65.8286 39.3962 0.760507
 1242 60.4571 39.4131 0.760084
 1243 60.4571 39.43 0.759661
 1244 60.4571 39.4469 0.759238
 1245 45.7143 39.452 0.758644
 1246 41.2571 39.4534 0.758037
 1247 41.2571 39.4549 0.75743
 1248 37.0286 39.4529 0.756825
 1249 29.2571 39.4448 0.756263
 1250 29.2571 39.4366 0.755702
 1251 37.0286 39.4347 0.7551
 1252 29.2571 39.4266 0.75454
 1253 33.0286 39.4215 0.753955
 1254 37.0286 39.4195 0.753356
 1255 33.0286 39.4145 0.752773
 1256 29.2571 39.4064 0.752217
 1257 37.0286 39.4045 0.751621
 1258 45.7143 39.4095 0.75104
 1259 45.7143 39.4145 0.75046
 1260 45.7143 39.4195 0.74988
 1261 50.4 39.4282 0.749336
 1262 60.4571 39.4449 0.748927
 1263 45.7143 39.4498 0.748351
 1264 50.4 39.4585 0.747809
 1265 50.4 39.4671 0.747267
 1266 41.2571 39.4686 0.746678
 1267 50.4 39.4772 0.746138
 1268 65.8286 39.498 0.745839
 1269 65.8286 39.5187 0.74554
 1270 71.4286 39.5438 0.745376
 1271 65.8286 39.5645 0.745077
 1272 71.4286 39.5896 0.744912
 1273 71.4286 39.6146 0.744747
 1274 71.4286 39.6396 0.744581
 1275 71.4286 39.6645 0.744414
 1276 71.4286 39.6894 0.744247
 1277 71.4286 39.7142 0.744079
 1278 71.4286 39.7391 0.743911
 1279 71.4286 39.7638 0.743742
 1280 65.8286 39.7842 0.74344
 1281 60.4571 39.8003 0.743034
 1282 45.7143 39.8049 0.742469
 1283 50.4 39.8132 0.741936
 1284 50.4 39.8215 0.741404
 1285 50.4 39.8297 0.740872
 1286 55.3143 39.8417 0.740394
 1287 45.7143 39.8463 0.739832
 1288 41.2571 39.8474 0.739258
 1289 37.0286 39.8452 0.738688
 1290 41.2571 39.8463 0.738116
 1291 33.0286 39.841 0.737563
 1292 29.2571 39.8328 0.737037
 1293 29.2571 39.8246 0.736512
 1294 16.4571 39.8066 0.736165
 1295 19.3143 39.7908 0.735766
 1296 25.7143 39.7799 0.735278
 1297 29.2571 39.7718 0.734756
 1298 29.2571 39.7637 0.734234
 1299 29.2571 39.7556 0.733714
 1300 7.31429 39.7306 0.733574
 1301 4.11429 39.7033 0.733521
 1302 4.11429 39.6759 0.733466
 1303 1.02857 39.6463 0.733503
 1304 0.457143 39.6162 0.733556
 1305 0 39.5859 0.733622
 1306 0.114286 39.5556 0.733683
 1307 0.114286 39.5255 0.733743
 1308 0.114286 39.4953 0.7338
 1309 0.114286 39.4652 0.733856
 1310 0.114286 39.4352 0.733911
 1311 0.457143 39.4055 0.733953
 1312 1.82857 39.3768 0.733953
 1313 2.85714 39.349 0.733921
 1314 2.85714 39.3212 0.733888
 1315 4.11429 39.2945 0.733818
 1316 4.11429 39.2677 0.733747
 1317 2.85714 39.2401 0.733711
 1318 2.85714 39.2125 0.733674
 1319 2.85714 39.1849 0.733635
 1320 2.85714 39.1574 0.733596
 1321 1.02857 39.1285 0.733608
 1322 1.82857 39.1003 0.733596
 1323 2.85714 39.0729 0.733553
 1324 4.11429 39.0465 0.733474
 1325 1.82857 39.0184 0.733458
 1326 2.85714 38.9912 0.733412
 1327 2.85714 38.9639 0.733365
 1328 2.85714 38.9367 0.733317
 1329 2.85714 38.9096 0.733267
 1330 1.82857 38.8817 0.733246
 1331 1.02857 38.8533 0.733247
 1332 0.114286 38.8242 0.733273
 1333 0.457143 38.7954 0.733288
 1334 0.457143 38.7667 0.733301
 1335 0.457143 38.738 0.733313
 1336 0.114286 38.7091 0.733334
 1337 1.02857 38.6809 0.733327
 1338 1.82857 38.6533 0.733297
 1339 2.85714 38.6266 0.733236
 1340 1.82857 38.5991 0.733203
 1341 0.457143 38.5707 0.733208
 1342 0.457143 38.5423 0.733212
 1343 0.114286 38.5137 0.733224
 1344 0.457143 38.4854 0.733225
 1345 1.02857 38.4575 0.733209
 1346 1.02857 38.4297 0.733192
 1347 0.114286 38.4013 0.733199
 1348 0.114286 38.3729 0.733205
 1349 0.114286 38.3445 0.73321
 1350 0.114286 38.3162 0.733214
 1351 0.457143 38.2882 0.733207
 1352 0.457143 38.2602 0.733199
 1353 1.02857 38.2327 0.733173
 1354 1.82857 38.2058 0.733125
 1355 1.02857 38.1783 0.733097
 1356 1.02857 38.1509 0.733068
 1357 1.82857 38.1242 0.733017
 1358 2.85714 38.0982 0.732937
 1359 1.82857 38.0715 0.732884
 1360 2.85714 38.0456 0.732802
 1361 1.82857 38.019 0.732747
 1362 1.82857 37.9924 0.732691
 1363 2.85714 37.9667 0.732606
 1364 2.85714 37.9409 0.732522
 1365 4.11429 37.9161 0.732404
 1366 1.02857 37.8891 0.732366
 1367 1.02857 37.8622 0.732326
 1368 1.02857 37.8353 0.732286
 1369 1.82857 37.809 0.732223
 1370 1.82857 37.7827 0.73216
 1371 0.457143 37.7555 0.732132
 1372 0.114286 37.728 0.732113
 1373 1.02857 37.7013 0.732067
 1374 4.11429 37.6769 0.731943
 1375 7.31429 37.6548 0.731743
 1376 7.31429 37.6327 0.731544
 1377 4.11429 37.6084 0.731417
 1378 4.11429 37.5841 0.73129
 1379 9.25714 37.5635 0.731049
 1380 11.4286 37.5446 0.730764
 1381 19.3143 37.5314 0.730354
 1382 16.4571 37.5161 0.729985
 1383 19.3143 37.503 0.729575
 1384 16.4571 37.4878 0.729207
 1385 16.4571 37.4726 0.728838
 1386 13.8286 37.4555 0.728512
 1387 16.4571 37.4404 0.728144
 1388 11.4286 37.4217 0.72786
 1389 7.31429 37.4 0.727659
 1390 9.25714 37.3797 0.727417
 1391 13.8286 37.3628 0.727091
 1392 13.8286 37.3459 0.726765
 1393 11.4286 37.3273 0.726482
 1394 4.11429 37.3035 0.726351
 1395 4.11429 37.2797 0.72622
 1396 4.11429 37.2559 0.726089
 1397 1.82857 37.2306 0.726012
 1398 0.114286 37.204 0.725978
 1399 0.457143 37.1777 0.725934
 1400 0.114286 37.1513 0.725898
 1401 1.82857 37.1261 0.725818
 1402 0.457143 37.0999 0.725772
 1403 0.114286 37.0735 0.725733
 1404 0 37.0471 0.725696
 1405 0 37.0208 0.725659
 1406 0 36.9944 0.725621
 1407 0.114286 36.9682 0.725578
 1408 0.457143 36.9423 0.725526
 1409 0.457143 36.9164 0.725474
 1410 0.114286 36.8903 0.725429
 1411 0.457143 36.8645 0.725374
 1412 0.457143 36.8387 0.725318
 1413 0 36.8126 0.725274
 1414 0.114286 36.7867 0.725225
 1415 0 36.7607 0.725179
 1416 0.114286 36.7348 0.725128
 1417 1.82857 36.7102 0.725035
 1418 1.82857 36.6856 0.724941
 1419 0.457143 36.66 0.72488
 1420 0.457143 36.6345 0.724817
 1421 1.02857 36.6095 0.724741
 1422 1.82857 36.585 0.724644
 1423 1.82857 36.5606 0.724546
 1424 4.11429 36.5378 0.724395
 1425 4.11429 36.515 0.724244
 1426 7.31429 36.4946 0.724026
 1427 5.6 36.4729 0.723842
 1428 1.82857 36.4487 0.723742
 1429 1.02857 36.4239 0.72366
 1430 4.11429 36.4013 0.723507
 1431 5.6 36.3798 0.723321
 1432 13.8286 36.364 0.722987
 1433 9.25714 36.3451 0.72273
 1434 7.31429 36.3248 0.72251
 1435 5.6 36.3034 0.722323
 1436 7.31429 36.2832 0.722103
 1437 9.25714 36.2644 0.721845
 1438 7.31429 36.2443 0.721624
 1439 9.25714 36.2256 0.721366
 1440 11.4286 36.2083 0.72107
 1441 9.25714 36.1896 0.720812
 1442 16.4571 36.1759 0.720442
 1443 19.3143 36.1643 0.720038
 1444 16.4571 36.1506 0.719668
 1445 11.4286 36.1335 0.719374
 1446 11.4286 36.1164 0.719079
 1447 19.3143 36.1048 0.718676
 1448 22.4 36.0953 0.718242
 1449 13.8286 36.08 0.71791
 1450 11.4286 36.063 0.717616
 1451 1.82857 36.0394 0.71751
 1452 2.85714 36.0165 0.717379
 1453 5.6 35.9956 0.717191
 1454 5.6 35.9747 0.717002
 1455 5.6 35.9538 0.716814
 1456 2.85714 35.9311 0.716682
 1457 0.457143 35.9067 0.716603
 1458 0.457143 35.8824 0.716524
 1459 0 35.8578 0.716455
 1460 0.114286 35.8333 0.716383
 1461 0.114286 35.8089 0.71631
 1462 0 35.7844 0.716238
 1463 0 35.7599 0.716166
 1464 0.457143 35.7358 0.716083
 1465 1.82857 35.7127 0.715969
 1466 0 35.6883 0.715895
 1467 0.457143 35.6643 0.715809
 1468 0 35.64 0.715734
 1469 0.457143 35.6161 0.715648
 1470 0 35.5918 0.715571
 1471 1.02857 35.5683 0.71547
 1472 5.6 35.548 0.715274
 1473 2.85714 35.5258 0.715132
 1474 1.82857 35.5029 0.715013
 1475 4.11429 35.4816 0.714845
 1476 2.85714 35.4595 0.714702
 1477 0.457143 35.4358 0.714611
 1478 1.82857 35.4131 0.714489
 1479 1.82857 35.3904 0.714367
 1480 4.11429 35.3693 0.714197
 1481 2.85714 35.3473 0.714052
 1482 5.6 35.3272 0.713852
 1483 2.85714 35.3053 0.713707
 1484 1.82857 35.2828 0.713582
 1485 1.02857 35.2597 0.713474
 1486 5.6 35.2398 0.713273
 1487 5.6 35.2198 0.713072
 1488 1.82857 35.1974 0.712946
 1489 0.457143 35.1741 0.712849
 1490 0.114286 35.1505 0.712759
 1491 0.114286 35.127 0.712668
 1492 0 35.1035 0.71258
 1493 0.114286 35.08 0.712488
 1494 1.82857 35.0578 0.712358
 1495 1.82857 35.0356 0.712229
 1496 5.6 35.0159 0.712024
 1497 4.11429 34.9952 0.711848
 1498 1.02857 34.9726 0.711734
 1499 0.457143 34.9495 0.711631
 1500 0.457143 34.9266 0.711529
 1501 1.02857 34.904 0.711413
 1502 0.457143 34.881 0.711309
 1503 0.457143 34.8581 0.711204
 1504 1.82857 34.8362 0.711071
 1505 5.6 34.8167 0.710863
 1506 5.6 34.7973 0.710656
 1507 0.114286 34.7743 0.710557
 1508 1.82857 34.7525 0.710422
 1509 0.114286 34.7295 0.710322
 1510 1.82857 34.7077 0.710186
 1511 1.02857 34.6854 0.710065
 1512 2.85714 34.6644 0.709908
 1513 1.82857 34.6427 0.70977
 1514 0.457143 34.6201 0.709661
 1515 0.114286 34.5973 0.709558
 1516 0.114286 34.5746 0.709454
 1517 1.82857 34.553 0.709315
 1518 0.114286 34.5303 0.70921
 1519 0 34.5076 0.709108
 1520 0.114286 34.485 0.709002
 1521 1.82857 34.4635 0.708861
 1522 1.02857 34.4415 0.708736
 1523 0.457143 34.4192 0.708622
 1524 1.02857 34.3973 0.708496
 1525 0.114286 34.3748 0.708388
 1526 0.457143 34.3526 0.708272
 1527 0.457143 34.3304 0.708156
 1528 1.02857 34.3086 0.708028
 1529 1.82857 34.2874 0.707884
 1530 1.02857 34.2656 0.707755
 1531 1.02857 34.2439 0.707625
 1532 0.457143 34.2219 0.707507
 1533 0.457143 34.1998 0.707388
 1534 0.114286 34.1776 0.707276
 1535 0.457143 34.1556 0.707157
 1536 0.457143 34.1337 0.707037
 1537 0 34.1115 0.706925
 1538 0.457143 34.0896 0.706804
 1539 1.02857 34.0681 0.706671
 1540 2.85714 34.0479 0.706503
 1541 4.11429 34.0284 0.706312
 1542 7.31429 34.0111 0.706066
 1543 1.82857 33.9903 0.705917
 1544 1.82857 33.9694 0.705767
 1545 1.02857 33.9481 0.705632
 1546 1.02857 33.9268 0.705497
 1547 1.02857 33.9055 0.705361
 1548 1.02857 33.8843 0.705225
 1549 0.457143 33.8627 0.7051
 1550 0.114286 33.841 0.704981
 1551 0.457143 33.8194 0.704855
 1552 2.85714 33.7995 0.704684
 1553 0.457143 33.778 0.704557
 1554 0.114286 33.7564 0.704437
 1555 0.114286 33.7347 0.704316
 1556 0.114286 33.7131 0.704194
 1557 0.114286 33.6915 0.704073
 1558 0.114286 33.67 0.703951
 1559 0 33.6484 0.703831
 1560 1.82857 33.628 0.703675
 1561 2.85714 33.6083 0.7035
 1562 2.85714 33.5886 0.703325
 1563 5.6 33.5707 0.703103
 1564 2.85714 33.551 0.702928
 1565 2.85714 33.5314 0.702752
 1566 4.11429 33.5126 0.702555
 1567 2.85714 33.4931 0.702379
 1568 2.85714 33.4735 0.702202
 1569 0.114286 33.4523 0.702077
 1570 1.82857 33.4321 0.701918
 1571 1.02857 33.4115 0.701775
 1572 1.02857 33.3909 0.701631
 1573 0 33.3697 0.701506
 1574 0 33.3485 0.70138
 1575 0 33.3273 0.701255
 1576 0 33.3062 0.701128
 1577 0.114286 33.2851 0.701
 1578 0.457143 33.2643 0.700864
 1579 0 33.2432 0.700737
 1580 0 33.2222 0.700609
 1581 0 33.2012 0.700481
 1582 0.114286 33.1803 0.700351
 1583 1.02857 33.16 0.700203
 1584 1.02857 33.1397 0.700055
 1585 0.457143 33.1191 0.699916
 1586 0 33.0982 0.699787
 1587 0.457143 33.0776 0.699648
 1588 0 33.0568 0.699517
 1589 0.457143 33.0363 0.699378
 1590 0 33.0155 0.699247
 1591 0.114286 32.9948 0.699113
 1592 0 32.9741 0.698981
 1593 1.82857 32.9545 0.698816
 1594 0.457143 32.9341 0.698675
 1595 0.114286 32.9136 0.69854
 1596 1.02857 32.8936 0.698388
 1597 1.82857 32.8741 0.698221
 1598 2.85714 32.8554 0.698037
 1599 1.82857 32.836 0.69787
 1600 2.85714 32.8172 0.697685
 1601 2.85714 32.7985 0.697501
 1602 4.11429 32.7806 0.697295
 1603 2.85714 32.7619 0.69711
 1604 1.82857 32.7426 0.696942
 1605 1.82857 32.7234 0.696774
 1606 1.82857 32.7041 0.696606
 1607 4.11429 32.6864 0.696399
 1608 7.31429 32.6706 0.696145
 1609 9.25714 32.656 0.695864
 1610 9.25714 32.6415 0.695584
 1611 5.6 32.6247 0.695354
 1612 9.25714 32.6102 0.695074
 1613 11.4286 32.5971 0.694767
 1614 9.25714 32.5826 0.694487
 1615 2.85714 32.5642 0.694301
 1616 1.02857 32.5447 0.694146
 1617 0.114286 32.5246 0.694006
 1618 0 32.5045 0.693868
 1619 0 32.4845 0.69373
 1620 0.114286 32.4645 0.69359
 1621 1.02857 32.4451 0.693433
 1622 1.82857 32.4262 0.693262
 1623 2.85714 32.408 0.693074
 1624 4.11429 32.3906 0.692867
 1625 2.85714 32.3724 0.692679
 1626 2.85714 32.3542 0.69249
 1627 1.02857 32.335 0.692332
 1628 0.457143 32.3154 0.692184
 1629 2.85714 32.2973 0.691995
 1630 1.02857 32.2781 0.691837
 1631 0.457143 32.2586 0.691688
 1632 1.82857 32.24 0.691515
 1633 4.11429 32.2228 0.691306
 1634 4.11429 32.2056 0.691097
 1635 4.11429 32.1884 0.690888
 1636 4.11429 32.1712 0.690679
 1637 4.11429 32.1541 0.690469
 1638 5.6 32.1379 0.690238
 1639 9.25714 32.1239 0.689958
 1640 7.31429 32.1088 0.689703
 1641 5.6 32.0926 0.689472
 1642 2.85714 32.0748 0.689282
 1643 4.11429 32.0578 0.689072
 1644 1.82857 32.0394 0.688899
 1645 0.114286 32.02 0.688753
 1646 0.114286 32.0006 0.688607
 1647 1.02857 31.9818 0.688446
 1648 0 31.9624 0.688302
 1649 0.114286 31.9431 0.688155
 1650 0.457143 31.924 0.688003
 1651 1.82857 31.9058 0.687828
 1652 4.11429 31.889 0.687617
 1653 9.25714 31.8753 0.687337
 1654 9.25714 31.8616 0.687058
 1655 7.31429 31.8468 0.686803
 1656 22.4 31.8411 0.686411
 1657 22.4 31.8354 0.686021
 1658 25.7143 31.8317 0.685617
 1659 33.0286 31.8324 0.685204
 1660 25.7143 31.8287 0.684801
 1661 25.7143 31.825 0.684398
 1662 29.2571 31.8235 0.683988
 1663 25.7143 31.8198 0.683587
 1664 7.31429 31.8051 0.683334
 1665 2.85714 31.7877 0.683145
 1666 2.85714 31.7703 0.682956
 1667 1.82857 31.7524 0.682782
 1668 1.82857 31.7344 0.682608
 1669 2.85714 31.7171 0.682419
 1670 2.85714 31.6998 0.682229
 1671 1.82857 31.682 0.682055
 1672 1.02857 31.6636 0.681893
 1673 1.02857 31.6453 0.681732
 1674 0.457143 31.6267 0.681579
 1675 0.114286 31.6079 0.681432
 1676 2.85714 31.5907 0.681241
 1677 1.82857 31.573 0.681066
 1678 4.11429 31.5566 0.680856
 1679 2.85714 31.5395 0.680665
 1680 1.02857 31.5214 0.680503
 1681 0.114286 31.5027 0.680354
 1682 1.02857 31.4846 0.680191
 1683 0.457143 31.4661 0.680037
 1684 2.85714 31.4491 0.679845
 1685 7.31429 31.4348 0.679592
 1686 7.31429 31.4205 0.67934
 1687 5.6 31.4052 0.67911
 1688 5.6 31.3899 0.678879
 1689 9.25714 31.3768 0.678604
 1690 4.11429 31.3607 0.678394
 1691 4.11429 31.3446 0.678184
 1692 2.85714 31.3277 0.677992
 1693 5.6 31.3125 0.677762
 1694 5.6 31.2974 0.677532
 1695 9.25714 31.2843 0.677257
 1696 5.6 31.2692 0.677027
 1697 1.82857 31.2519 0.67685
 1698 0.457143 31.2337 0.676694
 1699 0 31.2153 0.676546
 1700 0.114286 31.197 0.676395
 1701 1.02857 31.1793 0.67623
 1702 4.11429 31.1634 0.67602
 1703 1.02857 31.1457 0.675854
 1704 1.02857 31.128 0.675689
 1705 1.82857 31.1109 0.675511
 1706 1.82857 31.0937 0.675333
 1707 1.82857 31.0765 0.675155
 1708 1.82857 31.0594 0.674977
 1709 1.02857 31.0418 0.674811
 1710 1.82857 31.0248 0.674632
 1711 1.82857 31.0077 0.674454
 1712 2.85714 30.9913 0.67426
 1713 5.6 30.9764 0.674029
 1714 11.4286 30.965 0.673733
 1715 11.4286 30.9536 0.673436
 1716 7.31429 30.9399 0.673184
 1717 9.25714 30.9272 0.672911
 1718 11.4286 30.9159 0.672615
 1719 19.3143 30.9091 0.672257
 1720 16.4571 30.9007 0.671919
 1721 19.3143 30.894 0.671562
 1722 22.4 30.8891 0.67119
 1723 22.4 30.8841 0.670818
 1724 22.4 30.8792 0.670447
 1725 25.7143 30.8762 0.670065
 1726 29.2571 30.8753 0.669677
 1727 25.7143 30.8723 0.669296
 1728 11.4286 30.861 0.669003
 1729 13.8286 30.8512 0.668689
 1730 13.8286 30.8414 0.668375
 1731 11.4286 30.8301 0.668083
 1732 9.25714 30.8177 0.667813
 1733 13.8286 30.8079 0.667499
 1734 19.3143 30.8013 0.667147
 1735 22.4 30.7964 0.66678
 1736 25.7143 30.7935 0.666403
 1737 33.0286 30.7948 0.66602
 1738 25.7143 30.7918 0.665643
 1739 37.0286 30.7954 0.66527
 1740 41.2571 30.8014 0.664915
 1741 55.3143 30.8155 0.664682
 1742 65.8286 30.8356 0.664604
 1743 65.8286 30.8557 0.664526
 1744 71.4286 30.879 0.664552
 1745 71.4286 30.9022 0.664578
 1746 65.8286 30.9222 0.664498
 1747 71.4286 30.9454 0.664522
 1748 71.4286 30.9686 0.664546
 1749 71.4286 30.9917 0.664568
 1750 71.4286 31.0148 0.66459
 1751 71.4286 31.0379 0.664611
 1752 71.4286 31.0609 0.664632
 1753 71.4286 31.084 0.664652
 1754 71.4286 31.107 0.664671
 1755 71.4286 31.1299 0.664689
 1756 71.4286 31.1529 0.664707
 1757 71.4286 31.1758 0.664724
 1758 71.4286 31.1987 0.66474
 1759 71.4286 31.2216 0.664756
 1760 65.8286 31.2412 0.664669
 1761 65.8286 31.2609 0.664581
 1762 71.4286 31.2837 0.664595
 1763 71.4286 31.3064 0.664608
 1764 71.4286 31.3292 0.664621
 1765 71.4286 31.3519 0.664633
 1766 71.4286 31.3746 0.664644
 1767 71.4286 31.3973 0.664654
 1768 71.4286 31.4199 0.664664
 1769 71.4286 31.4425 0.664673
 1770 71.4286 31.4651 0.664681
 1771 71.4286 31.4877 0.664689
 1772 71.4286 31.5102 0.664696
 1773 71.4286 31.5327 0.664702
 1774 71.4286 31.5552 0.664708
 1775 71.4286 31.5777 0.664713
 1776 71.4286 31.6001 0.664718
 1777 71.4286 31.6225 0.664722
 1778 71.4286 31.6449 0.664725
 1779 65.8286 31.6641 0.664629
 1780 60.4571 31.6803 0.664452
 1781 71.4286 31.7026 0.664454
 1782 71.4286 31.7249 0.664455
 1783 71.4286 31.7472 0.664455
 1784 71.4286 31.7694 0.664455
 1785 71.4286 31.7917 0.664455
 1786 71.4286 31.8139 0.664453
 1787 71.4286 31.836 0.664451
 1788 71.4286 31.8582 0.664448
 1789 71.4286 31.8803 0.664445
 1790 71.4286 31.9024 0.664441
 1791 71.4286 31.9244 0.664437
 1792 71.4286 31.9465 0.664432
 1793 71.4286 31.9685 0.664426
 1794 71.4286 31.9905 0.66442
 1795 71.4286 32.0125 0.664413
 1796 71.4286 32.0344 0.664405
 1797 65.8286 32.0532 0.664302
 1798 55.3143 32.0662 0.664058
 1799 71.4286 32.088 0.66405
 1800 71.4286 32.1099 0.66404
 1801 71.4286 32.1317 0.664031
 1802 65.8286 32.1504 0.663925
 1803 71.4286 32.1722 0.663915
 1804 65.8286 32.1909 0.663809
 1805 71.4286 32.2126 0.663797
 1806 71.4286 32.2343 0.663784
 1807 71.4286 32.256 0.663772
 1808 71.4286 32.2777 0.663758
 1809 65.8286 32.2962 0.66365
 1810 50.4 32.3062 0.663359
 1811 50.4 32.3162 0.663068
 1812 50.4 32.3262 0.662777
 1813 50.4 32.3362 0.662486
 1814 41.2571 32.3411 0.662139
 1815 50.4 32.351 0.661849
 1816 60.4571 32.3665 0.661665
 1817 60.4571 32.382 0.661482
 1818 55.3143 32.3946 0.661238
 1819 50.4 32.4045 0.660949
 1820 60.4571 32.4199 0.660765
 1821 55.3143 32.4325 0.660522
 1822 60.4571 32.4479 0.660339
 1823 65.8286 32.4662 0.66023
 1824 71.4286 32.4875 0.660214
 1825 71.4286 32.5089 0.660197
 1826 71.4286 32.5302 0.660179
 1827 71.4286 32.5515 0.660161
 1828 71.4286 32.5727 0.660143
 1829 60.4571 32.588 0.659958
 1830 50.4 32.5977 0.659669
 1831 60.4571 32.6129 0.659484
 1832 60.4571 32.6281 0.659299
 1833 45.7143 32.6353 0.658978
 1834 41.2571 32.64 0.658635
 1835 29.2571 32.6381 0.658279
 1836 22.4 32.6326 0.657944
 1837 29.2571 32.6307 0.657588
 1838 29.2571 32.6289 0.657233
 1839 19.3143 32.6216 0.656915
 1840 19.3143 32.6144 0.656598
 1841 16.4571 32.6056 0.6563
 1842 13.8286 32.5954 0.656023
 1843 13.8286 32.5853 0.655746
 1844 11.4286 32.5738 0.655491
 1845 13.8286 32.5636 0.655214
 1846 16.4571 32.5549 0.654917
 1847 13.8286 32.5448 0.654641
 1848 13.8286 32.5346 0.654365
 1849 11.4286 32.5232 0.654111
 1850 13.8286 32.5131 0.653835
 1851 16.4571 32.5044 0.653539
 1852 19.3143 32.4973 0.653225
 1853 16.4571 32.4887 0.65293
 1854 9.25714 32.4761 0.652698
 1855 9.25714 32.4636 0.652466
 1856 16.4571 32.455 0.652171
 1857 19.3143 32.4479 0.651859
 1858 22.4 32.4425 0.65153
 1859 25.7143 32.4389 0.65119
 1860 16.4571 32.4303 0.650896
 1861 13.8286 32.4203 0.650623
 1862 16.4571 32.4117 0.65033
 1863 19.3143 32.4047 0.650019
 1864 16.4571 32.3961 0.649726
 1865 25.7143 32.3926 0.649388
 1866 29.2571 32.3909 0.649042
 1867 25.7143 32.3873 0.648704
 1868 16.4571 32.3788 0.648413
 1869 19.3143 32.3718 0.648103
 1870 16.4571 32.3633 0.647813
 1871 22.4 32.3579 0.647488
 1872 22.4 32.3526 0.647164
 1873 22.4 32.3473 0.64684
 1874 29.2571 32.3457 0.646497
 1875 33.0286 32.346 0.646152
 1876 33.0286 32.3464 0.645808
 1877 37.0286 32.3489 0.645469
 1878 37.0286 32.3514 0.64513
 1879 29.2571 32.3497 0.644788
 1880 33.0286 32.3501 0.644445
 1881 29.2571 32.3484 0.644105
 1882 19.3143 32.3415 0.6438
 1883 29.2571 32.3399 0.64346
 1884 41.2571 32.3446 0.643135
 1885 37.0286 32.3471 0.642799
 1886 45.7143 32.3542 0.642497
 1887 50.4 32.3638 0.642228
 1888 45.7143 32.3708 0.641927
 1889 60.4571 32.3857 0.641759
 1890 71.4286 32.4063 0.641752
 1891 71.4286 32.427 0.641744
 1892 71.4286 32.4476 0.641736
 1893 71.4286 32.4682 0.641727
 1894 71.4286 32.4888 0.641718
 1895 60.4571 32.5035 0.641549
 1896 60.4571 32.5183 0.64138
 1897 60.4571 32.533 0.641211
 1898 60.4571 32.5477 0.641042
 1899 71.4286 32.5682 0.641032
 1900 71.4286 32.5886 0.641021
 1901 71.4286 32.6091 0.641009
 1902 71.4286 32.6295 0.640997
 1903 71.4286 32.6499 0.640984
 1904 71.4286 32.6702 0.640971
 1905 65.8286 32.6876 0.640871
 1906 60.4571 32.7022 0.6407
 1907 71.4286 32.7225 0.640686
 1908 71.4286 32.7428 0.640672
 1909 71.4286 32.7631 0.640657
 1910 71.4286 32.7833 0.640641
 1911 71.4286 32.8035 0.640625
 1912 71.4286 32.8237 0.640608
 1913 71.4286 32.8439 0.640591
 1914 71.4286 32.8641 0.640574
 1915 71.4286 32.8842 0.640556
 1916 71.4286 32.9043 0.640538
 1917 71.4286 32.9244 0.640519
 1918 71.4286 32.9445 0.640499
 1919 65.8286 32.9616 0.640395
 1920 60.4571 32.976 0.640221
 1921 55.3143 32.9876 0.639994
 1922 55.3143 32.9992 0.639766
 1923 55.3143 33.0108 0.639538
 1924 65.8286 33.0279 0.639434
 1925 71.4286 33.0478 0.639413
 1926 71.4286 33.0677 0.639391
 1927 65.8286 33.0847 0.639285
 1928 71.4286 33.1046 0.639263
 1929 71.4286 33.1245 0.63924
 1930 65.8286 33.1414 0.639134
 1931 71.4286 33.1613 0.63911
 1932 71.4286 33.1811 0.639086
 1933 65.8286 33.198 0.638979
 1934 60.4571 33.2121 0.638804
 1935 65.8286 33.2289 0.638696
 1936 71.4286 33.2486 0.638671
 1937 71.4286 33.2684 0.638646
 1938 71.4286 33.288 0.63862
 1939 60.4571 33.3021 0.638444
 1940 71.4286 33.3217 0.638417
 1941 71.4286 33.3413 0.63839
 1942 71.4286 33.361 0.638363
 1943 71.4286 33.3805 0.638335
 1944 71.4286 33.4001 0.638307
 1945 71.4286 33.4197 0.638278
 1946 71.4286 33.4392 0.638249
 1947 65.8286 33.4558 0.638138
 1948 71.4286 33.4753 0.638108
 1949 71.4286 33.4948 0.638078
 1950 71.4286 33.5143 0.638047
 1951 71.4286 33.5337 0.638016
 1952 71.4286 33.5531 0.637984
 1953 60.4571 33.5669 0.637806
 1954 50.4 33.5755 0.637538
 1955 50.4 33.5841 0.63727
 1956 50.4 33.5927 0.637002
 1957 50.4 33.6013 0.636734
 1958 55.3143 33.6124 0.636506
 1959 65.8286 33.6288 0.636393
 1960 55.3143 33.6399 0.636165
 1961 45.7143 33.646 0.63587
 1962 50.4 33.6546 0.635603
 1963 45.7143 33.6607 0.635309
 1964 65.8286 33.6771 0.635197
 1965 65.8286 33.6935 0.635084
 1966 71.4286 33.7127 0.635051
 1967 71.4286 33.7318 0.635018
 1968 71.4286 33.751 0.634984
 1969 71.4286 33.7701 0.63495
 1970 71.4286 33.7892 0.634915
 1971 71.4286 33.8083 0.63488
 1972 71.4286 33.8274 0.634845
 1973 71.4286 33.8465 0.634809
 1974 71.4286 33.8655 0.634773
 1975 71.4286 33.8845 0.634737
 1976 71.4286 33.9035 0.6347
 1977 65.8286 33.9197 0.634584
 1978 71.4286 33.9386 0.634547
 1979 71.4286 33.9576 0.634509
 1980 71.4286 33.9765 0.634471
 1981 71.4286 33.9954 0.634432
 1982 71.4286 34.0143 0.634393
 1983 71.4286 34.0332 0.634354
 1984 71.4286 34.052 0.634314
 1985 71.4286 34.0708 0.634274
 1986 71.4286 34.0897 0.634233
 1987 71.4286 34.1084 0.634193
 1988 71.4286 34.1272 0.634152
 1989 71.4286 34.146 0.63411
 1990 71.4286 34.1647 0.634068
 1991 71.4286 34.1834 0.634026
 1992 71.4286 34.2021 0.633983
 1993 71.4286 34.2208 0.63394
 1994 71.4286 34.2395 0.633897
 1995 71.4286 34.2581 0.633853
 1996 71.4286 34.2767 0.633809
 1997 71.4286 34.2953 0.633765
 1998 71.4286 34.3139 0.63372
 1999 71.4286 34.3325 0.633675
 2000 71.4286 34.351 0.63363
