 1 1.33333 1.33333 0
 2 0.48 0.906667 0.426667
 3 0.853333 0.888889 0.246977
 4 0.853333 0.88 0.174865
 5 2.61333 1.22667 0.372189
 6 2.61333 1.45778 0.381788
 7 0.0533333 1.25714 0.379961
 8 0.853333 1.20667 0.332904
 9 0.48 1.12593 0.304494
 10 0.0533333 1.01867 0.292708
 11 0.0533333 0.930909 0.278929
 12 1.92 1.01333 0.267635
 13 10.4533 1.73949 0.766752
 14 1.92 1.75238 0.709991
 15 1.33333 1.72444 0.661556
 16 0.48 1.64667 0.623697
 17 0.0533333 1.55294 0.593311
 18 0.48 1.49333 0.562546
 19 0 1.41474 0.537889
 20 0.0533333 1.34667 0.514806
 21 0.0533333 1.28508 0.493536
 22 0.48 1.24848 0.471989
 23 0.0533333 1.19652 0.453985
 24 0.48 1.16667 0.435681
 25 0.213333 1.12853 0.419627
 26 0.853333 1.11795 0.403304
 27 0.853333 1.10815 0.388203
 28 0.0533333 1.07048 0.375974
 29 4.32 1.18253 0.379689
 30 4.32 1.28711 0.381431
 31 0.213333 1.25247 0.370545
 32 7.68 1.45333 0.411177
 33 4.32 1.5402 0.40788
 34 1.92 1.55137 0.39586
 35 3.41333 1.60457 0.388047
 36 2.61333 1.63259 0.378153
 37 3.41333 1.68072 0.370927
 38 3.41333 1.72632 0.363901
 39 3.41333 1.76957 0.357077
 40 0.0533333 1.72667 0.350671
 41 0.0533333 1.68585 0.344438
 42 1.33333 1.67746 0.336241
 43 1.33333 1.66946 0.328426
 44 7.68 1.80606 0.348742
 45 0.853333 1.78489 0.341561
 46 0.0533333 1.74725 0.336168
 47 0.48 1.72028 0.330041
 48 4.32 1.77444 0.3276
 49 1.92 1.77741 0.320858
 50 0.853333 1.75893 0.314918
 51 0.0533333 1.72549 0.310488
 52 0.0533333 1.69333 0.306152
 53 0.0533333 1.66239 0.30191
 54 0.0533333 1.63259 0.297761
 55 2.61333 1.65042 0.29284
 56 0.853333 1.63619 0.287916
 57 0.213333 1.61123 0.283919
 58 0 1.58345 0.28036
 59 0.0533333 1.55751 0.276785
 60 0.0533333 1.53244 0.273285
 61 0 1.50732 0.26994
 62 1.33333 1.50452 0.265565
 63 1.33333 1.5018 0.26133
 64 1.92 1.50833 0.257297
 65 10.4533 1.64595 0.288275
 66 6.45333 1.71879 0.29307
 67 10.4533 1.84915 0.316736
 68 9.01333 1.95451 0.329349
 69 10.4533 2.07768 0.347128
 70 6.45333 2.14019 0.347797
 71 1.92 2.13709 0.342877
 72 2.61333 2.1437 0.338146
 73 2.61333 2.15014 0.333544
 74 1.33333 2.1391 0.329191
 75 0.213333 2.11342 0.325785
 76 0.213333 2.08842 0.322441
 77 1.92 2.08623 0.318233
 78 0.213333 2.06222 0.315043
 79 1.92 2.06042 0.311035
 80 0.853333 2.04533 0.307493
 81 0 2.02008 0.304721
 82 0 1.99545 0.301988
 83 0.48 1.97719 0.298886
 84 0.0533333 1.95429 0.296193
 85 0.853333 1.94133 0.292974
 86 1.92 1.94109 0.289548
 87 1.92 1.94084 0.2862
 88 0.213333 1.92121 0.283609
 89 3.41333 1.93798 0.280905
 90 1.92 1.93778 0.277767
 91 1.92 1.93758 0.274698
 92 2.61333 1.94493 0.271795
 93 5.33333 1.98136 0.271314
 94 6.45333 2.02894 0.272595
 95 5.33333 2.06372 0.271944
 96 3.41333 2.07778 0.269464
 97 0.0533333 2.05691 0.267487
 98 0 2.03592 0.265574
 99 0.213333 2.01751 0.263521
 100 0.48 2.00213 0.261326
 101 0.213333 1.98442 0.259331
 102 2.61333 1.99059 0.25685
 103 1.92 1.9899 0.254345
 104 0.0533333 1.97128 0.252575
 105 1.33333 1.96521 0.250231
 106 1.33333 1.95925 0.247931
 107 1.33333 1.9534 0.245673
 108 0.48 1.93975 0.243769
 109 0.0533333 1.92245 0.242142
 110 0.48 1.90933 0.240289
 111 0.0533333 1.89261 0.2387
 112 0.0533333 1.87619 0.237129
 113 0.213333 1.86147 0.235481
 114 0.853333 1.85263 0.233574
 115 1.33333 1.84812 0.231578
 116 0.48 1.83632 0.229876
 117 1.33333 1.83202 0.227943
 118 0.853333 1.82373 0.226155
 119 10.4533 1.89625 0.235681
 120 9.01333 1.95556 0.241116
 121 1.33333 1.95041 0.239171
 122 4.32 1.96984 0.237996
 123 1.92 1.96943 0.236054
 124 3.41333 1.98108 0.234432
 125 0.853333 1.97205 0.232724
 126 5.33333 1.99873 0.232405
 127 7.68 2.04346 0.234868
 128 1.33333 2.03792 0.233091
 129 0.0533333 2.02253 0.231789
 130 5.33333 2.048 0.231404
 131 1.92 2.04702 0.229633
 132 1.92 2.04606 0.227889
 133 3.41333 2.05634 0.226403
 134 5.33333 2.0808 0.226034
 135 4.32 2.09738 0.224965
 136 3.41333 2.10706 0.223514
 137 2.61333 2.11075 0.221908
 138 1.92 2.10937 0.220298
 139 1.33333 2.10379 0.218779
 140 0.213333 2.09029 0.21763
 141 0.213333 2.07697 0.216491
 142 0.0533333 2.06272 0.215432
 143 0.853333 2.05427 0.214088
 144 0.853333 2.04593 0.212759
 145 1.92 2.04506 0.211289
 146 0.0533333 2.03142 0.210279
 147 0.48 2.02086 0.209111
 148 1.33333 2.01622 0.207745
 149 0.213333 2.00412 0.2067
 150 0.213333 1.99218 0.205664
 151 0.213333 1.9804 0.204637
 152 0.853333 1.97298 0.203422
 153 2.61333 1.97717 0.202131
 154 1.92 1.9768 0.200815
 155 1.33333 1.97265 0.199558
 156 2.61333 1.97675 0.198317
 157 0 1.96416 0.197452
 158 0.48 1.95477 0.196423
 159 2.61333 1.95891 0.195228
 160 0.0533333 1.947 0.194369
 161 0 1.93491 0.193536
 162 0.0533333 1.92329 0.192688
 163 0.853333 1.91673 0.191615
 164 2.61333 1.92098 0.19049
 165 0.853333 1.91451 0.189443
 166 4.32 1.929 0.188855
 167 1.92 1.92894 0.18772
 168 3.41333 1.93778 0.186809
 169 0 1.92631 0.186054
 170 0.0533333 1.91529 0.185284
 171 0.213333 1.90534 0.184466
 172 0.213333 1.8955 0.183654
 173 0.0533333 1.88486 0.182899
 174 1.33333 1.88169 0.181873
 175 0.48 1.87368 0.181008
 176 4.32 1.88758 0.180513
 177 0.853333 1.88173 0.179585
 178 0.0533333 1.87146 0.178868
 179 0.853333 1.86577 0.177957
 180 0.213333 1.85659 0.177204
 181 0 1.84634 0.17652
 182 0.853333 1.84088 0.175632
 183 0.0533333 1.83111 0.174943
 184 9.01333 1.87014 0.178314
 185 4.32 1.88339 0.177842
 186 3.41333 1.89161 0.177074
 187 2.61333 1.89547 0.176167
 188 0.48 1.88794 0.175389
 189 0.853333 1.88247 0.174544
 190 0.0533333 1.87284 0.17389
 191 3.41333 1.88091 0.173165
 192 1.92 1.88111 0.172261
 193 0.853333 1.87579 0.171449
 194 1.33333 1.87299 0.170586
 195 0.0533333 1.86366 0.169965
 196 0.48 1.8566 0.169243
 197 0.213333 1.84826 0.168588
 198 6.45333 1.87152 0.169339
 199 9.01333 1.9074 0.172266
 200 12 1.95787 0.178677
 201 5.33333 1.97466 0.178577
 202 9.01333 2.0095 0.181075
 203 9.01333 2.04401 0.183454
 204 10.4533 2.08523 0.187149
 205 12 2.13359 0.192412
 206 9.01333 2.16699 0.194366
 207 9.01333 2.20006 0.196232
 208 2.61333 2.20205 0.195296
 209 5.33333 2.21703 0.194936
 210 0.853333 2.21054 0.194114
 211 0 2.20006 0.193476
 212 1.33333 2.19597 0.192605
 213 0 2.18567 0.191975
 214 0.0533333 2.1757 0.191336
 215 0 2.16558 0.190713
 216 1.92 2.16444 0.189831
 217 3.41333 2.1702 0.189042
 218 2.61333 2.17223 0.188184
 219 4.32 2.18204 0.187579
 220 1.92 2.18085 0.186728
 221 1.33333 2.17701 0.185921
 222 0.213333 2.16817 0.185293
 223 1.92 2.16706 0.184463
 224 2.61333 2.16905 0.183649
 225 1.33333 2.16533 0.182868
 226 0.213333 2.1567 0.182262
 227 0.853333 2.15095 0.181548
 228 0 2.14152 0.180996
 229 2.61333 2.14358 0.180216
 230 3.41333 2.1491 0.179516
 231 0.213333 2.14072 0.178933
 232 2.61333 2.14276 0.178172
 233 0.0533333 2.13379 0.177632
 234 0.0533333 2.1249 0.177095
 235 0 2.11586 0.176571
 236 0.853333 2.11051 0.175903
 237 3.41333 2.11601 0.175245
 238 3.41333 2.12146 0.174592
 239 5.33333 2.1349 0.174379
 240 2.61333 2.13689 0.173662
 241 4.32 2.14595 0.173177
 242 0.0533333 2.1373 0.172677
 243 0.853333 2.13202 0.172046
 244 0.853333 2.12678 0.171419
 245 3.41333 2.13203 0.170799
 246 0 2.12336 0.170324
 247 1.33333 2.12016 0.169663
 248 0.213333 2.11247 0.169153
 249 1.33333 2.10934 0.168501
 250 0.853333 2.10432 0.167901
 251 5.33333 2.11718 0.167725
 252 3.41333 2.12233 0.167137
 253 17.28 2.18224 0.176927
 254 19.2533 2.24945 0.18861
 255 10.4533 2.28162 0.190604
 256 2.61333 2.28292 0.189862
 257 7.68 2.30392 0.190285
 258 0.48 2.29685 0.189677
 259 0.48 2.28983 0.189074
 260 0.0533333 2.28123 0.188542
 261 0.0533333 2.27269 0.188012
 262 0.853333 2.26728 0.187371
 263 1.33333 2.26373 0.186691
 264 0.853333 2.25838 0.186059
 265 1.33333 2.25489 0.185389
 266 1.33333 2.25143 0.184723
 267 1.92 2.25019 0.184034
 268 3.41333 2.25453 0.183397
 269 0.213333 2.24694 0.182872
 270 0.213333 2.23941 0.182349
 271 1.92 2.23823 0.181679
 272 0.853333 2.23314 0.181081
 273 0.0533333 2.22515 0.180593
 274 0.0533333 2.21723 0.180107
 275 0.0533333 2.20936 0.179624
 276 1.92 2.20831 0.178975
 277 2.61333 2.20977 0.178333
 278 6.45333 2.22504 0.178345
 279 4.32 2.23254 0.177863
 280 2.61333 2.2339 0.177232
 281 1.33333 2.2307 0.176629
 282 0.48 2.22449 0.176111
 283 3.41333 2.22869 0.175538
 284 2.61333 2.23005 0.174924
 285 2.61333 2.23139 0.174315
 286 0.853333 2.22657 0.173771
 287 0.0533333 2.219 0.17333
 288 1.33333 2.21593 0.172754
 289 0.48 2.20992 0.17226
 290 1.92 2.20892 0.171668
 291 0.853333 2.20426 0.171141
 292 3.41333 2.2084 0.170604
 293 5.33333 2.21907 0.170355
 294 6.45333 2.23347 0.170384
 295 6.45333 2.24777 0.170407
 296 6.45333 2.26198 0.170424
 297 7.68 2.28022 0.170826
 298 3.41333 2.28403 0.170294
 299 0.0533333 2.27657 0.169887
 300 2.61333 2.27769 0.169324
 301 3.41333 2.28146 0.168802
 302 0.853333 2.27673 0.168309
 303 4.32 2.28348 0.167888
 304 1.92 2.28228 0.167339
 305 1.33333 2.27917 0.166819
 306 3.41333 2.28288 0.166314
 307 1.33333 2.27978 0.1658
 308 0.0533333 2.27255 0.165419
 309 3.41333 2.27625 0.164924
 310 5.33333 2.28611 0.164687
 311 0.213333 2.27944 0.164292
 312 0 2.27214 0.163927
 313 0.213333 2.26556 0.163535
 314 1.33333 2.26259 0.16304
 315 0.0533333 2.25558 0.162673
 316 0.48 2.24996 0.162255
 317 2.61333 2.2511 0.161746
 318 1.33333 2.24822 0.161263
 319 1.92 2.24719 0.16076
 320 7.68 2.26417 0.161153
 321 1.92 2.26309 0.160654
 322 0.213333 2.25673 0.160281
 323 1.92 2.25569 0.159787
 324 1.92 2.25465 0.159297
 325 4.32 2.26101 0.158933
 326 2.61333 2.26209 0.158448
 327 0.0533333 2.25533 0.158107
 328 0.853333 2.25106 0.157682
 329 1.92 2.25005 0.157206
 330 1.92 2.24905 0.156732
 331 1.92 2.24806 0.156261
 332 1.92 2.24707 0.155792
 333 0.48 2.24176 0.155414
 334 1.33333 2.23904 0.154972
 335 0.48 2.23379 0.154598
 336 0.213333 2.22778 0.154255
 337 0.853333 2.2237 0.15385
 338 1.33333 2.22107 0.153417
 339 1.92 2.22018 0.152966
 340 0.213333 2.21427 0.15263
 341 0.213333 2.20841 0.152295
 342 1.33333 2.20585 0.15187
 343 1.33333 2.2033 0.151448
 344 5.33333 2.2124 0.151281
 345 4.32 2.21851 0.150966
 346 9.01333 2.23815 0.151805
 347 7.68 2.25383 0.152177
 348 1.33333 2.25119 0.151762
 349 3.41333 2.25452 0.151363
 350 7.68 2.27002 0.151724
 351 6.45333 2.28194 0.15176
 352 0.48 2.27682 0.151415
 353 3.41333 2.28004 0.151019
 354 7.68 2.29529 0.151363
 355 6.45333 2.307 0.15139
 356 15.4133 2.34382 0.155388
 357 5.33333 2.35219 0.155178
 358 3.41333 2.35516 0.154772
 359 13.6533 2.38663 0.157517
 360 17.28 2.428 0.162435
 361 7.68 2.44255 0.162637
 362 5.33333 2.45053 0.162383
 363 6.45333 2.46156 0.16231
 364 2.61333 2.46198 0.161864
 365 5.33333 2.46984 0.161612
 366 7.68 2.48408 0.161797
 367 15.4133 2.51931 0.165157
 368 12 2.54507 0.16671
 369 13.6533 2.57518 0.168961
 370 17.28 2.61492 0.173127
 371 10.4533 2.63605 0.173948
 372 15.4133 2.67039 0.176847
 373 6.45333 2.68054 0.176664
 374 0.853333 2.67565 0.176258
 375 0.0533333 2.66866 0.175927
 376 0 2.66156 0.175602
 377 1.33333 2.65804 0.175171
 378 1.33333 2.65453 0.174742
 379 0.0533333 2.64767 0.174415
 380 1.33333 2.64421 0.17399
 381 0.48 2.63853 0.173626
 382 0 2.63162 0.173308
 383 0.48 2.62601 0.172947
 384 0.213333 2.61972 0.17261
 385 0.0533333 2.61306 0.17229
 386 0.48 2.60753 0.171932
 387 1.33333 2.60424 0.171519
 388 1.33333 2.60096 0.171107
 389 0.853333 2.59647 0.170726
 390 0 2.58981 0.170418
 391 1.33333 2.5866 0.170012
 392 1.33333 2.5834 0.169608
 393 1.92 2.58171 0.169184
 394 2.61333 2.58179 0.168754
 395 10.4533 2.60172 0.169502
 396 5.33333 2.60862 0.169214
 397 10.4533 2.62838 0.16994
 398 12 2.65193 0.17114
 399 2.61333 2.65183 0.170711
 400 6.45333 2.66133 0.170548
 401 0.0533333 2.65483 0.170247
 402 3.41333 2.65672 0.169833
 403 4.32 2.66084 0.169461
 404 1.33333 2.65756 0.169073
 405 3.41333 2.65942 0.168666
 406 2.61333 2.65931 0.16825
 407 4.32 2.66339 0.167885
 408 1.92 2.66157 0.167483
 409 0.48 2.65623 0.167159
 410 0 2.64976 0.166876
 411 0.213333 2.64383 0.166575
 412 0.213333 2.63793 0.166275
 413 0.0533333 2.63167 0.16599
 414 13.6533 2.65829 0.167715
 415 15.4133 2.68903 0.17011
 416 4.32 2.69295 0.169746
 417 2.61333 2.69276 0.169338
 418 0.48 2.68746 0.169016
 419 0.853333 2.68309 0.168669
 420 0 2.6767 0.168388
 421 0 2.67034 0.168108
 422 0.48 2.66515 0.167789
 423 0.0533333 2.65898 0.167506
 424 3.41333 2.66075 0.16712
 425 6.45333 2.66968 0.166965
 426 0.213333 2.66391 0.166672
 427 4.32 2.66779 0.166326
 428 9.01333 2.68262 0.166598
 429 17.28 2.71664 0.169657
 430 6.45333 2.72533 0.169485
 431 1.33333 2.7221 0.169122
 432 0.213333 2.7163 0.16883
 433 1.33333 2.7131 0.16847
 434 0.0533333 2.70697 0.168193
 435 1.92 2.70516 0.167816
 436 0.213333 2.69945 0.167528
 437 2.61333 2.69925 0.167144
 438 0.48 2.69419 0.166839
 439 1.33333 2.69109 0.166487
 440 1.33333 2.688 0.166137
 441 3.41333 2.68964 0.165768
 442 0.0533333 2.68368 0.1655
 443 0.853333 2.67955 0.165178
 444 0.853333 2.67544 0.164857
 445 0.853333 2.67134 0.164537
 446 1.33333 2.66834 0.164195
 447 0.0533333 2.66249 0.163932
 448 0.853333 2.65845 0.163615
 449 1.92 2.65681 0.163259
 450 0.213333 2.65138 0.162986
 451 0.0533333 2.64562 0.162726
 452 0.853333 2.64165 0.162414
 453 3.41333 2.64336 0.162064
 454 2.61333 2.64329 0.161707
 455 4.32 2.64697 0.161393
 456 0.853333 2.64304 0.161087
 457 0.853333 2.63912 0.160782
 458 0 2.63336 0.160534
 459 1.92 2.63181 0.160191
 460 1.92 2.63026 0.15985
 461 2.61333 2.63022 0.159503
 462 0.0533333 2.62465 0.159255
 463 0.48 2.62001 0.158978
 464 4.32 2.62368 0.158677
 465 5.33333 2.62951 0.158443
 466 13.6533 2.65316 0.159863
 467 5.33333 2.6589 0.159623
 468 5.33333 2.66462 0.159384
 469 1.33333 2.66178 0.159069
 470 10.4533 2.67835 0.159594
 471 1.33333 2.6755 0.15928
 472 1.33333 2.67266 0.158968
 473 2.61333 2.67253 0.158631
 474 2.61333 2.67241 0.158296
 475 1.33333 2.66959 0.157988
 476 1.33333 2.66678 0.157681
 477 9.01333 2.68008 0.157911
 478 12 2.69958 0.158782
 479 4.32 2.70296 0.158487
 480 3.41333 2.70444 0.158163
 481 6.45333 2.71224 0.158026
 482 12 2.73151 0.158871
 483 5.33333 2.73689 0.158633
 484 6.45333 2.74457 0.158491
 485 6.45333 2.75222 0.158349
 486 1.33333 2.7493 0.158049
 487 0.48 2.74464 0.157793
 488 0.213333 2.73945 0.157555
 489 0.48 2.73483 0.1573
 490 1.33333 2.73197 0.157005
 491 2.61333 2.73173 0.156685
 492 3.41333 2.73312 0.156373
 493 0.853333 2.7293 0.156102
 494 1.33333 2.72648 0.155811
 495 1.92 2.72485 0.155504
 496 5.33333 2.73011 0.15528
 497 9.01333 2.74275 0.155482
 498 7.68 2.75266 0.155486
 499 10.4533 2.7681 0.155939
 500 1.92 2.7664 0.155636
 501 1.92 2.76471 0.155335
 502 0.0533333 2.75931 0.155119
 503 0.213333 2.75425 0.154893
 504 2.61333 2.75397 0.154585
 505 0.0533333 2.74862 0.154372
 506 1.92 2.74698 0.154075
 507 1.33333 2.74419 0.153796
 508 0 2.73879 0.153588
 509 1.92 2.73718 0.153295
 510 2.61333 2.73694 0.152994
 511 1.92 2.73534 0.152703
 512 1.33333 2.7326 0.152429
 513 0.853333 2.72894 0.152175
 514 0.853333 2.72529 0.151923
 515 1.92 2.72373 0.151636
 516 1.33333 2.72103 0.151365
 517 1.92 2.71948 0.15108
 518 1.33333 2.71681 0.150812
 519 4.32 2.7199 0.150553
 520 5.33333 2.72492 0.150347
 521 5.33333 2.72993 0.150142
 522 5.33333 2.73492 0.149937
 523 0.853333 2.73132 0.149693
 524 1.92 2.72977 0.149415
 525 0.853333 2.7262 0.149173
 526 0.853333 2.72264 0.148932
 527 2.61333 2.72243 0.148649
 528 1.92 2.72091 0.148375
 529 3.41333 2.72222 0.1481
 530 3.41333 2.72352 0.147826
 531 1.33333 2.7209 0.147571
 532 0.213333 2.71619 0.147368
 533 1.92 2.7147 0.147099
 534 0 2.70961 0.146912
 535 1.33333 2.70704 0.146659
 536 0.213333 2.70239 0.146459
 537 3.41333 2.70371 0.146192
 538 4.32 2.70672 0.145951
 539 3.41333 2.70803 0.145686
 540 4.32 2.71101 0.145447
 541 0.853333 2.70758 0.145218
 542 2.61333 2.7074 0.14495
 543 0.0533333 2.70252 0.144765
 544 1.33333 2.7 0.144521
 545 4.32 2.70297 0.144286
 546 0.0533333 2.69812 0.144103
 547 0.213333 2.69358 0.143912
 548 0.213333 2.68905 0.14372
 549 0.48 2.68503 0.143514
 550 0.213333 2.68053 0.143324
 551 0.48 2.67654 0.143119
 552 0.48 2.67256 0.142915
 553 0.0533333 2.66782 0.142735
 554 0.48 2.66387 0.142532
 555 0.0533333 2.65917 0.142352
 556 0.853333 2.65592 0.142133
 557 0.48 2.65202 0.141932
 558 0.213333 2.64765 0.141744
 559 0.48 2.64377 0.141544
 560 1.33333 2.64143 0.14131
 561 4.32 2.64442 0.14109
 562 1.92 2.64313 0.140844
 563 0.213333 2.63882 0.14066
 564 0.853333 2.63565 0.140446
 565 5.33333 2.64042 0.140279
 566 0.48 2.63661 0.140083
 567 0.0533333 2.63205 0.13991
 568 0 2.62742 0.13974
 569 0.213333 2.62318 0.139559
 570 2.61333 2.62316 0.139314
 571 3.41333 2.62454 0.139076
 572 1.33333 2.62228 0.138851
 573 0.213333 2.61808 0.138672
 574 0.0533333 2.61361 0.138503
 575 0.213333 2.60944 0.138325
 576 0.48 2.60574 0.138134
 577 0.0533333 2.60132 0.137965
 578 0.213333 2.59719 0.137788
 579 2.61333 2.59721 0.13755
 580 5.33333 2.60193 0.137394
 581 5.33333 2.60663 0.137238
 582 1.92 2.60545 0.137007
 583 0.0533333 2.60107 0.136841
 584 0.213333 2.59699 0.136668
 585 0.48 2.59337 0.136482
 586 0.853333 2.5904 0.136282
 587 0.853333 2.58744 0.136081
 588 2.61333 2.58748 0.13585
 589 1.33333 2.58535 0.135636
 590 1.33333 2.58323 0.135422
 591 0 2.57886 0.135263
 592 0.0533333 2.57459 0.135102
 593 0.853333 2.57169 0.134905
 594 0.0533333 2.56745 0.134745
 595 0.213333 2.5635 0.134576
 596 0.0533333 2.55928 0.134416
 597 2.61333 2.55937 0.134191
 598 0.853333 2.55652 0.133997
 599 0.213333 2.55261 0.13383
 600 0.0533333 2.54844 0.133672
 601 3.41333 2.54988 0.133457
 602 19.2533 2.57763 0.136093
 603 17.28 2.60201 0.138038
 604 4.32 2.60486 0.137839
 605 4.32 2.60769 0.13764
 606 4.32 2.61052 0.137442
 607 0 2.60622 0.137282
 608 1.33333 2.60412 0.137072
 609 0.853333 2.60125 0.136877
 610 1.33333 2.59917 0.136668
 611 5.33333 2.60364 0.136518
 612 3.41333 2.60497 0.136301
 613 1.92 2.60385 0.136083
 614 0.48 2.60039 0.135905
 615 0 2.59616 0.13575
 616 2.61333 2.59619 0.13553
 617 0.0533333 2.59207 0.135372
 618 1.92 2.59098 0.135158
 619 0.48 2.58757 0.134982
 620 0.48 2.58417 0.134807
 621 0.213333 2.58035 0.134644
 622 0.48 2.57698 0.13447
 623 0.213333 2.57318 0.134307
 624 0.48 2.56983 0.134134
 625 0.48 2.56649 0.133961
 626 0.0533333 2.56247 0.133807
 627 0.0533333 2.55847 0.133653
 628 0.48 2.55516 0.133481
 629 1.92 2.55415 0.133273
 630 0.48 2.55086 0.133102
 631 0 2.54681 0.132952
 632 0.48 2.54354 0.132782
 633 0.0533333 2.53961 0.13263
 634 0.0533333 2.53569 0.132479
 635 0.0533333 2.53178 0.132328
 636 2.61333 2.53191 0.13212
 637 1.92 2.53095 0.131916
 638 0.853333 2.52832 0.131735
 639 0.213333 2.52469 0.131579
 640 0.48 2.5215 0.131412
 641 0.48 2.51832 0.131245
 642 0.213333 2.51472 0.13109
 643 0.48 2.51156 0.130924
 644 0.853333 2.50899 0.130746
 645 2.61333 2.50915 0.130543
 646 0.0533333 2.50535 0.130396
 647 1.33333 2.50353 0.130207
 648 0.853333 2.50099 0.130031
 649 4.32 2.50379 0.129861
 650 0.0533333 2.50002 0.129716
 651 0.0533333 2.49626 0.129571
 652 0.213333 2.49276 0.129419
 653 1.33333 2.49099 0.129233
 654 0 2.48718 0.129092
 655 0.0533333 2.48346 0.128948
 656 3.41333 2.48488 0.128759
 657 0.48 2.48183 0.128599
 658 0.48 2.47878 0.12844
 659 1.92 2.47794 0.128247
 660 1.92 2.47709 0.128056
 661 0.0533333 2.47342 0.127914
 662 0.48 2.47041 0.127756
 663 0 2.46669 0.127618
 664 0 2.46297 0.12748
 665 0.0533333 2.45935 0.127339
 666 0.213333 2.45598 0.127193
 667 0.213333 2.45261 0.127047
 668 2.61333 2.45285 0.126856
 669 4.32 2.45565 0.126697
 670 0.48 2.4527 0.126543
 671 0.213333 2.44936 0.126398
 672 0.213333 2.44603 0.126253
 673 0.213333 2.44271 0.126109
 674 1.92 2.44194 0.125925
 675 3.41333 2.44338 0.125746
 676 0.0533333 2.43984 0.12561
 677 0.0533333 2.43632 0.125474
 678 0.0533333 2.4328 0.125338
 679 0.48 2.42993 0.125186
 680 1.92 2.42918 0.125004
 681 0.0533333 2.42569 0.124869
 682 0.48 2.42283 0.124718
 683 0.48 2.41999 0.124568
 684 1.33333 2.4184 0.124396
 685 4.32 2.42118 0.124245
 686 0.853333 2.41889 0.124085
 687 0.853333 2.41661 0.123925
 688 1.33333 2.41504 0.123755
 689 6.45333 2.4209 0.123714
 690 0.48 2.41809 0.123567
 691 0.0533333 2.41466 0.123435
 692 0.48 2.41187 0.123289
 693 0.0533333 2.40847 0.123158
 694 0.0533333 2.40507 0.123027
 695 0.213333 2.40192 0.12289
 696 1.92 2.40123 0.122715
 697 0.0533333 2.39786 0.122585
 698 0.0533333 2.3945 0.122456
 699 0.48 2.39176 0.122311
 700 1.33333 2.39025 0.122146
 701 0 2.38684 0.122019
 702 2.61333 2.38716 0.121845
 703 4.32 2.38991 0.121703
 704 1.92 2.38924 0.121532
 705 1.92 2.38858 0.121361
 706 2.61333 2.3889 0.12119
 707 4.32 2.39163 0.121049
 708 0.213333 2.38855 0.120917
 709 2.61333 2.38887 0.120747
 710 0.0533333 2.38558 0.120621
 711 0.0533333 2.3823 0.120496
 712 0.0533333 2.37903 0.120371
 713 1.92 2.37838 0.120204
 714 2.61333 2.37871 0.120036
 715 0.853333 2.37658 0.119887
 716 0.48 2.37393 0.119749
 717 2.61333 2.37426 0.119582
 718 2.61333 2.3746 0.119416
 719 0.853333 2.37248 0.119269
 720 0.853333 2.37037 0.119121
 721 0.853333 2.36827 0.118975
 722 0.853333 2.36617 0.118828
 723 0.213333 2.36319 0.118701
 724 0.0533333 2.36 0.11858
 725 1.92 2.35939 0.118418
 726 0.0533333 2.35622 0.118297
 727 0.853333 2.35415 0.118153
 728 3.41333 2.3556 0.117999
 729 0.48 2.35303 0.117865
 730 2.61333 2.35339 0.117704
 731 1.33333 2.35199 0.117551
 732 0.0533333 2.34885 0.117433
 733 6.45333 2.35445 0.117406
 734 6.45333 2.36004 0.117379
 735 5.33333 2.36408 0.117289
 736 6.45333 2.36964 0.117261
 737 4.32 2.37228 0.117132
 738 5.33333 2.3763 0.117042
 739 3.41333 2.3777 0.116892
 740 5.33333 2.38169 0.116802
 741 17.28 2.4018 0.118364
 742 19.2533 2.42451 0.120367
 743 7.68 2.43158 0.120412
 744 2.61333 2.43183 0.120251
 745 6.45333 2.43723 0.120211
 746 4.32 2.43975 0.120076
 747 6.45333 2.44512 0.120035
 748 0.853333 2.44299 0.119894
 749 0.48 2.44037 0.119762
 750 0.213333 2.4374 0.119639
 751 0.0533333 2.43423 0.119522
 752 1.33333 2.43277 0.119372
 753 3.41333 2.43407 0.11922
 754 6.45333 2.4394 0.119181
 755 0.853333 2.4373 0.119042
 756 0.0533333 2.43414 0.118926
 757 0 2.43093 0.118812
 758 0.0533333 2.42779 0.118697
 759 2.61333 2.42804 0.118541
 760 1.33333 2.4266 0.118394
 761 6.45333 2.43189 0.118356
 762 0.853333 2.42982 0.118219
 763 0.0533333 2.4267 0.118105
 764 0.853333 2.42464 0.117968
 765 0.213333 2.42175 0.117849
 766 0.0533333 2.41866 0.117736
 767 0.0533333 2.41558 0.117623
 768 3.41333 2.41687 0.117477
 769 3.41333 2.41817 0.117331
 770 0.213333 2.41531 0.117214
 771 0.48 2.4128 0.117088
 772 0.0533333 2.40974 0.116977
 773 3.41333 2.41104 0.116832
 774 5.33333 2.41481 0.116742
 775 17.28 2.434 0.118159
 776 12 2.44632 0.118649
 777 5.33333 2.45004 0.118554
 778 2.61333 2.45025 0.118402
 779 17.28 2.46929 0.119772
 780 21.3333 2.49347 0.122039
 781 12 2.50564 0.122489
 782 3.41333 2.5068 0.122338
 783 0.0533333 2.50367 0.122221
 784 0.0533333 2.50054 0.122106
 785 0.0533333 2.49743 0.12199
 786 0.853333 2.49534 0.121852
 787 0 2.49216 0.121739
 788 1.92 2.49144 0.121586
 789 1.92 2.49071 0.121434
 790 0.0533333 2.48763 0.12132
 791 0.853333 2.48556 0.121184
 792 1.33333 2.48411 0.121039
 793 1.92 2.4834 0.120889
 794 0.853333 2.48134 0.120754
 795 0.48 2.47883 0.120628
 796 1.33333 2.47739 0.120485
 797 0.213333 2.47455 0.120367
 798 2.61333 2.47472 0.120217
 799 2.61333 2.47489 0.120066
 800 1.92 2.4742 0.119918
 801 2.61333 2.47437 0.119768
 802 13.6533 2.48831 0.120428
 803 10.4533 2.49823 0.120687
 804 6.45333 2.50315 0.120637
 805 5.33333 2.50667 0.120538
 806 0.213333 2.50382 0.120422
 807 0 2.50072 0.120313
 808 0.213333 2.49789 0.120197
 809 0.0533333 2.49487 0.120086
 810 0.213333 2.49205 0.119971
 811 0 2.48898 0.119862
 812 0.0533333 2.48598 0.119752
 813 0.0533333 2.48298 0.119642
 814 2.61333 2.48314 0.119495
 815 0.48 2.48069 0.119374
 816 0.853333 2.47869 0.119244
 817 2.61333 2.47886 0.119098
 818 0 2.47583 0.118991
 819 0.853333 2.47385 0.118862
 820 5.33333 2.47733 0.118769
 821 6.45333 2.48218 0.118723
 822 0.213333 2.47942 0.11861
 823 0.0533333 2.47647 0.118503
 824 0.48 2.47405 0.118384
 825 4.32 2.47628 0.118261
 826 7.68 2.48258 0.118286
 827 7.68 2.48887 0.11831
 828 7.68 2.49514 0.118333
 829 17.28 2.51297 0.119528
 830 17.28 2.53076 0.120703
 831 19.2533 2.55089 0.122225
 832 9.01333 2.55865 0.122325
 833 9.01333 2.5664 0.122424
 834 10.4533 2.57586 0.122642
 835 6.45333 2.5805 0.122583
 836 6.45333 2.58514 0.122524
 837 9.01333 2.59282 0.122618
 838 5.33333 2.59609 0.122515
 839 5.33333 2.59935 0.122413
 840 7.68 2.6054 0.122416
 841 2.61333 2.60541 0.122271
 842 3.41333 2.60637 0.122129
 843 1.92 2.60555 0.121987
 844 0.0533333 2.60253 0.12188
 845 0.853333 2.60046 0.121753
 846 0.0533333 2.59745 0.121646
 847 0 2.59438 0.121541
 848 2.61333 2.5944 0.121398
 849 6.45333 2.59895 0.12134
 850 6.45333 2.60348 0.121282
 851 2.61333 2.60349 0.121139
 852 1.33333 2.602 0.121006
 853 0.48 2.59952 0.12089
 854 0.48 2.59703 0.120774
 855 0.0533333 2.59406 0.120669
 856 0.213333 2.59128 0.12056
 857 1.33333 2.58981 0.120428
 858 0.0533333 2.58685 0.120324
 859 1.92 2.58608 0.120187
 860 1.33333 2.58462 0.120056
 861 0.48 2.58218 0.119941
 862 2.61333 2.58221 0.119802
 863 1.92 2.58144 0.119665
 864 0.213333 2.5787 0.119558
 865 0.853333 2.57671 0.119437
 866 1.33333 2.57527 0.119307
 867 3.41333 2.57624 0.119173
 868 0.0533333 2.57333 0.119072
 869 0.213333 2.57062 0.118965
 870 0.853333 2.56864 0.118845
 871 0.853333 2.56667 0.118725
 872 0.0533333 2.56379 0.118624
 873 0.0533333 2.56092 0.118523
 874 0.213333 2.55823 0.118417
 875 0.48 2.55586 0.118306
 876 0.213333 2.55318 0.118201
 877 0.48 2.55082 0.11809
 878 0.0533333 2.54797 0.117989
 879 0 2.54507 0.117891
 880 0.853333 2.54315 0.117772
 881 0.48 2.54081 0.117662
 882 2.61333 2.54089 0.117528
 883 0 2.53801 0.117431
 884 0.853333 2.53611 0.117313
 885 0.213333 2.53348 0.11721
 886 0.213333 2.53087 0.117107
 887 0.213333 2.52825 0.117004
 888 0.48 2.52595 0.116895
 889 0.213333 2.52334 0.116792
 890 0.853333 2.52147 0.116676
 891 0.213333 2.51888 0.116574
 892 3.41333 2.51988 0.116447
 893 1.33333 2.51855 0.116324
 894 0.0533333 2.51579 0.116227
 895 0.213333 2.51322 0.116126
 896 0.0533333 2.51048 0.116028
 897 0.213333 2.50792 0.115927
 898 0.853333 2.50607 0.115813
 899 5.33333 2.50922 0.115727
 900 15.4133 2.52356 0.116484
 901 15.4133 2.53786 0.11723
 902 10.4533 2.54664 0.117429
 903 7.68 2.55232 0.117436
 904 10.4533 2.56106 0.117632
 905 4.32 2.56301 0.117518
 906 6.45333 2.5673 0.117466
 907 6.45333 2.57158 0.117415
 908 5.33333 2.57463 0.117325
 909 7.68 2.58024 0.11733
 910 3.41333 2.58116 0.117205
 911 1.92 2.58043 0.117078
 912 5.33333 2.58345 0.116989
 913 1.33333 2.58208 0.116869
 914 0.48 2.57978 0.116763
 915 1.92 2.57906 0.116638
 916 0 2.57624 0.116545
 917 0.853333 2.57437 0.116433
 918 1.92 2.57365 0.116308
 919 1.33333 2.5723 0.116189
 920 0.213333 2.56974 0.116091
 921 0.48 2.56747 0.115987
 922 0.48 2.56521 0.115883
 923 5.33333 2.56821 0.115797
 924 0 2.56543 0.115705
 925 0.48 2.56317 0.115601
 926 1.33333 2.56184 0.115484
 927 1.92 2.56115 0.115362
 928 0.853333 2.55931 0.115252
 929 0 2.55656 0.115161
 930 1.33333 2.55524 0.115044
 931 0 2.5525 0.114953
 932 4.32 2.55439 0.114846
 933 5.33333 2.55737 0.114761
 934 1.92 2.55669 0.11464
 935 0.213333 2.55418 0.114545
 936 0.48 2.55197 0.114444
 937 4.32 2.55385 0.114337
 938 0.853333 2.55204 0.11423
 939 0.48 2.54983 0.11413
 940 0 2.54712 0.11404
 941 0.213333 2.54464 0.113946
 942 2.61333 2.54471 0.113825
 943 2.61333 2.54479 0.113704
 944 1.92 2.54412 0.113586
 945 13.6533 2.55588 0.114073
 946 6.45333 2.56 0.114027
 947 9.01333 2.56681 0.11411
 948 9.01333 2.57361 0.114192
 949 0 2.5709 0.114104
 950 0.213333 2.56842 0.114011
 951 0.213333 2.56594 0.113918
 952 0.213333 2.56347 0.113825
 953 4.32 2.56532 0.11372
 954 0.853333 2.56352 0.113615
 955 1.92 2.56285 0.113498
 956 0.0533333 2.56022 0.11341
 957 0.213333 2.55777 0.113318
 958 0.213333 2.55532 0.113226
 959 0.0533333 2.55271 0.113138
 960 0 2.55006 0.113051
 961 2.61333 2.55012 0.112933
 962 5.33333 2.55301 0.112853
 963 0 2.55036 0.112767
 964 0.213333 2.54794 0.112676
 965 0 2.5453 0.11259
 966 0.853333 2.54355 0.112487
 967 2.61333 2.54362 0.112371
 968 1.33333 2.54237 0.112262
 969 0 2.53975 0.112176
 970 0.213333 2.53735 0.112086
 971 0.0533333 2.53479 0.112
 972 3.41333 2.53569 0.111888
 973 4.32 2.53753 0.111788
 974 5.33333 2.5404 0.11171
 975 7.68 2.54567 0.11172
 976 0.213333 2.54328 0.111631
 977 2.61333 2.54335 0.111517
 978 5.33333 2.5462 0.111439
 979 4.32 2.54801 0.11134
 980 2.61333 2.54808 0.111227
 981 0.48 2.54597 0.111133
 982 3.41333 2.54686 0.111024
 983 6.45333 2.55083 0.110982
 984 5.33333 2.55366 0.110905
 985 12 2.56325 0.111207
 986 4.32 2.56503 0.111108
 987 12 2.57459 0.111406
 988 12 2.58413 0.111702
 989 7.68 2.58928 0.111707
 990 0.213333 2.58688 0.11162
 991 0.213333 2.58449 0.111533
 992 1.33333 2.58323 0.111428
 993 0.0533333 2.58068 0.111345
 994 0.213333 2.5783 0.111258
 995 0.48 2.57619 0.111166
 996 1.33333 2.57494 0.111062
 997 0 2.57236 0.11098
 998 1.92 2.5717 0.110871
 999 9.01333 2.57815 0.110948
 1000 12 2.58757 0.111236
 1001 1.33333 2.58632 0.111132
 1002 0.48 2.58422 0.111041
 1003 0.213333 2.58185 0.110956
 1004 1.92 2.5812 0.110847
 1005 4.32 2.58293 0.11075
 1006 0.853333 2.58121 0.110653
 1007 3.41333 2.58203 0.110546
 1008 10.4533 2.58984 0.110712
 1009 0 2.58727 0.110632
 1010 6.45333 2.5911 0.110589
 1011 17.28 2.60563 0.111431
 1012 13.6533 2.61655 0.111855
 1013 0.853333 2.61481 0.111758
 1014 3.41333 2.6156 0.11165
 1015 1.33333 2.61433 0.111547
 1016 0.853333 2.6126 0.111451
 1017 4.32 2.61428 0.111354
 1018 0.853333 2.61255 0.111258
 1019 1.92 2.61187 0.111151
 1020 4.32 2.61354 0.111055
 1021 5.33333 2.61621 0.110978
 1022 4.32 2.61787 0.110882
 1023 6.45333 2.62162 0.110837
 1024 1.92 2.62094 0.11073
 1025 7.68 2.62587 0.110732
 1026 3.41333 2.62664 0.110627
 1027 3.41333 2.62741 0.110522
 1028 0.48 2.62532 0.110434
 1029 6.45333 2.62904 0.110389
 1030 4.32 2.63068 0.110294
 1031 5.33333 2.6333 0.110219
 1032 5.33333 2.63592 0.110143
 1033 4.32 2.63755 0.110048
 1034 0.853333 2.63582 0.109955
 1035 2.61333 2.6358 0.109849
 1036 0.853333 2.63408 0.109756
 1037 0.213333 2.63175 0.109675
 1038 3.41333 2.6325 0.109572
 1039 0.853333 2.63079 0.10948
 1040 0.48 2.62872 0.109394
 1041 0.853333 2.62701 0.109303
 1042 0.48 2.62495 0.109217
 1043 0.0533333 2.62249 0.10914
 1044 0.853333 2.62079 0.109049
 1045 1.33333 2.61956 0.108951
 1046 0.853333 2.61787 0.10886
 1047 0.853333 2.61619 0.108769
 1048 1.92 2.61552 0.108667
 1049 0.0533333 2.61308 0.108591
 1050 0.48 2.61105 0.108507
 1051 0.0533333 2.60861 0.108431
 1052 0 2.60613 0.108356
 1053 0.213333 2.60386 0.108277
 1054 0 2.60139 0.108202
 1055 0.48 2.59938 0.108118
 1056 7.68 2.60419 0.108123
 1057 2.61333 2.6042 0.108021
 1058 1.92 2.60355 0.107921
 1059 0.853333 2.6019 0.107831
 1060 0.213333 2.59965 0.107753
 1061 1.92 2.59901 0.107653
 1062 6.45333 2.60264 0.107613
 1063 1.92 2.60199 0.107514
 1064 0.48 2.6 0.107431
 1065 1.33333 2.59881 0.107337
 1066 0.853333 2.59717 0.107249
 1067 1.92 2.59654 0.10715
 1068 0.853333 2.59491 0.107062
 1069 0.853333 2.59328 0.106974
 1070 0.0533333 2.5909 0.106901
 1071 1.92 2.59028 0.106803
 1072 9.01333 2.59627 0.106871
 1073 2.61333 2.59628 0.106771
 1074 2.61333 2.5963 0.106672
 1075 3.41333 2.59706 0.106575
 1076 0.213333 2.59485 0.106499
 1077 0.213333 2.59263 0.106423
 1078 0.48 2.59067 0.106343
 1079 1.33333 2.58951 0.10625
 1080 0.48 2.58756 0.10617
 1081 1.33333 2.5864 0.106078
 1082 0.213333 2.5842 0.106003
 1083 1.92 2.58359 0.105906
 1084 0.213333 2.5814 0.105831
 1085 0.853333 2.57981 0.105746
 1086 0.213333 2.57763 0.105671
 1087 0.213333 2.57546 0.105596
 1088 0.0533333 2.57314 0.105524
 1089 4.32 2.57474 0.10544
 1090 10.4533 2.58197 0.10559
 1091 4.32 2.58356 0.105506
 1092 2.61333 2.58359 0.105409
 1093 2.61333 2.58362 0.105313
 1094 0.853333 2.58204 0.105228
 1095 1.33333 2.58089 0.105138
 1096 0.213333 2.57873 0.105064
 1097 0.48 2.57682 0.104986
 1098 0 2.57447 0.104917
 1099 0.213333 2.57233 0.104843
 1100 1.33333 2.5712 0.104754
 1101 1.92 2.57061 0.10466
 1102 2.61333 2.57065 0.104565
 1103 4.32 2.57223 0.104482
 1104 1.92 2.57164 0.104389
 1105 3.41333 2.5724 0.104298
 1106 7.68 2.57702 0.104306
 1107 4.32 2.5786 0.104223
 1108 2.61333 2.57863 0.104129
 1109 0.853333 2.57707 0.104047
 1110 0.48 2.57518 0.10397
 1111 0.213333 2.57306 0.103898
 1112 3.41333 2.57381 0.103808
 1113 6.45333 2.5773 0.103773
 1114 3.41333 2.57805 0.103682
 1115 0.853333 2.5765 0.103601
 1116 1.33333 2.57539 0.103514
 1117 0.853333 2.57385 0.103433
 1118 0.0533333 2.57159 0.103365
 1119 0.0533333 2.56934 0.103297
 1120 0.48 2.56748 0.103222
 1121 5.33333 2.56994 0.103159
 1122 7.68 2.5745 0.103168
 1123 0.213333 2.5724 0.103097
 1124 0.213333 2.5703 0.103027
 1125 7.68 2.57484 0.103035
 1126 0.853333 2.57331 0.102955
 1127 1.33333 2.57221 0.10287
 1128 1.92 2.57163 0.10278
 1129 0.213333 2.56954 0.10271
 1130 0.213333 2.56746 0.10264
 1131 1.33333 2.56637 0.102555
 1132 0.853333 2.56485 0.102476
 1133 2.61333 2.5649 0.102385
 1134 1.92 2.56433 0.102297
 1135 1.33333 2.56324 0.102212
 1136 0.48 2.56141 0.102139
 1137 0.0533333 2.5592 0.102073
 1138 0.853333 2.5577 0.101994
 1139 0.853333 2.55621 0.101915
 1140 0.0533333 2.55401 0.10185
 1141 4.32 2.55556 0.101772
 1142 4.32 2.5571 0.101695
 1143 3.41333 2.55785 0.101608
 1144 3.41333 2.5586 0.101522
 1145 0.48 2.55679 0.10145
 1146 0.213333 2.55474 0.101382
 1147 2.61333 2.55479 0.101293
 1148 9.01333 2.56042 0.101361
 1149 9.01333 2.56603 0.101429
 1150 4.32 2.56756 0.101352
 1151 2.61333 2.5676 0.101264
 1152 0.853333 2.56611 0.101187
 1153 0.213333 2.56407 0.10112
 1154 0.853333 2.56259 0.101043
 1155 0.853333 2.56111 0.100966
 1156 0.48 2.55931 0.100895
 1157 9.01333 2.56489 0.100962
 1158 9.01333 2.57045 0.101028
 1159 10.4533 2.57726 0.10117
 1160 9.01333 2.5828 0.101235
 1161 9.01333 2.58834 0.101299
 1162 9.01333 2.59387 0.101363
 1163 1.33333 2.59279 0.101281
 1164 0 2.59056 0.101219
 1165 0.0533333 2.58838 0.101155
 1166 0.0533333 2.58621 0.101092
 1167 0.48 2.5844 0.101022
 1168 0.48 2.5826 0.100951
 1169 0.48 2.5808 0.100881
 1170 0.213333 2.57878 0.100815
 1171 2.61333 2.57881 0.100729
 1172 0.0533333 2.57666 0.100666
 1173 0.48 2.57487 0.100596
 1174 5.33333 2.57722 0.100537
 1175 0.48 2.57543 0.100468
 1176 0.853333 2.57397 0.100393
 1177 0.213333 2.57196 0.100328
 1178 0.0533333 2.56982 0.100265
 1179 0 2.56764 0.100204
 1180 0.213333 2.56565 0.100139
 1181 0.213333 2.56366 0.100074
 1182 0.213333 2.56167 0.100009
 1183 4.32 2.56316 0.0999354
 1184 3.41333 2.56387 0.0998535
 1185 1.92 2.56333 0.0997707
 1186 2.61333 2.56337 0.0996865
 1187 0.213333 2.56139 0.0996222
 1188 0 2.55924 0.0995616
 1189 0.48 2.55749 0.0994932
 1190 0.853333 2.55606 0.0994199
 1191 0 2.55391 0.0993596
 1192 0.48 2.55217 0.0992914
 1193 1.33333 2.55115 0.0992134
 1194 7.68 2.55544 0.0992233
 1195 12 2.56335 0.0994548
 1196 19.2533 2.5773 0.100347
 1197 13.6533 2.58656 0.100689
 1198 10.4533 2.59312 0.100819
 1199 7.68 2.59736 0.100824
 1200 3.41333 2.59804 0.100742
 1201 0 2.59588 0.100682
 1202 6.45333 2.59909 0.100649
 1203 2.61333 2.5991 0.100565
 1204 0.213333 2.59712 0.100501
 1205 0.213333 2.59514 0.100437
 1206 3.41333 2.59582 0.100356
 1207 1.92 2.59526 0.100275
 1208 0.853333 2.59382 0.100202
 1209 6.45333 2.59701 0.10017
 1210 1.33333 2.59597 0.100093
 1211 2.61333 2.59598 0.10001
 1212 0.0533333 2.59388 0.0999494
 1213 0 2.59174 0.0998898
 1214 0.48 2.59001 0.0998227
 1215 0.213333 2.58805 0.0997597
 1216 4.32 2.58947 0.0996878
 1217 2.61333 2.58949 0.0996058
 1218 1.33333 2.58846 0.0995294
 1219 6.45333 2.59163 0.0994982
 1220 0.853333 2.59021 0.0994268
 1221 0.853333 2.58879 0.0993555
 1222 0.213333 2.58684 0.0992932
 1223 1.33333 2.58582 0.0992173
 1224 0.213333 2.58388 0.0991552
 1225 1.33333 2.58286 0.0990794
 1226 1.92 2.58232 0.0990001
 1227 0.0533333 2.58026 0.0989408
 1228 0.213333 2.57833 0.098879
 1229 0.48 2.57662 0.0988133
 1230 1.33333 2.57561 0.0987381
 1231 1.33333 2.5746 0.098663
 1232 2.61333 2.57463 0.0985829
 1233 1.92 2.5741 0.0985043
 1234 6.45333 2.57724 0.0984747
 1235 7.68 2.58138 0.0984816
 1236 0.0533333 2.57933 0.0984232
 1237 0.0533333 2.57729 0.0983648
 1238 0.853333 2.5759 0.0982951
 1239 2.61333 2.57593 0.0982158
 1240 3.41333 2.5766 0.0981389
 1241 1.92 2.57607 0.0980612
 1242 1.92 2.57554 0.0979836
 1243 4.32 2.57695 0.0979148
 1244 3.41333 2.57762 0.0978384
 1245 0.48 2.57594 0.0977743
 1246 0 2.57387 0.0977176
 1247 0.213333 2.57198 0.0976576
 1248 2.61333 2.57201 0.0975793
 1249 2.61333 2.57204 0.0975012
 1250 0.853333 2.57067 0.0974328
 1251 6.45333 2.57377 0.0974044
 1252 3.41333 2.57444 0.0973289
 1253 2.61333 2.57447 0.0972512
 1254 3.41333 2.57514 0.0971759
 1255 0.0533333 2.57313 0.0971192
 1256 0.48 2.57146 0.0970562
 1257 2.61333 2.5715 0.0969789
 1258 0.213333 2.56962 0.0969199
 1259 0.213333 2.56775 0.096861
 1260 0 2.56571 0.0968056
 1261 9.01333 2.57083 0.0968638
 1262 12 2.5783 0.097075
 1263 10.4533 2.58453 0.0971983
 1264 10.4533 2.59076 0.0973207
 1265 10.4533 2.59697 0.0974421
 1266 12 2.6044 0.097648
 1267 6.45333 2.60744 0.0976182
 1268 5.33333 2.60959 0.0975649
 1269 4.32 2.61094 0.0974973
 1270 9.01333 2.61598 0.0975508
 1271 7.68 2.61996 0.0975554
 1272 2.61333 2.61996 0.0974787
 1273 0.213333 2.61807 0.0974205
 1274 2.61333 2.61806 0.097344
 1275 1.33333 2.61706 0.0972728
 1276 0.48 2.61538 0.097211
 1277 1.92 2.61484 0.0971363
 1278 0.48 2.61317 0.0970747
 1279 0.213333 2.61129 0.0970169
 1280 0.0533333 2.60929 0.0969617
 1281 0.853333 2.60792 0.0968956
 1282 0.0533333 2.60593 0.0968405
 1283 0.0533333 2.60394 0.0967855
 1284 2.61333 2.60395 0.0967101
 1285 1.92 2.60341 0.0966362
 1286 0.853333 2.60205 0.0965707
 1287 0.213333 2.6002 0.0965134
 1288 1.92 2.59967 0.0964399
 1289 0.0533333 2.59769 0.0963853
 1290 1.92 2.59717 0.096312
 1291 1.33333 2.59619 0.0962424
 1292 0.213333 2.59434 0.0961855
 1293 0 2.59234 0.096132
 1294 7.68 2.59627 0.0961381
 1295 10.4533 2.60234 0.0962553
 1296 15.4133 2.61222 0.0966876
 1297 10.4533 2.61827 0.096802
 1298 6.45333 2.62122 0.0967725
 1299 1.33333 2.62023 0.0967031
 1300 2.61333 2.62023 0.0966287
 1301 0.48 2.61858 0.0965684
 1302 0.0533333 2.61661 0.0965143
 1303 0.0533333 2.61464 0.0964603
 1304 1.92 2.61411 0.0963877
 1305 1.33333 2.61313 0.0963188
 1306 0.48 2.6115 0.0962589
 1307 0.853333 2.61015 0.0961946
 1308 1.92 2.60962 0.0961225
 1309 0.0533333 2.60767 0.0960689
 1310 3.41333 2.60828 0.0959975
 1311 0.853333 2.60695 0.0959336
 1312 0 2.60496 0.095881
 1313 1.92 2.60444 0.0958094
 1314 1.92 2.60392 0.0957379
 1315 0 2.60194 0.0956856
 1316 0.48 2.60032 0.0956264
 1317 0.853333 2.599 0.095563
 1318 5.33333 2.60107 0.095513
 1319 9.01333 2.60593 0.0955643
 1320 9.01333 2.61079 0.0956151
 1321 6.45333 2.6137 0.095587
 1322 2.61333 2.6137 0.0955147
 1323 6.45333 2.6166 0.0954866
 1324 4.32 2.61789 0.0954231
 1325 2.61333 2.61788 0.095351
 1326 0.48 2.61627 0.0952927
 1327 0.853333 2.61494 0.0952302
 1328 0.0533333 2.61301 0.095178
 1329 0 2.61105 0.0951267
 1330 0.48 2.60944 0.0950686
 1331 0.0533333 2.60752 0.0950166
 1332 0.213333 2.60573 0.0949622
 1333 0.48 2.60413 0.0949044
 1334 1.92 2.60362 0.0948346
 1335 3.41333 2.60422 0.0947655
 1336 0 2.60228 0.0947146
 1337 1.92 2.60177 0.0946451
 1338 1.92 2.60126 0.0945757
 1339 1.33333 2.60031 0.0945098
 1340 1.92 2.5998 0.0944406
 1341 0.0533333 2.5979 0.0943892
 1342 0.213333 2.59613 0.0943356
 1343 3.41333 2.59673 0.0942673
 1344 0.213333 2.59496 0.0942138
 1345 0.48 2.59339 0.0941569
 1346 3.41333 2.594 0.0940889
 1347 15.4133 2.60351 0.0944994
 1348 7.68 2.60728 0.0945044
 1349 7.68 2.61104 0.0945091
 1350 12 2.618 0.0946948
 1351 13.6533 2.62616 0.0949766
 1352 6.45333 2.62899 0.0949485
 1353 6.45333 2.63182 0.0949204
 1354 10.4533 2.6376 0.0950261
 1355 4.32 2.63884 0.094964
 1356 0.213333 2.63705 0.0949108
 1357 0.213333 2.63526 0.0948577
 1358 1.33333 2.63431 0.0947926
 1359 0.0533333 2.63241 0.0947419
 1360 2.61333 2.63239 0.0946722
 1361 4.32 2.63363 0.0946107
 1362 1.33333 2.63268 0.0945461
 1363 3.41333 2.63325 0.0944784
 1364 0.853333 2.63195 0.0944181
 1365 2.61333 2.63193 0.0943489
 1366 0.853333 2.63063 0.0942888
 1367 4.32 2.63187 0.0942279
 1368 6.45333 2.63466 0.0942005
 1369 3.41333 2.63523 0.0941334
 1370 0.853333 2.63393 0.0940736
 1371 4.32 2.63516 0.094013
 1372 4.32 2.63638 0.0939525
 1373 0 2.63446 0.0939037
 1374 0.853333 2.63317 0.0938443
 1375 0.48 2.6316 0.0937891
 1376 0.48 2.63004 0.0937339
 1377 0 2.62813 0.0936853
 1378 0.48 2.62657 0.0936303
 1379 0.48 2.62501 0.0935753
 1380 0.0533333 2.62315 0.093526
 1381 0.0533333 2.62129 0.0934768
 1382 1.92 2.62078 0.0934105
 1383 0.48 2.61923 0.0933558
 1384 0.213333 2.6175 0.0933045
 1385 0.213333 2.61576 0.0932533
 1386 1.33333 2.61483 0.0931905
 1387 1.33333 2.61391 0.0931279
 1388 1.33333 2.61299 0.0930654
 1389 3.41333 2.61356 0.0930001
 1390 0.213333 2.61184 0.0929492
 1391 0.853333 2.61057 0.092891
 1392 0 2.6087 0.0928432
 1393 0.48 2.60717 0.0927891
 1394 1.92 2.60668 0.0927238
 1395 5.33333 2.60863 0.0926779
 1396 7.68 2.61226 0.0926828
 1397 2.61333 2.61226 0.0926164
 1398 1.92 2.61177 0.0925514
 1399 2.61333 2.61177 0.0924853
 1400 3.41333 2.61234 0.0924209
 1401 2.61333 2.61234 0.092355
 1402 0.853333 2.61109 0.0922976
 1403 6.45333 2.61383 0.0922724
 1404 5.33333 2.61576 0.092227
 1405 0.0533333 2.61394 0.0921794
 1406 0.0533333 2.61212 0.0921318
 1407 0.0533333 2.6103 0.0920843
 1408 0 2.60845 0.0920375
 1409 0.0533333 2.60663 0.0919901
 1410 0 2.60478 0.0919434
 1411 0.0533333 2.60298 0.091896
 1412 1.92 2.60249 0.0918322
 1413 1.33333 2.60159 0.0917715
 1414 0 2.59975 0.0917251
 1415 0.0533333 2.59796 0.0916779
 1416 0.213333 2.59627 0.0916286
 1417 0.0533333 2.59448 0.0915815
 1418 0 2.59265 0.0915352
 1419 0.0533333 2.59086 0.0914881
 1420 1.92 2.59038 0.0914249
 1421 5.33333 2.59232 0.0913809
 1422 5.33333 2.59424 0.091337
 1423 2.61333 2.59426 0.0912728
 1424 1.33333 2.59337 0.091213
 1425 4.32 2.59458 0.091157
 1426 1.33333 2.5937 0.0910973
 1427 0.853333 2.59248 0.0910416
 1428 1.33333 2.5916 0.0909821
 1429 0.213333 2.58993 0.0909337
 1430 0.0533333 2.58816 0.0908874
 1431 1.33333 2.58728 0.0908281
 1432 5.33333 2.5892 0.0907849
 1433 0.0533333 2.58743 0.0907388
 1434 3.41333 2.58801 0.0906773
 1435 4.32 2.58921 0.0906221
 1436 3.41333 2.58979 0.0905608
 1437 7.68 2.59333 0.0905671
 1438 1.92 2.59286 0.0905053
 1439 0.853333 2.59165 0.0904504
 1440 1.33333 2.59078 0.0903918
 1441 0.213333 2.58913 0.0903441
 1442 0.48 2.58767 0.0902933
 1443 0.853333 2.58646 0.0902387
 1444 0.213333 2.58482 0.0901912
 1445 1.92 2.58436 0.0901299
 1446 0.213333 2.58272 0.0900825
 1447 0.48 2.58127 0.090032
 1448 1.92 2.58081 0.0899709
 1449 3.41333 2.58138 0.0899106
 1450 0.48 2.57994 0.0898603
 1451 0.213333 2.5783 0.0898132
 1452 0.213333 2.57668 0.0897661
 1453 0.853333 2.57549 0.0897121
 1454 0.853333 2.57431 0.0896582
 1455 1.92 2.57386 0.0895977
 1456 1.33333 2.573 0.0895402
 1457 1.33333 2.57215 0.0894827
 1458 0.213333 2.57053 0.089436
 1459 0.0533333 2.56881 0.0893913
 1460 0.0533333 2.56709 0.0893467
 1461 0.213333 2.56548 0.0893
 1462 2.61333 2.56551 0.0892389
 1463 1.33333 2.56467 0.0891819
 1464 0.213333 2.56306 0.0891354
 1465 3.41333 2.56364 0.0890765
 1466 0.853333 2.56247 0.0890233
 1467 2.61333 2.56251 0.0889626
 1468 7.68 2.56599 0.0889703
 1469 1.92 2.56555 0.0889108
 1470 0.0533333 2.56385 0.0888668
 1471 0.853333 2.56268 0.0888139
 1472 0.48 2.56127 0.0887649
 1473 0.213333 2.55967 0.0887189
 1474 0.853333 2.55852 0.0886662
 1475 0.0533333 2.55682 0.0886224
 1476 0 2.55509 0.0885793
 1477 3.41333 2.55567 0.0885212
 1478 0 2.55394 0.0884782
 1479 0.0533333 2.55225 0.0884345
 1480 0.213333 2.55067 0.0883888
 1481 0.48 2.54927 0.0883402
 1482 1.33333 2.54845 0.0882844
 1483 2.61333 2.54849 0.0882248
 1484 0.213333 2.54692 0.0881794
 1485 0.48 2.54553 0.088131
 1486 0 2.54381 0.0880883
 1487 0.213333 2.54225 0.088043
 1488 0.853333 2.54111 0.0879912
 1489 3.41333 2.5417 0.087934
 1490 13.6533 2.54915 0.0881908
 1491 10.4533 2.55446 0.088291
 1492 6.45333 2.55707 0.0882705
 1493 6.45333 2.55968 0.0882499
 1494 7.68 2.56311 0.0882574
 1495 0.48 2.56171 0.0882093
 1496 0.0533333 2.56004 0.0881663
 1497 0.48 2.55865 0.0881183
 1498 0 2.55694 0.0880761
 1499 1.33333 2.55612 0.0880211
 1500 0.853333 2.55499 0.0879697
 1501 0.213333 2.55343 0.0879249
 1502 2.61333 2.55347 0.0878664
 1503 2.61333 2.55351 0.0878079
 1504 0.0533333 2.55184 0.0877652
 1505 0.0533333 2.55018 0.0877226
 1506 0.0533333 2.54853 0.08768
 1507 0.0533333 2.54687 0.0876375
 1508 0.213333 2.54532 0.087593
 1509 0.0533333 2.54367 0.0875505
 1510 0.213333 2.54213 0.0875061
 1511 0.853333 2.54101 0.0874553
 1512 4.32 2.54219 0.0874054
 1513 2.61333 2.54223 0.0873476
 1514 4.32 2.54341 0.0872978
 1515 7.68 2.5468 0.087306
 1516 1.92 2.54639 0.0872494
 1517 0.853333 2.54527 0.087199
 1518 0.48 2.54391 0.0871521
 1519 1.33333 2.54311 0.0870984
 1520 5.33333 2.54495 0.0870604
 1521 1.92 2.54454 0.0870041
 1522 4.32 2.5457 0.0869548
 1523 1.92 2.54529 0.0868986
 1524 0.0533333 2.54366 0.086857
 1525 3.41333 2.54423 0.0868019
 1526 6.45333 2.54679 0.0867828
 1527 7.68 2.55015 0.0867911
 1528 9.01333 2.55438 0.0868373
 1529 2.61333 2.55442 0.0867805
 1530 0 2.55275 0.0867399
 1531 0.853333 2.55164 0.0866903
 1532 2.61333 2.55168 0.0866337
 1533 9.01333 2.55589 0.0866797
 1534 9.01333 2.5601 0.0867254
 1535 5.33333 2.56191 0.0866877
 1536 2.61333 2.56194 0.0866313
 1537 3.41333 2.5625 0.0865767
 1538 2.61333 2.56253 0.0865204
 1539 2.61333 2.56256 0.0864641
 1540 0.853333 2.56145 0.0864151
 1541 2.61333 2.56149 0.086359
 1542 3.41333 2.56204 0.0863048
 1543 0.48 2.56069 0.0862594
 1544 0.853333 2.55959 0.0862106
 1545 0.213333 2.55807 0.0861681
 1546 0.0533333 2.55645 0.0861276
 1547 1.33333 2.55566 0.0860756
 1548 0.0533333 2.55404 0.0860351
 1549 0.853333 2.55294 0.0859866
 1550 0.0533333 2.55133 0.0859462
 1551 0.853333 2.55023 0.0858978
 1552 0.213333 2.54873 0.0858556
 1553 0.853333 2.54764 0.0858072
 1554 0.48 2.54631 0.0857623
 1555 5.33333 2.5481 0.0857259
 1556 5.33333 2.54989 0.0856895
 1557 3.41333 2.55044 0.0856362
 1558 2.61333 2.55048 0.0855813
 1559 13.6533 2.55761 0.0858223
 1560 12 2.56366 0.0859806
 1561 15.4133 2.57189 0.0863189
 1562 7.68 2.57516 0.0863256
 1563 0 2.57351 0.0862861
 1564 2.61333 2.57354 0.0862309
 1565 1.92 2.57312 0.0861768
 1566 1.92 2.5727 0.0861228
 1567 0.48 2.57137 0.0860782
 1568 0.48 2.57003 0.0860336
 1569 0.853333 2.56894 0.0859857
 1570 0.48 2.56761 0.0859412
 1571 0 2.56597 0.085902
 1572 2.61333 2.56601 0.0858474
 1573 4.32 2.56712 0.0858
 1574 3.41333 2.56766 0.0857472
 1575 5.33333 2.56941 0.0857107
 1576 12 2.5754 0.0858651
 1577 3.41333 2.57593 0.0858123
 1578 1.33333 2.57514 0.0857615
 1579 4.32 2.57625 0.0857143
 1580 1.92 2.57583 0.085661
 1581 0.213333 2.57434 0.0856198
 1582 3.41333 2.57487 0.0855673
 1583 4.32 2.57597 0.0855204
 1584 1.92 2.57556 0.0854674
 1585 0.0533333 2.57396 0.0854283
 1586 1.33333 2.57318 0.085378
 1587 0.213333 2.5717 0.0853371
 1588 0.213333 2.57021 0.0852963
 1589 0.0533333 2.56863 0.0852573
 1590 5.33333 2.57036 0.0852214
 1591 0.853333 2.56929 0.0851747
 1592 3.41333 2.56982 0.0851228
 1593 5.33333 2.57155 0.085087
 1594 7.68 2.57476 0.085094
 1595 9.01333 2.57879 0.0851364
 1596 13.6533 2.58573 0.0853655
 1597 10.4533 2.59066 0.0854542
 1598 6.45333 2.59307 0.0854349
 1599 10.4533 2.59799 0.0855228
 1600 7.68 2.60117 0.0855283
 1601 17.28 2.61034 0.0859652
 1602 25.8133 2.62482 0.0871239
 1603 23.52 2.63785 0.0880399
 1604 13.6533 2.64472 0.0882526
 1605 12 2.65055 0.08839
 1606 2.61333 2.65053 0.0883349
 1607 1.92 2.65007 0.0882811
 1608 0.0533333 2.64846 0.088241
 1609 4.32 2.6495 0.0881922
 1610 5.33333 2.65116 0.0881532
 1611 6.45333 2.65352 0.0881301
 1612 4.32 2.65456 0.0880814
 1613 3.41333 2.65503 0.0880281
 1614 4.32 2.65606 0.0879796
 1615 2.61333 2.65603 0.0879251
 1616 0.853333 2.65492 0.0878777
 1617 1.92 2.65446 0.0878245
 1618 1.92 2.65401 0.0877714
 1619 0.0533333 2.6524 0.0877319
 1620 1.33333 2.65159 0.0876815
 1621 0.0533333 2.64999 0.0876421
 1622 0.213333 2.64848 0.0876009
 1623 0.0533333 2.64688 0.0875615
 1624 0.0533333 2.64529 0.0875221
 1625 0.213333 2.64379 0.0874811
 1626 0.853333 2.64269 0.0874342
 1627 0.48 2.64136 0.0873905
 1628 1.92 2.64092 0.087338
 1629 0.853333 2.63982 0.0872912
 1630 1.33333 2.63902 0.0872413
 1631 0.853333 2.63792 0.0871947
 1632 0.853333 2.63683 0.0871481
 1633 0.0533333 2.63525 0.0871091
 1634 3.41333 2.63572 0.0870571
 1635 4.32 2.63675 0.0870099
 1636 1.92 2.63632 0.0869578
 1637 0 2.63471 0.0869196
 1638 2.61333 2.63469 0.0868665
 1639 0.853333 2.63361 0.0868203
 1640 0.0533333 2.63203 0.0867816
 1641 0.213333 2.63056 0.0867412
 1642 0.48 2.62925 0.0866983
 1643 0.213333 2.62778 0.086658
 1644 1.33333 2.62699 0.0866088
 1645 0.0533333 2.62543 0.0865703
 1646 0.853333 2.62435 0.0865244
 1647 0.48 2.62305 0.0864816
 1648 0.0533333 2.62149 0.0864432
 1649 0.213333 2.62003 0.0864031
 1650 0.213333 2.61857 0.0863631
 1651 0.0533333 2.61702 0.0863247
 1652 0 2.61543 0.086287
 1653 5.33333 2.61708 0.0862504
 1654 6.45333 2.6194 0.0862295
 1655 0.853333 2.61833 0.086184
 1656 0.213333 2.61688 0.0861442
 1657 0.853333 2.61581 0.0860987
 1658 0.213333 2.61436 0.086059
 1659 0.0533333 2.61282 0.0860209
 1660 0.0533333 2.61128 0.0859829
 1661 1.92 2.61086 0.0859322
 1662 0.0533333 2.60932 0.0858942
 1663 0.853333 2.60827 0.0858491
 1664 0 2.6067 0.0858118
 1665 0.0533333 2.60517 0.0857739
 1666 0.0533333 2.60363 0.0857361
 1667 1.33333 2.60287 0.0856881
 1668 0.0533333 2.60134 0.0856503
 1669 0.213333 2.59991 0.0856109
 1670 0.0533333 2.59839 0.0855732
 1671 0.48 2.59712 0.0855314
 1672 0.213333 2.59569 0.0854921
 1673 0.853333 2.59465 0.0854474
 1674 0.853333 2.59361 0.0854026
 1675 0.213333 2.59219 0.0853635
 1676 1.33333 2.59144 0.0853158
 1677 0.213333 2.59002 0.0852767
 1678 1.92 2.58962 0.0852268
 1679 6.45333 2.59192 0.0852071
 1680 10.4533 2.5966 0.0852849
 1681 7.68 2.59963 0.0852877
 1682 4.32 2.60065 0.0852432
 1683 1.33333 2.5999 0.0851958
 1684 0 2.59835 0.0851592
 1685 0.853333 2.59732 0.085115
 1686 0.0533333 2.59581 0.0850778
 1687 0.48 2.59455 0.0850366
 1688 0.48 2.5933 0.0849955
 1689 0 2.59177 0.084959
 1690 0.853333 2.59074 0.084915
 1691 1.33333 2.58999 0.084868
 1692 0.853333 2.58897 0.084824
 1693 0.213333 2.58756 0.0847855
 1694 2.61333 2.58758 0.0847355
 1695 2.61333 2.58759 0.0846854
 1696 9.01333 2.59138 0.0847203
 1697 4.32 2.5924 0.0846765
 1698 4.32 2.59342 0.0846327
 1699 0.48 2.59218 0.084592
 1700 3.41333 2.59266 0.0845436
 1701 7.68 2.59565 0.0845468
 1702 12 2.60118 0.0846776
 1703 3.41333 2.60165 0.0846292
 1704 1.33333 2.60091 0.0845828
 1705 0.0533333 2.59941 0.0845464
 1706 0.0533333 2.59792 0.08451
 1707 0.0533333 2.59643 0.0844736
 1708 0.213333 2.59504 0.0844357
 1709 0.853333 2.59402 0.0843924
 1710 1.33333 2.59328 0.0843463
 1711 0.0533333 2.59179 0.08431
 1712 0.213333 2.5904 0.0842722
 1713 0.0533333 2.58892 0.084236
 1714 0.213333 2.58754 0.0841983
 1715 0.48 2.58631 0.0841581
 1716 0.0533333 2.58483 0.084122
 1717 0.213333 2.58345 0.0840844
 1718 0.48 2.58223 0.0840443
 1719 0.48 2.581 0.0840043
 1720 1.92 2.58062 0.0839563
 1721 1.92 2.58024 0.0839084
 1722 1.92 2.57985 0.0838606
 1723 1.33333 2.57913 0.083815
 1724 1.33333 2.57841 0.0837695
 1725 0.48 2.57719 0.0837297
 1726 1.92 2.57681 0.0836821
 1727 0.0533333 2.57535 0.0836464
 1728 0.48 2.57414 0.0836067
 1729 1.33333 2.57342 0.0835615
 1730 3.41333 2.5739 0.0835146
 1731 0 2.57242 0.0834795
 1732 0.213333 2.57105 0.0834424
 1733 0.48 2.56985 0.083403
 1734 5.33333 2.57144 0.0833701
 1735 3.41333 2.57193 0.0833235
 1736 1.33333 2.57121 0.0832785
 1737 1.92 2.57084 0.0832314
 1738 0.0533333 2.56939 0.0831961
 1739 0.853333 2.5684 0.0831541
 1740 1.92 2.56803 0.0831072
 1741 3.41333 2.56852 0.0830608
 1742 0.0533333 2.56707 0.0830257
 1743 0.853333 2.56609 0.0829839
 1744 0.0533333 2.56465 0.0829488
 1745 0.0533333 2.56321 0.0829137
 1746 0.0533333 2.56177 0.0828787
 1747 5.33333 2.56336 0.0828464
 1748 0.853333 2.56238 0.0828048
 1749 0.48 2.56119 0.082766
 1750 4.32 2.56219 0.0827248
 1751 2.61333 2.56222 0.0826775
 1752 3.41333 2.56271 0.0826318
 1753 0 2.56125 0.0825976
 1754 0.213333 2.55991 0.0825613
 1755 0.213333 2.55857 0.0825251
 1756 3.41333 2.55906 0.0824795
 1757 0.48 2.55788 0.082441
 1758 0.853333 2.55691 0.0823998
 1759 1.92 2.55654 0.0823538
 1760 0.853333 2.55558 0.0823127
 1761 5.33333 2.55715 0.082281
 1762 1.92 2.55679 0.0822351
 1763 1.92 2.55643 0.0821892
 1764 0 2.55498 0.0821554
 1765 0.213333 2.55365 0.0821196
 1766 1.92 2.5533 0.0820739
 1767 0.853333 2.55233 0.082033
 1768 1.92 2.55198 0.0819874
 1769 2.61333 2.55201 0.081941
 1770 3.41333 2.5525 0.0818962
 1771 13.6533 2.55877 0.0820896
 1772 17.28 2.56707 0.0824628
 1773 2.61333 2.5671 0.0824163
 1774 0.853333 2.56613 0.0823755
 1775 7.68 2.56901 0.0823794
 1776 9.01333 2.57264 0.082413
 1777 0.853333 2.57168 0.0823723
 1778 0.0533333 2.57026 0.0823381
 1779 0 2.56881 0.0823045
 1780 0.853333 2.56785 0.0822639
 1781 0.48 2.56668 0.082226
 1782 0.0533333 2.56527 0.082192
 1783 0.0533333 2.56386 0.0821579
 1784 0 2.56242 0.0821245
 1785 0.0533333 2.56102 0.0820905
 1786 1.92 2.56066 0.0820453
 1787 4.32 2.56164 0.0820053
 1788 6.45333 2.56382 0.0819883
 1789 2.61333 2.56385 0.0819424
 1790 1.92 2.56349 0.0818974
 1791 5.33333 2.56503 0.0818663
 1792 6.45333 2.5672 0.0818494
 1793 10.4533 2.5716 0.0819219
 1794 7.68 2.57445 0.0819257
 1795 4.32 2.57542 0.0818858
 1796 2.61333 2.57544 0.0818402
 1797 2.61333 2.57546 0.0817947
 1798 1.92 2.5751 0.08175
 1799 1.92 2.57473 0.0817053
 1800 5.33333 2.57627 0.0816743
 1801 10.4533 2.58064 0.081746
 1802 10.4533 2.58501 0.0818174
 1803 6.45333 2.58715 0.0818001
 1804 4.32 2.58812 0.0817604
 1805 0.48 2.58695 0.0817235
 1806 1.92 2.58658 0.081679
 1807 12 2.59179 0.0817999
 1808 19.2533 2.601 0.0822724
 1809 15.4133 2.60809 0.0825313
 1810 15.4133 2.61516 0.0827886
 1811 17.28 2.62326 0.0831381
 1812 9.01333 2.62678 0.083167
 1813 9.01333 2.63031 0.0831958
 1814 5.33333 2.6318 0.0831632
 1815 0 2.63035 0.08313
 1816 1.92 2.62996 0.0830852
 1817 0.853333 2.62898 0.0830452
 1818 6.45333 2.63108 0.0830262
 1819 1.92 2.63069 0.0829814
 1820 1.33333 2.62998 0.0829389
 1821 0.853333 2.629 0.0828991
 1822 9.01333 2.63251 0.0829276
 1823 3.41333 2.63293 0.0828832
 1824 2.61333 2.63292 0.0828378
 1825 0.213333 2.6316 0.082803
 1826 0 2.63016 0.0827702
 1827 0.853333 2.62918 0.0827306
 1828 0.213333 2.62786 0.0826959
 1829 2.61333 2.62785 0.0826506
 1830 0.0533333 2.62645 0.0826174
 1831 1.33333 2.62574 0.0825753
 1832 3.41333 2.62617 0.0825313
 1833 5.33333 2.62765 0.0824995
 1834 0 2.62622 0.082467
 1835 0.213333 2.6249 0.0824325
 1836 0.0533333 2.6235 0.0823995
 1837 0.213333 2.62219 0.0823651
 1838 1.92 2.62181 0.0823212
 1839 0.0533333 2.62041 0.0822882
 1840 1.92 2.62003 0.0822444
 1841 0.853333 2.61907 0.0822053
 1842 4.32 2.61999 0.0821658
 1843 4.32 2.62092 0.0821264
 1844 6.45333 2.62299 0.0821082
 1845 9.01333 2.62646 0.0821367
 1846 6.45333 2.62853 0.0821184
 1847 5.33333 2.62999 0.082087
 1848 1.33333 2.62929 0.0820456
 1849 3.41333 2.62972 0.0820023
 1850 7.68 2.63245 0.0820034
 1851 10.4533 2.63667 0.0820679
 1852 4.32 2.63758 0.0820286
 1853 6.45333 2.63964 0.0820102
 1854 7.68 2.64236 0.082011
 1855 9.01333 2.64579 0.0820387
 1856 1.92 2.6454 0.0819954
 1857 0.853333 2.64444 0.081957
 1858 1.92 2.64405 0.0819138
 1859 1.92 2.64366 0.0818706
 1860 3.41333 2.64407 0.0818276
 1861 9.01333 2.64749 0.0818552
 1862 3.41333 2.64791 0.0818123
 1863 0.213333 2.6466 0.0817788
 1864 0.48 2.64544 0.0817432
 1865 0.213333 2.64413 0.0817098
 1866 1.33333 2.64343 0.081669
 1867 6.45333 2.64547 0.0816507
 1868 7.68 2.64817 0.0816515
 1869 1.33333 2.64746 0.0816108
 1870 0.853333 2.6465 0.0815728
 1871 0.0533333 2.64512 0.081541
 1872 0.48 2.64396 0.0815056
 1873 0.48 2.6428 0.0814703
 1874 0.48 2.64165 0.081435
 1875 2.61333 2.64164 0.0813915
 1876 6.45333 2.64367 0.0813735
 1877 12 2.64865 0.0814828
 1878 15.4133 2.65545 0.0817225
 1879 12 2.66042 0.0818303
 1880 13.6533 2.66627 0.0819955
 1881 9.01333 2.66964 0.0820213
 1882 1.33333 2.66893 0.0819808
 1883 1.33333 2.66822 0.0819403
 1884 0.853333 2.66726 0.0819025
 1885 0.213333 2.66596 0.0818694
 1886 2.61333 2.66593 0.081826
 1887 5.33333 2.66734 0.0817948
 1888 2.61333 2.66732 0.0817515
 1889 0.0533333 2.66593 0.0817199
 1890 4.32 2.66681 0.0816813
 1891 1.33333 2.6661 0.0816412
 1892 1.33333 2.6654 0.081601
 1893 1.33333 2.66469 0.081561
 1894 0.48 2.66354 0.0815261
 1895 0.48 2.66239 0.0814912
 1896 0.0533333 2.66101 0.0814598
 1897 0.853333 2.66006 0.0814224
 1898 0.0533333 2.65869 0.0813911
 1899 0 2.65729 0.0813603
 1900 0.48 2.65614 0.0813255
 1901 0.853333 2.65519 0.0812883
 1902 0.853333 2.65424 0.081251
 1903 1.33333 2.65355 0.0812113
 1904 0.48 2.65241 0.0811767
 1905 1.92 2.65202 0.0811349
 1906 2.61333 2.652 0.0810924
 1907 5.33333 2.65341 0.081062
 1908 10.4533 2.6575 0.0811226
 1909 9.01333 2.66083 0.0811484
 1910 15.4133 2.6675 0.0813803
 1911 13.6533 2.67325 0.0815406
 1912 13.6533 2.679 0.0817
 1913 13.6533 2.68473 0.0818585
 1914 7.68 2.68734 0.0818574
 1915 4.32 2.68819 0.0818191
 1916 7.68 2.6908 0.0818178
 1917 3.41333 2.69118 0.081776
 1918 1.33333 2.69047 0.0817364
 1919 0.213333 2.68918 0.081704
 1920 0.0533333 2.68781 0.081673
 1921 1.33333 2.6871 0.0816335
 1922 1.92 2.6867 0.081592
 1923 0.48 2.68555 0.0815576
 1924 1.92 2.68516 0.0815162
 1925 0.853333 2.6842 0.0814794
 1926 5.33333 2.68558 0.0814487
 1927 7.68 2.68817 0.0814477
 1928 0.48 2.68703 0.0814135
 1929 1.92 2.68663 0.0813722
 1930 10.4533 2.69065 0.0814296
 1931 6.45333 2.6926 0.0814107
 1932 4.32 2.69344 0.0813729
 1933 0 2.69205 0.0813428
 1934 1.92 2.69165 0.0813017
 1935 2.61333 2.69161 0.0812596
 1936 7.68 2.69419 0.0812585
 1937 6.45333 2.69613 0.0812397
 1938 5.33333 2.69749 0.0812092
 1939 0.213333 2.69621 0.0811774
 1940 0.213333 2.69493 0.0811457
 1941 0.0533333 2.69357 0.0811153
 1942 0.213333 2.69229 0.0810836
 1943 0.213333 2.69101 0.0810519
 1944 3.41333 2.69139 0.081011
 1945 4.32 2.69222 0.0809737
 1946 3.41333 2.69259 0.0809329
 1947 0.853333 2.69165 0.0808968
 1948 0.0533333 2.69029 0.0808666
 1949 0.0533333 2.68894 0.0808365
 1950 0.0533333 2.68759 0.0808063
 1951 0 2.68621 0.0807766
 1952 0.213333 2.68495 0.0807452
 1953 0.213333 2.68368 0.0807137
 1954 0.213333 2.68242 0.0806823
 1955 0.48 2.68129 0.0806489
 1956 0.213333 2.68003 0.0806175
 1957 0.213333 2.67877 0.0805862
 1958 0 2.6774 0.0805566
 1959 0 2.67603 0.0805271
 1960 1.33333 2.67535 0.0804889
 1961 0 2.67398 0.0804594
 1962 0.853333 2.67305 0.0804238
 1963 0.213333 2.6718 0.0803926
 1964 1.92 2.67142 0.0803525
 1965 2.61333 2.67139 0.0803116
 1966 0.213333 2.67014 0.0802805
 1967 0.48 2.66903 0.0802474
 1968 0 2.66767 0.0802181
 1969 3.41333 2.66805 0.0801782
 1970 0.0533333 2.66672 0.0801485
 1971 0 2.66537 0.0801193
 1972 0.0533333 2.66404 0.0800896
 1973 0.0533333 2.66272 0.0800599
 1974 2.61333 2.6627 0.0800193
 1975 2.61333 2.66267 0.0799788
 1976 0.213333 2.66143 0.0799479
 1977 1.92 2.66106 0.0799084
 1978 4.32 2.66189 0.0798724
 1979 19.2533 2.67028 0.080271
 1980 9.01333 2.67348 0.0802944
 1981 13.6533 2.67902 0.080445
 1982 13.6533 2.68456 0.0805948
 1983 10.4533 2.68848 0.0806494
 1984 7.68 2.69099 0.080648
 1985 1.33333 2.69031 0.0806103
 1986 10.4533 2.69422 0.0806644
 1987 13.6533 2.69973 0.0808122
 1988 12 2.70441 0.080907
 1989 7.68 2.70691 0.0809049
 1990 4.32 2.70773 0.0808683
 1991 10.4533 2.71162 0.0809213
 1992 15.4133 2.71799 0.0811316
 1993 3.41333 2.71834 0.0810916
 1994 0.48 2.71722 0.0810587
 1995 0.0533333 2.71588 0.0810291
 1996 0.213333 2.71463 0.0809982
 1997 0.213333 2.71338 0.0809673
 1998 4.32 2.71418 0.0809308
 1999 0.48 2.71306 0.080898
 2000 2.61333 2.71301 0.0808576
