 1 -0.52 -0.52 0
 2 -0.68 -0.6 0.08
 3 -0.68 -0.626667 0.0533333
 4 -0.68 -0.64 0.04
 5 -0.68 -0.648 0.032
 6 -0.76 -0.666667 0.0321109
 7 -0.76 -0.68 0.0302372
 8 -0.84 -0.7 0.0329502
 9 -0.84 -0.715556 0.0329609
 10 -0.84 -0.728 0.032
 11 -0.92 -0.745455 0.0338006
 12 -0.92 -0.76 0.0341121
 13 -0.92 -0.772308 0.033706
 14 -0.92 -0.782857 0.0329406
 15 -0.92 -0.792 0.032
 16 -0.92 -0.8 0.0309839
 17 -0.92 -0.807059 0.0299481
 18 -0.92 -0.813333 0.0289241
 19 -0.92 -0.818947 0.0279295
 20 -0.92 -0.824 0.0269737
 21 -1 -0.832381 0.0269912
 22 -1 -0.84 0.0268393
 23 -1 -0.846957 0.0265726
 24 -1 -0.853333 0.0262283
 25 -1 -0.8592 0.0258323
 26 -1 -0.864615 0.0254028
 27 -1 -0.86963 0.0249528
 28 -1 -0.874286 0.0244918
 29 -1 -0.878621 0.0240265
 30 -1 -0.882667 0.0235618
 31 -1 -0.886452 0.0231012
 32 -1 -0.89 0.0226474
 33 -1 -0.893333 0.022202
 34 -1 -0.896471 0.0217664
 35 -1 -0.899429 0.0213413
 36 -1 -0.902222 0.0209274
 37 -1 -0.904865 0.0205247
 38 -1 -0.907368 0.0201336
 39 -1 -0.909744 0.0197538
 40 -1 -0.912 0.0193854
 41 -1 -0.914146 0.0190281
 42 -1 -0.91619 0.0186817
 43 -1 -0.91814 0.0183459
 44 -0.92 -0.918182 0.0179242
 45 -0.92 -0.918222 0.0175214
 46 -1 -0.92 0.0172282
 47 -1 -0.921702 0.0169434
 48 -1 -0.923333 0.0166667
 49 -1 -0.924898 0.0163978
 50 -1 -0.9264 0.0161366
 51 -1 -0.927843 0.0158827
 52 -1 -0.929231 0.015636
 53 -1 -0.930566 0.0153961
 54 -1 -0.931852 0.0151629
 55 -1 -0.933091 0.0149362
 56 -1 -0.934286 0.0147156
 57 -1 -0.935439 0.014501
 58 -1 -0.936552 0.0142922
 59 -1 -0.937627 0.014089
 60 -1 -0.938667 0.0138912
 61 -1 -0.939672 0.0136985
 62 -1 -0.940645 0.0135108
 63 -0.92 -0.940317 0.0132987
 64 -0.92 -0.94 0.0130931
 65 -0.92 -0.939692 0.0128937
 66 -0.92 -0.939394 0.0127004
 67 -1 -0.940299 0.0125421
 68 -1 -0.941176 0.0123874
 69 -1 -0.942029 0.0122363
 70 -1 -0.942857 0.0120886
 71 -1 -0.943662 0.0119443
 72 -1 -0.944444 0.0118032
 73 -1 -0.945205 0.0116652
 74 -1 -0.945946 0.0115303
 75 -1 -0.946667 0.0113983
 76 -1 -0.947368 0.0112692
 77 -1 -0.948052 0.0111429
 78 -1 -0.948718 0.0110193
 79 -1 -0.949367 0.0108982
 80 -1 -0.95 0.0107797
 81 -1 -0.950617 0.0106637
 82 -1 -0.95122 0.01055
 83 -1 -0.951807 0.0104387
 84 -1 -0.952381 0.0103296
 85 -1 -0.952941 0.0102228
 86 -1 -0.953488 0.010118
 87 -1 -0.954023 0.0100153
 88 -1 -0.954545 0.00991462
 89 -1 -0.955056 0.00981588
 90 -1 -0.955556 0.00971904
 91 -1 -0.956044 0.00962404
 92 -1 -0.956522 0.00953084
 93 -1 -0.956989 0.00943939
 94 -1 -0.957447 0.00934963
 95 -1 -0.957895 0.00926153
 96 -1 -0.958333 0.00917504
 97 -1 -0.958763 0.00909011
 98 -1 -0.959184 0.00900671
 99 -1 -0.959596 0.0089248
 100 -1 -0.96 0.00884433
 101 -1 -0.960396 0.00876528
 102 -1 -0.960784 0.0086876
 103 -1 -0.961165 0.00861126
 104 -1 -0.961538 0.00853623
 105 -1 -0.961905 0.00846247
 106 -1 -0.962264 0.00838996
 107 -1 -0.962617 0.00831866
 108 -1 -0.962963 0.00824854
 109 -1 -0.963303 0.00817958
 110 -1 -0.963636 0.00811174
 111 -1 -0.963964 0.008045
 112 -1 -0.964286 0.00797934
 113 -1 -0.964602 0.00791472
 114 -1 -0.964912 0.00785113
 115 -1 -0.965217 0.00778854
 116 -1 -0.965517 0.00772692
 117 -1 -0.965812 0.00766626
 118 -1 -0.966102 0.00760654
 119 -1 -0.966387 0.00754772
 120 -1 -0.966667 0.0074898
 121 -1 -0.966942 0.00743275
 122 -1 -0.967213 0.00737655
 123 -1 -0.96748 0.00732119
 124 -1 -0.967742 0.00726664
 125 -1 -0.968 0.00721289
 126 -1 -0.968254 0.00715992
 127 -1 -0.968504 0.00710772
 128 -1 -0.96875 0.00705626
 129 -1 -0.968992 0.00700554
 130 -1 -0.969231 0.00695553
 131 -1 -0.969466 0.00690623
 132 -1 -0.969697 0.00685761
 133 -1 -0.969925 0.00680967
 134 -1 -0.970149 0.00676238
 135 -1 -0.97037 0.00671575
 136 -1 -0.970588 0.00666974
 137 -1 -0.970803 0.00662436
 138 -1 -0.971014 0.00657958
 139 -1 -0.971223 0.0065354
 140 -1 -0.971429 0.00649181
 141 -1 -0.971631 0.00644879
 142 -1 -0.971831 0.00640633
 143 -1 -0.972028 0.00636442
 144 -1 -0.972222 0.00632305
 145 -1 -0.972414 0.00628222
 146 -1 -0.972603 0.0062419
 147 -1 -0.972789 0.00620209
 148 -1 -0.972973 0.00616279
 149 -1 -0.973154 0.00612397
 150 -1 -0.973333 0.00608564
 151 -1 -0.97351 0.00604779
 152 -1 -0.973684 0.00601039
 153 -1 -0.973856 0.00597346
 154 -1 -0.974026 0.00593697
 155 -1 -0.974194 0.00590092
 156 -1 -0.974359 0.00586531
 157 -1 -0.974522 0.00583012
 158 -1 -0.974684 0.00579534
 159 -1 -0.974843 0.00576098
 160 -1 -0.975 0.00572702
 161 -1 -0.975155 0.00569345
 162 -1 -0.975309 0.00566028
 163 -1 -0.97546 0.00562748
 164 -1 -0.97561 0.00559507
 165 -1 -0.975758 0.00556302
 166 -1 -0.975904 0.00553133
 167 -1 -0.976048 0.0055
 168 -1 -0.97619 0.00546903
 169 -1 -0.976331 0.00543839
 170 -1 -0.976471 0.0054081
 171 -1 -0.976608 0.00537814
 172 -1 -0.976744 0.00534851
 173 -1 -0.976879 0.0053192
 174 -1 -0.977011 0.00529022
 175 -1 -0.977143 0.00526154
 176 -1 -0.977273 0.00523317
 177 -1 -0.977401 0.0052051
 178 -1 -0.977528 0.00517734
 179 -1 -0.977654 0.00514986
 180 -1 -0.977778 0.00512268
 181 -1 -0.977901 0.00509577
 182 -1 -0.978022 0.00506915
 183 -1 -0.978142 0.00504281
 184 -1 -0.978261 0.00501673
 185 -1 -0.978378 0.00499092
 186 -1 -0.978495 0.00496538
 187 -1 -0.97861 0.00494009
 188 -1 -0.978723 0.00491506
 189 -1 -0.978836 0.00489029
 190 -1 -0.978947 0.00486575
 191 -1 -0.979058 0.00484147
 192 -1 -0.979167 0.00481742
 193 -1 -0.979275 0.00479361
 194 -1 -0.979381 0.00477003
 195 -1 -0.979487 0.00474669
 196 -1 -0.979592 0.00472357
 197 -1 -0.979695 0.00470067
 198 -1 -0.979798 0.00467799
 199 -1 -0.979899 0.00465553
 200 -1 -0.98 0.00463329
 201 -1 -0.9801 0.00461125
 202 -1 -0.980198 0.00458942
 203 -1 -0.980296 0.0045678
 204 -1 -0.980392 0.00454638
 205 -1 -0.980488 0.00452516
 206 -1 -0.980583 0.00450414
 207 -1 -0.980676 0.00448331
 208 -1 -0.980769 0.00446267
 209 -1 -0.980861 0.00444222
 210 -1 -0.980952 0.00442195
 211 -1 -0.981043 0.00440187
 212 -1 -0.981132 0.00438197
 213 -1 -0.981221 0.00436225
 214 -1 -0.981308 0.0043427
 215 -1 -0.981395 0.00432333
 216 -1 -0.981481 0.00430413
 217 -1 -0.981567 0.0042851
 218 -1 -0.981651 0.00426624
 219 -1 -0.981735 0.00424754
 220 -1 -0.981818 0.004229
 221 -1 -0.9819 0.00421063
 222 -1 -0.981982 0.00419241
 223 -1 -0.982063 0.00417435
 224 -1 -0.982143 0.00415644
 225 -1 -0.982222 0.00413869
 226 -1 -0.982301 0.00412109
 227 -1 -0.982379 0.00410363
 228 -1 -0.982456 0.00408633
 229 -1 -0.982533 0.00406916
 230 -1 -0.982609 0.00405214
 231 -1 -0.982684 0.00403527
 232 -1 -0.982759 0.00401853
 233 -1 -0.982833 0.00400193
 234 -1 -0.982906 0.00398547
 235 -1 -0.982979 0.00396914
 236 -1 -0.983051 0.00395294
 237 -1 -0.983122 0.00393688
 238 -1 -0.983193 0.00392094
 239 -1 -0.983264 0.00390513
 240 -1 -0.983333 0.00388945
 241 -1 -0.983402 0.0038739
 242 -1 -0.983471 0.00385847
 243 -1 -0.983539 0.00384316
 244 -1 -0.983607 0.00382797
 245 -1 -0.983673 0.0038129
 246 -1 -0.98374 0.00379795
 247 -1 -0.983806 0.00378311
 248 -1 -0.983871 0.00376839
 249 -1 -0.983936 0.00375379
 250 -1 -0.984 0.0037393
 251 -1 -0.984064 0.00372491
 252 -1 -0.984127 0.00371064
 253 -1 -0.98419 0.00369648
 254 -1 -0.984252 0.00368242
 255 -1 -0.984314 0.00366847
 256 -1 -0.984375 0.00365463
 257 -1 -0.984436 0.00364089
 258 -1 -0.984496 0.00362725
 259 -1 -0.984556 0.00361371
 260 -1 -0.984615 0.00360028
 261 -1 -0.984674 0.00358694
 262 -1 -0.984733 0.0035737
 263 -1 -0.984791 0.00356056
 264 -1 -0.984848 0.00354752
 265 -1 -0.984906 0.00353457
 266 -1 -0.984962 0.00352171
 267 -1 -0.985019 0.00350895
 268 -1 -0.985075 0.00349628
 269 -1 -0.98513 0.0034837
 270 -1 -0.985185 0.00347121
 271 -1 -0.98524 0.00345881
 272 -1 -0.985294 0.0034465
 273 -1 -0.985348 0.00343427
 274 -1 -0.985401 0.00342213
 275 -1 -0.985455 0.00341008
 276 -1 -0.985507 0.00339811
 277 -1 -0.98556 0.00338622
 278 -1 -0.985612 0.00337442
 279 -1 -0.985663 0.0033627
 280 -1 -0.985714 0.00335106
 281 -1 -0.985765 0.0033395
 282 -1 -0.985816 0.00332802
 283 -1 -0.985866 0.00331662
 284 -1 -0.985915 0.00330529
 285 -1 -0.985965 0.00329405
 286 -1 -0.986014 0.00328288
 287 -1 -0.986063 0.00327178
 288 -1 -0.986111 0.00326076
 289 -1 -0.986159 0.00324981
 290 -1 -0.986207 0.00323894
 291 -1 -0.986254 0.00322814
 292 -1 -0.986301 0.00321741
 293 -1 -0.986348 0.00320675
 294 -1 -0.986395 0.00319616
 295 -1 -0.986441 0.00318564
 296 -1 -0.986486 0.00317519
 297 -1 -0.986532 0.00316481
 298 -1 -0.986577 0.00315449
 299 -1 -0.986622 0.00314425
 300 -1 -0.986667 0.00313407
 301 -1 -0.986711 0.00312395
 302 -1 -0.986755 0.0031139
 303 -1 -0.986799 0.00310391
 304 -1 -0.986842 0.00309399
 305 -1 -0.986885 0.00308413
 306 -1 -0.986928 0.00307434
 307 -1 -0.986971 0.0030646
 308 -1 -0.987013 0.00305493
 309 -1 -0.987055 0.00304532
 310 -1 -0.987097 0.00303576
 311 -1 -0.987138 0.00302627
 312 -1 -0.987179 0.00301684
 313 -1 -0.98722 0.00300746
 314 -1 -0.987261 0.00299815
 315 -1 -0.987302 0.00298889
 316 -1 -0.987342 0.00297968
 317 -1 -0.987382 0.00297054
 318 -1 -0.987421 0.00296145
 319 -1 -0.987461 0.00295241
 320 -1 -0.9875 0.00294343
 321 -1 -0.987539 0.00293451
 322 -1 -0.987578 0.00292564
 323 -1 -0.987616 0.00291682
 324 -1 -0.987654 0.00290805
 325 -1 -0.987692 0.00289934
 326 -1 -0.98773 0.00289068
 327 -1 -0.987768 0.00288207
 328 -1 -0.987805 0.00287351
 329 -1 -0.987842 0.002865
 330 -1 -0.987879 0.00285655
 331 -1 -0.987915 0.00284814
 332 -1 -0.987952 0.00283978
 333 -1 -0.987988 0.00283147
 334 -1 -0.988024 0.00282321
 335 -1 -0.98806 0.002815
 336 -1 -0.988095 0.00280683
 337 -1 -0.988131 0.00279871
 338 -1 -0.988166 0.00279064
 339 -1 -0.988201 0.00278262
 340 -1 -0.988235 0.00277464
 341 -1 -0.98827 0.0027667
 342 -1 -0.988304 0.00275881
 343 -1 -0.988338 0.00275097
 344 -1 -0.988372 0.00274317
 345 -1 -0.988406 0.00273542
 346 -1 -0.988439 0.0027277
 347 -1 -0.988473 0.00272004
 348 -1 -0.988506 0.00271241
 349 -1 -0.988539 0.00270483
 350 -1 -0.988571 0.00269729
 351 -1 -0.988604 0.00268979
 352 -1 -0.988636 0.00268233
 353 -1 -0.988669 0.00267492
 354 -1 -0.988701 0.00266754
 355 -1 -0.988732 0.00266021
 356 -1 -0.988764 0.00265291
 357 -1 -0.988796 0.00264566
 358 -1 -0.988827 0.00263844
 359 -1 -0.988858 0.00263127
 360 -1 -0.988889 0.00262413
 361 -1 -0.98892 0.00261703
 362 -1 -0.98895 0.00260997
 363 -1 -0.988981 0.00260295
 364 -1 -0.989011 0.00259597
 365 -1 -0.989041 0.00258902
 366 -1 -0.989071 0.00258211
 367 -1 -0.989101 0.00257524
 368 -1 -0.98913 0.0025684
 369 -1 -0.98916 0.0025616
 370 -1 -0.989189 0.00255484
 371 -1 -0.989218 0.00254811
 372 -1 -0.989247 0.00254141
 373 -1 -0.989276 0.00253475
 374 -1 -0.989305 0.00252813
 375 -1 -0.989333 0.00252154
 376 -1 -0.989362 0.00251499
 377 -1 -0.98939 0.00250846
 378 -1 -0.989418 0.00250198
 379 -1 -0.989446 0.00249552
 380 -1 -0.989474 0.0024891
 381 -1 -0.989501 0.00248271
 382 -1 -0.989529 0.00247636
 383 -1 -0.989556 0.00247004
 384 -1 -0.989583 0.00246375
 385 -1 -0.98961 0.00245749
 386 -1 -0.989637 0.00245126
 387 -1 -0.989664 0.00244506
 388 -1 -0.989691 0.0024389
 389 -1 -0.989717 0.00243277
 390 -1 -0.989744 0.00242666
 391 -1 -0.98977 0.00242059
 392 -1 -0.989796 0.00241455
 393 -1 -0.989822 0.00240854
 394 -1 -0.989848 0.00240256
 395 -1 -0.989873 0.0023966
 396 -1 -0.989899 0.00239068
 397 -1 -0.989924 0.00238479
 398 -1 -0.98995 0.00237892
 399 -1 -0.989975 0.00237309
 400 -1 -0.99 0.00236728
 401 -1 -0.990025 0.0023615
 402 -1 -0.99005 0.00235575
 403 -1 -0.990074 0.00235003
 404 -1 -0.990099 0.00234433
 405 -1 -0.990123 0.00233866
 406 -1 -0.990148 0.00233302
 407 -1 -0.990172 0.00232741
 408 -1 -0.990196 0.00232182
 409 -1 -0.99022 0.00231626
 410 -1 -0.990244 0.00231073
 411 -1 -0.990268 0.00230522
 412 -1 -0.990291 0.00229974
 413 -1 -0.990315 0.00229429
 414 -0.92 -0.990145 0.00229503
 415 -1 -0.990169 0.00228962
 416 -1 -0.990192 0.00228423
 417 -1 -0.990216 0.00227887
 418 -1 -0.990239 0.00227353
 419 -1 -0.990263 0.00226822
 420 -1 -0.990286 0.00226293
 421 -1 -0.990309 0.00225766
 422 -1 -0.990332 0.00225242
 423 -1 -0.990355 0.00224721
 424 -1 -0.990377 0.00224202
 425 -1 -0.9904 0.00223685
 426 -1 -0.990423 0.00223171
 427 -1 -0.990445 0.00222659
 428 -1 -0.990467 0.00222149
 429 -1 -0.99049 0.00221642
 430 -1 -0.990512 0.00221137
 431 -1 -0.990534 0.00220634
 432 -1 -0.990556 0.00220134
 433 -1 -0.990577 0.00219636
 434 -1 -0.990599 0.0021914
 435 -1 -0.990621 0.00218646
 436 -1 -0.990642 0.00218155
 437 -1 -0.990664 0.00217665
 438 -1 -0.990685 0.00217178
 439 -1 -0.990706 0.00216694
 440 -1 -0.990727 0.00216211
 441 -1 -0.990748 0.0021573
 442 -1 -0.990769 0.00215252
 443 -1 -0.99079 0.00214775
 444 -1 -0.990811 0.00214301
 445 -1 -0.990831 0.00213829
 446 -1 -0.990852 0.00213359
 447 -1 -0.990872 0.00212891
 448 -1 -0.990893 0.00212425
 449 -1 -0.990913 0.00211961
 450 -1 -0.990933 0.00211499
 451 -1 -0.990953 0.00211039
 452 -1 -0.990973 0.00210581
 453 -1 -0.990993 0.00210125
 454 -1 -0.991013 0.00209671
 455 -1 -0.991033 0.00209219
 456 -1 -0.991053 0.00208769
 457 -1 -0.991072 0.00208321
 458 -1 -0.991092 0.00207875
 459 -1 -0.991111 0.00207431
 460 -1 -0.99113 0.00206988
 461 -1 -0.99115 0.00206548
 462 -1 -0.991169 0.00206109
 463 -1 -0.991188 0.00205672
 464 -1 -0.991207 0.00205237
 465 -1 -0.991226 0.00204804
 466 -1 -0.991245 0.00204373
 467 -1 -0.991263 0.00203944
 468 -1 -0.991282 0.00203516
 469 -1 -0.991301 0.0020309
 470 -1 -0.991319 0.00202666
 471 -1 -0.991338 0.00202244
 472 -1 -0.991356 0.00201823
 473 -1 -0.991374 0.00201404
 474 -1 -0.991392 0.00200987
 475 -1 -0.991411 0.00200572
 476 -1 -0.991429 0.00200158
 477 -1 -0.991447 0.00199746
 478 -1 -0.991464 0.00199336
 479 -1 -0.991482 0.00198927
 480 -1 -0.9915 0.0019852
 481 -1 -0.991518 0.00198115
 482 -1 -0.991535 0.00197711
 483 -1 -0.991553 0.00197309
 484 -1 -0.99157 0.00196909
 485 -1 -0.991588 0.0019651
 486 -1 -0.991605 0.00196113
 487 -1 -0.991622 0.00195718
 488 -1 -0.991639 0.00195324
 489 -1 -0.991656 0.00194931
 490 -1 -0.991673 0.0019454
 491 -1 -0.99169 0.00194151
 492 -1 -0.991707 0.00193764
 493 -1 -0.991724 0.00193377
 494 -1 -0.991741 0.00192993
 495 -1 -0.991758 0.0019261
 496 -1 -0.991774 0.00192228
 497 -1 -0.991791 0.00191848
 498 -1 -0.991807 0.0019147
 499 -1 -0.991824 0.00191093
 500 -1 -0.99184 0.00190717
 501 -1 -0.991856 0.00190343
 502 -1 -0.991873 0.0018997
 503 -1 -0.991889 0.00189599
 504 -1 -0.991905 0.0018923
 505 -1 -0.991921 0.00188861
 506 -1 -0.991937 0.00188494
 507 -1 -0.991953 0.00188129
 508 -1 -0.991969 0.00187765
 509 -1 -0.991984 0.00187402
 510 -1 -0.992 0.00187041
 511 -1 -0.992016 0.00186681
 512 -1 -0.992031 0.00186323
 513 -1 -0.992047 0.00185966
 514 -1 -0.992062 0.0018561
 515 -1 -0.992078 0.00185256
 516 -1 -0.992093 0.00184903
 517 -1 -0.992108 0.00184551
 518 -1 -0.992124 0.00184201
 519 -1 -0.992139 0.00183852
 520 -1 -0.992154 0.00183504
 521 -1 -0.992169 0.00183158
 522 -1 -0.992184 0.00182813
 523 -1 -0.992199 0.00182469
 524 -1 -0.992214 0.00182126
 525 -1 -0.992229 0.00181785
 526 -1 -0.992243 0.00181445
 527 -1 -0.992258 0.00181107
 528 -1 -0.992273 0.00180769
 529 -1 -0.992287 0.00180433
 530 -1 -0.992302 0.00180098
 531 -1 -0.992316 0.00179765
 532 -1 -0.992331 0.00179432
 533 -1 -0.992345 0.00179101
 534 -1 -0.99236 0.00178771
 535 -1 -0.992374 0.00178442
 536 -1 -0.992388 0.00178115
 537 -1 -0.992402 0.00177789
 538 -1 -0.992416 0.00177463
 539 -1 -0.99243 0.00177139
 540 -1 -0.992444 0.00176817
 541 -1 -0.992458 0.00176495
 542 -1 -0.992472 0.00176175
 543 -1 -0.992486 0.00175855
 544 -1 -0.9925 0.00175537
 545 -1 -0.992514 0.0017522
 546 -1 -0.992527 0.00174904
 547 -1 -0.992541 0.0017459
 548 -1 -0.992555 0.00174276
 549 -1 -0.992568 0.00173964
 550 -1 -0.992582 0.00173652
 551 -1 -0.992595 0.00173342
 552 -1 -0.992609 0.00173033
 553 -1 -0.992622 0.00172725
 554 -1 -0.992635 0.00172418
 555 -1 -0.992649 0.00172112
 556 -1 -0.992662 0.00171807
 557 -1 -0.992675 0.00171504
 558 -1 -0.992688 0.00171201
 559 -1 -0.992701 0.001709
 560 -1 -0.992714 0.00170599
 561 -1 -0.992727 0.001703
 562 -1 -0.99274 0.00170001
 563 -1 -0.992753 0.00169704
 564 -1 -0.992766 0.00169408
 565 -1 -0.992779 0.00169113
 566 -1 -0.992792 0.00168818
 567 -1 -0.992804 0.00168525
 568 -1 -0.992817 0.00168233
 569 -1 -0.99283 0.00167942
 570 -1 -0.992842 0.00167652
 571 -1 -0.992855 0.00167362
 572 -1 -0.992867 0.00167074
 573 -1 -0.99288 0.00166787
 574 -1 -0.992892 0.00166501
 575 -1 -0.992904 0.00166216
 576 -1 -0.992917 0.00165931
 577 -1 -0.992929 0.00165648
 578 -1 -0.992941 0.00165366
 579 -1 -0.992953 0.00165084
 580 -1 -0.992966 0.00164804
 581 -1 -0.992978 0.00164525
 582 -1 -0.99299 0.00164246
 583 -1 -0.993002 0.00163969
 584 -1 -0.993014 0.00163692
 585 -1 -0.993026 0.00163416
 586 -1 -0.993038 0.00163141
 587 -1 -0.993049 0.00162868
 588 -1 -0.993061 0.00162595
 589 -1 -0.993073 0.00162323
 590 -1 -0.993085 0.00162052
 591 -1 -0.993096 0.00161781
 592 -1 -0.993108 0.00161512
 593 -1 -0.99312 0.00161244
 594 -1 -0.993131 0.00160976
 595 -1 -0.993143 0.00160709
 596 -1 -0.993154 0.00160444
 597 -1 -0.993166 0.00160179
 598 -1 -0.993177 0.00159915
 599 -1 -0.993189 0.00159652
 600 -1 -0.9932 0.00159389
 601 -1 -0.993211 0.00159128
 602 -1 -0.993223 0.00158868
 603 -1 -0.993234 0.00158608
 604 -1 -0.993245 0.00158349
 605 -1 -0.993256 0.00158091
 606 -1 -0.993267 0.00157834
 607 -1 -0.993278 0.00157577
 608 -1 -0.993289 0.00157322
 609 -1 -0.9933 0.00157067
 610 -1 -0.993311 0.00156813
 611 -1 -0.993322 0.0015656
 612 -1 -0.993333 0.00156308
 613 -1 -0.993344 0.00156057
 614 -1 -0.993355 0.00155806
 615 -1 -0.993366 0.00155556
 616 -1 -0.993377 0.00155307
 617 -1 -0.993387 0.00155059
 618 -1 -0.993398 0.00154812
 619 -1 -0.993409 0.00154565
 620 -1 -0.993419 0.00154319
 621 -1 -0.99343 0.00154074
 622 -1 -0.993441 0.0015383
 623 -1 -0.993451 0.00153586
 624 -1 -0.993462 0.00153344
 625 -1 -0.993472 0.00153102
 626 -1 -0.993482 0.00152861
 627 -1 -0.993493 0.0015262
 628 -1 -0.993503 0.0015238
 629 -1 -0.993514 0.00152141
 630 -1 -0.993524 0.00151903
 631 -1 -0.993534 0.00151666
 632 -1 -0.993544 0.00151429
 633 -1 -0.993555 0.00151193
 634 -1 -0.993565 0.00150958
 635 -1 -0.993575 0.00150723
 636 -1 -0.993585 0.0015049
 637 -1 -0.993595 0.00150257
 638 -1 -0.993605 0.00150024
 639 -1 -0.993615 0.00149793
 640 -1 -0.993625 0.00149562
 641 -1 -0.993635 0.00149331
 642 -1 -0.993645 0.00149102
 643 -1 -0.993655 0.00148873
 644 -1 -0.993665 0.00148645
 645 -1 -0.993674 0.00148418
 646 -1 -0.993684 0.00148191
 647 -1 -0.993694 0.00147965
 648 -1 -0.993704 0.0014774
 649 -1 -0.993713 0.00147515
 650 -1 -0.993723 0.00147291
 651 -1 -0.993733 0.00147068
 652 -1 -0.993742 0.00146845
 653 -1 -0.993752 0.00146623
 654 -1 -0.993761 0.00146402
 655 -1 -0.993771 0.00146182
 656 -1 -0.99378 0.00145962
 657 -1 -0.99379 0.00145742
 658 -1 -0.993799 0.00145524
 659 -1 -0.993809 0.00145306
 660 -1 -0.993818 0.00145089
 661 -1 -0.993828 0.00144872
 662 -1 -0.993837 0.00144656
 663 -0.92 -0.993725 0.00144866
 664 -0.92 -0.993614 0.00145073
 665 -1 -0.993624 0.00144858
 666 -1 -0.993634 0.00144644
 667 -1 -0.993643 0.0014443
 668 -1 -0.993653 0.00144217
 669 -1 -0.993662 0.00144004
 670 -1 -0.993672 0.00143792
 671 -1 -0.993681 0.00143581
 672 -1 -0.99369 0.0014337
 673 -1 -0.9937 0.0014316
 674 -1 -0.993709 0.0014295
 675 -1 -0.993719 0.00142741
 676 -1 -0.993728 0.00142533
 677 -1 -0.993737 0.00142326
 678 -1 -0.993746 0.00142118
 679 -1 -0.993756 0.00141912
 680 -1 -0.993765 0.00141706
 681 -1 -0.993774 0.00141501
 682 -1 -0.993783 0.00141296
 683 -1 -0.993792 0.00141092
 684 -1 -0.993801 0.00140889
 685 -1 -0.99381 0.00140686
 686 -1 -0.993819 0.00140483
 687 -1 -0.993828 0.00140282
 688 -1 -0.993837 0.0014008
 689 -1 -0.993846 0.0013988
 690 -1 -0.993855 0.0013968
 691 -1 -0.993864 0.0013948
 692 -1 -0.993873 0.00139281
 693 -1 -0.993882 0.00139083
 694 -1 -0.99389 0.00138885
 695 -1 -0.993899 0.00138688
 696 -1 -0.993908 0.00138492
 697 -1 -0.993917 0.00138295
 698 -1 -0.993926 0.001381
 699 -1 -0.993934 0.00137905
 700 -1 -0.993943 0.00137711
 701 -1 -0.993951 0.00137517
 702 -1 -0.99396 0.00137323
 703 -1 -0.993969 0.00137131
 704 -1 -0.993977 0.00136938
 705 -1 -0.993986 0.00136747
 706 -1 -0.993994 0.00136555
 707 -1 -0.994003 0.00136365
 708 -1 -0.994011 0.00136175
 709 -1 -0.99402 0.00135985
 710 -1 -0.994028 0.00135796
 711 -1 -0.994037 0.00135608
 712 -1 -0.994045 0.00135419
 713 -1 -0.994053 0.00135232
 714 -0.92 -0.99395 0.0013544
 715 -0.92 -0.993846 0.00135645
 716 -0.92 -0.993743 0.00135848
 717 -0.92 -0.99364 0.00136048
 718 -0.92 -0.993538 0.00136245
 719 -0.92 -0.993435 0.00136439
 720 -0.92 -0.993333 0.00136631
 721 -0.92 -0.993232 0.00136819
 722 -0.92 -0.99313 0.00137006
 723 -0.92 -0.993029 0.0013719
 724 -0.92 -0.992928 0.00137371
 725 -0.92 -0.992828 0.00137549
 726 -0.92 -0.992727 0.00137726
 727 -0.92 -0.992627 0.00137899
 728 -0.92 -0.992527 0.00138071
 729 -0.92 -0.992428 0.0013824
 730 -0.92 -0.992329 0.00138406
 731 -0.92 -0.99223 0.00138571
 732 -0.92 -0.992131 0.00138732
 733 -0.92 -0.992033 0.00138892
 734 -0.92 -0.991935 0.0013905
 735 -0.92 -0.991837 0.00139205
 736 -0.92 -0.991739 0.00139358
 737 -0.92 -0.991642 0.00139508
 738 -0.92 -0.991545 0.00139657
 739 -0.92 -0.991448 0.00139804
 740 -0.92 -0.991351 0.00139948
 741 -0.92 -0.991255 0.0014009
 742 -0.92 -0.991159 0.00140231
 743 -1 -0.991171 0.00140047
 744 -1 -0.991183 0.00139863
 745 -1 -0.991195 0.00139681
 746 -1 -0.991206 0.00139498
 747 -1 -0.991218 0.00139316
 748 -1 -0.99123 0.00139135
 749 -1 -0.991242 0.00138954
 750 -1 -0.991253 0.00138773
 751 -1 -0.991265 0.00138593
 752 -1 -0.991277 0.00138414
 753 -1 -0.991288 0.00138235
 754 -1 -0.9913 0.00138056
 755 -1 -0.991311 0.00137878
 756 -1 -0.991323 0.001377
 757 -1 -0.991334 0.00137523
 758 -1 -0.991346 0.00137346
 759 -1 -0.991357 0.0013717
 760 -1 -0.991368 0.00136994
 761 -1 -0.99138 0.00136819
 762 -1 -0.991391 0.00136644
 763 -1 -0.991402 0.00136469
 764 -1 -0.991414 0.00136295
 765 -1 -0.991425 0.00136121
 766 -1 -0.991436 0.00135948
 767 -1 -0.991447 0.00135775
 768 -1 -0.991458 0.00135603
 769 -1 -0.991469 0.00135431
 770 -1 -0.991481 0.0013526
 771 -1 -0.991492 0.00135089
 772 -1 -0.991503 0.00134918
 773 -1 -0.991514 0.00134748
 774 -1 -0.991525 0.00134578
 775 -1 -0.991535 0.00134409
 776 -1 -0.991546 0.0013424
 777 -1 -0.991557 0.00134071
 778 -1 -0.991568 0.00133903
 779 -1 -0.991579 0.00133736
 780 -1 -0.99159 0.00133569
 781 -1 -0.991601 0.00133402
 782 -1 -0.991611 0.00133235
 783 -1 -0.991622 0.00133069
 784 -0.92 -0.991531 0.00133213
 785 -0.92 -0.991439 0.00133355
 786 -1 -0.99145 0.0013319
 787 -1 -0.991461 0.00133025
 788 -1 -0.991472 0.0013286
 789 -1 -0.991483 0.00132696
 790 -1 -0.991494 0.00132533
 791 -1 -0.991504 0.00132369
 792 -1 -0.991515 0.00132206
 793 -0.92 -0.991425 0.00132347
 794 -1 -0.991436 0.00132185
 795 -1 -0.991447 0.00132023
 796 -1 -0.991457 0.00131861
 797 -1 -0.991468 0.001317
 798 -1 -0.991479 0.00131539
 799 -1 -0.991489 0.00131379
 800 -1 -0.9915 0.00131219
 801 -1 -0.991511 0.00131059
 802 -1 -0.991521 0.001309
 803 -1 -0.991532 0.00130741
 804 -1 -0.991542 0.00130583
 805 -1 -0.991553 0.00130425
 806 -1 -0.991563 0.00130267
 807 -1 -0.991574 0.0013011
 808 -1 -0.991584 0.00129953
 809 -1 -0.991595 0.00129796
 810 -1 -0.991605 0.0012964
 811 -1 -0.991615 0.00129484
 812 -1 -0.991626 0.00129329
 813 -1 -0.991636 0.00129174
 814 -1 -0.991646 0.00129019
 815 -1 -0.991656 0.00128865
 816 -1 -0.991667 0.00128711
 817 -1 -0.991677 0.00128557
 818 -1 -0.991687 0.00128404
 819 -1 -0.991697 0.00128251
 820 -1 -0.991707 0.00128098
 821 -1 -0.991717 0.00127946
 822 -1 -0.991727 0.00127795
 823 -1 -0.991738 0.00127643
 824 -1 -0.991748 0.00127492
 825 -1 -0.991758 0.00127341
 826 -1 -0.991768 0.00127191
 827 -1 -0.991778 0.00127041
 828 -1 -0.991787 0.00126891
 829 -1 -0.991797 0.00126742
 830 -1 -0.991807 0.00126593
 831 -1 -0.991817 0.00126445
 832 -1 -0.991827 0.00126296
 833 -1 -0.991837 0.00126148
 834 -1 -0.991847 0.00126001
 835 -1 -0.991856 0.00125854
 836 -1 -0.991866 0.00125707
 837 -1 -0.991876 0.0012556
 838 -1 -0.991885 0.00125414
 839 -1 -0.991895 0.00125268
 840 -1 -0.991905 0.00125123
 841 -1 -0.991914 0.00124978
 842 -1 -0.991924 0.00124833
 843 -1 -0.991934 0.00124688
 844 -1 -0.991943 0.00124544
 845 -1 -0.991953 0.001244
 846 -1 -0.991962 0.00124257
 847 -1 -0.991972 0.00124114
 848 -1 -0.991981 0.00123971
 849 -1 -0.991991 0.00123828
 850 -1 -0.992 0.00123686
 851 -1 -0.992009 0.00123544
 852 -1 -0.992019 0.00123403
 853 -1 -0.992028 0.00123262
 854 -1 -0.992037 0.00123121
 855 -1 -0.992047 0.0012298
 856 -1 -0.992056 0.0012284
 857 -1 -0.992065 0.001227
 858 -1 -0.992075 0.0012256
 859 -1 -0.992084 0.00122421
 860 -1 -0.992093 0.00122282
 861 -1 -0.992102 0.00122144
 862 -1 -0.992111 0.00122005
 863 -1 -0.992121 0.00121867
 864 -1 -0.99213 0.00121729
 865 -1 -0.992139 0.00121592
 866 -1 -0.992148 0.00121455
 867 -1 -0.992157 0.00121318
 868 -1 -0.992166 0.00121182
 869 -1 -0.992175 0.00121045
 870 -1 -0.992184 0.0012091
 871 -1 -0.992193 0.00120774
 872 -1 -0.992202 0.00120639
 873 -1 -0.992211 0.00120504
 874 -1 -0.99222 0.00120369
 875 -1 -0.992229 0.00120235
 876 -1 -0.992237 0.00120101
 877 -1 -0.992246 0.00119967
 878 -1 -0.992255 0.00119834
 879 -1 -0.992264 0.001197
 880 -1 -0.992273 0.00119568
 881 -1 -0.992281 0.00119435
 882 -1 -0.99229 0.00119303
 883 -1 -0.992299 0.00119171
 884 -1 -0.992308 0.00119039
 885 -1 -0.992316 0.00118908
 886 -1 -0.992325 0.00118776
 887 -1 -0.992334 0.00118646
 888 -1 -0.992342 0.00118515
 889 -1 -0.992351 0.00118385
 890 -1 -0.99236 0.00118255
 891 -1 -0.992368 0.00118125
 892 -1 -0.992377 0.00117996
 893 -1 -0.992385 0.00117867
 894 -1 -0.992394 0.00117738
 895 -1 -0.992402 0.00117609
 896 -1 -0.992411 0.00117481
 897 -1 -0.992419 0.00117353
 898 -1 -0.992428 0.00117225
 899 -1 -0.992436 0.00117098
 900 -1 -0.992444 0.00116971
 901 -1 -0.992453 0.00116844
 902 -1 -0.992461 0.00116717
 903 -1 -0.99247 0.00116591
 904 -1 -0.992478 0.00116465
 905 -1 -0.992486 0.00116339
 906 -1 -0.992494 0.00116213
 907 -1 -0.992503 0.00116088
 908 -1 -0.992511 0.00115963
 909 -1 -0.992519 0.00115839
 910 -1 -0.992527 0.00115714
 911 -1 -0.992536 0.0011559
 912 -1 -0.992544 0.00115466
 913 -1 -0.992552 0.00115342
 914 -1 -0.99256 0.00115219
 915 -1 -0.992568 0.00115096
 916 -1 -0.992576 0.00114973
 917 -1 -0.992585 0.0011485
 918 -1 -0.992593 0.00114728
 919 -1 -0.992601 0.00114606
 920 -1 -0.992609 0.00114484
 921 -1 -0.992617 0.00114363
 922 -1 -0.992625 0.00114241
 923 -1 -0.992633 0.0011412
 924 -1 -0.992641 0.00113999
 925 -1 -0.992649 0.00113879
 926 -1 -0.992657 0.00113759
 927 -1 -0.992665 0.00113639
 928 -1 -0.992672 0.00113519
 929 -1 -0.99268 0.00113399
 930 -1 -0.992688 0.0011328
 931 -1 -0.992696 0.00113161
 932 -1 -0.992704 0.00113042
 933 -1 -0.992712 0.00112924
 934 -1 -0.992719 0.00112806
 935 -1 -0.992727 0.00112688
 936 -1 -0.992735 0.0011257
 937 -1 -0.992743 0.00112452
 938 -1 -0.992751 0.00112335
 939 -1 -0.992758 0.00112218
 940 -1 -0.992766 0.00112101
 941 -1 -0.992774 0.00111985
 942 -1 -0.992781 0.00111868
 943 -1 -0.992789 0.00111752
 944 -1 -0.992797 0.00111636
 945 -1 -0.992804 0.00111521
 946 -1 -0.992812 0.00111405
 947 -1 -0.992819 0.0011129
 948 -1 -0.992827 0.00111175
 949 -1 -0.992835 0.00111061
 950 -1 -0.992842 0.00110946
 951 -1 -0.99285 0.00110832
 952 -1 -0.992857 0.00110718
 953 -1 -0.992865 0.00110605
 954 -1 -0.992872 0.00110491
 955 -1 -0.99288 0.00110378
 956 -1 -0.992887 0.00110265
 957 -1 -0.992894 0.00110152
 958 -1 -0.992902 0.0011004
 959 -1 -0.992909 0.00109927
 960 -1 -0.992917 0.00109815
 961 -1 -0.992924 0.00109703
 962 -1 -0.992931 0.00109592
 963 -1 -0.992939 0.0010948
 964 -1 -0.992946 0.00109369
 965 -1 -0.992953 0.00109258
 966 -1 -0.992961 0.00109147
 967 -1 -0.992968 0.00109037
 968 -1 -0.992975 0.00108927
 969 -1 -0.992982 0.00108817
 970 -1 -0.99299 0.00108707
 971 -1 -0.992997 0.00108597
 972 -1 -0.993004 0.00108488
 973 -1 -0.993011 0.00108379
 974 -1 -0.993018 0.0010827
 975 -1 -0.993026 0.00108161
 976 -1 -0.993033 0.00108052
 977 -1 -0.99304 0.00107944
 978 -1 -0.993047 0.00107836
 979 -1 -0.993054 0.00107728
 980 -1 -0.993061 0.0010762
 981 -1 -0.993068 0.00107513
 982 -1 -0.993075 0.00107406
 983 -1 -0.993082 0.00107299
 984 -1 -0.993089 0.00107192
 985 -1 -0.993096 0.00107085
 986 -1 -0.993103 0.00106979
 987 -1 -0.99311 0.00106873
 988 -1 -0.993117 0.00106767
 989 -1 -0.993124 0.00106661
 990 -1 -0.993131 0.00106556
 991 -1 -0.993138 0.0010645
 992 -1 -0.993145 0.00106345
 993 -1 -0.993152 0.0010624
 994 -1 -0.993159 0.00106136
 995 -1 -0.993166 0.00106031
 996 -1 -0.993173 0.00105927
 997 -1 -0.99318 0.00105823
 998 -1 -0.993186 0.00105719
 999 -1 -0.993193 0.00105615
 1000 -1 -0.9932 0.00105512
 1001 -1 -0.993207 0.00105408
 1002 -1 -0.993214 0.00105305
 1003 -1 -0.99322 0.00105203
 1004 -1 -0.993227 0.001051
 1005 -1 -0.993234 0.00104997
 1006 -1 -0.993241 0.00104895
 1007 -1 -0.993247 0.00104793
 1008 -1 -0.993254 0.00104691
 1009 -1 -0.993261 0.0010459
 1010 -1 -0.993267 0.00104488
 1011 -1 -0.993274 0.00104387
 1012 -1 -0.993281 0.00104286
 1013 -1 -0.993287 0.00104185
 1014 -1 -0.993294 0.00104084
 1015 -1 -0.9933 0.00103984
 1016 -1 -0.993307 0.00103883
 1017 -1 -0.993314 0.00103783
 1018 -1 -0.99332 0.00103683
 1019 -1 -0.993327 0.00103584
 1020 -1 -0.993333 0.00103484
 1021 -1 -0.99334 0.00103385
 1022 -1 -0.993346 0.00103286
 1023 -1 -0.993353 0.00103187
 1024 -1 -0.993359 0.00103088
 1025 -1 -0.993366 0.00102989
 1026 -1 -0.993372 0.00102891
 1027 -1 -0.993379 0.00102793
 1028 -1 -0.993385 0.00102695
 1029 -1 -0.993392 0.00102597
 1030 -1 -0.993398 0.00102499
 1031 -1 -0.993404 0.00102402
 1032 -1 -0.993411 0.00102304
 1033 -1 -0.993417 0.00102207
 1034 -1 -0.993424 0.0010211
 1035 -1 -0.99343 0.00102014
 1036 -1 -0.993436 0.00101917
 1037 -1 -0.993443 0.00101821
 1038 -1 -0.993449 0.00101725
 1039 -1 -0.993455 0.00101629
 1040 -1 -0.993462 0.00101533
 1041 -1 -0.993468 0.00101437
 1042 -1 -0.993474 0.00101342
 1043 -1 -0.99348 0.00101246
 1044 -1 -0.993487 0.00101151
 1045 -1 -0.993493 0.00101056
 1046 -1 -0.993499 0.00100962
 1047 -1 -0.993505 0.00100867
 1048 -1 -0.993511 0.00100773
 1049 -1 -0.993518 0.00100678
 1050 -1 -0.993524 0.00100584
 1051 -1 -0.99353 0.00100491
 1052 -1 -0.993536 0.00100397
 1053 -1 -0.993542 0.00100303
 1054 -1 -0.993548 0.0010021
 1055 -1 -0.993555 0.00100117
 1056 -1 -0.993561 0.00100024
 1057 -1 -0.993567 0.000999311
 1058 -1 -0.993573 0.000998384
 1059 -1 -0.993579 0.000997459
 1060 -1 -0.993585 0.000996536
 1061 -1 -0.993591 0.000995615
 1062 -1 -0.993597 0.000994695
 1063 -1 -0.993603 0.000993777
 1064 -1 -0.993609 0.000992861
 1065 -1 -0.993615 0.000991947
 1066 -1 -0.993621 0.000991034
 1067 -1 -0.993627 0.000990123
 1068 -1 -0.993633 0.000989213
 1069 -1 -0.993639 0.000988305
 1070 -1 -0.993645 0.000987399
 1071 -1 -0.993651 0.000986495
 1072 -1 -0.993657 0.000985592
 1073 -1 -0.993663 0.00098469
 1074 -1 -0.993669 0.000983791
 1075 -1 -0.993674 0.000982893
 1076 -1 -0.99368 0.000981997
 1077 -0.92 -0.993612 0.000983467
 1078 -1 -0.993618 0.000982572
 1079 -1 -0.993624 0.000981679
 1080 -1 -0.99363 0.000980787
 1081 -1 -0.993636 0.000979897
 1082 -1 -0.993641 0.000979009
 1083 -1 -0.993647 0.000978122
 1084 -1 -0.993653 0.000977237
 1085 -1 -0.993659 0.000976353
 1086 -1 -0.993665 0.000975471
 1087 -1 -0.993671 0.000974591
 1088 -1 -0.993676 0.000973712
 1089 -1 -0.993682 0.000972835
 1090 -1 -0.993688 0.000971959
 1091 -1 -0.993694 0.000971085
 1092 -1 -0.9937 0.000970213
 1093 -1 -0.993705 0.000969342
 1094 -1 -0.993711 0.000968472
 1095 -1 -0.993717 0.000967605
 1096 -1 -0.993723 0.000966738
 1097 -1 -0.993728 0.000965874
 1098 -1 -0.993734 0.00096501
 1099 -1 -0.99374 0.000964149
 1100 -1 -0.993745 0.000963289
 1101 -1 -0.993751 0.00096243
 1102 -1 -0.993757 0.000961573
 1103 -1 -0.993762 0.000960718
 1104 -1 -0.993768 0.000959864
 1105 -1 -0.993774 0.000959011
 1106 -1 -0.993779 0.00095816
 1107 -1 -0.993785 0.000957311
 1108 -1 -0.993791 0.000956463
 1109 -1 -0.993796 0.000955616
 1110 -1 -0.993802 0.000954771
 1111 -1 -0.993807 0.000953928
 1112 -1 -0.993813 0.000953086
 1113 -1 -0.993819 0.000952246
 1114 -1 -0.993824 0.000951407
 1115 -1 -0.99383 0.000950569
 1116 -1 -0.993835 0.000949733
 1117 -1 -0.993841 0.000948898
 1118 -1 -0.993846 0.000948065
 1119 -1 -0.993852 0.000947234
 1120 -1 -0.993857 0.000946403
 1121 -1 -0.993863 0.000945575
 1122 -1 -0.993868 0.000944747
 1123 -1 -0.993874 0.000943922
 1124 -1 -0.993879 0.000943097
 1125 -1 -0.993884 0.000942274
 1126 -1 -0.99389 0.000941453
 1127 -1 -0.993895 0.000940632
 1128 -1 -0.993901 0.000939814
 1129 -1 -0.993906 0.000938997
 1130 -1 -0.993912 0.000938181
 1131 -1 -0.993917 0.000937366
 1132 -1 -0.993922 0.000936553
 1133 -1 -0.993928 0.000935742
 1134 -1 -0.993933 0.000934931
 1135 -1 -0.993938 0.000934123
 1136 -1 -0.993944 0.000933315
 1137 -1 -0.993949 0.000932509
 1138 -1 -0.993954 0.000931705
 1139 -1 -0.99396 0.000930901
 1140 -1 -0.993965 0.0009301
 1141 -1 -0.99397 0.000929299
 1142 -1 -0.993975 0.0009285
 1143 -1 -0.993981 0.000927702
 1144 -0.92 -0.993916 0.000929144
 1145 -0.92 -0.993852 0.000930574
 1146 -0.92 -0.993787 0.000931993
 1147 -1 -0.993793 0.000931195
 1148 -1 -0.993798 0.0009304
 1149 -1 -0.993803 0.000929605
 1150 -1 -0.993809 0.000928812
 1151 -0.92 -0.993745 0.000930218
 1152 -0.92 -0.993681 0.000931612
 1153 -0.92 -0.993617 0.000932994
 1154 -0.92 -0.993553 0.000934366
 1155 -0.92 -0.993489 0.000935726
 1156 -0.92 -0.993426 0.000937075
 1157 -0.92 -0.993362 0.000938413
 1158 -0.92 -0.993299 0.00093974
 1159 -0.92 -0.993236 0.000941057
 1160 -0.92 -0.993172 0.000942362
 1161 -0.92 -0.993109 0.000943657
 1162 -0.92 -0.993046 0.000944942
 1163 -0.92 -0.992984 0.000946216
 1164 -0.92 -0.992921 0.000947479
 1165 -0.92 -0.992858 0.000948733
 1166 -0.92 -0.992796 0.000949976
 1167 -0.92 -0.992734 0.000951209
 1168 -0.92 -0.992671 0.000952432
 1169 -0.92 -0.992609 0.000953646
 1170 -0.92 -0.992547 0.000954849
 1171 -0.92 -0.992485 0.000956043
 1172 -1 -0.992491 0.000955248
 1173 -1 -0.992498 0.000954455
 1174 -1 -0.992504 0.000953663
 1175 -1 -0.992511 0.000952872
 1176 -1 -0.992517 0.000952083
 1177 -1 -0.992523 0.000951295
 1178 -1 -0.99253 0.000950508
 1179 -1 -0.992536 0.000949723
 1180 -1 -0.992542 0.000948939
 1181 -1 -0.992549 0.000948156
 1182 -1 -0.992555 0.000947375
 1183 -1 -0.992561 0.000946594
 1184 -1 -0.992568 0.000945815
 1185 -1 -0.992574 0.000945038
 1186 -1 -0.99258 0.000944261
 1187 -1 -0.992586 0.000943486
 1188 -1 -0.992593 0.000942712
 1189 -1 -0.992599 0.00094194
 1190 -1 -0.992605 0.000941168
 1191 -1 -0.992611 0.000940398
 1192 -1 -0.992617 0.00093963
 1193 -1 -0.992624 0.000938862
 1194 -1 -0.99263 0.000938096
 1195 -1 -0.992636 0.000937331
 1196 -1 -0.992642 0.000936567
 1197 -1 -0.992648 0.000935804
 1198 -1 -0.992654 0.000935043
 1199 -1 -0.992661 0.000934283
 1200 -1 -0.992667 0.000933524
 1201 -1 -0.992673 0.000932766
 1202 -1 -0.992679 0.00093201
 1203 -0.92 -0.992618 0.000933193
 1204 -0.92 -0.992558 0.000934366
 1205 -0.92 -0.992498 0.00093553
 1206 -0.92 -0.992438 0.000936685
 1207 -0.92 -0.992378 0.000937831
 1208 -0.92 -0.992318 0.000938968
 1209 -0.92 -0.992258 0.000940096
 1210 -0.84 -0.992132 0.000947709
 1211 -0.84 -0.992007 0.000955223
 1212 -0.84 -0.991881 0.00096264
 1213 -0.92 -0.991822 0.00096367
 1214 -0.92 -0.991763 0.000964691
 1215 -0.92 -0.991704 0.000965705
 1216 -0.92 -0.991645 0.00096671
 1217 -0.92 -0.991586 0.000967708
 1218 -0.92 -0.991527 0.000968698
 1219 -0.92 -0.991468 0.00096968
 1220 -0.92 -0.99141 0.000970654
 1221 -0.92 -0.991351 0.00097162
 1222 -0.92 -0.991293 0.000972579
 1223 -0.92 -0.991235 0.000973531
 1224 -0.92 -0.991176 0.000974474
 1225 -0.92 -0.991118 0.000975411
 1226 -0.92 -0.99106 0.000976339
 1227 -0.92 -0.991002 0.000977261
 1228 -0.92 -0.990945 0.000978175
 1229 -0.92 -0.990887 0.000979082
 1230 -0.92 -0.990829 0.000979982
 1231 -0.92 -0.990772 0.000980874
 1232 -0.92 -0.990714 0.00098176
 1233 -0.92 -0.990657 0.000982639
 1234 -0.92 -0.9906 0.00098351
 1235 -0.92 -0.990543 0.000984375
 1236 -0.92 -0.990485 0.000985232
 1237 -0.92 -0.990428 0.000986083
 1238 -0.92 -0.990372 0.000986927
 1239 -0.92 -0.990315 0.000987765
 1240 -0.92 -0.990258 0.000988596
 1241 -0.92 -0.990201 0.00098942
 1242 -0.92 -0.990145 0.000990237
 1243 -0.92 -0.990088 0.000991048
 1244 -0.92 -0.990032 0.000991853
 1245 -0.92 -0.989976 0.000992651
 1246 -0.92 -0.98992 0.000993443
 1247 -0.84 -0.9898 0.0009999
 1248 -0.84 -0.989679 0.00100628
 1249 -0.92 -0.989624 0.00100702
 1250 -0.92 -0.989568 0.00100776
 1251 -1 -0.989576 0.00100699
 1252 -1 -0.989585 0.00100622
 1253 -1 -0.989593 0.00100545
 1254 -1 -0.989601 0.00100468
 1255 -1 -0.98961 0.00100391
 1256 -1 -0.989618 0.00100315
 1257 -1 -0.989626 0.00100238
 1258 -1 -0.989634 0.00100162
 1259 -1 -0.989643 0.00100086
 1260 -1 -0.989651 0.0010001
 1261 -1 -0.989659 0.000999337
 1262 -1 -0.989667 0.000998578
 1263 -0.92 -0.989612 0.000999311
 1264 -0.92 -0.989557 0.00100004
 1265 -0.92 -0.989502 0.00100076
 1266 -0.92 -0.989447 0.00100147
 1267 -1 -0.989455 0.00100072
 1268 -1 -0.989464 0.000999962
 1269 -1 -0.989472 0.000999209
 1270 -1 -0.98948 0.000998456
 1271 -1 -0.989489 0.000997704
 1272 -1 -0.989497 0.000996954
 1273 -1 -0.989505 0.000996205
 1274 -1 -0.989513 0.000995457
 1275 -1 -0.989522 0.000994709
 1276 -1 -0.98953 0.000993964
 1277 -1 -0.989538 0.000993219
 1278 -1 -0.989546 0.000992475
 1279 -1 -0.989554 0.000991732
 1280 -1 -0.989563 0.000990991
 1281 -1 -0.989571 0.000990251
 1282 -1 -0.989579 0.000989511
 1283 -1 -0.989587 0.000988773
 1284 -1 -0.989595 0.000988036
 1285 -1 -0.989603 0.0009873
 1286 -1 -0.989611 0.000986565
 1287 -1 -0.989619 0.000985831
 1288 -1 -0.989627 0.000985099
 1289 -1 -0.989635 0.000984367
 1290 -1 -0.989643 0.000983636
 1291 -1 -0.989651 0.000982907
 1292 -1 -0.989659 0.000982178
 1293 -1 -0.989667 0.000981451
 1294 -1 -0.989675 0.000980725
 1295 -1 -0.989683 0.00098
 1296 -1 -0.989691 0.000979276
 1297 -1 -0.989699 0.000978553
 1298 -1 -0.989707 0.000977831
 1299 -1 -0.989715 0.00097711
 1300 -1 -0.989723 0.00097639
 1301 -1 -0.989731 0.000975671
 1302 -1 -0.989739 0.000974953
 1303 -1 -0.989747 0.000974237
 1304 -1 -0.989755 0.000973521
 1305 -1 -0.989762 0.000972806
 1306 -1 -0.98977 0.000972093
 1307 -1 -0.989778 0.00097138
 1308 -1 -0.989786 0.000970669
 1309 -1 -0.989794 0.000969958
 1310 -1 -0.989802 0.000969249
 1311 -1 -0.989809 0.000968541
 1312 -1 -0.989817 0.000967833
 1313 -1 -0.989825 0.000967127
 1314 -1 -0.989833 0.000966422
 1315 -1 -0.98984 0.000965717
 1316 -1 -0.989848 0.000965014
 1317 -1 -0.989856 0.000964312
 1318 -1 -0.989863 0.000963611
 1319 -1 -0.989871 0.000962911
 1320 -1 -0.989879 0.000962211
 1321 -1 -0.989886 0.000961513
 1322 -1 -0.989894 0.000960816
 1323 -1 -0.989902 0.00096012
 1324 -1 -0.989909 0.000959425
 1325 -1 -0.989917 0.000958731
 1326 -1 -0.989925 0.000958038
 1327 -1 -0.989932 0.000957346
 1328 -1 -0.98994 0.000956654
 1329 -0.92 -0.989887 0.000957382
 1330 -1 -0.989895 0.000956692
 1331 -1 -0.989902 0.000956003
 1332 -1 -0.98991 0.000955315
 1333 -1 -0.989917 0.000954628
 1334 -1 -0.989925 0.000953942
 1335 -1 -0.989933 0.000953257
 1336 -1 -0.98994 0.000952573
 1337 -1 -0.989948 0.00095189
 1338 -1 -0.989955 0.000951208
 1339 -1 -0.989963 0.000950527
 1340 -1 -0.98997 0.000949847
 1341 -1 -0.989978 0.000949168
 1342 -1 -0.989985 0.00094849
 1343 -1 -0.989993 0.000947813
 1344 -1 -0.99 0.000947137
 1345 -1 -0.990007 0.000946461
 1346 -1 -0.990015 0.000945787
 1347 -1 -0.990022 0.000945114
 1348 -1 -0.99003 0.000944441
 1349 -1 -0.990037 0.00094377
 1350 -1 -0.990044 0.000943099
 1351 -1 -0.990052 0.00094243
 1352 -1 -0.990059 0.000941761
 1353 -1 -0.990067 0.000941094
 1354 -1 -0.990074 0.000940427
 1355 -1 -0.990081 0.000939761
 1356 -1 -0.990088 0.000939096
 1357 -1 -0.990096 0.000938433
 1358 -1 -0.990103 0.00093777
 1359 -1 -0.99011 0.000937108
 1360 -1 -0.990118 0.000936447
 1361 -1 -0.990125 0.000935786
 1362 -1 -0.990132 0.000935127
 1363 -1 -0.990139 0.000934469
 1364 -0.92 -0.990088 0.000935198
 1365 -0.92 -0.990037 0.000935923
 1366 -0.92 -0.989985 0.000936641
 1367 -0.92 -0.989934 0.000937355
 1368 -1 -0.989942 0.000936699
 1369 -1 -0.989949 0.000936043
 1370 -1 -0.989956 0.000935388
 1371 -1 -0.989964 0.000934734
 1372 -1 -0.989971 0.000934082
 1373 -1 -0.989978 0.00093343
 1374 -1 -0.989985 0.000932779
 1375 -1 -0.989993 0.000932128
 1376 -1 -0.99 0.000931479
 1377 -1 -0.990007 0.000930831
 1378 -1 -0.990015 0.000930183
 1379 -1 -0.990022 0.000929537
 1380 -1 -0.990029 0.000928891
 1381 -1 -0.990036 0.000928246
 1382 -1 -0.990043 0.000927602
 1383 -1 -0.990051 0.000926959
 1384 -1 -0.990058 0.000926317
 1385 -1 -0.990065 0.000925676
 1386 -1 -0.990072 0.000925036
 1387 -1 -0.990079 0.000924396
 1388 -1 -0.990086 0.000923758
 1389 -1 -0.990094 0.00092312
 1390 -1 -0.990101 0.000922483
 1391 -1 -0.990108 0.000921847
 1392 -1 -0.990115 0.000921212
 1393 -1 -0.990122 0.000920578
 1394 -1 -0.990129 0.000919944
 1395 -1 -0.990136 0.000919312
 1396 -1 -0.990143 0.00091868
 1397 -1 -0.99015 0.00091805
 1398 -1 -0.990157 0.00091742
 1399 -1 -0.990164 0.000916791
 1400 -1 -0.990171 0.000916163
 1401 -1 -0.990178 0.000915535
 1402 -1 -0.990185 0.000914909
 1403 -1 -0.990192 0.000914283
 1404 -1 -0.990199 0.000913659
 1405 -1 -0.990206 0.000913035
 1406 -1 -0.990213 0.000912412
 1407 -1 -0.99022 0.00091179
 1408 -1 -0.990227 0.000911168
 1409 -1 -0.990234 0.000910548
 1410 -1 -0.990241 0.000909928
 1411 -1 -0.990248 0.000909309
 1412 -1 -0.990255 0.000908691
 1413 -1 -0.990262 0.000908074
 1414 -1 -0.990269 0.000907458
 1415 -1 -0.990276 0.000906842
 1416 -1 -0.990282 0.000906228
 1417 -1 -0.990289 0.000905614
 1418 -1 -0.990296 0.000905001
 1419 -1 -0.990303 0.000904389
 1420 -1 -0.99031 0.000903778
 1421 -1 -0.990317 0.000903167
 1422 -1 -0.990323 0.000902557
 1423 -1 -0.99033 0.000901949
 1424 -1 -0.990337 0.000901341
 1425 -1 -0.990344 0.000900733
 1426 -1 -0.990351 0.000900127
 1427 -1 -0.990357 0.000899521
 1428 -1 -0.990364 0.000898917
 1429 -1 -0.990371 0.000898313
 1430 -1 -0.990378 0.000897709
 1431 -1 -0.990384 0.000897107
 1432 -1 -0.990391 0.000896506
 1433 -1 -0.990398 0.000895905
 1434 -1 -0.990404 0.000895305
 1435 -1 -0.990411 0.000894706
 1436 -1 -0.990418 0.000894107
 1437 -1 -0.990424 0.00089351
 1438 -1 -0.990431 0.000892913
 1439 -1 -0.990438 0.000892317
 1440 -0.92 -0.990389 0.000893038
 1441 -1 -0.990396 0.000892443
 1442 -1 -0.990402 0.000891849
 1443 -1 -0.990409 0.000891255
 1444 -1 -0.990416 0.000890663
 1445 -1 -0.990422 0.000890071
 1446 -1 -0.990429 0.00088948
 1447 -1 -0.990435 0.000888889
 1448 -1 -0.990442 0.0008883
 1449 -1 -0.990449 0.000887711
 1450 -1 -0.990455 0.000887123
 1451 -1 -0.990462 0.000886536
 1452 -1 -0.990468 0.000885949
 1453 -1 -0.990475 0.000885364
 1454 -1 -0.990481 0.000884779
 1455 -0.92 -0.990433 0.000885497
 1456 -1 -0.99044 0.000884913
 1457 -1 -0.990446 0.000884329
 1458 -1 -0.990453 0.000883747
 1459 -1 -0.990459 0.000883165
 1460 -1 -0.990466 0.000882584
 1461 -1 -0.990472 0.000882004
 1462 -1 -0.990479 0.000881425
 1463 -1 -0.990485 0.000880846
 1464 -1 -0.990492 0.000880268
 1465 -1 -0.990498 0.000879691
 1466 -1 -0.990505 0.000879115
 1467 -1 -0.990511 0.000878539
 1468 -1 -0.990518 0.000877964
 1469 -1 -0.990524 0.00087739
 1470 -1 -0.990531 0.000876817
 1471 -1 -0.990537 0.000876244
 1472 -1 -0.990543 0.000875672
 1473 -1 -0.99055 0.000875101
 1474 -1 -0.990556 0.000874531
 1475 -1 -0.990563 0.000873961
 1476 -1 -0.990569 0.000873392
 1477 -1 -0.990575 0.000872824
 1478 -1 -0.990582 0.000872257
 1479 -1 -0.990588 0.00087169
 1480 -1 -0.990595 0.000871124
 1481 -1 -0.990601 0.000870559
 1482 -1 -0.990607 0.000869994
 1483 -1 -0.990614 0.00086943
 1484 -1 -0.99062 0.000868867
 1485 -1 -0.990626 0.000868305
 1486 -1 -0.990633 0.000867743
 1487 -1 -0.990639 0.000867183
 1488 -1 -0.990645 0.000866622
 1489 -1 -0.990651 0.000866063
 1490 -1 -0.990658 0.000865504
 1491 -1 -0.990664 0.000864946
 1492 -1 -0.99067 0.000864389
 1493 -1 -0.990676 0.000863832
 1494 -1 -0.990683 0.000863277
 1495 -1 -0.990689 0.000862721
 1496 -1 -0.990695 0.000862167
 1497 -1 -0.990701 0.000861613
 1498 -1 -0.990708 0.00086106
 1499 -1 -0.990714 0.000860508
 1500 -1 -0.99072 0.000859957
 1501 -1 -0.990726 0.000859406
 1502 -1 -0.990732 0.000858855
 1503 -1 -0.990739 0.000858306
 1504 -1 -0.990745 0.000857757
 1505 -1 -0.990751 0.000857209
 1506 -1 -0.990757 0.000856662
 1507 -1 -0.990763 0.000856115
 1508 -1 -0.990769 0.000855569
 1509 -1 -0.990775 0.000855024
 1510 -1 -0.990781 0.000854479
 1511 -1 -0.990788 0.000853935
 1512 -1 -0.990794 0.000853392
 1513 -1 -0.9908 0.00085285
 1514 -1 -0.990806 0.000852308
 1515 -1 -0.990812 0.000851767
 1516 -1 -0.990818 0.000851226
 1517 -1 -0.990824 0.000850686
 1518 -1 -0.99083 0.000850147
 1519 -1 -0.990836 0.000849609
 1520 -1 -0.990842 0.000849071
 1521 -1 -0.990848 0.000848534
 1522 -1 -0.990854 0.000847998
 1523 -1 -0.99086 0.000847462
 1524 -1 -0.990866 0.000846927
 1525 -1 -0.990872 0.000846393
 1526 -1 -0.990878 0.000845859
 1527 -1 -0.990884 0.000845326
 1528 -1 -0.99089 0.000844794
 1529 -1 -0.990896 0.000844262
 1530 -1 -0.990902 0.000843731
 1531 -1 -0.990908 0.000843201
 1532 -1 -0.990914 0.000842671
 1533 -1 -0.99092 0.000842142
 1534 -1 -0.990926 0.000841614
 1535 -1 -0.990932 0.000841086
 1536 -1 -0.990938 0.000840559
 1537 -1 -0.990943 0.000840033
 1538 -1 -0.990949 0.000839507
 1539 -1 -0.990955 0.000838982
 1540 -1 -0.990961 0.000838457
 1541 -1 -0.990967 0.000837934
 1542 -1 -0.990973 0.000837411
 1543 -1 -0.990979 0.000836888
 1544 -1 -0.990984 0.000836366
 1545 -1 -0.99099 0.000835845
 1546 -1 -0.990996 0.000835325
 1547 -1 -0.991002 0.000834805
 1548 -1 -0.991008 0.000834286
 1549 -1 -0.991014 0.000833767
 1550 -1 -0.991019 0.000833249
 1551 -1 -0.991025 0.000832732
 1552 -1 -0.991031 0.000832215
 1553 -1 -0.991037 0.000831699
 1554 -1 -0.991042 0.000831184
 1555 -1 -0.991048 0.000830669
 1556 -1 -0.991054 0.000830155
 1557 -1 -0.99106 0.000829642
 1558 -1 -0.991065 0.000829129
 1559 -1 -0.991071 0.000828617
 1560 -1 -0.991077 0.000828105
 1561 -1 -0.991083 0.000827594
 1562 -1 -0.991088 0.000827084
 1563 -1 -0.991094 0.000826574
 1564 -1 -0.9911 0.000826065
 1565 -1 -0.991105 0.000825557
 1566 -1 -0.991111 0.000825049
 1567 -1 -0.991117 0.000824542
 1568 -1 -0.991122 0.000824035
 1569 -1 -0.991128 0.000823529
 1570 -1 -0.991134 0.000823024
 1571 -1 -0.991139 0.000822519
 1572 -1 -0.991145 0.000822015
 1573 -1 -0.991151 0.000821512
 1574 -1 -0.991156 0.000821009
 1575 -1 -0.991162 0.000820507
 1576 -1 -0.991168 0.000820005
 1577 -1 -0.991173 0.000819504
 1578 -1 -0.991179 0.000819004
 1579 -1 -0.991184 0.000818504
 1580 -1 -0.99119 0.000818005
 1581 -1 -0.991195 0.000817506
 1582 -1 -0.991201 0.000817008
 1583 -1 -0.991207 0.000816511
 1584 -1 -0.991212 0.000816014
 1585 -1 -0.991218 0.000815518
 1586 -1 -0.991223 0.000815022
 1587 -1 -0.991229 0.000814527
 1588 -1 -0.991234 0.000814033
 1589 -1 -0.99124 0.000813539
 1590 -1 -0.991245 0.000813046
 1591 -1 -0.991251 0.000812554
 1592 -1 -0.991256 0.000812062
 1593 -1 -0.991262 0.00081157
 1594 -1 -0.991267 0.000811079
 1595 -1 -0.991273 0.000810589
 1596 -1 -0.991278 0.0008101
 1597 -1 -0.991284 0.000809611
 1598 -1 -0.991289 0.000809122
 1599 -1 -0.991295 0.000808634
 1600 -1 -0.9913 0.000808147
 1601 -1 -0.991305 0.000807661
 1602 -1 -0.991311 0.000807175
 1603 -1 -0.991316 0.000806689
 1604 -1 -0.991322 0.000806204
 1605 -1 -0.991327 0.00080572
 1606 -1 -0.991333 0.000805236
 1607 -1 -0.991338 0.000804753
 1608 -1 -0.991343 0.00080427
 1609 -1 -0.991349 0.000803788
 1610 -1 -0.991354 0.000803307
 1611 -1 -0.991359 0.000802826
 1612 -1 -0.991365 0.000802346
 1613 -1 -0.99137 0.000801866
 1614 -1 -0.991375 0.000801387
 1615 -1 -0.991381 0.000800908
 1616 -1 -0.991386 0.00080043
 1617 -1 -0.991391 0.000799953
 1618 -1 -0.991397 0.000799476
 1619 -1 -0.991402 0.000799
 1620 -1 -0.991407 0.000798524
 1621 -1 -0.991413 0.000798049
 1622 -1 -0.991418 0.000797574
 1623 -1 -0.991423 0.0007971
 1624 -1 -0.991429 0.000796627
 1625 -1 -0.991434 0.000796154
 1626 -1 -0.991439 0.000795682
 1627 -1 -0.991444 0.00079521
 1628 -1 -0.99145 0.000794738
 1629 -1 -0.991455 0.000794268
 1630 -1 -0.99146 0.000793798
 1631 -1 -0.991465 0.000793328
 1632 -1 -0.991471 0.000792859
 1633 -1 -0.991476 0.000792391
 1634 -1 -0.991481 0.000791923
 1635 -1 -0.991486 0.000791455
 1636 -1 -0.991491 0.000790989
 1637 -1 -0.991497 0.000790522
 1638 -1 -0.991502 0.000790057
 1639 -1 -0.991507 0.000789591
 1640 -1 -0.991512 0.000789127
 1641 -1 -0.991517 0.000788663
 1642 -1 -0.991523 0.000788199
 1643 -1 -0.991528 0.000787736
 1644 -1 -0.991533 0.000787274
 1645 -1 -0.991538 0.000786812
 1646 -1 -0.991543 0.000786351
 1647 -1 -0.991548 0.00078589
 1648 -1 -0.991553 0.00078543
 1649 -1 -0.991559 0.00078497
 1650 -1 -0.991564 0.000784511
 1651 -1 -0.991569 0.000784052
 1652 -1 -0.991574 0.000783594
 1653 -1 -0.991579 0.000783136
 1654 -1 -0.991584 0.000782679
 1655 -1 -0.991589 0.000782223
 1656 -1 -0.991594 0.000781767
 1657 -1 -0.991599 0.000781311
 1658 -1 -0.991604 0.000780856
 1659 -1 -0.991609 0.000780402
 1660 -1 -0.991614 0.000779948
 1661 -1 -0.99162 0.000779495
 1662 -1 -0.991625 0.000779042
 1663 -1 -0.99163 0.000778589
 1664 -1 -0.991635 0.000778138
 1665 -1 -0.99164 0.000777686
 1666 -1 -0.991645 0.000777236
 1667 -1 -0.99165 0.000776785
 1668 -1 -0.991655 0.000776336
 1669 -1 -0.99166 0.000775887
 1670 -1 -0.991665 0.000775438
 1671 -1 -0.99167 0.00077499
 1672 -1 -0.991675 0.000774542
 1673 -1 -0.99168 0.000774095
 1674 -1 -0.991685 0.000773648
 1675 -1 -0.99169 0.000773202
 1676 -1 -0.991695 0.000772757
 1677 -1 -0.991699 0.000772312
 1678 -1 -0.991704 0.000771867
 1679 -1 -0.991709 0.000771423
 1680 -1 -0.991714 0.00077098
 1681 -1 -0.991719 0.000770537
 1682 -1 -0.991724 0.000770094
 1683 -1 -0.991729 0.000769652
 1684 -1 -0.991734 0.000769211
 1685 -1 -0.991739 0.00076877
 1686 -1 -0.991744 0.000768329
 1687 -1 -0.991749 0.000767889
 1688 -1 -0.991754 0.00076745
 1689 -1 -0.991758 0.000767011
 1690 -1 -0.991763 0.000766572
 1691 -1 -0.991768 0.000766134
 1692 -1 -0.991773 0.000765697
 1693 -1 -0.991778 0.00076526
 1694 -1 -0.991783 0.000764823
 1695 -1 -0.991788 0.000764387
 1696 -1 -0.991792 0.000763952
 1697 -1 -0.991797 0.000763517
 1698 -1 -0.991802 0.000763082
 1699 -1 -0.991807 0.000762648
 1700 -1 -0.991812 0.000762215
 1701 -1 -0.991817 0.000761782
 1702 -1 -0.991821 0.000761349
 1703 -1 -0.991826 0.000760917
 1704 -1 -0.991831 0.000760486
 1705 -1 -0.991836 0.000760055
 1706 -1 -0.991841 0.000759624
 1707 -1 -0.991845 0.000759194
 1708 -1 -0.99185 0.000758764
 1709 -1 -0.991855 0.000758335
 1710 -1 -0.99186 0.000757907
 1711 -1 -0.991864 0.000757478
 1712 -1 -0.991869 0.000757051
 1713 -1 -0.991874 0.000756624
 1714 -1 -0.991879 0.000756197
 1715 -1 -0.991883 0.000755771
 1716 -1 -0.991888 0.000755345
 1717 -1 -0.991893 0.00075492
 1718 -1 -0.991898 0.000754495
 1719 -1 -0.991902 0.000754071
 1720 -1 -0.991907 0.000753647
 1721 -1 -0.991912 0.000753223
 1722 -1 -0.991916 0.0007528
 1723 -1 -0.991921 0.000752378
 1724 -1 -0.991926 0.000751956
 1725 -1 -0.99193 0.000751535
 1726 -1 -0.991935 0.000751114
 1727 -1 -0.99194 0.000750693
 1728 -1 -0.991944 0.000750273
 1729 -1 -0.991949 0.000749854
 1730 -1 -0.991954 0.000749434
 1731 -1 -0.991958 0.000749016
 1732 -1 -0.991963 0.000748598
 1733 -1 -0.991968 0.00074818
 1734 -1 -0.991972 0.000747763
 1735 -1 -0.991977 0.000747346
 1736 -1 -0.991982 0.000746929
 1737 -1 -0.991986 0.000746514
 1738 -1 -0.991991 0.000746098
 1739 -1 -0.991995 0.000745683
 1740 -1 -0.992 0.000745269
 1741 -1 -0.992005 0.000744855
 1742 -1 -0.992009 0.000744441
 1743 -1 -0.992014 0.000744028
 1744 -1 -0.992018 0.000743615
 1745 -1 -0.992023 0.000743203
 1746 -1 -0.992027 0.000742792
 1747 -1 -0.992032 0.00074238
 1748 -1 -0.992037 0.000741969
 1749 -1 -0.992041 0.000741559
 1750 -1 -0.992046 0.000741149
 1751 -1 -0.99205 0.00074074
 1752 -1 -0.992055 0.000740331
 1753 -1 -0.992059 0.000739922
 1754 -1 -0.992064 0.000739514
 1755 -1 -0.992068 0.000739106
 1756 -1 -0.992073 0.000738699
 1757 -1 -0.992077 0.000738292
 1758 -1 -0.992082 0.000737886
 1759 -1 -0.992086 0.00073748
 1760 -1 -0.992091 0.000737075
 1761 -1 -0.992095 0.00073667
 1762 -1 -0.9921 0.000736265
 1763 -1 -0.992104 0.000735861
 1764 -1 -0.992109 0.000735457
 1765 -1 -0.992113 0.000735054
 1766 -1 -0.992118 0.000734652
 1767 -1 -0.992122 0.000734249
 1768 -1 -0.992127 0.000733847
 1769 -1 -0.992131 0.000733446
 1770 -1 -0.992136 0.000733045
 1771 -1 -0.99214 0.000732644
 1772 -1 -0.992144 0.000732244
 1773 -1 -0.992149 0.000731844
 1774 -1 -0.992153 0.000731445
 1775 -1 -0.992158 0.000731046
 1776 -1 -0.992162 0.000730648
 1777 -1 -0.992167 0.00073025
 1778 -1 -0.992171 0.000729852
 1779 -1 -0.992175 0.000729455
 1780 -1 -0.99218 0.000729059
 1781 -1 -0.992184 0.000728662
 1782 -1 -0.992189 0.000728267
 1783 -1 -0.992193 0.000727871
 1784 -1 -0.992197 0.000727476
 1785 -1 -0.992202 0.000727082
 1786 -1 -0.992206 0.000726688
 1787 -1 -0.99221 0.000726294
 1788 -1 -0.992215 0.000725901
 1789 -0.92 -0.992174 0.000726617
 1790 -0.92 -0.992134 0.000727329
 1791 -0.92 -0.992094 0.000728038
 1792 -0.92 -0.992054 0.000728743
 1793 -0.92 -0.992013 0.000729444
 1794 -0.92 -0.991973 0.000730142
 1795 -0.92 -0.991933 0.000730836
 1796 -0.92 -0.991893 0.000731526
 1797 -0.92 -0.991853 0.000732213
 1798 -0.92 -0.991813 0.000732896
 1799 -0.92 -0.991773 0.000733575
 1800 -1 -0.991778 0.000733182
 1801 -1 -0.991782 0.000732789
 1802 -1 -0.991787 0.000732396
 1803 -1 -0.991791 0.000732004
 1804 -1 -0.991796 0.000731612
 1805 -1 -0.991801 0.000731221
 1806 -1 -0.991805 0.00073083
 1807 -1 -0.99181 0.000730439
 1808 -1 -0.991814 0.000730049
 1809 -1 -0.991819 0.00072966
 1810 -1 -0.991823 0.00072927
 1811 -1 -0.991828 0.000728882
 1812 -1 -0.991832 0.000728493
 1813 -1 -0.991837 0.000728105
 1814 -1 -0.991841 0.000727718
 1815 -1 -0.991846 0.000727331
 1816 -1 -0.99185 0.000726944
 1817 -1 -0.991855 0.000726557
 1818 -1 -0.991859 0.000726171
 1819 -1 -0.991864 0.000725786
 1820 -1 -0.991868 0.000725401
 1821 -1 -0.991873 0.000725016
 1822 -1 -0.991877 0.000724632
 1823 -1 -0.991882 0.000724248
 1824 -1 -0.991886 0.000723864
 1825 -1 -0.99189 0.000723481
 1826 -1 -0.991895 0.000723099
 1827 -1 -0.991899 0.000722716
 1828 -1 -0.991904 0.000722335
 1829 -1 -0.991908 0.000721953
 1830 -1 -0.991913 0.000721572
 1831 -1 -0.991917 0.000721191
 1832 -1 -0.991921 0.000720811
 1833 -1 -0.991926 0.000720431
 1834 -1 -0.99193 0.000720052
 1835 -1 -0.991935 0.000719673
 1836 -1 -0.991939 0.000719294
 1837 -1 -0.991943 0.000718916
 1838 -1 -0.991948 0.000718538
 1839 -1 -0.991952 0.00071816
 1840 -1 -0.991957 0.000717783
 1841 -1 -0.991961 0.000717407
 1842 -1 -0.991965 0.00071703
 1843 -1 -0.99197 0.000716654
 1844 -1 -0.991974 0.000716279
 1845 -1 -0.991978 0.000715904
 1846 -1 -0.991983 0.000715529
 1847 -1 -0.991987 0.000715155
 1848 -1 -0.991991 0.000714781
 1849 -1 -0.991996 0.000714407
 1850 -1 -0.992 0.000714034
 1851 -1 -0.992004 0.000713661
 1852 -1 -0.992009 0.000713289
 1853 -1 -0.992013 0.000712917
 1854 -1 -0.992017 0.000712545
 1855 -1 -0.992022 0.000712174
 1856 -1 -0.992026 0.000711803
 1857 -1 -0.99203 0.000711433
 1858 -1 -0.992034 0.000711063
 1859 -1 -0.992039 0.000710693
 1860 -1 -0.992043 0.000710324
 1861 -1 -0.992047 0.000709955
 1862 -1 -0.992052 0.000709586
 1863 -1 -0.992056 0.000709218
 1864 -1 -0.99206 0.00070885
 1865 -1 -0.992064 0.000708483
 1866 -1 -0.992069 0.000708116
 1867 -1 -0.992073 0.000707749
 1868 -1 -0.992077 0.000707383
 1869 -1 -0.992081 0.000707017
 1870 -1 -0.992086 0.000706652
 1871 -1 -0.99209 0.000706287
 1872 -1 -0.992094 0.000705922
 1873 -1 -0.992098 0.000705557
 1874 -1 -0.992102 0.000705193
 1875 -1 -0.992107 0.00070483
 1876 -1 -0.992111 0.000704467
 1877 -1 -0.992115 0.000704104
 1878 -1 -0.992119 0.000703741
 1879 -1 -0.992123 0.000703379
 1880 -1 -0.992128 0.000703017
 1881 -1 -0.992132 0.000702656
 1882 -1 -0.992136 0.000702295
 1883 -1 -0.99214 0.000701934
 1884 -1 -0.992144 0.000701574
 1885 -1 -0.992149 0.000701214
 1886 -1 -0.992153 0.000700855
 1887 -1 -0.992157 0.000700495
 1888 -1 -0.992161 0.000700137
 1889 -1 -0.992165 0.000699778
 1890 -1 -0.992169 0.00069942
 1891 -1 -0.992173 0.000699062
 1892 -1 -0.992178 0.000698705
 1893 -1 -0.992182 0.000698348
 1894 -1 -0.992186 0.000697992
 1895 -1 -0.99219 0.000697635
 1896 -1 -0.992194 0.000697279
 1897 -1 -0.992198 0.000696924
 1898 -1 -0.992202 0.000696569
 1899 -1 -0.992206 0.000696214
 1900 -1 -0.992211 0.00069586
 1901 -1 -0.992215 0.000695505
 1902 -1 -0.992219 0.000695152
 1903 -1 -0.992223 0.000694798
 1904 -1 -0.992227 0.000694445
 1905 -1 -0.992231 0.000694093
 1906 -1 -0.992235 0.00069374
 1907 -1 -0.992239 0.000693389
 1908 -1 -0.992243 0.000693037
 1909 -1 -0.992247 0.000692686
 1910 -1 -0.992251 0.000692335
 1911 -1 -0.992255 0.000691984
 1912 -1 -0.992259 0.000691634
 1913 -1 -0.992263 0.000691284
 1914 -1 -0.992268 0.000690935
 1915 -1 -0.992272 0.000690586
 1916 -1 -0.992276 0.000690237
 1917 -1 -0.99228 0.000689889
 1918 -1 -0.992284 0.000689541
 1919 -1 -0.992288 0.000689193
 1920 -1 -0.992292 0.000688846
 1921 -1 -0.992296 0.000688499
 1922 -1 -0.9923 0.000688152
 1923 -1 -0.992304 0.000687806
 1924 -1 -0.992308 0.00068746
 1925 -1 -0.992312 0.000687114
 1926 -1 -0.992316 0.000686769
 1927 -1 -0.99232 0.000686424
 1928 -1 -0.992324 0.00068608
 1929 -1 -0.992328 0.000685735
 1930 -1 -0.992332 0.000685391
 1931 -1 -0.992336 0.000685048
 1932 -1 -0.99234 0.000684705
 1933 -1 -0.992344 0.000684362
 1934 -1 -0.992347 0.000684019
 1935 -1 -0.992351 0.000683677
 1936 -1 -0.992355 0.000683335
 1937 -1 -0.992359 0.000682994
 1938 -1 -0.992363 0.000682653
 1939 -1 -0.992367 0.000682312
 1940 -1 -0.992371 0.000681972
 1941 -1 -0.992375 0.000681632
 1942 -1 -0.992379 0.000681292
 1943 -1 -0.992383 0.000680952
 1944 -1 -0.992387 0.000680613
 1945 -1 -0.992391 0.000680274
 1946 -1 -0.992395 0.000679936
 1947 -1 -0.992399 0.000679598
 1948 -1 -0.992402 0.00067926
 1949 -1 -0.992406 0.000678923
 1950 -1 -0.99241 0.000678586
 1951 -0.92 -0.992373 0.000679253
 1952 -0.92 -0.992336 0.000679916
 1953 -0.92 -0.992299 0.000680576
 1954 -0.92 -0.992262 0.000681234
 1955 -0.92 -0.992225 0.000681888
 1956 -0.92 -0.992188 0.000682539
 1957 -0.92 -0.992151 0.000683186
 1958 -0.92 -0.992114 0.000683831
 1959 -0.92 -0.992078 0.000684472
 1960 -0.92 -0.992041 0.000685111
 1961 -0.92 -0.992004 0.000685746
 1962 -0.92 -0.991967 0.000686378
 1963 -0.92 -0.991931 0.000687007
 1964 -0.92 -0.991894 0.000687633
 1965 -0.92 -0.991858 0.000688257
 1966 -0.92 -0.991821 0.000688877
 1967 -0.92 -0.991784 0.000689494
 1968 -0.92 -0.991748 0.000690108
 1969 -0.92 -0.991712 0.000690719
 1970 -0.92 -0.991675 0.000691328
 1971 -0.92 -0.991639 0.000691933
 1972 -0.92 -0.991602 0.000692536
 1973 -0.92 -0.991566 0.000693135
 1974 -0.92 -0.99153 0.000693732
 1975 -0.92 -0.991494 0.000694326
 1976 -0.92 -0.991457 0.000694917
 1977 -0.92 -0.991421 0.000695505
 1978 -0.92 -0.991385 0.000696091
 1979 -0.92 -0.991349 0.000696673
 1980 -0.92 -0.991313 0.000697253
 1981 -0.92 -0.991277 0.00069783
 1982 -0.92 -0.991241 0.000698404
 1983 -0.92 -0.991205 0.000698976
 1984 -0.92 -0.991169 0.000699545
 1985 -0.92 -0.991134 0.000700111
 1986 -0.92 -0.991098 0.000700674
 1987 -0.92 -0.991062 0.000701235
 1988 -0.92 -0.991026 0.000701793
 1989 -0.92 -0.99099 0.000702349
 1990 -0.92 -0.990955 0.000702902
 1991 -0.92 -0.990919 0.000703452
 1992 -0.92 -0.990884 0.000703999
 1993 -0.92 -0.990848 0.000704544
 1994 -0.92 -0.990812 0.000705087
 1995 -0.92 -0.990777 0.000705626
 1996 -0.92 -0.990741 0.000706164
 1997 -0.92 -0.990706 0.000706698
 1998 -0.92 -0.990671 0.000707231
 1999 -0.92 -0.990635 0.00070776
 2000 -0.92 -0.9906 0.000708287
