 1 -0.44 -0.44 0
 2 -0.44 -0.44 0
 3 -0.52 -0.466667 0.0266667
 4 -0.52 -0.48 0.023094
 5 -0.6 -0.504 0.0299333
 6 -0.68 -0.533333 0.0381809
 7 -0.52 -0.531429 0.0323249
 8 -0.68 -0.55 0.0335942
 9 -0.68 -0.564444 0.0329609
 10 -0.52 -0.56 0.0298142
 11 -0.52 -0.556364 0.0272121
 12 -0.6 -0.56 0.0251058
 13 -0.28 -0.538462 0.0315791
 14 -0.36 -0.525714 0.0318946
 15 -0.6 -0.530667 0.0301025
 16 -0.6 -0.535 0.0284898
 17 -0.52 -0.534118 0.026776
 18 -0.6 -0.537778 0.0255086
 19 -0.6 -0.541053 0.02435
 20 -0.52 -0.54 0.0231244
 21 -0.52 -0.539048 0.0220163
 22 -0.36 -0.530909 0.0225142
 23 -0.6 -0.533913 0.0217217
 24 -0.76 -0.543333 0.022831
 25 -0.68 -0.5488 0.0225708
 26 -0.52 -0.547692 0.0217136
 27 -0.44 -0.543704 0.0212712
 28 -0.52 -0.542857 0.0205149
 29 -0.28 -0.533793 0.0217714
 30 -0.36 -0.528 0.0218164
 31 -0.44 -0.525161 0.021291
 32 -0.76 -0.5325 0.0218822
 33 -0.68 -0.53697 0.0216746
 34 -0.6 -0.538824 0.021109
 35 -0.68 -0.542857 0.0208902
 36 -0.68 -0.546667 0.0206559
 37 -0.68 -0.55027 0.0204105
 38 -0.68 -0.553684 0.0201574
 39 -0.6 -0.554872 0.0196696
 40 -0.68 -0.558 0.0194251
 41 -0.68 -0.560976 0.0191776
 42 -0.36 -0.55619 0.0193175
 43 -0.28 -0.549767 0.0199265
 44 -0.44 -0.547273 0.0196275
 45 -0.52 -0.546667 0.019196
 46 -0.52 -0.546087 0.018783
 47 -0.44 -0.54383 0.0185171
 48 -0.44 -0.541667 0.0182558
 49 -0.44 -0.539592 0.0179993
 50 -0.6 -0.5408 0.017677
 51 -0.68 -0.543529 0.0175406
 52 -0.36 -0.54 0.0175583
 53 -0.52 -0.539623 0.017228
 54 -0.36 -0.536296 0.0172301
 55 -0.36 -0.533091 0.017215
 56 -0.44 -0.531429 0.0169863
 57 -0.52 -0.531228 0.0166868
 58 -0.52 -0.531034 0.0163978
 59 -0.52 -0.530847 0.0161185
 60 -0.44 -0.529333 0.0159198
 61 -0.36 -0.526557 0.0159008
 62 -0.36 -0.523871 0.0158712
 63 -0.6 -0.525079 0.015664
 64 -0.44 -0.52375 0.0154745
 65 -0.6 -0.524923 0.0152796
 66 -0.68 -0.527273 0.0152287
 67 -0.6 -0.528358 0.0150389
 68 -0.68 -0.530588 0.014983
 69 -0.6 -0.531594 0.0147985
 70 -0.52 -0.531429 0.0145865
 71 -0.52 -0.531268 0.0143805
 72 -0.52 -0.531111 0.0141802
 73 -0.52 -0.530959 0.0139854
 74 -0.44 -0.52973 0.0138498
 75 -0.36 -0.527467 0.01385
 76 -0.44 -0.526316 0.0137149
 77 -0.36 -0.524156 0.0137069
 78 -0.52 -0.524103 0.0135301
 79 -0.6 -0.525063 0.0133923
 80 -0.52 -0.525 0.013224
 81 -0.6 -0.525926 0.0130925
 82 -0.76 -0.52878 0.0132431
 83 -0.68 -0.530602 0.0132089
 84 -0.52 -0.530476 0.0130513
 85 -0.44 -0.529412 0.0129407
 86 -0.6 -0.530233 0.0128156
 87 -0.6 -0.531034 0.0126928
 88 -0.68 -0.532727 0.0126614
 89 -0.6 -0.533483 0.0125411
 90 -0.44 -0.532444 0.0124444
 91 -0.6 -0.533187 0.0123293
 92 -0.44 -0.532174 0.0122365
 93 -0.52 -0.532043 0.012105
 94 -0.52 -0.531915 0.0119762
 95 -0.6 -0.532632 0.0118711
 96 -0.6 -0.533333 0.0117677
 97 -0.68 -0.534845 0.0117435
 98 -0.6 -0.53551 0.0116421
 99 -0.6 -0.536162 0.0115423
 100 -0.76 -0.5384 0.0116435
 101 -0.6 -0.53901 0.0115437
 102 -0.52 -0.538824 0.0114315
 103 -0.44 -0.537864 0.0113606
 104 -0.36 -0.536154 0.01138
 105 -0.36 -0.534476 0.0113953
 106 -0.28 -0.532075 0.0115398
 107 -0.52 -0.531963 0.011432
 108 -0.44 -0.531111 0.0113576
 109 -0.52 -0.531009 0.0112534
 110 -0.6 -0.531636 0.0111682
 111 -0.6 -0.532252 0.0110843
 112 -0.6 -0.532857 0.0110015
 113 -0.52 -0.532743 0.0109043
 114 -0.68 -0.534035 0.0108852
 115 -0.76 -0.536 0.0109675
 116 -0.6 -0.536552 0.0108866
 117 -0.6 -0.537094 0.0108067
 118 -0.76 -0.538983 0.01088
 119 -0.44 -0.538151 0.0108202
 120 -0.6 -0.538667 0.010742
 121 -0.52 -0.538512 0.010654
 122 -0.68 -0.539672 0.0106298
 123 -0.76 -0.541463 0.0106941
 124 -0.44 -0.540645 0.010639
 125 -0.36 -0.5392 0.010652
 126 -0.2 -0.536508 0.0109047
 127 -0.44 -0.535748 0.0108451
 128 -0.6 -0.53625 0.0107718
 129 -0.68 -0.537364 0.0107459
 130 -0.36 -0.536 0.0107498
 131 -0.44 -0.535267 0.0106926
 132 -0.68 -0.536364 0.0106678
 133 -0.6 -0.536842 0.0105981
 134 -0.36 -0.535522 0.0106011
 135 -0.36 -0.534222 0.0106023
 136 -0.44 -0.533529 0.0105469
 137 -0.44 -0.532847 0.0104918
 138 -0.44 -0.532174 0.0104373
 139 -0.52 -0.532086 0.0103623
 140 -0.6 -0.532571 0.0102994
 141 -0.6 -0.53305 0.0102373
 142 -0.68 -0.534085 0.0102175
 143 -0.68 -0.535105 0.010197
 144 -0.6 -0.535556 0.0101359
 145 -0.68 -0.536552 0.0101149
 146 -0.44 -0.53589 0.0100672
 147 -0.68 -0.536871 0.0100464
 148 -0.52 -0.536757 0.00997893
 149 -0.6 -0.537181 0.00992082
 150 -0.36 -0.536 0.009925
 151 -0.44 -0.535364 0.00987953
 152 -0.52 -0.535263 0.00981484
 153 -0.28 -0.533595 0.00989218
 154 -0.36 -0.532468 0.00989217
 155 -0.44 -0.531871 0.00984624
 156 -0.52 -0.531795 0.00978321
 157 -0.52 -0.53172 0.00972099
 158 -0.52 -0.531646 0.00965955
 159 -0.68 -0.532579 0.00964385
 160 -0.68 -0.5335 0.00962758
 161 -0.52 -0.533416 0.00956796
 162 -0.36 -0.532346 0.00956878
 163 -0.28 -0.530798 0.00963508
 164 -0.6 -0.53122 0.00958544
 165 -0.52 -0.531152 0.00952742
 166 -0.68 -0.532048 0.00951221
 167 -0.68 -0.532934 0.00949649
 168 -0.36 -0.531905 0.00949575
 169 -0.28 -0.530414 0.00955636
 170 -0.6 -0.530824 0.00950879
 171 -0.6 -0.531228 0.00946167
 172 -0.76 -0.532558 0.00950007
 173 -0.68 -0.53341 0.00948337
 174 -0.6 -0.533793 0.00943648
 175 -0.44 -0.533257 0.0093977
 176 -0.68 -0.534091 0.00938127
 177 -0.44 -0.533559 0.00934325
 178 -0.44 -0.533034 0.00930547
 179 -0.52 -0.532961 0.00925363
 180 -0.52 -0.532889 0.00920236
 181 -0.52 -0.532818 0.00915165
 182 -0.52 -0.532747 0.0091015
 183 -0.52 -0.532678 0.0090519
 184 -0.52 -0.532609 0.00900283
 185 -0.44 -0.532108 0.00896802
 186 -0.44 -0.531613 0.00893341
 187 -0.6 -0.531979 0.00889303
 188 -0.6 -0.53234 0.008853
 189 -0.44 -0.531852 0.00881957
 190 -0.6 -0.532211 0.00878036
 191 -0.68 -0.532984 0.00876848
 192 -0.6 -0.533333 0.00872967
 193 -0.6 -0.533679 0.00869119
 194 -0.52 -0.533608 0.00864656
 195 -0.52 -0.533538 0.00860238
 196 -0.52 -0.533469 0.00855866
 197 -0.44 -0.532995 0.00852831
 198 -0.52 -0.532929 0.00848539
 199 -0.52 -0.532864 0.00844289
 200 -0.6 -0.5332 0.00840727
 201 -0.36 -0.532338 0.0084096
 202 -0.52 -0.532277 0.00836809
 203 -0.52 -0.532217 0.00832699
 204 -0.52 -0.532157 0.00828628
 205 -0.44 -0.531707 0.00825801
 206 -0.44 -0.531262 0.00822987
 207 -0.6 -0.531594 0.00819675
 208 -0.6 -0.531923 0.00816387
 209 -0.52 -0.531866 0.00812492
 210 -0.52 -0.53181 0.00808633
 211 -0.52 -0.531754 0.00804811
 212 -0.6 -0.532075 0.00801652
 213 -0.68 -0.53277 0.00800897
 214 -0.52 -0.53271 0.00797168
 215 -0.44 -0.532279 0.00794622
 216 -0.44 -0.531852 0.00792088
 217 -0.36 -0.53106 0.00792396
 218 -0.36 -0.530275 0.00792647
 219 -0.36 -0.529498 0.00792841
 220 -0.52 -0.529455 0.0078924
 221 -0.52 -0.529412 0.00785673
 222 -0.44 -0.529009 0.00783162
 223 -0.52 -0.528969 0.00779653
 224 -0.68 -0.529643 0.00779087
 225 -0.6 -0.529956 0.00776247
 226 -0.36 -0.529204 0.00776455
 227 -0.52 -0.529163 0.00773038
 228 -0.6 -0.529474 0.00770266
 229 -0.6 -0.529782 0.00767514
 230 -0.6 -0.530087 0.00764779
 231 -0.44 -0.529697 0.00762459
 232 -0.44 -0.52931 0.00760149
 233 -0.52 -0.52927 0.0075689
 234 -0.52 -0.529231 0.00753659
 235 -0.52 -0.529191 0.00750456
 236 -0.52 -0.529153 0.00747279
 237 -0.52 -0.529114 0.00744129
 238 -0.6 -0.529412 0.00741594
 239 -0.44 -0.529038 0.00739432
 240 -0.52 -0.529 0.00736354
 241 -0.52 -0.528963 0.00733302
 242 -0.52 -0.528926 0.00730275
 243 -0.6 -0.529218 0.00727851
 244 -0.6 -0.529508 0.00725442
 245 -0.28 -0.52849 0.00729618
 246 -0.28 -0.52748 0.00733633
 247 -0.44 -0.527126 0.00731515
 248 -0.44 -0.526774 0.00729406
 249 -0.44 -0.526426 0.00727306
 250 -0.28 -0.52544 0.00731066
 251 -0.36 -0.524781 0.00731125
 252 -0.36 -0.524127 0.00731148
 253 -0.68 -0.524743 0.00730854
 254 -0.44 -0.524409 0.00728735
 255 -0.44 -0.524078 0.00726626
 256 -0.44 -0.52375 0.00724527
 257 -0.6 -0.524047 0.00722311
 258 -0.52 -0.524031 0.00719508
 259 -0.6 -0.524324 0.00717325
 260 -0.6 -0.524615 0.00715153
 261 -0.52 -0.524598 0.0071241
 262 -0.6 -0.524885 0.00710269
 263 -0.44 -0.524563 0.00708299
 264 -0.52 -0.524545 0.00705613
 265 -0.6 -0.52483 0.00703521
 266 -0.44 -0.524511 0.00701597
 267 -0.76 -0.525393 0.00704507
 268 -0.68 -0.52597 0.0070424
 269 -0.76 -0.52684 0.0070699
 270 -0.6 -0.527111 0.00704888
 271 -0.6 -0.52738 0.00702797
 272 -0.52 -0.527353 0.00700214
 273 -0.44 -0.527033 0.00698378
 274 -0.28 -0.526131 0.00701641
 275 -0.36 -0.525527 0.0070169
 276 -0.44 -0.525217 0.00699829
 277 -0.52 -0.525199 0.00697301
 278 -0.68 -0.525755 0.00697016
 279 -0.6 -0.526022 0.00695023
 280 -0.36 -0.525429 0.0069507
 281 -0.52 -0.525409 0.00692594
 282 -0.44 -0.525106 0.00690798
 283 -0.6 -0.525371 0.00688862
 284 -0.44 -0.52507 0.0068709
 285 -0.6 -0.525333 0.00685179
 286 -0.68 -0.525874 0.00684917
 287 -0.68 -0.526411 0.00684636
 288 -0.52 -0.526389 0.00682259
 289 -0.44 -0.52609 0.00680551
 290 -0.36 -0.525517 0.00680614
 291 -0.44 -0.525223 0.00678907
 292 -0.28 -0.524384 0.0068177
 293 -0.52 -0.524369 0.00679441
 294 -0.6 -0.524626 0.00677615
 295 -0.6 -0.524881 0.00675797
 296 -0.76 -0.525676 0.00678178
 297 -0.76 -0.526465 0.0068048
 298 -0.76 -0.527248 0.00682705
 299 -0.52 -0.527224 0.00680422
 300 -0.52 -0.5272 0.00678155
 301 -0.68 -0.527708 0.00677802
 302 -0.76 -0.528477 0.00679918
 303 -0.6 -0.528713 0.00678082
 304 -0.44 -0.528421 0.00676477
 305 -0.76 -0.52918 0.00678517
 306 -0.52 -0.52915 0.00676303
 307 -0.6 -0.529381 0.00674491
 308 -0.52 -0.529351 0.00672305
 309 -0.44 -0.529061 0.00670749
 310 -0.6 -0.52929 0.00668973
 311 -0.68 -0.529775 0.00668577
 312 -0.6 -0.53 0.00666811
 313 -0.68 -0.530479 0.00666403
 314 -0.76 -0.53121 0.00668286
 315 -0.6 -0.531429 0.00666519
 316 -0.6 -0.531646 0.00664761
 317 -0.2 -0.530599 0.00670868
 318 -0.44 -0.530314 0.00669362
 319 -0.28 -0.52953 0.00671859
 320 -0.28 -0.52875 0.0067428
 321 -0.52 -0.528723 0.00672181
 322 -0.6 -0.528944 0.00670456
 323 -0.6 -0.529164 0.00668739
 324 -0.36 -0.528642 0.00668713
 325 -0.68 -0.529108 0.00668277
 326 -0.6 -0.529325 0.00666579
 327 -0.52 -0.529297 0.00664544
 328 -0.6 -0.529512 0.00662865
 329 -0.52 -0.529483 0.00660853
 330 -0.44 -0.529212 0.00659406
 331 -0.52 -0.529184 0.00657416
 332 -0.68 -0.529639 0.00657006
 333 -0.52 -0.52961 0.00655036
 334 -0.44 -0.529341 0.00653623
 335 -0.68 -0.529791 0.00653219
 336 -0.6 -0.53 0.00651607
 337 -0.36 -0.529496 0.00651626
 338 -0.68 -0.529941 0.00651219
 339 -0.6 -0.530147 0.00649624
 340 -0.6 -0.530353 0.00648036
 341 -0.44 -0.530088 0.00646676
 342 -0.44 -0.529825 0.0064532
 343 -0.36 -0.529329 0.00645338
 344 -0.52 -0.529302 0.00643465
 345 -0.68 -0.529739 0.00643083
 346 -0.6 -0.529942 0.00641543
 347 -0.6 -0.530144 0.0064001
 348 -0.52 -0.530115 0.00638175
 349 -0.52 -0.530086 0.0063635
 350 -0.6 -0.530286 0.00634844
 351 -0.44 -0.530028 0.00633555
 352 -0.52 -0.53 0.00631759
 353 -0.52 -0.529972 0.00629973
 354 -0.52 -0.529944 0.00628197
 355 -0.68 -0.530366 0.0062785
 356 -0.6 -0.530562 0.00626389
 357 -0.68 -0.53098 0.00626033
 358 -0.76 -0.53162 0.00627551
 359 -0.52 -0.531588 0.00625809
 360 -0.68 -0.532 0.00625428
 361 -0.44 -0.531745 0.00624214
 362 -0.6 -0.531934 0.00622773
 363 -0.52 -0.531901 0.00621063
 364 -0.6 -0.532088 0.00619637
 365 -0.44 -0.531836 0.00618452
 366 -0.44 -0.531585 0.0061727
 367 -0.52 -0.531553 0.00615594
 368 -0.44 -0.531304 0.00614423
 369 -0.44 -0.531057 0.00613255
 370 -0.44 -0.530811 0.0061209
 371 -0.68 -0.531213 0.00611761
 372 -0.6 -0.531398 0.00610395
 373 -0.6 -0.531582 0.00609034
 374 -0.6 -0.531765 0.00607679
 375 -0.6 -0.531947 0.00606329
 376 -0.52 -0.531915 0.00604723
 377 -0.52 -0.531883 0.00603125
 378 -0.6 -0.532063 0.00601797
 379 -0.6 -0.532243 0.00600475
 380 -0.28 -0.531579 0.0060256
 381 -0.44 -0.531339 0.00601457
 382 -0.44 -0.531099 0.00600356
 383 -0.6 -0.531279 0.00599057
 384 -0.68 -0.531667 0.00598749
 385 -0.68 -0.532052 0.00598433
 386 -0.6 -0.532228 0.0059714
 387 -0.6 -0.532403 0.00595853
 388 -0.52 -0.532371 0.00594324
 389 -0.68 -0.532751 0.00594007
 390 -0.52 -0.532718 0.00592491
 391 -0.6 -0.53289 0.00591225
 392 -0.6 -0.533061 0.00589963
 393 -0.52 -0.533028 0.00588469
 394 -0.44 -0.532792 0.00587448
 395 -0.44 -0.532557 0.0058643
 396 -0.36 -0.532121 0.00586568
 397 -0.6 -0.532292 0.00585338
 398 -0.68 -0.532663 0.00585044
 399 -0.44 -0.532431 0.00584038
 400 -0.44 -0.5322 0.00583034
 401 -0.52 -0.53217 0.00581586
 402 -0.68 -0.532537 0.00581302
 403 -0.52 -0.532506 0.00579866
 404 -0.6 -0.532673 0.0057867
 405 -0.52 -0.532642 0.00577248
 406 -0.52 -0.532611 0.00575833
 407 -0.52 -0.53258 0.00574425
 408 -0.44 -0.532353 0.00573464
 409 -0.44 -0.532127 0.00572506
 410 -0.52 -0.532098 0.00571116
 411 -0.68 -0.532457 0.0057086
 412 -0.68 -0.532816 0.00570597
 413 -0.6 -0.532978 0.00569446
 414 -0.68 -0.533333 0.00569178
 415 -0.6 -0.533494 0.00568032
 416 -0.44 -0.533269 0.00567111
 417 -0.44 -0.533046 0.00566191
 418 -0.36 -0.532632 0.0056635
 419 -0.52 -0.532601 0.00565005
 420 -0.28 -0.532 0.00566857
 421 -0.68 -0.532352 0.00566601
 422 -0.6 -0.532512 0.00565484
 423 -0.68 -0.532861 0.00565222
 424 -0.68 -0.533208 0.00564954
 425 -0.6 -0.533365 0.00563842
 426 -0.76 -0.533897 0.00565028
 427 -0.6 -0.534052 0.00563915
 428 -0.6 -0.534206 0.00562807
 429 -0.6 -0.534359 0.00561703
 430 -0.44 -0.53414 0.00560825
 431 -0.6 -0.534292 0.00559731
 432 -0.68 -0.53463 0.00559451
 433 -0.6 -0.534781 0.00558362
 434 -0.68 -0.535115 0.00558078
 435 -0.68 -0.535448 0.00557789
 436 -0.6 -0.535596 0.00556705
 437 -0.44 -0.535378 0.0055586
 438 -0.6 -0.535525 0.00554786
 439 -0.44 -0.535308 0.00553948
 440 -0.36 -0.534909 0.00554122
 441 -0.44 -0.534694 0.00553283
 442 -0.52 -0.534661 0.00552039
 443 -0.52 -0.534628 0.00550802
 444 -0.6 -0.534775 0.00549757
 445 -0.52 -0.534742 0.0054853
 446 -0.2 -0.533991 0.00552421
 447 -0.36 -0.533602 0.00552557
 448 -0.36 -0.533214 0.00552682
 449 -0.44 -0.533007 0.00551841
 450 -0.6 -0.533156 0.00550814
 451 -0.68 -0.533481 0.00550555
 452 -0.68 -0.533805 0.00550291
 453 -0.52 -0.533775 0.00549084
 454 -0.6 -0.533921 0.00548067
 455 -0.52 -0.53389 0.0054687
 456 -0.44 -0.533684 0.00546057
 457 -0.36 -0.533304 0.00546185
 458 -0.44 -0.5331 0.00545372
 459 -0.6 -0.533246 0.00544378
 460 -0.6 -0.533391 0.00543387
 461 -0.68 -0.533709 0.00543138
 462 -0.68 -0.534026 0.00542886
 463 -0.6 -0.534168 0.00541899
 464 -0.6 -0.53431 0.00540916
 465 -0.6 -0.534452 0.00539937
 466 -0.76 -0.534936 0.00540946
 467 -0.44 -0.534732 0.00540169
 468 -0.68 -0.535043 0.00539907
 469 -0.68 -0.535352 0.0053964
 470 -0.2 -0.534638 0.00543198
 471 -0.28 -0.534098 0.00544733
 472 -0.36 -0.533729 0.00544827
 473 -0.6 -0.533869 0.00543855
 474 -0.52 -0.53384 0.00542714
 475 -0.44 -0.533642 0.0054193
 476 -0.36 -0.533277 0.0054202
 477 -0.6 -0.533417 0.00541063
 478 -0.28 -0.532887 0.00542527
 479 -0.6 -0.533027 0.00541574
 480 -0.52 -0.533 0.00540451
 481 -0.52 -0.532973 0.00539333
 482 -0.52 -0.532946 0.0053822
 483 -0.6 -0.533085 0.00537284
 484 -0.52 -0.533058 0.00536179
 485 -0.44 -0.532866 0.00535417
 486 -0.6 -0.533004 0.00534492
 487 -0.68 -0.533306 0.00534247
 488 -0.6 -0.533443 0.00533326
 489 -0.36 -0.533088 0.00533415
 490 -0.2 -0.532408 0.00536648
 491 -0.52 -0.532383 0.0053556
 492 -0.52 -0.532358 0.00534476
 493 -0.44 -0.53217 0.0053372
 494 -0.52 -0.532146 0.00532644
 495 -0.44 -0.53196 0.00531893
 496 -0.44 -0.531774 0.00531143
 497 -0.52 -0.531751 0.00530079
 498 -0.6 -0.531888 0.00529191
 499 -0.52 -0.531864 0.00528134
 500 -0.44 -0.53168 0.00527397
 501 -0.44 -0.531497 0.00526662
 502 -0.6 -0.531633 0.00525788
 503 -0.6 -0.531769 0.00524918
 504 -0.36 -0.531429 0.00524983
 505 -0.44 -0.531248 0.00524255
 506 -0.6 -0.531383 0.00523394
 507 -0.44 -0.531203 0.00522672
 508 -0.52 -0.531181 0.00521647
 509 -0.68 -0.531473 0.00521441
 510 -0.6 -0.531608 0.00520591
 511 -0.76 -0.532055 0.0052149
 512 -0.6 -0.532188 0.0052064
 513 -0.6 -0.53232 0.00519792
 514 -0.52 -0.532296 0.00518785
 515 -0.52 -0.532272 0.00517783
 516 -0.6 -0.532403 0.00516945
 517 -0.52 -0.532379 0.00515949
 518 -0.44 -0.532201 0.00515261
 519 -0.52 -0.532177 0.00514273
 520 -0.52 -0.532154 0.00513288
 521 -0.44 -0.531977 0.00512607
 522 -0.52 -0.531954 0.0051163
 523 -0.6 -0.532084 0.00510816
 524 -0.52 -0.532061 0.00509845
 525 -0.52 -0.532038 0.00508879
 526 -0.44 -0.531863 0.00508212
 527 -0.44 -0.531689 0.00507546
 528 -0.12 -0.530909 0.00512549
 529 -0.36 -0.530586 0.00512598
 530 -0.52 -0.530566 0.00511634
 531 -0.68 -0.530847 0.00511445
 532 -0.68 -0.531128 0.00511252
 533 -0.68 -0.531407 0.00511055
 534 -0.6 -0.531536 0.00510259
 535 -0.52 -0.531514 0.00509309
 536 -0.36 -0.531194 0.00509364
 537 -0.44 -0.531024 0.00508698
 538 -0.52 -0.531004 0.00507756
 539 -0.6 -0.531132 0.00506975
 540 -0.44 -0.530963 0.00506316
 541 -0.52 -0.530943 0.00505383
 542 -0.44 -0.530775 0.00504729
 543 -0.52 -0.530755 0.00503803
 544 -0.68 -0.531029 0.00503624
 545 -0.44 -0.530862 0.00502976
 546 -0.52 -0.530842 0.00502058
 547 -0.52 -0.530823 0.00501143
 548 -0.28 -0.530365 0.00502317
 549 -0.6 -0.530492 0.00501562
 550 -0.52 -0.530473 0.00500653
 551 -0.52 -0.530454 0.00499747
 552 -0.68 -0.530725 0.00499576
 553 -0.36 -0.530416 0.00499627
 554 -0.36 -0.530108 0.00499672
 555 -0.6 -0.530234 0.00498929
 556 -0.44 -0.530072 0.00498296
 557 -0.6 -0.530197 0.00497559
 558 -0.76 -0.530609 0.00498371
 559 -0.44 -0.530447 0.00497742
 560 -0.6 -0.530571 0.00497008
 561 -0.6 -0.530695 0.00496276
 562 -0.68 -0.530961 0.00496104
 563 -0.6 -0.531083 0.00495373
 564 -0.44 -0.530922 0.00494758
 565 -0.52 -0.530903 0.00493885
 566 -0.6 -0.531025 0.00493163
 567 -0.36 -0.530723 0.00493216
 568 -0.6 -0.530845 0.00492498
 569 -0.68 -0.531107 0.0049233
 570 -0.52 -0.531088 0.00491469
 571 -0.52 -0.531068 0.00490611
 572 -0.52 -0.531049 0.00489757
 573 -0.36 -0.53075 0.00489812
 574 -0.6 -0.530871 0.00489107
 575 -0.36 -0.530574 0.00489159
 576 -0.6 -0.530694 0.00488457
 577 -0.52 -0.530676 0.00487614
 578 -0.44 -0.530519 0.00487022
 579 -0.6 -0.530639 0.00486328
 580 -0.36 -0.530345 0.0048638
 581 -0.36 -0.530052 0.00486426
 582 -0.6 -0.530172 0.00485738
 583 -0.44 -0.530017 0.00485151
 584 -0.28 -0.529589 0.00486208
 585 -0.52 -0.529573 0.00485379
 586 -0.68 -0.529829 0.0048523
 587 -0.6 -0.529949 0.0048455
 588 -0.36 -0.52966 0.00484588
 589 -0.76 -0.530051 0.00485342
 590 -0.76 -0.530441 0.00486084
 591 -0.68 -0.530694 0.0048592
 592 -0.76 -0.531081 0.00486643
 593 -0.68 -0.531332 0.0048647
 594 -0.76 -0.531717 0.00487174
 595 -0.76 -0.532101 0.00487865
 596 -0.68 -0.532349 0.00487678
 597 -0.52 -0.532328 0.00486865
 598 -0.6 -0.532441 0.00486181
 599 -0.52 -0.532421 0.00485374
 600 -0.44 -0.532267 0.00484809
 601 -0.6 -0.532379 0.00484133
 602 -0.68 -0.532625 0.00483949
 603 -0.6 -0.532736 0.00483275
 604 -0.36 -0.53245 0.00483321
 605 -0.52 -0.53243 0.00482526
 606 -0.52 -0.532409 0.00481734
 607 -0.52 -0.532389 0.00480944
 608 -0.52 -0.532368 0.00480156
 609 -0.6 -0.532479 0.00479496
 610 -0.44 -0.532328 0.00478949
 611 -0.52 -0.532308 0.00478169
 612 -0.44 -0.532157 0.00477625
 613 -0.52 -0.532137 0.00476849
 614 -0.68 -0.532378 0.00476681
 615 -0.68 -0.532618 0.0047651
 616 -0.52 -0.532597 0.0047574
 617 -0.36 -0.532318 0.00475792
 618 -0.36 -0.532039 0.00475839
 619 -0.52 -0.532019 0.00475074
 620 -0.52 -0.532 0.00474311
 621 -0.44 -0.531852 0.00473778
 622 -0.52 -0.531833 0.00473019
 623 -0.52 -0.531814 0.00472263
 624 -0.28 -0.53141 0.0047323
 625 -0.52 -0.531392 0.00472475
 626 -0.6 -0.531502 0.00471847
 627 -0.44 -0.531356 0.0047132
 628 -0.6 -0.531465 0.00470696
 629 -0.52 -0.531447 0.00469951
 630 -0.6 -0.531556 0.0046933
 631 -0.44 -0.53141 0.0046881
 632 -0.52 -0.531392 0.00468072
 633 -0.6 -0.531501 0.00467457
 634 -0.44 -0.531356 0.00466942
 635 -0.36 -0.531087 0.00466987
 636 -0.52 -0.531069 0.00466255
 637 -0.44 -0.530926 0.00465742
 638 -0.44 -0.530784 0.0046523
 639 -0.36 -0.530516 0.0046527
 640 -0.36 -0.53025 0.00465305
 641 -0.44 -0.530109 0.00464792
 642 -0.52 -0.530093 0.0046407
 643 -0.52 -0.530078 0.00463351
 644 -0.52 -0.530062 0.00462633
 645 -0.52 -0.530047 0.00461918
 646 -0.6 -0.530155 0.0046133
 647 -0.36 -0.529892 0.00461366
 648 -0.52 -0.529877 0.00460656
 649 -0.52 -0.529861 0.00459948
 650 -0.76 -0.530215 0.00460603
 651 -0.76 -0.530568 0.00461248
 652 -0.68 -0.530798 0.0046111
 653 -0.52 -0.530781 0.00460406
 654 -0.68 -0.531009 0.00460267
 655 -0.76 -0.531359 0.00460892
 656 -0.76 -0.531707 0.00461507
 657 -0.6 -0.531811 0.00460921
 658 -0.6 -0.531915 0.00460337
 659 -0.52 -0.531897 0.00459641
 660 -0.44 -0.531758 0.00459155
 661 -0.6 -0.531861 0.00458576
 662 -0.52 -0.531843 0.00457887
 663 -0.52 -0.531825 0.00457199
 664 -0.44 -0.531687 0.00456719
 665 -0.28 -0.531308 0.004576
 666 -0.44 -0.531171 0.00457118
 667 -0.68 -0.531394 0.00456977
 668 -0.68 -0.531617 0.00456834
 669 -0.6 -0.531719 0.00456266
 670 -0.44 -0.531582 0.0045579
 671 -0.52 -0.531565 0.00455113
 672 -0.52 -0.531548 0.00454439
 673 -0.68 -0.531768 0.00454299
 674 -0.6 -0.531869 0.00453737
 675 -0.44 -0.531733 0.00453269
 676 -0.36 -0.531479 0.0045331
 677 -0.44 -0.531344 0.00452842
 678 -0.52 -0.531327 0.00452177
 679 -0.68 -0.531546 0.00452041
 680 -0.52 -0.531529 0.00451379
 681 -0.6 -0.53163 0.00450828
 682 -0.44 -0.531496 0.00450366
 683 -0.44 -0.531362 0.00449906
 684 -0.68 -0.531579 0.00449773
 685 -0.84 -0.532029 0.00451367
 686 -0.68 -0.532245 0.00451225
 687 -0.84 -0.532693 0.00452789
 688 -0.84 -0.53314 0.00454331
 689 -0.6 -0.533237 0.00453775
 690 -0.52 -0.533217 0.00453121
 691 -0.68 -0.53343 0.00452963
 692 -0.52 -0.53341 0.00452312
 693 -0.6 -0.533506 0.00451761
 694 -0.6 -0.533602 0.00451212
 695 -0.6 -0.533698 0.00450663
 696 -0.6 -0.533793 0.00450116
 697 -0.6 -0.533888 0.0044957
 698 -0.68 -0.534097 0.00449413
 699 -0.68 -0.534306 0.00449255
 700 -0.6 -0.5344 0.00448711
 701 -0.44 -0.534265 0.00448273
 702 -0.6 -0.534359 0.00447732
 703 -0.36 -0.534111 0.00447782
 704 -0.2 -0.533636 0.00449657
 705 -0.28 -0.533277 0.00450458
 706 -0.36 -0.533031 0.00450488
 707 -0.36 -0.532786 0.00450516
 708 -0.36 -0.532542 0.00450541
 709 -0.52 -0.532525 0.00449908
 710 -0.6 -0.53262 0.00449374
 711 -0.52 -0.532602 0.00448745
 712 -0.6 -0.532697 0.00448215
 713 -0.6 -0.532791 0.00447685
 714 -0.44 -0.532661 0.00447247
 715 -0.44 -0.532531 0.00446809
 716 -0.52 -0.532514 0.00446188
 717 -0.2 -0.53205 0.00447972
 718 -0.36 -0.531811 0.00447989
 719 -0.44 -0.531683 0.00447548
 720 -0.52 -0.531667 0.00446928
 721 -0.44 -0.53154 0.00446489
 722 -0.52 -0.531524 0.00445873
 723 -0.44 -0.531397 0.00445436
 724 -0.52 -0.531381 0.00444823
 725 -0.6 -0.531476 0.0044431
 726 -0.36 -0.53124 0.00444326
 727 -0.36 -0.531004 0.00444339
 728 -0.44 -0.530879 0.00443904
 729 -0.52 -0.530864 0.00443297
 730 -0.52 -0.530849 0.00442692
 731 -0.52 -0.530834 0.00442089
 732 -0.28 -0.530492 0.00442812
 733 -0.6 -0.530587 0.00442309
 734 -0.52 -0.530572 0.00441709
 735 -0.44 -0.530449 0.00441279
 736 -0.52 -0.530435 0.00440682
 737 -0.44 -0.530312 0.00440254
 738 -0.36 -0.530081 0.00440263
 739 -0.44 -0.529959 0.00439835
 740 -0.52 -0.529946 0.00439243
 741 -0.44 -0.529825 0.00438817
 742 -0.6 -0.529919 0.00438328
 743 -0.68 -0.530121 0.00438203
 744 -0.6 -0.530215 0.00437715
 745 -0.68 -0.530416 0.00437589
 746 -0.6 -0.530509 0.00437101
 747 -0.44 -0.530388 0.00436684
 748 -0.2 -0.529947 0.00438331
 749 -0.2 -0.529506 0.00439956
 750 -0.44 -0.529387 0.00439531
 751 -0.36 -0.529161 0.00439525
 752 -0.6 -0.529255 0.00439041
 753 -0.6 -0.529349 0.00438558
 754 -0.68 -0.529549 0.00438432
 755 -0.68 -0.529748 0.00438304
 756 -0.68 -0.529947 0.00438174
 757 -0.52 -0.529934 0.00437597
 758 -0.52 -0.529921 0.00437022
 759 -0.6 -0.530013 0.00436543
 760 -0.68 -0.530211 0.00436415
 761 -0.6 -0.530302 0.00435937
 762 -0.44 -0.530184 0.00435526
 763 -0.52 -0.53017 0.00434957
 764 -0.6 -0.530262 0.00434483
 765 -0.52 -0.530248 0.00433917
 766 -0.36 -0.530026 0.0043392
 767 -0.44 -0.529909 0.00433513
 768 -0.52 -0.529896 0.0043295
 769 -0.6 -0.529987 0.00432483
 770 -0.68 -0.530182 0.0043236
 771 -0.68 -0.530376 0.00432236
 772 -0.52 -0.530363 0.00431677
 773 -0.52 -0.530349 0.00431121
 774 -0.68 -0.530543 0.00430997
 775 -0.68 -0.530735 0.00430872
 776 -0.44 -0.530619 0.00430476
 777 -0.52 -0.530605 0.00429923
 778 -0.52 -0.530591 0.00429373
 779 -0.52 -0.530578 0.00428823
 780 -0.36 -0.530359 0.00428831
 781 -0.44 -0.530243 0.00428438
 782 -0.6 -0.530332 0.00427983
 783 -0.44 -0.530217 0.00427591
 784 -0.6 -0.530306 0.00427138
 785 -0.44 -0.530191 0.00426749
 786 -0.44 -0.530076 0.0042636
 787 -0.52 -0.530064 0.0042582
 788 -0.44 -0.529949 0.00425433
 789 -0.44 -0.529835 0.00425046
 790 -0.68 -0.530025 0.00424933
 791 -0.68 -0.530215 0.00424819
 792 -0.6 -0.530303 0.00424374
 793 -0.76 -0.530593 0.00424827
 794 -0.68 -0.530781 0.00424709
 795 -0.6 -0.530868 0.00424263
 796 -0.68 -0.531055 0.00424144
 797 -0.6 -0.531142 0.004237
 798 -0.52 -0.531128 0.00423171
 799 -0.28 -0.530814 0.00423808
 800 -0.6 -0.5309 0.00423366
 801 -0.68 -0.531086 0.00423247
 802 -0.52 -0.531072 0.00422721
 803 -0.6 -0.531158 0.00422282
 804 -0.6 -0.531244 0.00421843
 805 -0.36 -0.531031 0.00421855
 806 -0.6 -0.531117 0.00421418
 807 -0.52 -0.531103 0.00420898
 808 -0.44 -0.53099 0.00420528
 809 -0.6 -0.531075 0.00420095
 810 -0.6 -0.53116 0.00419662
 811 -0.76 -0.531443 0.00420093
 812 -0.68 -0.531626 0.00419974
 813 -0.76 -0.531907 0.00420396
 814 -0.52 -0.531892 0.00419882
 815 -0.6 -0.531975 0.0041945
 816 -0.6 -0.532059 0.00419019
 817 -0.52 -0.532044 0.00418508
 818 -0.36 -0.531834 0.00418525
 819 -0.52 -0.531819 0.00418016
 820 -0.52 -0.531805 0.00417508
 821 -0.6 -0.531888 0.00417082
 822 -0.44 -0.531776 0.00416724
 823 -0.52 -0.531762 0.0041622
 824 -0.44 -0.53165 0.00415864
 825 -0.6 -0.531733 0.00415442
 826 -0.52 -0.531719 0.00414941
 827 -0.2 -0.531318 0.00416376
 828 -0.36 -0.531111 0.00416387
 829 -0.6 -0.531194 0.00415968
 830 -0.6 -0.531277 0.00415549
 831 -0.6 -0.53136 0.00415131
 832 -0.68 -0.531538 0.00415016
 833 -0.52 -0.531525 0.0041452
 834 -0.68 -0.531703 0.00414405
 835 -0.76 -0.531976 0.00414811
 836 -0.36 -0.53177 0.00414825
 837 -0.52 -0.531756 0.00414331
 838 -0.52 -0.531742 0.00413839
 839 -0.52 -0.531728 0.00413348
 840 -0.52 -0.531714 0.00412858
 841 -0.52 -0.5317 0.00412369
 842 -0.68 -0.531876 0.00412255
 843 -0.6 -0.531957 0.00411845
 844 -0.68 -0.532133 0.00411731
 845 -0.6 -0.532213 0.00411321
 846 -0.44 -0.532104 0.0041098
 847 -0.6 -0.532184 0.00410572
 848 -0.6 -0.532264 0.00410166
 849 -0.68 -0.532438 0.00410052
 850 -0.6 -0.532518 0.00409646
 851 -0.36 -0.532315 0.00409666
 852 -0.68 -0.532488 0.00409552
 853 -0.76 -0.532755 0.00409941
 854 -0.68 -0.532927 0.00409823
 855 -0.6 -0.533006 0.00409419
 856 -0.6 -0.533084 0.00409015
 857 -0.68 -0.533256 0.00408897
 858 -0.68 -0.533427 0.00408778
 859 -0.52 -0.533411 0.00408305
 860 -0.6 -0.533488 0.00407903
 861 -0.68 -0.533659 0.00407784
 862 -0.68 -0.533828 0.00407665
 863 -0.76 -0.53409 0.00408035
 864 -0.76 -0.534352 0.004084
 865 -0.6 -0.534428 0.00407998
 866 -0.44 -0.534319 0.00407673
 867 -0.6 -0.534394 0.00407273
 868 -0.68 -0.534562 0.00407149
 869 -0.68 -0.53473 0.00407024
 870 -0.36 -0.534529 0.00407052
 871 -0.6 -0.534604 0.00406654
 872 -0.68 -0.534771 0.00406529
 873 -0.44 -0.534662 0.00406208
 874 -0.68 -0.534828 0.00406084
 875 -0.6 -0.534903 0.00405688
 876 -0.44 -0.534795 0.00405369
 877 -0.44 -0.534686 0.00405051
 878 -0.44 -0.534579 0.00404733
 879 -0.28 -0.534289 0.00405309
 880 -0.36 -0.534091 0.00405332
 881 -0.52 -0.534075 0.00404875
 882 -0.52 -0.534059 0.00404419
 883 -0.68 -0.534224 0.00404298
 884 -0.6 -0.534299 0.00403909
 885 -0.6 -0.534373 0.00403521
 886 -0.44 -0.534266 0.00403206
 887 -0.52 -0.53425 0.00402754
 888 -0.6 -0.534324 0.00402369
 889 -0.6 -0.534398 0.00401984
 890 -0.6 -0.534472 0.00401599
 891 -0.44 -0.534366 0.00401289
 892 -0.44 -0.53426 0.00400978
 893 -0.68 -0.534423 0.00400861
 894 -0.68 -0.534586 0.00400743
 895 -0.44 -0.53448 0.00400435
 896 -0.52 -0.534464 0.00399991
 897 -0.6 -0.534537 0.00399612
 898 -0.6 -0.53461 0.00399233
 899 -0.44 -0.534505 0.00398927
 900 -0.68 -0.534667 0.00398812
 901 -0.52 -0.53465 0.00398372
 902 -0.36 -0.534457 0.00398401
 903 -0.52 -0.534441 0.00397963
 904 -0.52 -0.534425 0.00397526
 905 -0.6 -0.534497 0.00397152
 906 -0.6 -0.53457 0.00396779
 907 -0.68 -0.53473 0.00396666
 908 -0.52 -0.534714 0.00396232
 909 -0.76 -0.534961 0.00396571
 910 -0.76 -0.535209 0.00396906
 911 -0.68 -0.535368 0.00396789
 912 -0.6 -0.535439 0.00396417
 913 -0.6 -0.535509 0.00396046
 914 -0.68 -0.535667 0.00395928
 915 -0.44 -0.535563 0.00395633
 916 -0.44 -0.535459 0.00395339
 917 -0.52 -0.535442 0.00394911
 918 -0.6 -0.535512 0.00394543
 919 -0.68 -0.535669 0.00394427
 920 -0.76 -0.535913 0.00394752
 921 -0.68 -0.536069 0.00394633
 922 -0.6 -0.536139 0.00394266
 923 -0.52 -0.536121 0.00393842
 924 -0.76 -0.536364 0.00394161
 925 -0.76 -0.536605 0.00394477
 926 -0.76 -0.536847 0.00394788
 927 -0.68 -0.537001 0.00394664
 928 -0.44 -0.536897 0.00394377
 929 -0.52 -0.536878 0.00393957
 930 -0.52 -0.53686 0.00393537
 931 -0.52 -0.536842 0.00393118
 932 -0.52 -0.536824 0.00392701
 933 -0.44 -0.53672 0.00392417
 934 -0.6 -0.536788 0.00392055
 935 -0.52 -0.53677 0.00391639
 936 -0.52 -0.536752 0.00391225
 937 -0.44 -0.536649 0.00390943
 938 -0.52 -0.536631 0.00390531
 939 -0.6 -0.536699 0.00390173
 940 -0.52 -0.536681 0.00389762
 941 -0.6 -0.536748 0.00389405
 942 -0.6 -0.536815 0.0038905
 943 -0.68 -0.536967 0.00388933
 944 -0.44 -0.536864 0.00388657
 945 -0.44 -0.536762 0.00388381
 946 -0.36 -0.536575 0.0038842
 947 -0.2 -0.53622 0.00389634
 948 -0.36 -0.536034 0.00389666
 949 -0.52 -0.536017 0.00389259
 950 -0.52 -0.536 0.00388852
 951 -0.52 -0.535983 0.00388447
 952 -0.36 -0.535798 0.00388479
 953 -0.44 -0.535698 0.00388201
 954 -0.36 -0.535514 0.00388231
 955 -0.36 -0.53533 0.0038826
 956 -0.6 -0.535397 0.00387912
 957 -0.6 -0.535465 0.00387565
 958 -0.68 -0.535616 0.00387455
 959 -0.6 -0.535683 0.00387109
 960 -0.44 -0.535583 0.00386834
 961 -0.44 -0.535484 0.00386559
 962 -0.6 -0.535551 0.00386215
 963 -0.52 -0.535535 0.00385817
 964 -0.6 -0.535602 0.00385475
 965 -0.44 -0.535503 0.00385202
 966 -0.28 -0.535238 0.00385711
 967 -0.28 -0.534974 0.00386215
 968 -0.52 -0.534959 0.00385819
 969 -0.52 -0.534943 0.00385424
 970 -0.52 -0.534928 0.00385029
 971 -0.76 -0.53516 0.00385331
 972 -0.6 -0.535226 0.00384992
 973 -0.6 -0.535293 0.00384653
 974 -0.68 -0.535441 0.00384545
 975 -0.6 -0.535508 0.00384208
 976 -0.76 -0.535738 0.00384503
 977 -0.6 -0.535803 0.00384165
 978 -0.76 -0.536033 0.00384456
 979 -0.6 -0.536098 0.00384119
 980 -0.68 -0.536245 0.00384008
 981 -0.76 -0.536473 0.00384293
 982 -0.52 -0.536456 0.00383906
 983 -0.28 -0.536195 0.00384401
 984 -0.44 -0.536098 0.00384135
 985 -0.36 -0.535919 0.00384161
 986 -0.36 -0.53574 0.00384185
 987 -0.36 -0.535562 0.00384209
 988 -0.52 -0.535547 0.00383823
 989 -0.52 -0.535531 0.00383438
 990 -0.68 -0.535677 0.00383328
 991 -0.6 -0.535742 0.00382996
 992 -0.52 -0.535726 0.00382613
 993 -0.6 -0.535791 0.00382283
 994 -0.52 -0.535775 0.00381901
 995 -0.68 -0.53592 0.00381792
 996 -0.6 -0.535984 0.00381463
 997 -0.68 -0.536128 0.00381354
 998 -0.68 -0.536273 0.00381244
 999 -0.52 -0.536256 0.00380866
 1000 -0.44 -0.53616 0.00380607
 1001 -0.6 -0.536224 0.0038028
 1002 -0.6 -0.536287 0.00379953
 1003 -0.36 -0.536112 0.00379981
 1004 -0.52 -0.536096 0.00379606
 1005 -0.44 -0.536 0.00379348
 1006 -0.44 -0.535905 0.00379091
 1007 -0.44 -0.535809 0.00378834
 1008 -0.52 -0.535794 0.00378462
 1009 -0.52 -0.535778 0.0037809
 1010 -0.6 -0.535842 0.00377768
 1011 -0.6 -0.535905 0.00377448
 1012 -0.6 -0.535968 0.00377128
 1013 -0.6 -0.536032 0.00376809
 1014 -0.6 -0.536095 0.0037649
 1015 -0.68 -0.536236 0.00376386
 1016 -0.44 -0.536142 0.00376134
 1017 -0.52 -0.536126 0.00375768
 1018 -0.52 -0.53611 0.00375402
 1019 -0.36 -0.535937 0.00375431
 1020 -0.6 -0.536 0.00375115
 1021 -0.44 -0.535906 0.00374866
 1022 -0.52 -0.53589 0.00374502
 1023 -0.44 -0.535797 0.00374253
 1024 -0.6 -0.535859 0.0037394
 1025 -0.44 -0.535766 0.00373692
 1026 -0.28 -0.535517 0.00374159
 1027 -0.36 -0.535346 0.00374185
 1028 -0.44 -0.535253 0.00373936
 1029 -0.52 -0.535238 0.00373575
 1030 -0.44 -0.535146 0.00373327
 1031 -0.52 -0.535131 0.00372968
 1032 -0.52 -0.535116 0.00372609
 1033 -0.6 -0.535179 0.00372301
 1034 -0.52 -0.535164 0.00371944
 1035 -0.6 -0.535227 0.00371637
 1036 -0.68 -0.535367 0.00371541
 1037 -0.52 -0.535352 0.00371185
 1038 -0.52 -0.535337 0.00370831
 1039 -0.44 -0.535245 0.00370587
 1040 -0.44 -0.535154 0.00370344
 1041 -0.52 -0.535139 0.00369991
 1042 -0.6 -0.535202 0.00369688
 1043 -0.6 -0.535264 0.00369386
 1044 -0.52 -0.535249 0.00369035
 1045 -0.44 -0.535158 0.00368794
 1046 -0.44 -0.535067 0.00368553
 1047 -0.52 -0.535053 0.00368204
 1048 -0.52 -0.535038 0.00367855
 1049 -0.36 -0.534871 0.00367883
 1050 -0.52 -0.534857 0.00367535
 1051 -0.52 -0.534843 0.00367188
 1052 -0.52 -0.534829 0.00366842
 1053 -0.52 -0.534815 0.00366496
 1054 -0.44 -0.534725 0.00366258
 1055 -0.44 -0.534635 0.00366021
 1056 -0.44 -0.534545 0.00365784
 1057 -0.6 -0.534607 0.00365491
 1058 -0.52 -0.534594 0.00365147
 1059 -0.52 -0.53458 0.00364805
 1060 -0.52 -0.534566 0.00364463
 1061 -0.52 -0.534552 0.00364122
 1062 -0.6 -0.534614 0.00363831
 1063 -0.6 -0.534675 0.00363541
 1064 -0.44 -0.534586 0.00363308
 1065 -0.6 -0.534648 0.00363019
 1066 -0.36 -0.534484 0.00363048
 1067 -0.6 -0.534545 0.0036276
 1068 -0.6 -0.534607 0.00362472
 1069 -0.76 -0.534818 0.00362746
 1070 -0.6 -0.534879 0.00362458
 1071 -0.44 -0.53479 0.00362227
 1072 -0.84 -0.535075 0.00363008
 1073 -0.68 -0.53521 0.00362921
 1074 -0.6 -0.53527 0.00362633
 1075 -0.52 -0.535256 0.00362298
 1076 -0.52 -0.535242 0.00361964
 1077 -0.6 -0.535302 0.00361678
 1078 -0.6 -0.535362 0.00361392
 1079 -0.44 -0.535273 0.00361165
 1080 -0.52 -0.535259 0.00360833
 1081 -0.52 -0.535245 0.00360502
 1082 -0.6 -0.535305 0.00360218
 1083 -0.44 -0.535217 0.00359993
 1084 -0.52 -0.535203 0.00359664
 1085 -0.52 -0.535189 0.00359335
 1086 -0.6 -0.535249 0.00359053
 1087 -0.52 -0.535235 0.00358726
 1088 -0.52 -0.535221 0.00358398
 1089 -0.52 -0.535207 0.00358072
 1090 -0.44 -0.535119 0.0035785
 1091 -0.44 -0.535032 0.00357628
 1092 -0.36 -0.534872 0.0035766
 1093 -0.68 -0.535005 0.00357579
 1094 -0.68 -0.535137 0.00357498
 1095 -0.6 -0.535196 0.0035722
 1096 -0.68 -0.535328 0.00357139
 1097 -0.6 -0.535387 0.00356862
 1098 -0.44 -0.535301 0.00356642
 1099 -0.44 -0.535214 0.00356423
 1100 -0.44 -0.535127 0.00356204
 1101 -0.36 -0.534968 0.00356236
 1102 -0.52 -0.534955 0.00355915
 1103 -0.44 -0.534869 0.00355696
 1104 -0.52 -0.534855 0.00355376
 1105 -0.6 -0.534914 0.00355104
 1106 -0.52 -0.534901 0.00354785
 1107 -0.52 -0.534887 0.00354467
 1108 -0.52 -0.534874 0.00354149
 1109 -0.6 -0.534932 0.00353879
 1110 -0.68 -0.535063 0.00353801
 1111 -0.6 -0.535122 0.00353531
 1112 -0.44 -0.535036 0.00353316
 1113 -0.44 -0.534951 0.00353102
 1114 -0.6 -0.535009 0.00352833
 1115 -0.6 -0.535067 0.00352565
 1116 -0.6 -0.535125 0.00352297
 1117 -0.6 -0.535184 0.00352029
 1118 -0.52 -0.53517 0.00351717
 1119 -0.6 -0.535228 0.0035145
 1120 -0.6 -0.535286 0.00351184
 1121 -0.6 -0.535343 0.00350918
 1122 -0.52 -0.53533 0.00350608
 1123 -0.6 -0.535387 0.00350343
 1124 -0.6 -0.535445 0.00350078
 1125 -0.6 -0.535502 0.00349814
 1126 -0.52 -0.535488 0.00349506
 1127 -0.6 -0.535546 0.00349242
 1128 -0.52 -0.535532 0.00348935
 1129 -0.68 -0.53566 0.00348861
 1130 -0.68 -0.535788 0.00348786
 1131 -0.68 -0.535915 0.00348711
 1132 -0.6 -0.535972 0.00348448
 1133 -0.6 -0.536028 0.00348187
 1134 -0.52 -0.536014 0.00347882
 1135 -0.52 -0.536 0.00347579
 1136 -0.68 -0.536127 0.00347504
 1137 -0.6 -0.536183 0.00347243
 1138 -0.52 -0.536169 0.00346941
 1139 -0.52 -0.536155 0.00346639
 1140 -0.6 -0.536211 0.0034638
 1141 -0.68 -0.536337 0.00346306
 1142 -0.76 -0.536532 0.00346556
 1143 -0.6 -0.536588 0.00346298
 1144 -0.68 -0.536713 0.00346222
 1145 -0.44 -0.536629 0.00346022
 1146 -0.68 -0.536754 0.00345947
 1147 -0.52 -0.536739 0.00345648
 1148 -0.68 -0.536864 0.00345572
 1149 -0.76 -0.537058 0.00345817
 1150 -0.84 -0.537322 0.00346519
 1151 -0.6 -0.537376 0.0034626
 1152 -0.76 -0.537569 0.00346499
 1153 -0.52 -0.537554 0.00346202
 1154 -0.6 -0.537608 0.00345944
 1155 -0.76 -0.537801 0.0034618
 1156 -0.6 -0.537855 0.00345922
 1157 -0.36 -0.537701 0.00345965
 1158 -0.52 -0.537686 0.0034567
 1159 -0.44 -0.537601 0.00345474
 1160 -0.44 -0.537517 0.00345279
 1161 -0.6 -0.537571 0.00345023
 1162 -0.44 -0.537487 0.00344828
 1163 -0.36 -0.537334 0.00344869
 1164 -0.6 -0.537388 0.00344615
 1165 -0.68 -0.537511 0.00344537
 1166 -0.6 -0.537564 0.00344283
 1167 -0.52 -0.537549 0.00343991
 1168 -0.6 -0.537603 0.00343738
 1169 -0.44 -0.537519 0.00343545
 1170 -0.52 -0.537504 0.00343255
 1171 -0.36 -0.537353 0.00343296
 1172 -0.44 -0.53727 0.00343104
 1173 -0.28 -0.53705 0.00343512
 1174 -0.36 -0.536899 0.0034355
 1175 -0.52 -0.536885 0.00343261
 1176 -0.36 -0.536735 0.00343299
 1177 -0.36 -0.536585 0.00343335
 1178 -0.52 -0.53657 0.00343047
 1179 -0.52 -0.536556 0.00342758
 1180 -0.68 -0.536678 0.00342684
 1181 -0.76 -0.536867 0.00342915
 1182 -0.76 -0.537056 0.00343144
 1183 -0.68 -0.537177 0.00343067
 1184 -0.68 -0.537297 0.00342989
 1185 -0.76 -0.537485 0.00343215
 1186 -0.68 -0.537605 0.00343136
 1187 -0.44 -0.537523 0.00342945
 1188 -0.2 -0.537239 0.00343832
 1189 -0.52 -0.537225 0.00343546
 1190 -0.52 -0.53721 0.0034326
 1191 -0.68 -0.53733 0.00343181
 1192 -0.52 -0.537315 0.00342896
 1193 -0.6 -0.537368 0.00342649
 1194 -0.52 -0.537353 0.00342365
 1195 -0.44 -0.537272 0.00342175
 1196 -0.52 -0.537258 0.00341892
 1197 -0.44 -0.537176 0.00341703
 1198 -0.76 -0.537362 0.00341924
 1199 -0.68 -0.537481 0.00341846
 1200 -0.52 -0.537467 0.00341564
 1201 -0.44 -0.537386 0.00341376
 1202 -0.52 -0.537371 0.00341095
 1203 -0.12 -0.537024 0.00342573
 1204 -0.44 -0.536944 0.00342383
 1205 -0.52 -0.536929 0.00342101
 1206 -0.52 -0.536915 0.00341821
 1207 -0.52 -0.536901 0.0034154
 1208 -0.52 -0.536887 0.0034126
 1209 -0.52 -0.536873 0.00340981
 1210 -0.6 -0.536926 0.00340739
 1211 -0.76 -0.53711 0.00340955
 1212 -0.44 -0.53703 0.00340768
 1213 -0.6 -0.537082 0.00340526
 1214 -0.68 -0.537199 0.00340449
 1215 -0.68 -0.537317 0.00340372
 1216 -0.44 -0.537237 0.00340186
 1217 -0.6 -0.537288 0.00339946
 1218 -0.52 -0.537274 0.00339669
 1219 -0.44 -0.537194 0.00339484
 1220 -0.44 -0.537115 0.003393
 1221 -0.6 -0.537166 0.00339061
 1222 -0.36 -0.537021 0.00339093
 1223 -0.6 -0.537073 0.00338855
 1224 -0.52 -0.537059 0.00338581
 1225 -0.52 -0.537045 0.00338307
 1226 -0.52 -0.537031 0.00338034
 1227 -0.6 -0.537082 0.00337797
 1228 -0.6 -0.537134 0.00337561
 1229 -0.68 -0.53725 0.00337487
 1230 -0.6 -0.537301 0.00337251
 1231 -0.6 -0.537352 0.00337015
 1232 -0.6 -0.537403 0.0033678
 1233 -0.76 -0.537583 0.00336991
 1234 -0.6 -0.537634 0.00336755
 1235 -0.6 -0.537684 0.0033652
 1236 -0.76 -0.537864 0.00336729
 1237 -0.52 -0.53785 0.0033646
 1238 -0.68 -0.537964 0.00336384
 1239 -0.84 -0.538208 0.00336995
 1240 -0.76 -0.538387 0.00337198
 1241 -0.68 -0.538501 0.00337119
 1242 -0.44 -0.538422 0.00336941
 1243 -0.44 -0.538343 0.00336763
 1244 -0.6 -0.538392 0.00336529
 1245 -0.44 -0.538313 0.00336351
 1246 -0.6 -0.538363 0.00336117
 1247 -0.44 -0.538284 0.0033594
 1248 -0.52 -0.538269 0.00335674
 1249 -0.44 -0.538191 0.00335498
 1250 -0.36 -0.538048 0.00335532
 1251 -0.52 -0.538034 0.00335267
 1252 -0.36 -0.537891 0.00335301
 1253 -0.6 -0.537941 0.0033507
 1254 -0.44 -0.537863 0.00334893
 1255 -0.68 -0.537976 0.00334818
 1256 -0.52 -0.537962 0.00334554
 1257 -0.44 -0.537884 0.00334379
 1258 -0.52 -0.53787 0.00334116
 1259 -0.44 -0.537792 0.00333941
 1260 -0.36 -0.537651 0.00333974
 1261 -0.28 -0.537446 0.00334334
 1262 -0.44 -0.537369 0.00334158
 1263 -0.52 -0.537356 0.00333897
 1264 -0.6 -0.537405 0.00333669
 1265 -0.44 -0.537328 0.00333494
 1266 -0.52 -0.537314 0.00333233
 1267 -0.44 -0.537238 0.00333059
 1268 -0.36 -0.537098 0.0033309
 1269 -0.68 -0.53721 0.00333017
 1270 -0.76 -0.537386 0.00333217
 1271 -0.52 -0.537372 0.00332958
 1272 -0.6 -0.537421 0.00332732
 1273 -0.6 -0.537471 0.00332507
 1274 -0.76 -0.537645 0.00332705
 1275 -0.52 -0.537631 0.00332447
 1276 -0.52 -0.537618 0.00332189
 1277 -0.52 -0.537604 0.00331932
 1278 -0.6 -0.537653 0.00331708
 1279 -0.68 -0.537764 0.00331635
 1280 -0.44 -0.537688 0.00331464
 1281 -0.52 -0.537674 0.00331208
 1282 -0.52 -0.53766 0.00330952
 1283 -0.44 -0.537584 0.00330782
 1284 -0.44 -0.537508 0.00330611
 1285 -0.44 -0.537432 0.00330441
 1286 -0.12 -0.537107 0.00331776
 1287 -0.36 -0.53697 0.00331803
 1288 -0.28 -0.53677 0.00332145
 1289 -0.52 -0.536757 0.0033189
 1290 -0.6 -0.536806 0.00331669
 1291 -0.52 -0.536793 0.00331415
 1292 -0.68 -0.536904 0.00331343
 1293 -0.6 -0.536953 0.00331123
 1294 -0.6 -0.537002 0.00330903
 1295 -0.6 -0.53705 0.00330683
 1296 -0.6 -0.537099 0.00330464
 1297 -0.6 -0.537147 0.00330244
 1298 -0.52 -0.537134 0.00329992
 1299 -0.6 -0.537182 0.00329774
 1300 -0.68 -0.537292 0.00329703
 1301 -0.6 -0.537341 0.00329485
 1302 -0.6 -0.537389 0.00329267
 1303 -0.44 -0.537314 0.00329099
 1304 -0.36 -0.537178 0.00329127
 1305 -0.52 -0.537165 0.00328878
 1306 -0.36 -0.537029 0.00328906
 1307 -0.76 -0.5372 0.00329096
 1308 -0.6 -0.537248 0.0032888
 1309 -0.68 -0.537357 0.00328809
 1310 -0.52 -0.537344 0.00328561
 1311 -0.68 -0.537452 0.00328491
 1312 -0.52 -0.537439 0.00328243
 1313 -0.44 -0.537365 0.00328077
 1314 -0.36 -0.53723 0.00328105
 1315 -0.52 -0.537217 0.00327858
 1316 -0.52 -0.537204 0.00327611
 1317 -0.6 -0.537251 0.00327397
 1318 -0.68 -0.53736 0.00327328
 1319 -0.44 -0.537286 0.00327163
 1320 -0.36 -0.537152 0.0032719
 1321 -0.52 -0.537139 0.00326945
 1322 -0.84 -0.537368 0.003275
 1323 -0.76 -0.537536 0.00327685
 1324 -0.76 -0.537704 0.00327868
 1325 -0.52 -0.537691 0.00327623
 1326 -0.68 -0.537798 0.00327552
 1327 -0.68 -0.537905 0.0032748
 1328 -0.76 -0.538072 0.00327661
 1329 -0.6 -0.538119 0.00327447
 1330 -0.36 -0.537985 0.00327475
 1331 -0.52 -0.537971 0.00327232
 1332 -0.36 -0.537838 0.00327259
 1333 -0.6 -0.537884 0.00327046
 1334 -0.68 -0.537991 0.00326975
 1335 -0.68 -0.538097 0.00326903
 1336 -0.6 -0.538144 0.00326691
 1337 -0.68 -0.53825 0.00326619
 1338 -0.36 -0.538117 0.00326646
 1339 -0.44 -0.538043 0.00326485
 1340 -0.6 -0.53809 0.00326274
 1341 -0.6 -0.538136 0.00326063
 1342 -0.68 -0.538241 0.00325991
 1343 -0.68 -0.538347 0.0032592
 1344 -0.52 -0.538333 0.0032568
 1345 -0.6 -0.538379 0.0032547
 1346 -0.52 -0.538366 0.00325231
 1347 -0.52 -0.538352 0.00324992
 1348 -0.52 -0.538338 0.00324754
 1349 -0.52 -0.538325 0.00324516
 1350 -0.6 -0.53837 0.00324308
 1351 -0.6 -0.538416 0.003241
 1352 -0.44 -0.538343 0.00323941
 1353 -0.36 -0.538211 0.0032397
 1354 -0.36 -0.53808 0.00323998
 1355 -0.28 -0.537889 0.00324319
 1356 -0.6 -0.537935 0.00324112
 1357 -0.68 -0.53804 0.00324042
 1358 -0.76 -0.538203 0.00324216
 1359 -0.76 -0.538366 0.00324388
 1360 -0.68 -0.538471 0.00324317
 1361 -0.68 -0.538575 0.00324245
 1362 -0.6 -0.53862 0.00324038
 1363 -0.52 -0.538606 0.00323803
 1364 -0.44 -0.538534 0.00323647
 1365 -0.52 -0.53852 0.00323412
 1366 -0.44 -0.538448 0.00323256
 1367 -0.44 -0.538376 0.003231
 1368 -0.6 -0.538421 0.00322895
 1369 -0.52 -0.538408 0.00322662
 1370 -0.6 -0.538453 0.00322457
 1371 -0.68 -0.538556 0.00322387
 1372 -0.52 -0.538542 0.00322155
 1373 -0.6 -0.538587 0.00321952
 1374 -0.68 -0.53869 0.00321882
 1375 -0.52 -0.538676 0.0032165
 1376 -0.68 -0.538779 0.00321581
 1377 -0.52 -0.538765 0.0032135
 1378 -0.44 -0.538694 0.00321197
 1379 -0.52 -0.53868 0.00320966
 1380 -0.52 -0.538667 0.00320737
 1381 -0.36 -0.538537 0.00320765
 1382 -0.68 -0.53864 0.00320697
 1383 -0.76 -0.5388 0.00320864
 1384 -0.44 -0.538728 0.00320712
 1385 -0.44 -0.538657 0.00320559
 1386 -0.44 -0.538586 0.00320407
 1387 -0.44 -0.538515 0.00320255
 1388 -0.6 -0.538559 0.00320055
 1389 -0.6 -0.538603 0.00319855
 1390 -0.52 -0.53859 0.00319627
 1391 -0.68 -0.538692 0.00319559
 1392 -0.76 -0.538851 0.00319725
 1393 -0.52 -0.538837 0.00319498
 1394 -0.44 -0.538766 0.00319348
 1395 -0.44 -0.538695 0.00319197
 1396 -0.44 -0.538625 0.00319047
 1397 -0.52 -0.538611 0.00318821
 1398 -0.44 -0.538541 0.00318671
 1399 -0.44 -0.53847 0.00318521
 1400 -0.44 -0.5384 0.00318371
 1401 -0.52 -0.538387 0.00318147
 1402 -0.52 -0.538374 0.00317922
 1403 -0.52 -0.538361 0.00317698
 1404 -0.36 -0.538234 0.00317726
 1405 -0.44 -0.538164 0.00317577
 1406 -0.44 -0.538094 0.00317428
 1407 -0.36 -0.537967 0.00317454
 1408 -0.6 -0.538011 0.00317259
 1409 -0.44 -0.537942 0.0031711
 1410 -0.44 -0.537872 0.00316962
 1411 -0.52 -0.53786 0.00316739
 1412 -0.6 -0.537904 0.00316546
 1413 -0.6 -0.537948 0.00316352
 1414 -0.6 -0.537992 0.00316159
 1415 -0.52 -0.537979 0.00315938
 1416 -0.52 -0.537966 0.00315717
 1417 -0.44 -0.537897 0.0031557
 1418 -0.28 -0.537715 0.00315871
 1419 -0.28 -0.537533 0.00316171
 1420 -0.52 -0.537521 0.0031595
 1421 -0.6 -0.537565 0.00315759
 1422 -0.6 -0.537609 0.00315567
 1423 -0.52 -0.537597 0.00315348
 1424 -0.44 -0.537528 0.00315201
 1425 -0.52 -0.537516 0.00314982
 1426 -0.6 -0.53756 0.00314791
 1427 -0.6 -0.537603 0.00314601
 1428 -0.76 -0.537759 0.00314766
 1429 -0.6 -0.537803 0.00314576
 1430 -0.36 -0.537678 0.00314602
 1431 -0.52 -0.537666 0.00314384
 1432 -0.52 -0.537654 0.00314167
 1433 -0.6 -0.537697 0.00313978
 1434 -0.52 -0.537685 0.00313761
 1435 -0.44 -0.537617 0.00313616
 1436 -0.44 -0.537549 0.00313472
 1437 -0.52 -0.537537 0.00313256
 1438 -0.44 -0.537469 0.00313111
 1439 -0.44 -0.537401 0.00312967
 1440 -0.44 -0.537333 0.00312823
 1441 -0.36 -0.53721 0.00312848
 1442 -0.52 -0.537198 0.00312633
 1443 -0.6 -0.537242 0.00312447
 1444 -0.6 -0.537285 0.0031226
 1445 -0.52 -0.537273 0.00312046
 1446 -0.52 -0.537261 0.00311833
 1447 -0.52 -0.537249 0.0031162
 1448 -0.6 -0.537293 0.00311434
 1449 -0.36 -0.53717 0.0031146
 1450 -0.52 -0.537159 0.00311247
 1451 -0.6 -0.537202 0.00311063
 1452 -0.68 -0.5373 0.00311004
 1453 -0.44 -0.537233 0.00310862
 1454 -0.6 -0.537276 0.00310678
 1455 -0.68 -0.537375 0.0031062
 1456 -0.68 -0.537473 0.00310561
 1457 -0.68 -0.53757 0.00310502
 1458 -0.6 -0.537613 0.00310318
 1459 -0.36 -0.537491 0.00310344
 1460 -0.44 -0.537425 0.00310203
 1461 -0.52 -0.537413 0.00309993
 1462 -0.36 -0.537291 0.00310019
 1463 -0.52 -0.53728 0.00309809
 1464 -0.52 -0.537268 0.003096
 1465 -0.44 -0.537201 0.00309459
 1466 -0.52 -0.53719 0.00309251
 1467 -0.68 -0.537287 0.00309193
 1468 -0.6 -0.53733 0.00309012
 1469 -0.6 -0.537372 0.00308831
 1470 -0.52 -0.537361 0.00308623
 1471 -0.6 -0.537403 0.00308442
 1472 -0.6 -0.537446 0.00308262
 1473 -0.68 -0.537542 0.00308205
 1474 -0.68 -0.537639 0.00308147
 1475 -0.68 -0.537736 0.00308089
 1476 -0.52 -0.537724 0.00307883
 1477 -0.52 -0.537712 0.00307677
 1478 -0.52 -0.5377 0.00307471
 1479 -0.44 -0.537634 0.00307334
 1480 -0.52 -0.537622 0.00307129
 1481 -0.52 -0.53761 0.00306923
 1482 -0.6 -0.537652 0.00306745
 1483 -0.68 -0.537748 0.00306688
 1484 -0.52 -0.537736 0.00306484
 1485 -0.6 -0.537778 0.00306306
 1486 -0.76 -0.537927 0.00306465
 1487 -0.6 -0.537969 0.00306287
 1488 -0.6 -0.538011 0.0030611
 1489 -0.68 -0.538106 0.00306053
 1490 -0.68 -0.538201 0.00305996
 1491 -0.6 -0.538243 0.00305818
 1492 -0.44 -0.538177 0.00305684
 1493 -0.6 -0.538218 0.00305508
 1494 -0.6 -0.53826 0.00305331
 1495 -0.36 -0.53814 0.0030536
 1496 -0.6 -0.538182 0.00305183
 1497 -0.6 -0.538223 0.00305007
 1498 -0.6 -0.538264 0.00304832
 1499 -0.68 -0.538359 0.00304775
 1500 -0.6 -0.5384 0.00304599
 1501 -0.44 -0.538334 0.00304467
 1502 -0.68 -0.538429 0.0030441
 1503 -0.52 -0.538417 0.0030421
 1504 -0.52 -0.538404 0.0030401
 1505 -0.6 -0.538445 0.00303836
 1506 -0.6 -0.538486 0.00303662
 1507 -0.44 -0.538421 0.0030353
 1508 -0.68 -0.538515 0.00303474
 1509 -0.68 -0.538608 0.00303418
 1510 -0.68 -0.538702 0.00303362
 1511 -0.6 -0.538743 0.00303188
 1512 -0.68 -0.538836 0.00303131
 1513 -0.52 -0.538824 0.00302933
 1514 -0.6 -0.538864 0.0030276
 1515 -0.68 -0.538957 0.00302704
 1516 -0.6 -0.538997 0.00302531
 1517 -0.52 -0.538985 0.00302334
 1518 -0.76 -0.53913 0.00302485
 1519 -0.68 -0.539223 0.00302428
 1520 -0.76 -0.539368 0.00302578
 1521 -0.68 -0.539461 0.0030252
 1522 -0.44 -0.539396 0.00302392
 1523 -0.44 -0.53933 0.00302264
 1524 -0.52 -0.539318 0.00302068
 1525 -0.68 -0.53941 0.00302011
 1526 -0.6 -0.53945 0.00301839
 1527 -0.36 -0.539332 0.0030187
 1528 -0.36 -0.539215 0.00301901
 1529 -0.44 -0.53915 0.00301773
 1530 -0.44 -0.539085 0.00301645
 1531 -0.6 -0.539125 0.00301475
 1532 -0.68 -0.539217 0.00301418
 1533 -0.68 -0.539309 0.00301361
 1534 -0.44 -0.539244 0.00301234
 1535 -0.44 -0.539179 0.00301107
 1536 -0.76 -0.539323 0.00301255
 1537 -0.68 -0.539414 0.00301198
 1538 -0.68 -0.539506 0.00301141
 1539 -0.76 -0.539649 0.00301286
 1540 -0.68 -0.53974 0.00301228
 1541 -0.68 -0.539831 0.0030117
 1542 -0.68 -0.539922 0.00301112
 1543 -0.6 -0.539961 0.00300942
 1544 -0.6 -0.54 0.00300772
 1545 -0.36 -0.539883 0.00300803
 1546 -0.76 -0.540026 0.00300945
 1547 -0.68 -0.540116 0.00300887
 1548 -0.52 -0.540103 0.00300695
 1549 -0.52 -0.54009 0.00300504
 1550 -0.52 -0.540077 0.00300312
 1551 -0.6 -0.540116 0.00300144
 1552 -0.6 -0.540155 0.00299975
 1553 -0.44 -0.54009 0.00299851
 1554 -0.68 -0.54018 0.00299793
 1555 -0.68 -0.54027 0.00299735
 1556 -0.2 -0.540051 0.0030034
 1557 -0.6 -0.54009 0.00300172
 1558 -0.6 -0.540128 0.00300004
 1559 -0.52 -0.540115 0.00299814
 1560 -0.44 -0.540051 0.0029969
 1561 -0.6 -0.54009 0.00299523
 1562 -0.52 -0.540077 0.00299334
 1563 -0.68 -0.540166 0.00299276
 1564 -0.6 -0.540205 0.00299109
 1565 -0.6 -0.540243 0.00298942
 1566 -0.52 -0.54023 0.00298754
 1567 -0.28 -0.540064 0.00299025
 1568 -0.52 -0.540051 0.00298837
 1569 -0.44 -0.539987 0.00298715
 1570 -0.52 -0.539975 0.00298527
 1571 -0.68 -0.540064 0.0029847
 1572 -0.44 -0.54 0.00298348
 1573 -0.52 -0.539987 0.00298161
 1574 -0.6 -0.540025 0.00297996
 1575 -0.52 -0.540013 0.00297809
 1576 -0.36 -0.539898 0.00297839
 1577 -0.44 -0.539835 0.00297718
 1578 -0.44 -0.539772 0.00297596
 1579 -0.52 -0.539759 0.00297411
 1580 -0.52 -0.539747 0.00297225
 1581 -0.6 -0.539785 0.00297061
 1582 -0.44 -0.539722 0.0029694
 1583 -0.52 -0.539709 0.00296755
 1584 -0.36 -0.539596 0.00296785
 1585 -0.6 -0.539634 0.00296622
 1586 -0.44 -0.539571 0.00296502
 1587 -0.6 -0.539609 0.00296339
 1588 -0.6 -0.539647 0.00296177
 1589 -0.44 -0.539585 0.00296057
 1590 -0.52 -0.539572 0.00295873
 1591 -0.52 -0.53956 0.0029569
 1592 -0.68 -0.539648 0.00295636
 1593 -0.76 -0.539787 0.00295774
 1594 -0.52 -0.539774 0.00295591
 1595 -0.36 -0.539661 0.0029562
 1596 -0.68 -0.539749 0.00295566
 1597 -0.6 -0.539787 0.00295405
 1598 -0.44 -0.539725 0.00295286
 1599 -0.76 -0.539862 0.00295422
 1600 -0.52 -0.53985 0.0029524
 1601 -0.44 -0.539788 0.00295122
 1602 -0.52 -0.539775 0.0029494
 1603 -0.6 -0.539813 0.0029478
 1604 -0.6 -0.53985 0.0029462
 1605 -0.68 -0.539938 0.00294566
 1606 -0.52 -0.539925 0.00294385
 1607 -0.68 -0.540012 0.00294331
 1608 -0.6 -0.54005 0.00294171
 1609 -0.52 -0.540037 0.00293991
 1610 -0.76 -0.540174 0.00294126
 1611 -0.68 -0.540261 0.00294071
 1612 -0.52 -0.540248 0.00293892
 1613 -0.68 -0.540335 0.00293837
 1614 -0.68 -0.540421 0.00293783
 1615 -0.44 -0.540359 0.00293666
 1616 -0.44 -0.540297 0.0029355
 1617 -0.52 -0.540284 0.00293371
 1618 -0.6 -0.540321 0.00293213
 1619 -0.6 -0.540358 0.00293055
 1620 -0.68 -0.540444 0.00293001
 1621 -0.68 -0.540531 0.00292947
 1622 -0.52 -0.540518 0.00292769
 1623 -0.6 -0.540555 0.00292611
 1624 -0.6 -0.540591 0.00292454
 1625 -0.6 -0.540628 0.00292297
 1626 -0.44 -0.540566 0.00292183
 1627 -0.44 -0.540504 0.00292068
 1628 -0.6 -0.540541 0.00291912
 1629 -0.6 -0.540577 0.00291755
 1630 -0.52 -0.540564 0.00291579
 1631 -0.52 -0.540552 0.00291403
 1632 -0.68 -0.540637 0.0029135
 1633 -0.52 -0.540625 0.00291174
 1634 -0.52 -0.540612 0.00290999
 1635 -0.44 -0.54055 0.00290886
 1636 -0.44 -0.540489 0.00290773
 1637 -0.52 -0.540476 0.00290598
 1638 -0.44 -0.540415 0.00290485
 1639 -0.76 -0.540549 0.00290617
 1640 -0.44 -0.540488 0.00290504
 1641 -0.52 -0.540475 0.0029033
 1642 -0.44 -0.540414 0.00290217
 1643 -0.6 -0.54045 0.00290063
 1644 -0.68 -0.540535 0.00290011
 1645 -0.68 -0.54062 0.00289959
 1646 -0.44 -0.540559 0.00289847
 1647 -0.52 -0.540546 0.00289674
 1648 -0.52 -0.540534 0.00289501
 1649 -0.52 -0.540522 0.00289328
 1650 -0.44 -0.540461 0.00289216
 1651 -0.52 -0.540448 0.00289044
 1652 -0.6 -0.540484 0.00288891
 1653 -0.52 -0.540472 0.00288719
 1654 -0.52 -0.540459 0.00288547
 1655 -0.68 -0.540544 0.00288496
 1656 -0.68 -0.540628 0.00288445
 1657 -0.68 -0.540712 0.00288393
 1658 -0.52 -0.5407 0.00288222
 1659 -0.44 -0.540639 0.00288112
 1660 -0.68 -0.540723 0.00288061
 1661 -0.44 -0.540662 0.00287951
 1662 -0.12 -0.540409 0.00288889
 1663 -0.44 -0.540349 0.00288778
 1664 -0.44 -0.540288 0.00288668
 1665 -0.44 -0.540228 0.00288557
 1666 -0.52 -0.540216 0.00288386
 1667 -0.44 -0.540156 0.00288276
 1668 -0.44 -0.540096 0.00288166
 1669 -0.52 -0.540084 0.00287995
 1670 -0.68 -0.540168 0.00287945
 1671 -0.52 -0.540156 0.00287775
 1672 -0.68 -0.540239 0.00287724
 1673 -0.68 -0.540323 0.00287674
 1674 -0.52 -0.540311 0.00287504
 1675 -0.44 -0.540251 0.00287395
 1676 -0.52 -0.540239 0.00287226
 1677 -0.36 -0.540131 0.00287256
 1678 -0.52 -0.540119 0.00287087
 1679 -0.36 -0.540012 0.00287117
 1680 -0.36 -0.539905 0.00287146
 1681 -0.36 -0.539798 0.00287174
 1682 -0.6 -0.539834 0.00287026
 1683 -0.44 -0.539774 0.00286917
 1684 -0.6 -0.53981 0.00286768
 1685 -0.6 -0.539846 0.0028662
 1686 -0.68 -0.539929 0.00286571
 1687 -0.68 -0.540012 0.00286521
 1688 -0.6 -0.540047 0.00286374
 1689 -0.68 -0.54013 0.00286324
 1690 -0.68 -0.540213 0.00286274
 1691 -0.44 -0.540154 0.00286166
 1692 -0.36 -0.540047 0.00286195
 1693 -0.52 -0.540035 0.00286029
 1694 -0.52 -0.540024 0.00285862
 1695 -0.68 -0.540106 0.00285813
 1696 -0.44 -0.540047 0.00285705
 1697 -0.44 -0.539988 0.00285598
 1698 -0.6 -0.540024 0.00285451
 1699 -0.52 -0.540012 0.00285286
 1700 -0.44 -0.539953 0.00285178
 1701 -0.52 -0.539941 0.00285013
 1702 -0.44 -0.539882 0.00284906
 1703 -0.52 -0.539871 0.00284741
 1704 -0.52 -0.539859 0.00284576
 1705 -0.52 -0.539848 0.00284412
 1706 -0.76 -0.539977 0.00284538
 1707 -0.76 -0.540105 0.00284663
 1708 -0.6 -0.540141 0.00284518
 1709 -0.52 -0.540129 0.00284354
 1710 -0.52 -0.540117 0.0028419
 1711 -0.52 -0.540105 0.00284026
 1712 -0.68 -0.540187 0.00283978
 1713 -0.68 -0.540269 0.00283929
 1714 -0.44 -0.54021 0.00283824
 1715 -0.6 -0.540245 0.0028368
 1716 -0.52 -0.540233 0.00283517
 1717 -0.44 -0.540175 0.00283412
 1718 -0.52 -0.540163 0.00283249
 1719 -0.6 -0.540198 0.00283106
 1720 -0.52 -0.540186 0.00282944
 1721 -0.2 -0.539988 0.00283469
 1722 -0.44 -0.53993 0.00283364
 1723 -0.44 -0.539872 0.00283259
 1724 -0.44 -0.539814 0.00283154
 1725 -0.52 -0.539803 0.00282992
 1726 -0.52 -0.539791 0.0028283
 1727 -0.36 -0.539687 0.00282858
 1728 -0.44 -0.53963 0.00282753
 1729 -0.44 -0.539572 0.00282648
 1730 -0.44 -0.539514 0.00282544
 1731 -0.44 -0.539457 0.00282439
 1732 -0.44 -0.5394 0.00282334
 1733 -0.28 -0.53925 0.00282568
 1734 -0.6 -0.539285 0.00282427
 1735 -0.52 -0.539274 0.00282266
 1736 -0.36 -0.539171 0.00282292
 1737 -0.6 -0.539206 0.00282152
 1738 -0.44 -0.539148 0.00282047
 1739 -0.52 -0.539137 0.00281887
 1740 -0.76 -0.539264 0.00282011
 1741 -0.6 -0.539299 0.0028187
 1742 -0.6 -0.539334 0.0028173
 1743 -0.68 -0.539415 0.00281684
 1744 -0.6 -0.53945 0.00281544
 1745 -0.6 -0.539484 0.00281404
 1746 -0.6 -0.539519 0.00281264
 1747 -0.84 -0.539691 0.00281628
 1748 -0.68 -0.539771 0.00281582
 1749 -0.44 -0.539714 0.00281479
 1750 -0.36 -0.539611 0.00281505
 1751 -0.52 -0.5396 0.00281346
 1752 -0.44 -0.539543 0.00281243
 1753 -0.36 -0.539441 0.00281269
 1754 -0.6 -0.539475 0.0028113
 1755 -0.6 -0.53951 0.00280991
 1756 -0.44 -0.539453 0.00280888
 1757 -0.52 -0.539442 0.0028073
 1758 -0.44 -0.539386 0.00280628
 1759 -0.52 -0.539375 0.0028047
 1760 -0.44 -0.539318 0.00280368
 1761 -0.44 -0.539262 0.00280265
 1762 -0.36 -0.53916 0.00280291
 1763 -0.6 -0.539195 0.00280153
 1764 -0.6 -0.539229 0.00280015
 1765 -0.6 -0.539263 0.00279878
 1766 -0.44 -0.539207 0.00279776
 1767 -0.6 -0.539242 0.00279639
 1768 -0.44 -0.539186 0.00279537
 1769 -0.44 -0.539129 0.00279435
 1770 -0.6 -0.539164 0.00279298
 1771 -0.68 -0.539243 0.00279254
 1772 -0.44 -0.539187 0.00279152
 1773 -0.84 -0.539357 0.0027951
 1774 -0.6 -0.539391 0.00279374
 1775 -0.76 -0.539515 0.00279493
 1776 -0.6 -0.53955 0.00279356
 1777 -0.68 -0.539629 0.0027931
 1778 -0.6 -0.539663 0.00279174
 1779 -0.44 -0.539607 0.00279073
 1780 -0.44 -0.539551 0.00278973
 1781 -0.52 -0.53954 0.00278818
 1782 -0.44 -0.539484 0.00278718
 1783 -0.44 -0.539428 0.00278617
 1784 -0.6 -0.539462 0.00278482
 1785 -0.6 -0.539496 0.00278346
 1786 -0.52 -0.539485 0.00278192
 1787 -0.52 -0.539474 0.00278039
 1788 -0.52 -0.539463 0.00277885
 1789 -0.44 -0.539407 0.00277786
 1790 -0.28 -0.539263 0.00278008
 1791 -0.44 -0.539207 0.00277908
 1792 -0.52 -0.539196 0.00277755
 1793 -0.44 -0.539141 0.00277656
 1794 -0.6 -0.539175 0.00277521
 1795 -0.6 -0.539209 0.00277387
 1796 -0.6 -0.539243 0.00277254
 1797 -0.2 -0.539054 0.00277742
 1798 -0.28 -0.53891 0.00277961
 1799 -0.36 -0.53881 0.00277984
 1800 -0.68 -0.538889 0.0027794
 1801 -0.6 -0.538923 0.00277807
 1802 -0.44 -0.538868 0.00277707
 1803 -0.6 -0.538902 0.00277573
 1804 -0.44 -0.538847 0.00277474
 1805 -0.36 -0.538748 0.00277497
 1806 -0.52 -0.538738 0.00277345
 1807 -0.6 -0.538771 0.00277212
 1808 -0.52 -0.538761 0.00277061
 1809 -0.6 -0.538795 0.00276928
 1810 -0.52 -0.538785 0.00276777
 1811 -0.44 -0.53873 0.00276678
 1812 -0.52 -0.53872 0.00276527
 1813 -0.44 -0.538665 0.00276429
 1814 -0.36 -0.538567 0.00276452
 1815 -0.6 -0.538601 0.0027632
 1816 -0.68 -0.538678 0.00276277
 1817 -0.68 -0.538756 0.00276235
 1818 -0.68 -0.538834 0.00276192
 1819 -0.68 -0.538911 0.00276149
 1820 -0.6 -0.538945 0.00276018
 1821 -0.6 -0.538979 0.00275887
 1822 -0.76 -0.5391 0.00276002
 1823 -0.6 -0.539133 0.00275871
 1824 -0.6 -0.539167 0.0027574
 1825 -0.6 -0.5392 0.00275609
 1826 -0.6 -0.539233 0.00275478
 1827 -0.68 -0.53931 0.00275435
 1828 -0.52 -0.5393 0.00275286
 1829 -0.28 -0.539158 0.00275501
 1830 -0.44 -0.539104 0.00275403
 1831 -0.36 -0.539006 0.00275427
 1832 -0.36 -0.538908 0.0027545
 1833 -0.52 -0.538898 0.00275301
 1834 -0.6 -0.538931 0.00275171
 1835 -0.6 -0.538965 0.00275041
 1836 -0.52 -0.538954 0.00274894
 1837 -0.52 -0.538944 0.00274746
 1838 -0.52 -0.538934 0.00274598
 1839 -0.52 -0.538923 0.00274451
 1840 -0.6 -0.538957 0.00274322
 1841 -0.6 -0.53899 0.00274193
 1842 -0.28 -0.538849 0.00274404
 1843 -0.44 -0.538795 0.00274308
 1844 -0.52 -0.538785 0.00274161
 1845 -0.44 -0.538732 0.00274064
 1846 -0.44 -0.538678 0.00273968
 1847 -0.52 -0.538668 0.00273822
 1848 -0.44 -0.538615 0.00273726
 1849 -0.52 -0.538605 0.00273579
 1850 -0.44 -0.538551 0.00273483
 1851 -0.52 -0.538541 0.00273337
 1852 -0.52 -0.538531 0.00273192
 1853 -0.52 -0.538521 0.00273046
 1854 -0.52 -0.538511 0.002729
 1855 -0.52 -0.538501 0.00272755
 1856 -0.44 -0.538448 0.0027266
 1857 -0.52 -0.538438 0.00272515
 1858 -0.52 -0.538428 0.0027237
 1859 -0.44 -0.538375 0.00272275
 1860 -0.44 -0.538323 0.0027218
 1861 -0.52 -0.538313 0.00272035
 1862 -0.52 -0.538303 0.00271891
 1863 -0.6 -0.538336 0.00271765
 1864 -0.68 -0.538412 0.00271726
 1865 -0.76 -0.538531 0.0027184
 1866 -0.6 -0.538564 0.00271714
 1867 -0.6 -0.538597 0.00271588
 1868 -0.68 -0.538672 0.00271548
 1869 -0.44 -0.53862 0.00271454
 1870 -0.6 -0.538652 0.00271329
 1871 -0.68 -0.538728 0.00271289
 1872 -0.44 -0.538675 0.00271195
 1873 -0.36 -0.53858 0.00271218
 1874 -0.36 -0.538485 0.00271241
 1875 -0.36 -0.538389 0.00271263
 1876 -0.44 -0.538337 0.0027117
 1877 -0.68 -0.538412 0.0027113
 1878 -0.52 -0.538403 0.00270987
 1879 -0.52 -0.538393 0.00270845
 1880 -0.6 -0.538426 0.00270721
 1881 -0.52 -0.538416 0.00270579
 1882 -0.36 -0.538321 0.00270601
 1883 -0.52 -0.538311 0.00270459
 1884 -0.44 -0.538259 0.00270366
 1885 -0.52 -0.538249 0.00270224
 1886 -0.44 -0.538197 0.00270131
 1887 -0.28 -0.53806 0.00270334
 1888 -0.52 -0.538051 0.00270193
 1889 -0.68 -0.538126 0.00270154
 1890 -0.6 -0.538159 0.00270031
 1891 -0.68 -0.538234 0.00269992
 1892 -0.6 -0.538266 0.00269869
 1893 -0.52 -0.538257 0.00269728
 1894 -0.44 -0.538205 0.00269636
 1895 -0.36 -0.538111 0.00269658
 1896 -0.44 -0.538059 0.00269565
 1897 -0.28 -0.537923 0.00269766
 1898 -0.36 -0.537829 0.00269787
 1899 -0.44 -0.537778 0.00269694
 1900 -0.36 -0.537684 0.00269714
 1901 -0.52 -0.537675 0.00269574
 1902 -0.44 -0.537624 0.00269481
 1903 -0.6 -0.537656 0.00269359
 1904 -0.6 -0.537689 0.00269238
 1905 -0.52 -0.53768 0.00269098
 1906 -0.44 -0.537629 0.00269006
 1907 -0.52 -0.537619 0.00268866
 1908 -0.44 -0.537568 0.00268774
 1909 -0.6 -0.537601 0.00268653
 1910 -0.6 -0.537634 0.00268532
 1911 -0.44 -0.537582 0.0026844
 1912 -0.36 -0.53749 0.00268461
 1913 -0.44 -0.537439 0.00268369
 1914 -0.68 -0.537513 0.00268332
 1915 -0.52 -0.537504 0.00268193
 1916 -0.52 -0.537495 0.00268055
 1917 -0.52 -0.537486 0.00267916
 1918 -0.68 -0.53756 0.0026788
 1919 -0.52 -0.537551 0.00267742
 1920 -0.52 -0.537542 0.00267604
 1921 -0.44 -0.537491 0.00267513
 1922 -0.52 -0.537482 0.00267375
 1923 -0.44 -0.537431 0.00267284
 1924 -0.6 -0.537464 0.00267165
 1925 -0.52 -0.537455 0.00267027
 1926 -0.68 -0.537529 0.00266991
 1927 -0.52 -0.537519 0.00266854
 1928 -0.36 -0.537427 0.00266875
 1929 -0.52 -0.537418 0.00266738
 1930 -0.52 -0.537409 0.00266601
 1931 -0.76 -0.537525 0.00266712
 1932 -0.6 -0.537557 0.00266594
 1933 -0.44 -0.537506 0.00266504
 1934 -0.6 -0.537539 0.00266385
 1935 -0.52 -0.53753 0.00266249
 1936 -0.68 -0.537603 0.00266213
 1937 -0.6 -0.537636 0.00266095
 1938 -0.44 -0.537585 0.00266006
 1939 -0.52 -0.537576 0.0026587
 1940 -0.6 -0.537608 0.00265753
 1941 -0.84 -0.537764 0.00266072
 1942 -0.68 -0.537837 0.00266036
 1943 -0.6 -0.537869 0.00265918
 1944 -0.6 -0.537901 0.00265801
 1945 -0.6 -0.537933 0.00265683
 1946 -0.6 -0.537965 0.00265566
 1947 -0.76 -0.538079 0.00265674
 1948 -0.6 -0.538111 0.00265557
 1949 -0.6 -0.538143 0.00265439
 1950 -0.68 -0.538215 0.00265403
 1951 -0.52 -0.538206 0.00265269
 1952 -0.68 -0.538279 0.00265232
 1953 -0.36 -0.538187 0.00265253
 1954 -0.36 -0.538096 0.00265274
 1955 -0.6 -0.538128 0.00265158
 1956 -0.6 -0.53816 0.00265041
 1957 -0.68 -0.538232 0.00265004
 1958 -0.68 -0.538304 0.00264968
 1959 -0.6 -0.538336 0.00264851
 1960 -0.44 -0.538286 0.00264764
 1961 -0.44 -0.538236 0.00264676
 1962 -0.52 -0.538226 0.00264543
 1963 -0.36 -0.538136 0.00264564
 1964 -0.28 -0.538004 0.00264756
 1965 -0.44 -0.537954 0.00264668
 1966 -0.44 -0.537904 0.0026458
 1967 -0.52 -0.537895 0.00264447
 1968 -0.36 -0.537805 0.00264467
 1969 -0.6 -0.537836 0.00264352
 1970 -0.68 -0.537909 0.00264316
 1971 -0.44 -0.537859 0.00264229
 1972 -0.44 -0.537809 0.00264141
 1973 -0.44 -0.53776 0.00264054
 1974 -0.52 -0.537751 0.00263922
 1975 -0.6 -0.537782 0.00263807
 1976 -0.36 -0.537692 0.00263827
 1977 -0.36 -0.537602 0.00263846
 1978 -0.52 -0.537594 0.00263714
 1979 -0.68 -0.537665 0.00263679
 1980 -0.6 -0.537697 0.00263565
 1981 -0.52 -0.537688 0.00263433
 1982 -0.68 -0.53776 0.00263398
 1983 -0.36 -0.53767 0.00263418
 1984 -0.52 -0.537661 0.00263287
 1985 -0.52 -0.537652 0.00263156
 1986 -0.52 -0.537644 0.00263025
 1987 -0.68 -0.537715 0.0026299
 1988 -0.6 -0.537746 0.00262876
 1989 -0.44 -0.537697 0.0026279
 1990 -0.52 -0.537688 0.00262659
 1991 -0.68 -0.53776 0.00262625
 1992 -0.52 -0.537751 0.00262494
 1993 -0.52 -0.537742 0.00262364
 1994 -0.44 -0.537693 0.00262278
 1995 -0.44 -0.537644 0.00262192
 1996 -0.52 -0.537635 0.00262063
 1997 -0.44 -0.537586 0.00261977
 1998 -0.6 -0.537618 0.00261864
 1999 -0.44 -0.537569 0.00261779
 2000 -0.44 -0.53752 0.00261694
