 1 0 0 0
 2 0 0 0
 3 -6.14656e-16 -2.04885e-16 2.04885e-16
 4 -6.14656e-16 -3.07328e-16 1.77436e-16
 5 0 -2.45863e-16 1.50559e-16
 6 -1.22931e-15 -4.09771e-16 2.04885e-16
 7 -6.14656e-16 -4.3904e-16 1.75616e-16
 8 -1.22931e-15 -5.37824e-16 1.81353e-16
 9 -1.22931e-15 -6.14656e-16 1.77436e-16
 10 -6.14656e-16 -6.14656e-16 1.58704e-16
 11 -6.14656e-16 -6.14656e-16 1.43553e-16
 12 0 -5.63435e-16 1.407e-16
 13 -1.53664e-16 -5.31914e-16 1.33208e-16
 14 3.07328e-16 -4.71968e-16 1.37124e-16
 15 0 -4.40504e-16 1.31476e-16
 16 0 -4.12972e-16 1.26029e-16
 17 -6.14656e-16 -4.24836e-16 1.18976e-16
 18 0 -4.01234e-16 1.14628e-16
 19 0 -3.80116e-16 1.10465e-16
 20 -6.14656e-16 -3.91843e-16 1.0545e-16
 21 -6.14656e-16 -4.02454e-16 1.00863e-16
 22 3.07328e-16 -3.70191e-16 1.01436e-16
 23 0 -3.54096e-16 9.82529e-17
 24 0 -3.39342e-16 9.522e-17
 25 -1.22931e-15 -3.7494e-16 9.80244e-17
 26 -6.14656e-16 -3.8416e-16 9.4629e-17
 27 0 -3.69932e-16 9.21617e-17
 28 -6.14656e-16 -3.78672e-16 8.92383e-17
 29 -1.53664e-16 -3.70913e-16 8.6455e-17
 30 3.07328e-16 -3.48305e-16 8.65291e-17
 31 0 -3.3707e-16 8.44422e-17
 32 0 -3.26536e-16 8.24365e-17
 33 -1.22931e-15 -3.53893e-16 8.4453e-17
 34 0 -3.43484e-16 8.259e-17
 35 -1.22931e-15 -3.68794e-16 8.40945e-17
 36 -1.22931e-15 -3.92697e-16 8.51491e-17
 37 -1.22931e-15 -4.15308e-16 8.58471e-17
 38 -1.22931e-15 -4.3673e-16 8.62596e-17
 39 0 -4.25531e-16 8.47617e-17
 40 -1.22931e-15 -4.45626e-16 8.50241e-17
 41 -1.22931e-15 -4.6474e-16 8.50989e-17
 42 3.07328e-16 -4.46358e-16 8.50582e-17
 43 -1.53664e-16 -4.39551e-16 8.3335e-17
 44 0 -4.29561e-16 8.20295e-17
 45 -6.14656e-16 -4.33674e-16 8.02914e-17
 46 -6.14656e-16 -4.37609e-16 7.8625e-17
 47 0 -4.28298e-16 7.74953e-17
 48 0 -4.19375e-16 7.63866e-17
 49 0 -4.10816e-16 7.52994e-17
 50 0 -4.026e-16 7.42342e-17
 51 -1.22931e-15 -4.1881e-16 7.45478e-17
 52 3.07328e-16 -4.04846e-16 7.44219e-17
 53 -6.14656e-16 -4.08804e-16 7.31115e-17
 54 3.07328e-16 -3.95543e-16 7.29602e-17
 55 3.07328e-16 -3.82763e-16 7.27526e-17
 56 0 -3.75928e-16 7.17678e-17
 57 -6.14656e-16 -3.80116e-16 7.06218e-17
 58 -6.14656e-16 -3.8416e-16 6.95112e-17
 59 -6.14656e-16 -3.88067e-16 6.84345e-17
 60 0 -3.81599e-16 6.75944e-17
 61 3.07328e-16 -3.70305e-16 6.74296e-17
 62 3.07328e-16 -3.59376e-16 6.72275e-17
 63 0 -3.53671e-16 6.63973e-17
 64 0 -3.48145e-16 6.55848e-17
 65 0 -3.42789e-16 6.47897e-17
 66 -1.22931e-15 -3.56221e-16 6.51991e-17
 67 0 -3.50905e-16 6.44384e-17
 68 -1.22931e-15 -3.63822e-16 6.47846e-17
 69 0 -3.5855e-16 6.40562e-17
 70 -6.14656e-16 -3.62208e-16 6.32404e-17
 71 -6.14656e-16 -3.65764e-16 6.24446e-17
 72 -6.14656e-16 -3.69221e-16 6.16682e-17
 73 -6.14656e-16 -3.72583e-16 6.09104e-17
 74 0 -3.67548e-16 6.02923e-17
 75 3.07328e-16 -3.5855e-16 6.01597e-17
 76 0 -3.53832e-16 5.955e-17
 77 3.07328e-16 -3.45245e-16 5.93955e-17
 78 -6.14656e-16 -3.48699e-16 5.87307e-17
 79 0 -3.44285e-16 5.81503e-17
 80 -6.14656e-16 -3.47665e-16 5.75182e-17
 81 0 -3.43373e-16 5.69656e-17
 82 0 -3.39185e-16 5.64222e-17
 83 -1.22931e-15 -3.4991e-16 5.67606e-17
 84 -6.14656e-16 -3.53062e-16 5.61693e-17
 85 0 -3.48908e-16 5.56598e-17
 86 0 -3.44851e-16 5.51581e-17
 87 0 -3.40887e-16 5.46644e-17
 88 -1.22931e-15 -3.50983e-16 5.49746e-17
 89 0 -3.47039e-16 5.44962e-17
 90 0 -3.43183e-16 5.40251e-17
 91 0 -3.39412e-16 5.35611e-17
 92 0 -3.35723e-16 5.3104e-17
 93 -6.14656e-16 -3.38722e-16 5.26154e-17
 94 -6.14656e-16 -3.41657e-16 5.21354e-17
 95 0 -3.38061e-16 5.17089e-17
 96 0 -3.3454e-16 5.12885e-17
 97 -1.22931e-15 -3.43764e-16 5.15884e-17
 98 0 -3.40256e-16 5.11796e-17
 99 0 -3.36819e-16 5.07764e-17
 100 0 -3.33451e-16 5.03788e-17
 101 0 -3.3015e-16 4.99867e-17
 102 -6.14656e-16 -3.32939e-16 4.95727e-17
 103 0 -3.29706e-16 4.91954e-17
 104 3.07328e-16 -3.23581e-16 4.91036e-17
 105 3.07328e-16 -3.17572e-16 4.90035e-17
 106 -1.53664e-16 -3.16026e-16 4.85636e-17
 107 -6.14656e-16 -3.18817e-16 4.81885e-17
 108 0 -3.15865e-16 4.78314e-17
 109 -6.14656e-16 -3.18606e-16 4.74697e-17
 110 0 -3.1571e-16 4.71253e-17
 111 0 -3.12866e-16 4.67854e-17
 112 0 -3.10072e-16 4.64498e-17
 113 -6.14656e-16 -3.12768e-16 4.61158e-17
 114 -1.22931e-15 -3.20807e-16 4.64112e-17
 115 0 -3.18018e-16 4.60903e-17
 116 0 -3.15276e-16 4.57734e-17
 117 0 -3.12582e-16 4.54604e-17
 118 0 -3.09933e-16 4.51513e-17
 119 0 -3.07328e-16 4.4846e-17
 120 0 -3.04767e-16 4.45444e-17
 121 -6.14656e-16 -3.07328e-16 4.42489e-17
 122 -1.22931e-15 -3.14885e-16 4.45306e-17
 123 0 -3.12325e-16 4.42413e-17
 124 0 -3.09807e-16 4.39552e-17
 125 3.07328e-16 -3.0487e-16 4.38808e-17
 126 -1.53664e-16 -3.0367e-16 4.35477e-17
 127 0 -3.01278e-16 4.32695e-17
 128 0 -2.98925e-16 4.29947e-17
 129 -1.22931e-15 -3.06137e-16 4.32654e-17
 130 3.07328e-16 -3.01418e-16 4.31899e-17
 131 0 -2.99117e-16 4.29207e-17
 132 -1.22931e-15 -3.06164e-16 4.31733e-17
 133 0 -3.03862e-16 4.29092e-17
 134 3.07328e-16 -2.99301e-16 4.28313e-17
 135 3.07328e-16 -2.94807e-16 4.27497e-17
 136 0 -2.9264e-16 4.24895e-17
 137 0 -2.90504e-16 4.22323e-17
 138 0 -2.88399e-16 4.1978e-17
 139 -6.14656e-16 -2.90746e-16 4.17409e-17
 140 0 -2.88669e-16 4.14937e-17
 141 0 -2.86622e-16 4.12492e-17
 142 -1.22931e-15 -2.9326e-16 4.14922e-17
 143 -1.22931e-15 -2.99806e-16 4.17178e-17
 144 0 -2.97724e-16 4.14794e-17
 145 -1.22931e-15 -3.04149e-16 4.16903e-17
 146 0 -3.02066e-16 4.14562e-17
 147 -1.22931e-15 -3.08374e-16 4.16536e-17
 148 -6.14656e-16 -3.10443e-16 4.14229e-17
 149 0 -3.08359e-16 4.11967e-17
 150 3.07328e-16 -3.04255e-16 4.11264e-17
 151 0 -3.0224e-16 4.09028e-17
 152 -6.14656e-16 -3.04295e-16 4.06848e-17
 153 -1.53664e-16 -3.03311e-16 4.043e-17
 154 3.07328e-16 -2.99346e-16 4.03619e-17
 155 0 -2.97414e-16 4.01471e-17
 156 -6.14656e-16 -2.99448e-16 3.99407e-17
 157 -6.14656e-16 -3.01456e-16 3.97362e-17
 158 -6.14656e-16 -3.03438e-16 3.95337e-17
 159 -1.22931e-15 -3.09261e-16 3.97135e-17
 160 -1.22931e-15 -3.15011e-16 3.98812e-17
 161 -6.14656e-16 -3.16873e-16 3.96764e-17
 162 3.07328e-16 -3.13019e-16 3.96186e-17
 163 -1.53664e-16 -3.12042e-16 3.93869e-17
 164 0 -3.10139e-16 3.91922e-17
 165 -6.14656e-16 -3.11985e-16 3.89976e-17
 166 -1.22931e-15 -3.17511e-16 3.91539e-17
 167 -1.22931e-15 -3.22971e-16 3.92999e-17
 168 3.07328e-16 -3.19219e-16 3.9245e-17
 169 -1.53664e-16 -3.18239e-16 3.90244e-17
 170 0 -3.16367e-16 3.88393e-17
 171 0 -3.14517e-16 3.86558e-17
 172 0 -3.12689e-16 3.84739e-17
 173 -1.22931e-15 -3.17987e-16 3.86161e-17
 174 0 -3.16159e-16 3.84369e-17
 175 0 -3.14353e-16 3.82594e-17
 176 -1.22931e-15 -3.19551e-16 3.83949e-17
 177 0 -3.17746e-16 3.82201e-17
 178 0 -3.15961e-16 3.80466e-17
 179 -6.14656e-16 -3.1763e-16 3.78703e-17
 180 -6.14656e-16 -3.1928e-16 3.76954e-17
 181 -6.14656e-16 -3.20912e-16 3.75221e-17
 182 -6.14656e-16 -3.22526e-16 3.73502e-17
 183 -6.14656e-16 -3.24122e-16 3.71799e-17
 184 -6.14656e-16 -3.25701e-16 3.70109e-17
 185 0 -3.23941e-16 3.68524e-17
 186 0 -3.22199e-16 3.66951e-17
 187 0 -3.20476e-16 3.6539e-17
 188 0 -3.18771e-16 3.63841e-17
 189 0 -3.17085e-16 3.62303e-17
 190 0 -3.15416e-16 3.60778e-17
 191 -1.22931e-15 -3.20201e-16 3.62059e-17
 192 0 -3.18533e-16 3.60555e-17
 193 0 -3.16882e-16 3.59061e-17
 194 -6.14656e-16 -3.18417e-16 3.57535e-17
 195 -6.14656e-16 -3.19937e-16 3.56021e-17
 196 -6.14656e-16 -3.2144e-16 3.54519e-17
 197 0 -3.19809e-16 3.53092e-17
 198 -6.14656e-16 -3.21298e-16 3.5162e-17
 199 -6.14656e-16 -3.22772e-16 3.50159e-17
 200 0 -3.21158e-16 3.48777e-17
 201 3.07328e-16 -3.18031e-16 3.48443e-17
 202 -6.14656e-16 -3.195e-16 3.47025e-17
 203 -6.14656e-16 -3.20954e-16 3.45617e-17
 204 -6.14656e-16 -3.22393e-16 3.4422e-17
 205 0 -3.20821e-16 3.42898e-17
 206 0 -3.19263e-16 3.41584e-17
 207 0 -3.17721e-16 3.4028e-17
 208 0 -3.16193e-16 3.38984e-17
 209 -6.14656e-16 -3.17621e-16 3.3766e-17
 210 -6.14656e-16 -3.19036e-16 3.36346e-17
 211 -6.14656e-16 -3.20437e-16 3.35041e-17
 212 0 -3.18925e-16 3.338e-17
 213 -1.22931e-15 -3.232e-16 3.34967e-17
 214 -6.14656e-16 -3.24562e-16 3.33676e-17
 215 0 -3.23052e-16 3.32463e-17
 216 0 -3.21556e-16 3.31258e-17
 217 3.07328e-16 -3.18658e-16 3.30999e-17
 218 3.07328e-16 -3.15787e-16 3.30727e-17
 219 3.07328e-16 -3.12941e-16 3.3044e-17
 220 -6.14656e-16 -3.14313e-16 3.29221e-17
 221 -6.14656e-16 -3.15672e-16 3.28009e-17
 222 0 -3.1425e-16 3.26838e-17
 223 -6.14656e-16 -3.15597e-16 3.25648e-17
 224 -1.22931e-15 -3.19676e-16 3.26747e-17
 225 0 -3.18255e-16 3.25601e-17
 226 3.07328e-16 -3.15487e-16 3.25337e-17
 227 -6.14656e-16 -3.16805e-16 3.24169e-17
 228 0 -3.15416e-16 3.23043e-17
 229 0 -3.14038e-16 3.21924e-17
 230 0 -3.12673e-16 3.20812e-17
 231 0 -3.11319e-16 3.19707e-17
 232 0 -3.09978e-16 3.18608e-17
 233 -6.14656e-16 -3.11285e-16 3.17507e-17
 234 -6.14656e-16 -3.12582e-16 3.16413e-17
 235 -6.14656e-16 -3.13867e-16 3.15326e-17
 236 -6.14656e-16 -3.15142e-16 3.14246e-17
 237 -6.14656e-16 -3.16405e-16 3.13172e-17
 238 0 -3.15076e-16 3.12137e-17
 239 0 -3.13758e-16 3.11107e-17
 240 -6.14656e-16 -3.15011e-16 3.10062e-17
 241 -6.14656e-16 -3.16255e-16 3.09023e-17
 242 -6.14656e-16 -3.17488e-16 3.0799e-17
 243 0 -3.16181e-16 3.06998e-17
 244 0 -3.14885e-16 3.06012e-17
 245 -1.53664e-16 -3.14227e-16 3.04831e-17
 246 -1.53664e-16 -3.13575e-16 3.0366e-17
 247 0 -3.12305e-16 3.02694e-17
 248 0 -3.11046e-16 3.01734e-17
 249 0 -3.09797e-16 3.0078e-17
 250 -1.53664e-16 -3.09172e-16 2.99639e-17
 251 3.07328e-16 -3.06716e-16 2.99452e-17
 252 3.07328e-16 -3.04279e-16 2.99255e-17
 253 -1.22931e-15 -3.07936e-16 3.00304e-17
 254 0 -3.06723e-16 2.99365e-17
 255 0 -3.0552e-16 2.98431e-17
 256 0 -3.04327e-16 2.97503e-17
 257 0 -3.03143e-16 2.96579e-17
 258 -6.14656e-16 -3.0435e-16 2.95674e-17
 259 0 -3.03175e-16 2.94765e-17
 260 0 -3.02009e-16 2.9386e-17
 261 -6.14656e-16 -3.03207e-16 2.92977e-17
 262 0 -3.0205e-16 2.92086e-17
 263 0 -3.00901e-16 2.912e-17
 264 -6.14656e-16 -3.0209e-16 2.90338e-17
 265 0 -3.0095e-16 2.89465e-17
 266 0 -2.99818e-16 2.88596e-17
 267 0 -2.98695e-16 2.87733e-17
 268 -1.22931e-15 -3.02168e-16 2.88753e-17
 269 0 -3.01045e-16 2.87896e-17
 270 0 -2.9993e-16 2.87045e-17
 271 0 -2.98823e-16 2.86198e-17
 272 -6.14656e-16 -2.99984e-16 2.8538e-17
 273 0 -2.98885e-16 2.84545e-17
 274 -1.53664e-16 -2.98355e-16 2.83554e-17
 275 3.07328e-16 -2.96153e-16 2.83378e-17
 276 0 -2.9508e-16 2.82553e-17
 277 -6.14656e-16 -2.96233e-16 2.81768e-17
 278 -1.22931e-15 -2.9959e-16 2.82752e-17
 279 0 -2.98516e-16 2.81941e-17
 280 3.07328e-16 -2.96352e-16 2.81764e-17
 281 -6.14656e-16 -2.97485e-16 2.80988e-17
 282 0 -2.9643e-16 2.80189e-17
 283 0 -2.95383e-16 2.79393e-17
 284 0 -2.94342e-16 2.78602e-17
 285 0 -2.9331e-16 2.77815e-17
 286 -1.22931e-15 -2.96582e-16 2.78769e-17
 287 -1.22931e-15 -2.99832e-16 2.79691e-17
 288 -6.14656e-16 -3.00926e-16 2.78932e-17
 289 0 -2.99884e-16 2.7816e-17
 290 3.07328e-16 -2.9779e-16 2.77989e-17
 291 0 -2.96767e-16 2.77221e-17
 292 -1.53664e-16 -2.96277e-16 2.76314e-17
 293 -6.14656e-16 -2.97364e-16 2.75583e-17
 294 0 -2.96352e-16 2.74831e-17
 295 0 -2.95348e-16 2.74082e-17
 296 0 -2.9435e-16 2.73336e-17
 297 0 -2.93359e-16 2.72595e-17
 298 0 -2.92374e-16 2.71857e-17
 299 -6.14656e-16 -2.93452e-16 2.7116e-17
 300 -6.14656e-16 -2.94523e-16 2.70467e-17
 301 -1.22931e-15 -2.97628e-16 2.7135e-17
 302 0 -2.96643e-16 2.70629e-17
 303 0 -2.95664e-16 2.69912e-17
 304 0 -2.94691e-16 2.69199e-17
 305 0 -2.93725e-16 2.68488e-17
 306 -6.14656e-16 -2.94774e-16 2.67815e-17
 307 0 -2.93814e-16 2.67114e-17
 308 -6.14656e-16 -2.94855e-16 2.66449e-17
 309 0 -2.93901e-16 2.65757e-17
 310 0 -2.92953e-16 2.65068e-17
 311 -1.22931e-15 -2.95964e-16 2.65924e-17
 312 0 -2.95015e-16 2.6524e-17
 313 -1.22931e-15 -2.98e-16 2.66071e-17
 314 0 -2.97051e-16 2.65392e-17
 315 0 -2.96108e-16 2.64716e-17
 316 0 -2.95171e-16 2.64043e-17
 317 -1.53664e-16 -2.94725e-16 2.63247e-17
 318 0 -2.93798e-16 2.62581e-17
 319 -1.53664e-16 -2.93359e-16 2.61794e-17
 320 -1.53664e-16 -2.92922e-16 2.61011e-17
 321 -6.14656e-16 -2.93924e-16 2.60389e-17
 322 0 -2.93012e-16 2.5974e-17
 323 0 -2.92104e-16 2.59093e-17
 324 3.07328e-16 -2.90254e-16 2.58954e-17
 325 -1.22931e-15 -2.93144e-16 2.59768e-17
 326 0 -2.92245e-16 2.59126e-17
 327 -6.14656e-16 -2.93231e-16 2.58521e-17
 328 0 -2.92337e-16 2.57886e-17
 329 -6.14656e-16 -2.93316e-16 2.57288e-17
 330 0 -2.92427e-16 2.56661e-17
 331 -6.14656e-16 -2.93401e-16 2.56069e-17
 332 -1.22931e-15 -2.9622e-16 2.56849e-17
 333 -6.14656e-16 -2.97176e-16 2.56255e-17
 334 0 -2.96286e-16 2.55641e-17
 335 -1.22931e-15 -2.99072e-16 2.56394e-17
 336 0 -2.98182e-16 2.55785e-17
 337 3.07328e-16 -2.96385e-16 2.55657e-17
 338 -1.22931e-15 -2.99145e-16 2.56389e-17
 339 0 -2.98262e-16 2.55784e-17
 340 0 -2.97385e-16 2.55182e-17
 341 0 -2.96513e-16 2.54582e-17
 342 0 -2.95646e-16 2.53984e-17
 343 3.07328e-16 -2.93888e-16 2.53852e-17
 344 -6.14656e-16 -2.94821e-16 2.53285e-17
 345 -1.22931e-15 -2.97529e-16 2.53998e-17
 346 0 -2.96669e-16 2.53409e-17
 347 0 -2.95814e-16 2.52822e-17
 348 -6.14656e-16 -2.96731e-16 2.52261e-17
 349 -6.14656e-16 -2.97642e-16 2.51702e-17
 350 0 -2.96791e-16 2.51126e-17
 351 0 -2.95946e-16 2.50552e-17
 352 -6.14656e-16 -2.96851e-16 2.50003e-17
 353 -6.14656e-16 -2.97751e-16 2.49456e-17
 354 -6.14656e-16 -2.98647e-16 2.48912e-17
 355 -1.22931e-15 -3.01268e-16 2.4959e-17
 356 0 -3.00422e-16 2.49032e-17
 357 -1.22931e-15 -3.03024e-16 2.49693e-17
 358 0 -3.02177e-16 2.49138e-17
 359 -6.14656e-16 -3.03048e-16 2.48596e-17
 360 -1.22931e-15 -3.05621e-16 2.49236e-17
 361 0 -3.04774e-16 2.48689e-17
 362 0 -3.03932e-16 2.48144e-17
 363 -6.14656e-16 -3.04788e-16 2.47607e-17
 364 0 -3.03951e-16 2.47068e-17
 365 0 -3.03118e-16 2.46531e-17
 366 0 -3.0229e-16 2.45996e-17
 367 -6.14656e-16 -3.03141e-16 2.45472e-17
 368 0 -3.02317e-16 2.44943e-17
 369 0 -3.01498e-16 2.44415e-17
 370 0 -3.00683e-16 2.4389e-17
 371 -1.22931e-15 -3.03186e-16 2.44516e-17
 372 0 -3.02371e-16 2.43994e-17
 373 0 -3.01561e-16 2.43474e-17
 374 0 -3.00754e-16 2.42956e-17
 375 0 -2.99952e-16 2.4244e-17
 376 -6.14656e-16 -3.00789e-16 2.41939e-17
 377 -6.14656e-16 -3.01622e-16 2.4144e-17
 378 0 -3.00824e-16 2.40933e-17
 379 0 -3.0003e-16 2.40427e-17
 380 -1.53664e-16 -2.99645e-16 2.39825e-17
 381 0 -2.98858e-16 2.39324e-17
 382 0 -2.98076e-16 2.38824e-17
 383 0 -2.97298e-16 2.38327e-17
 384 -1.22931e-15 -2.99725e-16 2.38942e-17
 385 -1.22931e-15 -3.0214e-16 2.3954e-17
 386 0 -3.01357e-16 2.39047e-17
 387 0 -3.00578e-16 2.38556e-17
 388 -6.14656e-16 -3.01388e-16 2.38078e-17
 389 -1.22931e-15 -3.03773e-16 2.3866e-17
 390 -6.14656e-16 -3.0457e-16 2.38181e-17
 391 0 -3.03791e-16 2.37698e-17
 392 0 -3.03016e-16 2.37218e-17
 393 -6.14656e-16 -3.03809e-16 2.36746e-17
 394 0 -3.03038e-16 2.36271e-17
 395 0 -3.02271e-16 2.35797e-17
 396 3.07328e-16 -3.00731e-16 2.35704e-17
 397 0 -2.99974e-16 2.35231e-17
 398 -1.22931e-15 -3.02309e-16 2.35798e-17
 399 0 -3.01551e-16 2.35329e-17
 400 0 -3.00797e-16 2.34861e-17
 401 -6.14656e-16 -3.0158e-16 2.34405e-17
 402 -1.22931e-15 -3.03888e-16 2.34957e-17
 403 -6.14656e-16 -3.04659e-16 2.345e-17
 404 0 -3.03905e-16 2.34041e-17
 405 -6.14656e-16 -3.04672e-16 2.33588e-17
 406 -6.14656e-16 -3.05436e-16 2.33137e-17
 407 -6.14656e-16 -3.06196e-16 2.32688e-17
 408 0 -3.05445e-16 2.32238e-17
 409 0 -3.04698e-16 2.3179e-17
 410 -6.14656e-16 -3.05454e-16 2.31347e-17
 411 -1.22931e-15 -3.07702e-16 2.31876e-17
 412 -1.22931e-15 -3.09939e-16 2.32391e-17
 413 0 -3.09189e-16 2.31949e-17
 414 -1.22931e-15 -3.11411e-16 2.32453e-17
 415 0 -3.10661e-16 2.32014e-17
 416 0 -3.09914e-16 2.31576e-17
 417 0 -3.09171e-16 2.3114e-17
 418 3.07328e-16 -3.07696e-16 2.31057e-17
 419 -6.14656e-16 -3.08428e-16 2.30621e-17
 420 -1.53664e-16 -3.0806e-16 2.30101e-17
 421 -1.22931e-15 -3.10248e-16 2.30595e-17
 422 0 -3.09513e-16 2.30165e-17
 423 -1.22931e-15 -3.11687e-16 2.30647e-17
 424 -1.22931e-15 -3.13852e-16 2.31118e-17
 425 0 -3.13113e-16 2.30692e-17
 426 0 -3.12378e-16 2.30267e-17
 427 0 -3.11647e-16 2.29844e-17
 428 0 -3.10918e-16 2.29422e-17
 429 0 -3.10194e-16 2.29001e-17
 430 0 -3.09472e-16 2.28582e-17
 431 0 -3.08754e-16 2.28164e-17
 432 -1.22931e-15 -3.10885e-16 2.2863e-17
 433 0 -3.10167e-16 2.28215e-17
 434 -1.22931e-15 -3.12285e-16 2.28671e-17
 435 -1.22931e-15 -3.14393e-16 2.29117e-17
 436 0 -3.13672e-16 2.28704e-17
 437 0 -3.12954e-16 2.28293e-17
 438 0 -3.1224e-16 2.27883e-17
 439 0 -3.11529e-16 2.27475e-17
 440 3.07328e-16 -3.10122e-16 2.27393e-17
 441 0 -3.09419e-16 2.26985e-17
 442 -6.14656e-16 -3.10109e-16 2.26577e-17
 443 -6.14656e-16 -3.10797e-16 2.26169e-17
 444 0 -3.10097e-16 2.25768e-17
 445 -6.14656e-16 -3.10781e-16 2.25364e-17
 446 -1.53664e-16 -3.10429e-16 2.24885e-17
 447 3.07328e-16 -3.09047e-16 2.24807e-17
 448 3.07328e-16 -3.07671e-16 2.24726e-17
 449 0 -3.06986e-16 2.2433e-17
 450 0 -3.06304e-16 2.23935e-17
 451 -1.22931e-15 -3.0835e-16 2.24373e-17
 452 -1.22931e-15 -3.10388e-16 2.24801e-17
 453 -6.14656e-16 -3.1106e-16 2.24405e-17
 454 0 -3.10374e-16 2.24015e-17
 455 -6.14656e-16 -3.11043e-16 2.23622e-17
 456 0 -3.10361e-16 2.23235e-17
 457 3.07328e-16 -3.09009e-16 2.23156e-17
 458 0 -3.08335e-16 2.2277e-17
 459 0 -3.07663e-16 2.22386e-17
 460 0 -3.06994e-16 2.22003e-17
 461 -1.22931e-15 -3.08995e-16 2.22422e-17
 462 -1.22931e-15 -3.10987e-16 2.22833e-17
 463 0 -3.10315e-16 2.22452e-17
 464 0 -3.09646e-16 2.22073e-17
 465 0 -3.0898e-16 2.21695e-17
 466 0 -3.08317e-16 2.21318e-17
 467 0 -3.07657e-16 2.20942e-17
 468 -1.22931e-15 -3.09627e-16 2.21348e-17
 469 -1.22931e-15 -3.11588e-16 2.21744e-17
 470 -1.53664e-16 -3.11252e-16 2.21297e-17
 471 -1.53664e-16 -3.10917e-16 2.20852e-17
 472 3.07328e-16 -3.09607e-16 2.20773e-17
 473 0 -3.08953e-16 2.20403e-17
 474 -6.14656e-16 -3.09597e-16 2.20032e-17
 475 0 -3.08946e-16 2.19665e-17
 476 3.07328e-16 -3.07651e-16 2.19585e-17
 477 0 -3.07006e-16 2.19219e-17
 478 -1.53664e-16 -3.06685e-16 2.18783e-17
 479 0 -3.06045e-16 2.1842e-17
 480 -6.14656e-16 -3.06688e-16 2.18059e-17
 481 -6.14656e-16 -3.07328e-16 2.17699e-17
 482 -6.14656e-16 -3.07966e-16 2.17341e-17
 483 0 -3.07328e-16 2.16984e-17
 484 -6.14656e-16 -3.07963e-16 2.16628e-17
 485 0 -3.07328e-16 2.16274e-17
 486 0 -3.06696e-16 2.15922e-17
 487 -1.22931e-15 -3.0859e-16 2.16309e-17
 488 0 -3.07958e-16 2.15958e-17
 489 3.07328e-16 -3.067e-16 2.15883e-17
 490 -1.53664e-16 -3.06387e-16 2.15464e-17
 491 -6.14656e-16 -3.07015e-16 2.15117e-17
 492 -6.14656e-16 -3.0764e-16 2.1477e-17
 493 0 -3.07016e-16 2.14425e-17
 494 -6.14656e-16 -3.07639e-16 2.14081e-17
 495 0 -3.07018e-16 2.13738e-17
 496 0 -3.06399e-16 2.13397e-17
 497 -6.14656e-16 -3.07019e-16 2.13057e-17
 498 0 -3.06402e-16 2.12718e-17
 499 -6.14656e-16 -3.0702e-16 2.12382e-17
 500 0 -3.06406e-16 2.12045e-17
 501 0 -3.05795e-16 2.1171e-17
 502 0 -3.05185e-16 2.11376e-17
 503 0 -3.04579e-16 2.11042e-17
 504 3.07328e-16 -3.03365e-16 2.10973e-17
 505 0 -3.02764e-16 2.1064e-17
 506 0 -3.02166e-16 2.10309e-17
 507 0 -3.0157e-16 2.09978e-17
 508 -6.14656e-16 -3.02186e-16 2.09655e-17
 509 -1.22931e-15 -3.04007e-16 2.10034e-17
 510 0 -3.03411e-16 2.09706e-17
 511 0 -3.02817e-16 2.0938e-17
 512 0 -3.02226e-16 2.09054e-17
 513 0 -3.01637e-16 2.08729e-17
 514 -6.14656e-16 -3.02246e-16 2.08412e-17
 515 -6.14656e-16 -3.02853e-16 2.08095e-17
 516 0 -3.02266e-16 2.07775e-17
 517 -6.14656e-16 -3.0287e-16 2.0746e-17
 518 0 -3.02285e-16 2.07142e-17
 519 -6.14656e-16 -3.02887e-16 2.0683e-17
 520 -6.14656e-16 -3.03487e-16 2.06519e-17
 521 0 -3.02904e-16 2.06204e-17
 522 -6.14656e-16 -3.03501e-16 2.05896e-17
 523 0 -3.02921e-16 2.05584e-17
 524 -6.14656e-16 -3.03516e-16 2.05277e-17
 525 -6.14656e-16 -3.04109e-16 2.04971e-17
 526 0 -3.0353e-16 2.04663e-17
 527 0 -3.02954e-16 2.04355e-17
 528 0 -3.02381e-16 2.04049e-17
 529 3.07328e-16 -3.01228e-16 2.03989e-17
 530 -6.14656e-16 -3.01819e-16 2.03689e-17
 531 -1.22931e-15 -3.03566e-16 2.04054e-17
 532 -1.22931e-15 -3.05306e-16 2.04412e-17
 533 -1.22931e-15 -3.0704e-16 2.04764e-17
 534 0 -3.06465e-16 2.04461e-17
 535 -6.14656e-16 -3.07041e-16 2.04159e-17
 536 3.07328e-16 -3.05895e-16 2.041e-17
 537 0 -3.05325e-16 2.03799e-17
 538 -6.14656e-16 -3.059e-16 2.03501e-17
 539 0 -3.05333e-16 2.03203e-17
 540 0 -3.04767e-16 2.02905e-17
 541 -6.14656e-16 -3.0534e-16 2.02611e-17
 542 0 -3.04777e-16 2.02315e-17
 543 -6.14656e-16 -3.05347e-16 2.02023e-17
 544 -1.22931e-15 -3.07046e-16 2.02365e-17
 545 0 -3.06482e-16 2.02072e-17
 546 -6.14656e-16 -3.07047e-16 2.0178e-17
 547 -6.14656e-16 -3.07609e-16 2.0149e-17
 548 -1.53664e-16 -3.07328e-16 2.01141e-17
 549 0 -3.06768e-16 2.00852e-17
 550 -6.14656e-16 -3.07328e-16 2.00565e-17
 551 -6.14656e-16 -3.07886e-16 2.00278e-17
 552 -1.22931e-15 -3.09555e-16 2.00611e-17
 553 3.07328e-16 -3.0844e-16 2.00558e-17
 554 3.07328e-16 -3.07328e-16 2.00504e-17
 555 0 -3.06774e-16 2.00219e-17
 556 0 -3.06223e-16 1.99935e-17
 557 0 -3.05673e-16 1.99651e-17
 558 0 -3.05125e-16 1.99369e-17
 559 0 -3.04579e-16 1.99086e-17
 560 0 -3.04035e-16 1.98805e-17
 561 0 -3.03493e-16 1.98524e-17
 562 -1.22931e-15 -3.05141e-16 1.98854e-17
 563 0 -3.04599e-16 1.98575e-17
 564 0 -3.04059e-16 1.98296e-17
 565 -6.14656e-16 -3.04608e-16 1.98021e-17
 566 0 -3.0407e-16 1.97744e-17
 567 3.07328e-16 -3.02992e-16 1.97689e-17
 568 0 -3.02459e-16 1.97413e-17
 569 -1.22931e-15 -3.04087e-16 1.97738e-17
 570 -6.14656e-16 -3.04632e-16 1.97466e-17
 571 -6.14656e-16 -3.05175e-16 1.97194e-17
 572 -6.14656e-16 -3.05716e-16 1.96924e-17
 573 3.07328e-16 -3.04646e-16 1.96871e-17
 574 0 -3.04116e-16 1.96599e-17
 575 3.07328e-16 -3.03052e-16 1.96545e-17
 576 0 -3.02526e-16 1.96274e-17
 577 -6.14656e-16 -3.03067e-16 1.96008e-17
 578 0 -3.02543e-16 1.95739e-17
 579 0 -3.0202e-16 1.9547e-17
 580 3.07328e-16 -3.0097e-16 1.95416e-17
 581 3.07328e-16 -2.99923e-16 1.9536e-17
 582 0 -2.99407e-16 1.95092e-17
 583 0 -2.98894e-16 1.94825e-17
 584 -1.53664e-16 -2.98645e-16 1.94507e-17
 585 -6.14656e-16 -2.99185e-16 1.94249e-17
 586 -1.22931e-15 -3.00773e-16 1.94566e-17
 587 0 -3.0026e-16 1.94302e-17
 588 3.07328e-16 -2.99227e-16 1.94246e-17
 589 0 -2.98719e-16 1.93982e-17
 590 0 -2.98213e-16 1.93719e-17
 591 -1.22931e-15 -2.99788e-16 1.94032e-17
 592 0 -2.99282e-16 1.9377e-17
 593 -1.22931e-15 -3.0085e-16 1.94078e-17
 594 0 -3.00343e-16 1.93817e-17
 595 0 -2.99839e-16 1.93557e-17
 596 -1.22931e-15 -3.01398e-16 1.9386e-17
 597 -6.14656e-16 -3.01923e-16 1.93606e-17
 598 0 -3.01418e-16 1.93348e-17
 599 -6.14656e-16 -3.01941e-16 1.93096e-17
 600 0 -3.01438e-16 1.9284e-17
 601 0 -3.00936e-16 1.92584e-17
 602 -1.22931e-15 -3.02478e-16 1.92881e-17
 603 0 -3.01977e-16 1.92626e-17
 604 3.07328e-16 -3.00968e-16 1.92571e-17
 605 -6.14656e-16 -3.01486e-16 1.92323e-17
 606 -6.14656e-16 -3.02003e-16 1.92075e-17
 607 -6.14656e-16 -3.02518e-16 1.91827e-17
 608 -6.14656e-16 -3.03032e-16 1.9158e-17
 609 0 -3.02534e-16 1.9133e-17
 610 0 -3.02038e-16 1.91081e-17
 611 -6.14656e-16 -3.0255e-16 1.90836e-17
 612 0 -3.02055e-16 1.90588e-17
 613 -6.14656e-16 -3.02565e-16 1.90345e-17
 614 -1.22931e-15 -3.04075e-16 1.90634e-17
 615 -1.22931e-15 -3.05579e-16 1.90917e-17
 616 -6.14656e-16 -3.06081e-16 1.90673e-17
 617 3.07328e-16 -3.05087e-16 1.90623e-17
 618 3.07328e-16 -3.04096e-16 1.90572e-17
 619 -6.14656e-16 -3.04597e-16 1.9033e-17
 620 -6.14656e-16 -3.05098e-16 1.90089e-17
 621 0 -3.04606e-16 1.89846e-17
 622 -6.14656e-16 -3.05105e-16 1.89606e-17
 623 -6.14656e-16 -3.05602e-16 1.89367e-17
 624 -1.53664e-16 -3.05358e-16 1.89079e-17
 625 -6.14656e-16 -3.05853e-16 1.88841e-17
 626 0 -3.05364e-16 1.88602e-17
 627 0 -3.04877e-16 1.88364e-17
 628 0 -3.04392e-16 1.88126e-17
 629 -6.14656e-16 -3.04885e-16 1.87892e-17
 630 0 -3.04401e-16 1.87656e-17
 631 0 -3.03919e-16 1.8742e-17
 632 -6.14656e-16 -3.04411e-16 1.87188e-17
 633 0 -3.0393e-16 1.86954e-17
 634 0 -3.0345e-16 1.8672e-17
 635 3.07328e-16 -3.02488e-16 1.86674e-17
 636 -6.14656e-16 -3.02979e-16 1.86445e-17
 637 0 -3.02504e-16 1.86213e-17
 638 0 -3.02029e-16 1.85981e-17
 639 3.07328e-16 -3.01076e-16 1.85935e-17
 640 3.07328e-16 -3.00125e-16 1.85887e-17
 641 0 -2.99657e-16 1.85656e-17
 642 -6.14656e-16 -3.00148e-16 1.85431e-17
 643 -6.14656e-16 -3.00637e-16 1.85207e-17
 644 -6.14656e-16 -3.01124e-16 1.84984e-17
 645 -6.14656e-16 -3.0161e-16 1.84761e-17
 646 0 -3.01144e-16 1.84534e-17
 647 3.07328e-16 -3.00203e-16 1.84488e-17
 648 -6.14656e-16 -3.00688e-16 1.84267e-17
 649 -6.14656e-16 -3.01172e-16 1.84047e-17
 650 0 -3.00709e-16 1.83822e-17
 651 0 -3.00247e-16 1.83597e-17
 652 -1.22931e-15 -3.01672e-16 1.83868e-17
 653 -6.14656e-16 -3.02151e-16 1.83649e-17
 654 -1.22931e-15 -3.03569e-16 1.83915e-17
 655 0 -3.03105e-16 1.83693e-17
 656 0 -3.02643e-16 1.83471e-17
 657 0 -3.02183e-16 1.83249e-17
 658 0 -3.01723e-16 1.83028e-17
 659 -6.14656e-16 -3.02198e-16 1.82812e-17
 660 0 -3.0174e-16 1.82592e-17
 661 0 -3.01284e-16 1.82373e-17
 662 -6.14656e-16 -3.01757e-16 1.82159e-17
 663 -6.14656e-16 -3.02229e-16 1.81945e-17
 664 0 -3.01774e-16 1.81728e-17
 665 -1.53664e-16 -3.01551e-16 1.81468e-17
 666 0 -3.01099e-16 1.81252e-17
 667 -1.22931e-15 -3.0249e-16 1.81514e-17
 668 -1.22931e-15 -3.03878e-16 1.81772e-17
 669 0 -3.03423e-16 1.81557e-17
 670 0 -3.02971e-16 1.81343e-17
 671 -6.14656e-16 -3.03435e-16 1.81132e-17
 672 -6.14656e-16 -3.03898e-16 1.80921e-17
 673 -1.22931e-15 -3.05273e-16 1.81175e-17
 674 0 -3.0482e-16 1.80962e-17
 675 0 -3.04369e-16 1.80751e-17
 676 3.07328e-16 -3.03464e-16 1.8071e-17
 677 0 -3.03016e-16 1.80498e-17
 678 -6.14656e-16 -3.03475e-16 1.8029e-17
 679 -1.22931e-15 -3.04839e-16 1.8054e-17
 680 -6.14656e-16 -3.05294e-16 1.80332e-17
 681 0 -3.04846e-16 1.80123e-17
 682 0 -3.04399e-16 1.79914e-17
 683 0 -3.03953e-16 1.79706e-17
 684 -1.22931e-15 -3.05306e-16 1.79952e-17
 685 2.45863e-15 -3.01271e-16 1.84164e-17
 686 -1.22931e-15 -3.02624e-16 1.84392e-17
 687 2.45863e-15 -2.98605e-16 1.88459e-17
 688 2.45863e-15 -2.94597e-16 1.92405e-17
 689 0 -2.9417e-16 1.92173e-17
 690 -6.14656e-16 -2.94634e-16 1.91951e-17
 691 -1.22931e-15 -2.95987e-16 1.9215e-17
 692 -6.14656e-16 -2.96447e-16 1.91927e-17
 693 0 -2.9602e-16 1.91698e-17
 694 0 -2.95593e-16 1.91469e-17
 695 0 -2.95168e-16 1.9124e-17
 696 0 -2.94744e-16 1.91012e-17
 697 0 -2.94321e-16 1.90785e-17
 698 -1.22931e-15 -2.9566e-16 1.90982e-17
 699 -1.22931e-15 -2.96996e-16 1.91176e-17
 700 0 -2.96572e-16 1.90949e-17
 701 0 -2.96149e-16 1.90724e-17
 702 0 -2.95727e-16 1.90499e-17
 703 3.07328e-16 -2.94869e-16 1.90421e-17
 704 -1.53664e-16 -2.94668e-16 1.90161e-17
 705 -1.53664e-16 -2.94468e-16 1.89901e-17
 706 3.07328e-16 -2.93616e-16 1.89824e-17
 707 3.07328e-16 -2.92766e-16 1.89745e-17
 708 3.07328e-16 -2.91918e-16 1.89667e-17
 709 -6.14656e-16 -2.92374e-16 1.89454e-17
 710 0 -2.91962e-16 1.89231e-17
 711 -6.14656e-16 -2.92416e-16 1.8902e-17
 712 0 -2.92005e-16 1.88799e-17
 713 0 -2.91595e-16 1.88578e-17
 714 0 -2.91187e-16 1.88358e-17
 715 0 -2.9078e-16 1.88139e-17
 716 -6.14656e-16 -2.91232e-16 1.8793e-17
 717 -1.53664e-16 -2.9104e-16 1.87678e-17
 718 3.07328e-16 -2.90207e-16 1.87601e-17
 719 0 -2.89803e-16 1.87384e-17
 720 -6.14656e-16 -2.90254e-16 1.87178e-17
 721 0 -2.89852e-16 1.86961e-17
 722 -6.14656e-16 -2.90302e-16 1.86756e-17
 723 0 -2.899e-16 1.86541e-17
 724 -6.14656e-16 -2.90349e-16 1.86337e-17
 725 0 -2.89948e-16 1.86123e-17
 726 3.07328e-16 -2.89126e-16 1.86048e-17
 727 3.07328e-16 -2.88305e-16 1.85973e-17
 728 0 -2.87909e-16 1.8576e-17
 729 -6.14656e-16 -2.88357e-16 1.85559e-17
 730 -6.14656e-16 -2.88804e-16 1.85359e-17
 731 -6.14656e-16 -2.8925e-16 1.85159e-17
 732 -1.53664e-16 -2.89065e-16 1.84915e-17
 733 0 -2.8867e-16 1.84704e-17
 734 -6.14656e-16 -2.89115e-16 1.84506e-17
 735 0 -2.88721e-16 1.84297e-17
 736 -6.14656e-16 -2.89164e-16 1.84099e-17
 737 0 -2.88772e-16 1.83891e-17
 738 3.07328e-16 -2.87964e-16 1.8382e-17
 739 0 -2.87574e-16 1.83612e-17
 740 -6.14656e-16 -2.88016e-16 1.83417e-17
 741 0 -2.87628e-16 1.83211e-17
 742 0 -2.8724e-16 1.83005e-17
 743 -1.22931e-15 -2.88508e-16 1.83197e-17
 744 0 -2.8812e-16 1.82992e-17
 745 -1.22931e-15 -2.89384e-16 1.83182e-17
 746 0 -2.88996e-16 1.82978e-17
 747 0 -2.88609e-16 1.82774e-17
 748 -1.53664e-16 -2.88428e-16 1.82538e-17
 749 -1.53664e-16 -2.88248e-16 1.82303e-17
 750 0 -2.87864e-16 1.821e-17
 751 3.07328e-16 -2.87072e-16 1.8203e-17
 752 0 -2.8669e-16 1.81828e-17
 753 0 -2.86309e-16 1.81627e-17
 754 -1.22931e-15 -2.8756e-16 1.81816e-17
 755 -1.22931e-15 -2.88807e-16 1.82003e-17
 756 -1.22931e-15 -2.90051e-16 1.82187e-17
 757 -6.14656e-16 -2.9048e-16 1.81997e-17
 758 -6.14656e-16 -2.90908e-16 1.81807e-17
 759 0 -2.90524e-16 1.81608e-17
 760 -1.22931e-15 -2.9176e-16 1.81789e-17
 761 0 -2.91376e-16 1.8159e-17
 762 0 -2.90994e-16 1.81392e-17
 763 -6.14656e-16 -2.91418e-16 1.81204e-17
 764 0 -2.91037e-16 1.81007e-17
 765 -6.14656e-16 -2.9146e-16 1.8082e-17
 766 3.07328e-16 -2.90678e-16 1.80753e-17
 767 0 -2.90299e-16 1.80556e-17
 768 -6.14656e-16 -2.90721e-16 1.80371e-17
 769 0 -2.90343e-16 1.80176e-17
 770 -1.22931e-15 -2.91563e-16 1.80354e-17
 771 -1.22931e-15 -2.92779e-16 1.8053e-17
 772 -6.14656e-16 -2.93196e-16 1.80345e-17
 773 -6.14656e-16 -2.93612e-16 1.80159e-17
 774 -1.22931e-15 -2.94821e-16 1.80332e-17
 775 -1.22931e-15 -2.96026e-16 1.80502e-17
 776 0 -2.95645e-16 1.8031e-17
 777 -6.14656e-16 -2.96056e-16 1.80124e-17
 778 -6.14656e-16 -2.96465e-16 1.79939e-17
 779 -6.14656e-16 -2.96873e-16 1.79755e-17
 780 3.07328e-16 -2.96099e-16 1.79691e-17
 781 0 -2.9572e-16 1.79501e-17
 782 0 -2.95342e-16 1.79311e-17
 783 0 -2.94964e-16 1.79122e-17
 784 0 -2.94588e-16 1.78933e-17
 785 0 -2.94213e-16 1.78744e-17
 786 0 -2.93839e-16 1.78556e-17
 787 -6.14656e-16 -2.94246e-16 1.78375e-17
 788 0 -2.93873e-16 1.78188e-17
 789 0 -2.935e-16 1.78001e-17
 790 -1.22931e-15 -2.94685e-16 1.78169e-17
 791 -1.22931e-15 -2.95867e-16 1.78336e-17
 792 0 -2.95493e-16 1.7815e-17
 793 0 -2.9512e-16 1.77964e-17
 794 -1.22931e-15 -2.96297e-16 1.78129e-17
 795 0 -2.95924e-16 1.77944e-17
 796 -1.22931e-15 -2.97097e-16 1.78106e-17
 797 0 -2.96724e-16 1.77922e-17
 798 -6.14656e-16 -2.97122e-16 1.77743e-17
 799 -1.53664e-16 -2.96943e-16 1.7753e-17
 800 0 -2.96572e-16 1.77347e-17
 801 -1.22931e-15 -2.97736e-16 1.77507e-17
 802 -6.14656e-16 -2.98131e-16 1.7733e-17
 803 0 -2.9776e-16 1.77148e-17
 804 0 -2.9739e-16 1.76966e-17
 805 3.07328e-16 -2.96638e-16 1.76906e-17
 806 0 -2.9627e-16 1.76725e-17
 807 -6.14656e-16 -2.96665e-16 1.76549e-17
 808 0 -2.96298e-16 1.76369e-17
 809 0 -2.95932e-16 1.76189e-17
 810 0 -2.95566e-16 1.76009e-17
 811 0 -2.95202e-16 1.7583e-17
 812 -1.22931e-15 -2.96352e-16 1.7599e-17
 813 0 -2.95988e-16 1.75811e-17
 814 -6.14656e-16 -2.96379e-16 1.75638e-17
 815 0 -2.96015e-16 1.7546e-17
 816 0 -2.95653e-16 1.75283e-17
 817 -6.14656e-16 -2.96043e-16 1.75112e-17
 818 3.07328e-16 -2.95306e-16 1.75053e-17
 819 -6.14656e-16 -2.95695e-16 1.74882e-17
 820 -6.14656e-16 -2.96084e-16 1.74712e-17
 821 0 -2.95724e-16 1.74537e-17
 822 0 -2.95364e-16 1.74361e-17
 823 -6.14656e-16 -2.95752e-16 1.74193e-17
 824 0 -2.95393e-16 1.74018e-17
 825 0 -2.95035e-16 1.73844e-17
 826 -6.14656e-16 -2.95422e-16 1.73676e-17
 827 -1.53664e-16 -2.95251e-16 1.73475e-17
 828 3.07328e-16 -2.94523e-16 1.73418e-17
 829 0 -2.94168e-16 1.73245e-17
 830 0 -2.93813e-16 1.73072e-17
 831 0 -2.9346e-16 1.729e-17
 832 -1.22931e-15 -2.94584e-16 1.73058e-17
 833 -6.14656e-16 -2.94969e-16 1.72893e-17
 834 -1.22931e-15 -2.96089e-16 1.73049e-17
 835 0 -2.95734e-16 1.72878e-17
 836 3.07328e-16 -2.95013e-16 1.72821e-17
 837 -6.14656e-16 -2.95395e-16 1.72657e-17
 838 -6.14656e-16 -2.95776e-16 1.72493e-17
 839 -6.14656e-16 -2.96156e-16 1.72329e-17
 840 -6.14656e-16 -2.96535e-16 1.72166e-17
 841 -6.14656e-16 -2.96913e-16 1.72002e-17
 842 -1.22931e-15 -2.98021e-16 1.72154e-17
 843 0 -2.97667e-16 1.71986e-17
 844 -1.22931e-15 -2.98771e-16 1.72137e-17
 845 0 -2.98417e-16 1.71969e-17
 846 0 -2.98065e-16 1.71802e-17
 847 0 -2.97713e-16 1.71635e-17
 848 0 -2.97362e-16 1.71469e-17
 849 -1.22931e-15 -2.98459e-16 1.71618e-17
 850 0 -2.98108e-16 1.71452e-17
 851 3.07328e-16 -2.97397e-16 1.71398e-17
 852 -1.22931e-15 -2.98491e-16 1.71546e-17
 853 0 -2.98141e-16 1.7138e-17
 854 -1.22931e-15 -2.99231e-16 1.71526e-17
 855 0 -2.98881e-16 1.71362e-17
 856 0 -2.98532e-16 1.71197e-17
 857 -1.22931e-15 -2.99618e-16 1.71341e-17
 858 -1.22931e-15 -3.00702e-16 1.71484e-17
 859 -6.14656e-16 -3.01067e-16 1.71324e-17
 860 0 -3.00717e-16 1.7116e-17
 861 -1.22931e-15 -3.01796e-16 1.71301e-17
 862 -1.22931e-15 -3.02872e-16 1.7144e-17
 863 0 -3.02521e-16 1.71277e-17
 864 0 -3.0217e-16 1.71115e-17
 865 0 -3.01821e-16 1.70953e-17
 866 0 -3.01473e-16 1.70791e-17
 867 0 -3.01125e-16 1.70629e-17
 868 -1.22931e-15 -3.02194e-16 1.70767e-17
 869 -1.22931e-15 -3.03261e-16 1.70904e-17
 870 3.07328e-16 -3.02559e-16 1.70852e-17
 871 0 -3.02212e-16 1.70691e-17
 872 -1.22931e-15 -3.03275e-16 1.70826e-17
 873 0 -3.02928e-16 1.70666e-17
 874 -1.22931e-15 -3.03988e-16 1.708e-17
 875 0 -3.0364e-16 1.7064e-17
 876 0 -3.03294e-16 1.7048e-17
 877 0 -3.02948e-16 1.70321e-17
 878 0 -3.02603e-16 1.70161e-17
 879 -1.53664e-16 -3.02433e-16 1.69976e-17
 880 3.07328e-16 -3.0174e-16 1.69924e-17
 881 -6.14656e-16 -3.02096e-16 1.69768e-17
 882 -6.14656e-16 -3.0245e-16 1.69613e-17
 883 -1.22931e-15 -3.035e-16 1.69746e-17
 884 0 -3.03156e-16 1.69588e-17
 885 0 -3.02814e-16 1.69431e-17
 886 0 -3.02472e-16 1.69274e-17
 887 -6.14656e-16 -3.02824e-16 1.6912e-17
 888 0 -3.02483e-16 1.68964e-17
 889 0 -3.02143e-16 1.68808e-17
 890 0 -3.01803e-16 1.68652e-17
 891 0 -3.01464e-16 1.68497e-17
 892 0 -3.01126e-16 1.68342e-17
 893 -1.22931e-15 -3.02166e-16 1.68474e-17
 894 -1.22931e-15 -3.03203e-16 1.68605e-17
 895 0 -3.02864e-16 1.6845e-17
 896 -6.14656e-16 -3.03212e-16 1.68298e-17
 897 0 -3.02874e-16 1.68145e-17
 898 0 -3.02537e-16 1.67991e-17
 899 0 -3.022e-16 1.67838e-17
 900 -1.22931e-15 -3.0323e-16 1.67967e-17
 901 -6.14656e-16 -3.03576e-16 1.67817e-17
 902 3.07328e-16 -3.02899e-16 1.67767e-17
 903 -6.14656e-16 -3.03244e-16 1.67617e-17
 904 -6.14656e-16 -3.03589e-16 1.67467e-17
 905 0 -3.03253e-16 1.67315e-17
 906 0 -3.02918e-16 1.67164e-17
 907 -1.22931e-15 -3.0394e-16 1.67292e-17
 908 -6.14656e-16 -3.04282e-16 1.67142e-17
 909 0 -3.03947e-16 1.66992e-17
 910 0 -3.03613e-16 1.66842e-17
 911 -1.22931e-15 -3.04629e-16 1.66968e-17
 912 0 -3.04295e-16 1.66818e-17
 913 0 -3.03962e-16 1.66669e-17
 914 -1.22931e-15 -3.04974e-16 1.66794e-17
 915 0 -3.04641e-16 1.66645e-17
 916 0 -3.04309e-16 1.66496e-17
 917 -6.14656e-16 -3.04647e-16 1.66349e-17
 918 0 -3.04315e-16 1.66201e-17
 919 -1.22931e-15 -3.05322e-16 1.66324e-17
 920 0 -3.0499e-16 1.66177e-17
 921 -1.22931e-15 -3.05993e-16 1.66299e-17
 922 0 -3.05662e-16 1.66152e-17
 923 -6.14656e-16 -3.05996e-16 1.66006e-17
 924 0 -3.05665e-16 1.65859e-17
 925 0 -3.05335e-16 1.65713e-17
 926 0 -3.05005e-16 1.65566e-17
 927 -1.22931e-15 -3.06002e-16 1.65688e-17
 928 0 -3.05672e-16 1.65542e-17
 929 -6.14656e-16 -3.06005e-16 1.65397e-17
 930 -6.14656e-16 -3.06337e-16 1.65253e-17
 931 -6.14656e-16 -3.06668e-16 1.65108e-17
 932 -6.14656e-16 -3.06998e-16 1.64964e-17
 933 0 -3.06669e-16 1.6482e-17
 934 0 -3.06341e-16 1.64676e-17
 935 -6.14656e-16 -3.06671e-16 1.64533e-17
 936 -6.14656e-16 -3.07e-16 1.6439e-17
 937 0 -3.06672e-16 1.64247e-17
 938 -6.14656e-16 -3.07001e-16 1.64105e-17
 939 0 -3.06674e-16 1.63963e-17
 940 -6.14656e-16 -3.07001e-16 1.63821e-17
 941 0 -3.06675e-16 1.63679e-17
 942 0 -3.06349e-16 1.63538e-17
 943 -1.22931e-15 -3.07328e-16 1.63657e-17
 944 0 -3.07003e-16 1.63516e-17
 945 0 -3.06678e-16 1.63375e-17
 946 3.07328e-16 -3.06029e-16 1.63332e-17
 947 -1.53664e-16 -3.05868e-16 1.63167e-17
 948 3.07328e-16 -3.05221e-16 1.63123e-17
 949 -6.14656e-16 -3.05547e-16 1.62984e-17
 950 -6.14656e-16 -3.05872e-16 1.62845e-17
 951 -6.14656e-16 -3.06197e-16 1.62706e-17
 952 3.07328e-16 -3.05553e-16 1.62662e-17
 953 0 -3.05232e-16 1.62523e-17
 954 3.07328e-16 -3.0459e-16 1.6248e-17
 955 3.07328e-16 -3.03949e-16 1.62436e-17
 956 0 -3.03631e-16 1.62297e-17
 957 0 -3.03314e-16 1.62158e-17
 958 -1.22931e-15 -3.04281e-16 1.62277e-17
 959 0 -3.03963e-16 1.62139e-17
 960 0 -3.03647e-16 1.62001e-17
 961 0 -3.03331e-16 1.61863e-17
 962 0 -3.03015e-16 1.61725e-17
 963 -6.14656e-16 -3.03339e-16 1.6159e-17
 964 0 -3.03024e-16 1.61453e-17
 965 0 -3.0271e-16 1.61316e-17
 966 -1.53664e-16 -3.02556e-16 1.61156e-17
 967 -1.53664e-16 -3.02402e-16 1.60997e-17
 968 -6.14656e-16 -3.02725e-16 1.60863e-17
 969 -6.14656e-16 -3.03047e-16 1.60729e-17
 970 -6.14656e-16 -3.03368e-16 1.60595e-17
 971 0 -3.03055e-16 1.6046e-17
 972 0 -3.02744e-16 1.60325e-17
 973 0 -3.02432e-16 1.60191e-17
 974 -1.22931e-15 -3.03384e-16 1.60309e-17
 975 0 -3.03073e-16 1.60175e-17
 976 0 -3.02762e-16 1.60041e-17
 977 0 -3.02452e-16 1.59907e-17
 978 0 -3.02143e-16 1.59773e-17
 979 0 -3.01835e-16 1.5964e-17
 980 -1.22931e-15 -3.02781e-16 1.59757e-17
 981 0 -3.02472e-16 1.59624e-17
 982 -6.14656e-16 -3.0279e-16 1.59493e-17
 983 -1.53664e-16 -3.02639e-16 1.59338e-17
 984 0 -3.02331e-16 1.59206e-17
 985 3.07328e-16 -3.01712e-16 1.59164e-17
 986 3.07328e-16 -3.01094e-16 1.59123e-17
 987 3.07328e-16 -3.00478e-16 1.59081e-17
 988 -6.14656e-16 -3.00796e-16 1.58952e-17
 989 -6.14656e-16 -3.01113e-16 1.58823e-17
 990 -1.22931e-15 -3.02051e-16 1.58939e-17
 991 0 -3.01746e-16 1.58808e-17
 992 -6.14656e-16 -3.02061e-16 1.58679e-17
 993 0 -3.01757e-16 1.58548e-17
 994 -6.14656e-16 -3.02072e-16 1.5842e-17
 995 -1.22931e-15 -3.03004e-16 1.58535e-17
 996 0 -3.027e-16 1.58405e-17
 997 -1.22931e-15 -3.03629e-16 1.58518e-17
 998 -1.22931e-15 -3.04557e-16 1.58631e-17
 999 -6.14656e-16 -3.04867e-16 1.58502e-17
 1000 0 -3.04562e-16 1.58373e-17
 1001 0 -3.04258e-16 1.58244e-17
 1002 0 -3.03954e-16 1.58115e-17
 1003 3.07328e-16 -3.03345e-16 1.58075e-17
 1004 -6.14656e-16 -3.03655e-16 1.57948e-17
 1005 0 -3.03353e-16 1.5782e-17
 1006 0 -3.03051e-16 1.57692e-17
 1007 0 -3.0275e-16 1.57564e-17
 1008 -6.14656e-16 -3.0306e-16 1.57438e-17
 1009 -6.14656e-16 -3.03369e-16 1.57312e-17
 1010 0 -3.03068e-16 1.57185e-17
 1011 0 -3.02768e-16 1.57058e-17
 1012 0 -3.02469e-16 1.56931e-17
 1013 0 -3.02171e-16 1.56804e-17
 1014 0 -3.01873e-16 1.56678e-17
 1015 -1.22931e-15 -3.02786e-16 1.5679e-17
 1016 0 -3.02488e-16 1.56664e-17
 1017 -6.14656e-16 -3.02795e-16 1.5654e-17
 1018 -6.14656e-16 -3.03102e-16 1.56416e-17
 1019 3.07328e-16 -3.02503e-16 1.56377e-17
 1020 0 -3.02206e-16 1.56252e-17
 1021 0 -3.0191e-16 1.56127e-17
 1022 -6.14656e-16 -3.02216e-16 1.56004e-17
 1023 0 -3.01921e-16 1.5588e-17
 1024 0 -3.01626e-16 1.55755e-17
 1025 0 -3.01332e-16 1.55631e-17
 1026 -1.53664e-16 -3.01188e-16 1.55486e-17
 1027 3.07328e-16 -3.00595e-16 1.55448e-17
 1028 0 -3.00303e-16 1.55324e-17
 1029 -6.14656e-16 -3.00608e-16 1.55203e-17
 1030 0 -3.00316e-16 1.5508e-17
 1031 -6.14656e-16 -3.00621e-16 1.54959e-17
 1032 -6.14656e-16 -3.00926e-16 1.54839e-17
 1033 0 -3.00634e-16 1.54716e-17
 1034 -6.14656e-16 -3.00938e-16 1.54596e-17
 1035 0 -3.00647e-16 1.54474e-17
 1036 -1.22931e-15 -3.01544e-16 1.54585e-17
 1037 -6.14656e-16 -3.01845e-16 1.54466e-17
 1038 -6.14656e-16 -3.02147e-16 1.54346e-17
 1039 0 -3.01856e-16 1.54225e-17
 1040 0 -3.01566e-16 1.54104e-17
 1041 -6.14656e-16 -3.01867e-16 1.53985e-17
 1042 0 -3.01577e-16 1.53865e-17
 1043 0 -3.01288e-16 1.53744e-17
 1044 -6.14656e-16 -3.01588e-16 1.53626e-17
 1045 0 -3.01299e-16 1.53506e-17
 1046 0 -3.01011e-16 1.53386e-17
 1047 -6.14656e-16 -3.01311e-16 1.53269e-17
 1048 -6.14656e-16 -3.0161e-16 1.53152e-17
 1049 3.07328e-16 -3.01029e-16 1.53116e-17
 1050 -6.14656e-16 -3.01328e-16 1.52999e-17
 1051 -6.14656e-16 -3.01626e-16 1.52883e-17
 1052 -6.14656e-16 -3.01924e-16 1.52766e-17
 1053 -6.14656e-16 -3.02221e-16 1.5265e-17
 1054 0 -3.01934e-16 1.52532e-17
 1055 0 -3.01648e-16 1.52414e-17
 1056 0 -3.01362e-16 1.52297e-17
 1057 0 -3.01077e-16 1.52179e-17
 1058 -6.14656e-16 -3.01373e-16 1.52064e-17
 1059 -6.14656e-16 -3.01669e-16 1.51949e-17
 1060 -6.14656e-16 -3.01964e-16 1.51835e-17
 1061 -6.14656e-16 -3.02259e-16 1.5172e-17
 1062 0 -3.01975e-16 1.51604e-17
 1063 0 -3.0169e-16 1.51488e-17
 1064 0 -3.01407e-16 1.51372e-17
 1065 0 -3.01124e-16 1.51256e-17
 1066 3.07328e-16 -3.00553e-16 1.51222e-17
 1067 0 -3.00271e-16 1.51107e-17
 1068 0 -2.9999e-16 1.50991e-17
 1069 0 -2.9971e-16 1.50876e-17
 1070 0 -2.9943e-16 1.50761e-17
 1071 0 -2.9915e-16 1.50646e-17
 1072 2.45863e-15 -2.96577e-16 1.52688e-17
 1073 -1.22931e-15 -2.97447e-16 1.52793e-17
 1074 0 -2.9717e-16 1.52676e-17
 1075 -6.14656e-16 -2.97465e-16 1.52563e-17
 1076 -6.14656e-16 -2.9776e-16 1.52449e-17
 1077 0 -2.97483e-16 1.52333e-17
 1078 0 -2.97207e-16 1.52216e-17
 1079 0 -2.96932e-16 1.521e-17
 1080 -6.14656e-16 -2.97226e-16 1.51988e-17
 1081 -6.14656e-16 -2.9752e-16 1.51875e-17
 1082 0 -2.97245e-16 1.5176e-17
 1083 0 -2.9697e-16 1.51645e-17
 1084 -6.14656e-16 -2.97263e-16 1.51533e-17
 1085 -6.14656e-16 -2.97556e-16 1.51422e-17
 1086 0 -2.97282e-16 1.51307e-17
 1087 -6.14656e-16 -2.97574e-16 1.51196e-17
 1088 -6.14656e-16 -2.97865e-16 1.51085e-17
 1089 -6.14656e-16 -2.98156e-16 1.50974e-17
 1090 0 -2.97883e-16 1.5086e-17
 1091 0 -2.9761e-16 1.50747e-17
 1092 3.07328e-16 -2.97056e-16 1.5071e-17
 1093 -1.22931e-15 -2.97909e-16 1.50814e-17
 1094 -1.22931e-15 -2.9876e-16 1.50916e-17
 1095 0 -2.98487e-16 1.50803e-17
 1096 -1.22931e-15 -2.99337e-16 1.50905e-17
 1097 0 -2.99064e-16 1.50792e-17
 1098 0 -2.98791e-16 1.50679e-17
 1099 0 -2.98519e-16 1.50566e-17
 1100 0 -2.98248e-16 1.50454e-17
 1101 3.07328e-16 -2.97698e-16 1.50418e-17
 1102 -6.14656e-16 -2.97986e-16 1.50309e-17
 1103 0 -2.97715e-16 1.50197e-17
 1104 -6.14656e-16 -2.98003e-16 1.50088e-17
 1105 0 -2.97733e-16 1.49976e-17
 1106 -6.14656e-16 -2.98019e-16 1.49868e-17
 1107 -6.14656e-16 -2.98305e-16 1.4976e-17
 1108 -6.14656e-16 -2.98591e-16 1.49652e-17
 1109 0 -2.98322e-16 1.49541e-17
 1110 -1.22931e-15 -2.9916e-16 1.49642e-17
 1111 0 -2.98891e-16 1.49531e-17
 1112 0 -2.98622e-16 1.49421e-17
 1113 0 -2.98354e-16 1.49311e-17
 1114 0 -2.98086e-16 1.49201e-17
 1115 0 -2.97819e-16 1.49091e-17
 1116 0 -2.97552e-16 1.48981e-17
 1117 0 -2.97286e-16 1.48871e-17
 1118 -6.14656e-16 -2.9757e-16 1.48765e-17
 1119 0 -2.97304e-16 1.48656e-17
 1120 0 -2.97038e-16 1.48547e-17
 1121 0 -2.96773e-16 1.48438e-17
 1122 -6.14656e-16 -2.97057e-16 1.48333e-17
 1123 0 -2.96792e-16 1.48224e-17
 1124 0 -2.96528e-16 1.48116e-17
 1125 0 -2.96264e-16 1.48007e-17
 1126 -6.14656e-16 -2.96547e-16 1.47903e-17
 1127 0 -2.96284e-16 1.47795e-17
 1128 -6.14656e-16 -2.96566e-16 1.47691e-17
 1129 -1.22931e-15 -2.97392e-16 1.47791e-17
 1130 -1.22931e-15 -2.98217e-16 1.47891e-17
 1131 -1.22931e-15 -2.9904e-16 1.47989e-17
 1132 0 -2.98776e-16 1.47882e-17
 1133 0 -2.98512e-16 1.47775e-17
 1134 -6.14656e-16 -2.98791e-16 1.47671e-17
 1135 -6.14656e-16 -2.9907e-16 1.47567e-17
 1136 -1.22931e-15 -2.99888e-16 1.47664e-17
 1137 0 -2.99625e-16 1.47558e-17
 1138 -6.14656e-16 -2.99902e-16 1.47454e-17
 1139 -6.14656e-16 -3.00178e-16 1.4735e-17
 1140 0 -2.99915e-16 1.47244e-17
 1141 -1.22931e-15 -3.00729e-16 1.47341e-17
 1142 0 -3.00466e-16 1.47235e-17
 1143 0 -3.00203e-16 1.4713e-17
 1144 -1.22931e-15 -3.01015e-16 1.47225e-17
 1145 0 -3.00752e-16 1.4712e-17
 1146 -1.22931e-15 -3.01562e-16 1.47215e-17
 1147 -6.14656e-16 -3.01835e-16 1.47112e-17
 1148 -1.22931e-15 -3.02643e-16 1.47205e-17
 1149 0 -3.0238e-16 1.47101e-17
 1150 2.45863e-15 -2.99979e-16 1.48921e-17
 1151 0 -2.99718e-16 1.48814e-17
 1152 0 -2.99458e-16 1.48708e-17
 1153 -6.14656e-16 -2.99732e-16 1.48604e-17
 1154 0 -2.99472e-16 1.48498e-17
 1155 0 -2.99213e-16 1.48392e-17
 1156 0 -2.98954e-16 1.48286e-17
 1157 3.07328e-16 -2.9843e-16 1.4825e-17
 1158 -6.14656e-16 -2.98703e-16 1.48148e-17
 1159 0 -2.98445e-16 1.48042e-17
 1160 0 -2.98188e-16 1.47937e-17
 1161 0 -2.97931e-16 1.47832e-17
 1162 0 -2.97675e-16 1.47727e-17
 1163 3.07328e-16 -2.97154e-16 1.47691e-17
 1164 0 -2.96899e-16 1.47586e-17
 1165 -1.22931e-15 -2.97699e-16 1.47677e-17
 1166 0 -2.97444e-16 1.47572e-17
 1167 -6.14656e-16 -2.97716e-16 1.47471e-17
 1168 0 -2.97461e-16 1.47366e-17
 1169 0 -2.97207e-16 1.47262e-17
 1170 -6.14656e-16 -2.97478e-16 1.47161e-17
 1171 3.07328e-16 -2.96961e-16 1.47126e-17
 1172 0 -2.96708e-16 1.47022e-17
 1173 -1.53664e-16 -2.96586e-16 1.46902e-17
 1174 3.07328e-16 -2.96072e-16 1.46867e-17
 1175 -6.14656e-16 -2.96343e-16 1.46767e-17
 1176 3.07328e-16 -2.95829e-16 1.46732e-17
 1177 3.07328e-16 -2.95317e-16 1.46697e-17
 1178 -6.14656e-16 -2.95588e-16 1.46597e-17
 1179 -6.14656e-16 -2.95859e-16 1.46498e-17
 1180 -1.22931e-15 -2.9665e-16 1.46587e-17
 1181 0 -2.96399e-16 1.46485e-17
 1182 0 -2.96148e-16 1.46382e-17
 1183 -1.22931e-15 -2.96937e-16 1.46471e-17
 1184 -1.22931e-15 -2.97724e-16 1.46559e-17
 1185 0 -2.97473e-16 1.46457e-17
 1186 -1.22931e-15 -2.98259e-16 1.46544e-17
 1187 0 -2.98007e-16 1.46442e-17
 1188 -1.53664e-16 -2.97886e-16 1.46324e-17
 1189 -6.14656e-16 -2.98152e-16 1.46225e-17
 1190 -6.14656e-16 -2.98418e-16 1.46126e-17
 1191 -1.22931e-15 -2.992e-16 1.46213e-17
 1192 -6.14656e-16 -2.99464e-16 1.46114e-17
 1193 0 -2.99213e-16 1.46013e-17
 1194 -6.14656e-16 -2.99478e-16 1.45914e-17
 1195 0 -2.99227e-16 1.45814e-17
 1196 -6.14656e-16 -2.99491e-16 1.45716e-17
 1197 0 -2.99241e-16 1.45615e-17
 1198 0 -2.98991e-16 1.45515e-17
 1199 -1.22931e-15 -2.99767e-16 1.45601e-17
 1200 -6.14656e-16 -3.00029e-16 1.45503e-17
 1201 0 -2.99779e-16 1.45403e-17
 1202 -6.14656e-16 -3.00041e-16 1.45306e-17
 1203 0 -2.99792e-16 1.45206e-17
 1204 0 -2.99543e-16 1.45107e-17
 1205 -6.14656e-16 -2.99804e-16 1.4501e-17
 1206 -6.14656e-16 -3.00065e-16 1.44913e-17
 1207 -6.14656e-16 -3.00326e-16 1.44817e-17
 1208 -6.14656e-16 -3.00586e-16 1.4472e-17
 1209 -6.14656e-16 -3.00846e-16 1.44624e-17
 1210 0 -3.00597e-16 1.44526e-17
 1211 0 -3.00349e-16 1.44428e-17
 1212 0 -3.00101e-16 1.4433e-17
 1213 0 -2.99854e-16 1.44232e-17
 1214 -1.22931e-15 -3.0062e-16 1.44316e-17
 1215 -1.22931e-15 -3.01384e-16 1.444e-17
 1216 0 -3.01136e-16 1.44302e-17
 1217 0 -3.00889e-16 1.44205e-17
 1218 -6.14656e-16 -3.01146e-16 1.4411e-17
 1219 0 -3.00899e-16 1.44012e-17
 1220 0 -3.00653e-16 1.43916e-17
 1221 0 -3.00406e-16 1.43819e-17
 1222 3.07328e-16 -2.99909e-16 1.43787e-17
 1223 0 -2.99664e-16 1.4369e-17
 1224 -6.14656e-16 -2.99921e-16 1.43596e-17
 1225 -6.14656e-16 -3.00178e-16 1.43502e-17
 1226 -6.14656e-16 -3.00435e-16 1.43407e-17
 1227 0 -3.0019e-16 1.43311e-17
 1228 0 -2.99945e-16 1.43216e-17
 1229 -1.22931e-15 -3.00701e-16 1.43299e-17
 1230 0 -3.00457e-16 1.43203e-17
 1231 0 -3.00213e-16 1.43107e-17
 1232 0 -2.99969e-16 1.43012e-17
 1233 0 -2.99726e-16 1.42917e-17
 1234 0 -2.99483e-16 1.42821e-17
 1235 0 -2.99241e-16 1.42726e-17
 1236 0 -2.98998e-16 1.42631e-17
 1237 -6.14656e-16 -2.99254e-16 1.42539e-17
 1238 -1.22931e-15 -3.00005e-16 1.42622e-17
 1239 2.45863e-15 -2.97778e-16 1.44235e-17
 1240 0 -2.97538e-16 1.44139e-17
 1241 -1.22931e-15 -2.98289e-16 1.44218e-17
 1242 0 -2.98049e-16 1.44122e-17
 1243 0 -2.97809e-16 1.44026e-17
 1244 0 -2.9757e-16 1.4393e-17
 1245 0 -2.97331e-16 1.43835e-17
 1246 0 -2.97092e-16 1.43739e-17
 1247 0 -2.96854e-16 1.43643e-17
 1248 -6.14656e-16 -2.97109e-16 1.43551e-17
 1249 0 -2.96871e-16 1.43455e-17
 1250 3.07328e-16 -2.96387e-16 1.43422e-17
 1251 -6.14656e-16 -2.96642e-16 1.4333e-17
 1252 3.07328e-16 -2.96159e-16 1.43297e-17
 1253 0 -2.95923e-16 1.43202e-17
 1254 0 -2.95687e-16 1.43107e-17
 1255 -1.22931e-15 -2.96431e-16 1.43186e-17
 1256 -6.14656e-16 -2.96684e-16 1.43095e-17
 1257 0 -2.96448e-16 1.43e-17
 1258 -6.14656e-16 -2.96701e-16 1.42909e-17
 1259 0 -2.96466e-16 1.42815e-17
 1260 3.07328e-16 -2.95986e-16 1.42782e-17
 1261 -1.53664e-16 -2.95873e-16 1.42673e-17
 1262 0 -2.95639e-16 1.42579e-17
 1263 -6.14656e-16 -2.95892e-16 1.42489e-17
 1264 0 -2.95657e-16 1.42395e-17
 1265 0 -2.95424e-16 1.42302e-17
 1266 -6.14656e-16 -2.95676e-16 1.42212e-17
 1267 0 -2.95443e-16 1.42119e-17
 1268 3.07328e-16 -2.94967e-16 1.42086e-17
 1269 -1.22931e-15 -2.95703e-16 1.42165e-17
 1270 0 -2.95471e-16 1.42072e-17
 1271 -6.14656e-16 -2.95722e-16 1.41982e-17
 1272 0 -2.95489e-16 1.4189e-17
 1273 0 -2.95257e-16 1.41797e-17
 1274 0 -2.95025e-16 1.41705e-17
 1275 -6.14656e-16 -2.95276e-16 1.41616e-17
 1276 -6.14656e-16 -2.95526e-16 1.41527e-17
 1277 -6.14656e-16 -2.95776e-16 1.41438e-17
 1278 0 -2.95545e-16 1.41346e-17
 1279 -1.22931e-15 -2.96275e-16 1.41424e-17
 1280 0 -2.96043e-16 1.41333e-17
 1281 -6.14656e-16 -2.96292e-16 1.41244e-17
 1282 -6.14656e-16 -2.96541e-16 1.41156e-17
 1283 0 -2.96309e-16 1.41065e-17
 1284 0 -2.96079e-16 1.40974e-17
 1285 0 -2.95848e-16 1.40883e-17
 1286 0 -2.95618e-16 1.40792e-17
 1287 3.07328e-16 -2.9515e-16 1.40761e-17
 1288 -1.53664e-16 -2.9504e-16 1.40656e-17
 1289 -6.14656e-16 -2.95288e-16 1.40568e-17
 1290 0 -2.95059e-16 1.40478e-17
 1291 -6.14656e-16 -2.95306e-16 1.40391e-17
 1292 -1.22931e-15 -2.96029e-16 1.40468e-17
 1293 0 -2.958e-16 1.40378e-17
 1294 0 -2.95572e-16 1.40288e-17
 1295 0 -2.95344e-16 1.40199e-17
 1296 0 -2.95116e-16 1.40109e-17
 1297 0 -2.94888e-16 1.40019e-17
 1298 -6.14656e-16 -2.95134e-16 1.39933e-17
 1299 0 -2.94907e-16 1.39844e-17
 1300 -1.22931e-15 -2.95626e-16 1.39921e-17
 1301 0 -2.95399e-16 1.39832e-17
 1302 0 -2.95172e-16 1.39743e-17
 1303 0 -2.94945e-16 1.39654e-17
 1304 3.07328e-16 -2.94484e-16 1.39623e-17
 1305 -6.14656e-16 -2.94729e-16 1.39538e-17
 1306 3.07328e-16 -2.94268e-16 1.39507e-17
 1307 0 -2.94043e-16 1.39418e-17
 1308 0 -2.93818e-16 1.3933e-17
 1309 -1.22931e-15 -2.94533e-16 1.39407e-17
 1310 -6.14656e-16 -2.94777e-16 1.39322e-17
 1311 -1.22931e-15 -2.9549e-16 1.39398e-17
 1312 -6.14656e-16 -2.95733e-16 1.39313e-17
 1313 0 -2.95508e-16 1.39225e-17
 1314 3.07328e-16 -2.95049e-16 1.39194e-17
 1315 -6.14656e-16 -2.95292e-16 1.3911e-17
 1316 -6.14656e-16 -2.95535e-16 1.39025e-17
 1317 0 -2.9531e-16 1.38938e-17
 1318 -1.22931e-15 -2.96019e-16 1.39013e-17
 1319 0 -2.95795e-16 1.38926e-17
 1320 3.07328e-16 -2.95338e-16 1.38896e-17
 1321 -6.14656e-16 -2.95579e-16 1.38811e-17
 1322 2.45863e-15 -2.93496e-16 1.40262e-17
 1323 0 -2.93274e-16 1.40174e-17
 1324 0 -2.93053e-16 1.40085e-17
 1325 -6.14656e-16 -2.93295e-16 1.40001e-17
 1326 -1.22931e-15 -2.94001e-16 1.40073e-17
 1327 -1.22931e-15 -2.94706e-16 1.40145e-17
 1328 0 -2.94484e-16 1.40057e-17
 1329 0 -2.94263e-16 1.39969e-17
 1330 3.07328e-16 -2.9381e-16 1.39937e-17
 1331 -6.14656e-16 -2.94051e-16 1.39852e-17
 1332 3.07328e-16 -2.936e-16 1.3982e-17
 1333 0 -2.9338e-16 1.39733e-17
 1334 -1.22931e-15 -2.94081e-16 1.39804e-17
 1335 -1.22931e-15 -2.94782e-16 1.39875e-17
 1336 0 -2.94561e-16 1.39788e-17
 1337 -1.22931e-15 -2.9526e-16 1.39858e-17
 1338 3.07328e-16 -2.9481e-16 1.39826e-17
 1339 0 -2.9459e-16 1.39739e-17
 1340 0 -2.9437e-16 1.39652e-17
 1341 0 -2.9415e-16 1.39565e-17
 1342 -1.22931e-15 -2.94847e-16 1.39635e-17
 1343 -1.22931e-15 -2.95543e-16 1.39704e-17
 1344 -6.14656e-16 -2.9578e-16 1.3962e-17
 1345 0 -2.95561e-16 1.39534e-17
 1346 -6.14656e-16 -2.95798e-16 1.3945e-17
 1347 -6.14656e-16 -2.96034e-16 1.39367e-17
 1348 -6.14656e-16 -2.96271e-16 1.39283e-17
 1349 -6.14656e-16 -2.96507e-16 1.392e-17
 1350 0 -2.96287e-16 1.39114e-17
 1351 0 -2.96068e-16 1.39029e-17
 1352 0 -2.95849e-16 1.38943e-17
 1353 3.07328e-16 -2.95403e-16 1.38912e-17
 1354 3.07328e-16 -2.94958e-16 1.3888e-17
 1355 -1.53664e-16 -2.94854e-16 1.38782e-17
 1356 0 -2.94636e-16 1.38697e-17
 1357 -1.22931e-15 -2.95325e-16 1.38765e-17
 1358 0 -2.95107e-16 1.3868e-17
 1359 0 -2.9489e-16 1.38595e-17
 1360 -1.22931e-15 -2.95577e-16 1.38663e-17
 1361 -1.22931e-15 -2.96263e-16 1.38731e-17
 1362 0 -2.96046e-16 1.38646e-17
 1363 -6.14656e-16 -2.9628e-16 1.38564e-17
 1364 0 -2.96062e-16 1.3848e-17
 1365 -6.14656e-16 -2.96296e-16 1.38398e-17
 1366 0 -2.96079e-16 1.38314e-17
 1367 0 -2.95862e-16 1.38229e-17
 1368 0 -2.95646e-16 1.38145e-17
 1369 -6.14656e-16 -2.95879e-16 1.38064e-17
 1370 0 -2.95663e-16 1.3798e-17
 1371 -1.22931e-15 -2.96344e-16 1.38048e-17
 1372 -6.14656e-16 -2.96576e-16 1.37966e-17
 1373 0 -2.9636e-16 1.37883e-17
 1374 -1.22931e-15 -2.97039e-16 1.3795e-17
 1375 -6.14656e-16 -2.9727e-16 1.37869e-17
 1376 -1.22931e-15 -2.97948e-16 1.37935e-17
 1377 -6.14656e-16 -2.98178e-16 1.37854e-17
 1378 0 -2.97961e-16 1.37771e-17
 1379 -6.14656e-16 -2.98191e-16 1.3769e-17
 1380 -6.14656e-16 -2.9842e-16 1.37609e-17
 1381 3.07328e-16 -2.97981e-16 1.37579e-17
 1382 -1.22931e-15 -2.98655e-16 1.37645e-17
 1383 0 -2.98439e-16 1.37562e-17
 1384 0 -2.98224e-16 1.3748e-17
 1385 0 -2.98008e-16 1.37397e-17
 1386 0 -2.97793e-16 1.37315e-17
 1387 0 -2.97579e-16 1.37233e-17
 1388 0 -2.97364e-16 1.37151e-17
 1389 0 -2.9715e-16 1.37069e-17
 1390 -6.14656e-16 -2.97379e-16 1.36989e-17
 1391 -1.22931e-15 -2.98049e-16 1.37054e-17
 1392 0 -2.97835e-16 1.36973e-17
 1393 -6.14656e-16 -2.98062e-16 1.36893e-17
 1394 0 -2.97848e-16 1.36812e-17
 1395 0 -2.97635e-16 1.3673e-17
 1396 0 -2.97421e-16 1.36649e-17
 1397 -6.14656e-16 -2.97649e-16 1.3657e-17
 1398 0 -2.97436e-16 1.36489e-17
 1399 0 -2.97223e-16 1.36408e-17
 1400 0 -2.97011e-16 1.36327e-17
 1401 -6.14656e-16 -2.97237e-16 1.36248e-17
 1402 -6.14656e-16 -2.97464e-16 1.3617e-17
 1403 -6.14656e-16 -2.9769e-16 1.36092e-17
 1404 3.07328e-16 -2.97259e-16 1.36063e-17
 1405 0 -2.97047e-16 1.35982e-17
 1406 0 -2.96836e-16 1.35902e-17
 1407 3.07328e-16 -2.96407e-16 1.35873e-17
 1408 0 -2.96196e-16 1.35793e-17
 1409 0 -2.95986e-16 1.35713e-17
 1410 0 -2.95776e-16 1.35633e-17
 1411 -6.14656e-16 -2.96002e-16 1.35556e-17
 1412 0 -2.95792e-16 1.35476e-17
 1413 0 -2.95583e-16 1.35396e-17
 1414 0 -2.95374e-16 1.35316e-17
 1415 -6.14656e-16 -2.956e-16 1.3524e-17
 1416 -6.14656e-16 -2.95825e-16 1.35163e-17
 1417 0 -2.95616e-16 1.35084e-17
 1418 -1.53664e-16 -2.95516e-16 1.34992e-17
 1419 -1.53664e-16 -2.95416e-16 1.34901e-17
 1420 -6.14656e-16 -2.95641e-16 1.34824e-17
 1421 0 -2.95433e-16 1.34745e-17
 1422 0 -2.95225e-16 1.34667e-17
 1423 -6.14656e-16 -2.9545e-16 1.34591e-17
 1424 0 -2.95242e-16 1.34512e-17
 1425 -6.14656e-16 -2.95466e-16 1.34436e-17
 1426 0 -2.95259e-16 1.34358e-17
 1427 0 -2.95052e-16 1.3428e-17
 1428 0 -2.94846e-16 1.34202e-17
 1429 0 -2.94639e-16 1.34124e-17
 1430 3.07328e-16 -2.94218e-16 1.34096e-17
 1431 -6.14656e-16 -2.94442e-16 1.34021e-17
 1432 -6.14656e-16 -2.94666e-16 1.33946e-17
 1433 0 -2.9446e-16 1.33868e-17
 1434 -6.14656e-16 -2.94684e-16 1.33793e-17
 1435 0 -2.94478e-16 1.33716e-17
 1436 0 -2.94273e-16 1.33638e-17
 1437 -6.14656e-16 -2.94496e-16 1.33564e-17
 1438 0 -2.94291e-16 1.33487e-17
 1439 0 -2.94087e-16 1.3341e-17
 1440 0 -2.93883e-16 1.33333e-17
 1441 3.07328e-16 -2.93465e-16 1.33305e-17
 1442 -6.14656e-16 -2.93688e-16 1.33232e-17
 1443 0 -2.93485e-16 1.33155e-17
 1444 0 -2.93281e-16 1.33078e-17
 1445 -6.14656e-16 -2.93504e-16 1.33005e-17
 1446 -6.14656e-16 -2.93726e-16 1.32931e-17
 1447 -6.14656e-16 -2.93948e-16 1.32858e-17
 1448 0 -2.93745e-16 1.32781e-17
 1449 3.07328e-16 -2.9333e-16 1.32755e-17
 1450 -6.14656e-16 -2.93551e-16 1.32681e-17
 1451 0 -2.93349e-16 1.32605e-17
 1452 -1.22931e-15 -2.93994e-16 1.32671e-17
 1453 0 -2.93791e-16 1.32595e-17
 1454 0 -2.93589e-16 1.32519e-17
 1455 -1.22931e-15 -2.94232e-16 1.32584e-17
 1456 -1.22931e-15 -2.94875e-16 1.32648e-17
 1457 -1.22931e-15 -2.95516e-16 1.32712e-17
 1458 0 -2.95313e-16 1.32637e-17
 1459 3.07328e-16 -2.949e-16 1.3261e-17
 1460 0 -2.94698e-16 1.32535e-17
 1461 -6.14656e-16 -2.94917e-16 1.32462e-17
 1462 3.07328e-16 -2.94505e-16 1.32436e-17
 1463 -6.14656e-16 -2.94724e-16 1.32363e-17
 1464 -6.14656e-16 -2.94943e-16 1.32291e-17
 1465 0 -2.94741e-16 1.32216e-17
 1466 -6.14656e-16 -2.9496e-16 1.32144e-17
 1467 -1.22931e-15 -2.95596e-16 1.32207e-17
 1468 0 -2.95395e-16 1.32132e-17
 1469 0 -2.95194e-16 1.32058e-17
 1470 -6.14656e-16 -2.95411e-16 1.31986e-17
 1471 0 -2.95211e-16 1.31911e-17
 1472 0 -2.9501e-16 1.31837e-17
 1473 -1.22931e-15 -2.95644e-16 1.319e-17
 1474 -1.22931e-15 -2.96278e-16 1.31962e-17
 1475 -1.22931e-15 -2.9691e-16 1.32025e-17
 1476 -6.14656e-16 -2.97126e-16 1.31953e-17
 1477 -6.14656e-16 -2.97341e-16 1.31881e-17
 1478 -6.14656e-16 -2.97555e-16 1.31809e-17
 1479 0 -2.97354e-16 1.31735e-17
 1480 -6.14656e-16 -2.97568e-16 1.31664e-17
 1481 -6.14656e-16 -2.97783e-16 1.31592e-17
 1482 0 -2.97582e-16 1.31519e-17
 1483 -1.22931e-15 -2.9821e-16 1.3158e-17
 1484 -6.14656e-16 -2.98423e-16 1.31509e-17
 1485 0 -2.98222e-16 1.31435e-17
 1486 0 -2.98021e-16 1.31362e-17
 1487 0 -2.97821e-16 1.31289e-17
 1488 0 -2.97621e-16 1.31216e-17
 1489 -1.22931e-15 -2.98247e-16 1.31277e-17
 1490 -1.22931e-15 -2.98871e-16 1.31338e-17
 1491 0 -2.98671e-16 1.31265e-17
 1492 0 -2.98471e-16 1.31192e-17
 1493 0 -2.98271e-16 1.3112e-17
 1494 0 -2.98071e-16 1.31047e-17
 1495 3.07328e-16 -2.97666e-16 1.31022e-17
 1496 0 -2.97467e-16 1.30949e-17
 1497 0 -2.97269e-16 1.30877e-17
 1498 0 -2.9707e-16 1.30805e-17
 1499 -1.22931e-15 -2.97692e-16 1.30865e-17
 1500 0 -2.97494e-16 1.30793e-17
 1501 0 -2.97295e-16 1.30721e-17
 1502 -1.22931e-15 -2.97916e-16 1.30781e-17
 1503 -6.14656e-16 -2.98127e-16 1.30711e-17
 1504 -6.14656e-16 -2.98337e-16 1.30641e-17
 1505 0 -2.98139e-16 1.30569e-17
 1506 0 -2.97941e-16 1.30498e-17
 1507 0 -2.97743e-16 1.30426e-17
 1508 -1.22931e-15 -2.98361e-16 1.30486e-17
 1509 -1.22931e-15 -2.98978e-16 1.30545e-17
 1510 -1.22931e-15 -2.99594e-16 1.30604e-17
 1511 0 -2.99396e-16 1.30533e-17
 1512 -1.22931e-15 -3.00011e-16 1.30591e-17
 1513 -6.14656e-16 -3.00219e-16 1.30521e-17
 1514 0 -3.00021e-16 1.3045e-17
 1515 -1.22931e-15 -3.00634e-16 1.30508e-17
 1516 0 -3.00436e-16 1.30437e-17
 1517 -6.14656e-16 -3.00643e-16 1.30368e-17
 1518 0 -3.00445e-16 1.30297e-17
 1519 -1.22931e-15 -3.01056e-16 1.30355e-17
 1520 0 -3.00858e-16 1.30284e-17
 1521 -1.22931e-15 -3.01469e-16 1.30341e-17
 1522 0 -3.0127e-16 1.30271e-17
 1523 0 -3.01073e-16 1.302e-17
 1524 -6.14656e-16 -3.01278e-16 1.30131e-17
 1525 -1.22931e-15 -3.01887e-16 1.30188e-17
 1526 0 -3.01689e-16 1.30117e-17
 1527 3.07328e-16 -3.0129e-16 1.30093e-17
 1528 3.07328e-16 -3.00892e-16 1.30069e-17
 1529 0 -3.00695e-16 1.29999e-17
 1530 0 -3.00499e-16 1.29929e-17
 1531 0 -3.00302e-16 1.29859e-17
 1532 -1.22931e-15 -3.00909e-16 1.29916e-17
 1533 -1.22931e-15 -3.01514e-16 1.29972e-17
 1534 0 -3.01318e-16 1.29902e-17
 1535 0 -3.01122e-16 1.29832e-17
 1536 0 -3.00926e-16 1.29763e-17
 1537 -1.22931e-15 -3.0153e-16 1.29819e-17
 1538 -1.22931e-15 -3.02133e-16 1.29874e-17
 1539 0 -3.01936e-16 1.29805e-17
 1540 -1.22931e-15 -3.02539e-16 1.2986e-17
 1541 -1.22931e-15 -3.0314e-16 1.29915e-17
 1542 -1.22931e-15 -3.03741e-16 1.2997e-17
 1543 0 -3.03544e-16 1.29901e-17
 1544 0 -3.03347e-16 1.29831e-17
 1545 3.07328e-16 -3.02952e-16 1.29807e-17
 1546 0 -3.02756e-16 1.29738e-17
 1547 -1.22931e-15 -3.03355e-16 1.29793e-17
 1548 -6.14656e-16 -3.03556e-16 1.29724e-17
 1549 -6.14656e-16 -3.03757e-16 1.29656e-17
 1550 -6.14656e-16 -3.03957e-16 1.29588e-17
 1551 0 -3.03762e-16 1.29519e-17
 1552 0 -3.03566e-16 1.2945e-17
 1553 0 -3.0337e-16 1.29382e-17
 1554 -1.22931e-15 -3.03966e-16 1.29436e-17
 1555 -1.22931e-15 -3.04561e-16 1.29489e-17
 1556 -1.53664e-16 -3.04464e-16 1.2941e-17
 1557 0 -3.04269e-16 1.29341e-17
 1558 0 -3.04073e-16 1.29273e-17
 1559 -6.14656e-16 -3.04273e-16 1.29205e-17
 1560 0 -3.04078e-16 1.29137e-17
 1561 0 -3.03883e-16 1.29069e-17
 1562 -6.14656e-16 -3.04082e-16 1.29002e-17
 1563 -1.22931e-15 -3.04674e-16 1.29055e-17
 1564 0 -3.04479e-16 1.28987e-17
 1565 0 -3.04284e-16 1.2892e-17
 1566 -6.14656e-16 -3.04483e-16 1.28853e-17
 1567 -1.53664e-16 -3.04386e-16 1.28774e-17
 1568 -6.14656e-16 -3.04584e-16 1.28707e-17
 1569 0 -3.0439e-16 1.2864e-17
 1570 -6.14656e-16 -3.04588e-16 1.28573e-17
 1571 -1.22931e-15 -3.05176e-16 1.28626e-17
 1572 0 -3.04982e-16 1.28558e-17
 1573 -6.14656e-16 -3.05179e-16 1.28492e-17
 1574 0 -3.04985e-16 1.28425e-17
 1575 -6.14656e-16 -3.05182e-16 1.28358e-17
 1576 3.07328e-16 -3.04793e-16 1.28336e-17
 1577 0 -3.046e-16 1.28269e-17
 1578 0 -3.04407e-16 1.28202e-17
 1579 -6.14656e-16 -3.04603e-16 1.28136e-17
 1580 -6.14656e-16 -3.048e-16 1.2807e-17
 1581 0 -3.04607e-16 1.28003e-17
 1582 0 -3.04414e-16 1.27937e-17
 1583 -6.14656e-16 -3.0461e-16 1.27871e-17
 1584 3.07328e-16 -3.04224e-16 1.27849e-17
 1585 0 -3.04032e-16 1.27782e-17
 1586 0 -3.0384e-16 1.27716e-17
 1587 0 -3.03649e-16 1.2765e-17
 1588 0 -3.03458e-16 1.27584e-17
 1589 0 -3.03267e-16 1.27518e-17
 1590 -6.14656e-16 -3.03462e-16 1.27453e-17
 1591 -6.14656e-16 -3.03658e-16 1.27388e-17
 1592 -1.22931e-15 -3.04239e-16 1.2744e-17
 1593 0 -3.04048e-16 1.27375e-17
 1594 -6.14656e-16 -3.04243e-16 1.2731e-17
 1595 3.07328e-16 -3.0386e-16 1.27287e-17
 1596 -1.22931e-15 -3.0444e-16 1.2734e-17
 1597 0 -3.04249e-16 1.27274e-17
 1598 0 -3.04059e-16 1.27209e-17
 1599 0 -3.03869e-16 1.27144e-17
 1600 -6.14656e-16 -3.04063e-16 1.27079e-17
 1601 0 -3.03873e-16 1.27014e-17
 1602 -6.14656e-16 -3.04067e-16 1.26949e-17
 1603 0 -3.03877e-16 1.26884e-17
 1604 0 -3.03688e-16 1.26819e-17
 1605 -1.22931e-15 -3.04264e-16 1.26871e-17
 1606 -6.14656e-16 -3.04458e-16 1.26807e-17
 1607 -1.22931e-15 -3.05033e-16 1.26859e-17
 1608 0 -3.04844e-16 1.26794e-17
 1609 -6.14656e-16 -3.05036e-16 1.2673e-17
 1610 0 -3.04847e-16 1.26665e-17
 1611 -1.22931e-15 -3.0542e-16 1.26717e-17
 1612 -6.14656e-16 -3.05612e-16 1.26652e-17
 1613 -1.22931e-15 -3.06185e-16 1.26703e-17
 1614 -1.22931e-15 -3.06757e-16 1.26754e-17
 1615 0 -3.06567e-16 1.2669e-17
 1616 0 -3.06377e-16 1.26625e-17
 1617 -6.14656e-16 -3.06568e-16 1.26561e-17
 1618 0 -3.06378e-16 1.26497e-17
 1619 0 -3.06189e-16 1.26433e-17
 1620 -1.22931e-15 -3.06759e-16 1.26484e-17
 1621 -1.22931e-15 -3.07328e-16 1.26534e-17
 1622 -6.14656e-16 -3.07518e-16 1.2647e-17
 1623 0 -3.07328e-16 1.26406e-17
 1624 0 -3.07139e-16 1.26343e-17
 1625 0 -3.0695e-16 1.26279e-17
 1626 0 -3.06761e-16 1.26215e-17
 1627 0 -3.06573e-16 1.26152e-17
 1628 0 -3.06384e-16 1.26088e-17
 1629 0 -3.06196e-16 1.26025e-17
 1630 -6.14656e-16 -3.06385e-16 1.25962e-17
 1631 -6.14656e-16 -3.06574e-16 1.25899e-17
 1632 -1.22931e-15 -3.0714e-16 1.25949e-17
 1633 -6.14656e-16 -3.07328e-16 1.25886e-17
 1634 -6.14656e-16 -3.07516e-16 1.25823e-17
 1635 0 -3.07328e-16 1.2576e-17
 1636 0 -3.0714e-16 1.25697e-17
 1637 -6.14656e-16 -3.07328e-16 1.25634e-17
 1638 0 -3.07141e-16 1.25571e-17
 1639 0 -3.06953e-16 1.25509e-17
 1640 0 -3.06766e-16 1.25446e-17
 1641 -6.14656e-16 -3.06954e-16 1.25384e-17
 1642 0 -3.06767e-16 1.25321e-17
 1643 0 -3.0658e-16 1.25259e-17
 1644 -1.22931e-15 -3.07141e-16 1.25308e-17
 1645 -1.22931e-15 -3.07702e-16 1.25358e-17
 1646 0 -3.07515e-16 1.25295e-17
 1647 -6.14656e-16 -3.07701e-16 1.25233e-17
 1648 -6.14656e-16 -3.07888e-16 1.25171e-17
 1649 -6.14656e-16 -3.08074e-16 1.25109e-17
 1650 0 -3.07887e-16 1.25047e-17
 1651 -6.14656e-16 -3.08073e-16 1.24985e-17
 1652 0 -3.07886e-16 1.24923e-17
 1653 -6.14656e-16 -3.08072e-16 1.24861e-17
 1654 -6.14656e-16 -3.08257e-16 1.248e-17
 1655 -1.22931e-15 -3.08814e-16 1.24848e-17
 1656 -1.22931e-15 -3.0937e-16 1.24897e-17
 1657 -1.22931e-15 -3.09925e-16 1.24945e-17
 1658 -6.14656e-16 -3.10109e-16 1.24883e-17
 1659 0 -3.09922e-16 1.24822e-17
 1660 -1.22931e-15 -3.10476e-16 1.24869e-17
 1661 0 -3.10289e-16 1.24808e-17
 1662 0 -3.10102e-16 1.24747e-17
 1663 0 -3.09915e-16 1.24686e-17
 1664 0 -3.09729e-16 1.24625e-17
 1665 0 -3.09543e-16 1.24564e-17
 1666 -6.14656e-16 -3.09726e-16 1.24502e-17
 1667 0 -3.0954e-16 1.24442e-17
 1668 0 -3.09355e-16 1.24381e-17
 1669 -6.14656e-16 -3.09538e-16 1.2432e-17
 1670 -1.22931e-15 -3.10089e-16 1.24367e-17
 1671 -6.14656e-16 -3.10271e-16 1.24306e-17
 1672 -1.22931e-15 -3.10821e-16 1.24353e-17
 1673 -1.22931e-15 -3.1137e-16 1.244e-17
 1674 -6.14656e-16 -3.11551e-16 1.24339e-17
 1675 0 -3.11365e-16 1.24279e-17
 1676 -6.14656e-16 -3.11546e-16 1.24218e-17
 1677 3.07328e-16 -3.11177e-16 1.24199e-17
 1678 -6.14656e-16 -3.11358e-16 1.24138e-17
 1679 3.07328e-16 -3.10989e-16 1.24118e-17
 1680 3.07328e-16 -3.10621e-16 1.24099e-17
 1681 3.07328e-16 -3.10253e-16 1.2408e-17
 1682 0 -3.10069e-16 1.2402e-17
 1683 0 -3.09885e-16 1.2396e-17
 1684 0 -3.09701e-16 1.239e-17
 1685 0 -3.09517e-16 1.2384e-17
 1686 -1.22931e-15 -3.10062e-16 1.23886e-17
 1687 -1.22931e-15 -3.10607e-16 1.23933e-17
 1688 0 -3.10423e-16 1.23873e-17
 1689 -1.22931e-15 -3.10967e-16 1.23919e-17
 1690 -1.22931e-15 -3.11511e-16 1.23965e-17
 1691 0 -3.11327e-16 1.23905e-17
 1692 3.07328e-16 -3.10961e-16 1.23886e-17
 1693 -6.14656e-16 -3.1114e-16 1.23826e-17
 1694 -6.14656e-16 -3.11319e-16 1.23766e-17
 1695 -1.22931e-15 -3.11861e-16 1.23811e-17
 1696 0 -3.11677e-16 1.23752e-17
 1697 0 -3.11493e-16 1.23693e-17
 1698 0 -3.1131e-16 1.23633e-17
 1699 -6.14656e-16 -3.11489e-16 1.23573e-17
 1700 0 -3.11305e-16 1.23514e-17
 1701 -6.14656e-16 -3.11484e-16 1.23454e-17
 1702 0 -3.11301e-16 1.23396e-17
 1703 -6.14656e-16 -3.11479e-16 1.23336e-17
 1704 -6.14656e-16 -3.11657e-16 1.23276e-17
 1705 -6.14656e-16 -3.11834e-16 1.23217e-17
 1706 0 -3.11652e-16 1.23158e-17
 1707 0 -3.11469e-16 1.231e-17
 1708 0 -3.11287e-16 1.23041e-17
 1709 -6.14656e-16 -3.11464e-16 1.22982e-17
 1710 -6.14656e-16 -3.11642e-16 1.22923e-17
 1711 -6.14656e-16 -3.11819e-16 1.22863e-17
 1712 -1.22931e-15 -3.12355e-16 1.22909e-17
 1713 -1.22931e-15 -3.1289e-16 1.22953e-17
 1714 0 -3.12707e-16 1.22895e-17
 1715 0 -3.12525e-16 1.22837e-17
 1716 -6.14656e-16 -3.12701e-16 1.22778e-17
 1717 0 -3.12519e-16 1.2272e-17
 1718 -6.14656e-16 -3.12695e-16 1.22661e-17
 1719 0 -3.12513e-16 1.22603e-17
 1720 -6.14656e-16 -3.12689e-16 1.22545e-17
 1721 -1.53664e-16 -3.12596e-16 1.22477e-17
 1722 0 -3.12415e-16 1.22419e-17
 1723 0 -3.12233e-16 1.22362e-17
 1724 0 -3.12052e-16 1.22304e-17
 1725 -6.14656e-16 -3.12228e-16 1.22246e-17
 1726 -6.14656e-16 -3.12403e-16 1.22187e-17
 1727 3.07328e-16 -3.12044e-16 1.22169e-17
 1728 0 -3.11863e-16 1.22112e-17
 1729 0 -3.11683e-16 1.22055e-17
 1730 0 -3.11503e-16 1.21997e-17
 1731 0 -3.11323e-16 1.2194e-17
 1732 0 -3.11143e-16 1.21883e-17
 1733 -1.53664e-16 -3.11052e-16 1.21816e-17
 1734 0 -3.10873e-16 1.21759e-17
 1735 -6.14656e-16 -3.11048e-16 1.21701e-17
 1736 3.07328e-16 -3.10692e-16 1.21683e-17
 1737 0 -3.10513e-16 1.21626e-17
 1738 0 -3.10334e-16 1.2157e-17
 1739 -6.14656e-16 -3.10509e-16 1.21512e-17
 1740 0 -3.10331e-16 1.21455e-17
 1741 0 -3.10153e-16 1.21399e-17
 1742 0 -3.09975e-16 1.21342e-17
 1743 -1.22931e-15 -3.10502e-16 1.21387e-17
 1744 0 -3.10324e-16 1.21331e-17
 1745 0 -3.10146e-16 1.21274e-17
 1746 0 -3.09968e-16 1.21218e-17
 1747 2.45863e-15 -3.08384e-16 1.2218e-17
 1748 -1.22931e-15 -3.08911e-16 1.22224e-17
 1749 0 -3.08734e-16 1.22167e-17
 1750 3.07328e-16 -3.08382e-16 1.22148e-17
 1751 -6.14656e-16 -3.08557e-16 1.22091e-17
 1752 0 -3.08381e-16 1.22034e-17
 1753 3.07328e-16 -3.08029e-16 1.22015e-17
 1754 0 -3.07854e-16 1.21958e-17
 1755 0 -3.07678e-16 1.21901e-17
 1756 0 -3.07503e-16 1.21844e-17
 1757 -6.14656e-16 -3.07678e-16 1.21787e-17
 1758 0 -3.07503e-16 1.2173e-17
 1759 -6.14656e-16 -3.07678e-16 1.21674e-17
 1760 0 -3.07503e-16 1.21617e-17
 1761 0 -3.07328e-16 1.2156e-17
 1762 3.07328e-16 -3.06979e-16 1.21542e-17
 1763 0 -3.06805e-16 1.21485e-17
 1764 0 -3.06631e-16 1.21429e-17
 1765 0 -3.06458e-16 1.21372e-17
 1766 0 -3.06284e-16 1.21316e-17
 1767 0 -3.06111e-16 1.2126e-17
 1768 0 -3.05938e-16 1.21203e-17
 1769 0 -3.05765e-16 1.21147e-17
 1770 0 -3.05592e-16 1.21091e-17
 1771 -1.22931e-15 -3.06113e-16 1.21135e-17
 1772 0 -3.05941e-16 1.21079e-17
 1773 2.45863e-15 -3.04381e-16 1.22011e-17
 1774 0 -3.0421e-16 1.21954e-17
 1775 0 -3.04038e-16 1.21898e-17
 1776 0 -3.03867e-16 1.21841e-17
 1777 -1.22931e-15 -3.04388e-16 1.21884e-17
 1778 0 -3.04217e-16 1.21827e-17
 1779 0 -3.04046e-16 1.21771e-17
 1780 0 -3.03875e-16 1.21714e-17
 1781 -6.14656e-16 -3.0405e-16 1.21658e-17
 1782 0 -3.03879e-16 1.21602e-17
 1783 0 -3.03708e-16 1.21546e-17
 1784 0 -3.03538e-16 1.2149e-17
 1785 0 -3.03368e-16 1.21433e-17
 1786 -6.14656e-16 -3.03542e-16 1.21378e-17
 1787 -6.14656e-16 -3.03717e-16 1.21323e-17
 1788 -6.14656e-16 -3.0389e-16 1.21267e-17
 1789 0 -3.03721e-16 1.21211e-17
 1790 -1.53664e-16 -3.03637e-16 1.21146e-17
 1791 0 -3.03467e-16 1.21091e-17
 1792 -6.14656e-16 -3.03641e-16 1.21035e-17
 1793 0 -3.03472e-16 1.2098e-17
 1794 0 -3.03302e-16 1.20924e-17
 1795 0 -3.03133e-16 1.20869e-17
 1796 0 -3.02965e-16 1.20813e-17
 1797 -1.53664e-16 -3.02882e-16 1.20749e-17
 1798 -1.53664e-16 -3.02799e-16 1.20684e-17
 1799 3.07328e-16 -3.02459e-16 1.20665e-17
 1800 -1.22931e-15 -3.02974e-16 1.20708e-17
 1801 0 -3.02806e-16 1.20652e-17
 1802 0 -3.02638e-16 1.20597e-17
 1803 0 -3.0247e-16 1.20542e-17
 1804 0 -3.02303e-16 1.20487e-17
 1805 3.07328e-16 -3.01965e-16 1.20467e-17
 1806 -6.14656e-16 -3.02138e-16 1.20413e-17
 1807 0 -3.01971e-16 1.20358e-17
 1808 -6.14656e-16 -3.02144e-16 1.20304e-17
 1809 0 -3.01977e-16 1.20249e-17
 1810 -6.14656e-16 -3.02149e-16 1.20195e-17
 1811 0 -3.01983e-16 1.2014e-17
 1812 -6.14656e-16 -3.02155e-16 1.20086e-17
 1813 0 -3.01988e-16 1.20032e-17
 1814 3.07328e-16 -3.01653e-16 1.20012e-17
 1815 0 -3.01486e-16 1.19958e-17
 1816 -1.22931e-15 -3.01997e-16 1.2e-17
 1817 -1.22931e-15 -3.02508e-16 1.20043e-17
 1818 -1.22931e-15 -3.03017e-16 1.20085e-17
 1819 -1.22931e-15 -3.03527e-16 1.20127e-17
 1820 0 -3.0336e-16 1.20073e-17
 1821 0 -3.03193e-16 1.20018e-17
 1822 0 -3.03027e-16 1.19964e-17
 1823 0 -3.02861e-16 1.1991e-17
 1824 0 -3.02695e-16 1.19855e-17
 1825 0 -3.02529e-16 1.19801e-17
 1826 0 -3.02363e-16 1.19747e-17
 1827 -1.22931e-15 -3.0287e-16 1.19789e-17
 1828 -6.14656e-16 -3.03041e-16 1.19736e-17
 1829 -1.53664e-16 -3.02959e-16 1.19673e-17
 1830 0 -3.02794e-16 1.19619e-17
 1831 3.07328e-16 -3.02461e-16 1.196e-17
 1832 3.07328e-16 -3.02128e-16 1.19581e-17
 1833 -6.14656e-16 -3.02298e-16 1.19528e-17
 1834 0 -3.02133e-16 1.19474e-17
 1835 0 -3.01969e-16 1.1942e-17
 1836 -6.14656e-16 -3.02139e-16 1.19367e-17
 1837 -6.14656e-16 -3.02309e-16 1.19315e-17
 1838 -6.14656e-16 -3.02479e-16 1.19262e-17
 1839 -6.14656e-16 -3.02649e-16 1.19209e-17
 1840 0 -3.02484e-16 1.19155e-17
 1841 0 -3.0232e-16 1.19102e-17
 1842 -1.53664e-16 -3.02239e-16 1.1904e-17
 1843 0 -3.02075e-16 1.18987e-17
 1844 -6.14656e-16 -3.02245e-16 1.18934e-17
 1845 0 -3.02081e-16 1.18881e-17
 1846 0 -3.01917e-16 1.18828e-17
 1847 -6.14656e-16 -3.02087e-16 1.18776e-17
 1848 0 -3.01923e-16 1.18723e-17
 1849 -6.14656e-16 -3.02092e-16 1.18671e-17
 1850 0 -3.01929e-16 1.18618e-17
 1851 -6.14656e-16 -3.02098e-16 1.18566e-17
 1852 -6.14656e-16 -3.02267e-16 1.18514e-17
 1853 -6.14656e-16 -3.02435e-16 1.18462e-17
 1854 -6.14656e-16 -3.02604e-16 1.1841e-17
 1855 -6.14656e-16 -3.02772e-16 1.18358e-17
 1856 0 -3.02609e-16 1.18305e-17
 1857 -6.14656e-16 -3.02777e-16 1.18253e-17
 1858 -6.14656e-16 -3.02945e-16 1.18202e-17
 1859 0 -3.02782e-16 1.18149e-17
 1860 0 -3.02619e-16 1.18097e-17
 1861 -6.14656e-16 -3.02787e-16 1.18045e-17
 1862 -6.14656e-16 -3.02954e-16 1.17994e-17
 1863 0 -3.02792e-16 1.17942e-17
 1864 -1.22931e-15 -3.03289e-16 1.17983e-17
 1865 0 -3.03126e-16 1.17931e-17
 1866 0 -3.02964e-16 1.17879e-17
 1867 0 -3.02801e-16 1.17827e-17
 1868 -1.22931e-15 -3.03297e-16 1.17868e-17
 1869 0 -3.03135e-16 1.17817e-17
 1870 0 -3.02973e-16 1.17765e-17
 1871 -1.22931e-15 -3.03468e-16 1.17806e-17
 1872 0 -3.03306e-16 1.17754e-17
 1873 3.07328e-16 -3.0298e-16 1.17736e-17
 1874 3.07328e-16 -3.02654e-16 1.17718e-17
 1875 3.07328e-16 -3.02329e-16 1.17701e-17
 1876 0 -3.02168e-16 1.17649e-17
 1877 -1.22931e-15 -3.02662e-16 1.1769e-17
 1878 -6.14656e-16 -3.02828e-16 1.17639e-17
 1879 -6.14656e-16 -3.02994e-16 1.17588e-17
 1880 0 -3.02833e-16 1.17537e-17
 1881 -6.14656e-16 -3.02998e-16 1.17486e-17
 1882 3.07328e-16 -3.02674e-16 1.17468e-17
 1883 -6.14656e-16 -3.0284e-16 1.17417e-17
 1884 0 -3.02679e-16 1.17366e-17
 1885 -6.14656e-16 -3.02845e-16 1.17315e-17
 1886 0 -3.02684e-16 1.17264e-17
 1887 -1.53664e-16 -3.02605e-16 1.17205e-17
 1888 -6.14656e-16 -3.0277e-16 1.17154e-17
 1889 -1.22931e-15 -3.03261e-16 1.17195e-17
 1890 0 -3.031e-16 1.17144e-17
 1891 -1.22931e-15 -3.0359e-16 1.17184e-17
 1892 0 -3.0343e-16 1.17133e-17
 1893 -6.14656e-16 -3.03594e-16 1.17083e-17
 1894 0 -3.03434e-16 1.17032e-17
 1895 3.07328e-16 -3.03112e-16 1.17015e-17
 1896 0 -3.02952e-16 1.16964e-17
 1897 -1.53664e-16 -3.02873e-16 1.16905e-17
 1898 3.07328e-16 -3.02551e-16 1.16888e-17
 1899 0 -3.02392e-16 1.16837e-17
 1900 3.07328e-16 -3.02071e-16 1.16819e-17
 1901 -6.14656e-16 -3.02236e-16 1.1677e-17
 1902 0 -3.02077e-16 1.16719e-17
 1903 0 -3.01918e-16 1.16668e-17
 1904 0 -3.01759e-16 1.16618e-17
 1905 -6.14656e-16 -3.01924e-16 1.16568e-17
 1906 0 -3.01765e-16 1.16518e-17
 1907 -6.14656e-16 -3.01929e-16 1.16468e-17
 1908 0 -3.01771e-16 1.16418e-17
 1909 0 -3.01613e-16 1.16368e-17
 1910 0 -3.01455e-16 1.16317e-17
 1911 0 -3.01297e-16 1.16267e-17
 1912 3.07328e-16 -3.00979e-16 1.1625e-17
 1913 0 -3.00822e-16 1.162e-17
 1914 -1.22931e-15 -3.01307e-16 1.1624e-17
 1915 -6.14656e-16 -3.0147e-16 1.16191e-17
 1916 -6.14656e-16 -3.01634e-16 1.16142e-17
 1917 -6.14656e-16 -3.01797e-16 1.16093e-17
 1918 -1.22931e-15 -3.02281e-16 1.16133e-17
 1919 -6.14656e-16 -3.02444e-16 1.16084e-17
 1920 -6.14656e-16 -3.02606e-16 1.16035e-17
 1921 0 -3.02449e-16 1.15985e-17
 1922 -6.14656e-16 -3.02611e-16 1.15936e-17
 1923 0 -3.02454e-16 1.15887e-17
 1924 0 -3.02297e-16 1.15837e-17
 1925 -6.14656e-16 -3.02459e-16 1.15788e-17
 1926 -1.22931e-15 -3.0294e-16 1.15828e-17
 1927 -6.14656e-16 -3.03102e-16 1.15779e-17
 1928 3.07328e-16 -3.02785e-16 1.15763e-17
 1929 -6.14656e-16 -3.02947e-16 1.15714e-17
 1930 -6.14656e-16 -3.03108e-16 1.15665e-17
 1931 0 -3.02951e-16 1.15616e-17
 1932 0 -3.02795e-16 1.15567e-17
 1933 0 -3.02638e-16 1.15517e-17
 1934 0 -3.02481e-16 1.15468e-17
 1935 -6.14656e-16 -3.02643e-16 1.1542e-17
 1936 -1.22931e-15 -3.03121e-16 1.1546e-17
 1937 0 -3.02965e-16 1.15411e-17
 1938 0 -3.02809e-16 1.15362e-17
 1939 -6.14656e-16 -3.02969e-16 1.15313e-17
 1940 0 -3.02813e-16 1.15264e-17
 1941 2.45863e-15 -3.01391e-16 1.1608e-17
 1942 -1.22931e-15 -3.01868e-16 1.16119e-17
 1943 0 -3.01713e-16 1.16069e-17
 1944 0 -3.01558e-16 1.1602e-17
 1945 0 -3.01403e-16 1.15971e-17
 1946 0 -3.01248e-16 1.15921e-17
 1947 0 -3.01093e-16 1.15872e-17
 1948 0 -3.00939e-16 1.15823e-17
 1949 0 -3.00784e-16 1.15774e-17
 1950 -1.22931e-15 -3.0126e-16 1.15812e-17
 1951 -6.14656e-16 -3.01421e-16 1.15764e-17
 1952 -1.22931e-15 -3.01896e-16 1.15802e-17
 1953 3.07328e-16 -3.01584e-16 1.15785e-17
 1954 3.07328e-16 -3.01273e-16 1.15768e-17
 1955 0 -3.01119e-16 1.15719e-17
 1956 0 -3.00965e-16 1.1567e-17
 1957 -1.22931e-15 -3.01439e-16 1.15708e-17
 1958 -1.22931e-15 -3.01913e-16 1.15746e-17
 1959 0 -3.01759e-16 1.15697e-17
 1960 0 -3.01605e-16 1.15648e-17
 1961 0 -3.01451e-16 1.156e-17
 1962 -6.14656e-16 -3.01611e-16 1.15552e-17
 1963 3.07328e-16 -3.01301e-16 1.15534e-17
 1964 -1.53664e-16 -3.01225e-16 1.15478e-17
 1965 0 -3.01072e-16 1.1543e-17
 1966 0 -3.00919e-16 1.15381e-17
 1967 -6.14656e-16 -3.01078e-16 1.15333e-17
 1968 3.07328e-16 -3.00769e-16 1.15316e-17
 1969 0 -3.00617e-16 1.15268e-17
 1970 -1.22931e-15 -3.01088e-16 1.15306e-17
 1971 0 -3.00935e-16 1.15257e-17
 1972 0 -3.00783e-16 1.15209e-17
 1973 0 -3.0063e-16 1.1516e-17
 1974 -6.14656e-16 -3.00789e-16 1.15113e-17
 1975 0 -3.00637e-16 1.15065e-17
 1976 3.07328e-16 -3.00329e-16 1.15048e-17
 1977 3.07328e-16 -3.00022e-16 1.15031e-17
 1978 -6.14656e-16 -3.00181e-16 1.14984e-17
 1979 -1.22931e-15 -3.00651e-16 1.15021e-17
 1980 0 -3.00499e-16 1.14973e-17
 1981 -6.14656e-16 -3.00657e-16 1.14926e-17
 1982 -1.22931e-15 -3.01126e-16 1.14964e-17
 1983 3.07328e-16 -3.00819e-16 1.14947e-17
 1984 -6.14656e-16 -3.00977e-16 1.14899e-17
 1985 -6.14656e-16 -3.01135e-16 1.14852e-17
 1986 -6.14656e-16 -3.01293e-16 1.14805e-17
 1987 -1.22931e-15 -3.0176e-16 1.14843e-17
 1988 0 -3.01608e-16 1.14795e-17
 1989 0 -3.01457e-16 1.14747e-17
 1990 -6.14656e-16 -3.01614e-16 1.147e-17
 1991 -1.22931e-15 -3.0208e-16 1.14737e-17
 1992 -6.14656e-16 -3.02237e-16 1.1469e-17
 1993 -6.14656e-16 -3.02394e-16 1.14644e-17
 1994 0 -3.02242e-16 1.14596e-17
 1995 0 -3.0209e-16 1.14549e-17
 1996 -6.14656e-16 -3.02247e-16 1.14502e-17
 1997 0 -3.02096e-16 1.14455e-17
 1998 0 -3.01945e-16 1.14407e-17
 1999 0 -3.01793e-16 1.1436e-17
 2000 0 -3.01643e-16 1.14313e-17
