 1 2.93575 2.93575 0
 2 3.00399 2.96987 0.0341186
 3 2.9651 2.96828 0.0197624
 4 2.96733 2.96804 0.0139761
 5 3.06993 2.98842 0.0230743
 6 2.99886 2.99016 0.0189203
 7 3.03199 2.99614 0.0170704
 8 2.91858 2.98644 0.0176786
 9 3.01054 2.98912 0.0158192
 10 2.88319 2.97853 0.0176748
 11 2.95885 2.97674 0.0160873
 12 2.93184 2.973 0.0151548
 13 3.00682 2.9756 0.0141811
 14 2.97334 2.97544 0.0131301
 15 2.95199 2.97387 0.012323
 16 2.95062 2.97242 0.0116183
 17 3.08327 2.97894 0.0127131
 18 2.95619 2.97768 0.0120525
 19 3.00639 2.97919 0.0115002
 20 2.83045 2.97175 0.0132037
 21 2.94245 2.97036 0.0126365
 22 2.9553 2.96967 0.0120679
 23 2.88999 2.96621 0.0120404
 24 2.962 2.96603 0.0115292
 25 2.90479 2.96358 0.0113265
 26 3.00665 2.96524 0.0110075
 27 2.91365 2.96333 0.0107629
 28 2.85655 2.95951 0.0110503
 29 2.98977 2.96056 0.0107133
 30 2.98235 2.96128 0.0103755
 1 3.08537 3.08537 0
 2 2.98439 3.03488 0.0504929
 3 3.00593 3.02523 0.030708
 4 3.01134 3.02176 0.0219897
 5 2.98901 3.01521 0.0182485
 6 2.79692 2.97883 0.0393141
 7 3.04509 2.98829 0.0345488
 8 2.92086 2.97986 0.0310849
 9 2.89011 2.96989 0.0291717
 10 2.89038 2.96194 0.0272765
 11 2.95558 2.96136 0.0246793
 12 2.97398 2.96241 0.0225535
 13 2.96439 2.96257 0.0207468
 14 2.92826 2.96012 0.0193635
 15 2.98393 2.9617 0.0180962
 16 2.88702 2.95704 0.0175592
 17 3.17594 2.96991 0.0209252
 18 3.05787 2.9748 0.0203246
 19 2.94133 2.97304 0.0193057
 20 2.98049 2.97341 0.0183188
 21 2.96897 2.9732 0.0174259
 22 2.92611 2.97106 0.0167522
 23 2.89956 2.96795 0.0163064
 24 2.93023 2.96638 0.0156911
 25 3.01693 2.9684 0.0151856
 26 2.91557 2.96637 0.0147306
 27 2.86091 2.96246 0.0147029
 28 2.94139 2.96171 0.014188
 29 3.04287 2.96451 0.0139732
 30 2.90089 2.96239 0.0136649
