 1 0.02662 0.02662 0
 2 0.028976 0.027798 0.001178
 3 0.030204 0.0286 0.00105155
 4 0.022304 0.027026 0.00174079
 5 0.028258 0.0272724 0.00137074
 6 0.028984 0.0275577 0.00115499
 7 0.018922 0.026324 0.00157315
 8 0.023976 0.0260305 0.00139364
 9 0.029146 0.0263767 0.00127689
 10 0.028516 0.0265906 0.00116195
 11 0.027916 0.0267111 0.00105791
 12 0.03488 0.0273918 0.00118155
 13 0.03043 0.0276255 0.00111171
 14 0.024248 0.0273843 0.00105714
 15 0.021486 0.0269911 0.00105979
 16 0.027252 0.0270074 0.000991478
 17 0.031304 0.0272601 0.000965016
 18 0.020462 0.0268824 0.000985099
 19 0.031362 0.0271182 0.000961175
 20 0.033416 0.0274331 0.00096469
 21 0.027476 0.0274351 0.000917605
 22 0.021372 0.0271595 0.000917283
 23 0.028392 0.0272131 0.000878131
 24 0.027492 0.0272247 0.000840826
 25 0.02877 0.0272866 0.000808857
 26 0.026008 0.0272374 0.000778679
 27 0.03006 0.0273419 0.000756542
 28 0.03457 0.0276001 0.000773378
 29 0.02534 0.0275221 0.000750292
 30 0.022864 0.0273669 0.000741294
 1 0.04008 0.04008 0
 2 0.027204 0.033642 0.006438
 3 0.024342 0.030542 0.00484004
 4 0.024234 0.028965 0.00376828
 5 0.025688 0.0283096 0.00299157
 6 0.032572 0.02902 0.00254382
 7 0.032318 0.0294911 0.00220094
 8 0.025464 0.0289877 0.00197142
 9 0.02345 0.0283724 0.0018443
 10 0.021792 0.0277144 0.001776
 11 0.022044 0.0271989 0.00168713
 12 0.031866 0.0275878 0.00158848
 13 0.0263 0.0274888 0.00146454
 14 0.02974 0.0276496 0.00136541
 15 0.01545 0.0268363 0.00150905
 16 0.032702 0.0272029 0.00145841
 17 0.026204 0.0271441 0.0013712
 18 0.022386 0.0268798 0.00131953
 19 0.020204 0.0265284 0.00129666
 20 0.029538 0.0266789 0.00123929
 21 0.030712 0.026871 0.00119434
 22 0.025824 0.0268234 0.00113975
 23 0.0349 0.0271745 0.00114429
 24 0.02511 0.0270885 0.00109894
 25 0.026712 0.0270734 0.00105418
 26 0.03044 0.0272029 0.00102106
 27 0.029966 0.0273053 0.000987834
 28 0.0238 0.0271801 0.000960097
 29 0.02697 0.0271728 0.000926427
 30 0.023486 0.0270499 0.000903412
