 1 -0.6 -0.6 0
 2 -0.84 -0.72 0.12
 3 -0.84 -0.76 0.08
 4 -0.6 -0.72 0.069282
 5 -0.6 -0.696 0.0587878
 6 -0.68 -0.693333 0.048074
 7 -0.76 -0.702857 0.0417312
 8 -0.68 -0.7 0.0362531
 9 -0.68 -0.697778 0.0320493
 10 -0.76 -0.704 0.0293333
 11 -0.76 -0.709091 0.027017
 12 -0.68 -0.706667 0.0247819
 13 -0.52 -0.692308 0.0269414
 14 -0.6 -0.685714 0.0257996
 15 -0.68 -0.685333 0.0240212
 16 -0.68 -0.685 0.0224722
 17 -0.6 -0.68 0.021693
 18 -0.52 -0.671111 0.0223005
 19 -0.76 -0.675789 0.0216067
 20 -0.68 -0.676 0.020499
 21 -0.68 -0.67619 0.0194994
 22 -0.76 -0.68 0.0189782
 23 -0.84 -0.686957 0.0194228
 24 -0.76 -0.69 0.0188434
 25 -0.6 -0.6864 0.018429
 26 -0.52 -0.68 0.0188271
 27 -0.6 -0.677037 0.0183571
 28 -0.68 -0.677143 0.0176897
 29 -0.68 -0.677241 0.0170691
 30 -0.52 -0.672 0.0173032
 31 -0.76 -0.674839 0.0169748
 32 -0.76 -0.6775 0.0166499
 33 -0.68 -0.677576 0.0161376
 34 -0.6 -0.675294 0.0158212
 35 -0.76 -0.677714 0.0155519
 36 -0.6 -0.675556 0.0152672
 37 -0.68 -0.675676 0.0148493
 38 -0.6 -0.673684 0.0145898
 39 -0.76 -0.675897 0.0143821
 40 -0.6 -0.674 0.0141458
 41 -0.68 -0.674146 0.0137972
 42 -0.52 -0.670476 0.0139559
 43 -0.52 -0.666977 0.0140697
 44 -0.68 -0.667273 0.0137494
 45 -0.6 -0.665778 0.0135232
 46 -0.6 -0.664348 0.0133031
 47 -0.68 -0.664681 0.0130212
 48 -0.6 -0.663333 0.0128181
 49 -0.52 -0.660408 0.01289
 50 -0.6 -0.6592 0.0126873
 51 -0.68 -0.659608 0.0124427
 52 -0.52 -0.656923 0.0124929
 53 -0.52 -0.65434 0.0125243
 54 -0.52 -0.651852 0.0125395
 55 -0.52 -0.649455 0.0125406
 56 -0.68 -0.65 0.0123267
 57 -0.68 -0.650526 0.01212
 58 -0.76 -0.652414 0.0120578
 59 -0.68 -0.652881 0.0118609
 60 -0.76 -0.654667 0.0117974
 61 -0.52 -0.652459 0.0118106
 62 -0.52 -0.650323 0.0118133
 63 -0.6 -0.649524 0.0116517
 64 -0.76 -0.65125 0.0115974
 65 -0.84 -0.654154 0.011781
 66 -0.84 -0.65697 0.011938
 67 -0.76 -0.658507 0.0118586
 68 -0.76 -0.66 0.0117779
 69 -0.52 -0.657971 0.0117819
 70 -0.68 -0.658286 0.0116167
 71 -0.76 -0.659718 0.0115411
 72 -0.76 -0.661111 0.0114646
 73 -0.6 -0.660274 0.0113374
 74 -0.6 -0.659459 0.0112128
 75 -0.52 -0.6576 0.0112175
 76 -0.6 -0.656842 0.0110948
 77 -0.52 -0.655065 0.0110931
 78 -0.52 -0.653333 0.011086
 79 -0.52 -0.651646 0.0110741
 80 -0.68 -0.652 0.0109406
 81 -0.52 -0.65037 0.0109269
 82 -0.6 -0.649756 0.0108103
 83 -0.52 -0.648193 0.010793
 84 -0.6 -0.647619 0.0106792
 85 -0.44 -0.645176 0.0108318
 86 -0.68 -0.645581 0.0107128
 87 -0.76 -0.646897 0.0106703
 88 -0.6 -0.646364 0.0105618
 89 -0.68 -0.646742 0.0104493
 90 -0.68 -0.647111 0.0103391
 91 -0.6 -0.646593 0.010238
 92 -0.76 -0.647826 0.0102008
 93 -0.76 -0.649032 0.0101624
 94 -0.84 -0.651064 0.0102569
 95 -0.84 -0.653053 0.0103414
 96 -0.44 -0.650833 0.010471
 97 -0.36 -0.647835 0.0107875
 98 -0.44 -0.645714 0.0108855
 99 -0.68 -0.646061 0.0107805
 100 -0.6 -0.6456 0.0106821
 101 -0.76 -0.646733 0.0106363
 102 -0.68 -0.647059 0.0105366
 103 -0.6 -0.646602 0.0104438
 104 -0.6 -0.646154 0.0103525
 105 -0.52 -0.644952 0.0103236
 106 -0.6 -0.644528 0.0102346
 107 -0.68 -0.64486 0.0101439
 108 -0.68 -0.645185 0.0100548
 109 -0.6 -0.644771 0.00997073
 110 -0.6 -0.644364 0.00988805
 111 -0.68 -0.644685 0.00980383
 112 -0.68 -0.645 0.00972101
 113 -0.68 -0.64531 0.00963958
 114 -0.76 -0.646316 0.00960747
 115 -0.68 -0.646609 0.00952806
 116 -0.6 -0.646207 0.00945411
 117 -0.6 -0.645812 0.00938127
 118 -0.52 -0.644746 0.00936234
 119 -0.52 -0.643697 0.00934233
 120 -0.68 -0.644 0.00926909
 121 -0.68 -0.644298 0.00919698
 122 -0.6 -0.643934 0.0091285
 123 -0.6 -0.643577 0.00906103
 124 -0.44 -0.641935 0.00913637
 125 -0.76 -0.64288 0.00911207
 126 -0.36 -0.640635 0.00931409
 127 -0.68 -0.640945 0.00924566
 128 -0.68 -0.64125 0.00917822
 129 -0.52 -0.64031 0.00915517
 130 -0.6 -0.64 0.00908976
 131 -0.6 -0.639695 0.00902527
 132 -0.6 -0.639394 0.00896168
 133 -0.6 -0.639098 0.00889898
 134 -0.6 -0.638806 0.00883714
 135 -0.6 -0.638519 0.00877614
 136 -0.6 -0.638235 0.00871597
 137 -0.52 -0.637372 0.00869506
 138 -0.68 -0.637681 0.00863734
 139 -0.44 -0.636259 0.00869211
 140 -0.6 -0.636 0.00863369
 141 -0.44 -0.63461 0.00868421
 142 -0.44 -0.633239 0.00873107
 143 -0.6 -0.633007 0.00867292
 144 -0.68 -0.633333 0.00861866
 145 -0.68 -0.633655 0.00856506
 146 -0.68 -0.633973 0.00851212
 147 -0.68 -0.634286 0.00845981
 148 -0.68 -0.634595 0.00840813
 149 -0.68 -0.634899 0.00835707
 150 -0.6 -0.634667 0.00830442
 151 -0.68 -0.634967 0.00825471
 152 -0.76 -0.635789 0.00824137
 153 -0.84 -0.637124 0.00829541
 154 -0.68 -0.637403 0.00824607
 155 -0.68 -0.637677 0.0081973
 156 -0.68 -0.637949 0.00814911
 157 -0.68 -0.638217 0.00810146
 158 -0.68 -0.638481 0.00805437
 159 -0.76 -0.639245 0.00803996
 160 -0.76 -0.64 0.00802512
 161 -0.76 -0.640745 0.00800987
 162 -0.68 -0.640988 0.00796396
 163 -0.6 -0.640736 0.00791894
 164 -0.6 -0.640488 0.00787443
 165 -0.44 -0.639273 0.00792032
 166 -0.6 -0.639036 0.00787601
 167 -0.76 -0.63976 0.00786215
 168 -0.6 -0.639524 0.00781879
 169 -0.68 -0.639763 0.00777608
 170 -0.6 -0.639529 0.00773374
 171 -0.52 -0.63883 0.00772009
 172 -0.68 -0.63907 0.00767881
 173 -0.6 -0.638844 0.00763763
 174 -0.6 -0.638621 0.00759689
 175 -0.44 -0.637486 0.00763815
 176 -0.44 -0.636364 0.00767707
 177 -0.44 -0.635254 0.00771377
 178 -0.44 -0.634157 0.00774835
 179 -0.36 -0.632626 0.00785569
 180 -0.6 -0.632444 0.00781403
 181 -0.52 -0.631823 0.00779553
 182 -0.68 -0.632088 0.0077571
 183 -0.68 -0.63235 0.00771904
 184 -0.68 -0.632609 0.00768134
 185 -0.6 -0.632432 0.00764174
 186 -0.68 -0.632688 0.00760484
 187 -0.52 -0.632086 0.00758803
 188 -0.36 -0.630638 0.00768507
 189 -0.36 -0.629206 0.00777726
 190 -0.36 -0.627789 0.0078649
 191 -0.52 -0.627225 0.00784394
 192 -0.52 -0.626667 0.00782294
 193 -0.6 -0.626528 0.00778353
 194 -0.6 -0.626392 0.00774451
 195 -0.68 -0.626667 0.00770959
 196 -0.68 -0.626939 0.00767498
 197 -0.52 -0.626396 0.0076552
 198 -0.52 -0.625859 0.00763537
 199 -0.68 -0.626131 0.00760177
 200 -0.68 -0.6264 0.00756846
 201 -0.68 -0.626667 0.00753543
 202 -0.52 -0.626139 0.00751661
 203 -0.76 -0.626798 0.0075085
 204 -0.44 -0.625882 0.0075275
 205 -0.52 -0.625366 0.00750848
 206 -0.44 -0.624466 0.00752593
 207 -0.52 -0.623961 0.00750647
 208 -0.6 -0.623846 0.00747118
 209 -0.52 -0.623349 0.00745193
 210 -0.52 -0.622857 0.00743267
 211 -0.68 -0.623128 0.00740232
 212 -0.68 -0.623396 0.0073722
 213 -0.76 -0.624038 0.00736548
 214 -0.68 -0.624299 0.00733565
 215 -0.68 -0.624558 0.00730604
 216 -0.68 -0.624815 0.00727667
 217 -0.6 -0.6247 0.00724396
 218 -0.52 -0.62422 0.00722663
 219 -0.28 -0.622648 0.00736327
 220 -0.52 -0.622182 0.00734456
 221 -0.52 -0.621719 0.00732586
 222 -0.52 -0.621261 0.00730716
 223 -0.52 -0.620807 0.00728848
 224 -0.68 -0.621071 0.00726068
 225 -0.6 -0.620978 0.00722894
 226 -0.68 -0.621239 0.00720162
 227 -0.76 -0.62185 0.00719584
 228 -0.76 -0.622456 0.00718979
 229 -0.84 -0.623406 0.00722108
 230 -0.76 -0.624 0.0072141
 231 -0.68 -0.624242 0.0071869
 232 -0.36 -0.623103 0.00724593
 233 -0.6 -0.623004 0.00721544
 234 -0.52 -0.622564 0.00719801
 235 -0.52 -0.622128 0.00718059
 236 -0.44 -0.621356 0.00719163
 237 -0.44 -0.620591 0.00720199
 238 -0.6 -0.620504 0.00717219
 239 -0.52 -0.620084 0.00715448
 240 -0.52 -0.619667 0.0071368
 241 -0.52 -0.619253 0.00711915
 242 -0.76 -0.619835 0.00711349
 243 -0.68 -0.620082 0.00708848
 244 -0.68 -0.620328 0.00706364
 245 -0.68 -0.620571 0.00703896
 246 -0.68 -0.620813 0.00701445
 247 -0.68 -0.621053 0.0069901
 248 -0.68 -0.62129 0.00696592
 249 -0.6 -0.621205 0.00693841
 250 -0.6 -0.62112 0.00691112
 251 -0.6 -0.621036 0.00688405
 252 -0.84 -0.621905 0.00691151
 253 -0.52 -0.621502 0.00689591
 254 -0.6 -0.621417 0.00686923
 255 -0.6 -0.621333 0.00684276
 256 -0.52 -0.620938 0.00682746
 257 -0.52 -0.620545 0.00681217
 258 -0.52 -0.620155 0.0067969
 259 -0.52 -0.619768 0.00678164
 260 -0.6 -0.619692 0.00675593
 261 -0.76 -0.62023 0.00675144
 262 -0.76 -0.620763 0.00674674
 263 -0.6 -0.620684 0.0067215
 264 -0.68 -0.620909 0.00669976
 265 -0.68 -0.621132 0.00667816
 266 -0.52 -0.620752 0.00666386
 267 -0.44 -0.620075 0.00667328
 268 -0.6 -0.62 0.00664875
 269 -0.84 -0.620818 0.00667429
 270 -0.6 -0.620741 0.00664997
 271 -0.44 -0.620074 0.00665887
 272 -0.68 -0.620294 0.006638
 273 -0.68 -0.620513 0.00661726
 274 -0.68 -0.62073 0.00659664
 275 -0.68 -0.620945 0.00657614
 276 -0.68 -0.621159 0.00655576
 277 -0.52 -0.620794 0.00654225
 278 -0.76 -0.621295 0.00653788
 279 -0.68 -0.621505 0.0065178
 280 -0.6 -0.621429 0.00649494
 281 -0.6 -0.621352 0.00647223
 282 -0.28 -0.620142 0.00656185
 283 -0.6 -0.620071 0.00653901
 284 -0.68 -0.620282 0.00651936
 285 -0.68 -0.620491 0.00649983
 286 -0.68 -0.620699 0.0064804
 287 -0.6 -0.620627 0.00645818
 288 -0.6 -0.620556 0.00643612
 289 -0.52 -0.620208 0.00642324
 290 -0.6 -0.620138 0.00640143
 291 -0.6 -0.620069 0.00637977
 292 -0.52 -0.619726 0.00636712
 293 -0.76 -0.620205 0.00636338
 294 -0.6 -0.620136 0.00634207
 295 -0.52 -0.619797 0.00632965
 296 -0.68 -0.62 0.0063115
 297 -0.52 -0.619663 0.00629922
 298 -0.52 -0.619329 0.00628695
 299 -0.68 -0.619532 0.00626917
 300 -0.52 -0.6192 0.00625704
 301 -0.52 -0.61887 0.00624492
 302 -0.52 -0.618543 0.00623281
 303 -0.68 -0.618746 0.00621552
 304 -0.76 -0.619211 0.00621244
 305 -0.68 -0.61941 0.00619525
 306 -0.52 -0.619085 0.00618351
 307 -0.44 -0.618502 0.00619088
 308 -0.6 -0.618442 0.00617104
 309 -0.6 -0.618382 0.00615132
 310 -0.6 -0.618323 0.00613173
 311 -0.68 -0.618521 0.0061152
 312 -0.6 -0.618462 0.00609586
 313 -0.6 -0.618403 0.00607664
 314 -0.6 -0.618344 0.00605754
 315 -0.68 -0.61854 0.00604145
 316 -0.76 -0.618987 0.00603892
 317 -0.76 -0.619432 0.00603625
 318 -0.6 -0.619371 0.00601755
 319 -0.68 -0.619561 0.00600166
 320 -0.6 -0.6195 0.00598319
 321 -0.68 -0.619688 0.0059675
 322 -0.52 -0.619379 0.00595699
 323 -0.6 -0.619319 0.00593882
 324 -0.84 -0.62 0.00595951
 325 -0.84 -0.620677 0.00597959
 326 -0.76 -0.621104 0.00597652
 327 -0.76 -0.621529 0.00597333
 328 -0.76 -0.621951 0.00597004
 329 -0.68 -0.622128 0.00595448
 330 -0.68 -0.622303 0.005939
 331 -0.6 -0.622236 0.00592141
 332 -0.44 -0.621687 0.00592901
 333 -0.68 -0.621862 0.00591377
 334 -0.44 -0.621317 0.00592113
 335 -0.44 -0.620776 0.00592819
 336 -0.6 -0.620714 0.00591084
 337 -0.6 -0.620653 0.0058936
 338 -0.6 -0.620592 0.00587645
 339 -0.52 -0.620295 0.0058666
 340 -0.6 -0.620235 0.00584963
 341 -0.6 -0.620176 0.00583275
 342 -0.76 -0.620585 0.00583002
 343 -0.68 -0.620758 0.00581558
 344 -0.68 -0.62093 0.00580121
 345 -0.6 -0.62087 0.00578469
 346 -0.6 -0.620809 0.00576826
 347 -0.68 -0.62098 0.00575414
 348 -0.76 -0.621379 0.00575147
 349 -0.76 -0.621777 0.00574871
 350 -0.68 -0.621943 0.00573467
 351 -0.68 -0.622108 0.0057207
 352 -0.52 -0.621818 0.0057118
 353 -0.68 -0.621983 0.00569798
 354 -0.6 -0.621921 0.0056822
 355 -0.68 -0.622085 0.00566853
 356 -0.6 -0.622022 0.00565293
 357 -0.6 -0.621961 0.00563741
 358 -0.52 -0.621676 0.00562885
 359 -0.68 -0.621838 0.0056155
 360 -0.52 -0.621556 0.00560702
 361 -0.44 -0.621053 0.00561404
 362 -0.44 -0.620552 0.0056208
 363 -0.6 -0.620496 0.00560558
 364 -0.68 -0.620659 0.00559255
 365 -0.68 -0.620822 0.00557958
 366 -0.76 -0.621202 0.00557729
 367 -0.6 -0.621144 0.00556237
 368 -0.68 -0.621304 0.00554954
 369 -0.6 -0.621247 0.00553478
 370 -0.76 -0.621622 0.00553253
 371 -0.68 -0.621779 0.00551984
 372 -0.76 -0.622151 0.0055175
 373 -0.84 -0.622735 0.0055336
 374 -0.76 -0.623102 0.00553098
 375 -0.6 -0.62304 0.00551655
 376 -0.76 -0.623404 0.0055139
 377 -0.6 -0.623342 0.00549961
 378 -0.52 -0.623069 0.00549185
 379 -0.6 -0.623008 0.00547768
 380 -0.6 -0.622947 0.00546358
 381 -0.52 -0.622677 0.00545592
 382 -0.52 -0.622408 0.00544825
 383 -0.6 -0.62235 0.00543432
 384 -0.76 -0.622708 0.00543199
 385 -0.6 -0.622649 0.00541818
 386 -0.68 -0.622798 0.00540617
 387 -0.68 -0.622946 0.00539421
 388 -0.52 -0.62268 0.00538683
 389 -0.68 -0.622828 0.00537498
 390 -0.76 -0.623179 0.00537271
 391 -0.76 -0.623529 0.00537036
 392 -0.68 -0.623673 0.00535858
 393 -0.68 -0.623817 0.00534685
 394 -0.76 -0.624162 0.00534445
 395 -0.76 -0.624506 0.00534198
 396 -0.52 -0.624242 0.00533501
 397 -0.76 -0.624584 0.00533253
 398 -0.76 -0.624925 0.00532998
 399 -0.76 -0.625263 0.00532737
 400 -0.76 -0.6256 0.0053247
 401 -0.76 -0.625935 0.00532197
 402 -0.68 -0.62607 0.00531042
 403 -0.6 -0.626005 0.00529762
 404 -0.84 -0.626535 0.00531097
 405 -0.76 -0.626864 0.00530808
 406 -0.84 -0.627389 0.00532095
 407 -0.68 -0.627518 0.00530944
 408 -0.6 -0.627451 0.00529684
 409 -0.6 -0.627384 0.0052843
 410 -0.52 -0.627122 0.0052779
 411 -0.52 -0.626861 0.00527149
 412 -0.6 -0.626796 0.00525908
 413 -0.52 -0.626538 0.0052527
 414 -0.44 -0.626087 0.00525933
 415 -0.52 -0.625831 0.00525287
 416 -0.6 -0.625769 0.00524059
 417 -0.68 -0.625899 0.00522963
 418 -0.76 -0.62622 0.00522696
 419 -0.76 -0.626539 0.00522423
 420 -0.68 -0.626667 0.00521333
 421 -0.6 -0.626603 0.00520132
 422 -0.68 -0.62673 0.00519052
 423 -0.6 -0.626667 0.00517862
 424 -0.6 -0.626604 0.00516678
 425 -0.68 -0.626729 0.00515614
 426 -0.76 -0.627042 0.00515352
 427 -0.52 -0.626792 0.00514755
 428 -0.52 -0.626542 0.00514157
 429 -0.68 -0.626667 0.00513108
 430 -0.52 -0.626419 0.00512514
 431 -0.6 -0.626357 0.0051136
 432 -0.68 -0.626481 0.00510326
 433 -0.68 -0.626605 0.00509296
 434 -0.6 -0.626544 0.00508158
 435 -0.6 -0.626483 0.00507026
 436 -0.44 -0.626055 0.00507666
 437 -0.44 -0.625629 0.0050829
 438 -0.44 -0.625205 0.00508896
 439 -0.68 -0.62533 0.00507888
 440 -0.68 -0.625455 0.00506885
 441 -0.84 -0.625941 0.00508069
 442 -0.68 -0.626063 0.00507066
 443 -0.6 -0.626005 0.00505954
 444 -0.52 -0.625766 0.00505377
 445 -0.52 -0.625528 0.005048
 446 -0.36 -0.624933 0.00507174
 447 -0.28 -0.624161 0.00511888
 448 -0.36 -0.623571 0.00514136
 449 -0.52 -0.623341 0.00513508
 450 -0.44 -0.622933 0.00513983
 451 -0.6 -0.622882 0.00512867
 452 -0.76 -0.623186 0.0051263
 453 -0.76 -0.623488 0.00512388
 454 -0.6 -0.623436 0.00511284
 455 -0.68 -0.62356 0.00510311
 456 -0.68 -0.623684 0.00509341
 457 -0.6 -0.623632 0.00508251
 458 -0.68 -0.623755 0.0050729
 459 -0.68 -0.623878 0.00506332
 460 -0.52 -0.623652 0.00505734
 461 -0.68 -0.623774 0.00504784
 462 -0.84 -0.624242 0.0050586
 463 -0.84 -0.624708 0.00506913
 464 -0.68 -0.624828 0.00505959
 465 -0.52 -0.624602 0.00505373
 466 -0.68 -0.624721 0.00504427
 467 -0.76 -0.625011 0.00504179
 468 -0.76 -0.625299 0.00503927
 469 -0.84 -0.625757 0.00504931
 470 -0.68 -0.625872 0.00503987
 471 -0.76 -0.626157 0.00503722
 472 -0.68 -0.626271 0.00502783
 473 -0.44 -0.625877 0.00503262
 474 -0.6 -0.625823 0.00502229
 475 -0.68 -0.625937 0.005013
 476 -0.52 -0.625714 0.00500741
 477 -0.68 -0.625828 0.00499819
 478 -0.76 -0.626109 0.00499562
 479 -0.76 -0.626388 0.00499301
 480 -0.76 -0.626667 0.00499036
 481 -0.76 -0.626944 0.00498769
 482 -0.52 -0.626722 0.00498227
 483 -0.68 -0.626832 0.00497317
 484 -0.68 -0.626942 0.0049641
 485 -0.68 -0.627052 0.00495506
 486 -0.6 -0.626996 0.00494517
 487 -0.44 -0.626612 0.00494992
 488 -0.52 -0.626393 0.00494459
 489 -0.6 -0.626339 0.00493477
 490 -0.68 -0.626449 0.0049259
 491 -0.76 -0.626721 0.00492338
 492 -0.68 -0.626829 0.00491456
 493 -0.6 -0.626775 0.00490488
 494 -0.52 -0.626559 0.00489971
 495 -0.52 -0.626343 0.00489454
 496 -0.52 -0.626129 0.00488936
 497 -0.68 -0.626237 0.00488072
 498 -0.68 -0.626345 0.0048721
 499 -0.76 -0.626613 0.0048697
 500 -0.84 -0.62704 0.00487866
 501 -0.76 -0.627305 0.00487614
 502 -0.76 -0.62757 0.00487359
 503 -0.44 -0.627197 0.00487816
 504 -0.84 -0.627619 0.00488675
 505 -0.84 -0.62804 0.00489516
 506 -0.76 -0.6283 0.00489243
 507 -0.68 -0.628402 0.00488384
 508 -0.84 -0.628819 0.00489198
 509 -0.68 -0.628919 0.00488339
 510 -0.36 -0.628392 0.00490225
 511 -0.36 -0.627867 0.00492076
 512 -0.52 -0.627656 0.00491565
 513 -0.44 -0.62729 0.00491968
 514 -0.6 -0.627237 0.00491039
 515 -0.6 -0.627184 0.00490113
 516 -0.68 -0.627287 0.00489269
 517 -0.76 -0.627544 0.00488996
 518 -0.52 -0.627336 0.00488493
 519 -0.6 -0.627283 0.00487579
 520 -0.44 -0.626923 0.00487971
 521 -0.6 -0.626871 0.00487061
 522 -0.44 -0.626513 0.00487444
 523 -0.6 -0.626463 0.00486537
 524 -0.6 -0.626412 0.00485634
 525 -0.52 -0.62621 0.00485132
 526 -0.6 -0.62616 0.00484234
 527 -0.52 -0.625958 0.00483734
 528 -0.6 -0.625909 0.00482842
 529 -0.6 -0.62586 0.00481953
 530 -0.6 -0.625811 0.00481068
 531 -0.52 -0.625612 0.00480574
 532 -0.36 -0.625113 0.00482262
 533 -0.28 -0.624465 0.00485691
 534 -0.36 -0.62397 0.00487304
 535 -0.68 -0.624075 0.00486505
 536 -0.68 -0.624179 0.00485709
 537 -0.68 -0.624283 0.00484915
 538 -0.76 -0.624535 0.0048467
 539 -0.76 -0.624787 0.00484422
 540 -0.6 -0.624741 0.00483546
 541 -0.6 -0.624695 0.00482673
 542 -0.6 -0.624649 0.00481803
 543 -0.68 -0.624751 0.00481023
 544 -0.68 -0.624853 0.00480245
 545 -0.68 -0.624954 0.0047947
 546 -0.6 -0.624908 0.00478613
 547 -0.76 -0.625155 0.00478375
 548 -0.76 -0.625401 0.00478135
 549 -0.76 -0.625647 0.00477893
 550 -0.68 -0.625745 0.00477125
 551 -0.76 -0.625989 0.00476881
 552 -0.6 -0.625942 0.0047604
 553 -0.68 -0.62604 0.00475279
 554 -0.52 -0.625848 0.00474806
 555 -0.6 -0.625802 0.00473973
 556 -0.6 -0.625755 0.00473142
 557 -0.68 -0.625853 0.00472392
 558 -0.44 -0.62552 0.0047272
 559 -0.44 -0.625188 0.00473039
 560 -0.6 -0.625143 0.00472215
 561 -0.36 -0.62467 0.00473736
 562 -0.6 -0.624626 0.00472913
 563 -0.68 -0.624725 0.00472174
 564 -0.52 -0.624539 0.00471702
 565 -0.44 -0.624212 0.00471998
 566 -0.52 -0.624028 0.00471523
 567 -0.6 -0.623986 0.0047071
 568 -0.52 -0.623803 0.00470237
 569 -0.44 -0.62348 0.0047052
 570 -0.6 -0.623439 0.00469712
 571 -0.6 -0.623398 0.00468906
 572 -0.52 -0.623217 0.00468435
 573 -0.52 -0.623037 0.00467963
 574 -0.52 -0.622857 0.00467492
 575 -0.6 -0.622817 0.00466695
 576 -0.52 -0.622639 0.00466226
 577 -0.68 -0.622738 0.00465524
 578 -0.52 -0.622561 0.00465057
 579 -0.68 -0.62266 0.00464359
 580 -0.52 -0.622483 0.00463896
 581 -0.6 -0.622444 0.00463113
 582 -0.68 -0.622543 0.00462422
 583 -0.52 -0.622367 0.00461963
 584 -0.68 -0.622466 0.00461277
 585 -0.68 -0.622564 0.00460593
 586 -0.68 -0.622662 0.00459911
 587 -0.6 -0.622624 0.00459143
 588 -0.6 -0.622585 0.00458378
 589 -0.76 -0.622818 0.00458193
 590 -0.76 -0.623051 0.00458006
 591 -0.84 -0.623418 0.00458702
 592 -0.68 -0.623514 0.00458026
 593 -0.68 -0.623609 0.00457352
 594 -0.68 -0.623704 0.0045668
 595 -0.68 -0.623798 0.0045601
 596 -0.76 -0.624027 0.00455818
 597 -0.84 -0.624389 0.00456489
 598 -0.76 -0.624615 0.00456289
 599 -0.76 -0.624841 0.00456087
 600 -0.76 -0.625067 0.00455883
 601 -0.84 -0.625424 0.00456527
 602 -0.84 -0.625781 0.0045716
 603 -0.76 -0.626003 0.00456943
 604 -0.76 -0.626225 0.00456725
 605 -0.76 -0.626446 0.00456506
 606 -0.76 -0.626667 0.00456284
 607 -0.68 -0.626755 0.00455617
 608 -0.68 -0.626842 0.00454951
 609 -0.6 -0.626798 0.00454225
 610 -0.52 -0.626623 0.00453817
 611 -0.44 -0.626318 0.00454102
 612 -0.44 -0.626013 0.00454381
 613 -0.6 -0.625971 0.00453659
 614 -0.6 -0.625928 0.00452939
 615 -0.52 -0.625756 0.0045253
 616 -0.6 -0.625714 0.00451814
 617 -0.6 -0.625673 0.004511
 618 -0.52 -0.625502 0.00450694
 619 -0.6 -0.62546 0.00449985
 620 -0.6 -0.625419 0.00449277
 621 -0.76 -0.625636 0.00449076
 622 -0.68 -0.625723 0.00448439
 623 -0.52 -0.625554 0.0044804
 624 -0.52 -0.625385 0.00447641
 625 -0.52 -0.625216 0.00447242
 626 -0.68 -0.625304 0.00446613
 627 -0.52 -0.625136 0.00446216
 628 -0.6 -0.625096 0.00445523
 629 -0.6 -0.625056 0.00444832
 630 -0.44 -0.624762 0.00445096
 631 -0.6 -0.624723 0.00444407
 632 -0.6 -0.624684 0.00443721
 633 -0.52 -0.624518 0.00443328
 634 -0.68 -0.624606 0.00442714
 635 -0.44 -0.624315 0.00442972
 636 -0.52 -0.624151 0.00442579
 637 -0.44 -0.623862 0.00442828
 638 -0.6 -0.623824 0.00442149
 639 -0.44 -0.623537 0.00442393
 640 -0.44 -0.62325 0.00442631
 641 -0.52 -0.623089 0.00442234
 642 -0.68 -0.623178 0.00441633
 643 -0.52 -0.623017 0.00441238
 644 -0.36 -0.622609 0.00442441
 645 -0.36 -0.622202 0.00443627
 646 -0.44 -0.62192 0.00443837
 647 -0.68 -0.622009 0.00443241
 648 -0.76 -0.622222 0.00443068
 649 -0.76 -0.622435 0.00442894
 650 -0.68 -0.622523 0.00442301
 651 -0.76 -0.622734 0.00442126
 652 -0.6 -0.622699 0.00441461
 653 -0.52 -0.622542 0.00441065
 654 -0.68 -0.62263 0.00440478
 655 -0.52 -0.622473 0.00440084
 656 -0.52 -0.622317 0.0043969
 657 -0.6 -0.622283 0.00439033
 658 -0.52 -0.622128 0.00438641
 659 -0.6 -0.622094 0.00437988
 660 -0.6 -0.622061 0.00437336
 661 -0.6 -0.622027 0.00436687
 662 -0.68 -0.622115 0.00436115
 663 -0.52 -0.621961 0.00435729
 664 -0.52 -0.621807 0.00435343
 665 -0.52 -0.621654 0.00434957
 666 -0.6 -0.621622 0.00434316
 667 -0.6 -0.621589 0.00433676
 668 -0.68 -0.621677 0.00433115
 669 -0.76 -0.621883 0.00432961
 670 -0.68 -0.62197 0.00432401
 671 -0.76 -0.622176 0.00432246
 672 -0.76 -0.622381 0.0043209
 673 -0.76 -0.622585 0.00431931
 674 -0.52 -0.622433 0.00431559
 675 -0.68 -0.622519 0.00431003
 676 -0.6 -0.622485 0.00430378
 677 -0.76 -0.622688 0.00430222
 678 -0.6 -0.622655 0.004296
 679 -0.44 -0.622386 0.00429809
 680 -0.52 -0.622235 0.00429441
 681 -0.52 -0.622085 0.00429072
 682 -0.68 -0.62217 0.00428527
 683 -0.6 -0.622138 0.00427911
 684 -0.68 -0.622222 0.00427369
 685 -0.68 -0.622307 0.00426828
 686 -0.52 -0.622157 0.00426466
 687 -0.6 -0.622125 0.00425857
 688 -0.68 -0.622209 0.00425321
 689 -0.6 -0.622177 0.00424715
 690 -0.52 -0.622029 0.00424358
 691 -0.52 -0.621881 0.00424
 692 -0.36 -0.621503 0.00425075
 693 -0.52 -0.621356 0.00424714
 694 -0.44 -0.621095 0.00424906
 695 -0.6 -0.621065 0.00424305
 696 -0.6 -0.621034 0.00423706
 697 -0.44 -0.620775 0.00423894
 698 -0.44 -0.620516 0.00424078
 699 -0.52 -0.620372 0.00423715
 700 -0.68 -0.620457 0.00423195
 701 -0.6 -0.620428 0.00422601
 702 -0.36 -0.620057 0.00423626
 703 -0.6 -0.620028 0.00423032
 704 -0.6 -0.62 0.0042244
 705 -0.76 -0.620199 0.00422308
 706 -0.68 -0.620283 0.00421794
 707 -0.68 -0.620368 0.00421282
 708 -0.68 -0.620452 0.00420771
 709 -0.6 -0.620423 0.00420187
 710 -0.6 -0.620394 0.00419605
 711 -0.52 -0.620253 0.00419252
 712 -0.44 -0.62 0.00419427
 713 -0.36 -0.619635 0.00420423
 714 -0.44 -0.619384 0.00420587
 715 -0.68 -0.619469 0.00420084
 716 -0.76 -0.619665 0.00419956
 717 -0.68 -0.619749 0.00419454
 718 -0.76 -0.619944 0.00419325
 719 -0.76 -0.620139 0.00419194
 720 -0.76 -0.620333 0.00419062
 721 -0.52 -0.620194 0.00418711
 722 -0.44 -0.619945 0.00418875
 723 -0.68 -0.620028 0.00418378
 724 -0.76 -0.620221 0.00418247
 725 -0.76 -0.620414 0.00418114
 726 -0.76 -0.620606 0.0041798
 727 -0.36 -0.620248 0.00418941
 728 -0.44 -0.62 0.00419098
 729 -0.6 -0.619973 0.00418531
 730 -0.84 -0.620274 0.00419043
 731 -0.6 -0.620246 0.00418479
 732 -0.68 -0.620328 0.00417986
 733 -0.52 -0.620191 0.0041764
 734 -0.68 -0.620272 0.0041715
 735 -0.6 -0.620245 0.00416591
 736 -0.6 -0.620217 0.00416034
 737 -0.6 -0.62019 0.00415478
 738 -0.68 -0.620271 0.00414994
 739 -0.76 -0.62046 0.00414863
 740 -0.68 -0.620541 0.0041438
 741 -0.76 -0.620729 0.00414248
 742 -0.6 -0.620701 0.00413699
 743 -0.44 -0.620458 0.00413857
 744 -0.52 -0.620323 0.00413521
 745 -0.44 -0.620081 0.00413674
 746 -0.6 -0.620054 0.00413128
 747 -0.6 -0.620027 0.00412583
 748 -0.68 -0.620107 0.0041211
 749 -0.84 -0.620401 0.00412605
 750 -0.6 -0.620373 0.00412063
 751 -0.68 -0.620453 0.00411591
 752 -0.6 -0.620426 0.00411052
 753 -0.52 -0.620292 0.00410722
 754 -0.76 -0.620477 0.00410596
 755 -0.84 -0.620768 0.00411081
 756 -0.76 -0.620952 0.0041095
 757 -0.68 -0.62103 0.00410481
 758 -0.76 -0.621214 0.00410348
 759 -0.68 -0.621291 0.00409881
 760 -0.68 -0.621368 0.00409414
 761 -0.68 -0.621445 0.00408948
 762 -0.68 -0.621522 0.00408483
 763 -0.68 -0.621599 0.0040802
 764 -0.68 -0.621675 0.00407557
 765 -0.6 -0.621647 0.00407034
 766 -0.44 -0.62141 0.00407193
 767 -0.52 -0.621278 0.00406877
 768 -0.6 -0.62125 0.00406356
 769 -0.68 -0.621326 0.00405899
 770 -0.44 -0.621091 0.00406055
 771 -0.52 -0.62096 0.0040574
 772 -0.44 -0.620725 0.00405892
 773 -0.44 -0.620492 0.0040604
 774 -0.44 -0.620258 0.00406185
 775 -0.44 -0.620026 0.00406327
 776 -0.44 -0.619794 0.00406465
 777 -0.6 -0.619768 0.0040595
 778 -0.52 -0.61964 0.0040563
 779 -0.36 -0.619307 0.00406478
 780 -0.52 -0.619179 0.00406156
 781 -0.52 -0.619052 0.00405835
 782 -0.44 -0.618824 0.00405962
 783 -0.6 -0.618799 0.0040545
 784 -0.6 -0.618776 0.00404939
 785 -0.68 -0.618854 0.00404498
 786 -0.6 -0.61883 0.00403991
 787 -0.52 -0.618704 0.00403672
 788 -0.52 -0.618579 0.00403354
 789 -0.6 -0.618555 0.0040285
 790 -0.68 -0.618633 0.00402415
 791 -0.68 -0.61871 0.0040198
 792 -0.68 -0.618788 0.00401547
 793 -0.68 -0.618865 0.00401115
 794 -0.68 -0.618942 0.00400683
 795 -0.68 -0.619019 0.00400252
 796 -0.68 -0.619095 0.00399823
 797 -0.52 -0.618971 0.00399514
 798 -0.44 -0.618747 0.00399643
 799 -0.68 -0.618824 0.00399216
 800 -0.68 -0.6189 0.0039879
 801 -0.76 -0.619076 0.00398681
 802 -0.68 -0.619152 0.00398256
 803 -0.68 -0.619228 0.00397832
 804 -0.68 -0.619303 0.00397409
 805 -0.6 -0.61928 0.00396922
 806 -0.52 -0.619156 0.00396621
 807 -0.44 -0.618934 0.00396751
 808 -0.36 -0.618614 0.00397553
 809 -0.36 -0.618294 0.00398346
 810 -0.52 -0.618173 0.00398039
 811 -0.44 -0.617953 0.00398155
 812 -0.68 -0.61803 0.00397737
 813 -0.76 -0.618204 0.00397631
 814 -0.76 -0.618378 0.00397525
 815 -0.6 -0.618356 0.00397043
 816 -0.68 -0.618431 0.00396628
 817 -0.68 -0.618507 0.00396214
 818 -0.76 -0.61868 0.00396107
 819 -0.76 -0.618852 0.00395999
 820 -0.68 -0.618927 0.00395586
 821 -0.76 -0.619099 0.00395478
 822 -0.76 -0.61927 0.00395368
 823 -0.68 -0.619344 0.00394956
 824 -0.68 -0.619417 0.00394545
 825 -0.44 -0.6192 0.00394666
 826 -0.76 -0.61937 0.00394557
 827 -0.76 -0.619541 0.00394446
 828 -0.84 -0.619807 0.00394868
 829 -0.68 -0.619879 0.00394458
 830 -0.6 -0.619855 0.0039399
 831 -0.68 -0.619928 0.00393582
 832 -0.6 -0.619904 0.00393116
 833 -0.84 -0.620168 0.00393532
 834 -0.76 -0.620336 0.00393417
 835 -0.76 -0.620503 0.00393302
 836 -0.68 -0.620574 0.00392895
 837 -0.6 -0.62055 0.00392433
 838 -0.68 -0.620621 0.00392029
 839 -0.68 -0.620691 0.00391625
 840 -0.68 -0.620762 0.00391223
 841 -0.6 -0.620737 0.00390765
 842 -0.68 -0.620808 0.00390364
 843 -0.6 -0.620783 0.00389908
 844 -0.68 -0.620853 0.00389509
 845 -0.52 -0.620734 0.00389231
 846 -0.52 -0.620615 0.00388953
 847 -0.84 -0.620874 0.00389356
 848 -0.84 -0.621132 0.00389754
 849 -0.6 -0.621107 0.00389303
 850 -0.52 -0.620988 0.00389027
 851 -0.68 -0.621058 0.00388631
 852 -0.76 -0.621221 0.00388517
 853 -0.68 -0.62129 0.00388122
 854 -0.76 -0.621452 0.00388008
 855 -0.68 -0.62152 0.00387614
 856 -0.6 -0.621495 0.00387169
 857 -0.68 -0.621564 0.00386778
 858 -0.68 -0.621632 0.00386386
 859 -0.6 -0.621607 0.00385945
 860 -0.6 -0.621581 0.00385504
 861 -0.52 -0.621463 0.00385236
 862 -0.68 -0.621531 0.00384849
 863 -0.44 -0.621321 0.00384978
 864 -0.6 -0.621296 0.0038454
 865 -0.6 -0.621272 0.00384103
 866 -0.6 -0.621247 0.00383667
 867 -0.68 -0.621315 0.00383284
 868 -0.84 -0.621567 0.00383671
 869 -0.84 -0.621818 0.00384052
 870 -0.76 -0.621977 0.00383939
 871 -0.6 -0.621952 0.00383507
 872 -0.76 -0.62211 0.00383394
 873 -0.76 -0.622268 0.0038328
 874 -0.76 -0.622426 0.00383165
 875 -0.6 -0.6224 0.00382736
 876 -0.6 -0.622374 0.00382307
 877 -0.68 -0.62244 0.00381927
 878 -0.76 -0.622597 0.00381814
 879 -0.68 -0.622662 0.00381435
 880 -0.68 -0.622727 0.00381057
 881 -0.6 -0.622701 0.00380633
 882 -0.52 -0.622585 0.00380379
 883 -0.6 -0.622559 0.00379957
 884 -0.6 -0.622534 0.00379536
 885 -0.6 -0.622508 0.00379115
 886 -0.68 -0.622573 0.00378742
 887 -0.68 -0.622638 0.00378371
 888 -0.68 -0.622703 0.00377999
 889 -0.68 -0.622767 0.00377629
 890 -0.76 -0.622921 0.0037752
 891 -0.84 -0.623165 0.00377882
 892 -0.76 -0.623318 0.0037777
 893 -0.76 -0.623471 0.00377657
 894 -0.6 -0.623445 0.00377243
 895 -0.44 -0.62324 0.00377378
 896 -0.44 -0.623036 0.00377511
 897 -0.52 -0.622921 0.00377265
 898 -0.6 -0.622895 0.00376853
 899 -0.68 -0.622959 0.00376488
 900 -0.6 -0.622933 0.00376078
 901 -0.68 -0.622997 0.00375713
 902 -0.44 -0.622794 0.00375845
 903 -0.6 -0.622769 0.00375437
 904 -0.68 -0.622832 0.00375075
 905 -0.84 -0.623072 0.00375428
 906 -0.68 -0.623135 0.00375066
 907 -0.84 -0.623374 0.00375414
 908 -0.84 -0.623612 0.00375758
 909 -0.84 -0.62385 0.00376099
 910 -0.76 -0.624 0.00375983
 911 -0.84 -0.624237 0.00376318
 912 -0.76 -0.624386 0.003762
 913 -0.52 -0.624272 0.00375961
 914 -0.6 -0.624245 0.00375559
 915 -0.44 -0.624044 0.00375689
 916 -0.36 -0.623755 0.00376384
 917 -0.52 -0.623642 0.00376143
 918 -0.6 -0.623617 0.00375742
 919 -0.6 -0.623591 0.00375342
 920 -0.52 -0.623478 0.00375103
 921 -0.44 -0.623279 0.00375224
 922 -0.52 -0.623167 0.00374984
 923 -0.52 -0.623055 0.00374745
 924 -0.76 -0.623203 0.00374632
 925 -0.76 -0.623351 0.00374519
 926 -0.68 -0.623413 0.00374164
 927 -0.76 -0.62356 0.00374051
 928 -0.84 -0.623793 0.00374375
 929 -0.76 -0.62394 0.00374259
 930 -0.76 -0.624086 0.00374142
 931 -0.68 -0.624146 0.00373789
 932 -0.6 -0.62412 0.00373396
 933 -0.68 -0.62418 0.00373044
 934 -0.76 -0.624325 0.00372928
 935 -0.68 -0.624385 0.00372576
 936 -0.68 -0.624444 0.00372226
 937 -0.52 -0.624333 0.00371995
 938 -0.6 -0.624307 0.00371607
 939 -0.76 -0.624452 0.00371493
 940 -0.68 -0.624511 0.00371144
 941 -0.76 -0.624655 0.00371029
 942 -0.76 -0.624798 0.00370913
 943 -0.6 -0.624772 0.00370529
 944 -0.84 -0.625 0.00370838
 945 -0.84 -0.625228 0.00371143
 946 -0.84 -0.625455 0.00371445
 947 -0.68 -0.625512 0.00371098
 948 -0.68 -0.62557 0.00370751
 949 -0.76 -0.625711 0.0037063
 950 -0.52 -0.6256 0.00370407
 951 -0.6 -0.625573 0.00370027
 952 -0.6 -0.625546 0.00369648
 953 -0.6 -0.625519 0.0036927
 954 -0.6 -0.625493 0.00368892
 955 -0.52 -0.625382 0.00368671
 956 -0.36 -0.625105 0.0036933
 957 -0.6 -0.625078 0.00368953
 958 -0.44 -0.624885 0.00369074
 959 -0.6 -0.624859 0.00368698
 960 -0.76 -0.625 0.00368583
 961 -0.68 -0.625057 0.00368244
 962 -0.68 -0.625114 0.00367905
 963 -0.68 -0.625171 0.00367567
 964 -0.52 -0.625062 0.00367347
 965 -0.52 -0.624953 0.00367128
 966 -0.52 -0.624845 0.00366909
 967 -0.52 -0.624736 0.00366689
 968 -0.68 -0.624793 0.00366355
 969 -0.76 -0.624933 0.00366242
 970 -0.76 -0.625072 0.0036613
 971 -0.76 -0.625211 0.00366016
 972 -0.76 -0.62535 0.00365902
 973 -0.84 -0.62557 0.00366191
 974 -0.68 -0.625626 0.00365858
 975 -0.68 -0.625682 0.00365525
 976 -0.52 -0.625574 0.00365311
 977 -0.36 -0.625302 0.00365947
 978 -0.36 -0.625031 0.00366578
 979 -0.36 -0.62476 0.00367203
 980 -0.6 -0.624735 0.00366837
 981 -0.6 -0.624709 0.00366471
 982 -0.44 -0.624521 0.00366581
 983 -0.28 -0.624171 0.00367881
 984 -0.44 -0.623984 0.00367983
 985 -0.52 -0.623878 0.00367761
 986 -0.52 -0.623773 0.00367539
 987 -0.68 -0.62383 0.0036721
 988 -0.6 -0.623806 0.00366846
 989 -0.44 -0.62362 0.00366946
 990 -0.52 -0.623515 0.00366725
 991 -0.68 -0.623572 0.00366399
 992 -0.68 -0.623629 0.00366074
 993 -0.68 -0.623686 0.00365749
 994 -0.76 -0.623823 0.00365638
 995 -0.68 -0.623879 0.00365314
 996 -0.76 -0.624016 0.00365203
 997 -0.84 -0.624233 0.00365479
 998 -0.76 -0.624369 0.00365366
 999 -0.76 -0.624505 0.00365252
 1000 -0.68 -0.62456 0.00364929
 1001 -0.68 -0.624615 0.00364606
 1002 -0.68 -0.624671 0.00364284
 1003 -0.6 -0.624646 0.00363929
 1004 -0.52 -0.624542 0.00363716
 1005 -0.36 -0.624279 0.00364306
 1006 -0.6 -0.624254 0.00363952
 1007 -0.52 -0.624151 0.00363738
 1008 -0.6 -0.624127 0.00363384
 1009 -0.52 -0.624024 0.00363171
 1010 -0.44 -0.623842 0.00363268
 1011 -0.52 -0.623739 0.00363054
 1012 -0.52 -0.623636 0.0036284
 1013 -0.44 -0.623455 0.00362935
 1014 -0.6 -0.623432 0.00362584
 1015 -0.6 -0.623409 0.00362234
 1016 -0.36 -0.62315 0.00362805
 1017 -0.36 -0.622891 0.0036337
 1018 -0.44 -0.622711 0.00363457
 1019 -0.76 -0.622846 0.0036335
 1020 -0.52 -0.622745 0.00363134
 1021 -0.68 -0.622801 0.00362821
 1022 -0.52 -0.622701 0.00362606
 1023 -0.44 -0.622522 0.00362691
 1024 -0.44 -0.622344 0.00362775
 1025 -0.68 -0.6224 0.00362464
 1026 -0.6 -0.622378 0.00362118
 1027 -0.44 -0.622201 0.003622
 1028 -0.68 -0.622257 0.00361892
 1029 -0.76 -0.622391 0.00361787
 1030 -0.76 -0.622524 0.00361683
 1031 -0.68 -0.62258 0.00361375
 1032 -0.76 -0.622713 0.0036127
 1033 -0.6 -0.622691 0.00360927
 1034 -0.6 -0.622669 0.00360584
 1035 -0.68 -0.622725 0.00360278
 1036 -0.68 -0.62278 0.00359973
 1037 -0.68 -0.622835 0.00359668
 1038 -0.68 -0.62289 0.00359363
 1039 -0.6 -0.622868 0.00359024
 1040 -0.6 -0.622846 0.00358685
 1041 -0.6 -0.622824 0.00358347
 1042 -0.76 -0.622956 0.00358245
 1043 -0.76 -0.623087 0.00358143
 1044 -0.6 -0.623065 0.00357806
 1045 -0.52 -0.622967 0.003576
 1046 -0.36 -0.622715 0.00358141
 1047 -0.6 -0.622693 0.00357806
 1048 -0.68 -0.622748 0.00357506
 1049 -0.68 -0.622803 0.00357207
 1050 -0.6 -0.622781 0.00356873
 1051 -0.44 -0.622607 0.00356957
 1052 -0.36 -0.622357 0.0035749
 1053 -0.52 -0.62226 0.00357283
 1054 -0.52 -0.622163 0.00357076
 1055 -0.52 -0.622066 0.00356868
 1056 -0.6 -0.622045 0.00356536
 1057 -0.6 -0.622025 0.00356205
 1058 -0.68 -0.622079 0.0035591
 1059 -0.6 -0.622059 0.0035558
 1060 -0.76 -0.622189 0.00355483
 1061 -0.76 -0.622319 0.00355385
 1062 -0.68 -0.622373 0.00355092
 1063 -0.6 -0.622352 0.00354764
 1064 -0.68 -0.622406 0.00354472
 1065 -0.68 -0.62246 0.0035418
 1066 -0.6 -0.622439 0.00353854
 1067 -0.6 -0.622418 0.00353528
 1068 -0.68 -0.622472 0.00353238
 1069 -0.6 -0.622451 0.00352914
 1070 -0.52 -0.622355 0.00352714
 1071 -0.68 -0.622409 0.00352426
 1072 -0.68 -0.622463 0.00352138
 1073 -0.68 -0.622516 0.0035185
 1074 -0.68 -0.62257 0.00351563
 1075 -0.6 -0.622549 0.00351242
 1076 -0.76 -0.622677 0.00351148
 1077 -0.52 -0.622581 0.00350951
 1078 -0.44 -0.622412 0.00351035
 1079 -0.36 -0.622169 0.00351551
 1080 -0.52 -0.622074 0.00351353
 1081 -0.52 -0.62198 0.00351155
 1082 -0.68 -0.622033 0.00350871
 1083 -0.52 -0.621939 0.00350674
 1084 -0.76 -0.622066 0.00350581
 1085 -0.68 -0.62212 0.00350299
 1086 -0.6 -0.622099 0.00349982
 1087 -0.36 -0.621858 0.0035049
 1088 -0.44 -0.621691 0.00350567
 1089 -0.36 -0.621451 0.00351068
 1090 -0.44 -0.621284 0.00351141
 1091 -0.6 -0.621265 0.00350824
 1092 -0.52 -0.621172 0.00350625
 1093 -0.44 -0.621006 0.00350696
 1094 -0.6 -0.620987 0.00350381
 1095 -0.52 -0.620895 0.00350182
 1096 -0.6 -0.620876 0.00349868
 1097 -0.68 -0.62093 0.0034959
 1098 -0.52 -0.620838 0.00349393
 1099 -0.44 -0.620673 0.00349462
 1100 -0.44 -0.620509 0.0034953
 1101 -0.68 -0.620563 0.00349255
 1102 -0.68 -0.620617 0.00348979
 1103 -0.68 -0.620671 0.00348704
 1104 -0.52 -0.62058 0.00348508
 1105 -0.76 -0.620706 0.00348421
 1106 -0.84 -0.620904 0.0034867
 1107 -0.6 -0.620885 0.0034836
 1108 -0.68 -0.620939 0.00348086
 1109 -0.68 -0.620992 0.00347813
 1110 -0.52 -0.620901 0.00347618
 1111 -0.6 -0.620882 0.0034731
 1112 -0.44 -0.620719 0.00347379
 1113 -0.44 -0.620557 0.00347446
 1114 -0.52 -0.620467 0.00347252
 1115 -0.6 -0.620448 0.00346945
 1116 -0.52 -0.620358 0.00346751
 1117 -0.6 -0.62034 0.00346445
 1118 -0.6 -0.620322 0.0034614
 1119 -0.76 -0.620447 0.00346055
 1120 -0.68 -0.6205 0.00345787
 1121 -0.84 -0.620696 0.00346033
 1122 -0.68 -0.620749 0.00345765
 1123 -0.84 -0.620944 0.00346008
 1124 -0.84 -0.621139 0.00346249
 1125 -0.68 -0.621191 0.00345981
 1126 -0.76 -0.621314 0.00345893
 1127 -0.36 -0.621083 0.00346363
 1128 -0.6 -0.621064 0.00346061
 1129 -0.6 -0.621045 0.00345759
 1130 -0.52 -0.620956 0.00345569
 1131 -0.68 -0.621008 0.00345303
 1132 -0.6 -0.620989 0.00345002
 1133 -0.6 -0.620971 0.00344703
 1134 -0.76 -0.621093 0.00344617
 1135 -0.6 -0.621075 0.00344318
 1136 -0.52 -0.620986 0.0034413
 1137 -0.6 -0.620967 0.00343832
 1138 -0.68 -0.621019 0.00343569
 1139 -0.76 -0.621141 0.00343484
 1140 -0.6 -0.621123 0.00343188
 1141 -0.68 -0.621174 0.00342925
 1142 -0.68 -0.621226 0.00342664
 1143 -0.76 -0.621347 0.00342579
 1144 -0.6 -0.621329 0.00342285
 1145 -0.68 -0.62138 0.00342024
 1146 -0.76 -0.621501 0.00341939
 1147 -0.68 -0.621552 0.00341679
 1148 -0.52 -0.621463 0.00341496
 1149 -0.6 -0.621445 0.00341204
 1150 -0.68 -0.621496 0.00340945
 1151 -0.6 -0.621477 0.00340654
 1152 -0.52 -0.621389 0.00340472
 1153 -0.44 -0.621232 0.0034054
 1154 -0.52 -0.621144 0.00340358
 1155 -0.68 -0.621195 0.00340101
 1156 -0.6 -0.621176 0.00339812
 1157 -0.6 -0.621158 0.00339523
 1158 -0.6 -0.62114 0.00339235
 1159 -0.68 -0.621191 0.0033898
 1160 -0.68 -0.621241 0.00338725
 1161 -0.76 -0.621361 0.00338644
 1162 -0.52 -0.621274 0.00338465
 1163 -0.6 -0.621255 0.00338179
 1164 -0.76 -0.621375 0.00338099
 1165 -0.76 -0.621494 0.00338018
 1166 -0.6 -0.621475 0.00337733
 1167 -0.68 -0.621525 0.00337481
 1168 -0.76 -0.621644 0.003374
 1169 -0.68 -0.621694 0.00337148
 1170 -0.6 -0.621675 0.00336865
 1171 -0.68 -0.621725 0.00336614
 1172 -0.6 -0.621706 0.00336332
 1173 -0.6 -0.621688 0.0033605
 1174 -0.68 -0.621738 0.003358
 1175 -0.6 -0.621719 0.00335519
 1176 -0.6 -0.621701 0.00335239
 1177 -0.52 -0.621614 0.00335066
 1178 -0.68 -0.621664 0.00334818
 1179 -0.68 -0.621713 0.0033457
 1180 -0.6 -0.621695 0.00334292
 1181 -0.52 -0.621609 0.00334119
 1182 -0.44 -0.621455 0.0033419
 1183 -0.36 -0.621234 0.00334638
 1184 -0.44 -0.621081 0.00334705
 1185 -0.52 -0.620996 0.00334532
 1186 -0.6 -0.620978 0.00334254
 1187 -0.6 -0.62096 0.00333977
 1188 -0.6 -0.620943 0.00333701
 1189 -0.68 -0.620992 0.00333457
 1190 -0.6 -0.620975 0.00333181
 1191 -0.76 -0.621092 0.00333106
 1192 -0.76 -0.621208 0.0033303
 1193 -0.6 -0.62119 0.00332756
 1194 -0.68 -0.62124 0.00332513
 1195 -0.6 -0.621222 0.0033224
 1196 -0.52 -0.621137 0.0033207
 1197 -0.76 -0.621253 0.00331995
 1198 -0.68 -0.621302 0.00331754
 1199 -0.52 -0.621218 0.00331585
 1200 -0.52 -0.621133 0.00331416
 1201 -0.68 -0.621182 0.00331176
 1202 -0.6 -0.621165 0.00330905
 1203 -0.6 -0.621147 0.00330634
 1204 -0.6 -0.62113 0.00330364
 1205 -0.6 -0.621112 0.00330095
 1206 -0.44 -0.620962 0.00330163
 1207 -0.44 -0.620812 0.0033023
 1208 -0.44 -0.620662 0.00330295
 1209 -0.6 -0.620645 0.00330027
 1210 -0.6 -0.620628 0.00329758
 1211 -0.52 -0.620545 0.0032959
 1212 -0.52 -0.620462 0.00329423
 1213 -0.44 -0.620313 0.00329487
 1214 -0.52 -0.620231 0.00329319
 1215 -0.6 -0.620214 0.00329052
 1216 -0.6 -0.620197 0.00328786
 1217 -0.6 -0.620181 0.0032852
 1218 -0.68 -0.62023 0.00328287
 1219 -0.76 -0.620345 0.00328218
 1220 -0.68 -0.620393 0.00327985
 1221 -0.76 -0.620508 0.00327916
 1222 -0.6 -0.620491 0.00327651
 1223 -0.68 -0.62054 0.0032742
 1224 -0.6 -0.620523 0.00327156
 1225 -0.6 -0.620506 0.00326893
 1226 -0.44 -0.620359 0.00326958
 1227 -0.52 -0.620277 0.00326794
 1228 -0.6 -0.620261 0.00326532
 1229 -0.6 -0.620244 0.0032627
 1230 -0.52 -0.620163 0.00326107
 1231 -0.76 -0.620276 0.0032604
 1232 -0.6 -0.62026 0.00325779
 1233 -0.6 -0.620243 0.00325519
 1234 -0.6 -0.620227 0.00325259
 1235 -0.44 -0.620081 0.00325323
 1236 -0.44 -0.619935 0.00325386
 1237 -0.6 -0.619919 0.00325127
 1238 -0.6 -0.619903 0.00324868
 1239 -0.68 -0.619952 0.00324642
 1240 -0.68 -0.62 0.00324417
 1241 -0.6 -0.619984 0.00324159
 1242 -0.68 -0.620032 0.00323934
 1243 -0.52 -0.619952 0.00323773
 1244 -0.6 -0.619936 0.00323517
 1245 -0.6 -0.61992 0.00323261
 1246 -0.68 -0.619968 0.00323037
 1247 -0.52 -0.619888 0.00322878
 1248 -0.44 -0.619744 0.00322941
 1249 -0.44 -0.6196 0.00323003
 1250 -0.44 -0.619456 0.00323064
 1251 -0.52 -0.619376 0.00322904
 1252 -0.68 -0.619425 0.00322682
 1253 -0.6 -0.619409 0.00322428
 1254 -0.52 -0.61933 0.00322268
 1255 -0.44 -0.619187 0.00322328
 1256 -0.6 -0.619172 0.00322075
 1257 -0.6 -0.619157 0.00321823
 1258 -0.68 -0.619205 0.00321603
 1259 -0.52 -0.619126 0.00321444
 1260 -0.6 -0.619111 0.00321192
 1261 -0.6 -0.619096 0.00320941
 1262 -0.76 -0.619208 0.00320881
 1263 -0.68 -0.619256 0.00320663
 1264 -0.44 -0.619114 0.00320723
 1265 -0.6 -0.619099 0.00320473
 1266 -0.6 -0.619084 0.00320223
 1267 -0.76 -0.619195 0.00320164
 1268 -0.68 -0.619243 0.00319947
 1269 -0.76 -0.619354 0.00319887
 1270 -0.68 -0.619402 0.00319671
 1271 -0.68 -0.619449 0.00319455
 1272 -0.68 -0.619497 0.00319239
 1273 -0.68 -0.619544 0.00319023
 1274 -0.68 -0.619592 0.00318808
 1275 -0.68 -0.619639 0.00318593
 1276 -0.68 -0.619687 0.00318379
 1277 -0.6 -0.619671 0.00318133
 1278 -0.68 -0.619718 0.00317919
 1279 -0.44 -0.619578 0.00317981
 1280 -0.52 -0.6195 0.00317828
 1281 -0.6 -0.619485 0.00317583
 1282 -0.6 -0.61947 0.00317339
 1283 -0.68 -0.619517 0.00317127
 1284 -0.76 -0.619626 0.00317068
 1285 -0.76 -0.619735 0.0031701
 1286 -0.52 -0.619658 0.00316858
 1287 -0.52 -0.61958 0.00316707
 1288 -0.52 -0.619503 0.00316555
 1289 -0.6 -0.619488 0.00316313
 1290 -0.6 -0.619473 0.00316071
 1291 -0.68 -0.61952 0.00315861
 1292 -0.6 -0.619505 0.0031562
 1293 -0.68 -0.619551 0.00315411
 1294 -0.6 -0.619536 0.0031517
 1295 -0.6 -0.619521 0.00314931
 1296 -0.44 -0.619383 0.00314992
 1297 -0.52 -0.619306 0.00314843
 1298 -0.52 -0.61923 0.00314693
 1299 -0.52 -0.619153 0.00314543
 1300 -0.44 -0.619015 0.00314603
 1301 -0.52 -0.618939 0.00314453
 1302 -0.44 -0.618802 0.00314512
 1303 -0.52 -0.618726 0.00314362
 1304 -0.52 -0.61865 0.00314212
 1305 -0.52 -0.618575 0.00314062
 1306 -0.52 -0.618499 0.00313913
 1307 -0.44 -0.618363 0.0031397
 1308 -0.52 -0.618287 0.00313819
 1309 -0.44 -0.618151 0.00313875
 1310 -0.52 -0.618076 0.00313725
 1311 -0.68 -0.618124 0.00313521
 1312 -0.6 -0.61811 0.00313285
 1313 -0.44 -0.617974 0.0031334
 1314 -0.6 -0.61796 0.00313105
 1315 -0.6 -0.617947 0.0031287
 1316 -0.6 -0.617933 0.00312635
 1317 -0.52 -0.617859 0.00312486
 1318 -0.52 -0.617785 0.00312337
 1319 -0.6 -0.617771 0.00312103
 1320 -0.44 -0.617636 0.00312157
 1321 -0.68 -0.617684 0.00311956
 1322 -0.6 -0.61767 0.00311723
 1323 -0.76 -0.617778 0.00311673
 1324 -0.76 -0.617885 0.00311623
 1325 -0.76 -0.617992 0.00311572
 1326 -0.6 -0.617979 0.0031134
 1327 -0.68 -0.618026 0.0031114
 1328 -0.68 -0.618072 0.00310941
 1329 -0.76 -0.618179 0.00310891
 1330 -0.84 -0.618346 0.00311104
 1331 -0.68 -0.618392 0.00310905
 1332 -0.76 -0.618498 0.00310853
 1333 -0.68 -0.618545 0.00310654
 1334 -0.52 -0.618471 0.00310509
 1335 -0.6 -0.618457 0.00310279
 1336 -0.68 -0.618503 0.00310081
 1337 -0.68 -0.618549 0.00309883
 1338 -0.52 -0.618475 0.00309739
 1339 -0.6 -0.618462 0.00309511
 1340 -0.76 -0.618567 0.0030946
 1341 -0.52 -0.618494 0.00309317
 1342 -0.68 -0.618539 0.0030912
 1343 -0.6 -0.618526 0.00308893
 1344 -0.6 -0.618512 0.00308666
 1345 -0.68 -0.618558 0.0030847
 1346 -0.52 -0.618484 0.00308328
 1347 -0.44 -0.618352 0.00308384
 1348 -0.76 -0.618457 0.00308334
 1349 -0.6 -0.618443 0.00308109
 1350 -0.44 -0.618311 0.00308164
 1351 -0.68 -0.618357 0.0030797
 1352 -0.68 -0.618402 0.00307775
 1353 -0.76 -0.618507 0.00307726
 1354 -0.6 -0.618493 0.00307502
 1355 -0.68 -0.618539 0.00307308
 1356 -0.76 -0.618643 0.00307259
 1357 -0.68 -0.618688 0.00307065
 1358 -0.76 -0.618792 0.00307016
 1359 -0.6 -0.618779 0.00306793
 1360 -0.6 -0.618765 0.0030657
 1361 -0.68 -0.61881 0.00306378
 1362 -0.6 -0.618796 0.00306156
 1363 -0.6 -0.618782 0.00305934
 1364 -0.52 -0.61871 0.00305796
 1365 -0.76 -0.618813 0.00305747
 1366 -0.6 -0.618799 0.00305526
 1367 -0.68 -0.618844 0.00305335
 1368 -0.52 -0.618772 0.00305198
 1369 -0.6 -0.618758 0.00304978
 1370 -0.44 -0.618628 0.00305034
 1371 -0.68 -0.618673 0.00304844
 1372 -0.68 -0.618717 0.00304655
 1373 -0.76 -0.61882 0.00304607
 1374 -0.68 -0.618865 0.00304418
 1375 -0.84 -0.619025 0.00304621
 1376 -0.76 -0.619128 0.00304572
 1377 -0.84 -0.619288 0.00304773
 1378 -0.76 -0.61939 0.00304723
 1379 -0.68 -0.619434 0.00304534
 1380 -0.6 -0.61942 0.00304316
 1381 -0.68 -0.619464 0.00304127
 1382 -0.68 -0.619508 0.00303939
 1383 -0.36 -0.61932 0.00304298
 1384 -0.44 -0.619191 0.00304354
 1385 -0.36 -0.619004 0.00304709
 1386 -0.44 -0.618874 0.00304763
 1387 -0.52 -0.618803 0.00304627
 1388 -0.44 -0.618674 0.0030468
 1389 -0.52 -0.618603 0.00304543
 1390 -0.36 -0.618417 0.00304892
 1391 -0.44 -0.618289 0.00304943
 1392 -0.68 -0.618333 0.00304756
 1393 -0.36 -0.618148 0.00305101
 1394 -0.44 -0.61802 0.0030515
 1395 -0.52 -0.61795 0.00305012
 1396 -0.6 -0.617937 0.00304796
 1397 -0.6 -0.617924 0.00304581
 1398 -0.68 -0.617969 0.00304395
 1399 -0.6 -0.617956 0.0030418
 1400 -0.6 -0.617943 0.00303965
 1401 -0.68 -0.617987 0.00303781
 1402 -0.68 -0.618031 0.00303596
 1403 -0.68 -0.618076 0.00303412
 1404 -0.68 -0.61812 0.00303228
 1405 -0.76 -0.618221 0.0030318
 1406 -0.6 -0.618208 0.00302967
 1407 -0.52 -0.618138 0.00302832
 1408 -0.44 -0.618011 0.00302881
 1409 -0.6 -0.617999 0.00302669
 1410 -0.6 -0.617986 0.00302457
 1411 -0.6 -0.617973 0.00302245
 1412 -0.6 -0.61796 0.00302034
 1413 -0.6 -0.617948 0.00301823
 1414 -0.52 -0.617878 0.00301689
 1415 -0.68 -0.617922 0.00301507
 1416 -0.76 -0.618023 0.00301461
 1417 -0.84 -0.618179 0.00301656
 1418 -0.92 -0.618392 0.00302193
 1419 -0.92 -0.618605 0.00302727
 1420 -0.76 -0.618704 0.00302678
 1421 -0.68 -0.618747 0.00302496
 1422 -0.76 -0.618847 0.00302446
 1423 -0.76 -0.618946 0.00302396
 1424 -0.76 -0.619045 0.00302346
 1425 -0.76 -0.619144 0.00302296
 1426 -0.76 -0.619243 0.00302245
 1427 -0.76 -0.619341 0.00302194
 1428 -0.6 -0.619328 0.00301985
 1429 -0.52 -0.619258 0.00301854
 1430 -0.52 -0.619189 0.00301723
 1431 -0.44 -0.619064 0.00301772
 1432 -0.6 -0.61905 0.00301564
 1433 -0.52 -0.618981 0.00301433
 1434 -0.52 -0.618912 0.00301301
 1435 -0.68 -0.618955 0.00301121
 1436 -0.68 -0.618997 0.00300942
 1437 -0.84 -0.619151 0.00301125
 1438 -0.76 -0.619249 0.00301075
 1439 -0.68 -0.619291 0.00300895
 1440 -0.52 -0.619222 0.00300765
 1441 -0.68 -0.619264 0.00300586
 1442 -0.52 -0.619196 0.00300457
 1443 -0.6 -0.619182 0.00300251
 1444 -0.52 -0.619114 0.00300122
 1445 -0.68 -0.619156 0.00299944
 1446 -0.6 -0.619142 0.00299739
 1447 -0.44 -0.619019 0.00299788
 1448 -0.68 -0.619061 0.0029961
 1449 -0.6 -0.619048 0.00299406
 1450 -0.76 -0.619145 0.00299357
 1451 -0.76 -0.619242 0.00299309
 1452 -0.76 -0.619339 0.00299259
 1453 -0.68 -0.619381 0.00299083
 1454 -0.6 -0.619367 0.0029888
 1455 -0.52 -0.619299 0.00298752
 1456 -0.68 -0.619341 0.00298576
 1457 -0.6 -0.619327 0.00298374
 1458 -0.6 -0.619314 0.00298172
 1459 -0.52 -0.619246 0.00298046
 1460 -0.6 -0.619233 0.00297844
 1461 -0.6 -0.61922 0.00297643
 1462 -0.6 -0.619207 0.00297443
 1463 -0.68 -0.619248 0.00297268
 1464 -0.6 -0.619235 0.00297068
 1465 -0.6 -0.619222 0.00296868
 1466 -0.52 -0.619154 0.00296743
 1467 -0.52 -0.619087 0.00296617
 1468 -0.68 -0.619128 0.00296444
 1469 -0.68 -0.61917 0.00296271
 1470 -0.52 -0.619102 0.00296147
 1471 -0.6 -0.619089 0.00295948
 1472 -0.6 -0.619076 0.0029575
 1473 -0.52 -0.619009 0.00295626
 1474 -0.68 -0.61905 0.00295454
 1475 -0.76 -0.619146 0.00295408
 1476 -0.68 -0.619187 0.00295237
 1477 -0.52 -0.61912 0.00295113
 1478 -0.52 -0.619053 0.0029499
 1479 -0.6 -0.61904 0.00294793
 1480 -0.44 -0.618919 0.00294842
 1481 -0.6 -0.618906 0.00294646
 1482 -0.52 -0.618839 0.00294522
 1483 -0.6 -0.618827 0.00294326
 1484 -0.6 -0.618814 0.00294131
 1485 -0.68 -0.618855 0.00293961
 1486 -0.52 -0.618789 0.00293839
 1487 -0.44 -0.618668 0.00293887
 1488 -0.6 -0.618656 0.00293692
 1489 -0.76 -0.618751 0.00293649
 1490 -0.52 -0.618685 0.00293526
 1491 -0.52 -0.618618 0.00293404
 1492 -0.44 -0.618499 0.00293452
 1493 -0.52 -0.618433 0.00293329
 1494 -0.6 -0.61842 0.00293135
 1495 -0.52 -0.618355 0.00293013
 1496 -0.68 -0.618396 0.00292846
 1497 -0.68 -0.618437 0.00292679
 1498 -0.76 -0.618531 0.00292637
 1499 -0.68 -0.618572 0.0029247
 1500 -0.52 -0.618507 0.00292349
 1501 -0.6 -0.618494 0.00292157
 1502 -0.6 -0.618482 0.00291965
 1503 -0.44 -0.618363 0.00292012
 1504 -0.44 -0.618245 0.00292059
 1505 -0.52 -0.618179 0.00291937
 1506 -0.68 -0.61822 0.00291772
 1507 -0.68 -0.618261 0.00291608
 1508 -0.76 -0.618355 0.00291566
 1509 -0.68 -0.618396 0.00291401
 1510 -0.44 -0.618278 0.00291448
 1511 -0.6 -0.618266 0.00291257
 1512 -0.68 -0.618307 0.00291093
 1513 -0.6 -0.618295 0.00290903
 1514 -0.6 -0.618283 0.00290713
 1515 -0.6 -0.618271 0.00290524
 1516 -0.44 -0.618153 0.0029057
 1517 -0.44 -0.618036 0.00290616
 1518 -0.6 -0.618024 0.00290427
 1519 -0.68 -0.618065 0.00290264
 1520 -0.6 -0.618053 0.00290076
 1521 -0.52 -0.617988 0.00289957
 1522 -0.6 -0.617976 0.00289769
 1523 -0.52 -0.617912 0.0028965
 1524 -0.6 -0.6179 0.00289462
 1525 -0.68 -0.617941 0.00289301
 1526 -0.68 -0.617982 0.0028914
 1527 -0.68 -0.618022 0.00288979
 1528 -0.68 -0.618063 0.00288818
 1529 -0.76 -0.618156 0.00288778
 1530 -0.68 -0.618196 0.00288618
 1531 -0.6 -0.618184 0.00288432
 1532 -0.52 -0.61812 0.00288315
 1533 -0.44 -0.618004 0.00288361
 1534 -0.6 -0.617992 0.00288175
 1535 -0.6 -0.61798 0.0028799
 1536 -0.6 -0.617969 0.00287804
 1537 -0.68 -0.618009 0.00287645
 1538 -0.76 -0.618101 0.00287607
 1539 -0.6 -0.61809 0.00287422
 1540 -0.52 -0.618026 0.00287306
 1541 -0.68 -0.618066 0.00287148
 1542 -0.68 -0.618106 0.00286989
 1543 -0.68 -0.618146 0.00286831
 1544 -0.6 -0.618135 0.00286648
 1545 -0.6 -0.618123 0.00286465
 1546 -0.6 -0.618111 0.00286282
 1547 -0.68 -0.618151 0.00286125
 1548 -0.6 -0.61814 0.00285942
 1549 -0.6 -0.618128 0.0028576
 1550 -0.52 -0.618065 0.00285646
 1551 -0.36 -0.617898 0.00285946
 1552 -0.68 -0.617938 0.0028579
 1553 -0.68 -0.617978 0.00285634
 1554 -0.6 -0.617967 0.00285452
 1555 -0.52 -0.617904 0.00285338
 1556 -0.44 -0.617789 0.00285384
 1557 -0.44 -0.617675 0.00285429
 1558 -0.52 -0.617612 0.00285314
 1559 -0.52 -0.61755 0.002852
 1560 -0.68 -0.61759 0.00285045
 1561 -0.68 -0.61763 0.00284891
 1562 -0.6 -0.617618 0.00284711
 1563 -0.68 -0.617658 0.00284556
 1564 -0.68 -0.617698 0.00284402
 1565 -0.68 -0.617738 0.00284248
 1566 -0.6 -0.617727 0.00284069
 1567 -0.68 -0.617766 0.00283916
 1568 -0.6 -0.617755 0.00283737
 1569 -0.68 -0.617795 0.00283584
 1570 -0.76 -0.617885 0.00283548
 1571 -0.76 -0.617976 0.00283511
 1572 -0.76 -0.618066 0.00283475
 1573 -0.6 -0.618055 0.00283297
 1574 -0.52 -0.617992 0.00283186
 1575 -0.28 -0.617778 0.00283818
 1576 -0.52 -0.617716 0.00283706
 1577 -0.44 -0.617603 0.0028375
 1578 -0.44 -0.61749 0.00283793
 1579 -0.52 -0.617429 0.00283681
 1580 -0.44 -0.617316 0.00283723
 1581 -0.44 -0.617204 0.00283765
 1582 -0.44 -0.617092 0.00283807
 1583 -0.6 -0.617081 0.0028363
 1584 -0.6 -0.617071 0.00283453
 1585 -0.52 -0.617009 0.0028334
 1586 -0.36 -0.616847 0.00283625
 1587 -0.28 -0.616635 0.0028424
 1588 -0.6 -0.616625 0.00284062
 1589 -0.6 -0.616614 0.00283886
 1590 -0.44 -0.616503 0.00283924
 1591 -0.36 -0.616342 0.00284203
 1592 -0.52 -0.616281 0.00284089
 1593 -0.52 -0.616221 0.00283975
 1594 -0.52 -0.616161 0.00283861
 1595 -0.6 -0.61615 0.00283685
 1596 -0.76 -0.616241 0.0028365
 1597 -0.68 -0.616281 0.00283501
 1598 -0.68 -0.61632 0.00283351
 1599 -0.6 -0.61631 0.00283176
 1600 -0.68 -0.61635 0.00283027
 1601 -0.6 -0.61634 0.00282852
 1602 -0.44 -0.61623 0.0028289
 1603 -0.52 -0.61617 0.00282777
 1604 -0.52 -0.61611 0.00282664
 1605 -0.44 -0.616 0.00282701
 1606 -0.44 -0.61589 0.00282737
 1607 -0.6 -0.615881 0.00282563
 1608 -0.6 -0.615871 0.00282389
 1609 -0.28 -0.615662 0.00282984
 1610 -0.52 -0.615602 0.00282871
 1611 -0.52 -0.615543 0.00282758
 1612 -0.68 -0.615583 0.0028261
 1613 -0.44 -0.615474 0.00282645
 1614 -0.6 -0.615465 0.00282471
 1615 -0.52 -0.615406 0.00282358
 1616 -0.6 -0.615396 0.00282185
 1617 -0.6 -0.615387 0.00282012
 1618 -0.76 -0.615476 0.00281979
 1619 -0.6 -0.615466 0.00281807
 1620 -0.36 -0.615309 0.00282074
 1621 -0.52 -0.61525 0.00281961
 1622 -0.52 -0.615191 0.00281849
 1623 -0.52 -0.615132 0.00281736
 1624 -0.52 -0.615074 0.00281623
 1625 -0.52 -0.615015 0.00281511
 1626 -0.52 -0.614957 0.00281398
 1627 -0.6 -0.614948 0.00281227
 1628 -0.6 -0.614939 0.00281055
 1629 -0.68 -0.614979 0.00280911
 1630 -0.68 -0.615018 0.00280767
 1631 -0.76 -0.615107 0.00280736
 1632 -0.68 -0.615147 0.00280592
 1633 -0.6 -0.615138 0.00280422
 1634 -0.6 -0.615129 0.00280251
 1635 -0.76 -0.615217 0.0028022
 1636 -0.68 -0.615257 0.00280077
 1637 -0.68 -0.615296 0.00279933
 1638 -0.68 -0.615336 0.0027979
 1639 -0.76 -0.615424 0.00279759
 1640 -0.84 -0.615561 0.00279923
 1641 -0.76 -0.615649 0.00279891
 1642 -0.92 -0.615834 0.00280334
 1643 -0.84 -0.615971 0.00280496
 1644 -0.92 -0.616156 0.00280934
 1645 -0.92 -0.61634 0.0028137
 1646 -0.92 -0.616525 0.00281804
 1647 -0.92 -0.616709 0.00282235
 1648 -0.76 -0.616796 0.00282197
 1649 -0.68 -0.616834 0.00282052
 1650 -0.68 -0.616873 0.00281907
 1651 -0.68 -0.616911 0.00281762
 1652 -0.68 -0.616949 0.00281618
 1653 -0.6 -0.616939 0.00281449
 1654 -0.52 -0.61688 0.0028134
 1655 -0.52 -0.616822 0.00281231
 1656 -0.52 -0.616763 0.00281122
 1657 -0.52 -0.616705 0.00281013
 1658 -0.6 -0.616695 0.00280845
 1659 -0.68 -0.616733 0.00280702
 1660 -0.76 -0.616819 0.00280665
 1661 -0.52 -0.616761 0.00280557
 1662 -0.68 -0.616799 0.00280414
 1663 -0.6 -0.616789 0.00280247
 1664 -0.76 -0.616875 0.00280211
 1665 -0.76 -0.616961 0.00280174
 1666 -0.68 -0.616999 0.00280032
 1667 -0.76 -0.617085 0.00279995
 1668 -0.76 -0.61717 0.00279958
 1669 -0.68 -0.617208 0.00279816
 1670 -0.68 -0.617246 0.00279673
 1671 -0.6 -0.617235 0.00279508
 1672 -0.6 -0.617225 0.00279343
 1673 -0.68 -0.617262 0.00279201
 1674 -0.6 -0.617252 0.00279036
 1675 -0.44 -0.617146 0.0027907
 1676 -0.52 -0.617088 0.00278964
 1677 -0.68 -0.617126 0.00278822
 1678 -0.76 -0.617211 0.00278786
 1679 -0.6 -0.617201 0.00278622
 1680 -0.68 -0.617238 0.00278481
 1681 -0.68 -0.617275 0.00278341
 1682 -0.68 -0.617313 0.002782
 1683 -0.52 -0.617255 0.00278095
 1684 -0.52 -0.617197 0.0027799
 1685 -0.6 -0.617187 0.00277826
 1686 -0.68 -0.617224 0.00277687
 1687 -0.6 -0.617214 0.00277524
 1688 -0.6 -0.617204 0.00277361
 1689 -0.6 -0.617194 0.00277199
 1690 -0.52 -0.617136 0.00277094
 1691 -0.52 -0.617079 0.0027699
 1692 -0.68 -0.617116 0.00276851
 1693 -0.76 -0.6172 0.00276816
 1694 -0.68 -0.617237 0.00276678
 1695 -0.6 -0.617227 0.00276516
 1696 -0.6 -0.617217 0.00276355
 1697 -0.6 -0.617207 0.00276194
 1698 -0.6 -0.617197 0.00276033
 1699 -0.52 -0.617139 0.0027593
 1700 -0.36 -0.616988 0.00276182
 1701 -0.6 -0.616978 0.00276022
 1702 -0.68 -0.617015 0.00275884
 1703 -0.6 -0.617005 0.00275724
 1704 -0.84 -0.617136 0.00275873
 1705 -0.76 -0.61722 0.00275838
 1706 -0.76 -0.617304 0.00275803
 1707 -0.6 -0.617293 0.00275644
 1708 -0.68 -0.61733 0.00275507
 1709 -0.68 -0.617367 0.0027537
 1710 -0.52 -0.61731 0.00275268
 1711 -0.76 -0.617393 0.00275233
 1712 -0.6 -0.617383 0.00275074
 1713 -0.68 -0.61742 0.00274938
 1714 -0.68 -0.617456 0.00274802
 1715 -0.68 -0.617493 0.00274666
 1716 -0.6 -0.617483 0.00274507
 1717 -0.68 -0.617519 0.00274372
 1718 -0.6 -0.617509 0.00274214
 1719 -0.52 -0.617452 0.00274113
 1720 -0.44 -0.617349 0.00274148
 1721 -0.68 -0.617385 0.00274013
 1722 -0.68 -0.617422 0.00273878
 1723 -0.76 -0.617504 0.00273844
 1724 -0.52 -0.617448 0.00273743
 1725 -0.52 -0.617391 0.00273643
 1726 -0.44 -0.617289 0.00273677
 1727 -0.52 -0.617232 0.00273577
 1728 -0.44 -0.61713 0.00273611
 1729 -0.52 -0.617073 0.0027351
 1730 -0.6 -0.617064 0.00273354
 1731 -0.52 -0.617008 0.00273253
 1732 -0.44 -0.616905 0.00273287
 1733 -0.68 -0.616942 0.00273153
 1734 -0.52 -0.616886 0.00273053
 1735 -0.6 -0.616876 0.00272897
 1736 -0.6 -0.616866 0.00272742
 1737 -0.44 -0.616765 0.00272775
 1738 -0.52 -0.616709 0.00272674
 1739 -0.44 -0.616607 0.00272707
 1740 -0.44 -0.616506 0.00272739
 1741 -0.6 -0.616496 0.00272584
 1742 -0.52 -0.616441 0.00272484
 1743 -0.6 -0.616431 0.00272329
 1744 -0.52 -0.616376 0.00272229
 1745 -0.52 -0.616321 0.00272129
 1746 -0.68 -0.616357 0.00271998
 1747 -0.44 -0.616256 0.00272029
 1748 -0.52 -0.616201 0.00271929
 1749 -0.44 -0.616101 0.00271961
 1750 -0.68 -0.616137 0.0027183
 1751 -0.44 -0.616037 0.0027186
 1752 -0.44 -0.615936 0.00271891
 1753 -0.52 -0.615881 0.00271791
 1754 -0.68 -0.615918 0.00271661
 1755 -0.52 -0.615863 0.00271561
 1756 -0.52 -0.615809 0.00271461
 1757 -0.52 -0.615754 0.00271361
 1758 -0.6 -0.615745 0.00271208
 1759 -0.6 -0.615736 0.00271055
 1760 -0.52 -0.615682 0.00270956
 1761 -0.6 -0.615673 0.00270804
 1762 -0.68 -0.615709 0.00270674
 1763 -0.44 -0.61561 0.00270704
 1764 -0.68 -0.615646 0.00270576
 1765 -0.68 -0.615683 0.00270447
 1766 -0.68 -0.615719 0.00270318
 1767 -0.6 -0.61571 0.00270167
 1768 -0.68 -0.615747 0.00270038
 1769 -0.6 -0.615738 0.00269887
 1770 -0.68 -0.615774 0.00269759
 1771 -0.68 -0.61581 0.00269631
 1772 -0.44 -0.615711 0.00269661
 1773 -0.52 -0.615657 0.00269563
 1774 -0.68 -0.615693 0.00269436
 1775 -0.76 -0.615775 0.00269406
 1776 -0.6 -0.615766 0.00269256
 1777 -0.76 -0.615847 0.00269227
 1778 -0.76 -0.615928 0.00269198
 1779 -0.68 -0.615964 0.0026907
 1780 -0.76 -0.616045 0.00269041
 1781 -0.68 -0.616081 0.00268914
 1782 -0.68 -0.616117 0.00268787
 1783 -0.68 -0.616153 0.0026866
 1784 -0.52 -0.616099 0.00268563
 1785 -0.68 -0.616134 0.00268437
 1786 -0.68 -0.61617 0.0026831
 1787 -0.44 -0.616072 0.00268341
 1788 -0.6 -0.616063 0.00268193
 1789 -0.52 -0.616009 0.00268096
 1790 -0.76 -0.616089 0.00268067
 1791 -0.68 -0.616125 0.00267941
 1792 -0.52 -0.616071 0.00267846
 1793 -0.76 -0.616152 0.00267816
 1794 -0.84 -0.616276 0.00267958
 1795 -0.68 -0.616312 0.00267832
 1796 -0.52 -0.616258 0.00267737
 1797 -0.68 -0.616294 0.00267611
 1798 -0.52 -0.61624 0.00267516
 1799 -0.36 -0.616098 0.00267746
 1800 -0.6 -0.616089 0.00267599
 1801 -0.6 -0.61608 0.00267452
 1802 -0.44 -0.615982 0.00267482
 1803 -0.52 -0.615929 0.00267386
 1804 -0.68 -0.615965 0.00267262
 1805 -0.76 -0.616044 0.00267233
 1806 -0.6 -0.616035 0.00267086
 1807 -0.52 -0.615982 0.00266991
 1808 -0.6 -0.615973 0.00266845
 1809 -0.84 -0.616097 0.00266985
 1810 -0.76 -0.616177 0.00266956
 1811 -0.76 -0.616256 0.00266926
 1812 -0.68 -0.616291 0.00266802
 1813 -0.68 -0.616327 0.00266678
 1814 -0.76 -0.616406 0.00266649
 1815 -0.68 -0.616441 0.00266525
 1816 -0.76 -0.61652 0.00266495
 1817 -0.6 -0.616511 0.0026635
 1818 -0.52 -0.616458 0.00266257
 1819 -0.52 -0.616405 0.00266163
 1820 -0.6 -0.616396 0.00266018
 1821 -0.6 -0.616387 0.00265874
 1822 -0.36 -0.616246 0.002661
 1823 -0.52 -0.616193 0.00266006
 1824 -0.6 -0.616184 0.00265862
 1825 -0.6 -0.616175 0.00265718
 1826 -0.6 -0.616166 0.00265574
 1827 -0.76 -0.616245 0.00265545
 1828 -0.68 -0.61628 0.00265423
 1829 -0.76 -0.616359 0.00265394
 1830 -0.68 -0.616393 0.00265272
 1831 -0.6 -0.616384 0.00265128
 1832 -0.52 -0.616332 0.00265036
 1833 -0.44 -0.616236 0.00265066
 1834 -0.36 -0.616096 0.00265289
 1835 -0.6 -0.616087 0.00265146
 1836 -0.52 -0.616035 0.00265053
 1837 -0.68 -0.61607 0.00264932
 1838 -0.68 -0.616104 0.0026481
 1839 -0.6 -0.616096 0.00264668
 1840 -0.68 -0.61613 0.00264547
 1841 -0.68 -0.616165 0.00264426
 1842 -0.68 -0.6162 0.00264305
 1843 -0.76 -0.616278 0.00264277
 1844 -0.76 -0.616356 0.00264248
 1845 -0.6 -0.616347 0.00264107
 1846 -0.6 -0.616338 0.00263965
 1847 -0.68 -0.616372 0.00263844
 1848 -0.6 -0.616364 0.00263703
 1849 -0.6 -0.616355 0.00263562
 1850 -0.6 -0.616346 0.00263421
 1851 -0.52 -0.616294 0.0026333
 1852 -0.6 -0.616285 0.00263189
 1853 -0.84 -0.616406 0.00263324
 1854 -0.68 -0.61644 0.00263204
 1855 -0.52 -0.616388 0.00263114
 1856 -0.6 -0.616379 0.00262974
 1857 -0.76 -0.616457 0.00262946
 1858 -0.6 -0.616448 0.00262806
 1859 -0.68 -0.616482 0.00262686
 1860 -0.68 -0.616516 0.00262567
 1861 -0.68 -0.61655 0.00262448
 1862 -0.68 -0.616584 0.0026233
 1863 -0.52 -0.616532 0.0026224
 1864 -0.76 -0.616609 0.00262212
 1865 -0.76 -0.616686 0.00262184
 1866 -0.6 -0.616677 0.00262045
 1867 -0.52 -0.616626 0.00261956
 1868 -0.44 -0.616531 0.00261987
 1869 -0.52 -0.616479 0.00261897
 1870 -0.6 -0.616471 0.00261759
 1871 -0.76 -0.616547 0.00261731
 1872 -0.6 -0.616538 0.00261593
 1873 -0.6 -0.61653 0.00261455
 1874 -0.52 -0.616478 0.00261366
 1875 -0.6 -0.616469 0.00261228
 1876 -0.68 -0.616503 0.00261111
 1877 -0.68 -0.616537 0.00260993
 1878 -0.76 -0.616613 0.00260966
 1879 -0.6 -0.616605 0.00260829
 1880 -0.6 -0.616596 0.00260691
 1881 -0.68 -0.616629 0.00260575
 1882 -0.52 -0.616578 0.00260487
 1883 -0.68 -0.616612 0.0026037
 1884 -0.68 -0.616645 0.00260254
 1885 -0.6 -0.616637 0.00260117
 1886 -0.6 -0.616628 0.00259981
 1887 -0.52 -0.616577 0.00259893
 1888 -0.52 -0.616525 0.00259806
 1889 -0.52 -0.616474 0.00259719
 1890 -0.52 -0.616423 0.00259631
 1891 -0.68 -0.616457 0.00259516
 1892 -0.52 -0.616406 0.00259429
 1893 -0.68 -0.61644 0.00259313
 1894 -0.68 -0.616473 0.00259198
 1895 -0.44 -0.61638 0.00259229
 1896 -0.68 -0.616414 0.00259114
 1897 -0.52 -0.616363 0.00259027
 1898 -0.68 -0.616396 0.00258912
 1899 -0.6 -0.616388 0.00258777
 1900 -0.6 -0.616379 0.00258642
 1901 -0.68 -0.616412 0.00258528
 1902 -0.6 -0.616404 0.00258393
 1903 -0.6 -0.616395 0.00258259
 1904 -0.68 -0.616429 0.00258145
 1905 -0.76 -0.616504 0.00258119
 1906 -0.6 -0.616495 0.00257985
 1907 -0.52 -0.616445 0.002579
 1908 -0.68 -0.616478 0.00257786
 1909 -0.76 -0.616553 0.00257761
 1910 -0.68 -0.616586 0.00257647
 1911 -0.68 -0.61662 0.00257534
 1912 -0.44 -0.616527 0.00257565
 1913 -0.68 -0.61656 0.00257451
 1914 -0.44 -0.616468 0.00257482
 1915 -0.68 -0.616501 0.00257369
 1916 -0.44 -0.616409 0.00257399
 1917 -0.68 -0.616442 0.00257287
 1918 -0.6 -0.616434 0.00257154
 1919 -0.52 -0.616384 0.00257069
 1920 -0.44 -0.616292 0.00257099
 1921 -0.6 -0.616283 0.00256967
 1922 -0.76 -0.616358 0.00256942
 1923 -0.6 -0.616349 0.00256809
 1924 -0.68 -0.616383 0.00256697
 1925 -0.68 -0.616416 0.00256585
 1926 -0.76 -0.61649 0.0025656
 1927 -0.68 -0.616523 0.00256448
 1928 -0.68 -0.616556 0.00256336
 1929 -0.76 -0.61663 0.00256311
 1930 -0.68 -0.616663 0.002562
 1931 -0.76 -0.616737 0.00256174
 1932 -0.6 -0.616729 0.00256043
 1933 -0.52 -0.616679 0.0025596
 1934 -0.52 -0.616629 0.00255876
 1935 -0.6 -0.61662 0.00255745
 1936 -0.6 -0.616612 0.00255615
 1937 -0.52 -0.616562 0.00255531
 1938 -0.52 -0.616512 0.00255448
 1939 -0.6 -0.616503 0.00255318
 1940 -0.52 -0.616454 0.00255234
 1941 -0.44 -0.616363 0.00255265
 1942 -0.6 -0.616354 0.00255135
 1943 -0.52 -0.616305 0.00255052
 1944 -0.6 -0.616296 0.00254922
 1945 -0.68 -0.616329 0.00254812
 1946 -0.6 -0.616321 0.00254682
 1947 -0.52 -0.616271 0.00254599
 1948 -0.68 -0.616304 0.0025449
 1949 -0.68 -0.616337 0.0025438
 1950 -0.6 -0.616328 0.00254251
 1951 -0.6 -0.61632 0.00254122
 1952 -0.6 -0.616311 0.00253993
 1953 -0.52 -0.616262 0.00253911
 1954 -0.44 -0.616172 0.00253941
 1955 -0.68 -0.616205 0.00253832
 1956 -0.6 -0.616196 0.00253704
 1957 -0.52 -0.616147 0.00253622
 1958 -0.44 -0.616057 0.00253652
 1959 -0.68 -0.61609 0.00253543
 1960 -0.76 -0.616163 0.0025352
 1961 -0.68 -0.616196 0.00253412
 1962 -0.44 -0.616106 0.00253442
 1963 -0.68 -0.616139 0.00253334
 1964 -0.68 -0.616171 0.00253226
 1965 -0.52 -0.616122 0.00253144
 1966 -0.6 -0.616114 0.00253016
 1967 -0.6 -0.616106 0.00252889
 1968 -0.68 -0.616138 0.00252781
 1969 -0.68 -0.616171 0.00252674
 1970 -0.52 -0.616122 0.00252593
 1971 -0.68 -0.616154 0.00252485
 1972 -0.68 -0.616187 0.00252378
 1973 -0.84 -0.6163 0.00252505
 1974 -0.6 -0.616292 0.00252378
 1975 -0.52 -0.616243 0.00252298
 1976 -0.44 -0.616154 0.00252328
 1977 -0.44 -0.616065 0.00252357
 1978 -0.44 -0.615976 0.00252387
 1979 -0.44 -0.615887 0.00252416
 1980 -0.6 -0.615879 0.0025229
 1981 -0.52 -0.61583 0.00252209
 1982 -0.52 -0.615782 0.00252128
 1983 -0.6 -0.615774 0.00252002
 1984 -0.76 -0.615847 0.0025198
 1985 -0.76 -0.615919 0.00251957
 1986 -0.76 -0.615992 0.00251935
 1987 -0.44 -0.615903 0.00251964
 1988 -0.68 -0.615936 0.00251858
 1989 -0.68 -0.615968 0.00251752
 1990 -0.84 -0.61608 0.00251877
 1991 -0.6 -0.616072 0.00251752
 1992 -0.84 -0.616185 0.00251876
 1993 -0.6 -0.616177 0.00251751
 1994 -0.6 -0.616169 0.00251626
 1995 -0.6 -0.61616 0.00251501
 1996 -0.68 -0.616192 0.00251396
 1997 -0.68 -0.616224 0.0025129
 1998 -0.76 -0.616296 0.00251267
 1999 -0.68 -0.616328 0.00251162
 2000 -0.6 -0.61632 0.00251037
