 1 0 0 0
 2 3.62522e-15 1.81261e-15 1.81261e-15
 3 3.62522e-15 2.41681e-15 1.20841e-15
 4 0 1.81261e-15 1.04651e-15
 5 0 1.45009e-15 8.87993e-16
 6 -1.81261e-15 9.06305e-16 9.06305e-16
 7 0 7.76832e-16 7.76832e-16
 8 -1.81261e-15 4.53152e-16 7.46572e-16
 9 -1.81261e-15 2.01401e-16 7.04904e-16
 10 0 1.81261e-16 6.30806e-16
 11 0 1.64783e-16 5.70824e-16
 12 -1.81261e-15 0 5.46522e-16
 13 -9.06305e-16 -6.97157e-17 5.07538e-16
 14 0 -6.4736e-17 4.69915e-16
 15 -1.81261e-15 -1.81261e-16 4.5272e-16
 16 -1.81261e-15 -2.8322e-16 4.35582e-16
 17 0 -2.6656e-16 4.09497e-16
 18 -9.06305e-16 -3.02102e-16 3.8771e-16
 19 0 -2.86201e-16 3.67082e-16
 20 -1.81261e-15 -3.62522e-16 3.56509e-16
 21 -1.81261e-15 -4.31574e-16 3.46067e-16
 22 0 -4.11957e-16 3.30545e-16
 23 3.62522e-15 -2.36427e-16 3.61344e-16
 24 0 -2.26576e-16 3.46101e-16
 25 0 -2.17513e-16 3.32092e-16
 26 -9.06305e-16 -2.44005e-16 3.20161e-16
 27 0 -2.34968e-16 3.08208e-16
 28 -1.81261e-15 -2.91312e-16 3.02294e-16
 29 -1.81261e-15 -3.43771e-16 2.96364e-16
 30 -9.06305e-16 -3.62522e-16 2.86928e-16
 31 0 -3.50828e-16 2.77764e-16
 32 0 -3.39864e-16 2.69167e-16
 33 -1.81261e-15 -3.84493e-16 2.64673e-16
 34 0 -3.73184e-16 2.57019e-16
 35 0 -3.62522e-16 2.49796e-16
 36 0 -3.52452e-16 2.42967e-16
 37 -1.81261e-15 -3.91915e-16 2.39581e-16
 38 0 -3.81602e-16 2.33419e-16
 39 0 -3.71817e-16 2.27566e-16
 40 0 -3.62522e-16 2.21998e-16
 41 -1.81261e-15 -3.9789e-16 2.19386e-16
 42 -9.06305e-16 -4.09995e-16 2.1444e-16
 43 -9.06305e-16 -4.21537e-16 2.09712e-16
 44 -1.81261e-15 -4.53152e-16 2.07315e-16
 45 0 -4.43082e-16 2.02906e-16
 46 0 -4.3345e-16 1.9868e-16
 47 -1.81261e-15 -4.62794e-16 1.96608e-16
 48 0 -4.53152e-16 1.9271e-16
 49 -9.06305e-16 -4.624e-16 1.88963e-16
 50 0 -4.53152e-16 1.85376e-16
 51 -1.81261e-15 -4.79808e-16 1.83649e-16
 52 -9.06305e-16 -4.8801e-16 1.8027e-16
 53 -9.06305e-16 -4.95902e-16 1.77012e-16
 54 -9.06305e-16 -5.03503e-16 1.73869e-16
 55 -9.06305e-16 -5.10826e-16 1.70836e-16
 56 -1.81261e-15 -5.34072e-16 1.6936e-16
 57 -1.81261e-15 -5.56503e-16 1.67868e-16
 58 0 -5.46908e-16 1.65227e-16
 59 -1.81261e-15 -5.6836e-16 1.63813e-16
 60 0 -5.58888e-16 1.61338e-16
 61 -9.06305e-16 -5.64583e-16 1.58773e-16
 62 -9.06305e-16 -5.70095e-16 1.56289e-16
 63 0 -5.61046e-16 1.54054e-16
 64 0 -5.52279e-16 1.51881e-16
 65 3.62522e-15 -4.8801e-16 1.62753e-16
 66 3.62522e-15 -4.25688e-16 1.71959e-16
 67 0 -4.19335e-16 1.69492e-16
 68 0 -4.13168e-16 1.67095e-16
 69 -9.06305e-16 -4.20315e-16 1.6481e-16
 70 -1.81261e-15 -4.40205e-16 1.63652e-16
 71 0 -4.34005e-16 1.6145e-16
 72 0 -4.27977e-16 1.59306e-16
 73 0 -4.22114e-16 1.57217e-16
 74 0 -4.1641e-16 1.55183e-16
 75 -9.06305e-16 -4.22942e-16 1.53239e-16
 76 0 -4.17377e-16 1.51312e-16
 77 -9.06305e-16 -4.23727e-16 1.49469e-16
 78 -9.06305e-16 -4.29914e-16 1.4767e-16
 79 -9.06305e-16 -4.35944e-16 1.45913e-16
 80 -1.81261e-15 -4.53152e-16 1.45102e-16
 81 -9.06305e-16 -4.58747e-16 1.43408e-16
 82 0 -4.53152e-16 1.41759e-16
 83 -9.06305e-16 -4.58612e-16 1.40147e-16
 84 0 -4.53152e-16 1.38576e-16
 85 0 -4.47821e-16 1.3704e-16
 86 -1.81261e-15 -4.63691e-16 1.36364e-16
 87 0 -4.58361e-16 1.34893e-16
 88 0 -4.53152e-16 1.33453e-16
 89 -1.81261e-15 -4.68427e-16 1.32826e-16
 90 -1.81261e-15 -4.83362e-16 1.32188e-16
 91 0 -4.78051e-16 1.30835e-16
 92 0 -4.72855e-16 1.2951e-16
 93 0 -4.6777e-16 1.2821e-16
 94 3.62522e-15 -4.24228e-16 1.34105e-16
 95 3.62522e-15 -3.81602e-16 1.39364e-16
 96 0 -3.77627e-16 1.37962e-16
 97 4.53152e-16 -3.69062e-16 1.36801e-16
 98 0 -3.65296e-16 1.3545e-16
 99 -1.81261e-15 -3.79916e-16 1.3487e-16
 100 0 -3.76116e-16 1.33568e-16
 101 0 -3.72392e-16 1.32292e-16
 102 -1.81261e-15 -3.86512e-16 1.31747e-16
 103 0 -3.8276e-16 1.30516e-16
 104 0 -3.79079e-16 1.29307e-16
 105 -9.06305e-16 -3.841e-16 1.28168e-16
 106 0 -3.80477e-16 1.27005e-16
 107 -1.81261e-15 -3.93861e-16 1.26522e-16
 108 -1.81261e-15 -4.06998e-16 1.26032e-16
 109 0 -4.03264e-16 1.24926e-16
 110 0 -3.99598e-16 1.23839e-16
 111 -1.81261e-15 -4.12328e-16 1.23377e-16
 112 -1.81261e-15 -4.2483e-16 1.22908e-16
 113 -1.81261e-15 -4.37111e-16 1.22433e-16
 114 0 -4.33277e-16 1.21415e-16
 115 -1.81261e-15 -4.45271e-16 1.20951e-16
 116 0 -4.41433e-16 1.19965e-16
 117 0 -4.3766e-16 1.18995e-16
 118 -9.06305e-16 -4.41631e-16 1.18049e-16
 119 -9.06305e-16 -4.45536e-16 1.17118e-16
 120 -1.81261e-15 -4.56929e-16 1.16695e-16
 121 -1.81261e-15 -4.68132e-16 1.16268e-16
 122 0 -4.64295e-16 1.15375e-16
 123 0 -4.60521e-16 1.14495e-16
 124 0 -4.56807e-16 1.13629e-16
 125 0 -4.53152e-16 1.12775e-16
 126 4.53152e-16 -4.45959e-16 1.12108e-16
 127 -1.81261e-15 -4.5672e-16 1.11741e-16
 128 -1.81261e-15 -4.67313e-16 1.11369e-16
 129 -9.06305e-16 -4.70716e-16 1.10555e-16
 130 0 -4.67095e-16 1.09761e-16
 131 0 -4.6353e-16 1.08978e-16
 132 0 -4.60018e-16 1.08206e-16
 133 0 -4.56559e-16 1.07446e-16
 134 0 -4.53152e-16 1.06695e-16
 135 0 -4.49796e-16 1.05955e-16
 136 0 -4.46488e-16 1.05225e-16
 137 -9.06305e-16 -4.49845e-16 1.04508e-16
 138 -1.81261e-15 -4.5972e-16 1.04217e-16
 139 0 -4.56412e-16 1.03517e-16
 140 0 -4.53152e-16 1.02827e-16
 141 0 -4.49938e-16 1.02146e-16
 142 0 -4.4677e-16 1.01473e-16
 143 0 -4.43646e-16 1.00809e-16
 144 -1.81261e-15 -4.53152e-16 1.00557e-16
 145 -1.81261e-15 -4.62528e-16 1.00301e-16
 146 -1.81261e-15 -4.71775e-16 1.0004e-16
 147 -1.81261e-15 -4.80896e-16 9.97745e-17
 148 -1.81261e-15 -4.89894e-16 9.95057e-17
 149 -1.81261e-15 -4.98772e-16 9.92335e-17
 150 0 -4.95446e-16 9.86258e-17
 151 -1.81261e-15 -5.04169e-16 9.8358e-17
 152 0 -5.00852e-16 9.77651e-17
 153 3.62522e-15 -4.73885e-16 1.00798e-16
 154 -1.81261e-15 -4.82578e-16 1.00518e-16
 155 -1.81261e-15 -4.91159e-16 1.00236e-16
 156 -1.81261e-15 -4.99629e-16 9.99507e-17
 157 -1.81261e-15 -5.07992e-16 9.96635e-17
 158 -1.81261e-15 -5.16249e-16 9.93744e-17
 159 0 -5.13003e-16 9.88008e-17
 160 0 -5.09796e-16 9.82337e-17
 161 0 -5.0663e-16 9.7673e-17
 162 -1.81261e-15 -5.14691e-16 9.74024e-17
 163 0 -5.11534e-16 9.68544e-17
 164 0 -5.08415e-16 9.63126e-17
 165 0 -5.05333e-16 9.57767e-17
 166 0 -5.02289e-16 9.52466e-17
 167 0 -4.99282e-16 9.47223e-17
 168 0 -4.9631e-16 9.42037e-17
 169 -1.81261e-15 -5.04098e-16 9.3968e-17
 170 0 -5.01133e-16 9.34606e-17
 171 -9.06305e-16 -5.03503e-16 9.29427e-17
 172 -1.81261e-15 -5.11114e-16 9.27137e-17
 173 0 -5.08159e-16 9.22235e-17
 174 0 -5.05239e-16 9.17385e-17
 175 0 -5.02352e-16 9.12584e-17
 176 0 -4.99497e-16 9.07833e-17
 177 0 -4.96675e-16 9.0313e-17
 178 0 -4.93885e-16 8.98476e-17
 179 4.53152e-16 -4.88594e-16 8.95007e-17
 180 0 -4.8588e-16 8.90435e-17
 181 -9.06305e-16 -4.88203e-16 8.85806e-17
 182 -1.81261e-15 -4.9548e-16 8.83926e-17
 183 -1.81261e-15 -5.02677e-16 8.82024e-17
 184 -1.81261e-15 -5.09796e-16 8.80102e-17
 185 0 -5.07041e-16 8.75765e-17
 186 -1.81261e-15 -5.1406e-16 8.73868e-17
 187 -9.06305e-16 -5.16157e-16 8.69435e-17
 188 4.53152e-16 -5.11001e-16 8.66334e-17
 189 4.53152e-16 -5.059e-16 8.63246e-17
 190 4.53152e-16 -5.00852e-16 8.60173e-17
 191 -9.06305e-16 -5.02975e-16 8.55921e-17
 192 -9.06305e-16 -5.05076e-16 8.51711e-17
 193 0 -5.02459e-16 8.4769e-17
 194 0 -4.99869e-16 8.43707e-17
 195 -1.81261e-15 -5.06601e-16 8.42064e-17
 196 -1.81261e-15 -5.13264e-16 8.40403e-17
 197 -9.06305e-16 -5.15259e-16 8.36364e-17
 198 -9.06305e-16 -5.17234e-16 8.32364e-17
 199 -1.81261e-15 -5.23744e-16 8.30725e-17
 200 -1.81261e-15 -5.30188e-16 8.29069e-17
 201 -1.81261e-15 -5.36568e-16 8.27397e-17
 202 -9.06305e-16 -5.38399e-16 8.23495e-17
 203 0 -5.35747e-16 8.19857e-17
 204 0 -5.3312e-16 8.16251e-17
 205 -9.06305e-16 -5.34941e-16 8.12463e-17
 206 0 -5.32344e-16 8.08927e-17
 207 -9.06305e-16 -5.3415e-16 8.05212e-17
 208 0 -5.31582e-16 8.01743e-17
 209 -9.06305e-16 -5.33375e-16 7.98099e-17
 210 -9.06305e-16 -5.35151e-16 7.94488e-17
 211 -1.81261e-15 -5.41206e-16 7.93028e-17
 212 -1.81261e-15 -5.47203e-16 7.91554e-17
 213 0 -5.44634e-16 7.88247e-17
 214 -1.81261e-15 -5.50559e-16 7.86789e-17
 215 -1.81261e-15 -5.56429e-16 7.85318e-17
 216 -1.81261e-15 -5.62244e-16 7.83835e-17
 217 0 -5.59653e-16 7.80644e-17
 218 -9.06305e-16 -5.61244e-16 7.77218e-17
 219 -2.26576e-16 -5.59715e-16 7.73812e-17
 220 -9.06305e-16 -5.61291e-16 7.70447e-17
 221 -9.06305e-16 -5.62852e-16 7.67112e-17
 222 -9.06305e-16 -5.64399e-16 7.63805e-17
 223 -9.06305e-16 -5.65932e-16 7.60527e-17
 224 -1.81261e-15 -5.71498e-16 7.59167e-17
 225 0 -5.68958e-16 7.56212e-17
 226 -1.81261e-15 -5.74461e-16 7.54867e-17
 227 0 -5.7193e-16 7.5196e-17
 228 0 -5.69422e-16 7.49075e-17
 229 3.62522e-15 -5.51104e-16 7.67962e-17
 230 0 -5.48708e-16 7.64991e-17
 231 -1.81261e-15 -5.5418e-16 7.63634e-17
 232 4.53152e-16 -5.49838e-16 7.61575e-17
 233 0 -5.47478e-16 7.58666e-17
 234 -9.06305e-16 -5.49011e-16 7.55573e-17
 235 -9.06305e-16 -5.50532e-16 7.52504e-17
 236 0 -5.48199e-16 7.49672e-17
 237 0 -5.45886e-16 7.4686e-17
 238 0 -5.43592e-16 7.44069e-17
 239 -9.06305e-16 -5.4511e-16 7.41105e-17
 240 -9.06305e-16 -5.46615e-16 7.38164e-17
 241 -9.06305e-16 -5.48107e-16 7.35246e-17
 242 0 -5.45842e-16 7.32552e-17
 243 -1.81261e-15 -5.51056e-16 7.31391e-17
 244 -1.81261e-15 -5.56226e-16 7.3022e-17
 245 -1.81261e-15 -5.61354e-16 7.29039e-17
 246 -1.81261e-15 -5.6644e-16 7.27849e-17
 247 -1.81261e-15 -5.71486e-16 7.2665e-17
 248 -1.81261e-15 -5.7649e-16 7.25442e-17
 249 0 -5.74175e-16 7.22894e-17
 250 0 -5.71878e-16 7.20363e-17
 251 0 -5.696e-16 7.17848e-17
 252 3.62522e-15 -5.52954e-16 7.34116e-17
 253 -9.06305e-16 -5.5435e-16 7.31342e-17
 254 0 -5.52168e-16 7.28784e-17
 255 0 -5.50002e-16 7.26243e-17
 256 -9.06305e-16 -5.51394e-16 7.23534e-17
 257 -9.06305e-16 -5.52775e-16 7.20846e-17
 258 -9.06305e-16 -5.54145e-16 7.18177e-17
 259 -9.06305e-16 -5.55505e-16 7.15528e-17
 260 0 -5.53369e-16 7.13091e-17
 261 0 -5.51248e-16 7.1067e-17
 262 0 -5.49144e-16 7.08265e-17
 263 0 -5.47056e-16 7.05875e-17
 264 -1.81261e-15 -5.5185e-16 7.04829e-17
 265 -1.81261e-15 -5.56608e-16 7.03774e-17
 266 -9.06305e-16 -5.57922e-16 7.01246e-17
 267 0 -5.55833e-16 6.98927e-17
 268 0 -5.53759e-16 6.96623e-17
 269 3.62522e-15 -5.38224e-16 7.11204e-17
 270 0 -5.3623e-16 7.08845e-17
 271 0 -5.34251e-16 7.06502e-17
 272 -1.81261e-15 -5.38951e-16 7.05467e-17
 273 -1.81261e-15 -5.43617e-16 7.04424e-17
 274 -1.81261e-15 -5.48248e-16 7.03375e-17
 275 -1.81261e-15 -5.52846e-16 7.02319e-17
 276 -1.81261e-15 -5.5741e-16 7.01257e-17
 277 -9.06305e-16 -5.5867e-16 6.98834e-17
 278 0 -5.5666e-16 6.96606e-17
 279 -1.81261e-15 -5.61162e-16 6.95563e-17
 280 0 -5.59158e-16 6.93364e-17
 281 0 -5.57168e-16 6.91179e-17
 282 -2.26576e-16 -5.55995e-16 6.88823e-17
 283 0 -5.54031e-16 6.86666e-17
 284 -1.81261e-15 -5.58462e-16 6.85677e-17
 285 -1.81261e-15 -5.62863e-16 6.84683e-17
 286 -1.81261e-15 -5.67233e-16 6.83682e-17
 287 0 -5.65256e-16 6.81583e-17
 288 0 -5.63293e-16 6.79496e-17
 289 -9.06305e-16 -5.6448e-16 6.77244e-17
 290 0 -5.62534e-16 6.75186e-17
 291 0 -5.60601e-16 6.73139e-17
 292 -9.06305e-16 -5.61785e-16 6.70934e-17
 293 0 -5.59867e-16 6.68915e-17
 294 0 -5.57963e-16 6.66908e-17
 295 -9.06305e-16 -5.59144e-16 6.64748e-17
 296 -1.81261e-15 -5.63378e-16 6.63851e-17
 297 -9.06305e-16 -5.64533e-16 6.61713e-17
 298 -9.06305e-16 -5.6568e-16 6.59588e-17
 299 -1.81261e-15 -5.6985e-16 6.587e-17
 300 -9.06305e-16 -5.70972e-16 6.56596e-17
 301 -9.06305e-16 -5.72086e-16 6.54506e-17
 302 -9.06305e-16 -5.73193e-16 6.52429e-17
 303 -1.81261e-15 -5.77283e-16 6.51558e-17
 304 0 -5.75384e-16 6.49688e-17
 305 -1.81261e-15 -5.79441e-16 6.48824e-17
 306 -9.06305e-16 -5.80509e-16 6.46788e-17
 307 0 -5.78618e-16 6.44955e-17
 308 0 -5.76739e-16 6.43132e-17
 309 0 -5.74873e-16 6.41319e-17
 310 0 -5.73018e-16 6.39516e-17
 311 -1.81261e-15 -5.77004e-16 6.38701e-17
 312 0 -5.75155e-16 6.3692e-17
 313 0 -5.73317e-16 6.35147e-17
 314 0 -5.71491e-16 6.33385e-17
 315 -1.81261e-15 -5.75431e-16 6.32599e-17
 316 0 -5.7361e-16 6.30857e-17
 317 0 -5.71801e-16 6.29124e-17
 318 0 -5.70003e-16 6.274e-17
 319 -1.81261e-15 -5.73898e-16 6.26642e-17
 320 0 -5.72105e-16 6.24938e-17
 321 -1.81261e-15 -5.75969e-16 6.24186e-17
 322 -9.06305e-16 -5.76995e-16 6.22329e-17
 323 0 -5.75209e-16 6.20656e-17
 324 3.62522e-15 -5.62244e-16 6.32173e-17
 325 3.62522e-15 -5.4936e-16 6.43261e-17
 326 0 -5.47675e-16 6.41506e-17
 327 0 -5.46e-16 6.39761e-17
 328 0 -5.44335e-16 6.38025e-17
 329 -1.81261e-15 -5.4819e-16 6.37249e-17
 330 -1.81261e-15 -5.52022e-16 6.3647e-17
 331 0 -5.50354e-16 6.34763e-17
 332 0 -5.48696e-16 6.33065e-17
 333 -1.81261e-15 -5.52492e-16 6.32302e-17
 334 0 -5.50838e-16 6.30623e-17
 335 0 -5.49193e-16 6.28952e-17
 336 0 -5.47559e-16 6.27291e-17
 337 0 -5.45934e-16 6.25637e-17
 338 0 -5.44319e-16 6.23993e-17
 339 -9.06305e-16 -5.45387e-16 6.22241e-17
 340 0 -5.43783e-16 6.20616e-17
 341 0 -5.42188e-16 6.18998e-17
 342 0 -5.40603e-16 6.17389e-17
 343 -1.81261e-15 -5.44311e-16 6.16703e-17
 344 -1.81261e-15 -5.47998e-16 6.16012e-17
 345 0 -5.4641e-16 6.14429e-17
 346 0 -5.4483e-16 6.12854e-17
 347 -1.81261e-15 -5.48484e-16 6.12177e-17
 348 0 -5.46908e-16 6.10618e-17
 349 0 -5.45341e-16 6.09068e-17
 350 -1.81261e-15 -5.48962e-16 6.08403e-17
 351 -1.81261e-15 -5.52562e-16 6.07735e-17
 352 -9.06305e-16 -5.53567e-16 6.06089e-17
 353 -1.81261e-15 -5.57133e-16 6.05421e-17
 354 0 -5.5556e-16 6.03914e-17
 355 -1.81261e-15 -5.59101e-16 6.0325e-17
 356 0 -5.5753e-16 6.01759e-17
 357 0 -5.55968e-16 6.00274e-17
 358 -9.06305e-16 -5.56947e-16 5.98675e-17
 359 -1.81261e-15 -5.60445e-16 5.98028e-17
 360 -9.06305e-16 -5.61405e-16 5.96442e-17
 361 0 -5.5985e-16 5.94991e-17
 362 0 -5.58304e-16 5.93547e-17
 363 0 -5.56766e-16 5.92109e-17
 364 -1.81261e-15 -5.60216e-16 5.91487e-17
 365 -1.81261e-15 -5.63647e-16 5.90862e-17
 366 0 -5.62107e-16 5.89446e-17
 367 0 -5.60575e-16 5.88037e-17
 368 -1.81261e-15 -5.63978e-16 5.87423e-17
 369 0 -5.62449e-16 5.86029e-17
 370 0 -5.60929e-16 5.8464e-17
 371 -1.81261e-15 -5.64303e-16 5.84038e-17
 372 0 -5.62786e-16 5.82663e-17
 373 3.62522e-15 -5.51558e-16 5.91847e-17
 374 0 -5.50083e-16 5.90446e-17
 375 0 -5.48616e-16 5.89052e-17
 376 0 -5.47157e-16 5.87665e-17
 377 0 -5.45706e-16 5.86283e-17
 378 -9.06305e-16 -5.4666e-16 5.84808e-17
 379 0 -5.45217e-16 5.83441e-17
 380 0 -5.43783e-16 5.82081e-17
 381 -9.06305e-16 -5.44734e-16 5.80629e-17
 382 -9.06305e-16 -5.45681e-16 5.79185e-17
 383 0 -5.44256e-16 5.77846e-17
 384 0 -5.42839e-16 5.76513e-17
 385 0 -5.41429e-16 5.75187e-17
 386 -1.81261e-15 -5.44722e-16 5.74639e-17
 387 -1.81261e-15 -5.47998e-16 5.74088e-17
 388 -9.06305e-16 -5.48922e-16 5.72681e-17
 389 -1.81261e-15 -5.5217e-16 5.7213e-17
 390 0 -5.50754e-16 5.70837e-17
 391 0 -5.49346e-16 5.69549e-17
 392 -1.81261e-15 -5.52568e-16 5.69008e-17
 393 -1.81261e-15 -5.55775e-16 5.68463e-17
 394 0 -5.54364e-16 5.67194e-17
 395 0 -5.5296e-16 5.6593e-17
 396 -9.06305e-16 -5.53853e-16 5.64569e-17
 397 0 -5.52458e-16 5.63318e-17
 398 0 -5.5107e-16 5.62073e-17
 399 0 -5.49688e-16 5.60832e-17
 400 0 -5.48314e-16 5.59597e-17
 401 0 -5.46947e-16 5.58367e-17
 402 -1.81261e-15 -5.50095e-16 5.57866e-17
 403 0 -5.4873e-16 5.56647e-17
 404 3.62522e-15 -5.38399e-16 5.64798e-17
 405 0 -5.37069e-16 5.63558e-17
 406 3.62522e-15 -5.26817e-16 5.7144e-17
 407 -1.81261e-15 -5.29977e-16 5.70909e-17
 408 0 -5.28678e-16 5.69656e-17
 409 0 -5.27385e-16 5.68408e-17
 410 -9.06305e-16 -5.28309e-16 5.67096e-17
 411 -9.06305e-16 -5.29229e-16 5.65789e-17
 412 0 -5.27944e-16 5.6456e-17
 413 -9.06305e-16 -5.28861e-16 5.63266e-17
 414 0 -5.27583e-16 5.62049e-17
 415 -9.06305e-16 -5.28496e-16 5.60767e-17
 416 0 -5.27225e-16 5.59562e-17
 417 -1.81261e-15 -5.30308e-16 5.59069e-17
 418 0 -5.29039e-16 5.57874e-17
 419 0 -5.27776e-16 5.56684e-17
 420 -1.81261e-15 -5.30835e-16 5.56199e-17
 421 0 -5.29575e-16 5.5502e-17
 422 -1.81261e-15 -5.32615e-16 5.54537e-17
 423 0 -5.31356e-16 5.53368e-17
 424 0 -5.30103e-16 5.52203e-17
 425 -1.81261e-15 -5.3312e-16 5.51728e-17
 426 0 -5.31869e-16 5.50574e-17
 427 -9.06305e-16 -5.32746e-16 5.49353e-17
 428 -9.06305e-16 -5.33619e-16 5.48137e-17
 429 -1.81261e-15 -5.366e-16 5.4767e-17
 430 -9.06305e-16 -5.3746e-16 5.46463e-17
 431 0 -5.36213e-16 5.45336e-17
 432 -1.81261e-15 -5.39167e-16 5.44874e-17
 433 -1.81261e-15 -5.42108e-16 5.44409e-17
 434 0 -5.40859e-16 5.43297e-17
 435 0 -5.39616e-16 5.42189e-17
 436 0 -5.38378e-16 5.41085e-17
 437 0 -5.37146e-16 5.39986e-17
 438 0 -5.3592e-16 5.38892e-17
 439 -1.81261e-15 -5.38828e-16 5.38449e-17
 440 -1.81261e-15 -5.41723e-16 5.38003e-17
 441 3.62522e-15 -5.32274e-16 5.45035e-17
 442 -1.81261e-15 -5.35171e-16 5.44571e-17
 443 0 -5.33963e-16 5.43475e-17
 444 -9.06305e-16 -5.34801e-16 5.42314e-17
 445 -9.06305e-16 -5.35636e-16 5.41158e-17
 446 4.53152e-16 -5.33419e-16 5.40399e-17
 447 -2.26576e-16 -5.32733e-16 5.39232e-17
 448 4.53152e-16 -5.30532e-16 5.38477e-17
 449 -9.06305e-16 -5.31369e-16 5.37341e-17
 450 0 -5.30188e-16 5.36276e-17
 451 0 -5.29013e-16 5.35215e-17
 452 0 -5.27842e-16 5.34158e-17
 453 0 -5.26677e-16 5.33104e-17
 454 0 -5.25517e-16 5.32055e-17
 455 -1.81261e-15 -5.28346e-16 5.31638e-17
 456 -1.81261e-15 -5.31162e-16 5.31218e-17
 457 0 -5.3e-16 5.30182e-17
 458 -1.81261e-15 -5.328e-16 5.29763e-17
 459 -1.81261e-15 -5.35588e-16 5.29343e-17
 460 -9.06305e-16 -5.36394e-16 5.28252e-17
 461 -1.81261e-15 -5.39163e-16 5.27832e-17
 462 3.62522e-15 -5.30149e-16 5.34345e-17
 463 3.62522e-15 -5.21174e-16 5.40691e-17
 464 -1.81261e-15 -5.23957e-16 5.40242e-17
 465 -9.06305e-16 -5.2478e-16 5.39141e-17
 466 -1.81261e-15 -5.27543e-16 5.38692e-17
 467 0 -5.26413e-16 5.37656e-17
 468 0 -5.25289e-16 5.36624e-17
 469 3.62522e-15 -5.16439e-16 5.42742e-17
 470 -1.81261e-15 -5.19197e-16 5.42288e-17
 471 0 -5.18094e-16 5.41248e-17
 472 -1.81261e-15 -5.20837e-16 5.40796e-17
 473 0 -5.19736e-16 5.39763e-17
 474 0 -5.18639e-16 5.38735e-17
 475 -1.81261e-15 -5.21364e-16 5.3829e-17
 476 -9.06305e-16 -5.22172e-16 5.37218e-17
 477 -1.81261e-15 -5.24878e-16 5.36773e-17
 478 0 -5.2378e-16 5.35761e-17
 479 0 -5.22686e-16 5.34754e-17
 480 0 -5.21597e-16 5.33749e-17
 481 0 -5.20513e-16 5.32749e-17
 482 -9.06305e-16 -5.21313e-16 5.31703e-17
 483 -1.81261e-15 -5.23987e-16 5.31274e-17
 484 -1.81261e-15 -5.26649e-16 5.30843e-17
 485 -1.81261e-15 -5.29301e-16 5.30411e-17
 486 0 -5.28211e-16 5.2943e-17
 487 0 -5.27127e-16 5.28453e-17
 488 -9.06305e-16 -5.27904e-16 5.27427e-17
 489 0 -5.26824e-16 5.26458e-17
 490 -1.81261e-15 -5.29448e-16 5.26037e-17
 491 0 -5.2837e-16 5.25075e-17
 492 -1.81261e-15 -5.3098e-16 5.24657e-17
 493 0 -5.29903e-16 5.23702e-17
 494 -9.06305e-16 -5.30665e-16 5.22696e-17
 495 -9.06305e-16 -5.31424e-16 5.21695e-17
 496 -9.06305e-16 -5.3218e-16 5.20697e-17
 497 -1.81261e-15 -5.34756e-16 5.20286e-17
 498 -1.81261e-15 -5.37322e-16 5.19874e-17
 499 0 -5.36245e-16 5.18943e-17
 500 3.62522e-15 -5.27922e-16 5.24549e-17
 501 0 -5.26869e-16 5.23607e-17
 502 0 -5.25819e-16 5.22668e-17
 503 0 -5.24774e-16 5.21733e-17
 504 3.62522e-15 -5.1654e-16 5.27167e-17
 505 3.62522e-15 -5.08338e-16 5.32476e-17
 506 0 -5.07334e-16 5.31518e-17
 507 -1.81261e-15 -5.09908e-16 5.31093e-17
 508 3.62522e-15 -5.01768e-16 5.3626e-17
 509 -1.81261e-15 -5.04343e-16 5.35825e-17
 510 4.53152e-16 -5.02466e-16 5.35103e-17
 511 4.53152e-16 -5.00596e-16 5.34382e-17
 512 -9.06305e-16 -5.01388e-16 5.33396e-17
 513 0 -5.00411e-16 5.32445e-17
 514 0 -4.99437e-16 5.31497e-17
 515 0 -4.98467e-16 5.30553e-17
 516 -1.81261e-15 -5.01014e-16 5.30136e-17
 517 0 -5.00045e-16 5.29198e-17
 518 -9.06305e-16 -5.00829e-16 5.28234e-17
 519 0 -4.99864e-16 5.27303e-17
 520 0 -4.98903e-16 5.26376e-17
 521 0 -4.97946e-16 5.25452e-17
 522 0 -4.96992e-16 5.24531e-17
 523 0 -4.96041e-16 5.23613e-17
 524 0 -4.95095e-16 5.22699e-17
 525 -9.06305e-16 -4.95878e-16 5.21761e-17
 526 0 -4.94935e-16 5.20853e-17
 527 -9.06305e-16 -4.95716e-16 5.19923e-17
 528 0 -4.94777e-16 5.19022e-17
 529 0 -4.93842e-16 5.18124e-17
 530 0 -4.9291e-16 5.1723e-17
 531 -9.06305e-16 -4.93688e-16 5.16314e-17
 532 4.53152e-16 -4.91909e-16 5.15649e-17
 533 -2.26576e-16 -4.91411e-16 5.14705e-17
 534 4.53152e-16 -4.89642e-16 5.14045e-17
 535 -1.81261e-15 -4.92115e-16 5.13679e-17
 536 -1.81261e-15 -4.94578e-16 5.13311e-17
 537 -1.81261e-15 -4.97033e-16 5.12942e-17
 538 0 -4.96109e-16 5.12071e-17
 539 0 -4.95189e-16 5.11203e-17
 540 0 -4.94272e-16 5.10337e-17
 541 0 -4.93358e-16 5.09475e-17
 542 0 -4.92448e-16 5.08616e-17
 543 -1.81261e-15 -4.94879e-16 5.0826e-17
 544 -1.81261e-15 -4.97301e-16 5.07903e-17
 545 -1.81261e-15 -4.99715e-16 5.07544e-17
 546 0 -4.98799e-16 5.06696e-17
 547 0 -4.97888e-16 5.05851e-17
 548 0 -4.96979e-16 5.05009e-17
 549 0 -4.96074e-16 5.0417e-17
 550 -1.81261e-15 -4.98467e-16 5.03821e-17
 551 0 -4.97563e-16 5.02987e-17
 552 0 -4.96661e-16 5.02156e-17
 553 -1.81261e-15 -4.99041e-16 5.01812e-17
 554 -9.06305e-16 -4.99776e-16 5.00959e-17
 555 0 -4.98876e-16 5.00137e-17
 556 0 -4.97978e-16 4.99317e-17
 557 -1.81261e-15 -5.00339e-16 4.98979e-17
 558 0 -4.99442e-16 4.98164e-17
 559 0 -4.98549e-16 4.97352e-17
 560 0 -4.97658e-16 4.96543e-17
 561 4.53152e-16 -4.95963e-16 4.95947e-17
 562 0 -4.95081e-16 4.95143e-17
 563 -1.81261e-15 -4.97421e-16 4.94816e-17
 564 -9.06305e-16 -4.98146e-16 4.93991e-17
 565 0 -4.97264e-16 4.93195e-17
 566 -9.06305e-16 -4.97987e-16 4.92376e-17
 567 0 -4.97109e-16 4.91585e-17
 568 -9.06305e-16 -4.97829e-16 4.90772e-17
 569 0 -4.96954e-16 4.89986e-17
 570 0 -4.96082e-16 4.89204e-17
 571 0 -4.95214e-16 4.88424e-17
 572 -9.06305e-16 -4.95932e-16 4.87622e-17
 573 -9.06305e-16 -4.96649e-16 4.86823e-17
 574 -9.06305e-16 -4.97362e-16 4.86026e-17
 575 0 -4.96497e-16 4.85257e-17
 576 -9.06305e-16 -4.97209e-16 4.84467e-17
 577 -1.81261e-15 -4.99488e-16 4.84163e-17
 578 -9.06305e-16 -5.00192e-16 4.83376e-17
 579 -1.81261e-15 -5.02459e-16 4.83073e-17
 580 -9.06305e-16 -5.03155e-16 4.82289e-17
 581 0 -5.02289e-16 4.81536e-17
 582 -1.81261e-15 -5.04541e-16 4.81235e-17
 583 -9.06305e-16 -5.0523e-16 4.80458e-17
 584 -1.81261e-15 -5.07468e-16 4.80157e-17
 585 -1.81261e-15 -5.09699e-16 4.79855e-17
 586 -1.81261e-15 -5.11923e-16 4.79551e-17
 587 0 -5.11051e-16 4.78813e-17
 588 0 -5.10182e-16 4.78077e-17
 589 0 -5.09315e-16 4.77343e-17
 590 0 -5.08452e-16 4.76611e-17
 591 3.62522e-15 -5.01458e-16 4.80917e-17
 592 -1.81261e-15 -5.03673e-16 4.80615e-17
 593 -1.81261e-15 -5.0588e-16 4.80311e-17
 594 -1.81261e-15 -5.0808e-16 4.80006e-17
 595 -1.81261e-15 -5.10272e-16 4.797e-17
 596 0 -5.09416e-16 4.78971e-17
 597 3.62522e-15 -5.0249e-16 4.83158e-17
 598 0 -5.0165e-16 4.82422e-17
 599 0 -5.00813e-16 4.81689e-17
 600 0 -4.99978e-16 4.80958e-17
 601 3.62522e-15 -4.93114e-16 4.85038e-17
 602 3.62522e-15 -4.86273e-16 4.8904e-17
 603 0 -4.85467e-16 4.88295e-17
 604 0 -4.84663e-16 4.87553e-17
 605 0 -4.83862e-16 4.86812e-17
 606 0 -4.83063e-16 4.86074e-17
 607 -1.81261e-15 -4.85254e-16 4.85766e-17
 608 -1.81261e-15 -4.87437e-16 4.85458e-17
 609 0 -4.86636e-16 4.84726e-17
 610 -9.06305e-16 -4.87324e-16 4.8398e-17
 611 0 -4.86527e-16 4.83253e-17
 612 0 -4.85732e-16 4.82528e-17
 613 0 -4.84939e-16 4.81805e-17
 614 0 -4.8415e-16 4.81085e-17
 615 -9.06305e-16 -4.84836e-16 4.80351e-17
 616 0 -4.84049e-16 4.79635e-17
 617 0 -4.83264e-16 4.78921e-17
 618 -9.06305e-16 -4.83949e-16 4.78195e-17
 619 0 -4.83167e-16 4.77486e-17
 620 0 -4.82388e-16 4.76779e-17
 621 0 -4.81611e-16 4.76074e-17
 622 -1.81261e-15 -4.83751e-16 4.75789e-17
 623 -9.06305e-16 -4.84429e-16 4.75073e-17
 624 -9.06305e-16 -4.85105e-16 4.74359e-17
 625 -9.06305e-16 -4.85779e-16 4.73648e-17
 626 -1.81261e-15 -4.87899e-16 4.73365e-17
 627 -9.06305e-16 -4.88566e-16 4.72657e-17
 628 0 -4.87788e-16 4.71968e-17
 629 0 -4.87013e-16 4.7128e-17
 630 0 -4.8624e-16 4.70595e-17
 631 0 -4.85469e-16 4.69912e-17
 632 0 -4.84701e-16 4.69231e-17
 633 -9.06305e-16 -4.85367e-16 4.68536e-17
 634 -1.81261e-15 -4.8746e-16 4.68265e-17
 635 0 -4.86693e-16 4.6759e-17
 636 -9.06305e-16 -4.87352e-16 4.66901e-17
 637 0 -4.86587e-16 4.6623e-17
 638 0 -4.85825e-16 4.65561e-17
 639 0 -4.85064e-16 4.64894e-17
 640 0 -4.84306e-16 4.64229e-17
 641 -9.06305e-16 -4.84965e-16 4.63551e-17
 642 -1.81261e-15 -4.87033e-16 4.6329e-17
 643 -9.06305e-16 -4.87685e-16 4.62615e-17
 644 4.53152e-16 -4.86224e-16 4.62127e-17
 645 4.53152e-16 -4.84768e-16 4.6164e-17
 646 0 -4.84017e-16 4.60986e-17
 647 -1.81261e-15 -4.86071e-16 4.60731e-17
 648 0 -4.8532e-16 4.6008e-17
 649 0 -4.84573e-16 4.59432e-17
 650 -1.81261e-15 -4.86616e-16 4.59179e-17
 651 0 -4.85868e-16 4.58534e-17
 652 0 -4.85123e-16 4.57891e-17
 653 -9.06305e-16 -4.85768e-16 4.57235e-17
 654 -1.81261e-15 -4.87797e-16 4.56986e-17
 655 -9.06305e-16 -4.88436e-16 4.56332e-17
 656 -9.06305e-16 -4.89073e-16 4.5568e-17
 657 0 -4.88328e-16 4.55047e-17
 658 -9.06305e-16 -4.88964e-16 4.544e-17
 659 0 -4.88222e-16 4.5377e-17
 660 0 -4.87482e-16 4.53142e-17
 661 0 -4.86744e-16 4.52517e-17
 662 -1.81261e-15 -4.88747e-16 4.52276e-17
 663 -9.06305e-16 -4.89377e-16 4.51637e-17
 664 -9.06305e-16 -4.90005e-16 4.51e-17
 665 -9.06305e-16 -4.90631e-16 4.50365e-17
 666 0 -4.89894e-16 4.49749e-17
 667 0 -4.8916e-16 4.49134e-17
 668 -1.81261e-15 -4.91141e-16 4.48899e-17
 669 0 -4.90407e-16 4.48287e-17
 670 -1.81261e-15 -4.9238e-16 4.48052e-17
 671 0 -4.91647e-16 4.47444e-17
 672 0 -4.90915e-16 4.46838e-17
 673 0 -4.90186e-16 4.46233e-17
 674 -9.06305e-16 -4.90803e-16 4.45613e-17
 675 -1.81261e-15 -4.92761e-16 4.45383e-17
 676 0 -4.92032e-16 4.44784e-17
 677 0 -4.91305e-16 4.44186e-17
 678 0 -4.90581e-16 4.43589e-17
 679 0 -4.89858e-16 4.42994e-17
 680 -9.06305e-16 -4.90471e-16 4.42385e-17
 681 -9.06305e-16 -4.91081e-16 4.41777e-17
 682 -1.81261e-15 -4.93019e-16 4.41554e-17
 683 0 -4.92297e-16 4.40966e-17
 684 -1.81261e-15 -4.94227e-16 4.40744e-17
 685 -1.81261e-15 -4.96152e-16 4.40521e-17
 686 -9.06305e-16 -4.9675e-16 4.39919e-17
 687 0 -4.96027e-16 4.39337e-17
 688 -1.81261e-15 -4.97941e-16 4.39116e-17
 689 0 -4.97218e-16 4.38537e-17
 690 -9.06305e-16 -4.97811e-16 4.37941e-17
 691 -9.06305e-16 -4.98402e-16 4.37347e-17
 692 4.53152e-16 -4.97027e-16 4.36931e-17
 693 -9.06305e-16 -4.97617e-16 4.3634e-17
 694 0 -4.969e-16 4.3577e-17
 695 0 -4.96185e-16 4.35201e-17
 696 0 -4.95473e-16 4.34634e-17
 697 0 -4.94762e-16 4.34068e-17
 698 0 -4.94053e-16 4.33504e-17
 699 -9.06305e-16 -4.94643e-16 4.32923e-17
 700 -1.81261e-15 -4.96525e-16 4.32714e-17
 701 0 -4.95817e-16 4.32155e-17
 702 4.53152e-16 -4.94465e-16 4.3175e-17
 703 0 -4.93762e-16 4.31193e-17
 704 0 -4.93061e-16 4.30637e-17
 705 0 -4.92361e-16 4.30083e-17
 706 -1.81261e-15 -4.94231e-16 4.2988e-17
 707 -1.81261e-15 -4.96096e-16 4.29677e-17
 708 -1.81261e-15 -4.97955e-16 4.29472e-17
 709 0 -4.97253e-16 4.28923e-17
 710 0 -4.96553e-16 4.28376e-17
 711 -9.06305e-16 -4.97129e-16 4.27812e-17
 712 0 -4.96431e-16 4.27268e-17
 713 4.53152e-16 -4.95099e-16 4.26876e-17
 714 0 -4.94406e-16 4.26334e-17
 715 -1.81261e-15 -4.96249e-16 4.26136e-17
 716 0 -4.95556e-16 4.25597e-17
 717 -1.81261e-15 -4.97393e-16 4.254e-17
 718 0 -4.967e-16 4.24863e-17
 719 0 -4.96009e-16 4.24328e-17
 720 0 -4.95321e-16 4.23795e-17
 721 -9.06305e-16 -4.95891e-16 4.23245e-17
 722 0 -4.95204e-16 4.22714e-17
 723 -1.81261e-15 -4.97026e-16 4.22522e-17
 724 0 -4.96339e-16 4.21994e-17
 725 0 -4.95655e-16 4.21467e-17
 726 0 -4.94972e-16 4.20941e-17
 727 4.53152e-16 -4.93668e-16 4.20564e-17
 728 0 -4.9299e-16 4.20041e-17
 729 0 -4.92314e-16 4.19519e-17
 730 3.62522e-15 -4.86673e-16 4.22724e-17
 731 0 -4.86007e-16 4.22198e-17
 732 -1.81261e-15 -4.8782e-16 4.2201e-17
 733 -9.06305e-16 -4.88391e-16 4.21472e-17
 734 -1.81261e-15 -4.90195e-16 4.21284e-17
 735 0 -4.89528e-16 4.20763e-17
 736 0 -4.88863e-16 4.20244e-17
 737 0 -4.88199e-16 4.19726e-17
 738 -1.81261e-15 -4.89994e-16 4.19541e-17
 739 0 -4.89331e-16 4.19025e-17
 740 -1.81261e-15 -4.91119e-16 4.1884e-17
 741 0 -4.90456e-16 4.18327e-17
 742 0 -4.89795e-16 4.17815e-17
 743 0 -4.89136e-16 4.17305e-17
 744 -9.06305e-16 -4.89697e-16 4.16781e-17
 745 0 -4.89039e-16 4.16273e-17
 746 0 -4.88384e-16 4.15766e-17
 747 0 -4.8773e-16 4.15261e-17
 748 -1.81261e-15 -4.89501e-16 4.15084e-17
 749 3.62522e-15 -4.84008e-16 4.18153e-17
 750 0 -4.83362e-16 4.17645e-17
 751 -1.81261e-15 -4.85132e-16 4.17464e-17
 752 0 -4.84487e-16 4.16959e-17
 753 -9.06305e-16 -4.85047e-16 4.16442e-17
 754 0 -4.84404e-16 4.15939e-17
 755 3.62522e-15 -4.78961e-16 4.18939e-17
 756 0 -4.78327e-16 4.18433e-17
 757 -1.81261e-15 -4.8009e-16 4.18251e-17
 758 0 -4.79457e-16 4.17747e-17
 759 -1.81261e-15 -4.81213e-16 4.17566e-17
 760 -1.81261e-15 -4.82965e-16 4.17384e-17
 761 -1.81261e-15 -4.84712e-16 4.17201e-17
 762 -1.81261e-15 -4.86455e-16 4.17017e-17
 763 -1.81261e-15 -4.88193e-16 4.16833e-17
 764 -1.81261e-15 -4.89926e-16 4.16648e-17
 765 0 -4.89286e-16 4.16152e-17
 766 0 -4.88647e-16 4.15658e-17
 767 -9.06305e-16 -4.89192e-16 4.15151e-17
 768 0 -4.88555e-16 4.14659e-17
 769 -1.81261e-15 -4.90277e-16 4.14477e-17
 770 0 -4.8964e-16 4.13988e-17
 771 -9.06305e-16 -4.9018e-16 4.13486e-17
 772 0 -4.89545e-16 4.12998e-17
 773 0 -4.88912e-16 4.12512e-17
 774 0 -4.8828e-16 4.12028e-17
 775 0 -4.8765e-16 4.11544e-17
 776 0 -4.87022e-16 4.11061e-17
 777 0 -4.86395e-16 4.1058e-17
 778 -9.06305e-16 -4.86935e-16 4.10087e-17
 779 4.53152e-16 -4.85728e-16 4.09738e-17
 780 -9.06305e-16 -4.86267e-16 4.09248e-17
 781 -9.06305e-16 -4.86805e-16 4.08759e-17
 782 0 -4.86183e-16 4.08283e-17
 783 0 -4.85562e-16 4.07809e-17
 784 0 -4.84942e-16 4.07336e-17
 785 -1.81261e-15 -4.86634e-16 4.07168e-17
 786 0 -4.86014e-16 4.06696e-17
 787 -9.06305e-16 -4.86548e-16 4.06214e-17
 788 -9.06305e-16 -4.87081e-16 4.05734e-17
 789 0 -4.86464e-16 4.05266e-17
 790 -1.81261e-15 -4.88142e-16 4.05101e-17
 791 -1.81261e-15 -4.89817e-16 4.04935e-17
 792 -1.81261e-15 -4.91487e-16 4.04768e-17
 793 -1.81261e-15 -4.93153e-16 4.046e-17
 794 -1.81261e-15 -4.94815e-16 4.04432e-17
 795 -1.81261e-15 -4.96472e-16 4.04263e-17
 796 -1.81261e-15 -4.98126e-16 4.04093e-17
 797 -9.06305e-16 -4.98638e-16 4.03618e-17
 798 0 -4.98013e-16 4.0316e-17
 799 -1.81261e-15 -4.99658e-16 4.02992e-17
 800 -1.81261e-15 -5.013e-16 4.02822e-17
 801 0 -5.00674e-16 4.02367e-17
 802 -1.81261e-15 -5.0231e-16 4.02198e-17
 803 -1.81261e-15 -5.03941e-16 4.02028e-17
 804 -1.81261e-15 -5.05569e-16 4.01858e-17
 805 0 -5.04941e-16 4.01407e-17
 806 -9.06305e-16 -5.05439e-16 4.0094e-17
 807 0 -5.04813e-16 4.00492e-17
 808 4.53152e-16 -5.03627e-16 4.00171e-17
 809 4.53152e-16 -5.02444e-16 3.99851e-17
 810 -9.06305e-16 -5.02943e-16 3.99389e-17
 811 0 -5.02323e-16 3.98944e-17
 812 -1.81261e-15 -5.03937e-16 3.98779e-17
 813 0 -5.03317e-16 3.98336e-17
 814 0 -5.02698e-16 3.97895e-17
 815 0 -5.02082e-16 3.97454e-17
 816 -1.81261e-15 -5.03688e-16 3.97292e-17
 817 -1.81261e-15 -5.0529e-16 3.97128e-17
 818 0 -5.04672e-16 3.96691e-17
 819 0 -5.04056e-16 3.96254e-17
 820 -1.81261e-15 -5.05652e-16 3.96092e-17
 821 0 -5.05036e-16 3.95657e-17
 822 0 -5.04421e-16 3.95223e-17
 823 -1.81261e-15 -5.06011e-16 3.95063e-17
 824 -1.81261e-15 -5.07597e-16 3.94901e-17
 825 0 -5.06981e-16 3.9447e-17
 826 0 -5.06367e-16 3.9404e-17
 827 0 -5.05755e-16 3.93611e-17
 828 3.62522e-15 -5.00766e-16 3.96289e-17
 829 -1.81261e-15 -5.02349e-16 3.96127e-17
 830 0 -5.01743e-16 3.95695e-17
 831 -1.81261e-15 -5.03321e-16 3.95534e-17
 832 0 -5.02716e-16 3.95104e-17
 833 3.62522e-15 -4.9776e-16 3.97729e-17
 834 0 -4.97163e-16 3.97296e-17
 835 0 -4.96568e-16 3.96865e-17
 836 -1.81261e-15 -4.98142e-16 3.96702e-17
 837 0 -4.97547e-16 3.96273e-17
 838 -1.81261e-15 -4.99116e-16 3.96111e-17
 839 -1.81261e-15 -5.00682e-16 3.95948e-17
 840 -1.81261e-15 -5.02244e-16 3.95785e-17
 841 0 -5.01647e-16 3.95359e-17
 842 -1.81261e-15 -5.03204e-16 3.95196e-17
 843 0 -5.02607e-16 3.94772e-17
 844 -1.81261e-15 -5.04159e-16 3.94609e-17
 845 -9.06305e-16 -5.04635e-16 3.94171e-17
 846 -9.06305e-16 -5.05109e-16 3.93733e-17
 847 3.62522e-15 -5.00233e-16 3.9628e-17
 848 3.62522e-15 -4.95368e-16 3.98791e-17
 849 0 -4.94785e-16 3.98363e-17
 850 -9.06305e-16 -4.95269e-16 3.97924e-17
 851 -1.81261e-15 -4.96817e-16 3.97757e-17
 852 0 -4.96234e-16 3.97333e-17
 853 -1.81261e-15 -4.97777e-16 3.97167e-17
 854 0 -4.97194e-16 3.96744e-17
 855 -1.81261e-15 -4.98732e-16 3.96579e-17
 856 0 -4.9815e-16 3.96158e-17
 857 -1.81261e-15 -4.99684e-16 3.95993e-17
 858 -1.81261e-15 -5.01214e-16 3.95827e-17
 859 0 -5.0063e-16 3.95409e-17
 860 0 -5.00048e-16 3.94991e-17
 861 -9.06305e-16 -5.0052e-16 3.94561e-17
 862 -1.81261e-15 -5.02042e-16 3.94397e-17
 863 0 -5.0146e-16 3.93982e-17
 864 0 -5.0088e-16 3.93569e-17
 865 0 -5.00301e-16 3.93156e-17
 866 0 -4.99723e-16 3.92744e-17
 867 -1.81261e-15 -5.01238e-16 3.92583e-17
 868 3.62522e-15 -4.96484e-16 3.95002e-17
 869 3.62522e-15 -4.91741e-16 3.97388e-17
 870 0 -4.91175e-16 3.96971e-17
 871 0 -4.90611e-16 3.96555e-17
 872 0 -4.90049e-16 3.9614e-17
 873 0 -4.89487e-16 3.95726e-17
 874 0 -4.88927e-16 3.95312e-17
 875 0 -4.88369e-16 3.949e-17
 876 0 -4.87811e-16 3.94488e-17
 877 -1.81261e-15 -4.89322e-16 3.94328e-17
 878 0 -4.88764e-16 3.93918e-17
 879 -1.81261e-15 -4.90271e-16 3.93757e-17
 880 -1.81261e-15 -4.91773e-16 3.93597e-17
 881 0 -4.91215e-16 3.93189e-17
 882 -9.06305e-16 -4.91686e-16 3.92771e-17
 883 0 -4.91129e-16 3.92366e-17
 884 0 -4.90573e-16 3.91961e-17
 885 0 -4.90019e-16 3.91557e-17
 886 -1.81261e-15 -4.91512e-16 3.914e-17
 887 -1.81261e-15 -4.93001e-16 3.91242e-17
 888 -1.81261e-15 -4.94487e-16 3.91084e-17
 889 -1.81261e-15 -4.9597e-16 3.90925e-17
 890 0 -4.95413e-16 3.90525e-17
 891 3.62522e-15 -4.90788e-16 3.92818e-17
 892 0 -4.90238e-16 3.92416e-17
 893 0 -4.89689e-16 3.92015e-17
 894 0 -4.89141e-16 3.91615e-17
 895 0 -4.88594e-16 3.91215e-17
 896 0 -4.88049e-16 3.90816e-17
 897 -9.06305e-16 -4.88515e-16 3.90408e-17
 898 0 -4.87971e-16 3.90011e-17
 899 -1.81261e-15 -4.89445e-16 3.89855e-17
 900 0 -4.88901e-16 3.8946e-17
 901 -1.81261e-15 -4.9037e-16 3.89305e-17
 902 0 -4.89826e-16 3.88911e-17
 903 0 -4.89284e-16 3.88518e-17
 904 -1.81261e-15 -4.90748e-16 3.88364e-17
 905 3.62522e-15 -4.862e-16 3.90591e-17
 906 -1.81261e-15 -4.87664e-16 3.90435e-17
 907 3.62522e-15 -4.83129e-16 3.92631e-17
 908 3.62522e-15 -4.78605e-16 3.948e-17
 909 3.62522e-15 -4.7409e-16 3.96941e-17
 910 0 -4.73569e-16 3.96539e-17
 911 3.62522e-15 -4.6907e-16 3.9865e-17
 912 0 -4.68555e-16 3.98246e-17
 913 -9.06305e-16 -4.69035e-16 3.97839e-17
 914 0 -4.68522e-16 3.97436e-17
 915 0 -4.6801e-16 3.97035e-17
 916 4.53152e-16 -4.67004e-16 3.96729e-17
 917 -9.06305e-16 -4.67483e-16 3.96325e-17
 918 0 -4.66974e-16 3.95925e-17
 919 0 -4.66466e-16 3.95527e-17
 920 -9.06305e-16 -4.66944e-16 3.95126e-17
 921 0 -4.66437e-16 3.94729e-17
 922 -9.06305e-16 -4.66914e-16 3.9433e-17
 923 -9.06305e-16 -4.6739e-16 3.93931e-17
 924 0 -4.66884e-16 3.93537e-17
 925 0 -4.66379e-16 3.93144e-17
 926 -1.81261e-15 -4.67833e-16 3.92988e-17
 927 0 -4.67329e-16 3.92596e-17
 928 3.62522e-15 -4.62918e-16 3.94645e-17
 929 0 -4.6242e-16 3.94251e-17
 930 0 -4.61923e-16 3.93858e-17
 931 -1.81261e-15 -4.63374e-16 3.93702e-17
 932 0 -4.62877e-16 3.93311e-17
 933 -1.81261e-15 -4.64323e-16 3.93156e-17
 934 0 -4.63826e-16 3.92766e-17
 935 -1.81261e-15 -4.65269e-16 3.92611e-17
 936 -1.81261e-15 -4.66708e-16 3.92455e-17
 937 -9.06305e-16 -4.67177e-16 3.92064e-17
 938 0 -4.66679e-16 3.91678e-17
 939 0 -4.66182e-16 3.91292e-17
 940 -1.81261e-15 -4.67615e-16 3.91138e-17
 941 0 -4.67118e-16 3.90753e-17
 942 0 -4.66622e-16 3.9037e-17
 943 0 -4.66127e-16 3.89987e-17
 944 3.62522e-15 -4.61793e-16 3.91977e-17
 945 3.62522e-15 -4.57468e-16 3.93943e-17
 946 3.62522e-15 -4.53152e-16 3.95886e-17
 947 -1.81261e-15 -4.54588e-16 3.95728e-17
 948 -1.81261e-15 -4.5602e-16 3.9557e-17
 949 0 -4.5554e-16 3.95182e-17
 950 -9.06305e-16 -4.56014e-16 3.94795e-17
 951 0 -4.55535e-16 3.94408e-17
 952 0 -4.55056e-16 3.94023e-17
 953 0 -4.54579e-16 3.93638e-17
 954 0 -4.54102e-16 3.93254e-17
 955 -9.06305e-16 -4.54576e-16 3.92871e-17
 956 4.53152e-16 -4.53626e-16 3.92575e-17
 957 0 -4.53152e-16 3.92193e-17
 958 0 -4.52679e-16 3.91812e-17
 959 0 -4.52207e-16 3.91431e-17
 960 0 -4.51736e-16 3.91052e-17
 961 -1.81261e-15 -4.53152e-16 3.90901e-17
 962 -1.81261e-15 -4.54565e-16 3.9075e-17
 963 -1.81261e-15 -4.55976e-16 3.90599e-17
 964 -9.06305e-16 -4.56443e-16 3.90222e-17
 965 -9.06305e-16 -4.56909e-16 3.89845e-17
 966 -9.06305e-16 -4.57374e-16 3.89469e-17
 967 -9.06305e-16 -4.57838e-16 3.89094e-17
 968 -1.81261e-15 -4.59238e-16 3.88943e-17
 969 0 -4.58764e-16 3.88571e-17
 970 0 -4.58291e-16 3.88199e-17
 971 0 -4.57819e-16 3.87827e-17
 972 0 -4.57348e-16 3.87457e-17
 973 3.62522e-15 -4.53152e-16 3.89326e-17
 974 -1.81261e-15 -4.54548e-16 3.89176e-17
 975 -1.81261e-15 -4.55941e-16 3.89027e-17
 976 -9.06305e-16 -4.56402e-16 3.88655e-17
 977 4.53152e-16 -4.55471e-16 3.88369e-17
 978 4.53152e-16 -4.54542e-16 3.88083e-17
 979 4.53152e-16 -4.53615e-16 3.87797e-17
 980 0 -4.53152e-16 3.87429e-17
 981 0 -4.5269e-16 3.87061e-17
 982 0 -4.52229e-16 3.86694e-17
 983 -2.26576e-16 -4.52e-16 3.86307e-17
 984 0 -4.5154e-16 3.85942e-17
 985 -9.06305e-16 -4.52002e-16 3.85578e-17
 986 -9.06305e-16 -4.52463e-16 3.85214e-17
 987 -1.81261e-15 -4.53841e-16 3.8507e-17
 988 0 -4.53382e-16 3.84708e-17
 989 0 -4.52923e-16 3.84346e-17
 990 -9.06305e-16 -4.53381e-16 3.83985e-17
 991 -1.81261e-15 -4.54753e-16 3.83842e-17
 992 -1.81261e-15 -4.56121e-16 3.83699e-17
 993 -1.81261e-15 -4.57488e-16 3.83556e-17
 994 0 -4.57027e-16 3.83197e-17
 995 -1.81261e-15 -4.5839e-16 3.83054e-17
 996 0 -4.57929e-16 3.82697e-17
 997 3.62522e-15 -4.53834e-16 3.84501e-17
 998 0 -4.53379e-16 3.84142e-17
 999 0 -4.52925e-16 3.83784e-17
 1000 -1.81261e-15 -4.54285e-16 3.83641e-17
 1001 -1.81261e-15 -4.55642e-16 3.83498e-17
 1002 -1.81261e-15 -4.56996e-16 3.83354e-17
 1003 0 -4.56541e-16 3.82999e-17
 1004 -9.06305e-16 -4.56989e-16 3.82644e-17
 1005 4.53152e-16 -4.56083e-16 3.8237e-17
 1006 0 -4.5563e-16 3.82017e-17
 1007 -9.06305e-16 -4.56077e-16 3.81663e-17
 1008 0 -4.55625e-16 3.81311e-17
 1009 -9.06305e-16 -4.56071e-16 3.80959e-17
 1010 0 -4.5562e-16 3.80609e-17
 1011 -9.06305e-16 -4.56066e-16 3.80258e-17
 1012 -9.06305e-16 -4.56511e-16 3.79908e-17
 1013 0 -4.5606e-16 3.7956e-17
 1014 0 -4.5561e-16 3.79212e-17
 1015 0 -4.55161e-16 3.78865e-17
 1016 4.53152e-16 -4.54267e-16 3.78597e-17
 1017 4.53152e-16 -4.53375e-16 3.7833e-17
 1018 0 -4.5293e-16 3.77985e-17
 1019 0 -4.52485e-16 3.7764e-17
 1020 -9.06305e-16 -4.5293e-16 3.77295e-17
 1021 -1.81261e-15 -4.54262e-16 3.77161e-17
 1022 -9.06305e-16 -4.54704e-16 3.76818e-17
 1023 0 -4.5426e-16 3.76475e-17
 1024 0 -4.53816e-16 3.76134e-17
 1025 -1.81261e-15 -4.55142e-16 3.76e-17
 1026 0 -4.54698e-16 3.7566e-17
 1027 0 -4.54255e-16 3.7532e-17
 1028 -1.81261e-15 -4.55577e-16 3.75187e-17
 1029 0 -4.55134e-16 3.74849e-17
 1030 0 -4.54692e-16 3.74511e-17
 1031 -1.81261e-15 -4.56009e-16 3.74379e-17
 1032 0 -4.55567e-16 3.74042e-17
 1033 0 -4.55126e-16 3.73706e-17
 1034 0 -4.54686e-16 3.7337e-17
 1035 -1.81261e-15 -4.55998e-16 3.7324e-17
 1036 -1.81261e-15 -4.57308e-16 3.73109e-17
 1037 -1.81261e-15 -4.58615e-16 3.72979e-17
 1038 -1.81261e-15 -4.59919e-16 3.72847e-17
 1039 0 -4.59476e-16 3.72515e-17
 1040 0 -4.59035e-16 3.72182e-17
 1041 0 -4.58594e-16 3.71851e-17
 1042 0 -4.58153e-16 3.7152e-17
 1043 0 -4.57714e-16 3.7119e-17
 1044 0 -4.57276e-16 3.7086e-17
 1045 -9.06305e-16 -4.57705e-16 3.7053e-17
 1046 4.53152e-16 -4.56835e-16 3.70278e-17
 1047 0 -4.56398e-16 3.6995e-17
 1048 -1.81261e-15 -4.57692e-16 3.69823e-17
 1049 -1.81261e-15 -4.58984e-16 3.69696e-17
 1050 0 -4.58547e-16 3.69369e-17
 1051 0 -4.58111e-16 3.69044e-17
 1052 4.53152e-16 -4.57244e-16 3.68794e-17
 1053 -9.06305e-16 -4.57671e-16 3.68469e-17
 1054 -9.06305e-16 -4.58097e-16 3.68144e-17
 1055 -9.06305e-16 -4.58521e-16 3.67819e-17
 1056 0 -4.58087e-16 3.67496e-17
 1057 0 -4.57654e-16 3.67174e-17
 1058 -1.81261e-15 -4.58934e-16 3.6705e-17
 1059 0 -4.58501e-16 3.66729e-17
 1060 0 -4.58069e-16 3.66408e-17
 1061 0 -4.57637e-16 3.66088e-17
 1062 -1.81261e-15 -4.58913e-16 3.65966e-17
 1063 0 -4.58481e-16 3.65647e-17
 1064 -1.81261e-15 -4.59754e-16 3.65525e-17
 1065 -1.81261e-15 -4.61024e-16 3.65402e-17
 1066 0 -4.60591e-16 3.65085e-17
 1067 0 -4.6016e-16 3.64768e-17
 1068 -1.81261e-15 -4.61426e-16 3.64646e-17
 1069 0 -4.60994e-16 3.64331e-17
 1070 -9.06305e-16 -4.61411e-16 3.64014e-17
 1071 -1.81261e-15 -4.62672e-16 3.63893e-17
 1072 -1.81261e-15 -4.63932e-16 3.63771e-17
 1073 -1.81261e-15 -4.65188e-16 3.63649e-17
 1074 -1.81261e-15 -4.66443e-16 3.63527e-17
 1075 0 -4.66009e-16 3.63214e-17
 1076 0 -4.65576e-16 3.62903e-17
 1077 -9.06305e-16 -4.65985e-16 3.62589e-17
 1078 0 -4.65553e-16 3.62278e-17
 1079 4.53152e-16 -4.64702e-16 3.62042e-17
 1080 -9.06305e-16 -4.6511e-16 3.6173e-17
 1081 -9.06305e-16 -4.65519e-16 3.61418e-17
 1082 -1.81261e-15 -4.66764e-16 3.61298e-17
 1083 -9.06305e-16 -4.67169e-16 3.60988e-17
 1084 0 -4.66738e-16 3.6068e-17
 1085 -1.81261e-15 -4.67979e-16 3.60561e-17
 1086 0 -4.67548e-16 3.60255e-17
 1087 4.53152e-16 -4.66701e-16 3.60023e-17
 1088 0 -4.66272e-16 3.59717e-17
 1089 4.53152e-16 -4.65428e-16 3.59486e-17
 1090 0 -4.65001e-16 3.59181e-17
 1091 0 -4.64575e-16 3.58877e-17
 1092 -9.06305e-16 -4.64979e-16 3.58571e-17
 1093 0 -4.64554e-16 3.58268e-17
 1094 0 -4.64129e-16 3.57966e-17
 1095 -9.06305e-16 -4.64533e-16 3.57662e-17
 1096 0 -4.64109e-16 3.5736e-17
 1097 -1.81261e-15 -4.65338e-16 3.57246e-17
 1098 -9.06305e-16 -4.6574e-16 3.56943e-17
 1099 0 -4.65316e-16 3.56643e-17
 1100 0 -4.64893e-16 3.56344e-17
 1101 -1.81261e-15 -4.66117e-16 3.56231e-17
 1102 -1.81261e-15 -4.67339e-16 3.56117e-17
 1103 -1.81261e-15 -4.68559e-16 3.56003e-17
 1104 -9.06305e-16 -4.68955e-16 3.55702e-17
 1105 0 -4.68531e-16 3.55406e-17
 1106 3.62522e-15 -4.64829e-16 3.57008e-17
 1107 0 -4.64409e-16 3.5671e-17
 1108 -1.81261e-15 -4.65626e-16 3.56596e-17
 1109 -1.81261e-15 -4.66841e-16 3.56481e-17
 1110 -9.06305e-16 -4.67237e-16 3.56182e-17
 1111 0 -4.66816e-16 3.55886e-17
 1112 0 -4.66396e-16 3.5559e-17
 1113 0 -4.65977e-16 3.55295e-17
 1114 -9.06305e-16 -4.66373e-16 3.54998e-17
 1115 0 -4.65954e-16 3.54705e-17
 1116 -9.06305e-16 -4.66349e-16 3.54409e-17
 1117 0 -4.65931e-16 3.54116e-17
 1118 0 -4.65515e-16 3.53823e-17
 1119 0 -4.65099e-16 3.53531e-17
 1120 -1.81261e-15 -4.66302e-16 3.53421e-17
 1121 3.62522e-15 -4.62652e-16 3.54986e-17
 1122 -1.81261e-15 -4.63855e-16 3.54874e-17
 1123 3.62522e-15 -4.60214e-16 3.56423e-17
 1124 3.62522e-15 -4.56579e-16 3.57956e-17
 1125 -1.81261e-15 -4.57784e-16 3.5784e-17
 1126 0 -4.57378e-16 3.57545e-17
 1127 4.53152e-16 -4.5657e-16 3.57319e-17
 1128 0 -4.56165e-16 3.57025e-17
 1129 0 -4.55761e-16 3.56732e-17
 1130 -9.06305e-16 -4.5616e-16 3.56438e-17
 1131 -1.81261e-15 -4.57359e-16 3.56325e-17
 1132 0 -4.56955e-16 3.56033e-17
 1133 0 -4.56552e-16 3.55742e-17
 1134 0 -4.56149e-16 3.5545e-17
 1135 0 -4.55747e-16 3.5516e-17
 1136 -9.06305e-16 -4.56144e-16 3.54869e-17
 1137 0 -4.55743e-16 3.5458e-17
 1138 -1.81261e-15 -4.56935e-16 3.54469e-17
 1139 0 -4.56534e-16 3.5418e-17
 1140 0 -4.56134e-16 3.53892e-17
 1141 -1.81261e-15 -4.57322e-16 3.53781e-17
 1142 -1.81261e-15 -4.58509e-16 3.53671e-17
 1143 0 -4.58108e-16 3.53384e-17
 1144 0 -4.57708e-16 3.53097e-17
 1145 -1.81261e-15 -4.58891e-16 3.52987e-17
 1146 0 -4.5849e-16 3.52702e-17
 1147 -1.81261e-15 -4.59671e-16 3.52592e-17
 1148 -9.06305e-16 -4.6006e-16 3.52306e-17
 1149 0 -4.5966e-16 3.52022e-17
 1150 -1.81261e-15 -4.60836e-16 3.51913e-17
 1151 0 -4.60436e-16 3.5163e-17
 1152 -9.06305e-16 -4.60823e-16 3.51346e-17
 1153 0 -4.60423e-16 3.51063e-17
 1154 -9.06305e-16 -4.6081e-16 3.5078e-17
 1155 -1.81261e-15 -4.6198e-16 3.50672e-17
 1156 0 -4.6158e-16 3.50391e-17
 1157 0 -4.61181e-16 3.50111e-17
 1158 0 -4.60783e-16 3.49831e-17
 1159 -1.81261e-15 -4.61949e-16 3.49724e-17
 1160 -1.81261e-15 -4.63114e-16 3.49616e-17
 1161 0 -4.62715e-16 3.49338e-17
 1162 -9.06305e-16 -4.63097e-16 3.49058e-17
 1163 0 -4.62698e-16 3.4878e-17
 1164 0 -4.62301e-16 3.48503e-17
 1165 0 -4.61904e-16 3.48226e-17
 1166 0 -4.61508e-16 3.4795e-17
 1167 -1.81261e-15 -4.62666e-16 3.47845e-17
 1168 0 -4.6227e-16 3.47569e-17
 1169 -1.81261e-15 -4.63425e-16 3.47464e-17
 1170 0 -4.63029e-16 3.47189e-17
 1171 -1.81261e-15 -4.64181e-16 3.47084e-17
 1172 0 -4.63785e-16 3.4681e-17
 1173 0 -4.6339e-16 3.46537e-17
 1174 -1.81261e-15 -4.64539e-16 3.46433e-17
 1175 0 -4.64144e-16 3.4616e-17
 1176 0 -4.63749e-16 3.45888e-17
 1177 -9.06305e-16 -4.64125e-16 3.45615e-17
 1178 -1.81261e-15 -4.6527e-16 3.45511e-17
 1179 -1.81261e-15 -4.66412e-16 3.45407e-17
 1180 0 -4.66017e-16 3.45137e-17
 1181 -9.06305e-16 -4.6639e-16 3.44864e-17
 1182 0 -4.65995e-16 3.44595e-17
 1183 4.53152e-16 -4.65218e-16 3.44391e-17
 1184 0 -4.64826e-16 3.44123e-17
 1185 -9.06305e-16 -4.65198e-16 3.43852e-17
 1186 0 -4.64806e-16 3.43585e-17
 1187 0 -4.64414e-16 3.43318e-17
 1188 0 -4.64023e-16 3.43051e-17
 1189 -1.81261e-15 -4.65158e-16 3.4295e-17
 1190 0 -4.64767e-16 3.42684e-17
 1191 0 -4.64376e-16 3.42418e-17
 1192 0 -4.63987e-16 3.42153e-17
 1193 0 -4.63598e-16 3.41888e-17
 1194 -1.81261e-15 -4.64728e-16 3.41788e-17
 1195 0 -4.64339e-16 3.41524e-17
 1196 -9.06305e-16 -4.64708e-16 3.41259e-17
 1197 0 -4.6432e-16 3.40996e-17
 1198 -1.81261e-15 -4.65446e-16 3.40897e-17
 1199 -9.06305e-16 -4.65813e-16 3.40632e-17
 1200 -9.06305e-16 -4.6618e-16 3.40368e-17
 1201 -1.81261e-15 -4.67301e-16 3.40269e-17
 1202 0 -4.66913e-16 3.40008e-17
 1203 0 -4.66525e-16 3.39748e-17
 1204 0 -4.66137e-16 3.39487e-17
 1205 0 -4.6575e-16 3.39228e-17
 1206 0 -4.65364e-16 3.38968e-17
 1207 0 -4.64979e-16 3.38709e-17
 1208 0 -4.64594e-16 3.38451e-17
 1209 0 -4.64209e-16 3.38192e-17
 1210 0 -4.63826e-16 3.37935e-17
 1211 -9.06305e-16 -4.64191e-16 3.37675e-17
 1212 -9.06305e-16 -4.64556e-16 3.37416e-17
 1213 0 -4.64173e-16 3.3716e-17
 1214 -9.06305e-16 -4.64537e-16 3.36901e-17
 1215 0 -4.64155e-16 3.36646e-17
 1216 0 -4.63773e-16 3.3639e-17
 1217 0 -4.63392e-16 3.36136e-17
 1218 -1.81261e-15 -4.645e-16 3.36042e-17
 1219 0 -4.64119e-16 3.35788e-17
 1220 -1.81261e-15 -4.65224e-16 3.35695e-17
 1221 0 -4.64843e-16 3.35441e-17
 1222 0 -4.64463e-16 3.35188e-17
 1223 -1.81261e-15 -4.65565e-16 3.35095e-17
 1224 0 -4.65184e-16 3.34843e-17
 1225 0 -4.64805e-16 3.34591e-17
 1226 0 -4.64426e-16 3.3434e-17
 1227 -9.06305e-16 -4.64786e-16 3.34086e-17
 1228 0 -4.64407e-16 3.33836e-17
 1229 0 -4.64029e-16 3.33585e-17
 1230 -9.06305e-16 -4.64389e-16 3.33333e-17
 1231 0 -4.64012e-16 3.33084e-17
 1232 0 -4.63635e-16 3.32835e-17
 1233 0 -4.63259e-16 3.32586e-17
 1234 0 -4.62884e-16 3.32338e-17
 1235 0 -4.62509e-16 3.32089e-17
 1236 0 -4.62135e-16 3.31842e-17
 1237 0 -4.61761e-16 3.31594e-17
 1238 0 -4.61388e-16 3.31347e-17
 1239 -1.81261e-15 -4.62479e-16 3.3126e-17
 1240 -1.81261e-15 -4.63567e-16 3.31171e-17
 1241 0 -4.63194e-16 3.30925e-17
 1242 -1.81261e-15 -4.6428e-16 3.30837e-17
 1243 -9.06305e-16 -4.64636e-16 3.3059e-17
 1244 0 -4.64262e-16 3.30345e-17
 1245 0 -4.6389e-16 3.30101e-17
 1246 -1.81261e-15 -4.64972e-16 3.30014e-17
 1247 -9.06305e-16 -4.65326e-16 3.29768e-17
 1248 0 -4.64953e-16 3.29525e-17
 1249 0 -4.64581e-16 3.29282e-17
 1250 0 -4.64209e-16 3.29039e-17
 1251 -9.06305e-16 -4.64563e-16 3.28795e-17
 1252 -1.81261e-15 -4.65639e-16 3.28709e-17
 1253 0 -4.65268e-16 3.28467e-17
 1254 -9.06305e-16 -4.65619e-16 3.28224e-17
 1255 0 -4.65248e-16 3.27983e-17
 1256 0 -4.64878e-16 3.27743e-17
 1257 0 -4.64508e-16 3.27503e-17
 1258 -1.81261e-15 -4.6558e-16 3.27418e-17
 1259 -9.06305e-16 -4.6593e-16 3.27177e-17
 1260 0 -4.6556e-16 3.26938e-17
 1261 0 -4.65191e-16 3.26699e-17
 1262 0 -4.64822e-16 3.26461e-17
 1263 -1.81261e-15 -4.65889e-16 3.26377e-17
 1264 0 -4.65521e-16 3.2614e-17
 1265 0 -4.65153e-16 3.25902e-17
 1266 0 -4.64785e-16 3.25666e-17
 1267 0 -4.64418e-16 3.25429e-17
 1268 -1.81261e-15 -4.65482e-16 3.25346e-17
 1269 0 -4.65115e-16 3.2511e-17
 1270 -1.81261e-15 -4.66176e-16 3.25028e-17
 1271 -1.81261e-15 -4.67235e-16 3.24944e-17
 1272 -1.81261e-15 -4.68293e-16 3.24861e-17
 1273 -1.81261e-15 -4.69349e-16 3.24778e-17
 1274 -1.81261e-15 -4.70403e-16 3.24694e-17
 1275 -1.81261e-15 -4.71456e-16 3.2461e-17
 1276 -1.81261e-15 -4.72507e-16 3.24526e-17
 1277 0 -4.72137e-16 3.24292e-17
 1278 -1.81261e-15 -4.73186e-16 3.24208e-17
 1279 0 -4.72816e-16 3.23976e-17
 1280 -9.06305e-16 -4.73155e-16 3.2374e-17
 1281 0 -4.72785e-16 3.23509e-17
 1282 0 -4.72417e-16 3.23277e-17
 1283 -1.81261e-15 -4.73461e-16 3.23194e-17
 1284 0 -4.73092e-16 3.22963e-17
 1285 0 -4.72724e-16 3.22733e-17
 1286 -9.06305e-16 -4.73061e-16 3.22499e-17
 1287 -9.06305e-16 -4.73398e-16 3.22266e-17
 1288 -9.06305e-16 -4.73734e-16 3.22033e-17
 1289 0 -4.73367e-16 3.21805e-17
 1290 0 -4.73e-16 3.21576e-17
 1291 -1.81261e-15 -4.74037e-16 3.21494e-17
 1292 0 -4.7367e-16 3.21266e-17
 1293 -1.81261e-15 -4.74706e-16 3.21185e-17
 1294 0 -4.74339e-16 3.20957e-17
 1295 0 -4.73973e-16 3.2073e-17
 1296 0 -4.73607e-16 3.20504e-17
 1297 -9.06305e-16 -4.73941e-16 3.20274e-17
 1298 -9.06305e-16 -4.74274e-16 3.20044e-17
 1299 -9.06305e-16 -4.74606e-16 3.19815e-17
 1300 0 -4.74241e-16 3.1959e-17
 1301 -9.06305e-16 -4.74573e-16 3.19361e-17
 1302 0 -4.74209e-16 3.19137e-17
 1303 -9.06305e-16 -4.7454e-16 3.18909e-17
 1304 -9.06305e-16 -4.74872e-16 3.18682e-17
 1305 -9.06305e-16 -4.75202e-16 3.18454e-17
 1306 -9.06305e-16 -4.75532e-16 3.18228e-17
 1307 0 -4.75168e-16 3.18005e-17
 1308 -9.06305e-16 -4.75498e-16 3.17779e-17
 1309 0 -4.75135e-16 3.17557e-17
 1310 -9.06305e-16 -4.75464e-16 3.17331e-17
 1311 -1.81261e-15 -4.76484e-16 3.17253e-17
 1312 0 -4.76121e-16 3.17032e-17
 1313 0 -4.75758e-16 3.16811e-17
 1314 0 -4.75396e-16 3.16591e-17
 1315 0 -4.75035e-16 3.1637e-17
 1316 0 -4.74674e-16 3.16151e-17
 1317 -9.06305e-16 -4.75001e-16 3.15927e-17
 1318 -9.06305e-16 -4.75329e-16 3.15705e-17
 1319 0 -4.74968e-16 3.15486e-17
 1320 0 -4.74608e-16 3.15267e-17
 1321 -1.81261e-15 -4.75621e-16 3.15191e-17
 1322 0 -4.75261e-16 3.14973e-17
 1323 0 -4.74902e-16 3.14756e-17
 1324 0 -4.74544e-16 3.14538e-17
 1325 0 -4.74185e-16 3.14321e-17
 1326 0 -4.73828e-16 3.14104e-17
 1327 -1.81261e-15 -4.74837e-16 3.1403e-17
 1328 -1.81261e-15 -4.75844e-16 3.13955e-17
 1329 0 -4.75486e-16 3.13739e-17
 1330 3.62522e-15 -4.72403e-16 3.15015e-17
 1331 -1.81261e-15 -4.7341e-16 3.1494e-17
 1332 0 -4.73054e-16 3.14723e-17
 1333 -1.81261e-15 -4.74059e-16 3.14648e-17
 1334 -9.06305e-16 -4.74383e-16 3.14428e-17
 1335 0 -4.74028e-16 3.14213e-17
 1336 -1.81261e-15 -4.7503e-16 3.14137e-17
 1337 -1.81261e-15 -4.7603e-16 3.14062e-17
 1338 -9.06305e-16 -4.76352e-16 3.13843e-17
 1339 0 -4.75996e-16 3.13629e-17
 1340 0 -4.75641e-16 3.13415e-17
 1341 -9.06305e-16 -4.75962e-16 3.13198e-17
 1342 -1.81261e-15 -4.76958e-16 3.13123e-17
 1343 0 -4.76603e-16 3.1291e-17
 1344 0 -4.76248e-16 3.12697e-17
 1345 -1.81261e-15 -4.77242e-16 3.12622e-17
 1346 -9.06305e-16 -4.77561e-16 3.12406e-17
 1347 0 -4.77206e-16 3.12194e-17
 1348 0 -4.76852e-16 3.11983e-17
 1349 0 -4.76498e-16 3.11771e-17
 1350 0 -4.76146e-16 3.1156e-17
 1351 -1.81261e-15 -4.77135e-16 3.11487e-17
 1352 -1.81261e-15 -4.78123e-16 3.11413e-17
 1353 0 -4.77769e-16 3.11203e-17
 1354 0 -4.77416e-16 3.10993e-17
 1355 -1.81261e-15 -4.78402e-16 3.10919e-17
 1356 0 -4.78049e-16 3.1071e-17
 1357 -1.81261e-15 -4.79032e-16 3.10637e-17
 1358 0 -4.7868e-16 3.10428e-17
 1359 0 -4.78327e-16 3.10219e-17
 1360 0 -4.77976e-16 3.10011e-17
 1361 -1.81261e-15 -4.78956e-16 3.09938e-17
 1362 0 -4.78605e-16 3.09731e-17
 1363 0 -4.78253e-16 3.09523e-17
 1364 -9.06305e-16 -4.78567e-16 3.09312e-17
 1365 0 -4.78217e-16 3.09105e-17
 1366 0 -4.77867e-16 3.08899e-17
 1367 -1.81261e-15 -4.78843e-16 3.08827e-17
 1368 -9.06305e-16 -4.79156e-16 3.08617e-17
 1369 0 -4.78806e-16 3.08412e-17
 1370 0 -4.78456e-16 3.08206e-17
 1371 -1.81261e-15 -4.79429e-16 3.08135e-17
 1372 -1.81261e-15 -4.80401e-16 3.08064e-17
 1373 0 -4.80051e-16 3.07859e-17
 1374 -1.81261e-15 -4.81021e-16 3.07788e-17
 1375 3.62522e-15 -4.78034e-16 3.0901e-17
 1376 0 -4.77687e-16 3.08805e-17
 1377 3.62522e-15 -4.74707e-16 3.10016e-17
 1378 0 -4.74363e-16 3.0981e-17
 1379 -1.81261e-15 -4.75333e-16 3.09737e-17
 1380 0 -4.74989e-16 3.09532e-17
 1381 -1.81261e-15 -4.75958e-16 3.09459e-17
 1382 -1.81261e-15 -4.76925e-16 3.09387e-17
 1383 4.53152e-16 -4.76252e-16 3.09236e-17
 1384 0 -4.75908e-16 3.09032e-17
 1385 4.53152e-16 -4.75237e-16 3.08881e-17
 1386 0 -4.74894e-16 3.08677e-17
 1387 -9.06305e-16 -4.75205e-16 3.0847e-17
 1388 0 -4.74863e-16 3.08267e-17
 1389 -9.06305e-16 -4.75174e-16 3.08061e-17
 1390 4.53152e-16 -4.74506e-16 3.07912e-17
 1391 0 -4.74165e-16 3.07709e-17
 1392 -1.81261e-15 -4.75126e-16 3.07638e-17
 1393 4.53152e-16 -4.7446e-16 3.07489e-17
 1394 0 -4.74119e-16 3.07288e-17
 1395 -9.06305e-16 -4.74429e-16 3.07083e-17
 1396 0 -4.74089e-16 3.06882e-17
 1397 0 -4.7375e-16 3.06681e-17
 1398 -1.81261e-15 -4.74708e-16 3.06611e-17
 1399 0 -4.74368e-16 3.0641e-17
 1400 0 -4.7403e-16 3.0621e-17
 1401 -1.81261e-15 -4.74985e-16 3.06141e-17
 1402 -1.81261e-15 -4.75939e-16 3.06071e-17
 1403 -1.81261e-15 -4.76892e-16 3.06001e-17
 1404 -1.81261e-15 -4.77843e-16 3.05931e-17
 1405 0 -4.77503e-16 3.05732e-17
 1406 0 -4.77164e-16 3.05533e-17
 1407 -9.06305e-16 -4.77469e-16 3.05331e-17
 1408 0 -4.77129e-16 3.05133e-17
 1409 0 -4.76791e-16 3.04936e-17
 1410 0 -4.76453e-16 3.04738e-17
 1411 0 -4.76115e-16 3.04541e-17
 1412 0 -4.75778e-16 3.04344e-17
 1413 0 -4.75441e-16 3.04147e-17
 1414 -9.06305e-16 -4.75746e-16 3.03947e-17
 1415 -1.81261e-15 -4.76691e-16 3.03879e-17
 1416 0 -4.76354e-16 3.03683e-17
 1417 3.62522e-15 -4.73459e-16 3.04846e-17
 1418 0 -4.73125e-16 3.04649e-17
 1419 0 -4.72792e-16 3.04453e-17
 1420 0 -4.72459e-16 3.04256e-17
 1421 -1.81261e-15 -4.73402e-16 3.04188e-17
 1422 0 -4.73069e-16 3.03993e-17
 1423 0 -4.72737e-16 3.03797e-17
 1424 0 -4.72405e-16 3.03602e-17
 1425 0 -4.72073e-16 3.03407e-17
 1426 0 -4.71742e-16 3.03212e-17
 1427 0 -4.71412e-16 3.03017e-17
 1428 0 -4.71082e-16 3.02823e-17
 1429 -9.06305e-16 -4.71386e-16 3.02627e-17
 1430 -9.06305e-16 -4.7169e-16 3.0243e-17
 1431 0 -4.71361e-16 3.02237e-17
 1432 0 -4.71032e-16 3.02043e-17
 1433 -9.06305e-16 -4.71335e-16 3.01848e-17
 1434 -9.06305e-16 -4.71639e-16 3.01653e-17
 1435 -1.81261e-15 -4.72573e-16 3.01587e-17
 1436 -1.81261e-15 -4.73506e-16 3.01521e-17
 1437 3.62522e-15 -4.70654e-16 3.02659e-17
 1438 0 -4.70327e-16 3.02466e-17
 1439 -1.81261e-15 -4.71259e-16 3.02399e-17
 1440 -9.06305e-16 -4.71562e-16 3.02204e-17
 1441 -1.81261e-15 -4.72492e-16 3.02138e-17
 1442 -9.06305e-16 -4.72793e-16 3.01943e-17
 1443 0 -4.72465e-16 3.01752e-17
 1444 -9.06305e-16 -4.72766e-16 3.01558e-17
 1445 -1.81261e-15 -4.73693e-16 3.01492e-17
 1446 0 -4.73365e-16 3.01301e-17
 1447 0 -4.73038e-16 3.0111e-17
 1448 -1.81261e-15 -4.73963e-16 3.01044e-17
 1449 0 -4.73636e-16 3.00854e-17
 1450 0 -4.7331e-16 3.00665e-17
 1451 0 -4.72984e-16 3.00475e-17
 1452 0 -4.72658e-16 3.00286e-17
 1453 -1.81261e-15 -4.7358e-16 3.00221e-17
 1454 0 -4.73254e-16 3.00032e-17
 1455 -9.06305e-16 -4.73552e-16 2.9984e-17
 1456 -1.81261e-15 -4.74472e-16 2.99775e-17
 1457 0 -4.74146e-16 2.99587e-17
 1458 0 -4.73821e-16 2.99399e-17
 1459 -9.06305e-16 -4.74117e-16 2.99209e-17
 1460 0 -4.73792e-16 2.99021e-17
 1461 0 -4.73468e-16 2.98834e-17
 1462 0 -4.73144e-16 2.98647e-17
 1463 -1.81261e-15 -4.7406e-16 2.98584e-17
 1464 0 -4.73736e-16 2.98397e-17
 1465 0 -4.73413e-16 2.98211e-17
 1466 -9.06305e-16 -4.73708e-16 2.98022e-17
 1467 -9.06305e-16 -4.74003e-16 2.97833e-17
 1468 -1.81261e-15 -4.74915e-16 2.9777e-17
 1469 -1.81261e-15 -4.75825e-16 2.97707e-17
 1470 -9.06305e-16 -4.76118e-16 2.97518e-17
 1471 0 -4.75794e-16 2.97334e-17
 1472 0 -4.75471e-16 2.97149e-17
 1473 -9.06305e-16 -4.75764e-16 2.96962e-17
 1474 -1.81261e-15 -4.76671e-16 2.96899e-17
 1475 0 -4.76348e-16 2.96715e-17
 1476 -1.81261e-15 -4.77253e-16 2.96652e-17
 1477 -9.06305e-16 -4.77543e-16 2.96465e-17
 1478 -9.06305e-16 -4.77833e-16 2.96279e-17
 1479 0 -4.7751e-16 2.96096e-17
 1480 0 -4.77188e-16 2.95914e-17
 1481 0 -4.76865e-16 2.95731e-17
 1482 -9.06305e-16 -4.77155e-16 2.95546e-17
 1483 0 -4.76834e-16 2.95364e-17
 1484 0 -4.76512e-16 2.95183e-17
 1485 -1.81261e-15 -4.77412e-16 2.95121e-17
 1486 -9.06305e-16 -4.77701e-16 2.94936e-17
 1487 0 -4.77379e-16 2.94755e-17
 1488 0 -4.77058e-16 2.94575e-17
 1489 0 -4.76738e-16 2.94394e-17
 1490 -9.06305e-16 -4.77026e-16 2.94211e-17
 1491 -9.06305e-16 -4.77314e-16 2.94027e-17
 1492 0 -4.76994e-16 2.93848e-17
 1493 -9.06305e-16 -4.77282e-16 2.93665e-17
 1494 0 -4.76962e-16 2.93486e-17
 1495 -9.06305e-16 -4.7725e-16 2.93303e-17
 1496 -1.81261e-15 -4.78142e-16 2.93243e-17
 1497 -1.81261e-15 -4.79034e-16 2.93183e-17
 1498 0 -4.78714e-16 2.93004e-17
 1499 -1.81261e-15 -4.79604e-16 2.92944e-17
 1500 -9.06305e-16 -4.79888e-16 2.92763e-17
 1501 0 -4.79569e-16 2.92585e-17
 1502 0 -4.79249e-16 2.92407e-17
 1503 0 -4.7893e-16 2.9223e-17
 1504 0 -4.78612e-16 2.92053e-17
 1505 -9.06305e-16 -4.78896e-16 2.91873e-17
 1506 -1.81261e-15 -4.79782e-16 2.91813e-17
 1507 -1.81261e-15 -4.80666e-16 2.91754e-17
 1508 0 -4.80347e-16 2.91578e-17
 1509 -1.81261e-15 -4.8123e-16 2.91518e-17
 1510 0 -4.80912e-16 2.91343e-17
 1511 0 -4.80593e-16 2.91167e-17
 1512 -1.81261e-15 -4.81474e-16 2.91108e-17
 1513 0 -4.81156e-16 2.90933e-17
 1514 0 -4.80838e-16 2.90758e-17
 1515 0 -4.80521e-16 2.90583e-17
 1516 0 -4.80204e-16 2.90409e-17
 1517 0 -4.79887e-16 2.90234e-17
 1518 0 -4.79571e-16 2.9006e-17
 1519 -1.81261e-15 -4.80449e-16 2.90002e-17
 1520 0 -4.80133e-16 2.89829e-17
 1521 -9.06305e-16 -4.80413e-16 2.89652e-17
 1522 0 -4.80097e-16 2.89478e-17
 1523 -9.06305e-16 -4.80377e-16 2.89302e-17
 1524 0 -4.80062e-16 2.89129e-17
 1525 -1.81261e-15 -4.80936e-16 2.89072e-17
 1526 -1.81261e-15 -4.81808e-16 2.89014e-17
 1527 -1.81261e-15 -4.8268e-16 2.88956e-17
 1528 -1.81261e-15 -4.8355e-16 2.88898e-17
 1529 0 -4.83234e-16 2.88726e-17
 1530 -1.81261e-15 -4.84103e-16 2.88668e-17
 1531 0 -4.83787e-16 2.88497e-17
 1532 -9.06305e-16 -4.84062e-16 2.88322e-17
 1533 0 -4.83747e-16 2.88151e-17
 1534 0 -4.83431e-16 2.8798e-17
 1535 0 -4.83116e-16 2.8781e-17
 1536 0 -4.82802e-16 2.8764e-17
 1537 -1.81261e-15 -4.83667e-16 2.87583e-17
 1538 0 -4.83353e-16 2.87413e-17
 1539 0 -4.83039e-16 2.87243e-17
 1540 -9.06305e-16 -4.83313e-16 2.8707e-17
 1541 -1.81261e-15 -4.84176e-16 2.87013e-17
 1542 -1.81261e-15 -4.85037e-16 2.86956e-17
 1543 -1.81261e-15 -4.85898e-16 2.86899e-17
 1544 0 -4.85583e-16 2.86731e-17
 1545 0 -4.85269e-16 2.86562e-17
 1546 0 -4.84955e-16 2.86394e-17
 1547 -1.81261e-15 -4.85813e-16 2.86337e-17
 1548 0 -4.85499e-16 2.8617e-17
 1549 0 -4.85186e-16 2.86002e-17
 1550 -9.06305e-16 -4.85458e-16 2.8583e-17
 1551 4.53152e-16 -4.84852e-16 2.8571e-17
 1552 -1.81261e-15 -4.85708e-16 2.85654e-17
 1553 -1.81261e-15 -4.86562e-16 2.85598e-17
 1554 0 -4.86249e-16 2.85431e-17
 1555 -9.06305e-16 -4.86519e-16 2.8526e-17
 1556 0 -4.86207e-16 2.85094e-17
 1557 0 -4.85894e-16 2.84928e-17
 1558 -9.06305e-16 -4.86164e-16 2.84758e-17
 1559 -9.06305e-16 -4.86434e-16 2.84588e-17
 1560 -1.81261e-15 -4.87284e-16 2.84532e-17
 1561 -1.81261e-15 -4.88133e-16 2.84477e-17
 1562 0 -4.8782e-16 2.84312e-17
 1563 -1.81261e-15 -4.88668e-16 2.84256e-17
 1564 -1.81261e-15 -4.89515e-16 2.84201e-17
 1565 -1.81261e-15 -4.9036e-16 2.84145e-17
 1566 0 -4.90047e-16 2.8398e-17
 1567 -1.81261e-15 -4.90891e-16 2.83925e-17
 1568 0 -4.90578e-16 2.83761e-17
 1569 -1.81261e-15 -4.9142e-16 2.83705e-17
 1570 0 -4.91107e-16 2.83542e-17
 1571 0 -4.90795e-16 2.83378e-17
 1572 0 -4.90483e-16 2.83215e-17
 1573 0 -4.90171e-16 2.83052e-17
 1574 -9.06305e-16 -4.90435e-16 2.82885e-17
 1575 -2.26576e-16 -4.90268e-16 2.8271e-17
 1576 -9.06305e-16 -4.90532e-16 2.82543e-17
 1577 0 -4.90221e-16 2.82381e-17
 1578 0 -4.8991e-16 2.82219e-17
 1579 -9.06305e-16 -4.90174e-16 2.82052e-17
 1580 0 -4.89863e-16 2.81891e-17
 1581 0 -4.89553e-16 2.8173e-17
 1582 0 -4.89244e-16 2.81568e-17
 1583 0 -4.88935e-16 2.81408e-17
 1584 0 -4.88626e-16 2.81247e-17
 1585 -9.06305e-16 -4.8889e-16 2.81082e-17
 1586 4.53152e-16 -4.88296e-16 2.80967e-17
 1587 -2.26576e-16 -4.88131e-16 2.80795e-17
 1588 0 -4.87824e-16 2.80635e-17
 1589 0 -4.87517e-16 2.80475e-17
 1590 0 -4.8721e-16 2.80315e-17
 1591 4.53152e-16 -4.86619e-16 2.80201e-17
 1592 -9.06305e-16 -4.86882e-16 2.80038e-17
 1593 -9.06305e-16 -4.87146e-16 2.79874e-17
 1594 -9.06305e-16 -4.87409e-16 2.79711e-17
 1595 0 -4.87103e-16 2.79552e-17
 1596 0 -4.86798e-16 2.79394e-17
 1597 -1.81261e-15 -4.87628e-16 2.79342e-17
 1598 -1.81261e-15 -4.88457e-16 2.7929e-17
 1599 0 -4.88152e-16 2.79132e-17
 1600 -1.81261e-15 -4.8898e-16 2.79081e-17
 1601 0 -4.88674e-16 2.78923e-17
 1602 0 -4.88369e-16 2.78766e-17
 1603 -9.06305e-16 -4.8863e-16 2.78604e-17
 1604 -9.06305e-16 -4.8889e-16 2.78442e-17
 1605 0 -4.88586e-16 2.78285e-17
 1606 0 -4.88281e-16 2.78129e-17
 1607 0 -4.87978e-16 2.77972e-17
 1608 0 -4.87674e-16 2.77816e-17
 1609 -2.26576e-16 -4.87512e-16 2.77648e-17
 1610 -9.06305e-16 -4.87772e-16 2.77487e-17
 1611 -9.06305e-16 -4.88032e-16 2.77327e-17
 1612 -1.81261e-15 -4.88853e-16 2.77277e-17
 1613 0 -4.8855e-16 2.77122e-17
 1614 0 -4.88248e-16 2.76966e-17
 1615 -9.06305e-16 -4.88507e-16 2.76807e-17
 1616 0 -4.88204e-16 2.76652e-17
 1617 0 -4.87902e-16 2.76497e-17
 1618 0 -4.87601e-16 2.76343e-17
 1619 0 -4.873e-16 2.76189e-17
 1620 4.53152e-16 -4.86719e-16 2.76079e-17
 1621 -9.06305e-16 -4.86978e-16 2.75921e-17
 1622 -9.06305e-16 -4.87236e-16 2.75763e-17
 1623 -9.06305e-16 -4.87495e-16 2.75605e-17
 1624 -9.06305e-16 -4.87753e-16 2.75447e-17
 1625 -9.06305e-16 -4.8801e-16 2.7529e-17
 1626 -9.06305e-16 -4.88267e-16 2.75133e-17
 1627 0 -4.87967e-16 2.7498e-17
 1628 0 -4.87668e-16 2.74827e-17
 1629 -1.81261e-15 -4.88481e-16 2.74779e-17
 1630 -1.81261e-15 -4.89293e-16 2.7473e-17
 1631 0 -4.88993e-16 2.74578e-17
 1632 -1.81261e-15 -4.89804e-16 2.7453e-17
 1633 0 -4.89504e-16 2.74378e-17
 1634 0 -4.89205e-16 2.74226e-17
 1635 0 -4.88906e-16 2.74075e-17
 1636 -1.81261e-15 -4.89715e-16 2.74027e-17
 1637 -1.81261e-15 -4.90523e-16 2.73979e-17
 1638 -1.81261e-15 -4.9133e-16 2.7393e-17
 1639 0 -4.9103e-16 2.73779e-17
 1640 3.62522e-15 -4.8852e-16 2.74761e-17
 1641 0 -4.88223e-16 2.7461e-17
 1642 0 -4.87925e-16 2.74459e-17
 1643 3.62522e-15 -4.85422e-16 2.75432e-17
 1644 0 -4.85127e-16 2.7528e-17
 1645 0 -4.84832e-16 2.75128e-17
 1646 0 -4.84537e-16 2.74977e-17
 1647 0 -4.84243e-16 2.74826e-17
 1648 0 -4.83949e-16 2.74674e-17
 1649 -1.81261e-15 -4.84755e-16 2.74626e-17
 1650 -1.81261e-15 -4.8556e-16 2.74578e-17
 1651 -1.81261e-15 -4.86363e-16 2.74529e-17
 1652 -1.81261e-15 -4.87166e-16 2.7448e-17
 1653 0 -4.86871e-16 2.7433e-17
 1654 -9.06305e-16 -4.87125e-16 2.74176e-17
 1655 -9.06305e-16 -4.87378e-16 2.74022e-17
 1656 -9.06305e-16 -4.87631e-16 2.73868e-17
 1657 -9.06305e-16 -4.87884e-16 2.73714e-17
 1658 0 -4.8759e-16 2.73565e-17
 1659 -1.81261e-15 -4.88388e-16 2.73517e-17
 1660 0 -4.88094e-16 2.73368e-17
 1661 -9.06305e-16 -4.88346e-16 2.73215e-17
 1662 -1.81261e-15 -4.89143e-16 2.73166e-17
 1663 0 -4.88849e-16 2.73018e-17
 1664 0 -4.88555e-16 2.7287e-17
 1665 0 -4.88261e-16 2.72721e-17
 1666 -1.81261e-15 -4.89056e-16 2.72674e-17
 1667 0 -4.88763e-16 2.72526e-17
 1668 0 -4.8847e-16 2.72378e-17
 1669 -1.81261e-15 -4.89263e-16 2.7233e-17
 1670 -1.81261e-15 -4.90056e-16 2.72283e-17
 1671 0 -4.89762e-16 2.72135e-17
 1672 0 -4.89469e-16 2.71988e-17
 1673 -1.81261e-15 -4.9026e-16 2.71941e-17
 1674 0 -4.89967e-16 2.71794e-17
 1675 0 -4.89675e-16 2.71647e-17
 1676 -9.06305e-16 -4.89924e-16 2.71497e-17
 1677 -1.81261e-15 -4.90712e-16 2.71449e-17
 1678 0 -4.9042e-16 2.71303e-17
 1679 0 -4.90128e-16 2.71157e-17
 1680 -1.81261e-15 -4.90915e-16 2.7111e-17
 1681 -1.81261e-15 -4.91701e-16 2.71063e-17
 1682 -1.81261e-15 -4.92487e-16 2.71016e-17
 1683 -9.06305e-16 -4.92732e-16 2.70866e-17
 1684 -9.06305e-16 -4.92978e-16 2.70716e-17
 1685 0 -4.92685e-16 2.70571e-17
 1686 -1.81261e-15 -4.93468e-16 2.70524e-17
 1687 0 -4.93176e-16 2.70379e-17
 1688 0 -4.92884e-16 2.70235e-17
 1689 0 -4.92592e-16 2.70091e-17
 1690 -9.06305e-16 -4.92837e-16 2.69942e-17
 1691 -9.06305e-16 -4.93081e-16 2.69793e-17
 1692 -1.81261e-15 -4.93861e-16 2.69746e-17
 1693 0 -4.93569e-16 2.69603e-17
 1694 -1.81261e-15 -4.94348e-16 2.69556e-17
 1695 0 -4.94056e-16 2.69413e-17
 1696 0 -4.93765e-16 2.6927e-17
 1697 0 -4.93474e-16 2.69127e-17
 1698 0 -4.93183e-16 2.68984e-17
 1699 -9.06305e-16 -4.93427e-16 2.68836e-17
 1700 4.53152e-16 -4.9287e-16 2.68736e-17
 1701 0 -4.9258e-16 2.68594e-17
 1702 -1.81261e-15 -4.93356e-16 2.68548e-17
 1703 0 -4.93066e-16 2.68406e-17
 1704 3.62522e-15 -4.90649e-16 2.69335e-17
 1705 0 -4.90361e-16 2.69192e-17
 1706 0 -4.90074e-16 2.6905e-17
 1707 0 -4.89787e-16 2.68907e-17
 1708 -1.81261e-15 -4.90561e-16 2.68861e-17
 1709 -1.81261e-15 -4.91335e-16 2.68815e-17
 1710 -9.06305e-16 -4.91577e-16 2.68669e-17
 1711 0 -4.9129e-16 2.68527e-17
 1712 0 -4.91003e-16 2.68386e-17
 1713 -1.81261e-15 -4.91775e-16 2.6834e-17
 1714 -1.81261e-15 -4.92545e-16 2.68294e-17
 1715 -1.81261e-15 -4.93315e-16 2.68248e-17
 1716 0 -4.93028e-16 2.68107e-17
 1717 -1.81261e-15 -4.93796e-16 2.68061e-17
 1718 0 -4.93509e-16 2.6792e-17
 1719 -9.06305e-16 -4.93749e-16 2.67775e-17
 1720 0 -4.93462e-16 2.67635e-17
 1721 -1.81261e-15 -4.94228e-16 2.67589e-17
 1722 -1.81261e-15 -4.94994e-16 2.67543e-17
 1723 0 -4.94707e-16 2.67403e-17
 1724 -9.06305e-16 -4.94945e-16 2.67259e-17
 1725 -9.06305e-16 -4.95184e-16 2.67115e-17
 1726 0 -4.94897e-16 2.66975e-17
 1727 -9.06305e-16 -4.95135e-16 2.66831e-17
 1728 0 -4.94849e-16 2.66692e-17
 1729 -9.06305e-16 -4.95087e-16 2.66548e-17
 1730 0 -4.948e-16 2.6641e-17
 1731 -9.06305e-16 -4.95038e-16 2.66266e-17
 1732 0 -4.94752e-16 2.66128e-17
 1733 -1.81261e-15 -4.95513e-16 2.66083e-17
 1734 -9.06305e-16 -4.9575e-16 2.6594e-17
 1735 0 -4.95464e-16 2.65802e-17
 1736 0 -4.95178e-16 2.65664e-17
 1737 0 -4.94893e-16 2.65527e-17
 1738 -9.06305e-16 -4.9513e-16 2.65384e-17
 1739 0 -4.94845e-16 2.65247e-17
 1740 0 -4.94561e-16 2.6511e-17
 1741 0 -4.94277e-16 2.64973e-17
 1742 -9.06305e-16 -4.94513e-16 2.64831e-17
 1743 0 -4.9423e-16 2.64694e-17
 1744 -9.06305e-16 -4.94466e-16 2.64553e-17
 1745 -9.06305e-16 -4.94702e-16 2.64412e-17
 1746 -1.81261e-15 -4.95457e-16 2.64368e-17
 1747 0 -4.95173e-16 2.64232e-17
 1748 -9.06305e-16 -4.95408e-16 2.64091e-17
 1749 0 -4.95125e-16 2.63955e-17
 1750 -1.81261e-15 -4.95878e-16 2.63912e-17
 1751 0 -4.95595e-16 2.63776e-17
 1752 0 -4.95312e-16 2.63641e-17
 1753 -9.06305e-16 -4.95546e-16 2.63501e-17
 1754 -1.81261e-15 -4.96297e-16 2.63458e-17
 1755 -9.06305e-16 -4.96531e-16 2.63318e-17
 1756 -9.06305e-16 -4.96764e-16 2.63178e-17
 1757 -9.06305e-16 -4.96997e-16 2.63039e-17
 1758 0 -4.96715e-16 2.62904e-17
 1759 0 -4.96432e-16 2.6277e-17
 1760 -9.06305e-16 -4.96665e-16 2.62631e-17
 1761 0 -4.96383e-16 2.62497e-17
 1762 -1.81261e-15 -4.9713e-16 2.62454e-17
 1763 0 -4.96848e-16 2.6232e-17
 1764 -1.81261e-15 -4.97594e-16 2.62278e-17
 1765 -1.81261e-15 -4.98339e-16 2.62235e-17
 1766 -1.81261e-15 -4.99083e-16 2.62192e-17
 1767 0 -4.98801e-16 2.62059e-17
 1768 -1.81261e-15 -4.99544e-16 2.62016e-17
 1769 0 -4.99262e-16 2.61883e-17
 1770 -1.81261e-15 -5.00004e-16 2.6184e-17
 1771 -1.81261e-15 -5.00745e-16 2.61797e-17
 1772 0 -5.00462e-16 2.61665e-17
 1773 -9.06305e-16 -5.00691e-16 2.61527e-17
 1774 -1.81261e-15 -5.01431e-16 2.61484e-17
 1775 0 -5.01148e-16 2.61352e-17
 1776 0 -5.00866e-16 2.6122e-17
 1777 0 -5.00584e-16 2.61088e-17
 1778 0 -5.00303e-16 2.60957e-17
 1779 -1.81261e-15 -5.0104e-16 2.60914e-17
 1780 0 -5.00759e-16 2.60783e-17
 1781 -1.81261e-15 -5.01495e-16 2.60741e-17
 1782 -1.81261e-15 -5.02231e-16 2.60698e-17
 1783 -1.81261e-15 -5.02966e-16 2.60655e-17
 1784 -9.06305e-16 -5.03192e-16 2.60519e-17
 1785 -1.81261e-15 -5.03926e-16 2.60476e-17
 1786 -1.81261e-15 -5.04658e-16 2.60434e-17
 1787 0 -5.04376e-16 2.60303e-17
 1788 0 -5.04094e-16 2.60173e-17
 1789 -9.06305e-16 -5.04319e-16 2.60037e-17
 1790 0 -5.04037e-16 2.59907e-17
 1791 -1.81261e-15 -5.04768e-16 2.59865e-17
 1792 -9.06305e-16 -5.04992e-16 2.59729e-17
 1793 0 -5.0471e-16 2.596e-17
 1794 3.62522e-15 -5.02408e-16 2.60474e-17
 1795 -1.81261e-15 -5.03138e-16 2.60431e-17
 1796 -9.06305e-16 -5.03362e-16 2.60296e-17
 1797 -1.81261e-15 -5.04091e-16 2.60253e-17
 1798 -9.06305e-16 -5.04315e-16 2.60118e-17
 1799 4.53152e-16 -5.03782e-16 2.60028e-17
 1800 0 -5.03503e-16 2.59898e-17
 1801 0 -5.03223e-16 2.59769e-17
 1802 0 -5.02944e-16 2.5964e-17
 1803 -9.06305e-16 -5.03167e-16 2.59505e-17
 1804 -1.81261e-15 -5.03893e-16 2.59463e-17
 1805 0 -5.03614e-16 2.59334e-17
 1806 0 -5.03335e-16 2.59206e-17
 1807 -9.06305e-16 -5.03558e-16 2.59072e-17
 1808 0 -5.0328e-16 2.58943e-17
 1809 3.62522e-15 -5.00998e-16 2.59805e-17
 1810 0 -5.00721e-16 2.59676e-17
 1811 0 -5.00444e-16 2.59547e-17
 1812 -1.81261e-15 -5.01168e-16 2.59505e-17
 1813 -1.81261e-15 -5.01892e-16 2.59462e-17
 1814 0 -5.01615e-16 2.59334e-17
 1815 -1.81261e-15 -5.02337e-16 2.59292e-17
 1816 0 -5.02061e-16 2.59164e-17
 1817 0 -5.01784e-16 2.59036e-17
 1818 -9.06305e-16 -5.02007e-16 2.58903e-17
 1819 -9.06305e-16 -5.02229e-16 2.5877e-17
 1820 0 -5.01953e-16 2.58643e-17
 1821 0 -5.01678e-16 2.58515e-17
 1822 4.53152e-16 -5.01154e-16 2.58426e-17
 1823 -9.06305e-16 -5.01376e-16 2.58294e-17
 1824 0 -5.01101e-16 2.58167e-17
 1825 0 -5.00826e-16 2.5804e-17
 1826 0 -5.00552e-16 2.57914e-17
 1827 0 -5.00278e-16 2.57787e-17
 1828 -1.81261e-15 -5.00996e-16 2.57746e-17
 1829 0 -5.00722e-16 2.57619e-17
 1830 -1.81261e-15 -5.01439e-16 2.57578e-17
 1831 0 -5.01165e-16 2.57452e-17
 1832 -9.06305e-16 -5.01386e-16 2.57321e-17
 1833 0 -5.01113e-16 2.57195e-17
 1834 4.53152e-16 -5.00592e-16 2.57108e-17
 1835 0 -5.0032e-16 2.56982e-17
 1836 -9.06305e-16 -5.00541e-16 2.56851e-17
 1837 -1.81261e-15 -5.01255e-16 2.56811e-17
 1838 -1.81261e-15 -5.01968e-16 2.5677e-17
 1839 0 -5.01695e-16 2.56645e-17
 1840 -1.81261e-15 -5.02408e-16 2.56605e-17
 1841 -1.81261e-15 -5.0312e-16 2.56564e-17
 1842 -1.81261e-15 -5.03831e-16 2.56523e-17
 1843 0 -5.03557e-16 2.56398e-17
 1844 0 -5.03284e-16 2.56274e-17
 1845 0 -5.03011e-16 2.5615e-17
 1846 0 -5.02739e-16 2.56025e-17
 1847 -1.81261e-15 -5.03448e-16 2.55985e-17
 1848 0 -5.03176e-16 2.55861e-17
 1849 0 -5.02903e-16 2.55737e-17
 1850 0 -5.02632e-16 2.55613e-17
 1851 -9.06305e-16 -5.0285e-16 2.55484e-17
 1852 0 -5.02578e-16 2.55361e-17
 1853 3.62522e-15 -5.00351e-16 2.56193e-17
 1854 -1.81261e-15 -5.01058e-16 2.56153e-17
 1855 -9.06305e-16 -5.01277e-16 2.56024e-17
 1856 0 -5.01007e-16 2.559e-17
 1857 0 -5.00737e-16 2.55777e-17
 1858 0 -5.00467e-16 2.55653e-17
 1859 -1.81261e-15 -5.01173e-16 2.55613e-17
 1860 -1.81261e-15 -5.01878e-16 2.55573e-17
 1861 -1.81261e-15 -5.02583e-16 2.55532e-17
 1862 -1.81261e-15 -5.03286e-16 2.55492e-17
 1863 -9.06305e-16 -5.03503e-16 2.55364e-17
 1864 0 -5.03232e-16 2.55241e-17
 1865 0 -5.02963e-16 2.55119e-17
 1866 0 -5.02693e-16 2.54996e-17
 1867 -9.06305e-16 -5.02909e-16 2.54869e-17
 1868 0 -5.0264e-16 2.54747e-17
 1869 -9.06305e-16 -5.02856e-16 2.54619e-17
 1870 0 -5.02587e-16 2.54497e-17
 1871 0 -5.02318e-16 2.54375e-17
 1872 0 -5.0205e-16 2.54254e-17
 1873 0 -5.01782e-16 2.54132e-17
 1874 -9.06305e-16 -5.01998e-16 2.54006e-17
 1875 0 -5.0173e-16 2.53884e-17
 1876 -1.81261e-15 -5.02429e-16 2.53845e-17
 1877 -1.81261e-15 -5.03127e-16 2.53806e-17
 1878 0 -5.02859e-16 2.53685e-17
 1879 0 -5.02591e-16 2.53564e-17
 1880 0 -5.02324e-16 2.53443e-17
 1881 -1.81261e-15 -5.03021e-16 2.53404e-17
 1882 -9.06305e-16 -5.03235e-16 2.53278e-17
 1883 -1.81261e-15 -5.0393e-16 2.53239e-17
 1884 -1.81261e-15 -5.04625e-16 2.532e-17
 1885 0 -5.04357e-16 2.5308e-17
 1886 0 -5.0409e-16 2.5296e-17
 1887 -9.06305e-16 -5.04303e-16 2.52835e-17
 1888 -9.06305e-16 -5.04516e-16 2.5271e-17
 1889 -9.06305e-16 -5.04729e-16 2.52585e-17
 1890 -9.06305e-16 -5.04941e-16 2.5246e-17
 1891 -1.81261e-15 -5.05633e-16 2.52421e-17
 1892 -9.06305e-16 -5.05844e-16 2.52297e-17
 1893 -1.81261e-15 -5.06535e-16 2.52258e-17
 1894 -1.81261e-15 -5.07224e-16 2.52219e-17
 1895 0 -5.06957e-16 2.521e-17
 1896 -1.81261e-15 -5.07645e-16 2.52061e-17
 1897 -9.06305e-16 -5.07855e-16 2.51937e-17
 1898 -1.81261e-15 -5.08543e-16 2.51898e-17
 1899 0 -5.08275e-16 2.5178e-17
 1900 0 -5.08008e-16 2.51661e-17
 1901 -1.81261e-15 -5.08694e-16 2.51623e-17
 1902 0 -5.08426e-16 2.51504e-17
 1903 0 -5.08159e-16 2.51386e-17
 1904 -1.81261e-15 -5.08844e-16 2.51348e-17
 1905 0 -5.08577e-16 2.5123e-17
 1906 0 -5.0831e-16 2.51112e-17
 1907 -9.06305e-16 -5.08519e-16 2.50989e-17
 1908 -1.81261e-15 -5.09203e-16 2.50951e-17
 1909 0 -5.08936e-16 2.50833e-17
 1910 -1.81261e-15 -5.09618e-16 2.50795e-17
 1911 -1.81261e-15 -5.103e-16 2.50756e-17
 1912 0 -5.10033e-16 2.50639e-17
 1913 -1.81261e-15 -5.10714e-16 2.50601e-17
 1914 0 -5.10447e-16 2.50484e-17
 1915 -1.81261e-15 -5.11127e-16 2.50446e-17
 1916 0 -5.10861e-16 2.50329e-17
 1917 -1.81261e-15 -5.1154e-16 2.50291e-17
 1918 0 -5.11273e-16 2.50174e-17
 1919 -9.06305e-16 -5.11479e-16 2.50052e-17
 1920 0 -5.11212e-16 2.49936e-17
 1921 0 -5.10946e-16 2.4982e-17
 1922 0 -5.1068e-16 2.49705e-17
 1923 0 -5.10415e-16 2.49589e-17
 1924 -1.81261e-15 -5.11092e-16 2.49551e-17
 1925 -1.81261e-15 -5.11768e-16 2.49513e-17
 1926 0 -5.11502e-16 2.49397e-17
 1927 -1.81261e-15 -5.12177e-16 2.49359e-17
 1928 -1.81261e-15 -5.12852e-16 2.49321e-17
 1929 0 -5.12586e-16 2.49206e-17
 1930 -1.81261e-15 -5.13259e-16 2.49168e-17
 1931 0 -5.12994e-16 2.49053e-17
 1932 0 -5.12728e-16 2.48938e-17
 1933 -9.06305e-16 -5.12932e-16 2.48818e-17
 1934 -9.06305e-16 -5.13135e-16 2.48697e-17
 1935 0 -5.1287e-16 2.48583e-17
 1936 0 -5.12605e-16 2.48469e-17
 1937 -9.06305e-16 -5.12808e-16 2.48349e-17
 1938 -9.06305e-16 -5.13011e-16 2.48229e-17
 1939 0 -5.12747e-16 2.48115e-17
 1940 -9.06305e-16 -5.1295e-16 2.47995e-17
 1941 0 -5.12685e-16 2.47882e-17
 1942 0 -5.12421e-16 2.47768e-17
 1943 -9.06305e-16 -5.12624e-16 2.47649e-17
 1944 0 -5.1236e-16 2.47535e-17
 1945 -1.81261e-15 -5.13029e-16 2.47498e-17
 1946 0 -5.12765e-16 2.47385e-17
 1947 -9.06305e-16 -5.12967e-16 2.47266e-17
 1948 -1.81261e-15 -5.13635e-16 2.47229e-17
 1949 -1.81261e-15 -5.14301e-16 2.47192e-17
 1950 0 -5.14037e-16 2.4708e-17
 1951 0 -5.13774e-16 2.46967e-17
 1952 0 -5.13511e-16 2.46855e-17
 1953 -9.06305e-16 -5.13712e-16 2.46736e-17
 1954 0 -5.13449e-16 2.46624e-17
 1955 -1.81261e-15 -5.14113e-16 2.46587e-17
 1956 0 -5.13851e-16 2.46475e-17
 1957 -9.06305e-16 -5.14051e-16 2.46357e-17
 1958 0 -5.13789e-16 2.46246e-17
 1959 -1.81261e-15 -5.14452e-16 2.46209e-17
 1960 0 -5.14189e-16 2.46098e-17
 1961 -1.81261e-15 -5.14851e-16 2.46061e-17
 1962 0 -5.14589e-16 2.4595e-17
 1963 -1.81261e-15 -5.1525e-16 2.45913e-17
 1964 -1.81261e-15 -5.15911e-16 2.45877e-17
 1965 -9.06305e-16 -5.16109e-16 2.4576e-17
 1966 0 -5.15847e-16 2.45649e-17
 1967 0 -5.15585e-16 2.45538e-17
 1968 -1.81261e-15 -5.16244e-16 2.45501e-17
 1969 -1.81261e-15 -5.16902e-16 2.45465e-17
 1970 -9.06305e-16 -5.171e-16 2.45348e-17
 1971 -1.81261e-15 -5.17757e-16 2.45312e-17
 1972 -1.81261e-15 -5.18414e-16 2.45275e-17
 1973 3.62522e-15 -5.16313e-16 2.46049e-17
 1974 0 -5.16052e-16 2.45938e-17
 1975 -9.06305e-16 -5.16249e-16 2.45822e-17
 1976 0 -5.15988e-16 2.45711e-17
 1977 0 -5.15727e-16 2.45601e-17
 1978 0 -5.15466e-16 2.4549e-17
 1979 0 -5.15206e-16 2.4538e-17
 1980 0 -5.14946e-16 2.4527e-17
 1981 -9.06305e-16 -5.15143e-16 2.45154e-17
 1982 -9.06305e-16 -5.15341e-16 2.45038e-17
 1983 0 -5.15081e-16 2.44928e-17
 1984 0 -5.14821e-16 2.44819e-17
 1985 0 -5.14562e-16 2.44709e-17
 1986 0 -5.14303e-16 2.44599e-17
 1987 0 -5.14044e-16 2.4449e-17
 1988 -1.81261e-15 -5.14697e-16 2.44454e-17
 1989 -1.81261e-15 -5.1535e-16 2.44419e-17
 1990 3.62522e-15 -5.13269e-16 2.4518e-17
 1991 0 -5.13011e-16 2.45071e-17
 1992 3.62522e-15 -5.10934e-16 2.45827e-17
 1993 0 -5.10677e-16 2.45717e-17
 1994 0 -5.10421e-16 2.45607e-17
 1995 0 -5.10165e-16 2.45497e-17
 1996 -1.81261e-15 -5.10818e-16 2.45461e-17
 1997 -1.81261e-15 -5.1147e-16 2.45424e-17
 1998 0 -5.11214e-16 2.45315e-17
 1999 -1.81261e-15 -5.11865e-16 2.45279e-17
 2000 0 -5.11609e-16 2.45169e-17
