 1 -0.44 -0.44 0
 2 -0.2 -0.32 0.12
 3 0.04 -0.2 0.138564
 4 0.12 -0.12 0.126491
 5 0.04 -0.088 0.103073
 6 -0.16 -0.1 0.0850098
 7 0 -0.0857143 0.0732529
 8 0 -0.075 0.0643373
 9 -0.04 -0.0711111 0.0568733
 10 0.04 -0.06 0.0520683
 11 0.04 -0.0509091 0.0479669
 12 0.04 -0.0433333 0.0444381
 13 0.2 -0.0246154 0.0449589
 14 -0.04 -0.0257143 0.0416383
 15 0.08 -0.0186667 0.0393987
 16 0.16 -0.0075 0.0385087
 17 0.2 0.00470588 0.0381764
 18 0.16 0.0133333 0.0370126
 19 0.24 0.0252632 0.0369872
 20 0.16 0.032 0.03573
 21 0.2 0.04 0.0349149
 22 0.28 0.0509091 0.0350319
 23 0.04 0.0504348 0.0334775
 24 0.12 0.0533333 0.0321831
 25 -0.12 0.0464 0.031638
 26 -0.16 0.0384615 0.0314163
 27 -0.12 0.0325926 0.0307948
 28 0 0.0314286 0.0296974
 29 0.04 0.0317241 0.0286566
 30 0.12 0.0346667 0.0278408
 31 0.36 0.0451613 0.0289005
 32 0.2 0.05 0.0283981
 33 0.2 0.0545455 0.0278969
 34 -0.04 0.0517647 0.0272064
 35 -0.08 0.048 0.0266846
 36 -0.08 0.0444444 0.0261754
 37 0 0.0432432 0.0254864
 38 0 0.0421053 0.0248327
 39 -0.04 0.04 0.0242791
 40 -0.08 0.037 0.0238537
 41 -0.2 0.0312195 0.023972
 42 0.04 0.0314286 0.0233952
 43 0.08 0.0325581 0.0228726
 44 0.04 0.0327273 0.0223474
 45 -0.08 0.0302222 0.0219883
 46 0 0.0295652 0.021515
 47 -0.04 0.0280851 0.0211042
 48 0.12 0.03 0.0207484
 49 -0.24 0.0244898 0.0210544
 50 -0.32 0.0176 0.0217491
 51 -0.08 0.0156863 0.0214042
 52 -0.04 0.0146154 0.0210158
 53 -0.28 0.0090566 0.0213518
 54 -0.44 0.000740741 0.0225425
 55 -0.28 -0.00436364 0.0227099
 56 -0.28 -0.00928571 0.0228375
 57 -0.28 -0.0140351 0.0229305
 58 -0.12 -0.0158621 0.0226056
 59 0.28 -0.0108475 0.022778
 60 0.2 -0.00733333 0.0226692
 61 0.08 -0.00590164 0.0223404
 62 -0.08 -0.00709677 0.0220095
 63 -0.08 -0.00825397 0.0216883
 64 -0.12 -0.01 0.021418
 65 0.12 -0.008 0.0211805
 66 0.08 -0.00666667 0.0208997
 67 0.08 -0.00537313 0.020626
 68 0.08 -0.00411765 0.0203592
 69 -0.12 -0.0057971 0.0201321
 70 -0.16 -0.008 0.0199644
 71 -0.4 -0.0135211 0.0204409
 72 -0.2 -0.0161111 0.0203207
 73 -0.24 -0.0191781 0.0202738
 74 -0.12 -0.0205405 0.0200443
 75 -0.24 -0.0234667 0.0199905
 76 0.24 -0.02 0.0200281
 77 0.32 -0.0155844 0.0202534
 78 0.48 -0.00923077 0.0209774
 79 0.32 -0.00506329 0.0211253
 80 0.36 -0.0005 0.0213529
 81 0.36 0.00395062 0.0215522
 82 0.32 0.00780488 0.0216338
 83 0.16 0.00963855 0.0214501
 84 0 0.00952381 0.0211935
 85 0 0.00941176 0.020943
 86 -0.2 0.00697674 0.0208408
 87 -0.32 0.00321839 0.0209399
 88 -0.16 0.00136364 0.0207835
 89 -0.2 -0.000898876 0.0206728
 90 -0.24 -0.00355556 0.0206137
 91 -0.48 -0.00879121 0.0210476
 92 -0.32 -0.0121739 0.0210906
 93 -0.2 -0.0141935 0.0209601
 94 -0.28 -0.0170213 0.0209278
 95 -0.08 -0.0176842 0.020717
 96 -0.32 -0.0208333 0.0207405
 97 -0.32 -0.0239175 0.020756
 98 -0.28 -0.0265306 0.0207086
 99 -0.2 -0.0282828 0.0205731
 100 -0.2 -0.03 0.0204386
 101 0.16 -0.0281188 0.0203225
 102 0.08 -0.0270588 0.0201502
 103 0.24 -0.024466 0.0201213
 104 0.24 -0.0219231 0.0200885
 105 0 -0.0217143 0.0198974
 106 -0.16 -0.0230189 0.0197519
 107 -0.08 -0.0235514 0.0195737
 108 -0.28 -0.0259259 0.0195364
 109 0 -0.0256881 0.0193578
 110 0.2 -0.0236364 0.0192905
 111 0.12 -0.0223423 0.0191596
 112 0 -0.0221429 0.0189888
 113 -0.08 -0.0226549 0.018827
 114 0.16 -0.0210526 0.0187298
 115 0.16 -0.0194783 0.0186328
 116 0.24 -0.0172414 0.0186065
 117 0.32 -0.014359 0.0186706
 118 0.32 -0.0115254 0.0187273
 119 0.32 -0.0087395 0.0187771
 120 0.36 -0.00566667 0.0188718
 121 0.36 -0.00264463 0.0189576
 122 0.08 -0.00196721 0.0188138
 123 -0.04 -0.00227642 0.0186627
 124 0.16 -0.000967742 0.0185578
 125 0.24 0.00096 0.0185094
 126 0.36 0.00380952 0.0185817
 127 0.08 0.00440945 0.0184446
 128 -0.04 0.0040625 0.0183032
 129 -0.08 0.00341085 0.0181725
 130 0 0.00338462 0.0180322
 131 -0.28 0.00122137 0.0180243
 132 -0.4 -0.00181818 0.0181436
 133 -0.28 -0.00390977 0.0181277
 134 -0.44 -0.00716418 0.0182839
 135 -0.48 -0.0106667 0.0184829
 136 -0.28 -0.0126471 0.018453
 137 -0.4 -0.0154745 0.0185348
 138 -0.52 -0.0191304 0.0187597
 139 -0.36 -0.0215827 0.018785
 140 -0.24 -0.0231429 0.0187155
 141 -0.2 -0.0243972 0.0186245
 142 -0.24 -0.0259155 0.0185551
 143 -0.16 -0.0268531 0.0184488
 144 -0.2 -0.0280556 0.0183596
 145 -0.32 -0.030069 0.0183434
 146 -0.36 -0.0323288 0.0183569
 147 -0.08 -0.0326531 0.0182345
 148 -0.16 -0.0335135 0.0181313
 149 -0.4 -0.0359732 0.0181764
 150 -0.4 -0.0384 0.0182172
 151 -0.4 -0.0407947 0.0182539
 152 -0.08 -0.0410526 0.0181353
 153 0 -0.0407843 0.0180183
 154 0.04 -0.0402597 0.0179086
 155 -0.12 -0.0407742 0.0178002
 156 -0.24 -0.0420513 0.0177317
 157 -0.4 -0.0443312 0.0177653
 158 -0.16 -0.0450633 0.0176677
 159 0 -0.0447799 0.0175585
 160 0.08 -0.044 0.0174659
 161 0 -0.0437267 0.0173592
 162 0.2 -0.0422222 0.0173172
 163 0.16 -0.0409816 0.0172553
 164 0.2 -0.0395122 0.0172126
 165 0.24 -0.0378182 0.0171916
 166 0.32 -0.0356627 0.0172231
 167 0.12 -0.0347305 0.0171451
 168 0.16 -0.0335714 0.0170821
 169 0.2 -0.0321893 0.0170368
 170 0.2 -0.0308235 0.0169913
 171 0 -0.0306433 0.0168926
 172 0.12 -0.0297674 0.0168169
 173 0.08 -0.0291329 0.0167315
 174 -0.04 -0.0291954 0.0166352
 175 -0.08 -0.0294857 0.0165424
 176 0 -0.0293182 0.016449
 177 0 -0.0291525 0.0163566
 178 -0.16 -0.0298876 0.0162811
 179 -0.2 -0.030838 0.0162177
 180 -0.24 -0.032 0.0161692
 181 -0.44 -0.0342541 0.0162368
 182 -0.36 -0.036044 0.0162463
 183 -0.52 -0.0386885 0.0163722
 184 -0.32 -0.0402174 0.0163546
 185 -0.2 -0.0410811 0.0162889
 186 0.2 -0.0397849 0.0162529
 187 0.08 -0.0391444 0.0161784
 188 0 -0.0389362 0.0160935
 189 0.08 -0.0383069 0.0160204
 190 0.04 -0.0378947 0.0159412
 191 0.04 -0.0374869 0.0158628
 192 0 -0.0372917 0.0157812
 193 0 -0.0370984 0.0157004
 194 0.2 -0.0358763 0.015667
 195 0.24 -0.0344615 0.0156505
 196 0.12 -0.0336735 0.0155904
 197 0.12 -0.0328934 0.0155306
 198 0.24 -0.0315152 0.0155134
 199 0.24 -0.0301508 0.0154954
 200 -0.04 -0.0302 0.0154178
 201 0 -0.0300498 0.0153416
 202 0.16 -0.0291089 0.0152945
 203 -0.12 -0.0295567 0.0152255
 204 -0.08 -0.0298039 0.0151527
 205 0.2 -0.0286829 0.0151202
 206 0.24 -0.0273786 0.0151031
 207 0.32 -0.0257005 0.0151233
 208 0.68 -0.0223077 0.0154281
 209 0.52 -0.0197129 0.0155718
 210 0.48 -0.0173333 0.0156791
 211 0.52 -0.0147867 0.0158111
 212 0.4 -0.0128302 0.0158575
 213 0.08 -0.0123944 0.0157889
 214 0.08 -0.0119626 0.0157209
 215 0.08 -0.0115349 0.0156534
 216 0.2 -0.0105556 0.0156115
 217 0.24 -0.00940092 0.0155822
 218 0.2 -0.00844037 0.0155403
 219 0.32 -0.00694064 0.0155417
 220 0.08 -0.00654545 0.015476
 221 -0.04 -0.00669683 0.0154065
 222 -0.2 -0.00756757 0.0153617
 223 0.08 -0.00717489 0.0152977
 224 0.16 -0.00642857 0.0152475
 225 0.28 -0.00515556 0.0152329
 226 0.28 -0.00389381 0.0152177
 227 0.32 -0.00246696 0.0152176
 228 0.36 -0.000877193 0.0152339
 229 0.24 0.000174672 0.0152036
 230 0.24 0.00121739 0.0151732
 231 0 0.00121212 0.0151074
 232 -0.44 -0.000689655 0.0151619
 233 -0.04 -0.000858369 0.0150976
 234 0.08 -0.000512821 0.0150369
 235 0.2 0.000340426 0.0149971
 236 0.24 0.00135593 0.0149679
 237 0.08 0.00168776 0.0149083
 238 0.12 0.00218487 0.0148539
 239 0 0.00217573 0.0147916
 240 -0.16 0.0015 0.0147453
 241 0 0.00149378 0.014684
 242 -0.2 0.000661157 0.0146469
 243 0.04 0.000823045 0.0145874
 244 0.04 0.000983607 0.0145284
 245 -0.08 0.000653061 0.0144727
 246 0.04 0.000813008 0.0144147
 247 -0.08 0.00048583 0.0143599
 248 0.08 0.000806452 0.0143055
 249 0.16 0.00144578 0.0142622
 250 0.08 0.00176 0.0142086
 251 -0.12 0.0012749 0.0141601
 252 0.08 0.0015873 0.0141073
 253 0.08 0.00189723 0.0140549
 254 0.2 0.00267717 0.0140211
 255 0.24 0.00360784 0.013997
 256 0.4 0.00515625 0.0140279
 257 0.4 0.00669261 0.0140575
 258 0.44 0.00837209 0.0141032
 259 0.36 0.00972973 0.0141141
 260 0.2 0.0104615 0.0140788
 261 0 0.0104215 0.0140248
 262 -0.16 0.00977099 0.0139863
 263 -0.12 0.00927757 0.0139417
 264 -0.36 0.00787879 0.0139591
 265 -0.32 0.00664151 0.0139612
 266 -0.36 0.00526316 0.0139768
 267 -0.12 0.00479401 0.0139322
 268 0.04 0.00492537 0.0138808
 269 0.16 0.00550186 0.0138411
 270 0.12 0.00592593 0.0137962
 271 0.08 0.00619926 0.013748
 272 0.16 0.00676471 0.013709
 273 0 0.00673993 0.0136587
 274 -0.16 0.00613139 0.0136224
 275 -0.44 0.00450909 0.0136693
 276 -0.48 0.00275362 0.0137324
 277 -0.28 0.00173285 0.0137207
 278 -0.12 0.00129496 0.0136783
 279 -0.12 0.000860215 0.0136361
 280 -0.12 0.000428571 0.0135942
 281 -0.04 0.000284698 0.0135465
 282 0.24 0.00113475 0.0135251
 283 0.24 0.0019788 0.0135036
 284 0 0.00197183 0.013456
 285 0.12 0.00238596 0.0134151
 286 0.16 0.00293706 0.0133795
 287 0.16 0.00348432 0.013344
 288 -0.08 0.00319444 0.0133007
 289 -0.12 0.00276817 0.0132615
 290 -0.12 0.00234483 0.0132225
 291 0 0.00233677 0.013177
 292 0.28 0.00328767 0.0131661
 293 0.08 0.00354949 0.0131237
 294 0.12 0.00394558 0.013085
 295 0.24 0.00474576 0.0130651
 296 0.2 0.00540541 0.0130376
 297 -0.04 0.00525253 0.0129945
 298 -0.16 0.00469799 0.0129627
 299 -0.24 0.0038796 0.0129452
 300 -0.12 0.00346667 0.0129086
 301 0.08 0.00372093 0.0128681
 302 -0.04 0.00357616 0.0128263
 303 0.08 0.00382838 0.0127863
 304 -0.08 0.00355263 0.0127472
 305 0.12 0.00393443 0.0127111
 306 0.36 0.00509804 0.0127228
 307 0.28 0.00599349 0.0127128
 308 0.04 0.0061039 0.012672
 309 0.12 0.00647249 0.0126363
 310 -0.16 0.00593548 0.0126069
 311 -0.16 0.00540193 0.0125776
 312 -0.16 0.00487179 0.0125484
 313 0.04 0.00498403 0.0125088
 314 0.04 0.00509554 0.0124694
 315 0.12 0.00546032 0.0124351
 316 0.28 0.00632911 0.0124261
 317 0.32 0.00731861 0.0124263
 318 0.44 0.00867925 0.0124617
 319 0.28 0.00952978 0.0124516
 320 0.32 0.0105 0.0124505
 321 0.4 0.0117134 0.0124708
 322 0.08 0.0119255 0.0124338
 323 0.28 0.0127554 0.012423
 324 0.12 0.0130864 0.0123891
 325 0.12 0.0134154 0.0123553
 326 0.12 0.0137423 0.0123216
 327 -0.24 0.0129664 0.0123084
 328 -0.24 0.0121951 0.012295
 329 -0.16 0.0116717 0.0122688
 330 -0.16 0.0111515 0.0122426
 331 -0.16 0.0106344 0.0122165
 332 -0.08 0.0103614 0.0121827
 333 -0.04 0.0102102 0.012147
 334 0.24 0.0108982 0.0121301
 335 0.2 0.0114627 0.012107
 336 0.32 0.012381 0.0121058
 337 0.12 0.0127003 0.012074
 338 0.48 0.0140828 0.0121174
 339 0.48 0.0154572 0.0121595
 340 0.56 0.0170588 0.012229
 341 0.28 0.0178299 0.0122175
 342 0.32 0.0187135 0.0122137
 343 0.24 0.0193586 0.0121951
 344 0.2 0.0198837 0.012171
 345 0.4 0.0209855 0.0121855
 346 0.2 0.0215029 0.0121613
 347 0.24 0.0221326 0.0121425
 348 0.12 0.0224138 0.0121108
 349 0.2 0.0229226 0.0120868
 350 0.12 0.0232 0.0120554
 351 0 0.0231339 0.0120212
 352 0 0.0230682 0.0119872
 353 0 0.0230028 0.0119533
 354 -0.32 0.0220339 0.0119589
 355 0 0.0219718 0.0119253
 356 -0.08 0.0216854 0.0118952
 357 -0.4 0.0205042 0.0119205
 358 -0.36 0.0194413 0.0119346
 359 -0.28 0.0186072 0.0119305
 360 -0.28 0.0177778 0.0119262
 361 -0.16 0.0172853 0.0119033
 362 -0.04 0.0171271 0.0118714
 363 0.24 0.017741 0.0118546
 364 0.16 0.0181319 0.0118284
 365 0.16 0.0185205 0.0118024
 366 0.24 0.0191257 0.0117856
 367 0.48 0.0203815 0.0118203
 368 0.44 0.0215217 0.0118432
 369 0.28 0.0222222 0.0118318
 370 0.24 0.0228108 0.0118145
 371 0.28 0.023504 0.011803
 372 0.52 0.0248387 0.0118466
 373 0.56 0.0262735 0.0119016
 374 0.68 0.0280214 0.0119977
 375 0.72 0.0298667 0.0121072
 376 0.68 0.0315957 0.0121981
 377 0.4 0.0325729 0.0122049
 378 0.24 0.0331217 0.0121849
 379 0.16 0.0334565 0.0121573
 380 0.08 0.0335789 0.0121259
 381 0.28 0.0342257 0.0121113
 382 0.16 0.034555 0.0120841
 383 0.2 0.0349869 0.0120602
 384 0.12 0.0352083 0.0120308
 385 -0.04 0.035013 0.0120011
 386 0.08 0.0351295 0.0119705
 387 0.08 0.0352455 0.0119401
 388 -0.12 0.0348454 0.011916
 389 -0.2 0.0342416 0.0119007
 390 -0.24 0.0335385 0.0118909
 391 -0.36 0.032532 0.0119031
 392 -0.12 0.0321429 0.0118791
 393 -0.4 0.0310433 0.0118997
 394 -0.56 0.0295431 0.0119639
 395 -0.52 0.0281519 0.0120144
 396 -0.32 0.0272727 0.0120162
 397 -0.12 0.0269018 0.0119917
 398 -0.24 0.0262312 0.0119803
 399 -0.24 0.0255639 0.0119688
 400 -0.32 0.0247 0.0119701
 401 -0.32 0.0238404 0.0119711
 402 -0.48 0.0225871 0.0120069
 403 -0.44 0.0214392 0.0120319
 404 -0.48 0.020198 0.0120661
 405 -0.44 0.0190617 0.0120898
 406 -0.32 0.0182266 0.0120889
 407 -0.36 0.0172973 0.0120949
 408 -0.4 0.0162745 0.0121085
 409 -0.24 0.0156479 0.0120951
 410 -0.12 0.0153171 0.0120701
 411 -0.2 0.0147932 0.0120521
 412 -0.28 0.0140777 0.012044
 413 -0.36 0.0131719 0.0120489
 414 -0.32 0.0123671 0.0120467
 415 -0.28 0.0116627 0.0120383
 416 -0.48 0.0104808 0.0120673
 417 -0.2 0.00997602 0.0120489
 418 -0.2 0.00947368 0.0120306
 419 -0.16 0.00906921 0.0120086
 420 0.12 0.00933333 0.0119829
 421 0.16 0.00969121 0.0119598
 422 0.16 0.0100474 0.0119367
 423 0.08 0.0102128 0.0119096
 424 -0.04 0.0100943 0.0118821
 425 -0.12 0.00978824 0.011858
 426 -0.04 0.00967136 0.0118307
 427 -0.12 0.00936768 0.0118069
 428 0.28 0.01 0.0117963
 429 0.36 0.0108159 0.011797
 430 0.24 0.0113488 0.0117816
 431 0.36 0.0121578 0.011782
 432 0.36 0.012963 0.0117822
 433 0.68 0.0145035 0.0118555
 434 0.48 0.015576 0.0118767
 435 0.24 0.016092 0.0118606
 436 0.32 0.016789 0.0118539
 437 0.24 0.0172998 0.0118377
 438 0.2 0.0177169 0.011818
 439 0.08 0.0178588 0.0117919
 440 0.16 0.0181818 0.0117695
 441 0.04 0.0182313 0.0117429
 442 0.24 0.018733 0.0117271
 443 0 0.0186907 0.0117006
 444 0.12 0.0189189 0.0116765
 445 -0.08 0.0186966 0.0116523
 446 0.08 0.0188341 0.011627
 447 0.08 0.0189709 0.0116018
 448 0.04 0.0190179 0.0115759
 449 0 0.0189755 0.0115502
 450 0.12 0.0192 0.0115267
 451 0.04 0.0192461 0.0115012
 452 -0.04 0.019115 0.0114765
 453 0.36 0.0198675 0.0114758
 454 0.4 0.0207048 0.0114811
 455 0.48 0.0217143 0.0115002
 456 0.16 0.0220175 0.011479
 457 0.32 0.0226696 0.0114724
 458 0.16 0.0229694 0.0114512
 459 0.08 0.0230937 0.0114269
 460 -0.28 0.0224348 0.0114211
 461 -0.28 0.0217787 0.0114151
 462 -0.12 0.0214719 0.0113945
 463 -0.12 0.0211663 0.011374
 464 -0.16 0.0207759 0.0113562
 465 -0.12 0.0204731 0.0113358
 466 -0.12 0.0201717 0.0113154
 467 -0.12 0.0198715 0.0112952
 468 -0.16 0.0194872 0.0112776
 469 -0.28 0.0188486 0.0112716
 470 -0.24 0.0182979 0.0112611
 471 -0.32 0.0175796 0.0112601
 472 -0.24 0.0170339 0.0112494
 473 -0.2 0.0165751 0.011235
 474 -0.08 0.0163713 0.0112131
 475 -0.04 0.0162526 0.0111901
 476 0.08 0.0163866 0.0111674
 477 0.12 0.0166038 0.0111461
 478 0.16 0.0169038 0.0111268
 479 0.2 0.017286 0.0111101
 480 0.12 0.0175 0.011089
 481 -0.08 0.0172973 0.0110678
 482 0.08 0.0174274 0.0110455
 483 0.2 0.0178054 0.0110291
 484 0.24 0.0182645 0.0110159
 485 0.16 0.0185567 0.010997
 486 0.04 0.0186008 0.0109745
 487 0 0.0185626 0.010952
 488 -0.04 0.0184426 0.0109302
 489 -0.08 0.0182413 0.0109096
 490 -0.04 0.0181224 0.010888
 491 -0.24 0.0175967 0.0108785
 492 -0.24 0.0170732 0.010869
 493 0 0.0170385 0.010847
 494 -0.04 0.0169231 0.0108256
 495 -0.2 0.0164848 0.0108126
 496 -0.24 0.0159677 0.0108032
 497 -0.36 0.0152113 0.0108079
 498 -0.2 0.0147791 0.0107949
 499 -0.04 0.0146693 0.0107738
 500 0.24 0.01512 0.0107616
 501 0.16 0.0154092 0.010744
 502 0.2 0.0157769 0.0107289
 503 0.24 0.0162227 0.0107168
 504 0 0.0161905 0.0106956
 505 -0.16 0.0158416 0.0106801
 506 -0.12 0.0155731 0.0106623
 507 -0.16 0.0152268 0.0106469
 508 -0.24 0.0147244 0.0106378
 509 -0.16 0.0143811 0.0106224
 510 -0.16 0.0140392 0.0106071
 511 -0.32 0.0133855 0.0106065
 512 -0.32 0.0127344 0.0106058
 513 -0.4 0.0119298 0.0106156
 514 -0.4 0.0111284 0.0106252
 515 -0.12 0.0108738 0.0106076
 516 0.08 0.0110078 0.0105879
 517 0 0.0109865 0.0105674
 518 -0.12 0.0107336 0.01055
 519 -0.04 0.0106358 0.0105301
 520 -0.12 0.0103846 0.0105128
 521 0.28 0.0109021 0.0105054
 522 0.16 0.0111877 0.0104891
 523 0.08 0.0113193 0.0104699
 524 -0.04 0.0112214 0.0104504
 525 -0.12 0.0109714 0.0104334
 526 -0.12 0.0107224 0.0104166
 527 0.08 0.0108539 0.0103976
 528 0.32 0.0114394 0.0103944
 529 0.16 0.0117202 0.0103785
 530 0 0.0116981 0.0103589
 531 -0.04 0.0116008 0.0103399
 532 -0.04 0.0115038 0.0103209
 533 0.2 0.0118574 0.0103076
 534 0.04 0.0119101 0.0102884
 535 0 0.0118879 0.0102692
 536 0.16 0.0121642 0.0102537
 537 0.16 0.0124395 0.0102383
 538 0.16 0.0127138 0.0102229
 539 -0.08 0.0125417 0.0102054
 540 0.16 0.0128148 0.0101901
 541 0.24 0.0132348 0.0101799
 542 0 0.0132103 0.0101612
 543 -0.12 0.012965 0.0101454
 544 0 0.0129412 0.0101268
 545 -0.16 0.0126239 0.0101132
 546 -0.2 0.0122344 0.0101021
 547 -0.08 0.0120658 0.010085
 548 0.16 0.0123358 0.0100702
 549 0.24 0.0127505 0.0100604
 550 0.16 0.0130182 0.0100457
 551 0.24 0.0134301 0.0100359
 552 0.28 0.013913 0.0100293
 553 0.28 0.0143942 0.0100227
 554 0.32 0.0149458 0.0100198
 555 0.32 0.0154955 0.0100169
 556 0.2 0.0158273 0.0100043
 557 -0.08 0.0156553 0.00998783
 558 -0.2 0.0152688 0.00997741
 559 -0.36 0.0145975 0.00998214
 560 0 0.0145714 0.00996433
 561 -0.04 0.0144742 0.00994703
 562 0.04 0.0145196 0.00992942
 563 0.04 0.0145648 0.00991187
 564 0.04 0.0146099 0.00989438
 565 -0.08 0.0144425 0.00987828
 566 -0.16 0.0141343 0.00986562
 567 -0.16 0.0138272 0.009853
 568 -0.08 0.013662 0.00983702
 569 0.32 0.0142004 0.00983446
 570 0.44 0.0149474 0.00984558
 571 0.6 0.015972 0.00988158
 572 0.24 0.0163636 0.00987206
 573 0.2 0.0166841 0.00986003
 574 0.44 0.0174216 0.00987043
 575 0.28 0.0178783 0.00986382
 576 0.28 0.0183333 0.00985719
 577 0.36 0.0189255 0.00985789
 578 0.12 0.0191003 0.00984238
 579 0.2 0.0194128 0.00983033
 580 0 0.0193793 0.00981342
 581 -0.08 0.0192083 0.00979801
 582 0.12 0.0193814 0.0097827
 583 0.08 0.0194854 0.00976646
 584 0.16 0.019726 0.00975269
 585 0.2 0.0200342 0.00974088
 586 0.28 0.0204778 0.00973435
 587 0.24 0.0208518 0.00972495
 588 0.12 0.0210204 0.00970986
 589 0.16 0.0212564 0.00969623
 590 0.24 0.0216271 0.00968688
 591 0.32 0.022132 0.00968365
 592 0.12 0.0222973 0.00966869
 593 -0.04 0.0221922 0.00965294
 594 0.16 0.0224242 0.00963947
 595 0.16 0.0226555 0.00962603
 596 0.32 0.0231544 0.00962281
 597 0.08 0.0232496 0.00960715
 598 0.24 0.023612 0.00959792
 599 -0.12 0.0233723 0.00958488
 600 -0.2 0.023 0.00957613
 601 0 0.0229617 0.00956026
 602 0.16 0.0231894 0.00954708
 603 0.04 0.0232172 0.00953128
 604 0.28 0.0236424 0.00952497
 605 0.16 0.0238678 0.00951189
 606 0.04 0.0238944 0.00949622
 607 0.16 0.0241186 0.00948321
 608 -0.2 0.02375 0.00947477
 609 -0.08 0.0235796 0.00946074
 610 0 0.023541 0.00944529
 611 0.16 0.0237643 0.00943247
 612 0.32 0.0242484 0.00942947
 613 0.32 0.0247308 0.00942643
 614 0.24 0.0250814 0.0094176
 615 0.24 0.0254309 0.00940876
 616 0.04 0.0254545 0.00939351
 617 0.04 0.0254781 0.0093783
 618 -0.04 0.0253722 0.00936371
 619 0.08 0.0254604 0.00934899
 620 -0.2 0.0250968 0.00934098
 621 -0.08 0.0249275 0.00932746
 622 0.04 0.0249518 0.00931248
 623 -0.04 0.0248475 0.00929811
 624 0 0.0248077 0.00928328
 625 0.28 0.025216 0.00927741
 626 0.32 0.0256869 0.00927454
 627 0.4 0.0262839 0.00927896
 628 0.32 0.0267516 0.00927597
 629 0.28 0.0271542 0.00926996
 630 0.16 0.0273651 0.00925763
 631 0.16 0.0275753 0.00924534
 632 0.08 0.0276582 0.00923107
 633 0 0.0276145 0.00921658
 634 0 0.027571 0.00920213
 635 0 0.0275276 0.00918773
 636 0 0.0274843 0.00917338
 637 -0.24 0.0270644 0.00916859
 638 0.04 0.0270846 0.00915423
 639 0.08 0.0271674 0.00914027
 640 -0.08 0.027 0.00912751
 641 0 0.0269579 0.00911336
 642 -0.16 0.0266667 0.00910381
 643 -0.04 0.026563 0.00909023
 644 -0.12 0.0263354 0.00907896
 645 0.04 0.0263566 0.00906489
 646 -0.04 0.0262539 0.00905143
 647 0.08 0.0263369 0.00903782
 648 -0.16 0.0260494 0.00902844
 649 -0.4 0.0253929 0.00903839
 650 -0.4 0.0247385 0.00904817
 651 -0.4 0.024086 0.00905779
 652 -0.28 0.0236196 0.0090559
 653 -0.32 0.0230934 0.00905732
 654 -0.24 0.0226911 0.00905241
 655 -0.16 0.0224122 0.00904288
 656 -0.2 0.0220732 0.00903545
 657 -0.32 0.0215525 0.0090367
 658 0.04 0.0215805 0.009023
 659 0.12 0.0217299 0.00901053
 660 0.24 0.0220606 0.00900294
 661 0.08 0.0221483 0.00898974
 662 0 0.0221148 0.00897621
 663 -0.04 0.0220211 0.00896315
 664 0.08 0.0221084 0.00895007
 665 0.08 0.0221955 0.00893703
 666 0 0.0221622 0.00892366
 667 0 0.0221289 0.00891033
 668 0 0.0220958 0.00889705
 669 -0.08 0.0219432 0.00888505
 670 -0.08 0.021791 0.00887308
 671 -0.12 0.0215797 0.00886237
 672 -0.44 0.0208929 0.00887579
 673 -0.24 0.0205052 0.00887106
 674 -0.12 0.0202967 0.00886034
 675 0 0.0202667 0.00884726
 676 -0.12 0.0200592 0.0088366
 677 0 0.0200295 0.00882359
 678 0.2 0.020295 0.00881456
 679 0.12 0.0204418 0.00880279
 680 0.4 0.021 0.00880754
 681 0.4 0.0215565 0.00881219
 682 0.28 0.0219355 0.00880742
 683 0.28 0.0223133 0.00880263
 684 0.16 0.0225146 0.00879205
 685 0.28 0.0228905 0.00878725
 686 0.24 0.023207 0.00878014
 687 0.28 0.0235808 0.00877531
 688 0.32 0.0240116 0.00877313
 689 0.24 0.0243251 0.008766
 690 -0.12 0.0241159 0.00875578
 691 -0.12 0.0239074 0.00874559
 692 -0.08 0.0237572 0.00873423
 693 0.28 0.024127 0.00872946
 694 0.28 0.0244957 0.00872466
 695 0.04 0.024518 0.00871213
 696 0 0.0244828 0.00869967
 697 0.2 0.0247346 0.00869083
 698 0.24 0.025043 0.00868385
 699 0.16 0.0252361 0.00867357
 700 0.28 0.0256 0.00866881
 701 0.4 0.0261341 0.0086729
 702 0.2 0.0263818 0.00866407
 703 0.28 0.0267425 0.00865926
 704 0.08 0.0268182 0.00864728
 705 0.2 0.0270638 0.0086385
 706 -0.08 0.0269122 0.00862759
 707 -0.2 0.0265912 0.00862135
 708 -0.12 0.0263842 0.00861166
 709 -0.12 0.0261777 0.00860198
 710 0 0.0261408 0.00858993
 711 0.4 0.0266667 0.00859395
 712 0.16 0.0268539 0.00858391
 713 0.04 0.0268724 0.00857188
 714 0.08 0.0269468 0.00856019
 715 -0.12 0.0267413 0.00855068
 716 0 0.0267039 0.00853881
 717 -0.08 0.0265551 0.00852819
 718 0 0.0265181 0.00851639
 719 -0.08 0.02637 0.00850583
 720 0.24 0.0266667 0.00849918
 721 0.2 0.0269071 0.00849079
 722 -0.04 0.0268144 0.00847953
 723 -0.16 0.026556 0.00847174
 724 -0.08 0.0264088 0.00846131
 725 0.04 0.0264276 0.00844965
 726 -0.28 0.0260055 0.00844855
 727 -0.28 0.0255846 0.00844741
 728 -0.4 0.025 0.00845603
 729 -0.16 0.0247462 0.00844824
 730 0.08 0.0248219 0.008437
 731 0.08 0.0248974 0.00842579
 732 0.2 0.0251366 0.00841767
 733 0.64 0.0259754 0.00844793
 734 0.72 0.026921 0.00848923
 735 0.64 0.0277551 0.00851861
 736 0.56 0.0284783 0.00853771
 737 0.6 0.0292537 0.00856131
 738 0.56 0.0299729 0.00857989
 739 0.64 0.0307984 0.00860795
 740 0.64 0.0316216 0.00863564
 741 0.56 0.0323347 0.0086534
 742 0.52 0.0329919 0.00866669
 743 0.52 0.0336474 0.0086798
 744 0.6 0.0344086 0.00870149
 745 0.2 0.0346309 0.00869264
 746 0.08 0.0346917 0.0086812
 747 -0.2 0.0343775 0.00867526
 748 -0.28 0.0339572 0.00867384
 749 -0.28 0.0335381 0.00867239
 750 -0.08 0.0333867 0.00866214
 751 -0.12 0.0331824 0.00865301
 752 -0.04 0.0330851 0.00864204
 753 -0.12 0.0328818 0.00863295
 754 -0.16 0.032626 0.00862529
 755 0.04 0.0326358 0.00861386
 756 0.16 0.0328042 0.00860411
 757 0.32 0.0331836 0.00860111
 758 0.24 0.0334565 0.00859409
 759 0.36 0.0338867 0.00859353
 760 0.16 0.0340526 0.00858382
 761 0.08 0.034113 0.00857275
 762 0 0.0340682 0.00856161
 763 0.24 0.0343381 0.00855464
 764 0.12 0.0344503 0.00854417
 765 0.24 0.034719 0.00853722
 766 0 0.0346736 0.00852619
 767 0.2 0.0348892 0.00851779
 768 0.2 0.0351042 0.00850941
 769 -0.2 0.0347984 0.00850384
 770 0.04 0.0348052 0.00849279
 771 0.08 0.0348638 0.00848197
 772 0.08 0.0349223 0.00847118
 773 0.12 0.0350323 0.00846093
 774 0.04 0.0350388 0.00844999
 775 0.08 0.0350968 0.00843928
 776 0.28 0.0354124 0.0084343
 777 0.2 0.0356242 0.0084261
 778 0.12 0.0357326 0.00841596
 779 -0.04 0.0356354 0.00840572
 780 -0.04 0.0355385 0.00839549
 781 0.04 0.0355442 0.00838474
 782 0.28 0.0358568 0.00837984
 783 0.36 0.0362708 0.00837937
 784 0.32 0.0366327 0.00837649
 785 0.32 0.0369936 0.0083736
 786 0.24 0.0372519 0.00836693
 787 0.24 0.0375095 0.00836026
 788 0.48 0.0380711 0.0083685
 789 0.2 0.0382763 0.00836041
 790 0.04 0.0382785 0.00834982
 791 -0.04 0.0381795 0.00833984
 792 0 0.0381313 0.00832945
 793 -0.04 0.0380328 0.00831952
 794 -0.08 0.0378841 0.00831037
 795 -0.16 0.0376352 0.00830364
 796 0.24 0.0378894 0.00829709
 797 0.2 0.0380928 0.00828917
 798 0.04 0.0380952 0.00827878
 799 -0.04 0.0379975 0.00826899
 800 0 0.03795 0.00825878
 801 0 0.0379026 0.0082486
 802 0 0.0378554 0.00823845
 803 0.08 0.0379078 0.00822835
 804 0 0.0378607 0.00821824
 805 0.04 0.0378634 0.00820803
 806 -0.08 0.0377171 0.00819914
 807 -0.32 0.0372739 0.00820096
 808 0 0.0372277 0.00819094
 809 0.04 0.0372311 0.00818081
 810 -0.24 0.0368889 0.00817787
 811 0.24 0.0371393 0.00817162
 812 0.28 0.0374384 0.00816702
 813 0.32 0.037786 0.00816437
 814 0.16 0.0379361 0.00815572
 815 0.04 0.0379387 0.00814571
 816 0.04 0.0379412 0.00813572
 817 0.08 0.0379927 0.00812592
 818 0.08 0.038044 0.00811614
 819 -0.12 0.037851 0.00810852
 820 -0.2 0.037561 0.00810382
 821 -0.32 0.0371255 0.00810565
 822 -0.08 0.036983 0.00809704
 823 -0.12 0.0367922 0.00808944
 824 -0.28 0.0364078 0.00808876
 825 -0.28 0.0360242 0.00808805
 826 -0.4 0.0354964 0.00809548
 827 -0.2 0.0352116 0.0080907
 828 -0.32 0.0347826 0.0080923
 829 -0.28 0.0344029 0.00809145
 830 -0.12 0.0342169 0.00808383
 831 0.04 0.0342238 0.0080741
 832 -0.08 0.0340865 0.00806556
 833 -0.2 0.0338055 0.00806077
 834 -0.24 0.0334772 0.00805779
 835 -0.32 0.0330539 0.00805926
 836 -0.24 0.0327273 0.00805624
 837 -0.28 0.0323536 0.00805528
 838 -0.24 0.0320286 0.00805222
 839 -0.16 0.0317998 0.00804587
 840 -0.12 0.031619 0.00803832
 841 -0.04 0.0315339 0.00802921
 842 0.08 0.0315914 0.00801987
 843 0.12 0.0316963 0.00801104
 844 -0.12 0.0315166 0.00800356
 845 0.04 0.0315266 0.00799409
 846 0.08 0.0315839 0.00798484
 847 0.04 0.0315939 0.00797542
 848 0 0.0315566 0.00796609
 849 -0.04 0.0314723 0.00795715
 850 0.12 0.0315765 0.00794847
 851 0.04 0.0315864 0.00793913
 852 -0.04 0.0315023 0.00793025
 853 -0.28 0.0311372 0.00792936
 854 -0.32 0.030726 0.00793073
 855 -0.08 0.0305965 0.00792251
 856 -0.16 0.0303738 0.00791638
 857 -0.08 0.030245 0.00790819
 858 0.2 0.0304429 0.00790144
 859 0.04 0.030454 0.00789225
 860 0.4 0.0308837 0.00789477
 861 0.2 0.0310801 0.00788804
 862 0.24 0.0313225 0.00788261
 863 0.32 0.031657 0.00788057
 864 0.2 0.0318519 0.00787386
 865 0.24 0.0320925 0.00786843
 866 0.32 0.0324249 0.00786637
 867 0.12 0.032526 0.00785794
 868 -0.36 0.0320737 0.0078619
 869 -0.24 0.0317606 0.00785908
 870 -0.24 0.0314483 0.00785626
 871 0 0.0314122 0.00784732
 872 0 0.0313761 0.0078384
 873 -0.12 0.0312027 0.00783133
 874 -0.12 0.0310297 0.00782428
 875 -0.16 0.0308114 0.00781838
 876 -0.08 0.0306849 0.00781047
 877 0 0.0306499 0.00780164
 878 0.12 0.0307517 0.00779342
 879 0.08 0.0308077 0.00778475
 880 0.32 0.0311364 0.00778284
 881 0.24 0.0313734 0.00777761
 882 0.36 0.031746 0.00777772
 883 0.44 0.0322084 0.00778265
 884 0.4 0.0326244 0.00778497
 885 0.24 0.0328588 0.00777969
 886 0.16 0.0330023 0.00777223
 887 0.16 0.0331454 0.00776479
 888 0.12 0.0332432 0.00775665
 889 -0.04 0.0331609 0.00774836
 890 0 0.0331236 0.00773974
 891 0 0.0330864 0.00773114
 892 -0.08 0.0329596 0.00772351
 893 0 0.0329227 0.00771494
 894 0.16 0.0330649 0.00770762
 895 0.24 0.0332961 0.00770247
 896 -0.04 0.0332143 0.00769431
 897 0.12 0.033311 0.00768633
 898 0.04 0.0333185 0.00767777
 899 -0.04 0.0332369 0.00766966
 900 0.16 0.0333778 0.00766243
 901 0.16 0.0335183 0.00765521
 902 0.12 0.0336142 0.00764732
 903 0.32 0.0339313 0.00764543
 904 0.32 0.0342478 0.00764352
 905 0.2 0.0344309 0.00763726
 906 0.04 0.0344371 0.00762883
 907 0.04 0.0344432 0.00762042
 908 0 0.0344053 0.00761212
 909 -0.16 0.0341914 0.00760674
 910 -0.08 0.0340659 0.00759942
 911 -0.04 0.0339846 0.00759151
 912 0 0.0339474 0.00758327
 913 -0.12 0.0337788 0.00757683
 914 -0.36 0.0333479 0.00758079
 915 -0.32 0.0329617 0.00758234
 916 -0.24 0.0326638 0.00757992
 917 -0.2 0.03241 0.0075759
 918 -0.24 0.0321133 0.00757346
 919 -0.08 0.0319913 0.0075662
 920 -0.12 0.0318261 0.00755977
 921 -0.12 0.0316612 0.00755336
 922 -0.28 0.0313232 0.00755273
 923 -0.12 0.0311593 0.00754633
 924 0.04 0.0311688 0.00753816
 925 0.24 0.0313946 0.00753339
 926 0.28 0.0316631 0.00753004
 927 0 0.0316289 0.00752199
 928 0.2 0.0318103 0.00751607
 929 0.12 0.0319053 0.00750857
 930 0.24 0.032129 0.00750383
 931 0.24 0.0323523 0.00749909
 932 0.36 0.0327039 0.00749929
 933 0.24 0.032926 0.00749454
 934 0.36 0.0332762 0.0074947
 935 0.12 0.033369 0.00748725
 936 0.32 0.0336752 0.00748551
 937 0.28 0.0339381 0.00748214
 938 0.32 0.0342431 0.00748038
 939 0.24 0.0344622 0.00747562
 940 0.2 0.0346383 0.00746974
 941 0.16 0.0347715 0.00746299
 942 0 0.0347346 0.00745515
 943 -0.24 0.0344433 0.00745294
 944 0.04 0.0344492 0.00744504
 945 -0.16 0.0342434 0.00744
 946 0 0.0342072 0.00743222
 947 0.16 0.03434 0.00742556
 948 0.04 0.034346 0.00741772
 949 0 0.0343098 0.00740999
 950 -0.04 0.0342316 0.0074026
 951 0 0.0341956 0.0073949
 952 -0.08 0.0340756 0.0073881
 953 0 0.0340399 0.00738043
 954 0.08 0.0340881 0.00737285
 955 0 0.0340524 0.00736521
 956 0.08 0.0341004 0.00735766
 957 0.12 0.0341902 0.00735052
 958 0.4 0.034572 0.00735276
 959 0.36 0.0349114 0.00735292
 960 0.28 0.0351667 0.0073497
 961 0.2 0.0353382 0.00734405
 962 0.08 0.0353846 0.00733656
 963 -0.04 0.0353063 0.00732935
 964 -0.04 0.0352282 0.00732216
 965 0.04 0.0352332 0.00731457
 966 0.12 0.0353209 0.00730752
 967 0.28 0.0355739 0.00730435
 968 0.32 0.0358678 0.00730271
 969 0.16 0.0359959 0.00729629
 970 0.2 0.0361649 0.00729073
 971 0.36 0.0364985 0.00729085
 972 0.36 0.0368313 0.00729094
 973 0.44 0.0372456 0.00729522
 974 0.4 0.0376181 0.00729724
 975 0.32 0.0379077 0.0072955
 976 0 0.0378689 0.00728813
 977 0.04 0.037871 0.00728067
 978 0.12 0.037955 0.0072737
 979 0.16 0.0380797 0.00726734
 980 0.08 0.0381224 0.00726004
 981 0.12 0.0382059 0.00725312
 982 0.2 0.0383707 0.0072476
 983 -0.04 0.0382909 0.00724067
 984 0.04 0.0382927 0.0072333
 985 0.04 0.0382944 0.00722596
 986 0.04 0.0382961 0.00721862
 987 0.24 0.0385005 0.0072142
 988 0.36 0.0388259 0.00721424
 989 0.2 0.0389889 0.00720878
 990 0.16 0.0391111 0.00720254
 991 0.2 0.0392735 0.0071971
 992 0.12 0.0393548 0.0071903
 993 -0.12 0.0391944 0.00718484
 994 -0.04 0.0391147 0.00717806
 995 -0.08 0.038995 0.00717184
 996 -0.2 0.038755 0.00716865
 997 -0.28 0.0384353 0.00716859
 998 -0.4 0.037996 0.00717486
 999 -0.24 0.0377177 0.00717308
 1000 -0.32 0.03736 0.00717482
 1001 -0.44 0.0368831 0.0071835
 1002 -0.32 0.0365269 0.00718516
 1003 -0.24 0.0362512 0.00718329
 1004 -0.28 0.0359363 0.00718304
 1005 -0.24 0.0356617 0.00718114
 1006 -0.28 0.0353479 0.00718085
 1007 -0.32 0.034995 0.00718239
 1008 -0.28 0.0346825 0.00718207
 1009 -0.12 0.0345292 0.00717658
 1010 -0.04 0.0344554 0.00716985
 1011 0 0.0344214 0.00716284
 1012 0 0.0343874 0.00715584
 1013 0 0.0343534 0.00714885
 1014 0.08 0.0343984 0.00714194
 1015 -0.08 0.0342857 0.00713579
 1016 -0.08 0.0341732 0.00712965
 1017 0.16 0.034297 0.00712371
 1018 0.2 0.0344597 0.00711857
 1019 0.28 0.0347007 0.00711566
 1020 0.32 0.0349804 0.00711418
 1021 0 0.0349461 0.0071073
 1022 0 0.0349119 0.00710042
 1023 0.04 0.0349169 0.00709348
 1024 -0.2 0.0346875 0.00709026
 1025 -0.04 0.0346146 0.00708371
 1026 0.04 0.0346199 0.00707681
 1027 0 0.0345862 0.00706999
 1028 -0.2 0.034358 0.0070668
 1029 -0.04 0.0342857 0.0070603
 1030 -0.16 0.0340971 0.00705596
 1031 -0.16 0.0339088 0.00705163
 1032 -0.08 0.0337984 0.00704566
 1033 0.08 0.0338432 0.00703897
 1034 0 0.0338104 0.00703224
 1035 0.04 0.0338164 0.00702544
 1036 -0.2 0.0335907 0.00702229
 1037 0.04 0.0335969 0.00701552
 1038 0.24 0.0337958 0.00701157
 1039 0.16 0.0339172 0.00700587
 1040 0.16 0.0340385 0.00700018
 1041 -0.16 0.0338521 0.00699594
 1042 0 0.0338196 0.0069893
 1043 -0.12 0.0336721 0.00698415
 1044 -0.12 0.0335249 0.00697901
 1045 -0.12 0.033378 0.00697388
 1046 -0.12 0.0332314 0.00696875
 1047 -0.08 0.0331232 0.00696293
 1048 -0.32 0.0327863 0.00696444
 1049 -0.28 0.0324881 0.00696418
 1050 -0.24 0.0322286 0.00696239
 1051 -0.52 0.0317031 0.00697558
 1052 -0.4 0.0312928 0.00698101
 1053 -0.32 0.0309592 0.00698235
 1054 -0.24 0.0307021 0.00698046
 1055 -0.4 0.0302938 0.00698578
 1056 -0.32 0.0299621 0.00698704
 1057 -0.16 0.0297824 0.00698274
 1058 -0.08 0.0296786 0.00697691
 1059 0.04 0.0296884 0.00697033
 1060 0.08 0.0297358 0.00696391
 1061 0.08 0.0297832 0.0069575
 1062 0.08 0.0298305 0.00695111
 1063 -0.16 0.0296519 0.00694686
 1064 0.16 0.0297744 0.00694141
 1065 0 0.0297465 0.00693495
 1066 -0.04 0.0296811 0.00692875
 1067 -0.16 0.0295033 0.00692453
 1068 0.04 0.0295131 0.00691805
 1069 -0.12 0.0293732 0.00691299
 1070 -0.16 0.0291963 0.0069088
 1071 -0.2 0.0289823 0.00690566
 1072 0 0.0289552 0.00689927
 1073 0.04 0.0289655 0.00689284
 1074 0.04 0.0289758 0.00688643
 1075 0.04 0.028986 0.00688003
 1076 0.12 0.0290706 0.00687415
 1077 -0.08 0.0289694 0.00686851
 1078 -0.04 0.0289054 0.00686244
 1079 -0.12 0.0287674 0.00685746
 1080 -0.2 0.0285556 0.00685438
 1081 -0.36 0.0281961 0.00685747
 1082 -0.08 0.0280961 0.00685186
 1083 0.12 0.028181 0.00684605
 1084 0.04 0.0281919 0.00683974
 1085 0.08 0.0282396 0.0068336
 1086 0.04 0.0282505 0.00682732
 1087 0.04 0.0282613 0.00682104
 1088 0.16 0.0283824 0.00681584
 1089 0.04 0.028393 0.00680959
 1090 -0.16 0.0282202 0.00680554
 1091 -0.28 0.0279377 0.00680516
 1092 -0.16 0.0277656 0.00680111
 1093 0.2 0.0279231 0.00679671
 1094 0.36 0.0282267 0.00679727
 1095 0.16 0.028347 0.00679213
 1096 0.04 0.0283577 0.00678594
 1097 0.16 0.0284777 0.00678081
 1098 0.16 0.0285974 0.00677569
 1099 0.24 0.0287898 0.00677225
 1100 -0.08 0.0286909 0.00676682
 1101 -0.08 0.0285922 0.00676139
 1102 -0.12 0.0284574 0.0067566
 1103 -0.12 0.0283228 0.00675181
 1104 -0.2 0.0281159 0.00674886
 1105 -0.32 0.0278009 0.00675011
 1106 -0.16 0.0276311 0.00674614
 1107 -0.2 0.0274255 0.00674318
 1108 -0.32 0.0271119 0.00674438
 1109 -0.52 0.0266186 0.00675633
 1110 -0.6 0.0260541 0.00677381
 1111 -0.44 0.0256346 0.0067807
 1112 -0.48 0.0251799 0.00678984
 1113 -0.44 0.0247619 0.0067966
 1114 -0.2 0.0245601 0.00679349
 1115 -0.2 0.0243587 0.00679038
 1116 0.04 0.0243728 0.00678431
 1117 -0.04 0.0243151 0.00677848
 1118 -0.08 0.0242218 0.00677306
 1119 -0.28 0.02395 0.00677246
 1120 0 0.0239286 0.00676644
 1121 0.04 0.0239429 0.00676042
 1122 0.04 0.0239572 0.00675441
 1123 -0.08 0.0238646 0.00674902
 1124 -0.12 0.0237367 0.00674423
 1125 0.04 0.0237511 0.00673825
 1126 -0.2 0.0235524 0.00673519
 1127 0 0.0235315 0.00672925
 1128 -0.08 0.0234397 0.00672391
 1129 0.12 0.0235252 0.00671849
 1130 -0.16 0.0233628 0.00671451
 1131 -0.32 0.0230592 0.00671544
 1132 -0.32 0.0227562 0.00671634
 1133 -0.56 0.0222418 0.00673009
 1134 -0.36 0.0219048 0.0067326
 1135 -0.48 0.0214626 0.00674119
 1136 -0.48 0.0210211 0.0067497
 1137 -0.44 0.0206157 0.00675594
 1138 -0.36 0.0202812 0.00675828
 1139 -0.2 0.0200878 0.00675511
 1140 -0.12 0.0199649 0.0067503
 1141 -0.16 0.0198072 0.00674623
 1142 -0.08 0.0197198 0.00674089
 1143 -0.28 0.0194576 0.00674009
 1144 -0.24 0.0192308 0.00673801
 1145 -0.56 0.0187249 0.0067511
 1146 -0.52 0.0182548 0.00676157
 1147 -0.24 0.0180296 0.00675943
 1148 -0.44 0.0176307 0.00676531
 1149 -0.4 0.0172672 0.00676918
 1150 -0.36 0.0169391 0.00677125
 1151 -0.12 0.0168202 0.00676641
 1152 -0.08 0.0167361 0.00676105
 1153 0.12 0.0168257 0.00675578
 1154 0 0.0168111 0.00674994
 1155 0.16 0.0169351 0.00674523
 1156 0.2 0.0170934 0.00674126
 1157 0.32 0.0173552 0.00674051
 1158 0.04 0.0173748 0.00673472
 1159 -0.04 0.0173253 0.00672909
 1160 -0.28 0.017069 0.00672817
 1161 -0.28 0.0168131 0.00672724
 1162 -0.24 0.0165921 0.00672508
 1163 -0.16 0.0164402 0.00672101
 1164 -0.24 0.0162199 0.00671885
 1165 0.04 0.0162403 0.00671311
 1166 0 0.0162264 0.00670736
 1167 0.16 0.0163496 0.00670274
 1168 0.24 0.0165411 0.00669974
 1169 0.32 0.0168007 0.00669904
 1170 0.56 0.017265 0.00670939
 1171 0.44 0.017626 0.00671337
 1172 0.4 0.0179522 0.00671557
 1173 0.2 0.0181074 0.00671164
 1174 0.44 0.0184668 0.00671554
 1175 0.48 0.0188596 0.00672131
 1176 0.52 0.0192857 0.0067291
 1177 0.4 0.0196092 0.00673116
 1178 0.16 0.0197284 0.0067265
 1179 0.28 0.0199491 0.00672441
 1180 0.4 0.0202712 0.00672643
 1181 0.24 0.0204572 0.0067233
 1182 0.24 0.020643 0.00672018
 1183 0.08 0.0206932 0.00671469
 1184 0.12 0.020777 0.00670954
 1185 0 0.0207595 0.0067039
 1186 0.04 0.0207757 0.00669826
 1187 0.16 0.020893 0.00669364
 1188 0.28 0.0211111 0.00669156
 1189 0.08 0.0211606 0.00668611
 1190 0.12 0.0212437 0.00668101
 1191 0.04 0.0212594 0.00667542
 1192 0.24 0.021443 0.00667234
 1193 0.28 0.0216597 0.00667026
 1194 0.2 0.021809 0.00666635
 1195 0.32 0.0220586 0.00666544
 1196 0.36 0.0223411 0.00666586
 1197 0 0.0223225 0.00666031
 1198 -0.08 0.0222371 0.0066553
 1199 0 0.0222185 0.00664977
 1200 0 0.0222 0.00664425
 1201 0.08 0.0222481 0.00663889
 1202 0.16 0.0223627 0.00663436
 1203 0.2 0.0225104 0.00663048
 1204 0.2 0.0226578 0.00662661
 1205 -0.04 0.0226058 0.00662132
 1206 -0.16 0.0224544 0.00661756
 1207 -0.12 0.0223364 0.00661313
 1208 -0.24 0.0221192 0.00661122
 1209 -0.4 0.0217701 0.00661497
 1210 -0.44 0.0213884 0.00662051
 1211 -0.32 0.0211065 0.00662104
 1212 -0.12 0.0209901 0.0066166
 1213 -0.28 0.020742 0.0066158
 1214 -0.36 0.0204283 0.00661778
 1215 -0.52 0.0199835 0.00662728
 1216 -0.56 0.0195066 0.00663898
 1217 -0.24 0.0192933 0.00663695
 1218 -0.16 0.0191461 0.00663313
 1219 -0.2 0.0189664 0.00663012
 1220 0.04 0.0189836 0.00662471
 1221 0.08 0.0190336 0.00661947
 1222 0 0.019018 0.00661407
 1223 -0.04 0.0189697 0.00660884
 1224 0.36 0.0192484 0.00660931
 1225 0.16 0.0193633 0.00660491
 1226 0.2 0.0195106 0.00660117
 1227 0.32 0.0197555 0.00660033
 1228 0.36 0.0200326 0.00660077
 1229 0.28 0.0202441 0.00659879
 1230 0.24 0.0204228 0.00659584
 1231 0.4 0.0207311 0.00659769
 1232 0.36 0.0210065 0.00659808
 1233 0.44 0.0213463 0.00660148
 1234 0.28 0.0215559 0.00659946
 1235 0.08 0.0216032 0.00659428
 1236 0.28 0.0218123 0.00659226
 1237 0.04 0.021827 0.00658695
 1238 0.08 0.021874 0.00658179
 1239 -0.16 0.0217272 0.00657811
 1240 0.08 0.0217742 0.00657297
 1241 0.08 0.0218211 0.00656784
 1242 -0.16 0.0216747 0.00656419
 1243 0.16 0.021786 0.00655985
 1244 0.12 0.021865 0.00655505
 1245 0.2 0.022008 0.00655134
 1246 0.12 0.0220867 0.00654656
 1247 0.16 0.0221973 0.00654224
 1248 0 0.0221795 0.00653702
 1249 -0.16 0.0220336 0.00653341
 1250 -0.12 0.02192 0.00652917
 1251 -0.04 0.0218705 0.00652414
 1252 0.08 0.0219169 0.00651909
 1253 -0.28 0.021676 0.00651834
 1254 -0.12 0.021563 0.00651412
 1255 0 0.0215458 0.00650895
 1256 0.28 0.0217516 0.00650702
 1257 0.36 0.0220207 0.00650741
 1258 0.24 0.022194 0.00650454
 1259 0.28 0.0223987 0.0065026
 1260 0.6 0.0228571 0.00651359
 1261 0.56 0.0232831 0.00652234
 1262 0.52 0.0236767 0.00652905
 1263 0.12 0.023753 0.00652432
 1264 -0.32 0.023481 0.00652483
 1265 -0.44 0.0231146 0.00652995
 1266 -0.28 0.0228752 0.00652919
 1267 -0.16 0.0227309 0.00652563
 1268 0.04 0.0227445 0.00652049
 1269 -0.04 0.022695 0.00651554
 1270 -0.04 0.0226457 0.00651059
 1271 0 0.0226279 0.00650549
 1272 -0.16 0.0224843 0.00650196
 1273 -0.32 0.0222152 0.00650242
 1274 -0.32 0.0219466 0.00650287
 1275 -0.24 0.0217412 0.00650101
 1276 0.08 0.0217868 0.00649607
 1277 0.04 0.0218011 0.006491
 1278 -0.08 0.0217214 0.00648641
 1279 0.04 0.0217357 0.00648135
 1280 0 0.0217187 0.00647631
 1281 0.16 0.0218267 0.00647215
 1282 0.28 0.0220281 0.00647024
 1283 0.08 0.0220733 0.00646535
 1284 0.08 0.0221184 0.00646047
 1285 -0.04 0.02207 0.00645562
 1286 -0.12 0.0219596 0.00645154
 1287 -0.12 0.0218493 0.00644747
 1288 0 0.0218323 0.00644249
 1289 -0.2 0.0216602 0.00643979
 1290 -0.12 0.0215504 0.00643573
 1291 0.12 0.0216266 0.0064312
 1292 -0.04 0.0215789 0.00642639
 1293 0.08 0.0216241 0.00642158
 1294 0.24 0.0217929 0.00641883
 1295 0.2 0.0219305 0.00641535
 1296 0.28 0.0221296 0.00641349
 1297 0.16 0.0222359 0.00640943
 1298 0.28 0.0224345 0.00640756
 1299 0.36 0.0226944 0.0064079
 1300 0.6 0.0231385 0.00641835
 1301 0.6 0.0235819 0.00642873
 1302 0.52 0.0239631 0.00643509
 1303 0.36 0.024221 0.00643532
 1304 0.32 0.0244479 0.00643438
 1305 -0.04 0.0243985 0.00642964
 1306 0.08 0.024441 0.00642486
 1307 0.04 0.0244529 0.00641995
 1308 -0.08 0.0243731 0.00641554
 1309 -0.36 0.0240794 0.00641735
 1310 -0.16 0.0239389 0.00641399
 1311 0 0.0239207 0.00640912
 1312 -0.08 0.0238415 0.00640473
 1313 -0.04 0.0237928 0.00640003
 1314 -0.16 0.023653 0.00639669
 1315 -0.08 0.0235741 0.00639231
 1316 -0.08 0.0234954 0.00638794
 1317 -0.24 0.0232954 0.00638622
 1318 -0.12 0.0231866 0.0063823
 1319 -0.16 0.0230478 0.00637897
 1320 -0.12 0.0229394 0.00637505
 1321 0.16 0.0230431 0.00637107
 1322 0.04 0.023056 0.00636626
 1323 -0.04 0.0230083 0.00636163
 1324 -0.16 0.0228701 0.00635832
 1325 -0.24 0.0226717 0.00635662
 1326 -0.24 0.0224736 0.00635491
 1327 -0.28 0.0222457 0.00635421
 1328 -0.04 0.0221988 0.0063496
 1329 0.16 0.0223025 0.00634567
 1330 0.2 0.0224361 0.0063423
 1331 0.2 0.0225695 0.00633894
 1332 0.28 0.0227628 0.00633712
 1333 0.08 0.0228057 0.00633251
 1334 0.16 0.0229085 0.0063286
 1335 0.24 0.0230712 0.00632595
 1336 0.32 0.0232934 0.00632512
 1337 0.36 0.0235453 0.0063254
 1338 0.2 0.0236771 0.00632205
 1339 0.24 0.0238387 0.00631939
 1340 0.16 0.0239403 0.00631549
 1341 0.12 0.0240119 0.00631118
 1342 0.2 0.0241431 0.00630784
 1343 0.12 0.0242144 0.00630355
 1344 -0.04 0.0241667 0.00629904
 1345 0.12 0.0242379 0.00629476
 1346 0.12 0.0243091 0.00629048
 1347 0 0.024291 0.00628583
 1348 0.08 0.0243323 0.00628131
 1349 -0.04 0.0242847 0.00627683
 1350 -0.28 0.0240593 0.00627623
 1351 -0.36 0.023775 0.00627802
 1352 -0.2 0.0236095 0.00627556
 1353 -0.08 0.0235329 0.00627138
 1354 -0.2 0.0233678 0.00626892
 1355 -0.08 0.0232915 0.00626476
 1356 -0.16 0.0231563 0.0062616
 1357 -0.08 0.0230803 0.00625744
 1358 -0.08 0.0230044 0.0062533
 1359 -0.24 0.0228109 0.00625169
 1360 -0.28 0.0225882 0.00625106
 1361 -0.28 0.0223659 0.00625042
 1362 -0.36 0.0220852 0.00625213
 1363 -0.24 0.0218929 0.0062505
 1364 -0.2 0.0217302 0.00624804
 1365 -0.12 0.0216264 0.00624432
 1366 -0.16 0.0214934 0.00624116
 1367 -0.44 0.0211558 0.00624573
 1368 -0.36 0.0208772 0.00624738
 1369 -0.48 0.0205113 0.00625352
 1370 -0.4 0.0202044 0.00625649
 1371 -0.24 0.0200146 0.00625481
 1372 0.12 0.0200875 0.00625067
 1373 -0.04 0.0200437 0.00624627
 1374 0.16 0.0201456 0.00624255
 1375 0.32 0.0203636 0.00624182
 1376 0.4 0.0206395 0.00624338
 1377 0.48 0.0209731 0.00624776
 1378 0.36 0.0212192 0.00624807
 1379 0.2 0.0213488 0.00624488
 1380 0.44 0.0216522 0.00624773
 1381 0.48 0.0219841 0.00625202
 1382 0.28 0.0221708 0.00625028
 1383 0.24 0.0223283 0.00624774
 1384 0.2 0.0224566 0.00624455
 1385 0.36 0.0227004 0.0062448
 1386 0.28 0.022886 0.00624305
 1387 0.28 0.0230714 0.0062413
 1388 0.2 0.0231988 0.0062381
 1389 -0.12 0.0230958 0.00623446
 1390 -0.04 0.0230504 0.00623014
 1391 0.04 0.0230625 0.00622567
 1392 0.08 0.0231034 0.00622133
 1393 0.12 0.023173 0.00621726
 1394 0.04 0.0231851 0.00621281
 1395 0.16 0.0232832 0.00620912
 1396 0.12 0.0233524 0.00620506
 1397 0 0.0233357 0.00620064
 1398 0 0.023319 0.00619623
 1399 0.04 0.023331 0.00619181
 1400 0.04 0.0233429 0.00618739
 1401 0.12 0.0234118 0.00618336
 1402 -0.08 0.0233381 0.00617939
 1403 0.04 0.02335 0.006175
 1404 -0.16 0.0232194 0.00617198
 1405 0.08 0.0232598 0.00616772
 1406 0.2 0.0233855 0.00616461
 1407 0 0.0233689 0.00616025
 1408 -0.24 0.0231818 0.00615871
 1409 -0.12 0.0230802 0.00615518
 1410 0.04 0.0230922 0.00615082
 1411 0.32 0.0233026 0.00615006
 1412 0.52 0.0236544 0.00615577
 1413 0.36 0.0238924 0.00615601
 1414 0.52 0.0242433 0.00616165
 1415 0.48 0.0245654 0.00616572
 1416 0.48 0.024887 0.00616975
 1417 0.24 0.0250388 0.00616726
 1418 0.12 0.0251058 0.00616328
 1419 -0.04 0.0250599 0.0061591
 1420 -0.04 0.0250141 0.00615493
 1421 -0.24 0.0248276 0.00615343
 1422 -0.12 0.0247257 0.00614994
 1423 0.04 0.0247365 0.00614563
 1424 -0.08 0.0246629 0.00614175
 1425 0.04 0.0246737 0.00613745
 1426 0.12 0.0247405 0.00613351
 1427 -0.04 0.0246952 0.00612938
 1428 -0.08 0.0246218 0.00612552
 1429 0 0.0246046 0.00612126
 1430 -0.04 0.0245594 0.00611714
 1431 -0.16 0.0244305 0.00611423
 1432 -0.12 0.0243296 0.00611079
 1433 -0.12 0.0242289 0.00610735
 1434 -0.04 0.0241841 0.00610326
 1435 0 0.0241672 0.00609902
 1436 -0.12 0.0240669 0.0060956
 1437 -0.28 0.0238553 0.00609503
 1438 -0.4 0.0235605 0.00609792
 1439 -0.16 0.0234329 0.00609502
 1440 -0.32 0.0231944 0.00609545
 1441 -0.16 0.0230673 0.00609255
 1442 -0.04 0.0230236 0.00608848
 1443 0.04 0.0230353 0.00608427
 1444 0.16 0.0231302 0.00608079
 1445 0.4 0.023391 0.00608218
 1446 0.2 0.0235131 0.0060792
 1447 0.2 0.0236351 0.00607622
 1448 0.12 0.0237017 0.00607238
 1449 0.16 0.0237957 0.00606892
 1450 0.12 0.0238621 0.0060651
 1451 0.28 0.0240386 0.00606349
 1452 0.4 0.0242975 0.00606484
 1453 0.72 0.0247763 0.00607955
 1454 0.68 0.025227 0.00609205
 1455 0.6 0.025622 0.00610067
 1456 0.48 0.0259341 0.00610446
 1457 0.76 0.0264379 0.00612104
 1458 0.8 0.0269684 0.00613981
 1459 0.48 0.027279 0.00614345
 1460 0.4 0.0275342 0.00614454
 1461 0.28 0.027707 0.00614277
 1462 0.08 0.0277428 0.00613867
 1463 -0.08 0.0276692 0.00613491
 1464 -0.12 0.0275683 0.00613155
 1465 -0.32 0.0273311 0.00613196
 1466 -0.32 0.0270941 0.00613235
 1467 -0.16 0.0269666 0.0061295
 1468 0.12 0.02703 0.00612565
 1469 0.08 0.027066 0.00612158
 1470 0.12 0.0271293 0.00611774
 1471 -0.04 0.0270836 0.00611375
 1472 -0.08 0.0270109 0.00611003
 1473 -0.04 0.0269654 0.00610605
 1474 -0.16 0.0268385 0.00610322
 1475 -0.28 0.0266305 0.00610263
 1476 -0.12 0.0265312 0.00609931
 1477 -0.12 0.026432 0.00609598
 1478 0 0.0264141 0.00609188
 1479 0.04 0.0264233 0.00608777
 1480 0.12 0.0264865 0.00608398
 1481 0 0.0264686 0.0060799
 1482 -0.2 0.0263158 0.00607772
 1483 -0.2 0.0261632 0.00607553
 1484 -0.12 0.0260647 0.00607224
 1485 -0.12 0.0259663 0.00606894
 1486 0 0.0259489 0.00606488
 1487 -0.16 0.0258238 0.00606209
 1488 0.04 0.0258333 0.00605803
 1489 -0.08 0.0257623 0.00605437
 1490 0.16 0.0258523 0.00605098
 1491 0.28 0.0260228 0.00604932
 1492 0.04 0.0260322 0.00604527
 1493 0.12 0.0260951 0.00604155
 1494 0.28 0.0262651 0.0060399
 1495 0.28 0.0264348 0.00603824
 1496 0.32 0.026631 0.00603739
 1497 0.28 0.0268003 0.00603573
 1498 0.32 0.026996 0.00603488
 1499 0.32 0.0271915 0.00603402
 1500 0.24 0.0273333 0.00603166
 1501 0.08 0.0273684 0.00602774
 1502 0 0.0273502 0.00602376
 1503 -0.12 0.0272522 0.00602055
 1504 -0.12 0.0271543 0.00601734
 1505 0.08 0.0271894 0.00601344
 1506 -0.12 0.0270916 0.00601024
 1507 -0.2 0.0269409 0.00600814
 1508 -0.16 0.026817 0.00600544
 1509 0.12 0.0268787 0.00600177
 1510 0.08 0.0269139 0.0059979
 1511 0.12 0.0269755 0.00599425
 1512 -0.12 0.0268783 0.00599107
 1513 -0.04 0.0268341 0.00598727
 1514 0.08 0.0268692 0.00598342
 1515 0.08 0.0269043 0.00597957
 1516 -0.04 0.0268602 0.00597579
 1517 0.12 0.0269216 0.00597216
 1518 0.2 0.0270356 0.00596932
 1519 -0.04 0.0269914 0.00596555
 1520 0.16 0.0270789 0.00596226
 1521 0.24 0.0272189 0.00595999
 1522 0.2 0.0273325 0.00595715
 1523 0.24 0.0274721 0.00595488
 1524 0.32 0.027664 0.00595406
 1525 0.16 0.0277508 0.00595079
 1526 0.24 0.0278899 0.00594851
 1527 0 0.0278716 0.00594465
 1528 0.16 0.0279581 0.00594138
 1529 0.16 0.0280445 0.00593812
 1530 0.04 0.0280523 0.00593425
 1531 0.2 0.0281646 0.00593143
 1532 0.28 0.028329 0.00592984
 1533 0.24 0.0284671 0.00592758
 1534 0.16 0.0285528 0.00592433
 1535 0.16 0.0286384 0.00592109
 1536 0.12 0.0286979 0.00591753
 1537 0.24 0.0288354 0.00591528
 1538 0.24 0.0289727 0.00591303
 1539 0.08 0.0290058 0.00590928
 1540 0 0.028987 0.00590547
 1541 0.04 0.0289942 0.00590164
 1542 -0.28 0.0287938 0.00590121
 1543 -0.32 0.0285677 0.00590172
 1544 -0.44 0.0282642 0.0059057
 1545 -0.32 0.0280388 0.00590618
 1546 -0.36 0.0277878 0.00590769
 1547 -0.44 0.0274855 0.00591161
 1548 -0.56 0.0271059 0.00591997
 1549 -0.52 0.0267527 0.00592668
 1550 -0.44 0.0264516 0.0059305
 1551 -0.44 0.0261509 0.0059343
 1552 -0.36 0.0259021 0.0059357
 1553 -0.24 0.0257308 0.00593434
 1554 -0.16 0.0256113 0.00593173
 1555 -0.08 0.0255434 0.0059283
 1556 0 0.025527 0.00592451
 1557 0.12 0.0255877 0.00592102
 1558 0 0.0255712 0.00591724
 1559 0.04 0.0255805 0.00591345
 1560 -0.2 0.0254359 0.00591142
 1561 -0.28 0.0252402 0.00591088
 1562 -0.4 0.024968 0.00591336
 1563 -0.28 0.0247729 0.0059128
 1564 0.04 0.0247826 0.00590902
 1565 0.2 0.0248946 0.00590631
 1566 0.2 0.0250064 0.00590359
 1567 0 0.0249904 0.00589985
 1568 -0.12 0.024898 0.00589681
 1569 -0.12 0.0248056 0.00589377
 1570 -0.24 0.0246369 0.00589243
 1571 -0.08 0.0245703 0.00588906
 1572 0 0.0245547 0.00588533
 1573 0 0.0245391 0.00588161
 1574 0.08 0.0245743 0.00587797
 1575 -0.12 0.0244825 0.00587496
 1576 -0.2 0.0243401 0.00587296
 1577 -0.32 0.0241218 0.00587329
 1578 -0.28 0.023929 0.00587273
 1579 -0.32 0.0237112 0.00587305
 1580 -0.4 0.023443 0.00587546
 1581 -0.28 0.0232511 0.00587488
 1582 -0.24 0.0230847 0.00587352
 1583 -0.2 0.0229438 0.0058715
 1584 -0.12 0.0228535 0.00586848
 1585 -0.08 0.0227886 0.00586514
 1586 -0.04 0.0227491 0.00586157
 1587 -0.08 0.0226843 0.00585824
 1588 -0.16 0.0225693 0.00585568
 1589 -0.24 0.022404 0.00585432
 1590 -0.12 0.0223145 0.00585133
 1591 -0.12 0.022225 0.00584833
 1592 -0.24 0.0220603 0.00584698
 1593 -0.4 0.0217954 0.00584931
 1594 -0.32 0.0215809 0.00584957
 1595 -0.24 0.0214169 0.0058482
 1596 -0.12 0.0213283 0.00584521
 1597 0 0.021315 0.00584156
 1598 -0.08 0.0212516 0.00583825
 1599 -0.28 0.0210632 0.00583764
 1600 -0.28 0.020875 0.00583702
 1601 -0.2 0.020737 0.00583501
 1602 -0.2 0.0205993 0.00583299
 1603 -0.24 0.0204367 0.00583162
 1604 0 0.0204239 0.00582799
 1605 0.2 0.0205358 0.00582544
 1606 0.16 0.0206227 0.00582245
 1607 0.12 0.0206845 0.00581916
 1608 0.12 0.0207463 0.00581587
 1609 0.24 0.0208825 0.00581385
 1610 0.48 0.0211677 0.00581723
 1611 0.12 0.0212291 0.00581394
 1612 -0.12 0.0211414 0.00581099
 1613 -0.28 0.0209547 0.00581039
 1614 -0.44 0.0206691 0.00581381
 1615 -0.6 0.0202848 0.0058229
 1616 -0.36 0.0200495 0.00582406
 1617 -0.2 0.0199134 0.00582204
 1618 -0.08 0.0198517 0.00581877
 1619 -0.24 0.0196912 0.00581739
 1620 -0.24 0.0195309 0.00581601
 1621 -0.16 0.0194201 0.00581347
 1622 0.04 0.0194328 0.0058099
 1623 -0.08 0.0193715 0.00580665
 1624 -0.16 0.0192611 0.00580412
 1625 0.04 0.0192738 0.00580056
 1626 0.04 0.0192866 0.00579701
 1627 -0.04 0.0192502 0.00579356
 1628 -0.04 0.0192138 0.00579011
 1629 -0.12 0.0191283 0.00578719
 1630 -0.04 0.019092 0.00578375
 1631 -0.12 0.0190067 0.00578083
 1632 -0.24 0.018848 0.00577947
 1633 -0.16 0.0187385 0.00577697
 1634 -0.12 0.0186536 0.00577405
 1635 -0.12 0.0185688 0.00577114
 1636 -0.28 0.0183863 0.0057705
 1637 -0.2 0.0182529 0.00576852
 1638 -0.2 0.0181197 0.00576654
 1639 0.04 0.018133 0.00576303
 1640 0.16 0.0182195 0.00576017
 1641 0.2 0.0183303 0.00575772
 1642 0.44 0.0185871 0.00575994
 1643 0.36 0.0187949 0.00576018
 1644 0.44 0.0190511 0.00576238
 1645 0.28 0.0192097 0.00576106
 1646 0.24 0.0193439 0.00575912
 1647 0.12 0.019405 0.00575594
 1648 -0.32 0.019199 0.00575614
 1649 -0.08 0.0191389 0.00575296
 1650 -0.28 0.0189576 0.00575233
 1651 -0.16 0.0188492 0.00574987
 1652 0 0.0188378 0.0057464
 1653 0.04 0.0188506 0.00574293
 1654 -0.16 0.0187424 0.00574048
 1655 -0.2 0.0186103 0.00573853
 1656 -0.08 0.0185507 0.00573537
 1657 -0.04 0.0185154 0.00573202
 1658 0.16 0.0186007 0.0057292
 1659 0.2 0.0187101 0.00572679
 1660 0.08 0.018747 0.00572346
 1661 0.2 0.0188561 0.00572105
 1662 0.12 0.018917 0.00571793
 1663 0 0.0189056 0.0057145
 1664 -0.12 0.0188221 0.00571168
 1665 -0.16 0.0187147 0.00570926
 1666 -0.28 0.0185354 0.00570864
 1667 -0.32 0.0183323 0.00570883
 1668 -0.36 0.0181055 0.00570991
 1669 -0.16 0.0179988 0.00570749
 1670 0 0.017988 0.00570408
 1671 0.28 0.0181448 0.00570282
 1672 0.16 0.0182297 0.00570004
 1673 0.28 0.0183861 0.00569878
 1674 0.36 0.0185902 0.00569903
 1675 0.44 0.0188418 0.00570118
 1676 0.24 0.0189737 0.00569931
 1677 0.24 0.0191055 0.00569743
 1678 0.24 0.0192372 0.00569556
 1679 0.24 0.0193687 0.00569368
 1680 0.24 0.0195 0.00569181
 1681 0.12 0.0195598 0.00568874
 1682 -0.12 0.0194768 0.00568596
 1683 -0.04 0.0194415 0.00568269
 1684 -0.24 0.0192874 0.0056814
 1685 -0.24 0.0191335 0.00568011
 1686 -0.12 0.019051 0.00567734
 1687 -0.2 0.0189212 0.00567546
 1688 -0.16 0.0188152 0.00567309
 1689 -0.08 0.0187567 0.00567003
 1690 -0.28 0.0185799 0.00566943
 1691 0 0.0185689 0.00566609
 1692 0.08 0.0186052 0.00566286
 1693 0.24 0.018736 0.00566102
 1694 0.2 0.018843 0.00565869
 1695 0.52 0.0191386 0.00566307
 1696 0.4 0.0193632 0.00566419
 1697 0.4 0.0195875 0.00566529
 1698 0.32 0.0197644 0.00566472
 1699 0.24 0.0198941 0.00566287
 1700 0.44 0.0201412 0.00566493
 1701 0.4 0.0203645 0.005666
 1702 0.4 0.0205875 0.00566706
 1703 0.44 0.0208338 0.00566908
 1704 0.48 0.0211033 0.00567216
 1705 0.28 0.0212551 0.00567086
 1706 0.2 0.0213599 0.00566851
 1707 0.28 0.0215114 0.00566721
 1708 0.12 0.0215691 0.00566419
 1709 0.44 0.0218139 0.00566616
 1710 0.2 0.0219181 0.00566381
 1711 0.24 0.0220456 0.00566193
 1712 0.04 0.0220561 0.00565863
 1713 0.16 0.0221366 0.0056559
 1714 0.44 0.0223804 0.00565786
 1715 0.44 0.0226239 0.0056598
 1716 0.32 0.0227972 0.00565915
 1717 0.36 0.0229936 0.00565926
 1718 0.08 0.0230268 0.00565607
 1719 -0.36 0.022804 0.00565716
 1720 -0.24 0.0226512 0.00565594
 1721 -0.2 0.0225218 0.00565413
 1722 -0.32 0.0223229 0.00565435
 1723 -0.16 0.0222171 0.00565205
 1724 0.04 0.0222274 0.00564878
 1725 0.12 0.0222841 0.00564579
 1726 0.12 0.0223407 0.00564281
 1727 0.12 0.0223972 0.00563982
 1728 -0.2 0.0222685 0.00563802
 1729 -0.16 0.0221631 0.00563575
 1730 -0.24 0.0220116 0.00563453
 1731 -0.16 0.0219064 0.00563225
 1732 -0.4 0.0216628 0.00563427
 1733 -0.16 0.021558 0.00563199
 1734 -0.04 0.0215225 0.00562886
 1735 0.12 0.0215793 0.0056259
 1736 -0.04 0.0215438 0.00562277
 1737 0.12 0.0216005 0.00561982
 1738 0.12 0.0216571 0.00561687
 1739 0.12 0.0217136 0.00561392
 1740 0 0.0217011 0.00561071
 1741 -0.28 0.0215279 0.00561016
 1742 -0.08 0.0214696 0.00560724
 1743 0 0.0214573 0.00560404
 1744 0.2 0.0215596 0.00560176
 1745 0.16 0.021639 0.00559911
 1746 0.28 0.0217869 0.00559786
 1747 -0.04 0.0217516 0.00559476
 1748 0.16 0.0218307 0.00559212
 1749 0 0.0218182 0.00558894
 1750 0 0.0218057 0.00558576
 1751 0 0.0217933 0.00558258
 1752 0.32 0.0219635 0.00558199
 1753 0.12 0.0220194 0.00557908
 1754 -0.04 0.021984 0.00557601
 1755 0.2 0.0220855 0.00557376
 1756 0.32 0.0222551 0.00557317
 1757 0.24 0.0223791 0.00557137
 1758 0.04 0.0223891 0.00556821
 1759 -0.24 0.0222399 0.00556704
 1760 0 0.0222273 0.00556389
 1761 0 0.0222147 0.00556075
 1762 -0.12 0.0221339 0.00555818
 1763 -0.2 0.0220079 0.00555645
 1764 -0.16 0.0219048 0.00555426
 1765 -0.16 0.0218017 0.00555207
 1766 -0.16 0.0216988 0.00554988
 1767 0.12 0.0217544 0.00554702
 1768 0.16 0.0218326 0.00554443
 1769 0.16 0.0219107 0.00554184
 1770 0.2 0.0220113 0.00553963
 1771 0.28 0.022157 0.00553841
 1772 0.4 0.0223702 0.00553939
 1773 0.32 0.0225381 0.00553881
 1774 0.2 0.0226381 0.00553659
 1775 0.16 0.0227155 0.00553401
 1776 0.4 0.0229279 0.00553498
 1777 -0.04 0.0228925 0.00553197
 1778 0 0.0228796 0.00552888
 1779 -0.08 0.0228218 0.00552607
 1780 0.08 0.0228539 0.00552306
 1781 -0.08 0.0227962 0.00552026
 1782 -0.24 0.0226487 0.00551913
 1783 -0.2 0.0225238 0.00551745
 1784 0.04 0.0225336 0.00551436
 1785 -0.12 0.0224538 0.00551185
 1786 -0.04 0.0224188 0.00550887
 1787 0.16 0.0224958 0.00550633
 1788 0.32 0.0226622 0.00550576
 1789 0.44 0.0228955 0.00550763
 1790 0.52 0.0231732 0.00551155
 1791 0.48 0.0234283 0.00551437
 1792 0.28 0.0235714 0.00551316
 1793 0.24 0.0236921 0.0055114
 1794 0.44 0.0239242 0.00551322
 1795 0.48 0.0241783 0.005516
 1796 0.32 0.024343 0.00551539
 1797 0.36 0.0245298 0.00551548
 1798 0.32 0.0246941 0.00551486
 1799 0.28 0.024836 0.00551362
 1800 0.2 0.0249333 0.00551142
 1801 0.24 0.0250527 0.00550965
 1802 0.04 0.025061 0.0055066
 1803 0.08 0.0250915 0.00550363
 1804 0.24 0.0252106 0.00550186
 1805 0.2 0.0253075 0.00549967
 1806 0.24 0.0254264 0.00549791
 1807 0.12 0.0254787 0.00549511
 1808 0.12 0.025531 0.00549232
 1809 0.12 0.0255832 0.00548953
 1810 0.16 0.0256575 0.005487
 1811 0.2 0.0257537 0.00548482
 1812 0.2 0.0258499 0.00548263
 1813 0.2 0.0259459 0.00548045
 1814 0.24 0.0260639 0.0054787
 1815 0.36 0.0262479 0.00547877
 1816 0.56 0.0265419 0.00548363
 1817 0.4 0.0267474 0.00548447
 1818 0.52 0.0270187 0.00548816
 1819 0.44 0.0272457 0.00548984
 1820 0.4 0.0274505 0.00549064
 1821 0.16 0.0275233 0.00548811
 1822 -0.24 0.0273765 0.00548706
 1823 0.04 0.0273834 0.00548405
 1824 0.04 0.0273904 0.00548105
 1825 -0.12 0.0273096 0.00547864
 1826 -0.16 0.027207 0.0054766
 1827 0.08 0.0272359 0.00547368
 1828 -0.08 0.0271772 0.005471
 1829 -0.24 0.0270312 0.00546996
 1830 -0.12 0.0269508 0.00546756
 1831 0.12 0.0270016 0.00546481
 1832 0.12 0.0270524 0.00546206
 1833 0.04 0.0270595 0.00545908
 1834 0.04 0.0270665 0.00545611
 1835 -0.04 0.02703 0.00545326
 1836 0 0.0270153 0.00545031
 1837 -0.12 0.0269352 0.00544793
 1838 -0.16 0.0268335 0.00544591
 1839 -0.2 0.0267102 0.00544435
 1840 -0.28 0.0265435 0.00544394
 1841 -0.44 0.0262901 0.00544688
 1842 -0.24 0.0261455 0.00544584
 1843 -0.36 0.025936 0.00544692
 1844 -0.48 0.0256616 0.00545087
 1845 -0.36 0.0254526 0.00545193
 1846 -0.4 0.0252221 0.00545385
 1847 -0.24 0.0250785 0.00545278
 1848 -0.2 0.0249567 0.00545119
 1849 -0.28 0.0247918 0.00545074
 1850 -0.4 0.0245622 0.00545263
 1851 -0.68 0.0241815 0.00546296
 1852 -0.68 0.0238013 0.00547323
 1853 -0.6 0.0234647 0.00548063
 1854 -0.52 0.0231715 0.00548551
 1855 -0.48 0.0229003 0.00548925
 1856 -0.48 0.0226293 0.00549298
 1857 -0.2 0.0225094 0.00549133
 1858 -0.32 0.0223251 0.00549147
 1859 -0.36 0.0221194 0.00549237
 1860 -0.64 0.0217634 0.00550095
 1861 -0.6 0.0214293 0.00550813
 1862 -0.56 0.0211171 0.00551402
 1863 -0.4 0.020891 0.00551569
 1864 -0.36 0.0206867 0.00551652
 1865 -0.48 0.0204182 0.00552009
 1866 -0.08 0.0203644 0.0055174
 1867 0.12 0.0204178 0.0055147
 1868 0.12 0.0204711 0.005512
 1869 0 0.0204601 0.00550907
 1870 0.16 0.0205348 0.00550662
 1871 0.2 0.0206307 0.00550452
 1872 0.08 0.0206624 0.00550167
 1873 0 0.0206514 0.00549874
 1874 0.08 0.020683 0.0054959
 1875 0.2 0.0207787 0.0054938
 1876 0.04 0.0207889 0.00549088
 1877 0.24 0.0209057 0.00548919
 1878 0.2 0.0210011 0.0054871
 1879 0.08 0.0210325 0.00548427
 1880 0.16 0.0211064 0.00548185
 1881 0 0.0210952 0.00547894
 1882 -0.36 0.0208927 0.00547977
 1883 -0.16 0.0207966 0.00547771
 1884 -0.2 0.0206794 0.00547605
 1885 -0.2 0.0205623 0.0054744
 1886 -0.24 0.0204242 0.00547324
 1887 -0.16 0.0203286 0.00547117
 1888 -0.36 0.0201271 0.00547198
 1889 -0.36 0.0199259 0.00547279
 1890 -0.48 0.0196614 0.00547628
 1891 -0.12 0.0195875 0.00547388
 1892 -0.08 0.0195349 0.00547124
 1893 -0.08 0.0194823 0.0054686
 1894 0.08 0.0195143 0.00546581
 1895 -0.12 0.0194406 0.00546342
 1896 0.16 0.0195148 0.00546104
 1897 0.24 0.019631 0.0054594
 1898 0.12 0.0196839 0.00545678
 1899 0.08 0.0197156 0.005454
 1900 0.32 0.0198737 0.00545342
 1901 0.12 0.0199264 0.0054508
 1902 0.16 0.02 0.00544843
 1903 -0.04 0.0199685 0.00544566
 1904 -0.04 0.019937 0.00544289
 1905 0.04 0.0199475 0.00544004
 1906 0.12 0.02 0.00543744
 1907 0.08 0.0200315 0.00543468
 1908 0.08 0.0200629 0.00543192
 1909 0.12 0.0201152 0.00542933
 1910 -0.12 0.0200419 0.00542698
 1911 0 0.0200314 0.00542415
 1912 -0.24 0.0198954 0.00542302
 1913 -0.2 0.0197804 0.0054214
 1914 -0.04 0.0197492 0.00541866
 1915 0.32 0.019906 0.0054181
 1916 0.2 0.02 0.00541608
 1917 0.12 0.0200522 0.00541351
 1918 -0.04 0.0200209 0.00541078
 1919 -0.04 0.0199896 0.00540805
 1920 0 0.0199792 0.00540524
 1921 0 0.0199688 0.00540243
 1922 0.04 0.0199792 0.00539963
 1923 0.12 0.0200312 0.00539707
 1924 0.08 0.0200624 0.00539436
 1925 -0.04 0.0200312 0.00539165
 1926 -0.2 0.0199169 0.00539006
 1927 -0.08 0.0198651 0.00538751
 1928 -0.04 0.019834 0.0053848
 1929 -0.08 0.0197823 0.00538226
 1930 -0.36 0.0195855 0.00538307
 1931 -0.36 0.0193889 0.00538387
 1932 -0.12 0.0193168 0.00538157
 1933 -0.08 0.0192654 0.00537903
 1934 0.08 0.0192968 0.00537634
 1935 0.12 0.0193488 0.00537381
 1936 0.24 0.0194628 0.00537224
 1937 0.24 0.0195767 0.00537067
 1938 0.16 0.0196491 0.00536839
 1939 0.28 0.0197834 0.0053673
 1940 0.04 0.0197938 0.00536454
 1941 0 0.0197836 0.00536179
 1942 -0.12 0.0197116 0.00535951
 1943 0 0.0197015 0.00535676
 1944 0 0.0196914 0.00535402
 1945 -0.12 0.0196195 0.00535174
 1946 0.28 0.0197533 0.00535067
 1947 0.36 0.0199281 0.00535077
 1948 0.44 0.0201437 0.00535237
 1949 0.36 0.0203181 0.00535246
 1950 0.44 0.0205333 0.00535405
 1951 0.4 0.0207278 0.00535483
 1952 0.28 0.0208607 0.00535374
 1953 0.04 0.0208705 0.00535101
 1954 -0.08 0.0208188 0.00534852
 1955 -0.2 0.0207059 0.00534697
 1956 -0.16 0.0206135 0.00534504
 1957 0.04 0.0206234 0.00534231
 1958 0.2 0.020715 0.00534037
 1959 0.52 0.0209699 0.00534372
 1960 0.4 0.0211633 0.0053445
 1961 0.32 0.0213157 0.00534394
 1962 0.12 0.021366 0.00534146
 1963 0.16 0.0214366 0.0053392
 1964 0.16 0.0215071 0.00533695
 1965 0.16 0.0215776 0.0053347
 1966 0.12 0.0216277 0.00533222
 1967 -0.08 0.021576 0.00532976
 1968 0 0.021565 0.00532706
 1969 0.08 0.0215947 0.00532444
 1970 0.04 0.0216041 0.00532174
 1971 0.08 0.0216337 0.00531912
 1972 0.12 0.0216836 0.00531666
 1973 0 0.0216726 0.00531398
 1974 -0.04 0.0216413 0.00531137
 1975 -0.08 0.0215899 0.00530893
 1976 -0.16 0.021498 0.00530704
 1977 0 0.0214871 0.00530437
 1978 0.16 0.0215571 0.00530215
 1979 0.16 0.0216271 0.00529993
 1980 0.04 0.0216364 0.00529726
 1981 -0.16 0.0215447 0.00529538
 1982 0.12 0.0215943 0.00529294
 1983 0.04 0.0216036 0.00529028
 1984 -0.12 0.0215323 0.00528809
 1985 0.16 0.021602 0.00528589
 1986 0.32 0.0217523 0.00528536
 1987 0.44 0.0219628 0.00528689
 1988 0.48 0.0221932 0.00528926
 1989 0.04 0.0222021 0.0052866
 1990 0 0.022191 0.00528396
 1991 0.04 0.0221999 0.00528131
 1992 0.16 0.0222691 0.00527911
 1993 -0.08 0.0222178 0.00527671
 1994 -0.04 0.0221866 0.00527416
 1995 -0.12 0.0221153 0.00527199
 1996 -0.2 0.022004 0.00527053
 1997 -0.04 0.021973 0.00526798
 1998 0.04 0.021982 0.00526535
 1999 -0.24 0.0218509 0.00526435
 2000 -0.28 0.0217 0.00526388
