 1 -4.92066e-16 -4.92066e-16 0
 2 0 -2.46033e-16 2.46033e-16
 3 -1.23016e-16 -2.05027e-16 1.47847e-16
 4 0 -1.53771e-16 1.16433e-16
 5 0 -1.23016e-16 9.52881e-17
 6 -4.92066e-16 -1.84525e-16 9.9179e-17
 7 -4.92066e-16 -2.28459e-16 9.46377e-17
 8 0 -1.99902e-16 8.67914e-17
 9 -1.23016e-16 -1.91359e-16 7.7018e-17
 10 -1.23016e-16 -1.84525e-16 6.92252e-17
 11 -1.23016e-16 -1.78933e-16 6.28657e-17
 12 2.46033e-16 -1.43519e-16 6.74356e-17
 13 2.46033e-16 -1.13554e-16 6.88902e-17
 14 2.46033e-16 -8.78689e-17 6.87575e-17
 15 2.46033e-16 -6.56087e-17 6.77699e-17
 16 -4.92066e-16 -9.22623e-17 6.87683e-17
 17 -1.23016e-16 -9.40714e-17 6.46219e-17
 18 0 -8.88452e-17 6.11498e-17
 19 -4.92066e-16 -1.10067e-16 6.16122e-17
 20 -9.84131e-16 -1.53771e-16 7.29824e-17
 21 0 -1.46448e-16 6.98052e-17
 22 -9.84131e-16 -1.84525e-16 7.66786e-17
 23 2.46033e-16 -1.65805e-16 7.56226e-17
 24 0 -1.58896e-16 7.2732e-17
 25 -4.92066e-16 -1.72223e-16 7.10236e-17
 26 0 -1.65599e-16 6.8558e-17
 27 -1.23016e-16 -1.64022e-16 6.59888e-17
 28 0 -1.58164e-16 6.38576e-17
 29 -4.92066e-16 -1.69678e-16 6.26828e-17
 30 -4.92066e-16 -1.80424e-16 6.15035e-17
 31 0 -1.74604e-16 5.97705e-17
 32 0 -1.69148e-16 5.81292e-17
 33 0 -1.64022e-16 5.65728e-17
 34 2.46033e-16 -1.51961e-16 5.61932e-17
 35 0 -1.4762e-16 5.47365e-17
 36 -4.92066e-16 -1.57188e-16 5.4048e-17
 37 -4.92066e-16 -1.66238e-16 5.33404e-17
 38 -4.92066e-16 -1.74813e-16 5.2621e-17
 39 0 -1.7033e-16 5.14496e-17
 40 0 -1.66072e-16 5.03274e-17
 41 -4.92066e-16 -1.74023e-16 4.97243e-17
 42 -4.92066e-16 -1.81596e-16 4.91133e-17
 43 -4.92066e-16 -1.88816e-16 4.8498e-17
 44 0 -1.84525e-16 4.75768e-17
 45 -9.84131e-16 -2.02294e-16 4.97865e-17
 46 -4.92066e-16 -2.08593e-16 4.90979e-17
 47 -1.23016e-16 -2.06772e-16 4.80764e-17
 48 0 -2.02464e-16 4.72609e-17
 49 0 -1.98333e-16 4.64704e-17
 50 0 -1.94366e-16 4.5704e-17
 51 -1.23016e-16 -1.92967e-16 4.48207e-17
 52 2.46033e-16 -1.84525e-16 4.47538e-17
 53 2.46033e-16 -1.76401e-16 4.46466e-17
 54 0 -1.73134e-16 4.39336e-17
 55 0 -1.69986e-16 4.32421e-17
 56 0 -1.66951e-16 4.25713e-17
 57 -4.92066e-16 -1.72655e-16 4.22049e-17
 58 -4.92066e-16 -1.78162e-16 4.18349e-17
 59 -9.84131e-16 -1.91822e-16 4.33295e-17
 60 -4.92066e-16 -1.96826e-16 4.28941e-17
 61 0 -1.936e-16 4.23083e-17
 62 2.46033e-16 -1.86509e-16 4.222e-17
 63 0 -1.83548e-16 4.16498e-17
 64 0 -1.8068e-16 4.1094e-17
 65 -9.84131e-16 -1.93041e-16 4.23031e-17
 66 -4.92066e-16 -1.97572e-16 4.19028e-17
 67 -9.84131e-16 -2.09311e-16 4.29098e-17
 68 0 -2.06233e-16 4.2386e-17
 69 -4.92066e-16 -2.10376e-16 4.19721e-17
 70 2.46033e-16 -2.03856e-16 4.18789e-17
 71 -4.92066e-16 -2.07915e-16 4.14839e-17
 72 2.46033e-16 -2.0161e-16 4.13867e-17
 73 -4.92066e-16 -2.05589e-16 4.10093e-17
 74 2.46033e-16 -1.99486e-16 4.09091e-17
 75 2.46033e-16 -1.93546e-16 4.07948e-17
 76 -9.84131e-16 -2.03948e-16 4.15768e-17
 77 -4.92066e-16 -2.0769e-16 4.12036e-17
 78 0 -2.05027e-16 4.07589e-17
 79 0 -2.02432e-16 4.03233e-17
 80 0 -1.99902e-16 3.98964e-17
 81 -4.92066e-16 -2.03509e-16 3.95655e-17
 82 -4.92066e-16 -2.07028e-16 3.92382e-17
 83 -4.92066e-16 -2.10462e-16 3.89144e-17
 84 0 -2.07956e-16 3.85298e-17
 85 -4.92066e-16 -2.11299e-16 3.82203e-17
 86 0 -2.08842e-16 3.78531e-17
 87 0 -2.06441e-16 3.74924e-17
 88 -4.92066e-16 -2.09687e-16 3.72057e-17
 89 2.46033e-16 -2.04567e-16 3.714e-17
 90 -1.23016e-16 -2.0366e-16 3.67362e-17
 91 -4.92066e-16 -2.0683e-16 3.64682e-17
 92 -4.92066e-16 -2.0993e-16 3.62026e-17
 93 -4.92066e-16 -2.12964e-16 3.59395e-17
 94 0 -2.10698e-16 3.56272e-17
 95 2.46033e-16 -2.05891e-16 3.55766e-17
 96 2.46033e-16 -2.01183e-16 3.55174e-17
 97 0 -1.99109e-16 3.52104e-17
 98 2.46033e-16 -1.94567e-16 3.51441e-17
 99 2.46033e-16 -1.90116e-16 3.50708e-17
 100 0 -1.88215e-16 3.47703e-17
 101 -9.84131e-16 -1.96095e-16 3.53148e-17
 102 -1.23016e-16 -1.95379e-16 3.49742e-17
 103 2.46033e-16 -1.91093e-16 3.48971e-17
 104 -9.84131e-16 -1.98719e-16 3.53912e-17
 105 0 -1.96826e-16 3.51036e-17
 106 -4.92066e-16 -1.99612e-16 3.48822e-17
 107 0 -1.97746e-16 3.4605e-17
 108 -4.92066e-16 -2.00471e-16 3.43912e-17
 109 2.46033e-16 -1.96375e-16 3.43196e-17
 110 -9.84131e-16 -2.03536e-16 3.47521e-17
 111 -9.84131e-16 -2.10569e-16 3.51482e-17
 112 0 -2.08689e-16 3.48837e-17
 113 0 -2.06842e-16 3.46229e-17
 114 0 -2.05027e-16 3.43658e-17
 115 -4.92066e-16 -2.07523e-16 3.4157e-17
 116 0 -2.05734e-16 3.39085e-17
 117 0 -2.03976e-16 3.36634e-17
 118 -4.92066e-16 -2.06417e-16 3.3466e-17
 119 0 -2.04683e-16 3.32289e-17
 120 0 -2.02977e-16 3.2995e-17
 121 2.46033e-16 -1.99266e-16 3.29309e-17
 122 2.46033e-16 -1.95616e-16 3.28632e-17
 123 2.46033e-16 -1.92026e-16 3.27921e-17
 124 0 -1.90477e-16 3.25634e-17
 125 0 -1.88953e-16 3.23377e-17
 126 2.46033e-16 -1.85501e-16 3.22653e-17
 127 -4.92066e-16 -1.87915e-16 3.21011e-17
 128 0 -1.86447e-16 3.18832e-17
 129 2.46033e-16 -1.83094e-16 3.18122e-17
 130 -4.92066e-16 -1.85471e-16 3.16559e-17
 131 0 -1.84055e-16 3.14452e-17
 132 0 -1.82661e-16 3.12372e-17
 133 0 -1.81287e-16 3.10318e-17
 134 0 -1.79934e-16 3.08291e-17
 135 -9.84131e-16 -1.85891e-16 3.11743e-17
 136 0 -1.84525e-16 3.09744e-17
 137 0 -1.83178e-16 3.0777e-17
 138 -9.84131e-16 -1.88982e-16 3.10995e-17
 139 0 -1.87622e-16 3.09049e-17
 140 0 -1.86282e-16 3.07126e-17
 141 -4.92066e-16 -1.88451e-16 3.0571e-17
 142 2.46033e-16 -1.85391e-16 3.05088e-17
 143 0 -1.84094e-16 3.03224e-17
 144 0 -1.82816e-16 3.01383e-17
 145 -4.92066e-16 -1.84949e-16 3.00056e-17
 146 0 -1.83682e-16 2.98263e-17
 147 0 -1.82432e-16 2.9649e-17
 148 -4.92066e-16 -1.84525e-16 2.95222e-17
 149 0 -1.83286e-16 2.93496e-17
 150 0 -1.82064e-16 2.91788e-17
 151 -4.92066e-16 -1.84117e-16 2.90576e-17
 152 -4.92066e-16 -1.86143e-16 2.89368e-17
 153 -4.92066e-16 -1.88143e-16 2.88165e-17
 154 2.46033e-16 -1.85323e-16 2.87672e-17
 155 0 -1.84128e-16 2.8606e-17
 156 -4.92066e-16 -1.86102e-16 2.84905e-17
 157 -4.92066e-16 -1.88051e-16 2.83755e-17
 158 0 -1.8686e-16 2.82204e-17
 159 -9.84131e-16 -1.91875e-16 2.84872e-17
 160 2.46033e-16 -1.89138e-16 2.84406e-17
 161 2.46033e-16 -1.86435e-16 2.83923e-17
 162 0 -1.85284e-16 2.824e-17
 163 0 -1.84147e-16 2.80892e-17
 164 -4.92066e-16 -1.86025e-16 2.79804e-17
 165 2.46033e-16 -1.83406e-16 2.79333e-17
 166 -4.92066e-16 -1.85266e-16 2.78268e-17
 167 0 -1.84156e-16 2.76819e-17
 168 2.46033e-16 -1.81596e-16 2.76355e-17
 169 -4.92066e-16 -1.83433e-16 2.75328e-17
 170 -4.92066e-16 -1.85248e-16 2.74305e-17
 171 -4.92066e-16 -1.87042e-16 2.73286e-17
 172 -4.92066e-16 -1.88816e-16 2.72271e-17
 173 0 -1.87724e-16 2.70912e-17
 174 -4.92066e-16 -1.89474e-16 2.69918e-17
 175 -4.92066e-16 -1.91203e-16 2.68928e-17
 176 -1.23016e-16 -1.90815e-16 2.67424e-17
 177 0 -1.89737e-16 2.66127e-17
 178 0 -1.88671e-16 2.64842e-17
 179 2.46033e-16 -1.86243e-16 2.64476e-17
 180 0 -1.85208e-16 2.63206e-17
 181 0 -1.84185e-16 2.61948e-17
 182 -4.92066e-16 -1.85876e-16 2.61053e-17
 183 0 -1.84861e-16 2.59821e-17
 184 0 -1.83856e-16 2.586e-17
 185 2.46033e-16 -1.81532e-16 2.58246e-17
 186 -1.23016e-16 -1.81218e-16 2.56873e-17
 187 2.46033e-16 -1.78933e-16 2.56516e-17
 188 2.46033e-16 -1.76672e-16 2.56147e-17
 189 0 -1.75738e-16 2.54959e-17
 190 0 -1.74813e-16 2.53783e-17
 191 -4.92066e-16 -1.76474e-16 2.52996e-17
 192 2.46033e-16 -1.74273e-16 2.52635e-17
 193 2.46033e-16 -1.72095e-16 2.52265e-17
 194 0 -1.71208e-16 2.51118e-17
 195 2.46033e-16 -1.69069e-16 2.50741e-17
 196 0 -1.68206e-16 2.49608e-17
 197 0 -1.67352e-16 2.48484e-17
 198 -1.23016e-16 -1.67128e-16 2.47236e-17
 199 2.46033e-16 -1.65052e-16 2.46865e-17
 200 0 -1.64227e-16 2.45766e-17
 201 2.46033e-16 -1.62186e-16 2.45391e-17
 202 -4.92066e-16 -1.63819e-16 2.44719e-17
 203 -9.84131e-16 -1.6786e-16 2.4684e-17
 204 -4.92066e-16 -1.69449e-16 2.46141e-17
 205 2.46033e-16 -1.67422e-16 2.45774e-17
 206 2.46033e-16 -1.65415e-16 2.45401e-17
 207 0 -1.64616e-16 2.44343e-17
 208 -4.92066e-16 -1.6619e-16 2.43674e-17
 209 0 -1.65395e-16 2.42636e-17
 210 0 -1.64608e-16 2.41606e-17
 211 0 -1.63828e-16 2.40585e-17
 212 0 -1.63055e-16 2.39572e-17
 213 0 -1.62289e-16 2.38568e-17
 214 -4.92066e-16 -1.6383e-16 2.3795e-17
 215 -4.92066e-16 -1.65357e-16 2.37332e-17
 216 -4.92066e-16 -1.66869e-16 2.36714e-17
 217 -1.23016e-16 -1.66667e-16 2.3563e-17
 218 0 -1.65903e-16 2.34671e-17
 219 2.46033e-16 -1.64022e-16 2.34353e-17
 220 -1.23016e-16 -1.63835e-16 2.33293e-17
 221 0 -1.63094e-16 2.32353e-17
 222 0 -1.62359e-16 2.31421e-17
 223 0 -1.61631e-16 2.30495e-17
 224 -1.23016e-16 -1.61459e-16 2.29471e-17
 225 -1.23016e-16 -1.61288e-16 2.28455e-17
 226 2.46033e-16 -1.59486e-16 2.28155e-17
 227 2.46033e-16 -1.57699e-16 2.27849e-17
 228 0 -1.57008e-16 2.26953e-17
 229 0 -1.56322e-16 2.26063e-17
 230 0 -1.55642e-16 2.25181e-17
 231 -1.23016e-16 -1.55501e-16 2.24209e-17
 232 0 -1.54831e-16 2.23341e-17
 233 0 -1.54166e-16 2.22479e-17
 234 0 -1.53508e-16 2.21624e-17
 235 0 -1.52854e-16 2.20776e-17
 236 0 -1.52207e-16 2.19934e-17
 237 -9.84131e-16 -1.55717e-16 2.21799e-17
 238 0 -1.55063e-16 2.20962e-17
 239 0 -1.54414e-16 2.20131e-17
 240 -1.23016e-16 -1.54283e-16 2.19216e-17
 241 -1.23016e-16 -1.54153e-16 2.18308e-17
 242 -4.92066e-16 -1.5555e-16 2.17852e-17
 243 0 -1.5491e-16 2.17049e-17
 244 0 -1.54275e-16 2.1625e-17
 245 -1.23016e-16 -1.54147e-16 2.1537e-17
 246 -1.23016e-16 -1.54021e-16 2.14496e-17
 247 -1.23016e-16 -1.53895e-16 2.1363e-17
 248 0 -1.53274e-16 2.12857e-17
 249 -4.92066e-16 -1.54635e-16 2.12437e-17
 250 0 -1.54017e-16 2.11676e-17
 251 0 -1.53403e-16 2.1092e-17
 252 -1.23016e-16 -1.53282e-16 2.10085e-17
 253 0 -1.52676e-16 2.0934e-17
 254 0 -1.52075e-16 2.08601e-17
 255 0 -1.51479e-16 2.07867e-17
 256 0 -1.50887e-16 2.07138e-17
 257 -4.92066e-16 -1.52215e-16 2.06757e-17
 258 0 -1.51625e-16 2.06039e-17
 259 0 -1.51039e-16 2.05325e-17
 260 -4.92066e-16 -1.52351e-16 2.04954e-17
 261 -4.92066e-16 -1.53653e-16 2.04582e-17
 262 0 -1.53066e-16 2.03884e-17
 263 0 -1.52484e-16 2.0319e-17
 264 -9.84131e-16 -1.55634e-16 2.04856e-17
 265 -4.92066e-16 -1.56904e-16 2.04476e-17
 266 0 -1.56314e-16 2.03791e-17
 267 0 -1.55729e-16 2.03111e-17
 268 -9.84131e-16 -1.5882e-16 2.04699e-17
 269 0 -1.58229e-16 2.04022e-17
 270 0 -1.57643e-16 2.03349e-17
 271 0 -1.57062e-16 2.02681e-17
 272 0 -1.56484e-16 2.02017e-17
 273 -4.92066e-16 -1.57713e-16 2.01651e-17
 274 -9.84131e-16 -1.60729e-16 2.03165e-17
 275 -4.92066e-16 -1.61934e-16 2.02783e-17
 276 0 -1.61348e-16 2.02132e-17
 277 0 -1.60765e-16 2.01485e-17
 278 -9.84131e-16 -1.63727e-16 2.02932e-17
 279 0 -1.6314e-16 2.02288e-17
 280 -9.84131e-16 -1.66072e-16 2.03686e-17
 281 0 -1.65481e-16 2.03046e-17
 282 0 -1.64894e-16 2.0241e-17
 283 -9.84131e-16 -1.67789e-16 2.0376e-17
 284 2.46033e-16 -1.66332e-16 2.03563e-17
 285 -1.23016e-16 -1.6618e-16 2.02854e-17
 286 0 -1.65599e-16 2.02227e-17
 287 -4.92066e-16 -1.66737e-16 2.01842e-17
 288 -4.92066e-16 -1.67866e-16 2.01456e-17
 289 0 -1.67285e-16 2.00842e-17
 290 -4.92066e-16 -1.68405e-16 2.00461e-17
 291 2.46033e-16 -1.66981e-16 2.00278e-17
 292 2.46033e-16 -1.65567e-16 2.00092e-17
 293 -4.92066e-16 -1.66681e-16 1.99719e-17
 294 -1.23016e-16 -1.66532e-16 1.99044e-17
 295 -1.23016e-16 -1.66385e-16 1.98374e-17
 296 0 -1.65823e-16 1.97782e-17
 297 -1.23016e-16 -1.65679e-16 1.9712e-17
 298 0 -1.65123e-16 1.96536e-17
 299 0 -1.6457e-16 1.95956e-17
 300 -4.92066e-16 -1.65662e-16 1.95606e-17
 301 0 -1.65112e-16 1.95033e-17
 302 2.46033e-16 -1.6375e-16 1.94862e-17
 303 -1.23016e-16 -1.63616e-16 1.94223e-17
 304 2.46033e-16 -1.62268e-16 1.94051e-17
 305 0 -1.61736e-16 1.93487e-17
 306 0 -1.61208e-16 1.92926e-17
 307 0 -1.60683e-16 1.92369e-17
 308 -1.23016e-16 -1.6056e-16 1.91747e-17
 309 0 -1.60041e-16 1.91196e-17
 310 0 -1.59524e-16 1.90648e-17
 311 -4.92066e-16 -1.60594e-16 1.90335e-17
 312 -4.92066e-16 -1.61656e-16 1.90021e-17
 313 -9.84131e-16 -1.64284e-16 1.91227e-17
 314 0 -1.63761e-16 1.90689e-17
 315 -4.92066e-16 -1.64803e-16 1.90368e-17
 316 0 -1.64281e-16 1.89836e-17
 317 0 -1.63763e-16 1.89307e-17
 318 0 -1.63248e-16 1.88781e-17
 319 0 -1.62736e-16 1.88258e-17
 320 -4.92066e-16 -1.63766e-16 1.87951e-17
 321 0 -1.63255e-16 1.87434e-17
 322 2.46033e-16 -1.61984e-16 1.87283e-17
 323 0 -1.61483e-16 1.86769e-17
 324 0 -1.60984e-16 1.86259e-17
 325 2.46033e-16 -1.59732e-16 1.86107e-17
 326 -4.92066e-16 -1.60751e-16 1.85815e-17
 327 0 -1.6026e-16 1.85311e-17
 328 -9.84131e-16 -1.62772e-16 1.86445e-17
 329 0 -1.62277e-16 1.85943e-17
 330 0 -1.61785e-16 1.85444e-17
 331 2.46033e-16 -1.60553e-16 1.85293e-17
 332 0 -1.6007e-16 1.84797e-17
 333 -4.92066e-16 -1.61067e-16 1.84511e-17
 334 2.46033e-16 -1.59848e-16 1.84361e-17
 335 -1.23016e-16 -1.59738e-16 1.83813e-17
 336 2.46033e-16 -1.5853e-16 1.83663e-17
 337 0 -1.5806e-16 1.83177e-17
 338 -4.92066e-16 -1.59048e-16 1.82902e-17
 339 0 -1.58579e-16 1.82422e-17
 340 -4.92066e-16 -1.5956e-16 1.82149e-17
 341 -4.92066e-16 -1.60535e-16 1.81875e-17
 342 0 -1.60065e-16 1.81403e-17
 343 0 -1.59599e-16 1.80934e-17
 344 0 -1.59135e-16 1.80467e-17
 345 -4.92066e-16 -1.601e-16 1.80202e-17
 346 -4.92066e-16 -1.61059e-16 1.79936e-17
 347 2.46033e-16 -1.59886e-16 1.798e-17
 348 0 -1.59426e-16 1.79341e-17
 349 0 -1.5897e-16 1.78885e-17
 350 -4.92066e-16 -1.59921e-16 1.78627e-17
 351 0 -1.59466e-16 1.78176e-17
 352 0 -1.59013e-16 1.77726e-17
 353 -4.92066e-16 -1.59956e-16 1.77473e-17
 354 -4.92066e-16 -1.60894e-16 1.7722e-17
 355 -1.23016e-16 -1.60788e-16 1.76723e-17
 356 -4.92066e-16 -1.61718e-16 1.76471e-17
 357 -4.92066e-16 -1.62644e-16 1.7622e-17
 358 -4.92066e-16 -1.63564e-16 1.75967e-17
 359 2.46033e-16 -1.62423e-16 1.75847e-17
 360 0 -1.61972e-16 1.75416e-17
 361 2.46033e-16 -1.60841e-16 1.75294e-17
 362 -4.92066e-16 -1.61756e-16 1.75048e-17
 363 -4.92066e-16 -1.62666e-16 1.74803e-17
 364 2.46033e-16 -1.61544e-16 1.74683e-17
 365 -1.23016e-16 -1.61438e-16 1.74207e-17
 366 -1.23016e-16 -1.61333e-16 1.73733e-17
 367 2.46033e-16 -1.60223e-16 1.73615e-17
 368 0 -1.59788e-16 1.73197e-17
 369 0 -1.59355e-16 1.72781e-17
 370 0 -1.58924e-16 1.72367e-17
 371 0 -1.58496e-16 1.71955e-17
 372 0 -1.58069e-16 1.71545e-17
 373 -4.92066e-16 -1.58965e-16 1.71319e-17
 374 -9.84131e-16 -1.61171e-16 1.72279e-17
 375 0 -1.60741e-16 1.71873e-17
 376 0 -1.60314e-16 1.71468e-17
 377 2.46033e-16 -1.59236e-16 1.71352e-17
 378 2.46033e-16 -1.58164e-16 1.71234e-17
 379 2.46033e-16 -1.57097e-16 1.71115e-17
 380 0 -1.56684e-16 1.70714e-17
 381 0 -1.56273e-16 1.70315e-17
 382 0 -1.55864e-16 1.69918e-17
 383 -4.92066e-16 -1.56742e-16 1.69701e-17
 384 0 -1.56333e-16 1.69307e-17
 385 2.46033e-16 -1.55288e-16 1.6919e-17
 386 0 -1.54886e-16 1.68799e-17
 387 0 -1.54486e-16 1.6841e-17
 388 0 -1.54088e-16 1.68022e-17
 389 -4.92066e-16 -1.54956e-16 1.67815e-17
 390 0 -1.54559e-16 1.67431e-17
 391 -4.92066e-16 -1.55422e-16 1.67226e-17
 392 0 -1.55026e-16 1.66846e-17
 393 -9.84131e-16 -1.57135e-16 1.67752e-17
 394 -9.84131e-16 -1.59234e-16 1.68637e-17
 395 -4.92066e-16 -1.60077e-16 1.68421e-17
 396 0 -1.59673e-16 1.68044e-17
 397 -4.92066e-16 -1.6051e-16 1.67829e-17
 398 0 -1.60107e-16 1.67455e-17
 399 0 -1.59706e-16 1.67083e-17
 400 0 -1.59306e-16 1.66713e-17
 401 0 -1.58909e-16 1.66344e-17
 402 -4.92066e-16 -1.59738e-16 1.66136e-17
 403 0 -1.59341e-16 1.65771e-17
 404 -4.92066e-16 -1.60165e-16 1.65565e-17
 405 -1.23016e-16 -1.60073e-16 1.65158e-17
 406 -1.23016e-16 -1.59982e-16 1.64754e-17
 407 0 -1.59589e-16 1.64395e-17
 408 0 -1.59198e-16 1.64039e-17
 409 0 -1.58808e-16 1.63683e-17
 410 0 -1.58421e-16 1.63329e-17
 411 -4.92066e-16 -1.59233e-16 1.63134e-17
 412 0 -1.58846e-16 1.62783e-17
 413 0 -1.58462e-16 1.62434e-17
 414 0 -1.58079e-16 1.62086e-17
 415 2.46033e-16 -1.57105e-16 1.61988e-17
 416 -9.84131e-16 -1.59093e-16 1.62817e-17
 417 0 -1.58712e-16 1.62471e-17
 418 -4.92066e-16 -1.59509e-16 1.62278e-17
 419 -4.92066e-16 -1.60303e-16 1.62084e-17
 420 0 -1.59921e-16 1.61743e-17
 421 2.46033e-16 -1.58957e-16 1.61646e-17
 422 2.46033e-16 -1.57997e-16 1.61548e-17
 423 -1.23016e-16 -1.57915e-16 1.61168e-17
 424 0 -1.57542e-16 1.6083e-17
 425 -1.23016e-16 -1.57461e-16 1.60453e-17
 426 -1.23016e-16 -1.5738e-16 1.60078e-17
 427 -1.23016e-16 -1.573e-16 1.59705e-17
 428 2.46033e-16 -1.56357e-16 1.5961e-17
 429 0 -1.55993e-16 1.59279e-17
 430 -1.23016e-16 -1.55916e-16 1.5891e-17
 431 -1.23016e-16 -1.5584e-16 1.58543e-17
 432 -1.23016e-16 -1.55764e-16 1.58177e-17
 433 0 -1.55404e-16 1.57853e-17
 434 0 -1.55046e-16 1.57529e-17
 435 0 -1.5469e-16 1.57207e-17
 436 0 -1.54335e-16 1.56886e-17
 437 -4.92066e-16 -1.55108e-16 1.56717e-17
 438 0 -1.54754e-16 1.56399e-17
 439 -4.92066e-16 -1.55522e-16 1.56232e-17
 440 2.46033e-16 -1.54609e-16 1.56143e-17
 441 -1.23016e-16 -1.54538e-16 1.5579e-17
 442 0 -1.54188e-16 1.55477e-17
 443 -4.92066e-16 -1.54951e-16 1.55313e-17
 444 -4.92066e-16 -1.5571e-16 1.55148e-17
 445 2.46033e-16 -1.54807e-16 1.55062e-17
 446 -4.92066e-16 -1.55563e-16 1.54899e-17
 447 2.46033e-16 -1.54665e-16 1.54813e-17
 448 0 -1.5432e-16 1.54506e-17
 449 0 -1.53976e-16 1.54199e-17
 450 0 -1.53634e-16 1.53894e-17
 451 0 -1.53293e-16 1.53591e-17
 452 0 -1.52954e-16 1.53288e-17
 453 0 -1.52616e-16 1.52987e-17
 454 0 -1.5228e-16 1.52686e-17
 455 0 -1.51946e-16 1.52387e-17
 456 2.46033e-16 -1.51073e-16 1.52303e-17
 457 2.46033e-16 -1.50204e-16 1.52217e-17
 458 -1.23016e-16 -1.50144e-16 1.51886e-17
 459 -1.23016e-16 -1.50085e-16 1.51556e-17
 460 -9.84131e-16 -1.51899e-16 1.52309e-17
 461 0 -1.51569e-16 1.52014e-17
 462 0 -1.51241e-16 1.5172e-17
 463 0 -1.50914e-16 1.51427e-17
 464 0 -1.50589e-16 1.51135e-17
 465 0 -1.50265e-16 1.50845e-17
 466 2.46033e-16 -1.49415e-16 1.50761e-17
 467 0 -1.49095e-16 1.50472e-17
 468 2.46033e-16 -1.48251e-16 1.50387e-17
 469 -9.84131e-16 -1.50033e-16 1.51121e-17
 470 0 -1.49714e-16 1.50833e-17
 471 0 -1.49396e-16 1.50546e-17
 472 -4.92066e-16 -1.50122e-16 1.50402e-17
 473 -4.92066e-16 -1.50845e-16 1.50257e-17
 474 0 -1.50526e-16 1.49974e-17
 475 -4.92066e-16 -1.51245e-16 1.4983e-17
 476 -9.84131e-16 -1.52995e-16 1.50536e-17
 477 0 -1.52674e-16 1.50254e-17
 478 -4.92066e-16 -1.53384e-16 1.50107e-17
 479 0 -1.53064e-16 1.49828e-17
 480 -4.92066e-16 -1.53771e-16 1.49682e-17
 481 0 -1.53451e-16 1.49405e-17
 482 0 -1.53132e-16 1.49128e-17
 483 -4.92066e-16 -1.53834e-16 1.48985e-17
 484 0 -1.53516e-16 1.4871e-17
 485 0 -1.532e-16 1.48437e-17
 486 -4.92066e-16 -1.53897e-16 1.48296e-17
 487 -4.92066e-16 -1.54591e-16 1.48154e-17
 488 0 -1.54275e-16 1.47884e-17
 489 0 -1.53959e-16 1.47615e-17
 490 0 -1.53645e-16 1.47346e-17
 491 -4.92066e-16 -1.54334e-16 1.47208e-17
 492 0 -1.54021e-16 1.46942e-17
 493 -4.92066e-16 -1.54706e-16 1.46803e-17
 494 2.46033e-16 -1.53895e-16 1.4673e-17
 495 2.46033e-16 -1.53087e-16 1.46656e-17
 496 -4.92066e-16 -1.53771e-16 1.4652e-17
 497 0 -1.53461e-16 1.46257e-17
 498 0 -1.53153e-16 1.45996e-17
 499 2.46033e-16 -1.52353e-16 1.45923e-17
 500 2.46033e-16 -1.51556e-16 1.45848e-17
 501 0 -1.51254e-16 1.45588e-17
 502 -4.92066e-16 -1.51933e-16 1.45456e-17
 503 0 -1.51631e-16 1.45198e-17
 504 -4.92066e-16 -1.52306e-16 1.45067e-17
 505 0 -1.52004e-16 1.44811e-17
 506 -4.92066e-16 -1.52676e-16 1.44681e-17
 507 -4.92066e-16 -1.53346e-16 1.4455e-17
 508 0 -1.53044e-16 1.44297e-17
 509 -4.92066e-16 -1.5371e-16 1.44167e-17
 510 0 -1.53409e-16 1.43916e-17
 511 -9.84131e-16 -1.55034e-16 1.44551e-17
 512 -9.84131e-16 -1.56654e-16 1.45174e-17
 513 0 -1.56348e-16 1.44923e-17
 514 0 -1.56044e-16 1.44673e-17
 515 0 -1.55741e-16 1.44424e-17
 516 -1.23016e-16 -1.55678e-16 1.44145e-17
 517 0 -1.55377e-16 1.43897e-17
 518 0 -1.55077e-16 1.43651e-17
 519 2.46033e-16 -1.54304e-16 1.43582e-17
 520 2.46033e-16 -1.53534e-16 1.43512e-17
 521 0 -1.53239e-16 1.43267e-17
 522 -1.23016e-16 -1.53181e-16 1.42993e-17
 523 0 -1.52888e-16 1.42749e-17
 524 0 -1.52597e-16 1.42507e-17
 525 0 -1.52306e-16 1.42265e-17
 526 -4.92066e-16 -1.52952e-16 1.42141e-17
 527 2.46033e-16 -1.52195e-16 1.42073e-17
 528 2.46033e-16 -1.51441e-16 1.42004e-17
 529 2.46033e-16 -1.50689e-16 1.41934e-17
 530 0 -1.50405e-16 1.41694e-17
 531 -4.92066e-16 -1.51048e-16 1.41574e-17
 532 -1.23016e-16 -1.50996e-16 1.41308e-17
 533 0 -1.50712e-16 1.41071e-17
 534 2.46033e-16 -1.49969e-16 1.41003e-17
 535 2.46033e-16 -1.49229e-16 1.40934e-17
 536 -1.23016e-16 -1.4918e-16 1.40671e-17
 537 2.46033e-16 -1.48444e-16 1.40602e-17
 538 -1.23016e-16 -1.48397e-16 1.40341e-17
 539 2.46033e-16 -1.47665e-16 1.40271e-17
 540 0 -1.47392e-16 1.40038e-17
 541 -4.92066e-16 -1.48029e-16 1.39924e-17
 542 0 -1.47756e-16 1.39692e-17
 543 0 -1.47484e-16 1.39461e-17
 544 0 -1.47213e-16 1.39231e-17
 545 0 -1.46943e-16 1.39002e-17
 546 -4.92066e-16 -1.47575e-16 1.38891e-17
 547 -4.92066e-16 -1.48204e-16 1.3878e-17
 548 -4.92066e-16 -1.48832e-16 1.38668e-17
 549 -4.92066e-16 -1.49457e-16 1.38557e-17
 550 0 -1.49185e-16 1.38331e-17
 551 0 -1.48915e-16 1.38106e-17
 552 0 -1.48645e-16 1.37882e-17
 553 0 -1.48376e-16 1.37659e-17
 554 0 -1.48108e-16 1.37436e-17
 555 0 -1.47841e-16 1.37214e-17
 556 -4.92066e-16 -1.4846e-16 1.37107e-17
 557 -1.23016e-16 -1.48415e-16 1.36862e-17
 558 0 -1.48149e-16 1.36642e-17
 559 0 -1.47884e-16 1.36423e-17
 560 -4.92066e-16 -1.48498e-16 1.36318e-17
 561 2.46033e-16 -1.47795e-16 1.36256e-17
 562 0 -1.47532e-16 1.36039e-17
 563 0 -1.4727e-16 1.35823e-17
 564 -4.92066e-16 -1.47881e-16 1.35719e-17
 565 0 -1.4762e-16 1.35504e-17
 566 2.46033e-16 -1.46924e-16 1.35443e-17
 567 0 -1.46665e-16 1.35229e-17
 568 2.46033e-16 -1.45974e-16 1.35168e-17
 569 -4.92066e-16 -1.46582e-16 1.35067e-17
 570 -4.92066e-16 -1.47188e-16 1.34966e-17
 571 0 -1.4693e-16 1.34754e-17
 572 -4.92066e-16 -1.47534e-16 1.34653e-17
 573 0 -1.47276e-16 1.34443e-17
 574 0 -1.4702e-16 1.34233e-17
 575 0 -1.46764e-16 1.34024e-17
 576 0 -1.46509e-16 1.33815e-17
 577 0 -1.46255e-16 1.33607e-17
 578 -4.92066e-16 -1.46853e-16 1.3351e-17
 579 -4.92066e-16 -1.4745e-16 1.33412e-17
 580 -4.92066e-16 -1.48044e-16 1.33315e-17
 581 -9.84131e-16 -1.49483e-16 1.33861e-17
 582 0 -1.49226e-16 1.33655e-17
 583 0 -1.4897e-16 1.3345e-17
 584 -9.84131e-16 -1.504e-16 1.33987e-17
 585 0 -1.50143e-16 1.33782e-17
 586 0 -1.49887e-16 1.33579e-17
 587 -9.84131e-16 -1.51308e-16 1.34106e-17
 588 -4.92066e-16 -1.51888e-16 1.34003e-17
 589 0 -1.5163e-16 1.338e-17
 590 2.46033e-16 -1.50956e-16 1.33743e-17
 591 -4.92066e-16 -1.51533e-16 1.33641e-17
 592 2.46033e-16 -1.50861e-16 1.33584e-17
 593 0 -1.50607e-16 1.33383e-17
 594 -1.23016e-16 -1.5056e-16 1.33159e-17
 595 0 -1.50307e-16 1.32959e-17
 596 2.46033e-16 -1.49642e-16 1.32903e-17
 597 -4.92066e-16 -1.50216e-16 1.32804e-17
 598 0 -1.49965e-16 1.32605e-17
 599 0 -1.49714e-16 1.32407e-17
 600 2.46033e-16 -1.49055e-16 1.32351e-17
 601 -4.92066e-16 -1.49626e-16 1.32254e-17
 602 -4.92066e-16 -1.50194e-16 1.32156e-17
 603 -4.92066e-16 -1.50761e-16 1.32059e-17
 604 2.46033e-16 -1.50104e-16 1.32003e-17
 605 -1.23016e-16 -1.5006e-16 1.31786e-17
 606 0 -1.49812e-16 1.31591e-17
 607 0 -1.49565e-16 1.31398e-17
 608 0 -1.49319e-16 1.31204e-17
 609 0 -1.49074e-16 1.31012e-17
 610 0 -1.4883e-16 1.3082e-17
 611 -4.92066e-16 -1.49391e-16 1.30726e-17
 612 0 -1.49147e-16 1.30535e-17
 613 0 -1.48904e-16 1.30345e-17
 614 0 -1.48662e-16 1.30155e-17
 615 0 -1.4842e-16 1.29966e-17
 616 -4.92066e-16 -1.48978e-16 1.29874e-17
 617 -4.92066e-16 -1.49534e-16 1.29783e-17
 618 0 -1.49292e-16 1.29595e-17
 619 2.46033e-16 -1.48653e-16 1.29543e-17
 620 -4.92066e-16 -1.49207e-16 1.29453e-17
 621 0 -1.48967e-16 1.29266e-17
 622 0 -1.48727e-16 1.29081e-17
 623 0 -1.48488e-16 1.28895e-17
 624 0 -1.48251e-16 1.28711e-17
 625 0 -1.48013e-16 1.28526e-17
 626 -9.84131e-16 -1.49349e-16 1.29014e-17
 627 0 -1.49111e-16 1.2883e-17
 628 0 -1.48873e-16 1.28647e-17
 629 -9.84131e-16 -1.50201e-16 1.29127e-17
 630 -9.84131e-16 -1.51525e-16 1.29599e-17
 631 0 -1.51285e-16 1.29416e-17
 632 0 -1.51045e-16 1.29233e-17
 633 -9.84131e-16 -1.52362e-16 1.29699e-17
 634 0 -1.52121e-16 1.29516e-17
 635 0 -1.51882e-16 1.29334e-17
 636 0 -1.51643e-16 1.29153e-17
 637 -4.92066e-16 -1.52177e-16 1.29061e-17
 638 2.46033e-16 -1.51553e-16 1.29009e-17
 639 0 -1.51316e-16 1.28829e-17
 640 2.46033e-16 -1.50695e-16 1.28777e-17
 641 0 -1.5046e-16 1.28598e-17
 642 -9.84131e-16 -1.51759e-16 1.29052e-17
 643 -4.92066e-16 -1.52288e-16 1.2896e-17
 644 0 -1.52051e-16 1.28781e-17
 645 0 -1.51816e-16 1.28603e-17
 646 2.46033e-16 -1.512e-16 1.28551e-17
 647 -4.92066e-16 -1.51727e-16 1.28461e-17
 648 0 -1.51492e-16 1.28284e-17
 649 0 -1.51259e-16 1.28107e-17
 650 -4.92066e-16 -1.51783e-16 1.28017e-17
 651 0 -1.5155e-16 1.27842e-17
 652 -4.92066e-16 -1.52072e-16 1.27752e-17
 653 2.46033e-16 -1.51463e-16 1.27702e-17
 654 0 -1.51231e-16 1.27528e-17
 655 2.46033e-16 -1.50625e-16 1.27477e-17
 656 0 -1.50395e-16 1.27304e-17
 657 2.46033e-16 -1.49792e-16 1.27253e-17
 658 0 -1.49564e-16 1.2708e-17
 659 -4.92066e-16 -1.50084e-16 1.26993e-17
 660 -4.92066e-16 -1.50602e-16 1.26906e-17
 661 0 -1.50374e-16 1.26735e-17
 662 0 -1.50147e-16 1.26563e-17
 663 -1.23016e-16 -1.50106e-16 1.26373e-17
 664 -1.23016e-16 -1.50065e-16 1.26183e-17
 665 0 -1.4984e-16 1.26014e-17
 666 -4.92066e-16 -1.50353e-16 1.25929e-17
 667 0 -1.50128e-16 1.2576e-17
 668 0 -1.49903e-16 1.25592e-17
 669 -9.84131e-16 -1.5115e-16 1.26023e-17
 670 0 -1.50925e-16 1.25855e-17
 671 0 -1.507e-16 1.25687e-17
 672 0 -1.50475e-16 1.2552e-17
 673 2.46033e-16 -1.49886e-16 1.25472e-17
 674 0 -1.49664e-16 1.25305e-17
 675 -4.92066e-16 -1.50171e-16 1.25222e-17
 676 -4.92066e-16 -1.50677e-16 1.25139e-17
 677 -4.92066e-16 -1.51181e-16 1.25056e-17
 678 0 -1.50958e-16 1.24891e-17
 679 -4.92066e-16 -1.51461e-16 1.24808e-17
 680 -4.92066e-16 -1.51961e-16 1.24725e-17
 681 0 -1.51738e-16 1.24562e-17
 682 -1.23016e-16 -1.51696e-16 1.2438e-17
 683 0 -1.51474e-16 1.24217e-17
 684 2.46033e-16 -1.50893e-16 1.24172e-17
 685 0 -1.50673e-16 1.2401e-17
 686 0 -1.50453e-16 1.23848e-17
 687 2.46033e-16 -1.49876e-16 1.23803e-17
 688 2.46033e-16 -1.493e-16 1.23756e-17
 689 2.46033e-16 -1.48727e-16 1.2371e-17
 690 0 -1.48511e-16 1.23549e-17
 691 2.46033e-16 -1.4794e-16 1.23502e-17
 692 -1.23016e-16 -1.47904e-16 1.23324e-17
 693 -1.23016e-16 -1.47868e-16 1.23147e-17
 694 0 -1.47655e-16 1.22987e-17
 695 0 -1.47443e-16 1.22829e-17
 696 2.46033e-16 -1.46877e-16 1.22782e-17
 697 0 -1.46667e-16 1.22624e-17
 698 -9.84131e-16 -1.47866e-16 1.23035e-17
 699 -4.92066e-16 -1.48359e-16 1.22957e-17
 700 2.46033e-16 -1.47795e-16 1.22911e-17
 701 0 -1.47585e-16 1.22753e-17
 702 2.46033e-16 -1.47024e-16 1.22707e-17
 703 0 -1.46815e-16 1.2255e-17
 704 2.46033e-16 -1.46257e-16 1.22503e-17
 705 0 -1.46049e-16 1.22346e-17
 706 0 -1.45842e-16 1.22191e-17
 707 -4.92066e-16 -1.46332e-16 1.22116e-17
 708 2.46033e-16 -1.45778e-16 1.22069e-17
 709 0 -1.45572e-16 1.21914e-17
 710 -1.23016e-16 -1.45541e-16 1.21743e-17
 711 -1.23016e-16 -1.45509e-16 1.21572e-17
 712 -1.23016e-16 -1.45477e-16 1.21401e-17
 713 -4.92066e-16 -1.45963e-16 1.21328e-17
 714 0 -1.45759e-16 1.21176e-17
 715 0 -1.45555e-16 1.21023e-17
 716 2.46033e-16 -1.45008e-16 1.20978e-17
 717 -4.92066e-16 -1.45492e-16 1.20906e-17
 718 0 -1.4529e-16 1.20754e-17
 719 0 -1.45087e-16 1.20603e-17
 720 0 -1.44886e-16 1.20452e-17
 721 -9.84131e-16 -1.4605e-16 1.20847e-17
 722 0 -1.45848e-16 1.20696e-17
 723 0 -1.45646e-16 1.20546e-17
 724 -4.92066e-16 -1.46124e-16 1.20475e-17
 725 0 -1.45923e-16 1.20325e-17
 726 -9.84131e-16 -1.47077e-16 1.20713e-17
 727 0 -1.46875e-16 1.20564e-17
 728 -4.92066e-16 -1.47349e-16 1.20491e-17
 729 0 -1.47147e-16 1.20343e-17
 730 -4.92066e-16 -1.4762e-16 1.20271e-17
 731 2.46033e-16 -1.47081e-16 1.20227e-17
 732 -4.92066e-16 -1.47552e-16 1.20155e-17
 733 0 -1.47351e-16 1.20008e-17
 734 0 -1.4715e-16 1.19861e-17
 735 0 -1.4695e-16 1.19715e-17
 736 0 -1.46751e-16 1.19568e-17
 737 0 -1.46551e-16 1.19423e-17
 738 0 -1.46353e-16 1.19277e-17
 739 0 -1.46155e-16 1.19132e-17
 740 0 -1.45957e-16 1.18988e-17
 741 0 -1.4576e-16 1.18843e-17
 742 0 -1.45564e-16 1.18699e-17
 743 -4.92066e-16 -1.4603e-16 1.18631e-17
 744 -9.84131e-16 -1.47157e-16 1.19006e-17
 745 -1.23016e-16 -1.47124e-16 1.18846e-17
 746 2.46033e-16 -1.46597e-16 1.18804e-17
 747 -1.23016e-16 -1.46566e-16 1.18645e-17
 748 -4.92066e-16 -1.47028e-16 1.18576e-17
 749 2.46033e-16 -1.46503e-16 1.18534e-17
 750 0 -1.46308e-16 1.18392e-17
 751 0 -1.46113e-16 1.18251e-17
 752 0 -1.45918e-16 1.18109e-17
 753 -9.84131e-16 -1.47032e-16 1.18476e-17
 754 0 -1.46837e-16 1.18335e-17
 755 2.46033e-16 -1.46316e-16 1.18293e-17
 756 0 -1.46123e-16 1.18152e-17
 757 0 -1.4593e-16 1.18012e-17
 758 0 -1.45737e-16 1.17872e-17
 759 -4.92066e-16 -1.46193e-16 1.17805e-17
 760 -9.84131e-16 -1.47296e-16 1.18165e-17
 761 -9.84131e-16 -1.48396e-16 1.18521e-17
 762 -4.92066e-16 -1.48847e-16 1.18451e-17
 763 -4.92066e-16 -1.49296e-16 1.18381e-17
 764 -4.92066e-16 -1.49745e-16 1.18311e-17
 765 -9.84131e-16 -1.50836e-16 1.18659e-17
 766 0 -1.50639e-16 1.1852e-17
 767 0 -1.50442e-16 1.18382e-17
 768 0 -1.50247e-16 1.18244e-17
 769 -1.23016e-16 -1.50211e-16 1.18091e-17
 770 0 -1.50016e-16 1.17953e-17
 771 0 -1.49822e-16 1.17816e-17
 772 -4.92066e-16 -1.50265e-16 1.17747e-17
 773 0 -1.5007e-16 1.17611e-17
 774 2.46033e-16 -1.49559e-16 1.1757e-17
 775 -1.23016e-16 -1.49524e-16 1.17419e-17
 776 0 -1.49332e-16 1.17283e-17
 777 -1.23016e-16 -1.49298e-16 1.17133e-17
 778 -4.92066e-16 -1.49738e-16 1.17065e-17
 779 2.46033e-16 -1.4923e-16 1.17025e-17
 780 0 -1.49039e-16 1.1689e-17
 781 -4.92066e-16 -1.49478e-16 1.16823e-17
 782 0 -1.49287e-16 1.16689e-17
 783 -4.92066e-16 -1.49725e-16 1.16622e-17
 784 0 -1.49534e-16 1.16489e-17
 785 0 -1.49343e-16 1.16356e-17
 786 -1.23016e-16 -1.4931e-16 1.16209e-17
 787 -4.92066e-16 -1.49746e-16 1.16143e-17
 788 0 -1.49555e-16 1.16011e-17
 789 0 -1.49366e-16 1.15879e-17
 790 2.46033e-16 -1.48865e-16 1.1584e-17
 791 2.46033e-16 -1.48366e-16 1.15802e-17
 792 0 -1.48179e-16 1.1567e-17
 793 0 -1.47992e-16 1.1554e-17
 794 2.46033e-16 -1.47496e-16 1.15501e-17
 795 0 -1.4731e-16 1.1537e-17
 796 0 -1.47125e-16 1.1524e-17
 797 -4.92066e-16 -1.47558e-16 1.15177e-17
 798 2.46033e-16 -1.47065e-16 1.15138e-17
 799 0 -1.46881e-16 1.15009e-17
 800 2.46033e-16 -1.4639e-16 1.1497e-17
 801 0 -1.46207e-16 1.14841e-17
 802 2.46033e-16 -1.45718e-16 1.14801e-17
 803 2.46033e-16 -1.4523e-16 1.14762e-17
 804 -1.23016e-16 -1.45202e-16 1.1462e-17
 805 -4.92066e-16 -1.45633e-16 1.14558e-17
 806 2.46033e-16 -1.45147e-16 1.14519e-17
 807 -4.92066e-16 -1.45577e-16 1.14458e-17
 808 -1.23016e-16 -1.45549e-16 1.14317e-17
 809 -1.23016e-16 -1.45521e-16 1.14176e-17
 810 -1.23016e-16 -1.45493e-16 1.14035e-17
 811 0 -1.45314e-16 1.13908e-17
 812 -1.23016e-16 -1.45287e-16 1.13768e-17
 813 0 -1.45108e-16 1.13642e-17
 814 0 -1.4493e-16 1.13517e-17
 815 2.46033e-16 -1.4445e-16 1.13479e-17
 816 0 -1.44273e-16 1.13353e-17
 817 -4.92066e-16 -1.44699e-16 1.13294e-17
 818 0 -1.44522e-16 1.1317e-17
 819 0 -1.44345e-16 1.13045e-17
 820 0 -1.44169e-16 1.12921e-17
 821 -9.84131e-16 -1.45192e-16 1.13246e-17
 822 -1.23016e-16 -1.45165e-16 1.13109e-17
 823 0 -1.44989e-16 1.12985e-17
 824 -4.92066e-16 -1.4541e-16 1.12927e-17
 825 -4.92066e-16 -1.4583e-16 1.12868e-17
 826 -9.84131e-16 -1.46845e-16 1.13187e-17
 827 -4.92066e-16 -1.47263e-16 1.13127e-17
 828 0 -1.47085e-16 1.13004e-17
 829 -4.92066e-16 -1.47501e-16 1.12945e-17
 830 2.46033e-16 -1.47027e-16 1.12908e-17
 831 2.46033e-16 -1.46554e-16 1.12871e-17
 832 0 -1.46378e-16 1.12749e-17
 833 -4.92066e-16 -1.46793e-16 1.1269e-17
 834 -4.92066e-16 -1.47207e-16 1.12631e-17
 835 -4.92066e-16 -1.4762e-16 1.12572e-17
 836 0 -1.47443e-16 1.12451e-17
 837 2.46033e-16 -1.46973e-16 1.12415e-17
 838 2.46033e-16 -1.46504e-16 1.12379e-17
 839 2.46033e-16 -1.46036e-16 1.12342e-17
 840 -1.23016e-16 -1.46009e-16 1.12209e-17
 841 -1.23016e-16 -1.45981e-16 1.12076e-17
 842 2.46033e-16 -1.45516e-16 1.12039e-17
 843 -1.23016e-16 -1.45489e-16 1.11906e-17
 844 2.46033e-16 -1.45025e-16 1.1187e-17
 845 0 -1.44854e-16 1.11751e-17
 846 -4.92066e-16 -1.45264e-16 1.11694e-17
 847 0 -1.45093e-16 1.11575e-17
 848 0 -1.44921e-16 1.11457e-17
 849 2.46033e-16 -1.44461e-16 1.11421e-17
 850 -1.23016e-16 -1.44436e-16 1.1129e-17
 851 0 -1.44266e-16 1.11172e-17
 852 0 -1.44097e-16 1.11054e-17
 853 2.46033e-16 -1.43639e-16 1.11018e-17
 854 -4.92066e-16 -1.44047e-16 1.10963e-17
 855 2.46033e-16 -1.43591e-16 1.10927e-17
 856 2.46033e-16 -1.43136e-16 1.10891e-17
 857 -1.23016e-16 -1.43112e-16 1.10762e-17
 858 -4.92066e-16 -1.43519e-16 1.10707e-17
 859 0 -1.43352e-16 1.10591e-17
 860 -4.92066e-16 -1.43758e-16 1.10537e-17
 861 2.46033e-16 -1.43305e-16 1.10501e-17
 862 0 -1.43139e-16 1.10385e-17
 863 0 -1.42973e-16 1.1027e-17
 864 2.46033e-16 -1.42522e-16 1.10234e-17
 865 -1.23016e-16 -1.425e-16 1.10107e-17
 866 -4.92066e-16 -1.42904e-16 1.10054e-17
 867 0 -1.42739e-16 1.09939e-17
 868 -4.92066e-16 -1.43141e-16 1.09886e-17
 869 0 -1.42976e-16 1.09772e-17
 870 -1.23016e-16 -1.42954e-16 1.09646e-17
 871 -4.92066e-16 -1.43354e-16 1.09593e-17
 872 -4.92066e-16 -1.43754e-16 1.0954e-17
 873 0 -1.4359e-16 1.09427e-17
 874 0 -1.43425e-16 1.09314e-17
 875 -1.23016e-16 -1.43402e-16 1.09189e-17
 876 -1.23016e-16 -1.43379e-16 1.09065e-17
 877 -1.23016e-16 -1.43355e-16 1.08941e-17
 878 0 -1.43192e-16 1.08829e-17
 879 0 -1.43029e-16 1.08717e-17
 880 2.46033e-16 -1.42587e-16 1.08684e-17
 881 2.46033e-16 -1.42146e-16 1.0865e-17
 882 -4.92066e-16 -1.42543e-16 1.08599e-17
 883 0 -1.42381e-16 1.08488e-17
 884 -4.92066e-16 -1.42777e-16 1.08437e-17
 885 -4.92066e-16 -1.43172e-16 1.08387e-17
 886 0 -1.4301e-16 1.08276e-17
 887 -4.92066e-16 -1.43404e-16 1.08226e-17
 888 0 -1.43242e-16 1.08116e-17
 889 -9.84131e-16 -1.44188e-16 1.08408e-17
 890 -9.84131e-16 -1.45132e-16 1.08696e-17
 891 -4.92066e-16 -1.45521e-16 1.08644e-17
 892 -4.92066e-16 -1.4591e-16 1.08592e-17
 893 -1.23016e-16 -1.45884e-16 1.0847e-17
 894 -4.92066e-16 -1.46271e-16 1.08418e-17
 895 -4.92066e-16 -1.46658e-16 1.08366e-17
 896 0 -1.46494e-16 1.08257e-17
 897 -1.23016e-16 -1.46468e-16 1.08137e-17
 898 -1.23016e-16 -1.46442e-16 1.08016e-17
 899 -1.23016e-16 -1.46416e-16 1.07897e-17
 900 -1.23016e-16 -1.4639e-16 1.07777e-17
 901 -4.92066e-16 -1.46773e-16 1.07726e-17
 902 -4.92066e-16 -1.47156e-16 1.07674e-17
 903 0 -1.46993e-16 1.07567e-17
 904 0 -1.4683e-16 1.0746e-17
 905 0 -1.46668e-16 1.07354e-17
 906 -9.84131e-16 -1.47593e-16 1.07633e-17
 907 0 -1.4743e-16 1.07527e-17
 908 0 -1.47267e-16 1.0742e-17
 909 -9.84131e-16 -1.48188e-16 1.07696e-17
 910 0 -1.48025e-16 1.0759e-17
 911 0 -1.47863e-16 1.07484e-17
 912 -4.92066e-16 -1.4824e-16 1.07433e-17
 913 -4.92066e-16 -1.48617e-16 1.07381e-17
 914 1.96826e-15 -1.46301e-16 1.09735e-17
 915 0 -1.46141e-16 1.09627e-17
 916 0 -1.45981e-16 1.09519e-17
 917 0 -1.45822e-16 1.09411e-17
 918 0 -1.45663e-16 1.09303e-17
 919 0 -1.45505e-16 1.09196e-17
 920 -4.92066e-16 -1.45881e-16 1.09142e-17
 921 0 -1.45723e-16 1.09035e-17
 922 2.46033e-16 -1.45298e-16 1.09e-17
 923 2.46033e-16 -1.44874e-16 1.08964e-17
 924 0 -1.44717e-16 1.08857e-17
 925 0 -1.44561e-16 1.08751e-17
 926 -9.84131e-16 -1.45468e-16 1.09011e-17
 927 -1.23016e-16 -1.45443e-16 1.08894e-17
 928 2.46033e-16 -1.45021e-16 1.08858e-17
 929 2.46033e-16 -1.44601e-16 1.08822e-17
 930 0 -1.44445e-16 1.08716e-17
 931 -9.84131e-16 -1.45347e-16 1.08973e-17
 932 0 -1.45191e-16 1.08867e-17
 933 -9.84131e-16 -1.4609e-16 1.09122e-17
 934 0 -1.45934e-16 1.09016e-17
 935 -9.84131e-16 -1.4683e-16 1.09268e-17
 936 0 -1.46673e-16 1.09162e-17
 937 0 -1.46517e-16 1.09057e-17
 938 0 -1.46361e-16 1.08952e-17
 939 0 -1.46205e-16 1.08847e-17
 940 0 -1.46049e-16 1.08742e-17
 941 -1.23016e-16 -1.46025e-16 1.08627e-17
 942 0 -1.4587e-16 1.08522e-17
 943 0 -1.45715e-16 1.08418e-17
 944 2.46033e-16 -1.453e-16 1.08383e-17
 945 -9.84131e-16 -1.46188e-16 1.08631e-17
 946 0 -1.46033e-16 1.08528e-17
 947 0 -1.45879e-16 1.08424e-17
 948 0 -1.45725e-16 1.0832e-17
 949 -4.92066e-16 -1.4609e-16 1.08268e-17
 950 0 -1.45936e-16 1.08165e-17
 951 -4.92066e-16 -1.463e-16 1.08112e-17
 952 0 -1.46147e-16 1.08009e-17
 953 -1.23016e-16 -1.46122e-16 1.07896e-17
 954 0 -1.45969e-16 1.07794e-17
 955 -4.92066e-16 -1.46332e-16 1.07742e-17
 956 -9.84131e-16 -1.47208e-16 1.07985e-17
 957 -4.92066e-16 -1.47568e-16 1.07933e-17
 958 0 -1.47414e-16 1.07831e-17
 959 0 -1.47261e-16 1.07729e-17
 960 -4.92066e-16 -1.4762e-16 1.07677e-17
 961 2.46033e-16 -1.4721e-16 1.07643e-17
 962 0 -1.47057e-16 1.07542e-17
 963 0 -1.46904e-16 1.07441e-17
 964 0 -1.46752e-16 1.0734e-17
 965 2.46033e-16 -1.46345e-16 1.07306e-17
 966 0 -1.46193e-16 1.07206e-17
 967 -9.84131e-16 -1.4706e-16 1.07445e-17
 968 0 -1.46908e-16 1.07345e-17
 969 0 -1.46756e-16 1.07245e-17
 970 -4.92066e-16 -1.47112e-16 1.07193e-17
 971 0 -1.46961e-16 1.07093e-17
 972 0 -1.4681e-16 1.06994e-17
 973 0 -1.46659e-16 1.06894e-17
 974 -9.84131e-16 -1.47519e-16 1.0713e-17
 975 2.46033e-16 -1.47115e-16 1.07096e-17
 976 -1.23016e-16 -1.4709e-16 1.06987e-17
 977 2.46033e-16 -1.46688e-16 1.06953e-17
 978 -1.23016e-16 -1.46664e-16 1.06844e-17
 979 -1.23016e-16 -1.4664e-16 1.06735e-17
 980 2.46033e-16 -1.46239e-16 1.06701e-17
 981 2.46033e-16 -1.45839e-16 1.06667e-17
 982 0 -1.45691e-16 1.06569e-17
 983 0 -1.45542e-16 1.06471e-17
 984 0 -1.45394e-16 1.06373e-17
 985 -4.92066e-16 -1.45746e-16 1.06323e-17
 986 0 -1.45599e-16 1.06226e-17
 987 -4.92066e-16 -1.4595e-16 1.06176e-17
 988 -9.84131e-16 -1.46798e-16 1.06407e-17
 989 0 -1.46649e-16 1.0631e-17
 990 1.96826e-15 -1.44513e-16 1.0833e-17
 991 -9.84131e-16 -1.4536e-16 1.08551e-17
 992 2.46033e-16 -1.44966e-16 1.08514e-17
 993 2.46033e-16 -1.44572e-16 1.08476e-17
 994 -4.92066e-16 -1.44922e-16 1.08423e-17
 995 0 -1.44776e-16 1.08324e-17
 996 -4.92066e-16 -1.45125e-16 1.08271e-17
 997 0 -1.44979e-16 1.08172e-17
 998 -4.92066e-16 -1.45327e-16 1.0812e-17
 999 0 -1.45182e-16 1.08021e-17
 1000 -9.84131e-16 -1.4602e-16 1.08239e-17
 1001 0 -1.45875e-16 1.08141e-17
 1002 0 -1.45729e-16 1.08042e-17
 1003 -9.84131e-16 -1.46565e-16 1.08258e-17
 1004 0 -1.46419e-16 1.0816e-17
 1005 -9.84131e-16 -1.47252e-16 1.08373e-17
 1006 -9.84131e-16 -1.48084e-16 1.08584e-17
 1007 0 -1.47937e-16 1.08487e-17
 1008 -4.92066e-16 -1.48279e-16 1.08433e-17
 1009 -4.92066e-16 -1.48619e-16 1.08379e-17
 1010 -1.23016e-16 -1.48594e-16 1.08272e-17
 1011 0 -1.48447e-16 1.08174e-17
 1012 -4.92066e-16 -1.48787e-16 1.08121e-17
 1013 0 -1.4864e-16 1.08024e-17
 1014 -4.92066e-16 -1.48978e-16 1.07971e-17
 1015 0 -1.48832e-16 1.07874e-17
 1016 0 -1.48685e-16 1.07778e-17
 1017 -4.92066e-16 -1.49023e-16 1.07725e-17
 1018 -4.92066e-16 -1.4936e-16 1.07672e-17
 1019 0 -1.49213e-16 1.07576e-17
 1020 0 -1.49067e-16 1.0748e-17
 1021 -1.23016e-16 -1.49041e-16 1.07375e-17
 1022 2.46033e-16 -1.48655e-16 1.0734e-17
 1023 -1.23016e-16 -1.4863e-16 1.07235e-17
 1024 2.46033e-16 -1.48244e-16 1.072e-17
 1025 -1.23016e-16 -1.4822e-16 1.07095e-17
 1026 0 -1.48075e-16 1.07001e-17
 1027 0 -1.47931e-16 1.06906e-17
 1028 0 -1.47787e-16 1.06812e-17
 1029 -4.92066e-16 -1.48122e-16 1.0676e-17
 1030 -4.92066e-16 -1.48456e-16 1.06709e-17
 1031 0 -1.48312e-16 1.06615e-17
 1032 -4.92066e-16 -1.48645e-16 1.06564e-17
 1033 0 -1.48501e-16 1.0647e-17
 1034 0 -1.48357e-16 1.06377e-17
 1035 0 -1.48214e-16 1.06284e-17
 1036 2.46033e-16 -1.47833e-16 1.06249e-17
 1037 0 -1.47691e-16 1.06156e-17
 1038 0 -1.47549e-16 1.06064e-17
 1039 -4.92066e-16 -1.4788e-16 1.06013e-17
 1040 -1.23016e-16 -1.47856e-16 1.05912e-17
 1041 -4.92066e-16 -1.48187e-16 1.05862e-17
 1042 0 -1.48045e-16 1.05769e-17
 1043 -9.84131e-16 -1.48846e-16 1.05972e-17
 1044 0 -1.48704e-16 1.0588e-17
 1045 0 -1.48561e-16 1.05788e-17
 1046 -4.92066e-16 -1.4889e-16 1.05738e-17
 1047 2.46033e-16 -1.48513e-16 1.05704e-17
 1048 -4.92066e-16 -1.4884e-16 1.05654e-17
 1049 -1.23016e-16 -1.48816e-16 1.05553e-17
 1050 2.46033e-16 -1.4844e-16 1.0552e-17
 1051 2.46033e-16 -1.48064e-16 1.05486e-17
 1052 0 -1.47924e-16 1.05395e-17
 1053 -9.84131e-16 -1.48718e-16 1.05594e-17
 1054 0 -1.48577e-16 1.05503e-17
 1055 0 -1.48436e-16 1.05413e-17
 1056 0 -1.48295e-16 1.05322e-17
 1057 2.46033e-16 -1.47922e-16 1.05289e-17
 1058 0 -1.47782e-16 1.05198e-17
 1059 -4.92066e-16 -1.48108e-16 1.05149e-17
 1060 2.46033e-16 -1.47736e-16 1.05116e-17
 1061 0 -1.47596e-16 1.05026e-17
 1062 -4.92066e-16 -1.47921e-16 1.04977e-17
 1063 -1.23016e-16 -1.47897e-16 1.04879e-17
 1064 0 -1.47758e-16 1.04789e-17
 1065 -4.92066e-16 -1.48082e-16 1.04741e-17
 1066 -9.84131e-16 -1.48866e-16 1.04936e-17
 1067 0 -1.48726e-16 1.04847e-17
 1068 0 -1.48587e-16 1.04758e-17
 1069 -9.84131e-16 -1.49369e-16 1.04951e-17
 1070 0 -1.49229e-16 1.04862e-17
 1071 0 -1.4909e-16 1.04774e-17
 1072 -9.84131e-16 -1.49869e-16 1.04965e-17
 1073 -4.92066e-16 -1.50188e-16 1.04916e-17
 1074 -4.92066e-16 -1.50506e-16 1.04867e-17
 1075 2.46033e-16 -1.50137e-16 1.04834e-17
 1076 0 -1.49998e-16 1.04746e-17
 1077 0 -1.49858e-16 1.04658e-17
 1078 -4.92066e-16 -1.50176e-16 1.04609e-17
 1079 -4.92066e-16 -1.50493e-16 1.0456e-17
 1080 -4.92066e-16 -1.50809e-16 1.04511e-17
 1081 0 -1.50669e-16 1.04423e-17
 1082 -4.92066e-16 -1.50985e-16 1.04374e-17
 1083 -1.23016e-16 -1.50959e-16 1.04278e-17
 1084 0 -1.5082e-16 1.04191e-17
 1085 0 -1.50681e-16 1.04105e-17
 1086 0 -1.50542e-16 1.04018e-17
 1087 0 -1.50404e-16 1.03932e-17
 1088 -4.92066e-16 -1.50718e-16 1.03883e-17
 1089 0 -1.50579e-16 1.03797e-17
 1090 -4.92066e-16 -1.50893e-16 1.03749e-17
 1091 2.46033e-16 -1.50529e-16 1.03718e-17
 1092 -4.92066e-16 -1.50842e-16 1.0367e-17
 1093 0 -1.50704e-16 1.03584e-17
 1094 0 -1.50566e-16 1.03499e-17
 1095 -4.92066e-16 -1.50878e-16 1.03451e-17
 1096 2.46033e-16 -1.50516e-16 1.0342e-17
 1097 0 -1.50378e-16 1.03335e-17
 1098 0 -1.50241e-16 1.0325e-17
 1099 2.46033e-16 -1.49881e-16 1.03219e-17
 1100 0 -1.49745e-16 1.03134e-17
 1101 -4.92066e-16 -1.50055e-16 1.03087e-17
 1102 2.46033e-16 -1.49696e-16 1.03056e-17
 1103 -1.23016e-16 -1.49672e-16 1.02963e-17
 1104 -4.92066e-16 -1.49982e-16 1.02917e-17
 1105 -4.92066e-16 -1.50292e-16 1.0287e-17
 1106 -4.92066e-16 -1.50601e-16 1.02823e-17
 1107 2.46033e-16 -1.50242e-16 1.02793e-17
 1108 0 -1.50107e-16 1.02709e-17
 1109 0 -1.49971e-16 1.02625e-17
 1110 0 -1.49836e-16 1.02542e-17
 1111 -4.92066e-16 -1.50144e-16 1.02496e-17
 1112 0 -1.50009e-16 1.02412e-17
 1113 0 -1.49874e-16 1.02329e-17
 1114 0 -1.4974e-16 1.02246e-17
 1115 2.46033e-16 -1.49385e-16 1.02216e-17
 1116 2.46033e-16 -1.49031e-16 1.02186e-17
 1117 -4.92066e-16 -1.49338e-16 1.02141e-17
 1118 0 -1.49204e-16 1.02058e-17
 1119 0 -1.49071e-16 1.01975e-17
 1120 0 -1.48938e-16 1.01893e-17
 1121 0 -1.48805e-16 1.01811e-17
 1122 2.46033e-16 -1.48453e-16 1.01781e-17
 1123 0 -1.48321e-16 1.01699e-17
 1124 -1.23016e-16 -1.48298e-16 1.01608e-17
 1125 0 -1.48166e-16 1.01527e-17
 1126 2.46033e-16 -1.47816e-16 1.01497e-17
 1127 -9.84131e-16 -1.48558e-16 1.01678e-17
 1128 0 -1.48427e-16 1.01596e-17
 1129 0 -1.48295e-16 1.01515e-17
 1130 2.46033e-16 -1.47946e-16 1.01485e-17
 1131 0 -1.47815e-16 1.01404e-17
 1132 -4.92066e-16 -1.4812e-16 1.0136e-17
 1133 -9.84131e-16 -1.48857e-16 1.01539e-17
 1134 -4.92066e-16 -1.4916e-16 1.01494e-17
 1135 2.46033e-16 -1.48812e-16 1.01464e-17
 1136 -1.23016e-16 -1.48789e-16 1.01375e-17
 1137 -4.92066e-16 -1.49091e-16 1.01331e-17
 1138 -4.92066e-16 -1.49393e-16 1.01287e-17
 1139 -1.23016e-16 -1.49369e-16 1.01198e-17
 1140 -4.92066e-16 -1.4967e-16 1.01154e-17
 1141 2.46033e-16 -1.49323e-16 1.01125e-17
 1142 2.46033e-16 -1.48977e-16 1.01096e-17
 1143 2.46033e-16 -1.48631e-16 1.01066e-17
 1144 2.46033e-16 -1.48286e-16 1.01037e-17
 1145 -4.92066e-16 -1.48587e-16 1.00993e-17
 1146 0 -1.48457e-16 1.00913e-17
 1147 -1.23016e-16 -1.48435e-16 1.00825e-17
 1148 0 -1.48305e-16 1.00746e-17
 1149 0 -1.48176e-16 1.00666e-17
 1150 0 -1.48048e-16 1.00587e-17
 1151 -4.92066e-16 -1.48346e-16 1.00544e-17
 1152 -4.92066e-16 -1.48645e-16 1.00501e-17
 1153 0 -1.48516e-16 1.00422e-17
 1154 -9.84131e-16 -1.4924e-16 1.00596e-17
 1155 -9.84131e-16 -1.49963e-16 1.00769e-17
 1156 -4.92066e-16 -1.50259e-16 1.00725e-17
 1157 -4.92066e-16 -1.50554e-16 1.00681e-17
 1158 0 -1.50424e-16 1.00602e-17
 1159 -4.92066e-16 -1.50719e-16 1.00559e-17
 1160 2.46033e-16 -1.50377e-16 1.0053e-17
 1161 0 -1.50247e-16 1.00452e-17
 1162 0 -1.50118e-16 1.00374e-17
 1163 -9.84131e-16 -1.50835e-16 1.00544e-17
 1164 -9.84131e-16 -1.51551e-16 1.00712e-17
 1165 -4.92066e-16 -1.51843e-16 1.00668e-17
 1166 -1.23016e-16 -1.51819e-16 1.00582e-17
 1167 0 -1.51689e-16 1.00504e-17
 1168 2.46033e-16 -1.51348e-16 1.00476e-17
 1169 2.46033e-16 -1.51008e-16 1.00447e-17
 1170 -4.92066e-16 -1.513e-16 1.00404e-17
 1171 0 -1.5117e-16 1.00326e-17
 1172 -9.84131e-16 -1.51881e-16 1.00492e-17
 1173 0 -1.51752e-16 1.00415e-17
 1174 0 -1.51622e-16 1.00338e-17
 1175 0 -1.51493e-16 1.0026e-17
 1176 -9.84131e-16 -1.52201e-16 1.00425e-17
 1177 -9.84131e-16 -1.52908e-16 1.00588e-17
 1178 -4.92066e-16 -1.53196e-16 1.00544e-17
 1179 -4.92066e-16 -1.53484e-16 1.005e-17
 1180 0 -1.53353e-16 1.00423e-17
 1181 0 -1.53224e-16 1.00347e-17
 1182 0 -1.53094e-16 1.0027e-17
 1183 0 -1.52965e-16 1.00194e-17
 1184 -1.23016e-16 -1.52939e-16 1.00109e-17
 1185 0 -1.5281e-16 1.00033e-17
 1186 0 -1.52681e-16 9.99569e-18
 1187 -4.92066e-16 -1.52967e-16 9.99136e-18
 1188 -4.92066e-16 -1.53253e-16 9.98702e-18
 1189 2.46033e-16 -1.52917e-16 9.98427e-18
 1190 -4.92066e-16 -1.53202e-16 9.97995e-18
 1191 2.46033e-16 -1.52867e-16 9.9772e-18
 1192 -4.92066e-16 -1.53151e-16 9.97288e-18
 1193 0 -1.53023e-16 9.96535e-18
 1194 -4.92066e-16 -1.53307e-16 9.96105e-18
 1195 -9.84131e-16 -1.54002e-16 9.97696e-18
 1196 0 -1.53873e-16 9.96945e-18
 1197 -4.92066e-16 -1.54156e-16 9.96512e-18
 1198 0 -1.54027e-16 9.95763e-18
 1199 -1.23016e-16 -1.54001e-16 9.94936e-18
 1200 -4.92066e-16 -1.54283e-16 9.94505e-18
 1201 2.46033e-16 -1.5395e-16 9.94236e-18
 1202 0 -1.53822e-16 9.93491e-18
 1203 -4.92066e-16 -1.54103e-16 9.93063e-18
 1204 0 -1.53975e-16 9.9232e-18
 1205 -4.92066e-16 -1.54255e-16 9.91893e-18
 1206 0 -1.54128e-16 9.91153e-18
 1207 0 -1.54e-16 9.90414e-18
 1208 0 -1.53872e-16 9.89676e-18
 1209 -9.84131e-16 -1.54559e-16 9.91238e-18
 1210 0 -1.54431e-16 9.90501e-18
 1211 -4.92066e-16 -1.5471e-16 9.90076e-18
 1212 2.46033e-16 -1.54379e-16 9.89811e-18
 1213 0 -1.54252e-16 9.89076e-18
 1214 -9.84131e-16 -1.54936e-16 9.90623e-18
 1215 1.96826e-15 -1.53188e-16 1.00511e-17
 1216 0 -1.53062e-16 1.00437e-17
 1217 0 -1.52937e-16 1.00362e-17
 1218 0 -1.52811e-16 1.00287e-17
 1219 0 -1.52686e-16 1.00213e-17
 1220 -1.23016e-16 -1.52661e-16 1.00131e-17
 1221 0 -1.52536e-16 1.00057e-17
 1222 -1.23016e-16 -1.52512e-16 9.99752e-18
 1223 -1.23016e-16 -1.52488e-16 9.98937e-18
 1224 -1.23016e-16 -1.52464e-16 9.98124e-18
 1225 0 -1.52339e-16 9.97386e-18
 1226 -4.92066e-16 -1.52617e-16 9.96958e-18
 1227 0 -1.52492e-16 9.96222e-18
 1228 -4.92066e-16 -1.52769e-16 9.95795e-18
 1229 -4.92066e-16 -1.53045e-16 9.95367e-18
 1230 0 -1.5292e-16 9.94635e-18
 1231 -4.92066e-16 -1.53196e-16 9.94209e-18
 1232 0 -1.53072e-16 9.93479e-18
 1233 0 -1.52947e-16 9.92751e-18
 1234 -1.23016e-16 -1.52923e-16 9.91949e-18
 1235 0 -1.52799e-16 9.91223e-18
 1236 0 -1.52676e-16 9.90498e-18
 1237 0 -1.52552e-16 9.89774e-18
 1238 0 -1.52429e-16 9.89051e-18
 1239 2.46033e-16 -1.52107e-16 9.88775e-18
 1240 -1.23016e-16 -1.52084e-16 9.8798e-18
 1241 -4.92066e-16 -1.52358e-16 9.87564e-18
 1242 -1.23016e-16 -1.52334e-16 9.86771e-18
 1243 0 -1.52212e-16 9.86053e-18
 1244 0 -1.52089e-16 9.85336e-18
 1245 -4.92066e-16 -1.52362e-16 9.84923e-18
 1246 -4.92066e-16 -1.52635e-16 9.8451e-18
 1247 0 -1.52513e-16 9.83796e-18
 1248 2.46033e-16 -1.52193e-16 9.83526e-18
 1249 0 -1.52072e-16 9.82814e-18
 1250 0 -1.5195e-16 9.82103e-18
 1251 0 -1.51828e-16 9.81393e-18
 1252 0 -1.51707e-16 9.80683e-18
 1253 -4.92066e-16 -1.51979e-16 9.80277e-18
 1254 -1.23016e-16 -1.51956e-16 9.79497e-18
 1255 -1.23016e-16 -1.51933e-16 9.78719e-18
 1256 0 -1.51812e-16 9.78015e-18
 1257 -4.92066e-16 -1.52082e-16 9.77611e-18
 1258 0 -1.51961e-16 9.76908e-18
 1259 2.46033e-16 -1.51645e-16 9.76644e-18
 1260 0 -1.51525e-16 9.75943e-18
 1261 2.46033e-16 -1.5121e-16 9.75678e-18
 1262 -1.23016e-16 -1.51187e-16 9.74907e-18
 1263 0 -1.51068e-16 9.74208e-18
 1264 -9.84131e-16 -1.51727e-16 9.75666e-18
 1265 0 -1.51607e-16 9.74968e-18
 1266 -4.92066e-16 -1.51876e-16 9.74569e-18
 1267 -4.92066e-16 -1.52144e-16 9.7417e-18
 1268 2.46033e-16 -1.5183e-16 9.73907e-18
 1269 2.46033e-16 -1.51517e-16 9.73644e-18
 1270 0 -1.51397e-16 9.72951e-18
 1271 -1.23016e-16 -1.51375e-16 9.72187e-18
 1272 2.46033e-16 -1.51063e-16 9.71925e-18
 1273 -4.92066e-16 -1.5133e-16 9.71531e-18
 1274 2.46033e-16 -1.51019e-16 9.71269e-18
 1275 -1.23016e-16 -1.50997e-16 9.70509e-18
 1276 0 -1.50878e-16 9.6982e-18
 1277 0 -1.5076e-16 9.69133e-18
 1278 0 -1.50642e-16 9.68446e-18
 1279 2.46033e-16 -1.50332e-16 9.68185e-18
 1280 0 -1.50215e-16 9.675e-18
 1281 0 -1.50097e-16 9.66816e-18
 1282 2.46033e-16 -1.49788e-16 9.66555e-18
 1283 -4.92066e-16 -1.50055e-16 9.6617e-18
 1284 0 -1.49938e-16 9.65488e-18
 1285 -4.92066e-16 -1.50204e-16 9.65103e-18
 1286 2.46033e-16 -1.49896e-16 9.64845e-18
 1287 0 -1.4978e-16 9.64165e-18
 1288 -4.92066e-16 -1.50046e-16 9.63783e-18
 1289 -4.92066e-16 -1.50311e-16 9.634e-18
 1290 0 -1.50194e-16 9.62724e-18
 1291 0 -1.50078e-16 9.62048e-18
 1292 -4.92066e-16 -1.50343e-16 9.61667e-18
 1293 0 -1.50227e-16 9.60994e-18
 1294 -9.84131e-16 -1.50871e-16 9.62411e-18
 1295 0 -1.50754e-16 9.61738e-18
 1296 -9.84131e-16 -1.51398e-16 9.63145e-18
 1297 0 -1.51281e-16 9.62472e-18
 1298 -9.84131e-16 -1.51922e-16 9.63869e-18
 1299 2.46033e-16 -1.51616e-16 9.63614e-18
 1300 -9.84131e-16 -1.52256e-16 9.64999e-18
 1301 -4.92066e-16 -1.52518e-16 9.64611e-18
 1302 0 -1.52401e-16 9.63941e-18
 1303 2.46033e-16 -1.52095e-16 9.63686e-18
 1304 -4.92066e-16 -1.52355e-16 9.633e-18
 1305 -1.23016e-16 -1.52333e-16 9.62564e-18
 1306 -4.92066e-16 -1.52593e-16 9.62178e-18
 1307 0 -1.52476e-16 9.61513e-18
 1308 0 -1.5236e-16 9.60848e-18
 1309 0 -1.52243e-16 9.60184e-18
 1310 0 -1.52127e-16 9.59521e-18
 1311 -9.84131e-16 -1.52762e-16 9.60887e-18
 1312 -9.84131e-16 -1.53395e-16 9.62243e-18
 1313 0 -1.53279e-16 9.61581e-18
 1314 0 -1.53162e-16 9.6092e-18
 1315 -4.92066e-16 -1.5342e-16 9.60535e-18
 1316 0 -1.53303e-16 9.59875e-18
 1317 0 -1.53187e-16 9.59217e-18
 1318 0 -1.5307e-16 9.58559e-18
 1319 -4.92066e-16 -1.53327e-16 9.58177e-18
 1320 0 -1.53211e-16 9.57521e-18
 1321 2.46033e-16 -1.52909e-16 9.57273e-18
 1322 0 -1.52793e-16 9.56619e-18
 1323 0 -1.52678e-16 9.55965e-18
 1324 -4.92066e-16 -1.52934e-16 9.55587e-18
 1325 -4.92066e-16 -1.5319e-16 9.55208e-18
 1326 0 -1.53075e-16 9.54558e-18
 1327 0 -1.52959e-16 9.53908e-18
 1328 0 -1.52844e-16 9.53259e-18
 1329 0 -1.52729e-16 9.52611e-18
 1330 2.46033e-16 -1.52429e-16 9.52366e-18
 1331 0 -1.52315e-16 9.51719e-18
 1332 0 -1.522e-16 9.51073e-18
 1333 2.46033e-16 -1.51902e-16 9.50829e-18
 1334 0 -1.51788e-16 9.50184e-18
 1335 -4.92066e-16 -1.52043e-16 9.49814e-18
 1336 0 -1.51929e-16 9.49171e-18
 1337 0 -1.51815e-16 9.48529e-18
 1338 2.46033e-16 -1.51518e-16 9.48286e-18
 1339 -4.92066e-16 -1.51772e-16 9.47919e-18
 1340 0 -1.51659e-16 9.47279e-18
 1341 0 -1.51546e-16 9.4664e-18
 1342 2.46033e-16 -1.5125e-16 9.46398e-18
 1343 0 -1.51137e-16 9.4576e-18
 1344 -4.92066e-16 -1.51391e-16 9.45397e-18
 1345 -4.92066e-16 -1.51644e-16 9.45033e-18
 1346 -4.92066e-16 -1.51897e-16 9.44669e-18
 1347 2.46033e-16 -1.51602e-16 9.4443e-18
 1348 -9.84131e-16 -1.52219e-16 9.45748e-18
 1349 -1.23016e-16 -1.52197e-16 9.45049e-18
 1350 2.46033e-16 -1.51902e-16 9.44809e-18
 1351 -4.92066e-16 -1.52154e-16 9.44445e-18
 1352 0 -1.52042e-16 9.43814e-18
 1353 0 -1.51929e-16 9.43183e-18
 1354 0 -1.51817e-16 9.42553e-18
 1355 -4.92066e-16 -1.52068e-16 9.42191e-18
 1356 -9.84131e-16 -1.52682e-16 9.43494e-18
 1357 0 -1.52569e-16 9.42865e-18
 1358 0 -1.52457e-16 9.42238e-18
 1359 2.46033e-16 -1.52164e-16 9.42001e-18
 1360 2.46033e-16 -1.51871e-16 9.41763e-18
 1361 0 -1.51759e-16 9.41137e-18
 1362 0 -1.51648e-16 9.40512e-18
 1363 0 -1.51537e-16 9.39887e-18
 1364 0 -1.51426e-16 9.39264e-18
 1365 -4.92066e-16 -1.51675e-16 9.38907e-18
 1366 0 -1.51564e-16 9.38285e-18
 1367 -4.92066e-16 -1.51813e-16 9.37929e-18
 1368 -4.92066e-16 -1.52062e-16 9.37574e-18
 1369 0 -1.51951e-16 9.36954e-18
 1370 0 -1.5184e-16 9.36336e-18
 1371 -1.23016e-16 -1.51819e-16 9.35655e-18
 1372 0 -1.51708e-16 9.35038e-18
 1373 -4.92066e-16 -1.51956e-16 9.34686e-18
 1374 2.46033e-16 -1.51667e-16 9.34454e-18
 1375 2.46033e-16 -1.51377e-16 9.34222e-18
 1376 0 -1.51267e-16 9.33608e-18
 1377 -4.92066e-16 -1.51515e-16 9.33258e-18
 1378 -4.92066e-16 -1.51762e-16 9.32908e-18
 1379 -4.92066e-16 -1.52009e-16 9.32558e-18
 1380 2.46033e-16 -1.5172e-16 9.32328e-18
 1381 0 -1.5161e-16 9.31717e-18
 1382 0 -1.51501e-16 9.31107e-18
 1383 0 -1.51391e-16 9.30498e-18
 1384 2.46033e-16 -1.51104e-16 9.30269e-18
 1385 2.46033e-16 -1.50817e-16 9.30039e-18
 1386 0 -1.50708e-16 9.29432e-18
 1387 -1.23016e-16 -1.50688e-16 9.28764e-18
 1388 2.46033e-16 -1.50403e-16 9.28534e-18
 1389 -4.92066e-16 -1.50649e-16 9.28192e-18
 1390 0 -1.5054e-16 9.27587e-18
 1391 -4.92066e-16 -1.50786e-16 9.27245e-18
 1392 0 -1.50677e-16 9.26642e-18
 1393 -4.92066e-16 -1.50922e-16 9.26301e-18
 1394 0 -1.50814e-16 9.25699e-18
 1395 -4.92066e-16 -1.51059e-16 9.25359e-18
 1396 0 -1.50951e-16 9.24759e-18
 1397 -4.92066e-16 -1.51195e-16 9.24419e-18
 1398 -4.92066e-16 -1.51439e-16 9.2408e-18
 1399 -4.92066e-16 -1.51682e-16 9.2374e-18
 1400 -4.92066e-16 -1.51925e-16 9.234e-18
 1401 0 -1.51817e-16 9.22804e-18
 1402 0 -1.51709e-16 9.22209e-18
 1403 -4.92066e-16 -1.51951e-16 9.21871e-18
 1404 -4.92066e-16 -1.52193e-16 9.21533e-18
 1405 0 -1.52085e-16 9.2094e-18
 1406 0 -1.51977e-16 9.20349e-18
 1407 -1.23016e-16 -1.51956e-16 9.19697e-18
 1408 -1.23016e-16 -1.51936e-16 9.19045e-18
 1409 -1.23016e-16 -1.51915e-16 9.18395e-18
 1410 0 -1.51807e-16 9.17807e-18
 1411 -4.92066e-16 -1.52049e-16 9.17473e-18
 1412 -4.92066e-16 -1.52289e-16 9.17139e-18
 1413 2.46033e-16 -1.52008e-16 9.16923e-18
 1414 0 -1.519e-16 9.16338e-18
 1415 -4.92066e-16 -1.5214e-16 9.16006e-18
 1416 -4.92066e-16 -1.5238e-16 9.15673e-18
 1417 0 -1.52273e-16 9.1509e-18
 1418 -9.84131e-16 -1.5286e-16 9.16324e-18
 1419 0 -1.52752e-16 9.15742e-18
 1420 -4.92066e-16 -1.52991e-16 9.15408e-18
 1421 0 -1.52883e-16 9.14827e-18
 1422 0 -1.52776e-16 9.14247e-18
 1423 -4.92066e-16 -1.53014e-16 9.13915e-18
 1424 -4.92066e-16 -1.53252e-16 9.13584e-18
 1425 1.96826e-15 -1.51763e-16 9.25002e-18
 1426 0 -1.51657e-16 9.24414e-18
 1427 0 -1.51551e-16 9.23827e-18
 1428 0 -1.51445e-16 9.23241e-18
 1429 2.46033e-16 -1.51166e-16 9.23014e-18
 1430 0 -1.51061e-16 9.22429e-18
 1431 0 -1.50955e-16 9.21844e-18
 1432 -4.92066e-16 -1.51193e-16 9.21508e-18
 1433 -4.92066e-16 -1.51431e-16 9.21172e-18
 1434 0 -1.51326e-16 9.2059e-18
 1435 0 -1.5122e-16 9.20009e-18
 1436 2.46033e-16 -1.50944e-16 9.19784e-18
 1437 0 -1.50838e-16 9.19204e-18
 1438 -1.23016e-16 -1.50819e-16 9.18566e-18
 1439 0 -1.50714e-16 9.17988e-18
 1440 0 -1.5061e-16 9.1741e-18
 1441 0 -1.50505e-16 9.16832e-18
 1442 0 -1.50401e-16 9.16256e-18
 1443 2.46033e-16 -1.50126e-16 9.16033e-18
 1444 -4.92066e-16 -1.50363e-16 9.15704e-18
 1445 0 -1.50259e-16 9.1513e-18
 1446 2.46033e-16 -1.49985e-16 9.14907e-18
 1447 2.46033e-16 -1.49711e-16 9.14684e-18
 1448 2.46033e-16 -1.49438e-16 9.14461e-18
 1449 -4.92066e-16 -1.49674e-16 9.14135e-18
 1450 0 -1.49571e-16 9.13563e-18
 1451 -4.92066e-16 -1.49807e-16 9.13238e-18
 1452 0 -1.49704e-16 9.12667e-18
 1453 0 -1.49601e-16 9.12097e-18
 1454 -9.84131e-16 -1.50175e-16 9.13275e-18
 1455 -9.84131e-16 -1.50748e-16 9.14445e-18
 1456 0 -1.50644e-16 9.13876e-18
 1457 -9.84131e-16 -1.51216e-16 9.15038e-18
 1458 1.96826e-15 -1.49763e-16 9.25893e-18
 1459 0 -1.4966e-16 9.25315e-18
 1460 -9.84131e-16 -1.50232e-16 9.26446e-18
 1461 -9.84131e-16 -1.50802e-16 9.27569e-18
 1462 -9.84131e-16 -1.51372e-16 9.28686e-18
 1463 2.46033e-16 -1.51101e-16 9.28448e-18
 1464 -1.23016e-16 -1.51082e-16 9.27816e-18
 1465 0 -1.50978e-16 9.27239e-18
 1466 0 -1.50876e-16 9.26664e-18
 1467 0 -1.50773e-16 9.26089e-18
 1468 0 -1.5067e-16 9.25515e-18
 1469 -4.92066e-16 -1.50902e-16 9.25177e-18
 1470 -9.84131e-16 -1.51469e-16 9.26283e-18
 1471 0 -1.51366e-16 9.25711e-18
 1472 -9.84131e-16 -1.51932e-16 9.2681e-18
 1473 -4.92066e-16 -1.52163e-16 9.26468e-18
 1474 -4.92066e-16 -1.52393e-16 9.26126e-18
 1475 0 -1.5229e-16 9.25556e-18
 1476 -4.92066e-16 -1.5252e-16 9.25215e-18
 1477 -1.23016e-16 -1.525e-16 9.24591e-18
 1478 2.46033e-16 -1.52231e-16 9.24358e-18
 1479 -4.92066e-16 -1.5246e-16 9.24019e-18
 1480 2.46033e-16 -1.52191e-16 9.23787e-18
 1481 -1.23016e-16 -1.52172e-16 9.23165e-18
 1482 2.46033e-16 -1.51903e-16 9.22933e-18
 1483 -1.23016e-16 -1.51883e-16 9.22312e-18
 1484 2.46033e-16 -1.51615e-16 9.22081e-18
 1485 0 -1.51513e-16 9.21516e-18
 1486 -4.92066e-16 -1.51742e-16 9.21181e-18
 1487 -4.92066e-16 -1.51971e-16 9.20846e-18
 1488 0 -1.51869e-16 9.20283e-18
 1489 -4.92066e-16 -1.52098e-16 9.19949e-18
 1490 -4.92066e-16 -1.52326e-16 9.19614e-18
 1491 0 -1.52224e-16 9.19054e-18
 1492 2.46033e-16 -1.51957e-16 9.18826e-18
 1493 0 -1.51855e-16 9.18266e-18
 1494 -4.92066e-16 -1.52083e-16 9.17934e-18
 1495 0 -1.51981e-16 9.17376e-18
 1496 2.46033e-16 -1.51715e-16 9.17149e-18
 1497 -4.92066e-16 -1.51942e-16 9.16818e-18
 1498 2.46033e-16 -1.51676e-16 9.16591e-18
 1499 -4.92066e-16 -1.51904e-16 9.16261e-18
 1500 0 -1.51802e-16 9.15706e-18
 1501 -4.92066e-16 -1.52029e-16 9.15376e-18
 1502 0 -1.51928e-16 9.14822e-18
 1503 -4.92066e-16 -1.52154e-16 9.14494e-18
 1504 0 -1.52053e-16 9.13941e-18
 1505 0 -1.51952e-16 9.1339e-18
 1506 -9.84131e-16 -1.52504e-16 9.14454e-18
 1507 -9.84131e-16 -1.53056e-16 9.15512e-18
 1508 0 -1.52955e-16 9.14961e-18
 1509 2.46033e-16 -1.5269e-16 9.14736e-18
 1510 -4.92066e-16 -1.52915e-16 9.14407e-18
 1511 -4.92066e-16 -1.5314e-16 9.14077e-18
 1512 0 -1.53038e-16 9.13528e-18
 1513 -4.92066e-16 -1.53262e-16 9.13199e-18
 1514 0 -1.53161e-16 9.12652e-18
 1515 0 -1.5306e-16 9.12105e-18
 1516 -9.84131e-16 -1.53608e-16 9.13151e-18
 1517 -9.84131e-16 -1.54156e-16 9.14189e-18
 1518 0 -1.54054e-16 9.13643e-18
 1519 0 -1.53953e-16 9.13098e-18
 1520 2.46033e-16 -1.5369e-16 9.12876e-18
 1521 2.46033e-16 -1.53427e-16 9.12654e-18
 1522 -4.92066e-16 -1.53649e-16 9.12326e-18
 1523 -4.92066e-16 -1.53871e-16 9.11997e-18
 1524 0 -1.53771e-16 9.11455e-18
 1525 0 -1.5367e-16 9.10913e-18
 1526 -4.92066e-16 -1.53891e-16 9.10586e-18
 1527 0 -1.53791e-16 9.10045e-18
 1528 0 -1.5369e-16 9.09505e-18
 1529 0 -1.53589e-16 9.08965e-18
 1530 -1.23016e-16 -1.53569e-16 9.08373e-18
 1531 -1.23016e-16 -1.5355e-16 9.07782e-18
 1532 2.46033e-16 -1.53289e-16 9.07564e-18
 1533 -9.84131e-16 -1.53831e-16 9.0859e-18
 1534 0 -1.5373e-16 9.08053e-18
 1535 2.46033e-16 -1.5347e-16 9.07835e-18
 1536 -1.23016e-16 -1.5345e-16 9.07245e-18
 1537 2.46033e-16 -1.5319e-16 9.07027e-18
 1538 -1.23016e-16 -1.53171e-16 9.0644e-18
 1539 2.46033e-16 -1.52911e-16 9.06222e-18
 1540 -4.92066e-16 -1.53131e-16 9.05901e-18
 1541 0 -1.53032e-16 9.05367e-18
 1542 -1.23016e-16 -1.53013e-16 9.04782e-18
 1543 0 -1.52913e-16 9.0425e-18
 1544 -9.84131e-16 -1.53452e-16 9.05266e-18
 1545 0 -1.53352e-16 9.04735e-18
 1546 -9.84131e-16 -1.5389e-16 9.05745e-18
 1547 2.46033e-16 -1.53631e-16 9.05528e-18
 1548 0 -1.53532e-16 9.04997e-18
 1549 0 -1.53433e-16 9.04467e-18
 1550 0 -1.53334e-16 9.03938e-18
 1551 -4.92066e-16 -1.53552e-16 9.03619e-18
 1552 0 -1.53453e-16 9.03091e-18
 1553 -4.92066e-16 -1.53671e-16 9.02772e-18
 1554 -1.23016e-16 -1.53652e-16 9.02193e-18
 1555 2.46033e-16 -1.53395e-16 9.01979e-18
 1556 2.46033e-16 -1.53138e-16 9.01765e-18
 1557 0 -1.5304e-16 9.01239e-18
 1558 2.46033e-16 -1.52784e-16 9.01025e-18
 1559 0 -1.52686e-16 9.005e-18
 1560 -4.92066e-16 -1.52903e-16 9.00185e-18
 1561 -9.84131e-16 -1.53436e-16 9.01183e-18
 1562 0 -1.53337e-16 9.00659e-18
 1563 0 -1.53239e-16 9.00136e-18
 1564 0 -1.53141e-16 8.99614e-18
 1565 0 -1.53043e-16 8.99092e-18
 1566 0 -1.52946e-16 8.98571e-18
 1567 -4.92066e-16 -1.53162e-16 8.98258e-18
 1568 0 -1.53064e-16 8.97738e-18
 1569 -4.92066e-16 -1.5328e-16 8.97426e-18
 1570 -4.92066e-16 -1.53496e-16 8.97114e-18
 1571 2.46033e-16 -1.53242e-16 8.96903e-18
 1572 -1.23016e-16 -1.53223e-16 8.96335e-18
 1573 -9.84131e-16 -1.53751e-16 8.97321e-18
 1574 -9.84131e-16 -1.54279e-16 8.98301e-18
 1575 0 -1.54181e-16 8.97784e-18
 1576 0 -1.54083e-16 8.97267e-18
 1577 -9.84131e-16 -1.54609e-16 8.98242e-18
 1578 0 -1.54511e-16 8.97726e-18
 1579 0 -1.54413e-16 8.9721e-18
 1580 0 -1.54316e-16 8.96696e-18
 1581 0 -1.54218e-16 8.96181e-18
 1582 -1.23016e-16 -1.54198e-16 8.95617e-18
 1583 0 -1.54101e-16 8.95104e-18
 1584 -4.92066e-16 -1.54314e-16 8.94793e-18
 1585 0 -1.54217e-16 8.94281e-18
 1586 -1.23016e-16 -1.54197e-16 8.9372e-18
 1587 -4.92066e-16 -1.5441e-16 8.9341e-18
 1588 0 -1.54313e-16 8.929e-18
 1589 -4.92066e-16 -1.54525e-16 8.92591e-18
 1590 0 -1.54428e-16 8.92082e-18
 1591 -4.92066e-16 -1.5464e-16 8.91774e-18
 1592 -4.92066e-16 -1.54852e-16 8.91466e-18
 1593 0 -1.54755e-16 8.90959e-18
 1594 0 -1.54658e-16 8.90453e-18
 1595 2.46033e-16 -1.54407e-16 8.90249e-18
 1596 -4.92066e-16 -1.54618e-16 8.89942e-18
 1597 2.46033e-16 -1.54367e-16 8.89739e-18
 1598 2.46033e-16 -1.54117e-16 8.89535e-18
 1599 -4.92066e-16 -1.54328e-16 8.8923e-18
 1600 0 -1.54232e-16 8.88726e-18
 1601 -4.92066e-16 -1.54443e-16 8.88421e-18
 1602 0 -1.54346e-16 8.87919e-18
 1603 -4.92066e-16 -1.54557e-16 8.87615e-18
 1604 -4.92066e-16 -1.54768e-16 8.87311e-18
 1605 0 -1.54671e-16 8.8681e-18
 1606 -4.92066e-16 -1.54881e-16 8.86507e-18
 1607 -4.92066e-16 -1.55091e-16 8.86203e-18
 1608 -4.92066e-16 -1.55301e-16 8.859e-18
 1609 0 -1.55204e-16 8.85402e-18
 1610 0 -1.55108e-16 8.84904e-18
 1611 -4.92066e-16 -1.55317e-16 8.84602e-18
 1612 0 -1.5522e-16 8.84106e-18
 1613 -4.92066e-16 -1.55429e-16 8.83804e-18
 1614 -4.92066e-16 -1.55638e-16 8.83503e-18
 1615 0 -1.55541e-16 8.83008e-18
 1616 0 -1.55445e-16 8.82514e-18
 1617 0 -1.55349e-16 8.8202e-18
 1618 -1.23016e-16 -1.55329e-16 8.81477e-18
 1619 0 -1.55233e-16 8.80985e-18
 1620 2.46033e-16 -1.54985e-16 8.80789e-18
 1621 0 -1.5489e-16 8.80298e-18
 1622 0 -1.54794e-16 8.79807e-18
 1623 2.46033e-16 -1.54547e-16 8.79611e-18
 1624 2.46033e-16 -1.54301e-16 8.79415e-18
 1625 2.46033e-16 -1.54054e-16 8.79219e-18
 1626 -4.92066e-16 -1.54262e-16 8.78924e-18
 1627 2.46033e-16 -1.54016e-16 8.78728e-18
 1628 0 -1.53922e-16 8.78239e-18
 1629 -9.84131e-16 -1.54431e-16 8.79178e-18
 1630 0 -1.54337e-16 8.7869e-18
 1631 0 -1.54242e-16 8.78202e-18
 1632 0 -1.54147e-16 8.77715e-18
 1633 -4.92066e-16 -1.54354e-16 8.77421e-18
 1634 -4.92066e-16 -1.54561e-16 8.77127e-18
 1635 2.46033e-16 -1.54316e-16 8.76933e-18
 1636 0 -1.54222e-16 8.76448e-18
 1637 -9.84131e-16 -1.54729e-16 8.77378e-18
 1638 0 -1.54634e-16 8.76893e-18
 1639 -1.23016e-16 -1.54615e-16 8.7636e-18
 1640 -1.23016e-16 -1.54596e-16 8.75828e-18
 1641 0 -1.54501e-16 8.75345e-18
 1642 -4.92066e-16 -1.54707e-16 8.75053e-18
 1643 0 -1.54613e-16 8.74571e-18
 1644 -9.84131e-16 -1.55117e-16 8.75494e-18
 1645 -1.23016e-16 -1.55098e-16 8.74964e-18
 1646 -4.92066e-16 -1.55303e-16 8.74672e-18
 1647 -4.92066e-16 -1.55507e-16 8.74379e-18
 1648 -4.92066e-16 -1.55711e-16 8.74087e-18
 1649 0 -1.55617e-16 8.73608e-18
 1650 0 -1.55523e-16 8.73129e-18
 1651 2.46033e-16 -1.55279e-16 8.72939e-18
 1652 0 -1.55185e-16 8.72461e-18
 1653 -4.92066e-16 -1.55389e-16 8.72172e-18
 1654 -9.84131e-16 -1.5589e-16 8.73083e-18
 1655 0 -1.55796e-16 8.72606e-18
 1656 -9.84131e-16 -1.56296e-16 8.73512e-18
 1657 0 -1.56202e-16 8.73036e-18
 1658 -9.84131e-16 -1.56701e-16 8.73937e-18
 1659 -9.84131e-16 -1.572e-16 8.74833e-18
 1660 -4.92066e-16 -1.57402e-16 8.74539e-18
 1661 0 -1.57307e-16 8.74063e-18
 1662 0 -1.57212e-16 8.73588e-18
 1663 2.46033e-16 -1.5697e-16 8.734e-18
 1664 0 -1.56875e-16 8.72926e-18
 1665 0 -1.56781e-16 8.72452e-18
 1666 0 -1.56687e-16 8.71979e-18
 1667 -4.92066e-16 -1.56888e-16 8.71688e-18
 1668 -4.92066e-16 -1.57089e-16 8.71397e-18
 1669 0 -1.56995e-16 8.70925e-18
 1670 -1.23016e-16 -1.56975e-16 8.70406e-18
 1671 -4.92066e-16 -1.57175e-16 8.70116e-18
 1672 0 -1.57081e-16 8.69646e-18
 1673 -1.23016e-16 -1.57061e-16 8.69129e-18
 1674 -4.92066e-16 -1.57261e-16 8.6884e-18
 1675 -4.92066e-16 -1.57461e-16 8.68551e-18
 1676 -4.92066e-16 -1.57661e-16 8.68262e-18
 1677 -4.92066e-16 -1.5786e-16 8.67974e-18
 1678 0 -1.57766e-16 8.67507e-18
 1679 -9.84131e-16 -1.58258e-16 8.68386e-18
 1680 -4.92066e-16 -1.58457e-16 8.68097e-18
 1681 -9.84131e-16 -1.58948e-16 8.68969e-18
 1682 0 -1.58854e-16 8.68504e-18
 1683 -9.84131e-16 -1.59344e-16 8.69372e-18
 1684 -9.84131e-16 -1.59834e-16 8.70235e-18
 1685 2.46033e-16 -1.59593e-16 8.70052e-18
 1686 2.46033e-16 -1.59352e-16 8.69868e-18
 1687 2.46033e-16 -1.59112e-16 8.69684e-18
 1688 2.46033e-16 -1.58872e-16 8.695e-18
 1689 -4.92066e-16 -1.59069e-16 8.69209e-18
 1690 0 -1.58975e-16 8.68746e-18
 1691 0 -1.58881e-16 8.68283e-18
 1692 -4.92066e-16 -1.59078e-16 8.67993e-18
 1693 2.46033e-16 -1.58839e-16 8.6781e-18
 1694 2.46033e-16 -1.586e-16 8.67627e-18
 1695 0 -1.58506e-16 8.67165e-18
 1696 0 -1.58413e-16 8.66704e-18
 1697 -9.84131e-16 -1.58899e-16 8.67559e-18
 1698 -4.92066e-16 -1.59095e-16 8.6727e-18
 1699 0 -1.59002e-16 8.6681e-18
 1700 0 -1.58908e-16 8.6635e-18
 1701 0 -1.58815e-16 8.65891e-18
 1702 -9.84131e-16 -1.593e-16 8.6674e-18
 1703 -4.92066e-16 -1.59495e-16 8.66451e-18
 1704 0 -1.59402e-16 8.65993e-18
 1705 0 -1.59308e-16 8.65535e-18
 1706 0 -1.59215e-16 8.65078e-18
 1707 0 -1.59121e-16 8.64622e-18
 1708 0 -1.59028e-16 8.64166e-18
 1709 0 -1.58935e-16 8.6371e-18
 1710 -1.23016e-16 -1.58914e-16 8.63207e-18
 1711 -9.84131e-16 -1.59396e-16 8.6405e-18
 1712 2.46033e-16 -1.5916e-16 8.63869e-18
 1713 0 -1.59067e-16 8.63415e-18
 1714 2.46033e-16 -1.5883e-16 8.63235e-18
 1715 -4.92066e-16 -1.59025e-16 8.6295e-18
 1716 -4.92066e-16 -1.59219e-16 8.62665e-18
 1717 -1.23016e-16 -1.59198e-16 8.62165e-18
 1718 2.46033e-16 -1.58962e-16 8.61986e-18
 1719 -1.23016e-16 -1.58941e-16 8.61487e-18
 1720 0 -1.58849e-16 8.61036e-18
 1721 0 -1.58756e-16 8.60585e-18
 1722 -1.23016e-16 -1.58735e-16 8.60087e-18
 1723 2.46033e-16 -1.58501e-16 8.59909e-18
 1724 -4.92066e-16 -1.58694e-16 8.59628e-18
 1725 0 -1.58602e-16 8.59179e-18
 1726 -4.92066e-16 -1.58795e-16 8.58898e-18
 1727 2.46033e-16 -1.58561e-16 8.5872e-18
 1728 0 -1.58469e-16 8.58272e-18
 1729 0 -1.58377e-16 8.57825e-18
 1730 0 -1.58286e-16 8.57378e-18
 1731 0 -1.58194e-16 8.56931e-18
 1732 -4.92066e-16 -1.58387e-16 8.56653e-18
 1733 0 -1.58296e-16 8.56207e-18
 1734 -4.92066e-16 -1.58488e-16 8.5593e-18
 1735 0 -1.58397e-16 8.55485e-18
 1736 2.46033e-16 -1.58164e-16 8.5531e-18
 1737 0 -1.58073e-16 8.54866e-18
 1738 -4.92066e-16 -1.58265e-16 8.5459e-18
 1739 2.46033e-16 -1.58033e-16 8.54414e-18
 1740 2.46033e-16 -1.578e-16 8.54239e-18
 1741 0 -1.5771e-16 8.53796e-18
 1742 -4.92066e-16 -1.57902e-16 8.53522e-18
 1743 -4.92066e-16 -1.58093e-16 8.53247e-18
 1744 0 -1.58003e-16 8.52806e-18
 1745 -4.92066e-16 -1.58194e-16 8.52532e-18
 1746 0 -1.58104e-16 8.52092e-18
 1747 0 -1.58013e-16 8.51652e-18
 1748 0 -1.57923e-16 8.51213e-18
 1749 2.46033e-16 -1.57692e-16 8.5104e-18
 1750 0 -1.57602e-16 8.50601e-18
 1751 -4.92066e-16 -1.57793e-16 8.5033e-18
 1752 -9.84131e-16 -1.58264e-16 8.51152e-18
 1753 -4.92066e-16 -1.58455e-16 8.50879e-18
 1754 0 -1.58364e-16 8.50442e-18
 1755 0 -1.58274e-16 8.50005e-18
 1756 -4.92066e-16 -1.58464e-16 8.49734e-18
 1757 -9.84131e-16 -1.58934e-16 8.50549e-18
 1758 0 -1.58844e-16 8.50113e-18
 1759 -9.84131e-16 -1.59313e-16 8.50924e-18
 1760 0 -1.59222e-16 8.50489e-18
 1761 0 -1.59132e-16 8.50054e-18
 1762 -9.84131e-16 -1.596e-16 8.5086e-18
 1763 -9.84131e-16 -1.60068e-16 8.51663e-18
 1764 2.46033e-16 -1.59838e-16 8.51491e-18
 1765 -4.92066e-16 -1.60026e-16 8.51217e-18
 1766 0 -1.59935e-16 8.50783e-18
 1767 0 -1.59845e-16 8.50349e-18
 1768 0 -1.59754e-16 8.49916e-18
 1769 2.46033e-16 -1.59525e-16 8.49745e-18
 1770 -4.92066e-16 -1.59713e-16 8.49473e-18
 1771 -4.92066e-16 -1.599e-16 8.49201e-18
 1772 0 -1.5981e-16 8.48769e-18
 1773 2.46033e-16 -1.59581e-16 8.48599e-18
 1774 2.46033e-16 -1.59353e-16 8.48429e-18
 1775 0 -1.59263e-16 8.47998e-18
 1776 -4.92066e-16 -1.5945e-16 8.47728e-18
 1777 0 -1.59361e-16 8.47298e-18
 1778 0 -1.59271e-16 8.46869e-18
 1779 -4.92066e-16 -1.59458e-16 8.46599e-18
 1780 0 -1.59368e-16 8.46171e-18
 1781 0 -1.59279e-16 8.45743e-18
 1782 0 -1.5919e-16 8.45316e-18
 1783 0 -1.591e-16 8.44889e-18
 1784 -4.92066e-16 -1.59287e-16 8.44621e-18
 1785 -9.84131e-16 -1.59749e-16 8.45412e-18
 1786 -9.84131e-16 -1.60211e-16 8.46198e-18
 1787 0 -1.60121e-16 8.45772e-18
 1788 -4.92066e-16 -1.60307e-16 8.45502e-18
 1789 0 -1.60217e-16 8.45077e-18
 1790 2.46033e-16 -1.5999e-16 8.4491e-18
 1791 2.46033e-16 -1.59763e-16 8.44742e-18
 1792 0 -1.59674e-16 8.44318e-18
 1793 -9.84131e-16 -1.60134e-16 8.45099e-18
 1794 0 -1.60045e-16 8.44675e-18
 1795 0 -1.59956e-16 8.44251e-18
 1796 0 -1.59867e-16 8.43828e-18
 1797 -9.84131e-16 -1.60325e-16 8.44604e-18
 1798 0 -1.60236e-16 8.44182e-18
 1799 -4.92066e-16 -1.6042e-16 8.43914e-18
 1800 0 -1.60331e-16 8.43492e-18
 1801 -1.23016e-16 -1.60311e-16 8.43026e-18
 1802 2.46033e-16 -1.60085e-16 8.4286e-18
 1803 -9.84131e-16 -1.60542e-16 8.43631e-18
 1804 -4.92066e-16 -1.60726e-16 8.43364e-18
 1805 -4.92066e-16 -1.6091e-16 8.43096e-18
 1806 -4.92066e-16 -1.61093e-16 8.42829e-18
 1807 -4.92066e-16 -1.61276e-16 8.42561e-18
 1808 -9.84131e-16 -1.61731e-16 8.43324e-18
 1809 -9.84131e-16 -1.62186e-16 8.44083e-18
 1810 -9.84131e-16 -1.6264e-16 8.44838e-18
 1811 -4.92066e-16 -1.62822e-16 8.44567e-18
 1812 -4.92066e-16 -1.63004e-16 8.44296e-18
 1813 0 -1.62914e-16 8.43878e-18
 1814 2.46033e-16 -1.62688e-16 8.43714e-18
 1815 -4.92066e-16 -1.6287e-16 8.43445e-18
 1816 0 -1.6278e-16 8.43028e-18
 1817 2.46033e-16 -1.62555e-16 8.42864e-18
 1818 -4.92066e-16 -1.62736e-16 8.42595e-18
 1819 0 -1.62647e-16 8.42179e-18
 1820 -4.92066e-16 -1.62828e-16 8.41911e-18
 1821 0 -1.62738e-16 8.41496e-18
 1822 0 -1.62649e-16 8.41082e-18
 1823 0 -1.6256e-16 8.40667e-18
 1824 -9.84131e-16 -1.6301e-16 8.41413e-18
 1825 -4.92066e-16 -1.63191e-16 8.41145e-18
 1826 -1.23016e-16 -1.63169e-16 8.40687e-18
 1827 2.46033e-16 -1.62945e-16 8.40525e-18
 1828 0 -1.62855e-16 8.40113e-18
 1829 -4.92066e-16 -1.63035e-16 8.39846e-18
 1830 0 -1.62946e-16 8.39434e-18
 1831 -1.23016e-16 -1.62925e-16 8.38979e-18
 1832 0 -1.62836e-16 8.38568e-18
 1833 -4.92066e-16 -1.63015e-16 8.38302e-18
 1834 0 -1.62926e-16 8.37892e-18
 1835 -4.92066e-16 -1.63106e-16 8.37628e-18
 1836 0 -1.63017e-16 8.37219e-18
 1837 2.46033e-16 -1.62794e-16 8.37059e-18
 1838 2.46033e-16 -1.62572e-16 8.36899e-18
 1839 -4.92066e-16 -1.62751e-16 8.36636e-18
 1840 0 -1.62662e-16 8.36228e-18
 1841 -1.23016e-16 -1.62641e-16 8.35776e-18
 1842 0 -1.62553e-16 8.35369e-18
 1843 0 -1.62464e-16 8.34962e-18
 1844 -4.92066e-16 -1.62643e-16 8.34701e-18
 1845 -4.92066e-16 -1.62822e-16 8.34439e-18
 1846 0 -1.62734e-16 8.34034e-18
 1847 0 -1.62645e-16 8.33628e-18
 1848 -4.92066e-16 -1.62824e-16 8.33368e-18
 1849 2.46033e-16 -1.62603e-16 8.3321e-18
 1850 0 -1.62515e-16 8.32806e-18
 1851 -4.92066e-16 -1.62693e-16 8.32547e-18
 1852 0 -1.62605e-16 8.32143e-18
 1853 0 -1.62517e-16 8.3174e-18
 1854 0 -1.62429e-16 8.31338e-18
 1855 -9.84131e-16 -1.62872e-16 8.3207e-18
 1856 0 -1.62785e-16 8.31667e-18
 1857 -1.23016e-16 -1.62763e-16 8.31222e-18
 1858 0 -1.62676e-16 8.30821e-18
 1859 -1.23016e-16 -1.62654e-16 8.30377e-18
 1860 -4.92066e-16 -1.62831e-16 8.30119e-18
 1861 -9.84131e-16 -1.63273e-16 8.30846e-18
 1862 -9.84131e-16 -1.63714e-16 8.31569e-18
 1863 -4.92066e-16 -1.6389e-16 8.31309e-18
 1864 2.46033e-16 -1.6367e-16 8.31154e-18
 1865 -4.92066e-16 -1.63846e-16 8.30895e-18
 1866 -4.92066e-16 -1.64022e-16 8.30636e-18
 1867 0 -1.63934e-16 8.30237e-18
 1868 0 -1.63846e-16 8.29839e-18
 1869 0 -1.63759e-16 8.29441e-18
 1870 2.46033e-16 -1.63539e-16 8.29287e-18
 1871 0 -1.63452e-16 8.2889e-18
 1872 2.46033e-16 -1.63233e-16 8.28736e-18
 1873 -4.92066e-16 -1.63409e-16 8.28479e-18
 1874 -1.23016e-16 -1.63387e-16 8.2804e-18
 1875 -1.23016e-16 -1.63366e-16 8.27601e-18
 1876 0 -1.63279e-16 8.27205e-18
 1877 0 -1.63192e-16 8.2681e-18
 1878 0 -1.63105e-16 8.26416e-18
 1879 2.46033e-16 -1.62887e-16 8.26263e-18
 1880 -1.23016e-16 -1.62866e-16 8.25826e-18
 1881 0 -1.62779e-16 8.25432e-18
 1882 -4.92066e-16 -1.62954e-16 8.25179e-18
 1883 0 -1.62868e-16 8.24786e-18
 1884 -1.23016e-16 -1.62847e-16 8.24351e-18
 1885 0 -1.6276e-16 8.23959e-18
 1886 2.46033e-16 -1.62543e-16 8.23807e-18
 1887 2.46033e-16 -1.62327e-16 8.23655e-18
 1888 2.46033e-16 -1.62111e-16 8.23502e-18
 1889 2.46033e-16 -1.61895e-16 8.2335e-18
 1890 -4.92066e-16 -1.62069e-16 8.231e-18
 1891 -1.23016e-16 -1.62049e-16 8.22667e-18
 1892 0 -1.61963e-16 8.22277e-18
 1893 -4.92066e-16 -1.62137e-16 8.22027e-18
 1894 -4.92066e-16 -1.62312e-16 8.21778e-18
 1895 -9.84131e-16 -1.62745e-16 8.22488e-18
 1896 2.46033e-16 -1.6253e-16 8.22337e-18
 1897 0 -1.62444e-16 8.21948e-18
 1898 0 -1.62358e-16 8.21559e-18
 1899 0 -1.62273e-16 8.21171e-18
 1900 -4.92066e-16 -1.62446e-16 8.20922e-18
 1901 2.46033e-16 -1.62232e-16 8.20771e-18
 1902 -4.92066e-16 -1.62405e-16 8.20523e-18
 1903 -4.92066e-16 -1.62578e-16 8.20275e-18
 1904 0 -1.62493e-16 8.19888e-18
 1905 -1.23016e-16 -1.62472e-16 8.1946e-18
 1906 0 -1.62387e-16 8.19075e-18
 1907 0 -1.62302e-16 8.18689e-18
 1908 -4.92066e-16 -1.62474e-16 8.18443e-18
 1909 0 -1.62389e-16 8.18058e-18
 1910 -1.23016e-16 -1.62369e-16 8.17632e-18
 1911 0 -1.62284e-16 8.17248e-18
 1912 0 -1.62199e-16 8.16865e-18
 1913 0 -1.62114e-16 8.16482e-18
 1914 -4.92066e-16 -1.62287e-16 8.16237e-18
 1915 -4.92066e-16 -1.62459e-16 8.15993e-18
 1916 2.46033e-16 -1.62246e-16 8.15845e-18
 1917 0 -1.62161e-16 8.15464e-18
 1918 -1.23016e-16 -1.6214e-16 8.15041e-18
 1919 0 -1.62056e-16 8.1466e-18
 1920 -4.92066e-16 -1.62228e-16 8.14417e-18
 1921 0 -1.62143e-16 8.14037e-18
 1922 0 -1.62059e-16 8.13657e-18
 1923 0 -1.61975e-16 8.13277e-18
 1924 2.46033e-16 -1.61763e-16 8.13131e-18
 1925 -4.92066e-16 -1.61934e-16 8.12889e-18
 1926 0 -1.6185e-16 8.12511e-18
 1927 -4.92066e-16 -1.62022e-16 8.1227e-18
 1928 0 -1.61938e-16 8.11892e-18
 1929 0 -1.61854e-16 8.11514e-18
 1930 0 -1.6177e-16 8.11137e-18
 1931 0 -1.61686e-16 8.1076e-18
 1932 0 -1.61602e-16 8.10384e-18
 1933 2.46033e-16 -1.61391e-16 8.10239e-18
 1934 0 -1.61308e-16 8.09863e-18
 1935 0 -1.61225e-16 8.09487e-18
 1936 2.46033e-16 -1.61014e-16 8.09342e-18
 1937 -4.92066e-16 -1.61185e-16 8.09105e-18
 1938 -4.92066e-16 -1.61356e-16 8.08867e-18
 1939 2.46033e-16 -1.61146e-16 8.08723e-18
 1940 0 -1.61063e-16 8.08349e-18
 1941 -4.92066e-16 -1.61233e-16 8.08112e-18
 1942 0 -1.6115e-16 8.07739e-18
 1943 -1.23016e-16 -1.61131e-16 8.07325e-18
 1944 2.46033e-16 -1.60921e-16 8.07182e-18
 1945 0 -1.60838e-16 8.06809e-18
 1946 2.46033e-16 -1.60629e-16 8.06665e-18
 1947 2.46033e-16 -1.6042e-16 8.06521e-18
 1948 0 -1.60338e-16 8.06149e-18
 1949 0 -1.60256e-16 8.05777e-18
 1950 -4.92066e-16 -1.60426e-16 8.05544e-18
 1951 -4.92066e-16 -1.60596e-16 8.0531e-18
 1952 0 -1.60514e-16 8.0494e-18
 1953 0 -1.60432e-16 8.04569e-18
 1954 -4.92066e-16 -1.60601e-16 8.04337e-18
 1955 -9.84131e-16 -1.61022e-16 8.05028e-18
 1956 -4.92066e-16 -1.61192e-16 8.04794e-18
 1957 0 -1.61109e-16 8.04425e-18
 1958 0 -1.61027e-16 8.04056e-18
 1959 0 -1.60945e-16 8.03688e-18
 1960 -4.92066e-16 -1.61114e-16 8.03455e-18
 1961 2.46033e-16 -1.60906e-16 8.03314e-18
 1962 0 -1.60824e-16 8.02946e-18
 1963 -9.84131e-16 -1.61244e-16 8.03632e-18
 1964 -9.84131e-16 -1.61663e-16 8.04315e-18
 1965 -4.92066e-16 -1.61831e-16 8.04081e-18
 1966 0 -1.61748e-16 8.03714e-18
 1967 2.46033e-16 -1.61541e-16 8.03573e-18
 1968 2.46033e-16 -1.61334e-16 8.03432e-18
 1969 0 -1.61252e-16 8.03065e-18
 1970 2.46033e-16 -1.61045e-16 8.02924e-18
 1971 0 -1.60964e-16 8.02558e-18
 1972 -1.23016e-16 -1.60944e-16 8.02153e-18
 1973 -1.23016e-16 -1.60925e-16 8.01749e-18
 1974 -1.23016e-16 -1.60906e-16 8.01345e-18
 1975 2.46033e-16 -1.607e-16 8.01204e-18
 1976 0 -1.60619e-16 8.0084e-18
 1977 0 -1.60537e-16 8.00476e-18
 1978 -4.92066e-16 -1.60705e-16 8.00246e-18
 1979 0 -1.60624e-16 7.99883e-18
 1980 0 -1.60543e-16 7.9952e-18
 1981 0 -1.60462e-16 7.99158e-18
 1982 -4.92066e-16 -1.60629e-16 7.9893e-18
 1983 0 -1.60548e-16 7.98568e-18
 1984 2.46033e-16 -1.60343e-16 7.98428e-18
 1985 0 -1.60262e-16 7.98067e-18
 1986 0 -1.60181e-16 7.97706e-18
 1987 -9.84131e-16 -1.60596e-16 7.98382e-18
 1988 -9.84131e-16 -1.6101e-16 7.99054e-18
 1989 -4.92066e-16 -1.61177e-16 7.98826e-18
 1990 -1.23016e-16 -1.61158e-16 7.98427e-18
 1991 -4.92066e-16 -1.61324e-16 7.98199e-18
 1992 0 -1.61243e-16 7.97839e-18
 1993 0 -1.61162e-16 7.9748e-18
 1994 0 -1.61081e-16 7.97121e-18
 1995 -9.84131e-16 -1.61494e-16 7.97788e-18
 1996 0 -1.61413e-16 7.9743e-18
 1997 -4.92066e-16 -1.61578e-16 7.97202e-18
 1998 -4.92066e-16 -1.61744e-16 7.96975e-18
 1999 2.46033e-16 -1.6154e-16 7.96837e-18
 2000 0 -1.61459e-16 7.96479e-18
