 1 -0.52 -0.52 0
 2 -0.44 -0.48 0.04
 3 -0.28 -0.413333 0.0705534
 4 -0.44 -0.42 0.0503322
 5 -0.44 -0.424 0.0391918
 6 -0.52 -0.44 0.0357771
 7 -0.52 -0.451429 0.0323249
 8 -0.44 -0.45 0.0280306
 9 -0.2 -0.422222 0.0371849
 10 -0.28 -0.408 0.0361724
 11 -0.28 -0.396364 0.0347268
 12 -0.36 -0.393333 0.0318456
 13 -0.36 -0.390769 0.0294057
 14 -0.36 -0.388571 0.0273129
 15 -0.36 -0.386667 0.0254982
 16 -0.52 -0.395 0.0252653
 17 -0.28 -0.388235 0.0246779
 18 -0.44 -0.391111 0.0234436
 19 -0.52 -0.397895 0.0231898
 20 -0.68 -0.412 0.0261333
 21 -0.76 -0.428571 0.029875
 22 -0.68 -0.44 0.0306919
 23 -0.36 -0.436522 0.0295326
 24 -0.44 -0.436667 0.0282757
 25 -0.52 -0.44 0.0273252
 26 -0.6 -0.446154 0.0269648
 27 -0.28 -0.44 0.0266667
 28 -0.44 -0.44 0.0256966
 29 -0.52 -0.442759 0.0249477
 30 -0.52 -0.445333 0.0242389
 31 -0.44 -0.445161 0.0234446
 32 -0.6 -0.45 0.0232101
 33 -0.6 -0.454545 0.0229504
 34 -0.36 -0.451765 0.0224382
 35 -0.6 -0.456 0.0221955
 36 -0.52 -0.457778 0.0216433
 37 -0.52 -0.459459 0.0211172
 38 -0.52 -0.461053 0.0206157
 39 -0.6 -0.464615 0.0203937
 40 -0.44 -0.464 0.0198869
 41 -0.52 -0.465366 0.0194438
 42 -0.52 -0.466667 0.0190197
 43 -0.52 -0.467907 0.0186135
 44 -0.6 -0.470909 0.0184317
 45 -0.68 -0.475556 0.0186069
 46 -0.52 -0.476522 0.0182236
 47 -0.28 -0.47234 0.0183153
 48 -0.6 -0.475 0.0181258
 49 -0.6 -0.477551 0.0179344
 50 -0.44 -0.4768 0.0175881
 51 -0.28 -0.472941 0.0176664
 52 -0.36 -0.470769 0.017459
 53 -0.36 -0.468679 0.0172534
 54 -0.44 -0.468148 0.0169392
 55 -0.6 -0.470545 0.0168003
 56 -0.6 -0.472857 0.0166587
 57 -0.52 -0.473684 0.0163848
 58 -0.52 -0.474483 0.0161196
 59 -0.68 -0.477966 0.0162224
 60 -0.52 -0.478667 0.0159651
 61 -0.44 -0.478033 0.015714
 62 -0.36 -0.476129 0.0155753
 63 -0.6 -0.478095 0.0154517
 64 -0.76 -0.4825 0.0158333
 65 -0.68 -0.485538 0.0158812
 66 -0.52 -0.486061 0.0156475
 67 -0.68 -0.488955 0.0156816
 68 -0.44 -0.488235 0.015466
 69 -0.52 -0.488696 0.0152472
 70 -0.36 -0.486857 0.0151398
 71 -0.52 -0.487324 0.0149324
 72 -0.36 -0.485556 0.0148293
 73 -0.52 -0.486027 0.0146324
 74 -0.36 -0.484324 0.0145334
 75 -0.36 -0.482667 0.0144339
 76 -0.68 -0.485263 0.0144774
 77 -0.52 -0.485714 0.0142953
 78 -0.6 -0.487179 0.0141867
 79 -0.44 -0.486582 0.0140187
 80 -0.6 -0.488 0.0139147
 81 -0.52 -0.488395 0.0137476
 82 -0.52 -0.48878 0.0135843
 83 -0.52 -0.489157 0.013425
 84 -0.44 -0.488571 0.0132771
 85 -0.52 -0.488941 0.0131252
 86 -0.6 -0.490233 0.0130358
 87 -0.6 -0.491494 0.0129467
 88 -0.52 -0.491818 0.0128028
 89 -0.36 -0.490337 0.0127445
 90 -0.28 -0.488 0.012817
 91 -0.52 -0.488352 0.0126802
 92 -0.52 -0.488696 0.0125463
 93 -0.52 -0.489032 0.0124153
 94 -0.6 -0.490213 0.0123391
 95 -0.36 -0.488842 0.0122852
 96 -0.36 -0.4875 0.0122304
 97 -0.44 -0.48701 0.0121136
 98 -0.36 -0.485714 0.0120592
 99 -0.36 -0.484444 0.0120041
 100 -0.6 -0.4856 0.0119395
 101 -0.68 -0.487525 0.0119764
 102 -0.2 -0.484706 0.0121888
 103 -0.36 -0.483495 0.0121305
 104 -0.68 -0.485385 0.012161
 105 -0.6 -0.486476 0.0120939
 106 -0.52 -0.486792 0.0119835
 107 -0.44 -0.486355 0.011879
 108 -0.52 -0.486667 0.0117726
 109 -0.36 -0.485505 0.0117219
 110 -0.68 -0.487273 0.0117486
 111 -0.68 -0.489009 0.0117711
 112 -0.6 -0.49 0.0117075
 113 -0.44 -0.489558 0.0116119
 114 -0.44 -0.489123 0.0115178
 115 -0.52 -0.489391 0.0114203
 116 -0.44 -0.488966 0.0113295
 117 -0.6 -0.489915 0.0112722
 118 -0.52 -0.490169 0.0111792
 119 -0.44 -0.489748 0.0110929
 120 -0.44 -0.489333 0.0110078
 121 -0.36 -0.488264 0.0109687
 122 -0.36 -0.487213 0.0109291
 123 -0.36 -0.486179 0.0108891
 124 -0.44 -0.485806 0.0108074
 125 -0.44 -0.48544 0.0107268
 126 -0.36 -0.484444 0.0106878
 127 -0.52 -0.484724 0.010607
 128 -0.6 -0.485625 0.0105623
 129 -0.36 -0.484651 0.0105252
 130 -0.52 -0.484923 0.0104475
 131 -0.6 -0.485802 0.0104046
 132 -0.76 -0.487879 0.0105323
 133 -0.76 -0.489925 0.0106512
 134 -0.76 -0.49194 0.0107618
 135 -0.68 -0.493333 0.0107723
 136 -0.44 -0.492941 0.0107
 137 -0.44 -0.492555 0.0106286
 138 -0.68 -0.493913 0.0106384
 139 -0.76 -0.495827 0.0107336
 140 -0.44 -0.495429 0.0106642
 141 -0.52 -0.495603 0.0105897
 142 -0.36 -0.494648 0.0105581
 143 -0.6 -0.495385 0.0105099
 144 -0.44 -0.495 0.0104437
 145 -0.52 -0.495172 0.0103729
 146 -0.6 -0.49589 0.0103266
 147 -0.44 -0.49551 0.0102631
 148 -0.52 -0.495676 0.0101949
 149 -0.6 -0.496376 0.0101504
 150 -0.6 -0.497067 0.0101062
 151 -0.52 -0.497219 0.0100402
 152 -0.52 -0.497368 0.00997502
 153 -0.52 -0.497516 0.00991071
 154 -0.36 -0.496623 0.00988656
 155 -0.44 -0.496258 0.00982936
 156 -0.52 -0.49641 0.00976733
 157 -0.52 -0.496561 0.00970608
 158 -0.6 -0.497215 0.00966665
 159 -0.68 -0.498365 0.00967421
 160 -0.36 -0.4975 0.00965237
 161 -0.36 -0.496646 0.00963017
 162 -0.6 -0.497284 0.00959178
 163 -0.6 -0.497914 0.00955356
 164 -0.52 -0.498049 0.00949609
 165 -0.36 -0.497212 0.00947537
 166 -0.52 -0.497349 0.00941912
 167 -0.44 -0.497006 0.00936884
 168 -0.36 -0.49619 0.00934854
 169 -0.52 -0.496331 0.00929413
 170 -0.52 -0.496471 0.00924035
 171 -0.52 -0.496608 0.00918718
 172 -0.52 -0.496744 0.00913462
 173 -0.6 -0.497341 0.00910126
 174 -0.52 -0.497471 0.00904974
 175 -0.52 -0.4976 0.0089988
 176 -0.28 -0.496364 0.00903254
 177 -0.12 -0.494237 0.00922964
 178 -0.12 -0.492135 0.00941538
 179 -0.36 -0.491397 0.00939169
 180 -0.44 -0.491111 0.00934373
 181 -0.6 -0.491713 0.00931142
 182 -0.52 -0.491868 0.00926142
 183 -0.44 -0.491585 0.00921503
 184 -0.44 -0.491304 0.0091691
 185 -0.36 -0.490595 0.00914698
 186 -0.28 -0.489462 0.00916786
 187 -0.36 -0.48877 0.00914494
 188 -0.36 -0.488085 0.00912192
 189 -0.6 -0.488677 0.00909283
 190 -0.6 -0.489263 0.0090638
 191 -0.52 -0.489424 0.00901766
 192 -0.36 -0.48875 0.00899586
 193 -0.36 -0.488083 0.00897396
 194 -0.44 -0.487835 0.00893102
 195 -0.36 -0.487179 0.00890925
 196 -0.44 -0.486939 0.00886695
 197 -0.44 -0.486701 0.00882504
 198 -0.28 -0.485657 0.0088422
 199 -0.36 -0.485025 0.00882029
 200 -0.44 -0.4848 0.00877896
 201 -0.36 -0.484179 0.00875721
 202 -0.52 -0.484356 0.00871556
 203 -0.68 -0.48532 0.0087259
 204 -0.52 -0.48549 0.00868469
 205 -0.36 -0.484878 0.00866387
 206 -0.36 -0.484272 0.008643
 207 -0.44 -0.484058 0.0086038
 208 -0.52 -0.484231 0.00856408
 209 -0.6 -0.484785 0.00854099
 210 -0.6 -0.485333 0.00851791
 211 -0.44 -0.485118 0.00848016
 212 -0.6 -0.48566 0.00845745
 213 -0.6 -0.486197 0.00843474
 214 -0.52 -0.486355 0.00839672
 215 -0.52 -0.486512 0.00835904
 216 -0.52 -0.486667 0.0083217
 217 -0.28 -0.485714 0.00833783
 218 -0.44 -0.485505 0.00830214
 219 -0.36 -0.484932 0.00828399
 220 -0.28 -0.484 0.0082987
 221 -0.44 -0.483801 0.00826346
 222 -0.44 -0.483604 0.00822852
 223 -0.44 -0.483408 0.00819387
 224 -0.28 -0.4825 0.0082076
 225 -0.28 -0.4816 0.00822045
 226 -0.36 -0.481062 0.00820167
 227 -0.36 -0.480529 0.00818285
 228 -0.6 -0.481053 0.00816372
 229 -0.44 -0.480873 0.00812997
 230 -0.44 -0.480696 0.0080965
 231 -0.28 -0.479827 0.00810805
 232 -0.44 -0.479655 0.00807485
 233 -0.6 -0.480172 0.0080567
 234 -0.6 -0.480684 0.00803852
 235 -0.6 -0.481191 0.00802033
 236 -0.6 -0.481695 0.00800212
 237 -0.68 -0.482532 0.0080121
 238 -0.6 -0.483025 0.00799361
 239 -0.44 -0.482845 0.00796213
 240 -0.28 -0.482 0.00797381
 241 -0.2 -0.48083 0.0080264
 242 -0.52 -0.480992 0.00799481
 243 -0.76 -0.48214 0.0080442
 244 -0.44 -0.481967 0.00801303
 245 -0.28 -0.481143 0.00802272
 246 -0.28 -0.480325 0.00803177
 247 -0.28 -0.479514 0.00804019
 248 -0.6 -0.48 0.00802243
 249 -0.52 -0.480161 0.00799176
 250 -0.6 -0.48064 0.00797415
 251 -0.6 -0.481116 0.00795654
 252 -0.2 -0.48 0.00800303
 253 -0.6 -0.480474 0.00798544
 254 -0.44 -0.480315 0.00795553
 255 -0.6 -0.480784 0.00793816
 256 -0.44 -0.480625 0.0079087
 257 -0.52 -0.480778 0.00787935
 258 -0.44 -0.48062 0.00785035
 259 -0.6 -0.481081 0.00783355
 260 -0.52 -0.481231 0.0078048
 261 -0.52 -0.481379 0.00777625
 262 -0.44 -0.481221 0.00774813
 263 -0.44 -0.481065 0.0077202
 264 -0.68 -0.481818 0.00772773
 265 -0.52 -0.481962 0.00769986
 266 -0.6 -0.482406 0.00768368
 267 -0.6 -0.482846 0.00766751
 268 -0.68 -0.483582 0.00767419
 269 -0.6 -0.484015 0.00765785
 270 -0.6 -0.484444 0.00764152
 271 -0.44 -0.48428 0.00761503
 272 -0.6 -0.484706 0.0075989
 273 -0.52 -0.484835 0.00757212
 274 -0.68 -0.485547 0.00757798
 275 -0.52 -0.485673 0.00755142
 276 -0.6 -0.486087 0.0075354
 277 -0.6 -0.486498 0.0075194
 278 -0.68 -0.487194 0.00752457
 279 -0.6 -0.487599 0.00750844
 280 -0.68 -0.488286 0.00751307
 281 -0.6 -0.488683 0.00749683
 282 -0.6 -0.489078 0.00748062
 283 -0.68 -0.489753 0.00748461
 284 -0.36 -0.489296 0.00747219
 285 -0.28 -0.488561 0.00748205
 286 -0.44 -0.488392 0.00745778
 287 -0.52 -0.488502 0.00743256
 288 -0.52 -0.488611 0.00740752
 289 -0.6 -0.488997 0.0073919
 290 -0.52 -0.489103 0.00736714
 291 -0.36 -0.48866 0.00735517
 292 -0.36 -0.488219 0.00734317
 293 -0.52 -0.488328 0.00731887
 294 -0.28 -0.487619 0.00732827
 295 -0.2 -0.486644 0.00736818
 296 -0.44 -0.486486 0.00734494
 297 -0.2 -0.485522 0.00738344
 298 -0.44 -0.485369 0.00736021
 299 -0.76 -0.486288 0.00739283
 300 -0.52 -0.4864 0.00736901
 301 -0.44 -0.486246 0.0073461
 302 -0.36 -0.485828 0.00733366
 303 -0.28 -0.485149 0.00734091
 304 -0.36 -0.484737 0.0073283
 305 -0.44 -0.48459 0.0073057
 306 -0.6 -0.484967 0.00729155
 307 -0.12 -0.483779 0.00736435
 308 -0.28 -0.483117 0.00737016
 309 -0.44 -0.482977 0.00734759
 310 -0.44 -0.482839 0.00732516
 311 -0.52 -0.482958 0.00730255
 312 -0.52 -0.483077 0.00728007
 313 -0.68 -0.483706 0.007284
 314 -0.76 -0.484586 0.00731389
 315 -0.52 -0.484698 0.0072915
 316 -0.6 -0.485063 0.00727754
 317 -0.6 -0.485426 0.0072636
 318 -0.44 -0.485283 0.00724213
 319 -0.44 -0.485141 0.00722079
 320 -0.52 -0.48525 0.00719902
 321 -0.44 -0.485109 0.00717794
 322 -0.36 -0.48472 0.00716615
 323 -0.44 -0.484582 0.00714527
 324 -0.44 -0.484444 0.00712451
 325 -0.36 -0.484062 0.00711287
 326 -0.52 -0.484172 0.00709188
 327 -0.6 -0.484526 0.00707902
 328 -0.68 -0.485122 0.00708253
 329 -0.6 -0.485471 0.00706959
 330 -0.44 -0.485333 0.00704949
 331 -0.36 -0.484955 0.00703835
 332 -0.44 -0.484819 0.00701842
 333 -0.52 -0.484925 0.00699811
 334 -0.36 -0.484551 0.00698715
 335 -0.28 -0.48394 0.00699297
 336 -0.36 -0.483571 0.00698187
 337 -0.12 -0.482493 0.00704423
 338 -0.52 -0.482604 0.00702424
 339 -0.6 -0.48295 0.00701204
 340 -0.52 -0.483059 0.00699224
 341 -0.52 -0.483167 0.00697254
 342 -0.6 -0.483509 0.00696051
 343 -0.44 -0.483382 0.00694135
 344 -0.44 -0.483256 0.00692229
 345 -0.52 -0.483362 0.00690302
 346 -0.52 -0.483468 0.00688385
 347 -0.36 -0.483112 0.0068732
 348 -0.44 -0.482989 0.00685454
 349 -0.6 -0.483324 0.00684309
 350 -0.52 -0.483429 0.00682432
 351 -0.44 -0.483305 0.00680597
 352 -0.6 -0.483636 0.0067947
 353 -0.52 -0.483739 0.00677621
 354 -0.52 -0.483842 0.00675782
 355 -0.28 -0.483268 0.00676317
 356 -0.52 -0.483371 0.00674494
 357 -0.52 -0.483473 0.0067268
 358 -0.52 -0.483575 0.00670876
 359 -0.36 -0.483231 0.0066989
 360 -0.44 -0.483111 0.00668134
 361 -0.36 -0.48277 0.00667153
 362 -0.52 -0.482873 0.00665387
 363 -0.52 -0.482975 0.0066363
 364 -0.36 -0.482637 0.00662666
 365 -0.2 -0.481863 0.0066537
 366 -0.2 -0.481093 0.00668003
 367 -0.36 -0.480763 0.00666997
 368 -0.44 -0.480652 0.00665274
 369 -0.44 -0.480542 0.0066356
 370 -0.44 -0.480432 0.00661855
 371 -0.44 -0.480323 0.00660159
 372 -0.6 -0.480645 0.00659167
 373 -0.52 -0.480751 0.00657483
 374 -0.68 -0.481283 0.00657883
 375 -0.76 -0.482027 0.00660322
 376 -0.6 -0.48234 0.00659311
 377 -0.36 -0.482016 0.0065836
 378 -0.36 -0.481693 0.00657409
 379 -0.36 -0.481372 0.00656458
 380 -0.44 -0.481263 0.00654818
 381 -0.44 -0.481155 0.00653187
 382 -0.76 -0.481885 0.00655552
 383 -0.52 -0.481984 0.00653914
 384 -0.44 -0.481875 0.006523
 385 -0.36 -0.481558 0.00651373
 386 -0.44 -0.481451 0.00649773
 387 -0.6 -0.481757 0.00648815
 388 -0.44 -0.481649 0.0064723
 389 -0.52 -0.481748 0.0064564
 390 -0.44 -0.481641 0.00644071
 391 -0.52 -0.481739 0.00642497
 392 -0.44 -0.481633 0.00640944
 393 -0.68 -0.482137 0.006413
 394 -0.68 -0.48264 0.00641639
 395 -0.52 -0.482734 0.00640082
 396 -0.44 -0.482626 0.00638555
 397 -0.52 -0.48272 0.00637014
 398 -0.6 -0.483015 0.00636095
 399 -0.44 -0.482907 0.0063459
 400 -0.6 -0.4832 0.00633678
 401 -0.6 -0.483491 0.00632767
 402 -0.52 -0.483582 0.00631256
 403 -0.6 -0.483871 0.0063035
 404 -0.52 -0.48396 0.00628851
 405 -0.28 -0.483457 0.00629315
 406 -0.28 -0.482956 0.0062976
 407 -0.44 -0.48285 0.00628299
 408 -0.44 -0.482745 0.00626845
 409 -0.44 -0.482641 0.00625398
 410 -0.44 -0.482537 0.00623958
 411 -0.52 -0.482628 0.00622504
 412 -0.44 -0.482524 0.00621078
 413 -0.44 -0.482421 0.00619658
 414 -0.44 -0.482319 0.00618244
 415 -0.36 -0.482024 0.00617457
 416 -0.68 -0.4825 0.00617806
 417 -0.44 -0.482398 0.00616407
 418 -0.52 -0.482488 0.00614996
 419 -0.52 -0.482578 0.00613592
 420 -0.44 -0.482476 0.00612213
 421 -0.36 -0.482185 0.0061145
 422 -0.36 -0.481896 0.00610686
 423 -0.28 -0.481418 0.00611107
 424 -0.44 -0.481321 0.00609743
 425 -0.28 -0.480847 0.00610148
 426 -0.2 -0.480188 0.00612274
 427 -0.28 -0.479719 0.00612635
 428 -0.36 -0.479439 0.00611841
 429 -0.44 -0.479347 0.00610483
 430 -0.28 -0.478884 0.00610823
 431 -0.2 -0.478237 0.0061283
 432 -0.28 -0.477778 0.00613129
 433 -0.6 -0.47806 0.00612362
 434 -0.44 -0.477972 0.00611013
 435 -0.6 -0.478253 0.00610252
 436 -0.44 -0.478165 0.00608914
 437 -0.52 -0.478261 0.00607594
 438 -0.44 -0.478174 0.00606268
 439 -0.52 -0.478269 0.00604961
 440 -0.36 -0.478 0.00604182
 441 -0.28 -0.477551 0.0060448
 442 -0.6 -0.477828 0.00603747
 443 -0.52 -0.477923 0.00602458
 444 -0.52 -0.478018 0.00601174
 445 -0.36 -0.477753 0.00600408
 446 -0.52 -0.477848 0.00599135
 447 -0.36 -0.477584 0.00598374
 448 -0.6 -0.477857 0.00597662
 449 -0.6 -0.478129 0.0059695
 450 -0.44 -0.478044 0.00595682
 451 -0.44 -0.47796 0.00594419
 452 -0.44 -0.477876 0.00593162
 453 -0.44 -0.477792 0.00591911
 454 -0.44 -0.477709 0.00590664
 455 -0.6 -0.477978 0.00589977
 456 -0.36 -0.477719 0.0058925
 457 -0.36 -0.477462 0.00588523
 458 -0.2 -0.476856 0.00590353
 459 -0.28 -0.476427 0.00590625
 460 -0.68 -0.47687 0.00590999
 461 -0.6 -0.477137 0.0059032
 462 -0.44 -0.477056 0.00589096
 463 -0.44 -0.476976 0.00587877
 464 -0.6 -0.477241 0.00587207
 465 -0.6 -0.477505 0.00586537
 466 -0.36 -0.477253 0.0058582
 467 -0.6 -0.477516 0.00585155
 468 -0.36 -0.477265 0.00584443
 469 -0.68 -0.477697 0.00584795
 470 -0.6 -0.477957 0.0058413
 471 -0.44 -0.477877 0.00582944
 472 -0.52 -0.477966 0.00581776
 473 -0.52 -0.478055 0.00580613
 474 -0.6 -0.478312 0.00579957
 475 -0.52 -0.4784 0.00578802
 476 -0.68 -0.478824 0.00579135
 477 -0.44 -0.478742 0.00577977
 478 -0.52 -0.478828 0.00576831
 479 -0.6 -0.479081 0.00576181
 480 -0.52 -0.479167 0.00575043
 481 -0.6 -0.479418 0.00574396
 482 -0.44 -0.479336 0.00573261
 483 -0.52 -0.47942 0.00572135
 484 -0.44 -0.479339 0.0057101
 485 -0.44 -0.479258 0.00569889
 486 -0.52 -0.479342 0.00568777
 487 -0.52 -0.479425 0.00567669
 488 -0.44 -0.479344 0.00566562
 489 -0.44 -0.479264 0.0056546
 490 -0.6 -0.47951 0.00564842
 491 -0.52 -0.479593 0.00563751
 492 -0.6 -0.479837 0.00563136
 493 -0.52 -0.479919 0.00562052
 494 -0.36 -0.479676 0.00561438
 495 -0.36 -0.479434 0.00560824
 496 -0.52 -0.479516 0.00559752
 497 -0.6 -0.479759 0.0055915
 498 -0.44 -0.479679 0.00558083
 499 -0.36 -0.479439 0.0055748
 500 -0.36 -0.4792 0.00556876
 501 -0.44 -0.479122 0.00555819
 502 -0.52 -0.479203 0.0055477
 503 -0.44 -0.479125 0.00553721
 504 -0.52 -0.479206 0.00552681
 505 -0.44 -0.479129 0.0055164
 506 -0.52 -0.479209 0.00550608
 507 -0.52 -0.47929 0.0054958
 508 -0.44 -0.479213 0.00548551
 509 -0.52 -0.479293 0.00547531
 510 -0.44 -0.479216 0.00546511
 511 -0.68 -0.479609 0.00546854
 512 -0.68 -0.48 0.00547186
 513 -0.44 -0.479922 0.00546174
 514 -0.6 -0.480156 0.00545611
 515 -0.6 -0.480388 0.00545048
 516 -0.28 -0.48 0.00545375
 517 -0.44 -0.479923 0.00544374
 518 -0.6 -0.480154 0.00543816
 519 -0.36 -0.479923 0.00543261
 520 -0.36 -0.479692 0.00542705
 521 -0.6 -0.479923 0.00542155
 522 -0.28 -0.47954 0.00542469
 523 -0.44 -0.479465 0.00541483
 524 -0.6 -0.479695 0.00540938
 525 -0.6 -0.479924 0.00540393
 526 -0.52 -0.48 0.00539418
 527 -0.36 -0.479772 0.00538875
 528 -0.36 -0.479545 0.00538332
 529 -0.36 -0.479319 0.00537788
 530 -0.44 -0.479245 0.00536824
 531 -0.52 -0.479322 0.00535867
 532 -0.2 -0.478797 0.0053743
 533 -0.44 -0.478724 0.0053647
 534 -0.36 -0.478502 0.00535925
 535 -0.36 -0.47828 0.00535381
 536 -0.2 -0.477761 0.00536898
 537 -0.36 -0.477542 0.00536345
 538 -0.28 -0.477175 0.00536605
 539 -0.36 -0.476957 0.0053605
 540 -0.44 -0.476889 0.005351
 541 -0.52 -0.476969 0.00534169
 542 -0.6 -0.477196 0.00533666
 543 -0.44 -0.477127 0.00532726
 544 -0.44 -0.477059 0.0053179
 545 -0.6 -0.477284 0.00531292
 546 -0.52 -0.477363 0.00530376
 547 -0.52 -0.477441 0.00529463
 548 -0.52 -0.477518 0.00528553
 549 -0.52 -0.477596 0.00527646
 550 -0.44 -0.477527 0.0052673
 551 -0.44 -0.477459 0.00525817
 552 -0.44 -0.477391 0.00524908
 553 -0.44 -0.477324 0.00524001
 554 -0.44 -0.477256 0.00523098
 555 -0.44 -0.477189 0.00522198
 556 -0.52 -0.477266 0.00521315
 557 -0.28 -0.476912 0.00521582
 558 -0.44 -0.476846 0.00520688
 559 -0.44 -0.47678 0.00519798
 560 -0.52 -0.476857 0.00518926
 561 -0.36 -0.476649 0.00518419
 562 -0.6 -0.476868 0.00517961
 563 -0.44 -0.476803 0.00517081
 564 -0.52 -0.476879 0.00516221
 565 -0.44 -0.476814 0.00515347
 566 -0.36 -0.476608 0.0051485
 567 -0.44 -0.476543 0.00513982
 568 -0.36 -0.476338 0.00513486
 569 -0.52 -0.476415 0.0051264
 570 -0.52 -0.476491 0.00511797
 571 -0.44 -0.476427 0.0051094
 572 -0.52 -0.476503 0.00510103
 573 -0.44 -0.47644 0.00509252
 574 -0.44 -0.476376 0.00508403
 575 -0.6 -0.476591 0.00507974
 576 -0.6 -0.476806 0.00507543
 577 -0.44 -0.476742 0.00506703
 578 -0.52 -0.476817 0.00505881
 579 -0.52 -0.476891 0.00505062
 580 -0.52 -0.476966 0.00504245
 581 -0.68 -0.477315 0.00504588
 582 -0.6 -0.477526 0.00504161
 583 -0.6 -0.477736 0.00503734
 584 -0.68 -0.478082 0.00504062
 585 -0.76 -0.478564 0.00505502
 586 -0.76 -0.479044 0.00506919
 587 -0.68 -0.479387 0.00507211
 588 -0.52 -0.479456 0.00506395
 589 -0.44 -0.479389 0.00505579
 590 -0.36 -0.479186 0.00505126
 591 -0.52 -0.479255 0.00504318
 592 -0.36 -0.479054 0.00503868
 593 -0.04 -0.478314 0.00508438
 594 -0.28 -0.47798 0.00508678
 595 -0.6 -0.478185 0.00508236
 596 -0.36 -0.477987 0.0050777
 597 -0.52 -0.478057 0.00506968
 598 -0.44 -0.477993 0.00506159
 599 -0.44 -0.47793 0.00505353
 600 -0.36 -0.477733 0.00504893
 601 -0.52 -0.477804 0.00504101
 602 -0.52 -0.477874 0.00503312
 603 -0.52 -0.477944 0.00502525
 604 -0.36 -0.477748 0.00502072
 605 -0.28 -0.477421 0.00502306
 606 -0.44 -0.47736 0.00501515
 607 -0.44 -0.477298 0.00500726
 608 -0.44 -0.477237 0.00499939
 609 -0.44 -0.477176 0.00499155
 610 -0.44 -0.477115 0.00498373
 611 -0.52 -0.477185 0.00497607
 612 -0.44 -0.477124 0.0049683
 613 -0.44 -0.477064 0.00496056
 614 -0.44 -0.477003 0.00495284
 615 -0.6 -0.477203 0.00494882
 616 -0.52 -0.477273 0.00494127
 617 -0.52 -0.477342 0.00493374
 618 -0.44 -0.477282 0.00492612
 619 -0.36 -0.477092 0.00492181
 620 -0.52 -0.477161 0.00491435
 621 -0.44 -0.477101 0.00490679
 622 -0.6 -0.477299 0.00490288
 623 -0.6 -0.477496 0.00489897
 624 -0.44 -0.477436 0.00489148
 625 -0.6 -0.477632 0.00488758
 626 -0.68 -0.477955 0.00489046
 627 -0.92 -0.47866 0.00493329
 628 -0.76 -0.479108 0.00494576
 629 -0.68 -0.479428 0.00494821
 630 -0.68 -0.479746 0.0049506
 631 -0.76 -0.48019 0.00496266
 632 -0.6 -0.48038 0.00495843
 633 -0.68 -0.480695 0.00496062
 634 -0.6 -0.480883 0.00495637
 635 -0.6 -0.481071 0.00495211
 636 -0.6 -0.481258 0.00494785
 637 -0.52 -0.481319 0.00494045
 638 -0.36 -0.481129 0.00493637
 639 -0.44 -0.481064 0.00492906
 640 -0.36 -0.480875 0.00492498
 641 -0.44 -0.480811 0.00491771
 642 -0.68 -0.481121 0.00491983
 643 -0.52 -0.481182 0.00491255
 644 -0.44 -0.481118 0.00490533
 645 -0.44 -0.481054 0.00489813
 646 -0.36 -0.480867 0.00489414
 647 -0.52 -0.480927 0.00488694
 648 -0.44 -0.480864 0.0048798
 649 -0.6 -0.481048 0.00487573
 650 -0.52 -0.481108 0.0048686
 651 -0.6 -0.48129 0.00486454
 652 -0.52 -0.48135 0.00485744
 653 -0.36 -0.481164 0.00485355
 654 -0.44 -0.481101 0.00484653
 655 -0.36 -0.480916 0.00484266
 656 -0.44 -0.480854 0.00483567
 657 -0.36 -0.48067 0.00483181
 658 -0.44 -0.480608 0.00482486
 659 -0.52 -0.480668 0.0048179
 660 -0.52 -0.480727 0.00481096
 661 -0.6 -0.480908 0.00480707
 662 -0.44 -0.480846 0.0048002
 663 -0.28 -0.480543 0.00480252
 664 -0.28 -0.480241 0.00480478
 665 -0.44 -0.48018 0.00479793
 666 -0.52 -0.48024 0.0047911
 667 -0.6 -0.48042 0.00478728
 668 -0.6 -0.480599 0.00478345
 669 -0.68 -0.480897 0.00478559
 670 -0.76 -0.481313 0.00479657
 671 -0.44 -0.481252 0.00478981
 672 -0.44 -0.48119 0.00478307
 673 -0.36 -0.48101 0.00477935
 674 -0.6 -0.481187 0.00477552
 675 -0.52 -0.481244 0.00476878
 676 -0.52 -0.481302 0.00476207
 677 -0.52 -0.481359 0.00475537
 678 -0.44 -0.481298 0.00474875
 679 -0.52 -0.481355 0.00474209
 680 -0.52 -0.481412 0.00473545
 681 -0.44 -0.481351 0.00472888
 682 -0.28 -0.481056 0.00473117
 683 -0.44 -0.480996 0.00472462
 684 -0.36 -0.480819 0.00472102
 685 -0.6 -0.480993 0.00471733
 686 -0.44 -0.480933 0.00471083
 687 -0.36 -0.480757 0.00470726
 688 -0.36 -0.480581 0.00470369
 689 -0.36 -0.480406 0.00470012
 690 -0.44 -0.480348 0.00469367
 691 -0.36 -0.480174 0.0046901
 692 -0.28 -0.479884 0.00469224
 693 -0.28 -0.479596 0.00469434
 694 -0.44 -0.479539 0.00468792
 695 -0.6 -0.479712 0.00468437
 696 -0.36 -0.47954 0.0046808
 697 -0.44 -0.479484 0.00467442
 698 -0.68 -0.479771 0.00467655
 699 -0.52 -0.479828 0.00467021
 700 -0.36 -0.479657 0.00466668
 701 -0.6 -0.479829 0.00466318
 702 -0.36 -0.479658 0.00465966
 703 -0.44 -0.479602 0.00465337
 704 -0.36 -0.479432 0.00464986
 705 -0.44 -0.479376 0.00464359
 706 -0.6 -0.479547 0.00464016
 707 -0.52 -0.479604 0.00463394
 708 -0.36 -0.479435 0.00463048
 709 -0.04 -0.478815 0.00466529
 710 -0.2 -0.478423 0.00467524
 711 -0.28 -0.478143 0.00467699
 712 -0.28 -0.477865 0.0046787
 713 -0.52 -0.477924 0.00467251
 714 -0.6 -0.478095 0.00466909
 715 -0.44 -0.478042 0.00466286
 716 -0.36 -0.477877 0.00465926
 717 -0.52 -0.477936 0.00465313
 718 -0.6 -0.478106 0.00464976
 719 -0.44 -0.478053 0.00464359
 720 -0.44 -0.478 0.00463743
 721 -0.68 -0.47828 0.00463946
 722 -0.6 -0.478449 0.0046361
 723 -0.44 -0.478396 0.00462999
 724 -0.52 -0.478453 0.00462395
 725 -0.6 -0.478621 0.00462061
 726 -0.68 -0.478898 0.00462257
 727 -0.44 -0.478845 0.00461652
 728 -0.52 -0.478901 0.00461052
 729 -0.44 -0.478848 0.0046045
 730 -0.52 -0.478904 0.00459853
 731 -0.36 -0.478741 0.00459512
 732 -0.52 -0.478798 0.00458918
 733 -0.76 -0.479181 0.00459894
 734 -0.76 -0.479564 0.00460858
 735 -0.6 -0.479728 0.00460522
 736 -0.44 -0.479674 0.00459928
 737 -0.44 -0.47962 0.00459335
 738 -0.6 -0.479783 0.00459002
 739 -0.76 -0.480162 0.00459946
 740 -0.76 -0.480541 0.00460878
 741 -0.6 -0.480702 0.00460538
 742 -0.6 -0.480863 0.00460198
 743 -0.52 -0.480915 0.00459608
 744 -0.68 -0.481183 0.00459769
 745 -0.2 -0.480805 0.00460701
 746 -0.36 -0.480643 0.00460367
 747 -0.28 -0.480375 0.00460535
 748 -0.52 -0.480428 0.00459949
 749 -0.36 -0.480267 0.00459616
 750 -0.6 -0.480427 0.0045928
 751 -0.6 -0.480586 0.00458945
 752 -0.6 -0.480745 0.00458609
 753 -0.68 -0.481009 0.00458763
 754 -0.44 -0.480955 0.00458187
 755 -0.36 -0.480795 0.0045786
 756 -0.44 -0.480741 0.00457286
 757 -0.44 -0.480687 0.00456713
 758 -0.44 -0.480633 0.00456141
 759 -0.52 -0.480685 0.0045557
 760 -0.68 -0.480947 0.00455725
 761 -0.68 -0.481209 0.00455877
 762 -0.52 -0.48126 0.00455307
 763 -0.52 -0.481311 0.00454738
 764 -0.52 -0.481361 0.0045417
 765 -0.68 -0.481621 0.00454319
 766 -0.6 -0.481775 0.00453989
 767 -0.44 -0.481721 0.00453429
 768 -0.44 -0.481667 0.00452871
 769 -0.28 -0.481404 0.00453041
 770 -0.44 -0.481351 0.00452484
 771 -0.6 -0.481505 0.00452159
 772 -0.52 -0.481554 0.00451601
 773 -0.6 -0.481708 0.00451276
 774 -0.36 -0.48155 0.00450967
 775 -0.28 -0.48129 0.00451135
 776 -0.44 -0.481237 0.00450585
 777 -0.28 -0.480978 0.00450749
 778 -0.52 -0.481028 0.00450197
 779 -0.36 -0.480873 0.00449887
 780 -0.44 -0.480821 0.00449341
 781 -0.52 -0.480871 0.00448793
 782 -0.6 -0.481023 0.00448478
 783 -0.52 -0.481073 0.00447932
 784 -0.6 -0.481224 0.00447617
 785 -0.44 -0.481172 0.00447078
 786 -0.28 -0.480916 0.00447242
 787 -0.52 -0.480966 0.004467
 788 -0.76 -0.48132 0.00447536
 789 -0.44 -0.481267 0.00446999
 790 -0.36 -0.481114 0.00446697
 791 -0.36 -0.480961 0.00446395
 792 -0.6 -0.481111 0.00446084
 793 -0.76 -0.481463 0.00446907
 794 -0.36 -0.48131 0.00446606
 795 -0.44 -0.481258 0.00446074
 796 -0.44 -0.481206 0.00445543
 797 -0.52 -0.481255 0.00445011
 798 -0.36 -0.481103 0.00444712
 799 -0.6 -0.481252 0.00444405
 800 -0.36 -0.4811 0.00444107
 801 -0.44 -0.481049 0.00443582
 802 -0.36 -0.480898 0.00443286
 803 -0.36 -0.480747 0.00442989
 804 -0.28 -0.480498 0.00443142
 805 -0.52 -0.480547 0.00442618
 806 -0.36 -0.480397 0.00442322
 807 -0.52 -0.480446 0.00441801
 808 -0.28 -0.480198 0.0044195
 809 -0.28 -0.479951 0.00442097
 810 -0.28 -0.479704 0.0044224
 811 -0.44 -0.479655 0.00441722
 812 -0.28 -0.479409 0.00441862
 813 -0.44 -0.47936 0.00441345
 814 -0.44 -0.479312 0.00440829
 815 -0.36 -0.479166 0.00440531
 816 -0.44 -0.479118 0.00440017
 817 -0.52 -0.479168 0.00439507
 818 -0.44 -0.47912 0.00438995
 819 -0.44 -0.479072 0.00438485
 820 -0.6 -0.47922 0.00438198
 821 -0.68 -0.479464 0.00438346
 822 -0.28 -0.479221 0.00438485
 823 -0.44 -0.479174 0.00437978
 824 -0.52 -0.479223 0.00437474
 825 -0.52 -0.479273 0.00436971
 826 -0.68 -0.479516 0.00437118
 827 -0.52 -0.479565 0.00436616
 828 -0.6 -0.47971 0.00436331
 829 -0.52 -0.479759 0.00435832
 830 -0.36 -0.479614 0.00435545
 831 -0.36 -0.479471 0.00435259
 832 -0.44 -0.479423 0.00434762
 833 -0.52 -0.479472 0.00434267
 834 -0.52 -0.47952 0.00433773
 835 -0.52 -0.479569 0.0043328
 836 -0.44 -0.479522 0.00432787
 837 -0.36 -0.479379 0.00432506
 838 -0.36 -0.479236 0.00432224
 839 -0.36 -0.479094 0.00431943
 840 -0.28 -0.478857 0.00432079
 841 -0.2 -0.478526 0.00432836
 842 -0.36 -0.478385 0.00432551
 843 -0.2 -0.478055 0.00433298
 844 -0.36 -0.477915 0.0043301
 845 -0.6 -0.478059 0.00432739
 846 -0.52 -0.478109 0.00432255
 847 -0.44 -0.478064 0.00431768
 848 -0.44 -0.478019 0.00431282
 849 -0.36 -0.47788 0.00430998
 850 -0.28 -0.477647 0.0043112
 851 -0.44 -0.477603 0.00430636
 852 -0.44 -0.477559 0.00430152
 853 -0.36 -0.477421 0.00429869
 854 -0.52 -0.477471 0.00429394
 855 -0.36 -0.477333 0.00429112
 856 -0.36 -0.477196 0.00428829
 857 -0.28 -0.476966 0.00428946
 858 -0.52 -0.477016 0.00428475
 859 -0.6 -0.477159 0.00428216
 860 -0.52 -0.477209 0.00427746
 861 -0.36 -0.477073 0.00427466
 862 -0.44 -0.47703 0.00426992
 863 -0.44 -0.476987 0.00426518
 864 -0.36 -0.476852 0.00426239
 865 -0.28 -0.476624 0.00426354
 866 -0.52 -0.476674 0.00425891
 867 -0.44 -0.476632 0.0042542
 868 -0.52 -0.476682 0.00424959
 869 -0.44 -0.47664 0.00424491
 870 -0.28 -0.476414 0.00424605
 871 -0.52 -0.476464 0.00424147
 872 -0.52 -0.476514 0.00423689
 873 -0.6 -0.476655 0.0042344
 874 -0.44 -0.476613 0.00422976
 875 -0.28 -0.476389 0.0042309
 876 -0.28 -0.476164 0.004232
 877 -0.28 -0.475941 0.00423309
 878 -0.44 -0.4759 0.00422846
 879 -0.12 -0.475495 0.00424301
 880 -0.36 -0.475364 0.00424022
 881 -0.36 -0.475233 0.00423743
 882 -0.52 -0.475283 0.00423293
 883 -0.44 -0.475243 0.00422832
 884 -0.52 -0.475294 0.00422384
 885 -0.52 -0.475345 0.00421936
 886 -0.6 -0.475485 0.00421695
 887 -0.52 -0.475536 0.00421249
 888 -0.44 -0.475495 0.00420793
 889 -0.68 -0.475726 0.00420949
 890 -0.68 -0.475955 0.00421101
 891 -0.52 -0.476004 0.00420658
 892 -0.52 -0.476054 0.00420215
 893 -0.28 -0.475834 0.00420318
 894 -0.52 -0.475884 0.00419876
 895 -0.52 -0.475933 0.00419436
 896 -0.44 -0.475893 0.00418987
 897 -0.28 -0.475674 0.00419089
 898 -0.2 -0.475367 0.00419746
 899 -0.28 -0.47515 0.00419841
 900 -0.2 -0.474844 0.00420488
 901 -0.52 -0.474895 0.0042005
 902 -0.52 -0.474945 0.00419614
 903 -0.6 -0.475083 0.00419378
 904 -0.76 -0.475398 0.00420098
 905 -0.76 -0.475713 0.0042081
 906 -0.68 -0.475938 0.0042095
 907 -0.44 -0.475899 0.00420504
 908 -0.6 -0.476035 0.00420263
 909 -0.68 -0.47626 0.004204
 910 -0.6 -0.476396 0.00420158
 911 -0.6 -0.476531 0.00419915
 912 -0.52 -0.476579 0.00419482
 913 -0.52 -0.476627 0.00419049
 914 -0.84 -0.477024 0.00420474
 915 -0.6 -0.477158 0.00420229
 916 -0.6 -0.477293 0.00419984
 917 -0.44 -0.477252 0.00419546
 918 -0.6 -0.477386 0.00419302
 919 -0.6 -0.477519 0.00419058
 920 -0.52 -0.477565 0.00418627
 921 -0.44 -0.477524 0.00418193
 922 -0.36 -0.477397 0.00417933
 923 -0.36 -0.47727 0.00417674
 924 -0.6 -0.477403 0.00417433
 925 -0.6 -0.477535 0.00417192
 926 -0.68 -0.477754 0.00417314
 927 -0.28 -0.47754 0.00417409
 928 -0.36 -0.477414 0.00417152
 929 -0.36 -0.477287 0.00416894
 930 -0.44 -0.477247 0.00416465
 931 -0.68 -0.477465 0.00416587
 932 -0.6 -0.477597 0.00416347
 933 -0.68 -0.477814 0.00416466
 934 -0.6 -0.477944 0.00416226
 935 -0.68 -0.47816 0.00416342
 936 -0.6 -0.478291 0.004161
 937 -0.6 -0.47842 0.00415859
 938 -0.76 -0.478721 0.00416498
 939 -0.6 -0.47885 0.00416255
 940 -0.44 -0.478809 0.00415833
 941 -0.28 -0.478597 0.00415927
 942 -0.44 -0.478556 0.00415506
 943 -0.44 -0.478515 0.00415085
 944 -0.36 -0.47839 0.00414835
 945 -0.68 -0.478603 0.00414945
 946 -0.44 -0.478562 0.00414526
 947 -0.76 -0.47886 0.00415153
 948 -0.44 -0.478819 0.00414735
 949 -0.52 -0.478862 0.00414321
 950 -0.6 -0.478989 0.00414081
 951 -0.52 -0.479033 0.00413668
 952 -0.44 -0.478992 0.00413253
 953 -0.28 -0.478783 0.00413347
 954 -0.44 -0.478742 0.00412933
 955 -0.52 -0.478785 0.00412523
 956 -0.68 -0.478996 0.00412629
 957 -0.52 -0.479039 0.0041222
 958 -0.44 -0.478998 0.00411809
 959 -0.44 -0.478957 0.004114
 960 -0.52 -0.479 0.00410993
 961 -0.36 -0.478876 0.00410752
 962 -0.44 -0.478836 0.00410345
 963 -0.6 -0.478962 0.00410112
 964 -0.44 -0.478921 0.00409706
 965 -0.36 -0.478798 0.00409467
 966 -0.6 -0.478923 0.00409235
 967 -0.68 -0.479131 0.0040934
 968 -0.44 -0.479091 0.00408937
 969 -0.44 -0.479051 0.00408534
 970 -0.52 -0.479093 0.00408135
 971 -0.6 -0.479217 0.00407904
 972 -0.6 -0.479342 0.00407674
 973 -0.76 -0.47963 0.00408275
 974 -0.68 -0.479836 0.00408374
 975 -0.36 -0.479713 0.0040814
 976 -0.2 -0.479426 0.00408728
 977 -0.36 -0.479304 0.00408492
 978 -0.28 -0.4791 0.00408583
 979 -0.28 -0.478897 0.00408672
 980 -0.36 -0.478776 0.00408435
 981 -0.36 -0.478654 0.00408198
 982 -0.44 -0.478615 0.00407801
 983 -0.6 -0.478739 0.00407573
 984 -0.6 -0.478862 0.00407345
 985 -0.52 -0.478904 0.00406952
 986 -0.44 -0.478864 0.00406559
 987 -0.52 -0.478906 0.00406168
 988 -0.68 -0.479109 0.00406267
 989 -0.76 -0.479393 0.00406848
 990 -0.84 -0.479758 0.00408066
 991 -0.68 -0.47996 0.00408155
 992 -0.36 -0.479839 0.00407922
 993 -0.36 -0.479718 0.0040769
 994 -0.52 -0.479759 0.004073
 995 -0.44 -0.479719 0.0040691
 996 -0.52 -0.479759 0.00406521
 997 -0.44 -0.479719 0.00406133
 998 -0.52 -0.47976 0.00405746
 999 -0.6 -0.47988 0.00405518
 1000 -0.68 -0.48008 0.00405606
 1001 -0.6 -0.4802 0.00405378
 1002 -0.44 -0.48016 0.00404993
 1003 -0.68 -0.480359 0.00405079
 1004 -0.76 -0.480637 0.00405633
 1005 -0.68 -0.480836 0.00405714
 1006 -0.68 -0.481034 0.00405794
 1007 -0.76 -0.481311 0.00406336
 1008 -0.52 -0.481349 0.00405951
 1009 -0.52 -0.481388 0.00405567
 1010 -0.28 -0.481188 0.00405655
 1011 -0.44 -0.481147 0.00405275
 1012 -0.52 -0.481186 0.00404892
 1013 -0.44 -0.481145 0.00404513
 1014 -0.52 -0.481183 0.00404132
 1015 -0.6 -0.4813 0.00403903
 1016 -0.6 -0.481417 0.00403674
 1017 -0.52 -0.481455 0.00403295
 1018 -0.52 -0.481493 0.00402916
 1019 -0.6 -0.481609 0.00402689
 1020 -0.44 -0.481569 0.00402315
 1021 -0.28 -0.481371 0.00402405
 1022 -0.36 -0.481252 0.00402186
 1023 -0.2 -0.480978 0.00402732
 1024 -0.36 -0.480859 0.00402512
 1025 -0.28 -0.480663 0.00402597
 1026 -0.44 -0.480624 0.00402224
 1027 -0.44 -0.480584 0.00401851
 1028 -0.6 -0.4807 0.00401628
 1029 -0.52 -0.480739 0.00401256
 1030 -0.52 -0.480777 0.00400884
 1031 -0.76 -0.481048 0.0040141
 1032 -0.52 -0.481085 0.00401039
 1033 -0.44 -0.481045 0.0040067
 1034 -0.6 -0.481161 0.00400447
 1035 -0.6 -0.481275 0.00400225
 1036 -0.36 -0.481158 0.0040001
 1037 -0.44 -0.481119 0.00399644
 1038 -0.44 -0.481079 0.00399278
 1039 -0.52 -0.481116 0.00398911
 1040 -0.28 -0.480923 0.00398996
 1041 -0.52 -0.480961 0.00398631
 1042 -0.44 -0.480921 0.00398267
 1043 -0.68 -0.481112 0.00398343
 1044 -0.44 -0.481073 0.00397981
 1045 -0.6 -0.481187 0.00397762
 1046 -0.52 -0.481224 0.00397399
 1047 -0.36 -0.481108 0.00397188
 1048 -0.52 -0.481145 0.00396826
 1049 -0.28 -0.480953 0.00396911
 1050 -0.36 -0.480838 0.00396701
 1051 -0.36 -0.480723 0.0039649
 1052 -0.6 -0.480837 0.00396275
 1053 -0.68 -0.481026 0.0039635
 1054 -0.44 -0.480987 0.00395993
 1055 -0.6 -0.4811 0.00395778
 1056 -0.6 -0.481212 0.00395563
 1057 -0.36 -0.481097 0.00395355
 1058 -0.44 -0.481059 0.00395001
 1059 -0.52 -0.481095 0.00394644
 1060 -0.36 -0.480981 0.00394437
 1061 -0.44 -0.480943 0.00394084
 1062 -0.52 -0.480979 0.0039373
 1063 -0.28 -0.48079 0.00393814
 1064 -0.6 -0.480902 0.00393603
 1065 -0.52 -0.480939 0.0039325
 1066 -0.68 -0.481126 0.00393325
 1067 -0.6 -0.481237 0.00393114
 1068 -0.6 -0.481348 0.00392903
 1069 -0.68 -0.481534 0.00392975
 1070 -0.76 -0.481794 0.00393469
 1071 -0.44 -0.481755 0.00393121
 1072 -0.68 -0.48194 0.00393189
 1073 -0.52 -0.481976 0.00392839
 1074 -0.52 -0.482011 0.00392489
 1075 -0.36 -0.481898 0.00392288
 1076 -0.44 -0.481859 0.00391942
 1077 -0.44 -0.48182 0.00391597
 1078 -0.52 -0.481855 0.0039125
 1079 -0.52 -0.481891 0.00390903
 1080 -0.52 -0.481926 0.00390557
 1081 -0.44 -0.481887 0.00390215
 1082 -0.52 -0.481922 0.0038987
 1083 -0.28 -0.481736 0.00389956
 1084 -0.6 -0.481845 0.00389749
 1085 -0.6 -0.481954 0.00389542
 1086 -0.6 -0.482063 0.00389334
 1087 -0.44 -0.482024 0.00388995
 1088 -0.52 -0.482059 0.00388653
 1089 -0.44 -0.48202 0.00388316
 1090 -0.52 -0.482055 0.00387975
 1091 -0.36 -0.481943 0.0038778
 1092 -0.52 -0.481978 0.00387441
 1093 -0.6 -0.482086 0.00387237
 1094 -0.6 -0.482194 0.00387033
 1095 -0.52 -0.482228 0.00386694
 1096 -0.36 -0.482117 0.00386502
 1097 -0.44 -0.482078 0.00386169
 1098 -0.44 -0.48204 0.00385836
 1099 -0.36 -0.481929 0.00385645
 1100 -0.44 -0.481891 0.00385313
 1101 -0.52 -0.481926 0.00384978
 1102 -0.36 -0.481815 0.00384788
 1103 -0.28 -0.481632 0.00384874
 1104 -0.52 -0.481667 0.00384541
 1105 -0.52 -0.481701 0.00384209
 1106 -0.52 -0.481736 0.00383877
 1107 -0.36 -0.481626 0.00383687
 1108 -0.76 -0.481877 0.00384163
 1109 -0.76 -0.482128 0.00384635
 1110 -0.6 -0.482234 0.00384435
 1111 -0.52 -0.482268 0.00384104
 1112 -0.6 -0.482374 0.00383905
 1113 -0.76 -0.482624 0.0038437
 1114 -0.6 -0.482729 0.00384169
 1115 -0.36 -0.482619 0.00383982
 1116 -0.36 -0.482509 0.00383795
 1117 -0.52 -0.482543 0.00383466
 1118 -0.6 -0.482648 0.00383267
 1119 -0.44 -0.482609 0.00382943
 1120 -0.44 -0.482571 0.0038262
 1121 -0.44 -0.482533 0.00382298
 1122 -0.36 -0.482424 0.00382113
 1123 -0.44 -0.482386 0.00381791
 1124 -0.28 -0.482206 0.00381876
 1125 -0.12 -0.481884 0.00382892
 1126 -0.36 -0.481776 0.00382705
 1127 -0.68 -0.481952 0.0038277
 1128 -0.6 -0.482057 0.00382574
 1129 -0.44 -0.482019 0.00382253
 1130 -0.36 -0.481912 0.00382067
 1131 -0.44 -0.481874 0.00381747
 1132 -0.52 -0.481908 0.00381424
 1133 -0.68 -0.482083 0.00381489
 1134 -0.52 -0.482116 0.00381167
 1135 -0.36 -0.482009 0.00380983
 1136 -0.28 -0.481831 0.00381062
 1137 -0.52 -0.481865 0.00380742
 1138 -0.52 -0.481898 0.00380422
 1139 -0.28 -0.481721 0.00380501
 1140 -0.52 -0.481754 0.00380182
 1141 -0.36 -0.481648 0.00379998
 1142 -0.36 -0.481541 0.00379815
 1143 -0.36 -0.481435 0.00379631
 1144 -0.36 -0.481329 0.00379448
 1145 -0.52 -0.481362 0.00379131
 1146 -0.6 -0.481466 0.00378942
 1147 -0.28 -0.48129 0.00379018
 1148 -0.44 -0.481254 0.00378705
 1149 -0.6 -0.481358 0.00378516
 1150 -0.44 -0.481322 0.00378204
 1151 -0.52 -0.481355 0.00377891
 1152 -0.52 -0.481389 0.00377577
 1153 -0.6 -0.481492 0.0037739
 1154 -0.68 -0.481664 0.00377455
 1155 -0.68 -0.481835 0.00377519
 1156 -0.52 -0.481869 0.00377206
 1157 -0.52 -0.481901 0.00376895
 1158 -0.44 -0.481865 0.00376586
 1159 -0.52 -0.481898 0.00376276
 1160 -0.36 -0.481793 0.00376098
 1161 -0.6 -0.481895 0.00375912
 1162 -0.44 -0.481859 0.00375606
 1163 -0.68 -0.482029 0.00375669
 1164 -0.68 -0.482199 0.00375731
 1165 -0.52 -0.482232 0.00375423
 1166 -0.2 -0.48199 0.00375881
 1167 -0.44 -0.481954 0.00375576
 1168 -0.36 -0.481849 0.00375399
 1169 -0.36 -0.481745 0.00375223
 1170 -0.52 -0.481778 0.00374916
 1171 -0.44 -0.481742 0.00374613
 1172 -0.68 -0.481911 0.00374675
 1173 -0.6 -0.482012 0.00374491
 1174 -0.6 -0.482112 0.00374307
 1175 -0.6 -0.482213 0.00374123
 1176 -0.68 -0.482381 0.00374183
 1177 -0.68 -0.482549 0.00374241
 1178 -0.52 -0.482581 0.00373937
 1179 -0.52 -0.482612 0.00373633
 1180 -0.6 -0.482712 0.00373449
 1181 -0.44 -0.482676 0.0037315
 1182 -0.44 -0.48264 0.00372852
 1183 -0.44 -0.482604 0.00372554
 1184 -0.28 -0.482432 0.00372632
 1185 -0.44 -0.482397 0.00372335
 1186 -0.6 -0.482496 0.00372153
 1187 -0.52 -0.482527 0.00371853
 1188 -0.52 -0.482559 0.00371553
 1189 -0.36 -0.482456 0.00371383
 1190 -0.52 -0.482487 0.00371085
 1191 -0.36 -0.482385 0.00370915
 1192 -0.52 -0.482416 0.00370618
 1193 -0.6 -0.482515 0.00370438
 1194 -0.52 -0.482546 0.00370141
 1195 -0.68 -0.482711 0.003702
 1196 -0.44 -0.482676 0.00369907
 1197 -0.52 -0.482707 0.00369611
 1198 -0.44 -0.482671 0.0036932
 1199 -0.28 -0.482502 0.00369399
 1200 -0.52 -0.482533 0.00369104
 1201 -0.36 -0.482431 0.00368938
 1202 -0.44 -0.482396 0.00368648
 1203 -0.52 -0.482427 0.00368354
 1204 -0.44 -0.482392 0.00368065
 1205 -0.52 -0.482423 0.00367773
 1206 -0.6 -0.482521 0.00367597
 1207 -0.6 -0.482618 0.00367421
 1208 -0.6 -0.482715 0.00367246
 1209 -0.68 -0.482878 0.00367304
 1210 -0.6 -0.482975 0.00367128
 1211 -0.52 -0.483006 0.00366838
 1212 -0.36 -0.482904 0.00366675
 1213 -0.6 -0.483001 0.003665
 1214 -0.68 -0.483163 0.00366557
 1215 -0.84 -0.483457 0.00367431
 1216 -0.76 -0.483684 0.00367833
 1217 -0.6 -0.48378 0.00367655
 1218 -0.44 -0.483744 0.0036737
 1219 -0.44 -0.483708 0.00367086
 1220 -0.2 -0.483475 0.00367522
 1221 -0.44 -0.48344 0.00367238
 1222 -0.28 -0.483273 0.00367315
 1223 -0.2 -0.483042 0.00367744
 1224 -0.28 -0.482876 0.00367818
 1225 -0.44 -0.482841 0.00367534
 1226 -0.52 -0.482871 0.00367247
 1227 -0.6 -0.482967 0.00367072
 1228 -0.52 -0.482997 0.00366785
 1229 -0.52 -0.483027 0.00366499
 1230 -0.44 -0.482992 0.00366217
 1231 -0.52 -0.483022 0.00365932
 1232 -0.6 -0.483117 0.00365758
 1233 -0.6 -0.483212 0.00365584
 1234 -0.28 -0.483047 0.00365659
 1235 -0.44 -0.483012 0.00365379
 1236 -0.6 -0.483107 0.00365206
 1237 -0.6 -0.483201 0.00365033
 1238 -0.44 -0.483166 0.00364755
 1239 -0.36 -0.483067 0.00364596
 1240 -0.2 -0.482839 0.00365017
 1241 -0.52 -0.482869 0.00364735
 1242 -0.2 -0.482641 0.00365152
 1243 -0.44 -0.482607 0.00364874
 1244 -0.44 -0.482572 0.00364597
 1245 -0.52 -0.482602 0.00364316
 1246 -0.52 -0.482632 0.00364036
 1247 -0.44 -0.482598 0.0036376
 1248 -0.36 -0.4825 0.00363601
 1249 -0.12 -0.48221 0.00364467
 1250 -0.6 -0.482304 0.00364297
 1251 -0.6 -0.482398 0.00364128
 1252 -0.44 -0.482364 0.00363853
 1253 -0.52 -0.482394 0.00363574
 1254 -0.28 -0.482233 0.00363643
 1255 -0.28 -0.482072 0.0036371
 1256 -0.6 -0.482166 0.00363542
 1257 -0.52 -0.482196 0.00363265
 1258 -0.6 -0.482289 0.00363097
 1259 -0.36 -0.482192 0.00362938
 1260 -0.6 -0.482286 0.0036277
 1261 -0.36 -0.482189 0.00362612
 1262 -0.2 -0.481965 0.00363014
 1263 -0.12 -0.481679 0.00363857
 1264 -0.68 -0.481835 0.00363908
 1265 -0.6 -0.481929 0.0036374
 1266 -0.52 -0.481959 0.00363465
 1267 -0.52 -0.481989 0.0036319
 1268 -0.36 -0.481893 0.00363031
 1269 -0.36 -0.481797 0.00362872
 1270 -0.44 -0.481764 0.00362601
 1271 -0.28 -0.481605 0.00362663
 1272 -0.36 -0.481509 0.00362504
 1273 -0.52 -0.48154 0.00362232
 1274 -0.36 -0.481444 0.00362073
 1275 -0.2 -0.481224 0.00362462
 1276 -0.6 -0.481317 0.00362297
 1277 -0.6 -0.48141 0.00362133
 1278 -0.6 -0.481502 0.00361968
 1279 -0.36 -0.481407 0.0036181
 1280 -0.44 -0.481375 0.00361542
 1281 -0.44 -0.481343 0.00361274
 1282 -0.36 -0.481248 0.00361116
 1283 -0.52 -0.481278 0.00360847
 1284 -0.6 -0.481371 0.00360684
 1285 -0.52 -0.481401 0.00360416
 1286 -0.36 -0.481306 0.00360259
 1287 -0.44 -0.481274 0.00359994
 1288 -0.52 -0.481304 0.00359727
 1289 -0.52 -0.481334 0.0035946
 1290 -0.44 -0.481302 0.00359196
 1291 -0.44 -0.48127 0.00358931
 1292 -0.52 -0.4813 0.00358666
 1293 -0.6 -0.481392 0.00358506
 1294 -0.68 -0.481546 0.00358558
 1295 -0.6 -0.481637 0.00358397
 1296 -0.68 -0.48179 0.00358448
 1297 -0.76 -0.482005 0.00358813
 1298 -0.68 -0.482157 0.00358861
 1299 -0.36 -0.482063 0.00358708
 1300 -0.68 -0.482215 0.00358755
 1301 -0.52 -0.482244 0.00358491
 1302 -0.44 -0.482212 0.0035823
 1303 -0.36 -0.482118 0.00358078
 1304 -0.52 -0.482147 0.00357815
 1305 -0.28 -0.481992 0.00357876
 1306 -0.52 -0.482021 0.00357614
 1307 -0.44 -0.481989 0.00357354
 1308 -0.44 -0.481957 0.00357096
 1309 -0.6 -0.482047 0.00356937
 1310 -0.44 -0.482015 0.00356678
 1311 -0.68 -0.482166 0.00356726
 1312 -0.68 -0.482317 0.00356773
 1313 -0.44 -0.482285 0.00356516
 1314 -0.6 -0.482374 0.00356357
 1315 -0.52 -0.482403 0.00356097
 1316 -0.44 -0.482371 0.00355841
 1317 -0.6 -0.48246 0.00355683
 1318 -0.6 -0.482549 0.00355525
 1319 -0.52 -0.482578 0.00355267
 1320 -0.44 -0.482545 0.00355012
 1321 -0.36 -0.482453 0.00354864
 1322 -0.44 -0.482421 0.0035461
 1323 -0.44 -0.482389 0.00354357
 1324 -0.52 -0.482417 0.003541
 1325 -0.52 -0.482445 0.00353845
 1326 -0.44 -0.482413 0.00353592
 1327 -0.44 -0.482381 0.0035334
 1328 -0.44 -0.482349 0.00353088
 1329 -0.6 -0.482438 0.00352933
 1330 -0.36 -0.482346 0.00352788
 1331 -0.76 -0.482554 0.0035314
 1332 -0.44 -0.482523 0.00352889
 1333 -0.36 -0.482431 0.00352744
 1334 -0.44 -0.482399 0.00352494
 1335 -0.52 -0.482427 0.00352241
 1336 -0.44 -0.482395 0.00351991
 1337 -0.6 -0.482483 0.00351838
 1338 -0.36 -0.482392 0.00351694
 1339 -0.52 -0.48242 0.00351443
 1340 -0.6 -0.482507 0.0035129
 1341 -0.44 -0.482476 0.00351042
 1342 -0.36 -0.482385 0.00350899
 1343 -0.6 -0.482472 0.00350747
 1344 -0.52 -0.4825 0.00350497
 1345 -0.52 -0.482528 0.00350247
 1346 -0.52 -0.482556 0.00349998
 1347 -0.36 -0.482465 0.00349857
 1348 -0.68 -0.482611 0.00349904
 1349 -0.28 -0.482461 0.00349967
 1350 -0.36 -0.48237 0.00349825
 1351 -0.52 -0.482398 0.00349577
 1352 -0.44 -0.482367 0.00349333
 1353 -0.6 -0.482454 0.00349183
 1354 -0.6 -0.482541 0.00349033
 1355 -0.52 -0.482568 0.00348786
 1356 -0.68 -0.482714 0.00348833
 1357 -0.44 -0.482682 0.0034859
 1358 -0.6 -0.482769 0.0034844
 1359 -0.36 -0.482678 0.00348301
 1360 -0.36 -0.482588 0.00348161
 1361 -0.44 -0.482557 0.0034792
 1362 -0.44 -0.482526 0.00347678
 1363 -0.6 -0.482612 0.0034753
 1364 -0.6 -0.482698 0.00347381
 1365 -0.52 -0.482725 0.00347138
 1366 -0.44 -0.482694 0.00346898
 1367 -0.52 -0.482721 0.00346654
 1368 -0.52 -0.482749 0.00346412
 1369 -0.44 -0.482717 0.00346173
 1370 -0.44 -0.482686 0.00345934
 1371 -0.28 -0.482538 0.00345997
 1372 -0.44 -0.482507 0.00345759
 1373 -0.52 -0.482535 0.00345518
 1374 -0.36 -0.482445 0.00345382
 1375 -0.36 -0.482356 0.00345245
 1376 -0.6 -0.482442 0.003451
 1377 -0.52 -0.482469 0.0034486
 1378 -0.52 -0.482496 0.00344621
 1379 -0.52 -0.482524 0.00344381
 1380 -0.36 -0.482435 0.00344246
 1381 -0.6 -0.48252 0.00344102
 1382 -0.44 -0.482489 0.00343867
 1383 -0.44 -0.482458 0.00343632
 1384 -0.36 -0.48237 0.00343497
 1385 -0.36 -0.482282 0.00343363
 1386 -0.44 -0.482251 0.00343129
 1387 -0.2 -0.482048 0.00343485
 1388 -0.36 -0.48196 0.0034335
 1389 -0.52 -0.481987 0.00343113
 1390 -0.44 -0.481957 0.0034288
 1391 -0.52 -0.481984 0.00342644
 1392 -0.6 -0.482069 0.00342503
 1393 -0.52 -0.482096 0.00342268
 1394 -0.44 -0.482066 0.00342035
 1395 -0.52 -0.482093 0.00341801
 1396 -0.6 -0.482178 0.0034166
 1397 -0.52 -0.482205 0.00341426
 1398 -0.52 -0.482232 0.00341193
 1399 -0.52 -0.482259 0.0034096
 1400 -0.52 -0.482286 0.00340727
 1401 -0.44 -0.482256 0.00340497
 1402 -0.44 -0.482225 0.00340267
 1403 -0.52 -0.482252 0.00340035
 1404 -0.52 -0.482279 0.00339803
 1405 -0.44 -0.482249 0.00339575
 1406 -0.44 -0.482219 0.00339347
 1407 -0.28 -0.482075 0.0033941
 1408 -0.28 -0.481932 0.00339472
 1409 -0.28 -0.481789 0.00339534
 1410 -0.6 -0.481872 0.00339396
 1411 -0.52 -0.481899 0.00339166
 1412 -0.52 -0.481926 0.00338937
 1413 -0.36 -0.48184 0.00338807
 1414 -0.6 -0.481924 0.0033867
 1415 -0.52 -0.481951 0.00338442
 1416 -0.52 -0.481977 0.00338213
 1417 -0.44 -0.481948 0.00337987
 1418 -0.68 -0.482087 0.00338038
 1419 -0.6 -0.482171 0.00337901
 1420 -0.52 -0.482197 0.00337674
 1421 -0.44 -0.482167 0.00337449
 1422 -0.44 -0.482138 0.00337225
 1423 -0.52 -0.482164 0.00336998
 1424 -0.52 -0.482191 0.00336772
 1425 -0.84 -0.482442 0.00337471
 1426 -0.6 -0.482525 0.00337335
 1427 -0.6 -0.482607 0.00337199
 1428 -0.44 -0.482577 0.00336976
 1429 -0.36 -0.482491 0.00336849
 1430 -0.44 -0.482462 0.00336627
 1431 -0.44 -0.482432 0.00336405
 1432 -0.52 -0.482458 0.0033618
 1433 -0.52 -0.482484 0.00335956
 1434 -0.6 -0.482566 0.00335821
 1435 -0.44 -0.482537 0.003356
 1436 -0.36 -0.482451 0.00335475
 1437 -0.44 -0.482422 0.00335254
 1438 -0.28 -0.482281 0.00335317
 1439 -0.44 -0.482252 0.00335097
 1440 -0.44 -0.482222 0.00334877
 1441 -0.44 -0.482193 0.00334657
 1442 -0.44 -0.482164 0.00334438
 1443 -0.36 -0.482079 0.00334313
 1444 -0.52 -0.482105 0.00334092
 1445 -0.44 -0.482076 0.00333873
 1446 -0.36 -0.481992 0.00333749
 1447 -0.36 -0.481907 0.00333625
 1448 -0.36 -0.481823 0.00333501
 1449 -0.52 -0.48185 0.00333281
 1450 -0.6 -0.481931 0.0033315
 1451 -0.52 -0.481957 0.00332931
 1452 -0.6 -0.482039 0.00332801
 1453 -0.76 -0.48223 0.00333122
 1454 -0.68 -0.482366 0.0033317
 1455 -0.68 -0.482502 0.00333218
 1456 -0.44 -0.482473 0.00333002
 1457 -0.68 -0.482608 0.00333049
 1458 -0.84 -0.482853 0.00333722
 1459 -0.44 -0.482824 0.00333507
 1460 -0.68 -0.482959 0.00333552
 1461 -0.68 -0.483094 0.00333596
 1462 -0.68 -0.483228 0.0033364
 1463 -0.36 -0.483144 0.00333518
 1464 -0.28 -0.483005 0.00333579
 1465 -0.6 -0.483085 0.00333447
 1466 -0.6 -0.483165 0.00333314
 1467 -0.44 -0.483136 0.003331
 1468 -0.6 -0.483215 0.00332968
 1469 -0.52 -0.48324 0.00332751
 1470 -0.68 -0.483374 0.00332794
 1471 -0.6 -0.483453 0.00332662
 1472 -0.68 -0.483587 0.00332704
 1473 -0.52 -0.483612 0.00332487
 1474 -0.52 -0.483636 0.00332271
 1475 -0.6 -0.483715 0.00332139
 1476 -0.52 -0.48374 0.00331923
 1477 -0.2 -0.483548 0.00332254
 1478 -0.36 -0.483464 0.00332134
 1479 -0.52 -0.483489 0.00331919
 1480 -0.36 -0.483405 0.003318
 1481 -0.2 -0.483214 0.00332127
 1482 -0.36 -0.483131 0.00332007
 1483 -0.2 -0.48294 0.00332332
 1484 -0.36 -0.482857 0.00332211
 1485 -0.44 -0.482828 0.00332
 1486 -0.52 -0.482853 0.00331786
 1487 -0.52 -0.482878 0.00331572
 1488 -0.6 -0.482957 0.00331443
 1489 -0.52 -0.482982 0.0033123
 1490 -0.52 -0.483007 0.00331016
 1491 -0.44 -0.482978 0.00330807
 1492 -0.36 -0.482895 0.00330688
 1493 -0.6 -0.482974 0.00330559
 1494 -0.52 -0.482999 0.00330347
 1495 -0.6 -0.483077 0.00330219
 1496 -0.36 -0.482995 0.00330101
 1497 -0.52 -0.483019 0.00329889
 1498 -0.36 -0.482937 0.00329771
 1499 -0.52 -0.482962 0.00329561
 1500 -0.44 -0.482933 0.00329353
 1501 -0.52 -0.482958 0.00329143
 1502 -0.6 -0.483036 0.00329016
 1503 -0.52 -0.483061 0.00328806
 1504 -0.6 -0.483138 0.0032868
 1505 -0.6 -0.483216 0.00328553
 1506 -0.68 -0.483347 0.00328595
 1507 -0.68 -0.483477 0.00328636
 1508 -0.6 -0.483554 0.00328509
 1509 -0.36 -0.483472 0.00328393
 1510 -0.52 -0.483497 0.00328184
 1511 -0.52 -0.483521 0.00327976
 1512 -0.44 -0.483492 0.00327772
 1513 -0.52 -0.483516 0.00327564
 1514 -0.6 -0.483593 0.00327438
 1515 -0.6 -0.48367 0.00327312
 1516 -0.68 -0.483799 0.00327352
 1517 -0.68 -0.483929 0.00327392
 1518 -0.44 -0.4839 0.00327189
 1519 -0.44 -0.483871 0.00326986
 1520 -0.36 -0.483789 0.00326872
 1521 -0.36 -0.483708 0.00326759
 1522 -0.52 -0.483732 0.00326553
 1523 -0.52 -0.483756 0.00326347
 1524 -0.6 -0.483832 0.00326222
 1525 -0.44 -0.483803 0.00326021
 1526 -0.52 -0.483827 0.00325816
 1527 -0.6 -0.483903 0.00325691
 1528 -0.44 -0.483874 0.00325491
 1529 -0.44 -0.483846 0.0032529
 1530 -0.2 -0.48366 0.00325606
 1531 -0.2 -0.483475 0.00325921
 1532 -0.36 -0.483394 0.00325808
 1533 -0.68 -0.483523 0.00325848
 1534 -0.44 -0.483494 0.00325647
 1535 -0.36 -0.483414 0.00325535
 1536 -0.28 -0.483281 0.00325592
 1537 -0.36 -0.483201 0.00325479
 1538 -0.28 -0.483069 0.00325536
 1539 -0.36 -0.482989 0.00325422
 1540 -0.52 -0.483013 0.0032522
 1541 -0.44 -0.482985 0.00325021
 1542 -0.28 -0.482853 0.00325076
 1543 -0.44 -0.482826 0.00324878
 1544 -0.68 -0.482953 0.00324918
 1545 -0.6 -0.483029 0.00324796
 1546 -0.68 -0.483157 0.00324836
 1547 -0.36 -0.483077 0.00324723
 1548 -0.44 -0.483049 0.00324526
 1549 -0.44 -0.483021 0.00324328
 1550 -0.6 -0.483097 0.00324206
 1551 -0.52 -0.483121 0.00324006
 1552 -0.6 -0.483196 0.00323885
 1553 -0.52 -0.48322 0.00323685
 1554 -0.28 -0.483089 0.00323741
 1555 -0.36 -0.48301 0.00323629
 1556 -0.36 -0.482931 0.00323518
 1557 -0.44 -0.482903 0.00323322
 1558 -0.36 -0.482824 0.0032321
 1559 -0.44 -0.482797 0.00323015
 1560 -0.52 -0.482821 0.00322816
 1561 -0.68 -0.482947 0.00322857
 1562 -0.6 -0.483022 0.00322737
 1563 -0.44 -0.482994 0.00322542
 1564 -0.44 -0.482967 0.00322348
 1565 -0.44 -0.482939 0.00322153
 1566 -0.44 -0.482912 0.00321959
 1567 -0.52 -0.482936 0.00321762
 1568 -0.44 -0.482908 0.00321569
 1569 -0.52 -0.482932 0.00321372
 1570 -0.52 -0.482955 0.00321176
 1571 -0.36 -0.482877 0.00321067
 1572 -0.2 -0.482697 0.00321367
 1573 -0.68 -0.482823 0.00321408
 1574 -0.68 -0.482948 0.00321447
 1575 -0.76 -0.483124 0.00321725
 1576 -0.6 -0.483198 0.00321606
 1577 -0.68 -0.483323 0.00321644
 1578 -0.6 -0.483397 0.00321525
 1579 -0.6 -0.483471 0.00321406
 1580 -0.6 -0.483544 0.00321288
 1581 -0.44 -0.483517 0.00321096
 1582 -0.28 -0.483388 0.00321151
 1583 -0.6 -0.483462 0.00321032
 1584 -0.52 -0.483485 0.00320838
 1585 -0.44 -0.483457 0.00320647
 1586 -0.28 -0.483329 0.00320702
 1587 -0.52 -0.483352 0.00320508
 1588 -0.6 -0.483426 0.0032039
 1589 -0.52 -0.483449 0.00320197
 1590 -0.6 -0.483522 0.00320079
 1591 -0.52 -0.483545 0.00319886
 1592 -0.52 -0.483568 0.00319693
 1593 -0.76 -0.483741 0.00319964
 1594 -0.44 -0.483714 0.00319775
 1595 -0.36 -0.483636 0.00319668
 1596 -0.52 -0.483659 0.00319476
 1597 -0.36 -0.483582 0.0031937
 1598 -0.36 -0.483504 0.00319263
 1599 -0.52 -0.483527 0.00319072
 1600 -0.6 -0.4836 0.00318955
 1601 -0.52 -0.483623 0.00318764
 1602 -0.6 -0.483695 0.00318648
 1603 -0.52 -0.483718 0.00318457
 1604 -0.52 -0.483741 0.00318267
 1605 -0.76 -0.483913 0.00318534
 1606 -0.52 -0.483935 0.00318343
 1607 -0.52 -0.483958 0.00318153
 1608 -0.52 -0.48398 0.00317963
 1609 -0.44 -0.483953 0.00317777
 1610 -0.44 -0.483925 0.00317591
 1611 -0.52 -0.483948 0.00317402
 1612 -0.6 -0.48402 0.00317287
 1613 -0.52 -0.484042 0.00317098
 1614 -0.52 -0.484064 0.00316909
 1615 -0.76 -0.484235 0.00317173
 1616 -0.6 -0.484307 0.00317058
 1617 -0.44 -0.48428 0.00316874
 1618 -0.28 -0.484153 0.00316929
 1619 -0.44 -0.484126 0.00316745
 1620 -0.36 -0.484049 0.00316642
 1621 -0.44 -0.484022 0.00316459
 1622 -0.44 -0.483995 0.00316275
 1623 -0.36 -0.483919 0.00316173
 1624 -0.36 -0.483842 0.0031607
 1625 -0.36 -0.483766 0.00315967
 1626 -0.52 -0.483788 0.00315781
 1627 -0.36 -0.483712 0.00315678
 1628 -0.44 -0.483686 0.00315496
 1629 -0.68 -0.483806 0.00315532
 1630 -0.44 -0.483779 0.0031535
 1631 -0.44 -0.483752 0.00315168
 1632 -0.44 -0.483725 0.00314986
 1633 -0.52 -0.483748 0.00314801
 1634 -0.52 -0.48377 0.00314616
 1635 -0.36 -0.483694 0.00314515
 1636 -0.6 -0.483765 0.00314403
 1637 -0.68 -0.483885 0.0031444
 1638 -0.6 -0.483956 0.00314327
 1639 -0.28 -0.483832 0.00314382
 1640 -0.28 -0.483707 0.00314436
 1641 -0.44 -0.483681 0.00314256
 1642 -0.52 -0.483703 0.00314072
 1643 -0.6 -0.483774 0.00313961
 1644 -0.68 -0.483893 0.00313996
 1645 -0.2 -0.48372 0.0031428
 1646 -0.52 -0.483742 0.00314096
 1647 -0.52 -0.483764 0.00313913
 1648 -0.52 -0.483786 0.00313731
 1649 -0.6 -0.483857 0.00313619
 1650 -0.6 -0.483927 0.00313508
 1651 -0.36 -0.483852 0.00313408
 1652 -0.6 -0.483923 0.00313297
 1653 -0.52 -0.483944 0.00313115
 1654 -0.68 -0.484063 0.00313151
 1655 -0.76 -0.48423 0.00313405
 1656 -0.68 -0.484348 0.00313439
 1657 -0.76 -0.484514 0.00313691
 1658 -0.68 -0.484632 0.00313723
 1659 -0.68 -0.48475 0.00313755
 1660 -0.52 -0.484771 0.00313573
 1661 -0.6 -0.48484 0.00313461
 1662 -0.44 -0.484813 0.00313284
 1663 -0.36 -0.484738 0.00313186
 1664 -0.44 -0.484712 0.00313009
 1665 -0.76 -0.484877 0.00313258
 1666 -0.44 -0.48485 0.00313081
 1667 -0.52 -0.484871 0.003129
 1668 -0.52 -0.484892 0.0031272
 1669 -0.6 -0.484961 0.00312608
 1670 -0.28 -0.484838 0.00312662
 1671 -0.52 -0.484859 0.00312482
 1672 -0.44 -0.484833 0.00312307
 1673 -0.28 -0.48471 0.0031236
 1674 -0.52 -0.484731 0.0031218
 1675 -0.52 -0.484752 0.00312001
 1676 -0.52 -0.484773 0.00311822
 1677 -0.52 -0.484794 0.00311643
 1678 -0.44 -0.484768 0.00311469
 1679 -0.68 -0.484884 0.003115
 1680 -0.52 -0.484905 0.00311322
 1681 -0.68 -0.485021 0.00311353
 1682 -0.6 -0.485089 0.00311243
 1683 -0.68 -0.485205 0.00311273
 1684 -0.68 -0.485321 0.00311304
 1685 -0.36 -0.485246 0.00311208
 1686 -0.36 -0.485172 0.00311112
 1687 -0.36 -0.485098 0.00311016
 1688 -0.36 -0.485024 0.0031092
 1689 -0.52 -0.485044 0.00310742
 1690 -0.44 -0.485018 0.0031057
 1691 -0.44 -0.484991 0.00310398
 1692 -0.52 -0.485012 0.00310221
 1693 -0.36 -0.484938 0.00310126
 1694 -0.36 -0.484864 0.0031003
 1695 -0.76 -0.485027 0.00310272
 1696 -0.6 -0.485094 0.00310163
 1697 -0.68 -0.485209 0.00310193
 1698 -0.52 -0.48523 0.00310017
 1699 -0.44 -0.485203 0.00309846
 1700 -0.6 -0.485271 0.00309737
 1701 -0.6 -0.485338 0.00309629
 1702 -0.68 -0.485452 0.00309658
 1703 -0.52 -0.485473 0.00309483
 1704 -0.44 -0.485446 0.00309313
 1705 -0.44 -0.485419 0.00309143
 1706 -0.6 -0.485487 0.00309034
 1707 -0.6 -0.485554 0.00308926
 1708 -0.44 -0.485527 0.00308757
 1709 -0.44 -0.4855 0.00308588
 1710 -0.2 -0.485333 0.00308859
 1711 -0.68 -0.485447 0.00308888
 1712 -0.36 -0.485374 0.00308794
 1713 -0.12 -0.485161 0.0030935
 1714 -0.36 -0.485088 0.00309256
 1715 -0.52 -0.485108 0.00309082
 1716 -0.52 -0.485128 0.00308909
 1717 -0.2 -0.484962 0.00309175
 1718 -0.36 -0.484889 0.00309081
 1719 -0.28 -0.48477 0.00309131
 1720 -0.44 -0.484744 0.00308962
 1721 -0.44 -0.484718 0.00308793
 1722 -0.2 -0.484553 0.00309056
 1723 -0.36 -0.484481 0.00308961
 1724 -0.52 -0.484501 0.00308789
 1725 -0.6 -0.484568 0.00308683
 1726 -0.52 -0.484589 0.00308511
 1727 -0.36 -0.484517 0.00308416
 1728 -0.44 -0.484491 0.00308249
 1729 -0.44 -0.484465 0.00308081
 1730 -0.44 -0.484439 0.00307914
 1731 -0.6 -0.484506 0.00307808
 1732 -0.52 -0.484527 0.00307637
 1733 -0.44 -0.484501 0.0030747
 1734 -0.52 -0.484521 0.003073
 1735 -0.6 -0.484588 0.00307195
 1736 -0.36 -0.484516 0.00307101
 1737 -0.6 -0.484583 0.00306997
 1738 -0.52 -0.484603 0.00306827
 1739 -0.36 -0.484531 0.00306734
 1740 -0.36 -0.48446 0.00306641
 1741 -0.44 -0.484434 0.00306476
 1742 -0.52 -0.484455 0.00306306
 1743 -0.52 -0.484475 0.00306137
 1744 -0.6 -0.484541 0.00306034
 1745 -0.52 -0.484562 0.00305865
 1746 -0.44 -0.484536 0.003057
 1747 -0.12 -0.484327 0.00306237
 1748 -0.44 -0.484302 0.00306072
 1749 -0.36 -0.484231 0.0030598
 1750 -0.44 -0.484206 0.00305815
 1751 -0.52 -0.484226 0.00305647
 1752 -0.68 -0.484338 0.00305677
 1753 -0.52 -0.484358 0.0030551
 1754 -0.6 -0.484424 0.00305407
 1755 -0.6 -0.48449 0.00305303
 1756 -0.52 -0.48451 0.00305136
 1757 -0.68 -0.484622 0.00305165
 1758 -0.44 -0.484596 0.00305002
 1759 -0.68 -0.484707 0.00305031
 1760 -0.6 -0.484773 0.00304928
 1761 -0.6 -0.484838 0.00304825
 1762 -0.68 -0.484949 0.00304854
 1763 -0.68 -0.48506 0.00304881
 1764 -0.36 -0.484989 0.00304791
 1765 -0.52 -0.485008 0.00304625
 1766 -0.6 -0.485074 0.00304522
 1767 -0.44 -0.485048 0.0030436
 1768 -0.44 -0.485023 0.00304199
 1769 -0.36 -0.484952 0.00304109
 1770 -0.52 -0.484972 0.00303943
 1771 -0.52 -0.484992 0.00303778
 1772 -0.44 -0.484966 0.00303617
 1773 -0.36 -0.484896 0.00303528
 1774 -0.36 -0.484825 0.00303438
 1775 -0.44 -0.4848 0.00303278
 1776 -0.52 -0.48482 0.00303113
 1777 -0.44 -0.484795 0.00302953
 1778 -0.6 -0.484859 0.00302852
 1779 -0.52 -0.484879 0.00302688
 1780 -0.6 -0.484944 0.00302587
 1781 -0.6 -0.485008 0.00302486
 1782 -0.44 -0.484983 0.00302327
 1783 -0.6 -0.485048 0.00302226
 1784 -0.52 -0.485067 0.00302063
 1785 -0.68 -0.485176 0.00302092
 1786 -0.68 -0.485286 0.00302119
 1787 -0.76 -0.485439 0.00302341
 1788 -0.52 -0.485459 0.00302178
 1789 -0.44 -0.485433 0.0030202
 1790 -0.36 -0.485363 0.00301933
 1791 -0.36 -0.485293 0.00301845
 1792 -0.44 -0.485268 0.00301687
 1793 -0.68 -0.485376 0.00301714
 1794 -0.76 -0.48553 0.00301935
 1795 -0.76 -0.485682 0.00302153
 1796 -0.6 -0.485746 0.00302052
 1797 -0.68 -0.485854 0.00302078
 1798 -0.44 -0.485829 0.0030192
 1799 -0.52 -0.485848 0.00301758
 1800 -0.44 -0.485822 0.00301601
 1801 -0.28 -0.485708 0.00301651
 1802 -0.36 -0.485638 0.00301564
 1803 -0.68 -0.485746 0.00301589
 1804 -0.52 -0.485765 0.00301428
 1805 -0.52 -0.485784 0.00301267
 1806 -0.52 -0.485803 0.00301106
 1807 -0.52 -0.485822 0.00300945
 1808 -0.68 -0.485929 0.0030097
 1809 -0.68 -0.486036 0.00300995
 1810 -0.68 -0.486144 0.0030102
 1811 -0.52 -0.486162 0.00300859
 1812 -0.52 -0.486181 0.00300699
 1813 -0.44 -0.486156 0.00300544
 1814 -0.36 -0.486086 0.00300459
 1815 -0.52 -0.486105 0.00300299
 1816 -0.44 -0.486079 0.00300144
 1817 -0.36 -0.48601 0.00300059
 1818 -0.52 -0.486029 0.002999
 1819 -0.44 -0.486003 0.00299746
 1820 -0.52 -0.486022 0.00299587
 1821 -0.6 -0.486085 0.00299488
 1822 -0.6 -0.486147 0.00299389
 1823 -0.6 -0.48621 0.00299289
 1824 -0.68 -0.486316 0.00299314
 1825 -0.52 -0.486334 0.00299156
 1826 -0.28 -0.486221 0.00299205
 1827 -0.36 -0.486152 0.00299121
 1828 -0.6 -0.486214 0.00299022
 1829 -0.52 -0.486233 0.00298864
 1830 -0.44 -0.486208 0.00298712
 1831 -0.28 -0.486095 0.00298761
 1832 -0.44 -0.48607 0.00298608
 1833 -0.52 -0.486088 0.00298451
 1834 -0.44 -0.486063 0.00298299
 1835 -0.52 -0.486082 0.00298142
 1836 -0.44 -0.486057 0.0029799
 1837 -0.36 -0.485988 0.00297907
 1838 -0.36 -0.485919 0.00297824
 1839 -0.52 -0.485938 0.00297668
 1840 -0.44 -0.485913 0.00297516
 1841 -0.28 -0.485801 0.00297565
 1842 -0.44 -0.485776 0.00297414
 1843 -0.44 -0.485751 0.00297263
 1844 -0.52 -0.48577 0.00297107
 1845 -0.52 -0.485789 0.00296952
 1846 -0.6 -0.48585 0.00296856
 1847 -0.44 -0.485826 0.00296705
 1848 -0.52 -0.485844 0.0029655
 1849 -0.36 -0.485776 0.00296468
 1850 -0.44 -0.485751 0.00296318
 1851 -0.52 -0.48577 0.00296164
 1852 -0.6 -0.485832 0.00296068
 1853 -0.44 -0.485807 0.00295919
 1854 -0.6 -0.485868 0.00295823
 1855 -0.68 -0.485973 0.00295849
 1856 -0.6 -0.486034 0.00295753
 1857 -0.28 -0.485924 0.00295802
 1858 -0.6 -0.485985 0.00295706
 1859 -0.28 -0.485874 0.00295755
 1860 -0.52 -0.485892 0.00295602
 1861 -0.68 -0.485997 0.00295627
 1862 -0.68 -0.486101 0.00295652
 1863 -0.52 -0.486119 0.00295498
 1864 -0.36 -0.486052 0.00295417
 1865 -0.52 -0.48607 0.00295264
 1866 -0.52 -0.486088 0.00295112
 1867 -0.6 -0.486149 0.00295017
 1868 -0.44 -0.486124 0.00294869
 1869 -0.6 -0.486185 0.00294774
 1870 -0.36 -0.486118 0.00294694
 1871 -0.6 -0.486179 0.00294599
 1872 -0.36 -0.486111 0.00294519
 1873 -0.52 -0.486129 0.00294367
 1874 -0.28 -0.486019 0.00294416
 1875 -0.28 -0.485909 0.00294464
 1876 -0.6 -0.48597 0.00294369
 1877 -0.44 -0.485946 0.00294223
 1878 -0.44 -0.485921 0.00294076
 1879 -0.36 -0.485854 0.00293996
 1880 -0.28 -0.485745 0.00294044
 1881 -0.44 -0.48572 0.00293897
 1882 -0.52 -0.485739 0.00293747
 1883 -0.44 -0.485714 0.00293601
 1884 -0.28 -0.485605 0.00293648
 1885 -0.44 -0.485581 0.00293502
 1886 -0.36 -0.485514 0.00293422
 1887 -0.36 -0.485448 0.00293342
 1888 -0.36 -0.485381 0.00293262
 1889 -0.36 -0.485315 0.00293182
 1890 -0.52 -0.485333 0.00293032
 1891 -0.28 -0.485225 0.00293078
 1892 -0.44 -0.485201 0.00292933
 1893 -0.52 -0.485219 0.00292784
 1894 -0.52 -0.485238 0.00292635
 1895 -0.68 -0.48534 0.00292661
 1896 -0.36 -0.485274 0.00292582
 1897 -0.44 -0.48525 0.00292437
 1898 -0.44 -0.485227 0.00292293
 1899 -0.44 -0.485203 0.00292149
 1900 -0.52 -0.485221 0.00292
 1901 -0.36 -0.485155 0.00291921
 1902 -0.52 -0.485174 0.00291773
 1903 -0.52 -0.485192 0.00291626
 1904 -0.44 -0.485168 0.00291482
 1905 -0.2 -0.485018 0.00291714
 1906 -0.44 -0.484995 0.0029157
 1907 -0.6 -0.485055 0.00291479
 1908 -0.52 -0.485073 0.00291332
 1909 -0.44 -0.48505 0.00291189
 1910 -0.28 -0.484942 0.00291235
 1911 -0.44 -0.484919 0.00291092
 1912 -0.6 -0.484979 0.00291002
 1913 -0.44 -0.484956 0.00290859
 1914 -0.52 -0.484974 0.00290713
 1915 -0.52 -0.484992 0.00290567
 1916 -0.36 -0.484927 0.00290488
 1917 -0.44 -0.484903 0.00290346
 1918 -0.28 -0.484797 0.00290391
 1919 -0.6 -0.484857 0.00290302
 1920 -0.52 -0.484875 0.00290157
 1921 -0.44 -0.484852 0.00290015
 1922 -0.6 -0.484912 0.00289926
 1923 -0.6 -0.484971 0.00289837
 1924 -0.36 -0.484906 0.00289759
 1925 -0.52 -0.484925 0.00289614
 1926 -0.44 -0.484901 0.00289473
 1927 -0.52 -0.48492 0.00289329
 1928 -0.44 -0.484896 0.00289188
 1929 -0.44 -0.484873 0.00289047
 1930 -0.44 -0.48485 0.00288907
 1931 -0.6 -0.484909 0.00288819
 1932 -0.44 -0.484886 0.00288679
 1933 -0.36 -0.484822 0.00288602
 1934 -0.6 -0.484881 0.00288514
 1935 -0.6 -0.484941 0.00288426
 1936 -0.36 -0.484876 0.00288349
 1937 -0.52 -0.484894 0.00288206
 1938 -0.52 -0.484912 0.00288063
 1939 -0.36 -0.484848 0.00287987
 1940 -0.44 -0.484825 0.00287847
 1941 -0.52 -0.484843 0.00287705
 1942 -0.44 -0.48482 0.00287566
 1943 -0.2 -0.484673 0.00287791
 1944 -0.36 -0.484609 0.00287715
 1945 -0.44 -0.484586 0.00287576
 1946 -0.36 -0.484522 0.00287499
 1947 -0.36 -0.484458 0.00287423
 1948 -0.76 -0.4846 0.00287623
 1949 -0.6 -0.484659 0.00287537
 1950 -0.52 -0.484677 0.00287395
 1951 -0.52 -0.484695 0.00287253
 1952 -0.6 -0.484754 0.00287167
 1953 -0.6 -0.484813 0.0028708
 1954 -0.52 -0.484831 0.00286939
 1955 -0.68 -0.484931 0.00286966
 1956 -0.52 -0.484949 0.00286825
 1957 -0.6 -0.485008 0.00286738
 1958 -0.6 -0.485066 0.00286652
 1959 -0.76 -0.485207 0.00286849
 1960 -0.52 -0.485224 0.00286708
 1961 -0.36 -0.485161 0.00286633
 1962 -0.6 -0.485219 0.00286547
 1963 -0.68 -0.485318 0.00286573
 1964 -0.68 -0.485418 0.00286598
 1965 -0.52 -0.485435 0.00286458
 1966 -0.44 -0.485412 0.00286321
 1967 -0.36 -0.485348 0.00286247
 1968 -0.36 -0.485285 0.00286172
 1969 -0.44 -0.485262 0.00286036
 1970 -0.36 -0.485198 0.00285962
 1971 -0.44 -0.485175 0.00285826
 1972 -0.2 -0.48503 0.00286046
 1973 -0.28 -0.484927 0.0028609
 1974 -0.28 -0.484823 0.00286134
 1975 -0.36 -0.484759 0.00286059
 1976 -0.44 -0.484737 0.00285923
 1977 -0.6 -0.484795 0.00285838
 1978 -0.52 -0.484813 0.00285699
 1979 -0.76 -0.484952 0.00285893
 1980 -0.44 -0.484929 0.00285757
 1981 -0.44 -0.484907 0.00285622
 1982 -0.52 -0.484924 0.00285483
 1983 -0.44 -0.484902 0.00285348
 1984 -0.36 -0.484839 0.00285274
 1985 -0.44 -0.484816 0.00285139
 1986 -0.44 -0.484794 0.00285004
 1987 -0.68 -0.484892 0.0028503
 1988 -0.68 -0.48499 0.00285056
 1989 -0.52 -0.485008 0.00284918
 1990 -0.28 -0.484905 0.00284961
 1991 -0.52 -0.484922 0.00284823
 1992 -0.6 -0.48498 0.00284739
 1993 -0.44 -0.484957 0.00284605
 1994 -0.6 -0.485015 0.00284521
 1995 -0.68 -0.485113 0.00284546
 1996 -0.76 -0.485251 0.00284736
 1997 -0.52 -0.485268 0.00284599
 1998 -0.52 -0.485285 0.00284462
 1999 -0.36 -0.485223 0.00284389
 2000 -0.44 -0.4852 0.00284256
