 1 0.270459 0.270459 0
 2 0.266156 0.268308 0.00215104
 3 0.273636 0.270084 0.00216735
 4 0.269347 0.2699 0.00154357
 5 0.267906 0.269501 0.00126041
 6 0.270312 0.269636 0.00103796
 7 0.271566 0.269912 0.000919562
 8 0.268448 0.269729 0.000817113
 9 0.266971 0.269422 0.00078305
 10 0.270892 0.269569 0.000715634
 11 0.270375 0.269643 0.000651441
 12 0.271254 0.269777 0.000609665
 13 0.268752 0.269698 0.000566319
 14 0.271199 0.269805 0.000535162
 15 0.267267 0.269636 0.000526171
 16 0.273013 0.269847 0.000535523
 17 0.273235 0.270046 0.000541065
 18 0.265825 0.269812 0.000561447
 19 0.265521 0.269586 0.000577108
 20 0.270761 0.269645 0.000550637
 21 0.271289 0.269723 0.000529578
 22 0.270446 0.269756 0.000506
 23 0.270466 0.269787 0.000484483
 24 0.270679 0.269824 0.000465344
 25 0.277496 0.270131 0.000541655
 26 0.270939 0.270162 0.000521332
 27 0.274991 0.270341 0.00053258
 28 0.27092 0.270361 0.000513625
 29 0.266608 0.270232 0.000512222
 30 0.268856 0.270186 0.000496973
 1 0.267921 0.267921 0
 2 0.270558 0.269239 0.00131815
 3 0.273462 0.270647 0.00159997
 4 0.265863 0.269451 0.00164635
 5 0.272325 0.270026 0.00139883
 6 0.277164 0.271215 0.0016492
 7 0.275707 0.271857 0.00153443
 8 0.266898 0.271237 0.00146631
 9 0.267877 0.270864 0.00134599
 10 0.27339 0.271116 0.00123012
 11 0.277957 0.271738 0.00127466
 12 0.269699 0.271568 0.00117594
 13 0.270418 0.27148 0.00108532
 14 0.276032 0.271805 0.00105611
 15 0.270776 0.271736 0.000985574
 16 0.271882 0.271746 0.000921965
 17 0.264142 0.271298 0.0009747
 18 0.273982 0.271447 0.000930973
 19 0.270094 0.271376 0.000883488
 20 0.2686 0.271237 0.000849567
 21 0.264845 0.270933 0.000863522
 22 0.26529 0.270676 0.000862368
 23 0.269359 0.270619 0.000826009
 24 0.263022 0.270303 0.000851842
 25 0.269752 0.270281 0.000817354
 26 0.268341 0.270206 0.000788823
 27 0.271049 0.270237 0.000759688
 28 0.273305 0.270347 0.000740208
 29 0.272352 0.270416 0.000717568
 30 0.271917 0.270466 0.000695039
